0 558
0 0.9846464668
1 0.0048252201
2 0.0017370726
3 0.0010903563
4 0.0007162164
5 0.0005075637
6 0.0003802072
7 0.0002959791
8 0.0002374843
9 0.0001954858
10 0.0001645075
11 0.0001411182
12 0.0001230911
13 0.0001089383
14 0.0000976391
15 0.0000884776
16 0.0000809414
17 0.0000746582
18 0.0000693532
19 0.0000648211
20 0.0000609067
21 0.0000574916
22 0.0000544840
23 0.0000518129
24 0.0000494219
25 0.0000472667
26 0.0000453116
27 0.0000435279
28 0.0000418920
29 0.0000403848
30 0.0000389902
31 0.0000376952
32 0.0000364884
33 0.0000353604
34 0.0000343032
35 0.0000333098
36 0.0000323742
37 0.0000314912
38 0.0000306563
39 0.0000298655
40 0.0000291151
41 0.0000284021
42 0.0000277236
43 0.0000270771
44 0.0000264604
45 0.0000258713
46 0.0000253080
47 0.0000247689
48 0.0000242524
49 0.0000237570
50 0.0000232816
51 0.0000228248
52 0.0000223857
53 0.0000219632
54 0.0000215563
55 0.0000211643
56 0.0000207862
57 0.0000204215
58 0.0000200693
59 0.0000197291
60 0.0000194003
61 0.0000190822
62 0.0000187744
63 0.0000184763
64 0.0000181876
65 0.0000179078
66 0.0000176364
67 0.0000173732
68 0.0000171177
69 0.0000168695
70 0.0000166285
71 0.0000163943
72 0.0000161666
73 0.0000159451
74 0.0000157296
75 0.0000155199
76 0.0000153156
77 0.0000151167
78 0.0000149229
79 0.0000147340
80 0.0000145498
81 0.0000143701
82 0.0000141949
83 0.0000140238
84 0.0000138569
85 0.0000136938
86 0.0000135346
87 0.0000133790
88 0.0000132269
89 0.0000130783
90 0.0000129330
91 0.0000127908
92 0.0000126518
93 0.0000125157
94 0.0000123826
95 0.0000122522
96 0.0000121246
97 0.0000119996
98 0.0000118771
99 0.0000117571
100 0.0000116395
101 0.0000115243
102 0.0000114113
103 0.0000113005
104 0.0000111918
105 0.0000110852
106 0.0000109806
107 0.0000108780
108 0.0000107772
109 0.0000106783
110 0.0000105812
111 0.0000104859
112 0.0000103923
113 0.0000103003
114 0.0000102099
115 0.0000101211
116 0.0000100339
117 0.0000099481
118 0.0000098638
119 0.0000097809
120 0.0000096993
121 0.0000096192
122 0.0000095403
123 0.0000094627
124 0.0000093864
125 0.0000093113
126 0.0000092374
127 0.0000091646
128 0.0000090930
129 0.0000090225
130 0.0000089531
131 0.0000088848
132 0.0000088174
133 0.0000087511
134 0.0000086858
135 0.0000086214
136 0.0000085580
137 0.0000084956
138 0.0000084340
139 0.0000083733
140 0.0000083135
141 0.0000082545
142 0.0000081964
143 0.0000081390
144 0.0000080825
145 0.0000080267
146 0.0000079718
147 0.0000079175
148 0.0000078640
149 0.0000078112
150 0.0000077591
151 0.0000077077
152 0.0000076570
153 0.0000076070
154 0.0000075575
155 0.0000075088
156 0.0000074606
157 0.0000074131
158 0.0000073662
159 0.0000073198
160 0.0000072741
161 0.0000072289
162 0.0000071842
163 0.0000071402
164 0.0000070966
165 0.0000070536
166 0.0000070111
167 0.0000069691
168 0.0000069276
169 0.0000068866
170 0.0000068461
171 0.0000068060
172 0.0000067665
173 0.0000067273
174 0.0000066886
175 0.0000066504
176 0.0000066126
177 0.0000065752
178 0.0000065383
179 0.0000065018
180 0.0000064656
181 0.0000064299
182 0.0000063946
183 0.0000063596
184 0.0000063250
185 0.0000062908
186 0.0000062570
187 0.0000062235
188 0.0000061904
189 0.0000061577
190 0.0000061252
191 0.0000060931
192 0.0000060614
193 0.0000060300
194 0.0000059989
195 0.0000059681
196 0.0000059377
197 0.0000059075
198 0.0000058777
199 0.0000058481
200 0.0000058189
201 0.0000057899
202 0.0000057612
203 0.0000057328
204 0.0000057047
205 0.0000056769
206 0.0000056493
207 0.0000056220
208 0.0000055950
209 0.0000055682
210 0.0000055417
211 0.0000055154
212 0.0000054894
213 0.0000054636
214 0.0000054381
215 0.0000054128
216 0.0000053877
217 0.0000053628
218 0.0000053382
219 0.0000053138
220 0.0000052897
221 0.0000052657
222 0.0000052420
223 0.0000052185
224 0.0000051952
225 0.0000051721
226 0.0000051492
227 0.0000051265
228 0.0000051040
229 0.0000050817
230 0.0000050596
231 0.0000050377
232 0.0000050160
233 0.0000049944
234 0.0000049731
235 0.0000049519
236 0.0000049309
237 0.0000049101
238 0.0000048894
239 0.0000048690
240 0.0000048487
241 0.0000048286
242 0.0000048086
243 0.0000047888
244 0.0000047692
245 0.0000047497
246 0.0000047304
247 0.0000047112
248 0.0000046922
249 0.0000046733
250 0.0000046546
251 0.0000046361
252 0.0000046177
253 0.0000045994
254 0.0000045813
255 0.0000045633
256 0.0000045455
257 0.0000045278
258 0.0000045102
259 0.0000044928
260 0.0000044755
261 0.0000044584
262 0.0000044413
263 0.0000044244
264 0.0000044077
265 0.0000043910
266 0.0000043745
267 0.0000043581
268 0.0000043418
269 0.0000043257
270 0.0000043097
271 0.0000042938
272 0.0000042780
273 0.0000042623
274 0.0000042467
275 0.0000042313
276 0.0000042159
277 0.0000042007
278 0.0000041856
279 0.0000041706
280 0.0000041556
281 0.0000041409
282 0.0000041262
283 0.0000041116
284 0.0000040971
285 0.0000040827
286 0.0000040684
287 0.0000040542
288 0.0000040401
289 0.0000040262
290 0.0000040123
291 0.0000039985
292 0.0000039848
293 0.0000039711
294 0.0000039576
295 0.0000039442
296 0.0000039309
297 0.0000039176
298 0.0000039045
299 0.0000038914
300 0.0000038784
301 0.0000038655
302 0.0000038527
303 0.0000038400
304 0.0000038273
305 0.0000038148
306 0.0000038023
307 0.0000037899
308 0.0000037776
309 0.0000037654
310 0.0000037532
311 0.0000037411
312 0.0000037291
313 0.0000037172
314 0.0000037054
315 0.0000036936
316 0.0000036819
317 0.0000036703
318 0.0000036587
319 0.0000036472
320 0.0000036358
321 0.0000036245
322 0.0000036132
323 0.0000036020
324 0.0000035909
325 0.0000035798
326 0.0000035689
327 0.0000035579
328 0.0000035471
329 0.0000035363
330 0.0000035256
331 0.0000035149
332 0.0000035043
333 0.0000034938
334 0.0000034833
335 0.0000034729
336 0.0000034625
337 0.0000034522
338 0.0000034420
339 0.0000034319
340 0.0000034218
341 0.0000034117
342 0.0000034017
343 0.0000033918
344 0.0000033819
345 0.0000033721
346 0.0000033624
347 0.0000033527
348 0.0000033430
349 0.0000033334
350 0.0000033239
351 0.0000033144
352 0.0000033050
353 0.0000032956
354 0.0000032863
355 0.0000032770
356 0.0000032678
357 0.0000032586
358 0.0000032495
359 0.0000032405
360 0.0000032315
361 0.0000032225
362 0.0000032136
363 0.0000032047
364 0.0000031959
365 0.0000031871
366 0.0000031784
367 0.0000031697
368 0.0000031611
369 0.0000031525
370 0.0000031440
371 0.0000031355
372 0.0000031271
373 0.0000031187
374 0.0000031103
375 0.0000031020
376 0.0000030938
377 0.0000030856
378 0.0000030774
379 0.0000030693
380 0.0000030612
381 0.0000030531
382 0.0000030451
383 0.0000030372
384 0.0000030292
385 0.0000030214
386 0.0000030135
387 0.0000030057
388 0.0000029980
389 0.0000029903
390 0.0000029826
391 0.0000029749
392 0.0000029673
393 0.0000029598
394 0.0000029522
395 0.0000029448
396 0.0000029373
397 0.0000029299
398 0.0000029225
399 0.0000029152
400 0.0000029079
401 0.0000029006
402 0.0000028934
403 0.0000028862
404 0.0000028791
405 0.0000028719
406 0.0000028649
407 0.0000028578
408 0.0000028508
409 0.0000028438
410 0.0000028369
411 0.0000028299
412 0.0000028231
413 0.0000028162
414 0.0000028094
415 0.0000028026
416 0.0000027959
417 0.0000027892
418 0.0000027825
419 0.0000027758
420 0.0000027692
421 0.0000027626
422 0.0000027561
423 0.0000027495
424 0.0000027430
425 0.0000027366
426 0.0000027301
427 0.0000027237
428 0.0000027173
429 0.0000027110
430 0.0000027047
431 0.0000026984
432 0.0000026921
433 0.0000026859
434 0.0000026797
435 0.0000026735
436 0.0000026674
437 0.0000026613
438 0.0000026552
439 0.0000026491
440 0.0000026431
441 0.0000026371
442 0.0000026311
443 0.0000026251
444 0.0000026192
445 0.0000026133
446 0.0000026075
447 0.0000026016
448 0.0000025958
449 0.0000025900
450 0.0000025842
451 0.0000025785
452 0.0000025728
453 0.0000025671
454 0.0000025614
455 0.0000025558
456 0.0000025501
457 0.0000025445
458 0.0000025390
459 0.0000025334
460 0.0000025279
461 0.0000025224
462 0.0000025169
463 0.0000025115
464 0.0000025061
465 0.0000025007
466 0.0000024953
467 0.0000024899
468 0.0000024846
469 0.0000024793
470 0.0000024740
471 0.0000024687
472 0.0000024635
473 0.0000024583
474 0.0000024531
475 0.0000024479
476 0.0000024427
477 0.0000024376
478 0.0000024325
479 0.0000024274
480 0.0000024223
481 0.0000024173
482 0.0000024122
483 0.0000024072
484 0.0000024022
485 0.0000023973
486 0.0000023923
487 0.0000023874
488 0.0000023825
489 0.0000023776
490 0.0000023727
491 0.0000023679
492 0.0000023631
493 0.0000023582
494 0.0000023535
495 0.0000023487
496 0.0000023439
497 0.0000023392
498 0.0000023345
499 0.0000023298
500 0.0000023251
501 0.0000023205
502 0.0000023158
503 0.0000023112
504 0.0000023066
505 0.0000023020
506 0.0000022975
507 0.0000022929
508 0.0000022884
509 0.0000022839
510 0.0000022794
511 0.0000022749
512 0.0000022704
513 0.0000022660
514 0.0000022616
515 0.0000022572
516 0.0000022528
517 0.0000022484
518 0.0000022440
519 0.0000022397
520 0.0000022354
521 0.0000022311
522 0.0000022268
523 0.0000022225
524 0.0000022182
525 0.0000022140
526 0.0000022098
527 0.0000022056
528 0.0000022014
529 0.0000021972
530 0.0000021930
531 0.0000021889
532 0.0000021847
533 0.0000021806
534 0.0000021765
535 0.0000021724
536 0.0000021684
537 0.0000021643
538 0.0000021603
539 0.0000021562
540 0.0000021522
541 0.0000021482
542 0.0000021442
543 0.0000021403
544 0.0000021363
545 0.0000021324
546 0.0000021285
547 0.0000021246
548 0.0000021207
549 0.0000021168
550 0.0000021129
551 0.0000021090
552 0.0000021052
553 0.0000021014
554 0.0000020976
555 0.0000020938
556 0.0000020900
557 0.0000020862
558 0.0000020824
