1 288
0 0.9820111914
1 0.0046181298
2 0.0018921074
3 0.0012935431
4 0.0009347336
5 0.0007234700
6 0.0005859148
7 0.0004886848
8 0.0004164310
9 0.0003608587
10 0.0003169519
11 0.0002814936
12 0.0002523368
13 0.0002279979
14 0.0002074204
15 0.0001898315
16 0.0001746533
17 0.0001614450
18 0.0001498650
19 0.0001396445
20 0.0001305695
21 0.0001224674
22 0.0001151978
23 0.0001086450
24 0.0001027135
25 0.0000973234
26 0.0000924074
27 0.0000879087
28 0.0000837789
29 0.0000799764
30 0.0000764656
31 0.0000732158
32 0.0000702000
33 0.0000673949
34 0.0000647801
35 0.0000623376
36 0.0000600515
37 0.0000579079
38 0.0000558943
39 0.0000539996
40 0.0000522140
41 0.0000505286
42 0.0000489355
43 0.0000474274
44 0.0000459981
45 0.0000446416
46 0.0000433527
47 0.0000421267
48 0.0000409591
49 0.0000398460
50 0.0000387837
51 0.0000377691
52 0.0000367990
53 0.0000358706
54 0.0000349814
55 0.0000341291
56 0.0000333115
57 0.0000325264
58 0.0000317722
59 0.0000310471
60 0.0000303495
61 0.0000296778
62 0.0000290308
63 0.0000284072
64 0.0000278057
65 0.0000272252
66 0.0000266647
67 0.0000261232
68 0.0000255999
69 0.0000250938
70 0.0000246041
71 0.0000241301
72 0.0000236711
73 0.0000232264
74 0.0000227954
75 0.0000223775
76 0.0000219721
77 0.0000215787
78 0.0000211968
79 0.0000208260
80 0.0000204657
81 0.0000201156
82 0.0000197752
83 0.0000194443
84 0.0000191223
85 0.0000188090
86 0.0000185041
87 0.0000182072
88 0.0000179180
89 0.0000176363
90 0.0000173618
91 0.0000170942
92 0.0000168333
93 0.0000165788
94 0.0000163306
95 0.0000160884
96 0.0000158521
97 0.0000156213
98 0.0000153960
99 0.0000151760
100 0.0000149610
101 0.0000147510
102 0.0000145457
103 0.0000143450
104 0.0000141489
105 0.0000139570
106 0.0000137694
107 0.0000135858
108 0.0000134062
109 0.0000132304
110 0.0000130584
111 0.0000128899
112 0.0000127250
113 0.0000125634
114 0.0000124052
115 0.0000122502
116 0.0000120983
117 0.0000119495
118 0.0000118036
119 0.0000116605
120 0.0000115203
121 0.0000113828
122 0.0000112479
123 0.0000111156
124 0.0000109858
125 0.0000108585
126 0.0000107335
127 0.0000106109
128 0.0000104905
129 0.0000103723
130 0.0000102562
131 0.0000101422
132 0.0000100303
133 0.0000099204
134 0.0000098124
135 0.0000097062
136 0.0000096020
137 0.0000094995
138 0.0000093988
139 0.0000092998
140 0.0000092025
141 0.0000091068
142 0.0000090128
143 0.0000089202
144 0.0000088292
145 0.0000087397
146 0.0000086517
147 0.0000085651
148 0.0000084799
149 0.0000083960
150 0.0000083135
151 0.0000082322
152 0.0000081523
153 0.0000080736
154 0.0000079961
155 0.0000079198
156 0.0000078447
157 0.0000077707
158 0.0000076978
159 0.0000076260
160 0.0000075553
161 0.0000074857
162 0.0000074171
163 0.0000073495
164 0.0000072829
165 0.0000072172
166 0.0000071525
167 0.0000070887
168 0.0000070259
169 0.0000069639
170 0.0000069028
171 0.0000068425
172 0.0000067831
173 0.0000067246
174 0.0000066668
175 0.0000066098
176 0.0000065536
177 0.0000064982
178 0.0000064435
179 0.0000063896
180 0.0000063364
181 0.0000062839
182 0.0000062321
183 0.0000061809
184 0.0000061304
185 0.0000060806
186 0.0000060315
187 0.0000059830
188 0.0000059350
189 0.0000058878
190 0.0000058411
191 0.0000057950
192 0.0000057494
193 0.0000057045
194 0.0000056601
195 0.0000056162
196 0.0000055729
197 0.0000055302
198 0.0000054879
199 0.0000054462
200 0.0000054049
201 0.0000053642
202 0.0000053240
203 0.0000052842
204 0.0000052449
205 0.0000052060
206 0.0000051677
207 0.0000051297
208 0.0000050922
209 0.0000050552
210 0.0000050185
211 0.0000049823
212 0.0000049465
213 0.0000049111
214 0.0000048761
215 0.0000048415
216 0.0000048073
217 0.0000047734
218 0.0000047400
219 0.0000047069
220 0.0000046741
221 0.0000046417
222 0.0000046097
223 0.0000045780
224 0.0000045467
225 0.0000045157
226 0.0000044850
227 0.0000044546
228 0.0000044246
229 0.0000043948
230 0.0000043654
231 0.0000043363
232 0.0000043075
233 0.0000042789
234 0.0000042507
235 0.0000042227
236 0.0000041950
237 0.0000041676
238 0.0000041405
239 0.0000041136
240 0.0000040870
241 0.0000040607
242 0.0000040346
243 0.0000040087
244 0.0000039831
245 0.0000039577
246 0.0000039325
247 0.0000039076
248 0.0000038829
249 0.0000038585
250 0.0000038342
251 0.0000038101
252 0.0000037863
253 0.0000037627
254 0.0000037392
255 0.0000037159
256 0.0000036929
257 0.0000036699
258 0.0000036472
259 0.0000036246
260 0.0000036022
261 0.0000035800
262 0.0000035578
263 0.0000035358
264 0.0000035140
265 0.0000034922
266 0.0000034705
267 0.0000034489
268 0.0000034274
269 0.0000034059
270 0.0000033844
271 0.0000033630
272 0.0000033414
273 0.0000033198
274 0.0000032980
275 0.0000032760
276 0.0000032537
277 0.0000032309
278 0.0000032075
279 0.0000031832
280 0.0000031576
281 0.0000031301
282 0.0000030997
283 0.0000030643
284 0.0000030205
285 0.0000029615
286 0.0000028570
287 0.0000025353
288 0.0000000000
