1 288
0 0.9651904205
1 0.0096707044
2 0.0036593890
3 0.0024051316
4 0.0016828166
5 0.0012769254
6 0.0010238549
7 0.0008509705
8 0.0007257387
9 0.0006311720
10 0.0005573580
11 0.0004981605
12 0.0004496218
13 0.0004090932
14 0.0003747406
15 0.0003452547
16 0.0003196750
17 0.0002972806
18 0.0002775189
19 0.0002599594
20 0.0002442605
21 0.0002301485
22 0.0002174004
23 0.0002058332
24 0.0001952951
25 0.0001856590
26 0.0001768178
27 0.0001686804
28 0.0001611691
29 0.0001542170
30 0.0001477662
31 0.0001417666
32 0.0001361743
33 0.0001309509
34 0.0001260626
35 0.0001214795
36 0.0001171750
37 0.0001131257
38 0.0001093105
39 0.0001057106
40 0.0001023090
41 0.0000990906
42 0.0000960417
43 0.0000931497
44 0.0000904035
45 0.0000877929
46 0.0000853084
47 0.0000829417
48 0.0000806849
49 0.0000785310
50 0.0000764733
51 0.0000745060
52 0.0000726234
53 0.0000708206
54 0.0000690927
55 0.0000674355
56 0.0000658449
57 0.0000643171
58 0.0000628488
59 0.0000614367
60 0.0000600778
61 0.0000587692
62 0.0000575085
63 0.0000562931
64 0.0000551208
65 0.0000539895
66 0.0000528971
67 0.0000518417
68 0.0000508217
69 0.0000498354
70 0.0000488812
71 0.0000479577
72 0.0000470634
73 0.0000461972
74 0.0000453577
75 0.0000445438
76 0.0000437545
77 0.0000429886
78 0.0000422452
79 0.0000415234
80 0.0000408224
81 0.0000401412
82 0.0000394791
83 0.0000388354
84 0.0000382093
85 0.0000376001
86 0.0000370073
87 0.0000364302
88 0.0000358682
89 0.0000353207
90 0.0000347873
91 0.0000342675
92 0.0000337607
93 0.0000332665
94 0.0000327845
95 0.0000323142
96 0.0000318552
97 0.0000314072
98 0.0000309698
99 0.0000305427
100 0.0000301254
101 0.0000297178
102 0.0000293194
103 0.0000289300
104 0.0000285493
105 0.0000281770
106 0.0000278129
107 0.0000274567
108 0.0000271082
109 0.0000267671
110 0.0000264332
111 0.0000261064
112 0.0000257863
113 0.0000254729
114 0.0000251658
115 0.0000248650
116 0.0000245702
117 0.0000242814
118 0.0000239982
119 0.0000237206
120 0.0000234484
121 0.0000231814
122 0.0000229196
123 0.0000226627
124 0.0000224107
125 0.0000221634
126 0.0000219207
127 0.0000216824
128 0.0000214485
129 0.0000212189
130 0.0000209934
131 0.0000207719
132 0.0000205544
133 0.0000203407
134 0.0000201307
135 0.0000199244
136 0.0000197217
137 0.0000195224
138 0.0000193265
139 0.0000191339
140 0.0000189445
141 0.0000187583
142 0.0000185752
143 0.0000183951
144 0.0000182179
145 0.0000180436
146 0.0000178721
147 0.0000177033
148 0.0000175372
149 0.0000173738
150 0.0000172129
151 0.0000170545
152 0.0000168985
153 0.0000167450
154 0.0000165938
155 0.0000164449
156 0.0000162982
157 0.0000161538
158 0.0000160115
159 0.0000158713
160 0.0000157332
161 0.0000155971
162 0.0000154629
163 0.0000153307
164 0.0000152004
165 0.0000150720
166 0.0000149454
167 0.0000148206
168 0.0000146975
169 0.0000145762
170 0.0000144565
171 0.0000143385
172 0.0000142221
173 0.0000141073
174 0.0000139940
175 0.0000138823
176 0.0000137720
177 0.0000136633
178 0.0000135559
179 0.0000134500
180 0.0000133455
181 0.0000132423
182 0.0000131405
183 0.0000130400
184 0.0000129408
185 0.0000128428
186 0.0000127461
187 0.0000126506
188 0.0000125563
189 0.0000124632
190 0.0000123712
191 0.0000122804
192 0.0000121906
193 0.0000121020
194 0.0000120145
195 0.0000119280
196 0.0000118425
197 0.0000117581
198 0.0000116747
199 0.0000115923
200 0.0000115108
201 0.0000114303
202 0.0000113507
203 0.0000112721
204 0.0000111943
205 0.0000111175
206 0.0000110415
207 0.0000109664
208 0.0000108921
209 0.0000108187
210 0.0000107461
211 0.0000106743
212 0.0000106033
213 0.0000105331
214 0.0000104636
215 0.0000103949
216 0.0000103269
217 0.0000102597
218 0.0000101932
219 0.0000101274
220 0.0000100623
221 0.0000099979
222 0.0000099342
223 0.0000098711
224 0.0000098087
225 0.0000097469
226 0.0000096857
227 0.0000096252
228 0.0000095653
229 0.0000095060
230 0.0000094473
231 0.0000093891
232 0.0000093316
233 0.0000092746
234 0.0000092181
235 0.0000091622
236 0.0000091069
237 0.0000090520
238 0.0000089977
239 0.0000089439
240 0.0000088906
241 0.0000088378
242 0.0000087854
243 0.0000087335
244 0.0000086821
245 0.0000086312
246 0.0000085807
247 0.0000085306
248 0.0000084809
249 0.0000084317
250 0.0000083828
251 0.0000083344
252 0.0000082863
253 0.0000082386
254 0.0000081913
255 0.0000081443
256 0.0000080976
257 0.0000080513
258 0.0000080052
259 0.0000079595
260 0.0000079140
261 0.0000078687
262 0.0000078237
263 0.0000077789
264 0.0000077342
265 0.0000076897
266 0.0000076453
267 0.0000076009
268 0.0000075565
269 0.0000075121
270 0.0000074675
271 0.0000074228
272 0.0000073776
273 0.0000073321
274 0.0000072859
275 0.0000072388
276 0.0000071905
277 0.0000071408
278 0.0000070889
279 0.0000070343
280 0.0000069758
281 0.0000069118
282 0.0000068398
283 0.0000067552
284 0.0000066497
285 0.0000065083
286 0.0000062651
287 0.0000055475
288 0.0000000000
