1 316
0 0.9933503498
1 0.0028849458
2 0.0007408664
3 0.0004306993
4 0.0002754592
5 0.0001962243
6 0.0001502854
7 0.0001206400
8 0.0001001303
9 0.0000852203
10 0.0000739481
11 0.0000651503
12 0.0000581028
13 0.0000523361
14 0.0000475337
15 0.0000434755
16 0.0000400032
17 0.0000370008
18 0.0000343806
19 0.0000320758
20 0.0000300340
21 0.0000282138
22 0.0000265820
23 0.0000251117
24 0.0000237808
25 0.0000225711
26 0.0000214671
27 0.0000204562
28 0.0000195274
29 0.0000186714
30 0.0000178804
31 0.0000171473
32 0.0000164665
33 0.0000158325
34 0.0000152410
35 0.0000146879
36 0.0000141698
37 0.0000136835
38 0.0000132264
39 0.0000127959
40 0.0000123899
41 0.0000120065
42 0.0000116438
43 0.0000113003
44 0.0000109746
45 0.0000106654
46 0.0000103714
47 0.0000100917
48 0.0000098252
49 0.0000095711
50 0.0000093286
51 0.0000090969
52 0.0000088753
53 0.0000086632
54 0.0000084601
55 0.0000082654
56 0.0000080785
57 0.0000078992
58 0.0000077268
59 0.0000075611
60 0.0000074017
61 0.0000072482
62 0.0000071004
63 0.0000069579
64 0.0000068204
65 0.0000066878
66 0.0000065597
67 0.0000064360
68 0.0000063164
69 0.0000062007
70 0.0000060888
71 0.0000059805
72 0.0000058756
73 0.0000057740
74 0.0000056754
75 0.0000055799
76 0.0000054872
77 0.0000053973
78 0.0000053100
79 0.0000052252
80 0.0000051427
81 0.0000050626
82 0.0000049848
83 0.0000049090
84 0.0000048353
85 0.0000047636
86 0.0000046937
87 0.0000046257
88 0.0000045595
89 0.0000044949
90 0.0000044319
91 0.0000043706
92 0.0000043107
93 0.0000042523
94 0.0000041953
95 0.0000041397
96 0.0000040854
97 0.0000040323
98 0.0000039805
99 0.0000039299
100 0.0000038804
101 0.0000038320
102 0.0000037847
103 0.0000037384
104 0.0000036932
105 0.0000036489
106 0.0000036056
107 0.0000035632
108 0.0000035217
109 0.0000034810
110 0.0000034412
111 0.0000034022
112 0.0000033640
113 0.0000033265
114 0.0000032898
115 0.0000032538
116 0.0000032186
117 0.0000031840
118 0.0000031500
119 0.0000031168
120 0.0000030841
121 0.0000030520
122 0.0000030206
123 0.0000029897
124 0.0000029594
125 0.0000029297
126 0.0000029004
127 0.0000028717
128 0.0000028435
129 0.0000028158
130 0.0000027886
131 0.0000027618
132 0.0000027356
133 0.0000027097
134 0.0000026843
135 0.0000026593
136 0.0000026347
137 0.0000026106
138 0.0000025868
139 0.0000025634
140 0.0000025404
141 0.0000025178
142 0.0000024955
143 0.0000024736
144 0.0000024520
145 0.0000024308
146 0.0000024099
147 0.0000023893
148 0.0000023690
149 0.0000023490
150 0.0000023294
151 0.0000023100
152 0.0000022909
153 0.0000022721
154 0.0000022536
155 0.0000022353
156 0.0000022173
157 0.0000021996
158 0.0000021821
159 0.0000021649
160 0.0000021479
161 0.0000021312
162 0.0000021146
163 0.0000020983
164 0.0000020823
165 0.0000020664
166 0.0000020508
167 0.0000020354
168 0.0000020202
169 0.0000020052
170 0.0000019904
171 0.0000019757
172 0.0000019613
173 0.0000019471
174 0.0000019330
175 0.0000019192
176 0.0000019055
177 0.0000018920
178 0.0000018786
179 0.0000018654
180 0.0000018524
181 0.0000018396
182 0.0000018269
183 0.0000018143
184 0.0000018020
185 0.0000017897
186 0.0000017777
187 0.0000017657
188 0.0000017539
189 0.0000017423
190 0.0000017308
191 0.0000017194
192 0.0000017081
193 0.0000016970
194 0.0000016860
195 0.0000016752
196 0.0000016644
197 0.0000016538
198 0.0000016433
199 0.0000016329
200 0.0000016227
201 0.0000016125
202 0.0000016025
203 0.0000015926
204 0.0000015828
205 0.0000015731
206 0.0000015635
207 0.0000015540
208 0.0000015446
209 0.0000015353
210 0.0000015261
211 0.0000015170
212 0.0000015080
213 0.0000014991
214 0.0000014903
215 0.0000014816
216 0.0000014730
217 0.0000014644
218 0.0000014560
219 0.0000014476
220 0.0000014393
221 0.0000014311
222 0.0000014230
223 0.0000014150
224 0.0000014071
225 0.0000013992
226 0.0000013914
227 0.0000013837
228 0.0000013760
229 0.0000013684
230 0.0000013610
231 0.0000013535
232 0.0000013462
233 0.0000013389
234 0.0000013317
235 0.0000013245
236 0.0000013174
237 0.0000013104
238 0.0000013035
239 0.0000012966
240 0.0000012898
241 0.0000012830
242 0.0000012763
243 0.0000012697
244 0.0000012631
245 0.0000012566
246 0.0000012501
247 0.0000012437
248 0.0000012374
249 0.0000012311
250 0.0000012249
251 0.0000012187
252 0.0000012125
253 0.0000012065
254 0.0000012004
255 0.0000011945
256 0.0000011885
257 0.0000011827
258 0.0000011768
259 0.0000011710
260 0.0000011653
261 0.0000011596
262 0.0000011540
263 0.0000011484
264 0.0000011428
265 0.0000011373
266 0.0000011319
267 0.0000011264
268 0.0000011210
269 0.0000011157
270 0.0000011104
271 0.0000011051
272 0.0000010999
273 0.0000010947
274 0.0000010895
275 0.0000010844
276 0.0000010793
277 0.0000010742
278 0.0000010692
279 0.0000010642
280 0.0000010593
281 0.0000010543
282 0.0000010494
283 0.0000010445
284 0.0000010396
285 0.0000010348
286 0.0000010300
287 0.0000010252
288 0.0000010204
289 0.0000010156
290 0.0000010108
291 0.0000010061
292 0.0000010013
293 0.0000009966
294 0.0000009918
295 0.0000009870
296 0.0000009822
297 0.0000009774
298 0.0000009725
299 0.0000009676
300 0.0000009626
301 0.0000009576
302 0.0000009524
303 0.0000009471
304 0.0000009415
305 0.0000009358
306 0.0000009297
307 0.0000009232
308 0.0000009162
309 0.0000009083
310 0.0000008993
311 0.0000008886
312 0.0000008750
313 0.0000008565
314 0.0000008245
315 0.0000007300
316 0.0000000000
