1 2000
0 0.9913096407
1 0.0023599988
2 0.0009786539
3 0.0006749302
4 0.0004918767
5 0.0003834590
6 0.0003124139
7 0.0002618402
8 0.0002239695
9 0.0001946077
10 0.0001712177
11 0.0001521704
12 0.0001363770
13 0.0001230840
14 0.0001117540
15 0.0001019928
16 0.0000935049
17 0.0000860646
18 0.0000794961
19 0.0000736607
20 0.0000684475
21 0.0000637667
22 0.0000595448
23 0.0000557212
24 0.0000522455
25 0.0000490751
26 0.0000461741
27 0.0000435121
28 0.0000410629
29 0.0000388039
30 0.0000367156
31 0.0000347810
32 0.0000329852
33 0.0000313152
34 0.0000297594
35 0.0000283078
36 0.0000269512
37 0.0000256816
38 0.0000244918
39 0.0000233754
40 0.0000223265
41 0.0000213399
42 0.0000204109
43 0.0000195353
44 0.0000187091
45 0.0000179288
46 0.0000171912
47 0.0000164934
48 0.0000158327
49 0.0000152065
50 0.0000146127
51 0.0000140491
52 0.0000135139
53 0.0000130053
54 0.0000125217
55 0.0000120614
56 0.0000116232
57 0.0000112058
58 0.0000108078
59 0.0000104283
60 0.0000100662
61 0.0000097205
62 0.0000093903
63 0.0000090747
64 0.0000087730
65 0.0000084844
66 0.0000082083
67 0.0000079439
68 0.0000076908
69 0.0000074482
70 0.0000072157
71 0.0000069928
72 0.0000067790
73 0.0000065738
74 0.0000063769
75 0.0000061878
76 0.0000060062
77 0.0000058317
78 0.0000056640
79 0.0000055027
80 0.0000053477
81 0.0000051985
82 0.0000050549
83 0.0000049167
84 0.0000047836
85 0.0000046554
86 0.0000045319
87 0.0000044129
88 0.0000042982
89 0.0000041876
90 0.0000040809
91 0.0000039780
92 0.0000038787
93 0.0000037829
94 0.0000036903
95 0.0000036010
96 0.0000035147
97 0.0000034313
98 0.0000033507
99 0.0000032729
100 0.0000031976
101 0.0000031248
102 0.0000030543
103 0.0000029862
104 0.0000029203
105 0.0000028565
106 0.0000027947
107 0.0000027349
108 0.0000026770
109 0.0000026209
110 0.0000025666
111 0.0000025139
112 0.0000024628
113 0.0000024134
114 0.0000023654
115 0.0000023188
116 0.0000022737
117 0.0000022298
118 0.0000021873
119 0.0000021461
120 0.0000021060
121 0.0000020671
122 0.0000020293
123 0.0000019926
124 0.0000019570
125 0.0000019223
126 0.0000018886
127 0.0000018559
128 0.0000018241
129 0.0000017931
130 0.0000017630
131 0.0000017337
132 0.0000017052
133 0.0000016775
134 0.0000016505
135 0.0000016242
136 0.0000015986
137 0.0000015737
138 0.0000015494
139 0.0000015258
140 0.0000015027
141 0.0000014802
142 0.0000014583
143 0.0000014370
144 0.0000014162
145 0.0000013959
146 0.0000013761
147 0.0000013567
148 0.0000013379
149 0.0000013195
150 0.0000013015
151 0.0000012840
152 0.0000012669
153 0.0000012501
154 0.0000012338
155 0.0000012178
156 0.0000012022
157 0.0000011870
158 0.0000011721
159 0.0000011575
160 0.0000011433
161 0.0000011293
162 0.0000011157
163 0.0000011024
164 0.0000010893
165 0.0000010766
166 0.0000010641
167 0.0000010518
168 0.0000010398
169 0.0000010281
170 0.0000010166
171 0.0000010054
172 0.0000009944
173 0.0000009835
174 0.0000009730
175 0.0000009626
176 0.0000009524
177 0.0000009424
178 0.0000009326
179 0.0000009231
180 0.0000009136
181 0.0000009044
182 0.0000008953
183 0.0000008865
184 0.0000008777
185 0.0000008692
186 0.0000008607
187 0.0000008525
188 0.0000008444
189 0.0000008364
190 0.0000008286
191 0.0000008209
192 0.0000008133
193 0.0000008059
194 0.0000007986
195 0.0000007914
196 0.0000007843
197 0.0000007774
198 0.0000007706
199 0.0000007639
200 0.0000007573
201 0.0000007508
202 0.0000007444
203 0.0000007381
204 0.0000007319
205 0.0000007258
206 0.0000007198
207 0.0000007139
208 0.0000007080
209 0.0000007023
210 0.0000006967
211 0.0000006911
212 0.0000006856
213 0.0000006802
214 0.0000006749
215 0.0000006697
216 0.0000006645
217 0.0000006594
218 0.0000006544
219 0.0000006494
220 0.0000006445
221 0.0000006397
222 0.0000006350
223 0.0000006303
224 0.0000006257
225 0.0000006211
226 0.0000006166
227 0.0000006121
228 0.0000006078
229 0.0000006034
230 0.0000005992
231 0.0000005949
232 0.0000005908
233 0.0000005867
234 0.0000005826
235 0.0000005786
236 0.0000005746
237 0.0000005707
238 0.0000005669
239 0.0000005631
240 0.0000005593
241 0.0000005556
242 0.0000005519
243 0.0000005482
244 0.0000005446
245 0.0000005411
246 0.0000005376
247 0.0000005341
248 0.0000005307
249 0.0000005273
250 0.0000005239
251 0.0000005206
252 0.0000005173
253 0.0000005141
254 0.0000005108
255 0.0000005077
256 0.0000005045
257 0.0000005014
258 0.0000004983
259 0.0000004953
260 0.0000004923
261 0.0000004893
262 0.0000004863
263 0.0000004834
264 0.0000004805
265 0.0000004777
266 0.0000004748
267 0.0000004720
268 0.0000004692
269 0.0000004665
270 0.0000004638
271 0.0000004611
272 0.0000004584
273 0.0000004557
274 0.0000004531
275 0.0000004505
276 0.0000004480
277 0.0000004454
278 0.0000004429
279 0.0000004404
280 0.0000004379
281 0.0000004355
282 0.0000004330
283 0.0000004306
284 0.0000004283
285 0.0000004259
286 0.0000004236
287 0.0000004212
288 0.0000004189
289 0.0000004166
290 0.0000004144
291 0.0000004121
292 0.0000004099
293 0.0000004077
294 0.0000004055
295 0.0000004034
296 0.0000004012
297 0.0000003991
298 0.0000003970
299 0.0000003949
300 0.0000003928
301 0.0000003908
302 0.0000003887
303 0.0000003867
304 0.0000003847
305 0.0000003827
306 0.0000003808
307 0.0000003788
308 0.0000003769
309 0.0000003749
310 0.0000003730
311 0.0000003711
312 0.0000003692
313 0.0000003674
314 0.0000003655
315 0.0000003637
316 0.0000003619
317 0.0000003601
318 0.0000003583
319 0.0000003565
320 0.0000003547
321 0.0000003530
322 0.0000003512
323 0.0000003495
324 0.0000003478
325 0.0000003461
326 0.0000003444
327 0.0000003427
328 0.0000003411
329 0.0000003394
330 0.0000003378
331 0.0000003362
332 0.0000003346
333 0.0000003330
334 0.0000003314
335 0.0000003298
336 0.0000003282
337 0.0000003267
338 0.0000003251
339 0.0000003236
340 0.0000003221
341 0.0000003206
342 0.0000003191
343 0.0000003176
344 0.0000003161
345 0.0000003146
346 0.0000003132
347 0.0000003117
348 0.0000003103
349 0.0000003089
350 0.0000003074
351 0.0000003060
352 0.0000003046
353 0.0000003032
354 0.0000003019
355 0.0000003005
356 0.0000002991
357 0.0000002978
358 0.0000002964
359 0.0000002951
360 0.0000002938
361 0.0000002925
362 0.0000002912
363 0.0000002899
364 0.0000002886
365 0.0000002873
366 0.0000002860
367 0.0000002847
368 0.0000002835
369 0.0000002822
370 0.0000002810
371 0.0000002798
372 0.0000002785
373 0.0000002773
374 0.0000002761
375 0.0000002749
376 0.0000002737
377 0.0000002725
378 0.0000002714
379 0.0000002702
380 0.0000002690
381 0.0000002679
382 0.0000002667
383 0.0000002656
384 0.0000002645
385 0.0000002633
386 0.0000002622
387 0.0000002611
388 0.0000002600
389 0.0000002589
390 0.0000002578
391 0.0000002567
392 0.0000002556
393 0.0000002546
394 0.0000002535
395 0.0000002525
396 0.0000002514
397 0.0000002504
398 0.0000002493
399 0.0000002483
400 0.0000002473
401 0.0000002462
402 0.0000002452
403 0.0000002442
404 0.0000002432
405 0.0000002422
406 0.0000002412
407 0.0000002402
408 0.0000002393
409 0.0000002383
410 0.0000002373
411 0.0000002364
412 0.0000002354
413 0.0000002345
414 0.0000002335
415 0.0000002326
416 0.0000002316
417 0.0000002307
418 0.0000002298
419 0.0000002289
420 0.0000002280
421 0.0000002270
422 0.0000002261
423 0.0000002252
424 0.0000002244
425 0.0000002235
426 0.0000002226
427 0.0000002217
428 0.0000002208
429 0.0000002200
430 0.0000002191
431 0.0000002183
432 0.0000002174
433 0.0000002166
434 0.0000002157
435 0.0000002149
436 0.0000002141
437 0.0000002132
438 0.0000002124
439 0.0000002116
440 0.0000002108
441 0.0000002100
442 0.0000002091
443 0.0000002083
444 0.0000002076
445 0.0000002068
446 0.0000002060
447 0.0000002052
448 0.0000002044
449 0.0000002036
450 0.0000002029
451 0.0000002021
452 0.0000002013
453 0.0000002006
454 0.0000001998
455 0.0000001991
456 0.0000001983
457 0.0000001976
458 0.0000001968
459 0.0000001961
460 0.0000001954
461 0.0000001947
462 0.0000001939
463 0.0000001932
464 0.0000001925
465 0.0000001918
466 0.0000001911
467 0.0000001904
468 0.0000001897
469 0.0000001890
470 0.0000001883
471 0.0000001876
472 0.0000001869
473 0.0000001862
474 0.0000001856
475 0.0000001849
476 0.0000001842
477 0.0000001835
478 0.0000001829
479 0.0000001822
480 0.0000001816
481 0.0000001809
482 0.0000001803
483 0.0000001796
484 0.0000001790
485 0.0000001783
486 0.0000001777
487 0.0000001771
488 0.0000001764
489 0.0000001758
490 0.0000001752
491 0.0000001745
492 0.0000001739
493 0.0000001733
494 0.0000001727
495 0.0000001721
496 0.0000001715
497 0.0000001709
498 0.0000001703
499 0.0000001697
500 0.0000001691
501 0.0000001685
502 0.0000001679
503 0.0000001673
504 0.0000001667
505 0.0000001662
506 0.0000001656
507 0.0000001650
508 0.0000001644
509 0.0000001639
510 0.0000001633
511 0.0000001627
512 0.0000001622
513 0.0000001616
514 0.0000001611
515 0.0000001605
516 0.0000001600
517 0.0000001594
518 0.0000001589
519 0.0000001583
520 0.0000001578
521 0.0000001573
522 0.0000001567
523 0.0000001562
524 0.0000001557
525 0.0000001552
526 0.0000001546
527 0.0000001541
528 0.0000001536
529 0.0000001531
530 0.0000001526
531 0.0000001521
532 0.0000001515
533 0.0000001510
534 0.0000001505
535 0.0000001500
536 0.0000001495
537 0.0000001490
538 0.0000001485
539 0.0000001481
540 0.0000001476
541 0.0000001471
542 0.0000001466
543 0.0000001461
544 0.0000001456
545 0.0000001452
546 0.0000001447
547 0.0000001442
548 0.0000001437
549 0.0000001433
550 0.0000001428
551 0.0000001423
552 0.0000001419
553 0.0000001414
554 0.0000001409
555 0.0000001405
556 0.0000001400
557 0.0000001396
558 0.0000001391
559 0.0000001387
560 0.0000001382
561 0.0000001378
562 0.0000001374
563 0.0000001369
564 0.0000001365
565 0.0000001360
566 0.0000001356
567 0.0000001352
568 0.0000001347
569 0.0000001343
570 0.0000001339
571 0.0000001335
572 0.0000001330
573 0.0000001326
574 0.0000001322
575 0.0000001318
576 0.0000001314
577 0.0000001310
578 0.0000001305
579 0.0000001301
580 0.0000001297
581 0.0000001293
582 0.0000001289
583 0.0000001285
584 0.0000001281
585 0.0000001277
586 0.0000001273
587 0.0000001269
588 0.0000001265
589 0.0000001261
590 0.0000001257
591 0.0000001254
592 0.0000001250
593 0.0000001246
594 0.0000001242
595 0.0000001238
596 0.0000001234
597 0.0000001231
598 0.0000001227
599 0.0000001223
600 0.0000001219
601 0.0000001216
602 0.0000001212
603 0.0000001208
604 0.0000001205
605 0.0000001201
606 0.0000001197
607 0.0000001194
608 0.0000001190
609 0.0000001186
610 0.0000001183
611 0.0000001179
612 0.0000001176
613 0.0000001172
614 0.0000001169
615 0.0000001165
616 0.0000001162
617 0.0000001158
618 0.0000001155
619 0.0000001151
620 0.0000001148
621 0.0000001144
622 0.0000001141
623 0.0000001138
624 0.0000001134
625 0.0000001131
626 0.0000001128
627 0.0000001124
628 0.0000001121
629 0.0000001118
630 0.0000001114
631 0.0000001111
632 0.0000001108
633 0.0000001105
634 0.0000001101
635 0.0000001098
636 0.0000001095
637 0.0000001092
638 0.0000001088
639 0.0000001085
640 0.0000001082
641 0.0000001079
642 0.0000001076
643 0.0000001073
644 0.0000001070
645 0.0000001067
646 0.0000001063
647 0.0000001060
648 0.0000001057
649 0.0000001054
650 0.0000001051
651 0.0000001048
652 0.0000001045
653 0.0000001042
654 0.0000001039
655 0.0000001036
656 0.0000001033
657 0.0000001030
658 0.0000001027
659 0.0000001025
660 0.0000001022
661 0.0000001019
662 0.0000001016
663 0.0000001013
664 0.0000001010
665 0.0000001007
666 0.0000001004
667 0.0000001002
668 0.0000000999
669 0.0000000996
670 0.0000000993
671 0.0000000990
672 0.0000000988
673 0.0000000985
674 0.0000000982
675 0.0000000979
676 0.0000000977
677 0.0000000974
678 0.0000000971
679 0.0000000968
680 0.0000000966
681 0.0000000963
682 0.0000000960
683 0.0000000958
684 0.0000000955
685 0.0000000952
686 0.0000000950
687 0.0000000947
688 0.0000000945
689 0.0000000942
690 0.0000000939
691 0.0000000937
692 0.0000000934
693 0.0000000932
694 0.0000000929
695 0.0000000927
696 0.0000000924
697 0.0000000922
698 0.0000000919
699 0.0000000917
700 0.0000000914
701 0.0000000912
702 0.0000000909
703 0.0000000907
704 0.0000000904
705 0.0000000902
706 0.0000000899
707 0.0000000897
708 0.0000000894
709 0.0000000892
710 0.0000000890
711 0.0000000887
712 0.0000000885
713 0.0000000883
714 0.0000000880
715 0.0000000878
716 0.0000000875
717 0.0000000873
718 0.0000000871
719 0.0000000868
720 0.0000000866
721 0.0000000864
722 0.0000000862
723 0.0000000859
724 0.0000000857
725 0.0000000855
726 0.0000000852
727 0.0000000850
728 0.0000000848
729 0.0000000846
730 0.0000000844
731 0.0000000841
732 0.0000000839
733 0.0000000837
734 0.0000000835
735 0.0000000833
736 0.0000000830
737 0.0000000828
738 0.0000000826
739 0.0000000824
740 0.0000000822
741 0.0000000820
742 0.0000000817
743 0.0000000815
744 0.0000000813
745 0.0000000811
746 0.0000000809
747 0.0000000807
748 0.0000000805
749 0.0000000803
750 0.0000000801
751 0.0000000799
752 0.0000000797
753 0.0000000795
754 0.0000000792
755 0.0000000790
756 0.0000000788
757 0.0000000786
758 0.0000000784
759 0.0000000782
760 0.0000000780
761 0.0000000778
762 0.0000000776
763 0.0000000774
764 0.0000000772
765 0.0000000771
766 0.0000000769
767 0.0000000767
768 0.0000000765
769 0.0000000763
770 0.0000000761
771 0.0000000759
772 0.0000000757
773 0.0000000755
774 0.0000000753
775 0.0000000751
776 0.0000000749
777 0.0000000748
778 0.0000000746
779 0.0000000744
780 0.0000000742
781 0.0000000740
782 0.0000000738
783 0.0000000736
784 0.0000000735
785 0.0000000733
786 0.0000000731
787 0.0000000729
788 0.0000000727
789 0.0000000726
790 0.0000000724
791 0.0000000722
792 0.0000000720
793 0.0000000718
794 0.0000000717
795 0.0000000715
796 0.0000000713
797 0.0000000711
798 0.0000000710
799 0.0000000708
800 0.0000000706
801 0.0000000704
802 0.0000000703
803 0.0000000701
804 0.0000000699
805 0.0000000698
806 0.0000000696
807 0.0000000694
808 0.0000000692
809 0.0000000691
810 0.0000000689
811 0.0000000687
812 0.0000000686
813 0.0000000684
814 0.0000000682
815 0.0000000681
816 0.0000000679
817 0.0000000677
818 0.0000000676
819 0.0000000674
820 0.0000000673
821 0.0000000671
822 0.0000000669
823 0.0000000668
824 0.0000000666
825 0.0000000665
826 0.0000000663
827 0.0000000661
828 0.0000000660
829 0.0000000658
830 0.0000000657
831 0.0000000655
832 0.0000000654
833 0.0000000652
834 0.0000000650
835 0.0000000649
836 0.0000000647
837 0.0000000646
838 0.0000000644
839 0.0000000643
840 0.0000000641
841 0.0000000640
842 0.0000000638
843 0.0000000637
844 0.0000000635
845 0.0000000634
846 0.0000000632
847 0.0000000631
848 0.0000000629
849 0.0000000628
850 0.0000000626
851 0.0000000625
852 0.0000000624
853 0.0000000622
854 0.0000000621
855 0.0000000619
856 0.0000000618
857 0.0000000616
858 0.0000000615
859 0.0000000613
860 0.0000000612
861 0.0000000611
862 0.0000000609
863 0.0000000608
864 0.0000000606
865 0.0000000605
866 0.0000000604
867 0.0000000602
868 0.0000000601
869 0.0000000599
870 0.0000000598
871 0.0000000597
872 0.0000000595
873 0.0000000594
874 0.0000000593
875 0.0000000591
876 0.0000000590
877 0.0000000589
878 0.0000000587
879 0.0000000586
880 0.0000000585
881 0.0000000583
882 0.0000000582
883 0.0000000581
884 0.0000000579
885 0.0000000578
886 0.0000000577
887 0.0000000575
888 0.0000000574
889 0.0000000573
890 0.0000000571
891 0.0000000570
892 0.0000000569
893 0.0000000568
894 0.0000000566
895 0.0000000565
896 0.0000000564
897 0.0000000563
898 0.0000000561
899 0.0000000560
900 0.0000000559
901 0.0000000558
902 0.0000000556
903 0.0000000555
904 0.0000000554
905 0.0000000553
906 0.0000000551
907 0.0000000550
908 0.0000000549
909 0.0000000548
910 0.0000000547
911 0.0000000545
912 0.0000000544
913 0.0000000543
914 0.0000000542
915 0.0000000541
916 0.0000000539
917 0.0000000538
918 0.0000000537
919 0.0000000536
920 0.0000000535
921 0.0000000533
922 0.0000000532
923 0.0000000531
924 0.0000000530
925 0.0000000529
926 0.0000000528
927 0.0000000526
928 0.0000000525
929 0.0000000524
930 0.0000000523
931 0.0000000522
932 0.0000000521
933 0.0000000520
934 0.0000000519
935 0.0000000517
936 0.0000000516
937 0.0000000515
938 0.0000000514
939 0.0000000513
940 0.0000000512
941 0.0000000511
942 0.0000000510
943 0.0000000509
944 0.0000000507
945 0.0000000506
946 0.0000000505
947 0.0000000504
948 0.0000000503
949 0.0000000502
950 0.0000000501
951 0.0000000500
952 0.0000000499
953 0.0000000498
954 0.0000000497
955 0.0000000496
956 0.0000000495
957 0.0000000494
958 0.0000000493
959 0.0000000491
960 0.0000000490
961 0.0000000489
962 0.0000000488
963 0.0000000487
964 0.0000000486
965 0.0000000485
966 0.0000000484
967 0.0000000483
968 0.0000000482
969 0.0000000481
970 0.0000000480
971 0.0000000479
972 0.0000000478
973 0.0000000477
974 0.0000000476
975 0.0000000475
976 0.0000000474
977 0.0000000473
978 0.0000000472
979 0.0000000471
980 0.0000000470
981 0.0000000469
982 0.0000000468
983 0.0000000467
984 0.0000000466
985 0.0000000465
986 0.0000000464
987 0.0000000463
988 0.0000000462
989 0.0000000462
990 0.0000000461
991 0.0000000460
992 0.0000000459
993 0.0000000458
994 0.0000000457
995 0.0000000456
996 0.0000000455
997 0.0000000454
998 0.0000000453
999 0.0000000452
1000 0.0000000451
1001 0.0000000450
1002 0.0000000449
1003 0.0000000448
1004 0.0000000448
1005 0.0000000447
1006 0.0000000446
1007 0.0000000445
1008 0.0000000444
1009 0.0000000443
1010 0.0000000442
1011 0.0000000441
1012 0.0000000440
1013 0.0000000439
1014 0.0000000439
1015 0.0000000438
1016 0.0000000437
1017 0.0000000436
1018 0.0000000435
1019 0.0000000434
1020 0.0000000433
1021 0.0000000432
1022 0.0000000431
1023 0.0000000431
1024 0.0000000430
1025 0.0000000429
1026 0.0000000428
1027 0.0000000427
1028 0.0000000426
1029 0.0000000425
1030 0.0000000425
1031 0.0000000424
1032 0.0000000423
1033 0.0000000422
1034 0.0000000421
1035 0.0000000420
1036 0.0000000420
1037 0.0000000419
1038 0.0000000418
1039 0.0000000417
1040 0.0000000416
1041 0.0000000415
1042 0.0000000415
1043 0.0000000414
1044 0.0000000413
1045 0.0000000412
1046 0.0000000411
1047 0.0000000410
1048 0.0000000410
1049 0.0000000409
1050 0.0000000408
1051 0.0000000407
1052 0.0000000406
1053 0.0000000406
1054 0.0000000405
1055 0.0000000404
1056 0.0000000403
1057 0.0000000403
1058 0.0000000402
1059 0.0000000401
1060 0.0000000400
1061 0.0000000399
1062 0.0000000399
1063 0.0000000398
1064 0.0000000397
1065 0.0000000396
1066 0.0000000395
1067 0.0000000395
1068 0.0000000394
1069 0.0000000393
1070 0.0000000392
1071 0.0000000392
1072 0.0000000391
1073 0.0000000390
1074 0.0000000389
1075 0.0000000389
1076 0.0000000388
1077 0.0000000387
1078 0.0000000386
1079 0.0000000386
1080 0.0000000385
1081 0.0000000384
1082 0.0000000383
1083 0.0000000383
1084 0.0000000382
1085 0.0000000381
1086 0.0000000381
1087 0.0000000380
1088 0.0000000379
1089 0.0000000378
1090 0.0000000378
1091 0.0000000377
1092 0.0000000376
1093 0.0000000375
1094 0.0000000375
1095 0.0000000374
1096 0.0000000373
1097 0.0000000373
1098 0.0000000372
1099 0.0000000371
1100 0.0000000371
1101 0.0000000370
1102 0.0000000369
1103 0.0000000368
1104 0.0000000368
1105 0.0000000367
1106 0.0000000366
1107 0.0000000366
1108 0.0000000365
1109 0.0000000364
1110 0.0000000364
1111 0.0000000363
1112 0.0000000362
1113 0.0000000362
1114 0.0000000361
1115 0.0000000360
1116 0.0000000360
1117 0.0000000359
1118 0.0000000358
1119 0.0000000358
1120 0.0000000357
1121 0.0000000356
1122 0.0000000356
1123 0.0000000355
1124 0.0000000354
1125 0.0000000354
1126 0.0000000353
1127 0.0000000352
1128 0.0000000352
1129 0.0000000351
1130 0.0000000350
1131 0.0000000350
1132 0.0000000349
1133 0.0000000348
1134 0.0000000348
1135 0.0000000347
1136 0.0000000346
1137 0.0000000346
1138 0.0000000345
1139 0.0000000344
1140 0.0000000344
1141 0.0000000343
1142 0.0000000343
1143 0.0000000342
1144 0.0000000341
1145 0.0000000341
1146 0.0000000340
1147 0.0000000339
1148 0.0000000339
1149 0.0000000338
1150 0.0000000338
1151 0.0000000337
1152 0.0000000336
1153 0.0000000336
1154 0.0000000335
1155 0.0000000335
1156 0.0000000334
1157 0.0000000333
1158 0.0000000333
1159 0.0000000332
1160 0.0000000332
1161 0.0000000331
1162 0.0000000330
1163 0.0000000330
1164 0.0000000329
1165 0.0000000329
1166 0.0000000328
1167 0.0000000327
1168 0.0000000327
1169 0.0000000326
1170 0.0000000326
1171 0.0000000325
1172 0.0000000324
1173 0.0000000324
1174 0.0000000323
1175 0.0000000323
1176 0.0000000322
1177 0.0000000322
1178 0.0000000321
1179 0.0000000320
1180 0.0000000320
1181 0.0000000319
1182 0.0000000319
1183 0.0000000318
1184 0.0000000318
1185 0.0000000317
1186 0.0000000316
1187 0.0000000316
1188 0.0000000315
1189 0.0000000315
1190 0.0000000314
1191 0.0000000314
1192 0.0000000313
1193 0.0000000313
1194 0.0000000312
1195 0.0000000311
1196 0.0000000311
1197 0.0000000310
1198 0.0000000310
1199 0.0000000309
1200 0.0000000309
1201 0.0000000308
1202 0.0000000308
1203 0.0000000307
1204 0.0000000307
1205 0.0000000306
1206 0.0000000305
1207 0.0000000305
1208 0.0000000304
1209 0.0000000304
1210 0.0000000303
1211 0.0000000303
1212 0.0000000302
1213 0.0000000302
1214 0.0000000301
1215 0.0000000301
1216 0.0000000300
1217 0.0000000300
1218 0.0000000299
1219 0.0000000299
1220 0.0000000298
1221 0.0000000298
1222 0.0000000297
1223 0.0000000297
1224 0.0000000296
1225 0.0000000295
1226 0.0000000295
1227 0.0000000294
1228 0.0000000294
1229 0.0000000293
1230 0.0000000293
1231 0.0000000292
1232 0.0000000292
1233 0.0000000291
1234 0.0000000291
1235 0.0000000290
1236 0.0000000290
1237 0.0000000289
1238 0.0000000289
1239 0.0000000288
1240 0.0000000288
1241 0.0000000287
1242 0.0000000287
1243 0.0000000286
1244 0.0000000286
1245 0.0000000286
1246 0.0000000285
1247 0.0000000285
1248 0.0000000284
1249 0.0000000284
1250 0.0000000283
1251 0.0000000283
1252 0.0000000282
1253 0.0000000282
1254 0.0000000281
1255 0.0000000281
1256 0.0000000280
1257 0.0000000280
1258 0.0000000279
1259 0.0000000279
1260 0.0000000278
1261 0.0000000278
1262 0.0000000277
1263 0.0000000277
1264 0.0000000276
1265 0.0000000276
1266 0.0000000276
1267 0.0000000275
1268 0.0000000275
1269 0.0000000274
1270 0.0000000274
1271 0.0000000273
1272 0.0000000273
1273 0.0000000272
1274 0.0000000272
1275 0.0000000271
1276 0.0000000271
1277 0.0000000270
1278 0.0000000270
1279 0.0000000270
1280 0.0000000269
1281 0.0000000269
1282 0.0000000268
1283 0.0000000268
1284 0.0000000267
1285 0.0000000267
1286 0.0000000266
1287 0.0000000266
1288 0.0000000266
1289 0.0000000265
1290 0.0000000265
1291 0.0000000264
1292 0.0000000264
1293 0.0000000263
1294 0.0000000263
1295 0.0000000263
1296 0.0000000262
1297 0.0000000262
1298 0.0000000261
1299 0.0000000261
1300 0.0000000260
1301 0.0000000260
1302 0.0000000260
1303 0.0000000259
1304 0.0000000259
1305 0.0000000258
1306 0.0000000258
1307 0.0000000257
1308 0.0000000257
1309 0.0000000257
1310 0.0000000256
1311 0.0000000256
1312 0.0000000255
1313 0.0000000255
1314 0.0000000254
1315 0.0000000254
1316 0.0000000254
1317 0.0000000253
1318 0.0000000253
1319 0.0000000252
1320 0.0000000252
1321 0.0000000252
1322 0.0000000251
1323 0.0000000251
1324 0.0000000250
1325 0.0000000250
1326 0.0000000250
1327 0.0000000249
1328 0.0000000249
1329 0.0000000248
1330 0.0000000248
1331 0.0000000248
1332 0.0000000247
1333 0.0000000247
1334 0.0000000246
1335 0.0000000246
1336 0.0000000246
1337 0.0000000245
1338 0.0000000245
1339 0.0000000244
1340 0.0000000244
1341 0.0000000244
1342 0.0000000243
1343 0.0000000243
1344 0.0000000242
1345 0.0000000242
1346 0.0000000242
1347 0.0000000241
1348 0.0000000241
1349 0.0000000241
1350 0.0000000240
1351 0.0000000240
1352 0.0000000239
1353 0.0000000239
1354 0.0000000239
1355 0.0000000238
1356 0.0000000238
1357 0.0000000237
1358 0.0000000237
1359 0.0000000237
1360 0.0000000236
1361 0.0000000236
1362 0.0000000236
1363 0.0000000235
1364 0.0000000235
1365 0.0000000235
1366 0.0000000234
1367 0.0000000234
1368 0.0000000233
1369 0.0000000233
1370 0.0000000233
1371 0.0000000232
1372 0.0000000232
1373 0.0000000232
1374 0.0000000231
1375 0.0000000231
1376 0.0000000230
1377 0.0000000230
1378 0.0000000230
1379 0.0000000229
1380 0.0000000229
1381 0.0000000229
1382 0.0000000228
1383 0.0000000228
1384 0.0000000228
1385 0.0000000227
1386 0.0000000227
1387 0.0000000227
1388 0.0000000226
1389 0.0000000226
1390 0.0000000226
1391 0.0000000225
1392 0.0000000225
1393 0.0000000224
1394 0.0000000224
1395 0.0000000224
1396 0.0000000223
1397 0.0000000223
1398 0.0000000223
1399 0.0000000222
1400 0.0000000222
1401 0.0000000222
1402 0.0000000221
1403 0.0000000221
1404 0.0000000221
1405 0.0000000220
1406 0.0000000220
1407 0.0000000220
1408 0.0000000219
1409 0.0000000219
1410 0.0000000219
1411 0.0000000218
1412 0.0000000218
1413 0.0000000218
1414 0.0000000217
1415 0.0000000217
1416 0.0000000217
1417 0.0000000216
1418 0.0000000216
1419 0.0000000216
1420 0.0000000215
1421 0.0000000215
1422 0.0000000215
1423 0.0000000214
1424 0.0000000214
1425 0.0000000214
1426 0.0000000213
1427 0.0000000213
1428 0.0000000213
1429 0.0000000212
1430 0.0000000212
1431 0.0000000212
1432 0.0000000211
1433 0.0000000211
1434 0.0000000211
1435 0.0000000210
1436 0.0000000210
1437 0.0000000210
1438 0.0000000210
1439 0.0000000209
1440 0.0000000209
1441 0.0000000209
1442 0.0000000208
1443 0.0000000208
1444 0.0000000208
1445 0.0000000207
1446 0.0000000207
1447 0.0000000207
1448 0.0000000206
1449 0.0000000206
1450 0.0000000206
1451 0.0000000205
1452 0.0000000205
1453 0.0000000205
1454 0.0000000205
1455 0.0000000204
1456 0.0000000204
1457 0.0000000204
1458 0.0000000203
1459 0.0000000203
1460 0.0000000203
1461 0.0000000202
1462 0.0000000202
1463 0.0000000202
1464 0.0000000202
1465 0.0000000201
1466 0.0000000201
1467 0.0000000201
1468 0.0000000200
1469 0.0000000200
1470 0.0000000200
1471 0.0000000199
1472 0.0000000199
1473 0.0000000199
1474 0.0000000199
1475 0.0000000198
1476 0.0000000198
1477 0.0000000198
1478 0.0000000197
1479 0.0000000197
1480 0.0000000197
1481 0.0000000197
1482 0.0000000196
1483 0.0000000196
1484 0.0000000196
1485 0.0000000195
1486 0.0000000195
1487 0.0000000195
1488 0.0000000195
1489 0.0000000194
1490 0.0000000194
1491 0.0000000194
1492 0.0000000193
1493 0.0000000193
1494 0.0000000193
1495 0.0000000193
1496 0.0000000192
1497 0.0000000192
1498 0.0000000192
1499 0.0000000191
1500 0.0000000191
1501 0.0000000191
1502 0.0000000191
1503 0.0000000190
1504 0.0000000190
1505 0.0000000190
1506 0.0000000189
1507 0.0000000189
1508 0.0000000189
1509 0.0000000189
1510 0.0000000188
1511 0.0000000188
1512 0.0000000188
1513 0.0000000188
1514 0.0000000187
1515 0.0000000187
1516 0.0000000187
1517 0.0000000186
1518 0.0000000186
1519 0.0000000186
1520 0.0000000186
1521 0.0000000185
1522 0.0000000185
1523 0.0000000185
1524 0.0000000185
1525 0.0000000184
1526 0.0000000184
1527 0.0000000184
1528 0.0000000184
1529 0.0000000183
1530 0.0000000183
1531 0.0000000183
1532 0.0000000183
1533 0.0000000182
1534 0.0000000182
1535 0.0000000182
1536 0.0000000181
1537 0.0000000181
1538 0.0000000181
1539 0.0000000181
1540 0.0000000180
1541 0.0000000180
1542 0.0000000180
1543 0.0000000180
1544 0.0000000179
1545 0.0000000179
1546 0.0000000179
1547 0.0000000179
1548 0.0000000178
1549 0.0000000178
1550 0.0000000178
1551 0.0000000178
1552 0.0000000177
1553 0.0000000177
1554 0.0000000177
1555 0.0000000177
1556 0.0000000176
1557 0.0000000176
1558 0.0000000176
1559 0.0000000176
1560 0.0000000175
1561 0.0000000175
1562 0.0000000175
1563 0.0000000175
1564 0.0000000174
1565 0.0000000174
1566 0.0000000174
1567 0.0000000174
1568 0.0000000173
1569 0.0000000173
1570 0.0000000173
1571 0.0000000173
1572 0.0000000172
1573 0.0000000172
1574 0.0000000172
1575 0.0000000172
1576 0.0000000172
1577 0.0000000171
1578 0.0000000171
1579 0.0000000171
1580 0.0000000171
1581 0.0000000170
1582 0.0000000170
1583 0.0000000170
1584 0.0000000170
1585 0.0000000169
1586 0.0000000169
1587 0.0000000169
1588 0.0000000169
1589 0.0000000168
1590 0.0000000168
1591 0.0000000168
1592 0.0000000168
1593 0.0000000168
1594 0.0000000167
1595 0.0000000167
1596 0.0000000167
1597 0.0000000167
1598 0.0000000166
1599 0.0000000166
1600 0.0000000166
1601 0.0000000166
1602 0.0000000165
1603 0.0000000165
1604 0.0000000165
1605 0.0000000165
1606 0.0000000165
1607 0.0000000164
1608 0.0000000164
1609 0.0000000164
1610 0.0000000164
1611 0.0000000163
1612 0.0000000163
1613 0.0000000163
1614 0.0000000163
1615 0.0000000163
1616 0.0000000162
1617 0.0000000162
1618 0.0000000162
1619 0.0000000162
1620 0.0000000161
1621 0.0000000161
1622 0.0000000161
1623 0.0000000161
1624 0.0000000161
1625 0.0000000160
1626 0.0000000160
1627 0.0000000160
1628 0.0000000160
1629 0.0000000159
1630 0.0000000159
1631 0.0000000159
1632 0.0000000159
1633 0.0000000159
1634 0.0000000158
1635 0.0000000158
1636 0.0000000158
1637 0.0000000158
1638 0.0000000157
1639 0.0000000157
1640 0.0000000157
1641 0.0000000157
1642 0.0000000157
1643 0.0000000156
1644 0.0000000156
1645 0.0000000156
1646 0.0000000156
1647 0.0000000156
1648 0.0000000155
1649 0.0000000155
1650 0.0000000155
1651 0.0000000155
1652 0.0000000155
1653 0.0000000154
1654 0.0000000154
1655 0.0000000154
1656 0.0000000154
1657 0.0000000154
1658 0.0000000153
1659 0.0000000153
1660 0.0000000153
1661 0.0000000153
1662 0.0000000152
1663 0.0000000152
1664 0.0000000152
1665 0.0000000152
1666 0.0000000152
1667 0.0000000151
1668 0.0000000151
1669 0.0000000151
1670 0.0000000151
1671 0.0000000151
1672 0.0000000150
1673 0.0000000150
1674 0.0000000150
1675 0.0000000150
1676 0.0000000150
1677 0.0000000149
1678 0.0000000149
1679 0.0000000149
1680 0.0000000149
1681 0.0000000149
1682 0.0000000148
1683 0.0000000148
1684 0.0000000148
1685 0.0000000148
1686 0.0000000148
1687 0.0000000147
1688 0.0000000147
1689 0.0000000147
1690 0.0000000147
1691 0.0000000147
1692 0.0000000147
1693 0.0000000146
1694 0.0000000146
1695 0.0000000146
1696 0.0000000146
1697 0.0000000146
1698 0.0000000145
1699 0.0000000145
1700 0.0000000145
1701 0.0000000145
1702 0.0000000145
1703 0.0000000144
1704 0.0000000144
1705 0.0000000144
1706 0.0000000144
1707 0.0000000144
1708 0.0000000143
1709 0.0000000143
1710 0.0000000143
1711 0.0000000143
1712 0.0000000143
1713 0.0000000143
1714 0.0000000142
1715 0.0000000142
1716 0.0000000142
1717 0.0000000142
1718 0.0000000142
1719 0.0000000141
1720 0.0000000141
1721 0.0000000141
1722 0.0000000141
1723 0.0000000141
1724 0.0000000140
1725 0.0000000140
1726 0.0000000140
1727 0.0000000140
1728 0.0000000140
1729 0.0000000140
1730 0.0000000139
1731 0.0000000139
1732 0.0000000139
1733 0.0000000139
1734 0.0000000139
1735 0.0000000138
1736 0.0000000138
1737 0.0000000138
1738 0.0000000138
1739 0.0000000138
1740 0.0000000138
1741 0.0000000137
1742 0.0000000137
1743 0.0000000137
1744 0.0000000137
1745 0.0000000137
1746 0.0000000136
1747 0.0000000136
1748 0.0000000136
1749 0.0000000136
1750 0.0000000136
1751 0.0000000136
1752 0.0000000135
1753 0.0000000135
1754 0.0000000135
1755 0.0000000135
1756 0.0000000135
1757 0.0000000135
1758 0.0000000134
1759 0.0000000134
1760 0.0000000134
1761 0.0000000134
1762 0.0000000134
1763 0.0000000134
1764 0.0000000133
1765 0.0000000133
1766 0.0000000133
1767 0.0000000133
1768 0.0000000133
1769 0.0000000132
1770 0.0000000132
1771 0.0000000132
1772 0.0000000132
1773 0.0000000132
1774 0.0000000132
1775 0.0000000131
1776 0.0000000131
1777 0.0000000131
1778 0.0000000131
1779 0.0000000131
1780 0.0000000131
1781 0.0000000130
1782 0.0000000130
1783 0.0000000130
1784 0.0000000130
1785 0.0000000130
1786 0.0000000130
1787 0.0000000129
1788 0.0000000129
1789 0.0000000129
1790 0.0000000129
1791 0.0000000129
1792 0.0000000129
1793 0.0000000128
1794 0.0000000128
1795 0.0000000128
1796 0.0000000128
1797 0.0000000128
1798 0.0000000128
1799 0.0000000127
1800 0.0000000127
1801 0.0000000127
1802 0.0000000127
1803 0.0000000127
1804 0.0000000127
1805 0.0000000126
1806 0.0000000126
1807 0.0000000126
1808 0.0000000126
1809 0.0000000126
1810 0.0000000126
1811 0.0000000126
1812 0.0000000125
1813 0.0000000125
1814 0.0000000125
1815 0.0000000125
1816 0.0000000125
1817 0.0000000125
1818 0.0000000124
1819 0.0000000124
1820 0.0000000124
1821 0.0000000124
1822 0.0000000124
1823 0.0000000124
1824 0.0000000123
1825 0.0000000123
1826 0.0000000123
1827 0.0000000123
1828 0.0000000123
1829 0.0000000123
1830 0.0000000122
1831 0.0000000122
1832 0.0000000122
1833 0.0000000122
1834 0.0000000122
1835 0.0000000122
1836 0.0000000122
1837 0.0000000121
1838 0.0000000121
1839 0.0000000121
1840 0.0000000121
1841 0.0000000121
1842 0.0000000121
1843 0.0000000120
1844 0.0000000120
1845 0.0000000120
1846 0.0000000120
1847 0.0000000120
1848 0.0000000120
1849 0.0000000120
1850 0.0000000119
1851 0.0000000119
1852 0.0000000119
1853 0.0000000119
1854 0.0000000119
1855 0.0000000119
1856 0.0000000118
1857 0.0000000118
1858 0.0000000118
1859 0.0000000118
1860 0.0000000118
1861 0.0000000118
1862 0.0000000118
1863 0.0000000117
1864 0.0000000117
1865 0.0000000117
1866 0.0000000117
1867 0.0000000117
1868 0.0000000117
1869 0.0000000117
1870 0.0000000116
1871 0.0000000116
1872 0.0000000116
1873 0.0000000116
1874 0.0000000116
1875 0.0000000116
1876 0.0000000115
1877 0.0000000115
1878 0.0000000115
1879 0.0000000115
1880 0.0000000115
1881 0.0000000115
1882 0.0000000115
1883 0.0000000114
1884 0.0000000114
1885 0.0000000114
1886 0.0000000114
1887 0.0000000114
1888 0.0000000114
1889 0.0000000114
1890 0.0000000113
1891 0.0000000113
1892 0.0000000113
1893 0.0000000113
1894 0.0000000113
1895 0.0000000113
1896 0.0000000113
1897 0.0000000112
1898 0.0000000112
1899 0.0000000112
1900 0.0000000112
1901 0.0000000112
1902 0.0000000112
1903 0.0000000112
1904 0.0000000111
1905 0.0000000111
1906 0.0000000111
1907 0.0000000111
1908 0.0000000111
1909 0.0000000111
1910 0.0000000110
1911 0.0000000110
1912 0.0000000110
1913 0.0000000110
1914 0.0000000110
1915 0.0000000110
1916 0.0000000110
1917 0.0000000109
1918 0.0000000109
1919 0.0000000109
1920 0.0000000109
1921 0.0000000109
1922 0.0000000109
1923 0.0000000109
1924 0.0000000108
1925 0.0000000108
1926 0.0000000108
1927 0.0000000108
1928 0.0000000108
1929 0.0000000108
1930 0.0000000108
1931 0.0000000107
1932 0.0000000107
1933 0.0000000107
1934 0.0000000107
1935 0.0000000107
1936 0.0000000107
1937 0.0000000107
1938 0.0000000106
1939 0.0000000106
1940 0.0000000106
1941 0.0000000106
1942 0.0000000106
1943 0.0000000106
1944 0.0000000106
1945 0.0000000105
1946 0.0000000105
1947 0.0000000105
1948 0.0000000105
1949 0.0000000105
1950 0.0000000105
1951 0.0000000105
1952 0.0000000104
1953 0.0000000104
1954 0.0000000104
1955 0.0000000104
1956 0.0000000104
1957 0.0000000104
1958 0.0000000104
1959 0.0000000103
1960 0.0000000103
1961 0.0000000103
1962 0.0000000103
1963 0.0000000103
1964 0.0000000103
1965 0.0000000102
1966 0.0000000102
1967 0.0000000102
1968 0.0000000102
1969 0.0000000102
1970 0.0000000102
1971 0.0000000102
1972 0.0000000101
1973 0.0000000101
1974 0.0000000101
1975 0.0000000101
1976 0.0000000101
1977 0.0000000101
1978 0.0000000100
1979 0.0000000100
1980 0.0000000100
1981 0.0000000100
1982 0.0000000100
1983 0.0000000099
1984 0.0000000099
1985 0.0000000099
1986 0.0000000099
1987 0.0000000099
1988 0.0000000098
1989 0.0000000098
1990 0.0000000098
1991 0.0000000097
1992 0.0000000097
1993 0.0000000097
1994 0.0000000096
1995 0.0000000095
1996 0.0000000094
1997 0.0000000093
1998 0.0000000090
1999 0.0000000080
2000 0.0000000000
