0 990
0 0.9830841103
1 0.0037722306
2 0.0015859644
3 0.0011069079
4 0.0008169576
5 0.0006449749
6 0.0005320952
7 0.0004515570
8 0.0003910854
9 0.0003440614
10 0.0003064800
11 0.0002757686
12 0.0002502074
13 0.0002286063
14 0.0002101159
15 0.0001941140
16 0.0001801338
17 0.0001678183
18 0.0001568900
19 0.0001471296
20 0.0001383617
21 0.0001304445
22 0.0001232617
23 0.0001167174
24 0.0001107316
25 0.0001052372
26 0.0001001774
27 0.0000955037
28 0.0000911747
29 0.0000871546
30 0.0000834124
31 0.0000799210
32 0.0000766569
33 0.0000735994
34 0.0000707300
35 0.0000680327
36 0.0000654928
37 0.0000630977
38 0.0000608358
39 0.0000586967
40 0.0000566713
41 0.0000547510
42 0.0000529284
43 0.0000511965
44 0.0000495491
45 0.0000479805
46 0.0000464854
47 0.0000450593
48 0.0000436975
49 0.0000423963
50 0.0000411519
51 0.0000399608
52 0.0000388200
53 0.0000377266
54 0.0000366779
55 0.0000356714
56 0.0000347048
57 0.0000337759
58 0.0000328828
59 0.0000320236
60 0.0000311966
61 0.0000304001
62 0.0000296327
63 0.0000288928
64 0.0000281793
65 0.0000274908
66 0.0000268261
67 0.0000261842
68 0.0000255640
69 0.0000249645
70 0.0000243849
71 0.0000238242
72 0.0000232817
73 0.0000227565
74 0.0000222479
75 0.0000217553
76 0.0000212780
77 0.0000208153
78 0.0000203667
79 0.0000199316
80 0.0000195095
81 0.0000190999
82 0.0000187022
83 0.0000183161
84 0.0000179411
85 0.0000175768
86 0.0000172228
87 0.0000168787
88 0.0000165442
89 0.0000162189
90 0.0000159025
91 0.0000155946
92 0.0000152951
93 0.0000150035
94 0.0000147197
95 0.0000144433
96 0.0000141741
97 0.0000139119
98 0.0000136565
99 0.0000134076
100 0.0000131650
101 0.0000129285
102 0.0000126979
103 0.0000124730
104 0.0000122537
105 0.0000120398
106 0.0000118310
107 0.0000116273
108 0.0000114285
109 0.0000112345
110 0.0000110451
111 0.0000108601
112 0.0000106795
113 0.0000105031
114 0.0000103307
115 0.0000101624
116 0.0000099978
117 0.0000098371
118 0.0000096799
119 0.0000095264
120 0.0000093762
121 0.0000092294
122 0.0000090858
123 0.0000089454
124 0.0000088081
125 0.0000086738
126 0.0000085423
127 0.0000084137
128 0.0000082879
129 0.0000081648
130 0.0000080442
131 0.0000079262
132 0.0000078107
133 0.0000076976
134 0.0000075869
135 0.0000074784
136 0.0000073722
137 0.0000072682
138 0.0000071663
139 0.0000070664
140 0.0000069686
141 0.0000068728
142 0.0000067789
143 0.0000066868
144 0.0000065966
145 0.0000065081
146 0.0000064214
147 0.0000063364
148 0.0000062531
149 0.0000061714
150 0.0000060912
151 0.0000060126
152 0.0000059355
153 0.0000058599
154 0.0000057857
155 0.0000057129
156 0.0000056415
157 0.0000055715
158 0.0000055027
159 0.0000054352
160 0.0000053690
161 0.0000053040
162 0.0000052402
163 0.0000051776
164 0.0000051161
165 0.0000050557
166 0.0000049964
167 0.0000049382
168 0.0000048810
169 0.0000048249
170 0.0000047698
171 0.0000047156
172 0.0000046624
173 0.0000046101
174 0.0000045588
175 0.0000045083
176 0.0000044588
177 0.0000044101
178 0.0000043622
179 0.0000043151
180 0.0000042689
181 0.0000042235
182 0.0000041788
183 0.0000041349
184 0.0000040917
185 0.0000040492
186 0.0000040075
187 0.0000039665
188 0.0000039261
189 0.0000038864
190 0.0000038474
191 0.0000038090
192 0.0000037713
193 0.0000037342
194 0.0000036976
195 0.0000036617
196 0.0000036263
197 0.0000035916
198 0.0000035573
199 0.0000035237
200 0.0000034905
201 0.0000034579
202 0.0000034258
203 0.0000033942
204 0.0000033631
205 0.0000033325
206 0.0000033024
207 0.0000032727
208 0.0000032435
209 0.0000032148
210 0.0000031865
211 0.0000031586
212 0.0000031312
213 0.0000031041
214 0.0000030775
215 0.0000030513
216 0.0000030255
217 0.0000030000
218 0.0000029750
219 0.0000029503
220 0.0000029260
221 0.0000029021
222 0.0000028785
223 0.0000028552
224 0.0000028323
225 0.0000028097
226 0.0000027875
227 0.0000027655
228 0.0000027439
229 0.0000027226
230 0.0000027016
231 0.0000026809
232 0.0000026605
233 0.0000026404
234 0.0000026206
235 0.0000026011
236 0.0000025818
237 0.0000025628
238 0.0000025440
239 0.0000025256
240 0.0000025073
241 0.0000024894
242 0.0000024717
243 0.0000024542
244 0.0000024369
245 0.0000024199
246 0.0000024031
247 0.0000023866
248 0.0000023702
249 0.0000023541
250 0.0000023382
251 0.0000023226
252 0.0000023071
253 0.0000022918
254 0.0000022767
255 0.0000022618
256 0.0000022472
257 0.0000022327
258 0.0000022184
259 0.0000022042
260 0.0000021903
261 0.0000021765
262 0.0000021630
263 0.0000021495
264 0.0000021363
265 0.0000021232
266 0.0000021103
267 0.0000020976
268 0.0000020850
269 0.0000020725
270 0.0000020603
271 0.0000020481
272 0.0000020361
273 0.0000020243
274 0.0000020126
275 0.0000020011
276 0.0000019897
277 0.0000019784
278 0.0000019672
279 0.0000019562
280 0.0000019454
281 0.0000019346
282 0.0000019240
283 0.0000019135
284 0.0000019032
285 0.0000018929
286 0.0000018828
287 0.0000018728
288 0.0000018629
289 0.0000018531
290 0.0000018434
291 0.0000018338
292 0.0000018244
293 0.0000018150
294 0.0000018058
295 0.0000017967
296 0.0000017876
297 0.0000017787
298 0.0000017699
299 0.0000017611
300 0.0000017525
301 0.0000017439
302 0.0000017355
303 0.0000017271
304 0.0000017189
305 0.0000017107
306 0.0000017026
307 0.0000016946
308 0.0000016866
309 0.0000016788
310 0.0000016710
311 0.0000016634
312 0.0000016558
313 0.0000016483
314 0.0000016408
315 0.0000016335
316 0.0000016262
317 0.0000016190
318 0.0000016118
319 0.0000016048
320 0.0000015978
321 0.0000015908
322 0.0000015840
323 0.0000015772
324 0.0000015705
325 0.0000015638
326 0.0000015572
327 0.0000015507
328 0.0000015443
329 0.0000015379
330 0.0000015315
331 0.0000015253
332 0.0000015190
333 0.0000015129
334 0.0000015068
335 0.0000015008
336 0.0000014948
337 0.0000014889
338 0.0000014830
339 0.0000014772
340 0.0000014714
341 0.0000014657
342 0.0000014600
343 0.0000014545
344 0.0000014489
345 0.0000014434
346 0.0000014379
347 0.0000014325
348 0.0000014272
349 0.0000014219
350 0.0000014166
351 0.0000014114
352 0.0000014062
353 0.0000014011
354 0.0000013960
355 0.0000013910
356 0.0000013860
357 0.0000013811
358 0.0000013762
359 0.0000013713
360 0.0000013665
361 0.0000013617
362 0.0000013570
363 0.0000013523
364 0.0000013476
365 0.0000013430
366 0.0000013384
367 0.0000013338
368 0.0000013293
369 0.0000013249
370 0.0000013204
371 0.0000013160
372 0.0000013117
373 0.0000013073
374 0.0000013030
375 0.0000012988
376 0.0000012945
377 0.0000012903
378 0.0000012862
379 0.0000012821
380 0.0000012780
381 0.0000012739
382 0.0000012698
383 0.0000012658
384 0.0000012619
385 0.0000012579
386 0.0000012540
387 0.0000012501
388 0.0000012463
389 0.0000012424
390 0.0000012387
391 0.0000012349
392 0.0000012311
393 0.0000012274
394 0.0000012237
395 0.0000012201
396 0.0000012164
397 0.0000012128
398 0.0000012092
399 0.0000012057
400 0.0000012022
401 0.0000011986
402 0.0000011952
403 0.0000011917
404 0.0000011883
405 0.0000011849
406 0.0000011815
407 0.0000011781
408 0.0000011748
409 0.0000011715
410 0.0000011682
411 0.0000011649
412 0.0000011616
413 0.0000011584
414 0.0000011552
415 0.0000011520
416 0.0000011489
417 0.0000011457
418 0.0000011426
419 0.0000011395
420 0.0000011364
421 0.0000011333
422 0.0000011303
423 0.0000011273
424 0.0000011243
425 0.0000011213
426 0.0000011183
427 0.0000011154
428 0.0000011124
429 0.0000011095
430 0.0000011066
431 0.0000011037
432 0.0000011009
433 0.0000010981
434 0.0000010952
435 0.0000010924
436 0.0000010896
437 0.0000010869
438 0.0000010841
439 0.0000010814
440 0.0000010787
441 0.0000010759
442 0.0000010733
443 0.0000010706
444 0.0000010679
445 0.0000010653
446 0.0000010627
447 0.0000010600
448 0.0000010574
449 0.0000010549
450 0.0000010523
451 0.0000010497
452 0.0000010472
453 0.0000010447
454 0.0000010422
455 0.0000010397
456 0.0000010372
457 0.0000010347
458 0.0000010323
459 0.0000010298
460 0.0000010274
461 0.0000010250
462 0.0000010226
463 0.0000010202
464 0.0000010178
465 0.0000010155
466 0.0000010131
467 0.0000010108
468 0.0000010084
469 0.0000010061
470 0.0000010038
471 0.0000010015
472 0.0000009993
473 0.0000009970
474 0.0000009948
475 0.0000009925
476 0.0000009903
477 0.0000009881
478 0.0000009859
479 0.0000009837
480 0.0000009815
481 0.0000009793
482 0.0000009772
483 0.0000009750
484 0.0000009729
485 0.0000009707
486 0.0000009686
487 0.0000009665
488 0.0000009644
489 0.0000009623
490 0.0000009602
491 0.0000009582
492 0.0000009561
493 0.0000009541
494 0.0000009520
495 0.0000009500
496 0.0000009480
497 0.0000009460
498 0.0000009440
499 0.0000009420
500 0.0000009400
501 0.0000009380
502 0.0000009361
503 0.0000009341
504 0.0000009322
505 0.0000009303
506 0.0000009283
507 0.0000009264
508 0.0000009245
509 0.0000009226
510 0.0000009207
511 0.0000009188
512 0.0000009170
513 0.0000009151
514 0.0000009132
515 0.0000009114
516 0.0000009096
517 0.0000009077
518 0.0000009059
519 0.0000009041
520 0.0000009023
521 0.0000009005
522 0.0000008987
523 0.0000008969
524 0.0000008951
525 0.0000008934
526 0.0000008916
527 0.0000008899
528 0.0000008881
529 0.0000008864
530 0.0000008846
531 0.0000008829
532 0.0000008812
533 0.0000008795
534 0.0000008778
535 0.0000008761
536 0.0000008744
537 0.0000008727
538 0.0000008711
539 0.0000008694
540 0.0000008677
541 0.0000008661
542 0.0000008644
543 0.0000008628
544 0.0000008612
545 0.0000008596
546 0.0000008579
547 0.0000008563
548 0.0000008547
549 0.0000008531
550 0.0000008515
551 0.0000008499
552 0.0000008484
553 0.0000008468
554 0.0000008452
555 0.0000008437
556 0.0000008421
557 0.0000008406
558 0.0000008390
559 0.0000008375
560 0.0000008359
561 0.0000008344
562 0.0000008329
563 0.0000008314
564 0.0000008299
565 0.0000008284
566 0.0000008269
567 0.0000008254
568 0.0000008239
569 0.0000008224
570 0.0000008210
571 0.0000008195
572 0.0000008180
573 0.0000008166
574 0.0000008151
575 0.0000008137
576 0.0000008123
577 0.0000008108
578 0.0000008094
579 0.0000008080
580 0.0000008066
581 0.0000008051
582 0.0000008037
583 0.0000008023
584 0.0000008009
585 0.0000007995
586 0.0000007982
587 0.0000007968
588 0.0000007954
589 0.0000007940
590 0.0000007927
591 0.0000007913
592 0.0000007899
593 0.0000007886
594 0.0000007872
595 0.0000007859
596 0.0000007846
597 0.0000007832
598 0.0000007819
599 0.0000007806
600 0.0000007793
601 0.0000007780
602 0.0000007766
603 0.0000007753
604 0.0000007740
605 0.0000007727
606 0.0000007714
607 0.0000007702
608 0.0000007689
609 0.0000007676
610 0.0000007663
611 0.0000007651
612 0.0000007638
613 0.0000007625
614 0.0000007613
615 0.0000007600
616 0.0000007588
617 0.0000007575
618 0.0000007563
619 0.0000007551
620 0.0000007538
621 0.0000007526
622 0.0000007514
623 0.0000007502
624 0.0000007489
625 0.0000007477
626 0.0000007465
627 0.0000007453
628 0.0000007441
629 0.0000007429
630 0.0000007418
631 0.0000007406
632 0.0000007394
633 0.0000007382
634 0.0000007370
635 0.0000007359
636 0.0000007347
637 0.0000007335
638 0.0000007324
639 0.0000007312
640 0.0000007301
641 0.0000007289
642 0.0000007278
643 0.0000007266
644 0.0000007255
645 0.0000007244
646 0.0000007232
647 0.0000007221
648 0.0000007210
649 0.0000007199
650 0.0000007188
651 0.0000007176
652 0.0000007165
653 0.0000007154
654 0.0000007143
655 0.0000007132
656 0.0000007121
657 0.0000007110
658 0.0000007100
659 0.0000007089
660 0.0000007078
661 0.0000007067
662 0.0000007056
663 0.0000007046
664 0.0000007035
665 0.0000007024
666 0.0000007014
667 0.0000007003
668 0.0000006993
669 0.0000006982
670 0.0000006972
671 0.0000006961
672 0.0000006951
673 0.0000006940
674 0.0000006930
675 0.0000006920
676 0.0000006909
677 0.0000006899
678 0.0000006889
679 0.0000006879
680 0.0000006868
681 0.0000006858
682 0.0000006848
683 0.0000006838
684 0.0000006828
685 0.0000006818
686 0.0000006808
687 0.0000006798
688 0.0000006788
689 0.0000006778
690 0.0000006768
691 0.0000006759
692 0.0000006749
693 0.0000006739
694 0.0000006729
695 0.0000006720
696 0.0000006710
697 0.0000006700
698 0.0000006691
699 0.0000006681
700 0.0000006671
701 0.0000006662
702 0.0000006652
703 0.0000006643
704 0.0000006633
705 0.0000006624
706 0.0000006615
707 0.0000006605
708 0.0000006596
709 0.0000006586
710 0.0000006577
711 0.0000006568
712 0.0000006558
713 0.0000006549
714 0.0000006540
715 0.0000006531
716 0.0000006522
717 0.0000006513
718 0.0000006503
719 0.0000006494
720 0.0000006485
721 0.0000006476
722 0.0000006467
723 0.0000006458
724 0.0000006449
725 0.0000006441
726 0.0000006432
727 0.0000006423
728 0.0000006414
729 0.0000006405
730 0.0000006396
731 0.0000006387
732 0.0000006379
733 0.0000006370
734 0.0000006361
735 0.0000006353
736 0.0000006344
737 0.0000006335
738 0.0000006327
739 0.0000006318
740 0.0000006309
741 0.0000006301
742 0.0000006292
743 0.0000006284
744 0.0000006275
745 0.0000006267
746 0.0000006259
747 0.0000006250
748 0.0000006242
749 0.0000006233
750 0.0000006225
751 0.0000006217
752 0.0000006209
753 0.0000006200
754 0.0000006192
755 0.0000006184
756 0.0000006176
757 0.0000006167
758 0.0000006159
759 0.0000006151
760 0.0000006143
761 0.0000006135
762 0.0000006127
763 0.0000006119
764 0.0000006111
765 0.0000006103
766 0.0000006095
767 0.0000006087
768 0.0000006079
769 0.0000006071
770 0.0000006063
771 0.0000006055
772 0.0000006047
773 0.0000006039
774 0.0000006032
775 0.0000006024
776 0.0000006016
777 0.0000006008
778 0.0000006000
779 0.0000005993
780 0.0000005985
781 0.0000005977
782 0.0000005970
783 0.0000005962
784 0.0000005954
785 0.0000005947
786 0.0000005939
787 0.0000005932
788 0.0000005924
789 0.0000005917
790 0.0000005909
791 0.0000005902
792 0.0000005894
793 0.0000005887
794 0.0000005879
795 0.0000005872
796 0.0000005864
797 0.0000005857
798 0.0000005850
799 0.0000005842
800 0.0000005835
801 0.0000005828
802 0.0000005820
803 0.0000005813
804 0.0000005806
805 0.0000005799
806 0.0000005791
807 0.0000005784
808 0.0000005777
809 0.0000005770
810 0.0000005763
811 0.0000005756
812 0.0000005749
813 0.0000005741
814 0.0000005734
815 0.0000005727
816 0.0000005720
817 0.0000005713
818 0.0000005706
819 0.0000005699
820 0.0000005692
821 0.0000005685
822 0.0000005678
823 0.0000005671
824 0.0000005665
825 0.0000005658
826 0.0000005651
827 0.0000005644
828 0.0000005637
829 0.0000005630
830 0.0000005623
831 0.0000005617
832 0.0000005610
833 0.0000005603
834 0.0000005596
835 0.0000005590
836 0.0000005583
837 0.0000005576
838 0.0000005570
839 0.0000005563
840 0.0000005556
841 0.0000005550
842 0.0000005543
843 0.0000005537
844 0.0000005530
845 0.0000005523
846 0.0000005517
847 0.0000005510
848 0.0000005504
849 0.0000005497
850 0.0000005491
851 0.0000005484
852 0.0000005478
853 0.0000005471
854 0.0000005465
855 0.0000005459
856 0.0000005452
857 0.0000005446
858 0.0000005439
859 0.0000005433
860 0.0000005427
861 0.0000005420
862 0.0000005414
863 0.0000005408
864 0.0000005401
865 0.0000005395
866 0.0000005389
867 0.0000005383
868 0.0000005377
869 0.0000005370
870 0.0000005364
871 0.0000005358
872 0.0000005352
873 0.0000005346
874 0.0000005340
875 0.0000005333
876 0.0000005327
877 0.0000005321
878 0.0000005315
879 0.0000005309
880 0.0000005303
881 0.0000005297
882 0.0000005291
883 0.0000005285
884 0.0000005279
885 0.0000005273
886 0.0000005267
887 0.0000005261
888 0.0000005255
889 0.0000005249
890 0.0000005243
891 0.0000005237
892 0.0000005231
893 0.0000005226
894 0.0000005220
895 0.0000005214
896 0.0000005208
897 0.0000005202
898 0.0000005196
899 0.0000005191
900 0.0000005185
901 0.0000005179
902 0.0000005173
903 0.0000005167
904 0.0000005162
905 0.0000005156
906 0.0000005150
907 0.0000005145
908 0.0000005139
909 0.0000005133
910 0.0000005128
911 0.0000005122
912 0.0000005116
913 0.0000005111
914 0.0000005105
915 0.0000005099
916 0.0000005094
917 0.0000005088
918 0.0000005083
919 0.0000005077
920 0.0000005072
921 0.0000005066
922 0.0000005061
923 0.0000005055
924 0.0000005050
925 0.0000005044
926 0.0000005039
927 0.0000005033
928 0.0000005028
929 0.0000005022
930 0.0000005017
931 0.0000005011
932 0.0000005006
933 0.0000005001
934 0.0000004995
935 0.0000004990
936 0.0000004985
937 0.0000004979
938 0.0000004974
939 0.0000004969
940 0.0000004963
941 0.0000004958
942 0.0000004953
943 0.0000004947
944 0.0000004942
945 0.0000004937
946 0.0000004932
947 0.0000004926
948 0.0000004921
949 0.0000004916
950 0.0000004911
951 0.0000004906
952 0.0000004900
953 0.0000004895
954 0.0000004890
955 0.0000004885
956 0.0000004880
957 0.0000004875
958 0.0000004870
959 0.0000004864
960 0.0000004859
961 0.0000004854
962 0.0000004849
963 0.0000004844
964 0.0000004839
965 0.0000004834
966 0.0000004829
967 0.0000004824
968 0.0000004819
969 0.0000004814
970 0.0000004809
971 0.0000004804
972 0.0000004799
973 0.0000004794
974 0.0000004789
975 0.0000004784
976 0.0000004779
977 0.0000004774
978 0.0000004770
979 0.0000004765
980 0.0000004760
981 0.0000004755
982 0.0000004750
983 0.0000004745
984 0.0000004740
985 0.0000004735
986 0.0000004731
987 0.0000004726
988 0.0000004721
989 0.0000004716
990 0.0000004711
