1 558
0 0.9904137355
1 0.0031336378
2 0.0012150962
3 0.0007971979
4 0.0005534533
5 0.0004128815
6 0.0003232267
7 0.0002611572
8 0.0002159543
9 0.0001818601
10 0.0001554278
11 0.0001344703
12 0.0001175427
13 0.0001036566
14 0.0000921152
15 0.0000824136
16 0.0000741783
17 0.0000671271
18 0.0000610433
19 0.0000557582
20 0.0000511386
21 0.0000470780
22 0.0000434906
23 0.0000403064
24 0.0000374679
25 0.0000349275
26 0.0000326456
27 0.0000305886
28 0.0000287286
29 0.0000270415
30 0.0000255068
31 0.0000241071
32 0.0000228273
33 0.0000216542
34 0.0000205764
35 0.0000195841
36 0.0000186685
37 0.0000178221
38 0.0000170380
39 0.0000163104
40 0.0000156340
41 0.0000150041
42 0.0000144165
43 0.0000138676
44 0.0000133540
45 0.0000128727
46 0.0000124211
47 0.0000119966
48 0.0000115973
49 0.0000112210
50 0.0000108660
51 0.0000105307
52 0.0000102136
53 0.0000099133
54 0.0000096288
55 0.0000093587
56 0.0000091023
57 0.0000088584
58 0.0000086262
59 0.0000084051
60 0.0000081941
61 0.0000079928
62 0.0000078005
63 0.0000076165
64 0.0000074405
65 0.0000072719
66 0.0000071103
67 0.0000069552
68 0.0000068064
69 0.0000066634
70 0.0000065259
71 0.0000063936
72 0.0000062662
73 0.0000061434
74 0.0000060251
75 0.0000059110
76 0.0000058008
77 0.0000056945
78 0.0000055916
79 0.0000054922
80 0.0000053960
81 0.0000053030
82 0.0000052128
83 0.0000051254
84 0.0000050408
85 0.0000049586
86 0.0000048789
87 0.0000048016
88 0.0000047265
89 0.0000046535
90 0.0000045825
91 0.0000045135
92 0.0000044464
93 0.0000043811
94 0.0000043176
95 0.0000042557
96 0.0000041954
97 0.0000041366
98 0.0000040793
99 0.0000040235
100 0.0000039690
101 0.0000039158
102 0.0000038639
103 0.0000038133
104 0.0000037638
105 0.0000037155
106 0.0000036683
107 0.0000036221
108 0.0000035770
109 0.0000035328
110 0.0000034897
111 0.0000034475
112 0.0000034061
113 0.0000033657
114 0.0000033261
115 0.0000032873
116 0.0000032494
117 0.0000032121
118 0.0000031757
119 0.0000031400
120 0.0000031050
121 0.0000030706
122 0.0000030370
123 0.0000030039
124 0.0000029715
125 0.0000029398
126 0.0000029086
127 0.0000028780
128 0.0000028479
129 0.0000028184
130 0.0000027895
131 0.0000027610
132 0.0000027331
133 0.0000027057
134 0.0000026787
135 0.0000026522
136 0.0000026262
137 0.0000026006
138 0.0000025754
139 0.0000025507
140 0.0000025263
141 0.0000025024
142 0.0000024789
143 0.0000024557
144 0.0000024330
145 0.0000024106
146 0.0000023885
147 0.0000023668
148 0.0000023455
149 0.0000023244
150 0.0000023037
151 0.0000022834
152 0.0000022633
153 0.0000022435
154 0.0000022241
155 0.0000022049
156 0.0000021860
157 0.0000021674
158 0.0000021491
159 0.0000021310
160 0.0000021132
161 0.0000020957
162 0.0000020784
163 0.0000020613
164 0.0000020445
165 0.0000020280
166 0.0000020116
167 0.0000019955
168 0.0000019796
169 0.0000019640
170 0.0000019485
171 0.0000019333
172 0.0000019182
173 0.0000019034
174 0.0000018887
175 0.0000018743
176 0.0000018600
177 0.0000018460
178 0.0000018321
179 0.0000018184
180 0.0000018048
181 0.0000017915
182 0.0000017783
183 0.0000017653
184 0.0000017524
185 0.0000017397
186 0.0000017272
187 0.0000017148
188 0.0000017026
189 0.0000016905
190 0.0000016786
191 0.0000016668
192 0.0000016552
193 0.0000016437
194 0.0000016323
195 0.0000016211
196 0.0000016100
197 0.0000015990
198 0.0000015882
199 0.0000015775
200 0.0000015669
201 0.0000015564
202 0.0000015461
203 0.0000015359
204 0.0000015258
205 0.0000015158
206 0.0000015059
207 0.0000014961
208 0.0000014865
209 0.0000014769
210 0.0000014675
211 0.0000014581
212 0.0000014489
213 0.0000014397
214 0.0000014307
215 0.0000014217
216 0.0000014129
217 0.0000014041
218 0.0000013955
219 0.0000013869
220 0.0000013784
221 0.0000013701
222 0.0000013618
223 0.0000013535
224 0.0000013454
225 0.0000013374
226 0.0000013294
227 0.0000013215
228 0.0000013137
229 0.0000013060
230 0.0000012984
231 0.0000012908
232 0.0000012833
233 0.0000012759
234 0.0000012685
235 0.0000012613
236 0.0000012541
237 0.0000012470
238 0.0000012399
239 0.0000012329
240 0.0000012260
241 0.0000012191
242 0.0000012123
243 0.0000012056
244 0.0000011990
245 0.0000011924
246 0.0000011858
247 0.0000011794
248 0.0000011729
249 0.0000011666
250 0.0000011603
251 0.0000011541
252 0.0000011479
253 0.0000011418
254 0.0000011357
255 0.0000011297
256 0.0000011237
257 0.0000011179
258 0.0000011120
259 0.0000011062
260 0.0000011005
261 0.0000010948
262 0.0000010891
263 0.0000010835
264 0.0000010780
265 0.0000010725
266 0.0000010671
267 0.0000010617
268 0.0000010563
269 0.0000010510
270 0.0000010458
271 0.0000010405
272 0.0000010354
273 0.0000010303
274 0.0000010252
275 0.0000010201
276 0.0000010151
277 0.0000010102
278 0.0000010053
279 0.0000010004
280 0.0000009956
281 0.0000009908
282 0.0000009860
283 0.0000009813
284 0.0000009766
285 0.0000009720
286 0.0000009674
287 0.0000009629
288 0.0000009583
289 0.0000009538
290 0.0000009494
291 0.0000009450
292 0.0000009406
293 0.0000009363
294 0.0000009320
295 0.0000009277
296 0.0000009234
297 0.0000009192
298 0.0000009150
299 0.0000009109
300 0.0000009068
301 0.0000009027
302 0.0000008987
303 0.0000008946
304 0.0000008907
305 0.0000008867
306 0.0000008828
307 0.0000008789
308 0.0000008750
309 0.0000008712
310 0.0000008674
311 0.0000008636
312 0.0000008598
313 0.0000008561
314 0.0000008524
315 0.0000008488
316 0.0000008451
317 0.0000008415
318 0.0000008379
319 0.0000008343
320 0.0000008308
321 0.0000008273
322 0.0000008238
323 0.0000008203
324 0.0000008169
325 0.0000008135
326 0.0000008101
327 0.0000008068
328 0.0000008034
329 0.0000008001
330 0.0000007968
331 0.0000007935
332 0.0000007903
333 0.0000007871
334 0.0000007839
335 0.0000007807
336 0.0000007775
337 0.0000007744
338 0.0000007713
339 0.0000007682
340 0.0000007651
341 0.0000007621
342 0.0000007591
343 0.0000007561
344 0.0000007531
345 0.0000007501
346 0.0000007472
347 0.0000007442
348 0.0000007413
349 0.0000007384
350 0.0000007356
351 0.0000007327
352 0.0000007299
353 0.0000007271
354 0.0000007243
355 0.0000007215
356 0.0000007187
357 0.0000007160
358 0.0000007133
359 0.0000007106
360 0.0000007079
361 0.0000007052
362 0.0000007026
363 0.0000006999
364 0.0000006973
365 0.0000006947
366 0.0000006921
367 0.0000006896
368 0.0000006870
369 0.0000006845
370 0.0000006819
371 0.0000006794
372 0.0000006770
373 0.0000006745
374 0.0000006720
375 0.0000006696
376 0.0000006672
377 0.0000006647
378 0.0000006623
379 0.0000006600
380 0.0000006576
381 0.0000006552
382 0.0000006529
383 0.0000006506
384 0.0000006483
385 0.0000006460
386 0.0000006437
387 0.0000006414
388 0.0000006392
389 0.0000006369
390 0.0000006347
391 0.0000006325
392 0.0000006303
393 0.0000006281
394 0.0000006259
395 0.0000006237
396 0.0000006216
397 0.0000006194
398 0.0000006173
399 0.0000006152
400 0.0000006131
401 0.0000006110
402 0.0000006089
403 0.0000006069
404 0.0000006048
405 0.0000006028
406 0.0000006007
407 0.0000005987
408 0.0000005967
409 0.0000005947
410 0.0000005927
411 0.0000005907
412 0.0000005888
413 0.0000005868
414 0.0000005849
415 0.0000005830
416 0.0000005810
417 0.0000005791
418 0.0000005772
419 0.0000005753
420 0.0000005735
421 0.0000005716
422 0.0000005697
423 0.0000005679
424 0.0000005660
425 0.0000005642
426 0.0000005624
427 0.0000005606
428 0.0000005588
429 0.0000005570
430 0.0000005552
431 0.0000005534
432 0.0000005517
433 0.0000005499
434 0.0000005482
435 0.0000005465
436 0.0000005447
437 0.0000005430
438 0.0000005413
439 0.0000005396
440 0.0000005379
441 0.0000005362
442 0.0000005346
443 0.0000005329
444 0.0000005313
445 0.0000005296
446 0.0000005280
447 0.0000005263
448 0.0000005247
449 0.0000005231
450 0.0000005215
451 0.0000005199
452 0.0000005183
453 0.0000005167
454 0.0000005152
455 0.0000005136
456 0.0000005120
457 0.0000005105
458 0.0000005089
459 0.0000005074
460 0.0000005059
461 0.0000005044
462 0.0000005028
463 0.0000005013
464 0.0000004998
465 0.0000004983
466 0.0000004969
467 0.0000004954
468 0.0000004939
469 0.0000004924
470 0.0000004910
471 0.0000004895
472 0.0000004881
473 0.0000004867
474 0.0000004852
475 0.0000004838
476 0.0000004824
477 0.0000004810
478 0.0000004796
479 0.0000004782
480 0.0000004768
481 0.0000004754
482 0.0000004740
483 0.0000004726
484 0.0000004712
485 0.0000004699
486 0.0000004685
487 0.0000004672
488 0.0000004658
489 0.0000004645
490 0.0000004631
491 0.0000004618
492 0.0000004605
493 0.0000004591
494 0.0000004578
495 0.0000004565
496 0.0000004552
497 0.0000004539
498 0.0000004526
499 0.0000004513
500 0.0000004500
501 0.0000004487
502 0.0000004474
503 0.0000004462
504 0.0000004449
505 0.0000004436
506 0.0000004424
507 0.0000004411
508 0.0000004398
509 0.0000004386
510 0.0000004373
511 0.0000004361
512 0.0000004348
513 0.0000004336
514 0.0000004324
515 0.0000004311
516 0.0000004299
517 0.0000004287
518 0.0000004274
519 0.0000004262
520 0.0000004250
521 0.0000004238
522 0.0000004225
523 0.0000004213
524 0.0000004201
525 0.0000004189
526 0.0000004176
527 0.0000004164
528 0.0000004152
529 0.0000004140
530 0.0000004127
531 0.0000004115
532 0.0000004103
533 0.0000004090
534 0.0000004078
535 0.0000004065
536 0.0000004053
537 0.0000004040
538 0.0000004027
539 0.0000004014
540 0.0000004001
541 0.0000003988
542 0.0000003974
543 0.0000003960
544 0.0000003946
545 0.0000003931
546 0.0000003916
547 0.0000003900
548 0.0000003883
549 0.0000003865
550 0.0000003845
551 0.0000003822
552 0.0000003795
553 0.0000003763
554 0.0000003719
555 0.0000003657
556 0.0000003537
557 0.0000003148
558 0.0000000000
