0 288
0 0.9754344699
1 0.0062382893
2 0.0021615057
3 0.0013642856
4 0.0009206118
5 0.0006843294
6 0.0005448346
7 0.0004535744
8 0.0003895507
9 0.0003422813
10 0.0003059078
11 0.0002769535
12 0.0002532676
13 0.0002334662
14 0.0002166231
15 0.0002020951
16 0.0001894197
17 0.0001782547
18 0.0001683402
19 0.0001594743
20 0.0001514975
21 0.0001442817
22 0.0001377225
23 0.0001317339
24 0.0001262445
25 0.0001211944
26 0.0001165327
27 0.0001122164
28 0.0001082084
29 0.0001044769
30 0.0001009940
31 0.0000977359
32 0.0000946815
33 0.0000918121
34 0.0000891116
35 0.0000865653
36 0.0000841605
37 0.0000818857
38 0.0000797306
39 0.0000776861
40 0.0000757438
41 0.0000738962
42 0.0000721366
43 0.0000704588
44 0.0000688573
45 0.0000673270
46 0.0000658632
47 0.0000644616
48 0.0000631186
49 0.0000618302
50 0.0000605935
51 0.0000594052
52 0.0000582627
53 0.0000571632
54 0.0000561045
55 0.0000550843
56 0.0000541005
57 0.0000531512
58 0.0000522347
59 0.0000513492
60 0.0000504933
61 0.0000496654
62 0.0000488642
63 0.0000480884
64 0.0000473369
65 0.0000466085
66 0.0000459022
67 0.0000452170
68 0.0000445519
69 0.0000439061
70 0.0000432787
71 0.0000426690
72 0.0000420763
73 0.0000414998
74 0.0000409389
75 0.0000403929
76 0.0000398613
77 0.0000393435
78 0.0000388390
79 0.0000383472
80 0.0000378678
81 0.0000374002
82 0.0000369439
83 0.0000364987
84 0.0000360641
85 0.0000356397
86 0.0000352252
87 0.0000348202
88 0.0000344244
89 0.0000340375
90 0.0000336592
91 0.0000332892
92 0.0000329273
93 0.0000325731
94 0.0000322265
95 0.0000318871
96 0.0000315549
97 0.0000312295
98 0.0000309107
99 0.0000305984
100 0.0000302923
101 0.0000299922
102 0.0000296981
103 0.0000294097
104 0.0000291268
105 0.0000288493
106 0.0000285770
107 0.0000283098
108 0.0000280476
109 0.0000277902
110 0.0000275374
111 0.0000272893
112 0.0000270455
113 0.0000268061
114 0.0000265708
115 0.0000263397
116 0.0000261125
117 0.0000258892
118 0.0000256697
119 0.0000254539
120 0.0000252417
121 0.0000250330
122 0.0000248277
123 0.0000246258
124 0.0000244271
125 0.0000242316
126 0.0000240392
127 0.0000238498
128 0.0000236633
129 0.0000234798
130 0.0000232991
131 0.0000231212
132 0.0000229459
133 0.0000227733
134 0.0000226032
135 0.0000224357
136 0.0000222706
137 0.0000221080
138 0.0000219477
139 0.0000217897
140 0.0000216339
141 0.0000214804
142 0.0000213291
143 0.0000211798
144 0.0000210326
145 0.0000208875
146 0.0000207443
147 0.0000206031
148 0.0000204638
149 0.0000203264
150 0.0000201908
151 0.0000200569
152 0.0000199249
153 0.0000197946
154 0.0000196659
155 0.0000195390
156 0.0000194136
157 0.0000192899
158 0.0000191677
159 0.0000190470
160 0.0000189279
161 0.0000188102
162 0.0000186940
163 0.0000185792
164 0.0000184658
165 0.0000183538
166 0.0000182432
167 0.0000181338
168 0.0000180258
169 0.0000179190
170 0.0000178135
171 0.0000177092
172 0.0000176062
173 0.0000175043
174 0.0000174036
175 0.0000173041
176 0.0000172056
177 0.0000171083
178 0.0000170121
179 0.0000169170
180 0.0000168229
181 0.0000167299
182 0.0000166378
183 0.0000165468
184 0.0000164568
185 0.0000163677
186 0.0000162796
187 0.0000161925
188 0.0000161062
189 0.0000160209
190 0.0000159365
191 0.0000158529
192 0.0000157703
193 0.0000156884
194 0.0000156075
195 0.0000155273
196 0.0000154480
197 0.0000153695
198 0.0000152917
199 0.0000152148
200 0.0000151386
201 0.0000150632
202 0.0000149885
203 0.0000149145
204 0.0000148413
205 0.0000147688
206 0.0000146970
207 0.0000146259
208 0.0000145555
209 0.0000144857
210 0.0000144166
211 0.0000143482
212 0.0000142804
213 0.0000142132
214 0.0000141467
215 0.0000140808
216 0.0000140155
217 0.0000139508
218 0.0000138867
219 0.0000138231
220 0.0000137602
221 0.0000136978
222 0.0000136360
223 0.0000135747
224 0.0000135140
225 0.0000134538
226 0.0000133941
227 0.0000133350
228 0.0000132764
229 0.0000132183
230 0.0000131607
231 0.0000131036
232 0.0000130470
233 0.0000129909
234 0.0000129352
235 0.0000128800
236 0.0000128253
237 0.0000127711
238 0.0000127173
239 0.0000126639
240 0.0000126110
241 0.0000125586
242 0.0000125065
243 0.0000124549
244 0.0000124038
245 0.0000123530
246 0.0000123026
247 0.0000122527
248 0.0000122031
249 0.0000121540
250 0.0000121052
251 0.0000120568
252 0.0000120088
253 0.0000119612
254 0.0000119140
255 0.0000118671
256 0.0000118206
257 0.0000117745
258 0.0000117287
259 0.0000116832
260 0.0000116381
261 0.0000115934
262 0.0000115490
263 0.0000115049
264 0.0000114611
265 0.0000114177
266 0.0000113746
267 0.0000113319
268 0.0000112894
269 0.0000112473
270 0.0000112054
271 0.0000111639
272 0.0000111227
273 0.0000110818
274 0.0000110412
275 0.0000110008
276 0.0000109608
277 0.0000109210
278 0.0000108816
279 0.0000108424
280 0.0000108035
281 0.0000107648
282 0.0000107264
283 0.0000106883
284 0.0000106505
285 0.0000106129
286 0.0000105756
287 0.0000105386
288 0.0000105018
