0 1090
0 0.9725933293
1 0.0056142239
2 0.0023729348
3 0.0016627252
4 0.0012327059
5 0.0009775735
6 0.0008100570
7 0.0006904823
8 0.0006006541
9 0.0005307607
10 0.0004748656
11 0.0004291556
12 0.0003910810
13 0.0003588779
14 0.0003312874
15 0.0003073869
16 0.0002864847
17 0.0002680515
18 0.0002516759
19 0.0002370330
20 0.0002238628
21 0.0002119549
22 0.0002011370
23 0.0001912671
24 0.0001822265
25 0.0001739157
26 0.0001662504
27 0.0001591589
28 0.0001525797
29 0.0001464598
30 0.0001407532
31 0.0001354198
32 0.0001304247
33 0.0001257371
34 0.0001213298
35 0.0001171787
36 0.0001132625
37 0.0001095622
38 0.0001060606
39 0.0001027424
40 0.0000995939
41 0.0000966026
42 0.0000937573
43 0.0000910478
44 0.0000884647
45 0.0000859997
46 0.0000836450
47 0.0000813936
48 0.0000792390
49 0.0000771752
50 0.0000751968
51 0.0000732988
52 0.0000714764
53 0.0000697254
54 0.0000680419
55 0.0000664220
56 0.0000648625
57 0.0000633600
58 0.0000619117
59 0.0000605147
60 0.0000591665
61 0.0000578647
62 0.0000566070
63 0.0000553914
64 0.0000542157
65 0.0000530782
66 0.0000519771
67 0.0000509108
68 0.0000498778
69 0.0000488765
70 0.0000479055
71 0.0000469638
72 0.0000460498
73 0.0000451626
74 0.0000443011
75 0.0000434641
76 0.0000426508
77 0.0000418601
78 0.0000410912
79 0.0000403433
80 0.0000396156
81 0.0000389073
82 0.0000382177
83 0.0000375461
84 0.0000368919
85 0.0000362544
86 0.0000356331
87 0.0000350273
88 0.0000344366
89 0.0000338604
90 0.0000332982
91 0.0000327496
92 0.0000322142
93 0.0000316914
94 0.0000311809
95 0.0000306822
96 0.0000301951
97 0.0000297191
98 0.0000292539
99 0.0000287992
100 0.0000283546
101 0.0000279198
102 0.0000274946
103 0.0000270786
104 0.0000266716
105 0.0000262733
106 0.0000258835
107 0.0000255019
108 0.0000251282
109 0.0000247624
110 0.0000244041
111 0.0000240531
112 0.0000237092
113 0.0000233723
114 0.0000230421
115 0.0000227185
116 0.0000224013
117 0.0000220903
118 0.0000217854
119 0.0000214864
120 0.0000211931
121 0.0000209055
122 0.0000206233
123 0.0000203464
124 0.0000200747
125 0.0000198081
126 0.0000195464
127 0.0000192895
128 0.0000190373
129 0.0000187897
130 0.0000185466
131 0.0000183079
132 0.0000180734
133 0.0000178430
134 0.0000176168
135 0.0000173945
136 0.0000171761
137 0.0000169615
138 0.0000167506
139 0.0000165433
140 0.0000163396
141 0.0000161393
142 0.0000159424
143 0.0000157488
144 0.0000155585
145 0.0000153713
146 0.0000151872
147 0.0000150062
148 0.0000148281
149 0.0000146530
150 0.0000144806
151 0.0000143111
152 0.0000141443
153 0.0000139801
154 0.0000138186
155 0.0000136596
156 0.0000135032
157 0.0000133492
158 0.0000131976
159 0.0000130483
160 0.0000129014
161 0.0000127568
162 0.0000126143
163 0.0000124740
164 0.0000123359
165 0.0000121999
166 0.0000120659
167 0.0000119340
168 0.0000118040
169 0.0000116759
170 0.0000115498
171 0.0000114255
172 0.0000113031
173 0.0000111824
174 0.0000110635
175 0.0000109464
176 0.0000108309
177 0.0000107171
178 0.0000106049
179 0.0000104944
180 0.0000103854
181 0.0000102780
182 0.0000101721
183 0.0000100677
184 0.0000099648
185 0.0000098633
186 0.0000097632
187 0.0000096645
188 0.0000095672
189 0.0000094712
190 0.0000093765
191 0.0000092832
192 0.0000091911
193 0.0000091003
194 0.0000090107
195 0.0000089223
196 0.0000088351
197 0.0000087491
198 0.0000086642
199 0.0000085805
200 0.0000084979
201 0.0000084163
202 0.0000083359
203 0.0000082565
204 0.0000081782
205 0.0000081008
206 0.0000080245
207 0.0000079492
208 0.0000078748
209 0.0000078015
210 0.0000077290
211 0.0000076575
212 0.0000075869
213 0.0000075173
214 0.0000074485
215 0.0000073805
216 0.0000073135
217 0.0000072472
218 0.0000071819
219 0.0000071173
220 0.0000070535
221 0.0000069906
222 0.0000069284
223 0.0000068670
224 0.0000068063
225 0.0000067464
226 0.0000066872
227 0.0000066288
228 0.0000065711
229 0.0000065141
230 0.0000064577
231 0.0000064021
232 0.0000063471
233 0.0000062928
234 0.0000062391
235 0.0000061861
236 0.0000061338
237 0.0000060820
238 0.0000060309
239 0.0000059803
240 0.0000059304
241 0.0000058811
242 0.0000058323
243 0.0000057841
244 0.0000057365
245 0.0000056894
246 0.0000056429
247 0.0000055969
248 0.0000055515
249 0.0000055066
250 0.0000054622
251 0.0000054183
252 0.0000053749
253 0.0000053320
254 0.0000052896
255 0.0000052477
256 0.0000052063
257 0.0000051653
258 0.0000051248
259 0.0000050848
260 0.0000050452
261 0.0000050061
262 0.0000049674
263 0.0000049291
264 0.0000048913
265 0.0000048538
266 0.0000048168
267 0.0000047802
268 0.0000047440
269 0.0000047082
270 0.0000046728
271 0.0000046378
272 0.0000046032
273 0.0000045690
274 0.0000045351
275 0.0000045016
276 0.0000044684
277 0.0000044357
278 0.0000044032
279 0.0000043712
280 0.0000043394
281 0.0000043080
282 0.0000042770
283 0.0000042463
284 0.0000042159
285 0.0000041858
286 0.0000041561
287 0.0000041266
288 0.0000040975
289 0.0000040687
290 0.0000040402
291 0.0000040120
292 0.0000039841
293 0.0000039564
294 0.0000039291
295 0.0000039021
296 0.0000038753
297 0.0000038488
298 0.0000038226
299 0.0000037967
300 0.0000037710
301 0.0000037456
302 0.0000037204
303 0.0000036955
304 0.0000036709
305 0.0000036465
306 0.0000036224
307 0.0000035985
308 0.0000035749
309 0.0000035515
310 0.0000035283
311 0.0000035054
312 0.0000034827
313 0.0000034602
314 0.0000034379
315 0.0000034159
316 0.0000033941
317 0.0000033725
318 0.0000033511
319 0.0000033300
320 0.0000033090
321 0.0000032883
322 0.0000032677
323 0.0000032474
324 0.0000032273
325 0.0000032073
326 0.0000031876
327 0.0000031680
328 0.0000031487
329 0.0000031295
330 0.0000031105
331 0.0000030917
332 0.0000030731
333 0.0000030547
334 0.0000030364
335 0.0000030183
336 0.0000030004
337 0.0000029827
338 0.0000029651
339 0.0000029477
340 0.0000029305
341 0.0000029134
342 0.0000028965
343 0.0000028797
344 0.0000028632
345 0.0000028467
346 0.0000028304
347 0.0000028143
348 0.0000027983
349 0.0000027825
350 0.0000027668
351 0.0000027513
352 0.0000027359
353 0.0000027207
354 0.0000027056
355 0.0000026906
356 0.0000026758
357 0.0000026611
358 0.0000026466
359 0.0000026322
360 0.0000026179
361 0.0000026037
362 0.0000025897
363 0.0000025758
364 0.0000025621
365 0.0000025484
366 0.0000025349
367 0.0000025215
368 0.0000025082
369 0.0000024951
370 0.0000024820
371 0.0000024691
372 0.0000024563
373 0.0000024436
374 0.0000024311
375 0.0000024186
376 0.0000024062
377 0.0000023940
378 0.0000023819
379 0.0000023699
380 0.0000023579
381 0.0000023461
382 0.0000023344
383 0.0000023228
384 0.0000023113
385 0.0000022999
386 0.0000022886
387 0.0000022774
388 0.0000022663
389 0.0000022553
390 0.0000022444
391 0.0000022335
392 0.0000022228
393 0.0000022122
394 0.0000022016
395 0.0000021912
396 0.0000021808
397 0.0000021706
398 0.0000021604
399 0.0000021503
400 0.0000021402
401 0.0000021303
402 0.0000021205
403 0.0000021107
404 0.0000021010
405 0.0000020914
406 0.0000020819
407 0.0000020725
408 0.0000020631
409 0.0000020539
410 0.0000020447
411 0.0000020355
412 0.0000020265
413 0.0000020175
414 0.0000020086
415 0.0000019998
416 0.0000019910
417 0.0000019824
418 0.0000019738
419 0.0000019652
420 0.0000019567
421 0.0000019483
422 0.0000019400
423 0.0000019318
424 0.0000019236
425 0.0000019154
426 0.0000019074
427 0.0000018994
428 0.0000018914
429 0.0000018836
430 0.0000018758
431 0.0000018680
432 0.0000018603
433 0.0000018527
434 0.0000018452
435 0.0000018377
436 0.0000018302
437 0.0000018229
438 0.0000018155
439 0.0000018083
440 0.0000018011
441 0.0000017939
442 0.0000017868
443 0.0000017798
444 0.0000017728
445 0.0000017659
446 0.0000017590
447 0.0000017522
448 0.0000017454
449 0.0000017387
450 0.0000017320
451 0.0000017254
452 0.0000017188
453 0.0000017123
454 0.0000017059
455 0.0000016994
456 0.0000016931
457 0.0000016868
458 0.0000016805
459 0.0000016743
460 0.0000016681
461 0.0000016620
462 0.0000016559
463 0.0000016499
464 0.0000016439
465 0.0000016379
466 0.0000016320
467 0.0000016262
468 0.0000016204
469 0.0000016146
470 0.0000016089
471 0.0000016032
472 0.0000015976
473 0.0000015919
474 0.0000015864
475 0.0000015809
476 0.0000015754
477 0.0000015700
478 0.0000015646
479 0.0000015592
480 0.0000015539
481 0.0000015486
482 0.0000015434
483 0.0000015382
484 0.0000015330
485 0.0000015279
486 0.0000015228
487 0.0000015177
488 0.0000015127
489 0.0000015077
490 0.0000015027
491 0.0000014978
492 0.0000014929
493 0.0000014881
494 0.0000014833
495 0.0000014785
496 0.0000014738
497 0.0000014690
498 0.0000014643
499 0.0000014597
500 0.0000014551
501 0.0000014505
502 0.0000014460
503 0.0000014414
504 0.0000014369
505 0.0000014325
506 0.0000014281
507 0.0000014237
508 0.0000014193
509 0.0000014150
510 0.0000014107
511 0.0000014064
512 0.0000014021
513 0.0000013979
514 0.0000013937
515 0.0000013896
516 0.0000013854
517 0.0000013813
518 0.0000013772
519 0.0000013732
520 0.0000013691
521 0.0000013651
522 0.0000013612
523 0.0000013572
524 0.0000013533
525 0.0000013494
526 0.0000013455
527 0.0000013417
528 0.0000013379
529 0.0000013341
530 0.0000013303
531 0.0000013266
532 0.0000013228
533 0.0000013191
534 0.0000013155
535 0.0000013118
536 0.0000013082
537 0.0000013046
538 0.0000013010
539 0.0000012974
540 0.0000012939
541 0.0000012904
542 0.0000012869
543 0.0000012834
544 0.0000012800
545 0.0000012765
546 0.0000012731
547 0.0000012697
548 0.0000012664
549 0.0000012630
550 0.0000012597
551 0.0000012564
552 0.0000012531
553 0.0000012499
554 0.0000012466
555 0.0000012434
556 0.0000012402
557 0.0000012370
558 0.0000012339
559 0.0000012307
560 0.0000012276
561 0.0000012245
562 0.0000012214
563 0.0000012183
564 0.0000012153
565 0.0000012123
566 0.0000012092
567 0.0000012062
568 0.0000012033
569 0.0000012003
570 0.0000011974
571 0.0000011944
572 0.0000011915
573 0.0000011886
574 0.0000011858
575 0.0000011829
576 0.0000011800
577 0.0000011772
578 0.0000011744
579 0.0000011716
580 0.0000011688
581 0.0000011661
582 0.0000011633
583 0.0000011606
584 0.0000011579
585 0.0000011552
586 0.0000011525
587 0.0000011498
588 0.0000011472
589 0.0000011445
590 0.0000011419
591 0.0000011393
592 0.0000011367
593 0.0000011341
594 0.0000011316
595 0.0000011290
596 0.0000011265
597 0.0000011240
598 0.0000011215
599 0.0000011190
600 0.0000011165
601 0.0000011140
602 0.0000011115
603 0.0000011091
604 0.0000011067
605 0.0000011042
606 0.0000011018
607 0.0000010995
608 0.0000010971
609 0.0000010947
610 0.0000010923
611 0.0000010900
612 0.0000010877
613 0.0000010854
614 0.0000010831
615 0.0000010808
616 0.0000010785
617 0.0000010762
618 0.0000010740
619 0.0000010717
620 0.0000010695
621 0.0000010673
622 0.0000010651
623 0.0000010629
624 0.0000010607
625 0.0000010585
626 0.0000010563
627 0.0000010542
628 0.0000010520
629 0.0000010499
630 0.0000010478
631 0.0000010457
632 0.0000010436
633 0.0000010415
634 0.0000010394
635 0.0000010373
636 0.0000010353
637 0.0000010332
638 0.0000010312
639 0.0000010292
640 0.0000010271
641 0.0000010251
642 0.0000010231
643 0.0000010211
644 0.0000010191
645 0.0000010172
646 0.0000010152
647 0.0000010133
648 0.0000010113
649 0.0000010094
650 0.0000010075
651 0.0000010056
652 0.0000010036
653 0.0000010018
654 0.0000009999
655 0.0000009980
656 0.0000009961
657 0.0000009943
658 0.0000009924
659 0.0000009906
660 0.0000009887
661 0.0000009869
662 0.0000009851
663 0.0000009833
664 0.0000009815
665 0.0000009797
666 0.0000009779
667 0.0000009761
668 0.0000009743
669 0.0000009726
670 0.0000009708
671 0.0000009691
672 0.0000009673
673 0.0000009656
674 0.0000009639
675 0.0000009622
676 0.0000009605
677 0.0000009588
678 0.0000009571
679 0.0000009554
680 0.0000009537
681 0.0000009520
682 0.0000009504
683 0.0000009487
684 0.0000009471
685 0.0000009454
686 0.0000009438
687 0.0000009422
688 0.0000009405
689 0.0000009389
690 0.0000009373
691 0.0000009357
692 0.0000009341
693 0.0000009326
694 0.0000009310
695 0.0000009294
696 0.0000009278
697 0.0000009263
698 0.0000009247
699 0.0000009232
700 0.0000009216
701 0.0000009201
702 0.0000009186
703 0.0000009171
704 0.0000009155
705 0.0000009140
706 0.0000009125
707 0.0000009110
708 0.0000009095
709 0.0000009081
710 0.0000009066
711 0.0000009051
712 0.0000009036
713 0.0000009022
714 0.0000009007
715 0.0000008993
716 0.0000008978
717 0.0000008964
718 0.0000008950
719 0.0000008935
720 0.0000008921
721 0.0000008907
722 0.0000008893
723 0.0000008879
724 0.0000008865
725 0.0000008851
726 0.0000008837
727 0.0000008823
728 0.0000008810
729 0.0000008796
730 0.0000008782
731 0.0000008769
732 0.0000008755
733 0.0000008741
734 0.0000008728
735 0.0000008715
736 0.0000008701
737 0.0000008688
738 0.0000008675
739 0.0000008662
740 0.0000008648
741 0.0000008635
742 0.0000008622
743 0.0000008609
744 0.0000008596
745 0.0000008583
746 0.0000008570
747 0.0000008558
748 0.0000008545
749 0.0000008532
750 0.0000008519
751 0.0000008507
752 0.0000008494
753 0.0000008482
754 0.0000008469
755 0.0000008457
756 0.0000008444
757 0.0000008432
758 0.0000008420
759 0.0000008407
760 0.0000008395
761 0.0000008383
762 0.0000008371
763 0.0000008358
764 0.0000008346
765 0.0000008334
766 0.0000008322
767 0.0000008310
768 0.0000008299
769 0.0000008287
770 0.0000008275
771 0.0000008263
772 0.0000008251
773 0.0000008240
774 0.0000008228
775 0.0000008216
776 0.0000008205
777 0.0000008193
778 0.0000008182
779 0.0000008170
780 0.0000008159
781 0.0000008148
782 0.0000008136
783 0.0000008125
784 0.0000008114
785 0.0000008102
786 0.0000008091
787 0.0000008080
788 0.0000008069
789 0.0000008058
790 0.0000008047
791 0.0000008036
792 0.0000008025
793 0.0000008014
794 0.0000008003
795 0.0000007992
796 0.0000007981
797 0.0000007970
798 0.0000007960
799 0.0000007949
800 0.0000007938
801 0.0000007927
802 0.0000007917
803 0.0000007906
804 0.0000007896
805 0.0000007885
806 0.0000007875
807 0.0000007864
808 0.0000007854
809 0.0000007843
810 0.0000007833
811 0.0000007823
812 0.0000007812
813 0.0000007802
814 0.0000007792
815 0.0000007781
816 0.0000007771
817 0.0000007761
818 0.0000007751
819 0.0000007741
820 0.0000007731
821 0.0000007721
822 0.0000007711
823 0.0000007701
824 0.0000007691
825 0.0000007681
826 0.0000007671
827 0.0000007661
828 0.0000007651
829 0.0000007642
830 0.0000007632
831 0.0000007622
832 0.0000007612
833 0.0000007603
834 0.0000007593
835 0.0000007583
836 0.0000007574
837 0.0000007564
838 0.0000007555
839 0.0000007545
840 0.0000007536
841 0.0000007526
842 0.0000007517
843 0.0000007508
844 0.0000007498
845 0.0000007489
846 0.0000007479
847 0.0000007470
848 0.0000007461
849 0.0000007452
850 0.0000007442
851 0.0000007433
852 0.0000007424
853 0.0000007415
854 0.0000007406
855 0.0000007397
856 0.0000007388
857 0.0000007379
858 0.0000007370
859 0.0000007361
860 0.0000007352
861 0.0000007343
862 0.0000007334
863 0.0000007325
864 0.0000007316
865 0.0000007307
866 0.0000007298
867 0.0000007290
868 0.0000007281
869 0.0000007272
870 0.0000007263
871 0.0000007255
872 0.0000007246
873 0.0000007237
874 0.0000007229
875 0.0000007220
876 0.0000007212
877 0.0000007203
878 0.0000007194
879 0.0000007186
880 0.0000007177
881 0.0000007169
882 0.0000007161
883 0.0000007152
884 0.0000007144
885 0.0000007135
886 0.0000007127
887 0.0000007119
888 0.0000007110
889 0.0000007102
890 0.0000007094
891 0.0000007086
892 0.0000007077
893 0.0000007069
894 0.0000007061
895 0.0000007053
896 0.0000007045
897 0.0000007037
898 0.0000007028
899 0.0000007020
900 0.0000007012
901 0.0000007004
902 0.0000006996
903 0.0000006988
904 0.0000006980
905 0.0000006972
906 0.0000006964
907 0.0000006956
908 0.0000006948
909 0.0000006941
910 0.0000006933
911 0.0000006925
912 0.0000006917
913 0.0000006909
914 0.0000006901
915 0.0000006894
916 0.0000006886
917 0.0000006878
918 0.0000006870
919 0.0000006863
920 0.0000006855
921 0.0000006847
922 0.0000006840
923 0.0000006832
924 0.0000006825
925 0.0000006817
926 0.0000006809
927 0.0000006802
928 0.0000006794
929 0.0000006787
930 0.0000006779
931 0.0000006772
932 0.0000006764
933 0.0000006757
934 0.0000006750
935 0.0000006742
936 0.0000006735
937 0.0000006728
938 0.0000006720
939 0.0000006713
940 0.0000006705
941 0.0000006698
942 0.0000006691
943 0.0000006684
944 0.0000006676
945 0.0000006669
946 0.0000006662
947 0.0000006655
948 0.0000006648
949 0.0000006640
950 0.0000006633
951 0.0000006626
952 0.0000006619
953 0.0000006612
954 0.0000006605
955 0.0000006598
956 0.0000006591
957 0.0000006584
958 0.0000006577
959 0.0000006570
960 0.0000006563
961 0.0000006556
962 0.0000006549
963 0.0000006542
964 0.0000006535
965 0.0000006528
966 0.0000006521
967 0.0000006514
968 0.0000006507
969 0.0000006500
970 0.0000006494
971 0.0000006487
972 0.0000006480
973 0.0000006473
974 0.0000006466
975 0.0000006460
976 0.0000006453
977 0.0000006446
978 0.0000006440
979 0.0000006433
980 0.0000006426
981 0.0000006420
982 0.0000006413
983 0.0000006406
984 0.0000006400
985 0.0000006393
986 0.0000006386
987 0.0000006380
988 0.0000006373
989 0.0000006367
990 0.0000006360
991 0.0000006354
992 0.0000006347
993 0.0000006341
994 0.0000006334
995 0.0000006328
996 0.0000006321
997 0.0000006315
998 0.0000006309
999 0.0000006302
1000 0.0000006296
1001 0.0000006289
1002 0.0000006283
1003 0.0000006277
1004 0.0000006270
1005 0.0000006264
1006 0.0000006258
1007 0.0000006251
1008 0.0000006245
1009 0.0000006239
1010 0.0000006232
1011 0.0000006226
1012 0.0000006220
1013 0.0000006214
1014 0.0000006208
1015 0.0000006201
1016 0.0000006195
1017 0.0000006189
1018 0.0000006183
1019 0.0000006177
1020 0.0000006171
1021 0.0000006164
1022 0.0000006158
1023 0.0000006152
1024 0.0000006146
1025 0.0000006140
1026 0.0000006134
1027 0.0000006128
1028 0.0000006122
1029 0.0000006116
1030 0.0000006110
1031 0.0000006104
1032 0.0000006098
1033 0.0000006092
1034 0.0000006086
1035 0.0000006080
1036 0.0000006074
1037 0.0000006068
1038 0.0000006062
1039 0.0000006056
1040 0.0000006050
1041 0.0000006044
1042 0.0000006039
1043 0.0000006033
1044 0.0000006027
1045 0.0000006021
1046 0.0000006015
1047 0.0000006009
1048 0.0000006004
1049 0.0000005998
1050 0.0000005992
1051 0.0000005986
1052 0.0000005980
1053 0.0000005975
1054 0.0000005969
1055 0.0000005963
1056 0.0000005958
1057 0.0000005952
1058 0.0000005946
1059 0.0000005941
1060 0.0000005935
1061 0.0000005929
1062 0.0000005924
1063 0.0000005918
1064 0.0000005912
1065 0.0000005907
1066 0.0000005901
1067 0.0000005896
1068 0.0000005890
1069 0.0000005884
1070 0.0000005879
1071 0.0000005873
1072 0.0000005868
1073 0.0000005862
1074 0.0000005857
1075 0.0000005851
1076 0.0000005846
1077 0.0000005840
1078 0.0000005835
1079 0.0000005829
1080 0.0000005824
1081 0.0000005818
1082 0.0000005813
1083 0.0000005808
1084 0.0000005802
1085 0.0000005797
1086 0.0000005791
1087 0.0000005786
1088 0.0000005781
1089 0.0000005775
1090 0.0000005770
