1 558
0 0.9633662850
1 0.0077366884
2 0.0032573743
3 0.0022755196
4 0.0016813324
5 0.0013289487
6 0.0010976559
7 0.0009326274
8 0.0008087204
9 0.0007123713
10 0.0006353722
11 0.0005724509
12 0.0005200829
13 0.0004758294
14 0.0004379504
15 0.0004051703
16 0.0003765328
17 0.0003513065
18 0.0003289223
19 0.0003089311
20 0.0002909736
21 0.0002747588
22 0.0002600487
23 0.0002466467
24 0.0002343889
25 0.0002231378
26 0.0002127768
27 0.0002032069
28 0.0001943428
29 0.0001861115
30 0.0001784493
31 0.0001713009
32 0.0001646179
33 0.0001583578
34 0.0001524830
35 0.0001469603
36 0.0001417603
37 0.0001368564
38 0.0001322253
39 0.0001278456
40 0.0001236983
41 0.0001197664
42 0.0001160342
43 0.0001124877
44 0.0001091141
45 0.0001059016
46 0.0001028397
47 0.0000999185
48 0.0000971292
49 0.0000944636
50 0.0000919141
51 0.0000894737
52 0.0000871361
53 0.0000848953
54 0.0000827458
55 0.0000806827
56 0.0000787009
57 0.0000767964
58 0.0000749649
59 0.0000732026
60 0.0000715060
61 0.0000698718
62 0.0000682969
63 0.0000667782
64 0.0000653132
65 0.0000638993
66 0.0000625341
67 0.0000612153
68 0.0000599407
69 0.0000587085
70 0.0000575167
71 0.0000563636
72 0.0000552473
73 0.0000541665
74 0.0000531196
75 0.0000521051
76 0.0000511218
77 0.0000501683
78 0.0000492435
79 0.0000483461
80 0.0000474752
81 0.0000466297
82 0.0000458086
83 0.0000450109
84 0.0000442358
85 0.0000434825
86 0.0000427502
87 0.0000420379
88 0.0000413452
89 0.0000406712
90 0.0000400152
91 0.0000393766
92 0.0000387549
93 0.0000381495
94 0.0000375597
95 0.0000369851
96 0.0000364251
97 0.0000358792
98 0.0000353471
99 0.0000348281
100 0.0000343220
101 0.0000338283
102 0.0000333466
103 0.0000328764
104 0.0000324175
105 0.0000319696
106 0.0000315321
107 0.0000311049
108 0.0000306876
109 0.0000302800
110 0.0000298816
111 0.0000294923
112 0.0000291118
113 0.0000287398
114 0.0000283761
115 0.0000280204
116 0.0000276726
117 0.0000273322
118 0.0000269993
119 0.0000266735
120 0.0000263547
121 0.0000260426
122 0.0000257371
123 0.0000254380
124 0.0000251451
125 0.0000248583
126 0.0000245773
127 0.0000243021
128 0.0000240324
129 0.0000237682
130 0.0000235092
131 0.0000232554
132 0.0000230066
133 0.0000227627
134 0.0000225236
135 0.0000222890
136 0.0000220590
137 0.0000218334
138 0.0000216121
139 0.0000213950
140 0.0000211819
141 0.0000209728
142 0.0000207676
143 0.0000205662
144 0.0000203685
145 0.0000201744
146 0.0000199838
147 0.0000197967
148 0.0000196129
149 0.0000194323
150 0.0000192550
151 0.0000190807
152 0.0000189096
153 0.0000187414
154 0.0000185761
155 0.0000184136
156 0.0000182539
157 0.0000180970
158 0.0000179426
159 0.0000177909
160 0.0000176417
161 0.0000174950
162 0.0000173507
163 0.0000172087
164 0.0000170691
165 0.0000169317
166 0.0000167966
167 0.0000166636
168 0.0000165327
169 0.0000164040
170 0.0000162772
171 0.0000161524
172 0.0000160296
173 0.0000159086
174 0.0000157896
175 0.0000156723
176 0.0000155569
177 0.0000154431
178 0.0000153311
179 0.0000152208
180 0.0000151121
181 0.0000150050
182 0.0000148995
183 0.0000147956
184 0.0000146931
185 0.0000145921
186 0.0000144926
187 0.0000143945
188 0.0000142978
189 0.0000142025
190 0.0000141085
191 0.0000140158
192 0.0000139244
193 0.0000138343
194 0.0000137454
195 0.0000136577
196 0.0000135712
197 0.0000134859
198 0.0000134017
199 0.0000133187
200 0.0000132367
201 0.0000131559
202 0.0000130761
203 0.0000129973
204 0.0000129196
205 0.0000128428
206 0.0000127671
207 0.0000126923
208 0.0000126185
209 0.0000125456
210 0.0000124736
211 0.0000124025
212 0.0000123323
213 0.0000122630
214 0.0000121945
215 0.0000121268
216 0.0000120600
217 0.0000119940
218 0.0000119287
219 0.0000118643
220 0.0000118006
221 0.0000117376
222 0.0000116754
223 0.0000116140
224 0.0000115532
225 0.0000114932
226 0.0000114338
227 0.0000113751
228 0.0000113171
229 0.0000112597
230 0.0000112030
231 0.0000111468
232 0.0000110914
233 0.0000110365
234 0.0000109822
235 0.0000109286
236 0.0000108755
237 0.0000108230
238 0.0000107710
239 0.0000107196
240 0.0000106688
241 0.0000106185
242 0.0000105687
243 0.0000105194
244 0.0000104706
245 0.0000104224
246 0.0000103746
247 0.0000103274
248 0.0000102806
249 0.0000102343
250 0.0000101884
251 0.0000101430
252 0.0000100981
253 0.0000100536
254 0.0000100095
255 0.0000099658
256 0.0000099226
257 0.0000098798
258 0.0000098375
259 0.0000097955
260 0.0000097539
261 0.0000097127
262 0.0000096719
263 0.0000096315
264 0.0000095915
265 0.0000095518
266 0.0000095125
267 0.0000094736
268 0.0000094350
269 0.0000093967
270 0.0000093588
271 0.0000093213
272 0.0000092840
273 0.0000092471
274 0.0000092106
275 0.0000091743
276 0.0000091384
277 0.0000091028
278 0.0000090674
279 0.0000090325
280 0.0000089977
281 0.0000089633
282 0.0000089292
283 0.0000088954
284 0.0000088618
285 0.0000088285
286 0.0000087955
287 0.0000087628
288 0.0000087304
289 0.0000086982
290 0.0000086662
291 0.0000086345
292 0.0000086031
293 0.0000085720
294 0.0000085411
295 0.0000085104
296 0.0000084799
297 0.0000084498
298 0.0000084198
299 0.0000083901
300 0.0000083606
301 0.0000083313
302 0.0000083022
303 0.0000082734
304 0.0000082448
305 0.0000082164
306 0.0000081882
307 0.0000081603
308 0.0000081325
309 0.0000081049
310 0.0000080776
311 0.0000080504
312 0.0000080235
313 0.0000079967
314 0.0000079701
315 0.0000079438
316 0.0000079176
317 0.0000078916
318 0.0000078658
319 0.0000078401
320 0.0000078147
321 0.0000077894
322 0.0000077643
323 0.0000077393
324 0.0000077146
325 0.0000076900
326 0.0000076656
327 0.0000076413
328 0.0000076172
329 0.0000075933
330 0.0000075695
331 0.0000075459
332 0.0000075225
333 0.0000074992
334 0.0000074760
335 0.0000074531
336 0.0000074302
337 0.0000074075
338 0.0000073850
339 0.0000073626
340 0.0000073403
341 0.0000073182
342 0.0000072962
343 0.0000072744
344 0.0000072527
345 0.0000072311
346 0.0000072097
347 0.0000071884
348 0.0000071673
349 0.0000071462
350 0.0000071253
351 0.0000071046
352 0.0000070839
353 0.0000070634
354 0.0000070430
355 0.0000070227
356 0.0000070026
357 0.0000069826
358 0.0000069627
359 0.0000069429
360 0.0000069232
361 0.0000069036
362 0.0000068842
363 0.0000068649
364 0.0000068456
365 0.0000068265
366 0.0000068076
367 0.0000067887
368 0.0000067699
369 0.0000067512
370 0.0000067327
371 0.0000067142
372 0.0000066958
373 0.0000066776
374 0.0000066594
375 0.0000066414
376 0.0000066234
377 0.0000066056
378 0.0000065878
379 0.0000065702
380 0.0000065527
381 0.0000065352
382 0.0000065178
383 0.0000065005
384 0.0000064834
385 0.0000064663
386 0.0000064493
387 0.0000064324
388 0.0000064156
389 0.0000063989
390 0.0000063822
391 0.0000063657
392 0.0000063492
393 0.0000063329
394 0.0000063166
395 0.0000063004
396 0.0000062843
397 0.0000062682
398 0.0000062523
399 0.0000062364
400 0.0000062206
401 0.0000062049
402 0.0000061893
403 0.0000061737
404 0.0000061583
405 0.0000061429
406 0.0000061276
407 0.0000061123
408 0.0000060972
409 0.0000060821
410 0.0000060671
411 0.0000060521
412 0.0000060372
413 0.0000060224
414 0.0000060077
415 0.0000059931
416 0.0000059785
417 0.0000059640
418 0.0000059496
419 0.0000059352
420 0.0000059209
421 0.0000059066
422 0.0000058925
423 0.0000058784
424 0.0000058644
425 0.0000058504
426 0.0000058365
427 0.0000058227
428 0.0000058089
429 0.0000057952
430 0.0000057816
431 0.0000057680
432 0.0000057544
433 0.0000057410
434 0.0000057276
435 0.0000057143
436 0.0000057010
437 0.0000056878
438 0.0000056746
439 0.0000056615
440 0.0000056485
441 0.0000056355
442 0.0000056226
443 0.0000056097
444 0.0000055969
445 0.0000055842
446 0.0000055715
447 0.0000055588
448 0.0000055463
449 0.0000055338
450 0.0000055213
451 0.0000055089
452 0.0000054965
453 0.0000054842
454 0.0000054719
455 0.0000054597
456 0.0000054476
457 0.0000054355
458 0.0000054234
459 0.0000054114
460 0.0000053994
461 0.0000053875
462 0.0000053757
463 0.0000053639
464 0.0000053521
465 0.0000053404
466 0.0000053288
467 0.0000053171
468 0.0000053056
469 0.0000052941
470 0.0000052826
471 0.0000052712
472 0.0000052598
473 0.0000052484
474 0.0000052372
475 0.0000052259
476 0.0000052147
477 0.0000052035
478 0.0000051924
479 0.0000051813
480 0.0000051703
481 0.0000051593
482 0.0000051483
483 0.0000051374
484 0.0000051266
485 0.0000051157
486 0.0000051049
487 0.0000050942
488 0.0000050835
489 0.0000050728
490 0.0000050622
491 0.0000050516
492 0.0000050410
493 0.0000050305
494 0.0000050200
495 0.0000050095
496 0.0000049991
497 0.0000049887
498 0.0000049784
499 0.0000049680
500 0.0000049578
501 0.0000049475
502 0.0000049373
503 0.0000049271
504 0.0000049169
505 0.0000049067
506 0.0000048966
507 0.0000048866
508 0.0000048765
509 0.0000048665
510 0.0000048565
511 0.0000048465
512 0.0000048365
513 0.0000048266
514 0.0000048167
515 0.0000048068
516 0.0000047969
517 0.0000047870
518 0.0000047772
519 0.0000047673
520 0.0000047575
521 0.0000047477
522 0.0000047379
523 0.0000047281
524 0.0000047182
525 0.0000047084
526 0.0000046986
527 0.0000046888
528 0.0000046789
529 0.0000046690
530 0.0000046591
531 0.0000046492
532 0.0000046392
533 0.0000046291
534 0.0000046190
535 0.0000046089
536 0.0000045986
537 0.0000045882
538 0.0000045777
539 0.0000045671
540 0.0000045562
541 0.0000045452
542 0.0000045338
543 0.0000045222
544 0.0000045101
545 0.0000044975
546 0.0000044843
547 0.0000044702
548 0.0000044550
549 0.0000044384
550 0.0000044197
551 0.0000043982
552 0.0000043722
553 0.0000043391
554 0.0000042936
555 0.0000042260
556 0.0000040927
557 0.0000036462
558 0.0000000000
