1 288
0 0.9743196431
1 0.0070897908
2 0.0026776036
3 0.0017663301
4 0.0012423983
5 0.0009488264
6 0.0007658891
7 0.0006406093
8 0.0005494517
9 0.0004802255
10 0.0004258569
11 0.0003819826
12 0.0003457936
13 0.0003154094
14 0.0002895258
15 0.0002672081
16 0.0002477677
17 0.0002306850
18 0.0002155597
19 0.0002020783
20 0.0001899909
21 0.0001790963
22 0.0001692300
23 0.0001602566
24 0.0001520632
25 0.0001445553
26 0.0001376528
27 0.0001312877
28 0.0001254016
29 0.0001199442
30 0.0001148720
31 0.0001101472
32 0.0001057366
33 0.0001016111
34 0.0000977451
35 0.0000941159
36 0.0000907033
37 0.0000874894
38 0.0000844581
39 0.0000815949
40 0.0000788871
41 0.0000763228
42 0.0000738915
43 0.0000715837
44 0.0000693907
45 0.0000673046
46 0.0000653182
47 0.0000634248
48 0.0000616186
49 0.0000598939
50 0.0000582456
51 0.0000566691
52 0.0000551601
53 0.0000537146
54 0.0000523289
55 0.0000509997
56 0.0000497236
57 0.0000484979
58 0.0000473198
59 0.0000461867
60 0.0000450963
61 0.0000440463
62 0.0000430348
63 0.0000420597
64 0.0000411193
65 0.0000402119
66 0.0000393359
67 0.0000384898
68 0.0000376722
69 0.0000368819
70 0.0000361174
71 0.0000353778
72 0.0000346618
73 0.0000339685
74 0.0000332969
75 0.0000326460
76 0.0000320150
77 0.0000314030
78 0.0000308093
79 0.0000302331
80 0.0000296737
81 0.0000291305
82 0.0000286027
83 0.0000280899
84 0.0000275913
85 0.0000271066
86 0.0000266351
87 0.0000261764
88 0.0000257300
89 0.0000252954
90 0.0000248723
91 0.0000244601
92 0.0000240586
93 0.0000236673
94 0.0000232859
95 0.0000229141
96 0.0000225515
97 0.0000221978
98 0.0000218527
99 0.0000215160
100 0.0000211873
101 0.0000208664
102 0.0000205530
103 0.0000202470
104 0.0000199480
105 0.0000196559
106 0.0000193704
107 0.0000190913
108 0.0000188185
109 0.0000185517
110 0.0000182908
111 0.0000180356
112 0.0000177859
113 0.0000175416
114 0.0000173024
115 0.0000170683
116 0.0000168391
117 0.0000166147
118 0.0000163949
119 0.0000161797
120 0.0000159688
121 0.0000157621
122 0.0000155596
123 0.0000153611
124 0.0000151666
125 0.0000149758
126 0.0000147888
127 0.0000146054
128 0.0000144255
129 0.0000142490
130 0.0000140759
131 0.0000139060
132 0.0000137393
133 0.0000135757
134 0.0000134151
135 0.0000132574
136 0.0000131027
137 0.0000129507
138 0.0000128014
139 0.0000126548
140 0.0000125108
141 0.0000123693
142 0.0000122303
143 0.0000120937
144 0.0000119594
145 0.0000118275
146 0.0000116978
147 0.0000115703
148 0.0000114450
149 0.0000113217
150 0.0000112006
151 0.0000110814
152 0.0000109641
153 0.0000108488
154 0.0000107354
155 0.0000106238
156 0.0000105139
157 0.0000104059
158 0.0000102995
159 0.0000101949
160 0.0000100918
161 0.0000099904
162 0.0000098905
163 0.0000097922
164 0.0000096954
165 0.0000096001
166 0.0000095062
167 0.0000094137
168 0.0000093227
169 0.0000092329
170 0.0000091445
171 0.0000090575
172 0.0000089717
173 0.0000088871
174 0.0000088038
175 0.0000087217
176 0.0000086407
177 0.0000085609
178 0.0000084823
179 0.0000084047
180 0.0000083283
181 0.0000082529
182 0.0000081786
183 0.0000081053
184 0.0000080330
185 0.0000079617
186 0.0000078914
187 0.0000078220
188 0.0000077536
189 0.0000076861
190 0.0000076195
191 0.0000075538
192 0.0000074889
193 0.0000074249
194 0.0000073618
195 0.0000072995
196 0.0000072379
197 0.0000071772
198 0.0000071173
199 0.0000070581
200 0.0000069997
201 0.0000069420
202 0.0000068851
203 0.0000068288
204 0.0000067733
205 0.0000067184
206 0.0000066643
207 0.0000066108
208 0.0000065579
209 0.0000065057
210 0.0000064542
211 0.0000064032
212 0.0000063529
213 0.0000063032
214 0.0000062541
215 0.0000062055
216 0.0000061575
217 0.0000061101
218 0.0000060633
219 0.0000060170
220 0.0000059712
221 0.0000059259
222 0.0000058812
223 0.0000058370
224 0.0000057932
225 0.0000057500
226 0.0000057073
227 0.0000056650
228 0.0000056232
229 0.0000055819
230 0.0000055410
231 0.0000055005
232 0.0000054605
233 0.0000054210
234 0.0000053818
235 0.0000053431
236 0.0000053048
237 0.0000052669
238 0.0000052293
239 0.0000051922
240 0.0000051555
241 0.0000051191
242 0.0000050831
243 0.0000050475
244 0.0000050122
245 0.0000049772
246 0.0000049426
247 0.0000049084
248 0.0000048744
249 0.0000048408
250 0.0000048075
251 0.0000047745
252 0.0000047418
253 0.0000047094
254 0.0000046773
255 0.0000046455
256 0.0000046139
257 0.0000045825
258 0.0000045515
259 0.0000045206
260 0.0000044900
261 0.0000044596
262 0.0000044294
263 0.0000043993
264 0.0000043695
265 0.0000043398
266 0.0000043102
267 0.0000042807
268 0.0000042512
269 0.0000042219
270 0.0000041925
271 0.0000041630
272 0.0000041334
273 0.0000041037
274 0.0000040736
275 0.0000040431
276 0.0000040120
277 0.0000039802
278 0.0000039471
279 0.0000039126
280 0.0000038759
281 0.0000038362
282 0.0000037919
283 0.0000037404
284 0.0000036772
285 0.0000035939
286 0.0000034541
287 0.0000030533
288 0.0000000000
