1 288
0 0.9835399008
1 0.0064098590
2 0.0020446823
3 0.0012236603
4 0.0007952115
5 0.0005705837
6 0.0004379598
7 0.0003512737
8 0.0002907250
9 0.0002463854
10 0.0002126874
11 0.0001862980
12 0.0001651245
13 0.0001477963
14 0.0001333816
15 0.0001212249
16 0.0001108522
17 0.0001019122
18 0.0000941389
19 0.0000873275
20 0.0000813176
21 0.0000759819
22 0.0000712181
23 0.0000669433
24 0.0000630895
25 0.0000596003
26 0.0000564288
27 0.0000535357
28 0.0000508876
29 0.0000484562
30 0.0000462173
31 0.0000441500
32 0.0000422363
33 0.0000404606
34 0.0000388092
35 0.0000372701
36 0.0000358328
37 0.0000344882
38 0.0000332279
39 0.0000320446
40 0.0000309320
41 0.0000298841
42 0.0000288957
43 0.0000279622
44 0.0000270794
45 0.0000262435
46 0.0000254509
47 0.0000246987
48 0.0000239839
49 0.0000233040
50 0.0000226566
51 0.0000220395
52 0.0000214509
53 0.0000208888
54 0.0000203516
55 0.0000198377
56 0.0000193458
57 0.0000188746
58 0.0000184228
59 0.0000179893
60 0.0000175731
61 0.0000171732
62 0.0000167888
63 0.0000164190
64 0.0000160630
65 0.0000157201
66 0.0000153897
67 0.0000150710
68 0.0000147636
69 0.0000144668
70 0.0000141802
71 0.0000139033
72 0.0000136355
73 0.0000133766
74 0.0000131260
75 0.0000128834
76 0.0000126484
77 0.0000124208
78 0.0000122001
79 0.0000119862
80 0.0000117786
81 0.0000115771
82 0.0000113816
83 0.0000111917
84 0.0000110072
85 0.0000108278
86 0.0000106535
87 0.0000104840
88 0.0000103191
89 0.0000101586
90 0.0000100024
91 0.0000098502
92 0.0000097021
93 0.0000095577
94 0.0000094171
95 0.0000092799
96 0.0000091462
97 0.0000090158
98 0.0000088886
99 0.0000087644
100 0.0000086432
101 0.0000085249
102 0.0000084094
103 0.0000082965
104 0.0000081862
105 0.0000080785
106 0.0000079731
107 0.0000078701
108 0.0000077694
109 0.0000076710
110 0.0000075746
111 0.0000074803
112 0.0000073881
113 0.0000072978
114 0.0000072093
115 0.0000071228
116 0.0000070380
117 0.0000069549
118 0.0000068735
119 0.0000067938
120 0.0000067156
121 0.0000066390
122 0.0000065638
123 0.0000064902
124 0.0000064179
125 0.0000063471
126 0.0000062775
127 0.0000062093
128 0.0000061424
129 0.0000060767
130 0.0000060122
131 0.0000059489
132 0.0000058867
133 0.0000058256
134 0.0000057656
135 0.0000057067
136 0.0000056488
137 0.0000055920
138 0.0000055361
139 0.0000054811
140 0.0000054271
141 0.0000053741
142 0.0000053219
143 0.0000052705
144 0.0000052201
145 0.0000051704
146 0.0000051216
147 0.0000050736
148 0.0000050263
149 0.0000049798
150 0.0000049340
151 0.0000048890
152 0.0000048446
153 0.0000048010
154 0.0000047580
155 0.0000047157
156 0.0000046740
157 0.0000046330
158 0.0000045925
159 0.0000045527
160 0.0000045135
161 0.0000044748
162 0.0000044368
163 0.0000043993
164 0.0000043623
165 0.0000043258
166 0.0000042899
167 0.0000042545
168 0.0000042196
169 0.0000041852
170 0.0000041512
171 0.0000041178
172 0.0000040848
173 0.0000040522
174 0.0000040201
175 0.0000039885
176 0.0000039572
177 0.0000039264
178 0.0000038960
179 0.0000038660
180 0.0000038364
181 0.0000038072
182 0.0000037783
183 0.0000037498
184 0.0000037217
185 0.0000036940
186 0.0000036666
187 0.0000036396
188 0.0000036129
189 0.0000035865
190 0.0000035605
191 0.0000035348
192 0.0000035094
193 0.0000034843
194 0.0000034595
195 0.0000034350
196 0.0000034109
197 0.0000033870
198 0.0000033634
199 0.0000033400
200 0.0000033170
201 0.0000032942
202 0.0000032717
203 0.0000032494
204 0.0000032275
205 0.0000032057
206 0.0000031842
207 0.0000031630
208 0.0000031420
209 0.0000031212
210 0.0000031006
211 0.0000030803
212 0.0000030603
213 0.0000030404
214 0.0000030207
215 0.0000030013
216 0.0000029821
217 0.0000029631
218 0.0000029443
219 0.0000029256
220 0.0000029072
221 0.0000028890
222 0.0000028710
223 0.0000028531
224 0.0000028355
225 0.0000028180
226 0.0000028007
227 0.0000027836
228 0.0000027666
229 0.0000027499
230 0.0000027332
231 0.0000027168
232 0.0000027005
233 0.0000026844
234 0.0000026684
235 0.0000026526
236 0.0000026369
237 0.0000026214
238 0.0000026060
239 0.0000025908
240 0.0000025757
241 0.0000025608
242 0.0000025460
243 0.0000025313
244 0.0000025167
245 0.0000025023
246 0.0000024880
247 0.0000024738
248 0.0000024598
249 0.0000024458
250 0.0000024320
251 0.0000024183
252 0.0000024047
253 0.0000023912
254 0.0000023778
255 0.0000023644
256 0.0000023512
257 0.0000023381
258 0.0000023250
259 0.0000023121
260 0.0000022992
261 0.0000022864
262 0.0000022736
263 0.0000022609
264 0.0000022482
265 0.0000022356
266 0.0000022230
267 0.0000022104
268 0.0000021978
269 0.0000021852
270 0.0000021725
271 0.0000021598
272 0.0000021470
273 0.0000021340
274 0.0000021208
275 0.0000021074
276 0.0000020936
277 0.0000020794
278 0.0000020646
279 0.0000020489
280 0.0000020320
281 0.0000020134
282 0.0000019925
283 0.0000019677
284 0.0000019366
285 0.0000018948
286 0.0000018231
287 0.0000016134
288 0.0000000000
