1 462
0 0.9941485562
1 0.0026395041
2 0.0006785067
3 0.0003896085
4 0.0002433614
5 0.0001685043
6 0.0001254162
7 0.0000980396
8 0.0000795044
9 0.0000663695
10 0.0000567073
11 0.0000493691
12 0.0000436405
13 0.0000390613
14 0.0000353251
15 0.0000322220
16 0.0000296049
17 0.0000273678
18 0.0000254332
19 0.0000237431
20 0.0000222534
21 0.0000209302
22 0.0000197469
23 0.0000186821
24 0.0000177190
25 0.0000168436
26 0.0000160446
27 0.0000153123
28 0.0000146389
29 0.0000140177
30 0.0000134429
31 0.0000129096
32 0.0000124135
33 0.0000119510
34 0.0000115189
35 0.0000111143
36 0.0000107347
37 0.0000103781
38 0.0000100423
39 0.0000097258
40 0.0000094268
41 0.0000091442
42 0.0000088765
43 0.0000086227
44 0.0000083818
45 0.0000081528
46 0.0000079349
47 0.0000077273
48 0.0000075294
49 0.0000073405
50 0.0000071600
51 0.0000069873
52 0.0000068221
53 0.0000066639
54 0.0000065122
55 0.0000063666
56 0.0000062268
57 0.0000060925
58 0.0000059634
59 0.0000058392
60 0.0000057195
61 0.0000056043
62 0.0000054932
63 0.0000053860
64 0.0000052826
65 0.0000051827
66 0.0000050862
67 0.0000049929
68 0.0000049026
69 0.0000048153
70 0.0000047308
71 0.0000046489
72 0.0000045696
73 0.0000044927
74 0.0000044181
75 0.0000043457
76 0.0000042755
77 0.0000042072
78 0.0000041410
79 0.0000040766
80 0.0000040140
81 0.0000039531
82 0.0000038939
83 0.0000038363
84 0.0000037802
85 0.0000037256
86 0.0000036724
87 0.0000036206
88 0.0000035700
89 0.0000035208
90 0.0000034728
91 0.0000034259
92 0.0000033802
93 0.0000033356
94 0.0000032920
95 0.0000032495
96 0.0000032079
97 0.0000031673
98 0.0000031277
99 0.0000030889
100 0.0000030510
101 0.0000030139
102 0.0000029777
103 0.0000029422
104 0.0000029075
105 0.0000028735
106 0.0000028402
107 0.0000028077
108 0.0000027758
109 0.0000027445
110 0.0000027139
111 0.0000026839
112 0.0000026545
113 0.0000026257
114 0.0000025975
115 0.0000025698
116 0.0000025426
117 0.0000025159
118 0.0000024898
119 0.0000024641
120 0.0000024389
121 0.0000024142
122 0.0000023900
123 0.0000023661
124 0.0000023427
125 0.0000023198
126 0.0000022972
127 0.0000022750
128 0.0000022532
129 0.0000022318
130 0.0000022108
131 0.0000021901
132 0.0000021697
133 0.0000021497
134 0.0000021301
135 0.0000021107
136 0.0000020917
137 0.0000020730
138 0.0000020546
139 0.0000020365
140 0.0000020186
141 0.0000020011
142 0.0000019838
143 0.0000019668
144 0.0000019501
145 0.0000019336
146 0.0000019174
147 0.0000019014
148 0.0000018857
149 0.0000018702
150 0.0000018549
151 0.0000018398
152 0.0000018250
153 0.0000018104
154 0.0000017960
155 0.0000017818
156 0.0000017678
157 0.0000017540
158 0.0000017404
159 0.0000017270
160 0.0000017138
161 0.0000017007
162 0.0000016879
163 0.0000016752
164 0.0000016627
165 0.0000016503
166 0.0000016382
167 0.0000016262
168 0.0000016143
169 0.0000016026
170 0.0000015911
171 0.0000015797
172 0.0000015684
173 0.0000015573
174 0.0000015464
175 0.0000015355
176 0.0000015249
177 0.0000015143
178 0.0000015039
179 0.0000014936
180 0.0000014834
181 0.0000014734
182 0.0000014635
183 0.0000014537
184 0.0000014440
185 0.0000014345
186 0.0000014250
187 0.0000014157
188 0.0000014065
189 0.0000013974
190 0.0000013884
191 0.0000013795
192 0.0000013707
193 0.0000013620
194 0.0000013534
195 0.0000013449
196 0.0000013365
197 0.0000013282
198 0.0000013200
199 0.0000013118
200 0.0000013038
201 0.0000012959
202 0.0000012880
203 0.0000012802
204 0.0000012726
205 0.0000012650
206 0.0000012574
207 0.0000012500
208 0.0000012427
209 0.0000012354
210 0.0000012282
211 0.0000012211
212 0.0000012140
213 0.0000012070
214 0.0000012001
215 0.0000011933
216 0.0000011865
217 0.0000011798
218 0.0000011732
219 0.0000011666
220 0.0000011602
221 0.0000011537
222 0.0000011474
223 0.0000011411
224 0.0000011348
225 0.0000011287
226 0.0000011225
227 0.0000011165
228 0.0000011105
229 0.0000011046
230 0.0000010987
231 0.0000010929
232 0.0000010871
233 0.0000010814
234 0.0000010757
235 0.0000010701
236 0.0000010646
237 0.0000010591
238 0.0000010536
239 0.0000010482
240 0.0000010429
241 0.0000010376
242 0.0000010323
243 0.0000010271
244 0.0000010220
245 0.0000010169
246 0.0000010118
247 0.0000010068
248 0.0000010018
249 0.0000009969
250 0.0000009920
251 0.0000009872
252 0.0000009824
253 0.0000009776
254 0.0000009729
255 0.0000009682
256 0.0000009636
257 0.0000009590
258 0.0000009545
259 0.0000009499
260 0.0000009455
261 0.0000009410
262 0.0000009366
263 0.0000009323
264 0.0000009280
265 0.0000009237
266 0.0000009194
267 0.0000009152
268 0.0000009110
269 0.0000009069
270 0.0000009028
271 0.0000008987
272 0.0000008946
273 0.0000008906
274 0.0000008866
275 0.0000008827
276 0.0000008788
277 0.0000008749
278 0.0000008710
279 0.0000008672
280 0.0000008634
281 0.0000008596
282 0.0000008559
283 0.0000008522
284 0.0000008485
285 0.0000008449
286 0.0000008412
287 0.0000008377
288 0.0000008341
289 0.0000008306
290 0.0000008270
291 0.0000008236
292 0.0000008201
293 0.0000008167
294 0.0000008133
295 0.0000008099
296 0.0000008065
297 0.0000008032
298 0.0000007999
299 0.0000007966
300 0.0000007934
301 0.0000007901
302 0.0000007869
303 0.0000007837
304 0.0000007806
305 0.0000007774
306 0.0000007743
307 0.0000007712
308 0.0000007681
309 0.0000007651
310 0.0000007621
311 0.0000007591
312 0.0000007561
313 0.0000007531
314 0.0000007502
315 0.0000007472
316 0.0000007443
317 0.0000007415
318 0.0000007386
319 0.0000007358
320 0.0000007329
321 0.0000007301
322 0.0000007273
323 0.0000007246
324 0.0000007218
325 0.0000007191
326 0.0000007164
327 0.0000007137
328 0.0000007110
329 0.0000007084
330 0.0000007057
331 0.0000007031
332 0.0000007005
333 0.0000006979
334 0.0000006954
335 0.0000006928
336 0.0000006903
337 0.0000006877
338 0.0000006852
339 0.0000006828
340 0.0000006803
341 0.0000006778
342 0.0000006754
343 0.0000006730
344 0.0000006706
345 0.0000006682
346 0.0000006658
347 0.0000006634
348 0.0000006611
349 0.0000006587
350 0.0000006564
351 0.0000006541
352 0.0000006518
353 0.0000006495
354 0.0000006473
355 0.0000006450
356 0.0000006428
357 0.0000006406
358 0.0000006384
359 0.0000006362
360 0.0000006340
361 0.0000006318
362 0.0000006297
363 0.0000006275
364 0.0000006254
365 0.0000006233
366 0.0000006212
367 0.0000006191
368 0.0000006170
369 0.0000006149
370 0.0000006128
371 0.0000006108
372 0.0000006088
373 0.0000006067
374 0.0000006047
375 0.0000006027
376 0.0000006007
377 0.0000005988
378 0.0000005968
379 0.0000005948
380 0.0000005929
381 0.0000005910
382 0.0000005890
383 0.0000005871
384 0.0000005852
385 0.0000005833
386 0.0000005814
387 0.0000005796
388 0.0000005777
389 0.0000005758
390 0.0000005740
391 0.0000005721
392 0.0000005703
393 0.0000005685
394 0.0000005667
395 0.0000005649
396 0.0000005631
397 0.0000005613
398 0.0000005595
399 0.0000005578
400 0.0000005560
401 0.0000005543
402 0.0000005525
403 0.0000005508
404 0.0000005491
405 0.0000005473
406 0.0000005456
407 0.0000005439
408 0.0000005422
409 0.0000005405
410 0.0000005388
411 0.0000005371
412 0.0000005355
413 0.0000005338
414 0.0000005321
415 0.0000005305
416 0.0000005288
417 0.0000005272
418 0.0000005255
419 0.0000005239
420 0.0000005223
421 0.0000005206
422 0.0000005190
423 0.0000005174
424 0.0000005157
425 0.0000005141
426 0.0000005125
427 0.0000005109
428 0.0000005092
429 0.0000005076
430 0.0000005060
431 0.0000005043
432 0.0000005027
433 0.0000005011
434 0.0000004994
435 0.0000004977
436 0.0000004961
437 0.0000004944
438 0.0000004927
439 0.0000004910
440 0.0000004892
441 0.0000004875
442 0.0000004857
443 0.0000004838
444 0.0000004819
445 0.0000004800
446 0.0000004780
447 0.0000004759
448 0.0000004738
449 0.0000004715
450 0.0000004691
451 0.0000004666
452 0.0000004638
453 0.0000004608
454 0.0000004574
455 0.0000004536
456 0.0000004492
457 0.0000004439
458 0.0000004371
459 0.0000004279
460 0.0000004120
461 0.0000003650
462 0.0000000000
