1 676
0 0.9878674707
1 0.0027672739
2 0.0011614453
3 0.0008087681
4 0.0005957316
5 0.0004694320
6 0.0003865572
7 0.0003274582
8 0.0002831146
9 0.0002486574
10 0.0002211406
11 0.0001986723
12 0.0001799881
13 0.0001642129
14 0.0001507223
15 0.0001390588
16 0.0001288792
17 0.0001199212
18 0.0001119806
19 0.0001048965
20 0.0000985398
21 0.0000928062
22 0.0000876105
23 0.0000828822
24 0.0000785624
25 0.0000746019
26 0.0000709590
27 0.0000675981
28 0.0000644888
29 0.0000616047
30 0.0000589233
31 0.0000564246
32 0.0000540913
33 0.0000519083
34 0.0000498621
35 0.0000479408
36 0.0000461339
37 0.0000444319
38 0.0000428265
39 0.0000413100
40 0.0000398757
41 0.0000385174
42 0.0000372297
43 0.0000360074
44 0.0000348461
45 0.0000337415
46 0.0000326899
47 0.0000316878
48 0.0000307320
49 0.0000298196
50 0.0000289479
51 0.0000281145
52 0.0000273171
53 0.0000265535
54 0.0000258219
55 0.0000251204
56 0.0000244473
57 0.0000238011
58 0.0000231804
59 0.0000225838
60 0.0000220100
61 0.0000214579
62 0.0000209264
63 0.0000204144
64 0.0000199210
65 0.0000194453
66 0.0000189865
67 0.0000185437
68 0.0000181162
69 0.0000177033
70 0.0000173043
71 0.0000169187
72 0.0000165458
73 0.0000161850
74 0.0000158359
75 0.0000154980
76 0.0000151707
77 0.0000148537
78 0.0000145465
79 0.0000142487
80 0.0000139599
81 0.0000136798
82 0.0000134081
83 0.0000131444
84 0.0000128884
85 0.0000126397
86 0.0000123983
87 0.0000121636
88 0.0000119356
89 0.0000117140
90 0.0000114984
91 0.0000112888
92 0.0000110849
93 0.0000108866
94 0.0000106935
95 0.0000105055
96 0.0000103225
97 0.0000101443
98 0.0000099706
99 0.0000098015
100 0.0000096367
101 0.0000094760
102 0.0000093194
103 0.0000091667
104 0.0000090177
105 0.0000088725
106 0.0000087307
107 0.0000085924
108 0.0000084575
109 0.0000083257
110 0.0000081971
111 0.0000080715
112 0.0000079488
113 0.0000078290
114 0.0000077120
115 0.0000075976
116 0.0000074859
117 0.0000073766
118 0.0000072699
119 0.0000071655
120 0.0000070634
121 0.0000069636
122 0.0000068659
123 0.0000067704
124 0.0000066770
125 0.0000065855
126 0.0000064960
127 0.0000064085
128 0.0000063227
129 0.0000062388
130 0.0000061566
131 0.0000060761
132 0.0000059973
133 0.0000059201
134 0.0000058444
135 0.0000057703
136 0.0000056977
137 0.0000056266
138 0.0000055568
139 0.0000054885
140 0.0000054214
141 0.0000053557
142 0.0000052913
143 0.0000052281
144 0.0000051662
145 0.0000051054
146 0.0000050458
147 0.0000049873
148 0.0000049299
149 0.0000048736
150 0.0000048183
151 0.0000047641
152 0.0000047108
153 0.0000046585
154 0.0000046072
155 0.0000045569
156 0.0000045074
157 0.0000044588
158 0.0000044111
159 0.0000043642
160 0.0000043182
161 0.0000042729
162 0.0000042285
163 0.0000041848
164 0.0000041419
165 0.0000040997
166 0.0000040583
167 0.0000040176
168 0.0000039775
169 0.0000039381
170 0.0000038994
171 0.0000038614
172 0.0000038239
173 0.0000037871
174 0.0000037509
175 0.0000037153
176 0.0000036803
177 0.0000036458
178 0.0000036119
179 0.0000035785
180 0.0000035457
181 0.0000035134
182 0.0000034816
183 0.0000034503
184 0.0000034195
185 0.0000033892
186 0.0000033593
187 0.0000033299
188 0.0000033010
189 0.0000032725
190 0.0000032444
191 0.0000032168
192 0.0000031896
193 0.0000031628
194 0.0000031363
195 0.0000031103
196 0.0000030847
197 0.0000030594
198 0.0000030345
199 0.0000030100
200 0.0000029859
201 0.0000029620
202 0.0000029386
203 0.0000029154
204 0.0000028926
205 0.0000028701
206 0.0000028480
207 0.0000028261
208 0.0000028046
209 0.0000027833
210 0.0000027623
211 0.0000027417
212 0.0000027213
213 0.0000027012
214 0.0000026813
215 0.0000026618
216 0.0000026425
217 0.0000026234
218 0.0000026046
219 0.0000025861
220 0.0000025678
221 0.0000025498
222 0.0000025319
223 0.0000025144
224 0.0000024970
225 0.0000024799
226 0.0000024629
227 0.0000024462
228 0.0000024298
229 0.0000024135
230 0.0000023974
231 0.0000023815
232 0.0000023659
233 0.0000023504
234 0.0000023351
235 0.0000023200
236 0.0000023051
237 0.0000022904
238 0.0000022758
239 0.0000022614
240 0.0000022472
241 0.0000022332
242 0.0000022193
243 0.0000022056
244 0.0000021921
245 0.0000021787
246 0.0000021655
247 0.0000021524
248 0.0000021395
249 0.0000021267
250 0.0000021141
251 0.0000021016
252 0.0000020893
253 0.0000020771
254 0.0000020651
255 0.0000020531
256 0.0000020413
257 0.0000020297
258 0.0000020181
259 0.0000020067
260 0.0000019955
261 0.0000019843
262 0.0000019733
263 0.0000019624
264 0.0000019516
265 0.0000019409
266 0.0000019303
267 0.0000019199
268 0.0000019095
269 0.0000018993
270 0.0000018892
271 0.0000018791
272 0.0000018692
273 0.0000018594
274 0.0000018497
275 0.0000018401
276 0.0000018305
277 0.0000018211
278 0.0000018118
279 0.0000018026
280 0.0000017934
281 0.0000017844
282 0.0000017754
283 0.0000017665
284 0.0000017577
285 0.0000017490
286 0.0000017404
287 0.0000017319
288 0.0000017235
289 0.0000017151
290 0.0000017068
291 0.0000016986
292 0.0000016905
293 0.0000016824
294 0.0000016744
295 0.0000016665
296 0.0000016587
297 0.0000016509
298 0.0000016432
299 0.0000016356
300 0.0000016281
301 0.0000016206
302 0.0000016132
303 0.0000016058
304 0.0000015986
305 0.0000015914
306 0.0000015842
307 0.0000015771
308 0.0000015701
309 0.0000015631
310 0.0000015562
311 0.0000015494
312 0.0000015426
313 0.0000015359
314 0.0000015292
315 0.0000015226
316 0.0000015161
317 0.0000015096
318 0.0000015031
319 0.0000014967
320 0.0000014904
321 0.0000014841
322 0.0000014779
323 0.0000014717
324 0.0000014656
325 0.0000014595
326 0.0000014535
327 0.0000014475
328 0.0000014416
329 0.0000014357
330 0.0000014298
331 0.0000014240
332 0.0000014183
333 0.0000014126
334 0.0000014070
335 0.0000014013
336 0.0000013958
337 0.0000013903
338 0.0000013848
339 0.0000013793
340 0.0000013739
341 0.0000013686
342 0.0000013633
343 0.0000013580
344 0.0000013528
345 0.0000013476
346 0.0000013424
347 0.0000013373
348 0.0000013322
349 0.0000013272
350 0.0000013222
351 0.0000013172
352 0.0000013123
353 0.0000013074
354 0.0000013025
355 0.0000012977
356 0.0000012929
357 0.0000012881
358 0.0000012834
359 0.0000012787
360 0.0000012741
361 0.0000012694
362 0.0000012648
363 0.0000012603
364 0.0000012558
365 0.0000012513
366 0.0000012468
367 0.0000012424
368 0.0000012380
369 0.0000012336
370 0.0000012292
371 0.0000012249
372 0.0000012206
373 0.0000012164
374 0.0000012121
375 0.0000012079
376 0.0000012038
377 0.0000011996
378 0.0000011955
379 0.0000011914
380 0.0000011874
381 0.0000011833
382 0.0000011793
383 0.0000011753
384 0.0000011714
385 0.0000011674
386 0.0000011635
387 0.0000011596
388 0.0000011558
389 0.0000011519
390 0.0000011481
391 0.0000011443
392 0.0000011406
393 0.0000011368
394 0.0000011331
395 0.0000011294
396 0.0000011257
397 0.0000011221
398 0.0000011185
399 0.0000011149
400 0.0000011113
401 0.0000011077
402 0.0000011042
403 0.0000011007
404 0.0000010972
405 0.0000010937
406 0.0000010902
407 0.0000010868
408 0.0000010834
409 0.0000010800
410 0.0000010766
411 0.0000010732
412 0.0000010699
413 0.0000010666
414 0.0000010633
415 0.0000010600
416 0.0000010567
417 0.0000010535
418 0.0000010503
419 0.0000010471
420 0.0000010439
421 0.0000010407
422 0.0000010376
423 0.0000010344
424 0.0000010313
425 0.0000010282
426 0.0000010251
427 0.0000010221
428 0.0000010190
429 0.0000010160
430 0.0000010130
431 0.0000010100
432 0.0000010070
433 0.0000010040
434 0.0000010011
435 0.0000009982
436 0.0000009952
437 0.0000009923
438 0.0000009895
439 0.0000009866
440 0.0000009837
441 0.0000009809
442 0.0000009781
443 0.0000009753
444 0.0000009725
445 0.0000009697
446 0.0000009669
447 0.0000009642
448 0.0000009614
449 0.0000009587
450 0.0000009560
451 0.0000009533
452 0.0000009506
453 0.0000009479
454 0.0000009453
455 0.0000009427
456 0.0000009400
457 0.0000009374
458 0.0000009348
459 0.0000009322
460 0.0000009296
461 0.0000009271
462 0.0000009245
463 0.0000009220
464 0.0000009195
465 0.0000009170
466 0.0000009145
467 0.0000009120
468 0.0000009095
469 0.0000009070
470 0.0000009046
471 0.0000009021
472 0.0000008997
473 0.0000008973
474 0.0000008949
475 0.0000008925
476 0.0000008901
477 0.0000008877
478 0.0000008854
479 0.0000008830
480 0.0000008807
481 0.0000008784
482 0.0000008761
483 0.0000008738
484 0.0000008715
485 0.0000008692
486 0.0000008669
487 0.0000008647
488 0.0000008624
489 0.0000008602
490 0.0000008579
491 0.0000008557
492 0.0000008535
493 0.0000008513
494 0.0000008491
495 0.0000008469
496 0.0000008448
497 0.0000008426
498 0.0000008405
499 0.0000008383
500 0.0000008362
501 0.0000008341
502 0.0000008320
503 0.0000008299
504 0.0000008278
505 0.0000008257
506 0.0000008236
507 0.0000008215
508 0.0000008195
509 0.0000008174
510 0.0000008154
511 0.0000008134
512 0.0000008113
513 0.0000008093
514 0.0000008073
515 0.0000008053
516 0.0000008034
517 0.0000008014
518 0.0000007994
519 0.0000007974
520 0.0000007955
521 0.0000007936
522 0.0000007916
523 0.0000007897
524 0.0000007878
525 0.0000007859
526 0.0000007840
527 0.0000007821
528 0.0000007802
529 0.0000007783
530 0.0000007764
531 0.0000007746
532 0.0000007727
533 0.0000007709
534 0.0000007690
535 0.0000007672
536 0.0000007654
537 0.0000007635
538 0.0000007617
539 0.0000007599
540 0.0000007581
541 0.0000007563
542 0.0000007546
543 0.0000007528
544 0.0000007510
545 0.0000007493
546 0.0000007475
547 0.0000007458
548 0.0000007440
549 0.0000007423
550 0.0000007406
551 0.0000007389
552 0.0000007371
553 0.0000007354
554 0.0000007337
555 0.0000007320
556 0.0000007304
557 0.0000007287
558 0.0000007270
559 0.0000007253
560 0.0000007237
561 0.0000007220
562 0.0000007204
563 0.0000007188
564 0.0000007171
565 0.0000007155
566 0.0000007139
567 0.0000007123
568 0.0000007106
569 0.0000007090
570 0.0000007074
571 0.0000007059
572 0.0000007043
573 0.0000007027
574 0.0000007011
575 0.0000006995
576 0.0000006980
577 0.0000006964
578 0.0000006949
579 0.0000006933
580 0.0000006918
581 0.0000006903
582 0.0000006887
583 0.0000006872
584 0.0000006857
585 0.0000006842
586 0.0000006827
587 0.0000006812
588 0.0000006797
589 0.0000006782
590 0.0000006767
591 0.0000006752
592 0.0000006738
593 0.0000006723
594 0.0000006708
595 0.0000006694
596 0.0000006679
597 0.0000006665
598 0.0000006650
599 0.0000006636
600 0.0000006621
601 0.0000006607
602 0.0000006593
603 0.0000006579
604 0.0000006564
605 0.0000006550
606 0.0000006536
607 0.0000006522
608 0.0000006508
609 0.0000006494
610 0.0000006480
611 0.0000006466
612 0.0000006453
613 0.0000006439
614 0.0000006425
615 0.0000006411
616 0.0000006398
617 0.0000006384
618 0.0000006370
619 0.0000006357
620 0.0000006343
621 0.0000006330
622 0.0000006317
623 0.0000006303
624 0.0000006290
625 0.0000006276
626 0.0000006263
627 0.0000006250
628 0.0000006237
629 0.0000006223
630 0.0000006210
631 0.0000006197
632 0.0000006184
633 0.0000006171
634 0.0000006157
635 0.0000006144
636 0.0000006131
637 0.0000006118
638 0.0000006105
639 0.0000006092
640 0.0000006079
641 0.0000006066
642 0.0000006053
643 0.0000006040
644 0.0000006027
645 0.0000006014
646 0.0000006001
647 0.0000005987
648 0.0000005974
649 0.0000005961
650 0.0000005948
651 0.0000005934
652 0.0000005921
653 0.0000005907
654 0.0000005894
655 0.0000005880
656 0.0000005866
657 0.0000005852
658 0.0000005837
659 0.0000005823
660 0.0000005807
661 0.0000005792
662 0.0000005776
663 0.0000005759
664 0.0000005742
665 0.0000005723
666 0.0000005703
667 0.0000005681
668 0.0000005657
669 0.0000005628
670 0.0000005594
671 0.0000005551
672 0.0000005492
673 0.0000005405
674 0.0000005234
675 0.0000004661
676 0.0000000000
