0 1090
0 0.9814802046
1 0.0036544748
2 0.0015470507
3 0.0010852975
4 0.0008056889
5 0.0006397883
6 0.0005308527
7 0.0004530868
8 0.0003946609
9 0.0003491958
10 0.0003128319
11 0.0002830899
12 0.0002583124
13 0.0002373522
14 0.0002193911
15 0.0002038292
16 0.0001902167
17 0.0001782096
18 0.0001675404
19 0.0001579978
20 0.0001494127
21 0.0001416484
22 0.0001345930
23 0.0001281540
24 0.0001222542
25 0.0001168291
26 0.0001118238
27 0.0001071916
28 0.0001028926
29 0.0000988923
30 0.0000951609
31 0.0000916722
32 0.0000884035
33 0.0000853349
34 0.0000824486
35 0.0000797290
36 0.0000771622
37 0.0000747359
38 0.0000724389
39 0.0000702613
40 0.0000681940
41 0.0000662291
42 0.0000643593
43 0.0000625777
44 0.0000608786
45 0.0000592563
46 0.0000577058
47 0.0000562225
48 0.0000548023
49 0.0000534413
50 0.0000521359
51 0.0000508828
52 0.0000496790
53 0.0000485217
54 0.0000474084
55 0.0000463366
56 0.0000453041
57 0.0000443088
58 0.0000433488
59 0.0000424223
60 0.0000415277
61 0.0000406632
62 0.0000398276
63 0.0000390193
64 0.0000382372
65 0.0000374800
66 0.0000367466
67 0.0000360358
68 0.0000353468
69 0.0000346785
70 0.0000340301
71 0.0000334007
72 0.0000327895
73 0.0000321958
74 0.0000316188
75 0.0000310579
76 0.0000305125
77 0.0000299819
78 0.0000294655
79 0.0000289629
80 0.0000284735
81 0.0000279969
82 0.0000275324
83 0.0000270798
84 0.0000266385
85 0.0000262082
86 0.0000257885
87 0.0000253790
88 0.0000249794
89 0.0000245893
90 0.0000242084
91 0.0000238364
92 0.0000234731
93 0.0000231180
94 0.0000227711
95 0.0000224319
96 0.0000221003
97 0.0000217760
98 0.0000214589
99 0.0000211486
100 0.0000208450
101 0.0000205478
102 0.0000202570
103 0.0000199722
104 0.0000196933
105 0.0000194202
106 0.0000191527
107 0.0000188906
108 0.0000186338
109 0.0000183821
110 0.0000181353
111 0.0000178934
112 0.0000176563
113 0.0000174237
114 0.0000171956
115 0.0000169718
116 0.0000167523
117 0.0000165368
118 0.0000163254
119 0.0000161179
120 0.0000159143
121 0.0000157143
122 0.0000155180
123 0.0000153252
124 0.0000151358
125 0.0000149498
126 0.0000147671
127 0.0000145876
128 0.0000144112
129 0.0000142378
130 0.0000140675
131 0.0000139000
132 0.0000137354
133 0.0000135736
134 0.0000134145
135 0.0000132580
136 0.0000131041
137 0.0000129528
138 0.0000128039
139 0.0000126575
140 0.0000125134
141 0.0000123717
142 0.0000122322
143 0.0000120949
144 0.0000119598
145 0.0000118268
146 0.0000116959
147 0.0000115670
148 0.0000114402
149 0.0000113153
150 0.0000111922
151 0.0000110711
152 0.0000109518
153 0.0000108343
154 0.0000107186
155 0.0000106046
156 0.0000104922
157 0.0000103816
158 0.0000102726
159 0.0000101651
160 0.0000100592
161 0.0000099549
162 0.0000098520
163 0.0000097507
164 0.0000096508
165 0.0000095523
166 0.0000094552
167 0.0000093594
168 0.0000092650
169 0.0000091719
170 0.0000090801
171 0.0000089896
172 0.0000089003
173 0.0000088123
174 0.0000087254
175 0.0000086398
176 0.0000085553
177 0.0000084719
178 0.0000083896
179 0.0000083085
180 0.0000082284
181 0.0000081494
182 0.0000080714
183 0.0000079945
184 0.0000079185
185 0.0000078436
186 0.0000077696
187 0.0000076966
188 0.0000076245
189 0.0000075534
190 0.0000074831
191 0.0000074138
192 0.0000073453
193 0.0000072777
194 0.0000072110
195 0.0000071450
196 0.0000070800
197 0.0000070157
198 0.0000069522
199 0.0000068895
200 0.0000068276
201 0.0000067664
202 0.0000067060
203 0.0000066463
204 0.0000065873
205 0.0000065291
206 0.0000064716
207 0.0000064147
208 0.0000063585
209 0.0000063030
210 0.0000062482
211 0.0000061940
212 0.0000061405
213 0.0000060876
214 0.0000060353
215 0.0000059836
216 0.0000059325
217 0.0000058821
218 0.0000058322
219 0.0000057828
220 0.0000057341
221 0.0000056859
222 0.0000056382
223 0.0000055912
224 0.0000055446
225 0.0000054986
226 0.0000054530
227 0.0000054081
228 0.0000053636
229 0.0000053196
230 0.0000052761
231 0.0000052331
232 0.0000051905
233 0.0000051484
234 0.0000051069
235 0.0000050657
236 0.0000050250
237 0.0000049848
238 0.0000049450
239 0.0000049056
240 0.0000048666
241 0.0000048281
242 0.0000047900
243 0.0000047523
244 0.0000047150
245 0.0000046782
246 0.0000046416
247 0.0000046055
248 0.0000045698
249 0.0000045345
250 0.0000044995
251 0.0000044649
252 0.0000044307
253 0.0000043968
254 0.0000043633
255 0.0000043301
256 0.0000042973
257 0.0000042648
258 0.0000042326
259 0.0000042008
260 0.0000041693
261 0.0000041382
262 0.0000041073
263 0.0000040768
264 0.0000040466
265 0.0000040167
266 0.0000039871
267 0.0000039577
268 0.0000039287
269 0.0000039000
270 0.0000038716
271 0.0000038435
272 0.0000038156
273 0.0000037880
274 0.0000037607
275 0.0000037337
276 0.0000037069
277 0.0000036804
278 0.0000036542
279 0.0000036282
280 0.0000036025
281 0.0000035770
282 0.0000035518
283 0.0000035268
284 0.0000035021
285 0.0000034776
286 0.0000034533
287 0.0000034293
288 0.0000034055
289 0.0000033819
290 0.0000033586
291 0.0000033355
292 0.0000033126
293 0.0000032900
294 0.0000032675
295 0.0000032453
296 0.0000032232
297 0.0000032014
298 0.0000031798
299 0.0000031584
300 0.0000031372
301 0.0000031162
302 0.0000030954
303 0.0000030748
304 0.0000030544
305 0.0000030341
306 0.0000030141
307 0.0000029942
308 0.0000029746
309 0.0000029551
310 0.0000029358
311 0.0000029167
312 0.0000028977
313 0.0000028789
314 0.0000028603
315 0.0000028419
316 0.0000028236
317 0.0000028055
318 0.0000027876
319 0.0000027698
320 0.0000027522
321 0.0000027347
322 0.0000027174
323 0.0000027003
324 0.0000026833
325 0.0000026665
326 0.0000026498
327 0.0000026333
328 0.0000026169
329 0.0000026006
330 0.0000025846
331 0.0000025686
332 0.0000025528
333 0.0000025371
334 0.0000025216
335 0.0000025062
336 0.0000024909
337 0.0000024758
338 0.0000024608
339 0.0000024460
340 0.0000024312
341 0.0000024166
342 0.0000024022
343 0.0000023878
344 0.0000023736
345 0.0000023595
346 0.0000023455
347 0.0000023316
348 0.0000023179
349 0.0000023043
350 0.0000022908
351 0.0000022774
352 0.0000022641
353 0.0000022510
354 0.0000022379
355 0.0000022250
356 0.0000022122
357 0.0000021994
358 0.0000021868
359 0.0000021743
360 0.0000021619
361 0.0000021496
362 0.0000021375
363 0.0000021254
364 0.0000021134
365 0.0000021015
366 0.0000020897
367 0.0000020780
368 0.0000020664
369 0.0000020550
370 0.0000020436
371 0.0000020323
372 0.0000020210
373 0.0000020099
374 0.0000019989
375 0.0000019880
376 0.0000019771
377 0.0000019664
378 0.0000019557
379 0.0000019451
380 0.0000019347
381 0.0000019242
382 0.0000019139
383 0.0000019037
384 0.0000018935
385 0.0000018835
386 0.0000018735
387 0.0000018636
388 0.0000018537
389 0.0000018440
390 0.0000018343
391 0.0000018247
392 0.0000018152
393 0.0000018058
394 0.0000017964
395 0.0000017871
396 0.0000017779
397 0.0000017688
398 0.0000017597
399 0.0000017507
400 0.0000017418
401 0.0000017329
402 0.0000017241
403 0.0000017154
404 0.0000017068
405 0.0000016982
406 0.0000016897
407 0.0000016812
408 0.0000016729
409 0.0000016646
410 0.0000016563
411 0.0000016481
412 0.0000016400
413 0.0000016320
414 0.0000016240
415 0.0000016160
416 0.0000016082
417 0.0000016004
418 0.0000015926
419 0.0000015849
420 0.0000015773
421 0.0000015697
422 0.0000015622
423 0.0000015548
424 0.0000015474
425 0.0000015400
426 0.0000015327
427 0.0000015255
428 0.0000015183
429 0.0000015112
430 0.0000015042
431 0.0000014971
432 0.0000014902
433 0.0000014833
434 0.0000014764
435 0.0000014696
436 0.0000014629
437 0.0000014562
438 0.0000014495
439 0.0000014429
440 0.0000014364
441 0.0000014299
442 0.0000014234
443 0.0000014170
444 0.0000014107
445 0.0000014043
446 0.0000013981
447 0.0000013919
448 0.0000013857
449 0.0000013796
450 0.0000013735
451 0.0000013674
452 0.0000013615
453 0.0000013555
454 0.0000013496
455 0.0000013437
456 0.0000013379
457 0.0000013322
458 0.0000013264
459 0.0000013207
460 0.0000013151
461 0.0000013095
462 0.0000013039
463 0.0000012984
464 0.0000012929
465 0.0000012874
466 0.0000012820
467 0.0000012767
468 0.0000012713
469 0.0000012660
470 0.0000012608
471 0.0000012556
472 0.0000012504
473 0.0000012452
474 0.0000012401
475 0.0000012351
476 0.0000012300
477 0.0000012250
478 0.0000012201
479 0.0000012151
480 0.0000012102
481 0.0000012054
482 0.0000012006
483 0.0000011958
484 0.0000011910
485 0.0000011863
486 0.0000011816
487 0.0000011769
488 0.0000011723
489 0.0000011677
490 0.0000011632
491 0.0000011586
492 0.0000011542
493 0.0000011497
494 0.0000011453
495 0.0000011408
496 0.0000011365
497 0.0000011321
498 0.0000011278
499 0.0000011235
500 0.0000011193
501 0.0000011151
502 0.0000011108
503 0.0000011067
504 0.0000011025
505 0.0000010984
506 0.0000010943
507 0.0000010903
508 0.0000010863
509 0.0000010823
510 0.0000010783
511 0.0000010743
512 0.0000010704
513 0.0000010665
514 0.0000010627
515 0.0000010588
516 0.0000010550
517 0.0000010512
518 0.0000010474
519 0.0000010437
520 0.0000010400
521 0.0000010363
522 0.0000010326
523 0.0000010290
524 0.0000010254
525 0.0000010218
526 0.0000010182
527 0.0000010147
528 0.0000010111
529 0.0000010076
530 0.0000010042
531 0.0000010007
532 0.0000009973
533 0.0000009939
534 0.0000009905
535 0.0000009871
536 0.0000009838
537 0.0000009805
538 0.0000009772
539 0.0000009739
540 0.0000009706
541 0.0000009674
542 0.0000009642
543 0.0000009610
544 0.0000009578
545 0.0000009547
546 0.0000009515
547 0.0000009484
548 0.0000009453
549 0.0000009423
550 0.0000009392
551 0.0000009362
552 0.0000009331
553 0.0000009301
554 0.0000009272
555 0.0000009242
556 0.0000009213
557 0.0000009183
558 0.0000009155
559 0.0000009126
560 0.0000009097
561 0.0000009069
562 0.0000009040
563 0.0000009012
564 0.0000008984
565 0.0000008956
566 0.0000008929
567 0.0000008901
568 0.0000008874
569 0.0000008847
570 0.0000008820
571 0.0000008793
572 0.0000008767
573 0.0000008740
574 0.0000008714
575 0.0000008688
576 0.0000008662
577 0.0000008636
578 0.0000008611
579 0.0000008585
580 0.0000008560
581 0.0000008535
582 0.0000008510
583 0.0000008485
584 0.0000008460
585 0.0000008436
586 0.0000008411
587 0.0000008387
588 0.0000008363
589 0.0000008339
590 0.0000008315
591 0.0000008291
592 0.0000008268
593 0.0000008244
594 0.0000008221
595 0.0000008198
596 0.0000008175
597 0.0000008152
598 0.0000008129
599 0.0000008107
600 0.0000008084
601 0.0000008062
602 0.0000008040
603 0.0000008018
604 0.0000007996
605 0.0000007974
606 0.0000007952
607 0.0000007931
608 0.0000007909
609 0.0000007888
610 0.0000007867
611 0.0000007846
612 0.0000007825
613 0.0000007804
614 0.0000007783
615 0.0000007763
616 0.0000007742
617 0.0000007722
618 0.0000007702
619 0.0000007682
620 0.0000007662
621 0.0000007642
622 0.0000007622
623 0.0000007602
624 0.0000007583
625 0.0000007563
626 0.0000007544
627 0.0000007525
628 0.0000007506
629 0.0000007487
630 0.0000007468
631 0.0000007449
632 0.0000007430
633 0.0000007412
634 0.0000007393
635 0.0000007375
636 0.0000007357
637 0.0000007339
638 0.0000007321
639 0.0000007303
640 0.0000007285
641 0.0000007267
642 0.0000007249
643 0.0000007232
644 0.0000007214
645 0.0000007197
646 0.0000007180
647 0.0000007162
648 0.0000007145
649 0.0000007128
650 0.0000007111
651 0.0000007094
652 0.0000007078
653 0.0000007061
654 0.0000007044
655 0.0000007028
656 0.0000007012
657 0.0000006995
658 0.0000006979
659 0.0000006963
660 0.0000006947
661 0.0000006931
662 0.0000006915
663 0.0000006899
664 0.0000006884
665 0.0000006868
666 0.0000006853
667 0.0000006837
668 0.0000006822
669 0.0000006806
670 0.0000006791
671 0.0000006776
672 0.0000006761
673 0.0000006746
674 0.0000006731
675 0.0000006716
676 0.0000006702
677 0.0000006687
678 0.0000006672
679 0.0000006658
680 0.0000006643
681 0.0000006629
682 0.0000006615
683 0.0000006600
684 0.0000006586
685 0.0000006572
686 0.0000006558
687 0.0000006544
688 0.0000006530
689 0.0000006517
690 0.0000006503
691 0.0000006489
692 0.0000006476
693 0.0000006462
694 0.0000006449
695 0.0000006435
696 0.0000006422
697 0.0000006409
698 0.0000006395
699 0.0000006382
700 0.0000006369
701 0.0000006356
702 0.0000006343
703 0.0000006330
704 0.0000006318
705 0.0000006305
706 0.0000006292
707 0.0000006279
708 0.0000006267
709 0.0000006254
710 0.0000006242
711 0.0000006230
712 0.0000006217
713 0.0000006205
714 0.0000006193
715 0.0000006181
716 0.0000006169
717 0.0000006157
718 0.0000006145
719 0.0000006133
720 0.0000006121
721 0.0000006109
722 0.0000006097
723 0.0000006086
724 0.0000006074
725 0.0000006062
726 0.0000006051
727 0.0000006039
728 0.0000006028
729 0.0000006017
730 0.0000006005
731 0.0000005994
732 0.0000005983
733 0.0000005971
734 0.0000005960
735 0.0000005949
736 0.0000005938
737 0.0000005927
738 0.0000005916
739 0.0000005906
740 0.0000005895
741 0.0000005884
742 0.0000005873
743 0.0000005863
744 0.0000005852
745 0.0000005841
746 0.0000005831
747 0.0000005820
748 0.0000005810
749 0.0000005800
750 0.0000005789
751 0.0000005779
752 0.0000005769
753 0.0000005759
754 0.0000005748
755 0.0000005738
756 0.0000005728
757 0.0000005718
758 0.0000005708
759 0.0000005698
760 0.0000005688
761 0.0000005679
762 0.0000005669
763 0.0000005659
764 0.0000005649
765 0.0000005640
766 0.0000005630
767 0.0000005620
768 0.0000005611
769 0.0000005601
770 0.0000005592
771 0.0000005582
772 0.0000005573
773 0.0000005564
774 0.0000005554
775 0.0000005545
776 0.0000005536
777 0.0000005527
778 0.0000005517
779 0.0000005508
780 0.0000005499
781 0.0000005490
782 0.0000005481
783 0.0000005472
784 0.0000005463
785 0.0000005454
786 0.0000005445
787 0.0000005437
788 0.0000005428
789 0.0000005419
790 0.0000005410
791 0.0000005402
792 0.0000005393
793 0.0000005384
794 0.0000005376
795 0.0000005367
796 0.0000005359
797 0.0000005350
798 0.0000005342
799 0.0000005334
800 0.0000005325
801 0.0000005317
802 0.0000005308
803 0.0000005300
804 0.0000005292
805 0.0000005284
806 0.0000005276
807 0.0000005267
808 0.0000005259
809 0.0000005251
810 0.0000005243
811 0.0000005235
812 0.0000005227
813 0.0000005219
814 0.0000005211
815 0.0000005203
816 0.0000005196
817 0.0000005188
818 0.0000005180
819 0.0000005172
820 0.0000005164
821 0.0000005157
822 0.0000005149
823 0.0000005141
824 0.0000005134
825 0.0000005126
826 0.0000005118
827 0.0000005111
828 0.0000005103
829 0.0000005096
830 0.0000005088
831 0.0000005081
832 0.0000005074
833 0.0000005066
834 0.0000005059
835 0.0000005052
836 0.0000005044
837 0.0000005037
838 0.0000005030
839 0.0000005023
840 0.0000005015
841 0.0000005008
842 0.0000005001
843 0.0000004994
844 0.0000004987
845 0.0000004980
846 0.0000004973
847 0.0000004966
848 0.0000004959
849 0.0000004952
850 0.0000004945
851 0.0000004938
852 0.0000004931
853 0.0000004924
854 0.0000004917
855 0.0000004911
856 0.0000004904
857 0.0000004897
858 0.0000004890
859 0.0000004884
860 0.0000004877
861 0.0000004870
862 0.0000004864
863 0.0000004857
864 0.0000004850
865 0.0000004844
866 0.0000004837
867 0.0000004831
868 0.0000004824
869 0.0000004818
870 0.0000004811
871 0.0000004805
872 0.0000004798
873 0.0000004792
874 0.0000004785
875 0.0000004779
876 0.0000004773
877 0.0000004766
878 0.0000004760
879 0.0000004754
880 0.0000004748
881 0.0000004741
882 0.0000004735
883 0.0000004729
884 0.0000004723
885 0.0000004717
886 0.0000004710
887 0.0000004704
888 0.0000004698
889 0.0000004692
890 0.0000004686
891 0.0000004680
892 0.0000004674
893 0.0000004668
894 0.0000004662
895 0.0000004656
896 0.0000004650
897 0.0000004644
898 0.0000004638
899 0.0000004633
900 0.0000004627
901 0.0000004621
902 0.0000004615
903 0.0000004609
904 0.0000004603
905 0.0000004598
906 0.0000004592
907 0.0000004586
908 0.0000004580
909 0.0000004575
910 0.0000004569
911 0.0000004563
912 0.0000004558
913 0.0000004552
914 0.0000004546
915 0.0000004541
916 0.0000004535
917 0.0000004530
918 0.0000004524
919 0.0000004519
920 0.0000004513
921 0.0000004508
922 0.0000004502
923 0.0000004497
924 0.0000004491
925 0.0000004486
926 0.0000004480
927 0.0000004475
928 0.0000004470
929 0.0000004464
930 0.0000004459
931 0.0000004454
932 0.0000004448
933 0.0000004443
934 0.0000004438
935 0.0000004432
936 0.0000004427
937 0.0000004422
938 0.0000004417
939 0.0000004412
940 0.0000004406
941 0.0000004401
942 0.0000004396
943 0.0000004391
944 0.0000004386
945 0.0000004381
946 0.0000004375
947 0.0000004370
948 0.0000004365
949 0.0000004360
950 0.0000004355
951 0.0000004350
952 0.0000004345
953 0.0000004340
954 0.0000004335
955 0.0000004330
956 0.0000004325
957 0.0000004320
958 0.0000004315
959 0.0000004310
960 0.0000004305
961 0.0000004301
962 0.0000004296
963 0.0000004291
964 0.0000004286
965 0.0000004281
966 0.0000004276
967 0.0000004271
968 0.0000004267
969 0.0000004262
970 0.0000004257
971 0.0000004252
972 0.0000004247
973 0.0000004243
974 0.0000004238
975 0.0000004233
976 0.0000004229
977 0.0000004224
978 0.0000004219
979 0.0000004215
980 0.0000004210
981 0.0000004205
982 0.0000004201
983 0.0000004196
984 0.0000004191
985 0.0000004187
986 0.0000004182
987 0.0000004178
988 0.0000004173
989 0.0000004169
990 0.0000004164
991 0.0000004160
992 0.0000004155
993 0.0000004151
994 0.0000004146
995 0.0000004142
996 0.0000004137
997 0.0000004133
998 0.0000004128
999 0.0000004124
1000 0.0000004119
1001 0.0000004115
1002 0.0000004111
1003 0.0000004106
1004 0.0000004102
1005 0.0000004097
1006 0.0000004093
1007 0.0000004089
1008 0.0000004084
1009 0.0000004080
1010 0.0000004076
1011 0.0000004072
1012 0.0000004067
1013 0.0000004063
1014 0.0000004059
1015 0.0000004054
1016 0.0000004050
1017 0.0000004046
1018 0.0000004042
1019 0.0000004038
1020 0.0000004033
1021 0.0000004029
1022 0.0000004025
1023 0.0000004021
1024 0.0000004017
1025 0.0000004013
1026 0.0000004008
1027 0.0000004004
1028 0.0000004000
1029 0.0000003996
1030 0.0000003992
1031 0.0000003988
1032 0.0000003984
1033 0.0000003980
1034 0.0000003976
1035 0.0000003972
1036 0.0000003967
1037 0.0000003964
1038 0.0000003959
1039 0.0000003955
1040 0.0000003951
1041 0.0000003947
1042 0.0000003943
1043 0.0000003940
1044 0.0000003936
1045 0.0000003931
1046 0.0000003928
1047 0.0000003924
1048 0.0000003920
1049 0.0000003916
1050 0.0000003912
1051 0.0000003908
1052 0.0000003904
1053 0.0000003900
1054 0.0000003896
1055 0.0000003892
1056 0.0000003889
1057 0.0000003885
1058 0.0000003881
1059 0.0000003877
1060 0.0000003873
1061 0.0000003869
1062 0.0000003866
1063 0.0000003862
1064 0.0000003858
1065 0.0000003854
1066 0.0000003850
1067 0.0000003847
1068 0.0000003843
1069 0.0000003839
1070 0.0000003835
1071 0.0000003832
1072 0.0000003828
1073 0.0000003824
1074 0.0000003820
1075 0.0000003817
1076 0.0000003813
1077 0.0000003809
1078 0.0000003806
1079 0.0000003802
1080 0.0000003798
1081 0.0000003795
1082 0.0000003791
1083 0.0000003787
1084 0.0000003784
1085 0.0000003780
1086 0.0000003777
1087 0.0000003773
1088 0.0000003769
1089 0.0000003766
1090 0.0000003762
