1 990
0 0.9926081145
1 0.0038692714
2 0.0009126613
3 0.0004822828
4 0.0002743149
5 0.0001750192
6 0.0001222091
7 0.0000911065
8 0.0000714673
9 0.0000583918
10 0.0000492700
11 0.0000426287
12 0.0000376039
13 0.0000336723
14 0.0000305060
15 0.0000278939
16 0.0000256952
17 0.0000238139
18 0.0000221823
19 0.0000207513
20 0.0000194848
21 0.0000183552
22 0.0000173411
23 0.0000164254
24 0.0000155946
25 0.0000148375
26 0.0000141448
27 0.0000135088
28 0.0000129230
29 0.0000123817
30 0.0000118802
31 0.0000114144
32 0.0000109807
33 0.0000105760
34 0.0000101975
35 0.0000098429
36 0.0000095100
37 0.0000091969
38 0.0000089020
39 0.0000086238
40 0.0000083609
41 0.0000081122
42 0.0000078765
43 0.0000076530
44 0.0000074406
45 0.0000072387
46 0.0000070465
47 0.0000068633
48 0.0000066886
49 0.0000065217
50 0.0000063623
51 0.0000062097
52 0.0000060637
53 0.0000059237
54 0.0000057895
55 0.0000056606
56 0.0000055369
57 0.0000054180
58 0.0000053036
59 0.0000051935
60 0.0000050875
61 0.0000049854
62 0.0000048869
63 0.0000047918
64 0.0000047001
65 0.0000046114
66 0.0000045258
67 0.0000044430
68 0.0000043629
69 0.0000042854
70 0.0000042103
71 0.0000041376
72 0.0000040671
73 0.0000039988
74 0.0000039325
75 0.0000038682
76 0.0000038057
77 0.0000037451
78 0.0000036862
79 0.0000036289
80 0.0000035732
81 0.0000035191
82 0.0000034664
83 0.0000034152
84 0.0000033652
85 0.0000033166
86 0.0000032693
87 0.0000032232
88 0.0000031782
89 0.0000031344
90 0.0000030916
91 0.0000030499
92 0.0000030092
93 0.0000029694
94 0.0000029306
95 0.0000028928
96 0.0000028558
97 0.0000028196
98 0.0000027843
99 0.0000027497
100 0.0000027159
101 0.0000026829
102 0.0000026506
103 0.0000026190
104 0.0000025881
105 0.0000025578
106 0.0000025281
107 0.0000024991
108 0.0000024707
109 0.0000024428
110 0.0000024155
111 0.0000023888
112 0.0000023626
113 0.0000023369
114 0.0000023117
115 0.0000022870
116 0.0000022628
117 0.0000022390
118 0.0000022157
119 0.0000021929
120 0.0000021704
121 0.0000021484
122 0.0000021267
123 0.0000021055
124 0.0000020846
125 0.0000020641
126 0.0000020440
127 0.0000020242
128 0.0000020048
129 0.0000019857
130 0.0000019669
131 0.0000019485
132 0.0000019303
133 0.0000019125
134 0.0000018950
135 0.0000018777
136 0.0000018608
137 0.0000018441
138 0.0000018276
139 0.0000018115
140 0.0000017956
141 0.0000017799
142 0.0000017645
143 0.0000017494
144 0.0000017345
145 0.0000017198
146 0.0000017053
147 0.0000016910
148 0.0000016770
149 0.0000016632
150 0.0000016495
151 0.0000016361
152 0.0000016229
153 0.0000016099
154 0.0000015970
155 0.0000015844
156 0.0000015719
157 0.0000015596
158 0.0000015474
159 0.0000015355
160 0.0000015237
161 0.0000015121
162 0.0000015006
163 0.0000014893
164 0.0000014781
165 0.0000014671
166 0.0000014563
167 0.0000014456
168 0.0000014350
169 0.0000014246
170 0.0000014143
171 0.0000014041
172 0.0000013941
173 0.0000013842
174 0.0000013744
175 0.0000013648
176 0.0000013552
177 0.0000013458
178 0.0000013365
179 0.0000013274
180 0.0000013183
181 0.0000013094
182 0.0000013005
183 0.0000012918
184 0.0000012832
185 0.0000012747
186 0.0000012662
187 0.0000012579
188 0.0000012497
189 0.0000012416
190 0.0000012336
191 0.0000012256
192 0.0000012178
193 0.0000012100
194 0.0000012024
195 0.0000011948
196 0.0000011873
197 0.0000011799
198 0.0000011726
199 0.0000011654
200 0.0000011582
201 0.0000011511
202 0.0000011441
203 0.0000011372
204 0.0000011304
205 0.0000011236
206 0.0000011169
207 0.0000011103
208 0.0000011037
209 0.0000010972
210 0.0000010908
211 0.0000010845
212 0.0000010782
213 0.0000010720
214 0.0000010658
215 0.0000010597
216 0.0000010537
217 0.0000010478
218 0.0000010419
219 0.0000010360
220 0.0000010302
221 0.0000010245
222 0.0000010188
223 0.0000010132
224 0.0000010077
225 0.0000010022
226 0.0000009967
227 0.0000009913
228 0.0000009860
229 0.0000009807
230 0.0000009755
231 0.0000009703
232 0.0000009652
233 0.0000009601
234 0.0000009551
235 0.0000009501
236 0.0000009451
237 0.0000009402
238 0.0000009354
239 0.0000009306
240 0.0000009258
241 0.0000009211
242 0.0000009164
243 0.0000009118
244 0.0000009072
245 0.0000009027
246 0.0000008982
247 0.0000008937
248 0.0000008893
249 0.0000008849
250 0.0000008806
251 0.0000008763
252 0.0000008720
253 0.0000008678
254 0.0000008636
255 0.0000008594
256 0.0000008553
257 0.0000008512
258 0.0000008472
259 0.0000008431
260 0.0000008392
261 0.0000008352
262 0.0000008313
263 0.0000008274
264 0.0000008236
265 0.0000008198
266 0.0000008160
267 0.0000008122
268 0.0000008085
269 0.0000008048
270 0.0000008012
271 0.0000007975
272 0.0000007940
273 0.0000007904
274 0.0000007868
275 0.0000007833
276 0.0000007799
277 0.0000007764
278 0.0000007730
279 0.0000007696
280 0.0000007662
281 0.0000007629
282 0.0000007595
283 0.0000007562
284 0.0000007530
285 0.0000007497
286 0.0000007465
287 0.0000007433
288 0.0000007402
289 0.0000007370
290 0.0000007339
291 0.0000007308
292 0.0000007277
293 0.0000007247
294 0.0000007217
295 0.0000007187
296 0.0000007157
297 0.0000007127
298 0.0000007098
299 0.0000007069
300 0.0000007040
301 0.0000007011
302 0.0000006983
303 0.0000006955
304 0.0000006927
305 0.0000006899
306 0.0000006871
307 0.0000006844
308 0.0000006816
309 0.0000006789
310 0.0000006762
311 0.0000006736
312 0.0000006709
313 0.0000006683
314 0.0000006657
315 0.0000006631
316 0.0000006605
317 0.0000006580
318 0.0000006554
319 0.0000006529
320 0.0000006504
321 0.0000006479
322 0.0000006455
323 0.0000006430
324 0.0000006406
325 0.0000006382
326 0.0000006358
327 0.0000006334
328 0.0000006310
329 0.0000006287
330 0.0000006263
331 0.0000006240
332 0.0000006217
333 0.0000006194
334 0.0000006171
335 0.0000006149
336 0.0000006126
337 0.0000006104
338 0.0000006082
339 0.0000006060
340 0.0000006038
341 0.0000006016
342 0.0000005995
343 0.0000005973
344 0.0000005952
345 0.0000005931
346 0.0000005910
347 0.0000005889
348 0.0000005868
349 0.0000005848
350 0.0000005827
351 0.0000005807
352 0.0000005787
353 0.0000005766
354 0.0000005747
355 0.0000005727
356 0.0000005707
357 0.0000005687
358 0.0000005668
359 0.0000005649
360 0.0000005629
361 0.0000005610
362 0.0000005591
363 0.0000005572
364 0.0000005554
365 0.0000005535
366 0.0000005516
367 0.0000005498
368 0.0000005480
369 0.0000005461
370 0.0000005443
371 0.0000005425
372 0.0000005407
373 0.0000005390
374 0.0000005372
375 0.0000005354
376 0.0000005337
377 0.0000005320
378 0.0000005302
379 0.0000005285
380 0.0000005268
381 0.0000005251
382 0.0000005234
383 0.0000005218
384 0.0000005201
385 0.0000005184
386 0.0000005168
387 0.0000005152
388 0.0000005135
389 0.0000005119
390 0.0000005103
391 0.0000005087
392 0.0000005071
393 0.0000005055
394 0.0000005040
395 0.0000005024
396 0.0000005008
397 0.0000004993
398 0.0000004978
399 0.0000004962
400 0.0000004947
401 0.0000004932
402 0.0000004917
403 0.0000004902
404 0.0000004887
405 0.0000004872
406 0.0000004858
407 0.0000004843
408 0.0000004828
409 0.0000004814
410 0.0000004800
411 0.0000004785
412 0.0000004771
413 0.0000004757
414 0.0000004743
415 0.0000004729
416 0.0000004715
417 0.0000004701
418 0.0000004687
419 0.0000004674
420 0.0000004660
421 0.0000004646
422 0.0000004633
423 0.0000004619
424 0.0000004606
425 0.0000004593
426 0.0000004580
427 0.0000004566
428 0.0000004553
429 0.0000004540
430 0.0000004527
431 0.0000004515
432 0.0000004502
433 0.0000004489
434 0.0000004476
435 0.0000004464
436 0.0000004451
437 0.0000004439
438 0.0000004426
439 0.0000004414
440 0.0000004402
441 0.0000004389
442 0.0000004377
443 0.0000004365
444 0.0000004353
445 0.0000004341
446 0.0000004329
447 0.0000004317
448 0.0000004305
449 0.0000004294
450 0.0000004282
451 0.0000004270
452 0.0000004259
453 0.0000004247
454 0.0000004236
455 0.0000004224
456 0.0000004213
457 0.0000004202
458 0.0000004190
459 0.0000004179
460 0.0000004168
461 0.0000004157
462 0.0000004146
463 0.0000004135
464 0.0000004124
465 0.0000004113
466 0.0000004102
467 0.0000004092
468 0.0000004081
469 0.0000004070
470 0.0000004060
471 0.0000004049
472 0.0000004039
473 0.0000004028
474 0.0000004018
475 0.0000004007
476 0.0000003997
477 0.0000003987
478 0.0000003977
479 0.0000003966
480 0.0000003956
481 0.0000003946
482 0.0000003936
483 0.0000003926
484 0.0000003916
485 0.0000003906
486 0.0000003896
487 0.0000003887
488 0.0000003877
489 0.0000003867
490 0.0000003858
491 0.0000003848
492 0.0000003838
493 0.0000003829
494 0.0000003819
495 0.0000003810
496 0.0000003800
497 0.0000003791
498 0.0000003782
499 0.0000003772
500 0.0000003763
501 0.0000003754
502 0.0000003745
503 0.0000003736
504 0.0000003727
505 0.0000003718
506 0.0000003709
507 0.0000003700
508 0.0000003691
509 0.0000003682
510 0.0000003673
511 0.0000003664
512 0.0000003655
513 0.0000003647
514 0.0000003638
515 0.0000003629
516 0.0000003621
517 0.0000003612
518 0.0000003603
519 0.0000003595
520 0.0000003587
521 0.0000003578
522 0.0000003570
523 0.0000003561
524 0.0000003553
525 0.0000003545
526 0.0000003536
527 0.0000003528
528 0.0000003520
529 0.0000003512
530 0.0000003504
531 0.0000003496
532 0.0000003488
533 0.0000003480
534 0.0000003472
535 0.0000003464
536 0.0000003456
537 0.0000003448
538 0.0000003440
539 0.0000003432
540 0.0000003424
541 0.0000003417
542 0.0000003409
543 0.0000003401
544 0.0000003393
545 0.0000003386
546 0.0000003378
547 0.0000003371
548 0.0000003363
549 0.0000003356
550 0.0000003348
551 0.0000003341
552 0.0000003333
553 0.0000003326
554 0.0000003319
555 0.0000003311
556 0.0000003304
557 0.0000003297
558 0.0000003289
559 0.0000003282
560 0.0000003275
561 0.0000003268
562 0.0000003261
563 0.0000003254
564 0.0000003247
565 0.0000003239
566 0.0000003232
567 0.0000003225
568 0.0000003218
569 0.0000003212
570 0.0000003205
571 0.0000003198
572 0.0000003191
573 0.0000003184
574 0.0000003177
575 0.0000003170
576 0.0000003164
577 0.0000003157
578 0.0000003150
579 0.0000003144
580 0.0000003137
581 0.0000003130
582 0.0000003124
583 0.0000003117
584 0.0000003111
585 0.0000003104
586 0.0000003098
587 0.0000003091
588 0.0000003085
589 0.0000003078
590 0.0000003072
591 0.0000003066
592 0.0000003059
593 0.0000003053
594 0.0000003047
595 0.0000003040
596 0.0000003034
597 0.0000003028
598 0.0000003022
599 0.0000003015
600 0.0000003009
601 0.0000003003
602 0.0000002997
603 0.0000002991
604 0.0000002985
605 0.0000002979
606 0.0000002973
607 0.0000002967
608 0.0000002961
609 0.0000002955
610 0.0000002949
611 0.0000002943
612 0.0000002937
613 0.0000002931
614 0.0000002925
615 0.0000002919
616 0.0000002914
617 0.0000002908
618 0.0000002902
619 0.0000002896
620 0.0000002891
621 0.0000002885
622 0.0000002879
623 0.0000002873
624 0.0000002868
625 0.0000002862
626 0.0000002857
627 0.0000002851
628 0.0000002845
629 0.0000002840
630 0.0000002834
631 0.0000002829
632 0.0000002823
633 0.0000002818
634 0.0000002812
635 0.0000002807
636 0.0000002801
637 0.0000002796
638 0.0000002791
639 0.0000002785
640 0.0000002780
641 0.0000002775
642 0.0000002769
643 0.0000002764
644 0.0000002759
645 0.0000002754
646 0.0000002748
647 0.0000002743
648 0.0000002738
649 0.0000002733
650 0.0000002728
651 0.0000002722
652 0.0000002717
653 0.0000002712
654 0.0000002707
655 0.0000002702
656 0.0000002697
657 0.0000002692
658 0.0000002687
659 0.0000002682
660 0.0000002677
661 0.0000002672
662 0.0000002667
663 0.0000002662
664 0.0000002657
665 0.0000002652
666 0.0000002647
667 0.0000002642
668 0.0000002638
669 0.0000002633
670 0.0000002628
671 0.0000002623
672 0.0000002618
673 0.0000002613
674 0.0000002609
675 0.0000002604
676 0.0000002599
677 0.0000002595
678 0.0000002590
679 0.0000002585
680 0.0000002580
681 0.0000002576
682 0.0000002571
683 0.0000002567
684 0.0000002562
685 0.0000002557
686 0.0000002553
687 0.0000002548
688 0.0000002544
689 0.0000002539
690 0.0000002535
691 0.0000002530
692 0.0000002526
693 0.0000002521
694 0.0000002517
695 0.0000002512
696 0.0000002508
697 0.0000002503
698 0.0000002499
699 0.0000002494
700 0.0000002490
701 0.0000002486
702 0.0000002481
703 0.0000002477
704 0.0000002473
705 0.0000002468
706 0.0000002464
707 0.0000002460
708 0.0000002455
709 0.0000002451
710 0.0000002447
711 0.0000002443
712 0.0000002439
713 0.0000002434
714 0.0000002430
715 0.0000002426
716 0.0000002422
717 0.0000002418
718 0.0000002413
719 0.0000002409
720 0.0000002405
721 0.0000002401
722 0.0000002397
723 0.0000002393
724 0.0000002389
725 0.0000002385
726 0.0000002381
727 0.0000002377
728 0.0000002373
729 0.0000002369
730 0.0000002365
731 0.0000002361
732 0.0000002357
733 0.0000002353
734 0.0000002349
735 0.0000002345
736 0.0000002341
737 0.0000002337
738 0.0000002333
739 0.0000002329
740 0.0000002325
741 0.0000002321
742 0.0000002318
743 0.0000002314
744 0.0000002310
745 0.0000002306
746 0.0000002302
747 0.0000002298
748 0.0000002295
749 0.0000002291
750 0.0000002287
751 0.0000002283
752 0.0000002280
753 0.0000002276
754 0.0000002272
755 0.0000002268
756 0.0000002265
757 0.0000002261
758 0.0000002257
759 0.0000002254
760 0.0000002250
761 0.0000002246
762 0.0000002243
763 0.0000002239
764 0.0000002235
765 0.0000002232
766 0.0000002228
767 0.0000002225
768 0.0000002221
769 0.0000002217
770 0.0000002214
771 0.0000002210
772 0.0000002207
773 0.0000002203
774 0.0000002200
775 0.0000002196
776 0.0000002193
777 0.0000002189
778 0.0000002186
779 0.0000002182
780 0.0000002179
781 0.0000002175
782 0.0000002172
783 0.0000002169
784 0.0000002165
785 0.0000002162
786 0.0000002158
787 0.0000002155
788 0.0000002151
789 0.0000002148
790 0.0000002145
791 0.0000002141
792 0.0000002138
793 0.0000002135
794 0.0000002131
795 0.0000002128
796 0.0000002125
797 0.0000002121
798 0.0000002118
799 0.0000002115
800 0.0000002112
801 0.0000002108
802 0.0000002105
803 0.0000002102
804 0.0000002098
805 0.0000002095
806 0.0000002092
807 0.0000002089
808 0.0000002086
809 0.0000002082
810 0.0000002079
811 0.0000002076
812 0.0000002073
813 0.0000002070
814 0.0000002066
815 0.0000002063
816 0.0000002060
817 0.0000002057
818 0.0000002054
819 0.0000002051
820 0.0000002048
821 0.0000002044
822 0.0000002041
823 0.0000002038
824 0.0000002035
825 0.0000002032
826 0.0000002029
827 0.0000002026
828 0.0000002023
829 0.0000002020
830 0.0000002017
831 0.0000002014
832 0.0000002011
833 0.0000002008
834 0.0000002005
835 0.0000002002
836 0.0000001999
837 0.0000001996
838 0.0000001993
839 0.0000001990
840 0.0000001987
841 0.0000001984
842 0.0000001981
843 0.0000001978
844 0.0000001975
845 0.0000001972
846 0.0000001969
847 0.0000001966
848 0.0000001963
849 0.0000001960
850 0.0000001957
851 0.0000001955
852 0.0000001952
853 0.0000001949
854 0.0000001946
855 0.0000001943
856 0.0000001940
857 0.0000001937
858 0.0000001934
859 0.0000001932
860 0.0000001929
861 0.0000001926
862 0.0000001923
863 0.0000001920
864 0.0000001917
865 0.0000001915
866 0.0000001912
867 0.0000001909
868 0.0000001906
869 0.0000001903
870 0.0000001901
871 0.0000001898
872 0.0000001895
873 0.0000001892
874 0.0000001890
875 0.0000001887
876 0.0000001884
877 0.0000001881
878 0.0000001879
879 0.0000001876
880 0.0000001873
881 0.0000001870
882 0.0000001868
883 0.0000001865
884 0.0000001862
885 0.0000001859
886 0.0000001857
887 0.0000001854
888 0.0000001851
889 0.0000001849
890 0.0000001846
891 0.0000001843
892 0.0000001841
893 0.0000001838
894 0.0000001835
895 0.0000001833
896 0.0000001830
897 0.0000001827
898 0.0000001824
899 0.0000001822
900 0.0000001819
901 0.0000001817
902 0.0000001814
903 0.0000001811
904 0.0000001809
905 0.0000001806
906 0.0000001803
907 0.0000001801
908 0.0000001798
909 0.0000001795
910 0.0000001793
911 0.0000001790
912 0.0000001787
913 0.0000001785
914 0.0000001782
915 0.0000001779
916 0.0000001777
917 0.0000001774
918 0.0000001771
919 0.0000001769
920 0.0000001766
921 0.0000001764
922 0.0000001761
923 0.0000001758
924 0.0000001756
925 0.0000001753
926 0.0000001750
927 0.0000001748
928 0.0000001745
929 0.0000001742
930 0.0000001739
931 0.0000001737
932 0.0000001734
933 0.0000001731
934 0.0000001729
935 0.0000001726
936 0.0000001723
937 0.0000001720
938 0.0000001718
939 0.0000001715
940 0.0000001712
941 0.0000001709
942 0.0000001706
943 0.0000001704
944 0.0000001701
945 0.0000001698
946 0.0000001695
947 0.0000001692
948 0.0000001689
949 0.0000001686
950 0.0000001683
951 0.0000001680
952 0.0000001677
953 0.0000001674
954 0.0000001670
955 0.0000001667
956 0.0000001664
957 0.0000001660
958 0.0000001657
959 0.0000001653
960 0.0000001650
961 0.0000001646
962 0.0000001642
963 0.0000001638
964 0.0000001634
965 0.0000001630
966 0.0000001626
967 0.0000001621
968 0.0000001616
969 0.0000001611
970 0.0000001606
971 0.0000001600
972 0.0000001594
973 0.0000001588
974 0.0000001581
975 0.0000001573
976 0.0000001564
977 0.0000001555
978 0.0000001544
979 0.0000001532
980 0.0000001518
981 0.0000001502
982 0.0000001483
983 0.0000001461
984 0.0000001433
985 0.0000001400
986 0.0000001358
987 0.0000001305
988 0.0000001228
989 0.0000001063
990 0.0000000000
