0 462
0 0.9735946860
1 0.0084699403
2 0.0026167273
3 0.0015242681
4 0.0009407804
5 0.0006487459
6 0.0004887712
7 0.0003915966
8 0.0003279136
9 0.0002835965
10 0.0002510815
11 0.0002260984
12 0.0002061532
13 0.0001897386
14 0.0001759086
15 0.0001640441
16 0.0001537228
17 0.0001446448
18 0.0001365891
19 0.0001293880
20 0.0001229103
21 0.0001170514
22 0.0001117265
23 0.0001068655
24 0.0001024104
25 0.0000983124
26 0.0000945302
27 0.0000910285
28 0.0000877772
29 0.0000847503
30 0.0000819253
31 0.0000792826
32 0.0000768051
33 0.0000744777
34 0.0000722873
35 0.0000702219
36 0.0000682713
37 0.0000664261
38 0.0000646780
39 0.0000630196
40 0.0000614440
41 0.0000599453
42 0.0000585179
43 0.0000571570
44 0.0000558579
45 0.0000546165
46 0.0000534291
47 0.0000522923
48 0.0000512028
49 0.0000501577
50 0.0000491545
51 0.0000481906
52 0.0000472638
53 0.0000463720
54 0.0000455132
55 0.0000446856
56 0.0000438876
57 0.0000431176
58 0.0000423741
59 0.0000416559
60 0.0000409616
61 0.0000402900
62 0.0000396401
63 0.0000390109
64 0.0000384013
65 0.0000378104
66 0.0000372375
67 0.0000366817
68 0.0000361422
69 0.0000356183
70 0.0000351094
71 0.0000346149
72 0.0000341341
73 0.0000336665
74 0.0000332114
75 0.0000327686
76 0.0000323374
77 0.0000319174
78 0.0000315081
79 0.0000311092
80 0.0000307203
81 0.0000303410
82 0.0000299710
83 0.0000296098
84 0.0000292573
85 0.0000289130
86 0.0000285768
87 0.0000282483
88 0.0000279273
89 0.0000276134
90 0.0000273066
91 0.0000270065
92 0.0000267129
93 0.0000264256
94 0.0000261444
95 0.0000258692
96 0.0000255997
97 0.0000253357
98 0.0000250772
99 0.0000248238
100 0.0000245756
101 0.0000243322
102 0.0000240936
103 0.0000238597
104 0.0000236302
105 0.0000234051
106 0.0000231843
107 0.0000229676
108 0.0000227549
109 0.0000225461
110 0.0000223411
111 0.0000221398
112 0.0000219421
113 0.0000217479
114 0.0000215570
115 0.0000213696
116 0.0000211853
117 0.0000210042
118 0.0000208262
119 0.0000206511
120 0.0000204790
121 0.0000203097
122 0.0000201432
123 0.0000199794
124 0.0000198183
125 0.0000196597
126 0.0000195036
127 0.0000193500
128 0.0000191988
129 0.0000190500
130 0.0000189034
131 0.0000187591
132 0.0000186169
133 0.0000184769
134 0.0000183390
135 0.0000182031
136 0.0000180692
137 0.0000179373
138 0.0000178073
139 0.0000176792
140 0.0000175528
141 0.0000174283
142 0.0000173056
143 0.0000171845
144 0.0000170652
145 0.0000169474
146 0.0000168313
147 0.0000167168
148 0.0000166038
149 0.0000164924
150 0.0000163824
151 0.0000162739
152 0.0000161668
153 0.0000160611
154 0.0000159567
155 0.0000158538
156 0.0000157521
157 0.0000156518
158 0.0000155527
159 0.0000154548
160 0.0000153582
161 0.0000152628
162 0.0000151685
163 0.0000150755
164 0.0000149835
165 0.0000148927
166 0.0000148029
167 0.0000147143
168 0.0000146266
169 0.0000145401
170 0.0000144545
171 0.0000143700
172 0.0000142864
173 0.0000142038
174 0.0000141221
175 0.0000140414
176 0.0000139616
177 0.0000138827
178 0.0000138047
179 0.0000137275
180 0.0000136512
181 0.0000135758
182 0.0000135012
183 0.0000134274
184 0.0000133544
185 0.0000132821
186 0.0000132107
187 0.0000131400
188 0.0000130701
189 0.0000130009
190 0.0000129325
191 0.0000128647
192 0.0000127977
193 0.0000127314
194 0.0000126657
195 0.0000126007
196 0.0000125364
197 0.0000124728
198 0.0000124097
199 0.0000123474
200 0.0000122856
201 0.0000122245
202 0.0000121639
203 0.0000121040
204 0.0000120446
205 0.0000119858
206 0.0000119276
207 0.0000118700
208 0.0000118129
209 0.0000117563
210 0.0000117003
211 0.0000116448
212 0.0000115899
213 0.0000115355
214 0.0000114815
215 0.0000114281
216 0.0000113752
217 0.0000113227
218 0.0000112708
219 0.0000112193
220 0.0000111682
221 0.0000111177
222 0.0000110676
223 0.0000110179
224 0.0000109687
225 0.0000109199
226 0.0000108716
227 0.0000108237
228 0.0000107762
229 0.0000107291
230 0.0000106824
231 0.0000106362
232 0.0000105903
233 0.0000105448
234 0.0000104997
235 0.0000104550
236 0.0000104107
237 0.0000103667
238 0.0000103231
239 0.0000102799
240 0.0000102371
241 0.0000101946
242 0.0000101524
243 0.0000101106
244 0.0000100692
245 0.0000100280
246 0.0000099872
247 0.0000099468
248 0.0000099066
249 0.0000098668
250 0.0000098273
251 0.0000097882
252 0.0000097493
253 0.0000097107
254 0.0000096725
255 0.0000096345
256 0.0000095969
257 0.0000095595
258 0.0000095224
259 0.0000094856
260 0.0000094491
261 0.0000094129
262 0.0000093770
263 0.0000093413
264 0.0000093059
265 0.0000092707
266 0.0000092358
267 0.0000092012
268 0.0000091669
269 0.0000091328
270 0.0000090989
271 0.0000090653
272 0.0000090320
273 0.0000089988
274 0.0000089660
275 0.0000089334
276 0.0000089010
277 0.0000088688
278 0.0000088369
279 0.0000088052
280 0.0000087737
281 0.0000087425
282 0.0000087114
283 0.0000086806
284 0.0000086500
285 0.0000086197
286 0.0000085895
287 0.0000085595
288 0.0000085298
289 0.0000085003
290 0.0000084709
291 0.0000084418
292 0.0000084128
293 0.0000083841
294 0.0000083556
295 0.0000083272
296 0.0000082991
297 0.0000082711
298 0.0000082433
299 0.0000082157
300 0.0000081883
301 0.0000081611
302 0.0000081340
303 0.0000081072
304 0.0000080804
305 0.0000080539
306 0.0000080276
307 0.0000080014
308 0.0000079754
309 0.0000079496
310 0.0000079239
311 0.0000078984
312 0.0000078731
313 0.0000078479
314 0.0000078229
315 0.0000077980
316 0.0000077733
317 0.0000077487
318 0.0000077244
319 0.0000077001
320 0.0000076760
321 0.0000076521
322 0.0000076283
323 0.0000076047
324 0.0000075812
325 0.0000075578
326 0.0000075346
327 0.0000075115
328 0.0000074886
329 0.0000074658
330 0.0000074431
331 0.0000074206
332 0.0000073983
333 0.0000073760
334 0.0000073539
335 0.0000073319
336 0.0000073101
337 0.0000072884
338 0.0000072668
339 0.0000072453
340 0.0000072240
341 0.0000072028
342 0.0000071817
343 0.0000071607
344 0.0000071399
345 0.0000071191
346 0.0000070985
347 0.0000070780
348 0.0000070577
349 0.0000070374
350 0.0000070173
351 0.0000069973
352 0.0000069774
353 0.0000069576
354 0.0000069379
355 0.0000069183
356 0.0000068989
357 0.0000068795
358 0.0000068603
359 0.0000068411
360 0.0000068221
361 0.0000068032
362 0.0000067843
363 0.0000067656
364 0.0000067470
365 0.0000067285
366 0.0000067101
367 0.0000066918
368 0.0000066736
369 0.0000066554
370 0.0000066374
371 0.0000066195
372 0.0000066017
373 0.0000065840
374 0.0000065663
375 0.0000065488
376 0.0000065313
377 0.0000065140
378 0.0000064967
379 0.0000064795
380 0.0000064625
381 0.0000064455
382 0.0000064286
383 0.0000064118
384 0.0000063950
385 0.0000063784
386 0.0000063618
387 0.0000063454
388 0.0000063290
389 0.0000063127
390 0.0000062965
391 0.0000062803
392 0.0000062643
393 0.0000062483
394 0.0000062324
395 0.0000062166
396 0.0000062009
397 0.0000061852
398 0.0000061696
399 0.0000061541
400 0.0000061387
401 0.0000061234
402 0.0000061081
403 0.0000060929
404 0.0000060778
405 0.0000060628
406 0.0000060478
407 0.0000060329
408 0.0000060181
409 0.0000060034
410 0.0000059887
411 0.0000059741
412 0.0000059595
413 0.0000059451
414 0.0000059307
415 0.0000059164
416 0.0000059021
417 0.0000058879
418 0.0000058738
419 0.0000058597
420 0.0000058458
421 0.0000058318
422 0.0000058180
423 0.0000058042
424 0.0000057905
425 0.0000057768
426 0.0000057632
427 0.0000057497
428 0.0000057362
429 0.0000057228
430 0.0000057095
431 0.0000056962
432 0.0000056830
433 0.0000056698
434 0.0000056567
435 0.0000056437
436 0.0000056307
437 0.0000056177
438 0.0000056049
439 0.0000055921
440 0.0000055793
441 0.0000055666
442 0.0000055540
443 0.0000055414
444 0.0000055289
445 0.0000055165
446 0.0000055041
447 0.0000054917
448 0.0000054794
449 0.0000054672
450 0.0000054550
451 0.0000054428
452 0.0000054308
453 0.0000054187
454 0.0000054068
455 0.0000053948
456 0.0000053830
457 0.0000053711
458 0.0000053594
459 0.0000053477
460 0.0000053360
461 0.0000053244
462 0.0000053128
