0 558
0 0.9872397002
1 0.0039942828
2 0.0014460259
3 0.0009108341
4 0.0006004710
5 0.0004268049
6 0.0003204040
7 0.0002497761
8 0.0002005539
9 0.0001650961
10 0.0001388637
11 0.0001190062
12 0.0001036688
13 0.0000916086
14 0.0000819702
15 0.0000741516
16 0.0000677206
17 0.0000623619
18 0.0000578420
19 0.0000539860
20 0.0000506612
21 0.0000477659
22 0.0000452214
23 0.0000429662
24 0.0000409519
25 0.0000391400
26 0.0000374996
27 0.0000360057
28 0.0000346381
29 0.0000333801
30 0.0000322179
31 0.0000311399
32 0.0000301367
33 0.0000291999
34 0.0000283227
35 0.0000274991
36 0.0000267240
37 0.0000259930
38 0.0000253021
39 0.0000246479
40 0.0000240275
41 0.0000234382
42 0.0000228775
43 0.0000223434
44 0.0000218340
45 0.0000213476
46 0.0000208825
47 0.0000204374
48 0.0000200110
49 0.0000196022
50 0.0000192097
51 0.0000188328
52 0.0000184703
53 0.0000181216
54 0.0000177859
55 0.0000174624
56 0.0000171505
57 0.0000168495
58 0.0000165589
59 0.0000162782
60 0.0000160068
61 0.0000157444
62 0.0000154904
63 0.0000152445
64 0.0000150063
65 0.0000147754
66 0.0000145515
67 0.0000143343
68 0.0000141235
69 0.0000139187
70 0.0000137199
71 0.0000135266
72 0.0000133387
73 0.0000131560
74 0.0000129782
75 0.0000128051
76 0.0000126366
77 0.0000124725
78 0.0000123126
79 0.0000121567
80 0.0000120047
81 0.0000118565
82 0.0000117119
83 0.0000115708
84 0.0000114330
85 0.0000112985
86 0.0000111671
87 0.0000110387
88 0.0000109133
89 0.0000107907
90 0.0000106707
91 0.0000105535
92 0.0000104387
93 0.0000103265
94 0.0000102166
95 0.0000101091
96 0.0000100037
97 0.0000099006
98 0.0000097996
99 0.0000097006
100 0.0000096035
101 0.0000095084
102 0.0000094152
103 0.0000093238
104 0.0000092341
105 0.0000091462
106 0.0000090599
107 0.0000089752
108 0.0000088921
109 0.0000088105
110 0.0000087304
111 0.0000086517
112 0.0000085745
113 0.0000084986
114 0.0000084240
115 0.0000083507
116 0.0000082787
117 0.0000082080
118 0.0000081384
119 0.0000080700
120 0.0000080027
121 0.0000079366
122 0.0000078715
123 0.0000078075
124 0.0000077445
125 0.0000076826
126 0.0000076216
127 0.0000075616
128 0.0000075025
129 0.0000074443
130 0.0000073870
131 0.0000073306
132 0.0000072751
133 0.0000072204
134 0.0000071665
135 0.0000071134
136 0.0000070611
137 0.0000070095
138 0.0000069587
139 0.0000069086
140 0.0000068593
141 0.0000068106
142 0.0000067627
143 0.0000067154
144 0.0000066687
145 0.0000066227
146 0.0000065773
147 0.0000065326
148 0.0000064884
149 0.0000064449
150 0.0000064019
151 0.0000063595
152 0.0000063177
153 0.0000062764
154 0.0000062356
155 0.0000061953
156 0.0000061556
157 0.0000061164
158 0.0000060777
159 0.0000060395
160 0.0000060017
161 0.0000059644
162 0.0000059276
163 0.0000058912
164 0.0000058553
165 0.0000058198
166 0.0000057847
167 0.0000057501
168 0.0000057158
169 0.0000056820
170 0.0000056486
171 0.0000056155
172 0.0000055829
173 0.0000055506
174 0.0000055187
175 0.0000054871
176 0.0000054559
177 0.0000054251
178 0.0000053946
179 0.0000053645
180 0.0000053347
181 0.0000053052
182 0.0000052760
183 0.0000052472
184 0.0000052187
185 0.0000051904
186 0.0000051625
187 0.0000051349
188 0.0000051076
189 0.0000050806
190 0.0000050538
191 0.0000050273
192 0.0000050011
193 0.0000049752
194 0.0000049496
195 0.0000049242
196 0.0000048991
197 0.0000048742
198 0.0000048495
199 0.0000048252
200 0.0000048010
201 0.0000047771
202 0.0000047535
203 0.0000047301
204 0.0000047069
205 0.0000046839
206 0.0000046611
207 0.0000046386
208 0.0000046163
209 0.0000045942
210 0.0000045723
211 0.0000045507
212 0.0000045292
213 0.0000045079
214 0.0000044868
215 0.0000044660
216 0.0000044453
217 0.0000044248
218 0.0000044045
219 0.0000043844
220 0.0000043644
221 0.0000043447
222 0.0000043251
223 0.0000043057
224 0.0000042864
225 0.0000042674
226 0.0000042485
227 0.0000042298
228 0.0000042112
229 0.0000041928
230 0.0000041746
231 0.0000041565
232 0.0000041386
233 0.0000041208
234 0.0000041032
235 0.0000040857
236 0.0000040684
237 0.0000040512
238 0.0000040342
239 0.0000040173
240 0.0000040006
241 0.0000039839
242 0.0000039675
243 0.0000039511
244 0.0000039349
245 0.0000039189
246 0.0000039029
247 0.0000038871
248 0.0000038714
249 0.0000038559
250 0.0000038405
251 0.0000038251
252 0.0000038100
253 0.0000037949
254 0.0000037799
255 0.0000037651
256 0.0000037504
257 0.0000037358
258 0.0000037213
259 0.0000037069
260 0.0000036927
261 0.0000036785
262 0.0000036645
263 0.0000036505
264 0.0000036367
265 0.0000036230
266 0.0000036093
267 0.0000035958
268 0.0000035824
269 0.0000035690
270 0.0000035558
271 0.0000035427
272 0.0000035297
273 0.0000035167
274 0.0000035039
275 0.0000034911
276 0.0000034785
277 0.0000034659
278 0.0000034534
279 0.0000034410
280 0.0000034287
281 0.0000034165
282 0.0000034044
283 0.0000033924
284 0.0000033804
285 0.0000033686
286 0.0000033568
287 0.0000033451
288 0.0000033334
289 0.0000033219
290 0.0000033104
291 0.0000032990
292 0.0000032877
293 0.0000032765
294 0.0000032654
295 0.0000032543
296 0.0000032433
297 0.0000032324
298 0.0000032215
299 0.0000032107
300 0.0000032000
301 0.0000031894
302 0.0000031788
303 0.0000031683
304 0.0000031579
305 0.0000031475
306 0.0000031372
307 0.0000031270
308 0.0000031168
309 0.0000031067
310 0.0000030967
311 0.0000030867
312 0.0000030768
313 0.0000030670
314 0.0000030572
315 0.0000030475
316 0.0000030379
317 0.0000030283
318 0.0000030187
319 0.0000030093
320 0.0000029998
321 0.0000029905
322 0.0000029812
323 0.0000029720
324 0.0000029628
325 0.0000029537
326 0.0000029446
327 0.0000029356
328 0.0000029266
329 0.0000029177
330 0.0000029089
331 0.0000029001
332 0.0000028913
333 0.0000028826
334 0.0000028740
335 0.0000028654
336 0.0000028569
337 0.0000028484
338 0.0000028399
339 0.0000028316
340 0.0000028232
341 0.0000028149
342 0.0000028067
343 0.0000027985
344 0.0000027904
345 0.0000027823
346 0.0000027742
347 0.0000027662
348 0.0000027583
349 0.0000027503
350 0.0000027425
351 0.0000027347
352 0.0000027269
353 0.0000027191
354 0.0000027115
355 0.0000027038
356 0.0000026962
357 0.0000026886
358 0.0000026811
359 0.0000026736
360 0.0000026662
361 0.0000026588
362 0.0000026515
363 0.0000026442
364 0.0000026369
365 0.0000026296
366 0.0000026225
367 0.0000026153
368 0.0000026082
369 0.0000026011
370 0.0000025941
371 0.0000025871
372 0.0000025801
373 0.0000025732
374 0.0000025663
375 0.0000025594
376 0.0000025526
377 0.0000025458
378 0.0000025391
379 0.0000025324
380 0.0000025257
381 0.0000025191
382 0.0000025125
383 0.0000025059
384 0.0000024994
385 0.0000024929
386 0.0000024864
387 0.0000024800
388 0.0000024736
389 0.0000024672
390 0.0000024609
391 0.0000024546
392 0.0000024483
393 0.0000024421
394 0.0000024358
395 0.0000024297
396 0.0000024235
397 0.0000024174
398 0.0000024113
399 0.0000024053
400 0.0000023993
401 0.0000023933
402 0.0000023873
403 0.0000023814
404 0.0000023755
405 0.0000023696
406 0.0000023637
407 0.0000023579
408 0.0000023521
409 0.0000023464
410 0.0000023406
411 0.0000023349
412 0.0000023293
413 0.0000023236
414 0.0000023180
415 0.0000023124
416 0.0000023068
417 0.0000023013
418 0.0000022958
419 0.0000022903
420 0.0000022848
421 0.0000022794
422 0.0000022740
423 0.0000022686
424 0.0000022632
425 0.0000022579
426 0.0000022526
427 0.0000022473
428 0.0000022420
429 0.0000022368
430 0.0000022316
431 0.0000022264
432 0.0000022212
433 0.0000022161
434 0.0000022110
435 0.0000022059
436 0.0000022008
437 0.0000021958
438 0.0000021907
439 0.0000021857
440 0.0000021808
441 0.0000021758
442 0.0000021709
443 0.0000021660
444 0.0000021611
445 0.0000021562
446 0.0000021514
447 0.0000021465
448 0.0000021417
449 0.0000021370
450 0.0000021322
451 0.0000021275
452 0.0000021227
453 0.0000021180
454 0.0000021134
455 0.0000021087
456 0.0000021041
457 0.0000020995
458 0.0000020949
459 0.0000020903
460 0.0000020857
461 0.0000020812
462 0.0000020767
463 0.0000020722
464 0.0000020677
465 0.0000020633
466 0.0000020588
467 0.0000020544
468 0.0000020500
469 0.0000020456
470 0.0000020412
471 0.0000020369
472 0.0000020326
473 0.0000020283
474 0.0000020240
475 0.0000020197
476 0.0000020154
477 0.0000020112
478 0.0000020070
479 0.0000020028
480 0.0000019986
481 0.0000019944
482 0.0000019903
483 0.0000019862
484 0.0000019820
485 0.0000019779
486 0.0000019739
487 0.0000019698
488 0.0000019657
489 0.0000019617
490 0.0000019577
491 0.0000019537
492 0.0000019497
493 0.0000019457
494 0.0000019418
495 0.0000019379
496 0.0000019339
497 0.0000019300
498 0.0000019261
499 0.0000019223
500 0.0000019184
501 0.0000019146
502 0.0000019107
503 0.0000019069
504 0.0000019031
505 0.0000018994
506 0.0000018956
507 0.0000018918
508 0.0000018881
509 0.0000018844
510 0.0000018807
511 0.0000018770
512 0.0000018733
513 0.0000018696
514 0.0000018660
515 0.0000018623
516 0.0000018587
517 0.0000018551
518 0.0000018515
519 0.0000018479
520 0.0000018444
521 0.0000018408
522 0.0000018373
523 0.0000018337
524 0.0000018302
525 0.0000018267
526 0.0000018232
527 0.0000018198
528 0.0000018163
529 0.0000018129
530 0.0000018094
531 0.0000018060
532 0.0000018026
533 0.0000017992
534 0.0000017958
535 0.0000017924
536 0.0000017891
537 0.0000017857
538 0.0000017824
539 0.0000017791
540 0.0000017758
541 0.0000017725
542 0.0000017692
543 0.0000017659
544 0.0000017626
545 0.0000017594
546 0.0000017562
547 0.0000017529
548 0.0000017497
549 0.0000017465
550 0.0000017433
551 0.0000017401
552 0.0000017370
553 0.0000017338
554 0.0000017307
555 0.0000017275
556 0.0000017244
557 0.0000017213
558 0.0000017182
