1 900
0 0.9845698583
1 0.0036846283
2 0.0015366858
3 0.0010654969
4 0.0007808927
5 0.0006122693
6 0.0005017292
7 0.0004229823
8 0.0003639609
9 0.0003181539
10 0.0002816219
11 0.0002518353
12 0.0002271030
13 0.0002062549
14 0.0001884563
15 0.0001730954
16 0.0001597135
17 0.0001479599
18 0.0001375619
19 0.0001283041
20 0.0001200145
21 0.0001125536
22 0.0001058075
23 0.0000996820
24 0.0000940988
25 0.0000889920
26 0.0000843059
27 0.0000799932
28 0.0000760132
29 0.0000723309
30 0.0000689160
31 0.0000657422
32 0.0000627863
33 0.0000600282
34 0.0000574498
35 0.0000550355
36 0.0000527712
37 0.0000506444
38 0.0000486438
39 0.0000467595
40 0.0000449824
41 0.0000433044
42 0.0000417182
43 0.0000402170
44 0.0000387949
45 0.0000374463
46 0.0000361663
47 0.0000349502
48 0.0000337938
49 0.0000326933
50 0.0000316452
51 0.0000306462
52 0.0000296932
53 0.0000287835
54 0.0000279147
55 0.0000270842
56 0.0000262898
57 0.0000255297
58 0.0000248017
59 0.0000241043
60 0.0000234357
61 0.0000227944
62 0.0000221789
63 0.0000215880
64 0.0000210203
65 0.0000204748
66 0.0000199502
67 0.0000194457
68 0.0000189601
69 0.0000184926
70 0.0000180423
71 0.0000176085
72 0.0000171903
73 0.0000167870
74 0.0000163981
75 0.0000160227
76 0.0000156604
77 0.0000153105
78 0.0000149725
79 0.0000146459
80 0.0000143303
81 0.0000140250
82 0.0000137298
83 0.0000134442
84 0.0000131678
85 0.0000129002
86 0.0000126411
87 0.0000123902
88 0.0000121470
89 0.0000119114
90 0.0000116830
91 0.0000114615
92 0.0000112467
93 0.0000110384
94 0.0000108362
95 0.0000106399
96 0.0000104494
97 0.0000102644
98 0.0000100847
99 0.0000099102
100 0.0000097405
101 0.0000095757
102 0.0000094154
103 0.0000092596
104 0.0000091081
105 0.0000089607
106 0.0000088173
107 0.0000086777
108 0.0000085419
109 0.0000084096
110 0.0000082809
111 0.0000081555
112 0.0000080333
113 0.0000079143
114 0.0000077983
115 0.0000076853
116 0.0000075751
117 0.0000074677
118 0.0000073629
119 0.0000072608
120 0.0000071611
121 0.0000070638
122 0.0000069689
123 0.0000068763
124 0.0000067859
125 0.0000066976
126 0.0000066114
127 0.0000065273
128 0.0000064450
129 0.0000063647
130 0.0000062862
131 0.0000062094
132 0.0000061344
133 0.0000060611
134 0.0000059894
135 0.0000059193
136 0.0000058508
137 0.0000057837
138 0.0000057181
139 0.0000056539
140 0.0000055911
141 0.0000055295
142 0.0000054693
143 0.0000054104
144 0.0000053527
145 0.0000052961
146 0.0000052408
147 0.0000051865
148 0.0000051334
149 0.0000050813
150 0.0000050302
151 0.0000049802
152 0.0000049312
153 0.0000048831
154 0.0000048359
155 0.0000047897
156 0.0000047443
157 0.0000046998
158 0.0000046562
159 0.0000046133
160 0.0000045713
161 0.0000045300
162 0.0000044895
163 0.0000044497
164 0.0000044107
165 0.0000043724
166 0.0000043347
167 0.0000042977
168 0.0000042614
169 0.0000042257
170 0.0000041906
171 0.0000041561
172 0.0000041222
173 0.0000040889
174 0.0000040562
175 0.0000040240
176 0.0000039923
177 0.0000039612
178 0.0000039306
179 0.0000039005
180 0.0000038708
181 0.0000038417
182 0.0000038130
183 0.0000037847
184 0.0000037570
185 0.0000037296
186 0.0000037027
187 0.0000036762
188 0.0000036501
189 0.0000036244
190 0.0000035990
191 0.0000035741
192 0.0000035495
193 0.0000035253
194 0.0000035015
195 0.0000034780
196 0.0000034549
197 0.0000034320
198 0.0000034095
199 0.0000033874
200 0.0000033655
201 0.0000033439
202 0.0000033227
203 0.0000033017
204 0.0000032811
205 0.0000032607
206 0.0000032405
207 0.0000032207
208 0.0000032011
209 0.0000031818
210 0.0000031627
211 0.0000031439
212 0.0000031253
213 0.0000031070
214 0.0000030889
215 0.0000030710
216 0.0000030534
217 0.0000030360
218 0.0000030188
219 0.0000030018
220 0.0000029850
221 0.0000029684
222 0.0000029520
223 0.0000029359
224 0.0000029199
225 0.0000029041
226 0.0000028885
227 0.0000028731
228 0.0000028578
229 0.0000028427
230 0.0000028278
231 0.0000028131
232 0.0000027986
233 0.0000027842
234 0.0000027699
235 0.0000027559
236 0.0000027419
237 0.0000027282
238 0.0000027146
239 0.0000027011
240 0.0000026878
241 0.0000026746
242 0.0000026615
243 0.0000026486
244 0.0000026359
245 0.0000026232
246 0.0000026107
247 0.0000025984
248 0.0000025861
249 0.0000025740
250 0.0000025620
251 0.0000025501
252 0.0000025384
253 0.0000025267
254 0.0000025152
255 0.0000025038
256 0.0000024924
257 0.0000024813
258 0.0000024702
259 0.0000024592
260 0.0000024483
261 0.0000024375
262 0.0000024269
263 0.0000024163
264 0.0000024058
265 0.0000023954
266 0.0000023851
267 0.0000023749
268 0.0000023649
269 0.0000023548
270 0.0000023449
271 0.0000023351
272 0.0000023254
273 0.0000023157
274 0.0000023061
275 0.0000022966
276 0.0000022872
277 0.0000022779
278 0.0000022687
279 0.0000022595
280 0.0000022504
281 0.0000022414
282 0.0000022325
283 0.0000022236
284 0.0000022148
285 0.0000022061
286 0.0000021975
287 0.0000021889
288 0.0000021804
289 0.0000021719
290 0.0000021636
291 0.0000021553
292 0.0000021470
293 0.0000021389
294 0.0000021308
295 0.0000021227
296 0.0000021147
297 0.0000021068
298 0.0000020990
299 0.0000020912
300 0.0000020834
301 0.0000020758
302 0.0000020681
303 0.0000020606
304 0.0000020531
305 0.0000020456
306 0.0000020382
307 0.0000020309
308 0.0000020236
309 0.0000020164
310 0.0000020092
311 0.0000020021
312 0.0000019950
313 0.0000019880
314 0.0000019810
315 0.0000019741
316 0.0000019672
317 0.0000019604
318 0.0000019536
319 0.0000019468
320 0.0000019402
321 0.0000019335
322 0.0000019269
323 0.0000019204
324 0.0000019139
325 0.0000019074
326 0.0000019010
327 0.0000018946
328 0.0000018883
329 0.0000018820
330 0.0000018758
331 0.0000018696
332 0.0000018634
333 0.0000018573
334 0.0000018512
335 0.0000018452
336 0.0000018392
337 0.0000018332
338 0.0000018273
339 0.0000018214
340 0.0000018155
341 0.0000018097
342 0.0000018039
343 0.0000017982
344 0.0000017925
345 0.0000017868
346 0.0000017812
347 0.0000017756
348 0.0000017701
349 0.0000017645
350 0.0000017590
351 0.0000017536
352 0.0000017481
353 0.0000017428
354 0.0000017374
355 0.0000017321
356 0.0000017268
357 0.0000017215
358 0.0000017163
359 0.0000017111
360 0.0000017059
361 0.0000017008
362 0.0000016957
363 0.0000016906
364 0.0000016855
365 0.0000016805
366 0.0000016755
367 0.0000016706
368 0.0000016656
369 0.0000016607
370 0.0000016559
371 0.0000016510
372 0.0000016462
373 0.0000016414
374 0.0000016366
375 0.0000016319
376 0.0000016272
377 0.0000016225
378 0.0000016179
379 0.0000016132
380 0.0000016086
381 0.0000016040
382 0.0000015995
383 0.0000015950
384 0.0000015904
385 0.0000015860
386 0.0000015815
387 0.0000015771
388 0.0000015727
389 0.0000015683
390 0.0000015639
391 0.0000015596
392 0.0000015553
393 0.0000015510
394 0.0000015467
395 0.0000015425
396 0.0000015382
397 0.0000015341
398 0.0000015299
399 0.0000015257
400 0.0000015216
401 0.0000015175
402 0.0000015134
403 0.0000015093
404 0.0000015053
405 0.0000015012
406 0.0000014972
407 0.0000014932
408 0.0000014893
409 0.0000014853
410 0.0000014814
411 0.0000014775
412 0.0000014736
413 0.0000014698
414 0.0000014659
415 0.0000014621
416 0.0000014583
417 0.0000014545
418 0.0000014507
419 0.0000014470
420 0.0000014432
421 0.0000014395
422 0.0000014358
423 0.0000014321
424 0.0000014285
425 0.0000014248
426 0.0000014212
427 0.0000014176
428 0.0000014140
429 0.0000014105
430 0.0000014069
431 0.0000014034
432 0.0000013998
433 0.0000013963
434 0.0000013929
435 0.0000013894
436 0.0000013859
437 0.0000013825
438 0.0000013791
439 0.0000013757
440 0.0000013723
441 0.0000013689
442 0.0000013656
443 0.0000013622
444 0.0000013589
445 0.0000013556
446 0.0000013523
447 0.0000013490
448 0.0000013458
449 0.0000013425
450 0.0000013393
451 0.0000013361
452 0.0000013329
453 0.0000013297
454 0.0000013265
455 0.0000013233
456 0.0000013202
457 0.0000013171
458 0.0000013139
459 0.0000013108
460 0.0000013077
461 0.0000013047
462 0.0000013016
463 0.0000012986
464 0.0000012955
465 0.0000012925
466 0.0000012895
467 0.0000012865
468 0.0000012835
469 0.0000012806
470 0.0000012776
471 0.0000012747
472 0.0000012717
473 0.0000012688
474 0.0000012659
475 0.0000012630
476 0.0000012602
477 0.0000012573
478 0.0000012544
479 0.0000012516
480 0.0000012488
481 0.0000012459
482 0.0000012431
483 0.0000012404
484 0.0000012376
485 0.0000012348
486 0.0000012321
487 0.0000012293
488 0.0000012266
489 0.0000012238
490 0.0000012211
491 0.0000012184
492 0.0000012158
493 0.0000012131
494 0.0000012104
495 0.0000012078
496 0.0000012051
497 0.0000012025
498 0.0000011999
499 0.0000011973
500 0.0000011947
501 0.0000011921
502 0.0000011895
503 0.0000011869
504 0.0000011844
505 0.0000011818
506 0.0000011793
507 0.0000011768
508 0.0000011742
509 0.0000011717
510 0.0000011692
511 0.0000011668
512 0.0000011643
513 0.0000011618
514 0.0000011594
515 0.0000011569
516 0.0000011545
517 0.0000011521
518 0.0000011496
519 0.0000011472
520 0.0000011448
521 0.0000011425
522 0.0000011401
523 0.0000011377
524 0.0000011353
525 0.0000011330
526 0.0000011307
527 0.0000011283
528 0.0000011260
529 0.0000011237
530 0.0000011214
531 0.0000011191
532 0.0000011168
533 0.0000011145
534 0.0000011123
535 0.0000011100
536 0.0000011077
537 0.0000011055
538 0.0000011033
539 0.0000011010
540 0.0000010988
541 0.0000010966
542 0.0000010944
543 0.0000010922
544 0.0000010900
545 0.0000010879
546 0.0000010857
547 0.0000010835
548 0.0000010814
549 0.0000010792
550 0.0000010771
551 0.0000010750
552 0.0000010729
553 0.0000010707
554 0.0000010686
555 0.0000010665
556 0.0000010645
557 0.0000010624
558 0.0000010603
559 0.0000010582
560 0.0000010562
561 0.0000010541
562 0.0000010521
563 0.0000010501
564 0.0000010480
565 0.0000010460
566 0.0000010440
567 0.0000010420
568 0.0000010400
569 0.0000010380
570 0.0000010360
571 0.0000010340
572 0.0000010321
573 0.0000010301
574 0.0000010282
575 0.0000010262
576 0.0000010243
577 0.0000010223
578 0.0000010204
579 0.0000010185
580 0.0000010166
581 0.0000010147
582 0.0000010128
583 0.0000010109
584 0.0000010090
585 0.0000010071
586 0.0000010052
587 0.0000010034
588 0.0000010015
589 0.0000009997
590 0.0000009978
591 0.0000009960
592 0.0000009941
593 0.0000009923
594 0.0000009905
595 0.0000009887
596 0.0000009869
597 0.0000009851
598 0.0000009833
599 0.0000009815
600 0.0000009797
601 0.0000009779
602 0.0000009761
603 0.0000009744
604 0.0000009726
605 0.0000009708
606 0.0000009691
607 0.0000009674
608 0.0000009656
609 0.0000009639
610 0.0000009622
611 0.0000009604
612 0.0000009587
613 0.0000009570
614 0.0000009553
615 0.0000009536
616 0.0000009519
617 0.0000009502
618 0.0000009486
619 0.0000009469
620 0.0000009452
621 0.0000009436
622 0.0000009419
623 0.0000009403
624 0.0000009386
625 0.0000009370
626 0.0000009353
627 0.0000009337
628 0.0000009321
629 0.0000009304
630 0.0000009288
631 0.0000009272
632 0.0000009256
633 0.0000009240
634 0.0000009224
635 0.0000009208
636 0.0000009193
637 0.0000009177
638 0.0000009161
639 0.0000009145
640 0.0000009130
641 0.0000009114
642 0.0000009099
643 0.0000009083
644 0.0000009068
645 0.0000009052
646 0.0000009037
647 0.0000009022
648 0.0000009006
649 0.0000008991
650 0.0000008976
651 0.0000008961
652 0.0000008946
653 0.0000008931
654 0.0000008916
655 0.0000008901
656 0.0000008886
657 0.0000008871
658 0.0000008856
659 0.0000008842
660 0.0000008827
661 0.0000008812
662 0.0000008798
663 0.0000008783
664 0.0000008769
665 0.0000008754
666 0.0000008740
667 0.0000008726
668 0.0000008711
669 0.0000008697
670 0.0000008683
671 0.0000008668
672 0.0000008654
673 0.0000008640
674 0.0000008626
675 0.0000008612
676 0.0000008598
677 0.0000008584
678 0.0000008570
679 0.0000008556
680 0.0000008543
681 0.0000008529
682 0.0000008515
683 0.0000008501
684 0.0000008488
685 0.0000008474
686 0.0000008460
687 0.0000008447
688 0.0000008433
689 0.0000008420
690 0.0000008406
691 0.0000008393
692 0.0000008380
693 0.0000008366
694 0.0000008353
695 0.0000008340
696 0.0000008327
697 0.0000008314
698 0.0000008300
699 0.0000008287
700 0.0000008274
701 0.0000008261
702 0.0000008248
703 0.0000008235
704 0.0000008223
705 0.0000008210
706 0.0000008197
707 0.0000008184
708 0.0000008171
709 0.0000008159
710 0.0000008146
711 0.0000008133
712 0.0000008121
713 0.0000008108
714 0.0000008096
715 0.0000008083
716 0.0000008071
717 0.0000008058
718 0.0000008046
719 0.0000008033
720 0.0000008021
721 0.0000008009
722 0.0000007997
723 0.0000007984
724 0.0000007972
725 0.0000007960
726 0.0000007948
727 0.0000007936
728 0.0000007924
729 0.0000007912
730 0.0000007900
731 0.0000007888
732 0.0000007876
733 0.0000007864
734 0.0000007852
735 0.0000007840
736 0.0000007828
737 0.0000007817
738 0.0000007805
739 0.0000007793
740 0.0000007781
741 0.0000007770
742 0.0000007758
743 0.0000007747
744 0.0000007735
745 0.0000007723
746 0.0000007712
747 0.0000007701
748 0.0000007689
749 0.0000007678
750 0.0000007666
751 0.0000007655
752 0.0000007644
753 0.0000007632
754 0.0000007621
755 0.0000007610
756 0.0000007599
757 0.0000007587
758 0.0000007576
759 0.0000007565
760 0.0000007554
761 0.0000007543
762 0.0000007532
763 0.0000007521
764 0.0000007510
765 0.0000007499
766 0.0000007488
767 0.0000007477
768 0.0000007466
769 0.0000007455
770 0.0000007444
771 0.0000007434
772 0.0000007423
773 0.0000007412
774 0.0000007401
775 0.0000007391
776 0.0000007380
777 0.0000007369
778 0.0000007359
779 0.0000007348
780 0.0000007338
781 0.0000007327
782 0.0000007316
783 0.0000007306
784 0.0000007296
785 0.0000007285
786 0.0000007275
787 0.0000007264
788 0.0000007254
789 0.0000007243
790 0.0000007233
791 0.0000007223
792 0.0000007213
793 0.0000007202
794 0.0000007192
795 0.0000007182
796 0.0000007172
797 0.0000007161
798 0.0000007151
799 0.0000007141
800 0.0000007131
801 0.0000007121
802 0.0000007111
803 0.0000007101
804 0.0000007091
805 0.0000007081
806 0.0000007071
807 0.0000007061
808 0.0000007051
809 0.0000007041
810 0.0000007031
811 0.0000007021
812 0.0000007011
813 0.0000007001
814 0.0000006991
815 0.0000006982
816 0.0000006972
817 0.0000006962
818 0.0000006952
819 0.0000006942
820 0.0000006933
821 0.0000006923
822 0.0000006913
823 0.0000006904
824 0.0000006894
825 0.0000006884
826 0.0000006875
827 0.0000006865
828 0.0000006855
829 0.0000006846
830 0.0000006836
831 0.0000006827
832 0.0000006817
833 0.0000006807
834 0.0000006798
835 0.0000006788
836 0.0000006779
837 0.0000006769
838 0.0000006760
839 0.0000006750
840 0.0000006741
841 0.0000006731
842 0.0000006722
843 0.0000006713
844 0.0000006703
845 0.0000006694
846 0.0000006684
847 0.0000006675
848 0.0000006665
849 0.0000006656
850 0.0000006647
851 0.0000006637
852 0.0000006628
853 0.0000006618
854 0.0000006609
855 0.0000006599
856 0.0000006590
857 0.0000006581
858 0.0000006571
859 0.0000006562
860 0.0000006552
861 0.0000006543
862 0.0000006533
863 0.0000006524
864 0.0000006514
865 0.0000006504
866 0.0000006495
867 0.0000006485
868 0.0000006475
869 0.0000006466
870 0.0000006456
871 0.0000006446
872 0.0000006436
873 0.0000006426
874 0.0000006416
875 0.0000006406
876 0.0000006395
877 0.0000006385
878 0.0000006374
879 0.0000006363
880 0.0000006352
881 0.0000006341
882 0.0000006329
883 0.0000006318
884 0.0000006305
885 0.0000006292
886 0.0000006279
887 0.0000006265
888 0.0000006250
889 0.0000006233
890 0.0000006215
891 0.0000006195
892 0.0000006172
893 0.0000006145
894 0.0000006112
895 0.0000006069
896 0.0000006008
897 0.0000005917
898 0.0000005733
899 0.0000005110
900 0.0000000000
