0 990
0 0.9830140972
1 0.0034454780
2 0.0014568401
3 0.0010210955
4 0.0007572568
5 0.0006007195
6 0.0004979372
7 0.0004245686
8 0.0003694505
9 0.0003265632
10 0.0002922644
11 0.0002642144
12 0.0002408492
13 0.0002210862
14 0.0002041533
15 0.0001894844
16 0.0001766550
17 0.0001653405
18 0.0001552884
19 0.0001462994
20 0.0001382140
21 0.0001309030
22 0.0001242610
23 0.0001182004
24 0.0001126488
25 0.0001075449
26 0.0001028371
27 0.0000984814
28 0.0000944401
29 0.0000906805
30 0.0000871745
31 0.0000838976
32 0.0000808282
33 0.0000779475
34 0.0000752388
35 0.0000726873
36 0.0000702800
37 0.0000680051
38 0.0000658522
39 0.0000638119
40 0.0000618757
41 0.0000600359
42 0.0000582858
43 0.0000566190
44 0.0000550298
45 0.0000535131
46 0.0000520641
47 0.0000506784
48 0.0000493522
49 0.0000480818
50 0.0000468637
51 0.0000456950
52 0.0000445727
53 0.0000434942
54 0.0000424572
55 0.0000414592
56 0.0000404983
57 0.0000395724
58 0.0000386798
59 0.0000378187
60 0.0000369876
61 0.0000361849
62 0.0000354093
63 0.0000346595
64 0.0000339343
65 0.0000332326
66 0.0000325532
67 0.0000318951
68 0.0000312575
69 0.0000306394
70 0.0000300399
71 0.0000294584
72 0.0000288939
73 0.0000283459
74 0.0000278137
75 0.0000272965
76 0.0000267939
77 0.0000263052
78 0.0000258299
79 0.0000253675
80 0.0000249175
81 0.0000244794
82 0.0000240528
83 0.0000236373
84 0.0000232324
85 0.0000228379
86 0.0000224533
87 0.0000220782
88 0.0000217124
89 0.0000213556
90 0.0000210073
91 0.0000206675
92 0.0000203357
93 0.0000200116
94 0.0000196952
95 0.0000193860
96 0.0000190840
97 0.0000187887
98 0.0000185002
99 0.0000182180
100 0.0000179421
101 0.0000176723
102 0.0000174083
103 0.0000171500
104 0.0000168972
105 0.0000166498
106 0.0000164076
107 0.0000161705
108 0.0000159383
109 0.0000157109
110 0.0000154881
111 0.0000152699
112 0.0000150560
113 0.0000148464
114 0.0000146410
115 0.0000144396
116 0.0000142421
117 0.0000140485
118 0.0000138586
119 0.0000136724
120 0.0000134897
121 0.0000133105
122 0.0000131346
123 0.0000129620
124 0.0000127926
125 0.0000126264
126 0.0000124632
127 0.0000123029
128 0.0000121456
129 0.0000119911
130 0.0000118393
131 0.0000116902
132 0.0000115438
133 0.0000113999
134 0.0000112586
135 0.0000111197
136 0.0000109832
137 0.0000108491
138 0.0000107172
139 0.0000105876
140 0.0000104601
141 0.0000103348
142 0.0000102116
143 0.0000100905
144 0.0000099713
145 0.0000098541
146 0.0000097388
147 0.0000096254
148 0.0000095138
149 0.0000094041
150 0.0000092960
151 0.0000091897
152 0.0000090851
153 0.0000089822
154 0.0000088808
155 0.0000087811
156 0.0000086829
157 0.0000085862
158 0.0000084910
159 0.0000083973
160 0.0000083050
161 0.0000082141
162 0.0000081246
163 0.0000080364
164 0.0000079496
165 0.0000078641
166 0.0000077798
167 0.0000076968
168 0.0000076150
169 0.0000075344
170 0.0000074550
171 0.0000073767
172 0.0000072996
173 0.0000072236
174 0.0000071487
175 0.0000070748
176 0.0000070020
177 0.0000069303
178 0.0000068596
179 0.0000067898
180 0.0000067211
181 0.0000066533
182 0.0000065864
183 0.0000065205
184 0.0000064555
185 0.0000063914
186 0.0000063282
187 0.0000062658
188 0.0000062043
189 0.0000061436
190 0.0000060838
191 0.0000060247
192 0.0000059664
193 0.0000059090
194 0.0000058523
195 0.0000057963
196 0.0000057411
197 0.0000056866
198 0.0000056329
199 0.0000055798
200 0.0000055275
201 0.0000054758
202 0.0000054248
203 0.0000053744
204 0.0000053247
205 0.0000052757
206 0.0000052272
207 0.0000051794
208 0.0000051322
209 0.0000050856
210 0.0000050396
211 0.0000049942
212 0.0000049493
213 0.0000049050
214 0.0000048613
215 0.0000048181
216 0.0000047754
217 0.0000047333
218 0.0000046917
219 0.0000046506
220 0.0000046100
221 0.0000045699
222 0.0000045303
223 0.0000044912
224 0.0000044525
225 0.0000044143
226 0.0000043766
227 0.0000043394
228 0.0000043025
229 0.0000042662
230 0.0000042302
231 0.0000041947
232 0.0000041596
233 0.0000041249
234 0.0000040907
235 0.0000040568
236 0.0000040233
237 0.0000039903
238 0.0000039576
239 0.0000039253
240 0.0000038933
241 0.0000038618
242 0.0000038306
243 0.0000037997
244 0.0000037692
245 0.0000037391
246 0.0000037093
247 0.0000036799
248 0.0000036508
249 0.0000036220
250 0.0000035935
251 0.0000035654
252 0.0000035376
253 0.0000035101
254 0.0000034829
255 0.0000034560
256 0.0000034294
257 0.0000034031
258 0.0000033771
259 0.0000033514
260 0.0000033259
261 0.0000033008
262 0.0000032759
263 0.0000032513
264 0.0000032269
265 0.0000032029
266 0.0000031791
267 0.0000031555
268 0.0000031322
269 0.0000031092
270 0.0000030864
271 0.0000030639
272 0.0000030416
273 0.0000030195
274 0.0000029977
275 0.0000029761
276 0.0000029547
277 0.0000029336
278 0.0000029127
279 0.0000028920
280 0.0000028715
281 0.0000028512
282 0.0000028312
283 0.0000028113
284 0.0000027917
285 0.0000027723
286 0.0000027531
287 0.0000027341
288 0.0000027152
289 0.0000026966
290 0.0000026782
291 0.0000026599
292 0.0000026419
293 0.0000026240
294 0.0000026063
295 0.0000025888
296 0.0000025714
297 0.0000025543
298 0.0000025373
299 0.0000025205
300 0.0000025039
301 0.0000024874
302 0.0000024711
303 0.0000024549
304 0.0000024390
305 0.0000024231
306 0.0000024075
307 0.0000023920
308 0.0000023766
309 0.0000023614
310 0.0000023464
311 0.0000023315
312 0.0000023167
313 0.0000023021
314 0.0000022877
315 0.0000022733
316 0.0000022591
317 0.0000022451
318 0.0000022312
319 0.0000022174
320 0.0000022038
321 0.0000021903
322 0.0000021769
323 0.0000021637
324 0.0000021506
325 0.0000021376
326 0.0000021247
327 0.0000021120
328 0.0000020993
329 0.0000020868
330 0.0000020745
331 0.0000020622
332 0.0000020500
333 0.0000020380
334 0.0000020261
335 0.0000020143
336 0.0000020026
337 0.0000019910
338 0.0000019795
339 0.0000019681
340 0.0000019569
341 0.0000019457
342 0.0000019347
343 0.0000019237
344 0.0000019129
345 0.0000019021
346 0.0000018915
347 0.0000018809
348 0.0000018705
349 0.0000018601
350 0.0000018498
351 0.0000018397
352 0.0000018296
353 0.0000018196
354 0.0000018097
355 0.0000017999
356 0.0000017902
357 0.0000017805
358 0.0000017710
359 0.0000017615
360 0.0000017522
361 0.0000017429
362 0.0000017337
363 0.0000017246
364 0.0000017155
365 0.0000017066
366 0.0000016977
367 0.0000016889
368 0.0000016802
369 0.0000016715
370 0.0000016629
371 0.0000016544
372 0.0000016460
373 0.0000016377
374 0.0000016294
375 0.0000016212
376 0.0000016131
377 0.0000016050
378 0.0000015970
379 0.0000015891
380 0.0000015813
381 0.0000015735
382 0.0000015658
383 0.0000015581
384 0.0000015505
385 0.0000015430
386 0.0000015356
387 0.0000015282
388 0.0000015209
389 0.0000015136
390 0.0000015064
391 0.0000014993
392 0.0000014922
393 0.0000014852
394 0.0000014782
395 0.0000014713
396 0.0000014644
397 0.0000014577
398 0.0000014509
399 0.0000014443
400 0.0000014376
401 0.0000014311
402 0.0000014246
403 0.0000014181
404 0.0000014117
405 0.0000014054
406 0.0000013991
407 0.0000013928
408 0.0000013866
409 0.0000013805
410 0.0000013744
411 0.0000013684
412 0.0000013624
413 0.0000013564
414 0.0000013505
415 0.0000013447
416 0.0000013389
417 0.0000013331
418 0.0000013274
419 0.0000013218
420 0.0000013161
421 0.0000013106
422 0.0000013050
423 0.0000012996
424 0.0000012941
425 0.0000012887
426 0.0000012834
427 0.0000012781
428 0.0000012728
429 0.0000012676
430 0.0000012624
431 0.0000012573
432 0.0000012522
433 0.0000012471
434 0.0000012421
435 0.0000012371
436 0.0000012321
437 0.0000012272
438 0.0000012224
439 0.0000012175
440 0.0000012127
441 0.0000012080
442 0.0000012033
443 0.0000011986
444 0.0000011939
445 0.0000011893
446 0.0000011847
447 0.0000011802
448 0.0000011757
449 0.0000011712
450 0.0000011668
451 0.0000011624
452 0.0000011580
453 0.0000011537
454 0.0000011494
455 0.0000011451
456 0.0000011408
457 0.0000011366
458 0.0000011324
459 0.0000011283
460 0.0000011242
461 0.0000011201
462 0.0000011160
463 0.0000011120
464 0.0000011080
465 0.0000011040
466 0.0000011001
467 0.0000010962
468 0.0000010923
469 0.0000010884
470 0.0000010846
471 0.0000010808
472 0.0000010771
473 0.0000010733
474 0.0000010696
475 0.0000010659
476 0.0000010623
477 0.0000010586
478 0.0000010550
479 0.0000010514
480 0.0000010479
481 0.0000010443
482 0.0000010408
483 0.0000010373
484 0.0000010339
485 0.0000010305
486 0.0000010270
487 0.0000010237
488 0.0000010203
489 0.0000010170
490 0.0000010136
491 0.0000010104
492 0.0000010071
493 0.0000010038
494 0.0000010006
495 0.0000009974
496 0.0000009942
497 0.0000009911
498 0.0000009879
499 0.0000009848
500 0.0000009817
501 0.0000009787
502 0.0000009756
503 0.0000009726
504 0.0000009696
505 0.0000009666
506 0.0000009636
507 0.0000009607
508 0.0000009577
509 0.0000009548
510 0.0000009519
511 0.0000009491
512 0.0000009462
513 0.0000009434
514 0.0000009406
515 0.0000009378
516 0.0000009350
517 0.0000009322
518 0.0000009295
519 0.0000009268
520 0.0000009241
521 0.0000009214
522 0.0000009187
523 0.0000009161
524 0.0000009134
525 0.0000009108
526 0.0000009082
527 0.0000009056
528 0.0000009031
529 0.0000009005
530 0.0000008980
531 0.0000008955
532 0.0000008929
533 0.0000008905
534 0.0000008880
535 0.0000008855
536 0.0000008831
537 0.0000008807
538 0.0000008783
539 0.0000008759
540 0.0000008735
541 0.0000008711
542 0.0000008688
543 0.0000008664
544 0.0000008641
545 0.0000008618
546 0.0000008595
547 0.0000008572
548 0.0000008550
549 0.0000008527
550 0.0000008505
551 0.0000008483
552 0.0000008461
553 0.0000008439
554 0.0000008417
555 0.0000008395
556 0.0000008374
557 0.0000008352
558 0.0000008331
559 0.0000008310
560 0.0000008289
561 0.0000008268
562 0.0000008247
563 0.0000008226
564 0.0000008206
565 0.0000008185
566 0.0000008165
567 0.0000008145
568 0.0000008125
569 0.0000008105
570 0.0000008085
571 0.0000008065
572 0.0000008046
573 0.0000008026
574 0.0000008007
575 0.0000007987
576 0.0000007968
577 0.0000007949
578 0.0000007930
579 0.0000007911
580 0.0000007893
581 0.0000007874
582 0.0000007856
583 0.0000007837
584 0.0000007819
585 0.0000007801
586 0.0000007783
587 0.0000007765
588 0.0000007747
589 0.0000007729
590 0.0000007711
591 0.0000007693
592 0.0000007676
593 0.0000007659
594 0.0000007641
595 0.0000007624
596 0.0000007607
597 0.0000007590
598 0.0000007573
599 0.0000007556
600 0.0000007539
601 0.0000007523
602 0.0000007506
603 0.0000007490
604 0.0000007473
605 0.0000007457
606 0.0000007441
607 0.0000007425
608 0.0000007408
609 0.0000007392
610 0.0000007377
611 0.0000007361
612 0.0000007345
613 0.0000007329
614 0.0000007314
615 0.0000007298
616 0.0000007283
617 0.0000007268
618 0.0000007252
619 0.0000007237
620 0.0000007222
621 0.0000007207
622 0.0000007192
623 0.0000007177
624 0.0000007163
625 0.0000007148
626 0.0000007133
627 0.0000007119
628 0.0000007104
629 0.0000007090
630 0.0000007076
631 0.0000007061
632 0.0000007047
633 0.0000007033
634 0.0000007019
635 0.0000007005
636 0.0000006991
637 0.0000006977
638 0.0000006963
639 0.0000006950
640 0.0000006936
641 0.0000006922
642 0.0000006909
643 0.0000006895
644 0.0000006882
645 0.0000006869
646 0.0000006855
647 0.0000006842
648 0.0000006829
649 0.0000006816
650 0.0000006803
651 0.0000006790
652 0.0000006777
653 0.0000006764
654 0.0000006752
655 0.0000006739
656 0.0000006726
657 0.0000006714
658 0.0000006701
659 0.0000006689
660 0.0000006676
661 0.0000006664
662 0.0000006652
663 0.0000006640
664 0.0000006627
665 0.0000006615
666 0.0000006603
667 0.0000006591
668 0.0000006579
669 0.0000006567
670 0.0000006555
671 0.0000006544
672 0.0000006532
673 0.0000006520
674 0.0000006509
675 0.0000006497
676 0.0000006485
677 0.0000006474
678 0.0000006462
679 0.0000006451
680 0.0000006440
681 0.0000006428
682 0.0000006417
683 0.0000006406
684 0.0000006395
685 0.0000006384
686 0.0000006373
687 0.0000006362
688 0.0000006351
689 0.0000006340
690 0.0000006329
691 0.0000006318
692 0.0000006307
693 0.0000006297
694 0.0000006286
695 0.0000006275
696 0.0000006265
697 0.0000006254
698 0.0000006244
699 0.0000006233
700 0.0000006223
701 0.0000006213
702 0.0000006202
703 0.0000006192
704 0.0000006182
705 0.0000006171
706 0.0000006161
707 0.0000006151
708 0.0000006141
709 0.0000006131
710 0.0000006121
711 0.0000006111
712 0.0000006101
713 0.0000006091
714 0.0000006082
715 0.0000006072
716 0.0000006062
717 0.0000006052
718 0.0000006043
719 0.0000006033
720 0.0000006023
721 0.0000006014
722 0.0000006004
723 0.0000005995
724 0.0000005985
725 0.0000005976
726 0.0000005966
727 0.0000005957
728 0.0000005948
729 0.0000005939
730 0.0000005929
731 0.0000005920
732 0.0000005911
733 0.0000005902
734 0.0000005893
735 0.0000005884
736 0.0000005875
737 0.0000005866
738 0.0000005857
739 0.0000005848
740 0.0000005839
741 0.0000005830
742 0.0000005821
743 0.0000005812
744 0.0000005804
745 0.0000005795
746 0.0000005786
747 0.0000005777
748 0.0000005769
749 0.0000005760
750 0.0000005752
751 0.0000005743
752 0.0000005735
753 0.0000005726
754 0.0000005718
755 0.0000005709
756 0.0000005701
757 0.0000005693
758 0.0000005684
759 0.0000005676
760 0.0000005668
761 0.0000005659
762 0.0000005651
763 0.0000005643
764 0.0000005635
765 0.0000005627
766 0.0000005619
767 0.0000005610
768 0.0000005602
769 0.0000005594
770 0.0000005586
771 0.0000005578
772 0.0000005571
773 0.0000005563
774 0.0000005555
775 0.0000005547
776 0.0000005539
777 0.0000005531
778 0.0000005523
779 0.0000005516
780 0.0000005508
781 0.0000005500
782 0.0000005493
783 0.0000005485
784 0.0000005477
785 0.0000005470
786 0.0000005462
787 0.0000005455
788 0.0000005447
789 0.0000005440
790 0.0000005432
791 0.0000005425
792 0.0000005417
793 0.0000005410
794 0.0000005403
795 0.0000005395
796 0.0000005388
797 0.0000005381
798 0.0000005373
799 0.0000005366
800 0.0000005359
801 0.0000005351
802 0.0000005344
803 0.0000005337
804 0.0000005330
805 0.0000005323
806 0.0000005316
807 0.0000005309
808 0.0000005302
809 0.0000005295
810 0.0000005288
811 0.0000005281
812 0.0000005274
813 0.0000005267
814 0.0000005260
815 0.0000005253
816 0.0000005246
817 0.0000005239
818 0.0000005232
819 0.0000005226
820 0.0000005219
821 0.0000005212
822 0.0000005205
823 0.0000005198
824 0.0000005192
825 0.0000005185
826 0.0000005178
827 0.0000005172
828 0.0000005165
829 0.0000005158
830 0.0000005152
831 0.0000005145
832 0.0000005139
833 0.0000005132
834 0.0000005126
835 0.0000005119
836 0.0000005113
837 0.0000005106
838 0.0000005100
839 0.0000005093
840 0.0000005087
841 0.0000005081
842 0.0000005074
843 0.0000005068
844 0.0000005062
845 0.0000005055
846 0.0000005049
847 0.0000005043
848 0.0000005036
849 0.0000005030
850 0.0000005024
851 0.0000005018
852 0.0000005011
853 0.0000005005
854 0.0000004999
855 0.0000004993
856 0.0000004987
857 0.0000004981
858 0.0000004975
859 0.0000004969
860 0.0000004963
861 0.0000004956
862 0.0000004950
863 0.0000004945
864 0.0000004939
865 0.0000004933
866 0.0000004927
867 0.0000004921
868 0.0000004915
869 0.0000004909
870 0.0000004903
871 0.0000004897
872 0.0000004891
873 0.0000004885
874 0.0000004879
875 0.0000004874
876 0.0000004868
877 0.0000004862
878 0.0000004856
879 0.0000004851
880 0.0000004845
881 0.0000004839
882 0.0000004833
883 0.0000004828
884 0.0000004822
885 0.0000004816
886 0.0000004811
887 0.0000004805
888 0.0000004800
889 0.0000004794
890 0.0000004788
891 0.0000004783
892 0.0000004777
893 0.0000004772
894 0.0000004766
895 0.0000004761
896 0.0000004755
897 0.0000004750
898 0.0000004744
899 0.0000004739
900 0.0000004733
901 0.0000004728
902 0.0000004722
903 0.0000004717
904 0.0000004712
905 0.0000004706
906 0.0000004701
907 0.0000004695
908 0.0000004690
909 0.0000004685
910 0.0000004679
911 0.0000004674
912 0.0000004669
913 0.0000004664
914 0.0000004658
915 0.0000004653
916 0.0000004648
917 0.0000004643
918 0.0000004637
919 0.0000004632
920 0.0000004627
921 0.0000004622
922 0.0000004617
923 0.0000004612
924 0.0000004607
925 0.0000004601
926 0.0000004596
927 0.0000004591
928 0.0000004586
929 0.0000004581
930 0.0000004576
931 0.0000004571
932 0.0000004566
933 0.0000004561
934 0.0000004556
935 0.0000004551
936 0.0000004546
937 0.0000004541
938 0.0000004536
939 0.0000004531
940 0.0000004526
941 0.0000004521
942 0.0000004516
943 0.0000004511
944 0.0000004506
945 0.0000004501
946 0.0000004497
947 0.0000004492
948 0.0000004487
949 0.0000004482
950 0.0000004477
951 0.0000004472
952 0.0000004468
953 0.0000004463
954 0.0000004458
955 0.0000004453
956 0.0000004448
957 0.0000004444
958 0.0000004439
959 0.0000004434
960 0.0000004430
961 0.0000004425
962 0.0000004420
963 0.0000004415
964 0.0000004411
965 0.0000004406
966 0.0000004401
967 0.0000004397
968 0.0000004392
969 0.0000004388
970 0.0000004383
971 0.0000004378
972 0.0000004374
973 0.0000004369
974 0.0000004365
975 0.0000004360
976 0.0000004355
977 0.0000004351
978 0.0000004346
979 0.0000004342
980 0.0000004337
981 0.0000004333
982 0.0000004328
983 0.0000004324
984 0.0000004319
985 0.0000004315
986 0.0000004311
987 0.0000004306
988 0.0000004302
989 0.0000004297
990 0.0000004293
