0 1200
0 0.9702624775
1 0.0062217665
2 0.0026272367
3 0.0018396353
4 0.0013627792
5 0.0010798655
6 0.0008941177
7 0.0007615376
8 0.0006619460
9 0.0005844620
10 0.0005225017
11 0.0004718365
12 0.0004296390
13 0.0003939527
14 0.0003633817
15 0.0003369027
16 0.0003137486
17 0.0002933326
18 0.0002751982
19 0.0002589853
20 0.0002444054
21 0.0002312252
22 0.0002192538
23 0.0002083335
24 0.0001983327
25 0.0001891411
26 0.0001806653
27 0.0001728256
28 0.0001655540
29 0.0001587915
30 0.0001524871
31 0.0001465966
32 0.0001410810
33 0.0001359063
34 0.0001310423
35 0.0001264624
36 0.0001221428
37 0.0001180623
38 0.0001142022
39 0.0001105453
40 0.0001070764
41 0.0001037818
42 0.0001006489
43 0.0000976664
44 0.0000948240
45 0.0000921124
46 0.0000895230
47 0.0000870480
48 0.0000846802
49 0.0000824130
50 0.0000802404
51 0.0000781567
52 0.0000761568
53 0.0000742359
54 0.0000723897
55 0.0000706139
56 0.0000689049
57 0.0000672591
58 0.0000656732
59 0.0000641441
60 0.0000626691
61 0.0000612452
62 0.0000598702
63 0.0000585417
64 0.0000572573
65 0.0000560152
66 0.0000548134
67 0.0000536500
68 0.0000525232
69 0.0000514317
70 0.0000503737
71 0.0000493478
72 0.0000483528
73 0.0000473872
74 0.0000464500
75 0.0000455399
76 0.0000446559
77 0.0000437969
78 0.0000429620
79 0.0000421502
80 0.0000413607
81 0.0000405926
82 0.0000398451
83 0.0000391175
84 0.0000384090
85 0.0000377190
86 0.0000370467
87 0.0000363916
88 0.0000357531
89 0.0000351306
90 0.0000345236
91 0.0000339315
92 0.0000333538
93 0.0000327901
94 0.0000322398
95 0.0000317027
96 0.0000311782
97 0.0000306660
98 0.0000301656
99 0.0000296767
100 0.0000291989
101 0.0000287319
102 0.0000282755
103 0.0000278291
104 0.0000273927
105 0.0000269657
106 0.0000265481
107 0.0000261395
108 0.0000257397
109 0.0000253483
110 0.0000249652
111 0.0000245902
112 0.0000242230
113 0.0000238633
114 0.0000235111
115 0.0000231660
116 0.0000228280
117 0.0000224967
118 0.0000221721
119 0.0000218539
120 0.0000215421
121 0.0000212363
122 0.0000209365
123 0.0000206426
124 0.0000203543
125 0.0000200715
126 0.0000197941
127 0.0000195219
128 0.0000192549
129 0.0000189929
130 0.0000187357
131 0.0000184834
132 0.0000182356
133 0.0000179924
134 0.0000177536
135 0.0000175191
136 0.0000172889
137 0.0000170628
138 0.0000168407
139 0.0000166226
140 0.0000164082
141 0.0000161977
142 0.0000159908
143 0.0000157876
144 0.0000155878
145 0.0000153915
146 0.0000151985
147 0.0000150088
148 0.0000148223
149 0.0000146390
150 0.0000144588
151 0.0000142816
152 0.0000141073
153 0.0000139359
154 0.0000137673
155 0.0000136015
156 0.0000134384
157 0.0000132780
158 0.0000131202
159 0.0000129649
160 0.0000128120
161 0.0000126617
162 0.0000125137
163 0.0000123681
164 0.0000122248
165 0.0000120837
166 0.0000119449
167 0.0000118082
168 0.0000116736
169 0.0000115412
170 0.0000114107
171 0.0000112823
172 0.0000111558
173 0.0000110313
174 0.0000109086
175 0.0000107878
176 0.0000106689
177 0.0000105517
178 0.0000104362
179 0.0000103225
180 0.0000102105
181 0.0000101001
182 0.0000099914
183 0.0000098842
184 0.0000097786
185 0.0000096746
186 0.0000095721
187 0.0000094710
188 0.0000093714
189 0.0000092733
190 0.0000091765
191 0.0000090812
192 0.0000089872
193 0.0000088945
194 0.0000088031
195 0.0000087131
196 0.0000086243
197 0.0000085367
198 0.0000084503
199 0.0000083652
200 0.0000082813
201 0.0000081984
202 0.0000081168
203 0.0000080363
204 0.0000079568
205 0.0000078785
206 0.0000078012
207 0.0000077250
208 0.0000076498
209 0.0000075756
210 0.0000075024
211 0.0000074302
212 0.0000073590
213 0.0000072887
214 0.0000072194
215 0.0000071509
216 0.0000070834
217 0.0000070168
218 0.0000069510
219 0.0000068861
220 0.0000068221
221 0.0000067589
222 0.0000066965
223 0.0000066349
224 0.0000065741
225 0.0000065141
226 0.0000064549
227 0.0000063964
228 0.0000063387
229 0.0000062817
230 0.0000062254
231 0.0000061699
232 0.0000061150
233 0.0000060609
234 0.0000060074
235 0.0000059546
236 0.0000059025
237 0.0000058510
238 0.0000058001
239 0.0000057499
240 0.0000057003
241 0.0000056514
242 0.0000056030
243 0.0000055552
244 0.0000055080
245 0.0000054614
246 0.0000054154
247 0.0000053699
248 0.0000053250
249 0.0000052806
250 0.0000052367
251 0.0000051934
252 0.0000051506
253 0.0000051083
254 0.0000050665
255 0.0000050253
256 0.0000049845
257 0.0000049442
258 0.0000049043
259 0.0000048650
260 0.0000048261
261 0.0000047877
262 0.0000047497
263 0.0000047122
264 0.0000046751
265 0.0000046384
266 0.0000046022
267 0.0000045664
268 0.0000045310
269 0.0000044960
270 0.0000044614
271 0.0000044272
272 0.0000043934
273 0.0000043600
274 0.0000043270
275 0.0000042943
276 0.0000042621
277 0.0000042301
278 0.0000041986
279 0.0000041674
280 0.0000041366
281 0.0000041061
282 0.0000040759
283 0.0000040461
284 0.0000040166
285 0.0000039875
286 0.0000039586
287 0.0000039301
288 0.0000039020
289 0.0000038741
290 0.0000038465
291 0.0000038192
292 0.0000037923
293 0.0000037656
294 0.0000037392
295 0.0000037132
296 0.0000036873
297 0.0000036618
298 0.0000036366
299 0.0000036116
300 0.0000035869
301 0.0000035625
302 0.0000035383
303 0.0000035144
304 0.0000034907
305 0.0000034673
306 0.0000034442
307 0.0000034212
308 0.0000033986
309 0.0000033762
310 0.0000033540
311 0.0000033320
312 0.0000033103
313 0.0000032888
314 0.0000032675
315 0.0000032465
316 0.0000032257
317 0.0000032050
318 0.0000031847
319 0.0000031645
320 0.0000031445
321 0.0000031247
322 0.0000031052
323 0.0000030858
324 0.0000030666
325 0.0000030477
326 0.0000030289
327 0.0000030103
328 0.0000029919
329 0.0000029737
330 0.0000029557
331 0.0000029379
332 0.0000029202
333 0.0000029028
334 0.0000028855
335 0.0000028683
336 0.0000028514
337 0.0000028346
338 0.0000028180
339 0.0000028015
340 0.0000027852
341 0.0000027691
342 0.0000027531
343 0.0000027373
344 0.0000027217
345 0.0000027062
346 0.0000026908
347 0.0000026756
348 0.0000026606
349 0.0000026457
350 0.0000026309
351 0.0000026163
352 0.0000026019
353 0.0000025875
354 0.0000025733
355 0.0000025593
356 0.0000025453
357 0.0000025316
358 0.0000025179
359 0.0000025044
360 0.0000024910
361 0.0000024777
362 0.0000024646
363 0.0000024516
364 0.0000024387
365 0.0000024259
366 0.0000024132
367 0.0000024007
368 0.0000023883
369 0.0000023760
370 0.0000023638
371 0.0000023517
372 0.0000023398
373 0.0000023280
374 0.0000023162
375 0.0000023046
376 0.0000022931
377 0.0000022817
378 0.0000022704
379 0.0000022592
380 0.0000022480
381 0.0000022370
382 0.0000022261
383 0.0000022154
384 0.0000022046
385 0.0000021940
386 0.0000021835
387 0.0000021731
388 0.0000021628
389 0.0000021526
390 0.0000021424
391 0.0000021324
392 0.0000021224
393 0.0000021126
394 0.0000021028
395 0.0000020931
396 0.0000020835
397 0.0000020739
398 0.0000020645
399 0.0000020551
400 0.0000020459
401 0.0000020367
402 0.0000020276
403 0.0000020185
404 0.0000020096
405 0.0000020007
406 0.0000019919
407 0.0000019832
408 0.0000019745
409 0.0000019660
410 0.0000019575
411 0.0000019490
412 0.0000019407
413 0.0000019324
414 0.0000019242
415 0.0000019160
416 0.0000019079
417 0.0000018999
418 0.0000018920
419 0.0000018841
420 0.0000018763
421 0.0000018686
422 0.0000018609
423 0.0000018533
424 0.0000018457
425 0.0000018382
426 0.0000018308
427 0.0000018235
428 0.0000018161
429 0.0000018089
430 0.0000018017
431 0.0000017946
432 0.0000017875
433 0.0000017805
434 0.0000017736
435 0.0000017667
436 0.0000017598
437 0.0000017531
438 0.0000017463
439 0.0000017396
440 0.0000017330
441 0.0000017265
442 0.0000017200
443 0.0000017135
444 0.0000017071
445 0.0000017007
446 0.0000016944
447 0.0000016881
448 0.0000016819
449 0.0000016758
450 0.0000016696
451 0.0000016636
452 0.0000016575
453 0.0000016516
454 0.0000016456
455 0.0000016398
456 0.0000016339
457 0.0000016281
458 0.0000016224
459 0.0000016167
460 0.0000016110
461 0.0000016054
462 0.0000015998
463 0.0000015943
464 0.0000015888
465 0.0000015834
466 0.0000015779
467 0.0000015726
468 0.0000015673
469 0.0000015620
470 0.0000015567
471 0.0000015515
472 0.0000015463
473 0.0000015412
474 0.0000015361
475 0.0000015311
476 0.0000015261
477 0.0000015211
478 0.0000015161
479 0.0000015112
480 0.0000015064
481 0.0000015015
482 0.0000014967
483 0.0000014919
484 0.0000014872
485 0.0000014825
486 0.0000014778
487 0.0000014732
488 0.0000014686
489 0.0000014640
490 0.0000014595
491 0.0000014550
492 0.0000014505
493 0.0000014461
494 0.0000014417
495 0.0000014373
496 0.0000014330
497 0.0000014286
498 0.0000014244
499 0.0000014201
500 0.0000014159
501 0.0000014117
502 0.0000014075
503 0.0000014034
504 0.0000013993
505 0.0000013952
506 0.0000013911
507 0.0000013871
508 0.0000013831
509 0.0000013791
510 0.0000013752
511 0.0000013712
512 0.0000013674
513 0.0000013635
514 0.0000013596
515 0.0000013558
516 0.0000013520
517 0.0000013483
518 0.0000013445
519 0.0000013408
520 0.0000013371
521 0.0000013334
522 0.0000013298
523 0.0000013262
524 0.0000013226
525 0.0000013190
526 0.0000013154
527 0.0000013119
528 0.0000013084
529 0.0000013049
530 0.0000013015
531 0.0000012980
532 0.0000012946
533 0.0000012912
534 0.0000012878
535 0.0000012845
536 0.0000012811
537 0.0000012778
538 0.0000012745
539 0.0000012713
540 0.0000012680
541 0.0000012648
542 0.0000012616
543 0.0000012584
544 0.0000012552
545 0.0000012521
546 0.0000012489
547 0.0000012458
548 0.0000012427
549 0.0000012396
550 0.0000012366
551 0.0000012335
552 0.0000012305
553 0.0000012275
554 0.0000012245
555 0.0000012216
556 0.0000012186
557 0.0000012157
558 0.0000012128
559 0.0000012099
560 0.0000012070
561 0.0000012041
562 0.0000012013
563 0.0000011985
564 0.0000011956
565 0.0000011928
566 0.0000011901
567 0.0000011873
568 0.0000011846
569 0.0000011818
570 0.0000011791
571 0.0000011764
572 0.0000011737
573 0.0000011710
574 0.0000011684
575 0.0000011657
576 0.0000011631
577 0.0000011605
578 0.0000011579
579 0.0000011553
580 0.0000011527
581 0.0000011502
582 0.0000011476
583 0.0000011451
584 0.0000011426
585 0.0000011401
586 0.0000011376
587 0.0000011351
588 0.0000011327
589 0.0000011302
590 0.0000011278
591 0.0000011254
592 0.0000011230
593 0.0000011206
594 0.0000011182
595 0.0000011158
596 0.0000011134
597 0.0000011111
598 0.0000011088
599 0.0000011064
600 0.0000011041
601 0.0000011019
602 0.0000010996
603 0.0000010973
604 0.0000010950
605 0.0000010928
606 0.0000010905
607 0.0000010883
608 0.0000010861
609 0.0000010839
610 0.0000010817
611 0.0000010795
612 0.0000010773
613 0.0000010752
614 0.0000010730
615 0.0000010709
616 0.0000010688
617 0.0000010667
618 0.0000010646
619 0.0000010624
620 0.0000010604
621 0.0000010583
622 0.0000010562
623 0.0000010542
624 0.0000010521
625 0.0000010501
626 0.0000010481
627 0.0000010461
628 0.0000010440
629 0.0000010420
630 0.0000010400
631 0.0000010381
632 0.0000010361
633 0.0000010341
634 0.0000010322
635 0.0000010303
636 0.0000010283
637 0.0000010264
638 0.0000010245
639 0.0000010226
640 0.0000010207
641 0.0000010188
642 0.0000010169
643 0.0000010151
644 0.0000010132
645 0.0000010113
646 0.0000010095
647 0.0000010076
648 0.0000010058
649 0.0000010040
650 0.0000010022
651 0.0000010004
652 0.0000009986
653 0.0000009968
654 0.0000009950
655 0.0000009933
656 0.0000009915
657 0.0000009897
658 0.0000009880
659 0.0000009862
660 0.0000009845
661 0.0000009828
662 0.0000009811
663 0.0000009794
664 0.0000009777
665 0.0000009760
666 0.0000009743
667 0.0000009726
668 0.0000009709
669 0.0000009692
670 0.0000009676
671 0.0000009659
672 0.0000009643
673 0.0000009626
674 0.0000009610
675 0.0000009594
676 0.0000009578
677 0.0000009561
678 0.0000009545
679 0.0000009529
680 0.0000009514
681 0.0000009498
682 0.0000009482
683 0.0000009466
684 0.0000009450
685 0.0000009435
686 0.0000009419
687 0.0000009404
688 0.0000009389
689 0.0000009373
690 0.0000009358
691 0.0000009343
692 0.0000009327
693 0.0000009312
694 0.0000009297
695 0.0000009282
696 0.0000009267
697 0.0000009252
698 0.0000009238
699 0.0000009223
700 0.0000009208
701 0.0000009193
702 0.0000009179
703 0.0000009164
704 0.0000009150
705 0.0000009135
706 0.0000009121
707 0.0000009107
708 0.0000009093
709 0.0000009078
710 0.0000009064
711 0.0000009050
712 0.0000009036
713 0.0000009022
714 0.0000009008
715 0.0000008994
716 0.0000008980
717 0.0000008966
718 0.0000008953
719 0.0000008939
720 0.0000008926
721 0.0000008912
722 0.0000008898
723 0.0000008885
724 0.0000008871
725 0.0000008858
726 0.0000008845
727 0.0000008832
728 0.0000008818
729 0.0000008805
730 0.0000008792
731 0.0000008779
732 0.0000008766
733 0.0000008753
734 0.0000008740
735 0.0000008727
736 0.0000008714
737 0.0000008701
738 0.0000008688
739 0.0000008676
740 0.0000008663
741 0.0000008650
742 0.0000008638
743 0.0000008625
744 0.0000008612
745 0.0000008600
746 0.0000008588
747 0.0000008575
748 0.0000008563
749 0.0000008550
750 0.0000008538
751 0.0000008526
752 0.0000008514
753 0.0000008502
754 0.0000008490
755 0.0000008478
756 0.0000008466
757 0.0000008453
758 0.0000008441
759 0.0000008430
760 0.0000008418
761 0.0000008406
762 0.0000008394
763 0.0000008382
764 0.0000008371
765 0.0000008359
766 0.0000008347
767 0.0000008336
768 0.0000008324
769 0.0000008313
770 0.0000008301
771 0.0000008290
772 0.0000008278
773 0.0000008267
774 0.0000008256
775 0.0000008244
776 0.0000008233
777 0.0000008222
778 0.0000008211
779 0.0000008199
780 0.0000008188
781 0.0000008177
782 0.0000008166
783 0.0000008155
784 0.0000008144
785 0.0000008133
786 0.0000008122
787 0.0000008111
788 0.0000008101
789 0.0000008090
790 0.0000008079
791 0.0000008068
792 0.0000008058
793 0.0000008047
794 0.0000008036
795 0.0000008026
796 0.0000008015
797 0.0000008004
798 0.0000007994
799 0.0000007983
800 0.0000007973
801 0.0000007962
802 0.0000007952
803 0.0000007942
804 0.0000007931
805 0.0000007921
806 0.0000007911
807 0.0000007900
808 0.0000007890
809 0.0000007880
810 0.0000007870
811 0.0000007860
812 0.0000007850
813 0.0000007839
814 0.0000007829
815 0.0000007819
816 0.0000007809
817 0.0000007799
818 0.0000007789
819 0.0000007779
820 0.0000007770
821 0.0000007760
822 0.0000007750
823 0.0000007740
824 0.0000007731
825 0.0000007721
826 0.0000007711
827 0.0000007701
828 0.0000007692
829 0.0000007682
830 0.0000007672
831 0.0000007663
832 0.0000007653
833 0.0000007644
834 0.0000007634
835 0.0000007625
836 0.0000007615
837 0.0000007606
838 0.0000007597
839 0.0000007587
840 0.0000007578
841 0.0000007568
842 0.0000007559
843 0.0000007550
844 0.0000007541
845 0.0000007531
846 0.0000007522
847 0.0000007513
848 0.0000007504
849 0.0000007495
850 0.0000007486
851 0.0000007477
852 0.0000007468
853 0.0000007459
854 0.0000007450
855 0.0000007441
856 0.0000007432
857 0.0000007423
858 0.0000007414
859 0.0000007405
860 0.0000007396
861 0.0000007387
862 0.0000007379
863 0.0000007370
864 0.0000007361
865 0.0000007352
866 0.0000007343
867 0.0000007335
868 0.0000007326
869 0.0000007317
870 0.0000007309
871 0.0000007300
872 0.0000007292
873 0.0000007283
874 0.0000007274
875 0.0000007266
876 0.0000007257
877 0.0000007249
878 0.0000007241
879 0.0000007232
880 0.0000007224
881 0.0000007215
882 0.0000007207
883 0.0000007198
884 0.0000007190
885 0.0000007182
886 0.0000007174
887 0.0000007165
888 0.0000007157
889 0.0000007149
890 0.0000007141
891 0.0000007132
892 0.0000007124
893 0.0000007116
894 0.0000007108
895 0.0000007100
896 0.0000007092
897 0.0000007084
898 0.0000007076
899 0.0000007068
900 0.0000007060
901 0.0000007052
902 0.0000007044
903 0.0000007036
904 0.0000007028
905 0.0000007020
906 0.0000007012
907 0.0000007004
908 0.0000006996
909 0.0000006988
910 0.0000006981
911 0.0000006973
912 0.0000006965
913 0.0000006957
914 0.0000006950
915 0.0000006942
916 0.0000006934
917 0.0000006926
918 0.0000006919
919 0.0000006911
920 0.0000006903
921 0.0000006896
922 0.0000006888
923 0.0000006881
924 0.0000006873
925 0.0000006865
926 0.0000006858
927 0.0000006850
928 0.0000006843
929 0.0000006835
930 0.0000006828
931 0.0000006821
932 0.0000006813
933 0.0000006806
934 0.0000006798
935 0.0000006791
936 0.0000006783
937 0.0000006776
938 0.0000006769
939 0.0000006762
940 0.0000006754
941 0.0000006747
942 0.0000006740
943 0.0000006732
944 0.0000006725
945 0.0000006718
946 0.0000006711
947 0.0000006704
948 0.0000006696
949 0.0000006689
950 0.0000006682
951 0.0000006675
952 0.0000006668
953 0.0000006661
954 0.0000006654
955 0.0000006647
956 0.0000006640
957 0.0000006633
958 0.0000006626
959 0.0000006619
960 0.0000006612
961 0.0000006605
962 0.0000006598
963 0.0000006591
964 0.0000006584
965 0.0000006577
966 0.0000006570
967 0.0000006563
968 0.0000006556
969 0.0000006550
970 0.0000006543
971 0.0000006536
972 0.0000006529
973 0.0000006522
974 0.0000006516
975 0.0000006509
976 0.0000006502
977 0.0000006495
978 0.0000006489
979 0.0000006482
980 0.0000006475
981 0.0000006469
982 0.0000006462
983 0.0000006455
984 0.0000006449
985 0.0000006442
986 0.0000006436
987 0.0000006429
988 0.0000006422
989 0.0000006416
990 0.0000006409
991 0.0000006403
992 0.0000006396
993 0.0000006390
994 0.0000006383
995 0.0000006377
996 0.0000006370
997 0.0000006364
998 0.0000006357
999 0.0000006351
1000 0.0000006345
1001 0.0000006338
1002 0.0000006332
1003 0.0000006325
1004 0.0000006319
1005 0.0000006313
1006 0.0000006306
1007 0.0000006300
1008 0.0000006294
1009 0.0000006288
1010 0.0000006281
1011 0.0000006275
1012 0.0000006269
1013 0.0000006262
1014 0.0000006256
1015 0.0000006250
1016 0.0000006244
1017 0.0000006238
1018 0.0000006231
1019 0.0000006225
1020 0.0000006219
1021 0.0000006213
1022 0.0000006207
1023 0.0000006201
1024 0.0000006195
1025 0.0000006189
1026 0.0000006183
1027 0.0000006176
1028 0.0000006170
1029 0.0000006164
1030 0.0000006158
1031 0.0000006152
1032 0.0000006146
1033 0.0000006140
1034 0.0000006134
1035 0.0000006128
1036 0.0000006122
1037 0.0000006116
1038 0.0000006110
1039 0.0000006105
1040 0.0000006099
1041 0.0000006093
1042 0.0000006087
1043 0.0000006081
1044 0.0000006075
1045 0.0000006069
1046 0.0000006063
1047 0.0000006058
1048 0.0000006052
1049 0.0000006046
1050 0.0000006040
1051 0.0000006035
1052 0.0000006029
1053 0.0000006023
1054 0.0000006017
1055 0.0000006011
1056 0.0000006006
1057 0.0000006000
1058 0.0000005994
1059 0.0000005989
1060 0.0000005983
1061 0.0000005977
1062 0.0000005972
1063 0.0000005966
1064 0.0000005960
1065 0.0000005955
1066 0.0000005949
1067 0.0000005943
1068 0.0000005938
1069 0.0000005932
1070 0.0000005927
1071 0.0000005921
1072 0.0000005915
1073 0.0000005910
1074 0.0000005904
1075 0.0000005899
1076 0.0000005893
1077 0.0000005888
1078 0.0000005882
1079 0.0000005877
1080 0.0000005871
1081 0.0000005866
1082 0.0000005860
1083 0.0000005855
1084 0.0000005850
1085 0.0000005844
1086 0.0000005839
1087 0.0000005833
1088 0.0000005828
1089 0.0000005823
1090 0.0000005817
1091 0.0000005812
1092 0.0000005806
1093 0.0000005801
1094 0.0000005796
1095 0.0000005790
1096 0.0000005785
1097 0.0000005780
1098 0.0000005775
1099 0.0000005769
1100 0.0000005764
1101 0.0000005759
1102 0.0000005754
1103 0.0000005748
1104 0.0000005743
1105 0.0000005738
1106 0.0000005732
1107 0.0000005727
1108 0.0000005722
1109 0.0000005717
1110 0.0000005712
1111 0.0000005707
1112 0.0000005701
1113 0.0000005696
1114 0.0000005691
1115 0.0000005686
1116 0.0000005681
1117 0.0000005676
1118 0.0000005671
1119 0.0000005666
1120 0.0000005661
1121 0.0000005656
1122 0.0000005650
1123 0.0000005645
1124 0.0000005640
1125 0.0000005635
1126 0.0000005630
1127 0.0000005625
1128 0.0000005620
1129 0.0000005615
1130 0.0000005610
1131 0.0000005605
1132 0.0000005600
1133 0.0000005595
1134 0.0000005590
1135 0.0000005585
1136 0.0000005580
1137 0.0000005575
1138 0.0000005570
1139 0.0000005566
1140 0.0000005561
1141 0.0000005556
1142 0.0000005551
1143 0.0000005546
1144 0.0000005541
1145 0.0000005536
1146 0.0000005531
1147 0.0000005527
1148 0.0000005522
1149 0.0000005517
1150 0.0000005512
1151 0.0000005507
1152 0.0000005502
1153 0.0000005498
1154 0.0000005493
1155 0.0000005488
1156 0.0000005483
1157 0.0000005479
1158 0.0000005474
1159 0.0000005469
1160 0.0000005464
1161 0.0000005460
1162 0.0000005455
1163 0.0000005450
1164 0.0000005445
1165 0.0000005441
1166 0.0000005436
1167 0.0000005431
1168 0.0000005427
1169 0.0000005422
1170 0.0000005417
1171 0.0000005413
1172 0.0000005408
1173 0.0000005403
1174 0.0000005399
1175 0.0000005394
1176 0.0000005389
1177 0.0000005385
1178 0.0000005380
1179 0.0000005376
1180 0.0000005371
1181 0.0000005367
1182 0.0000005362
1183 0.0000005357
1184 0.0000005353
1185 0.0000005348
1186 0.0000005344
1187 0.0000005339
1188 0.0000005335
1189 0.0000005330
1190 0.0000005326
1191 0.0000005321
1192 0.0000005317
1193 0.0000005312
1194 0.0000005308
1195 0.0000005303
1196 0.0000005299
1197 0.0000005294
1198 0.0000005290
1199 0.0000005285
1200 0.0000005281
