0 1200
0 0.9714624628
1 0.0057500034
2 0.0024322464
3 0.0017053049
4 0.0012651298
5 0.0010039634
6 0.0008324791
7 0.0007100666
8 0.0006181014
9 0.0005465409
10 0.0004893085
11 0.0004425012
12 0.0004035094
13 0.0003705275
14 0.0003422670
15 0.0003177835
16 0.0002963690
17 0.0002774819
18 0.0002607009
19 0.0002456935
20 0.0002321936
21 0.0002199858
22 0.0002088939
23 0.0001987723
24 0.0001894997
25 0.0001809742
26 0.0001731096
27 0.0001658324
28 0.0001590796
29 0.0001527970
30 0.0001469375
31 0.0001414602
32 0.0001363292
33 0.0001315130
34 0.0001269838
35 0.0001227171
36 0.0001186908
37 0.0001148856
38 0.0001112839
39 0.0001078700
40 0.0001046299
41 0.0001015508
42 0.0000986213
43 0.0000958308
44 0.0000931699
45 0.0000906298
46 0.0000882028
47 0.0000858817
48 0.0000836596
49 0.0000815307
50 0.0000794892
51 0.0000775300
52 0.0000756485
53 0.0000738401
54 0.0000721008
55 0.0000704267
56 0.0000688145
57 0.0000672608
58 0.0000657627
59 0.0000643172
60 0.0000629217
61 0.0000615738
62 0.0000602711
63 0.0000590115
64 0.0000577929
65 0.0000566135
66 0.0000554715
67 0.0000543651
68 0.0000532929
69 0.0000522532
70 0.0000512448
71 0.0000502662
72 0.0000493163
73 0.0000483937
74 0.0000474975
75 0.0000466266
76 0.0000457799
77 0.0000449566
78 0.0000441556
79 0.0000433762
80 0.0000426175
81 0.0000418787
82 0.0000411592
83 0.0000404582
84 0.0000397750
85 0.0000391090
86 0.0000384597
87 0.0000378264
88 0.0000372085
89 0.0000366056
90 0.0000360172
91 0.0000354427
92 0.0000348817
93 0.0000343338
94 0.0000337985
95 0.0000332755
96 0.0000327643
97 0.0000322646
98 0.0000317760
99 0.0000312981
100 0.0000308308
101 0.0000303735
102 0.0000299261
103 0.0000294883
104 0.0000290596
105 0.0000286400
106 0.0000282292
107 0.0000278268
108 0.0000274326
109 0.0000270465
110 0.0000266681
111 0.0000262973
112 0.0000259339
113 0.0000255777
114 0.0000252285
115 0.0000248860
116 0.0000245501
117 0.0000242207
118 0.0000238976
119 0.0000235805
120 0.0000232694
121 0.0000229642
122 0.0000226645
123 0.0000223704
124 0.0000220817
125 0.0000217982
126 0.0000215198
127 0.0000212464
128 0.0000209779
129 0.0000207141
130 0.0000204550
131 0.0000202004
132 0.0000199503
133 0.0000197044
134 0.0000194628
135 0.0000192253
136 0.0000189919
137 0.0000187624
138 0.0000185367
139 0.0000183148
140 0.0000180966
141 0.0000178820
142 0.0000176709
143 0.0000174633
144 0.0000172590
145 0.0000170581
146 0.0000168604
147 0.0000166658
148 0.0000164743
149 0.0000162859
150 0.0000161004
151 0.0000159178
152 0.0000157381
153 0.0000155612
154 0.0000153870
155 0.0000152154
156 0.0000150465
157 0.0000148802
158 0.0000147163
159 0.0000145550
160 0.0000143960
161 0.0000142395
162 0.0000140852
163 0.0000139333
164 0.0000137835
165 0.0000136360
166 0.0000134907
167 0.0000133474
168 0.0000132062
169 0.0000130670
170 0.0000129299
171 0.0000127947
172 0.0000126614
173 0.0000125300
174 0.0000124005
175 0.0000122728
176 0.0000121469
177 0.0000120227
178 0.0000119002
179 0.0000117795
180 0.0000116604
181 0.0000115429
182 0.0000114270
183 0.0000113128
184 0.0000112000
185 0.0000110888
186 0.0000109791
187 0.0000108709
188 0.0000107640
189 0.0000106587
190 0.0000105547
191 0.0000104521
192 0.0000103508
193 0.0000102509
194 0.0000101523
195 0.0000100549
196 0.0000099588
197 0.0000098640
198 0.0000097704
199 0.0000096779
200 0.0000095867
201 0.0000094966
202 0.0000094077
203 0.0000093199
204 0.0000092332
205 0.0000091476
206 0.0000090631
207 0.0000089796
208 0.0000088972
209 0.0000088158
210 0.0000087354
211 0.0000086560
212 0.0000085775
213 0.0000085001
214 0.0000084235
215 0.0000083479
216 0.0000082733
217 0.0000081995
218 0.0000081266
219 0.0000080546
220 0.0000079835
221 0.0000079132
222 0.0000078438
223 0.0000077751
224 0.0000077073
225 0.0000076403
226 0.0000075741
227 0.0000075087
228 0.0000074440
229 0.0000073801
230 0.0000073169
231 0.0000072545
232 0.0000071928
233 0.0000071318
234 0.0000070715
235 0.0000070119
236 0.0000069530
237 0.0000068947
238 0.0000068372
239 0.0000067803
240 0.0000067240
241 0.0000066683
242 0.0000066133
243 0.0000065589
244 0.0000065052
245 0.0000064520
246 0.0000063994
247 0.0000063474
248 0.0000062960
249 0.0000062451
250 0.0000061948
251 0.0000061451
252 0.0000060959
253 0.0000060473
254 0.0000059992
255 0.0000059516
256 0.0000059045
257 0.0000058580
258 0.0000058119
259 0.0000057663
260 0.0000057213
261 0.0000056767
262 0.0000056326
263 0.0000055890
264 0.0000055458
265 0.0000055031
266 0.0000054609
267 0.0000054191
268 0.0000053777
269 0.0000053368
270 0.0000052963
271 0.0000052563
272 0.0000052166
273 0.0000051774
274 0.0000051386
275 0.0000051002
276 0.0000050622
277 0.0000050246
278 0.0000049873
279 0.0000049505
280 0.0000049140
281 0.0000048780
282 0.0000048422
283 0.0000048069
284 0.0000047719
285 0.0000047373
286 0.0000047030
287 0.0000046691
288 0.0000046355
289 0.0000046022
290 0.0000045693
291 0.0000045368
292 0.0000045045
293 0.0000044726
294 0.0000044410
295 0.0000044097
296 0.0000043787
297 0.0000043481
298 0.0000043177
299 0.0000042876
300 0.0000042578
301 0.0000042284
302 0.0000041992
303 0.0000041703
304 0.0000041417
305 0.0000041134
306 0.0000040853
307 0.0000040575
308 0.0000040300
309 0.0000040028
310 0.0000039758
311 0.0000039491
312 0.0000039227
313 0.0000038964
314 0.0000038705
315 0.0000038448
316 0.0000038193
317 0.0000037941
318 0.0000037692
319 0.0000037444
320 0.0000037199
321 0.0000036957
322 0.0000036716
323 0.0000036478
324 0.0000036243
325 0.0000036009
326 0.0000035778
327 0.0000035549
328 0.0000035322
329 0.0000035097
330 0.0000034874
331 0.0000034653
332 0.0000034434
333 0.0000034218
334 0.0000034003
335 0.0000033790
336 0.0000033580
337 0.0000033371
338 0.0000033164
339 0.0000032959
340 0.0000032756
341 0.0000032555
342 0.0000032356
343 0.0000032159
344 0.0000031963
345 0.0000031769
346 0.0000031577
347 0.0000031386
348 0.0000031198
349 0.0000031011
350 0.0000030826
351 0.0000030642
352 0.0000030460
353 0.0000030280
354 0.0000030101
355 0.0000029924
356 0.0000029748
357 0.0000029574
358 0.0000029402
359 0.0000029231
360 0.0000029062
361 0.0000028894
362 0.0000028728
363 0.0000028563
364 0.0000028399
365 0.0000028237
366 0.0000028077
367 0.0000027917
368 0.0000027760
369 0.0000027603
370 0.0000027448
371 0.0000027295
372 0.0000027142
373 0.0000026991
374 0.0000026842
375 0.0000026693
376 0.0000026546
377 0.0000026400
378 0.0000026255
379 0.0000026112
380 0.0000025970
381 0.0000025829
382 0.0000025689
383 0.0000025551
384 0.0000025414
385 0.0000025278
386 0.0000025142
387 0.0000025009
388 0.0000024876
389 0.0000024744
390 0.0000024614
391 0.0000024484
392 0.0000024356
393 0.0000024229
394 0.0000024103
395 0.0000023978
396 0.0000023854
397 0.0000023731
398 0.0000023609
399 0.0000023488
400 0.0000023368
401 0.0000023249
402 0.0000023131
403 0.0000023014
404 0.0000022898
405 0.0000022783
406 0.0000022669
407 0.0000022556
408 0.0000022443
409 0.0000022332
410 0.0000022222
411 0.0000022112
412 0.0000022003
413 0.0000021896
414 0.0000021789
415 0.0000021683
416 0.0000021578
417 0.0000021473
418 0.0000021370
419 0.0000021267
420 0.0000021166
421 0.0000021065
422 0.0000020964
423 0.0000020865
424 0.0000020767
425 0.0000020669
426 0.0000020572
427 0.0000020476
428 0.0000020380
429 0.0000020286
430 0.0000020192
431 0.0000020098
432 0.0000020006
433 0.0000019914
434 0.0000019823
435 0.0000019733
436 0.0000019643
437 0.0000019554
438 0.0000019466
439 0.0000019379
440 0.0000019292
441 0.0000019206
442 0.0000019121
443 0.0000019036
444 0.0000018952
445 0.0000018868
446 0.0000018785
447 0.0000018703
448 0.0000018621
449 0.0000018541
450 0.0000018460
451 0.0000018380
452 0.0000018301
453 0.0000018223
454 0.0000018145
455 0.0000018068
456 0.0000017991
457 0.0000017915
458 0.0000017839
459 0.0000017764
460 0.0000017690
461 0.0000017616
462 0.0000017543
463 0.0000017470
464 0.0000017398
465 0.0000017326
466 0.0000017255
467 0.0000017185
468 0.0000017115
469 0.0000017045
470 0.0000016976
471 0.0000016908
472 0.0000016840
473 0.0000016772
474 0.0000016705
475 0.0000016639
476 0.0000016573
477 0.0000016507
478 0.0000016442
479 0.0000016378
480 0.0000016313
481 0.0000016250
482 0.0000016187
483 0.0000016124
484 0.0000016062
485 0.0000016000
486 0.0000015939
487 0.0000015878
488 0.0000015817
489 0.0000015757
490 0.0000015698
491 0.0000015639
492 0.0000015580
493 0.0000015522
494 0.0000015464
495 0.0000015406
496 0.0000015349
497 0.0000015292
498 0.0000015236
499 0.0000015180
500 0.0000015125
501 0.0000015070
502 0.0000015015
503 0.0000014961
504 0.0000014907
505 0.0000014853
506 0.0000014800
507 0.0000014747
508 0.0000014695
509 0.0000014643
510 0.0000014591
511 0.0000014540
512 0.0000014489
513 0.0000014438
514 0.0000014388
515 0.0000014338
516 0.0000014289
517 0.0000014239
518 0.0000014190
519 0.0000014142
520 0.0000014094
521 0.0000014046
522 0.0000013998
523 0.0000013951
524 0.0000013904
525 0.0000013857
526 0.0000013811
527 0.0000013765
528 0.0000013719
529 0.0000013674
530 0.0000013629
531 0.0000013584
532 0.0000013540
533 0.0000013496
534 0.0000013452
535 0.0000013408
536 0.0000013365
537 0.0000013322
538 0.0000013279
539 0.0000013237
540 0.0000013195
541 0.0000013153
542 0.0000013111
543 0.0000013070
544 0.0000013029
545 0.0000012988
546 0.0000012948
547 0.0000012907
548 0.0000012867
549 0.0000012827
550 0.0000012788
551 0.0000012749
552 0.0000012710
553 0.0000012671
554 0.0000012633
555 0.0000012594
556 0.0000012557
557 0.0000012519
558 0.0000012481
559 0.0000012444
560 0.0000012407
561 0.0000012370
562 0.0000012334
563 0.0000012298
564 0.0000012261
565 0.0000012226
566 0.0000012190
567 0.0000012155
568 0.0000012119
569 0.0000012085
570 0.0000012050
571 0.0000012015
572 0.0000011981
573 0.0000011947
574 0.0000011913
575 0.0000011879
576 0.0000011846
577 0.0000011813
578 0.0000011780
579 0.0000011747
580 0.0000011714
581 0.0000011682
582 0.0000011650
583 0.0000011617
584 0.0000011585
585 0.0000011554
586 0.0000011522
587 0.0000011491
588 0.0000011460
589 0.0000011429
590 0.0000011398
591 0.0000011368
592 0.0000011338
593 0.0000011307
594 0.0000011277
595 0.0000011248
596 0.0000011218
597 0.0000011189
598 0.0000011159
599 0.0000011130
600 0.0000011101
601 0.0000011072
602 0.0000011044
603 0.0000011015
604 0.0000010987
605 0.0000010959
606 0.0000010931
607 0.0000010903
608 0.0000010876
609 0.0000010848
610 0.0000010821
611 0.0000010794
612 0.0000010767
613 0.0000010740
614 0.0000010714
615 0.0000010687
616 0.0000010661
617 0.0000010635
618 0.0000010608
619 0.0000010583
620 0.0000010557
621 0.0000010531
622 0.0000010506
623 0.0000010480
624 0.0000010455
625 0.0000010430
626 0.0000010405
627 0.0000010380
628 0.0000010356
629 0.0000010331
630 0.0000010307
631 0.0000010283
632 0.0000010259
633 0.0000010235
634 0.0000010211
635 0.0000010187
636 0.0000010164
637 0.0000010140
638 0.0000010117
639 0.0000010094
640 0.0000010071
641 0.0000010048
642 0.0000010025
643 0.0000010002
644 0.0000009980
645 0.0000009957
646 0.0000009935
647 0.0000009913
648 0.0000009891
649 0.0000009869
650 0.0000009847
651 0.0000009825
652 0.0000009804
653 0.0000009782
654 0.0000009761
655 0.0000009739
656 0.0000009718
657 0.0000009697
658 0.0000009676
659 0.0000009655
660 0.0000009635
661 0.0000009614
662 0.0000009594
663 0.0000009573
664 0.0000009553
665 0.0000009533
666 0.0000009513
667 0.0000009493
668 0.0000009473
669 0.0000009453
670 0.0000009433
671 0.0000009414
672 0.0000009394
673 0.0000009375
674 0.0000009356
675 0.0000009336
676 0.0000009317
677 0.0000009298
678 0.0000009279
679 0.0000009261
680 0.0000009242
681 0.0000009223
682 0.0000009205
683 0.0000009186
684 0.0000009168
685 0.0000009150
686 0.0000009131
687 0.0000009113
688 0.0000009095
689 0.0000009078
690 0.0000009060
691 0.0000009042
692 0.0000009024
693 0.0000009007
694 0.0000008989
695 0.0000008972
696 0.0000008955
697 0.0000008937
698 0.0000008920
699 0.0000008903
700 0.0000008886
701 0.0000008869
702 0.0000008853
703 0.0000008836
704 0.0000008819
705 0.0000008803
706 0.0000008786
707 0.0000008770
708 0.0000008753
709 0.0000008737
710 0.0000008721
711 0.0000008705
712 0.0000008689
713 0.0000008673
714 0.0000008657
715 0.0000008641
716 0.0000008625
717 0.0000008609
718 0.0000008594
719 0.0000008578
720 0.0000008563
721 0.0000008547
722 0.0000008532
723 0.0000008517
724 0.0000008502
725 0.0000008486
726 0.0000008471
727 0.0000008457
728 0.0000008442
729 0.0000008427
730 0.0000008412
731 0.0000008397
732 0.0000008383
733 0.0000008368
734 0.0000008353
735 0.0000008339
736 0.0000008325
737 0.0000008310
738 0.0000008296
739 0.0000008282
740 0.0000008268
741 0.0000008253
742 0.0000008240
743 0.0000008225
744 0.0000008212
745 0.0000008198
746 0.0000008184
747 0.0000008170
748 0.0000008156
749 0.0000008143
750 0.0000008129
751 0.0000008116
752 0.0000008102
753 0.0000008089
754 0.0000008076
755 0.0000008062
756 0.0000008049
757 0.0000008036
758 0.0000008023
759 0.0000008010
760 0.0000007997
761 0.0000007984
762 0.0000007971
763 0.0000007958
764 0.0000007945
765 0.0000007932
766 0.0000007920
767 0.0000007907
768 0.0000007894
769 0.0000007882
770 0.0000007869
771 0.0000007857
772 0.0000007845
773 0.0000007832
774 0.0000007820
775 0.0000007808
776 0.0000007795
777 0.0000007783
778 0.0000007771
779 0.0000007759
780 0.0000007747
781 0.0000007735
782 0.0000007723
783 0.0000007711
784 0.0000007700
785 0.0000007688
786 0.0000007676
787 0.0000007664
788 0.0000007653
789 0.0000007641
790 0.0000007630
791 0.0000007618
792 0.0000007607
793 0.0000007595
794 0.0000007584
795 0.0000007573
796 0.0000007561
797 0.0000007550
798 0.0000007539
799 0.0000007528
800 0.0000007516
801 0.0000007505
802 0.0000007494
803 0.0000007483
804 0.0000007472
805 0.0000007461
806 0.0000007451
807 0.0000007440
808 0.0000007429
809 0.0000007418
810 0.0000007407
811 0.0000007397
812 0.0000007386
813 0.0000007376
814 0.0000007365
815 0.0000007354
816 0.0000007344
817 0.0000007334
818 0.0000007323
819 0.0000007313
820 0.0000007303
821 0.0000007292
822 0.0000007282
823 0.0000007272
824 0.0000007261
825 0.0000007251
826 0.0000007241
827 0.0000007231
828 0.0000007221
829 0.0000007211
830 0.0000007201
831 0.0000007191
832 0.0000007181
833 0.0000007171
834 0.0000007161
835 0.0000007152
836 0.0000007142
837 0.0000007132
838 0.0000007122
839 0.0000007113
840 0.0000007103
841 0.0000007093
842 0.0000007084
843 0.0000007074
844 0.0000007065
845 0.0000007055
846 0.0000007046
847 0.0000007036
848 0.0000007027
849 0.0000007018
850 0.0000007008
851 0.0000006999
852 0.0000006990
853 0.0000006980
854 0.0000006971
855 0.0000006962
856 0.0000006953
857 0.0000006944
858 0.0000006935
859 0.0000006925
860 0.0000006917
861 0.0000006908
862 0.0000006898
863 0.0000006890
864 0.0000006881
865 0.0000006872
866 0.0000006863
867 0.0000006854
868 0.0000006845
869 0.0000006836
870 0.0000006828
871 0.0000006819
872 0.0000006810
873 0.0000006802
874 0.0000006793
875 0.0000006784
876 0.0000006776
877 0.0000006767
878 0.0000006759
879 0.0000006750
880 0.0000006742
881 0.0000006733
882 0.0000006725
883 0.0000006717
884 0.0000006708
885 0.0000006700
886 0.0000006691
887 0.0000006683
888 0.0000006675
889 0.0000006667
890 0.0000006658
891 0.0000006650
892 0.0000006642
893 0.0000006634
894 0.0000006626
895 0.0000006618
896 0.0000006609
897 0.0000006601
898 0.0000006593
899 0.0000006585
900 0.0000006577
901 0.0000006569
902 0.0000006561
903 0.0000006554
904 0.0000006546
905 0.0000006538
906 0.0000006530
907 0.0000006522
908 0.0000006514
909 0.0000006506
910 0.0000006499
911 0.0000006491
912 0.0000006483
913 0.0000006476
914 0.0000006468
915 0.0000006460
916 0.0000006453
917 0.0000006445
918 0.0000006437
919 0.0000006430
920 0.0000006422
921 0.0000006415
922 0.0000006407
923 0.0000006400
924 0.0000006392
925 0.0000006385
926 0.0000006377
927 0.0000006370
928 0.0000006363
929 0.0000006355
930 0.0000006348
931 0.0000006341
932 0.0000006333
933 0.0000006326
934 0.0000006319
935 0.0000006312
936 0.0000006304
937 0.0000006297
938 0.0000006290
939 0.0000006283
940 0.0000006276
941 0.0000006268
942 0.0000006261
943 0.0000006254
944 0.0000006247
945 0.0000006240
946 0.0000006233
947 0.0000006226
948 0.0000006219
949 0.0000006212
950 0.0000006205
951 0.0000006198
952 0.0000006191
953 0.0000006184
954 0.0000006178
955 0.0000006171
956 0.0000006164
957 0.0000006157
958 0.0000006150
959 0.0000006143
960 0.0000006137
961 0.0000006130
962 0.0000006123
963 0.0000006116
964 0.0000006110
965 0.0000006103
966 0.0000006096
967 0.0000006090
968 0.0000006083
969 0.0000006076
970 0.0000006070
971 0.0000006063
972 0.0000006057
973 0.0000006050
974 0.0000006043
975 0.0000006037
976 0.0000006031
977 0.0000006024
978 0.0000006017
979 0.0000006011
980 0.0000006005
981 0.0000005998
982 0.0000005992
983 0.0000005985
984 0.0000005979
985 0.0000005973
986 0.0000005966
987 0.0000005960
988 0.0000005954
989 0.0000005947
990 0.0000005941
991 0.0000005935
992 0.0000005928
993 0.0000005922
994 0.0000005916
995 0.0000005910
996 0.0000005904
997 0.0000005897
998 0.0000005891
999 0.0000005885
1000 0.0000005879
1001 0.0000005873
1002 0.0000005867
1003 0.0000005861
1004 0.0000005854
1005 0.0000005848
1006 0.0000005842
1007 0.0000005836
1008 0.0000005830
1009 0.0000005824
1010 0.0000005818
1011 0.0000005812
1012 0.0000005806
1013 0.0000005800
1014 0.0000005794
1015 0.0000005788
1016 0.0000005783
1017 0.0000005777
1018 0.0000005771
1019 0.0000005765
1020 0.0000005759
1021 0.0000005753
1022 0.0000005747
1023 0.0000005741
1024 0.0000005736
1025 0.0000005730
1026 0.0000005724
1027 0.0000005718
1028 0.0000005713
1029 0.0000005707
1030 0.0000005701
1031 0.0000005695
1032 0.0000005690
1033 0.0000005684
1034 0.0000005678
1035 0.0000005673
1036 0.0000005667
1037 0.0000005661
1038 0.0000005656
1039 0.0000005650
1040 0.0000005644
1041 0.0000005639
1042 0.0000005633
1043 0.0000005627
1044 0.0000005622
1045 0.0000005616
1046 0.0000005611
1047 0.0000005605
1048 0.0000005600
1049 0.0000005594
1050 0.0000005589
1051 0.0000005583
1052 0.0000005578
1053 0.0000005572
1054 0.0000005567
1055 0.0000005562
1056 0.0000005556
1057 0.0000005551
1058 0.0000005545
1059 0.0000005540
1060 0.0000005535
1061 0.0000005529
1062 0.0000005524
1063 0.0000005519
1064 0.0000005513
1065 0.0000005508
1066 0.0000005503
1067 0.0000005497
1068 0.0000005492
1069 0.0000005487
1070 0.0000005482
1071 0.0000005476
1072 0.0000005471
1073 0.0000005466
1074 0.0000005461
1075 0.0000005455
1076 0.0000005450
1077 0.0000005445
1078 0.0000005440
1079 0.0000005435
1080 0.0000005430
1081 0.0000005424
1082 0.0000005419
1083 0.0000005414
1084 0.0000005409
1085 0.0000005404
1086 0.0000005399
1087 0.0000005394
1088 0.0000005389
1089 0.0000005384
1090 0.0000005378
1091 0.0000005373
1092 0.0000005368
1093 0.0000005363
1094 0.0000005358
1095 0.0000005353
1096 0.0000005348
1097 0.0000005343
1098 0.0000005338
1099 0.0000005333
1100 0.0000005329
1101 0.0000005324
1102 0.0000005319
1103 0.0000005314
1104 0.0000005309
1105 0.0000005304
1106 0.0000005299
1107 0.0000005294
1108 0.0000005289
1109 0.0000005284
1110 0.0000005280
1111 0.0000005275
1112 0.0000005270
1113 0.0000005265
1114 0.0000005260
1115 0.0000005255
1116 0.0000005251
1117 0.0000005246
1118 0.0000005241
1119 0.0000005236
1120 0.0000005232
1121 0.0000005227
1122 0.0000005222
1123 0.0000005217
1124 0.0000005213
1125 0.0000005208
1126 0.0000005203
1127 0.0000005198
1128 0.0000005194
1129 0.0000005189
1130 0.0000005184
1131 0.0000005180
1132 0.0000005175
1133 0.0000005170
1134 0.0000005166
1135 0.0000005161
1136 0.0000005157
1137 0.0000005152
1138 0.0000005147
1139 0.0000005143
1140 0.0000005138
1141 0.0000005133
1142 0.0000005129
1143 0.0000005124
1144 0.0000005120
1145 0.0000005115
1146 0.0000005111
1147 0.0000005106
1148 0.0000005102
1149 0.0000005097
1150 0.0000005093
1151 0.0000005088
1152 0.0000005084
1153 0.0000005079
1154 0.0000005075
1155 0.0000005070
1156 0.0000005066
1157 0.0000005061
1158 0.0000005057
1159 0.0000005053
1160 0.0000005048
1161 0.0000005044
1162 0.0000005039
1163 0.0000005035
1164 0.0000005031
1165 0.0000005026
1166 0.0000005022
1167 0.0000005018
1168 0.0000005013
1169 0.0000005009
1170 0.0000005004
1171 0.0000005000
1172 0.0000004996
1173 0.0000004992
1174 0.0000004987
1175 0.0000004983
1176 0.0000004979
1177 0.0000004974
1178 0.0000004970
1179 0.0000004966
1180 0.0000004962
1181 0.0000004957
1182 0.0000004953
1183 0.0000004949
1184 0.0000004944
1185 0.0000004940
1186 0.0000004936
1187 0.0000004932
1188 0.0000004928
1189 0.0000004924
1190 0.0000004919
1191 0.0000004915
1192 0.0000004911
1193 0.0000004907
1194 0.0000004903
1195 0.0000004898
1196 0.0000004894
1197 0.0000004890
1198 0.0000004886
1199 0.0000004882
1200 0.0000004878
