1 2000
0 0.9882288137
1 0.0040528862
2 0.0015910245
3 0.0010533469
4 0.0007330126
5 0.0005458649
6 0.0004252873
7 0.0003410725
8 0.0002793140
9 0.0002325058
10 0.0001961133
11 0.0001672301
12 0.0001439178
13 0.0001248385
14 0.0001090408
15 0.0000958301
16 0.0000846882
17 0.0000752208
18 0.0000671234
19 0.0000601573
20 0.0000541328
21 0.0000488981
22 0.0000443300
23 0.0000403278
24 0.0000368087
25 0.0000337038
26 0.0000309557
27 0.0000285162
28 0.0000263446
29 0.0000244063
30 0.0000226719
31 0.0000211161
32 0.0000197172
33 0.0000184567
34 0.0000173183
35 0.0000162880
36 0.0000153537
37 0.0000145046
38 0.0000137315
39 0.0000130261
40 0.0000123814
41 0.0000117909
42 0.0000112491
43 0.0000107510
44 0.0000102923
45 0.0000098691
46 0.0000094780
47 0.0000091158
48 0.0000087799
49 0.0000084677
50 0.0000081772
51 0.0000079063
52 0.0000076532
53 0.0000074165
54 0.0000071947
55 0.0000069865
56 0.0000067907
57 0.0000066064
58 0.0000064326
59 0.0000062684
60 0.0000061131
61 0.0000059659
62 0.0000058264
63 0.0000056938
64 0.0000055676
65 0.0000054475
66 0.0000053329
67 0.0000052234
68 0.0000051188
69 0.0000050186
70 0.0000049226
71 0.0000048305
72 0.0000047420
73 0.0000046570
74 0.0000045751
75 0.0000044963
76 0.0000044202
77 0.0000043468
78 0.0000042760
79 0.0000042074
80 0.0000041411
81 0.0000040770
82 0.0000040148
83 0.0000039545
84 0.0000038960
85 0.0000038392
86 0.0000037840
87 0.0000037304
88 0.0000036782
89 0.0000036275
90 0.0000035780
91 0.0000035299
92 0.0000034830
93 0.0000034372
94 0.0000033926
95 0.0000033491
96 0.0000033065
97 0.0000032650
98 0.0000032245
99 0.0000031848
100 0.0000031460
101 0.0000031081
102 0.0000030710
103 0.0000030347
104 0.0000029992
105 0.0000029644
106 0.0000029303
107 0.0000028969
108 0.0000028642
109 0.0000028321
110 0.0000028007
111 0.0000027698
112 0.0000027396
113 0.0000027099
114 0.0000026808
115 0.0000026522
116 0.0000026241
117 0.0000025965
118 0.0000025695
119 0.0000025429
120 0.0000025168
121 0.0000024911
122 0.0000024659
123 0.0000024411
124 0.0000024167
125 0.0000023927
126 0.0000023691
127 0.0000023460
128 0.0000023232
129 0.0000023007
130 0.0000022786
131 0.0000022569
132 0.0000022355
133 0.0000022145
134 0.0000021938
135 0.0000021734
136 0.0000021533
137 0.0000021335
138 0.0000021140
139 0.0000020948
140 0.0000020759
141 0.0000020573
142 0.0000020389
143 0.0000020208
144 0.0000020030
145 0.0000019854
146 0.0000019681
147 0.0000019510
148 0.0000019342
149 0.0000019176
150 0.0000019012
151 0.0000018851
152 0.0000018692
153 0.0000018535
154 0.0000018380
155 0.0000018227
156 0.0000018076
157 0.0000017927
158 0.0000017780
159 0.0000017635
160 0.0000017492
161 0.0000017351
162 0.0000017212
163 0.0000017074
164 0.0000016939
165 0.0000016804
166 0.0000016672
167 0.0000016541
168 0.0000016412
169 0.0000016285
170 0.0000016159
171 0.0000016034
172 0.0000015911
173 0.0000015790
174 0.0000015670
175 0.0000015552
176 0.0000015435
177 0.0000015319
178 0.0000015204
179 0.0000015091
180 0.0000014980
181 0.0000014869
182 0.0000014760
183 0.0000014652
184 0.0000014546
185 0.0000014440
186 0.0000014336
187 0.0000014233
188 0.0000014131
189 0.0000014031
190 0.0000013931
191 0.0000013832
192 0.0000013735
193 0.0000013639
194 0.0000013543
195 0.0000013449
196 0.0000013356
197 0.0000013264
198 0.0000013172
199 0.0000013082
200 0.0000012993
201 0.0000012904
202 0.0000012817
203 0.0000012730
204 0.0000012645
205 0.0000012560
206 0.0000012476
207 0.0000012393
208 0.0000012311
209 0.0000012229
210 0.0000012149
211 0.0000012069
212 0.0000011990
213 0.0000011912
214 0.0000011835
215 0.0000011758
216 0.0000011683
217 0.0000011608
218 0.0000011533
219 0.0000011460
220 0.0000011387
221 0.0000011315
222 0.0000011243
223 0.0000011172
224 0.0000011102
225 0.0000011033
226 0.0000010964
227 0.0000010896
228 0.0000010828
229 0.0000010761
230 0.0000010695
231 0.0000010630
232 0.0000010565
233 0.0000010500
234 0.0000010436
235 0.0000010373
236 0.0000010311
237 0.0000010248
238 0.0000010187
239 0.0000010126
240 0.0000010066
241 0.0000010006
242 0.0000009946
243 0.0000009888
244 0.0000009829
245 0.0000009772
246 0.0000009714
247 0.0000009657
248 0.0000009601
249 0.0000009545
250 0.0000009490
251 0.0000009435
252 0.0000009381
253 0.0000009327
254 0.0000009274
255 0.0000009221
256 0.0000009168
257 0.0000009116
258 0.0000009065
259 0.0000009013
260 0.0000008963
261 0.0000008912
262 0.0000008862
263 0.0000008813
264 0.0000008764
265 0.0000008715
266 0.0000008667
267 0.0000008619
268 0.0000008572
269 0.0000008524
270 0.0000008478
271 0.0000008431
272 0.0000008385
273 0.0000008340
274 0.0000008295
275 0.0000008250
276 0.0000008205
277 0.0000008161
278 0.0000008117
279 0.0000008074
280 0.0000008031
281 0.0000007988
282 0.0000007945
283 0.0000007903
284 0.0000007862
285 0.0000007820
286 0.0000007779
287 0.0000007738
288 0.0000007698
289 0.0000007657
290 0.0000007617
291 0.0000007578
292 0.0000007539
293 0.0000007500
294 0.0000007461
295 0.0000007422
296 0.0000007384
297 0.0000007346
298 0.0000007309
299 0.0000007272
300 0.0000007235
301 0.0000007198
302 0.0000007161
303 0.0000007125
304 0.0000007089
305 0.0000007054
306 0.0000007018
307 0.0000006983
308 0.0000006948
309 0.0000006914
310 0.0000006879
311 0.0000006845
312 0.0000006811
313 0.0000006778
314 0.0000006744
315 0.0000006711
316 0.0000006678
317 0.0000006645
318 0.0000006613
319 0.0000006581
320 0.0000006549
321 0.0000006517
322 0.0000006485
323 0.0000006454
324 0.0000006423
325 0.0000006392
326 0.0000006361
327 0.0000006331
328 0.0000006300
329 0.0000006270
330 0.0000006240
331 0.0000006211
332 0.0000006181
333 0.0000006152
334 0.0000006123
335 0.0000006094
336 0.0000006065
337 0.0000006037
338 0.0000006009
339 0.0000005981
340 0.0000005953
341 0.0000005925
342 0.0000005897
343 0.0000005870
344 0.0000005843
345 0.0000005816
346 0.0000005789
347 0.0000005762
348 0.0000005736
349 0.0000005710
350 0.0000005684
351 0.0000005658
352 0.0000005632
353 0.0000005606
354 0.0000005581
355 0.0000005555
356 0.0000005530
357 0.0000005505
358 0.0000005481
359 0.0000005456
360 0.0000005431
361 0.0000005407
362 0.0000005383
363 0.0000005359
364 0.0000005335
365 0.0000005311
366 0.0000005288
367 0.0000005264
368 0.0000005241
369 0.0000005218
370 0.0000005195
371 0.0000005172
372 0.0000005149
373 0.0000005127
374 0.0000005104
375 0.0000005082
376 0.0000005060
377 0.0000005038
378 0.0000005016
379 0.0000004994
380 0.0000004973
381 0.0000004951
382 0.0000004930
383 0.0000004909
384 0.0000004887
385 0.0000004866
386 0.0000004846
387 0.0000004825
388 0.0000004804
389 0.0000004784
390 0.0000004763
391 0.0000004743
392 0.0000004723
393 0.0000004703
394 0.0000004683
395 0.0000004664
396 0.0000004644
397 0.0000004624
398 0.0000004605
399 0.0000004586
400 0.0000004566
401 0.0000004547
402 0.0000004528
403 0.0000004510
404 0.0000004491
405 0.0000004472
406 0.0000004454
407 0.0000004435
408 0.0000004417
409 0.0000004399
410 0.0000004381
411 0.0000004363
412 0.0000004345
413 0.0000004327
414 0.0000004309
415 0.0000004292
416 0.0000004274
417 0.0000004257
418 0.0000004240
419 0.0000004222
420 0.0000004205
421 0.0000004188
422 0.0000004171
423 0.0000004155
424 0.0000004138
425 0.0000004121
426 0.0000004105
427 0.0000004088
428 0.0000004072
429 0.0000004056
430 0.0000004040
431 0.0000004023
432 0.0000004007
433 0.0000003992
434 0.0000003976
435 0.0000003960
436 0.0000003944
437 0.0000003929
438 0.0000003913
439 0.0000003898
440 0.0000003883
441 0.0000003867
442 0.0000003852
443 0.0000003837
444 0.0000003822
445 0.0000003807
446 0.0000003793
447 0.0000003778
448 0.0000003763
449 0.0000003749
450 0.0000003734
451 0.0000003720
452 0.0000003705
453 0.0000003691
454 0.0000003677
455 0.0000003663
456 0.0000003649
457 0.0000003635
458 0.0000003621
459 0.0000003607
460 0.0000003593
461 0.0000003579
462 0.0000003566
463 0.0000003552
464 0.0000003539
465 0.0000003525
466 0.0000003512
467 0.0000003499
468 0.0000003486
469 0.0000003473
470 0.0000003459
471 0.0000003446
472 0.0000003434
473 0.0000003421
474 0.0000003408
475 0.0000003395
476 0.0000003383
477 0.0000003370
478 0.0000003357
479 0.0000003345
480 0.0000003333
481 0.0000003320
482 0.0000003308
483 0.0000003296
484 0.0000003284
485 0.0000003271
486 0.0000003259
487 0.0000003247
488 0.0000003235
489 0.0000003224
490 0.0000003212
491 0.0000003200
492 0.0000003188
493 0.0000003177
494 0.0000003165
495 0.0000003154
496 0.0000003142
497 0.0000003131
498 0.0000003120
499 0.0000003108
500 0.0000003097
501 0.0000003086
502 0.0000003075
503 0.0000003064
504 0.0000003053
505 0.0000003042
506 0.0000003031
507 0.0000003020
508 0.0000003009
509 0.0000002998
510 0.0000002988
511 0.0000002977
512 0.0000002967
513 0.0000002956
514 0.0000002945
515 0.0000002935
516 0.0000002925
517 0.0000002914
518 0.0000002904
519 0.0000002894
520 0.0000002884
521 0.0000002873
522 0.0000002863
523 0.0000002853
524 0.0000002843
525 0.0000002833
526 0.0000002823
527 0.0000002814
528 0.0000002804
529 0.0000002794
530 0.0000002784
531 0.0000002775
532 0.0000002765
533 0.0000002755
534 0.0000002746
535 0.0000002736
536 0.0000002727
537 0.0000002718
538 0.0000002708
539 0.0000002699
540 0.0000002690
541 0.0000002680
542 0.0000002671
543 0.0000002662
544 0.0000002653
545 0.0000002644
546 0.0000002635
547 0.0000002626
548 0.0000002617
549 0.0000002608
550 0.0000002599
551 0.0000002590
552 0.0000002582
553 0.0000002573
554 0.0000002564
555 0.0000002556
556 0.0000002547
557 0.0000002538
558 0.0000002530
559 0.0000002521
560 0.0000002513
561 0.0000002504
562 0.0000002496
563 0.0000002488
564 0.0000002479
565 0.0000002471
566 0.0000002463
567 0.0000002455
568 0.0000002446
569 0.0000002438
570 0.0000002430
571 0.0000002422
572 0.0000002414
573 0.0000002406
574 0.0000002398
575 0.0000002390
576 0.0000002382
577 0.0000002375
578 0.0000002367
579 0.0000002359
580 0.0000002351
581 0.0000002344
582 0.0000002336
583 0.0000002328
584 0.0000002321
585 0.0000002313
586 0.0000002306
587 0.0000002298
588 0.0000002291
589 0.0000002283
590 0.0000002276
591 0.0000002268
592 0.0000002261
593 0.0000002254
594 0.0000002246
595 0.0000002239
596 0.0000002232
597 0.0000002225
598 0.0000002218
599 0.0000002210
600 0.0000002203
601 0.0000002196
602 0.0000002189
603 0.0000002182
604 0.0000002175
605 0.0000002168
606 0.0000002161
607 0.0000002154
608 0.0000002148
609 0.0000002141
610 0.0000002134
611 0.0000002127
612 0.0000002120
613 0.0000002114
614 0.0000002107
615 0.0000002100
616 0.0000002094
617 0.0000002087
618 0.0000002081
619 0.0000002074
620 0.0000002068
621 0.0000002061
622 0.0000002055
623 0.0000002048
624 0.0000002042
625 0.0000002035
626 0.0000002029
627 0.0000002023
628 0.0000002016
629 0.0000002010
630 0.0000002004
631 0.0000001998
632 0.0000001991
633 0.0000001985
634 0.0000001979
635 0.0000001973
636 0.0000001967
637 0.0000001961
638 0.0000001955
639 0.0000001949
640 0.0000001943
641 0.0000001937
642 0.0000001931
643 0.0000001925
644 0.0000001919
645 0.0000001913
646 0.0000001907
647 0.0000001901
648 0.0000001896
649 0.0000001890
650 0.0000001884
651 0.0000001878
652 0.0000001873
653 0.0000001867
654 0.0000001861
655 0.0000001855
656 0.0000001850
657 0.0000001844
658 0.0000001839
659 0.0000001833
660 0.0000001828
661 0.0000001822
662 0.0000001817
663 0.0000001811
664 0.0000001806
665 0.0000001800
666 0.0000001795
667 0.0000001789
668 0.0000001784
669 0.0000001779
670 0.0000001773
671 0.0000001768
672 0.0000001763
673 0.0000001758
674 0.0000001752
675 0.0000001747
676 0.0000001742
677 0.0000001737
678 0.0000001732
679 0.0000001726
680 0.0000001721
681 0.0000001716
682 0.0000001711
683 0.0000001706
684 0.0000001701
685 0.0000001696
686 0.0000001691
687 0.0000001686
688 0.0000001681
689 0.0000001676
690 0.0000001671
691 0.0000001666
692 0.0000001662
693 0.0000001657
694 0.0000001652
695 0.0000001647
696 0.0000001642
697 0.0000001637
698 0.0000001633
699 0.0000001628
700 0.0000001623
701 0.0000001618
702 0.0000001614
703 0.0000001609
704 0.0000001604
705 0.0000001600
706 0.0000001595
707 0.0000001591
708 0.0000001586
709 0.0000001581
710 0.0000001577
711 0.0000001572
712 0.0000001568
713 0.0000001563
714 0.0000001559
715 0.0000001554
716 0.0000001550
717 0.0000001545
718 0.0000001541
719 0.0000001537
720 0.0000001532
721 0.0000001528
722 0.0000001523
723 0.0000001519
724 0.0000001515
725 0.0000001511
726 0.0000001506
727 0.0000001502
728 0.0000001498
729 0.0000001493
730 0.0000001489
731 0.0000001485
732 0.0000001481
733 0.0000001477
734 0.0000001472
735 0.0000001468
736 0.0000001464
737 0.0000001460
738 0.0000001456
739 0.0000001452
740 0.0000001448
741 0.0000001444
742 0.0000001440
743 0.0000001436
744 0.0000001432
745 0.0000001428
746 0.0000001424
747 0.0000001420
748 0.0000001416
749 0.0000001412
750 0.0000001408
751 0.0000001404
752 0.0000001400
753 0.0000001396
754 0.0000001392
755 0.0000001388
756 0.0000001385
757 0.0000001381
758 0.0000001377
759 0.0000001373
760 0.0000001369
761 0.0000001366
762 0.0000001362
763 0.0000001358
764 0.0000001354
765 0.0000001351
766 0.0000001347
767 0.0000001343
768 0.0000001340
769 0.0000001336
770 0.0000001332
771 0.0000001329
772 0.0000001325
773 0.0000001321
774 0.0000001318
775 0.0000001314
776 0.0000001311
777 0.0000001307
778 0.0000001304
779 0.0000001300
780 0.0000001296
781 0.0000001293
782 0.0000001289
783 0.0000001286
784 0.0000001283
785 0.0000001279
786 0.0000001276
787 0.0000001272
788 0.0000001269
789 0.0000001265
790 0.0000001262
791 0.0000001259
792 0.0000001255
793 0.0000001252
794 0.0000001248
795 0.0000001245
796 0.0000001242
797 0.0000001238
798 0.0000001235
799 0.0000001232
800 0.0000001229
801 0.0000001225
802 0.0000001222
803 0.0000001219
804 0.0000001216
805 0.0000001212
806 0.0000001209
807 0.0000001206
808 0.0000001203
809 0.0000001200
810 0.0000001196
811 0.0000001193
812 0.0000001190
813 0.0000001187
814 0.0000001184
815 0.0000001181
816 0.0000001178
817 0.0000001174
818 0.0000001171
819 0.0000001168
820 0.0000001165
821 0.0000001162
822 0.0000001159
823 0.0000001156
824 0.0000001153
825 0.0000001150
826 0.0000001147
827 0.0000001144
828 0.0000001141
829 0.0000001138
830 0.0000001135
831 0.0000001132
832 0.0000001129
833 0.0000001126
834 0.0000001123
835 0.0000001120
836 0.0000001118
837 0.0000001115
838 0.0000001112
839 0.0000001109
840 0.0000001106
841 0.0000001103
842 0.0000001100
843 0.0000001098
844 0.0000001095
845 0.0000001092
846 0.0000001089
847 0.0000001086
848 0.0000001084
849 0.0000001081
850 0.0000001078
851 0.0000001075
852 0.0000001072
853 0.0000001070
854 0.0000001067
855 0.0000001064
856 0.0000001062
857 0.0000001059
858 0.0000001056
859 0.0000001053
860 0.0000001051
861 0.0000001048
862 0.0000001045
863 0.0000001043
864 0.0000001040
865 0.0000001038
866 0.0000001035
867 0.0000001032
868 0.0000001030
869 0.0000001027
870 0.0000001024
871 0.0000001022
872 0.0000001019
873 0.0000001017
874 0.0000001014
875 0.0000001012
876 0.0000001009
877 0.0000001007
878 0.0000001004
879 0.0000001002
880 0.0000000999
881 0.0000000997
882 0.0000000994
883 0.0000000992
884 0.0000000989
885 0.0000000987
886 0.0000000984
887 0.0000000982
888 0.0000000979
889 0.0000000977
890 0.0000000974
891 0.0000000972
892 0.0000000970
893 0.0000000967
894 0.0000000965
895 0.0000000962
896 0.0000000960
897 0.0000000958
898 0.0000000955
899 0.0000000953
900 0.0000000951
901 0.0000000948
902 0.0000000946
903 0.0000000944
904 0.0000000941
905 0.0000000939
906 0.0000000937
907 0.0000000934
908 0.0000000932
909 0.0000000930
910 0.0000000927
911 0.0000000925
912 0.0000000923
913 0.0000000921
914 0.0000000918
915 0.0000000916
916 0.0000000914
917 0.0000000912
918 0.0000000909
919 0.0000000907
920 0.0000000905
921 0.0000000903
922 0.0000000901
923 0.0000000898
924 0.0000000896
925 0.0000000894
926 0.0000000892
927 0.0000000890
928 0.0000000888
929 0.0000000885
930 0.0000000883
931 0.0000000881
932 0.0000000879
933 0.0000000877
934 0.0000000875
935 0.0000000873
936 0.0000000871
937 0.0000000869
938 0.0000000867
939 0.0000000864
940 0.0000000862
941 0.0000000860
942 0.0000000858
943 0.0000000856
944 0.0000000854
945 0.0000000852
946 0.0000000850
947 0.0000000848
948 0.0000000846
949 0.0000000844
950 0.0000000842
951 0.0000000840
952 0.0000000838
953 0.0000000836
954 0.0000000834
955 0.0000000832
956 0.0000000830
957 0.0000000828
958 0.0000000826
959 0.0000000824
960 0.0000000822
961 0.0000000820
962 0.0000000818
963 0.0000000816
964 0.0000000815
965 0.0000000813
966 0.0000000811
967 0.0000000809
968 0.0000000807
969 0.0000000805
970 0.0000000803
971 0.0000000801
972 0.0000000799
973 0.0000000797
974 0.0000000796
975 0.0000000794
976 0.0000000792
977 0.0000000790
978 0.0000000788
979 0.0000000786
980 0.0000000785
981 0.0000000783
982 0.0000000781
983 0.0000000779
984 0.0000000777
985 0.0000000775
986 0.0000000774
987 0.0000000772
988 0.0000000770
989 0.0000000768
990 0.0000000766
991 0.0000000765
992 0.0000000763
993 0.0000000761
994 0.0000000759
995 0.0000000758
996 0.0000000756
997 0.0000000754
998 0.0000000752
999 0.0000000751
1000 0.0000000749
1001 0.0000000747
1002 0.0000000746
1003 0.0000000744
1004 0.0000000742
1005 0.0000000740
1006 0.0000000739
1007 0.0000000737
1008 0.0000000735
1009 0.0000000734
1010 0.0000000732
1011 0.0000000730
1012 0.0000000729
1013 0.0000000727
1014 0.0000000725
1015 0.0000000724
1016 0.0000000722
1017 0.0000000720
1018 0.0000000719
1019 0.0000000717
1020 0.0000000716
1021 0.0000000714
1022 0.0000000712
1023 0.0000000711
1024 0.0000000709
1025 0.0000000707
1026 0.0000000706
1027 0.0000000704
1028 0.0000000703
1029 0.0000000701
1030 0.0000000700
1031 0.0000000698
1032 0.0000000696
1033 0.0000000695
1034 0.0000000693
1035 0.0000000692
1036 0.0000000690
1037 0.0000000689
1038 0.0000000687
1039 0.0000000686
1040 0.0000000684
1041 0.0000000682
1042 0.0000000681
1043 0.0000000679
1044 0.0000000678
1045 0.0000000676
1046 0.0000000675
1047 0.0000000673
1048 0.0000000672
1049 0.0000000670
1050 0.0000000669
1051 0.0000000667
1052 0.0000000666
1053 0.0000000664
1054 0.0000000663
1055 0.0000000662
1056 0.0000000660
1057 0.0000000659
1058 0.0000000657
1059 0.0000000656
1060 0.0000000654
1061 0.0000000653
1062 0.0000000651
1063 0.0000000650
1064 0.0000000648
1065 0.0000000647
1066 0.0000000646
1067 0.0000000644
1068 0.0000000643
1069 0.0000000641
1070 0.0000000640
1071 0.0000000639
1072 0.0000000637
1073 0.0000000636
1074 0.0000000634
1075 0.0000000633
1076 0.0000000632
1077 0.0000000630
1078 0.0000000629
1079 0.0000000627
1080 0.0000000626
1081 0.0000000625
1082 0.0000000623
1083 0.0000000622
1084 0.0000000621
1085 0.0000000619
1086 0.0000000618
1087 0.0000000617
1088 0.0000000615
1089 0.0000000614
1090 0.0000000613
1091 0.0000000611
1092 0.0000000610
1093 0.0000000609
1094 0.0000000607
1095 0.0000000606
1096 0.0000000605
1097 0.0000000603
1098 0.0000000602
1099 0.0000000601
1100 0.0000000600
1101 0.0000000598
1102 0.0000000597
1103 0.0000000596
1104 0.0000000594
1105 0.0000000593
1106 0.0000000592
1107 0.0000000591
1108 0.0000000589
1109 0.0000000588
1110 0.0000000587
1111 0.0000000586
1112 0.0000000584
1113 0.0000000583
1114 0.0000000582
1115 0.0000000581
1116 0.0000000579
1117 0.0000000578
1118 0.0000000577
1119 0.0000000576
1120 0.0000000574
1121 0.0000000573
1122 0.0000000572
1123 0.0000000571
1124 0.0000000570
1125 0.0000000568
1126 0.0000000567
1127 0.0000000566
1128 0.0000000565
1129 0.0000000564
1130 0.0000000562
1131 0.0000000561
1132 0.0000000560
1133 0.0000000559
1134 0.0000000558
1135 0.0000000556
1136 0.0000000555
1137 0.0000000554
1138 0.0000000553
1139 0.0000000552
1140 0.0000000551
1141 0.0000000549
1142 0.0000000548
1143 0.0000000547
1144 0.0000000546
1145 0.0000000545
1146 0.0000000544
1147 0.0000000543
1148 0.0000000541
1149 0.0000000540
1150 0.0000000539
1151 0.0000000538
1152 0.0000000537
1153 0.0000000536
1154 0.0000000535
1155 0.0000000534
1156 0.0000000533
1157 0.0000000531
1158 0.0000000530
1159 0.0000000529
1160 0.0000000528
1161 0.0000000527
1162 0.0000000526
1163 0.0000000525
1164 0.0000000524
1165 0.0000000523
1166 0.0000000522
1167 0.0000000521
1168 0.0000000519
1169 0.0000000518
1170 0.0000000517
1171 0.0000000516
1172 0.0000000515
1173 0.0000000514
1174 0.0000000513
1175 0.0000000512
1176 0.0000000511
1177 0.0000000510
1178 0.0000000509
1179 0.0000000508
1180 0.0000000507
1181 0.0000000506
1182 0.0000000505
1183 0.0000000504
1184 0.0000000503
1185 0.0000000502
1186 0.0000000501
1187 0.0000000500
1188 0.0000000499
1189 0.0000000498
1190 0.0000000497
1191 0.0000000495
1192 0.0000000494
1193 0.0000000493
1194 0.0000000492
1195 0.0000000491
1196 0.0000000490
1197 0.0000000489
1198 0.0000000488
1199 0.0000000488
1200 0.0000000487
1201 0.0000000486
1202 0.0000000485
1203 0.0000000484
1204 0.0000000483
1205 0.0000000482
1206 0.0000000481
1207 0.0000000480
1208 0.0000000479
1209 0.0000000478
1210 0.0000000477
1211 0.0000000476
1212 0.0000000475
1213 0.0000000474
1214 0.0000000473
1215 0.0000000472
1216 0.0000000471
1217 0.0000000470
1218 0.0000000469
1219 0.0000000468
1220 0.0000000467
1221 0.0000000466
1222 0.0000000465
1223 0.0000000465
1224 0.0000000464
1225 0.0000000463
1226 0.0000000462
1227 0.0000000461
1228 0.0000000460
1229 0.0000000459
1230 0.0000000458
1231 0.0000000457
1232 0.0000000456
1233 0.0000000455
1234 0.0000000454
1235 0.0000000454
1236 0.0000000453
1237 0.0000000452
1238 0.0000000451
1239 0.0000000450
1240 0.0000000449
1241 0.0000000448
1242 0.0000000447
1243 0.0000000446
1244 0.0000000446
1245 0.0000000445
1246 0.0000000444
1247 0.0000000443
1248 0.0000000442
1249 0.0000000441
1250 0.0000000440
1251 0.0000000439
1252 0.0000000439
1253 0.0000000438
1254 0.0000000437
1255 0.0000000436
1256 0.0000000435
1257 0.0000000434
1258 0.0000000433
1259 0.0000000433
1260 0.0000000432
1261 0.0000000431
1262 0.0000000430
1263 0.0000000429
1264 0.0000000428
1265 0.0000000428
1266 0.0000000427
1267 0.0000000426
1268 0.0000000425
1269 0.0000000424
1270 0.0000000423
1271 0.0000000423
1272 0.0000000422
1273 0.0000000421
1274 0.0000000420
1275 0.0000000419
1276 0.0000000419
1277 0.0000000418
1278 0.0000000417
1279 0.0000000416
1280 0.0000000415
1281 0.0000000414
1282 0.0000000414
1283 0.0000000413
1284 0.0000000412
1285 0.0000000411
1286 0.0000000410
1287 0.0000000410
1288 0.0000000409
1289 0.0000000408
1290 0.0000000407
1291 0.0000000407
1292 0.0000000406
1293 0.0000000405
1294 0.0000000404
1295 0.0000000403
1296 0.0000000403
1297 0.0000000402
1298 0.0000000401
1299 0.0000000400
1300 0.0000000400
1301 0.0000000399
1302 0.0000000398
1303 0.0000000397
1304 0.0000000397
1305 0.0000000396
1306 0.0000000395
1307 0.0000000394
1308 0.0000000394
1309 0.0000000393
1310 0.0000000392
1311 0.0000000391
1312 0.0000000391
1313 0.0000000390
1314 0.0000000389
1315 0.0000000388
1316 0.0000000388
1317 0.0000000387
1318 0.0000000386
1319 0.0000000385
1320 0.0000000385
1321 0.0000000384
1322 0.0000000383
1323 0.0000000383
1324 0.0000000382
1325 0.0000000381
1326 0.0000000380
1327 0.0000000380
1328 0.0000000379
1329 0.0000000378
1330 0.0000000378
1331 0.0000000377
1332 0.0000000376
1333 0.0000000375
1334 0.0000000375
1335 0.0000000374
1336 0.0000000373
1337 0.0000000373
1338 0.0000000372
1339 0.0000000371
1340 0.0000000370
1341 0.0000000370
1342 0.0000000369
1343 0.0000000368
1344 0.0000000368
1345 0.0000000367
1346 0.0000000366
1347 0.0000000366
1348 0.0000000365
1349 0.0000000364
1350 0.0000000364
1351 0.0000000363
1352 0.0000000362
1353 0.0000000362
1354 0.0000000361
1355 0.0000000360
1356 0.0000000360
1357 0.0000000359
1358 0.0000000358
1359 0.0000000358
1360 0.0000000357
1361 0.0000000356
1362 0.0000000356
1363 0.0000000355
1364 0.0000000354
1365 0.0000000354
1366 0.0000000353
1367 0.0000000352
1368 0.0000000352
1369 0.0000000351
1370 0.0000000350
1371 0.0000000350
1372 0.0000000349
1373 0.0000000349
1374 0.0000000348
1375 0.0000000347
1376 0.0000000347
1377 0.0000000346
1378 0.0000000345
1379 0.0000000345
1380 0.0000000344
1381 0.0000000343
1382 0.0000000343
1383 0.0000000342
1384 0.0000000342
1385 0.0000000341
1386 0.0000000340
1387 0.0000000340
1388 0.0000000339
1389 0.0000000338
1390 0.0000000338
1391 0.0000000337
1392 0.0000000337
1393 0.0000000336
1394 0.0000000335
1395 0.0000000335
1396 0.0000000334
1397 0.0000000334
1398 0.0000000333
1399 0.0000000332
1400 0.0000000332
1401 0.0000000331
1402 0.0000000331
1403 0.0000000330
1404 0.0000000329
1405 0.0000000329
1406 0.0000000328
1407 0.0000000328
1408 0.0000000327
1409 0.0000000326
1410 0.0000000326
1411 0.0000000325
1412 0.0000000325
1413 0.0000000324
1414 0.0000000324
1415 0.0000000323
1416 0.0000000322
1417 0.0000000322
1418 0.0000000321
1419 0.0000000321
1420 0.0000000320
1421 0.0000000319
1422 0.0000000319
1423 0.0000000318
1424 0.0000000318
1425 0.0000000317
1426 0.0000000317
1427 0.0000000316
1428 0.0000000315
1429 0.0000000315
1430 0.0000000314
1431 0.0000000314
1432 0.0000000313
1433 0.0000000313
1434 0.0000000312
1435 0.0000000312
1436 0.0000000311
1437 0.0000000310
1438 0.0000000310
1439 0.0000000309
1440 0.0000000309
1441 0.0000000308
1442 0.0000000308
1443 0.0000000307
1444 0.0000000307
1445 0.0000000306
1446 0.0000000306
1447 0.0000000305
1448 0.0000000304
1449 0.0000000304
1450 0.0000000303
1451 0.0000000303
1452 0.0000000302
1453 0.0000000302
1454 0.0000000301
1455 0.0000000301
1456 0.0000000300
1457 0.0000000300
1458 0.0000000299
1459 0.0000000299
1460 0.0000000298
1461 0.0000000298
1462 0.0000000297
1463 0.0000000297
1464 0.0000000296
1465 0.0000000296
1466 0.0000000295
1467 0.0000000295
1468 0.0000000294
1469 0.0000000293
1470 0.0000000293
1471 0.0000000292
1472 0.0000000292
1473 0.0000000291
1474 0.0000000291
1475 0.0000000290
1476 0.0000000290
1477 0.0000000289
1478 0.0000000289
1479 0.0000000288
1480 0.0000000288
1481 0.0000000287
1482 0.0000000287
1483 0.0000000286
1484 0.0000000286
1485 0.0000000285
1486 0.0000000285
1487 0.0000000284
1488 0.0000000284
1489 0.0000000283
1490 0.0000000283
1491 0.0000000282
1492 0.0000000282
1493 0.0000000282
1494 0.0000000281
1495 0.0000000281
1496 0.0000000280
1497 0.0000000280
1498 0.0000000279
1499 0.0000000279
1500 0.0000000278
1501 0.0000000278
1502 0.0000000277
1503 0.0000000277
1504 0.0000000276
1505 0.0000000276
1506 0.0000000275
1507 0.0000000275
1508 0.0000000274
1509 0.0000000274
1510 0.0000000273
1511 0.0000000273
1512 0.0000000272
1513 0.0000000272
1514 0.0000000272
1515 0.0000000271
1516 0.0000000271
1517 0.0000000270
1518 0.0000000270
1519 0.0000000269
1520 0.0000000269
1521 0.0000000268
1522 0.0000000268
1523 0.0000000267
1524 0.0000000267
1525 0.0000000267
1526 0.0000000266
1527 0.0000000266
1528 0.0000000265
1529 0.0000000265
1530 0.0000000264
1531 0.0000000264
1532 0.0000000263
1533 0.0000000263
1534 0.0000000262
1535 0.0000000262
1536 0.0000000262
1537 0.0000000261
1538 0.0000000261
1539 0.0000000260
1540 0.0000000260
1541 0.0000000259
1542 0.0000000259
1543 0.0000000259
1544 0.0000000258
1545 0.0000000258
1546 0.0000000257
1547 0.0000000257
1548 0.0000000256
1549 0.0000000256
1550 0.0000000255
1551 0.0000000255
1552 0.0000000255
1553 0.0000000254
1554 0.0000000254
1555 0.0000000253
1556 0.0000000253
1557 0.0000000253
1558 0.0000000252
1559 0.0000000252
1560 0.0000000251
1561 0.0000000251
1562 0.0000000250
1563 0.0000000250
1564 0.0000000250
1565 0.0000000249
1566 0.0000000249
1567 0.0000000248
1568 0.0000000248
1569 0.0000000248
1570 0.0000000247
1571 0.0000000247
1572 0.0000000246
1573 0.0000000246
1574 0.0000000245
1575 0.0000000245
1576 0.0000000245
1577 0.0000000244
1578 0.0000000244
1579 0.0000000243
1580 0.0000000243
1581 0.0000000243
1582 0.0000000242
1583 0.0000000242
1584 0.0000000241
1585 0.0000000241
1586 0.0000000241
1587 0.0000000240
1588 0.0000000240
1589 0.0000000239
1590 0.0000000239
1591 0.0000000239
1592 0.0000000238
1593 0.0000000238
1594 0.0000000238
1595 0.0000000237
1596 0.0000000237
1597 0.0000000236
1598 0.0000000236
1599 0.0000000236
1600 0.0000000235
1601 0.0000000235
1602 0.0000000234
1603 0.0000000234
1604 0.0000000234
1605 0.0000000233
1606 0.0000000233
1607 0.0000000233
1608 0.0000000232
1609 0.0000000232
1610 0.0000000231
1611 0.0000000231
1612 0.0000000231
1613 0.0000000230
1614 0.0000000230
1615 0.0000000229
1616 0.0000000229
1617 0.0000000229
1618 0.0000000228
1619 0.0000000228
1620 0.0000000228
1621 0.0000000227
1622 0.0000000227
1623 0.0000000227
1624 0.0000000226
1625 0.0000000226
1626 0.0000000225
1627 0.0000000225
1628 0.0000000225
1629 0.0000000224
1630 0.0000000224
1631 0.0000000224
1632 0.0000000223
1633 0.0000000223
1634 0.0000000223
1635 0.0000000222
1636 0.0000000222
1637 0.0000000221
1638 0.0000000221
1639 0.0000000221
1640 0.0000000220
1641 0.0000000220
1642 0.0000000220
1643 0.0000000219
1644 0.0000000219
1645 0.0000000219
1646 0.0000000218
1647 0.0000000218
1648 0.0000000218
1649 0.0000000217
1650 0.0000000217
1651 0.0000000217
1652 0.0000000216
1653 0.0000000216
1654 0.0000000216
1655 0.0000000215
1656 0.0000000215
1657 0.0000000214
1658 0.0000000214
1659 0.0000000214
1660 0.0000000213
1661 0.0000000213
1662 0.0000000213
1663 0.0000000212
1664 0.0000000212
1665 0.0000000212
1666 0.0000000211
1667 0.0000000211
1668 0.0000000211
1669 0.0000000210
1670 0.0000000210
1671 0.0000000210
1672 0.0000000209
1673 0.0000000209
1674 0.0000000209
1675 0.0000000208
1676 0.0000000208
1677 0.0000000208
1678 0.0000000207
1679 0.0000000207
1680 0.0000000207
1681 0.0000000206
1682 0.0000000206
1683 0.0000000206
1684 0.0000000205
1685 0.0000000205
1686 0.0000000205
1687 0.0000000205
1688 0.0000000204
1689 0.0000000204
1690 0.0000000204
1691 0.0000000203
1692 0.0000000203
1693 0.0000000203
1694 0.0000000202
1695 0.0000000202
1696 0.0000000202
1697 0.0000000201
1698 0.0000000201
1699 0.0000000201
1700 0.0000000200
1701 0.0000000200
1702 0.0000000200
1703 0.0000000199
1704 0.0000000199
1705 0.0000000199
1706 0.0000000198
1707 0.0000000198
1708 0.0000000198
1709 0.0000000198
1710 0.0000000197
1711 0.0000000197
1712 0.0000000197
1713 0.0000000196
1714 0.0000000196
1715 0.0000000196
1716 0.0000000195
1717 0.0000000195
1718 0.0000000195
1719 0.0000000194
1720 0.0000000194
1721 0.0000000194
1722 0.0000000194
1723 0.0000000193
1724 0.0000000193
1725 0.0000000193
1726 0.0000000192
1727 0.0000000192
1728 0.0000000192
1729 0.0000000191
1730 0.0000000191
1731 0.0000000191
1732 0.0000000191
1733 0.0000000190
1734 0.0000000190
1735 0.0000000190
1736 0.0000000189
1737 0.0000000189
1738 0.0000000189
1739 0.0000000189
1740 0.0000000188
1741 0.0000000188
1742 0.0000000188
1743 0.0000000187
1744 0.0000000187
1745 0.0000000187
1746 0.0000000187
1747 0.0000000186
1748 0.0000000186
1749 0.0000000186
1750 0.0000000185
1751 0.0000000185
1752 0.0000000185
1753 0.0000000185
1754 0.0000000184
1755 0.0000000184
1756 0.0000000184
1757 0.0000000183
1758 0.0000000183
1759 0.0000000183
1760 0.0000000183
1761 0.0000000182
1762 0.0000000182
1763 0.0000000182
1764 0.0000000181
1765 0.0000000181
1766 0.0000000181
1767 0.0000000181
1768 0.0000000180
1769 0.0000000180
1770 0.0000000180
1771 0.0000000179
1772 0.0000000179
1773 0.0000000179
1774 0.0000000179
1775 0.0000000178
1776 0.0000000178
1777 0.0000000178
1778 0.0000000178
1779 0.0000000177
1780 0.0000000177
1781 0.0000000177
1782 0.0000000176
1783 0.0000000176
1784 0.0000000176
1785 0.0000000176
1786 0.0000000175
1787 0.0000000175
1788 0.0000000175
1789 0.0000000175
1790 0.0000000174
1791 0.0000000174
1792 0.0000000174
1793 0.0000000174
1794 0.0000000173
1795 0.0000000173
1796 0.0000000173
1797 0.0000000172
1798 0.0000000172
1799 0.0000000172
1800 0.0000000172
1801 0.0000000171
1802 0.0000000171
1803 0.0000000171
1804 0.0000000171
1805 0.0000000170
1806 0.0000000170
1807 0.0000000170
1808 0.0000000170
1809 0.0000000169
1810 0.0000000169
1811 0.0000000169
1812 0.0000000169
1813 0.0000000168
1814 0.0000000168
1815 0.0000000168
1816 0.0000000168
1817 0.0000000167
1818 0.0000000167
1819 0.0000000167
1820 0.0000000167
1821 0.0000000166
1822 0.0000000166
1823 0.0000000166
1824 0.0000000166
1825 0.0000000165
1826 0.0000000165
1827 0.0000000165
1828 0.0000000165
1829 0.0000000164
1830 0.0000000164
1831 0.0000000164
1832 0.0000000164
1833 0.0000000163
1834 0.0000000163
1835 0.0000000163
1836 0.0000000163
1837 0.0000000162
1838 0.0000000162
1839 0.0000000162
1840 0.0000000162
1841 0.0000000161
1842 0.0000000161
1843 0.0000000161
1844 0.0000000161
1845 0.0000000160
1846 0.0000000160
1847 0.0000000160
1848 0.0000000160
1849 0.0000000159
1850 0.0000000159
1851 0.0000000159
1852 0.0000000159
1853 0.0000000158
1854 0.0000000158
1855 0.0000000158
1856 0.0000000158
1857 0.0000000157
1858 0.0000000157
1859 0.0000000157
1860 0.0000000157
1861 0.0000000156
1862 0.0000000156
1863 0.0000000156
1864 0.0000000156
1865 0.0000000155
1866 0.0000000155
1867 0.0000000155
1868 0.0000000155
1869 0.0000000154
1870 0.0000000154
1871 0.0000000154
1872 0.0000000154
1873 0.0000000154
1874 0.0000000153
1875 0.0000000153
1876 0.0000000153
1877 0.0000000153
1878 0.0000000152
1879 0.0000000152
1880 0.0000000152
1881 0.0000000152
1882 0.0000000151
1883 0.0000000151
1884 0.0000000151
1885 0.0000000151
1886 0.0000000150
1887 0.0000000150
1888 0.0000000150
1889 0.0000000150
1890 0.0000000149
1891 0.0000000149
1892 0.0000000149
1893 0.0000000149
1894 0.0000000149
1895 0.0000000148
1896 0.0000000148
1897 0.0000000148
1898 0.0000000148
1899 0.0000000147
1900 0.0000000147
1901 0.0000000147
1902 0.0000000147
1903 0.0000000146
1904 0.0000000146
1905 0.0000000146
1906 0.0000000146
1907 0.0000000145
1908 0.0000000145
1909 0.0000000145
1910 0.0000000145
1911 0.0000000144
1912 0.0000000144
1913 0.0000000144
1914 0.0000000144
1915 0.0000000143
1916 0.0000000143
1917 0.0000000143
1918 0.0000000143
1919 0.0000000143
1920 0.0000000142
1921 0.0000000142
1922 0.0000000142
1923 0.0000000142
1924 0.0000000141
1925 0.0000000141
1926 0.0000000141
1927 0.0000000141
1928 0.0000000140
1929 0.0000000140
1930 0.0000000140
1931 0.0000000140
1932 0.0000000139
1933 0.0000000139
1934 0.0000000139
1935 0.0000000138
1936 0.0000000138
1937 0.0000000138
1938 0.0000000138
1939 0.0000000137
1940 0.0000000137
1941 0.0000000137
1942 0.0000000137
1943 0.0000000136
1944 0.0000000136
1945 0.0000000136
1946 0.0000000136
1947 0.0000000135
1948 0.0000000135
1949 0.0000000135
1950 0.0000000134
1951 0.0000000134
1952 0.0000000134
1953 0.0000000134
1954 0.0000000133
1955 0.0000000133
1956 0.0000000133
1957 0.0000000132
1958 0.0000000132
1959 0.0000000132
1960 0.0000000131
1961 0.0000000131
1962 0.0000000131
1963 0.0000000130
1964 0.0000000130
1965 0.0000000130
1966 0.0000000129
1967 0.0000000129
1968 0.0000000129
1969 0.0000000128
1970 0.0000000128
1971 0.0000000128
1972 0.0000000127
1973 0.0000000127
1974 0.0000000126
1975 0.0000000126
1976 0.0000000126
1977 0.0000000125
1978 0.0000000125
1979 0.0000000124
1980 0.0000000124
1981 0.0000000123
1982 0.0000000123
1983 0.0000000122
1984 0.0000000122
1985 0.0000000121
1986 0.0000000121
1987 0.0000000120
1988 0.0000000119
1989 0.0000000119
1990 0.0000000118
1991 0.0000000117
1992 0.0000000116
1993 0.0000000116
1994 0.0000000115
1995 0.0000000113
1996 0.0000000112
1997 0.0000000110
1998 0.0000000106
1999 0.0000000094
2000 0.0000000000
