0 558
0 0.9839200591
1 0.0046482702
2 0.0018117592
3 0.0011977346
4 0.0008318048
5 0.0006190983
6 0.0004829279
7 0.0003884090
8 0.0003195235
9 0.0002676450
10 0.0002275666
11 0.0001959546
12 0.0001705892
13 0.0001499423
14 0.0001329306
15 0.0001187660
16 0.0001068627
17 0.0000967772
18 0.0000881684
19 0.0000807705
20 0.0000743736
21 0.0000688104
22 0.0000639462
23 0.0000596717
24 0.0000558974
25 0.0000525495
26 0.0000495671
27 0.0000468993
28 0.0000445032
29 0.0000423431
30 0.0000403884
31 0.0000386133
32 0.0000369958
33 0.0000355171
34 0.0000341608
35 0.0000329130
36 0.0000317617
37 0.0000306963
38 0.0000297077
39 0.0000287879
40 0.0000279301
41 0.0000271280
42 0.0000263763
43 0.0000256703
44 0.0000250058
45 0.0000243790
46 0.0000237868
47 0.0000232260
48 0.0000226943
49 0.0000221891
50 0.0000217084
51 0.0000212504
52 0.0000208133
53 0.0000203956
54 0.0000199960
55 0.0000196132
56 0.0000192460
57 0.0000188935
58 0.0000185547
59 0.0000182287
60 0.0000179147
61 0.0000176122
62 0.0000173203
63 0.0000170385
64 0.0000167662
65 0.0000165029
66 0.0000162482
67 0.0000160015
68 0.0000157626
69 0.0000155309
70 0.0000153062
71 0.0000150882
72 0.0000148764
73 0.0000146707
74 0.0000144708
75 0.0000142763
76 0.0000140872
77 0.0000139030
78 0.0000137238
79 0.0000135491
80 0.0000133790
81 0.0000132131
82 0.0000130513
83 0.0000128935
84 0.0000127396
85 0.0000125892
86 0.0000124425
87 0.0000122991
88 0.0000121591
89 0.0000120222
90 0.0000118884
91 0.0000117575
92 0.0000116295
93 0.0000115043
94 0.0000113818
95 0.0000112619
96 0.0000111444
97 0.0000110294
98 0.0000109168
99 0.0000108064
100 0.0000106983
101 0.0000105923
102 0.0000104884
103 0.0000103865
104 0.0000102866
105 0.0000101886
106 0.0000100924
107 0.0000099981
108 0.0000099054
109 0.0000098145
110 0.0000097253
111 0.0000096376
112 0.0000095516
113 0.0000094670
114 0.0000093839
115 0.0000093023
116 0.0000092221
117 0.0000091433
118 0.0000090658
119 0.0000089896
120 0.0000089146
121 0.0000088409
122 0.0000087685
123 0.0000086972
124 0.0000086270
125 0.0000085580
126 0.0000084900
127 0.0000084232
128 0.0000083573
129 0.0000082926
130 0.0000082288
131 0.0000081659
132 0.0000081040
133 0.0000080431
134 0.0000079831
135 0.0000079239
136 0.0000078656
137 0.0000078082
138 0.0000077516
139 0.0000076958
140 0.0000076409
141 0.0000075867
142 0.0000075332
143 0.0000074805
144 0.0000074286
145 0.0000073773
146 0.0000073268
147 0.0000072769
148 0.0000072278
149 0.0000071792
150 0.0000071314
151 0.0000070841
152 0.0000070375
153 0.0000069915
154 0.0000069461
155 0.0000069013
156 0.0000068570
157 0.0000068133
158 0.0000067702
159 0.0000067276
160 0.0000066855
161 0.0000066440
162 0.0000066030
163 0.0000065625
164 0.0000065224
165 0.0000064829
166 0.0000064438
167 0.0000064052
168 0.0000063671
169 0.0000063294
170 0.0000062922
171 0.0000062554
172 0.0000062190
173 0.0000061830
174 0.0000061475
175 0.0000061124
176 0.0000060776
177 0.0000060433
178 0.0000060093
179 0.0000059757
180 0.0000059425
181 0.0000059097
182 0.0000058772
183 0.0000058451
184 0.0000058133
185 0.0000057819
186 0.0000057508
187 0.0000057200
188 0.0000056896
189 0.0000056595
190 0.0000056297
191 0.0000056002
192 0.0000055710
193 0.0000055421
194 0.0000055135
195 0.0000054853
196 0.0000054573
197 0.0000054296
198 0.0000054021
199 0.0000053750
200 0.0000053481
201 0.0000053215
202 0.0000052951
203 0.0000052690
204 0.0000052432
205 0.0000052176
206 0.0000051923
207 0.0000051672
208 0.0000051423
209 0.0000051177
210 0.0000050933
211 0.0000050692
212 0.0000050452
213 0.0000050216
214 0.0000049981
215 0.0000049748
216 0.0000049518
217 0.0000049290
218 0.0000049063
219 0.0000048839
220 0.0000048617
221 0.0000048397
222 0.0000048179
223 0.0000047963
224 0.0000047749
225 0.0000047536
226 0.0000047326
227 0.0000047117
228 0.0000046911
229 0.0000046706
230 0.0000046502
231 0.0000046301
232 0.0000046101
233 0.0000045903
234 0.0000045707
235 0.0000045513
236 0.0000045320
237 0.0000045128
238 0.0000044939
239 0.0000044750
240 0.0000044564
241 0.0000044379
242 0.0000044195
243 0.0000044013
244 0.0000043833
245 0.0000043654
246 0.0000043476
247 0.0000043300
248 0.0000043126
249 0.0000042952
250 0.0000042780
251 0.0000042610
252 0.0000042441
253 0.0000042273
254 0.0000042106
255 0.0000041941
256 0.0000041777
257 0.0000041615
258 0.0000041453
259 0.0000041293
260 0.0000041134
261 0.0000040977
262 0.0000040820
263 0.0000040665
264 0.0000040511
265 0.0000040358
266 0.0000040206
267 0.0000040055
268 0.0000039906
269 0.0000039757
270 0.0000039610
271 0.0000039464
272 0.0000039318
273 0.0000039174
274 0.0000039031
275 0.0000038889
276 0.0000038748
277 0.0000038608
278 0.0000038469
279 0.0000038331
280 0.0000038194
281 0.0000038058
282 0.0000037923
283 0.0000037789
284 0.0000037656
285 0.0000037524
286 0.0000037392
287 0.0000037262
288 0.0000037133
289 0.0000037004
290 0.0000036876
291 0.0000036750
292 0.0000036624
293 0.0000036499
294 0.0000036374
295 0.0000036251
296 0.0000036128
297 0.0000036007
298 0.0000035886
299 0.0000035766
300 0.0000035646
301 0.0000035528
302 0.0000035410
303 0.0000035293
304 0.0000035177
305 0.0000035061
306 0.0000034947
307 0.0000034833
308 0.0000034720
309 0.0000034607
310 0.0000034496
311 0.0000034385
312 0.0000034274
313 0.0000034165
314 0.0000034056
315 0.0000033948
316 0.0000033840
317 0.0000033733
318 0.0000033627
319 0.0000033521
320 0.0000033417
321 0.0000033312
322 0.0000033209
323 0.0000033106
324 0.0000033004
325 0.0000032902
326 0.0000032801
327 0.0000032701
328 0.0000032601
329 0.0000032502
330 0.0000032403
331 0.0000032305
332 0.0000032208
333 0.0000032111
334 0.0000032015
335 0.0000031919
336 0.0000031824
337 0.0000031729
338 0.0000031635
339 0.0000031542
340 0.0000031449
341 0.0000031357
342 0.0000031265
343 0.0000031174
344 0.0000031083
345 0.0000030993
346 0.0000030903
347 0.0000030814
348 0.0000030725
349 0.0000030637
350 0.0000030550
351 0.0000030463
352 0.0000030376
353 0.0000030290
354 0.0000030204
355 0.0000030119
356 0.0000030034
357 0.0000029950
358 0.0000029866
359 0.0000029783
360 0.0000029700
361 0.0000029618
362 0.0000029536
363 0.0000029454
364 0.0000029373
365 0.0000029293
366 0.0000029213
367 0.0000029133
368 0.0000029054
369 0.0000028975
370 0.0000028896
371 0.0000028818
372 0.0000028741
373 0.0000028664
374 0.0000028587
375 0.0000028511
376 0.0000028435
377 0.0000028359
378 0.0000028284
379 0.0000028209
380 0.0000028135
381 0.0000028061
382 0.0000027988
383 0.0000027914
384 0.0000027842
385 0.0000027769
386 0.0000027697
387 0.0000027625
388 0.0000027554
389 0.0000027483
390 0.0000027413
391 0.0000027342
392 0.0000027273
393 0.0000027203
394 0.0000027134
395 0.0000027065
396 0.0000026997
397 0.0000026929
398 0.0000026861
399 0.0000026793
400 0.0000026726
401 0.0000026660
402 0.0000026593
403 0.0000026527
404 0.0000026461
405 0.0000026396
406 0.0000026331
407 0.0000026266
408 0.0000026201
409 0.0000026137
410 0.0000026073
411 0.0000026010
412 0.0000025947
413 0.0000025884
414 0.0000025821
415 0.0000025759
416 0.0000025697
417 0.0000025635
418 0.0000025574
419 0.0000025512
420 0.0000025452
421 0.0000025391
422 0.0000025331
423 0.0000025271
424 0.0000025211
425 0.0000025152
426 0.0000025092
427 0.0000025034
428 0.0000024975
429 0.0000024917
430 0.0000024859
431 0.0000024801
432 0.0000024743
433 0.0000024686
434 0.0000024629
435 0.0000024572
436 0.0000024516
437 0.0000024460
438 0.0000024404
439 0.0000024348
440 0.0000024292
441 0.0000024237
442 0.0000024182
443 0.0000024128
444 0.0000024073
445 0.0000024019
446 0.0000023965
447 0.0000023911
448 0.0000023858
449 0.0000023804
450 0.0000023751
451 0.0000023699
452 0.0000023646
453 0.0000023594
454 0.0000023542
455 0.0000023490
456 0.0000023438
457 0.0000023387
458 0.0000023336
459 0.0000023285
460 0.0000023234
461 0.0000023183
462 0.0000023133
463 0.0000023083
464 0.0000023033
465 0.0000022983
466 0.0000022934
467 0.0000022885
468 0.0000022836
469 0.0000022787
470 0.0000022738
471 0.0000022690
472 0.0000022642
473 0.0000022594
474 0.0000022546
475 0.0000022498
476 0.0000022451
477 0.0000022404
478 0.0000022357
479 0.0000022310
480 0.0000022263
481 0.0000022217
482 0.0000022171
483 0.0000022125
484 0.0000022079
485 0.0000022033
486 0.0000021988
487 0.0000021942
488 0.0000021897
489 0.0000021852
490 0.0000021808
491 0.0000021763
492 0.0000021719
493 0.0000021674
494 0.0000021630
495 0.0000021587
496 0.0000021543
497 0.0000021500
498 0.0000021456
499 0.0000021413
500 0.0000021370
501 0.0000021327
502 0.0000021285
503 0.0000021242
504 0.0000021200
505 0.0000021158
506 0.0000021116
507 0.0000021074
508 0.0000021032
509 0.0000020991
510 0.0000020950
511 0.0000020908
512 0.0000020867
513 0.0000020827
514 0.0000020786
515 0.0000020745
516 0.0000020705
517 0.0000020665
518 0.0000020625
519 0.0000020585
520 0.0000020545
521 0.0000020506
522 0.0000020466
523 0.0000020427
524 0.0000020388
525 0.0000020349
526 0.0000020310
527 0.0000020271
528 0.0000020233
529 0.0000020194
530 0.0000020156
531 0.0000020118
532 0.0000020080
533 0.0000020042
534 0.0000020004
535 0.0000019967
536 0.0000019929
537 0.0000019892
538 0.0000019855
539 0.0000019818
540 0.0000019781
541 0.0000019744
542 0.0000019708
543 0.0000019671
544 0.0000019635
545 0.0000019599
546 0.0000019563
547 0.0000019527
548 0.0000019491
549 0.0000019455
550 0.0000019420
551 0.0000019384
552 0.0000019349
553 0.0000019314
554 0.0000019279
555 0.0000019244
556 0.0000019209
557 0.0000019174
558 0.0000019140
