1 900
0 0.9849327975
1 0.0036826080
2 0.0015318465
3 0.0010597558
4 0.0007749662
5 0.0006063445
6 0.0004958824
7 0.0004172573
8 0.0003583811
9 0.0003127301
10 0.0002763582
11 0.0002467317
12 0.0002221573
13 0.0002014637
14 0.0001838151
15 0.0001685995
16 0.0001553580
17 0.0001437396
18 0.0001334718
19 0.0001243393
20 0.0001161701
21 0.0001088249
22 0.0001021901
23 0.0000961715
24 0.0000906910
25 0.0000856830
26 0.0000810920
27 0.0000768706
28 0.0000729785
29 0.0000693807
30 0.0000660473
31 0.0000629518
32 0.0000600714
33 0.0000573859
34 0.0000548777
35 0.0000525309
36 0.0000503318
37 0.0000482678
38 0.0000463278
39 0.0000445020
40 0.0000427815
41 0.0000411581
42 0.0000396245
43 0.0000381743
44 0.0000368015
45 0.0000355005
46 0.0000342666
47 0.0000330950
48 0.0000319817
49 0.0000309230
50 0.0000299152
51 0.0000289553
52 0.0000280402
53 0.0000271672
54 0.0000263339
55 0.0000255379
56 0.0000247770
57 0.0000240492
58 0.0000233526
59 0.0000226857
60 0.0000220466
61 0.0000214340
62 0.0000208464
63 0.0000202825
64 0.0000197411
65 0.0000192210
66 0.0000187212
67 0.0000182407
68 0.0000177784
69 0.0000173336
70 0.0000169054
71 0.0000164930
72 0.0000160957
73 0.0000157127
74 0.0000153434
75 0.0000149873
76 0.0000146436
77 0.0000143118
78 0.0000139915
79 0.0000136821
80 0.0000133832
81 0.0000130942
82 0.0000128149
83 0.0000125447
84 0.0000122834
85 0.0000120304
86 0.0000117856
87 0.0000115486
88 0.0000113190
89 0.0000110966
90 0.0000108810
91 0.0000106721
92 0.0000104695
93 0.0000102731
94 0.0000100825
95 0.0000098976
96 0.0000097181
97 0.0000095439
98 0.0000093748
99 0.0000092105
100 0.0000090509
101 0.0000088958
102 0.0000087451
103 0.0000085986
104 0.0000084562
105 0.0000083177
106 0.0000081829
107 0.0000080519
108 0.0000079243
109 0.0000078001
110 0.0000076793
111 0.0000075616
112 0.0000074470
113 0.0000073353
114 0.0000072266
115 0.0000071206
116 0.0000070173
117 0.0000069166
118 0.0000068184
119 0.0000067227
120 0.0000066293
121 0.0000065382
122 0.0000064493
123 0.0000063626
124 0.0000062780
125 0.0000061953
126 0.0000061146
127 0.0000060358
128 0.0000059589
129 0.0000058837
130 0.0000058103
131 0.0000057385
132 0.0000056684
133 0.0000055998
134 0.0000055328
135 0.0000054673
136 0.0000054032
137 0.0000053405
138 0.0000052792
139 0.0000052192
140 0.0000051605
141 0.0000051030
142 0.0000050467
143 0.0000049917
144 0.0000049378
145 0.0000048850
146 0.0000048332
147 0.0000047826
148 0.0000047330
149 0.0000046843
150 0.0000046367
151 0.0000045900
152 0.0000045442
153 0.0000044993
154 0.0000044553
155 0.0000044121
156 0.0000043698
157 0.0000043283
158 0.0000042875
159 0.0000042476
160 0.0000042083
161 0.0000041698
162 0.0000041320
163 0.0000040949
164 0.0000040585
165 0.0000040227
166 0.0000039876
167 0.0000039531
168 0.0000039192
169 0.0000038859
170 0.0000038532
171 0.0000038210
172 0.0000037894
173 0.0000037584
174 0.0000037278
175 0.0000036978
176 0.0000036683
177 0.0000036393
178 0.0000036107
179 0.0000035826
180 0.0000035550
181 0.0000035278
182 0.0000035011
183 0.0000034747
184 0.0000034488
185 0.0000034233
186 0.0000033982
187 0.0000033735
188 0.0000033492
189 0.0000033252
190 0.0000033016
191 0.0000032783
192 0.0000032554
193 0.0000032329
194 0.0000032106
195 0.0000031887
196 0.0000031672
197 0.0000031459
198 0.0000031249
199 0.0000031042
200 0.0000030839
201 0.0000030638
202 0.0000030439
203 0.0000030244
204 0.0000030051
205 0.0000029861
206 0.0000029674
207 0.0000029489
208 0.0000029306
209 0.0000029126
210 0.0000028948
211 0.0000028773
212 0.0000028600
213 0.0000028429
214 0.0000028260
215 0.0000028094
216 0.0000027929
217 0.0000027767
218 0.0000027607
219 0.0000027448
220 0.0000027292
221 0.0000027137
222 0.0000026985
223 0.0000026834
224 0.0000026685
225 0.0000026538
226 0.0000026392
227 0.0000026248
228 0.0000026106
229 0.0000025966
230 0.0000025827
231 0.0000025690
232 0.0000025554
233 0.0000025420
234 0.0000025287
235 0.0000025156
236 0.0000025027
237 0.0000024898
238 0.0000024771
239 0.0000024646
240 0.0000024522
241 0.0000024399
242 0.0000024277
243 0.0000024157
244 0.0000024038
245 0.0000023921
246 0.0000023804
247 0.0000023689
248 0.0000023575
249 0.0000023462
250 0.0000023350
251 0.0000023239
252 0.0000023130
253 0.0000023021
254 0.0000022914
255 0.0000022807
256 0.0000022702
257 0.0000022598
258 0.0000022495
259 0.0000022392
260 0.0000022291
261 0.0000022191
262 0.0000022091
263 0.0000021993
264 0.0000021895
265 0.0000021799
266 0.0000021703
267 0.0000021608
268 0.0000021514
269 0.0000021421
270 0.0000021328
271 0.0000021237
272 0.0000021146
273 0.0000021056
274 0.0000020967
275 0.0000020879
276 0.0000020791
277 0.0000020704
278 0.0000020618
279 0.0000020533
280 0.0000020449
281 0.0000020365
282 0.0000020281
283 0.0000020199
284 0.0000020117
285 0.0000020036
286 0.0000019956
287 0.0000019876
288 0.0000019797
289 0.0000019718
290 0.0000019640
291 0.0000019563
292 0.0000019487
293 0.0000019411
294 0.0000019335
295 0.0000019260
296 0.0000019186
297 0.0000019113
298 0.0000019040
299 0.0000018967
300 0.0000018895
301 0.0000018824
302 0.0000018753
303 0.0000018683
304 0.0000018613
305 0.0000018544
306 0.0000018475
307 0.0000018407
308 0.0000018339
309 0.0000018272
310 0.0000018205
311 0.0000018139
312 0.0000018073
313 0.0000018008
314 0.0000017943
315 0.0000017879
316 0.0000017815
317 0.0000017751
318 0.0000017688
319 0.0000017626
320 0.0000017564
321 0.0000017502
322 0.0000017441
323 0.0000017380
324 0.0000017319
325 0.0000017259
326 0.0000017200
327 0.0000017141
328 0.0000017082
329 0.0000017024
330 0.0000016966
331 0.0000016908
332 0.0000016851
333 0.0000016794
334 0.0000016738
335 0.0000016682
336 0.0000016626
337 0.0000016570
338 0.0000016516
339 0.0000016461
340 0.0000016407
341 0.0000016353
342 0.0000016299
343 0.0000016246
344 0.0000016193
345 0.0000016140
346 0.0000016088
347 0.0000016036
348 0.0000015985
349 0.0000015934
350 0.0000015883
351 0.0000015832
352 0.0000015782
353 0.0000015732
354 0.0000015682
355 0.0000015633
356 0.0000015584
357 0.0000015535
358 0.0000015486
359 0.0000015438
360 0.0000015390
361 0.0000015343
362 0.0000015295
363 0.0000015248
364 0.0000015201
365 0.0000015155
366 0.0000015109
367 0.0000015063
368 0.0000015017
369 0.0000014972
370 0.0000014927
371 0.0000014882
372 0.0000014837
373 0.0000014793
374 0.0000014749
375 0.0000014705
376 0.0000014661
377 0.0000014618
378 0.0000014575
379 0.0000014532
380 0.0000014489
381 0.0000014447
382 0.0000014405
383 0.0000014363
384 0.0000014321
385 0.0000014280
386 0.0000014238
387 0.0000014197
388 0.0000014157
389 0.0000014116
390 0.0000014076
391 0.0000014036
392 0.0000013996
393 0.0000013956
394 0.0000013917
395 0.0000013877
396 0.0000013838
397 0.0000013799
398 0.0000013761
399 0.0000013722
400 0.0000013684
401 0.0000013646
402 0.0000013608
403 0.0000013571
404 0.0000013533
405 0.0000013496
406 0.0000013459
407 0.0000013422
408 0.0000013386
409 0.0000013349
410 0.0000013313
411 0.0000013277
412 0.0000013241
413 0.0000013205
414 0.0000013170
415 0.0000013135
416 0.0000013099
417 0.0000013064
418 0.0000013030
419 0.0000012995
420 0.0000012960
421 0.0000012926
422 0.0000012892
423 0.0000012858
424 0.0000012824
425 0.0000012791
426 0.0000012757
427 0.0000012724
428 0.0000012691
429 0.0000012658
430 0.0000012625
431 0.0000012593
432 0.0000012560
433 0.0000012528
434 0.0000012496
435 0.0000012464
436 0.0000012432
437 0.0000012400
438 0.0000012369
439 0.0000012337
440 0.0000012306
441 0.0000012275
442 0.0000012244
443 0.0000012213
444 0.0000012183
445 0.0000012152
446 0.0000012122
447 0.0000012091
448 0.0000012061
449 0.0000012031
450 0.0000012002
451 0.0000011972
452 0.0000011943
453 0.0000011913
454 0.0000011884
455 0.0000011855
456 0.0000011826
457 0.0000011797
458 0.0000011768
459 0.0000011740
460 0.0000011711
461 0.0000011683
462 0.0000011655
463 0.0000011627
464 0.0000011599
465 0.0000011571
466 0.0000011543
467 0.0000011516
468 0.0000011488
469 0.0000011461
470 0.0000011434
471 0.0000011407
472 0.0000011380
473 0.0000011353
474 0.0000011326
475 0.0000011300
476 0.0000011273
477 0.0000011247
478 0.0000011221
479 0.0000011194
480 0.0000011168
481 0.0000011143
482 0.0000011117
483 0.0000011091
484 0.0000011066
485 0.0000011040
486 0.0000011015
487 0.0000010989
488 0.0000010964
489 0.0000010939
490 0.0000010914
491 0.0000010890
492 0.0000010865
493 0.0000010840
494 0.0000010816
495 0.0000010791
496 0.0000010767
497 0.0000010743
498 0.0000010719
499 0.0000010695
500 0.0000010671
501 0.0000010647
502 0.0000010624
503 0.0000010600
504 0.0000010577
505 0.0000010553
506 0.0000010530
507 0.0000010507
508 0.0000010484
509 0.0000010461
510 0.0000010438
511 0.0000010415
512 0.0000010392
513 0.0000010369
514 0.0000010347
515 0.0000010324
516 0.0000010302
517 0.0000010280
518 0.0000010258
519 0.0000010236
520 0.0000010214
521 0.0000010192
522 0.0000010170
523 0.0000010148
524 0.0000010126
525 0.0000010105
526 0.0000010083
527 0.0000010062
528 0.0000010041
529 0.0000010020
530 0.0000009998
531 0.0000009977
532 0.0000009956
533 0.0000009935
534 0.0000009915
535 0.0000009894
536 0.0000009873
537 0.0000009853
538 0.0000009832
539 0.0000009812
540 0.0000009792
541 0.0000009771
542 0.0000009751
543 0.0000009731
544 0.0000009711
545 0.0000009691
546 0.0000009671
547 0.0000009651
548 0.0000009632
549 0.0000009612
550 0.0000009592
551 0.0000009573
552 0.0000009554
553 0.0000009534
554 0.0000009515
555 0.0000009496
556 0.0000009477
557 0.0000009458
558 0.0000009439
559 0.0000009420
560 0.0000009401
561 0.0000009382
562 0.0000009363
563 0.0000009345
564 0.0000009326
565 0.0000009308
566 0.0000009289
567 0.0000009271
568 0.0000009253
569 0.0000009234
570 0.0000009216
571 0.0000009198
572 0.0000009180
573 0.0000009162
574 0.0000009144
575 0.0000009126
576 0.0000009109
577 0.0000009091
578 0.0000009073
579 0.0000009056
580 0.0000009038
581 0.0000009021
582 0.0000009003
583 0.0000008986
584 0.0000008969
585 0.0000008952
586 0.0000008935
587 0.0000008918
588 0.0000008900
589 0.0000008884
590 0.0000008867
591 0.0000008850
592 0.0000008833
593 0.0000008816
594 0.0000008800
595 0.0000008783
596 0.0000008767
597 0.0000008750
598 0.0000008734
599 0.0000008717
600 0.0000008701
601 0.0000008685
602 0.0000008668
603 0.0000008652
604 0.0000008636
605 0.0000008620
606 0.0000008604
607 0.0000008588
608 0.0000008572
609 0.0000008557
610 0.0000008541
611 0.0000008525
612 0.0000008509
613 0.0000008494
614 0.0000008478
615 0.0000008463
616 0.0000008447
617 0.0000008432
618 0.0000008417
619 0.0000008401
620 0.0000008386
621 0.0000008371
622 0.0000008356
623 0.0000008341
624 0.0000008326
625 0.0000008311
626 0.0000008296
627 0.0000008281
628 0.0000008266
629 0.0000008251
630 0.0000008237
631 0.0000008222
632 0.0000008207
633 0.0000008193
634 0.0000008178
635 0.0000008164
636 0.0000008149
637 0.0000008135
638 0.0000008120
639 0.0000008106
640 0.0000008092
641 0.0000008078
642 0.0000008063
643 0.0000008049
644 0.0000008035
645 0.0000008021
646 0.0000008007
647 0.0000007993
648 0.0000007979
649 0.0000007965
650 0.0000007952
651 0.0000007938
652 0.0000007924
653 0.0000007910
654 0.0000007897
655 0.0000007883
656 0.0000007870
657 0.0000007856
658 0.0000007843
659 0.0000007829
660 0.0000007816
661 0.0000007803
662 0.0000007789
663 0.0000007776
664 0.0000007763
665 0.0000007750
666 0.0000007736
667 0.0000007723
668 0.0000007710
669 0.0000007697
670 0.0000007684
671 0.0000007671
672 0.0000007658
673 0.0000007646
674 0.0000007633
675 0.0000007620
676 0.0000007607
677 0.0000007595
678 0.0000007582
679 0.0000007569
680 0.0000007557
681 0.0000007544
682 0.0000007532
683 0.0000007519
684 0.0000007507
685 0.0000007494
686 0.0000007482
687 0.0000007470
688 0.0000007457
689 0.0000007445
690 0.0000007433
691 0.0000007421
692 0.0000007408
693 0.0000007396
694 0.0000007384
695 0.0000007372
696 0.0000007360
697 0.0000007348
698 0.0000007336
699 0.0000007324
700 0.0000007313
701 0.0000007301
702 0.0000007289
703 0.0000007277
704 0.0000007266
705 0.0000007254
706 0.0000007242
707 0.0000007231
708 0.0000007219
709 0.0000007207
710 0.0000007196
711 0.0000007184
712 0.0000007173
713 0.0000007161
714 0.0000007150
715 0.0000007139
716 0.0000007127
717 0.0000007116
718 0.0000007105
719 0.0000007094
720 0.0000007082
721 0.0000007071
722 0.0000007060
723 0.0000007049
724 0.0000007038
725 0.0000007027
726 0.0000007016
727 0.0000007005
728 0.0000006994
729 0.0000006983
730 0.0000006972
731 0.0000006961
732 0.0000006950
733 0.0000006939
734 0.0000006929
735 0.0000006918
736 0.0000006907
737 0.0000006897
738 0.0000006886
739 0.0000006875
740 0.0000006865
741 0.0000006854
742 0.0000006843
743 0.0000006833
744 0.0000006822
745 0.0000006812
746 0.0000006802
747 0.0000006791
748 0.0000006781
749 0.0000006770
750 0.0000006760
751 0.0000006750
752 0.0000006739
753 0.0000006729
754 0.0000006719
755 0.0000006709
756 0.0000006699
757 0.0000006688
758 0.0000006678
759 0.0000006668
760 0.0000006658
761 0.0000006648
762 0.0000006638
763 0.0000006628
764 0.0000006618
765 0.0000006608
766 0.0000006598
767 0.0000006588
768 0.0000006578
769 0.0000006569
770 0.0000006559
771 0.0000006549
772 0.0000006539
773 0.0000006529
774 0.0000006520
775 0.0000006510
776 0.0000006500
777 0.0000006491
778 0.0000006481
779 0.0000006471
780 0.0000006462
781 0.0000006452
782 0.0000006443
783 0.0000006433
784 0.0000006424
785 0.0000006414
786 0.0000006405
787 0.0000006395
788 0.0000006386
789 0.0000006377
790 0.0000006367
791 0.0000006358
792 0.0000006349
793 0.0000006339
794 0.0000006330
795 0.0000006321
796 0.0000006311
797 0.0000006302
798 0.0000006293
799 0.0000006284
800 0.0000006275
801 0.0000006266
802 0.0000006256
803 0.0000006247
804 0.0000006238
805 0.0000006229
806 0.0000006220
807 0.0000006211
808 0.0000006202
809 0.0000006193
810 0.0000006184
811 0.0000006175
812 0.0000006166
813 0.0000006157
814 0.0000006148
815 0.0000006139
816 0.0000006131
817 0.0000006122
818 0.0000006113
819 0.0000006104
820 0.0000006095
821 0.0000006086
822 0.0000006078
823 0.0000006069
824 0.0000006060
825 0.0000006051
826 0.0000006043
827 0.0000006034
828 0.0000006025
829 0.0000006017
830 0.0000006008
831 0.0000005999
832 0.0000005991
833 0.0000005982
834 0.0000005973
835 0.0000005965
836 0.0000005956
837 0.0000005948
838 0.0000005939
839 0.0000005930
840 0.0000005922
841 0.0000005913
842 0.0000005905
843 0.0000005896
844 0.0000005888
845 0.0000005879
846 0.0000005871
847 0.0000005862
848 0.0000005854
849 0.0000005845
850 0.0000005837
851 0.0000005828
852 0.0000005820
853 0.0000005811
854 0.0000005803
855 0.0000005794
856 0.0000005786
857 0.0000005777
858 0.0000005769
859 0.0000005760
860 0.0000005752
861 0.0000005743
862 0.0000005734
863 0.0000005726
864 0.0000005717
865 0.0000005709
866 0.0000005700
867 0.0000005691
868 0.0000005682
869 0.0000005674
870 0.0000005665
871 0.0000005656
872 0.0000005647
873 0.0000005638
874 0.0000005629
875 0.0000005620
876 0.0000005610
877 0.0000005601
878 0.0000005591
879 0.0000005582
880 0.0000005572
881 0.0000005562
882 0.0000005551
883 0.0000005541
884 0.0000005530
885 0.0000005518
886 0.0000005506
887 0.0000005493
888 0.0000005480
889 0.0000005465
890 0.0000005449
891 0.0000005432
892 0.0000005411
893 0.0000005388
894 0.0000005358
895 0.0000005320
896 0.0000005267
897 0.0000005186
898 0.0000005025
899 0.0000004478
900 0.0000000000
