0 614
0 0.9848033732
1 0.0046605330
2 0.0017652929
3 0.0011441824
4 0.0007772838
5 0.0005666152
6 0.0004337023
7 0.0003428533
8 0.0002776931
9 0.0002294258
10 0.0001927611
11 0.0001643268
12 0.0001418898
13 0.0001239229
14 0.0001093518
15 0.0000974016
16 0.0000875021
17 0.0000792261
18 0.0000722486
19 0.0000663195
20 0.0000612439
21 0.0000568683
22 0.0000530710
23 0.0000497546
24 0.0000468405
25 0.0000442648
26 0.0000419756
27 0.0000399299
28 0.0000380926
29 0.0000364342
30 0.0000349303
31 0.0000335604
32 0.0000323072
33 0.0000311563
34 0.0000300953
35 0.0000291135
36 0.0000282021
37 0.0000273533
38 0.0000265604
39 0.0000258177
40 0.0000251202
41 0.0000244635
42 0.0000238439
43 0.0000232580
44 0.0000227028
45 0.0000221758
46 0.0000216747
47 0.0000211975
48 0.0000207423
49 0.0000203074
50 0.0000198915
51 0.0000194932
52 0.0000191113
53 0.0000187448
54 0.0000183926
55 0.0000180539
56 0.0000177279
57 0.0000174138
58 0.0000171110
59 0.0000168187
60 0.0000165365
61 0.0000162638
62 0.0000160002
63 0.0000157450
64 0.0000154980
65 0.0000152588
66 0.0000150269
67 0.0000148020
68 0.0000145838
69 0.0000143720
70 0.0000141663
71 0.0000139665
72 0.0000137722
73 0.0000135833
74 0.0000133995
75 0.0000132207
76 0.0000130466
77 0.0000128770
78 0.0000127118
79 0.0000125508
80 0.0000123939
81 0.0000122408
82 0.0000120914
83 0.0000119457
84 0.0000118034
85 0.0000116645
86 0.0000115289
87 0.0000113963
88 0.0000112668
89 0.0000111402
90 0.0000110163
91 0.0000108953
92 0.0000107768
93 0.0000106609
94 0.0000105475
95 0.0000104365
96 0.0000103277
97 0.0000102212
98 0.0000101169
99 0.0000100147
100 0.0000099146
101 0.0000098164
102 0.0000097201
103 0.0000096257
104 0.0000095332
105 0.0000094424
106 0.0000093533
107 0.0000092658
108 0.0000091800
109 0.0000090958
110 0.0000090131
111 0.0000089319
112 0.0000088521
113 0.0000087738
114 0.0000086968
115 0.0000086212
116 0.0000085468
117 0.0000084738
118 0.0000084020
119 0.0000083313
120 0.0000082619
121 0.0000081936
122 0.0000081264
123 0.0000080604
124 0.0000079954
125 0.0000079314
126 0.0000078684
127 0.0000078065
128 0.0000077455
129 0.0000076854
130 0.0000076263
131 0.0000075681
132 0.0000075107
133 0.0000074542
134 0.0000073986
135 0.0000073438
136 0.0000072898
137 0.0000072366
138 0.0000071841
139 0.0000071324
140 0.0000070815
141 0.0000070312
142 0.0000069817
143 0.0000069329
144 0.0000068847
145 0.0000068372
146 0.0000067904
147 0.0000067442
148 0.0000066986
149 0.0000066536
150 0.0000066093
151 0.0000065655
152 0.0000065223
153 0.0000064797
154 0.0000064376
155 0.0000063960
156 0.0000063550
157 0.0000063145
158 0.0000062746
159 0.0000062351
160 0.0000061961
161 0.0000061576
162 0.0000061196
163 0.0000060820
164 0.0000060450
165 0.0000060083
166 0.0000059721
167 0.0000059363
168 0.0000059010
169 0.0000058661
170 0.0000058316
171 0.0000057974
172 0.0000057637
173 0.0000057304
174 0.0000056975
175 0.0000056649
176 0.0000056327
177 0.0000056009
178 0.0000055694
179 0.0000055383
180 0.0000055075
181 0.0000054771
182 0.0000054470
183 0.0000054172
184 0.0000053877
185 0.0000053586
186 0.0000053298
187 0.0000053013
188 0.0000052731
189 0.0000052452
190 0.0000052176
191 0.0000051902
192 0.0000051632
193 0.0000051364
194 0.0000051099
195 0.0000050837
196 0.0000050578
197 0.0000050321
198 0.0000050067
199 0.0000049815
200 0.0000049566
201 0.0000049319
202 0.0000049075
203 0.0000048833
204 0.0000048594
205 0.0000048357
206 0.0000048122
207 0.0000047889
208 0.0000047659
209 0.0000047431
210 0.0000047205
211 0.0000046981
212 0.0000046760
213 0.0000046540
214 0.0000046322
215 0.0000046107
216 0.0000045893
217 0.0000045682
218 0.0000045472
219 0.0000045264
220 0.0000045059
221 0.0000044855
222 0.0000044653
223 0.0000044452
224 0.0000044254
225 0.0000044057
226 0.0000043862
227 0.0000043669
228 0.0000043477
229 0.0000043287
230 0.0000043099
231 0.0000042912
232 0.0000042727
233 0.0000042544
234 0.0000042362
235 0.0000042181
236 0.0000042003
237 0.0000041825
238 0.0000041650
239 0.0000041475
240 0.0000041302
241 0.0000041131
242 0.0000040961
243 0.0000040792
244 0.0000040625
245 0.0000040459
246 0.0000040295
247 0.0000040131
248 0.0000039969
249 0.0000039809
250 0.0000039650
251 0.0000039492
252 0.0000039335
253 0.0000039179
254 0.0000039025
255 0.0000038872
256 0.0000038720
257 0.0000038569
258 0.0000038420
259 0.0000038271
260 0.0000038124
261 0.0000037978
262 0.0000037833
263 0.0000037689
264 0.0000037546
265 0.0000037404
266 0.0000037264
267 0.0000037124
268 0.0000036985
269 0.0000036848
270 0.0000036711
271 0.0000036576
272 0.0000036441
273 0.0000036308
274 0.0000036175
275 0.0000036043
276 0.0000035913
277 0.0000035783
278 0.0000035654
279 0.0000035526
280 0.0000035399
281 0.0000035273
282 0.0000035148
283 0.0000035024
284 0.0000034901
285 0.0000034778
286 0.0000034656
287 0.0000034536
288 0.0000034416
289 0.0000034296
290 0.0000034178
291 0.0000034061
292 0.0000033944
293 0.0000033828
294 0.0000033713
295 0.0000033598
296 0.0000033485
297 0.0000033372
298 0.0000033260
299 0.0000033149
300 0.0000033038
301 0.0000032928
302 0.0000032819
303 0.0000032711
304 0.0000032603
305 0.0000032496
306 0.0000032390
307 0.0000032284
308 0.0000032179
309 0.0000032075
310 0.0000031972
311 0.0000031869
312 0.0000031767
313 0.0000031665
314 0.0000031564
315 0.0000031464
316 0.0000031364
317 0.0000031265
318 0.0000031167
319 0.0000031069
320 0.0000030972
321 0.0000030875
322 0.0000030779
323 0.0000030684
324 0.0000030589
325 0.0000030495
326 0.0000030401
327 0.0000030308
328 0.0000030216
329 0.0000030124
330 0.0000030033
331 0.0000029942
332 0.0000029852
333 0.0000029762
334 0.0000029673
335 0.0000029584
336 0.0000029496
337 0.0000029408
338 0.0000029321
339 0.0000029235
340 0.0000029149
341 0.0000029063
342 0.0000028978
343 0.0000028894
344 0.0000028809
345 0.0000028726
346 0.0000028643
347 0.0000028560
348 0.0000028478
349 0.0000028396
350 0.0000028315
351 0.0000028234
352 0.0000028154
353 0.0000028074
354 0.0000027995
355 0.0000027916
356 0.0000027838
357 0.0000027759
358 0.0000027682
359 0.0000027605
360 0.0000027528
361 0.0000027452
362 0.0000027376
363 0.0000027300
364 0.0000027225
365 0.0000027150
366 0.0000027076
367 0.0000027002
368 0.0000026929
369 0.0000026856
370 0.0000026783
371 0.0000026711
372 0.0000026639
373 0.0000026568
374 0.0000026496
375 0.0000026426
376 0.0000026355
377 0.0000026285
378 0.0000026216
379 0.0000026147
380 0.0000026078
381 0.0000026009
382 0.0000025941
383 0.0000025873
384 0.0000025806
385 0.0000025739
386 0.0000025672
387 0.0000025605
388 0.0000025539
389 0.0000025474
390 0.0000025408
391 0.0000025343
392 0.0000025279
393 0.0000025214
394 0.0000025150
395 0.0000025086
396 0.0000025023
397 0.0000024960
398 0.0000024897
399 0.0000024835
400 0.0000024772
401 0.0000024711
402 0.0000024649
403 0.0000024588
404 0.0000024527
405 0.0000024466
406 0.0000024406
407 0.0000024346
408 0.0000024286
409 0.0000024227
410 0.0000024167
411 0.0000024109
412 0.0000024050
413 0.0000023992
414 0.0000023934
415 0.0000023876
416 0.0000023818
417 0.0000023761
418 0.0000023704
419 0.0000023648
420 0.0000023591
421 0.0000023535
422 0.0000023479
423 0.0000023424
424 0.0000023368
425 0.0000023313
426 0.0000023259
427 0.0000023204
428 0.0000023150
429 0.0000023096
430 0.0000023042
431 0.0000022988
432 0.0000022935
433 0.0000022882
434 0.0000022829
435 0.0000022777
436 0.0000022724
437 0.0000022672
438 0.0000022620
439 0.0000022569
440 0.0000022517
441 0.0000022466
442 0.0000022415
443 0.0000022365
444 0.0000022314
445 0.0000022264
446 0.0000022214
447 0.0000022164
448 0.0000022115
449 0.0000022065
450 0.0000022016
451 0.0000021967
452 0.0000021919
453 0.0000021870
454 0.0000021822
455 0.0000021774
456 0.0000021726
457 0.0000021678
458 0.0000021631
459 0.0000021584
460 0.0000021537
461 0.0000021490
462 0.0000021443
463 0.0000021397
464 0.0000021351
465 0.0000021305
466 0.0000021259
467 0.0000021213
468 0.0000021168
469 0.0000021123
470 0.0000021078
471 0.0000021033
472 0.0000020988
473 0.0000020944
474 0.0000020900
475 0.0000020855
476 0.0000020812
477 0.0000020768
478 0.0000020724
479 0.0000020681
480 0.0000020638
481 0.0000020595
482 0.0000020552
483 0.0000020509
484 0.0000020467
485 0.0000020425
486 0.0000020382
487 0.0000020340
488 0.0000020299
489 0.0000020257
490 0.0000020216
491 0.0000020174
492 0.0000020133
493 0.0000020092
494 0.0000020052
495 0.0000020011
496 0.0000019971
497 0.0000019930
498 0.0000019890
499 0.0000019850
500 0.0000019810
501 0.0000019771
502 0.0000019731
503 0.0000019692
504 0.0000019653
505 0.0000019614
506 0.0000019575
507 0.0000019536
508 0.0000019498
509 0.0000019459
510 0.0000019421
511 0.0000019383
512 0.0000019345
513 0.0000019307
514 0.0000019270
515 0.0000019232
516 0.0000019195
517 0.0000019157
518 0.0000019120
519 0.0000019083
520 0.0000019047
521 0.0000019010
522 0.0000018973
523 0.0000018937
524 0.0000018901
525 0.0000018865
526 0.0000018829
527 0.0000018793
528 0.0000018757
529 0.0000018722
530 0.0000018686
531 0.0000018651
532 0.0000018616
533 0.0000018581
534 0.0000018546
535 0.0000018511
536 0.0000018476
537 0.0000018442
538 0.0000018408
539 0.0000018373
540 0.0000018339
541 0.0000018305
542 0.0000018271
543 0.0000018238
544 0.0000018204
545 0.0000018170
546 0.0000018137
547 0.0000018104
548 0.0000018071
549 0.0000018038
550 0.0000018005
551 0.0000017972
552 0.0000017939
553 0.0000017907
554 0.0000017874
555 0.0000017842
556 0.0000017810
557 0.0000017778
558 0.0000017746
559 0.0000017714
560 0.0000017682
561 0.0000017650
562 0.0000017619
563 0.0000017587
564 0.0000017556
565 0.0000017525
566 0.0000017494
567 0.0000017463
568 0.0000017432
569 0.0000017401
570 0.0000017371
571 0.0000017340
572 0.0000017310
573 0.0000017279
574 0.0000017249
575 0.0000017219
576 0.0000017189
577 0.0000017159
578 0.0000017129
579 0.0000017100
580 0.0000017070
581 0.0000017040
582 0.0000017011
583 0.0000016982
584 0.0000016953
585 0.0000016923
586 0.0000016894
587 0.0000016866
588 0.0000016837
589 0.0000016808
590 0.0000016779
591 0.0000016751
592 0.0000016722
593 0.0000016694
594 0.0000016666
595 0.0000016638
596 0.0000016610
597 0.0000016582
598 0.0000016554
599 0.0000016526
600 0.0000016498
601 0.0000016471
602 0.0000016443
603 0.0000016416
604 0.0000016389
605 0.0000016361
606 0.0000016334
607 0.0000016307
608 0.0000016280
609 0.0000016253
610 0.0000016227
611 0.0000016200
612 0.0000016173
613 0.0000016147
614 0.0000016120
