1 818
0 0.9742306140
1 0.0060990392
2 0.0025386801
3 0.0017586811
4 0.0012871252
5 0.0010077498
6 0.0008246476
7 0.0006942285
8 0.0005964948
9 0.0005206613
10 0.0004602014
11 0.0004109235
12 0.0003700250
13 0.0003355668
14 0.0003061652
15 0.0002808062
16 0.0002587292
17 0.0002393529
18 0.0002222249
19 0.0002069882
20 0.0001933572
21 0.0001811006
22 0.0001700295
23 0.0001599876
24 0.0001508447
25 0.0001424917
26 0.0001348360
27 0.0001277990
28 0.0001213132
29 0.0001153204
30 0.0001097704
31 0.0001046192
32 0.0000998286
33 0.0000953650
34 0.0000911985
35 0.0000873030
36 0.0000836551
37 0.0000802340
38 0.0000770211
39 0.0000739997
40 0.0000711549
41 0.0000684731
42 0.0000659422
43 0.0000635510
44 0.0000612895
45 0.0000591485
46 0.0000571198
47 0.0000551957
48 0.0000533693
49 0.0000516341
50 0.0000499843
51 0.0000484144
52 0.0000469195
53 0.0000454951
54 0.0000441368
55 0.0000428407
56 0.0000416033
57 0.0000404210
58 0.0000392908
59 0.0000382097
60 0.0000371751
61 0.0000361844
62 0.0000352352
63 0.0000343253
64 0.0000334527
65 0.0000326154
66 0.0000318116
67 0.0000310396
68 0.0000302979
69 0.0000295848
70 0.0000288991
71 0.0000282393
72 0.0000276043
73 0.0000269929
74 0.0000264040
75 0.0000258364
76 0.0000252893
77 0.0000247617
78 0.0000242527
79 0.0000237615
80 0.0000232873
81 0.0000228293
82 0.0000223869
83 0.0000219594
84 0.0000215461
85 0.0000211464
86 0.0000207598
87 0.0000203858
88 0.0000200237
89 0.0000196731
90 0.0000193336
91 0.0000190047
92 0.0000186859
93 0.0000183769
94 0.0000180773
95 0.0000177867
96 0.0000175048
97 0.0000172312
98 0.0000169656
99 0.0000167078
100 0.0000164573
101 0.0000162140
102 0.0000159776
103 0.0000157478
104 0.0000155244
105 0.0000153071
106 0.0000150958
107 0.0000148901
108 0.0000146900
109 0.0000144952
110 0.0000143055
111 0.0000141208
112 0.0000139408
113 0.0000137655
114 0.0000135946
115 0.0000134280
116 0.0000132656
117 0.0000131072
118 0.0000129526
119 0.0000128019
120 0.0000126547
121 0.0000125111
122 0.0000123709
123 0.0000122340
124 0.0000121002
125 0.0000119695
126 0.0000118418
127 0.0000117170
128 0.0000115950
129 0.0000114757
130 0.0000113591
131 0.0000112450
132 0.0000111333
133 0.0000110241
134 0.0000109171
135 0.0000108124
136 0.0000107099
137 0.0000106096
138 0.0000105113
139 0.0000104149
140 0.0000103206
141 0.0000102281
142 0.0000101374
143 0.0000100485
144 0.0000099613
145 0.0000098758
146 0.0000097920
147 0.0000097097
148 0.0000096290
149 0.0000095497
150 0.0000094720
151 0.0000093956
152 0.0000093206
153 0.0000092470
154 0.0000091747
155 0.0000091036
156 0.0000090338
157 0.0000089652
158 0.0000088978
159 0.0000088315
160 0.0000087663
161 0.0000087022
162 0.0000086392
163 0.0000085772
164 0.0000085162
165 0.0000084562
166 0.0000083971
167 0.0000083390
168 0.0000082818
169 0.0000082255
170 0.0000081700
171 0.0000081154
172 0.0000080616
173 0.0000080087
174 0.0000079565
175 0.0000079051
176 0.0000078544
177 0.0000078045
178 0.0000077553
179 0.0000077068
180 0.0000076590
181 0.0000076118
182 0.0000075653
183 0.0000075194
184 0.0000074742
185 0.0000074296
186 0.0000073856
187 0.0000073421
188 0.0000072993
189 0.0000072570
190 0.0000072152
191 0.0000071740
192 0.0000071334
193 0.0000070932
194 0.0000070535
195 0.0000070144
196 0.0000069757
197 0.0000069375
198 0.0000068998
199 0.0000068625
200 0.0000068257
201 0.0000067893
202 0.0000067533
203 0.0000067178
204 0.0000066826
205 0.0000066479
206 0.0000066136
207 0.0000065797
208 0.0000065461
209 0.0000065129
210 0.0000064801
211 0.0000064477
212 0.0000064156
213 0.0000063839
214 0.0000063525
215 0.0000063215
216 0.0000062907
217 0.0000062604
218 0.0000062303
219 0.0000062005
220 0.0000061711
221 0.0000061419
222 0.0000061131
223 0.0000060845
224 0.0000060562
225 0.0000060283
226 0.0000060006
227 0.0000059731
228 0.0000059460
229 0.0000059191
230 0.0000058924
231 0.0000058661
232 0.0000058399
233 0.0000058141
234 0.0000057885
235 0.0000057630
236 0.0000057379
237 0.0000057130
238 0.0000056883
239 0.0000056638
240 0.0000056396
241 0.0000056156
242 0.0000055918
243 0.0000055682
244 0.0000055448
245 0.0000055216
246 0.0000054987
247 0.0000054759
248 0.0000054534
249 0.0000054310
250 0.0000054088
251 0.0000053868
252 0.0000053650
253 0.0000053434
254 0.0000053220
255 0.0000053007
256 0.0000052797
257 0.0000052588
258 0.0000052380
259 0.0000052175
260 0.0000051971
261 0.0000051769
262 0.0000051568
263 0.0000051369
264 0.0000051172
265 0.0000050976
266 0.0000050782
267 0.0000050589
268 0.0000050398
269 0.0000050208
270 0.0000050020
271 0.0000049833
272 0.0000049648
273 0.0000049464
274 0.0000049281
275 0.0000049100
276 0.0000048920
277 0.0000048742
278 0.0000048565
279 0.0000048389
280 0.0000048215
281 0.0000048041
282 0.0000047870
283 0.0000047699
284 0.0000047530
285 0.0000047361
286 0.0000047194
287 0.0000047029
288 0.0000046864
289 0.0000046701
290 0.0000046539
291 0.0000046378
292 0.0000046218
293 0.0000046059
294 0.0000045901
295 0.0000045744
296 0.0000045589
297 0.0000045435
298 0.0000045281
299 0.0000045129
300 0.0000044978
301 0.0000044827
302 0.0000044678
303 0.0000044530
304 0.0000044383
305 0.0000044236
306 0.0000044091
307 0.0000043947
308 0.0000043803
309 0.0000043661
310 0.0000043520
311 0.0000043379
312 0.0000043239
313 0.0000043101
314 0.0000042963
315 0.0000042826
316 0.0000042690
317 0.0000042555
318 0.0000042420
319 0.0000042287
320 0.0000042154
321 0.0000042023
322 0.0000041891
323 0.0000041761
324 0.0000041632
325 0.0000041504
326 0.0000041376
327 0.0000041249
328 0.0000041123
329 0.0000040997
330 0.0000040873
331 0.0000040749
332 0.0000040626
333 0.0000040504
334 0.0000040382
335 0.0000040261
336 0.0000040141
337 0.0000040021
338 0.0000039903
339 0.0000039785
340 0.0000039667
341 0.0000039551
342 0.0000039435
343 0.0000039320
344 0.0000039205
345 0.0000039091
346 0.0000038978
347 0.0000038865
348 0.0000038754
349 0.0000038642
350 0.0000038532
351 0.0000038421
352 0.0000038312
353 0.0000038203
354 0.0000038095
355 0.0000037988
356 0.0000037881
357 0.0000037775
358 0.0000037669
359 0.0000037564
360 0.0000037459
361 0.0000037355
362 0.0000037252
363 0.0000037149
364 0.0000037047
365 0.0000036945
366 0.0000036844
367 0.0000036743
368 0.0000036643
369 0.0000036544
370 0.0000036445
371 0.0000036346
372 0.0000036249
373 0.0000036151
374 0.0000036054
375 0.0000035958
376 0.0000035862
377 0.0000035767
378 0.0000035672
379 0.0000035578
380 0.0000035484
381 0.0000035391
382 0.0000035298
383 0.0000035206
384 0.0000035114
385 0.0000035023
386 0.0000034932
387 0.0000034841
388 0.0000034751
389 0.0000034662
390 0.0000034573
391 0.0000034484
392 0.0000034396
393 0.0000034308
394 0.0000034221
395 0.0000034134
396 0.0000034048
397 0.0000033962
398 0.0000033877
399 0.0000033792
400 0.0000033707
401 0.0000033623
402 0.0000033539
403 0.0000033456
404 0.0000033373
405 0.0000033290
406 0.0000033208
407 0.0000033126
408 0.0000033045
409 0.0000032964
410 0.0000032883
411 0.0000032803
412 0.0000032723
413 0.0000032644
414 0.0000032565
415 0.0000032487
416 0.0000032408
417 0.0000032330
418 0.0000032253
419 0.0000032176
420 0.0000032099
421 0.0000032023
422 0.0000031947
423 0.0000031871
424 0.0000031796
425 0.0000031721
426 0.0000031646
427 0.0000031572
428 0.0000031498
429 0.0000031424
430 0.0000031351
431 0.0000031278
432 0.0000031206
433 0.0000031133
434 0.0000031061
435 0.0000030990
436 0.0000030919
437 0.0000030848
438 0.0000030777
439 0.0000030707
440 0.0000030637
441 0.0000030567
442 0.0000030498
443 0.0000030429
444 0.0000030360
445 0.0000030292
446 0.0000030224
447 0.0000030156
448 0.0000030089
449 0.0000030022
450 0.0000029955
451 0.0000029888
452 0.0000029822
453 0.0000029756
454 0.0000029690
455 0.0000029625
456 0.0000029560
457 0.0000029495
458 0.0000029430
459 0.0000029366
460 0.0000029302
461 0.0000029238
462 0.0000029175
463 0.0000029112
464 0.0000029049
465 0.0000028986
466 0.0000028924
467 0.0000028862
468 0.0000028800
469 0.0000028738
470 0.0000028677
471 0.0000028616
472 0.0000028555
473 0.0000028495
474 0.0000028434
475 0.0000028374
476 0.0000028315
477 0.0000028255
478 0.0000028196
479 0.0000028137
480 0.0000028078
481 0.0000028019
482 0.0000027961
483 0.0000027903
484 0.0000027845
485 0.0000027788
486 0.0000027730
487 0.0000027673
488 0.0000027616
489 0.0000027560
490 0.0000027503
491 0.0000027447
492 0.0000027391
493 0.0000027335
494 0.0000027280
495 0.0000027225
496 0.0000027169
497 0.0000027115
498 0.0000027060
499 0.0000027006
500 0.0000026951
501 0.0000026897
502 0.0000026844
503 0.0000026790
504 0.0000026737
505 0.0000026684
506 0.0000026631
507 0.0000026578
508 0.0000026525
509 0.0000026473
510 0.0000026421
511 0.0000026369
512 0.0000026318
513 0.0000026266
514 0.0000026215
515 0.0000026164
516 0.0000026113
517 0.0000026062
518 0.0000026011
519 0.0000025961
520 0.0000025911
521 0.0000025861
522 0.0000025811
523 0.0000025762
524 0.0000025712
525 0.0000025663
526 0.0000025614
527 0.0000025565
528 0.0000025517
529 0.0000025468
530 0.0000025420
531 0.0000025372
532 0.0000025324
533 0.0000025276
534 0.0000025229
535 0.0000025182
536 0.0000025134
537 0.0000025087
538 0.0000025040
539 0.0000024994
540 0.0000024947
541 0.0000024901
542 0.0000024855
543 0.0000024809
544 0.0000024763
545 0.0000024717
546 0.0000024672
547 0.0000024626
548 0.0000024581
549 0.0000024536
550 0.0000024491
551 0.0000024447
552 0.0000024402
553 0.0000024358
554 0.0000024314
555 0.0000024270
556 0.0000024226
557 0.0000024182
558 0.0000024138
559 0.0000024095
560 0.0000024052
561 0.0000024009
562 0.0000023966
563 0.0000023923
564 0.0000023880
565 0.0000023838
566 0.0000023795
567 0.0000023753
568 0.0000023711
569 0.0000023669
570 0.0000023627
571 0.0000023586
572 0.0000023544
573 0.0000023503
574 0.0000023462
575 0.0000023420
576 0.0000023380
577 0.0000023339
578 0.0000023298
579 0.0000023258
580 0.0000023217
581 0.0000023177
582 0.0000023137
583 0.0000023097
584 0.0000023057
585 0.0000023017
586 0.0000022978
587 0.0000022938
588 0.0000022899
589 0.0000022860
590 0.0000022821
591 0.0000022782
592 0.0000022743
593 0.0000022704
594 0.0000022666
595 0.0000022628
596 0.0000022589
597 0.0000022551
598 0.0000022513
599 0.0000022475
600 0.0000022437
601 0.0000022400
602 0.0000022362
603 0.0000022325
604 0.0000022288
605 0.0000022250
606 0.0000022213
607 0.0000022176
608 0.0000022140
609 0.0000022103
610 0.0000022066
611 0.0000022030
612 0.0000021994
613 0.0000021957
614 0.0000021921
615 0.0000021885
616 0.0000021849
617 0.0000021814
618 0.0000021778
619 0.0000021742
620 0.0000021707
621 0.0000021672
622 0.0000021636
623 0.0000021601
624 0.0000021566
625 0.0000021531
626 0.0000021497
627 0.0000021462
628 0.0000021427
629 0.0000021393
630 0.0000021358
631 0.0000021324
632 0.0000021290
633 0.0000021256
634 0.0000021222
635 0.0000021188
636 0.0000021155
637 0.0000021121
638 0.0000021087
639 0.0000021054
640 0.0000021021
641 0.0000020987
642 0.0000020954
643 0.0000020921
644 0.0000020888
645 0.0000020855
646 0.0000020823
647 0.0000020790
648 0.0000020757
649 0.0000020725
650 0.0000020693
651 0.0000020660
652 0.0000020628
653 0.0000020596
654 0.0000020564
655 0.0000020532
656 0.0000020500
657 0.0000020469
658 0.0000020437
659 0.0000020405
660 0.0000020374
661 0.0000020343
662 0.0000020311
663 0.0000020280
664 0.0000020249
665 0.0000020218
666 0.0000020187
667 0.0000020156
668 0.0000020126
669 0.0000020095
670 0.0000020064
671 0.0000020034
672 0.0000020003
673 0.0000019973
674 0.0000019943
675 0.0000019913
676 0.0000019883
677 0.0000019853
678 0.0000019823
679 0.0000019793
680 0.0000019763
681 0.0000019733
682 0.0000019704
683 0.0000019674
684 0.0000019645
685 0.0000019616
686 0.0000019586
687 0.0000019557
688 0.0000019528
689 0.0000019499
690 0.0000019470
691 0.0000019441
692 0.0000019412
693 0.0000019383
694 0.0000019355
695 0.0000019326
696 0.0000019297
697 0.0000019269
698 0.0000019241
699 0.0000019212
700 0.0000019184
701 0.0000019156
702 0.0000019128
703 0.0000019100
704 0.0000019072
705 0.0000019044
706 0.0000019016
707 0.0000018988
708 0.0000018960
709 0.0000018933
710 0.0000018905
711 0.0000018877
712 0.0000018850
713 0.0000018823
714 0.0000018795
715 0.0000018768
716 0.0000018741
717 0.0000018713
718 0.0000018686
719 0.0000018659
720 0.0000018632
721 0.0000018605
722 0.0000018579
723 0.0000018552
724 0.0000018525
725 0.0000018498
726 0.0000018472
727 0.0000018445
728 0.0000018418
729 0.0000018392
730 0.0000018366
731 0.0000018339
732 0.0000018313
733 0.0000018287
734 0.0000018260
735 0.0000018234
736 0.0000018208
737 0.0000018182
738 0.0000018156
739 0.0000018130
740 0.0000018104
741 0.0000018078
742 0.0000018052
743 0.0000018026
744 0.0000018001
745 0.0000017975
746 0.0000017949
747 0.0000017923
748 0.0000017898
749 0.0000017872
750 0.0000017847
751 0.0000017821
752 0.0000017796
753 0.0000017770
754 0.0000017745
755 0.0000017719
756 0.0000017694
757 0.0000017669
758 0.0000017643
759 0.0000017618
760 0.0000017593
761 0.0000017567
762 0.0000017542
763 0.0000017517
764 0.0000017492
765 0.0000017466
766 0.0000017441
767 0.0000017416
768 0.0000017391
769 0.0000017366
770 0.0000017340
771 0.0000017315
772 0.0000017290
773 0.0000017265
774 0.0000017239
775 0.0000017214
776 0.0000017189
777 0.0000017163
778 0.0000017138
779 0.0000017112
780 0.0000017087
781 0.0000017061
782 0.0000017036
783 0.0000017010
784 0.0000016984
785 0.0000016958
786 0.0000016932
787 0.0000016906
788 0.0000016880
789 0.0000016853
790 0.0000016826
791 0.0000016799
792 0.0000016772
793 0.0000016745
794 0.0000016717
795 0.0000016689
796 0.0000016660
797 0.0000016631
798 0.0000016602
799 0.0000016571
800 0.0000016540
801 0.0000016509
802 0.0000016476
803 0.0000016441
804 0.0000016405
805 0.0000016367
806 0.0000016327
807 0.0000016284
808 0.0000016236
809 0.0000016183
810 0.0000016123
811 0.0000016051
812 0.0000015964
813 0.0000015850
814 0.0000015691
815 0.0000015452
816 0.0000014971
817 0.0000013343
818 0.0000000000
