1 348
0 0.9859346904
1 0.0055547553
2 0.0017476450
3 0.0010333777
4 0.0006624690
5 0.0004708069
6 0.0003594711
7 0.0002876542
8 0.0002379764
9 0.0002018387
10 0.0001744837
11 0.0001531017
12 0.0001359514
13 0.0001219060
14 0.0001102065
15 0.0001003232
16 0.0000918750
17 0.0000845802
18 0.0000782258
19 0.0000726480
20 0.0000677184
21 0.0000633351
22 0.0000594159
23 0.0000558943
24 0.0000527154
25 0.0000498339
26 0.0000472120
27 0.0000448176
28 0.0000426239
29 0.0000406078
30 0.0000387498
31 0.0000370328
32 0.0000354421
33 0.0000339651
34 0.0000325905
35 0.0000313085
36 0.0000301107
37 0.0000289894
38 0.0000279378
39 0.0000269500
40 0.0000260207
41 0.0000251450
42 0.0000243187
43 0.0000235380
44 0.0000227993
45 0.0000220996
46 0.0000214359
47 0.0000208058
48 0.0000202068
49 0.0000196369
50 0.0000190940
51 0.0000185765
52 0.0000180826
53 0.0000176108
54 0.0000171599
55 0.0000167284
56 0.0000163153
57 0.0000159194
58 0.0000155398
59 0.0000151754
60 0.0000148256
61 0.0000144894
62 0.0000141661
63 0.0000138550
64 0.0000135556
65 0.0000132671
66 0.0000129890
67 0.0000127208
68 0.0000124620
69 0.0000122121
70 0.0000119708
71 0.0000117376
72 0.0000115121
73 0.0000112939
74 0.0000110828
75 0.0000108784
76 0.0000106804
77 0.0000104886
78 0.0000103026
79 0.0000101222
80 0.0000099472
81 0.0000097774
82 0.0000096125
83 0.0000094524
84 0.0000092968
85 0.0000091455
86 0.0000089985
87 0.0000088555
88 0.0000087164
89 0.0000085810
90 0.0000084492
91 0.0000083208
92 0.0000081958
93 0.0000080740
94 0.0000079553
95 0.0000078396
96 0.0000077267
97 0.0000076167
98 0.0000075093
99 0.0000074045
100 0.0000073022
101 0.0000072023
102 0.0000071047
103 0.0000070094
104 0.0000069163
105 0.0000068254
106 0.0000067364
107 0.0000066495
108 0.0000065644
109 0.0000064813
110 0.0000063999
111 0.0000063203
112 0.0000062424
113 0.0000061661
114 0.0000060914
115 0.0000060183
116 0.0000059467
117 0.0000058765
118 0.0000058078
119 0.0000057404
120 0.0000056744
121 0.0000056097
122 0.0000055462
123 0.0000054840
124 0.0000054230
125 0.0000053631
126 0.0000053044
127 0.0000052468
128 0.0000051902
129 0.0000051347
130 0.0000050802
131 0.0000050267
132 0.0000049742
133 0.0000049226
134 0.0000048719
135 0.0000048222
136 0.0000047733
137 0.0000047252
138 0.0000046780
139 0.0000046316
140 0.0000045860
141 0.0000045411
142 0.0000044970
143 0.0000044537
144 0.0000044110
145 0.0000043691
146 0.0000043278
147 0.0000042872
148 0.0000042473
149 0.0000042080
150 0.0000041694
151 0.0000041313
152 0.0000040938
153 0.0000040570
154 0.0000040207
155 0.0000039849
156 0.0000039497
157 0.0000039150
158 0.0000038809
159 0.0000038473
160 0.0000038141
161 0.0000037815
162 0.0000037493
163 0.0000037176
164 0.0000036864
165 0.0000036556
166 0.0000036253
167 0.0000035954
168 0.0000035659
169 0.0000035368
170 0.0000035082
171 0.0000034799
172 0.0000034520
173 0.0000034245
174 0.0000033974
175 0.0000033707
176 0.0000033443
177 0.0000033183
178 0.0000032926
179 0.0000032673
180 0.0000032423
181 0.0000032176
182 0.0000031932
183 0.0000031692
184 0.0000031455
185 0.0000031221
186 0.0000030989
187 0.0000030761
188 0.0000030536
189 0.0000030313
190 0.0000030094
191 0.0000029877
192 0.0000029662
193 0.0000029451
194 0.0000029242
195 0.0000029035
196 0.0000028831
197 0.0000028629
198 0.0000028430
199 0.0000028234
200 0.0000028039
201 0.0000027847
202 0.0000027657
203 0.0000027469
204 0.0000027284
205 0.0000027101
206 0.0000026919
207 0.0000026740
208 0.0000026563
209 0.0000026388
210 0.0000026215
211 0.0000026044
212 0.0000025875
213 0.0000025707
214 0.0000025542
215 0.0000025378
216 0.0000025216
217 0.0000025056
218 0.0000024898
219 0.0000024741
220 0.0000024586
221 0.0000024433
222 0.0000024281
223 0.0000024131
224 0.0000023983
225 0.0000023836
226 0.0000023691
227 0.0000023547
228 0.0000023404
229 0.0000023264
230 0.0000023124
231 0.0000022986
232 0.0000022850
233 0.0000022714
234 0.0000022581
235 0.0000022448
236 0.0000022317
237 0.0000022187
238 0.0000022059
239 0.0000021931
240 0.0000021805
241 0.0000021680
242 0.0000021557
243 0.0000021434
244 0.0000021313
245 0.0000021193
246 0.0000021074
247 0.0000020956
248 0.0000020840
249 0.0000020724
250 0.0000020610
251 0.0000020496
252 0.0000020384
253 0.0000020273
254 0.0000020163
255 0.0000020053
256 0.0000019945
257 0.0000019838
258 0.0000019732
259 0.0000019626
260 0.0000019522
261 0.0000019418
262 0.0000019316
263 0.0000019214
264 0.0000019114
265 0.0000019014
266 0.0000018915
267 0.0000018817
268 0.0000018719
269 0.0000018623
270 0.0000018527
271 0.0000018433
272 0.0000018339
273 0.0000018246
274 0.0000018153
275 0.0000018062
276 0.0000017971
277 0.0000017881
278 0.0000017791
279 0.0000017703
280 0.0000017615
281 0.0000017528
282 0.0000017441
283 0.0000017355
284 0.0000017270
285 0.0000017186
286 0.0000017102
287 0.0000017019
288 0.0000016937
289 0.0000016855
290 0.0000016773
291 0.0000016693
292 0.0000016613
293 0.0000016534
294 0.0000016455
295 0.0000016376
296 0.0000016299
297 0.0000016222
298 0.0000016145
299 0.0000016069
300 0.0000015994
301 0.0000015919
302 0.0000015844
303 0.0000015770
304 0.0000015697
305 0.0000015623
306 0.0000015551
307 0.0000015479
308 0.0000015407
309 0.0000015336
310 0.0000015265
311 0.0000015194
312 0.0000015124
313 0.0000015054
314 0.0000014985
315 0.0000014915
316 0.0000014847
317 0.0000014778
318 0.0000014709
319 0.0000014641
320 0.0000014573
321 0.0000014505
322 0.0000014437
323 0.0000014369
324 0.0000014302
325 0.0000014234
326 0.0000014165
327 0.0000014097
328 0.0000014028
329 0.0000013959
330 0.0000013889
331 0.0000013818
332 0.0000013746
333 0.0000013672
334 0.0000013597
335 0.0000013519
336 0.0000013438
337 0.0000013353
338 0.0000013263
339 0.0000013166
340 0.0000013060
341 0.0000012941
342 0.0000012803
343 0.0000012638
344 0.0000012427
345 0.0000012144
346 0.0000011664
347 0.0000010303
348 0.0000000000
