0 1090
0 0.9725196112
1 0.0054236911
2 0.0022959972
3 0.0016106948
4 0.0011957191
5 0.0009495010
6 0.0007878264
7 0.0006724117
8 0.0005857001
9 0.0005182241
10 0.0004642554
11 0.0004201145
12 0.0003833415
13 0.0003522341
14 0.0003255776
15 0.0003024818
16 0.0002822792
17 0.0002644593
18 0.0002486248
19 0.0002344624
20 0.0002217212
21 0.0002101982
22 0.0001997271
23 0.0001901709
24 0.0001814150
25 0.0001733636
26 0.0001659351
27 0.0001590605
28 0.0001526804
29 0.0001467436
30 0.0001412057
31 0.0001360281
32 0.0001311772
33 0.0001266230
34 0.0001223395
35 0.0001183034
36 0.0001144941
37 0.0001108933
38 0.0001074843
39 0.0001042526
40 0.0001011846
41 0.0000982686
42 0.0000954936
43 0.0000928497
44 0.0000903280
45 0.0000879204
46 0.0000856194
47 0.0000834182
48 0.0000813106
49 0.0000792907
50 0.0000773534
51 0.0000754938
52 0.0000737074
53 0.0000719900
54 0.0000703377
55 0.0000687472
56 0.0000672149
57 0.0000657379
58 0.0000643133
59 0.0000629383
60 0.0000616106
61 0.0000603278
62 0.0000590877
63 0.0000578883
64 0.0000567276
65 0.0000556039
66 0.0000545155
67 0.0000534608
68 0.0000524383
69 0.0000514466
70 0.0000504843
71 0.0000495503
72 0.0000486433
73 0.0000477623
74 0.0000469061
75 0.0000460738
76 0.0000452644
77 0.0000444770
78 0.0000437108
79 0.0000429650
80 0.0000422387
81 0.0000415314
82 0.0000408422
83 0.0000401705
84 0.0000395157
85 0.0000388772
86 0.0000382544
87 0.0000376467
88 0.0000370538
89 0.0000364749
90 0.0000359097
91 0.0000353578
92 0.0000348186
93 0.0000342918
94 0.0000337769
95 0.0000332737
96 0.0000327816
97 0.0000323005
98 0.0000318298
99 0.0000313694
100 0.0000309189
101 0.0000304780
102 0.0000300464
103 0.0000296239
104 0.0000292101
105 0.0000288049
106 0.0000284079
107 0.0000280190
108 0.0000276379
109 0.0000272644
110 0.0000268983
111 0.0000265395
112 0.0000261875
113 0.0000258425
114 0.0000255040
115 0.0000251720
116 0.0000248462
117 0.0000245266
118 0.0000242129
119 0.0000239051
120 0.0000236029
121 0.0000233062
122 0.0000230149
123 0.0000227288
124 0.0000224479
125 0.0000221719
126 0.0000219008
127 0.0000216345
128 0.0000213728
129 0.0000211156
130 0.0000208628
131 0.0000206144
132 0.0000203702
133 0.0000201301
134 0.0000198940
135 0.0000196619
136 0.0000194336
137 0.0000192091
138 0.0000189882
139 0.0000187709
140 0.0000185572
141 0.0000183469
142 0.0000181399
143 0.0000179363
144 0.0000177358
145 0.0000175386
146 0.0000173444
147 0.0000171532
148 0.0000169650
149 0.0000167797
150 0.0000165972
151 0.0000164175
152 0.0000162405
153 0.0000160662
154 0.0000158945
155 0.0000157253
156 0.0000155587
157 0.0000153945
158 0.0000152328
159 0.0000150734
160 0.0000149163
161 0.0000147615
162 0.0000146090
163 0.0000144586
164 0.0000143104
165 0.0000141643
166 0.0000140202
167 0.0000138782
168 0.0000137381
169 0.0000136001
170 0.0000134639
171 0.0000133296
172 0.0000131972
173 0.0000130666
174 0.0000129378
175 0.0000128107
176 0.0000126853
177 0.0000125617
178 0.0000124396
179 0.0000123193
180 0.0000122005
181 0.0000120833
182 0.0000119676
183 0.0000118535
184 0.0000117408
185 0.0000116297
186 0.0000115200
187 0.0000114116
188 0.0000113047
189 0.0000111992
190 0.0000110950
191 0.0000109921
192 0.0000108906
193 0.0000107903
194 0.0000106913
195 0.0000105935
196 0.0000104970
197 0.0000104016
198 0.0000103075
199 0.0000102145
200 0.0000101226
201 0.0000100319
202 0.0000099423
203 0.0000098538
204 0.0000097663
205 0.0000096800
206 0.0000095946
207 0.0000095103
208 0.0000094270
209 0.0000093447
210 0.0000092634
211 0.0000091830
212 0.0000091036
213 0.0000090251
214 0.0000089476
215 0.0000088709
216 0.0000087952
217 0.0000087203
218 0.0000086463
219 0.0000085732
220 0.0000085008
221 0.0000084294
222 0.0000083587
223 0.0000082889
224 0.0000082198
225 0.0000081516
226 0.0000080841
227 0.0000080173
228 0.0000079514
229 0.0000078861
230 0.0000078216
231 0.0000077578
232 0.0000076947
233 0.0000076323
234 0.0000075707
235 0.0000075096
236 0.0000074493
237 0.0000073896
238 0.0000073306
239 0.0000072722
240 0.0000072145
241 0.0000071573
242 0.0000071008
243 0.0000070449
244 0.0000069896
245 0.0000069349
246 0.0000068808
247 0.0000068273
248 0.0000067743
249 0.0000067219
250 0.0000066700
251 0.0000066187
252 0.0000065679
253 0.0000065177
254 0.0000064680
255 0.0000064188
256 0.0000063701
257 0.0000063220
258 0.0000062743
259 0.0000062271
260 0.0000061804
261 0.0000061342
262 0.0000060885
263 0.0000060432
264 0.0000059984
265 0.0000059540
266 0.0000059102
267 0.0000058667
268 0.0000058237
269 0.0000057811
270 0.0000057390
271 0.0000056972
272 0.0000056559
273 0.0000056150
274 0.0000055745
275 0.0000055344
276 0.0000054948
277 0.0000054555
278 0.0000054166
279 0.0000053780
280 0.0000053399
281 0.0000053021
282 0.0000052648
283 0.0000052277
284 0.0000051910
285 0.0000051547
286 0.0000051188
287 0.0000050832
288 0.0000050479
289 0.0000050130
290 0.0000049784
291 0.0000049441
292 0.0000049102
293 0.0000048766
294 0.0000048433
295 0.0000048103
296 0.0000047777
297 0.0000047453
298 0.0000047133
299 0.0000046816
300 0.0000046501
301 0.0000046190
302 0.0000045881
303 0.0000045576
304 0.0000045273
305 0.0000044973
306 0.0000044676
307 0.0000044382
308 0.0000044090
309 0.0000043801
310 0.0000043515
311 0.0000043232
312 0.0000042951
313 0.0000042672
314 0.0000042397
315 0.0000042123
316 0.0000041852
317 0.0000041584
318 0.0000041318
319 0.0000041055
320 0.0000040794
321 0.0000040535
322 0.0000040279
323 0.0000040024
324 0.0000039773
325 0.0000039523
326 0.0000039276
327 0.0000039031
328 0.0000038788
329 0.0000038547
330 0.0000038309
331 0.0000038072
332 0.0000037838
333 0.0000037606
334 0.0000037375
335 0.0000037147
336 0.0000036921
337 0.0000036697
338 0.0000036475
339 0.0000036254
340 0.0000036036
341 0.0000035820
342 0.0000035605
343 0.0000035392
344 0.0000035182
345 0.0000034973
346 0.0000034765
347 0.0000034560
348 0.0000034356
349 0.0000034154
350 0.0000033954
351 0.0000033756
352 0.0000033559
353 0.0000033364
354 0.0000033171
355 0.0000032979
356 0.0000032789
357 0.0000032600
358 0.0000032414
359 0.0000032228
360 0.0000032045
361 0.0000031862
362 0.0000031682
363 0.0000031503
364 0.0000031325
365 0.0000031149
366 0.0000030974
367 0.0000030801
368 0.0000030629
369 0.0000030459
370 0.0000030290
371 0.0000030122
372 0.0000029956
373 0.0000029792
374 0.0000029628
375 0.0000029466
376 0.0000029306
377 0.0000029146
378 0.0000028988
379 0.0000028832
380 0.0000028676
381 0.0000028522
382 0.0000028369
383 0.0000028217
384 0.0000028067
385 0.0000027918
386 0.0000027769
387 0.0000027623
388 0.0000027477
389 0.0000027332
390 0.0000027189
391 0.0000027047
392 0.0000026906
393 0.0000026766
394 0.0000026627
395 0.0000026490
396 0.0000026353
397 0.0000026218
398 0.0000026083
399 0.0000025950
400 0.0000025818
401 0.0000025687
402 0.0000025556
403 0.0000025427
404 0.0000025299
405 0.0000025172
406 0.0000025046
407 0.0000024921
408 0.0000024797
409 0.0000024674
410 0.0000024551
411 0.0000024430
412 0.0000024310
413 0.0000024190
414 0.0000024072
415 0.0000023954
416 0.0000023838
417 0.0000023722
418 0.0000023607
419 0.0000023493
420 0.0000023380
421 0.0000023268
422 0.0000023157
423 0.0000023046
424 0.0000022937
425 0.0000022828
426 0.0000022720
427 0.0000022613
428 0.0000022507
429 0.0000022401
430 0.0000022297
431 0.0000022193
432 0.0000022090
433 0.0000021987
434 0.0000021886
435 0.0000021785
436 0.0000021685
437 0.0000021586
438 0.0000021487
439 0.0000021389
440 0.0000021292
441 0.0000021196
442 0.0000021100
443 0.0000021005
444 0.0000020911
445 0.0000020818
446 0.0000020725
447 0.0000020633
448 0.0000020541
449 0.0000020451
450 0.0000020360
451 0.0000020271
452 0.0000020182
453 0.0000020094
454 0.0000020007
455 0.0000019920
456 0.0000019834
457 0.0000019748
458 0.0000019663
459 0.0000019579
460 0.0000019495
461 0.0000019412
462 0.0000019330
463 0.0000019248
464 0.0000019166
465 0.0000019086
466 0.0000019005
467 0.0000018926
468 0.0000018847
469 0.0000018769
470 0.0000018691
471 0.0000018613
472 0.0000018537
473 0.0000018460
474 0.0000018385
475 0.0000018310
476 0.0000018235
477 0.0000018161
478 0.0000018087
479 0.0000018014
480 0.0000017942
481 0.0000017870
482 0.0000017798
483 0.0000017727
484 0.0000017657
485 0.0000017587
486 0.0000017518
487 0.0000017448
488 0.0000017380
489 0.0000017312
490 0.0000017244
491 0.0000017177
492 0.0000017111
493 0.0000017045
494 0.0000016979
495 0.0000016914
496 0.0000016849
497 0.0000016784
498 0.0000016721
499 0.0000016657
500 0.0000016594
501 0.0000016531
502 0.0000016469
503 0.0000016408
504 0.0000016346
505 0.0000016285
506 0.0000016225
507 0.0000016165
508 0.0000016105
509 0.0000016046
510 0.0000015987
511 0.0000015928
512 0.0000015870
513 0.0000015813
514 0.0000015755
515 0.0000015698
516 0.0000015642
517 0.0000015586
518 0.0000015530
519 0.0000015474
520 0.0000015419
521 0.0000015365
522 0.0000015310
523 0.0000015257
524 0.0000015203
525 0.0000015150
526 0.0000015097
527 0.0000015044
528 0.0000014992
529 0.0000014940
530 0.0000014889
531 0.0000014838
532 0.0000014787
533 0.0000014736
534 0.0000014686
535 0.0000014636
536 0.0000014587
537 0.0000014538
538 0.0000014489
539 0.0000014440
540 0.0000014392
541 0.0000014344
542 0.0000014296
543 0.0000014249
544 0.0000014202
545 0.0000014155
546 0.0000014109
547 0.0000014063
548 0.0000014017
549 0.0000013972
550 0.0000013926
551 0.0000013881
552 0.0000013837
553 0.0000013792
554 0.0000013748
555 0.0000013704
556 0.0000013661
557 0.0000013617
558 0.0000013575
559 0.0000013532
560 0.0000013489
561 0.0000013447
562 0.0000013405
563 0.0000013364
564 0.0000013322
565 0.0000013281
566 0.0000013240
567 0.0000013200
568 0.0000013159
569 0.0000013119
570 0.0000013079
571 0.0000013039
572 0.0000013000
573 0.0000012961
574 0.0000012922
575 0.0000012883
576 0.0000012845
577 0.0000012807
578 0.0000012769
579 0.0000012731
580 0.0000012694
581 0.0000012656
582 0.0000012619
583 0.0000012582
584 0.0000012546
585 0.0000012509
586 0.0000012473
587 0.0000012437
588 0.0000012402
589 0.0000012366
590 0.0000012331
591 0.0000012296
592 0.0000012261
593 0.0000012226
594 0.0000012192
595 0.0000012157
596 0.0000012123
597 0.0000012090
598 0.0000012056
599 0.0000012022
600 0.0000011989
601 0.0000011956
602 0.0000011923
603 0.0000011891
604 0.0000011858
605 0.0000011826
606 0.0000011794
607 0.0000011762
608 0.0000011730
609 0.0000011698
610 0.0000011667
611 0.0000011636
612 0.0000011605
613 0.0000011574
614 0.0000011543
615 0.0000011513
616 0.0000011483
617 0.0000011452
618 0.0000011422
619 0.0000011393
620 0.0000011363
621 0.0000011334
622 0.0000011304
623 0.0000011275
624 0.0000011246
625 0.0000011218
626 0.0000011189
627 0.0000011160
628 0.0000011132
629 0.0000011104
630 0.0000011076
631 0.0000011048
632 0.0000011021
633 0.0000010993
634 0.0000010966
635 0.0000010938
636 0.0000010911
637 0.0000010884
638 0.0000010858
639 0.0000010831
640 0.0000010805
641 0.0000010778
642 0.0000010752
643 0.0000010726
644 0.0000010700
645 0.0000010674
646 0.0000010649
647 0.0000010623
648 0.0000010598
649 0.0000010573
650 0.0000010548
651 0.0000010523
652 0.0000010498
653 0.0000010473
654 0.0000010449
655 0.0000010424
656 0.0000010400
657 0.0000010376
658 0.0000010352
659 0.0000010328
660 0.0000010304
661 0.0000010281
662 0.0000010257
663 0.0000010234
664 0.0000010211
665 0.0000010187
666 0.0000010164
667 0.0000010141
668 0.0000010119
669 0.0000010096
670 0.0000010073
671 0.0000010051
672 0.0000010029
673 0.0000010007
674 0.0000009984
675 0.0000009962
676 0.0000009941
677 0.0000009919
678 0.0000009897
679 0.0000009876
680 0.0000009854
681 0.0000009833
682 0.0000009812
683 0.0000009791
684 0.0000009770
685 0.0000009749
686 0.0000009728
687 0.0000009708
688 0.0000009687
689 0.0000009667
690 0.0000009646
691 0.0000009626
692 0.0000009606
693 0.0000009586
694 0.0000009566
695 0.0000009546
696 0.0000009526
697 0.0000009507
698 0.0000009487
699 0.0000009468
700 0.0000009448
701 0.0000009429
702 0.0000009410
703 0.0000009391
704 0.0000009372
705 0.0000009353
706 0.0000009334
707 0.0000009315
708 0.0000009297
709 0.0000009278
710 0.0000009260
711 0.0000009241
712 0.0000009223
713 0.0000009205
714 0.0000009187
715 0.0000009169
716 0.0000009151
717 0.0000009133
718 0.0000009116
719 0.0000009098
720 0.0000009080
721 0.0000009063
722 0.0000009045
723 0.0000009028
724 0.0000009011
725 0.0000008994
726 0.0000008976
727 0.0000008960
728 0.0000008943
729 0.0000008926
730 0.0000008909
731 0.0000008892
732 0.0000008876
733 0.0000008859
734 0.0000008843
735 0.0000008826
736 0.0000008810
737 0.0000008794
738 0.0000008777
739 0.0000008761
740 0.0000008745
741 0.0000008729
742 0.0000008714
743 0.0000008698
744 0.0000008682
745 0.0000008666
746 0.0000008651
747 0.0000008635
748 0.0000008620
749 0.0000008604
750 0.0000008589
751 0.0000008574
752 0.0000008559
753 0.0000008544
754 0.0000008528
755 0.0000008513
756 0.0000008499
757 0.0000008484
758 0.0000008469
759 0.0000008454
760 0.0000008440
761 0.0000008425
762 0.0000008410
763 0.0000008396
764 0.0000008381
765 0.0000008367
766 0.0000008353
767 0.0000008339
768 0.0000008324
769 0.0000008310
770 0.0000008296
771 0.0000008282
772 0.0000008268
773 0.0000008255
774 0.0000008241
775 0.0000008227
776 0.0000008213
777 0.0000008200
778 0.0000008186
779 0.0000008172
780 0.0000008159
781 0.0000008146
782 0.0000008132
783 0.0000008119
784 0.0000008106
785 0.0000008093
786 0.0000008079
787 0.0000008066
788 0.0000008053
789 0.0000008040
790 0.0000008027
791 0.0000008015
792 0.0000008002
793 0.0000007989
794 0.0000007976
795 0.0000007964
796 0.0000007951
797 0.0000007938
798 0.0000007926
799 0.0000007914
800 0.0000007901
801 0.0000007889
802 0.0000007876
803 0.0000007864
804 0.0000007852
805 0.0000007840
806 0.0000007828
807 0.0000007816
808 0.0000007804
809 0.0000007792
810 0.0000007780
811 0.0000007768
812 0.0000007756
813 0.0000007744
814 0.0000007732
815 0.0000007721
816 0.0000007709
817 0.0000007697
818 0.0000007686
819 0.0000007674
820 0.0000007663
821 0.0000007651
822 0.0000007640
823 0.0000007628
824 0.0000007617
825 0.0000007606
826 0.0000007595
827 0.0000007584
828 0.0000007573
829 0.0000007561
830 0.0000007550
831 0.0000007539
832 0.0000007528
833 0.0000007517
834 0.0000007507
835 0.0000007496
836 0.0000007485
837 0.0000007474
838 0.0000007463
839 0.0000007453
840 0.0000007442
841 0.0000007431
842 0.0000007421
843 0.0000007410
844 0.0000007400
845 0.0000007389
846 0.0000007379
847 0.0000007368
848 0.0000007358
849 0.0000007348
850 0.0000007337
851 0.0000007327
852 0.0000007317
853 0.0000007307
854 0.0000007297
855 0.0000007286
856 0.0000007276
857 0.0000007266
858 0.0000007256
859 0.0000007247
860 0.0000007237
861 0.0000007227
862 0.0000007217
863 0.0000007207
864 0.0000007197
865 0.0000007187
866 0.0000007178
867 0.0000007168
868 0.0000007158
869 0.0000007149
870 0.0000007139
871 0.0000007130
872 0.0000007120
873 0.0000007111
874 0.0000007101
875 0.0000007092
876 0.0000007082
877 0.0000007073
878 0.0000007064
879 0.0000007054
880 0.0000007045
881 0.0000007036
882 0.0000007026
883 0.0000007017
884 0.0000007008
885 0.0000006999
886 0.0000006990
887 0.0000006981
888 0.0000006972
889 0.0000006963
890 0.0000006954
891 0.0000006945
892 0.0000006936
893 0.0000006927
894 0.0000006918
895 0.0000006909
896 0.0000006901
897 0.0000006892
898 0.0000006883
899 0.0000006874
900 0.0000006866
901 0.0000006857
902 0.0000006848
903 0.0000006840
904 0.0000006831
905 0.0000006823
906 0.0000006814
907 0.0000006806
908 0.0000006797
909 0.0000006789
910 0.0000006780
911 0.0000006772
912 0.0000006763
913 0.0000006755
914 0.0000006747
915 0.0000006738
916 0.0000006730
917 0.0000006722
918 0.0000006714
919 0.0000006705
920 0.0000006697
921 0.0000006689
922 0.0000006681
923 0.0000006673
924 0.0000006665
925 0.0000006657
926 0.0000006649
927 0.0000006641
928 0.0000006633
929 0.0000006625
930 0.0000006617
931 0.0000006609
932 0.0000006601
933 0.0000006593
934 0.0000006585
935 0.0000006577
936 0.0000006570
937 0.0000006562
938 0.0000006554
939 0.0000006547
940 0.0000006539
941 0.0000006531
942 0.0000006523
943 0.0000006516
944 0.0000006508
945 0.0000006501
946 0.0000006493
947 0.0000006486
948 0.0000006478
949 0.0000006471
950 0.0000006463
951 0.0000006456
952 0.0000006448
953 0.0000006441
954 0.0000006433
955 0.0000006426
956 0.0000006418
957 0.0000006411
958 0.0000006404
959 0.0000006396
960 0.0000006389
961 0.0000006382
962 0.0000006375
963 0.0000006368
964 0.0000006360
965 0.0000006353
966 0.0000006346
967 0.0000006339
968 0.0000006332
969 0.0000006324
970 0.0000006317
971 0.0000006311
972 0.0000006303
973 0.0000006296
974 0.0000006289
975 0.0000006282
976 0.0000006275
977 0.0000006268
978 0.0000006261
979 0.0000006255
980 0.0000006248
981 0.0000006241
982 0.0000006234
983 0.0000006227
984 0.0000006220
985 0.0000006213
986 0.0000006207
987 0.0000006200
988 0.0000006193
989 0.0000006186
990 0.0000006180
991 0.0000006173
992 0.0000006166
993 0.0000006160
994 0.0000006153
995 0.0000006146
996 0.0000006140
997 0.0000006133
998 0.0000006126
999 0.0000006120
1000 0.0000006113
1001 0.0000006107
1002 0.0000006100
1003 0.0000006094
1004 0.0000006087
1005 0.0000006081
1006 0.0000006074
1007 0.0000006068
1008 0.0000006061
1009 0.0000006055
1010 0.0000006049
1011 0.0000006042
1012 0.0000006036
1013 0.0000006030
1014 0.0000006023
1015 0.0000006017
1016 0.0000006011
1017 0.0000006005
1018 0.0000005998
1019 0.0000005992
1020 0.0000005986
1021 0.0000005979
1022 0.0000005973
1023 0.0000005967
1024 0.0000005961
1025 0.0000005955
1026 0.0000005949
1027 0.0000005943
1028 0.0000005936
1029 0.0000005930
1030 0.0000005924
1031 0.0000005918
1032 0.0000005912
1033 0.0000005906
1034 0.0000005900
1035 0.0000005894
1036 0.0000005888
1037 0.0000005882
1038 0.0000005876
1039 0.0000005870
1040 0.0000005864
1041 0.0000005858
1042 0.0000005852
1043 0.0000005846
1044 0.0000005841
1045 0.0000005835
1046 0.0000005829
1047 0.0000005823
1048 0.0000005817
1049 0.0000005811
1050 0.0000005805
1051 0.0000005800
1052 0.0000005794
1053 0.0000005788
1054 0.0000005782
1055 0.0000005777
1056 0.0000005771
1057 0.0000005765
1058 0.0000005759
1059 0.0000005754
1060 0.0000005748
1061 0.0000005742
1062 0.0000005737
1063 0.0000005731
1064 0.0000005726
1065 0.0000005720
1066 0.0000005714
1067 0.0000005709
1068 0.0000005703
1069 0.0000005697
1070 0.0000005692
1071 0.0000005686
1072 0.0000005681
1073 0.0000005675
1074 0.0000005670
1075 0.0000005664
1076 0.0000005659
1077 0.0000005653
1078 0.0000005648
1079 0.0000005642
1080 0.0000005637
1081 0.0000005632
1082 0.0000005626
1083 0.0000005621
1084 0.0000005615
1085 0.0000005610
1086 0.0000005605
1087 0.0000005599
1088 0.0000005594
1089 0.0000005589
1090 0.0000005583
