0 1200
0 0.9832690969
1 0.0033423656
2 0.0014143079
3 0.0009918607
4 0.0007360570
5 0.0005842811
6 0.0004846221
7 0.0004134801
8 0.0003600320
9 0.0003184416
10 0.0002851777
11 0.0002579722
12 0.0002353085
13 0.0002161373
14 0.0001997099
15 0.0001854774
16 0.0001730284
17 0.0001620482
18 0.0001522919
19 0.0001435663
20 0.0001357168
21 0.0001286182
22 0.0001221681
23 0.0001162819
24 0.0001108890
25 0.0001059304
26 0.0001013558
27 0.0000971226
28 0.0000931942
29 0.0000895390
30 0.0000861297
31 0.0000829426
32 0.0000799567
33 0.0000771538
34 0.0000745177
35 0.0000720342
36 0.0000696904
37 0.0000674750
38 0.0000653780
39 0.0000633902
40 0.0000615033
41 0.0000597100
42 0.0000580037
43 0.0000563782
44 0.0000548280
45 0.0000533480
46 0.0000519338
47 0.0000505811
48 0.0000492860
49 0.0000480451
50 0.0000468550
51 0.0000457127
52 0.0000446156
53 0.0000435610
54 0.0000425465
55 0.0000415701
56 0.0000406295
57 0.0000397230
58 0.0000388488
59 0.0000380052
60 0.0000371907
61 0.0000364038
62 0.0000356433
63 0.0000349078
64 0.0000341962
65 0.0000335073
66 0.0000328402
67 0.0000321939
68 0.0000315673
69 0.0000309598
70 0.0000303703
71 0.0000297983
72 0.0000292429
73 0.0000287035
74 0.0000281794
75 0.0000276700
76 0.0000271747
77 0.0000266929
78 0.0000262242
79 0.0000257680
80 0.0000253239
81 0.0000248914
82 0.0000244701
83 0.0000240596
84 0.0000236595
85 0.0000232693
86 0.0000228889
87 0.0000225177
88 0.0000221556
89 0.0000218022
90 0.0000214572
91 0.0000211203
92 0.0000207913
93 0.0000204699
94 0.0000201559
95 0.0000198490
96 0.0000195490
97 0.0000192556
98 0.0000189688
99 0.0000186882
100 0.0000184137
101 0.0000181451
102 0.0000178823
103 0.0000176250
104 0.0000173731
105 0.0000171265
106 0.0000168849
107 0.0000166483
108 0.0000164165
109 0.0000161893
110 0.0000159667
111 0.0000157485
112 0.0000155347
113 0.0000153250
114 0.0000151193
115 0.0000149176
116 0.0000147198
117 0.0000145258
118 0.0000143354
119 0.0000141485
120 0.0000139651
121 0.0000137852
122 0.0000136085
123 0.0000134350
124 0.0000132647
125 0.0000130974
126 0.0000129331
127 0.0000127718
128 0.0000126133
129 0.0000124575
130 0.0000123045
131 0.0000121541
132 0.0000120063
133 0.0000118610
134 0.0000117182
135 0.0000115778
136 0.0000114398
137 0.0000113041
138 0.0000111706
139 0.0000110393
140 0.0000109102
141 0.0000107832
142 0.0000106582
143 0.0000105353
144 0.0000104143
145 0.0000102953
146 0.0000101781
147 0.0000100628
148 0.0000099493
149 0.0000098376
150 0.0000097276
151 0.0000096193
152 0.0000095127
153 0.0000094077
154 0.0000093043
155 0.0000092025
156 0.0000091022
157 0.0000090034
158 0.0000089061
159 0.0000088103
160 0.0000087158
161 0.0000086228
162 0.0000085311
163 0.0000084407
164 0.0000083517
165 0.0000082640
166 0.0000081775
167 0.0000080922
168 0.0000080082
169 0.0000079253
170 0.0000078437
171 0.0000077631
172 0.0000076837
173 0.0000076054
174 0.0000075283
175 0.0000074521
176 0.0000073770
177 0.0000073030
178 0.0000072299
179 0.0000071579
180 0.0000070868
181 0.0000070167
182 0.0000069475
183 0.0000068793
184 0.0000068120
185 0.0000067455
186 0.0000066800
187 0.0000066153
188 0.0000065514
189 0.0000064884
190 0.0000064262
191 0.0000063648
192 0.0000063043
193 0.0000062444
194 0.0000061854
195 0.0000061271
196 0.0000060696
197 0.0000060128
198 0.0000059567
199 0.0000059013
200 0.0000058466
201 0.0000057926
202 0.0000057393
203 0.0000056867
204 0.0000056346
205 0.0000055833
206 0.0000055326
207 0.0000054824
208 0.0000054329
209 0.0000053841
210 0.0000053358
211 0.0000052880
212 0.0000052409
213 0.0000051943
214 0.0000051483
215 0.0000051029
216 0.0000050580
217 0.0000050136
218 0.0000049697
219 0.0000049264
220 0.0000048836
221 0.0000048412
222 0.0000047994
223 0.0000047581
224 0.0000047172
225 0.0000046768
226 0.0000046369
227 0.0000045975
228 0.0000045585
229 0.0000045199
230 0.0000044818
231 0.0000044441
232 0.0000044069
233 0.0000043700
234 0.0000043336
235 0.0000042976
236 0.0000042620
237 0.0000042268
238 0.0000041920
239 0.0000041576
240 0.0000041236
241 0.0000040899
242 0.0000040567
243 0.0000040237
244 0.0000039912
245 0.0000039590
246 0.0000039272
247 0.0000038957
248 0.0000038645
249 0.0000038337
250 0.0000038032
251 0.0000037731
252 0.0000037433
253 0.0000037138
254 0.0000036846
255 0.0000036557
256 0.0000036271
257 0.0000035989
258 0.0000035709
259 0.0000035432
260 0.0000035159
261 0.0000034888
262 0.0000034620
263 0.0000034355
264 0.0000034092
265 0.0000033833
266 0.0000033576
267 0.0000033322
268 0.0000033070
269 0.0000032821
270 0.0000032575
271 0.0000032331
272 0.0000032089
273 0.0000031850
274 0.0000031614
275 0.0000031380
276 0.0000031148
277 0.0000030919
278 0.0000030692
279 0.0000030467
280 0.0000030245
281 0.0000030025
282 0.0000029807
283 0.0000029591
284 0.0000029377
285 0.0000029166
286 0.0000028956
287 0.0000028749
288 0.0000028544
289 0.0000028341
290 0.0000028139
291 0.0000027940
292 0.0000027743
293 0.0000027548
294 0.0000027354
295 0.0000027163
296 0.0000026973
297 0.0000026785
298 0.0000026600
299 0.0000026415
300 0.0000026233
301 0.0000026052
302 0.0000025874
303 0.0000025696
304 0.0000025521
305 0.0000025347
306 0.0000025175
307 0.0000025005
308 0.0000024836
309 0.0000024669
310 0.0000024503
311 0.0000024339
312 0.0000024177
313 0.0000024015
314 0.0000023856
315 0.0000023698
316 0.0000023542
317 0.0000023387
318 0.0000023233
319 0.0000023081
320 0.0000022930
321 0.0000022781
322 0.0000022633
323 0.0000022487
324 0.0000022342
325 0.0000022198
326 0.0000022055
327 0.0000021914
328 0.0000021774
329 0.0000021636
330 0.0000021498
331 0.0000021362
332 0.0000021227
333 0.0000021094
334 0.0000020961
335 0.0000020830
336 0.0000020700
337 0.0000020571
338 0.0000020443
339 0.0000020317
340 0.0000020191
341 0.0000020067
342 0.0000019944
343 0.0000019822
344 0.0000019701
345 0.0000019581
346 0.0000019462
347 0.0000019345
348 0.0000019228
349 0.0000019112
350 0.0000018998
351 0.0000018884
352 0.0000018771
353 0.0000018660
354 0.0000018549
355 0.0000018439
356 0.0000018331
357 0.0000018223
358 0.0000018116
359 0.0000018010
360 0.0000017905
361 0.0000017801
362 0.0000017698
363 0.0000017596
364 0.0000017494
365 0.0000017394
366 0.0000017294
367 0.0000017195
368 0.0000017097
369 0.0000017000
370 0.0000016904
371 0.0000016808
372 0.0000016714
373 0.0000016620
374 0.0000016527
375 0.0000016435
376 0.0000016343
377 0.0000016252
378 0.0000016162
379 0.0000016073
380 0.0000015985
381 0.0000015897
382 0.0000015810
383 0.0000015724
384 0.0000015639
385 0.0000015554
386 0.0000015470
387 0.0000015386
388 0.0000015304
389 0.0000015222
390 0.0000015140
391 0.0000015060
392 0.0000014980
393 0.0000014900
394 0.0000014822
395 0.0000014744
396 0.0000014666
397 0.0000014590
398 0.0000014514
399 0.0000014438
400 0.0000014363
401 0.0000014289
402 0.0000014215
403 0.0000014142
404 0.0000014070
405 0.0000013998
406 0.0000013927
407 0.0000013856
408 0.0000013786
409 0.0000013716
410 0.0000013647
411 0.0000013579
412 0.0000013511
413 0.0000013443
414 0.0000013377
415 0.0000013310
416 0.0000013244
417 0.0000013179
418 0.0000013114
419 0.0000013050
420 0.0000012987
421 0.0000012923
422 0.0000012861
423 0.0000012798
424 0.0000012737
425 0.0000012675
426 0.0000012615
427 0.0000012554
428 0.0000012495
429 0.0000012435
430 0.0000012376
431 0.0000012318
432 0.0000012260
433 0.0000012203
434 0.0000012145
435 0.0000012089
436 0.0000012033
437 0.0000011977
438 0.0000011922
439 0.0000011867
440 0.0000011812
441 0.0000011758
442 0.0000011704
443 0.0000011651
444 0.0000011598
445 0.0000011546
446 0.0000011494
447 0.0000011442
448 0.0000011391
449 0.0000011340
450 0.0000011290
451 0.0000011240
452 0.0000011190
453 0.0000011141
454 0.0000011092
455 0.0000011043
456 0.0000010995
457 0.0000010947
458 0.0000010900
459 0.0000010852
460 0.0000010806
461 0.0000010759
462 0.0000010713
463 0.0000010667
464 0.0000010622
465 0.0000010577
466 0.0000010532
467 0.0000010488
468 0.0000010443
469 0.0000010400
470 0.0000010356
471 0.0000010313
472 0.0000010270
473 0.0000010228
474 0.0000010186
475 0.0000010144
476 0.0000010102
477 0.0000010061
478 0.0000010020
479 0.0000009979
480 0.0000009939
481 0.0000009899
482 0.0000009859
483 0.0000009820
484 0.0000009780
485 0.0000009741
486 0.0000009703
487 0.0000009664
488 0.0000009626
489 0.0000009588
490 0.0000009551
491 0.0000009514
492 0.0000009477
493 0.0000009440
494 0.0000009403
495 0.0000009367
496 0.0000009331
497 0.0000009295
498 0.0000009260
499 0.0000009224
500 0.0000009189
501 0.0000009155
502 0.0000009120
503 0.0000009086
504 0.0000009052
505 0.0000009018
506 0.0000008985
507 0.0000008951
508 0.0000008918
509 0.0000008885
510 0.0000008853
511 0.0000008820
512 0.0000008788
513 0.0000008756
514 0.0000008724
515 0.0000008693
516 0.0000008662
517 0.0000008630
518 0.0000008600
519 0.0000008569
520 0.0000008538
521 0.0000008508
522 0.0000008478
523 0.0000008448
524 0.0000008419
525 0.0000008389
526 0.0000008360
527 0.0000008331
528 0.0000008302
529 0.0000008273
530 0.0000008245
531 0.0000008217
532 0.0000008189
533 0.0000008161
534 0.0000008133
535 0.0000008105
536 0.0000008078
537 0.0000008051
538 0.0000008024
539 0.0000007997
540 0.0000007971
541 0.0000007944
542 0.0000007918
543 0.0000007892
544 0.0000007866
545 0.0000007840
546 0.0000007815
547 0.0000007789
548 0.0000007764
549 0.0000007739
550 0.0000007714
551 0.0000007689
552 0.0000007664
553 0.0000007640
554 0.0000007616
555 0.0000007591
556 0.0000007567
557 0.0000007544
558 0.0000007520
559 0.0000007497
560 0.0000007473
561 0.0000007450
562 0.0000007427
563 0.0000007404
564 0.0000007381
565 0.0000007358
566 0.0000007336
567 0.0000007314
568 0.0000007291
569 0.0000007269
570 0.0000007247
571 0.0000007226
572 0.0000007204
573 0.0000007182
574 0.0000007161
575 0.0000007140
576 0.0000007119
577 0.0000007098
578 0.0000007077
579 0.0000007056
580 0.0000007035
581 0.0000007015
582 0.0000006995
583 0.0000006974
584 0.0000006954
585 0.0000006934
586 0.0000006914
587 0.0000006895
588 0.0000006875
589 0.0000006856
590 0.0000006836
591 0.0000006817
592 0.0000006798
593 0.0000006779
594 0.0000006760
595 0.0000006741
596 0.0000006722
597 0.0000006704
598 0.0000006685
599 0.0000006667
600 0.0000006649
601 0.0000006631
602 0.0000006613
603 0.0000006595
604 0.0000006577
605 0.0000006559
606 0.0000006542
607 0.0000006524
608 0.0000006507
609 0.0000006489
610 0.0000006472
611 0.0000006455
612 0.0000006438
613 0.0000006421
614 0.0000006404
615 0.0000006388
616 0.0000006371
617 0.0000006355
618 0.0000006338
619 0.0000006322
620 0.0000006306
621 0.0000006289
622 0.0000006273
623 0.0000006257
624 0.0000006242
625 0.0000006226
626 0.0000006210
627 0.0000006195
628 0.0000006179
629 0.0000006164
630 0.0000006148
631 0.0000006133
632 0.0000006118
633 0.0000006103
634 0.0000006088
635 0.0000006073
636 0.0000006058
637 0.0000006043
638 0.0000006029
639 0.0000006014
640 0.0000006000
641 0.0000005985
642 0.0000005971
643 0.0000005957
644 0.0000005943
645 0.0000005928
646 0.0000005914
647 0.0000005900
648 0.0000005887
649 0.0000005873
650 0.0000005859
651 0.0000005845
652 0.0000005832
653 0.0000005818
654 0.0000005805
655 0.0000005792
656 0.0000005778
657 0.0000005765
658 0.0000005752
659 0.0000005739
660 0.0000005726
661 0.0000005713
662 0.0000005700
663 0.0000005687
664 0.0000005675
665 0.0000005662
666 0.0000005649
667 0.0000005637
668 0.0000005625
669 0.0000005612
670 0.0000005600
671 0.0000005587
672 0.0000005575
673 0.0000005563
674 0.0000005551
675 0.0000005539
676 0.0000005527
677 0.0000005515
678 0.0000005503
679 0.0000005492
680 0.0000005480
681 0.0000005468
682 0.0000005457
683 0.0000005445
684 0.0000005434
685 0.0000005422
686 0.0000005411
687 0.0000005400
688 0.0000005388
689 0.0000005377
690 0.0000005366
691 0.0000005355
692 0.0000005344
693 0.0000005333
694 0.0000005322
695 0.0000005311
696 0.0000005301
697 0.0000005290
698 0.0000005279
699 0.0000005268
700 0.0000005258
701 0.0000005247
702 0.0000005237
703 0.0000005226
704 0.0000005216
705 0.0000005206
706 0.0000005195
707 0.0000005185
708 0.0000005175
709 0.0000005165
710 0.0000005155
711 0.0000005145
712 0.0000005135
713 0.0000005125
714 0.0000005115
715 0.0000005105
716 0.0000005095
717 0.0000005086
718 0.0000005076
719 0.0000005066
720 0.0000005057
721 0.0000005047
722 0.0000005038
723 0.0000005028
724 0.0000005019
725 0.0000005009
726 0.0000005000
727 0.0000004991
728 0.0000004981
729 0.0000004972
730 0.0000004963
731 0.0000004954
732 0.0000004945
733 0.0000004936
734 0.0000004927
735 0.0000004918
736 0.0000004909
737 0.0000004900
738 0.0000004891
739 0.0000004882
740 0.0000004873
741 0.0000004865
742 0.0000004856
743 0.0000004847
744 0.0000004839
745 0.0000004830
746 0.0000004822
747 0.0000004813
748 0.0000004805
749 0.0000004796
750 0.0000004788
751 0.0000004780
752 0.0000004771
753 0.0000004763
754 0.0000004755
755 0.0000004746
756 0.0000004738
757 0.0000004730
758 0.0000004722
759 0.0000004714
760 0.0000004706
761 0.0000004698
762 0.0000004690
763 0.0000004682
764 0.0000004674
765 0.0000004666
766 0.0000004659
767 0.0000004651
768 0.0000004643
769 0.0000004635
770 0.0000004628
771 0.0000004620
772 0.0000004612
773 0.0000004605
774 0.0000004597
775 0.0000004590
776 0.0000004582
777 0.0000004575
778 0.0000004567
779 0.0000004560
780 0.0000004552
781 0.0000004545
782 0.0000004538
783 0.0000004530
784 0.0000004523
785 0.0000004516
786 0.0000004509
787 0.0000004501
788 0.0000004494
789 0.0000004487
790 0.0000004480
791 0.0000004473
792 0.0000004466
793 0.0000004459
794 0.0000004452
795 0.0000004445
796 0.0000004438
797 0.0000004431
798 0.0000004424
799 0.0000004418
800 0.0000004411
801 0.0000004404
802 0.0000004397
803 0.0000004391
804 0.0000004384
805 0.0000004377
806 0.0000004371
807 0.0000004364
808 0.0000004357
809 0.0000004351
810 0.0000004344
811 0.0000004338
812 0.0000004331
813 0.0000004325
814 0.0000004318
815 0.0000004312
816 0.0000004305
817 0.0000004299
818 0.0000004293
819 0.0000004286
820 0.0000004280
821 0.0000004274
822 0.0000004267
823 0.0000004261
824 0.0000004255
825 0.0000004249
826 0.0000004243
827 0.0000004236
828 0.0000004230
829 0.0000004224
830 0.0000004218
831 0.0000004212
832 0.0000004206
833 0.0000004200
834 0.0000004194
835 0.0000004188
836 0.0000004182
837 0.0000004176
838 0.0000004170
839 0.0000004164
840 0.0000004159
841 0.0000004153
842 0.0000004147
843 0.0000004141
844 0.0000004135
845 0.0000004130
846 0.0000004124
847 0.0000004118
848 0.0000004112
849 0.0000004107
850 0.0000004101
851 0.0000004095
852 0.0000004090
853 0.0000004084
854 0.0000004079
855 0.0000004073
856 0.0000004067
857 0.0000004062
858 0.0000004056
859 0.0000004051
860 0.0000004046
861 0.0000004040
862 0.0000004035
863 0.0000004029
864 0.0000004024
865 0.0000004018
866 0.0000004013
867 0.0000004008
868 0.0000004002
869 0.0000003997
870 0.0000003992
871 0.0000003987
872 0.0000003981
873 0.0000003976
874 0.0000003971
875 0.0000003966
876 0.0000003960
877 0.0000003955
878 0.0000003950
879 0.0000003945
880 0.0000003940
881 0.0000003935
882 0.0000003930
883 0.0000003925
884 0.0000003920
885 0.0000003915
886 0.0000003909
887 0.0000003904
888 0.0000003899
889 0.0000003895
890 0.0000003890
891 0.0000003885
892 0.0000003880
893 0.0000003875
894 0.0000003870
895 0.0000003865
896 0.0000003860
897 0.0000003855
898 0.0000003850
899 0.0000003846
900 0.0000003841
901 0.0000003836
902 0.0000003831
903 0.0000003827
904 0.0000003822
905 0.0000003817
906 0.0000003812
907 0.0000003808
908 0.0000003803
909 0.0000003798
910 0.0000003794
911 0.0000003789
912 0.0000003784
913 0.0000003780
914 0.0000003775
915 0.0000003770
916 0.0000003766
917 0.0000003761
918 0.0000003757
919 0.0000003752
920 0.0000003748
921 0.0000003743
922 0.0000003739
923 0.0000003734
924 0.0000003730
925 0.0000003725
926 0.0000003721
927 0.0000003716
928 0.0000003712
929 0.0000003708
930 0.0000003703
931 0.0000003699
932 0.0000003695
933 0.0000003690
934 0.0000003686
935 0.0000003682
936 0.0000003677
937 0.0000003673
938 0.0000003669
939 0.0000003664
940 0.0000003660
941 0.0000003656
942 0.0000003652
943 0.0000003647
944 0.0000003643
945 0.0000003639
946 0.0000003635
947 0.0000003630
948 0.0000003626
949 0.0000003622
950 0.0000003618
951 0.0000003614
952 0.0000003610
953 0.0000003606
954 0.0000003602
955 0.0000003597
956 0.0000003593
957 0.0000003589
958 0.0000003585
959 0.0000003581
960 0.0000003577
961 0.0000003573
962 0.0000003569
963 0.0000003565
964 0.0000003561
965 0.0000003557
966 0.0000003553
967 0.0000003549
968 0.0000003545
969 0.0000003541
970 0.0000003537
971 0.0000003533
972 0.0000003530
973 0.0000003526
974 0.0000003522
975 0.0000003518
976 0.0000003514
977 0.0000003510
978 0.0000003506
979 0.0000003502
980 0.0000003499
981 0.0000003495
982 0.0000003491
983 0.0000003487
984 0.0000003483
985 0.0000003480
986 0.0000003476
987 0.0000003472
988 0.0000003468
989 0.0000003465
990 0.0000003461
991 0.0000003457
992 0.0000003453
993 0.0000003450
994 0.0000003446
995 0.0000003442
996 0.0000003439
997 0.0000003435
998 0.0000003431
999 0.0000003428
1000 0.0000003424
1001 0.0000003420
1002 0.0000003417
1003 0.0000003413
1004 0.0000003410
1005 0.0000003406
1006 0.0000003402
1007 0.0000003399
1008 0.0000003395
1009 0.0000003392
1010 0.0000003388
1011 0.0000003385
1012 0.0000003381
1013 0.0000003377
1014 0.0000003374
1015 0.0000003370
1016 0.0000003367
1017 0.0000003363
1018 0.0000003360
1019 0.0000003357
1020 0.0000003353
1021 0.0000003350
1022 0.0000003346
1023 0.0000003343
1024 0.0000003339
1025 0.0000003336
1026 0.0000003332
1027 0.0000003329
1028 0.0000003326
1029 0.0000003322
1030 0.0000003319
1031 0.0000003315
1032 0.0000003312
1033 0.0000003309
1034 0.0000003305
1035 0.0000003302
1036 0.0000003299
1037 0.0000003295
1038 0.0000003292
1039 0.0000003289
1040 0.0000003285
1041 0.0000003282
1042 0.0000003279
1043 0.0000003275
1044 0.0000003272
1045 0.0000003269
1046 0.0000003266
1047 0.0000003262
1048 0.0000003259
1049 0.0000003256
1050 0.0000003253
1051 0.0000003249
1052 0.0000003246
1053 0.0000003243
1054 0.0000003240
1055 0.0000003237
1056 0.0000003233
1057 0.0000003230
1058 0.0000003227
1059 0.0000003224
1060 0.0000003221
1061 0.0000003218
1062 0.0000003214
1063 0.0000003211
1064 0.0000003208
1065 0.0000003205
1066 0.0000003202
1067 0.0000003199
1068 0.0000003196
1069 0.0000003193
1070 0.0000003189
1071 0.0000003186
1072 0.0000003183
1073 0.0000003180
1074 0.0000003177
1075 0.0000003174
1076 0.0000003171
1077 0.0000003168
1078 0.0000003165
1079 0.0000003162
1080 0.0000003159
1081 0.0000003156
1082 0.0000003153
1083 0.0000003150
1084 0.0000003147
1085 0.0000003144
1086 0.0000003141
1087 0.0000003138
1088 0.0000003135
1089 0.0000003132
1090 0.0000003129
1091 0.0000003126
1092 0.0000003123
1093 0.0000003120
1094 0.0000003117
1095 0.0000003114
1096 0.0000003111
1097 0.0000003108
1098 0.0000003105
1099 0.0000003102
1100 0.0000003100
1101 0.0000003097
1102 0.0000003094
1103 0.0000003091
1104 0.0000003088
1105 0.0000003085
1106 0.0000003082
1107 0.0000003079
1108 0.0000003077
1109 0.0000003074
1110 0.0000003071
1111 0.0000003068
1112 0.0000003065
1113 0.0000003062
1114 0.0000003059
1115 0.0000003057
1116 0.0000003054
1117 0.0000003051
1118 0.0000003048
1119 0.0000003045
1120 0.0000003043
1121 0.0000003040
1122 0.0000003037
1123 0.0000003034
1124 0.0000003032
1125 0.0000003029
1126 0.0000003026
1127 0.0000003023
1128 0.0000003021
1129 0.0000003018
1130 0.0000003015
1131 0.0000003012
1132 0.0000003010
1133 0.0000003007
1134 0.0000003004
1135 0.0000003001
1136 0.0000002999
1137 0.0000002996
1138 0.0000002993
1139 0.0000002991
1140 0.0000002988
1141 0.0000002985
1142 0.0000002983
1143 0.0000002980
1144 0.0000002977
1145 0.0000002975
1146 0.0000002972
1147 0.0000002969
1148 0.0000002967
1149 0.0000002964
1150 0.0000002961
1151 0.0000002959
1152 0.0000002956
1153 0.0000002954
1154 0.0000002951
1155 0.0000002948
1156 0.0000002946
1157 0.0000002943
1158 0.0000002940
1159 0.0000002938
1160 0.0000002935
1161 0.0000002933
1162 0.0000002930
1163 0.0000002928
1164 0.0000002925
1165 0.0000002923
1166 0.0000002920
1167 0.0000002917
1168 0.0000002915
1169 0.0000002912
1170 0.0000002910
1171 0.0000002907
1172 0.0000002905
1173 0.0000002902
1174 0.0000002900
1175 0.0000002897
1176 0.0000002895
1177 0.0000002892
1178 0.0000002890
1179 0.0000002887
1180 0.0000002885
1181 0.0000002882
1182 0.0000002880
1183 0.0000002877
1184 0.0000002875
1185 0.0000002872
1186 0.0000002870
1187 0.0000002867
1188 0.0000002865
1189 0.0000002862
1190 0.0000002860
1191 0.0000002858
1192 0.0000002855
1193 0.0000002853
1194 0.0000002850
1195 0.0000002848
1196 0.0000002845
1197 0.0000002843
1198 0.0000002841
1199 0.0000002838
1200 0.0000002836
