1 348
0 0.9818314821
1 0.0072711314
2 0.0022216993
3 0.0013030316
4 0.0008319521
5 0.0005903846
6 0.0004507173
7 0.0003608806
8 0.0002988451
9 0.0002537643
10 0.0002196586
11 0.0001930054
12 0.0001716263
13 0.0001541136
14 0.0001395203
15 0.0001271865
16 0.0001166375
17 0.0001075229
18 0.0000995780
19 0.0000925991
20 0.0000864267
21 0.0000809341
22 0.0000760193
23 0.0000715997
24 0.0000676071
25 0.0000639852
26 0.0000606868
27 0.0000576725
28 0.0000549086
29 0.0000523667
30 0.0000500221
31 0.0000478538
32 0.0000458436
33 0.0000439755
34 0.0000422358
35 0.0000406121
36 0.0000390939
37 0.0000376716
38 0.0000363368
39 0.0000350821
40 0.0000339008
41 0.0000327870
42 0.0000317353
43 0.0000307410
44 0.0000297995
45 0.0000289071
46 0.0000280602
47 0.0000272556
48 0.0000264902
49 0.0000257615
50 0.0000250670
51 0.0000244045
52 0.0000237719
53 0.0000231673
54 0.0000225890
55 0.0000220353
56 0.0000215049
57 0.0000209964
58 0.0000205084
59 0.0000200399
60 0.0000195897
61 0.0000191569
62 0.0000187405
63 0.0000183396
64 0.0000179534
65 0.0000175812
66 0.0000172223
67 0.0000168759
68 0.0000165415
69 0.0000162186
70 0.0000159064
71 0.0000156046
72 0.0000153127
73 0.0000150301
74 0.0000147566
75 0.0000144916
76 0.0000142348
77 0.0000139859
78 0.0000137444
79 0.0000135102
80 0.0000132828
81 0.0000130621
82 0.0000128476
83 0.0000126393
84 0.0000124368
85 0.0000122398
86 0.0000120483
87 0.0000118620
88 0.0000116806
89 0.0000115040
90 0.0000113320
91 0.0000111645
92 0.0000110013
93 0.0000108422
94 0.0000106870
95 0.0000105357
96 0.0000103881
97 0.0000102441
98 0.0000101036
99 0.0000099664
100 0.0000098324
101 0.0000097015
102 0.0000095737
103 0.0000094487
104 0.0000093266
105 0.0000092072
106 0.0000090905
107 0.0000089763
108 0.0000088647
109 0.0000087554
110 0.0000086485
111 0.0000085438
112 0.0000084413
113 0.0000083410
114 0.0000082427
115 0.0000081464
116 0.0000080521
117 0.0000079597
118 0.0000078691
119 0.0000077803
120 0.0000076933
121 0.0000076079
122 0.0000075242
123 0.0000074421
124 0.0000073615
125 0.0000072824
126 0.0000072049
127 0.0000071287
128 0.0000070540
129 0.0000069806
130 0.0000069085
131 0.0000068378
132 0.0000067683
133 0.0000067000
134 0.0000066329
135 0.0000065670
136 0.0000065022
137 0.0000064385
138 0.0000063759
139 0.0000063144
140 0.0000062539
141 0.0000061944
142 0.0000061359
143 0.0000060784
144 0.0000060218
145 0.0000059661
146 0.0000059113
147 0.0000058574
148 0.0000058043
149 0.0000057521
150 0.0000057006
151 0.0000056500
152 0.0000056002
153 0.0000055511
154 0.0000055028
155 0.0000054552
156 0.0000054083
157 0.0000053622
158 0.0000053167
159 0.0000052719
160 0.0000052277
161 0.0000051842
162 0.0000051413
163 0.0000050990
164 0.0000050573
165 0.0000050163
166 0.0000049758
167 0.0000049358
168 0.0000048965
169 0.0000048576
170 0.0000048194
171 0.0000047816
172 0.0000047443
173 0.0000047076
174 0.0000046713
175 0.0000046356
176 0.0000046003
177 0.0000045655
178 0.0000045311
179 0.0000044972
180 0.0000044637
181 0.0000044307
182 0.0000043981
183 0.0000043659
184 0.0000043341
185 0.0000043027
186 0.0000042717
187 0.0000042411
188 0.0000042109
189 0.0000041810
190 0.0000041515
191 0.0000041224
192 0.0000040937
193 0.0000040652
194 0.0000040372
195 0.0000040094
196 0.0000039820
197 0.0000039550
198 0.0000039282
199 0.0000039018
200 0.0000038756
201 0.0000038498
202 0.0000038243
203 0.0000037990
204 0.0000037741
205 0.0000037494
206 0.0000037250
207 0.0000037009
208 0.0000036771
209 0.0000036535
210 0.0000036302
211 0.0000036071
212 0.0000035843
213 0.0000035618
214 0.0000035395
215 0.0000035174
216 0.0000034956
217 0.0000034740
218 0.0000034526
219 0.0000034315
220 0.0000034106
221 0.0000033899
222 0.0000033695
223 0.0000033492
224 0.0000033292
225 0.0000033093
226 0.0000032897
227 0.0000032703
228 0.0000032510
229 0.0000032320
230 0.0000032132
231 0.0000031945
232 0.0000031760
233 0.0000031578
234 0.0000031397
235 0.0000031217
236 0.0000031040
237 0.0000030864
238 0.0000030690
239 0.0000030518
240 0.0000030347
241 0.0000030178
242 0.0000030011
243 0.0000029845
244 0.0000029681
245 0.0000029518
246 0.0000029357
247 0.0000029198
248 0.0000029040
249 0.0000028883
250 0.0000028728
251 0.0000028574
252 0.0000028422
253 0.0000028271
254 0.0000028121
255 0.0000027973
256 0.0000027826
257 0.0000027680
258 0.0000027536
259 0.0000027393
260 0.0000027251
261 0.0000027111
262 0.0000026972
263 0.0000026834
264 0.0000026697
265 0.0000026561
266 0.0000026427
267 0.0000026293
268 0.0000026161
269 0.0000026030
270 0.0000025900
271 0.0000025771
272 0.0000025643
273 0.0000025517
274 0.0000025391
275 0.0000025266
276 0.0000025143
277 0.0000025020
278 0.0000024898
279 0.0000024778
280 0.0000024658
281 0.0000024539
282 0.0000024421
283 0.0000024304
284 0.0000024189
285 0.0000024073
286 0.0000023959
287 0.0000023846
288 0.0000023733
289 0.0000023622
290 0.0000023511
291 0.0000023401
292 0.0000023292
293 0.0000023184
294 0.0000023076
295 0.0000022969
296 0.0000022863
297 0.0000022758
298 0.0000022653
299 0.0000022550
300 0.0000022446
301 0.0000022344
302 0.0000022242
303 0.0000022141
304 0.0000022040
305 0.0000021941
306 0.0000021841
307 0.0000021743
308 0.0000021645
309 0.0000021547
310 0.0000021450
311 0.0000021353
312 0.0000021257
313 0.0000021162
314 0.0000021067
315 0.0000020972
316 0.0000020877
317 0.0000020783
318 0.0000020689
319 0.0000020596
320 0.0000020503
321 0.0000020409
322 0.0000020316
323 0.0000020223
324 0.0000020130
325 0.0000020036
326 0.0000019943
327 0.0000019849
328 0.0000019754
329 0.0000019659
330 0.0000019562
331 0.0000019464
332 0.0000019365
333 0.0000019264
334 0.0000019160
335 0.0000019052
336 0.0000018940
337 0.0000018823
338 0.0000018698
339 0.0000018564
340 0.0000018416
341 0.0000018250
342 0.0000018058
343 0.0000017826
344 0.0000017532
345 0.0000017133
346 0.0000016458
347 0.0000014539
348 0.0000000000
