0 1090
0 0.9714939205
1 0.0057937582
2 0.0024496963
3 0.0017169714
4 0.0012733099
5 0.0010100805
6 0.0008372446
7 0.0007138703
8 0.0006211853
9 0.0005490672
10 0.0004913911
11 0.0004442228
12 0.0004049322
13 0.0003716992
14 0.0003432251
15 0.0003185580
16 0.0002969842
17 0.0002779578
18 0.0002610542
19 0.0002459383
20 0.0002323418
21 0.0002200476
22 0.0002088782
23 0.0001986867
24 0.0001893509
25 0.0001807680
26 0.0001728513
27 0.0001655266
28 0.0001587304
29 0.0001524081
30 0.0001465122
31 0.0001410015
32 0.0001358398
33 0.0001309954
34 0.0001264402
35 0.0001221495
36 0.0001181011
37 0.0001142754
38 0.0001106549
39 0.0001072236
40 0.0001039674
41 0.0001008735
42 0.0000979302
43 0.0000951271
44 0.0000924544
45 0.0000899036
46 0.0000874667
47 0.0000851364
48 0.0000829059
49 0.0000807693
50 0.0000787208
51 0.0000767552
52 0.0000748677
53 0.0000730539
54 0.0000713097
55 0.0000696313
56 0.0000680152
57 0.0000664580
58 0.0000649566
59 0.0000635084
60 0.0000621105
61 0.0000607605
62 0.0000594560
63 0.0000581949
64 0.0000569751
65 0.0000557948
66 0.0000546521
67 0.0000535453
68 0.0000524728
69 0.0000514331
70 0.0000504248
71 0.0000494467
72 0.0000484972
73 0.0000475755
74 0.0000466802
75 0.0000458103
76 0.0000449648
77 0.0000441428
78 0.0000433433
79 0.0000425654
80 0.0000418084
81 0.0000410715
82 0.0000403539
83 0.0000396550
84 0.0000389740
85 0.0000383102
86 0.0000376632
87 0.0000370323
88 0.0000364170
89 0.0000358167
90 0.0000352309
91 0.0000346591
92 0.0000341009
93 0.0000335558
94 0.0000330234
95 0.0000325033
96 0.0000319952
97 0.0000314985
98 0.0000310130
99 0.0000305383
100 0.0000300742
101 0.0000296202
102 0.0000291760
103 0.0000287415
104 0.0000283162
105 0.0000279000
106 0.0000274925
107 0.0000270936
108 0.0000267029
109 0.0000263202
110 0.0000259454
111 0.0000255782
112 0.0000252183
113 0.0000248657
114 0.0000245200
115 0.0000241812
116 0.0000238490
117 0.0000235232
118 0.0000232037
119 0.0000228904
120 0.0000225830
121 0.0000222814
122 0.0000219854
123 0.0000216950
124 0.0000214100
125 0.0000211302
126 0.0000208556
127 0.0000205859
128 0.0000203212
129 0.0000200612
130 0.0000198058
131 0.0000195549
132 0.0000193085
133 0.0000190665
134 0.0000188286
135 0.0000185949
136 0.0000183652
137 0.0000181394
138 0.0000179175
139 0.0000176993
140 0.0000174849
141 0.0000172740
142 0.0000170667
143 0.0000168628
144 0.0000166622
145 0.0000164650
146 0.0000162710
147 0.0000160801
148 0.0000158923
149 0.0000157076
150 0.0000155258
151 0.0000153469
152 0.0000151708
153 0.0000149976
154 0.0000148270
155 0.0000146591
156 0.0000144938
157 0.0000143311
158 0.0000141709
159 0.0000140132
160 0.0000138578
161 0.0000137049
162 0.0000135542
163 0.0000134058
164 0.0000132596
165 0.0000131157
166 0.0000129738
167 0.0000128341
168 0.0000126964
169 0.0000125608
170 0.0000124271
171 0.0000122954
172 0.0000121656
173 0.0000120376
174 0.0000119115
175 0.0000117872
176 0.0000116647
177 0.0000115440
178 0.0000114249
179 0.0000113075
180 0.0000111918
181 0.0000110777
182 0.0000109652
183 0.0000108542
184 0.0000107448
185 0.0000106368
186 0.0000105304
187 0.0000104254
188 0.0000103219
189 0.0000102198
190 0.0000101190
191 0.0000100196
192 0.0000099216
193 0.0000098248
194 0.0000097294
195 0.0000096352
196 0.0000095422
197 0.0000094505
198 0.0000093600
199 0.0000092707
200 0.0000091826
201 0.0000090956
202 0.0000090097
203 0.0000089250
204 0.0000088413
205 0.0000087587
206 0.0000086772
207 0.0000085967
208 0.0000085173
209 0.0000084388
210 0.0000083614
211 0.0000082849
212 0.0000082094
213 0.0000081348
214 0.0000080612
215 0.0000079885
216 0.0000079167
217 0.0000078458
218 0.0000077757
219 0.0000077065
220 0.0000076382
221 0.0000075707
222 0.0000075040
223 0.0000074382
224 0.0000073731
225 0.0000073089
226 0.0000072454
227 0.0000071826
228 0.0000071207
229 0.0000070594
230 0.0000069989
231 0.0000069392
232 0.0000068801
233 0.0000068217
234 0.0000067640
235 0.0000067070
236 0.0000066507
237 0.0000065950
238 0.0000065400
239 0.0000064856
240 0.0000064319
241 0.0000063788
242 0.0000063263
243 0.0000062744
244 0.0000062230
245 0.0000061723
246 0.0000061222
247 0.0000060726
248 0.0000060236
249 0.0000059752
250 0.0000059273
251 0.0000058800
252 0.0000058331
253 0.0000057868
254 0.0000057411
255 0.0000056958
256 0.0000056510
257 0.0000056068
258 0.0000055630
259 0.0000055198
260 0.0000054770
261 0.0000054346
262 0.0000053928
263 0.0000053514
264 0.0000053104
265 0.0000052699
266 0.0000052299
267 0.0000051902
268 0.0000051510
269 0.0000051123
270 0.0000050739
271 0.0000050360
272 0.0000049985
273 0.0000049614
274 0.0000049246
275 0.0000048883
276 0.0000048524
277 0.0000048168
278 0.0000047816
279 0.0000047468
280 0.0000047124
281 0.0000046783
282 0.0000046445
283 0.0000046112
284 0.0000045782
285 0.0000045455
286 0.0000045132
287 0.0000044812
288 0.0000044495
289 0.0000044182
290 0.0000043872
291 0.0000043565
292 0.0000043261
293 0.0000042960
294 0.0000042663
295 0.0000042368
296 0.0000042077
297 0.0000041789
298 0.0000041503
299 0.0000041220
300 0.0000040940
301 0.0000040664
302 0.0000040389
303 0.0000040118
304 0.0000039849
305 0.0000039583
306 0.0000039320
307 0.0000039059
308 0.0000038801
309 0.0000038546
310 0.0000038293
311 0.0000038042
312 0.0000037794
313 0.0000037549
314 0.0000037306
315 0.0000037065
316 0.0000036827
317 0.0000036591
318 0.0000036357
319 0.0000036126
320 0.0000035896
321 0.0000035669
322 0.0000035445
323 0.0000035222
324 0.0000035002
325 0.0000034783
326 0.0000034567
327 0.0000034353
328 0.0000034141
329 0.0000033931
330 0.0000033723
331 0.0000033517
332 0.0000033313
333 0.0000033111
334 0.0000032911
335 0.0000032712
336 0.0000032516
337 0.0000032321
338 0.0000032129
339 0.0000031938
340 0.0000031749
341 0.0000031561
342 0.0000031376
343 0.0000031192
344 0.0000031010
345 0.0000030829
346 0.0000030650
347 0.0000030473
348 0.0000030298
349 0.0000030124
350 0.0000029952
351 0.0000029781
352 0.0000029612
353 0.0000029444
354 0.0000029278
355 0.0000029114
356 0.0000028951
357 0.0000028789
358 0.0000028629
359 0.0000028470
360 0.0000028313
361 0.0000028157
362 0.0000028003
363 0.0000027850
364 0.0000027698
365 0.0000027548
366 0.0000027399
367 0.0000027252
368 0.0000027105
369 0.0000026960
370 0.0000026817
371 0.0000026674
372 0.0000026533
373 0.0000026393
374 0.0000026255
375 0.0000026117
376 0.0000025981
377 0.0000025846
378 0.0000025712
379 0.0000025580
380 0.0000025448
381 0.0000025318
382 0.0000025188
383 0.0000025060
384 0.0000024933
385 0.0000024807
386 0.0000024683
387 0.0000024559
388 0.0000024436
389 0.0000024315
390 0.0000024194
391 0.0000024074
392 0.0000023956
393 0.0000023838
394 0.0000023722
395 0.0000023606
396 0.0000023492
397 0.0000023378
398 0.0000023266
399 0.0000023154
400 0.0000023043
401 0.0000022934
402 0.0000022825
403 0.0000022717
404 0.0000022610
405 0.0000022504
406 0.0000022398
407 0.0000022294
408 0.0000022190
409 0.0000022088
410 0.0000021986
411 0.0000021885
412 0.0000021785
413 0.0000021685
414 0.0000021587
415 0.0000021489
416 0.0000021392
417 0.0000021296
418 0.0000021201
419 0.0000021106
420 0.0000021012
421 0.0000020919
422 0.0000020827
423 0.0000020736
424 0.0000020645
425 0.0000020555
426 0.0000020465
427 0.0000020377
428 0.0000020289
429 0.0000020202
430 0.0000020115
431 0.0000020029
432 0.0000019944
433 0.0000019860
434 0.0000019776
435 0.0000019693
436 0.0000019611
437 0.0000019529
438 0.0000019447
439 0.0000019367
440 0.0000019287
441 0.0000019208
442 0.0000019129
443 0.0000019051
444 0.0000018974
445 0.0000018897
446 0.0000018820
447 0.0000018745
448 0.0000018670
449 0.0000018595
450 0.0000018521
451 0.0000018448
452 0.0000018375
453 0.0000018303
454 0.0000018231
455 0.0000018160
456 0.0000018090
457 0.0000018020
458 0.0000017950
459 0.0000017881
460 0.0000017813
461 0.0000017745
462 0.0000017677
463 0.0000017610
464 0.0000017544
465 0.0000017478
466 0.0000017412
467 0.0000017347
468 0.0000017283
469 0.0000017219
470 0.0000017155
471 0.0000017092
472 0.0000017030
473 0.0000016968
474 0.0000016906
475 0.0000016845
476 0.0000016784
477 0.0000016724
478 0.0000016664
479 0.0000016604
480 0.0000016545
481 0.0000016487
482 0.0000016428
483 0.0000016371
484 0.0000016313
485 0.0000016256
486 0.0000016200
487 0.0000016144
488 0.0000016088
489 0.0000016033
490 0.0000015978
491 0.0000015923
492 0.0000015869
493 0.0000015815
494 0.0000015762
495 0.0000015709
496 0.0000015657
497 0.0000015604
498 0.0000015552
499 0.0000015501
500 0.0000015450
501 0.0000015399
502 0.0000015348
503 0.0000015298
504 0.0000015249
505 0.0000015199
506 0.0000015150
507 0.0000015101
508 0.0000015053
509 0.0000015005
510 0.0000014957
511 0.0000014910
512 0.0000014863
513 0.0000014816
514 0.0000014769
515 0.0000014723
516 0.0000014677
517 0.0000014632
518 0.0000014587
519 0.0000014542
520 0.0000014497
521 0.0000014453
522 0.0000014409
523 0.0000014365
524 0.0000014322
525 0.0000014278
526 0.0000014236
527 0.0000014193
528 0.0000014151
529 0.0000014109
530 0.0000014067
531 0.0000014026
532 0.0000013984
533 0.0000013943
534 0.0000013903
535 0.0000013862
536 0.0000013822
537 0.0000013782
538 0.0000013743
539 0.0000013703
540 0.0000013664
541 0.0000013625
542 0.0000013587
543 0.0000013548
544 0.0000013510
545 0.0000013472
546 0.0000013435
547 0.0000013397
548 0.0000013360
549 0.0000013323
550 0.0000013287
551 0.0000013250
552 0.0000013214
553 0.0000013178
554 0.0000013142
555 0.0000013106
556 0.0000013071
557 0.0000013036
558 0.0000013001
559 0.0000012966
560 0.0000012932
561 0.0000012898
562 0.0000012864
563 0.0000012830
564 0.0000012796
565 0.0000012763
566 0.0000012729
567 0.0000012696
568 0.0000012663
569 0.0000012631
570 0.0000012598
571 0.0000012566
572 0.0000012534
573 0.0000012502
574 0.0000012470
575 0.0000012439
576 0.0000012408
577 0.0000012377
578 0.0000012346
579 0.0000012315
580 0.0000012284
581 0.0000012254
582 0.0000012224
583 0.0000012194
584 0.0000012164
585 0.0000012134
586 0.0000012105
587 0.0000012075
588 0.0000012046
589 0.0000012017
590 0.0000011988
591 0.0000011959
592 0.0000011931
593 0.0000011903
594 0.0000011875
595 0.0000011847
596 0.0000011819
597 0.0000011791
598 0.0000011763
599 0.0000011736
600 0.0000011709
601 0.0000011682
602 0.0000011655
603 0.0000011628
604 0.0000011601
605 0.0000011574
606 0.0000011548
607 0.0000011522
608 0.0000011496
609 0.0000011470
610 0.0000011444
611 0.0000011419
612 0.0000011393
613 0.0000011368
614 0.0000011342
615 0.0000011317
616 0.0000011292
617 0.0000011268
618 0.0000011243
619 0.0000011218
620 0.0000011194
621 0.0000011170
622 0.0000011145
623 0.0000011121
624 0.0000011097
625 0.0000011074
626 0.0000011050
627 0.0000011026
628 0.0000011003
629 0.0000010980
630 0.0000010956
631 0.0000010933
632 0.0000010911
633 0.0000010888
634 0.0000010865
635 0.0000010842
636 0.0000010820
637 0.0000010798
638 0.0000010775
639 0.0000010753
640 0.0000010731
641 0.0000010709
642 0.0000010687
643 0.0000010666
644 0.0000010644
645 0.0000010623
646 0.0000010601
647 0.0000010580
648 0.0000010559
649 0.0000010538
650 0.0000010517
651 0.0000010496
652 0.0000010475
653 0.0000010455
654 0.0000010434
655 0.0000010414
656 0.0000010393
657 0.0000010373
658 0.0000010353
659 0.0000010333
660 0.0000010313
661 0.0000010293
662 0.0000010273
663 0.0000010254
664 0.0000010234
665 0.0000010215
666 0.0000010195
667 0.0000010176
668 0.0000010157
669 0.0000010138
670 0.0000010119
671 0.0000010100
672 0.0000010081
673 0.0000010062
674 0.0000010044
675 0.0000010025
676 0.0000010007
677 0.0000009988
678 0.0000009970
679 0.0000009952
680 0.0000009934
681 0.0000009915
682 0.0000009897
683 0.0000009879
684 0.0000009862
685 0.0000009844
686 0.0000009826
687 0.0000009809
688 0.0000009791
689 0.0000009774
690 0.0000009756
691 0.0000009739
692 0.0000009722
693 0.0000009705
694 0.0000009688
695 0.0000009671
696 0.0000009654
697 0.0000009637
698 0.0000009620
699 0.0000009604
700 0.0000009587
701 0.0000009571
702 0.0000009554
703 0.0000009538
704 0.0000009521
705 0.0000009505
706 0.0000009489
707 0.0000009473
708 0.0000009457
709 0.0000009441
710 0.0000009425
711 0.0000009409
712 0.0000009393
713 0.0000009377
714 0.0000009362
715 0.0000009346
716 0.0000009331
717 0.0000009315
718 0.0000009300
719 0.0000009284
720 0.0000009269
721 0.0000009254
722 0.0000009239
723 0.0000009224
724 0.0000009209
725 0.0000009194
726 0.0000009179
727 0.0000009164
728 0.0000009150
729 0.0000009135
730 0.0000009120
731 0.0000009106
732 0.0000009091
733 0.0000009076
734 0.0000009062
735 0.0000009048
736 0.0000009033
737 0.0000009019
738 0.0000009005
739 0.0000008991
740 0.0000008977
741 0.0000008963
742 0.0000008949
743 0.0000008935
744 0.0000008921
745 0.0000008907
746 0.0000008893
747 0.0000008880
748 0.0000008866
749 0.0000008852
750 0.0000008839
751 0.0000008825
752 0.0000008812
753 0.0000008799
754 0.0000008785
755 0.0000008772
756 0.0000008759
757 0.0000008745
758 0.0000008732
759 0.0000008719
760 0.0000008706
761 0.0000008693
762 0.0000008680
763 0.0000008667
764 0.0000008654
765 0.0000008641
766 0.0000008629
767 0.0000008616
768 0.0000008603
769 0.0000008591
770 0.0000008578
771 0.0000008565
772 0.0000008553
773 0.0000008541
774 0.0000008528
775 0.0000008516
776 0.0000008504
777 0.0000008491
778 0.0000008479
779 0.0000008467
780 0.0000008455
781 0.0000008443
782 0.0000008431
783 0.0000008418
784 0.0000008407
785 0.0000008395
786 0.0000008383
787 0.0000008371
788 0.0000008359
789 0.0000008347
790 0.0000008335
791 0.0000008324
792 0.0000008312
793 0.0000008301
794 0.0000008289
795 0.0000008277
796 0.0000008266
797 0.0000008254
798 0.0000008243
799 0.0000008232
800 0.0000008220
801 0.0000008209
802 0.0000008198
803 0.0000008187
804 0.0000008175
805 0.0000008164
806 0.0000008153
807 0.0000008142
808 0.0000008131
809 0.0000008120
810 0.0000008109
811 0.0000008098
812 0.0000008087
813 0.0000008076
814 0.0000008065
815 0.0000008055
816 0.0000008044
817 0.0000008033
818 0.0000008022
819 0.0000008012
820 0.0000008001
821 0.0000007990
822 0.0000007980
823 0.0000007969
824 0.0000007959
825 0.0000007948
826 0.0000007938
827 0.0000007928
828 0.0000007917
829 0.0000007907
830 0.0000007897
831 0.0000007886
832 0.0000007876
833 0.0000007866
834 0.0000007856
835 0.0000007846
836 0.0000007835
837 0.0000007825
838 0.0000007815
839 0.0000007805
840 0.0000007795
841 0.0000007785
842 0.0000007775
843 0.0000007766
844 0.0000007756
845 0.0000007746
846 0.0000007736
847 0.0000007726
848 0.0000007717
849 0.0000007707
850 0.0000007697
851 0.0000007687
852 0.0000007678
853 0.0000007668
854 0.0000007659
855 0.0000007649
856 0.0000007639
857 0.0000007630
858 0.0000007621
859 0.0000007611
860 0.0000007602
861 0.0000007592
862 0.0000007583
863 0.0000007574
864 0.0000007564
865 0.0000007555
866 0.0000007546
867 0.0000007536
868 0.0000007527
869 0.0000007518
870 0.0000007509
871 0.0000007500
872 0.0000007491
873 0.0000007482
874 0.0000007473
875 0.0000007464
876 0.0000007455
877 0.0000007446
878 0.0000007437
879 0.0000007428
880 0.0000007419
881 0.0000007410
882 0.0000007401
883 0.0000007392
884 0.0000007383
885 0.0000007375
886 0.0000007366
887 0.0000007357
888 0.0000007348
889 0.0000007340
890 0.0000007331
891 0.0000007322
892 0.0000007314
893 0.0000007305
894 0.0000007297
895 0.0000007288
896 0.0000007280
897 0.0000007271
898 0.0000007263
899 0.0000007254
900 0.0000007246
901 0.0000007237
902 0.0000007229
903 0.0000007221
904 0.0000007212
905 0.0000007204
906 0.0000007196
907 0.0000007187
908 0.0000007179
909 0.0000007171
910 0.0000007163
911 0.0000007154
912 0.0000007146
913 0.0000007138
914 0.0000007130
915 0.0000007122
916 0.0000007114
917 0.0000007106
918 0.0000007097
919 0.0000007090
920 0.0000007081
921 0.0000007074
922 0.0000007066
923 0.0000007058
924 0.0000007050
925 0.0000007042
926 0.0000007034
927 0.0000007026
928 0.0000007018
929 0.0000007010
930 0.0000007003
931 0.0000006995
932 0.0000006987
933 0.0000006979
934 0.0000006972
935 0.0000006964
936 0.0000006956
937 0.0000006948
938 0.0000006941
939 0.0000006933
940 0.0000006925
941 0.0000006918
942 0.0000006910
943 0.0000006903
944 0.0000006895
945 0.0000006888
946 0.0000006880
947 0.0000006873
948 0.0000006865
949 0.0000006858
950 0.0000006850
951 0.0000006843
952 0.0000006835
953 0.0000006828
954 0.0000006821
955 0.0000006813
956 0.0000006806
957 0.0000006799
958 0.0000006791
959 0.0000006784
960 0.0000006777
961 0.0000006769
962 0.0000006762
963 0.0000006755
964 0.0000006748
965 0.0000006741
966 0.0000006734
967 0.0000006726
968 0.0000006719
969 0.0000006712
970 0.0000006705
971 0.0000006698
972 0.0000006691
973 0.0000006684
974 0.0000006677
975 0.0000006670
976 0.0000006663
977 0.0000006656
978 0.0000006649
979 0.0000006642
980 0.0000006635
981 0.0000006628
982 0.0000006621
983 0.0000006614
984 0.0000006607
985 0.0000006600
986 0.0000006594
987 0.0000006587
988 0.0000006580
989 0.0000006573
990 0.0000006566
991 0.0000006559
992 0.0000006553
993 0.0000006546
994 0.0000006539
995 0.0000006532
996 0.0000006526
997 0.0000006519
998 0.0000006512
999 0.0000006506
1000 0.0000006499
1001 0.0000006493
1002 0.0000006486
1003 0.0000006479
1004 0.0000006473
1005 0.0000006466
1006 0.0000006460
1007 0.0000006453
1008 0.0000006447
1009 0.0000006440
1010 0.0000006434
1011 0.0000006427
1012 0.0000006420
1013 0.0000006414
1014 0.0000006408
1015 0.0000006401
1016 0.0000006395
1017 0.0000006388
1018 0.0000006382
1019 0.0000006376
1020 0.0000006369
1021 0.0000006363
1022 0.0000006356
1023 0.0000006350
1024 0.0000006344
1025 0.0000006338
1026 0.0000006331
1027 0.0000006325
1028 0.0000006319
1029 0.0000006312
1030 0.0000006306
1031 0.0000006300
1032 0.0000006294
1033 0.0000006288
1034 0.0000006281
1035 0.0000006275
1036 0.0000006269
1037 0.0000006263
1038 0.0000006257
1039 0.0000006251
1040 0.0000006245
1041 0.0000006239
1042 0.0000006233
1043 0.0000006226
1044 0.0000006220
1045 0.0000006214
1046 0.0000006208
1047 0.0000006202
1048 0.0000006196
1049 0.0000006190
1050 0.0000006184
1051 0.0000006178
1052 0.0000006172
1053 0.0000006166
1054 0.0000006160
1055 0.0000006155
1056 0.0000006149
1057 0.0000006143
1058 0.0000006137
1059 0.0000006131
1060 0.0000006125
1061 0.0000006119
1062 0.0000006113
1063 0.0000006108
1064 0.0000006102
1065 0.0000006096
1066 0.0000006090
1067 0.0000006084
1068 0.0000006079
1069 0.0000006073
1070 0.0000006067
1071 0.0000006061
1072 0.0000006056
1073 0.0000006050
1074 0.0000006044
1075 0.0000006038
1076 0.0000006033
1077 0.0000006027
1078 0.0000006021
1079 0.0000006016
1080 0.0000006010
1081 0.0000006005
1082 0.0000005999
1083 0.0000005993
1084 0.0000005988
1085 0.0000005982
1086 0.0000005977
1087 0.0000005971
1088 0.0000005965
1089 0.0000005960
1090 0.0000005954
