0 262
0 0.9643225865
1 0.0087071372
2 0.0030872302
3 0.0019762659
4 0.0013525573
5 0.0010163011
6 0.0008151024
7 0.0006818804
8 0.0005874683
9 0.0005171909
10 0.0004627744
11 0.0004192623
12 0.0003835579
13 0.0003536488
14 0.0003281758
15 0.0003061869
16 0.0002869931
17 0.0002700819
18 0.0002550624
19 0.0002416305
20 0.0002295450
21 0.0002186120
22 0.0002086738
23 0.0001996001
24 0.0001912828
25 0.0001836309
26 0.0001765677
27 0.0001700277
28 0.0001639548
29 0.0001583008
30 0.0001530237
31 0.0001480871
32 0.0001434590
33 0.0001391114
34 0.0001350195
35 0.0001311615
36 0.0001275178
37 0.0001240710
38 0.0001208056
39 0.0001177078
40 0.0001147647
41 0.0001119653
42 0.0001092992
43 0.0001067570
44 0.0001043304
45 0.0001020117
46 0.0000997938
47 0.0000976702
48 0.0000956352
49 0.0000936831
50 0.0000918092
51 0.0000900088
52 0.0000882776
53 0.0000866117
54 0.0000850075
55 0.0000834617
56 0.0000819711
57 0.0000805327
58 0.0000791440
59 0.0000778023
60 0.0000765054
61 0.0000752510
62 0.0000740370
63 0.0000728616
64 0.0000717229
65 0.0000706193
66 0.0000695491
67 0.0000685108
68 0.0000675031
69 0.0000665245
70 0.0000655740
71 0.0000646502
72 0.0000637521
73 0.0000628785
74 0.0000620286
75 0.0000612014
76 0.0000603959
77 0.0000596113
78 0.0000588469
79 0.0000581018
80 0.0000573753
81 0.0000566668
82 0.0000559755
83 0.0000553009
84 0.0000546424
85 0.0000539993
86 0.0000533712
87 0.0000527576
88 0.0000521579
89 0.0000515716
90 0.0000509984
91 0.0000504378
92 0.0000498894
93 0.0000493527
94 0.0000488275
95 0.0000483134
96 0.0000478099
97 0.0000473168
98 0.0000468338
99 0.0000463606
100 0.0000458968
101 0.0000454422
102 0.0000449965
103 0.0000445595
104 0.0000441308
105 0.0000437104
106 0.0000432978
107 0.0000428930
108 0.0000424956
109 0.0000421056
110 0.0000417226
111 0.0000413466
112 0.0000409772
113 0.0000406144
114 0.0000402580
115 0.0000399077
116 0.0000395635
117 0.0000392252
118 0.0000388926
119 0.0000385656
120 0.0000382440
121 0.0000379278
122 0.0000376167
123 0.0000373107
124 0.0000370097
125 0.0000367134
126 0.0000364219
127 0.0000361349
128 0.0000358524
129 0.0000355743
130 0.0000353005
131 0.0000350309
132 0.0000347653
133 0.0000345037
134 0.0000342460
135 0.0000339922
136 0.0000337421
137 0.0000334956
138 0.0000332527
139 0.0000330133
140 0.0000327773
141 0.0000325447
142 0.0000323153
143 0.0000320891
144 0.0000318661
145 0.0000316462
146 0.0000314293
147 0.0000312153
148 0.0000310042
149 0.0000307959
150 0.0000305904
151 0.0000303877
152 0.0000301876
153 0.0000299901
154 0.0000297951
155 0.0000296027
156 0.0000294128
157 0.0000292253
158 0.0000290401
159 0.0000288573
160 0.0000286767
161 0.0000284985
162 0.0000283223
163 0.0000281484
164 0.0000279766
165 0.0000278068
166 0.0000276391
167 0.0000274734
168 0.0000273097
169 0.0000271479
170 0.0000269880
171 0.0000268300
172 0.0000266739
173 0.0000265195
174 0.0000263669
175 0.0000262160
176 0.0000260669
177 0.0000259194
178 0.0000257736
179 0.0000256294
180 0.0000254868
181 0.0000253458
182 0.0000252064
183 0.0000250684
184 0.0000249320
185 0.0000247970
186 0.0000246635
187 0.0000245314
188 0.0000244007
189 0.0000242714
190 0.0000241434
191 0.0000240168
192 0.0000238915
193 0.0000237675
194 0.0000236448
195 0.0000235233
196 0.0000234031
197 0.0000232841
198 0.0000231663
199 0.0000230496
200 0.0000229342
201 0.0000228198
202 0.0000227067
203 0.0000225946
204 0.0000224836
205 0.0000223737
206 0.0000222649
207 0.0000221571
208 0.0000220503
209 0.0000219446
210 0.0000218398
211 0.0000217361
212 0.0000216333
213 0.0000215315
214 0.0000214307
215 0.0000213307
216 0.0000212318
217 0.0000211337
218 0.0000210365
219 0.0000209402
220 0.0000208447
221 0.0000207502
222 0.0000206564
223 0.0000205635
224 0.0000204715
225 0.0000203802
226 0.0000202898
227 0.0000202002
228 0.0000201113
229 0.0000200232
230 0.0000199359
231 0.0000198493
232 0.0000197634
233 0.0000196783
234 0.0000195940
235 0.0000195103
236 0.0000194274
237 0.0000193451
238 0.0000192635
239 0.0000191826
240 0.0000191024
241 0.0000190228
242 0.0000189439
243 0.0000188656
244 0.0000187880
245 0.0000187110
246 0.0000186346
247 0.0000185589
248 0.0000184837
249 0.0000184091
250 0.0000183352
251 0.0000182618
252 0.0000181890
253 0.0000181167
254 0.0000180451
255 0.0000179739
256 0.0000179034
257 0.0000178333
258 0.0000177639
259 0.0000176949
260 0.0000176265
261 0.0000175586
262 0.0000174912
