0 2000
0 0.9931643539
1 0.0018705195
2 0.0007685248
3 0.0005273278
4 0.0003817082
5 0.0002955668
6 0.0002392315
7 0.0001992048
8 0.0001692919
9 0.0001461527
10 0.0001277664
11 0.0001128349
12 0.0001004905
13 0.0000901328
14 0.0000813334
15 0.0000737784
16 0.0000672324
17 0.0000615156
18 0.0000564880
19 0.0000520392
20 0.0000480809
21 0.0000445416
22 0.0000413629
23 0.0000384967
24 0.0000359028
25 0.0000335474
26 0.0000314021
27 0.0000294427
28 0.0000276484
29 0.0000260014
30 0.0000244862
31 0.0000230894
32 0.0000217992
33 0.0000206053
34 0.0000194986
35 0.0000184713
36 0.0000175160
37 0.0000166266
38 0.0000157974
39 0.0000150233
40 0.0000142998
41 0.0000136227
42 0.0000129886
43 0.0000123939
44 0.0000118357
45 0.0000113113
46 0.0000108182
47 0.0000103541
48 0.0000099169
49 0.0000095048
50 0.0000091160
51 0.0000087489
52 0.0000084020
53 0.0000080741
54 0.0000077639
55 0.0000074702
56 0.0000071920
57 0.0000069282
58 0.0000066781
59 0.0000064408
60 0.0000062154
61 0.0000060013
62 0.0000057978
63 0.0000056043
64 0.0000054201
65 0.0000052448
66 0.0000050779
67 0.0000049188
68 0.0000047671
69 0.0000046225
70 0.0000044845
71 0.0000043527
72 0.0000042269
73 0.0000041067
74 0.0000039919
75 0.0000038820
76 0.0000037769
77 0.0000036764
78 0.0000035801
79 0.0000034879
80 0.0000033995
81 0.0000033149
82 0.0000032337
83 0.0000031558
84 0.0000030811
85 0.0000030094
86 0.0000029405
87 0.0000028744
88 0.0000028108
89 0.0000027497
90 0.0000026910
91 0.0000026344
92 0.0000025800
93 0.0000025277
94 0.0000024773
95 0.0000024287
96 0.0000023819
97 0.0000023368
98 0.0000022933
99 0.0000022513
100 0.0000022108
101 0.0000021717
102 0.0000021340
103 0.0000020975
104 0.0000020623
105 0.0000020283
106 0.0000019954
107 0.0000019635
108 0.0000019327
109 0.0000019029
110 0.0000018741
111 0.0000018461
112 0.0000018190
113 0.0000017928
114 0.0000017674
115 0.0000017427
116 0.0000017188
117 0.0000016956
118 0.0000016730
119 0.0000016512
120 0.0000016299
121 0.0000016093
122 0.0000015892
123 0.0000015697
124 0.0000015508
125 0.0000015323
126 0.0000015144
127 0.0000014969
128 0.0000014799
129 0.0000014634
130 0.0000014472
131 0.0000014315
132 0.0000014162
133 0.0000014013
134 0.0000013867
135 0.0000013725
136 0.0000013586
137 0.0000013451
138 0.0000013319
139 0.0000013190
140 0.0000013064
141 0.0000012940
142 0.0000012820
143 0.0000012702
144 0.0000012587
145 0.0000012475
146 0.0000012364
147 0.0000012257
148 0.0000012151
149 0.0000012048
150 0.0000011946
151 0.0000011847
152 0.0000011750
153 0.0000011655
154 0.0000011561
155 0.0000011470
156 0.0000011380
157 0.0000011292
158 0.0000011206
159 0.0000011121
160 0.0000011037
161 0.0000010956
162 0.0000010875
163 0.0000010796
164 0.0000010719
165 0.0000010643
166 0.0000010568
167 0.0000010494
168 0.0000010422
169 0.0000010351
170 0.0000010281
171 0.0000010212
172 0.0000010144
173 0.0000010078
174 0.0000010012
175 0.0000009948
176 0.0000009884
177 0.0000009821
178 0.0000009759
179 0.0000009699
180 0.0000009639
181 0.0000009580
182 0.0000009522
183 0.0000009464
184 0.0000009408
185 0.0000009352
186 0.0000009297
187 0.0000009243
188 0.0000009189
189 0.0000009137
190 0.0000009084
191 0.0000009033
192 0.0000008982
193 0.0000008932
194 0.0000008883
195 0.0000008834
196 0.0000008786
197 0.0000008738
198 0.0000008691
199 0.0000008645
200 0.0000008599
201 0.0000008554
202 0.0000008509
203 0.0000008465
204 0.0000008421
205 0.0000008378
206 0.0000008335
207 0.0000008293
208 0.0000008251
209 0.0000008210
210 0.0000008169
211 0.0000008128
212 0.0000008088
213 0.0000008049
214 0.0000008010
215 0.0000007971
216 0.0000007933
217 0.0000007895
218 0.0000007857
219 0.0000007820
220 0.0000007784
221 0.0000007747
222 0.0000007711
223 0.0000007676
224 0.0000007640
225 0.0000007605
226 0.0000007571
227 0.0000007537
228 0.0000007503
229 0.0000007469
230 0.0000007436
231 0.0000007403
232 0.0000007370
233 0.0000007338
234 0.0000007306
235 0.0000007274
236 0.0000007243
237 0.0000007212
238 0.0000007181
239 0.0000007150
240 0.0000007120
241 0.0000007090
242 0.0000007060
243 0.0000007031
244 0.0000007001
245 0.0000006972
246 0.0000006944
247 0.0000006915
248 0.0000006887
249 0.0000006859
250 0.0000006831
251 0.0000006803
252 0.0000006776
253 0.0000006749
254 0.0000006722
255 0.0000006696
256 0.0000006669
257 0.0000006643
258 0.0000006617
259 0.0000006591
260 0.0000006566
261 0.0000006540
262 0.0000006515
263 0.0000006490
264 0.0000006465
265 0.0000006441
266 0.0000006416
267 0.0000006392
268 0.0000006368
269 0.0000006344
270 0.0000006321
271 0.0000006297
272 0.0000006274
273 0.0000006251
274 0.0000006228
275 0.0000006205
276 0.0000006182
277 0.0000006160
278 0.0000006138
279 0.0000006115
280 0.0000006094
281 0.0000006072
282 0.0000006050
283 0.0000006029
284 0.0000006007
285 0.0000005986
286 0.0000005965
287 0.0000005944
288 0.0000005924
289 0.0000005903
290 0.0000005883
291 0.0000005862
292 0.0000005842
293 0.0000005822
294 0.0000005802
295 0.0000005783
296 0.0000005763
297 0.0000005744
298 0.0000005724
299 0.0000005705
300 0.0000005686
301 0.0000005667
302 0.0000005648
303 0.0000005629
304 0.0000005611
305 0.0000005592
306 0.0000005574
307 0.0000005556
308 0.0000005538
309 0.0000005520
310 0.0000005502
311 0.0000005484
312 0.0000005467
313 0.0000005449
314 0.0000005432
315 0.0000005415
316 0.0000005397
317 0.0000005380
318 0.0000005364
319 0.0000005347
320 0.0000005330
321 0.0000005313
322 0.0000005297
323 0.0000005280
324 0.0000005264
325 0.0000005248
326 0.0000005232
327 0.0000005216
328 0.0000005200
329 0.0000005184
330 0.0000005168
331 0.0000005153
332 0.0000005137
333 0.0000005122
334 0.0000005106
335 0.0000005091
336 0.0000005076
337 0.0000005061
338 0.0000005046
339 0.0000005031
340 0.0000005016
341 0.0000005001
342 0.0000004987
343 0.0000004972
344 0.0000004958
345 0.0000004943
346 0.0000004929
347 0.0000004915
348 0.0000004901
349 0.0000004887
350 0.0000004873
351 0.0000004859
352 0.0000004845
353 0.0000004831
354 0.0000004818
355 0.0000004804
356 0.0000004791
357 0.0000004777
358 0.0000004764
359 0.0000004750
360 0.0000004737
361 0.0000004724
362 0.0000004711
363 0.0000004698
364 0.0000004685
365 0.0000004672
366 0.0000004660
367 0.0000004647
368 0.0000004634
369 0.0000004622
370 0.0000004609
371 0.0000004597
372 0.0000004584
373 0.0000004572
374 0.0000004560
375 0.0000004548
376 0.0000004536
377 0.0000004524
378 0.0000004512
379 0.0000004500
380 0.0000004488
381 0.0000004476
382 0.0000004464
383 0.0000004453
384 0.0000004441
385 0.0000004429
386 0.0000004418
387 0.0000004407
388 0.0000004395
389 0.0000004384
390 0.0000004373
391 0.0000004361
392 0.0000004350
393 0.0000004339
394 0.0000004328
395 0.0000004317
396 0.0000004306
397 0.0000004296
398 0.0000004285
399 0.0000004274
400 0.0000004263
401 0.0000004253
402 0.0000004242
403 0.0000004232
404 0.0000004221
405 0.0000004211
406 0.0000004200
407 0.0000004190
408 0.0000004180
409 0.0000004169
410 0.0000004159
411 0.0000004149
412 0.0000004139
413 0.0000004129
414 0.0000004119
415 0.0000004109
416 0.0000004099
417 0.0000004089
418 0.0000004080
419 0.0000004070
420 0.0000004060
421 0.0000004051
422 0.0000004041
423 0.0000004031
424 0.0000004022
425 0.0000004012
426 0.0000004003
427 0.0000003994
428 0.0000003984
429 0.0000003975
430 0.0000003966
431 0.0000003957
432 0.0000003947
433 0.0000003938
434 0.0000003929
435 0.0000003920
436 0.0000003911
437 0.0000003902
438 0.0000003893
439 0.0000003884
440 0.0000003876
441 0.0000003867
442 0.0000003858
443 0.0000003849
444 0.0000003841
445 0.0000003832
446 0.0000003823
447 0.0000003815
448 0.0000003806
449 0.0000003798
450 0.0000003789
451 0.0000003781
452 0.0000003773
453 0.0000003764
454 0.0000003756
455 0.0000003748
456 0.0000003740
457 0.0000003731
458 0.0000003723
459 0.0000003715
460 0.0000003707
461 0.0000003699
462 0.0000003691
463 0.0000003683
464 0.0000003675
465 0.0000003667
466 0.0000003659
467 0.0000003651
468 0.0000003644
469 0.0000003636
470 0.0000003628
471 0.0000003620
472 0.0000003613
473 0.0000003605
474 0.0000003598
475 0.0000003590
476 0.0000003582
477 0.0000003575
478 0.0000003567
479 0.0000003560
480 0.0000003553
481 0.0000003545
482 0.0000003538
483 0.0000003530
484 0.0000003523
485 0.0000003516
486 0.0000003509
487 0.0000003501
488 0.0000003494
489 0.0000003487
490 0.0000003480
491 0.0000003473
492 0.0000003466
493 0.0000003459
494 0.0000003452
495 0.0000003445
496 0.0000003438
497 0.0000003431
498 0.0000003424
499 0.0000003417
500 0.0000003410
501 0.0000003404
502 0.0000003397
503 0.0000003390
504 0.0000003383
505 0.0000003377
506 0.0000003370
507 0.0000003363
508 0.0000003357
509 0.0000003350
510 0.0000003344
511 0.0000003337
512 0.0000003330
513 0.0000003324
514 0.0000003317
515 0.0000003311
516 0.0000003305
517 0.0000003298
518 0.0000003292
519 0.0000003286
520 0.0000003279
521 0.0000003273
522 0.0000003267
523 0.0000003260
524 0.0000003254
525 0.0000003248
526 0.0000003242
527 0.0000003236
528 0.0000003229
529 0.0000003223
530 0.0000003217
531 0.0000003211
532 0.0000003205
533 0.0000003199
534 0.0000003193
535 0.0000003187
536 0.0000003181
537 0.0000003175
538 0.0000003169
539 0.0000003164
540 0.0000003158
541 0.0000003152
542 0.0000003146
543 0.0000003140
544 0.0000003134
545 0.0000003129
546 0.0000003123
547 0.0000003117
548 0.0000003112
549 0.0000003106
550 0.0000003100
551 0.0000003095
552 0.0000003089
553 0.0000003083
554 0.0000003078
555 0.0000003072
556 0.0000003067
557 0.0000003061
558 0.0000003056
559 0.0000003050
560 0.0000003045
561 0.0000003039
562 0.0000003034
563 0.0000003029
564 0.0000003023
565 0.0000003018
566 0.0000003013
567 0.0000003007
568 0.0000003002
569 0.0000002997
570 0.0000002991
571 0.0000002986
572 0.0000002981
573 0.0000002976
574 0.0000002971
575 0.0000002965
576 0.0000002960
577 0.0000002955
578 0.0000002950
579 0.0000002945
580 0.0000002940
581 0.0000002935
582 0.0000002930
583 0.0000002925
584 0.0000002920
585 0.0000002915
586 0.0000002910
587 0.0000002905
588 0.0000002900
589 0.0000002895
590 0.0000002890
591 0.0000002885
592 0.0000002880
593 0.0000002875
594 0.0000002871
595 0.0000002866
596 0.0000002861
597 0.0000002856
598 0.0000002851
599 0.0000002847
600 0.0000002842
601 0.0000002837
602 0.0000002832
603 0.0000002828
604 0.0000002823
605 0.0000002818
606 0.0000002814
607 0.0000002809
608 0.0000002804
609 0.0000002800
610 0.0000002795
611 0.0000002791
612 0.0000002786
613 0.0000002781
614 0.0000002777
615 0.0000002772
616 0.0000002768
617 0.0000002763
618 0.0000002759
619 0.0000002755
620 0.0000002750
621 0.0000002746
622 0.0000002741
623 0.0000002737
624 0.0000002732
625 0.0000002728
626 0.0000002724
627 0.0000002719
628 0.0000002715
629 0.0000002711
630 0.0000002706
631 0.0000002702
632 0.0000002698
633 0.0000002694
634 0.0000002689
635 0.0000002685
636 0.0000002681
637 0.0000002677
638 0.0000002672
639 0.0000002668
640 0.0000002664
641 0.0000002660
642 0.0000002656
643 0.0000002652
644 0.0000002648
645 0.0000002643
646 0.0000002639
647 0.0000002635
648 0.0000002631
649 0.0000002627
650 0.0000002623
651 0.0000002619
652 0.0000002615
653 0.0000002611
654 0.0000002607
655 0.0000002603
656 0.0000002599
657 0.0000002595
658 0.0000002591
659 0.0000002587
660 0.0000002583
661 0.0000002579
662 0.0000002575
663 0.0000002572
664 0.0000002568
665 0.0000002564
666 0.0000002560
667 0.0000002556
668 0.0000002552
669 0.0000002549
670 0.0000002545
671 0.0000002541
672 0.0000002537
673 0.0000002533
674 0.0000002530
675 0.0000002526
676 0.0000002522
677 0.0000002518
678 0.0000002515
679 0.0000002511
680 0.0000002507
681 0.0000002504
682 0.0000002500
683 0.0000002496
684 0.0000002493
685 0.0000002489
686 0.0000002485
687 0.0000002482
688 0.0000002478
689 0.0000002475
690 0.0000002471
691 0.0000002467
692 0.0000002464
693 0.0000002460
694 0.0000002457
695 0.0000002453
696 0.0000002450
697 0.0000002446
698 0.0000002443
699 0.0000002439
700 0.0000002436
701 0.0000002432
702 0.0000002429
703 0.0000002425
704 0.0000002422
705 0.0000002418
706 0.0000002415
707 0.0000002411
708 0.0000002408
709 0.0000002405
710 0.0000002401
711 0.0000002398
712 0.0000002395
713 0.0000002391
714 0.0000002388
715 0.0000002384
716 0.0000002381
717 0.0000002378
718 0.0000002374
719 0.0000002371
720 0.0000002368
721 0.0000002365
722 0.0000002361
723 0.0000002358
724 0.0000002355
725 0.0000002352
726 0.0000002348
727 0.0000002345
728 0.0000002342
729 0.0000002339
730 0.0000002335
731 0.0000002332
732 0.0000002329
733 0.0000002326
734 0.0000002323
735 0.0000002320
736 0.0000002316
737 0.0000002313
738 0.0000002310
739 0.0000002307
740 0.0000002304
741 0.0000002301
742 0.0000002298
743 0.0000002295
744 0.0000002291
745 0.0000002288
746 0.0000002285
747 0.0000002282
748 0.0000002279
749 0.0000002276
750 0.0000002273
751 0.0000002270
752 0.0000002267
753 0.0000002264
754 0.0000002261
755 0.0000002258
756 0.0000002255
757 0.0000002252
758 0.0000002249
759 0.0000002246
760 0.0000002243
761 0.0000002240
762 0.0000002237
763 0.0000002234
764 0.0000002231
765 0.0000002228
766 0.0000002226
767 0.0000002223
768 0.0000002220
769 0.0000002217
770 0.0000002214
771 0.0000002211
772 0.0000002208
773 0.0000002205
774 0.0000002203
775 0.0000002200
776 0.0000002197
777 0.0000002194
778 0.0000002191
779 0.0000002188
780 0.0000002186
781 0.0000002183
782 0.0000002180
783 0.0000002177
784 0.0000002174
785 0.0000002172
786 0.0000002169
787 0.0000002166
788 0.0000002163
789 0.0000002161
790 0.0000002158
791 0.0000002155
792 0.0000002152
793 0.0000002150
794 0.0000002147
795 0.0000002144
796 0.0000002142
797 0.0000002139
798 0.0000002136
799 0.0000002134
800 0.0000002131
801 0.0000002128
802 0.0000002126
803 0.0000002123
804 0.0000002120
805 0.0000002118
806 0.0000002115
807 0.0000002112
808 0.0000002110
809 0.0000002107
810 0.0000002105
811 0.0000002102
812 0.0000002099
813 0.0000002097
814 0.0000002094
815 0.0000002092
816 0.0000002089
817 0.0000002087
818 0.0000002084
819 0.0000002081
820 0.0000002079
821 0.0000002076
822 0.0000002074
823 0.0000002071
824 0.0000002069
825 0.0000002066
826 0.0000002064
827 0.0000002061
828 0.0000002059
829 0.0000002056
830 0.0000002054
831 0.0000002051
832 0.0000002049
833 0.0000002046
834 0.0000002044
835 0.0000002042
836 0.0000002039
837 0.0000002037
838 0.0000002034
839 0.0000002032
840 0.0000002029
841 0.0000002027
842 0.0000002025
843 0.0000002022
844 0.0000002020
845 0.0000002017
846 0.0000002015
847 0.0000002013
848 0.0000002010
849 0.0000002008
850 0.0000002005
851 0.0000002003
852 0.0000002001
853 0.0000001998
854 0.0000001996
855 0.0000001994
856 0.0000001991
857 0.0000001989
858 0.0000001987
859 0.0000001984
860 0.0000001982
861 0.0000001980
862 0.0000001977
863 0.0000001975
864 0.0000001973
865 0.0000001971
866 0.0000001968
867 0.0000001966
868 0.0000001964
869 0.0000001962
870 0.0000001959
871 0.0000001957
872 0.0000001955
873 0.0000001953
874 0.0000001950
875 0.0000001948
876 0.0000001946
877 0.0000001944
878 0.0000001941
879 0.0000001939
880 0.0000001937
881 0.0000001935
882 0.0000001933
883 0.0000001930
884 0.0000001928
885 0.0000001926
886 0.0000001924
887 0.0000001922
888 0.0000001920
889 0.0000001917
890 0.0000001915
891 0.0000001913
892 0.0000001911
893 0.0000001909
894 0.0000001907
895 0.0000001905
896 0.0000001902
897 0.0000001900
898 0.0000001898
899 0.0000001896
900 0.0000001894
901 0.0000001892
902 0.0000001890
903 0.0000001888
904 0.0000001886
905 0.0000001883
906 0.0000001881
907 0.0000001879
908 0.0000001877
909 0.0000001875
910 0.0000001873
911 0.0000001871
912 0.0000001869
913 0.0000001867
914 0.0000001865
915 0.0000001863
916 0.0000001861
917 0.0000001859
918 0.0000001857
919 0.0000001855
920 0.0000001853
921 0.0000001851
922 0.0000001849
923 0.0000001847
924 0.0000001845
925 0.0000001843
926 0.0000001841
927 0.0000001839
928 0.0000001837
929 0.0000001835
930 0.0000001833
931 0.0000001831
932 0.0000001829
933 0.0000001827
934 0.0000001825
935 0.0000001823
936 0.0000001821
937 0.0000001819
938 0.0000001817
939 0.0000001815
940 0.0000001813
941 0.0000001811
942 0.0000001809
943 0.0000001807
944 0.0000001806
945 0.0000001804
946 0.0000001802
947 0.0000001800
948 0.0000001798
949 0.0000001796
950 0.0000001794
951 0.0000001792
952 0.0000001790
953 0.0000001788
954 0.0000001787
955 0.0000001785
956 0.0000001783
957 0.0000001781
958 0.0000001779
959 0.0000001777
960 0.0000001775
961 0.0000001774
962 0.0000001772
963 0.0000001770
964 0.0000001768
965 0.0000001766
966 0.0000001764
967 0.0000001763
968 0.0000001761
969 0.0000001759
970 0.0000001757
971 0.0000001755
972 0.0000001753
973 0.0000001752
974 0.0000001750
975 0.0000001748
976 0.0000001746
977 0.0000001744
978 0.0000001743
979 0.0000001741
980 0.0000001739
981 0.0000001737
982 0.0000001736
983 0.0000001734
984 0.0000001732
985 0.0000001730
986 0.0000001729
987 0.0000001727
988 0.0000001725
989 0.0000001723
990 0.0000001721
991 0.0000001720
992 0.0000001718
993 0.0000001716
994 0.0000001715
995 0.0000001713
996 0.0000001711
997 0.0000001709
998 0.0000001708
999 0.0000001706
1000 0.0000001704
1001 0.0000001703
1002 0.0000001701
1003 0.0000001699
1004 0.0000001697
1005 0.0000001696
1006 0.0000001694
1007 0.0000001692
1008 0.0000001691
1009 0.0000001689
1010 0.0000001687
1011 0.0000001686
1012 0.0000001684
1013 0.0000001682
1014 0.0000001681
1015 0.0000001679
1016 0.0000001677
1017 0.0000001676
1018 0.0000001674
1019 0.0000001672
1020 0.0000001671
1021 0.0000001669
1022 0.0000001668
1023 0.0000001666
1024 0.0000001664
1025 0.0000001663
1026 0.0000001661
1027 0.0000001659
1028 0.0000001658
1029 0.0000001656
1030 0.0000001655
1031 0.0000001653
1032 0.0000001651
1033 0.0000001650
1034 0.0000001648
1035 0.0000001647
1036 0.0000001645
1037 0.0000001643
1038 0.0000001642
1039 0.0000001640
1040 0.0000001639
1041 0.0000001637
1042 0.0000001635
1043 0.0000001634
1044 0.0000001632
1045 0.0000001631
1046 0.0000001629
1047 0.0000001628
1048 0.0000001626
1049 0.0000001625
1050 0.0000001623
1051 0.0000001621
1052 0.0000001620
1053 0.0000001618
1054 0.0000001617
1055 0.0000001615
1056 0.0000001614
1057 0.0000001612
1058 0.0000001611
1059 0.0000001609
1060 0.0000001608
1061 0.0000001606
1062 0.0000001605
1063 0.0000001603
1064 0.0000001602
1065 0.0000001600
1066 0.0000001599
1067 0.0000001597
1068 0.0000001596
1069 0.0000001594
1070 0.0000001593
1071 0.0000001591
1072 0.0000001590
1073 0.0000001588
1074 0.0000001587
1075 0.0000001585
1076 0.0000001584
1077 0.0000001582
1078 0.0000001581
1079 0.0000001579
1080 0.0000001578
1081 0.0000001576
1082 0.0000001575
1083 0.0000001573
1084 0.0000001572
1085 0.0000001571
1086 0.0000001569
1087 0.0000001568
1088 0.0000001566
1089 0.0000001565
1090 0.0000001563
1091 0.0000001562
1092 0.0000001560
1093 0.0000001559
1094 0.0000001558
1095 0.0000001556
1096 0.0000001555
1097 0.0000001553
1098 0.0000001552
1099 0.0000001550
1100 0.0000001549
1101 0.0000001548
1102 0.0000001546
1103 0.0000001545
1104 0.0000001543
1105 0.0000001542
1106 0.0000001541
1107 0.0000001539
1108 0.0000001538
1109 0.0000001536
1110 0.0000001535
1111 0.0000001534
1112 0.0000001532
1113 0.0000001531
1114 0.0000001530
1115 0.0000001528
1116 0.0000001527
1117 0.0000001525
1118 0.0000001524
1119 0.0000001523
1120 0.0000001521
1121 0.0000001520
1122 0.0000001519
1123 0.0000001517
1124 0.0000001516
1125 0.0000001515
1126 0.0000001513
1127 0.0000001512
1128 0.0000001510
1129 0.0000001509
1130 0.0000001508
1131 0.0000001506
1132 0.0000001505
1133 0.0000001504
1134 0.0000001502
1135 0.0000001501
1136 0.0000001500
1137 0.0000001499
1138 0.0000001497
1139 0.0000001496
1140 0.0000001495
1141 0.0000001493
1142 0.0000001492
1143 0.0000001491
1144 0.0000001489
1145 0.0000001488
1146 0.0000001487
1147 0.0000001485
1148 0.0000001484
1149 0.0000001483
1150 0.0000001482
1151 0.0000001480
1152 0.0000001479
1153 0.0000001478
1154 0.0000001476
1155 0.0000001475
1156 0.0000001474
1157 0.0000001473
1158 0.0000001471
1159 0.0000001470
1160 0.0000001469
1161 0.0000001467
1162 0.0000001466
1163 0.0000001465
1164 0.0000001464
1165 0.0000001462
1166 0.0000001461
1167 0.0000001460
1168 0.0000001459
1169 0.0000001457
1170 0.0000001456
1171 0.0000001455
1172 0.0000001454
1173 0.0000001452
1174 0.0000001451
1175 0.0000001450
1176 0.0000001449
1177 0.0000001447
1178 0.0000001446
1179 0.0000001445
1180 0.0000001444
1181 0.0000001443
1182 0.0000001441
1183 0.0000001440
1184 0.0000001439
1185 0.0000001438
1186 0.0000001436
1187 0.0000001435
1188 0.0000001434
1189 0.0000001433
1190 0.0000001432
1191 0.0000001430
1192 0.0000001429
1193 0.0000001428
1194 0.0000001427
1195 0.0000001426
1196 0.0000001424
1197 0.0000001423
1198 0.0000001422
1199 0.0000001421
1200 0.0000001420
1201 0.0000001418
1202 0.0000001417
1203 0.0000001416
1204 0.0000001415
1205 0.0000001414
1206 0.0000001413
1207 0.0000001411
1208 0.0000001410
1209 0.0000001409
1210 0.0000001408
1211 0.0000001407
1212 0.0000001406
1213 0.0000001404
1214 0.0000001403
1215 0.0000001402
1216 0.0000001401
1217 0.0000001400
1218 0.0000001399
1219 0.0000001397
1220 0.0000001396
1221 0.0000001395
1222 0.0000001394
1223 0.0000001393
1224 0.0000001392
1225 0.0000001391
1226 0.0000001389
1227 0.0000001388
1228 0.0000001387
1229 0.0000001386
1230 0.0000001385
1231 0.0000001384
1232 0.0000001383
1233 0.0000001382
1234 0.0000001380
1235 0.0000001379
1236 0.0000001378
1237 0.0000001377
1238 0.0000001376
1239 0.0000001375
1240 0.0000001374
1241 0.0000001373
1242 0.0000001371
1243 0.0000001370
1244 0.0000001369
1245 0.0000001368
1246 0.0000001367
1247 0.0000001366
1248 0.0000001365
1249 0.0000001364
1250 0.0000001363
1251 0.0000001362
1252 0.0000001360
1253 0.0000001359
1254 0.0000001358
1255 0.0000001357
1256 0.0000001356
1257 0.0000001355
1258 0.0000001354
1259 0.0000001353
1260 0.0000001352
1261 0.0000001351
1262 0.0000001350
1263 0.0000001349
1264 0.0000001348
1265 0.0000001346
1266 0.0000001345
1267 0.0000001344
1268 0.0000001343
1269 0.0000001342
1270 0.0000001341
1271 0.0000001340
1272 0.0000001339
1273 0.0000001338
1274 0.0000001337
1275 0.0000001336
1276 0.0000001335
1277 0.0000001334
1278 0.0000001333
1279 0.0000001332
1280 0.0000001331
1281 0.0000001330
1282 0.0000001329
1283 0.0000001327
1284 0.0000001326
1285 0.0000001325
1286 0.0000001324
1287 0.0000001323
1288 0.0000001322
1289 0.0000001321
1290 0.0000001320
1291 0.0000001319
1292 0.0000001318
1293 0.0000001317
1294 0.0000001316
1295 0.0000001315
1296 0.0000001314
1297 0.0000001313
1298 0.0000001312
1299 0.0000001311
1300 0.0000001310
1301 0.0000001309
1302 0.0000001308
1303 0.0000001307
1304 0.0000001306
1305 0.0000001305
1306 0.0000001304
1307 0.0000001303
1308 0.0000001302
1309 0.0000001301
1310 0.0000001300
1311 0.0000001299
1312 0.0000001298
1313 0.0000001297
1314 0.0000001296
1315 0.0000001295
1316 0.0000001294
1317 0.0000001293
1318 0.0000001292
1319 0.0000001291
1320 0.0000001290
1321 0.0000001289
1322 0.0000001288
1323 0.0000001287
1324 0.0000001286
1325 0.0000001285
1326 0.0000001284
1327 0.0000001283
1328 0.0000001282
1329 0.0000001281
1330 0.0000001280
1331 0.0000001279
1332 0.0000001278
1333 0.0000001277
1334 0.0000001276
1335 0.0000001276
1336 0.0000001275
1337 0.0000001274
1338 0.0000001273
1339 0.0000001272
1340 0.0000001271
1341 0.0000001270
1342 0.0000001269
1343 0.0000001268
1344 0.0000001267
1345 0.0000001266
1346 0.0000001265
1347 0.0000001264
1348 0.0000001263
1349 0.0000001262
1350 0.0000001261
1351 0.0000001260
1352 0.0000001259
1353 0.0000001258
1354 0.0000001258
1355 0.0000001257
1356 0.0000001256
1357 0.0000001255
1358 0.0000001254
1359 0.0000001253
1360 0.0000001252
1361 0.0000001251
1362 0.0000001250
1363 0.0000001249
1364 0.0000001248
1365 0.0000001247
1366 0.0000001246
1367 0.0000001246
1368 0.0000001245
1369 0.0000001244
1370 0.0000001243
1371 0.0000001242
1372 0.0000001241
1373 0.0000001240
1374 0.0000001239
1375 0.0000001238
1376 0.0000001237
1377 0.0000001236
1378 0.0000001236
1379 0.0000001235
1380 0.0000001234
1381 0.0000001233
1382 0.0000001232
1383 0.0000001231
1384 0.0000001230
1385 0.0000001229
1386 0.0000001228
1387 0.0000001227
1388 0.0000001227
1389 0.0000001226
1390 0.0000001225
1391 0.0000001224
1392 0.0000001223
1393 0.0000001222
1394 0.0000001221
1395 0.0000001220
1396 0.0000001219
1397 0.0000001219
1398 0.0000001218
1399 0.0000001217
1400 0.0000001216
1401 0.0000001215
1402 0.0000001214
1403 0.0000001213
1404 0.0000001212
1405 0.0000001212
1406 0.0000001211
1407 0.0000001210
1408 0.0000001209
1409 0.0000001208
1410 0.0000001207
1411 0.0000001206
1412 0.0000001206
1413 0.0000001205
1414 0.0000001204
1415 0.0000001203
1416 0.0000001202
1417 0.0000001201
1418 0.0000001200
1419 0.0000001200
1420 0.0000001199
1421 0.0000001198
1422 0.0000001197
1423 0.0000001196
1424 0.0000001195
1425 0.0000001194
1426 0.0000001194
1427 0.0000001193
1428 0.0000001192
1429 0.0000001191
1430 0.0000001190
1431 0.0000001189
1432 0.0000001189
1433 0.0000001188
1434 0.0000001187
1435 0.0000001186
1436 0.0000001185
1437 0.0000001184
1438 0.0000001184
1439 0.0000001183
1440 0.0000001182
1441 0.0000001181
1442 0.0000001180
1443 0.0000001179
1444 0.0000001179
1445 0.0000001178
1446 0.0000001177
1447 0.0000001176
1448 0.0000001175
1449 0.0000001175
1450 0.0000001174
1451 0.0000001173
1452 0.0000001172
1453 0.0000001171
1454 0.0000001170
1455 0.0000001170
1456 0.0000001169
1457 0.0000001168
1458 0.0000001167
1459 0.0000001166
1460 0.0000001166
1461 0.0000001165
1462 0.0000001164
1463 0.0000001163
1464 0.0000001162
1465 0.0000001162
1466 0.0000001161
1467 0.0000001160
1468 0.0000001159
1469 0.0000001158
1470 0.0000001158
1471 0.0000001157
1472 0.0000001156
1473 0.0000001155
1474 0.0000001154
1475 0.0000001154
1476 0.0000001153
1477 0.0000001152
1478 0.0000001151
1479 0.0000001151
1480 0.0000001150
1481 0.0000001149
1482 0.0000001148
1483 0.0000001147
1484 0.0000001147
1485 0.0000001146
1486 0.0000001145
1487 0.0000001144
1488 0.0000001144
1489 0.0000001143
1490 0.0000001142
1491 0.0000001141
1492 0.0000001140
1493 0.0000001140
1494 0.0000001139
1495 0.0000001138
1496 0.0000001137
1497 0.0000001137
1498 0.0000001136
1499 0.0000001135
1500 0.0000001134
1501 0.0000001134
1502 0.0000001133
1503 0.0000001132
1504 0.0000001131
1505 0.0000001130
1506 0.0000001130
1507 0.0000001129
1508 0.0000001128
1509 0.0000001127
1510 0.0000001127
1511 0.0000001126
1512 0.0000001125
1513 0.0000001124
1514 0.0000001124
1515 0.0000001123
1516 0.0000001122
1517 0.0000001121
1518 0.0000001121
1519 0.0000001120
1520 0.0000001119
1521 0.0000001118
1522 0.0000001118
1523 0.0000001117
1524 0.0000001116
1525 0.0000001115
1526 0.0000001115
1527 0.0000001114
1528 0.0000001113
1529 0.0000001113
1530 0.0000001112
1531 0.0000001111
1532 0.0000001110
1533 0.0000001110
1534 0.0000001109
1535 0.0000001108
1536 0.0000001107
1537 0.0000001107
1538 0.0000001106
1539 0.0000001105
1540 0.0000001104
1541 0.0000001104
1542 0.0000001103
1543 0.0000001102
1544 0.0000001102
1545 0.0000001101
1546 0.0000001100
1547 0.0000001099
1548 0.0000001099
1549 0.0000001098
1550 0.0000001097
1551 0.0000001097
1552 0.0000001096
1553 0.0000001095
1554 0.0000001094
1555 0.0000001094
1556 0.0000001093
1557 0.0000001092
1558 0.0000001092
1559 0.0000001091
1560 0.0000001090
1561 0.0000001089
1562 0.0000001089
1563 0.0000001088
1564 0.0000001087
1565 0.0000001087
1566 0.0000001086
1567 0.0000001085
1568 0.0000001085
1569 0.0000001084
1570 0.0000001083
1571 0.0000001082
1572 0.0000001082
1573 0.0000001081
1574 0.0000001080
1575 0.0000001080
1576 0.0000001079
1577 0.0000001078
1578 0.0000001078
1579 0.0000001077
1580 0.0000001076
1581 0.0000001075
1582 0.0000001075
1583 0.0000001074
1584 0.0000001073
1585 0.0000001073
1586 0.0000001072
1587 0.0000001071
1588 0.0000001071
1589 0.0000001070
1590 0.0000001069
1591 0.0000001069
1592 0.0000001068
1593 0.0000001067
1594 0.0000001067
1595 0.0000001066
1596 0.0000001065
1597 0.0000001065
1598 0.0000001064
1599 0.0000001063
1600 0.0000001062
1601 0.0000001062
1602 0.0000001061
1603 0.0000001060
1604 0.0000001060
1605 0.0000001059
1606 0.0000001058
1607 0.0000001058
1608 0.0000001057
1609 0.0000001056
1610 0.0000001056
1611 0.0000001055
1612 0.0000001054
1613 0.0000001054
1614 0.0000001053
1615 0.0000001052
1616 0.0000001052
1617 0.0000001051
1618 0.0000001050
1619 0.0000001050
1620 0.0000001049
1621 0.0000001048
1622 0.0000001048
1623 0.0000001047
1624 0.0000001047
1625 0.0000001046
1626 0.0000001045
1627 0.0000001045
1628 0.0000001044
1629 0.0000001043
1630 0.0000001043
1631 0.0000001042
1632 0.0000001041
1633 0.0000001041
1634 0.0000001040
1635 0.0000001039
1636 0.0000001039
1637 0.0000001038
1638 0.0000001037
1639 0.0000001037
1640 0.0000001036
1641 0.0000001035
1642 0.0000001035
1643 0.0000001034
1644 0.0000001034
1645 0.0000001033
1646 0.0000001032
1647 0.0000001032
1648 0.0000001031
1649 0.0000001030
1650 0.0000001030
1651 0.0000001029
1652 0.0000001028
1653 0.0000001028
1654 0.0000001027
1655 0.0000001027
1656 0.0000001026
1657 0.0000001025
1658 0.0000001025
1659 0.0000001024
1660 0.0000001023
1661 0.0000001023
1662 0.0000001022
1663 0.0000001021
1664 0.0000001021
1665 0.0000001020
1666 0.0000001020
1667 0.0000001019
1668 0.0000001018
1669 0.0000001018
1670 0.0000001017
1671 0.0000001016
1672 0.0000001016
1673 0.0000001015
1674 0.0000001015
1675 0.0000001014
1676 0.0000001013
1677 0.0000001013
1678 0.0000001012
1679 0.0000001011
1680 0.0000001011
1681 0.0000001010
1682 0.0000001010
1683 0.0000001009
1684 0.0000001008
1685 0.0000001008
1686 0.0000001007
1687 0.0000001007
1688 0.0000001006
1689 0.0000001005
1690 0.0000001005
1691 0.0000001004
1692 0.0000001003
1693 0.0000001003
1694 0.0000001002
1695 0.0000001002
1696 0.0000001001
1697 0.0000001000
1698 0.0000001000
1699 0.0000000999
1700 0.0000000999
1701 0.0000000998
1702 0.0000000997
1703 0.0000000997
1704 0.0000000996
1705 0.0000000996
1706 0.0000000995
1707 0.0000000994
1708 0.0000000994
1709 0.0000000993
1710 0.0000000993
1711 0.0000000992
1712 0.0000000991
1713 0.0000000991
1714 0.0000000990
1715 0.0000000990
1716 0.0000000989
1717 0.0000000988
1718 0.0000000988
1719 0.0000000987
1720 0.0000000987
1721 0.0000000986
1722 0.0000000985
1723 0.0000000985
1724 0.0000000984
1725 0.0000000984
1726 0.0000000983
1727 0.0000000982
1728 0.0000000982
1729 0.0000000981
1730 0.0000000981
1731 0.0000000980
1732 0.0000000980
1733 0.0000000979
1734 0.0000000978
1735 0.0000000978
1736 0.0000000977
1737 0.0000000977
1738 0.0000000976
1739 0.0000000975
1740 0.0000000975
1741 0.0000000974
1742 0.0000000974
1743 0.0000000973
1744 0.0000000972
1745 0.0000000972
1746 0.0000000971
1747 0.0000000971
1748 0.0000000970
1749 0.0000000970
1750 0.0000000969
1751 0.0000000968
1752 0.0000000968
1753 0.0000000967
1754 0.0000000967
1755 0.0000000966
1756 0.0000000966
1757 0.0000000965
1758 0.0000000964
1759 0.0000000964
1760 0.0000000963
1761 0.0000000963
1762 0.0000000962
1763 0.0000000961
1764 0.0000000961
1765 0.0000000960
1766 0.0000000960
1767 0.0000000959
1768 0.0000000959
1769 0.0000000958
1770 0.0000000957
1771 0.0000000957
1772 0.0000000956
1773 0.0000000956
1774 0.0000000955
1775 0.0000000955
1776 0.0000000954
1777 0.0000000953
1778 0.0000000953
1779 0.0000000952
1780 0.0000000952
1781 0.0000000951
1782 0.0000000951
1783 0.0000000950
1784 0.0000000950
1785 0.0000000949
1786 0.0000000948
1787 0.0000000948
1788 0.0000000947
1789 0.0000000947
1790 0.0000000946
1791 0.0000000946
1792 0.0000000945
1793 0.0000000944
1794 0.0000000944
1795 0.0000000943
1796 0.0000000943
1797 0.0000000942
1798 0.0000000942
1799 0.0000000941
1800 0.0000000940
1801 0.0000000940
1802 0.0000000939
1803 0.0000000939
1804 0.0000000938
1805 0.0000000938
1806 0.0000000937
1807 0.0000000937
1808 0.0000000936
1809 0.0000000935
1810 0.0000000935
1811 0.0000000934
1812 0.0000000934
1813 0.0000000933
1814 0.0000000933
1815 0.0000000932
1816 0.0000000932
1817 0.0000000931
1818 0.0000000930
1819 0.0000000930
1820 0.0000000929
1821 0.0000000929
1822 0.0000000928
1823 0.0000000928
1824 0.0000000927
1825 0.0000000927
1826 0.0000000926
1827 0.0000000925
1828 0.0000000925
1829 0.0000000924
1830 0.0000000924
1831 0.0000000923
1832 0.0000000923
1833 0.0000000922
1834 0.0000000921
1835 0.0000000921
1836 0.0000000920
1837 0.0000000920
1838 0.0000000919
1839 0.0000000919
1840 0.0000000918
1841 0.0000000918
1842 0.0000000917
1843 0.0000000916
1844 0.0000000916
1845 0.0000000915
1846 0.0000000915
1847 0.0000000914
1848 0.0000000914
1849 0.0000000913
1850 0.0000000913
1851 0.0000000912
1852 0.0000000911
1853 0.0000000911
1854 0.0000000910
1855 0.0000000910
1856 0.0000000909
1857 0.0000000909
1858 0.0000000908
1859 0.0000000908
1860 0.0000000907
1861 0.0000000906
1862 0.0000000906
1863 0.0000000905
1864 0.0000000905
1865 0.0000000904
1866 0.0000000904
1867 0.0000000903
1868 0.0000000902
1869 0.0000000902
1870 0.0000000901
1871 0.0000000901
1872 0.0000000900
1873 0.0000000900
1874 0.0000000899
1875 0.0000000898
1876 0.0000000898
1877 0.0000000897
1878 0.0000000897
1879 0.0000000896
1880 0.0000000896
1881 0.0000000895
1882 0.0000000894
1883 0.0000000894
1884 0.0000000893
1885 0.0000000893
1886 0.0000000892
1887 0.0000000892
1888 0.0000000891
1889 0.0000000890
1890 0.0000000890
1891 0.0000000889
1892 0.0000000889
1893 0.0000000888
1894 0.0000000887
1895 0.0000000887
1896 0.0000000886
1897 0.0000000886
1898 0.0000000885
1899 0.0000000884
1900 0.0000000884
1901 0.0000000883
1902 0.0000000883
1903 0.0000000882
1904 0.0000000881
1905 0.0000000881
1906 0.0000000880
1907 0.0000000880
1908 0.0000000879
1909 0.0000000878
1910 0.0000000878
1911 0.0000000877
1912 0.0000000877
1913 0.0000000876
1914 0.0000000875
1915 0.0000000875
1916 0.0000000874
1917 0.0000000873
1918 0.0000000873
1919 0.0000000872
1920 0.0000000872
1921 0.0000000871
1922 0.0000000870
1923 0.0000000870
1924 0.0000000869
1925 0.0000000868
1926 0.0000000868
1927 0.0000000867
1928 0.0000000866
1929 0.0000000866
1930 0.0000000865
1931 0.0000000864
1932 0.0000000864
1933 0.0000000863
1934 0.0000000862
1935 0.0000000862
1936 0.0000000861
1937 0.0000000860
1938 0.0000000860
1939 0.0000000859
1940 0.0000000858
1941 0.0000000857
1942 0.0000000857
1943 0.0000000856
1944 0.0000000855
1945 0.0000000855
1946 0.0000000854
1947 0.0000000853
1948 0.0000000852
1949 0.0000000852
1950 0.0000000851
1951 0.0000000850
1952 0.0000000849
1953 0.0000000848
1954 0.0000000848
1955 0.0000000847
1956 0.0000000846
1957 0.0000000845
1958 0.0000000844
1959 0.0000000844
1960 0.0000000843
1961 0.0000000842
1962 0.0000000841
1963 0.0000000840
1964 0.0000000839
1965 0.0000000838
1966 0.0000000837
1967 0.0000000836
1968 0.0000000836
1969 0.0000000835
1970 0.0000000834
1971 0.0000000833
1972 0.0000000832
1973 0.0000000831
1974 0.0000000830
1975 0.0000000828
1976 0.0000000827
1977 0.0000000826
1978 0.0000000825
1979 0.0000000824
1980 0.0000000823
1981 0.0000000821
1982 0.0000000820
1983 0.0000000819
1984 0.0000000817
1985 0.0000000816
1986 0.0000000814
1987 0.0000000812
1988 0.0000000811
1989 0.0000000808
1990 0.0000000806
1991 0.0000000804
1992 0.0000000801
1993 0.0000000797
1994 0.0000000793
1995 0.0000000788
1996 0.0000000780
1997 0.0000000768
1998 0.0000000744
1999 0.0000000663
2000 0.0000000000
