1 2000
0 0.9955170810
1 0.0014015067
2 0.0005686969
3 0.0003854868
4 0.0002756568
5 0.0002108807
6 0.0001686488
7 0.0001387674
8 0.0001165431
9 0.0000994400
10 0.0000859247
11 0.0000750131
12 0.0000660478
13 0.0000585738
14 0.0000522670
15 0.0000468898
16 0.0000422641
17 0.0000382541
18 0.0000347542
19 0.0000316809
20 0.0000289680
21 0.0000265615
22 0.0000244178
23 0.0000225005
24 0.0000207797
25 0.0000192302
26 0.0000178308
27 0.0000165634
28 0.0000154128
29 0.0000143655
30 0.0000134104
31 0.0000125374
32 0.0000117379
33 0.0000110046
34 0.0000103306
35 0.0000097103
36 0.0000091385
37 0.0000086106
38 0.0000081227
39 0.0000076710
40 0.0000072524
41 0.0000068639
42 0.0000065031
43 0.0000061675
44 0.0000058551
45 0.0000055640
46 0.0000052924
47 0.0000050388
48 0.0000048018
49 0.0000045802
50 0.0000043726
51 0.0000041781
52 0.0000039957
53 0.0000038245
54 0.0000036637
55 0.0000035125
56 0.0000033703
57 0.0000032364
58 0.0000031102
59 0.0000029912
60 0.0000028790
61 0.0000027730
62 0.0000026729
63 0.0000025782
64 0.0000024887
65 0.0000024039
66 0.0000023235
67 0.0000022474
68 0.0000021751
69 0.0000021065
70 0.0000020414
71 0.0000019794
72 0.0000019206
73 0.0000018645
74 0.0000018111
75 0.0000017603
76 0.0000017118
77 0.0000016656
78 0.0000016214
79 0.0000015793
80 0.0000015390
81 0.0000015004
82 0.0000014635
83 0.0000014282
84 0.0000013944
85 0.0000013620
86 0.0000013309
87 0.0000013011
88 0.0000012724
89 0.0000012449
90 0.0000012185
91 0.0000011930
92 0.0000011685
93 0.0000011450
94 0.0000011223
95 0.0000011004
96 0.0000010793
97 0.0000010589
98 0.0000010393
99 0.0000010203
100 0.0000010019
101 0.0000009842
102 0.0000009670
103 0.0000009504
104 0.0000009344
105 0.0000009188
106 0.0000009037
107 0.0000008891
108 0.0000008749
109 0.0000008611
110 0.0000008477
111 0.0000008347
112 0.0000008221
113 0.0000008098
114 0.0000007979
115 0.0000007863
116 0.0000007750
117 0.0000007640
118 0.0000007533
119 0.0000007428
120 0.0000007326
121 0.0000007227
122 0.0000007130
123 0.0000007036
124 0.0000006944
125 0.0000006853
126 0.0000006765
127 0.0000006679
128 0.0000006595
129 0.0000006513
130 0.0000006433
131 0.0000006354
132 0.0000006277
133 0.0000006202
134 0.0000006128
135 0.0000006056
136 0.0000005985
137 0.0000005916
138 0.0000005848
139 0.0000005781
140 0.0000005716
141 0.0000005652
142 0.0000005589
143 0.0000005527
144 0.0000005467
145 0.0000005407
146 0.0000005349
147 0.0000005292
148 0.0000005235
149 0.0000005180
150 0.0000005126
151 0.0000005072
152 0.0000005020
153 0.0000004968
154 0.0000004917
155 0.0000004867
156 0.0000004818
157 0.0000004770
158 0.0000004722
159 0.0000004675
160 0.0000004629
161 0.0000004584
162 0.0000004539
163 0.0000004495
164 0.0000004452
165 0.0000004409
166 0.0000004367
167 0.0000004326
168 0.0000004285
169 0.0000004245
170 0.0000004205
171 0.0000004166
172 0.0000004128
173 0.0000004090
174 0.0000004052
175 0.0000004015
176 0.0000003979
177 0.0000003943
178 0.0000003908
179 0.0000003873
180 0.0000003838
181 0.0000003804
182 0.0000003771
183 0.0000003737
184 0.0000003705
185 0.0000003672
186 0.0000003641
187 0.0000003609
188 0.0000003578
189 0.0000003548
190 0.0000003517
191 0.0000003487
192 0.0000003458
193 0.0000003429
194 0.0000003400
195 0.0000003371
196 0.0000003343
197 0.0000003316
198 0.0000003288
199 0.0000003261
200 0.0000003234
201 0.0000003208
202 0.0000003182
203 0.0000003156
204 0.0000003130
205 0.0000003105
206 0.0000003080
207 0.0000003056
208 0.0000003031
209 0.0000003007
210 0.0000002983
211 0.0000002960
212 0.0000002936
213 0.0000002913
214 0.0000002891
215 0.0000002868
216 0.0000002846
217 0.0000002824
218 0.0000002802
219 0.0000002781
220 0.0000002759
221 0.0000002738
222 0.0000002717
223 0.0000002697
224 0.0000002676
225 0.0000002656
226 0.0000002636
227 0.0000002616
228 0.0000002597
229 0.0000002577
230 0.0000002558
231 0.0000002539
232 0.0000002521
233 0.0000002502
234 0.0000002484
235 0.0000002465
236 0.0000002447
237 0.0000002430
238 0.0000002412
239 0.0000002395
240 0.0000002377
241 0.0000002360
242 0.0000002343
243 0.0000002326
244 0.0000002310
245 0.0000002293
246 0.0000002277
247 0.0000002261
248 0.0000002245
249 0.0000002229
250 0.0000002214
251 0.0000002198
252 0.0000002183
253 0.0000002167
254 0.0000002152
255 0.0000002137
256 0.0000002123
257 0.0000002108
258 0.0000002094
259 0.0000002079
260 0.0000002065
261 0.0000002051
262 0.0000002037
263 0.0000002023
264 0.0000002009
265 0.0000001996
266 0.0000001982
267 0.0000001969
268 0.0000001956
269 0.0000001943
270 0.0000001930
271 0.0000001917
272 0.0000001904
273 0.0000001892
274 0.0000001879
275 0.0000001867
276 0.0000001855
277 0.0000001842
278 0.0000001830
279 0.0000001818
280 0.0000001807
281 0.0000001795
282 0.0000001783
283 0.0000001772
284 0.0000001760
285 0.0000001749
286 0.0000001738
287 0.0000001727
288 0.0000001716
289 0.0000001705
290 0.0000001694
291 0.0000001683
292 0.0000001672
293 0.0000001662
294 0.0000001651
295 0.0000001641
296 0.0000001631
297 0.0000001620
298 0.0000001610
299 0.0000001600
300 0.0000001590
301 0.0000001580
302 0.0000001571
303 0.0000001561
304 0.0000001551
305 0.0000001542
306 0.0000001532
307 0.0000001523
308 0.0000001514
309 0.0000001504
310 0.0000001495
311 0.0000001486
312 0.0000001477
313 0.0000001468
314 0.0000001459
315 0.0000001450
316 0.0000001442
317 0.0000001433
318 0.0000001424
319 0.0000001416
320 0.0000001408
321 0.0000001399
322 0.0000001391
323 0.0000001383
324 0.0000001374
325 0.0000001366
326 0.0000001358
327 0.0000001350
328 0.0000001342
329 0.0000001334
330 0.0000001327
331 0.0000001319
332 0.0000001311
333 0.0000001304
334 0.0000001296
335 0.0000001289
336 0.0000001281
337 0.0000001274
338 0.0000001266
339 0.0000001259
340 0.0000001252
341 0.0000001245
342 0.0000001238
343 0.0000001231
344 0.0000001224
345 0.0000001217
346 0.0000001210
347 0.0000001203
348 0.0000001196
349 0.0000001189
350 0.0000001183
351 0.0000001176
352 0.0000001170
353 0.0000001163
354 0.0000001156
355 0.0000001150
356 0.0000001144
357 0.0000001137
358 0.0000001131
359 0.0000001125
360 0.0000001119
361 0.0000001112
362 0.0000001106
363 0.0000001100
364 0.0000001094
365 0.0000001088
366 0.0000001082
367 0.0000001076
368 0.0000001070
369 0.0000001065
370 0.0000001059
371 0.0000001053
372 0.0000001047
373 0.0000001042
374 0.0000001036
375 0.0000001031
376 0.0000001025
377 0.0000001020
378 0.0000001014
379 0.0000001009
380 0.0000001003
381 0.0000000998
382 0.0000000993
383 0.0000000988
384 0.0000000982
385 0.0000000977
386 0.0000000972
387 0.0000000967
388 0.0000000962
389 0.0000000957
390 0.0000000952
391 0.0000000947
392 0.0000000942
393 0.0000000937
394 0.0000000932
395 0.0000000927
396 0.0000000922
397 0.0000000918
398 0.0000000913
399 0.0000000908
400 0.0000000903
401 0.0000000899
402 0.0000000894
403 0.0000000890
404 0.0000000885
405 0.0000000881
406 0.0000000876
407 0.0000000872
408 0.0000000867
409 0.0000000863
410 0.0000000858
411 0.0000000854
412 0.0000000850
413 0.0000000845
414 0.0000000841
415 0.0000000837
416 0.0000000833
417 0.0000000829
418 0.0000000824
419 0.0000000820
420 0.0000000816
421 0.0000000812
422 0.0000000808
423 0.0000000804
424 0.0000000800
425 0.0000000796
426 0.0000000792
427 0.0000000788
428 0.0000000784
429 0.0000000781
430 0.0000000777
431 0.0000000773
432 0.0000000769
433 0.0000000765
434 0.0000000762
435 0.0000000758
436 0.0000000754
437 0.0000000751
438 0.0000000747
439 0.0000000743
440 0.0000000740
441 0.0000000736
442 0.0000000733
443 0.0000000729
444 0.0000000726
445 0.0000000722
446 0.0000000719
447 0.0000000715
448 0.0000000712
449 0.0000000708
450 0.0000000705
451 0.0000000702
452 0.0000000698
453 0.0000000695
454 0.0000000692
455 0.0000000689
456 0.0000000685
457 0.0000000682
458 0.0000000679
459 0.0000000676
460 0.0000000672
461 0.0000000669
462 0.0000000666
463 0.0000000663
464 0.0000000660
465 0.0000000657
466 0.0000000654
467 0.0000000651
468 0.0000000648
469 0.0000000645
470 0.0000000642
471 0.0000000639
472 0.0000000636
473 0.0000000633
474 0.0000000630
475 0.0000000627
476 0.0000000624
477 0.0000000621
478 0.0000000619
479 0.0000000616
480 0.0000000613
481 0.0000000610
482 0.0000000607
483 0.0000000605
484 0.0000000602
485 0.0000000599
486 0.0000000596
487 0.0000000594
488 0.0000000591
489 0.0000000588
490 0.0000000586
491 0.0000000583
492 0.0000000581
493 0.0000000578
494 0.0000000575
495 0.0000000573
496 0.0000000570
497 0.0000000568
498 0.0000000565
499 0.0000000563
500 0.0000000560
501 0.0000000558
502 0.0000000555
503 0.0000000553
504 0.0000000550
505 0.0000000548
506 0.0000000546
507 0.0000000543
508 0.0000000541
509 0.0000000538
510 0.0000000536
511 0.0000000534
512 0.0000000531
513 0.0000000529
514 0.0000000527
515 0.0000000524
516 0.0000000522
517 0.0000000520
518 0.0000000518
519 0.0000000515
520 0.0000000513
521 0.0000000511
522 0.0000000509
523 0.0000000507
524 0.0000000504
525 0.0000000502
526 0.0000000500
527 0.0000000498
528 0.0000000496
529 0.0000000494
530 0.0000000492
531 0.0000000490
532 0.0000000487
533 0.0000000485
534 0.0000000483
535 0.0000000481
536 0.0000000479
537 0.0000000477
538 0.0000000475
539 0.0000000473
540 0.0000000471
541 0.0000000469
542 0.0000000467
543 0.0000000465
544 0.0000000463
545 0.0000000461
546 0.0000000460
547 0.0000000458
548 0.0000000456
549 0.0000000454
550 0.0000000452
551 0.0000000450
552 0.0000000448
553 0.0000000446
554 0.0000000444
555 0.0000000443
556 0.0000000441
557 0.0000000439
558 0.0000000437
559 0.0000000435
560 0.0000000434
561 0.0000000432
562 0.0000000430
563 0.0000000428
564 0.0000000427
565 0.0000000425
566 0.0000000423
567 0.0000000421
568 0.0000000420
569 0.0000000418
570 0.0000000416
571 0.0000000415
572 0.0000000413
573 0.0000000411
574 0.0000000410
575 0.0000000408
576 0.0000000406
577 0.0000000405
578 0.0000000403
579 0.0000000401
580 0.0000000400
581 0.0000000398
582 0.0000000397
583 0.0000000395
584 0.0000000393
585 0.0000000392
586 0.0000000390
587 0.0000000389
588 0.0000000387
589 0.0000000386
590 0.0000000384
591 0.0000000383
592 0.0000000381
593 0.0000000380
594 0.0000000378
595 0.0000000377
596 0.0000000375
597 0.0000000374
598 0.0000000372
599 0.0000000371
600 0.0000000369
601 0.0000000368
602 0.0000000366
603 0.0000000365
604 0.0000000364
605 0.0000000362
606 0.0000000361
607 0.0000000359
608 0.0000000358
609 0.0000000357
610 0.0000000355
611 0.0000000354
612 0.0000000353
613 0.0000000351
614 0.0000000350
615 0.0000000348
616 0.0000000347
617 0.0000000346
618 0.0000000345
619 0.0000000343
620 0.0000000342
621 0.0000000341
622 0.0000000339
623 0.0000000338
624 0.0000000337
625 0.0000000335
626 0.0000000334
627 0.0000000333
628 0.0000000332
629 0.0000000330
630 0.0000000329
631 0.0000000328
632 0.0000000327
633 0.0000000325
634 0.0000000324
635 0.0000000323
636 0.0000000322
637 0.0000000321
638 0.0000000319
639 0.0000000318
640 0.0000000317
641 0.0000000316
642 0.0000000315
643 0.0000000313
644 0.0000000312
645 0.0000000311
646 0.0000000310
647 0.0000000309
648 0.0000000308
649 0.0000000307
650 0.0000000305
651 0.0000000304
652 0.0000000303
653 0.0000000302
654 0.0000000301
655 0.0000000300
656 0.0000000299
657 0.0000000298
658 0.0000000297
659 0.0000000295
660 0.0000000294
661 0.0000000293
662 0.0000000292
663 0.0000000291
664 0.0000000290
665 0.0000000289
666 0.0000000288
667 0.0000000287
668 0.0000000286
669 0.0000000285
670 0.0000000284
671 0.0000000283
672 0.0000000282
673 0.0000000281
674 0.0000000280
675 0.0000000279
676 0.0000000278
677 0.0000000277
678 0.0000000276
679 0.0000000275
680 0.0000000274
681 0.0000000273
682 0.0000000272
683 0.0000000271
684 0.0000000270
685 0.0000000269
686 0.0000000268
687 0.0000000267
688 0.0000000266
689 0.0000000265
690 0.0000000264
691 0.0000000263
692 0.0000000262
693 0.0000000262
694 0.0000000261
695 0.0000000260
696 0.0000000259
697 0.0000000258
698 0.0000000257
699 0.0000000256
700 0.0000000255
701 0.0000000254
702 0.0000000253
703 0.0000000253
704 0.0000000252
705 0.0000000251
706 0.0000000250
707 0.0000000249
708 0.0000000248
709 0.0000000247
710 0.0000000246
711 0.0000000246
712 0.0000000245
713 0.0000000244
714 0.0000000243
715 0.0000000242
716 0.0000000241
717 0.0000000241
718 0.0000000240
719 0.0000000239
720 0.0000000238
721 0.0000000237
722 0.0000000236
723 0.0000000236
724 0.0000000235
725 0.0000000234
726 0.0000000233
727 0.0000000232
728 0.0000000232
729 0.0000000231
730 0.0000000230
731 0.0000000229
732 0.0000000229
733 0.0000000228
734 0.0000000227
735 0.0000000226
736 0.0000000226
737 0.0000000225
738 0.0000000224
739 0.0000000223
740 0.0000000222
741 0.0000000222
742 0.0000000221
743 0.0000000220
744 0.0000000220
745 0.0000000219
746 0.0000000218
747 0.0000000217
748 0.0000000217
749 0.0000000216
750 0.0000000215
751 0.0000000214
752 0.0000000214
753 0.0000000213
754 0.0000000212
755 0.0000000212
756 0.0000000211
757 0.0000000210
758 0.0000000210
759 0.0000000209
760 0.0000000208
761 0.0000000208
762 0.0000000207
763 0.0000000206
764 0.0000000205
765 0.0000000205
766 0.0000000204
767 0.0000000203
768 0.0000000203
769 0.0000000202
770 0.0000000201
771 0.0000000201
772 0.0000000200
773 0.0000000200
774 0.0000000199
775 0.0000000198
776 0.0000000198
777 0.0000000197
778 0.0000000196
779 0.0000000196
780 0.0000000195
781 0.0000000194
782 0.0000000194
783 0.0000000193
784 0.0000000193
785 0.0000000192
786 0.0000000191
787 0.0000000191
788 0.0000000190
789 0.0000000190
790 0.0000000189
791 0.0000000188
792 0.0000000188
793 0.0000000187
794 0.0000000187
795 0.0000000186
796 0.0000000185
797 0.0000000185
798 0.0000000184
799 0.0000000184
800 0.0000000183
801 0.0000000182
802 0.0000000182
803 0.0000000181
804 0.0000000181
805 0.0000000180
806 0.0000000180
807 0.0000000179
808 0.0000000178
809 0.0000000178
810 0.0000000177
811 0.0000000177
812 0.0000000176
813 0.0000000176
814 0.0000000175
815 0.0000000175
816 0.0000000174
817 0.0000000173
818 0.0000000173
819 0.0000000172
820 0.0000000172
821 0.0000000171
822 0.0000000171
823 0.0000000170
824 0.0000000170
825 0.0000000169
826 0.0000000169
827 0.0000000168
828 0.0000000168
829 0.0000000167
830 0.0000000167
831 0.0000000166
832 0.0000000166
833 0.0000000165
834 0.0000000165
835 0.0000000164
836 0.0000000164
837 0.0000000163
838 0.0000000163
839 0.0000000162
840 0.0000000162
841 0.0000000161
842 0.0000000161
843 0.0000000160
844 0.0000000160
845 0.0000000159
846 0.0000000159
847 0.0000000158
848 0.0000000158
849 0.0000000157
850 0.0000000157
851 0.0000000156
852 0.0000000156
853 0.0000000155
854 0.0000000155
855 0.0000000154
856 0.0000000154
857 0.0000000154
858 0.0000000153
859 0.0000000153
860 0.0000000152
861 0.0000000152
862 0.0000000151
863 0.0000000151
864 0.0000000150
865 0.0000000150
866 0.0000000149
867 0.0000000149
868 0.0000000149
869 0.0000000148
870 0.0000000148
871 0.0000000147
872 0.0000000147
873 0.0000000146
874 0.0000000146
875 0.0000000146
876 0.0000000145
877 0.0000000145
878 0.0000000144
879 0.0000000144
880 0.0000000143
881 0.0000000143
882 0.0000000143
883 0.0000000142
884 0.0000000142
885 0.0000000141
886 0.0000000141
887 0.0000000141
888 0.0000000140
889 0.0000000140
890 0.0000000139
891 0.0000000139
892 0.0000000138
893 0.0000000138
894 0.0000000138
895 0.0000000137
896 0.0000000137
897 0.0000000136
898 0.0000000136
899 0.0000000136
900 0.0000000135
901 0.0000000135
902 0.0000000135
903 0.0000000134
904 0.0000000134
905 0.0000000133
906 0.0000000133
907 0.0000000133
908 0.0000000132
909 0.0000000132
910 0.0000000131
911 0.0000000131
912 0.0000000131
913 0.0000000130
914 0.0000000130
915 0.0000000130
916 0.0000000129
917 0.0000000129
918 0.0000000129
919 0.0000000128
920 0.0000000128
921 0.0000000127
922 0.0000000127
923 0.0000000127
924 0.0000000126
925 0.0000000126
926 0.0000000126
927 0.0000000125
928 0.0000000125
929 0.0000000125
930 0.0000000124
931 0.0000000124
932 0.0000000124
933 0.0000000123
934 0.0000000123
935 0.0000000123
936 0.0000000122
937 0.0000000122
938 0.0000000122
939 0.0000000121
940 0.0000000121
941 0.0000000120
942 0.0000000120
943 0.0000000120
944 0.0000000119
945 0.0000000119
946 0.0000000119
947 0.0000000119
948 0.0000000118
949 0.0000000118
950 0.0000000118
951 0.0000000117
952 0.0000000117
953 0.0000000117
954 0.0000000116
955 0.0000000116
956 0.0000000116
957 0.0000000115
958 0.0000000115
959 0.0000000115
960 0.0000000114
961 0.0000000114
962 0.0000000114
963 0.0000000113
964 0.0000000113
965 0.0000000113
966 0.0000000112
967 0.0000000112
968 0.0000000112
969 0.0000000112
970 0.0000000111
971 0.0000000111
972 0.0000000111
973 0.0000000110
974 0.0000000110
975 0.0000000110
976 0.0000000109
977 0.0000000109
978 0.0000000109
979 0.0000000109
980 0.0000000108
981 0.0000000108
982 0.0000000108
983 0.0000000107
984 0.0000000107
985 0.0000000107
986 0.0000000107
987 0.0000000106
988 0.0000000106
989 0.0000000106
990 0.0000000105
991 0.0000000105
992 0.0000000105
993 0.0000000105
994 0.0000000104
995 0.0000000104
996 0.0000000104
997 0.0000000104
998 0.0000000103
999 0.0000000103
1000 0.0000000103
1001 0.0000000102
1002 0.0000000102
1003 0.0000000102
1004 0.0000000102
1005 0.0000000101
1006 0.0000000101
1007 0.0000000101
1008 0.0000000101
1009 0.0000000100
1010 0.0000000100
1011 0.0000000100
1012 0.0000000099
1013 0.0000000099
1014 0.0000000099
1015 0.0000000099
1016 0.0000000098
1017 0.0000000098
1018 0.0000000098
1019 0.0000000098
1020 0.0000000097
1021 0.0000000097
1022 0.0000000097
1023 0.0000000097
1024 0.0000000096
1025 0.0000000096
1026 0.0000000096
1027 0.0000000096
1028 0.0000000095
1029 0.0000000095
1030 0.0000000095
1031 0.0000000095
1032 0.0000000094
1033 0.0000000094
1034 0.0000000094
1035 0.0000000094
1036 0.0000000094
1037 0.0000000093
1038 0.0000000093
1039 0.0000000093
1040 0.0000000093
1041 0.0000000092
1042 0.0000000092
1043 0.0000000092
1044 0.0000000092
1045 0.0000000091
1046 0.0000000091
1047 0.0000000091
1048 0.0000000091
1049 0.0000000090
1050 0.0000000090
1051 0.0000000090
1052 0.0000000090
1053 0.0000000090
1054 0.0000000089
1055 0.0000000089
1056 0.0000000089
1057 0.0000000089
1058 0.0000000088
1059 0.0000000088
1060 0.0000000088
1061 0.0000000088
1062 0.0000000088
1063 0.0000000087
1064 0.0000000087
1065 0.0000000087
1066 0.0000000087
1067 0.0000000086
1068 0.0000000086
1069 0.0000000086
1070 0.0000000086
1071 0.0000000086
1072 0.0000000085
1073 0.0000000085
1074 0.0000000085
1075 0.0000000085
1076 0.0000000085
1077 0.0000000084
1078 0.0000000084
1079 0.0000000084
1080 0.0000000084
1081 0.0000000083
1082 0.0000000083
1083 0.0000000083
1084 0.0000000083
1085 0.0000000083
1086 0.0000000082
1087 0.0000000082
1088 0.0000000082
1089 0.0000000082
1090 0.0000000082
1091 0.0000000081
1092 0.0000000081
1093 0.0000000081
1094 0.0000000081
1095 0.0000000081
1096 0.0000000080
1097 0.0000000080
1098 0.0000000080
1099 0.0000000080
1100 0.0000000080
1101 0.0000000079
1102 0.0000000079
1103 0.0000000079
1104 0.0000000079
1105 0.0000000079
1106 0.0000000079
1107 0.0000000078
1108 0.0000000078
1109 0.0000000078
1110 0.0000000078
1111 0.0000000078
1112 0.0000000077
1113 0.0000000077
1114 0.0000000077
1115 0.0000000077
1116 0.0000000077
1117 0.0000000076
1118 0.0000000076
1119 0.0000000076
1120 0.0000000076
1121 0.0000000076
1122 0.0000000076
1123 0.0000000075
1124 0.0000000075
1125 0.0000000075
1126 0.0000000075
1127 0.0000000075
1128 0.0000000074
1129 0.0000000074
1130 0.0000000074
1131 0.0000000074
1132 0.0000000074
1133 0.0000000074
1134 0.0000000073
1135 0.0000000073
1136 0.0000000073
1137 0.0000000073
1138 0.0000000073
1139 0.0000000073
1140 0.0000000072
1141 0.0000000072
1142 0.0000000072
1143 0.0000000072
1144 0.0000000072
1145 0.0000000072
1146 0.0000000071
1147 0.0000000071
1148 0.0000000071
1149 0.0000000071
1150 0.0000000071
1151 0.0000000071
1152 0.0000000070
1153 0.0000000070
1154 0.0000000070
1155 0.0000000070
1156 0.0000000070
1157 0.0000000070
1158 0.0000000069
1159 0.0000000069
1160 0.0000000069
1161 0.0000000069
1162 0.0000000069
1163 0.0000000069
1164 0.0000000068
1165 0.0000000068
1166 0.0000000068
1167 0.0000000068
1168 0.0000000068
1169 0.0000000068
1170 0.0000000067
1171 0.0000000067
1172 0.0000000067
1173 0.0000000067
1174 0.0000000067
1175 0.0000000067
1176 0.0000000067
1177 0.0000000066
1178 0.0000000066
1179 0.0000000066
1180 0.0000000066
1181 0.0000000066
1182 0.0000000066
1183 0.0000000066
1184 0.0000000065
1185 0.0000000065
1186 0.0000000065
1187 0.0000000065
1188 0.0000000065
1189 0.0000000065
1190 0.0000000064
1191 0.0000000064
1192 0.0000000064
1193 0.0000000064
1194 0.0000000064
1195 0.0000000064
1196 0.0000000064
1197 0.0000000063
1198 0.0000000063
1199 0.0000000063
1200 0.0000000063
1201 0.0000000063
1202 0.0000000063
1203 0.0000000063
1204 0.0000000062
1205 0.0000000062
1206 0.0000000062
1207 0.0000000062
1208 0.0000000062
1209 0.0000000062
1210 0.0000000062
1211 0.0000000061
1212 0.0000000061
1213 0.0000000061
1214 0.0000000061
1215 0.0000000061
1216 0.0000000061
1217 0.0000000061
1218 0.0000000061
1219 0.0000000060
1220 0.0000000060
1221 0.0000000060
1222 0.0000000060
1223 0.0000000060
1224 0.0000000060
1225 0.0000000060
1226 0.0000000059
1227 0.0000000059
1228 0.0000000059
1229 0.0000000059
1230 0.0000000059
1231 0.0000000059
1232 0.0000000059
1233 0.0000000059
1234 0.0000000058
1235 0.0000000058
1236 0.0000000058
1237 0.0000000058
1238 0.0000000058
1239 0.0000000058
1240 0.0000000058
1241 0.0000000058
1242 0.0000000057
1243 0.0000000057
1244 0.0000000057
1245 0.0000000057
1246 0.0000000057
1247 0.0000000057
1248 0.0000000057
1249 0.0000000057
1250 0.0000000056
1251 0.0000000056
1252 0.0000000056
1253 0.0000000056
1254 0.0000000056
1255 0.0000000056
1256 0.0000000056
1257 0.0000000056
1258 0.0000000055
1259 0.0000000055
1260 0.0000000055
1261 0.0000000055
1262 0.0000000055
1263 0.0000000055
1264 0.0000000055
1265 0.0000000055
1266 0.0000000055
1267 0.0000000054
1268 0.0000000054
1269 0.0000000054
1270 0.0000000054
1271 0.0000000054
1272 0.0000000054
1273 0.0000000054
1274 0.0000000054
1275 0.0000000053
1276 0.0000000053
1277 0.0000000053
1278 0.0000000053
1279 0.0000000053
1280 0.0000000053
1281 0.0000000053
1282 0.0000000053
1283 0.0000000053
1284 0.0000000052
1285 0.0000000052
1286 0.0000000052
1287 0.0000000052
1288 0.0000000052
1289 0.0000000052
1290 0.0000000052
1291 0.0000000052
1292 0.0000000052
1293 0.0000000051
1294 0.0000000051
1295 0.0000000051
1296 0.0000000051
1297 0.0000000051
1298 0.0000000051
1299 0.0000000051
1300 0.0000000051
1301 0.0000000051
1302 0.0000000050
1303 0.0000000050
1304 0.0000000050
1305 0.0000000050
1306 0.0000000050
1307 0.0000000050
1308 0.0000000050
1309 0.0000000050
1310 0.0000000050
1311 0.0000000050
1312 0.0000000049
1313 0.0000000049
1314 0.0000000049
1315 0.0000000049
1316 0.0000000049
1317 0.0000000049
1318 0.0000000049
1319 0.0000000049
1320 0.0000000049
1321 0.0000000049
1322 0.0000000048
1323 0.0000000048
1324 0.0000000048
1325 0.0000000048
1326 0.0000000048
1327 0.0000000048
1328 0.0000000048
1329 0.0000000048
1330 0.0000000048
1331 0.0000000048
1332 0.0000000047
1333 0.0000000047
1334 0.0000000047
1335 0.0000000047
1336 0.0000000047
1337 0.0000000047
1338 0.0000000047
1339 0.0000000047
1340 0.0000000047
1341 0.0000000047
1342 0.0000000046
1343 0.0000000046
1344 0.0000000046
1345 0.0000000046
1346 0.0000000046
1347 0.0000000046
1348 0.0000000046
1349 0.0000000046
1350 0.0000000046
1351 0.0000000046
1352 0.0000000046
1353 0.0000000045
1354 0.0000000045
1355 0.0000000045
1356 0.0000000045
1357 0.0000000045
1358 0.0000000045
1359 0.0000000045
1360 0.0000000045
1361 0.0000000045
1362 0.0000000045
1363 0.0000000045
1364 0.0000000044
1365 0.0000000044
1366 0.0000000044
1367 0.0000000044
1368 0.0000000044
1369 0.0000000044
1370 0.0000000044
1371 0.0000000044
1372 0.0000000044
1373 0.0000000044
1374 0.0000000044
1375 0.0000000043
1376 0.0000000043
1377 0.0000000043
1378 0.0000000043
1379 0.0000000043
1380 0.0000000043
1381 0.0000000043
1382 0.0000000043
1383 0.0000000043
1384 0.0000000043
1385 0.0000000043
1386 0.0000000043
1387 0.0000000042
1388 0.0000000042
1389 0.0000000042
1390 0.0000000042
1391 0.0000000042
1392 0.0000000042
1393 0.0000000042
1394 0.0000000042
1395 0.0000000042
1396 0.0000000042
1397 0.0000000042
1398 0.0000000042
1399 0.0000000041
1400 0.0000000041
1401 0.0000000041
1402 0.0000000041
1403 0.0000000041
1404 0.0000000041
1405 0.0000000041
1406 0.0000000041
1407 0.0000000041
1408 0.0000000041
1409 0.0000000041
1410 0.0000000041
1411 0.0000000041
1412 0.0000000040
1413 0.0000000040
1414 0.0000000040
1415 0.0000000040
1416 0.0000000040
1417 0.0000000040
1418 0.0000000040
1419 0.0000000040
1420 0.0000000040
1421 0.0000000040
1422 0.0000000040
1423 0.0000000040
1424 0.0000000040
1425 0.0000000039
1426 0.0000000039
1427 0.0000000039
1428 0.0000000039
1429 0.0000000039
1430 0.0000000039
1431 0.0000000039
1432 0.0000000039
1433 0.0000000039
1434 0.0000000039
1435 0.0000000039
1436 0.0000000039
1437 0.0000000039
1438 0.0000000038
1439 0.0000000038
1440 0.0000000038
1441 0.0000000038
1442 0.0000000038
1443 0.0000000038
1444 0.0000000038
1445 0.0000000038
1446 0.0000000038
1447 0.0000000038
1448 0.0000000038
1449 0.0000000038
1450 0.0000000038
1451 0.0000000038
1452 0.0000000037
1453 0.0000000037
1454 0.0000000037
1455 0.0000000037
1456 0.0000000037
1457 0.0000000037
1458 0.0000000037
1459 0.0000000037
1460 0.0000000037
1461 0.0000000037
1462 0.0000000037
1463 0.0000000037
1464 0.0000000037
1465 0.0000000037
1466 0.0000000036
1467 0.0000000036
1468 0.0000000036
1469 0.0000000036
1470 0.0000000036
1471 0.0000000036
1472 0.0000000036
1473 0.0000000036
1474 0.0000000036
1475 0.0000000036
1476 0.0000000036
1477 0.0000000036
1478 0.0000000036
1479 0.0000000036
1480 0.0000000036
1481 0.0000000035
1482 0.0000000035
1483 0.0000000035
1484 0.0000000035
1485 0.0000000035
1486 0.0000000035
1487 0.0000000035
1488 0.0000000035
1489 0.0000000035
1490 0.0000000035
1491 0.0000000035
1492 0.0000000035
1493 0.0000000035
1494 0.0000000035
1495 0.0000000035
1496 0.0000000034
1497 0.0000000034
1498 0.0000000034
1499 0.0000000034
1500 0.0000000034
1501 0.0000000034
1502 0.0000000034
1503 0.0000000034
1504 0.0000000034
1505 0.0000000034
1506 0.0000000034
1507 0.0000000034
1508 0.0000000034
1509 0.0000000034
1510 0.0000000034
1511 0.0000000034
1512 0.0000000034
1513 0.0000000033
1514 0.0000000033
1515 0.0000000033
1516 0.0000000033
1517 0.0000000033
1518 0.0000000033
1519 0.0000000033
1520 0.0000000033
1521 0.0000000033
1522 0.0000000033
1523 0.0000000033
1524 0.0000000033
1525 0.0000000033
1526 0.0000000033
1527 0.0000000033
1528 0.0000000033
1529 0.0000000032
1530 0.0000000032
1531 0.0000000032
1532 0.0000000032
1533 0.0000000032
1534 0.0000000032
1535 0.0000000032
1536 0.0000000032
1537 0.0000000032
1538 0.0000000032
1539 0.0000000032
1540 0.0000000032
1541 0.0000000032
1542 0.0000000032
1543 0.0000000032
1544 0.0000000032
1545 0.0000000032
1546 0.0000000032
1547 0.0000000031
1548 0.0000000031
1549 0.0000000031
1550 0.0000000031
1551 0.0000000031
1552 0.0000000031
1553 0.0000000031
1554 0.0000000031
1555 0.0000000031
1556 0.0000000031
1557 0.0000000031
1558 0.0000000031
1559 0.0000000031
1560 0.0000000031
1561 0.0000000031
1562 0.0000000031
1563 0.0000000031
1564 0.0000000031
1565 0.0000000030
1566 0.0000000030
1567 0.0000000030
1568 0.0000000030
1569 0.0000000030
1570 0.0000000030
1571 0.0000000030
1572 0.0000000030
1573 0.0000000030
1574 0.0000000030
1575 0.0000000030
1576 0.0000000030
1577 0.0000000030
1578 0.0000000030
1579 0.0000000030
1580 0.0000000030
1581 0.0000000030
1582 0.0000000030
1583 0.0000000030
1584 0.0000000029
1585 0.0000000029
1586 0.0000000029
1587 0.0000000029
1588 0.0000000029
1589 0.0000000029
1590 0.0000000029
1591 0.0000000029
1592 0.0000000029
1593 0.0000000029
1594 0.0000000029
1595 0.0000000029
1596 0.0000000029
1597 0.0000000029
1598 0.0000000029
1599 0.0000000029
1600 0.0000000029
1601 0.0000000029
1602 0.0000000029
1603 0.0000000029
1604 0.0000000028
1605 0.0000000028
1606 0.0000000028
1607 0.0000000028
1608 0.0000000028
1609 0.0000000028
1610 0.0000000028
1611 0.0000000028
1612 0.0000000028
1613 0.0000000028
1614 0.0000000028
1615 0.0000000028
1616 0.0000000028
1617 0.0000000028
1618 0.0000000028
1619 0.0000000028
1620 0.0000000028
1621 0.0000000028
1622 0.0000000028
1623 0.0000000028
1624 0.0000000027
1625 0.0000000027
1626 0.0000000027
1627 0.0000000027
1628 0.0000000027
1629 0.0000000027
1630 0.0000000027
1631 0.0000000027
1632 0.0000000027
1633 0.0000000027
1634 0.0000000027
1635 0.0000000027
1636 0.0000000027
1637 0.0000000027
1638 0.0000000027
1639 0.0000000027
1640 0.0000000027
1641 0.0000000027
1642 0.0000000027
1643 0.0000000027
1644 0.0000000027
1645 0.0000000027
1646 0.0000000026
1647 0.0000000026
1648 0.0000000026
1649 0.0000000026
1650 0.0000000026
1651 0.0000000026
1652 0.0000000026
1653 0.0000000026
1654 0.0000000026
1655 0.0000000026
1656 0.0000000026
1657 0.0000000026
1658 0.0000000026
1659 0.0000000026
1660 0.0000000026
1661 0.0000000026
1662 0.0000000026
1663 0.0000000026
1664 0.0000000026
1665 0.0000000026
1666 0.0000000026
1667 0.0000000026
1668 0.0000000026
1669 0.0000000025
1670 0.0000000025
1671 0.0000000025
1672 0.0000000025
1673 0.0000000025
1674 0.0000000025
1675 0.0000000025
1676 0.0000000025
1677 0.0000000025
1678 0.0000000025
1679 0.0000000025
1680 0.0000000025
1681 0.0000000025
1682 0.0000000025
1683 0.0000000025
1684 0.0000000025
1685 0.0000000025
1686 0.0000000025
1687 0.0000000025
1688 0.0000000025
1689 0.0000000025
1690 0.0000000025
1691 0.0000000025
1692 0.0000000025
1693 0.0000000024
1694 0.0000000024
1695 0.0000000024
1696 0.0000000024
1697 0.0000000024
1698 0.0000000024
1699 0.0000000024
1700 0.0000000024
1701 0.0000000024
1702 0.0000000024
1703 0.0000000024
1704 0.0000000024
1705 0.0000000024
1706 0.0000000024
1707 0.0000000024
1708 0.0000000024
1709 0.0000000024
1710 0.0000000024
1711 0.0000000024
1712 0.0000000024
1713 0.0000000024
1714 0.0000000024
1715 0.0000000024
1716 0.0000000024
1717 0.0000000024
1718 0.0000000024
1719 0.0000000023
1720 0.0000000023
1721 0.0000000023
1722 0.0000000023
1723 0.0000000023
1724 0.0000000023
1725 0.0000000023
1726 0.0000000023
1727 0.0000000023
1728 0.0000000023
1729 0.0000000023
1730 0.0000000023
1731 0.0000000023
1732 0.0000000023
1733 0.0000000023
1734 0.0000000023
1735 0.0000000023
1736 0.0000000023
1737 0.0000000023
1738 0.0000000023
1739 0.0000000023
1740 0.0000000023
1741 0.0000000023
1742 0.0000000023
1743 0.0000000023
1744 0.0000000023
1745 0.0000000022
1746 0.0000000022
1747 0.0000000022
1748 0.0000000022
1749 0.0000000022
1750 0.0000000022
1751 0.0000000022
1752 0.0000000022
1753 0.0000000022
1754 0.0000000022
1755 0.0000000022
1756 0.0000000022
1757 0.0000000022
1758 0.0000000022
1759 0.0000000022
1760 0.0000000022
1761 0.0000000022
1762 0.0000000022
1763 0.0000000022
1764 0.0000000022
1765 0.0000000022
1766 0.0000000022
1767 0.0000000022
1768 0.0000000022
1769 0.0000000022
1770 0.0000000022
1771 0.0000000022
1772 0.0000000022
1773 0.0000000022
1774 0.0000000021
1775 0.0000000021
1776 0.0000000021
1777 0.0000000021
1778 0.0000000021
1779 0.0000000021
1780 0.0000000021
1781 0.0000000021
1782 0.0000000021
1783 0.0000000021
1784 0.0000000021
1785 0.0000000021
1786 0.0000000021
1787 0.0000000021
1788 0.0000000021
1789 0.0000000021
1790 0.0000000021
1791 0.0000000021
1792 0.0000000021
1793 0.0000000021
1794 0.0000000021
1795 0.0000000021
1796 0.0000000021
1797 0.0000000021
1798 0.0000000021
1799 0.0000000021
1800 0.0000000021
1801 0.0000000021
1802 0.0000000021
1803 0.0000000020
1804 0.0000000020
1805 0.0000000020
1806 0.0000000020
1807 0.0000000020
1808 0.0000000020
1809 0.0000000020
1810 0.0000000020
1811 0.0000000020
1812 0.0000000020
1813 0.0000000020
1814 0.0000000020
1815 0.0000000020
1816 0.0000000020
1817 0.0000000020
1818 0.0000000020
1819 0.0000000020
1820 0.0000000020
1821 0.0000000020
1822 0.0000000020
1823 0.0000000020
1824 0.0000000020
1825 0.0000000020
1826 0.0000000020
1827 0.0000000020
1828 0.0000000020
1829 0.0000000020
1830 0.0000000020
1831 0.0000000020
1832 0.0000000020
1833 0.0000000020
1834 0.0000000020
1835 0.0000000019
1836 0.0000000019
1837 0.0000000019
1838 0.0000000019
1839 0.0000000019
1840 0.0000000019
1841 0.0000000019
1842 0.0000000019
1843 0.0000000019
1844 0.0000000019
1845 0.0000000019
1846 0.0000000019
1847 0.0000000019
1848 0.0000000019
1849 0.0000000019
1850 0.0000000019
1851 0.0000000019
1852 0.0000000019
1853 0.0000000019
1854 0.0000000019
1855 0.0000000019
1856 0.0000000019
1857 0.0000000019
1858 0.0000000019
1859 0.0000000019
1860 0.0000000019
1861 0.0000000019
1862 0.0000000019
1863 0.0000000019
1864 0.0000000019
1865 0.0000000019
1866 0.0000000019
1867 0.0000000019
1868 0.0000000018
1869 0.0000000018
1870 0.0000000018
1871 0.0000000018
1872 0.0000000018
1873 0.0000000018
1874 0.0000000018
1875 0.0000000018
1876 0.0000000018
1877 0.0000000018
1878 0.0000000018
1879 0.0000000018
1880 0.0000000018
1881 0.0000000018
1882 0.0000000018
1883 0.0000000018
1884 0.0000000018
1885 0.0000000018
1886 0.0000000018
1887 0.0000000018
1888 0.0000000018
1889 0.0000000018
1890 0.0000000018
1891 0.0000000018
1892 0.0000000018
1893 0.0000000018
1894 0.0000000018
1895 0.0000000018
1896 0.0000000018
1897 0.0000000018
1898 0.0000000018
1899 0.0000000018
1900 0.0000000018
1901 0.0000000017
1902 0.0000000017
1903 0.0000000017
1904 0.0000000017
1905 0.0000000017
1906 0.0000000017
1907 0.0000000017
1908 0.0000000017
1909 0.0000000017
1910 0.0000000017
1911 0.0000000017
1912 0.0000000017
1913 0.0000000017
1914 0.0000000017
1915 0.0000000017
1916 0.0000000017
1917 0.0000000017
1918 0.0000000017
1919 0.0000000017
1920 0.0000000017
1921 0.0000000017
1922 0.0000000017
1923 0.0000000017
1924 0.0000000017
1925 0.0000000017
1926 0.0000000017
1927 0.0000000017
1928 0.0000000017
1929 0.0000000017
1930 0.0000000017
1931 0.0000000017
1932 0.0000000017
1933 0.0000000017
1934 0.0000000017
1935 0.0000000016
1936 0.0000000016
1937 0.0000000016
1938 0.0000000016
1939 0.0000000016
1940 0.0000000016
1941 0.0000000016
1942 0.0000000016
1943 0.0000000016
1944 0.0000000016
1945 0.0000000016
1946 0.0000000016
1947 0.0000000016
1948 0.0000000016
1949 0.0000000016
1950 0.0000000016
1951 0.0000000016
1952 0.0000000016
1953 0.0000000016
1954 0.0000000016
1955 0.0000000016
1956 0.0000000016
1957 0.0000000016
1958 0.0000000016
1959 0.0000000016
1960 0.0000000016
1961 0.0000000016
1962 0.0000000016
1963 0.0000000016
1964 0.0000000016
1965 0.0000000016
1966 0.0000000016
1967 0.0000000015
1968 0.0000000015
1969 0.0000000015
1970 0.0000000015
1971 0.0000000015
1972 0.0000000015
1973 0.0000000015
1974 0.0000000015
1975 0.0000000015
1976 0.0000000015
1977 0.0000000015
1978 0.0000000015
1979 0.0000000015
1980 0.0000000015
1981 0.0000000015
1982 0.0000000015
1983 0.0000000015
1984 0.0000000015
1985 0.0000000015
1986 0.0000000015
1987 0.0000000015
1988 0.0000000015
1989 0.0000000015
1990 0.0000000015
1991 0.0000000014
1992 0.0000000014
1993 0.0000000014
1994 0.0000000014
1995 0.0000000014
1996 0.0000000014
1997 0.0000000014
1998 0.0000000013
1999 0.0000000012
2000 0.0000000000
