0 348
0 0.9686915534
1 0.0089468368
2 0.0029129385
3 0.0017643424
4 0.0011395491
5 0.0008177562
6 0.0006349952
7 0.0005197421
8 0.0004414637
9 0.0003852203
10 0.0003428562
11 0.0003096565
12 0.0002827881
13 0.0002604832
14 0.0002415933
15 0.0002253425
16 0.0002111853
17 0.0001987256
18 0.0001876664
19 0.0001777792
20 0.0001688848
21 0.0001608394
22 0.0001535265
23 0.0001468501
24 0.0001407304
25 0.0001351005
26 0.0001299039
27 0.0001250923
28 0.0001206244
29 0.0001164647
30 0.0001125824
31 0.0001089506
32 0.0001055457
33 0.0001023472
34 0.0000993368
35 0.0000964985
36 0.0000938178
37 0.0000912820
38 0.0000888797
39 0.0000866006
40 0.0000844355
41 0.0000823759
42 0.0000804144
43 0.0000785442
44 0.0000767590
45 0.0000750531
46 0.0000734214
47 0.0000718591
48 0.0000703619
49 0.0000689258
50 0.0000675472
51 0.0000662226
52 0.0000649490
53 0.0000637234
54 0.0000625432
55 0.0000614060
56 0.0000603093
57 0.0000592512
58 0.0000582295
59 0.0000572424
60 0.0000562883
61 0.0000553654
62 0.0000544723
63 0.0000536076
64 0.0000527699
65 0.0000519579
66 0.0000511706
67 0.0000504067
68 0.0000496654
69 0.0000489455
70 0.0000482462
71 0.0000475666
72 0.0000469058
73 0.0000462632
74 0.0000456379
75 0.0000450293
76 0.0000444367
77 0.0000438596
78 0.0000432972
79 0.0000427490
80 0.0000422146
81 0.0000416933
82 0.0000411848
83 0.0000406885
84 0.0000402040
85 0.0000397309
86 0.0000392689
87 0.0000388174
88 0.0000383762
89 0.0000379450
90 0.0000375233
91 0.0000371109
92 0.0000367074
93 0.0000363126
94 0.0000359262
95 0.0000355480
96 0.0000351776
97 0.0000348149
98 0.0000344595
99 0.0000341114
100 0.0000337702
101 0.0000334358
102 0.0000331079
103 0.0000327864
104 0.0000324711
105 0.0000321617
106 0.0000318583
107 0.0000315605
108 0.0000312682
109 0.0000309812
110 0.0000306995
111 0.0000304229
112 0.0000301512
113 0.0000298843
114 0.0000296221
115 0.0000293644
116 0.0000291112
117 0.0000288623
118 0.0000286176
119 0.0000283771
120 0.0000281405
121 0.0000279079
122 0.0000276791
123 0.0000274540
124 0.0000272325
125 0.0000270146
126 0.0000268001
127 0.0000265890
128 0.0000263812
129 0.0000261767
130 0.0000259752
131 0.0000257769
132 0.0000255815
133 0.0000253891
134 0.0000251996
135 0.0000250129
136 0.0000248289
137 0.0000246476
138 0.0000244689
139 0.0000242928
140 0.0000241192
141 0.0000239481
142 0.0000237794
143 0.0000236131
144 0.0000234490
145 0.0000232872
146 0.0000231277
147 0.0000229703
148 0.0000228150
149 0.0000226618
150 0.0000225107
151 0.0000223615
152 0.0000222144
153 0.0000220691
154 0.0000219257
155 0.0000217842
156 0.0000216445
157 0.0000215066
158 0.0000213704
159 0.0000212359
160 0.0000211032
161 0.0000209720
162 0.0000208425
163 0.0000207146
164 0.0000205882
165 0.0000204634
166 0.0000203400
167 0.0000202182
168 0.0000200978
169 0.0000199788
170 0.0000198612
171 0.0000197450
172 0.0000196301
173 0.0000195166
174 0.0000194044
175 0.0000192934
176 0.0000191837
177 0.0000190753
178 0.0000189681
179 0.0000188620
180 0.0000187572
181 0.0000186535
182 0.0000185510
183 0.0000184495
184 0.0000183492
185 0.0000182499
186 0.0000181518
187 0.0000180546
188 0.0000179585
189 0.0000178635
190 0.0000177694
191 0.0000176763
192 0.0000175842
193 0.0000174930
194 0.0000174028
195 0.0000173135
196 0.0000172251
197 0.0000171376
198 0.0000170510
199 0.0000169652
200 0.0000168803
201 0.0000167963
202 0.0000167131
203 0.0000166307
204 0.0000165491
205 0.0000164683
206 0.0000163883
207 0.0000163091
208 0.0000162306
209 0.0000161529
210 0.0000160759
211 0.0000159996
212 0.0000159241
213 0.0000158493
214 0.0000157752
215 0.0000157017
216 0.0000156290
217 0.0000155569
218 0.0000154855
219 0.0000154147
220 0.0000153446
221 0.0000152751
222 0.0000152062
223 0.0000151379
224 0.0000150703
225 0.0000150033
226 0.0000149368
227 0.0000148709
228 0.0000148057
229 0.0000147409
230 0.0000146768
231 0.0000146132
232 0.0000145501
233 0.0000144876
234 0.0000144257
235 0.0000143642
236 0.0000143033
237 0.0000142429
238 0.0000141830
239 0.0000141235
240 0.0000140646
241 0.0000140062
242 0.0000139483
243 0.0000138908
244 0.0000138338
245 0.0000137773
246 0.0000137212
247 0.0000136656
248 0.0000136104
249 0.0000135557
250 0.0000135014
251 0.0000134475
252 0.0000133941
253 0.0000133411
254 0.0000132885
255 0.0000132363
256 0.0000131846
257 0.0000131332
258 0.0000130822
259 0.0000130317
260 0.0000129815
261 0.0000129317
262 0.0000128822
263 0.0000128332
264 0.0000127845
265 0.0000127362
266 0.0000126882
267 0.0000126406
268 0.0000125934
269 0.0000125465
270 0.0000125000
271 0.0000124538
272 0.0000124079
273 0.0000123624
274 0.0000123172
275 0.0000122724
276 0.0000122278
277 0.0000121836
278 0.0000121397
279 0.0000120961
280 0.0000120529
281 0.0000120099
282 0.0000119672
283 0.0000119249
284 0.0000118828
285 0.0000118410
286 0.0000117996
287 0.0000117584
288 0.0000117175
289 0.0000116769
290 0.0000116365
291 0.0000115964
292 0.0000115567
293 0.0000115171
294 0.0000114779
295 0.0000114389
296 0.0000114002
297 0.0000113617
298 0.0000113235
299 0.0000112856
300 0.0000112479
301 0.0000112104
302 0.0000111732
303 0.0000111363
304 0.0000110996
305 0.0000110631
306 0.0000110269
307 0.0000109909
308 0.0000109551
309 0.0000109196
310 0.0000108843
311 0.0000108492
312 0.0000108143
313 0.0000107797
314 0.0000107453
315 0.0000107111
316 0.0000106771
317 0.0000106433
318 0.0000106098
319 0.0000105764
320 0.0000105433
321 0.0000105104
322 0.0000104776
323 0.0000104451
324 0.0000104128
325 0.0000103807
326 0.0000103487
327 0.0000103170
328 0.0000102854
329 0.0000102541
330 0.0000102229
331 0.0000101919
332 0.0000101612
333 0.0000101305
334 0.0000101001
335 0.0000100699
336 0.0000100398
337 0.0000100099
338 0.0000099802
339 0.0000099507
340 0.0000099213
341 0.0000098921
342 0.0000098631
343 0.0000098343
344 0.0000098056
345 0.0000097770
346 0.0000097487
347 0.0000097205
348 0.0000096924
