1 348
0 0.9905836793
1 0.0039818341
2 0.0009985999
3 0.0005819318
4 0.0003729411
5 0.0002669423
6 0.0002058820
7 0.0001665769
8 0.0001393552
9 0.0001194941
10 0.0001043990
11 0.0000925436
12 0.0000829847
13 0.0000751129
14 0.0000685184
15 0.0000629151
16 0.0000580975
17 0.0000539135
18 0.0000502480
19 0.0000470122
20 0.0000441364
21 0.0000415654
22 0.0000392543
23 0.0000371667
24 0.0000352725
25 0.0000335469
26 0.0000319690
27 0.0000305210
28 0.0000291882
29 0.0000279576
30 0.0000268183
31 0.0000257608
32 0.0000247768
33 0.0000238592
34 0.0000230017
35 0.0000221987
36 0.0000214454
37 0.0000207374
38 0.0000200709
39 0.0000194424
40 0.0000188489
41 0.0000182877
42 0.0000177561
43 0.0000172521
44 0.0000167736
45 0.0000163188
46 0.0000158860
47 0.0000154736
48 0.0000150804
49 0.0000147051
50 0.0000143465
51 0.0000140035
52 0.0000136752
53 0.0000133607
54 0.0000130591
55 0.0000127698
56 0.0000124920
57 0.0000122250
58 0.0000119682
59 0.0000117211
60 0.0000114832
61 0.0000112540
62 0.0000110330
63 0.0000108198
64 0.0000106140
65 0.0000104152
66 0.0000102232
67 0.0000100375
68 0.0000098579
69 0.0000096841
70 0.0000095158
71 0.0000093528
72 0.0000091948
73 0.0000090416
74 0.0000088931
75 0.0000087489
76 0.0000086090
77 0.0000084730
78 0.0000083410
79 0.0000082127
80 0.0000080879
81 0.0000079666
82 0.0000078486
83 0.0000077337
84 0.0000076219
85 0.0000075129
86 0.0000074068
87 0.0000073034
88 0.0000072027
89 0.0000071044
90 0.0000070085
91 0.0000069150
92 0.0000068238
93 0.0000067347
94 0.0000066478
95 0.0000065628
96 0.0000064799
97 0.0000063988
98 0.0000063196
99 0.0000062421
100 0.0000061664
101 0.0000060923
102 0.0000060199
103 0.0000059490
104 0.0000058796
105 0.0000058117
106 0.0000057452
107 0.0000056801
108 0.0000056163
109 0.0000055539
110 0.0000054926
111 0.0000054326
112 0.0000053738
113 0.0000053162
114 0.0000052597
115 0.0000052042
116 0.0000051499
117 0.0000050965
118 0.0000050442
119 0.0000049928
120 0.0000049424
121 0.0000048929
122 0.0000048443
123 0.0000047966
124 0.0000047497
125 0.0000047037
126 0.0000046585
127 0.0000046140
128 0.0000045704
129 0.0000045274
130 0.0000044853
131 0.0000044438
132 0.0000044030
133 0.0000043629
134 0.0000043235
135 0.0000042847
136 0.0000042466
137 0.0000042090
138 0.0000041721
139 0.0000041357
140 0.0000041000
141 0.0000040648
142 0.0000040301
143 0.0000039960
144 0.0000039624
145 0.0000039293
146 0.0000038967
147 0.0000038646
148 0.0000038330
149 0.0000038019
150 0.0000037712
151 0.0000037410
152 0.0000037112
153 0.0000036818
154 0.0000036529
155 0.0000036244
156 0.0000035963
157 0.0000035685
158 0.0000035412
159 0.0000035142
160 0.0000034877
161 0.0000034614
162 0.0000034356
163 0.0000034101
164 0.0000033849
165 0.0000033601
166 0.0000033356
167 0.0000033114
168 0.0000032876
169 0.0000032640
170 0.0000032408
171 0.0000032179
172 0.0000031952
173 0.0000031729
174 0.0000031508
175 0.0000031290
176 0.0000031075
177 0.0000030863
178 0.0000030653
179 0.0000030446
180 0.0000030241
181 0.0000030039
182 0.0000029839
183 0.0000029642
184 0.0000029447
185 0.0000029254
186 0.0000029064
187 0.0000028876
188 0.0000028690
189 0.0000028506
190 0.0000028325
191 0.0000028145
192 0.0000027968
193 0.0000027793
194 0.0000027619
195 0.0000027448
196 0.0000027278
197 0.0000027111
198 0.0000026945
199 0.0000026781
200 0.0000026619
201 0.0000026459
202 0.0000026300
203 0.0000026143
204 0.0000025988
205 0.0000025835
206 0.0000025683
207 0.0000025533
208 0.0000025384
209 0.0000025237
210 0.0000025092
211 0.0000024948
212 0.0000024805
213 0.0000024664
214 0.0000024525
215 0.0000024387
216 0.0000024250
217 0.0000024114
218 0.0000023980
219 0.0000023848
220 0.0000023717
221 0.0000023587
222 0.0000023458
223 0.0000023330
224 0.0000023204
225 0.0000023079
226 0.0000022956
227 0.0000022833
228 0.0000022712
229 0.0000022592
230 0.0000022472
231 0.0000022355
232 0.0000022238
233 0.0000022122
234 0.0000022007
235 0.0000021894
236 0.0000021781
237 0.0000021670
238 0.0000021560
239 0.0000021450
240 0.0000021342
241 0.0000021234
242 0.0000021128
243 0.0000021022
244 0.0000020918
245 0.0000020814
246 0.0000020711
247 0.0000020610
248 0.0000020509
249 0.0000020409
250 0.0000020310
251 0.0000020211
252 0.0000020114
253 0.0000020017
254 0.0000019922
255 0.0000019827
256 0.0000019732
257 0.0000019639
258 0.0000019547
259 0.0000019455
260 0.0000019364
261 0.0000019273
262 0.0000019184
263 0.0000019095
264 0.0000019007
265 0.0000018920
266 0.0000018833
267 0.0000018747
268 0.0000018662
269 0.0000018577
270 0.0000018493
271 0.0000018410
272 0.0000018327
273 0.0000018246
274 0.0000018164
275 0.0000018083
276 0.0000018003
277 0.0000017924
278 0.0000017845
279 0.0000017767
280 0.0000017689
281 0.0000017612
282 0.0000017536
283 0.0000017460
284 0.0000017384
285 0.0000017309
286 0.0000017235
287 0.0000017161
288 0.0000017088
289 0.0000017015
290 0.0000016943
291 0.0000016871
292 0.0000016800
293 0.0000016729
294 0.0000016659
295 0.0000016589
296 0.0000016520
297 0.0000016451
298 0.0000016382
299 0.0000016314
300 0.0000016246
301 0.0000016179
302 0.0000016112
303 0.0000016046
304 0.0000015980
305 0.0000015914
306 0.0000015849
307 0.0000015784
308 0.0000015719
309 0.0000015655
310 0.0000015591
311 0.0000015527
312 0.0000015464
313 0.0000015400
314 0.0000015337
315 0.0000015275
316 0.0000015212
317 0.0000015150
318 0.0000015087
319 0.0000015025
320 0.0000014963
321 0.0000014901
322 0.0000014839
323 0.0000014777
324 0.0000014715
325 0.0000014652
326 0.0000014590
327 0.0000014526
328 0.0000014463
329 0.0000014399
330 0.0000014334
331 0.0000014268
332 0.0000014200
333 0.0000014131
334 0.0000014060
335 0.0000013987
336 0.0000013910
337 0.0000013829
338 0.0000013743
339 0.0000013649
340 0.0000013546
341 0.0000013429
342 0.0000013293
343 0.0000013127
344 0.0000012916
345 0.0000012627
346 0.0000012134
347 0.0000010724
348 0.0000000000
