0 900
0 0.9704075243
1 0.0065975245
2 0.0027730933
3 0.0019350646
4 0.0014278630
5 0.0011270283
6 0.0009295829
7 0.0007887131
8 0.0006829466
9 0.0006007042
10 0.0005349799
11 0.0004812734
12 0.0004365762
13 0.0003988062
14 0.0003664779
15 0.0003385026
16 0.0003140637
17 0.0002925368
18 0.0002734363
19 0.0002563787
20 0.0002410572
21 0.0002272236
22 0.0002146745
23 0.0002032422
24 0.0001927869
25 0.0001831909
26 0.0001743550
27 0.0001661944
28 0.0001586365
29 0.0001516188
30 0.0001450871
31 0.0001389940
32 0.0001332984
33 0.0001279639
34 0.0001229584
35 0.0001182536
36 0.0001138243
37 0.0001096480
38 0.0001057045
39 0.0001019758
40 0.0000984456
41 0.0000950993
42 0.0000919236
43 0.0000889065
44 0.0000860370
45 0.0000833052
46 0.0000807020
47 0.0000782191
48 0.0000758488
49 0.0000735842
50 0.0000714188
51 0.0000693466
52 0.0000673622
53 0.0000654606
54 0.0000636370
55 0.0000618871
56 0.0000602069
57 0.0000585926
58 0.0000570407
59 0.0000555480
60 0.0000541114
61 0.0000527281
62 0.0000513955
63 0.0000501111
64 0.0000488725
65 0.0000476775
66 0.0000465242
67 0.0000454106
68 0.0000443349
69 0.0000432953
70 0.0000422903
71 0.0000413183
72 0.0000403779
73 0.0000394678
74 0.0000385867
75 0.0000377334
76 0.0000369066
77 0.0000361054
78 0.0000353287
79 0.0000345756
80 0.0000338450
81 0.0000331362
82 0.0000324482
83 0.0000317803
84 0.0000311318
85 0.0000305018
86 0.0000298898
87 0.0000292950
88 0.0000287169
89 0.0000281548
90 0.0000276082
91 0.0000270764
92 0.0000265591
93 0.0000260557
94 0.0000255657
95 0.0000250887
96 0.0000246242
97 0.0000241718
98 0.0000237311
99 0.0000233017
100 0.0000228833
101 0.0000224755
102 0.0000220780
103 0.0000216904
104 0.0000213125
105 0.0000209438
106 0.0000205842
107 0.0000202333
108 0.0000198910
109 0.0000195568
110 0.0000192307
111 0.0000189123
112 0.0000186014
113 0.0000182978
114 0.0000180013
115 0.0000177116
116 0.0000174287
117 0.0000171522
118 0.0000168820
119 0.0000166179
120 0.0000163598
121 0.0000161074
122 0.0000158607
123 0.0000156195
124 0.0000153835
125 0.0000151527
126 0.0000149270
127 0.0000147062
128 0.0000144901
129 0.0000142787
130 0.0000140717
131 0.0000138692
132 0.0000136710
133 0.0000134769
134 0.0000132869
135 0.0000131008
136 0.0000129186
137 0.0000127402
138 0.0000125654
139 0.0000123942
140 0.0000122265
141 0.0000120622
142 0.0000119011
143 0.0000117433
144 0.0000115887
145 0.0000114371
146 0.0000112886
147 0.0000111429
148 0.0000110001
149 0.0000108601
150 0.0000107228
151 0.0000105882
152 0.0000104562
153 0.0000103267
154 0.0000101996
155 0.0000100750
156 0.0000099527
157 0.0000098328
158 0.0000097151
159 0.0000095996
160 0.0000094862
161 0.0000093750
162 0.0000092657
163 0.0000091586
164 0.0000090533
165 0.0000089500
166 0.0000088486
167 0.0000087490
168 0.0000086511
169 0.0000085551
170 0.0000084607
171 0.0000083681
172 0.0000082770
173 0.0000081876
174 0.0000080998
175 0.0000080135
176 0.0000079287
177 0.0000078453
178 0.0000077634
179 0.0000076829
180 0.0000076038
181 0.0000075261
182 0.0000074497
183 0.0000073745
184 0.0000073007
185 0.0000072281
186 0.0000071567
187 0.0000070865
188 0.0000070174
189 0.0000069495
190 0.0000068828
191 0.0000068171
192 0.0000067525
193 0.0000066889
194 0.0000066264
195 0.0000065649
196 0.0000065044
197 0.0000064449
198 0.0000063863
199 0.0000063287
200 0.0000062719
201 0.0000062161
202 0.0000061611
203 0.0000061070
204 0.0000060538
205 0.0000060014
206 0.0000059498
207 0.0000058990
208 0.0000058490
209 0.0000057997
210 0.0000057512
211 0.0000057035
212 0.0000056564
213 0.0000056101
214 0.0000055645
215 0.0000055195
216 0.0000054752
217 0.0000054316
218 0.0000053887
219 0.0000053463
220 0.0000053046
221 0.0000052635
222 0.0000052230
223 0.0000051831
224 0.0000051438
225 0.0000051050
226 0.0000050668
227 0.0000050292
228 0.0000049921
229 0.0000049555
230 0.0000049194
231 0.0000048838
232 0.0000048488
233 0.0000048142
234 0.0000047801
235 0.0000047465
236 0.0000047133
237 0.0000046806
238 0.0000046484
239 0.0000046166
240 0.0000045852
241 0.0000045543
242 0.0000045237
243 0.0000044936
244 0.0000044639
245 0.0000044346
246 0.0000044056
247 0.0000043771
248 0.0000043489
249 0.0000043211
250 0.0000042937
251 0.0000042666
252 0.0000042399
253 0.0000042135
254 0.0000041875
255 0.0000041618
256 0.0000041364
257 0.0000041113
258 0.0000040866
259 0.0000040621
260 0.0000040380
261 0.0000040142
262 0.0000039907
263 0.0000039675
264 0.0000039445
265 0.0000039219
266 0.0000038995
267 0.0000038774
268 0.0000038555
269 0.0000038339
270 0.0000038126
271 0.0000037916
272 0.0000037708
273 0.0000037502
274 0.0000037299
275 0.0000037098
276 0.0000036900
277 0.0000036703
278 0.0000036510
279 0.0000036318
280 0.0000036129
281 0.0000035942
282 0.0000035757
283 0.0000035574
284 0.0000035393
285 0.0000035214
286 0.0000035037
287 0.0000034862
288 0.0000034690
289 0.0000034519
290 0.0000034350
291 0.0000034182
292 0.0000034017
293 0.0000033854
294 0.0000033692
295 0.0000033532
296 0.0000033374
297 0.0000033217
298 0.0000033062
299 0.0000032909
300 0.0000032757
301 0.0000032607
302 0.0000032459
303 0.0000032312
304 0.0000032166
305 0.0000032023
306 0.0000031880
307 0.0000031739
308 0.0000031600
309 0.0000031462
310 0.0000031325
311 0.0000031190
312 0.0000031056
313 0.0000030923
314 0.0000030792
315 0.0000030662
316 0.0000030533
317 0.0000030406
318 0.0000030280
319 0.0000030155
320 0.0000030031
321 0.0000029908
322 0.0000029787
323 0.0000029667
324 0.0000029548
325 0.0000029430
326 0.0000029313
327 0.0000029197
328 0.0000029083
329 0.0000028969
330 0.0000028856
331 0.0000028745
332 0.0000028634
333 0.0000028525
334 0.0000028416
335 0.0000028309
336 0.0000028202
337 0.0000028097
338 0.0000027992
339 0.0000027888
340 0.0000027786
341 0.0000027684
342 0.0000027583
343 0.0000027483
344 0.0000027383
345 0.0000027285
346 0.0000027187
347 0.0000027091
348 0.0000026995
349 0.0000026900
350 0.0000026805
351 0.0000026712
352 0.0000026619
353 0.0000026527
354 0.0000026436
355 0.0000026346
356 0.0000026256
357 0.0000026167
358 0.0000026079
359 0.0000025991
360 0.0000025904
361 0.0000025818
362 0.0000025733
363 0.0000025648
364 0.0000025564
365 0.0000025480
366 0.0000025397
367 0.0000025315
368 0.0000025234
369 0.0000025153
370 0.0000025073
371 0.0000024993
372 0.0000024914
373 0.0000024836
374 0.0000024758
375 0.0000024680
376 0.0000024604
377 0.0000024528
378 0.0000024452
379 0.0000024377
380 0.0000024303
381 0.0000024229
382 0.0000024155
383 0.0000024083
384 0.0000024010
385 0.0000023938
386 0.0000023867
387 0.0000023796
388 0.0000023726
389 0.0000023656
390 0.0000023587
391 0.0000023518
392 0.0000023450
393 0.0000023382
394 0.0000023314
395 0.0000023248
396 0.0000023181
397 0.0000023115
398 0.0000023050
399 0.0000022984
400 0.0000022920
401 0.0000022855
402 0.0000022792
403 0.0000022728
404 0.0000022665
405 0.0000022603
406 0.0000022540
407 0.0000022479
408 0.0000022417
409 0.0000022356
410 0.0000022296
411 0.0000022236
412 0.0000022176
413 0.0000022116
414 0.0000022057
415 0.0000021998
416 0.0000021940
417 0.0000021882
418 0.0000021824
419 0.0000021767
420 0.0000021710
421 0.0000021654
422 0.0000021598
423 0.0000021542
424 0.0000021486
425 0.0000021431
426 0.0000021376
427 0.0000021321
428 0.0000021267
429 0.0000021213
430 0.0000021160
431 0.0000021106
432 0.0000021054
433 0.0000021001
434 0.0000020948
435 0.0000020896
436 0.0000020845
437 0.0000020793
438 0.0000020742
439 0.0000020691
440 0.0000020641
441 0.0000020590
442 0.0000020540
443 0.0000020490
444 0.0000020441
445 0.0000020392
446 0.0000020343
447 0.0000020294
448 0.0000020246
449 0.0000020198
450 0.0000020150
451 0.0000020102
452 0.0000020055
453 0.0000020008
454 0.0000019961
455 0.0000019914
456 0.0000019868
457 0.0000019822
458 0.0000019776
459 0.0000019730
460 0.0000019685
461 0.0000019640
462 0.0000019595
463 0.0000019550
464 0.0000019506
465 0.0000019462
466 0.0000019417
467 0.0000019374
468 0.0000019330
469 0.0000019287
470 0.0000019244
471 0.0000019201
472 0.0000019158
473 0.0000019115
474 0.0000019073
475 0.0000019031
476 0.0000018989
477 0.0000018948
478 0.0000018906
479 0.0000018865
480 0.0000018824
481 0.0000018783
482 0.0000018742
483 0.0000018702
484 0.0000018662
485 0.0000018622
486 0.0000018582
487 0.0000018542
488 0.0000018502
489 0.0000018463
490 0.0000018424
491 0.0000018385
492 0.0000018346
493 0.0000018308
494 0.0000018269
495 0.0000018231
496 0.0000018193
497 0.0000018155
498 0.0000018117
499 0.0000018080
500 0.0000018042
501 0.0000018005
502 0.0000017968
503 0.0000017931
504 0.0000017895
505 0.0000017858
506 0.0000017821
507 0.0000017785
508 0.0000017749
509 0.0000017713
510 0.0000017677
511 0.0000017642
512 0.0000017606
513 0.0000017571
514 0.0000017536
515 0.0000017501
516 0.0000017466
517 0.0000017431
518 0.0000017397
519 0.0000017363
520 0.0000017328
521 0.0000017294
522 0.0000017260
523 0.0000017227
524 0.0000017193
525 0.0000017159
526 0.0000017126
527 0.0000017093
528 0.0000017060
529 0.0000017026
530 0.0000016994
531 0.0000016961
532 0.0000016928
533 0.0000016896
534 0.0000016864
535 0.0000016832
536 0.0000016800
537 0.0000016768
538 0.0000016736
539 0.0000016704
540 0.0000016673
541 0.0000016641
542 0.0000016610
543 0.0000016579
544 0.0000016548
545 0.0000016517
546 0.0000016486
547 0.0000016455
548 0.0000016425
549 0.0000016394
550 0.0000016364
551 0.0000016334
552 0.0000016304
553 0.0000016274
554 0.0000016244
555 0.0000016214
556 0.0000016184
557 0.0000016155
558 0.0000016126
559 0.0000016096
560 0.0000016067
561 0.0000016038
562 0.0000016009
563 0.0000015980
564 0.0000015952
565 0.0000015923
566 0.0000015894
567 0.0000015866
568 0.0000015838
569 0.0000015810
570 0.0000015782
571 0.0000015754
572 0.0000015726
573 0.0000015698
574 0.0000015670
575 0.0000015643
576 0.0000015615
577 0.0000015588
578 0.0000015560
579 0.0000015533
580 0.0000015506
581 0.0000015479
582 0.0000015452
583 0.0000015426
584 0.0000015399
585 0.0000015372
586 0.0000015346
587 0.0000015319
588 0.0000015293
589 0.0000015267
590 0.0000015241
591 0.0000015215
592 0.0000015189
593 0.0000015163
594 0.0000015137
595 0.0000015111
596 0.0000015086
597 0.0000015060
598 0.0000015035
599 0.0000015009
600 0.0000014984
601 0.0000014959
602 0.0000014934
603 0.0000014909
604 0.0000014884
605 0.0000014860
606 0.0000014835
607 0.0000014810
608 0.0000014786
609 0.0000014761
610 0.0000014737
611 0.0000014712
612 0.0000014688
613 0.0000014664
614 0.0000014640
615 0.0000014616
616 0.0000014592
617 0.0000014568
618 0.0000014545
619 0.0000014521
620 0.0000014497
621 0.0000014474
622 0.0000014451
623 0.0000014427
624 0.0000014404
625 0.0000014381
626 0.0000014358
627 0.0000014335
628 0.0000014312
629 0.0000014289
630 0.0000014266
631 0.0000014243
632 0.0000014221
633 0.0000014198
634 0.0000014175
635 0.0000014153
636 0.0000014130
637 0.0000014108
638 0.0000014086
639 0.0000014064
640 0.0000014042
641 0.0000014020
642 0.0000013998
643 0.0000013976
644 0.0000013954
645 0.0000013932
646 0.0000013911
647 0.0000013889
648 0.0000013867
649 0.0000013846
650 0.0000013825
651 0.0000013803
652 0.0000013782
653 0.0000013761
654 0.0000013740
655 0.0000013719
656 0.0000013698
657 0.0000013677
658 0.0000013656
659 0.0000013635
660 0.0000013614
661 0.0000013594
662 0.0000013573
663 0.0000013552
664 0.0000013532
665 0.0000013512
666 0.0000013491
667 0.0000013471
668 0.0000013450
669 0.0000013430
670 0.0000013410
671 0.0000013390
672 0.0000013370
673 0.0000013350
674 0.0000013330
675 0.0000013310
676 0.0000013291
677 0.0000013271
678 0.0000013251
679 0.0000013232
680 0.0000013212
681 0.0000013193
682 0.0000013173
683 0.0000013154
684 0.0000013135
685 0.0000013115
686 0.0000013096
687 0.0000013077
688 0.0000013058
689 0.0000013039
690 0.0000013020
691 0.0000013001
692 0.0000012982
693 0.0000012963
694 0.0000012945
695 0.0000012926
696 0.0000012908
697 0.0000012889
698 0.0000012870
699 0.0000012852
700 0.0000012833
701 0.0000012815
702 0.0000012797
703 0.0000012778
704 0.0000012760
705 0.0000012742
706 0.0000012724
707 0.0000012706
708 0.0000012688
709 0.0000012670
710 0.0000012652
711 0.0000012634
712 0.0000012617
713 0.0000012599
714 0.0000012581
715 0.0000012563
716 0.0000012546
717 0.0000012528
718 0.0000012511
719 0.0000012493
720 0.0000012476
721 0.0000012458
722 0.0000012441
723 0.0000012424
724 0.0000012407
725 0.0000012390
726 0.0000012372
727 0.0000012355
728 0.0000012338
729 0.0000012321
730 0.0000012304
731 0.0000012288
732 0.0000012271
733 0.0000012254
734 0.0000012237
735 0.0000012220
736 0.0000012204
737 0.0000012187
738 0.0000012171
739 0.0000012154
740 0.0000012138
741 0.0000012121
742 0.0000012105
743 0.0000012088
744 0.0000012072
745 0.0000012056
746 0.0000012040
747 0.0000012023
748 0.0000012007
749 0.0000011991
750 0.0000011975
751 0.0000011959
752 0.0000011943
753 0.0000011927
754 0.0000011912
755 0.0000011896
756 0.0000011880
757 0.0000011864
758 0.0000011849
759 0.0000011833
760 0.0000011817
761 0.0000011802
762 0.0000011786
763 0.0000011771
764 0.0000011755
765 0.0000011740
766 0.0000011724
767 0.0000011709
768 0.0000011694
769 0.0000011678
770 0.0000011663
771 0.0000011648
772 0.0000011633
773 0.0000011618
774 0.0000011603
775 0.0000011588
776 0.0000011573
777 0.0000011558
778 0.0000011543
779 0.0000011528
780 0.0000011513
781 0.0000011499
782 0.0000011484
783 0.0000011469
784 0.0000011454
785 0.0000011440
786 0.0000011425
787 0.0000011410
788 0.0000011396
789 0.0000011381
790 0.0000011367
791 0.0000011353
792 0.0000011338
793 0.0000011324
794 0.0000011310
795 0.0000011295
796 0.0000011281
797 0.0000011267
798 0.0000011253
799 0.0000011239
800 0.0000011224
801 0.0000011210
802 0.0000011196
803 0.0000011182
804 0.0000011168
805 0.0000011155
806 0.0000011141
807 0.0000011127
808 0.0000011113
809 0.0000011099
810 0.0000011085
811 0.0000011072
812 0.0000011058
813 0.0000011044
814 0.0000011031
815 0.0000011017
816 0.0000011004
817 0.0000010990
818 0.0000010977
819 0.0000010963
820 0.0000010950
821 0.0000010936
822 0.0000010923
823 0.0000010910
824 0.0000010896
825 0.0000010883
826 0.0000010870
827 0.0000010857
828 0.0000010843
829 0.0000010830
830 0.0000010817
831 0.0000010804
832 0.0000010791
833 0.0000010778
834 0.0000010765
835 0.0000010752
836 0.0000010739
837 0.0000010726
838 0.0000010714
839 0.0000010701
840 0.0000010688
841 0.0000010675
842 0.0000010662
843 0.0000010650
844 0.0000010637
845 0.0000010624
846 0.0000010612
847 0.0000010599
848 0.0000010587
849 0.0000010574
850 0.0000010562
851 0.0000010549
852 0.0000010537
853 0.0000010524
854 0.0000010512
855 0.0000010500
856 0.0000010487
857 0.0000010475
858 0.0000010463
859 0.0000010451
860 0.0000010438
861 0.0000010426
862 0.0000010414
863 0.0000010402
864 0.0000010390
865 0.0000010378
866 0.0000010366
867 0.0000010354
868 0.0000010342
869 0.0000010330
870 0.0000010318
871 0.0000010306
872 0.0000010294
873 0.0000010282
874 0.0000010270
875 0.0000010259
876 0.0000010247
877 0.0000010235
878 0.0000010223
879 0.0000010212
880 0.0000010200
881 0.0000010188
882 0.0000010177
883 0.0000010165
884 0.0000010154
885 0.0000010142
886 0.0000010131
887 0.0000010119
888 0.0000010108
889 0.0000010096
890 0.0000010085
891 0.0000010073
892 0.0000010062
893 0.0000010051
894 0.0000010039
895 0.0000010028
896 0.0000010017
897 0.0000010006
898 0.0000009995
899 0.0000009983
900 0.0000009972
