1 558
0 0.9907912221
1 0.0033196960
2 0.0012106499
3 0.0007631275
4 0.0005091658
5 0.0003667242
6 0.0002784434
7 0.0002190174
8 0.0001769157
9 0.0001460114
10 0.0001226817
11 0.0001046568
12 0.0000904567
13 0.0000790830
14 0.0000698418
15 0.0000622381
16 0.0000559113
17 0.0000505935
18 0.0000460824
19 0.0000422233
20 0.0000388961
21 0.0000360067
22 0.0000334806
23 0.0000312583
24 0.0000292915
25 0.0000275414
26 0.0000259760
27 0.0000245690
28 0.0000232984
29 0.0000221462
30 0.0000210970
31 0.0000201381
32 0.0000192584
33 0.0000184487
34 0.0000177012
35 0.0000170089
36 0.0000163659
37 0.0000157673
38 0.0000152085
39 0.0000146857
40 0.0000141955
41 0.0000137349
42 0.0000133014
43 0.0000128925
44 0.0000125062
45 0.0000121407
46 0.0000117943
47 0.0000114655
48 0.0000111531
49 0.0000108559
50 0.0000105727
51 0.0000103026
52 0.0000100447
53 0.0000097982
54 0.0000095623
55 0.0000093365
56 0.0000091200
57 0.0000089123
58 0.0000087129
59 0.0000085213
60 0.0000083371
61 0.0000081599
62 0.0000079892
63 0.0000078247
64 0.0000076662
65 0.0000075132
66 0.0000073656
67 0.0000072230
68 0.0000070852
69 0.0000069520
70 0.0000068231
71 0.0000066984
72 0.0000065776
73 0.0000064606
74 0.0000063472
75 0.0000062373
76 0.0000061307
77 0.0000060272
78 0.0000059268
79 0.0000058293
80 0.0000057345
81 0.0000056425
82 0.0000055529
83 0.0000054659
84 0.0000053812
85 0.0000052988
86 0.0000052186
87 0.0000051405
88 0.0000050644
89 0.0000049903
90 0.0000049180
91 0.0000048476
92 0.0000047789
93 0.0000047119
94 0.0000046465
95 0.0000045827
96 0.0000045205
97 0.0000044596
98 0.0000044003
99 0.0000043422
100 0.0000042856
101 0.0000042301
102 0.0000041760
103 0.0000041230
104 0.0000040712
105 0.0000040206
106 0.0000039710
107 0.0000039225
108 0.0000038750
109 0.0000038285
110 0.0000037830
111 0.0000037385
112 0.0000036948
113 0.0000036520
114 0.0000036101
115 0.0000035690
116 0.0000035288
117 0.0000034893
118 0.0000034506
119 0.0000034126
120 0.0000033754
121 0.0000033388
122 0.0000033030
123 0.0000032678
124 0.0000032333
125 0.0000031994
126 0.0000031661
127 0.0000031334
128 0.0000031014
129 0.0000030698
130 0.0000030389
131 0.0000030085
132 0.0000029786
133 0.0000029492
134 0.0000029203
135 0.0000028920
136 0.0000028641
137 0.0000028366
138 0.0000028097
139 0.0000027831
140 0.0000027571
141 0.0000027314
142 0.0000027061
143 0.0000026813
144 0.0000026569
145 0.0000026328
146 0.0000026091
147 0.0000025858
148 0.0000025629
149 0.0000025403
150 0.0000025180
151 0.0000024961
152 0.0000024745
153 0.0000024533
154 0.0000024324
155 0.0000024117
156 0.0000023914
157 0.0000023714
158 0.0000023517
159 0.0000023322
160 0.0000023131
161 0.0000022942
162 0.0000022756
163 0.0000022572
164 0.0000022391
165 0.0000022212
166 0.0000022036
167 0.0000021863
168 0.0000021692
169 0.0000021523
170 0.0000021356
171 0.0000021192
172 0.0000021030
173 0.0000020870
174 0.0000020712
175 0.0000020556
176 0.0000020403
177 0.0000020251
178 0.0000020101
179 0.0000019953
180 0.0000019807
181 0.0000019663
182 0.0000019521
183 0.0000019381
184 0.0000019242
185 0.0000019105
186 0.0000018970
187 0.0000018836
188 0.0000018704
189 0.0000018574
190 0.0000018445
191 0.0000018318
192 0.0000018192
193 0.0000018068
194 0.0000017945
195 0.0000017824
196 0.0000017704
197 0.0000017586
198 0.0000017468
199 0.0000017353
200 0.0000017238
201 0.0000017125
202 0.0000017014
203 0.0000016903
204 0.0000016794
205 0.0000016686
206 0.0000016579
207 0.0000016473
208 0.0000016369
209 0.0000016266
210 0.0000016164
211 0.0000016063
212 0.0000015963
213 0.0000015864
214 0.0000015766
215 0.0000015669
216 0.0000015574
217 0.0000015479
218 0.0000015385
219 0.0000015293
220 0.0000015201
221 0.0000015110
222 0.0000015020
223 0.0000014931
224 0.0000014843
225 0.0000014756
226 0.0000014670
227 0.0000014585
228 0.0000014500
229 0.0000014417
230 0.0000014334
231 0.0000014252
232 0.0000014171
233 0.0000014091
234 0.0000014011
235 0.0000013933
236 0.0000013855
237 0.0000013777
238 0.0000013701
239 0.0000013625
240 0.0000013550
241 0.0000013476
242 0.0000013402
243 0.0000013330
244 0.0000013257
245 0.0000013186
246 0.0000013115
247 0.0000013045
248 0.0000012975
249 0.0000012907
250 0.0000012838
251 0.0000012771
252 0.0000012704
253 0.0000012638
254 0.0000012572
255 0.0000012507
256 0.0000012442
257 0.0000012378
258 0.0000012315
259 0.0000012252
260 0.0000012189
261 0.0000012128
262 0.0000012067
263 0.0000012006
264 0.0000011946
265 0.0000011886
266 0.0000011827
267 0.0000011769
268 0.0000011710
269 0.0000011653
270 0.0000011596
271 0.0000011539
272 0.0000011483
273 0.0000011427
274 0.0000011372
275 0.0000011318
276 0.0000011263
277 0.0000011210
278 0.0000011156
279 0.0000011103
280 0.0000011051
281 0.0000010999
282 0.0000010947
283 0.0000010896
284 0.0000010845
285 0.0000010795
286 0.0000010745
287 0.0000010695
288 0.0000010646
289 0.0000010597
290 0.0000010549
291 0.0000010501
292 0.0000010454
293 0.0000010406
294 0.0000010359
295 0.0000010313
296 0.0000010267
297 0.0000010221
298 0.0000010176
299 0.0000010131
300 0.0000010086
301 0.0000010041
302 0.0000009997
303 0.0000009954
304 0.0000009910
305 0.0000009867
306 0.0000009825
307 0.0000009782
308 0.0000009740
309 0.0000009698
310 0.0000009657
311 0.0000009616
312 0.0000009575
313 0.0000009534
314 0.0000009494
315 0.0000009454
316 0.0000009415
317 0.0000009375
318 0.0000009336
319 0.0000009297
320 0.0000009259
321 0.0000009221
322 0.0000009183
323 0.0000009145
324 0.0000009108
325 0.0000009070
326 0.0000009033
327 0.0000008997
328 0.0000008960
329 0.0000008924
330 0.0000008888
331 0.0000008853
332 0.0000008817
333 0.0000008782
334 0.0000008747
335 0.0000008713
336 0.0000008678
337 0.0000008644
338 0.0000008610
339 0.0000008577
340 0.0000008543
341 0.0000008510
342 0.0000008477
343 0.0000008444
344 0.0000008412
345 0.0000008379
346 0.0000008347
347 0.0000008315
348 0.0000008283
349 0.0000008252
350 0.0000008221
351 0.0000008189
352 0.0000008159
353 0.0000008128
354 0.0000008097
355 0.0000008067
356 0.0000008037
357 0.0000008007
358 0.0000007977
359 0.0000007948
360 0.0000007919
361 0.0000007889
362 0.0000007860
363 0.0000007832
364 0.0000007803
365 0.0000007775
366 0.0000007746
367 0.0000007718
368 0.0000007690
369 0.0000007663
370 0.0000007635
371 0.0000007608
372 0.0000007581
373 0.0000007554
374 0.0000007527
375 0.0000007500
376 0.0000007474
377 0.0000007447
378 0.0000007421
379 0.0000007395
380 0.0000007369
381 0.0000007343
382 0.0000007318
383 0.0000007292
384 0.0000007267
385 0.0000007242
386 0.0000007217
387 0.0000007192
388 0.0000007167
389 0.0000007143
390 0.0000007119
391 0.0000007094
392 0.0000007070
393 0.0000007046
394 0.0000007022
395 0.0000006999
396 0.0000006975
397 0.0000006952
398 0.0000006928
399 0.0000006905
400 0.0000006882
401 0.0000006859
402 0.0000006837
403 0.0000006814
404 0.0000006792
405 0.0000006769
406 0.0000006747
407 0.0000006725
408 0.0000006703
409 0.0000006681
410 0.0000006659
411 0.0000006638
412 0.0000006616
413 0.0000006595
414 0.0000006573
415 0.0000006552
416 0.0000006531
417 0.0000006510
418 0.0000006490
419 0.0000006469
420 0.0000006448
421 0.0000006428
422 0.0000006407
423 0.0000006387
424 0.0000006367
425 0.0000006347
426 0.0000006327
427 0.0000006307
428 0.0000006287
429 0.0000006268
430 0.0000006248
431 0.0000006229
432 0.0000006210
433 0.0000006190
434 0.0000006171
435 0.0000006152
436 0.0000006133
437 0.0000006115
438 0.0000006096
439 0.0000006077
440 0.0000006059
441 0.0000006040
442 0.0000006022
443 0.0000006004
444 0.0000005986
445 0.0000005967
446 0.0000005950
447 0.0000005932
448 0.0000005914
449 0.0000005896
450 0.0000005878
451 0.0000005861
452 0.0000005843
453 0.0000005826
454 0.0000005809
455 0.0000005792
456 0.0000005775
457 0.0000005758
458 0.0000005741
459 0.0000005724
460 0.0000005707
461 0.0000005690
462 0.0000005674
463 0.0000005657
464 0.0000005640
465 0.0000005624
466 0.0000005608
467 0.0000005592
468 0.0000005575
469 0.0000005559
470 0.0000005543
471 0.0000005527
472 0.0000005511
473 0.0000005495
474 0.0000005480
475 0.0000005464
476 0.0000005448
477 0.0000005433
478 0.0000005417
479 0.0000005402
480 0.0000005387
481 0.0000005371
482 0.0000005356
483 0.0000005341
484 0.0000005326
485 0.0000005311
486 0.0000005296
487 0.0000005281
488 0.0000005266
489 0.0000005251
490 0.0000005236
491 0.0000005222
492 0.0000005207
493 0.0000005192
494 0.0000005178
495 0.0000005163
496 0.0000005149
497 0.0000005134
498 0.0000005120
499 0.0000005106
500 0.0000005092
501 0.0000005077
502 0.0000005063
503 0.0000005049
504 0.0000005035
505 0.0000005021
506 0.0000005007
507 0.0000004993
508 0.0000004979
509 0.0000004965
510 0.0000004951
511 0.0000004937
512 0.0000004923
513 0.0000004909
514 0.0000004895
515 0.0000004882
516 0.0000004868
517 0.0000004854
518 0.0000004840
519 0.0000004826
520 0.0000004812
521 0.0000004798
522 0.0000004785
523 0.0000004771
524 0.0000004757
525 0.0000004743
526 0.0000004729
527 0.0000004715
528 0.0000004701
529 0.0000004686
530 0.0000004672
531 0.0000004658
532 0.0000004643
533 0.0000004628
534 0.0000004614
535 0.0000004599
536 0.0000004584
537 0.0000004568
538 0.0000004553
539 0.0000004537
540 0.0000004521
541 0.0000004504
542 0.0000004487
543 0.0000004469
544 0.0000004451
545 0.0000004433
546 0.0000004413
547 0.0000004392
548 0.0000004370
549 0.0000004346
550 0.0000004320
551 0.0000004291
552 0.0000004257
553 0.0000004216
554 0.0000004163
555 0.0000004088
556 0.0000003950
557 0.0000003511
558 0.0000000000
