1 316
0 0.9908964977
1 0.0039666487
2 0.0009846217
3 0.0005723707
4 0.0003669360
5 0.0002625916
6 0.0002022291
7 0.0001632279
8 0.0001361473
9 0.0001163619
10 0.0001013211
11 0.0000895175
12 0.0000800147
13 0.0000722046
14 0.0000656766
15 0.0000601433
16 0.0000553973
17 0.0000512853
18 0.0000476912
19 0.0000445256
20 0.0000417183
21 0.0000392135
22 0.0000369663
23 0.0000349402
24 0.0000331051
25 0.0000314361
26 0.0000299125
27 0.0000285165
28 0.0000272335
29 0.0000260505
30 0.0000249569
31 0.0000239431
32 0.0000230011
33 0.0000221237
34 0.0000213047
35 0.0000205387
36 0.0000198209
37 0.0000191470
38 0.0000185133
39 0.0000179164
40 0.0000173532
41 0.0000168212
42 0.0000163178
43 0.0000158410
44 0.0000153887
45 0.0000149591
46 0.0000145507
47 0.0000141620
48 0.0000137915
49 0.0000134382
50 0.0000131009
51 0.0000127786
52 0.0000124703
53 0.0000121752
54 0.0000118924
55 0.0000116212
56 0.0000113611
57 0.0000111112
58 0.0000108711
59 0.0000106402
60 0.0000104180
61 0.0000102040
62 0.0000099979
63 0.0000097991
64 0.0000096074
65 0.0000094223
66 0.0000092436
67 0.0000090709
68 0.0000089040
69 0.0000087425
70 0.0000085863
71 0.0000084350
72 0.0000082884
73 0.0000081464
74 0.0000080088
75 0.0000078753
76 0.0000077457
77 0.0000076200
78 0.0000074979
79 0.0000073792
80 0.0000072640
81 0.0000071519
82 0.0000070430
83 0.0000069370
84 0.0000068338
85 0.0000067334
86 0.0000066357
87 0.0000065404
88 0.0000064476
89 0.0000063572
90 0.0000062690
91 0.0000061830
92 0.0000060992
93 0.0000060173
94 0.0000059375
95 0.0000058595
96 0.0000057833
97 0.0000057090
98 0.0000056363
99 0.0000055653
100 0.0000054959
101 0.0000054280
102 0.0000053617
103 0.0000052968
104 0.0000052333
105 0.0000051712
106 0.0000051103
107 0.0000050508
108 0.0000049925
109 0.0000049355
110 0.0000048795
111 0.0000048248
112 0.0000047711
113 0.0000047185
114 0.0000046669
115 0.0000046164
116 0.0000045668
117 0.0000045182
118 0.0000044705
119 0.0000044237
120 0.0000043778
121 0.0000043327
122 0.0000042885
123 0.0000042451
124 0.0000042025
125 0.0000041606
126 0.0000041195
127 0.0000040791
128 0.0000040395
129 0.0000040005
130 0.0000039622
131 0.0000039246
132 0.0000038876
133 0.0000038512
134 0.0000038154
135 0.0000037802
136 0.0000037456
137 0.0000037116
138 0.0000036782
139 0.0000036452
140 0.0000036128
141 0.0000035810
142 0.0000035496
143 0.0000035187
144 0.0000034883
145 0.0000034584
146 0.0000034289
147 0.0000033999
148 0.0000033713
149 0.0000033432
150 0.0000033155
151 0.0000032882
152 0.0000032612
153 0.0000032347
154 0.0000032086
155 0.0000031829
156 0.0000031575
157 0.0000031325
158 0.0000031078
159 0.0000030835
160 0.0000030596
161 0.0000030359
162 0.0000030126
163 0.0000029896
164 0.0000029670
165 0.0000029446
166 0.0000029225
167 0.0000029008
168 0.0000028793
169 0.0000028581
170 0.0000028372
171 0.0000028166
172 0.0000027962
173 0.0000027761
174 0.0000027563
175 0.0000027367
176 0.0000027174
177 0.0000026983
178 0.0000026794
179 0.0000026608
180 0.0000026424
181 0.0000026243
182 0.0000026063
183 0.0000025886
184 0.0000025711
185 0.0000025538
186 0.0000025368
187 0.0000025199
188 0.0000025032
189 0.0000024867
190 0.0000024705
191 0.0000024544
192 0.0000024385
193 0.0000024228
194 0.0000024072
195 0.0000023919
196 0.0000023767
197 0.0000023617
198 0.0000023468
199 0.0000023322
200 0.0000023176
201 0.0000023033
202 0.0000022891
203 0.0000022751
204 0.0000022612
205 0.0000022475
206 0.0000022339
207 0.0000022205
208 0.0000022072
209 0.0000021940
210 0.0000021810
211 0.0000021681
212 0.0000021554
213 0.0000021428
214 0.0000021303
215 0.0000021180
216 0.0000021058
217 0.0000020937
218 0.0000020817
219 0.0000020699
220 0.0000020581
221 0.0000020465
222 0.0000020350
223 0.0000020237
224 0.0000020124
225 0.0000020012
226 0.0000019902
227 0.0000019793
228 0.0000019684
229 0.0000019577
230 0.0000019471
231 0.0000019366
232 0.0000019261
233 0.0000019158
234 0.0000019056
235 0.0000018955
236 0.0000018854
237 0.0000018755
238 0.0000018656
239 0.0000018559
240 0.0000018462
241 0.0000018366
242 0.0000018271
243 0.0000018177
244 0.0000018084
245 0.0000017991
246 0.0000017900
247 0.0000017809
248 0.0000017719
249 0.0000017630
250 0.0000017541
251 0.0000017454
252 0.0000017367
253 0.0000017280
254 0.0000017195
255 0.0000017110
256 0.0000017026
257 0.0000016943
258 0.0000016860
259 0.0000016778
260 0.0000016697
261 0.0000016616
262 0.0000016536
263 0.0000016456
264 0.0000016377
265 0.0000016299
266 0.0000016221
267 0.0000016144
268 0.0000016068
269 0.0000015992
270 0.0000015917
271 0.0000015842
272 0.0000015768
273 0.0000015694
274 0.0000015620
275 0.0000015548
276 0.0000015475
277 0.0000015403
278 0.0000015332
279 0.0000015261
280 0.0000015190
281 0.0000015120
282 0.0000015050
283 0.0000014981
284 0.0000014912
285 0.0000014843
286 0.0000014774
287 0.0000014706
288 0.0000014638
289 0.0000014570
290 0.0000014502
291 0.0000014435
292 0.0000014367
293 0.0000014299
294 0.0000014231
295 0.0000014163
296 0.0000014095
297 0.0000014026
298 0.0000013957
299 0.0000013887
300 0.0000013816
301 0.0000013744
302 0.0000013670
303 0.0000013594
304 0.0000013515
305 0.0000013433
306 0.0000013346
307 0.0000013253
308 0.0000013151
309 0.0000013037
310 0.0000012906
311 0.0000012749
312 0.0000012549
313 0.0000012277
314 0.0000011809
315 0.0000010447
316 0.0000000000
