0 558
0 0.9619581081
1 0.0071604774
2 0.0030364070
3 0.0021326257
4 0.0015853598
5 0.0012606641
6 0.0010474416
7 0.0008952151
8 0.0007808385
9 0.0006918279
10 0.0006206291
11 0.0005623898
12 0.0005138662
13 0.0004728136
14 0.0004376303
15 0.0004071424
16 0.0003804698
17 0.0003569392
18 0.0003360269
19 0.0003173195
20 0.0003004863
21 0.0002852595
22 0.0002714201
23 0.0002587871
24 0.0002472096
25 0.0002365611
26 0.0002267343
27 0.0002176379
28 0.0002091937
29 0.0002013341
30 0.0001940008
31 0.0001871427
32 0.0001807154
33 0.0001746796
34 0.0001690007
35 0.0001636483
36 0.0001585951
37 0.0001538168
38 0.0001492917
39 0.0001450004
40 0.0001409253
41 0.0001370505
42 0.0001333618
43 0.0001298462
44 0.0001264918
45 0.0001232880
46 0.0001202248
47 0.0001172934
48 0.0001144854
49 0.0001117933
50 0.0001092102
51 0.0001067297
52 0.0001043457
53 0.0001020530
54 0.0000998462
55 0.0000977209
56 0.0000956726
57 0.0000936973
58 0.0000917911
59 0.0000899506
60 0.0000881725
61 0.0000864537
62 0.0000847913
63 0.0000831827
64 0.0000816253
65 0.0000801168
66 0.0000786548
67 0.0000772375
68 0.0000758627
69 0.0000745286
70 0.0000732335
71 0.0000719757
72 0.0000707537
73 0.0000695660
74 0.0000684112
75 0.0000672880
76 0.0000661951
77 0.0000651314
78 0.0000640956
79 0.0000630869
80 0.0000621040
81 0.0000611462
82 0.0000602125
83 0.0000593019
84 0.0000584137
85 0.0000575471
86 0.0000567013
87 0.0000558756
88 0.0000550693
89 0.0000542818
90 0.0000535124
91 0.0000527605
92 0.0000520255
93 0.0000513070
94 0.0000506044
95 0.0000499171
96 0.0000492448
97 0.0000485869
98 0.0000479429
99 0.0000473126
100 0.0000466953
101 0.0000460909
102 0.0000454988
103 0.0000449188
104 0.0000443505
105 0.0000437934
106 0.0000432474
107 0.0000427121
108 0.0000421872
109 0.0000416725
110 0.0000411675
111 0.0000406722
112 0.0000401862
113 0.0000397092
114 0.0000392411
115 0.0000387815
116 0.0000383304
117 0.0000378874
118 0.0000374523
119 0.0000370250
120 0.0000366053
121 0.0000361929
122 0.0000357876
123 0.0000353894
124 0.0000349981
125 0.0000346134
126 0.0000342352
127 0.0000338633
128 0.0000334977
129 0.0000331381
130 0.0000327844
131 0.0000324366
132 0.0000320943
133 0.0000317576
134 0.0000314263
135 0.0000311002
136 0.0000307793
137 0.0000304635
138 0.0000301526
139 0.0000298465
140 0.0000295451
141 0.0000292483
142 0.0000289561
143 0.0000286683
144 0.0000283848
145 0.0000281056
146 0.0000278304
147 0.0000275594
148 0.0000272924
149 0.0000270292
150 0.0000267699
151 0.0000265143
152 0.0000262624
153 0.0000260141
154 0.0000257693
155 0.0000255280
156 0.0000252900
157 0.0000250554
158 0.0000248241
159 0.0000245959
160 0.0000243709
161 0.0000241489
162 0.0000239300
163 0.0000237141
164 0.0000235010
165 0.0000232908
166 0.0000230834
167 0.0000228787
168 0.0000226768
169 0.0000224775
170 0.0000222808
171 0.0000220867
172 0.0000218951
173 0.0000217059
174 0.0000215192
175 0.0000213349
176 0.0000211528
177 0.0000209731
178 0.0000207957
179 0.0000206205
180 0.0000204474
181 0.0000202765
182 0.0000201077
183 0.0000199411
184 0.0000197764
185 0.0000196137
186 0.0000194530
187 0.0000192943
188 0.0000191375
189 0.0000189825
190 0.0000188294
191 0.0000186781
192 0.0000185287
193 0.0000183809
194 0.0000182349
195 0.0000180906
196 0.0000179480
197 0.0000178070
198 0.0000176677
199 0.0000175300
200 0.0000173938
201 0.0000172592
202 0.0000171262
203 0.0000169946
204 0.0000168645
205 0.0000167359
206 0.0000166087
207 0.0000164830
208 0.0000163586
209 0.0000162356
210 0.0000161140
211 0.0000159936
212 0.0000158747
213 0.0000157570
214 0.0000156406
215 0.0000155254
216 0.0000154115
217 0.0000152989
218 0.0000151874
219 0.0000150771
220 0.0000149680
221 0.0000148600
222 0.0000147532
223 0.0000146475
224 0.0000145430
225 0.0000144394
226 0.0000143370
227 0.0000142357
228 0.0000141354
229 0.0000140362
230 0.0000139379
231 0.0000138407
232 0.0000137444
233 0.0000136492
234 0.0000135549
235 0.0000134615
236 0.0000133691
237 0.0000132777
238 0.0000131871
239 0.0000130975
240 0.0000130087
241 0.0000129208
242 0.0000128338
243 0.0000127477
244 0.0000126624
245 0.0000125779
246 0.0000124943
247 0.0000124115
248 0.0000123295
249 0.0000122483
250 0.0000121678
251 0.0000120881
252 0.0000120093
253 0.0000119311
254 0.0000118537
255 0.0000117771
256 0.0000117012
257 0.0000116260
258 0.0000115515
259 0.0000114777
260 0.0000114046
261 0.0000113322
262 0.0000112604
263 0.0000111894
264 0.0000111190
265 0.0000110492
266 0.0000109801
267 0.0000109116
268 0.0000108438
269 0.0000107766
270 0.0000107100
271 0.0000106440
272 0.0000105786
273 0.0000105138
274 0.0000104496
275 0.0000103859
276 0.0000103229
277 0.0000102604
278 0.0000101984
279 0.0000101370
280 0.0000100762
281 0.0000100159
282 0.0000099562
283 0.0000098970
284 0.0000098383
285 0.0000097800
286 0.0000097224
287 0.0000096652
288 0.0000096085
289 0.0000095524
290 0.0000094967
291 0.0000094415
292 0.0000093867
293 0.0000093325
294 0.0000092787
295 0.0000092254
296 0.0000091725
297 0.0000091201
298 0.0000090682
299 0.0000090166
300 0.0000089656
301 0.0000089149
302 0.0000088647
303 0.0000088149
304 0.0000087655
305 0.0000087166
306 0.0000086680
307 0.0000086199
308 0.0000085721
309 0.0000085248
310 0.0000084779
311 0.0000084313
312 0.0000083851
313 0.0000083394
314 0.0000082939
315 0.0000082489
316 0.0000082042
317 0.0000081599
318 0.0000081160
319 0.0000080724
320 0.0000080292
321 0.0000079863
322 0.0000079438
323 0.0000079016
324 0.0000078598
325 0.0000078183
326 0.0000077771
327 0.0000077363
328 0.0000076957
329 0.0000076556
330 0.0000076157
331 0.0000075762
332 0.0000075369
333 0.0000074980
334 0.0000074594
335 0.0000074211
336 0.0000073831
337 0.0000073454
338 0.0000073080
339 0.0000072709
340 0.0000072340
341 0.0000071975
342 0.0000071612
343 0.0000071253
344 0.0000070896
345 0.0000070542
346 0.0000070190
347 0.0000069842
348 0.0000069496
349 0.0000069152
350 0.0000068812
351 0.0000068474
352 0.0000068138
353 0.0000067805
354 0.0000067475
355 0.0000067147
356 0.0000066822
357 0.0000066499
358 0.0000066178
359 0.0000065860
360 0.0000065545
361 0.0000065232
362 0.0000064921
363 0.0000064612
364 0.0000064306
365 0.0000064002
366 0.0000063701
367 0.0000063401
368 0.0000063104
369 0.0000062809
370 0.0000062516
371 0.0000062226
372 0.0000061937
373 0.0000061651
374 0.0000061367
375 0.0000061085
376 0.0000060805
377 0.0000060527
378 0.0000060251
379 0.0000059977
380 0.0000059705
381 0.0000059435
382 0.0000059167
383 0.0000058901
384 0.0000058637
385 0.0000058375
386 0.0000058114
387 0.0000057856
388 0.0000057599
389 0.0000057345
390 0.0000057092
391 0.0000056841
392 0.0000056591
393 0.0000056344
394 0.0000056098
395 0.0000055854
396 0.0000055612
397 0.0000055371
398 0.0000055133
399 0.0000054896
400 0.0000054660
401 0.0000054426
402 0.0000054194
403 0.0000053964
404 0.0000053735
405 0.0000053508
406 0.0000053282
407 0.0000053058
408 0.0000052835
409 0.0000052614
410 0.0000052395
411 0.0000052177
412 0.0000051960
413 0.0000051746
414 0.0000051532
415 0.0000051320
416 0.0000051110
417 0.0000050901
418 0.0000050693
419 0.0000050487
420 0.0000050282
421 0.0000050079
422 0.0000049877
423 0.0000049676
424 0.0000049477
425 0.0000049279
426 0.0000049083
427 0.0000048888
428 0.0000048694
429 0.0000048501
430 0.0000048310
431 0.0000048120
432 0.0000047931
433 0.0000047744
434 0.0000047558
435 0.0000047373
436 0.0000047189
437 0.0000047007
438 0.0000046825
439 0.0000046645
440 0.0000046467
441 0.0000046289
442 0.0000046113
443 0.0000045937
444 0.0000045763
445 0.0000045590
446 0.0000045418
447 0.0000045248
448 0.0000045078
449 0.0000044910
450 0.0000044742
451 0.0000044576
452 0.0000044411
453 0.0000044247
454 0.0000044084
455 0.0000043922
456 0.0000043761
457 0.0000043601
458 0.0000043442
459 0.0000043285
460 0.0000043128
461 0.0000042972
462 0.0000042818
463 0.0000042664
464 0.0000042511
465 0.0000042359
466 0.0000042209
467 0.0000042059
468 0.0000041910
469 0.0000041762
470 0.0000041615
471 0.0000041469
472 0.0000041324
473 0.0000041180
474 0.0000041036
475 0.0000040894
476 0.0000040753
477 0.0000040612
478 0.0000040473
479 0.0000040334
480 0.0000040196
481 0.0000040059
482 0.0000039923
483 0.0000039787
484 0.0000039653
485 0.0000039519
486 0.0000039387
487 0.0000039254
488 0.0000039123
489 0.0000038993
490 0.0000038863
491 0.0000038735
492 0.0000038607
493 0.0000038480
494 0.0000038354
495 0.0000038228
496 0.0000038103
497 0.0000037979
498 0.0000037856
499 0.0000037733
500 0.0000037611
501 0.0000037490
502 0.0000037370
503 0.0000037251
504 0.0000037132
505 0.0000037014
506 0.0000036896
507 0.0000036780
508 0.0000036664
509 0.0000036549
510 0.0000036434
511 0.0000036320
512 0.0000036207
513 0.0000036095
514 0.0000035983
515 0.0000035872
516 0.0000035761
517 0.0000035652
518 0.0000035542
519 0.0000035434
520 0.0000035326
521 0.0000035219
522 0.0000035112
523 0.0000035006
524 0.0000034901
525 0.0000034796
526 0.0000034692
527 0.0000034589
528 0.0000034486
529 0.0000034384
530 0.0000034282
531 0.0000034181
532 0.0000034080
533 0.0000033981
534 0.0000033882
535 0.0000033783
536 0.0000033685
537 0.0000033587
538 0.0000033490
539 0.0000033394
540 0.0000033298
541 0.0000033203
542 0.0000033108
543 0.0000033014
544 0.0000032920
545 0.0000032827
546 0.0000032734
547 0.0000032642
548 0.0000032551
549 0.0000032460
550 0.0000032369
551 0.0000032279
552 0.0000032190
553 0.0000032101
554 0.0000032013
555 0.0000031925
556 0.0000031837
557 0.0000031750
558 0.0000031664
