1 558
0 0.9936973359
1 0.0027587415
2 0.0007433616
3 0.0004368029
4 0.0002769643
5 0.0001928594
6 0.0001432963
7 0.0001112436
8 0.0000892798
9 0.0000736110
10 0.0000620668
11 0.0000533264
12 0.0000465518
13 0.0000411925
14 0.0000368754
15 0.0000333413
16 0.0000304059
17 0.0000279353
18 0.0000258311
19 0.0000240193
20 0.0000224439
21 0.0000210618
22 0.0000198394
23 0.0000187503
24 0.0000177736
25 0.0000168924
26 0.0000160930
27 0.0000153643
28 0.0000146971
29 0.0000140836
30 0.0000135176
31 0.0000129936
32 0.0000125069
33 0.0000120538
34 0.0000116306
35 0.0000112347
36 0.0000108633
37 0.0000105142
38 0.0000101856
39 0.0000098756
40 0.0000095827
41 0.0000093056
42 0.0000090429
43 0.0000087937
44 0.0000085570
45 0.0000083317
46 0.0000081172
47 0.0000079127
48 0.0000077175
49 0.0000075310
50 0.0000073527
51 0.0000071820
52 0.0000070184
53 0.0000068616
54 0.0000067112
55 0.0000065667
56 0.0000064279
57 0.0000062943
58 0.0000061658
59 0.0000060421
60 0.0000059228
61 0.0000058078
62 0.0000056969
63 0.0000055898
64 0.0000054864
65 0.0000053864
66 0.0000052898
67 0.0000051963
68 0.0000051058
69 0.0000050181
70 0.0000049332
71 0.0000048509
72 0.0000047711
73 0.0000046937
74 0.0000046186
75 0.0000045456
76 0.0000044748
77 0.0000044059
78 0.0000043390
79 0.0000042740
80 0.0000042107
81 0.0000041491
82 0.0000040892
83 0.0000040308
84 0.0000039740
85 0.0000039186
86 0.0000038646
87 0.0000038120
88 0.0000037607
89 0.0000037106
90 0.0000036618
91 0.0000036141
92 0.0000035676
93 0.0000035221
94 0.0000034778
95 0.0000034344
96 0.0000033920
97 0.0000033506
98 0.0000033101
99 0.0000032705
100 0.0000032317
101 0.0000031938
102 0.0000031568
103 0.0000031204
104 0.0000030849
105 0.0000030501
106 0.0000030160
107 0.0000029826
108 0.0000029499
109 0.0000029179
110 0.0000028864
111 0.0000028556
112 0.0000028254
113 0.0000027958
114 0.0000027668
115 0.0000027383
116 0.0000027103
117 0.0000026829
118 0.0000026560
119 0.0000026295
120 0.0000026036
121 0.0000025781
122 0.0000025531
123 0.0000025285
124 0.0000025043
125 0.0000024806
126 0.0000024573
127 0.0000024344
128 0.0000024118
129 0.0000023897
130 0.0000023679
131 0.0000023465
132 0.0000023255
133 0.0000023048
134 0.0000022844
135 0.0000022643
136 0.0000022446
137 0.0000022252
138 0.0000022061
139 0.0000021873
140 0.0000021688
141 0.0000021506
142 0.0000021327
143 0.0000021150
144 0.0000020976
145 0.0000020805
146 0.0000020636
147 0.0000020470
148 0.0000020306
149 0.0000020145
150 0.0000019986
151 0.0000019829
152 0.0000019675
153 0.0000019522
154 0.0000019372
155 0.0000019224
156 0.0000019078
157 0.0000018934
158 0.0000018792
159 0.0000018653
160 0.0000018514
161 0.0000018378
162 0.0000018244
163 0.0000018111
164 0.0000017981
165 0.0000017852
166 0.0000017724
167 0.0000017599
168 0.0000017475
169 0.0000017352
170 0.0000017231
171 0.0000017112
172 0.0000016994
173 0.0000016878
174 0.0000016763
175 0.0000016650
176 0.0000016538
177 0.0000016427
178 0.0000016318
179 0.0000016210
180 0.0000016103
181 0.0000015998
182 0.0000015894
183 0.0000015791
184 0.0000015689
185 0.0000015589
186 0.0000015490
187 0.0000015392
188 0.0000015295
189 0.0000015199
190 0.0000015104
191 0.0000015011
192 0.0000014918
193 0.0000014827
194 0.0000014736
195 0.0000014647
196 0.0000014558
197 0.0000014471
198 0.0000014384
199 0.0000014298
200 0.0000014214
201 0.0000014130
202 0.0000014047
203 0.0000013965
204 0.0000013884
205 0.0000013804
206 0.0000013725
207 0.0000013646
208 0.0000013569
209 0.0000013492
210 0.0000013416
211 0.0000013340
212 0.0000013266
213 0.0000013192
214 0.0000013119
215 0.0000013047
216 0.0000012975
217 0.0000012905
218 0.0000012835
219 0.0000012765
220 0.0000012696
221 0.0000012628
222 0.0000012561
223 0.0000012494
224 0.0000012428
225 0.0000012363
226 0.0000012298
227 0.0000012234
228 0.0000012170
229 0.0000012108
230 0.0000012045
231 0.0000011983
232 0.0000011922
233 0.0000011862
234 0.0000011802
235 0.0000011742
236 0.0000011683
237 0.0000011625
238 0.0000011567
239 0.0000011510
240 0.0000011453
241 0.0000011397
242 0.0000011341
243 0.0000011286
244 0.0000011231
245 0.0000011177
246 0.0000011123
247 0.0000011070
248 0.0000011017
249 0.0000010964
250 0.0000010912
251 0.0000010861
252 0.0000010810
253 0.0000010759
254 0.0000010709
255 0.0000010659
256 0.0000010610
257 0.0000010561
258 0.0000010513
259 0.0000010465
260 0.0000010417
261 0.0000010370
262 0.0000010323
263 0.0000010276
264 0.0000010230
265 0.0000010185
266 0.0000010139
267 0.0000010094
268 0.0000010050
269 0.0000010005
270 0.0000009961
271 0.0000009918
272 0.0000009875
273 0.0000009832
274 0.0000009789
275 0.0000009747
276 0.0000009705
277 0.0000009664
278 0.0000009623
279 0.0000009582
280 0.0000009541
281 0.0000009501
282 0.0000009461
283 0.0000009422
284 0.0000009382
285 0.0000009343
286 0.0000009305
287 0.0000009266
288 0.0000009228
289 0.0000009190
290 0.0000009153
291 0.0000009115
292 0.0000009078
293 0.0000009042
294 0.0000009005
295 0.0000008969
296 0.0000008933
297 0.0000008898
298 0.0000008862
299 0.0000008827
300 0.0000008792
301 0.0000008758
302 0.0000008723
303 0.0000008689
304 0.0000008655
305 0.0000008622
306 0.0000008588
307 0.0000008555
308 0.0000008522
309 0.0000008489
310 0.0000008457
311 0.0000008425
312 0.0000008393
313 0.0000008361
314 0.0000008329
315 0.0000008298
316 0.0000008267
317 0.0000008236
318 0.0000008205
319 0.0000008175
320 0.0000008145
321 0.0000008114
322 0.0000008085
323 0.0000008055
324 0.0000008025
325 0.0000007996
326 0.0000007967
327 0.0000007938
328 0.0000007909
329 0.0000007881
330 0.0000007853
331 0.0000007824
332 0.0000007797
333 0.0000007769
334 0.0000007741
335 0.0000007714
336 0.0000007687
337 0.0000007659
338 0.0000007633
339 0.0000007606
340 0.0000007579
341 0.0000007553
342 0.0000007527
343 0.0000007501
344 0.0000007475
345 0.0000007449
346 0.0000007424
347 0.0000007398
348 0.0000007373
349 0.0000007348
350 0.0000007323
351 0.0000007298
352 0.0000007274
353 0.0000007249
354 0.0000007225
355 0.0000007201
356 0.0000007177
357 0.0000007153
358 0.0000007129
359 0.0000007106
360 0.0000007082
361 0.0000007059
362 0.0000007036
363 0.0000007013
364 0.0000006990
365 0.0000006967
366 0.0000006944
367 0.0000006922
368 0.0000006900
369 0.0000006877
370 0.0000006855
371 0.0000006833
372 0.0000006812
373 0.0000006790
374 0.0000006768
375 0.0000006747
376 0.0000006726
377 0.0000006704
378 0.0000006683
379 0.0000006662
380 0.0000006641
381 0.0000006621
382 0.0000006600
383 0.0000006580
384 0.0000006559
385 0.0000006539
386 0.0000006519
387 0.0000006499
388 0.0000006479
389 0.0000006459
390 0.0000006439
391 0.0000006420
392 0.0000006400
393 0.0000006381
394 0.0000006362
395 0.0000006342
396 0.0000006323
397 0.0000006304
398 0.0000006286
399 0.0000006267
400 0.0000006248
401 0.0000006230
402 0.0000006211
403 0.0000006193
404 0.0000006175
405 0.0000006156
406 0.0000006138
407 0.0000006120
408 0.0000006102
409 0.0000006085
410 0.0000006067
411 0.0000006049
412 0.0000006032
413 0.0000006015
414 0.0000005997
415 0.0000005980
416 0.0000005963
417 0.0000005946
418 0.0000005929
419 0.0000005912
420 0.0000005895
421 0.0000005878
422 0.0000005862
423 0.0000005845
424 0.0000005829
425 0.0000005812
426 0.0000005796
427 0.0000005780
428 0.0000005764
429 0.0000005748
430 0.0000005732
431 0.0000005716
432 0.0000005700
433 0.0000005684
434 0.0000005669
435 0.0000005653
436 0.0000005637
437 0.0000005622
438 0.0000005607
439 0.0000005591
440 0.0000005576
441 0.0000005561
442 0.0000005546
443 0.0000005531
444 0.0000005516
445 0.0000005501
446 0.0000005486
447 0.0000005471
448 0.0000005457
449 0.0000005442
450 0.0000005428
451 0.0000005413
452 0.0000005399
453 0.0000005384
454 0.0000005370
455 0.0000005356
456 0.0000005342
457 0.0000005328
458 0.0000005314
459 0.0000005300
460 0.0000005286
461 0.0000005272
462 0.0000005258
463 0.0000005245
464 0.0000005231
465 0.0000005217
466 0.0000005204
467 0.0000005190
468 0.0000005177
469 0.0000005164
470 0.0000005150
471 0.0000005137
472 0.0000005124
473 0.0000005111
474 0.0000005098
475 0.0000005084
476 0.0000005072
477 0.0000005059
478 0.0000005046
479 0.0000005033
480 0.0000005020
481 0.0000005007
482 0.0000004995
483 0.0000004982
484 0.0000004969
485 0.0000004957
486 0.0000004944
487 0.0000004932
488 0.0000004919
489 0.0000004907
490 0.0000004895
491 0.0000004882
492 0.0000004870
493 0.0000004858
494 0.0000004846
495 0.0000004833
496 0.0000004821
497 0.0000004809
498 0.0000004797
499 0.0000004785
500 0.0000004773
501 0.0000004761
502 0.0000004749
503 0.0000004737
504 0.0000004726
505 0.0000004714
506 0.0000004702
507 0.0000004690
508 0.0000004678
509 0.0000004666
510 0.0000004655
511 0.0000004643
512 0.0000004631
513 0.0000004619
514 0.0000004608
515 0.0000004596
516 0.0000004584
517 0.0000004572
518 0.0000004561
519 0.0000004549
520 0.0000004537
521 0.0000004525
522 0.0000004513
523 0.0000004502
524 0.0000004490
525 0.0000004478
526 0.0000004465
527 0.0000004453
528 0.0000004441
529 0.0000004429
530 0.0000004416
531 0.0000004404
532 0.0000004391
533 0.0000004378
534 0.0000004365
535 0.0000004352
536 0.0000004338
537 0.0000004324
538 0.0000004310
539 0.0000004295
540 0.0000004280
541 0.0000004265
542 0.0000004249
543 0.0000004232
544 0.0000004214
545 0.0000004195
546 0.0000004176
547 0.0000004154
548 0.0000004132
549 0.0000004106
550 0.0000004079
551 0.0000004047
552 0.0000004011
553 0.0000003967
554 0.0000003910
555 0.0000003833
556 0.0000003696
557 0.0000003279
558 0.0000000000
