0 2000
0 0.9871887968
1 0.0040516829
2 0.0016048613
3 0.0010720891
4 0.0007526310
5 0.0005653307
6 0.0004442035
7 0.0003592157
8 0.0002965725
9 0.0002488379
10 0.0002115165
11 0.0001817233
12 0.0001575318
13 0.0001376109
14 0.0001210128
15 0.0001070445
16 0.0000951879
17 0.0000850484
18 0.0000763200
19 0.0000687625
20 0.0000621848
21 0.0000564328
22 0.0000513817
23 0.0000469287
24 0.0000429892
25 0.0000394925
26 0.0000363795
27 0.0000336001
28 0.0000311122
29 0.0000288796
30 0.0000268714
31 0.0000250610
32 0.0000234254
33 0.0000219449
34 0.0000206021
35 0.0000193819
36 0.0000182711
37 0.0000172581
38 0.0000163328
39 0.0000154861
40 0.0000147102
41 0.0000139979
42 0.0000133430
43 0.0000127400
44 0.0000121839
45 0.0000116704
46 0.0000111954
47 0.0000107554
48 0.0000103473
49 0.0000099682
50 0.0000096155
51 0.0000092870
52 0.0000089805
53 0.0000086942
54 0.0000084264
55 0.0000081755
56 0.0000079402
57 0.0000077192
58 0.0000075114
59 0.0000073156
60 0.0000071311
61 0.0000069568
62 0.0000067921
63 0.0000066361
64 0.0000064884
65 0.0000063481
66 0.0000062149
67 0.0000060881
68 0.0000059675
69 0.0000058524
70 0.0000057426
71 0.0000056377
72 0.0000055373
73 0.0000054412
74 0.0000053491
75 0.0000052607
76 0.0000051759
77 0.0000050943
78 0.0000050157
79 0.0000049401
80 0.0000048672
81 0.0000047969
82 0.0000047290
83 0.0000046634
84 0.0000045999
85 0.0000045385
86 0.0000044790
87 0.0000044214
88 0.0000043655
89 0.0000043112
90 0.0000042585
91 0.0000042073
92 0.0000041575
93 0.0000041091
94 0.0000040619
95 0.0000040160
96 0.0000039713
97 0.0000039277
98 0.0000038851
99 0.0000038436
100 0.0000038031
101 0.0000037636
102 0.0000037249
103 0.0000036871
104 0.0000036502
105 0.0000036140
106 0.0000035787
107 0.0000035440
108 0.0000035102
109 0.0000034770
110 0.0000034444
111 0.0000034126
112 0.0000033813
113 0.0000033507
114 0.0000033207
115 0.0000032912
116 0.0000032622
117 0.0000032339
118 0.0000032060
119 0.0000031786
120 0.0000031517
121 0.0000031253
122 0.0000030993
123 0.0000030738
124 0.0000030488
125 0.0000030241
126 0.0000029998
127 0.0000029760
128 0.0000029526
129 0.0000029295
130 0.0000029068
131 0.0000028844
132 0.0000028624
133 0.0000028407
134 0.0000028194
135 0.0000027984
136 0.0000027777
137 0.0000027574
138 0.0000027373
139 0.0000027175
140 0.0000026980
141 0.0000026788
142 0.0000026599
143 0.0000026412
144 0.0000026228
145 0.0000026047
146 0.0000025868
147 0.0000025691
148 0.0000025517
149 0.0000025346
150 0.0000025176
151 0.0000025009
152 0.0000024845
153 0.0000024682
154 0.0000024521
155 0.0000024363
156 0.0000024206
157 0.0000024052
158 0.0000023900
159 0.0000023749
160 0.0000023601
161 0.0000023454
162 0.0000023309
163 0.0000023166
164 0.0000023024
165 0.0000022885
166 0.0000022747
167 0.0000022610
168 0.0000022476
169 0.0000022343
170 0.0000022211
171 0.0000022081
172 0.0000021953
173 0.0000021826
174 0.0000021700
175 0.0000021576
176 0.0000021454
177 0.0000021332
178 0.0000021213
179 0.0000021094
180 0.0000020977
181 0.0000020861
182 0.0000020746
183 0.0000020633
184 0.0000020521
185 0.0000020410
186 0.0000020300
187 0.0000020191
188 0.0000020084
189 0.0000019978
190 0.0000019872
191 0.0000019768
192 0.0000019665
193 0.0000019563
194 0.0000019463
195 0.0000019363
196 0.0000019264
197 0.0000019166
198 0.0000019069
199 0.0000018974
200 0.0000018879
201 0.0000018785
202 0.0000018692
203 0.0000018600
204 0.0000018508
205 0.0000018418
206 0.0000018329
207 0.0000018240
208 0.0000018152
209 0.0000018065
210 0.0000017979
211 0.0000017894
212 0.0000017810
213 0.0000017726
214 0.0000017643
215 0.0000017561
216 0.0000017480
217 0.0000017399
218 0.0000017320
219 0.0000017241
220 0.0000017162
221 0.0000017084
222 0.0000017007
223 0.0000016931
224 0.0000016856
225 0.0000016781
226 0.0000016706
227 0.0000016633
228 0.0000016560
229 0.0000016488
230 0.0000016416
231 0.0000016345
232 0.0000016274
233 0.0000016204
234 0.0000016135
235 0.0000016067
236 0.0000015998
237 0.0000015931
238 0.0000015864
239 0.0000015798
240 0.0000015732
241 0.0000015667
242 0.0000015602
243 0.0000015538
244 0.0000015474
245 0.0000015411
246 0.0000015348
247 0.0000015286
248 0.0000015224
249 0.0000015163
250 0.0000015102
251 0.0000015042
252 0.0000014983
253 0.0000014923
254 0.0000014865
255 0.0000014806
256 0.0000014748
257 0.0000014691
258 0.0000014634
259 0.0000014578
260 0.0000014521
261 0.0000014466
262 0.0000014411
263 0.0000014356
264 0.0000014301
265 0.0000014247
266 0.0000014194
267 0.0000014141
268 0.0000014088
269 0.0000014036
270 0.0000013984
271 0.0000013932
272 0.0000013881
273 0.0000013830
274 0.0000013779
275 0.0000013729
276 0.0000013680
277 0.0000013630
278 0.0000013581
279 0.0000013532
280 0.0000013484
281 0.0000013436
282 0.0000013388
283 0.0000013341
284 0.0000013294
285 0.0000013248
286 0.0000013201
287 0.0000013155
288 0.0000013109
289 0.0000013064
290 0.0000013019
291 0.0000012974
292 0.0000012930
293 0.0000012886
294 0.0000012842
295 0.0000012798
296 0.0000012755
297 0.0000012712
298 0.0000012669
299 0.0000012627
300 0.0000012585
301 0.0000012543
302 0.0000012502
303 0.0000012460
304 0.0000012419
305 0.0000012379
306 0.0000012338
307 0.0000012298
308 0.0000012258
309 0.0000012218
310 0.0000012179
311 0.0000012140
312 0.0000012101
313 0.0000012062
314 0.0000012024
315 0.0000011986
316 0.0000011948
317 0.0000011910
318 0.0000011873
319 0.0000011835
320 0.0000011798
321 0.0000011762
322 0.0000011725
323 0.0000011689
324 0.0000011653
325 0.0000011617
326 0.0000011581
327 0.0000011546
328 0.0000011511
329 0.0000011475
330 0.0000011441
331 0.0000011406
332 0.0000011372
333 0.0000011338
334 0.0000011304
335 0.0000011270
336 0.0000011236
337 0.0000011203
338 0.0000011170
339 0.0000011137
340 0.0000011104
341 0.0000011072
342 0.0000011039
343 0.0000011007
344 0.0000010975
345 0.0000010943
346 0.0000010912
347 0.0000010880
348 0.0000010849
349 0.0000010818
350 0.0000010787
351 0.0000010756
352 0.0000010726
353 0.0000010695
354 0.0000010665
355 0.0000010635
356 0.0000010605
357 0.0000010575
358 0.0000010546
359 0.0000010516
360 0.0000010487
361 0.0000010458
362 0.0000010429
363 0.0000010400
364 0.0000010372
365 0.0000010343
366 0.0000010315
367 0.0000010287
368 0.0000010259
369 0.0000010231
370 0.0000010204
371 0.0000010176
372 0.0000010149
373 0.0000010122
374 0.0000010094
375 0.0000010068
376 0.0000010041
377 0.0000010014
378 0.0000009988
379 0.0000009961
380 0.0000009935
381 0.0000009909
382 0.0000009883
383 0.0000009857
384 0.0000009832
385 0.0000009806
386 0.0000009781
387 0.0000009755
388 0.0000009730
389 0.0000009705
390 0.0000009680
391 0.0000009655
392 0.0000009631
393 0.0000009606
394 0.0000009582
395 0.0000009558
396 0.0000009534
397 0.0000009510
398 0.0000009486
399 0.0000009462
400 0.0000009438
401 0.0000009415
402 0.0000009391
403 0.0000009368
404 0.0000009345
405 0.0000009322
406 0.0000009299
407 0.0000009276
408 0.0000009253
409 0.0000009230
410 0.0000009208
411 0.0000009186
412 0.0000009163
413 0.0000009141
414 0.0000009119
415 0.0000009097
416 0.0000009075
417 0.0000009053
418 0.0000009032
419 0.0000009010
420 0.0000008989
421 0.0000008967
422 0.0000008946
423 0.0000008925
424 0.0000008904
425 0.0000008883
426 0.0000008862
427 0.0000008841
428 0.0000008821
429 0.0000008800
430 0.0000008780
431 0.0000008759
432 0.0000008739
433 0.0000008719
434 0.0000008699
435 0.0000008679
436 0.0000008659
437 0.0000008639
438 0.0000008619
439 0.0000008599
440 0.0000008580
441 0.0000008560
442 0.0000008541
443 0.0000008522
444 0.0000008503
445 0.0000008484
446 0.0000008464
447 0.0000008446
448 0.0000008427
449 0.0000008408
450 0.0000008389
451 0.0000008371
452 0.0000008352
453 0.0000008334
454 0.0000008315
455 0.0000008297
456 0.0000008279
457 0.0000008261
458 0.0000008243
459 0.0000008225
460 0.0000008207
461 0.0000008189
462 0.0000008171
463 0.0000008154
464 0.0000008136
465 0.0000008119
466 0.0000008101
467 0.0000008084
468 0.0000008066
469 0.0000008049
470 0.0000008032
471 0.0000008015
472 0.0000007998
473 0.0000007981
474 0.0000007964
475 0.0000007948
476 0.0000007931
477 0.0000007914
478 0.0000007898
479 0.0000007881
480 0.0000007865
481 0.0000007848
482 0.0000007832
483 0.0000007816
484 0.0000007800
485 0.0000007784
486 0.0000007768
487 0.0000007752
488 0.0000007736
489 0.0000007720
490 0.0000007704
491 0.0000007688
492 0.0000007673
493 0.0000007657
494 0.0000007642
495 0.0000007626
496 0.0000007611
497 0.0000007596
498 0.0000007580
499 0.0000007565
500 0.0000007550
501 0.0000007535
502 0.0000007520
503 0.0000007505
504 0.0000007490
505 0.0000007475
506 0.0000007460
507 0.0000007446
508 0.0000007431
509 0.0000007416
510 0.0000007402
511 0.0000007387
512 0.0000007373
513 0.0000007359
514 0.0000007344
515 0.0000007330
516 0.0000007316
517 0.0000007302
518 0.0000007288
519 0.0000007274
520 0.0000007260
521 0.0000007246
522 0.0000007232
523 0.0000007218
524 0.0000007204
525 0.0000007190
526 0.0000007177
527 0.0000007163
528 0.0000007149
529 0.0000007136
530 0.0000007122
531 0.0000007109
532 0.0000007096
533 0.0000007082
534 0.0000007069
535 0.0000007056
536 0.0000007043
537 0.0000007030
538 0.0000007017
539 0.0000007004
540 0.0000006991
541 0.0000006978
542 0.0000006965
543 0.0000006952
544 0.0000006939
545 0.0000006926
546 0.0000006914
547 0.0000006901
548 0.0000006888
549 0.0000006876
550 0.0000006863
551 0.0000006851
552 0.0000006839
553 0.0000006826
554 0.0000006814
555 0.0000006802
556 0.0000006789
557 0.0000006777
558 0.0000006765
559 0.0000006753
560 0.0000006741
561 0.0000006729
562 0.0000006717
563 0.0000006705
564 0.0000006693
565 0.0000006681
566 0.0000006669
567 0.0000006658
568 0.0000006646
569 0.0000006634
570 0.0000006622
571 0.0000006611
572 0.0000006599
573 0.0000006588
574 0.0000006576
575 0.0000006565
576 0.0000006553
577 0.0000006542
578 0.0000006531
579 0.0000006519
580 0.0000006508
581 0.0000006497
582 0.0000006486
583 0.0000006475
584 0.0000006464
585 0.0000006453
586 0.0000006442
587 0.0000006431
588 0.0000006420
589 0.0000006409
590 0.0000006398
591 0.0000006387
592 0.0000006376
593 0.0000006365
594 0.0000006355
595 0.0000006344
596 0.0000006333
597 0.0000006323
598 0.0000006312
599 0.0000006302
600 0.0000006291
601 0.0000006281
602 0.0000006270
603 0.0000006260
604 0.0000006250
605 0.0000006239
606 0.0000006229
607 0.0000006219
608 0.0000006208
609 0.0000006198
610 0.0000006188
611 0.0000006178
612 0.0000006168
613 0.0000006158
614 0.0000006148
615 0.0000006138
616 0.0000006128
617 0.0000006118
618 0.0000006108
619 0.0000006098
620 0.0000006088
621 0.0000006078
622 0.0000006069
623 0.0000006059
624 0.0000006049
625 0.0000006039
626 0.0000006030
627 0.0000006020
628 0.0000006011
629 0.0000006001
630 0.0000005991
631 0.0000005982
632 0.0000005972
633 0.0000005963
634 0.0000005954
635 0.0000005944
636 0.0000005935
637 0.0000005926
638 0.0000005916
639 0.0000005907
640 0.0000005898
641 0.0000005889
642 0.0000005879
643 0.0000005870
644 0.0000005861
645 0.0000005852
646 0.0000005843
647 0.0000005834
648 0.0000005825
649 0.0000005816
650 0.0000005807
651 0.0000005798
652 0.0000005789
653 0.0000005780
654 0.0000005771
655 0.0000005763
656 0.0000005754
657 0.0000005745
658 0.0000005736
659 0.0000005728
660 0.0000005719
661 0.0000005710
662 0.0000005702
663 0.0000005693
664 0.0000005684
665 0.0000005676
666 0.0000005667
667 0.0000005659
668 0.0000005650
669 0.0000005642
670 0.0000005634
671 0.0000005625
672 0.0000005617
673 0.0000005608
674 0.0000005600
675 0.0000005592
676 0.0000005584
677 0.0000005575
678 0.0000005567
679 0.0000005559
680 0.0000005551
681 0.0000005542
682 0.0000005534
683 0.0000005526
684 0.0000005518
685 0.0000005510
686 0.0000005502
687 0.0000005494
688 0.0000005486
689 0.0000005478
690 0.0000005470
691 0.0000005462
692 0.0000005454
693 0.0000005446
694 0.0000005439
695 0.0000005431
696 0.0000005423
697 0.0000005415
698 0.0000005407
699 0.0000005400
700 0.0000005392
701 0.0000005384
702 0.0000005377
703 0.0000005369
704 0.0000005361
705 0.0000005354
706 0.0000005346
707 0.0000005339
708 0.0000005331
709 0.0000005323
710 0.0000005316
711 0.0000005308
712 0.0000005301
713 0.0000005294
714 0.0000005286
715 0.0000005279
716 0.0000005271
717 0.0000005264
718 0.0000005257
719 0.0000005249
720 0.0000005242
721 0.0000005235
722 0.0000005228
723 0.0000005220
724 0.0000005213
725 0.0000005206
726 0.0000005199
727 0.0000005192
728 0.0000005184
729 0.0000005177
730 0.0000005170
731 0.0000005163
732 0.0000005156
733 0.0000005149
734 0.0000005142
735 0.0000005135
736 0.0000005128
737 0.0000005121
738 0.0000005114
739 0.0000005107
740 0.0000005100
741 0.0000005093
742 0.0000005087
743 0.0000005080
744 0.0000005073
745 0.0000005066
746 0.0000005059
747 0.0000005052
748 0.0000005046
749 0.0000005039
750 0.0000005032
751 0.0000005026
752 0.0000005019
753 0.0000005012
754 0.0000005006
755 0.0000004999
756 0.0000004992
757 0.0000004986
758 0.0000004979
759 0.0000004973
760 0.0000004966
761 0.0000004959
762 0.0000004953
763 0.0000004946
764 0.0000004940
765 0.0000004933
766 0.0000004927
767 0.0000004921
768 0.0000004914
769 0.0000004908
770 0.0000004901
771 0.0000004895
772 0.0000004889
773 0.0000004882
774 0.0000004876
775 0.0000004870
776 0.0000004863
777 0.0000004857
778 0.0000004851
779 0.0000004845
780 0.0000004839
781 0.0000004832
782 0.0000004826
783 0.0000004820
784 0.0000004814
785 0.0000004808
786 0.0000004802
787 0.0000004795
788 0.0000004789
789 0.0000004783
790 0.0000004777
791 0.0000004771
792 0.0000004765
793 0.0000004759
794 0.0000004753
795 0.0000004747
796 0.0000004741
797 0.0000004735
798 0.0000004729
799 0.0000004723
800 0.0000004717
801 0.0000004712
802 0.0000004706
803 0.0000004700
804 0.0000004694
805 0.0000004688
806 0.0000004682
807 0.0000004676
808 0.0000004671
809 0.0000004665
810 0.0000004659
811 0.0000004653
812 0.0000004648
813 0.0000004642
814 0.0000004636
815 0.0000004631
816 0.0000004625
817 0.0000004619
818 0.0000004614
819 0.0000004608
820 0.0000004602
821 0.0000004597
822 0.0000004591
823 0.0000004585
824 0.0000004580
825 0.0000004574
826 0.0000004569
827 0.0000004563
828 0.0000004558
829 0.0000004552
830 0.0000004547
831 0.0000004541
832 0.0000004536
833 0.0000004530
834 0.0000004525
835 0.0000004520
836 0.0000004514
837 0.0000004509
838 0.0000004503
839 0.0000004498
840 0.0000004493
841 0.0000004487
842 0.0000004482
843 0.0000004477
844 0.0000004471
845 0.0000004466
846 0.0000004461
847 0.0000004455
848 0.0000004450
849 0.0000004445
850 0.0000004440
851 0.0000004434
852 0.0000004429
853 0.0000004424
854 0.0000004419
855 0.0000004414
856 0.0000004409
857 0.0000004403
858 0.0000004398
859 0.0000004393
860 0.0000004388
861 0.0000004383
862 0.0000004378
863 0.0000004373
864 0.0000004368
865 0.0000004363
866 0.0000004358
867 0.0000004353
868 0.0000004348
869 0.0000004343
870 0.0000004338
871 0.0000004333
872 0.0000004328
873 0.0000004323
874 0.0000004318
875 0.0000004313
876 0.0000004308
877 0.0000004303
878 0.0000004298
879 0.0000004293
880 0.0000004288
881 0.0000004283
882 0.0000004278
883 0.0000004274
884 0.0000004269
885 0.0000004264
886 0.0000004259
887 0.0000004254
888 0.0000004250
889 0.0000004245
890 0.0000004240
891 0.0000004235
892 0.0000004230
893 0.0000004226
894 0.0000004221
895 0.0000004216
896 0.0000004211
897 0.0000004207
898 0.0000004202
899 0.0000004197
900 0.0000004193
901 0.0000004188
902 0.0000004183
903 0.0000004179
904 0.0000004174
905 0.0000004170
906 0.0000004165
907 0.0000004160
908 0.0000004156
909 0.0000004151
910 0.0000004147
911 0.0000004142
912 0.0000004138
913 0.0000004133
914 0.0000004128
915 0.0000004124
916 0.0000004119
917 0.0000004115
918 0.0000004110
919 0.0000004106
920 0.0000004101
921 0.0000004097
922 0.0000004093
923 0.0000004088
924 0.0000004084
925 0.0000004079
926 0.0000004075
927 0.0000004070
928 0.0000004066
929 0.0000004062
930 0.0000004057
931 0.0000004053
932 0.0000004049
933 0.0000004044
934 0.0000004040
935 0.0000004036
936 0.0000004031
937 0.0000004027
938 0.0000004023
939 0.0000004018
940 0.0000004014
941 0.0000004010
942 0.0000004006
943 0.0000004001
944 0.0000003997
945 0.0000003993
946 0.0000003989
947 0.0000003984
948 0.0000003980
949 0.0000003976
950 0.0000003972
951 0.0000003968
952 0.0000003963
953 0.0000003959
954 0.0000003955
955 0.0000003951
956 0.0000003947
957 0.0000003943
958 0.0000003939
959 0.0000003934
960 0.0000003930
961 0.0000003926
962 0.0000003922
963 0.0000003918
964 0.0000003914
965 0.0000003910
966 0.0000003906
967 0.0000003902
968 0.0000003898
969 0.0000003894
970 0.0000003890
971 0.0000003886
972 0.0000003882
973 0.0000003878
974 0.0000003874
975 0.0000003870
976 0.0000003866
977 0.0000003862
978 0.0000003858
979 0.0000003854
980 0.0000003850
981 0.0000003846
982 0.0000003842
983 0.0000003838
984 0.0000003834
985 0.0000003830
986 0.0000003827
987 0.0000003823
988 0.0000003819
989 0.0000003815
990 0.0000003811
991 0.0000003807
992 0.0000003803
993 0.0000003800
994 0.0000003796
995 0.0000003792
996 0.0000003788
997 0.0000003784
998 0.0000003780
999 0.0000003777
1000 0.0000003773
1001 0.0000003769
1002 0.0000003765
1003 0.0000003762
1004 0.0000003758
1005 0.0000003754
1006 0.0000003750
1007 0.0000003747
1008 0.0000003743
1009 0.0000003739
1010 0.0000003736
1011 0.0000003732
1012 0.0000003728
1013 0.0000003724
1014 0.0000003721
1015 0.0000003717
1016 0.0000003713
1017 0.0000003710
1018 0.0000003706
1019 0.0000003702
1020 0.0000003699
1021 0.0000003695
1022 0.0000003692
1023 0.0000003688
1024 0.0000003684
1025 0.0000003681
1026 0.0000003677
1027 0.0000003674
1028 0.0000003670
1029 0.0000003666
1030 0.0000003663
1031 0.0000003659
1032 0.0000003656
1033 0.0000003652
1034 0.0000003649
1035 0.0000003645
1036 0.0000003642
1037 0.0000003638
1038 0.0000003635
1039 0.0000003631
1040 0.0000003628
1041 0.0000003624
1042 0.0000003621
1043 0.0000003617
1044 0.0000003614
1045 0.0000003610
1046 0.0000003607
1047 0.0000003603
1048 0.0000003600
1049 0.0000003596
1050 0.0000003593
1051 0.0000003590
1052 0.0000003586
1053 0.0000003583
1054 0.0000003579
1055 0.0000003576
1056 0.0000003572
1057 0.0000003569
1058 0.0000003566
1059 0.0000003562
1060 0.0000003559
1061 0.0000003556
1062 0.0000003552
1063 0.0000003549
1064 0.0000003546
1065 0.0000003542
1066 0.0000003539
1067 0.0000003536
1068 0.0000003532
1069 0.0000003529
1070 0.0000003526
1071 0.0000003522
1072 0.0000003519
1073 0.0000003516
1074 0.0000003512
1075 0.0000003509
1076 0.0000003506
1077 0.0000003503
1078 0.0000003499
1079 0.0000003496
1080 0.0000003493
1081 0.0000003490
1082 0.0000003486
1083 0.0000003483
1084 0.0000003480
1085 0.0000003477
1086 0.0000003474
1087 0.0000003470
1088 0.0000003467
1089 0.0000003464
1090 0.0000003461
1091 0.0000003458
1092 0.0000003454
1093 0.0000003451
1094 0.0000003448
1095 0.0000003445
1096 0.0000003442
1097 0.0000003439
1098 0.0000003436
1099 0.0000003432
1100 0.0000003429
1101 0.0000003426
1102 0.0000003423
1103 0.0000003420
1104 0.0000003417
1105 0.0000003414
1106 0.0000003411
1107 0.0000003408
1108 0.0000003404
1109 0.0000003401
1110 0.0000003398
1111 0.0000003395
1112 0.0000003392
1113 0.0000003389
1114 0.0000003386
1115 0.0000003383
1116 0.0000003380
1117 0.0000003377
1118 0.0000003374
1119 0.0000003371
1120 0.0000003368
1121 0.0000003365
1122 0.0000003362
1123 0.0000003359
1124 0.0000003356
1125 0.0000003353
1126 0.0000003350
1127 0.0000003347
1128 0.0000003344
1129 0.0000003341
1130 0.0000003338
1131 0.0000003335
1132 0.0000003332
1133 0.0000003329
1134 0.0000003326
1135 0.0000003323
1136 0.0000003320
1137 0.0000003317
1138 0.0000003315
1139 0.0000003312
1140 0.0000003309
1141 0.0000003306
1142 0.0000003303
1143 0.0000003300
1144 0.0000003297
1145 0.0000003294
1146 0.0000003291
1147 0.0000003288
1148 0.0000003286
1149 0.0000003283
1150 0.0000003280
1151 0.0000003277
1152 0.0000003274
1153 0.0000003271
1154 0.0000003268
1155 0.0000003266
1156 0.0000003263
1157 0.0000003260
1158 0.0000003257
1159 0.0000003254
1160 0.0000003251
1161 0.0000003249
1162 0.0000003246
1163 0.0000003243
1164 0.0000003240
1165 0.0000003237
1166 0.0000003235
1167 0.0000003232
1168 0.0000003229
1169 0.0000003226
1170 0.0000003224
1171 0.0000003221
1172 0.0000003218
1173 0.0000003215
1174 0.0000003213
1175 0.0000003210
1176 0.0000003207
1177 0.0000003204
1178 0.0000003202
1179 0.0000003199
1180 0.0000003196
1181 0.0000003194
1182 0.0000003191
1183 0.0000003188
1184 0.0000003185
1185 0.0000003183
1186 0.0000003180
1187 0.0000003177
1188 0.0000003175
1189 0.0000003172
1190 0.0000003169
1191 0.0000003167
1192 0.0000003164
1193 0.0000003161
1194 0.0000003159
1195 0.0000003156
1196 0.0000003153
1197 0.0000003151
1198 0.0000003148
1199 0.0000003145
1200 0.0000003143
1201 0.0000003140
1202 0.0000003138
1203 0.0000003135
1204 0.0000003132
1205 0.0000003130
1206 0.0000003127
1207 0.0000003124
1208 0.0000003122
1209 0.0000003119
1210 0.0000003117
1211 0.0000003114
1212 0.0000003112
1213 0.0000003109
1214 0.0000003106
1215 0.0000003104
1216 0.0000003101
1217 0.0000003099
1218 0.0000003096
1219 0.0000003094
1220 0.0000003091
1221 0.0000003089
1222 0.0000003086
1223 0.0000003083
1224 0.0000003081
1225 0.0000003078
1226 0.0000003076
1227 0.0000003073
1228 0.0000003071
1229 0.0000003068
1230 0.0000003066
1231 0.0000003063
1232 0.0000003061
1233 0.0000003058
1234 0.0000003056
1235 0.0000003053
1236 0.0000003051
1237 0.0000003048
1238 0.0000003046
1239 0.0000003044
1240 0.0000003041
1241 0.0000003039
1242 0.0000003036
1243 0.0000003034
1244 0.0000003031
1245 0.0000003029
1246 0.0000003026
1247 0.0000003024
1248 0.0000003022
1249 0.0000003019
1250 0.0000003017
1251 0.0000003014
1252 0.0000003012
1253 0.0000003009
1254 0.0000003007
1255 0.0000003005
1256 0.0000003002
1257 0.0000003000
1258 0.0000002997
1259 0.0000002995
1260 0.0000002993
1261 0.0000002990
1262 0.0000002988
1263 0.0000002985
1264 0.0000002983
1265 0.0000002981
1266 0.0000002978
1267 0.0000002976
1268 0.0000002974
1269 0.0000002971
1270 0.0000002969
1271 0.0000002967
1272 0.0000002964
1273 0.0000002962
1274 0.0000002960
1275 0.0000002957
1276 0.0000002955
1277 0.0000002953
1278 0.0000002950
1279 0.0000002948
1280 0.0000002946
1281 0.0000002943
1282 0.0000002941
1283 0.0000002939
1284 0.0000002936
1285 0.0000002934
1286 0.0000002932
1287 0.0000002930
1288 0.0000002927
1289 0.0000002925
1290 0.0000002923
1291 0.0000002920
1292 0.0000002918
1293 0.0000002916
1294 0.0000002914
1295 0.0000002911
1296 0.0000002909
1297 0.0000002907
1298 0.0000002905
1299 0.0000002902
1300 0.0000002900
1301 0.0000002898
1302 0.0000002896
1303 0.0000002893
1304 0.0000002891
1305 0.0000002889
1306 0.0000002887
1307 0.0000002885
1308 0.0000002882
1309 0.0000002880
1310 0.0000002878
1311 0.0000002876
1312 0.0000002874
1313 0.0000002871
1314 0.0000002869
1315 0.0000002867
1316 0.0000002865
1317 0.0000002863
1318 0.0000002860
1319 0.0000002858
1320 0.0000002856
1321 0.0000002854
1322 0.0000002852
1323 0.0000002850
1324 0.0000002847
1325 0.0000002845
1326 0.0000002843
1327 0.0000002841
1328 0.0000002839
1329 0.0000002837
1330 0.0000002834
1331 0.0000002832
1332 0.0000002830
1333 0.0000002828
1334 0.0000002826
1335 0.0000002824
1336 0.0000002822
1337 0.0000002820
1338 0.0000002817
1339 0.0000002815
1340 0.0000002813
1341 0.0000002811
1342 0.0000002809
1343 0.0000002807
1344 0.0000002805
1345 0.0000002803
1346 0.0000002801
1347 0.0000002798
1348 0.0000002796
1349 0.0000002794
1350 0.0000002792
1351 0.0000002790
1352 0.0000002788
1353 0.0000002786
1354 0.0000002784
1355 0.0000002782
1356 0.0000002780
1357 0.0000002778
1358 0.0000002776
1359 0.0000002774
1360 0.0000002772
1361 0.0000002770
1362 0.0000002768
1363 0.0000002765
1364 0.0000002763
1365 0.0000002761
1366 0.0000002759
1367 0.0000002757
1368 0.0000002755
1369 0.0000002753
1370 0.0000002751
1371 0.0000002749
1372 0.0000002747
1373 0.0000002745
1374 0.0000002743
1375 0.0000002741
1376 0.0000002739
1377 0.0000002737
1378 0.0000002735
1379 0.0000002733
1380 0.0000002731
1381 0.0000002729
1382 0.0000002727
1383 0.0000002725
1384 0.0000002723
1385 0.0000002721
1386 0.0000002719
1387 0.0000002717
1388 0.0000002715
1389 0.0000002713
1390 0.0000002711
1391 0.0000002709
1392 0.0000002708
1393 0.0000002706
1394 0.0000002704
1395 0.0000002702
1396 0.0000002700
1397 0.0000002698
1398 0.0000002696
1399 0.0000002694
1400 0.0000002692
1401 0.0000002690
1402 0.0000002688
1403 0.0000002686
1404 0.0000002684
1405 0.0000002682
1406 0.0000002680
1407 0.0000002678
1408 0.0000002677
1409 0.0000002675
1410 0.0000002673
1411 0.0000002671
1412 0.0000002669
1413 0.0000002667
1414 0.0000002665
1415 0.0000002663
1416 0.0000002661
1417 0.0000002659
1418 0.0000002658
1419 0.0000002656
1420 0.0000002654
1421 0.0000002652
1422 0.0000002650
1423 0.0000002648
1424 0.0000002646
1425 0.0000002644
1426 0.0000002643
1427 0.0000002641
1428 0.0000002639
1429 0.0000002637
1430 0.0000002635
1431 0.0000002633
1432 0.0000002631
1433 0.0000002630
1434 0.0000002628
1435 0.0000002626
1436 0.0000002624
1437 0.0000002622
1438 0.0000002620
1439 0.0000002618
1440 0.0000002617
1441 0.0000002615
1442 0.0000002613
1443 0.0000002611
1444 0.0000002609
1445 0.0000002608
1446 0.0000002606
1447 0.0000002604
1448 0.0000002602
1449 0.0000002600
1450 0.0000002598
1451 0.0000002597
1452 0.0000002595
1453 0.0000002593
1454 0.0000002591
1455 0.0000002589
1456 0.0000002588
1457 0.0000002586
1458 0.0000002584
1459 0.0000002582
1460 0.0000002581
1461 0.0000002579
1462 0.0000002577
1463 0.0000002575
1464 0.0000002573
1465 0.0000002572
1466 0.0000002570
1467 0.0000002568
1468 0.0000002566
1469 0.0000002565
1470 0.0000002563
1471 0.0000002561
1472 0.0000002559
1473 0.0000002558
1474 0.0000002556
1475 0.0000002554
1476 0.0000002552
1477 0.0000002551
1478 0.0000002549
1479 0.0000002547
1480 0.0000002545
1481 0.0000002544
1482 0.0000002542
1483 0.0000002540
1484 0.0000002538
1485 0.0000002537
1486 0.0000002535
1487 0.0000002533
1488 0.0000002532
1489 0.0000002530
1490 0.0000002528
1491 0.0000002526
1492 0.0000002525
1493 0.0000002523
1494 0.0000002521
1495 0.0000002520
1496 0.0000002518
1497 0.0000002516
1498 0.0000002514
1499 0.0000002513
1500 0.0000002511
1501 0.0000002509
1502 0.0000002508
1503 0.0000002506
1504 0.0000002504
1505 0.0000002503
1506 0.0000002501
1507 0.0000002499
1508 0.0000002498
1509 0.0000002496
1510 0.0000002494
1511 0.0000002493
1512 0.0000002491
1513 0.0000002489
1514 0.0000002488
1515 0.0000002486
1516 0.0000002484
1517 0.0000002483
1518 0.0000002481
1519 0.0000002479
1520 0.0000002478
1521 0.0000002476
1522 0.0000002474
1523 0.0000002473
1524 0.0000002471
1525 0.0000002469
1526 0.0000002468
1527 0.0000002466
1528 0.0000002465
1529 0.0000002463
1530 0.0000002461
1531 0.0000002460
1532 0.0000002458
1533 0.0000002456
1534 0.0000002455
1535 0.0000002453
1536 0.0000002452
1537 0.0000002450
1538 0.0000002448
1539 0.0000002447
1540 0.0000002445
1541 0.0000002444
1542 0.0000002442
1543 0.0000002440
1544 0.0000002439
1545 0.0000002437
1546 0.0000002436
1547 0.0000002434
1548 0.0000002432
1549 0.0000002431
1550 0.0000002429
1551 0.0000002428
1552 0.0000002426
1553 0.0000002424
1554 0.0000002423
1555 0.0000002421
1556 0.0000002420
1557 0.0000002418
1558 0.0000002417
1559 0.0000002415
1560 0.0000002413
1561 0.0000002412
1562 0.0000002410
1563 0.0000002409
1564 0.0000002407
1565 0.0000002406
1566 0.0000002404
1567 0.0000002402
1568 0.0000002401
1569 0.0000002399
1570 0.0000002398
1571 0.0000002396
1572 0.0000002395
1573 0.0000002393
1574 0.0000002392
1575 0.0000002390
1576 0.0000002389
1577 0.0000002387
1578 0.0000002385
1579 0.0000002384
1580 0.0000002382
1581 0.0000002381
1582 0.0000002379
1583 0.0000002378
1584 0.0000002376
1585 0.0000002375
1586 0.0000002373
1587 0.0000002372
1588 0.0000002370
1589 0.0000002369
1590 0.0000002367
1591 0.0000002366
1592 0.0000002364
1593 0.0000002363
1594 0.0000002361
1595 0.0000002360
1596 0.0000002358
1597 0.0000002357
1598 0.0000002355
1599 0.0000002354
1600 0.0000002352
1601 0.0000002351
1602 0.0000002349
1603 0.0000002348
1604 0.0000002346
1605 0.0000002345
1606 0.0000002343
1607 0.0000002342
1608 0.0000002340
1609 0.0000002339
1610 0.0000002337
1611 0.0000002336
1612 0.0000002334
1613 0.0000002333
1614 0.0000002331
1615 0.0000002330
1616 0.0000002328
1617 0.0000002327
1618 0.0000002326
1619 0.0000002324
1620 0.0000002323
1621 0.0000002321
1622 0.0000002320
1623 0.0000002318
1624 0.0000002317
1625 0.0000002315
1626 0.0000002314
1627 0.0000002312
1628 0.0000002311
1629 0.0000002310
1630 0.0000002308
1631 0.0000002307
1632 0.0000002305
1633 0.0000002304
1634 0.0000002302
1635 0.0000002301
1636 0.0000002299
1637 0.0000002298
1638 0.0000002297
1639 0.0000002295
1640 0.0000002294
1641 0.0000002292
1642 0.0000002291
1643 0.0000002289
1644 0.0000002288
1645 0.0000002287
1646 0.0000002285
1647 0.0000002284
1648 0.0000002282
1649 0.0000002281
1650 0.0000002280
1651 0.0000002278
1652 0.0000002277
1653 0.0000002275
1654 0.0000002274
1655 0.0000002272
1656 0.0000002271
1657 0.0000002270
1658 0.0000002268
1659 0.0000002267
1660 0.0000002265
1661 0.0000002264
1662 0.0000002263
1663 0.0000002261
1664 0.0000002260
1665 0.0000002259
1666 0.0000002257
1667 0.0000002256
1668 0.0000002254
1669 0.0000002253
1670 0.0000002252
1671 0.0000002250
1672 0.0000002249
1673 0.0000002247
1674 0.0000002246
1675 0.0000002245
1676 0.0000002243
1677 0.0000002242
1678 0.0000002241
1679 0.0000002239
1680 0.0000002238
1681 0.0000002236
1682 0.0000002235
1683 0.0000002234
1684 0.0000002232
1685 0.0000002231
1686 0.0000002230
1687 0.0000002228
1688 0.0000002227
1689 0.0000002226
1690 0.0000002224
1691 0.0000002223
1692 0.0000002221
1693 0.0000002220
1694 0.0000002219
1695 0.0000002217
1696 0.0000002216
1697 0.0000002215
1698 0.0000002213
1699 0.0000002212
1700 0.0000002211
1701 0.0000002209
1702 0.0000002208
1703 0.0000002207
1704 0.0000002205
1705 0.0000002204
1706 0.0000002203
1707 0.0000002201
1708 0.0000002200
1709 0.0000002199
1710 0.0000002197
1711 0.0000002196
1712 0.0000002195
1713 0.0000002193
1714 0.0000002192
1715 0.0000002191
1716 0.0000002189
1717 0.0000002188
1718 0.0000002187
1719 0.0000002185
1720 0.0000002184
1721 0.0000002183
1722 0.0000002182
1723 0.0000002180
1724 0.0000002179
1725 0.0000002178
1726 0.0000002176
1727 0.0000002175
1728 0.0000002174
1729 0.0000002172
1730 0.0000002171
1731 0.0000002170
1732 0.0000002168
1733 0.0000002167
1734 0.0000002166
1735 0.0000002165
1736 0.0000002163
1737 0.0000002162
1738 0.0000002161
1739 0.0000002159
1740 0.0000002158
1741 0.0000002157
1742 0.0000002155
1743 0.0000002154
1744 0.0000002153
1745 0.0000002152
1746 0.0000002150
1747 0.0000002149
1748 0.0000002148
1749 0.0000002146
1750 0.0000002145
1751 0.0000002144
1752 0.0000002143
1753 0.0000002141
1754 0.0000002140
1755 0.0000002139
1756 0.0000002137
1757 0.0000002136
1758 0.0000002135
1759 0.0000002134
1760 0.0000002132
1761 0.0000002131
1762 0.0000002130
1763 0.0000002129
1764 0.0000002127
1765 0.0000002126
1766 0.0000002125
1767 0.0000002123
1768 0.0000002122
1769 0.0000002121
1770 0.0000002120
1771 0.0000002118
1772 0.0000002117
1773 0.0000002116
1774 0.0000002115
1775 0.0000002113
1776 0.0000002112
1777 0.0000002111
1778 0.0000002110
1779 0.0000002108
1780 0.0000002107
1781 0.0000002106
1782 0.0000002105
1783 0.0000002103
1784 0.0000002102
1785 0.0000002101
1786 0.0000002100
1787 0.0000002098
1788 0.0000002097
1789 0.0000002096
1790 0.0000002095
1791 0.0000002093
1792 0.0000002092
1793 0.0000002091
1794 0.0000002090
1795 0.0000002088
1796 0.0000002087
1797 0.0000002086
1798 0.0000002085
1799 0.0000002083
1800 0.0000002082
1801 0.0000002081
1802 0.0000002080
1803 0.0000002078
1804 0.0000002077
1805 0.0000002076
1806 0.0000002075
1807 0.0000002073
1808 0.0000002072
1809 0.0000002071
1810 0.0000002070
1811 0.0000002068
1812 0.0000002067
1813 0.0000002066
1814 0.0000002065
1815 0.0000002063
1816 0.0000002062
1817 0.0000002061
1818 0.0000002060
1819 0.0000002059
1820 0.0000002057
1821 0.0000002056
1822 0.0000002055
1823 0.0000002054
1824 0.0000002052
1825 0.0000002051
1826 0.0000002050
1827 0.0000002049
1828 0.0000002047
1829 0.0000002046
1830 0.0000002045
1831 0.0000002044
1832 0.0000002042
1833 0.0000002041
1834 0.0000002040
1835 0.0000002039
1836 0.0000002037
1837 0.0000002036
1838 0.0000002035
1839 0.0000002034
1840 0.0000002033
1841 0.0000002031
1842 0.0000002030
1843 0.0000002029
1844 0.0000002028
1845 0.0000002026
1846 0.0000002025
1847 0.0000002024
1848 0.0000002023
1849 0.0000002021
1850 0.0000002020
1851 0.0000002019
1852 0.0000002018
1853 0.0000002016
1854 0.0000002015
1855 0.0000002014
1856 0.0000002013
1857 0.0000002011
1858 0.0000002010
1859 0.0000002009
1860 0.0000002008
1861 0.0000002006
1862 0.0000002005
1863 0.0000002004
1864 0.0000002003
1865 0.0000002001
1866 0.0000002000
1867 0.0000001999
1868 0.0000001998
1869 0.0000001996
1870 0.0000001995
1871 0.0000001994
1872 0.0000001993
1873 0.0000001991
1874 0.0000001990
1875 0.0000001989
1876 0.0000001987
1877 0.0000001986
1878 0.0000001985
1879 0.0000001984
1880 0.0000001982
1881 0.0000001981
1882 0.0000001980
1883 0.0000001978
1884 0.0000001977
1885 0.0000001976
1886 0.0000001975
1887 0.0000001973
1888 0.0000001972
1889 0.0000001971
1890 0.0000001969
1891 0.0000001968
1892 0.0000001967
1893 0.0000001965
1894 0.0000001964
1895 0.0000001963
1896 0.0000001961
1897 0.0000001960
1898 0.0000001959
1899 0.0000001957
1900 0.0000001956
1901 0.0000001955
1902 0.0000001953
1903 0.0000001952
1904 0.0000001950
1905 0.0000001949
1906 0.0000001948
1907 0.0000001946
1908 0.0000001945
1909 0.0000001943
1910 0.0000001942
1911 0.0000001941
1912 0.0000001939
1913 0.0000001938
1914 0.0000001936
1915 0.0000001935
1916 0.0000001933
1917 0.0000001932
1918 0.0000001930
1919 0.0000001929
1920 0.0000001927
1921 0.0000001926
1922 0.0000001924
1923 0.0000001923
1924 0.0000001921
1925 0.0000001920
1926 0.0000001918
1927 0.0000001917
1928 0.0000001915
1929 0.0000001913
1930 0.0000001912
1931 0.0000001910
1932 0.0000001908
1933 0.0000001907
1934 0.0000001905
1935 0.0000001903
1936 0.0000001902
1937 0.0000001900
1938 0.0000001898
1939 0.0000001896
1940 0.0000001895
1941 0.0000001893
1942 0.0000001891
1943 0.0000001889
1944 0.0000001887
1945 0.0000001885
1946 0.0000001883
1947 0.0000001881
1948 0.0000001879
1949 0.0000001877
1950 0.0000001875
1951 0.0000001873
1952 0.0000001871
1953 0.0000001868
1954 0.0000001866
1955 0.0000001864
1956 0.0000001861
1957 0.0000001859
1958 0.0000001857
1959 0.0000001854
1960 0.0000001852
1961 0.0000001849
1962 0.0000001846
1963 0.0000001843
1964 0.0000001841
1965 0.0000001838
1966 0.0000001835
1967 0.0000001832
1968 0.0000001829
1969 0.0000001825
1970 0.0000001822
1971 0.0000001819
1972 0.0000001815
1973 0.0000001812
1974 0.0000001808
1975 0.0000001804
1976 0.0000001800
1977 0.0000001796
1978 0.0000001792
1979 0.0000001787
1980 0.0000001783
1981 0.0000001778
1982 0.0000001773
1983 0.0000001767
1984 0.0000001762
1985 0.0000001756
1986 0.0000001750
1987 0.0000001743
1988 0.0000001737
1989 0.0000001729
1990 0.0000001721
1991 0.0000001712
1992 0.0000001703
1993 0.0000001692
1994 0.0000001679
1995 0.0000001663
1996 0.0000001642
1997 0.0000001613
1998 0.0000001559
1999 0.0000001387
2000 0.0000000000
