1 558
0 0.9632483880
1 0.0076825743
2 0.0032377965
3 0.0022634990
4 0.0016738363
5 0.0013241105
6 0.0010945393
7 0.0009307198
8 0.0008077037
9 0.0007120329
10 0.0006355627
11 0.0005730619
12 0.0005210334
13 0.0004770573
14 0.0004394069
15 0.0004068167
16 0.0003783376
17 0.0003532440
18 0.0003309712
19 0.0003110736
20 0.0002931945
21 0.0002770454
22 0.0002623900
23 0.0002490332
24 0.0002368126
25 0.0002255914
26 0.0002152542
27 0.0002057025
28 0.0001968520
29 0.0001886298
30 0.0001809731
31 0.0001738268
32 0.0001671430
33 0.0001608795
34 0.0001549989
35 0.0001494683
36 0.0001442585
37 0.0001393432
38 0.0001346990
39 0.0001303050
40 0.0001261423
41 0.0001221937
42 0.0001184440
43 0.0001148790
44 0.0001114862
45 0.0001082538
46 0.0001051714
47 0.0001022293
48 0.0000994185
49 0.0000967309
50 0.0000941591
51 0.0000916962
52 0.0000893357
53 0.0000870719
54 0.0000848992
55 0.0000828125
56 0.0000808073
57 0.0000788790
58 0.0000770238
59 0.0000752377
60 0.0000735173
61 0.0000718593
62 0.0000702605
63 0.0000687181
64 0.0000672294
65 0.0000657918
66 0.0000644029
67 0.0000630606
68 0.0000617626
69 0.0000605071
70 0.0000592921
71 0.0000581158
72 0.0000569767
73 0.0000558731
74 0.0000548034
75 0.0000537665
76 0.0000527608
77 0.0000517851
78 0.0000508382
79 0.0000499191
80 0.0000490265
81 0.0000481595
82 0.0000473170
83 0.0000464983
84 0.0000457023
85 0.0000449283
86 0.0000441753
87 0.0000434428
88 0.0000427298
89 0.0000420358
90 0.0000413601
91 0.0000407020
92 0.0000400610
93 0.0000394363
94 0.0000388276
95 0.0000382342
96 0.0000376557
97 0.0000370915
98 0.0000365412
99 0.0000360043
100 0.0000354804
101 0.0000349691
102 0.0000344700
103 0.0000339827
104 0.0000335069
105 0.0000330421
106 0.0000325882
107 0.0000321446
108 0.0000317111
109 0.0000312875
110 0.0000308733
111 0.0000304685
112 0.0000300725
113 0.0000296853
114 0.0000293066
115 0.0000289360
116 0.0000285735
117 0.0000282187
118 0.0000278715
119 0.0000275316
120 0.0000271988
121 0.0000268730
122 0.0000265539
123 0.0000262414
124 0.0000259353
125 0.0000256354
126 0.0000253415
127 0.0000250536
128 0.0000247713
129 0.0000244947
130 0.0000242235
131 0.0000239577
132 0.0000236970
133 0.0000234413
134 0.0000231906
135 0.0000229446
136 0.0000227034
137 0.0000224666
138 0.0000222343
139 0.0000220064
140 0.0000217827
141 0.0000215631
142 0.0000213475
143 0.0000211359
144 0.0000209281
145 0.0000207240
146 0.0000205236
147 0.0000203268
148 0.0000201334
149 0.0000199435
150 0.0000197569
151 0.0000195735
152 0.0000193933
153 0.0000192162
154 0.0000190422
155 0.0000188711
156 0.0000187029
157 0.0000185376
158 0.0000183750
159 0.0000182152
160 0.0000180579
161 0.0000179033
162 0.0000177512
163 0.0000176016
164 0.0000174544
165 0.0000173096
166 0.0000171671
167 0.0000170269
168 0.0000168889
169 0.0000167531
170 0.0000166195
171 0.0000164879
172 0.0000163583
173 0.0000162308
174 0.0000161052
175 0.0000159816
176 0.0000158598
177 0.0000157399
178 0.0000156218
179 0.0000155054
180 0.0000153908
181 0.0000152779
182 0.0000151666
183 0.0000150570
184 0.0000149490
185 0.0000148425
186 0.0000147376
187 0.0000146342
188 0.0000145323
189 0.0000144318
190 0.0000143327
191 0.0000142350
192 0.0000141387
193 0.0000140438
194 0.0000139501
195 0.0000138578
196 0.0000137667
197 0.0000136768
198 0.0000135882
199 0.0000135007
200 0.0000134145
201 0.0000133294
202 0.0000132454
203 0.0000131625
204 0.0000130808
205 0.0000130000
206 0.0000129204
207 0.0000128418
208 0.0000127641
209 0.0000126875
210 0.0000126119
211 0.0000125372
212 0.0000124634
213 0.0000123906
214 0.0000123187
215 0.0000122477
216 0.0000121776
217 0.0000121083
218 0.0000120399
219 0.0000119723
220 0.0000119055
221 0.0000118395
222 0.0000117743
223 0.0000117099
224 0.0000116463
225 0.0000115834
226 0.0000115212
227 0.0000114598
228 0.0000113991
229 0.0000113391
230 0.0000112797
231 0.0000112211
232 0.0000111631
233 0.0000111058
234 0.0000110491
235 0.0000109931
236 0.0000109376
237 0.0000108828
238 0.0000108286
239 0.0000107750
240 0.0000107220
241 0.0000106695
242 0.0000106177
243 0.0000105663
244 0.0000105156
245 0.0000104653
246 0.0000104156
247 0.0000103664
248 0.0000103178
249 0.0000102696
250 0.0000102220
251 0.0000101748
252 0.0000101281
253 0.0000100819
254 0.0000100362
255 0.0000099909
256 0.0000099461
257 0.0000099017
258 0.0000098577
259 0.0000098142
260 0.0000097712
261 0.0000097285
262 0.0000096863
263 0.0000096445
264 0.0000096031
265 0.0000095620
266 0.0000095214
267 0.0000094812
268 0.0000094413
269 0.0000094018
270 0.0000093627
271 0.0000093239
272 0.0000092855
273 0.0000092475
274 0.0000092098
275 0.0000091724
276 0.0000091354
277 0.0000090987
278 0.0000090623
279 0.0000090263
280 0.0000089906
281 0.0000089552
282 0.0000089201
283 0.0000088854
284 0.0000088509
285 0.0000088167
286 0.0000087829
287 0.0000087493
288 0.0000087160
289 0.0000086829
290 0.0000086502
291 0.0000086177
292 0.0000085855
293 0.0000085536
294 0.0000085220
295 0.0000084906
296 0.0000084594
297 0.0000084285
298 0.0000083979
299 0.0000083675
300 0.0000083374
301 0.0000083075
302 0.0000082778
303 0.0000082484
304 0.0000082192
305 0.0000081902
306 0.0000081615
307 0.0000081330
308 0.0000081047
309 0.0000080766
310 0.0000080487
311 0.0000080211
312 0.0000079937
313 0.0000079664
314 0.0000079394
315 0.0000079126
316 0.0000078860
317 0.0000078595
318 0.0000078333
319 0.0000078072
320 0.0000077814
321 0.0000077557
322 0.0000077303
323 0.0000077050
324 0.0000076799
325 0.0000076549
326 0.0000076302
327 0.0000076056
328 0.0000075812
329 0.0000075569
330 0.0000075329
331 0.0000075090
332 0.0000074852
333 0.0000074617
334 0.0000074383
335 0.0000074150
336 0.0000073919
337 0.0000073690
338 0.0000073462
339 0.0000073236
340 0.0000073011
341 0.0000072788
342 0.0000072566
343 0.0000072346
344 0.0000072127
345 0.0000071909
346 0.0000071693
347 0.0000071478
348 0.0000071265
349 0.0000071053
350 0.0000070843
351 0.0000070634
352 0.0000070426
353 0.0000070219
354 0.0000070014
355 0.0000069810
356 0.0000069607
357 0.0000069406
358 0.0000069205
359 0.0000069007
360 0.0000068809
361 0.0000068612
362 0.0000068417
363 0.0000068223
364 0.0000068029
365 0.0000067838
366 0.0000067647
367 0.0000067457
368 0.0000067269
369 0.0000067081
370 0.0000066895
371 0.0000066710
372 0.0000066526
373 0.0000066343
374 0.0000066161
375 0.0000065980
376 0.0000065800
377 0.0000065622
378 0.0000065444
379 0.0000065267
380 0.0000065091
381 0.0000064916
382 0.0000064742
383 0.0000064569
384 0.0000064397
385 0.0000064227
386 0.0000064057
387 0.0000063888
388 0.0000063719
389 0.0000063552
390 0.0000063386
391 0.0000063220
392 0.0000063056
393 0.0000062892
394 0.0000062730
395 0.0000062568
396 0.0000062407
397 0.0000062246
398 0.0000062087
399 0.0000061929
400 0.0000061771
401 0.0000061614
402 0.0000061458
403 0.0000061303
404 0.0000061148
405 0.0000060995
406 0.0000060842
407 0.0000060690
408 0.0000060539
409 0.0000060388
410 0.0000060238
411 0.0000060089
412 0.0000059941
413 0.0000059794
414 0.0000059647
415 0.0000059501
416 0.0000059355
417 0.0000059211
418 0.0000059067
419 0.0000058924
420 0.0000058781
421 0.0000058639
422 0.0000058498
423 0.0000058358
424 0.0000058218
425 0.0000058079
426 0.0000057941
427 0.0000057803
428 0.0000057666
429 0.0000057529
430 0.0000057394
431 0.0000057259
432 0.0000057124
433 0.0000056990
434 0.0000056857
435 0.0000056724
436 0.0000056592
437 0.0000056461
438 0.0000056330
439 0.0000056199
440 0.0000056070
441 0.0000055941
442 0.0000055812
443 0.0000055684
444 0.0000055557
445 0.0000055430
446 0.0000055304
447 0.0000055178
448 0.0000055053
449 0.0000054929
450 0.0000054805
451 0.0000054681
452 0.0000054559
453 0.0000054436
454 0.0000054314
455 0.0000054193
456 0.0000054072
457 0.0000053952
458 0.0000053832
459 0.0000053713
460 0.0000053594
461 0.0000053476
462 0.0000053358
463 0.0000053241
464 0.0000053124
465 0.0000053008
466 0.0000052892
467 0.0000052777
468 0.0000052662
469 0.0000052547
470 0.0000052433
471 0.0000052320
472 0.0000052207
473 0.0000052094
474 0.0000051982
475 0.0000051871
476 0.0000051759
477 0.0000051649
478 0.0000051538
479 0.0000051428
480 0.0000051319
481 0.0000051209
482 0.0000051101
483 0.0000050993
484 0.0000050885
485 0.0000050777
486 0.0000050670
487 0.0000050563
488 0.0000050457
489 0.0000050351
490 0.0000050246
491 0.0000050140
492 0.0000050036
493 0.0000049931
494 0.0000049827
495 0.0000049723
496 0.0000049620
497 0.0000049517
498 0.0000049414
499 0.0000049312
500 0.0000049210
501 0.0000049108
502 0.0000049007
503 0.0000048906
504 0.0000048805
505 0.0000048704
506 0.0000048604
507 0.0000048504
508 0.0000048404
509 0.0000048305
510 0.0000048206
511 0.0000048107
512 0.0000048008
513 0.0000047909
514 0.0000047811
515 0.0000047713
516 0.0000047615
517 0.0000047517
518 0.0000047420
519 0.0000047322
520 0.0000047225
521 0.0000047127
522 0.0000047030
523 0.0000046933
524 0.0000046835
525 0.0000046738
526 0.0000046641
527 0.0000046543
528 0.0000046445
529 0.0000046348
530 0.0000046249
531 0.0000046151
532 0.0000046052
533 0.0000045953
534 0.0000045853
535 0.0000045752
536 0.0000045650
537 0.0000045547
538 0.0000045443
539 0.0000045337
540 0.0000045230
541 0.0000045121
542 0.0000045008
543 0.0000044893
544 0.0000044773
545 0.0000044648
546 0.0000044517
547 0.0000044377
548 0.0000044227
549 0.0000044062
550 0.0000043877
551 0.0000043663
552 0.0000043406
553 0.0000043077
554 0.0000042626
555 0.0000041955
556 0.0000040632
557 0.0000036199
558 0.0000000000
