1 316
0 0.9940906477
1 0.0023359957
2 0.0006155617
3 0.0003669212
4 0.0002398187
5 0.0001741419
6 0.0001356625
7 0.0001105481
8 0.0000929633
9 0.0000800230
10 0.0000701233
11 0.0000623096
12 0.0000559859
13 0.0000507633
14 0.0000463783
15 0.0000426458
16 0.0000394317
17 0.0000366366
18 0.0000341849
19 0.0000320183
20 0.0000300909
21 0.0000283660
22 0.0000268142
23 0.0000254111
24 0.0000241371
25 0.0000229755
26 0.0000219124
27 0.0000209362
28 0.0000200370
29 0.0000192062
30 0.0000184364
31 0.0000177215
32 0.0000170559
33 0.0000164348
34 0.0000158539
35 0.0000153098
36 0.0000147989
37 0.0000143186
38 0.0000138661
39 0.0000134392
40 0.0000130359
41 0.0000126543
42 0.0000122927
43 0.0000119497
44 0.0000116238
45 0.0000113140
46 0.0000110190
47 0.0000107378
48 0.0000104696
49 0.0000102135
50 0.0000099686
51 0.0000097343
52 0.0000095100
53 0.0000092950
54 0.0000090888
55 0.0000088909
56 0.0000087007
57 0.0000085179
58 0.0000083420
59 0.0000081728
60 0.0000080097
61 0.0000078525
62 0.0000077010
63 0.0000075547
64 0.0000074134
65 0.0000072770
66 0.0000071451
67 0.0000070175
68 0.0000068941
69 0.0000067746
70 0.0000066589
71 0.0000065467
72 0.0000064380
73 0.0000063326
74 0.0000062303
75 0.0000061310
76 0.0000060346
77 0.0000059410
78 0.0000058500
79 0.0000057615
80 0.0000056755
81 0.0000055918
82 0.0000055103
83 0.0000054310
84 0.0000053538
85 0.0000052786
86 0.0000052053
87 0.0000051339
88 0.0000050643
89 0.0000049963
90 0.0000049301
91 0.0000048654
92 0.0000048023
93 0.0000047407
94 0.0000046805
95 0.0000046217
96 0.0000045642
97 0.0000045081
98 0.0000044532
99 0.0000043996
100 0.0000043471
101 0.0000042958
102 0.0000042455
103 0.0000041964
104 0.0000041482
105 0.0000041011
106 0.0000040550
107 0.0000040098
108 0.0000039655
109 0.0000039222
110 0.0000038797
111 0.0000038380
112 0.0000037971
113 0.0000037571
114 0.0000037178
115 0.0000036793
116 0.0000036415
117 0.0000036044
118 0.0000035680
119 0.0000035322
120 0.0000034972
121 0.0000034627
122 0.0000034289
123 0.0000033957
124 0.0000033631
125 0.0000033310
126 0.0000032995
127 0.0000032685
128 0.0000032381
129 0.0000032082
130 0.0000031788
131 0.0000031499
132 0.0000031215
133 0.0000030935
134 0.0000030660
135 0.0000030390
136 0.0000030124
137 0.0000029862
138 0.0000029604
139 0.0000029350
140 0.0000029101
141 0.0000028855
142 0.0000028613
143 0.0000028375
144 0.0000028140
145 0.0000027909
146 0.0000027681
147 0.0000027457
148 0.0000027236
149 0.0000027018
150 0.0000026804
151 0.0000026592
152 0.0000026384
153 0.0000026179
154 0.0000025976
155 0.0000025777
156 0.0000025580
157 0.0000025386
158 0.0000025195
159 0.0000025006
160 0.0000024820
161 0.0000024636
162 0.0000024455
163 0.0000024277
164 0.0000024100
165 0.0000023926
166 0.0000023755
167 0.0000023585
168 0.0000023418
169 0.0000023253
170 0.0000023090
171 0.0000022929
172 0.0000022771
173 0.0000022614
174 0.0000022459
175 0.0000022306
176 0.0000022155
177 0.0000022006
178 0.0000021859
179 0.0000021714
180 0.0000021570
181 0.0000021428
182 0.0000021288
183 0.0000021149
184 0.0000021012
185 0.0000020877
186 0.0000020743
187 0.0000020611
188 0.0000020480
189 0.0000020351
190 0.0000020224
191 0.0000020098
192 0.0000019973
193 0.0000019850
194 0.0000019728
195 0.0000019607
196 0.0000019488
197 0.0000019370
198 0.0000019253
199 0.0000019138
200 0.0000019024
201 0.0000018911
202 0.0000018799
203 0.0000018689
204 0.0000018580
205 0.0000018472
206 0.0000018365
207 0.0000018259
208 0.0000018154
209 0.0000018051
210 0.0000017948
211 0.0000017847
212 0.0000017746
213 0.0000017647
214 0.0000017548
215 0.0000017451
216 0.0000017355
217 0.0000017259
218 0.0000017165
219 0.0000017071
220 0.0000016978
221 0.0000016887
222 0.0000016796
223 0.0000016706
224 0.0000016617
225 0.0000016528
226 0.0000016441
227 0.0000016354
228 0.0000016269
229 0.0000016184
230 0.0000016100
231 0.0000016016
232 0.0000015934
233 0.0000015852
234 0.0000015771
235 0.0000015690
236 0.0000015611
237 0.0000015532
238 0.0000015454
239 0.0000015376
240 0.0000015299
241 0.0000015223
242 0.0000015148
243 0.0000015073
244 0.0000014999
245 0.0000014925
246 0.0000014853
247 0.0000014780
248 0.0000014709
249 0.0000014638
250 0.0000014567
251 0.0000014497
252 0.0000014428
253 0.0000014360
254 0.0000014291
255 0.0000014224
256 0.0000014157
257 0.0000014090
258 0.0000014024
259 0.0000013959
260 0.0000013894
261 0.0000013830
262 0.0000013766
263 0.0000013702
264 0.0000013639
265 0.0000013577
266 0.0000013515
267 0.0000013453
268 0.0000013392
269 0.0000013331
270 0.0000013271
271 0.0000013211
272 0.0000013152
273 0.0000013093
274 0.0000013034
275 0.0000012976
276 0.0000012918
277 0.0000012860
278 0.0000012803
279 0.0000012746
280 0.0000012690
281 0.0000012633
282 0.0000012577
283 0.0000012521
284 0.0000012466
285 0.0000012411
286 0.0000012356
287 0.0000012301
288 0.0000012246
289 0.0000012191
290 0.0000012137
291 0.0000012082
292 0.0000012028
293 0.0000011973
294 0.0000011919
295 0.0000011864
296 0.0000011809
297 0.0000011753
298 0.0000011697
299 0.0000011640
300 0.0000011583
301 0.0000011524
302 0.0000011464
303 0.0000011403
304 0.0000011339
305 0.0000011271
306 0.0000011200
307 0.0000011124
308 0.0000011040
309 0.0000010947
310 0.0000010839
311 0.0000010708
312 0.0000010542
313 0.0000010315
314 0.0000009924
315 0.0000008781
316 0.0000000000
