0 348
0 0.9458556348
1 0.0154725274
2 0.0050375927
3 0.0030512278
4 0.0019707194
5 0.0014142156
6 0.0010981513
7 0.0008988344
8 0.0007634607
9 0.0006661943
10 0.0005929304
11 0.0005355154
12 0.0004890496
13 0.0004504757
14 0.0004178080
15 0.0003897039
16 0.0003652208
17 0.0003436731
18 0.0003245474
19 0.0003074488
20 0.0002920668
21 0.0002781533
22 0.0002655065
23 0.0002539604
24 0.0002433771
25 0.0002336409
26 0.0002246539
27 0.0002163327
28 0.0002086061
29 0.0002014124
30 0.0001946983
31 0.0001884175
32 0.0001825291
33 0.0001769977
34 0.0001717917
35 0.0001668831
36 0.0001622472
37 0.0001578618
38 0.0001537073
39 0.0001497659
40 0.0001460215
41 0.0001424597
42 0.0001390676
43 0.0001358332
44 0.0001327459
45 0.0001297957
46 0.0001269739
47 0.0001242721
48 0.0001216828
49 0.0001191993
50 0.0001168151
51 0.0001145244
52 0.0001123218
53 0.0001102023
54 0.0001081614
55 0.0001061946
56 0.0001042981
57 0.0001024681
58 0.0001007012
59 0.0000989942
60 0.0000973441
61 0.0000957481
62 0.0000942036
63 0.0000927082
64 0.0000912594
65 0.0000898553
66 0.0000884936
67 0.0000871727
68 0.0000858906
69 0.0000846456
70 0.0000834362
71 0.0000822609
72 0.0000811182
73 0.0000800069
74 0.0000789255
75 0.0000778730
76 0.0000768482
77 0.0000758501
78 0.0000748775
79 0.0000739295
80 0.0000730052
81 0.0000721038
82 0.0000712243
83 0.0000703661
84 0.0000695282
85 0.0000687101
86 0.0000679110
87 0.0000671303
88 0.0000663673
89 0.0000656215
90 0.0000648922
91 0.0000641790
92 0.0000634812
93 0.0000627985
94 0.0000621303
95 0.0000614762
96 0.0000608357
97 0.0000602084
98 0.0000595938
99 0.0000589917
100 0.0000584017
101 0.0000578234
102 0.0000572563
103 0.0000567003
104 0.0000561550
105 0.0000556200
106 0.0000550952
107 0.0000545802
108 0.0000540747
109 0.0000535784
110 0.0000530913
111 0.0000526128
112 0.0000521430
113 0.0000516814
114 0.0000512279
115 0.0000507823
116 0.0000503445
117 0.0000499140
118 0.0000494909
119 0.0000490749
120 0.0000486658
121 0.0000482635
122 0.0000478678
123 0.0000474785
124 0.0000470955
125 0.0000467186
126 0.0000463477
127 0.0000459827
128 0.0000456233
129 0.0000452695
130 0.0000449212
131 0.0000445782
132 0.0000442403
133 0.0000439076
134 0.0000435798
135 0.0000432569
136 0.0000429387
137 0.0000426252
138 0.0000423162
139 0.0000420116
140 0.0000417115
141 0.0000414155
142 0.0000411237
143 0.0000408361
144 0.0000405524
145 0.0000402726
146 0.0000399966
147 0.0000397245
148 0.0000394559
149 0.0000391910
150 0.0000389296
151 0.0000386717
152 0.0000384172
153 0.0000381660
154 0.0000379181
155 0.0000376733
156 0.0000374317
157 0.0000371932
158 0.0000369577
159 0.0000367251
160 0.0000364955
161 0.0000362687
162 0.0000360447
163 0.0000358235
164 0.0000356049
165 0.0000353890
166 0.0000351757
167 0.0000349650
168 0.0000347568
169 0.0000345510
170 0.0000343477
171 0.0000341467
172 0.0000339481
173 0.0000337517
174 0.0000335576
175 0.0000333658
176 0.0000331761
177 0.0000329886
178 0.0000328031
179 0.0000326197
180 0.0000324384
181 0.0000322591
182 0.0000320818
183 0.0000319063
184 0.0000317328
185 0.0000315612
186 0.0000313914
187 0.0000312234
188 0.0000310572
189 0.0000308928
190 0.0000307301
191 0.0000305691
192 0.0000304098
193 0.0000302521
194 0.0000300961
195 0.0000299416
196 0.0000297888
197 0.0000296374
198 0.0000294877
199 0.0000293394
200 0.0000291926
201 0.0000290472
202 0.0000289033
203 0.0000287608
204 0.0000286197
205 0.0000284800
206 0.0000283417
207 0.0000282046
208 0.0000280689
209 0.0000279345
210 0.0000278014
211 0.0000276696
212 0.0000275389
213 0.0000274095
214 0.0000272813
215 0.0000271543
216 0.0000270285
217 0.0000269039
218 0.0000267803
219 0.0000266579
220 0.0000265366
221 0.0000264165
222 0.0000262974
223 0.0000261793
224 0.0000260624
225 0.0000259464
226 0.0000258315
227 0.0000257176
228 0.0000256047
229 0.0000254928
230 0.0000253818
231 0.0000252718
232 0.0000251628
233 0.0000250547
234 0.0000249475
235 0.0000248412
236 0.0000247359
237 0.0000246314
238 0.0000245278
239 0.0000244250
240 0.0000243232
241 0.0000242221
242 0.0000241219
243 0.0000240226
244 0.0000239240
245 0.0000238262
246 0.0000237293
247 0.0000236331
248 0.0000235377
249 0.0000234430
250 0.0000233491
251 0.0000232560
252 0.0000231636
253 0.0000230719
254 0.0000229810
255 0.0000228907
256 0.0000228012
257 0.0000227124
258 0.0000226242
259 0.0000225368
260 0.0000224500
261 0.0000223638
262 0.0000222783
263 0.0000221935
264 0.0000221093
265 0.0000220258
266 0.0000219428
267 0.0000218605
268 0.0000217789
269 0.0000216978
270 0.0000216173
271 0.0000215374
272 0.0000214581
273 0.0000213794
274 0.0000213012
275 0.0000212236
276 0.0000211466
277 0.0000210702
278 0.0000209943
279 0.0000209189
280 0.0000208440
281 0.0000207697
282 0.0000206959
283 0.0000206227
284 0.0000205500
285 0.0000204777
286 0.0000204060
287 0.0000203348
288 0.0000202640
289 0.0000201938
290 0.0000201240
291 0.0000200547
292 0.0000199859
293 0.0000199176
294 0.0000198497
295 0.0000197823
296 0.0000197153
297 0.0000196488
298 0.0000195827
299 0.0000195171
300 0.0000194519
301 0.0000193872
302 0.0000193228
303 0.0000192589
304 0.0000191954
305 0.0000191323
306 0.0000190697
307 0.0000190074
308 0.0000189456
309 0.0000188841
310 0.0000188231
311 0.0000187624
312 0.0000187021
313 0.0000186422
314 0.0000185827
315 0.0000185236
316 0.0000184648
317 0.0000184064
318 0.0000183484
319 0.0000182907
320 0.0000182334
321 0.0000181764
322 0.0000181198
323 0.0000180636
324 0.0000180077
325 0.0000179521
326 0.0000178969
327 0.0000178420
328 0.0000177875
329 0.0000177332
330 0.0000176794
331 0.0000176258
332 0.0000175726
333 0.0000175196
334 0.0000174670
335 0.0000174147
336 0.0000173627
337 0.0000173110
338 0.0000172596
339 0.0000172086
340 0.0000171578
341 0.0000171073
342 0.0000170571
343 0.0000170072
344 0.0000169576
345 0.0000169083
346 0.0000168592
347 0.0000168104
348 0.0000167620
