1 288
0 0.9830417391
1 0.0065781879
2 0.0020611002
3 0.0012310007
4 0.0008004552
5 0.0005754600
6 0.0004427939
7 0.0003560885
8 0.0002954923
9 0.0002510772
10 0.0002172832
11 0.0001907850
12 0.0001694952
13 0.0001520474
14 0.0001375123
15 0.0001252365
16 0.0001147472
17 0.0001056939
18 0.0000978110
19 0.0000908941
20 0.0000847828
21 0.0000793498
22 0.0000744930
23 0.0000701292
24 0.0000661901
25 0.0000626194
26 0.0000593700
27 0.0000564024
28 0.0000536829
29 0.0000511833
30 0.0000488790
31 0.0000467490
32 0.0000447752
33 0.0000429419
34 0.0000412351
35 0.0000396429
36 0.0000381546
37 0.0000367609
38 0.0000354534
39 0.0000342247
40 0.0000330683
41 0.0000319782
42 0.0000309492
43 0.0000299765
44 0.0000290558
45 0.0000281833
46 0.0000273554
47 0.0000265690
48 0.0000258212
49 0.0000251093
50 0.0000244310
51 0.0000237839
52 0.0000231662
53 0.0000225760
54 0.0000220114
55 0.0000214711
56 0.0000209535
57 0.0000204573
58 0.0000199812
59 0.0000195242
60 0.0000190851
61 0.0000186629
62 0.0000182568
63 0.0000178659
64 0.0000174894
65 0.0000171265
66 0.0000167766
67 0.0000164390
68 0.0000161131
69 0.0000157983
70 0.0000154941
71 0.0000152000
72 0.0000149155
73 0.0000146402
74 0.0000143737
75 0.0000141155
76 0.0000138653
77 0.0000136228
78 0.0000133876
79 0.0000131594
80 0.0000129380
81 0.0000127229
82 0.0000125141
83 0.0000123112
84 0.0000121139
85 0.0000119221
86 0.0000117356
87 0.0000115541
88 0.0000113775
89 0.0000112056
90 0.0000110381
91 0.0000108750
92 0.0000107160
93 0.0000105611
94 0.0000104101
95 0.0000102627
96 0.0000101190
97 0.0000099788
98 0.0000098420
99 0.0000097084
100 0.0000095779
101 0.0000094505
102 0.0000093260
103 0.0000092044
104 0.0000090855
105 0.0000089693
106 0.0000088557
107 0.0000087445
108 0.0000086358
109 0.0000085294
110 0.0000084253
111 0.0000083234
112 0.0000082236
113 0.0000081259
114 0.0000080303
115 0.0000079365
116 0.0000078447
117 0.0000077547
118 0.0000076666
119 0.0000075801
120 0.0000074954
121 0.0000074122
122 0.0000073307
123 0.0000072508
124 0.0000071723
125 0.0000070954
126 0.0000070198
127 0.0000069457
128 0.0000068729
129 0.0000068015
130 0.0000067313
131 0.0000066624
132 0.0000065947
133 0.0000065283
134 0.0000064629
135 0.0000063988
136 0.0000063357
137 0.0000062737
138 0.0000062127
139 0.0000061528
140 0.0000060939
141 0.0000060360
142 0.0000059790
143 0.0000059230
144 0.0000058678
145 0.0000058136
146 0.0000057602
147 0.0000057077
148 0.0000056560
149 0.0000056052
150 0.0000055551
151 0.0000055058
152 0.0000054573
153 0.0000054095
154 0.0000053624
155 0.0000053160
156 0.0000052704
157 0.0000052254
158 0.0000051811
159 0.0000051374
160 0.0000050944
161 0.0000050520
162 0.0000050102
163 0.0000049690
164 0.0000049284
165 0.0000048884
166 0.0000048490
167 0.0000048101
168 0.0000047717
169 0.0000047339
170 0.0000046965
171 0.0000046597
172 0.0000046234
173 0.0000045876
174 0.0000045523
175 0.0000045174
176 0.0000044831
177 0.0000044491
178 0.0000044156
179 0.0000043826
180 0.0000043499
181 0.0000043177
182 0.0000042859
183 0.0000042545
184 0.0000042235
185 0.0000041929
186 0.0000041627
187 0.0000041329
188 0.0000041034
189 0.0000040743
190 0.0000040455
191 0.0000040171
192 0.0000039891
193 0.0000039614
194 0.0000039340
195 0.0000039069
196 0.0000038802
197 0.0000038537
198 0.0000038276
199 0.0000038018
200 0.0000037763
201 0.0000037511
202 0.0000037262
203 0.0000037015
204 0.0000036772
205 0.0000036531
206 0.0000036293
207 0.0000036057
208 0.0000035824
209 0.0000035594
210 0.0000035366
211 0.0000035141
212 0.0000034918
213 0.0000034698
214 0.0000034480
215 0.0000034264
216 0.0000034051
217 0.0000033840
218 0.0000033631
219 0.0000033424
220 0.0000033219
221 0.0000033017
222 0.0000032817
223 0.0000032618
224 0.0000032422
225 0.0000032228
226 0.0000032035
227 0.0000031845
228 0.0000031656
229 0.0000031469
230 0.0000031285
231 0.0000031101
232 0.0000030920
233 0.0000030741
234 0.0000030563
235 0.0000030386
236 0.0000030212
237 0.0000030039
238 0.0000029868
239 0.0000029698
240 0.0000029530
241 0.0000029363
242 0.0000029198
243 0.0000029034
244 0.0000028872
245 0.0000028711
246 0.0000028551
247 0.0000028393
248 0.0000028236
249 0.0000028080
250 0.0000027925
251 0.0000027772
252 0.0000027620
253 0.0000027469
254 0.0000027319
255 0.0000027170
256 0.0000027022
257 0.0000026875
258 0.0000026729
259 0.0000026584
260 0.0000026440
261 0.0000026296
262 0.0000026153
263 0.0000026011
264 0.0000025869
265 0.0000025727
266 0.0000025586
267 0.0000025445
268 0.0000025303
269 0.0000025161
270 0.0000025019
271 0.0000024876
272 0.0000024732
273 0.0000024586
274 0.0000024438
275 0.0000024287
276 0.0000024131
277 0.0000023970
278 0.0000023803
279 0.0000023625
280 0.0000023433
281 0.0000023223
282 0.0000022984
283 0.0000022701
284 0.0000022345
285 0.0000021866
286 0.0000021042
287 0.0000018624
288 0.0000000000
