0 818
0 0.9776900734
1 0.0061177369
2 0.0024893226
3 0.0016960599
4 0.0012180027
5 0.0009358567
6 0.0007518622
7 0.0006215541
8 0.0005245208
9 0.0004497554
10 0.0003905991
11 0.0003427756
12 0.0003034266
13 0.0002705748
14 0.0002428099
15 0.0002190988
16 0.0001986674
17 0.0001809242
18 0.0001654095
19 0.0001517610
20 0.0001396890
21 0.0001289595
22 0.0001193813
23 0.0001107970
24 0.0001030754
25 0.0000961067
26 0.0000897984
27 0.0000840717
28 0.0000788595
29 0.0000741040
30 0.0000697553
31 0.0000657702
32 0.0000621110
33 0.0000587447
34 0.0000556424
35 0.0000527786
36 0.0000501307
37 0.0000476787
38 0.0000454049
39 0.0000432934
40 0.0000413300
41 0.0000395020
42 0.0000377979
43 0.0000362076
44 0.0000347216
45 0.0000333316
46 0.0000320301
47 0.0000308101
48 0.0000296654
49 0.0000285903
50 0.0000275795
51 0.0000266284
52 0.0000257325
53 0.0000248880
54 0.0000240912
55 0.0000233387
56 0.0000226275
57 0.0000219547
58 0.0000213178
59 0.0000207144
60 0.0000201422
61 0.0000195992
62 0.0000190835
63 0.0000185934
64 0.0000181273
65 0.0000176837
66 0.0000172611
67 0.0000168582
68 0.0000164740
69 0.0000161072
70 0.0000157568
71 0.0000154219
72 0.0000151016
73 0.0000147950
74 0.0000145013
75 0.0000142198
76 0.0000139499
77 0.0000136908
78 0.0000134420
79 0.0000132029
80 0.0000129731
81 0.0000127519
82 0.0000125390
83 0.0000123339
84 0.0000121363
85 0.0000119457
86 0.0000117618
87 0.0000115842
88 0.0000114127
89 0.0000112468
90 0.0000110865
91 0.0000109313
92 0.0000107812
93 0.0000106357
94 0.0000104947
95 0.0000103580
96 0.0000102254
97 0.0000100967
98 0.0000099717
99 0.0000098503
100 0.0000097323
101 0.0000096176
102 0.0000095060
103 0.0000093974
104 0.0000092917
105 0.0000091886
106 0.0000090883
107 0.0000089905
108 0.0000088951
109 0.0000088020
110 0.0000087112
111 0.0000086225
112 0.0000085359
113 0.0000084513
114 0.0000083686
115 0.0000082878
116 0.0000082087
117 0.0000081314
118 0.0000080557
119 0.0000079817
120 0.0000079091
121 0.0000078381
122 0.0000077685
123 0.0000077003
124 0.0000076334
125 0.0000075678
126 0.0000075035
127 0.0000074404
128 0.0000073785
129 0.0000073177
130 0.0000072581
131 0.0000071995
132 0.0000071419
133 0.0000070854
134 0.0000070299
135 0.0000069753
136 0.0000069216
137 0.0000068688
138 0.0000068169
139 0.0000067659
140 0.0000067156
141 0.0000066662
142 0.0000066176
143 0.0000065697
144 0.0000065226
145 0.0000064762
146 0.0000064305
147 0.0000063855
148 0.0000063412
149 0.0000062975
150 0.0000062544
151 0.0000062120
152 0.0000061702
153 0.0000061290
154 0.0000060883
155 0.0000060482
156 0.0000060087
157 0.0000059697
158 0.0000059313
159 0.0000058933
160 0.0000058559
161 0.0000058190
162 0.0000057825
163 0.0000057465
164 0.0000057110
165 0.0000056759
166 0.0000056413
167 0.0000056071
168 0.0000055734
169 0.0000055400
170 0.0000055071
171 0.0000054746
172 0.0000054424
173 0.0000054107
174 0.0000053793
175 0.0000053484
176 0.0000053177
177 0.0000052874
178 0.0000052575
179 0.0000052279
180 0.0000051987
181 0.0000051698
182 0.0000051412
183 0.0000051130
184 0.0000050850
185 0.0000050574
186 0.0000050301
187 0.0000050030
188 0.0000049763
189 0.0000049498
190 0.0000049237
191 0.0000048978
192 0.0000048722
193 0.0000048468
194 0.0000048218
195 0.0000047970
196 0.0000047724
197 0.0000047481
198 0.0000047241
199 0.0000047002
200 0.0000046767
201 0.0000046534
202 0.0000046303
203 0.0000046074
204 0.0000045848
205 0.0000045624
206 0.0000045402
207 0.0000045182
208 0.0000044964
209 0.0000044749
210 0.0000044535
211 0.0000044324
212 0.0000044114
213 0.0000043907
214 0.0000043701
215 0.0000043498
216 0.0000043296
217 0.0000043096
218 0.0000042898
219 0.0000042702
220 0.0000042508
221 0.0000042315
222 0.0000042125
223 0.0000041936
224 0.0000041748
225 0.0000041562
226 0.0000041378
227 0.0000041196
228 0.0000041015
229 0.0000040836
230 0.0000040658
231 0.0000040482
232 0.0000040307
233 0.0000040134
234 0.0000039963
235 0.0000039792
236 0.0000039623
237 0.0000039456
238 0.0000039290
239 0.0000039126
240 0.0000038963
241 0.0000038801
242 0.0000038641
243 0.0000038481
244 0.0000038324
245 0.0000038167
246 0.0000038012
247 0.0000037858
248 0.0000037705
249 0.0000037554
250 0.0000037403
251 0.0000037254
252 0.0000037106
253 0.0000036960
254 0.0000036814
255 0.0000036670
256 0.0000036526
257 0.0000036384
258 0.0000036243
259 0.0000036103
260 0.0000035964
261 0.0000035826
262 0.0000035689
263 0.0000035554
264 0.0000035419
265 0.0000035285
266 0.0000035153
267 0.0000035021
268 0.0000034890
269 0.0000034760
270 0.0000034632
271 0.0000034504
272 0.0000034377
273 0.0000034251
274 0.0000034126
275 0.0000034002
276 0.0000033879
277 0.0000033756
278 0.0000033635
279 0.0000033514
280 0.0000033394
281 0.0000033275
282 0.0000033157
283 0.0000033040
284 0.0000032924
285 0.0000032808
286 0.0000032694
287 0.0000032580
288 0.0000032466
289 0.0000032354
290 0.0000032242
291 0.0000032131
292 0.0000032021
293 0.0000031912
294 0.0000031803
295 0.0000031696
296 0.0000031589
297 0.0000031482
298 0.0000031376
299 0.0000031271
300 0.0000031167
301 0.0000031064
302 0.0000030961
303 0.0000030858
304 0.0000030757
305 0.0000030656
306 0.0000030556
307 0.0000030456
308 0.0000030357
309 0.0000030259
310 0.0000030161
311 0.0000030064
312 0.0000029968
313 0.0000029872
314 0.0000029777
315 0.0000029683
316 0.0000029589
317 0.0000029495
318 0.0000029402
319 0.0000029310
320 0.0000029219
321 0.0000029127
322 0.0000029037
323 0.0000028947
324 0.0000028858
325 0.0000028769
326 0.0000028681
327 0.0000028593
328 0.0000028506
329 0.0000028419
330 0.0000028333
331 0.0000028247
332 0.0000028162
333 0.0000028077
334 0.0000027993
335 0.0000027910
336 0.0000027827
337 0.0000027744
338 0.0000027662
339 0.0000027580
340 0.0000027499
341 0.0000027418
342 0.0000027338
343 0.0000027258
344 0.0000027179
345 0.0000027100
346 0.0000027022
347 0.0000026944
348 0.0000026867
349 0.0000026790
350 0.0000026713
351 0.0000026637
352 0.0000026561
353 0.0000026486
354 0.0000026411
355 0.0000026337
356 0.0000026263
357 0.0000026189
358 0.0000026116
359 0.0000026043
360 0.0000025971
361 0.0000025899
362 0.0000025827
363 0.0000025756
364 0.0000025685
365 0.0000025615
366 0.0000025545
367 0.0000025475
368 0.0000025406
369 0.0000025337
370 0.0000025268
371 0.0000025200
372 0.0000025132
373 0.0000025065
374 0.0000024998
375 0.0000024931
376 0.0000024865
377 0.0000024799
378 0.0000024733
379 0.0000024668
380 0.0000024603
381 0.0000024538
382 0.0000024474
383 0.0000024410
384 0.0000024347
385 0.0000024283
386 0.0000024220
387 0.0000024158
388 0.0000024095
389 0.0000024033
390 0.0000023972
391 0.0000023910
392 0.0000023849
393 0.0000023789
394 0.0000023728
395 0.0000023668
396 0.0000023608
397 0.0000023549
398 0.0000023490
399 0.0000023431
400 0.0000023372
401 0.0000023314
402 0.0000023256
403 0.0000023198
404 0.0000023141
405 0.0000023083
406 0.0000023027
407 0.0000022970
408 0.0000022914
409 0.0000022858
410 0.0000022802
411 0.0000022746
412 0.0000022691
413 0.0000022636
414 0.0000022581
415 0.0000022527
416 0.0000022473
417 0.0000022419
418 0.0000022365
419 0.0000022312
420 0.0000022258
421 0.0000022206
422 0.0000022153
423 0.0000022101
424 0.0000022048
425 0.0000021996
426 0.0000021945
427 0.0000021893
428 0.0000021842
429 0.0000021791
430 0.0000021740
431 0.0000021690
432 0.0000021640
433 0.0000021590
434 0.0000021540
435 0.0000021490
436 0.0000021441
437 0.0000021392
438 0.0000021343
439 0.0000021294
440 0.0000021246
441 0.0000021198
442 0.0000021150
443 0.0000021102
444 0.0000021054
445 0.0000021007
446 0.0000020960
447 0.0000020913
448 0.0000020866
449 0.0000020820
450 0.0000020774
451 0.0000020727
452 0.0000020682
453 0.0000020636
454 0.0000020590
455 0.0000020545
456 0.0000020500
457 0.0000020455
458 0.0000020410
459 0.0000020366
460 0.0000020322
461 0.0000020277
462 0.0000020234
463 0.0000020190
464 0.0000020146
465 0.0000020103
466 0.0000020060
467 0.0000020017
468 0.0000019974
469 0.0000019931
470 0.0000019889
471 0.0000019847
472 0.0000019804
473 0.0000019763
474 0.0000019721
475 0.0000019679
476 0.0000019638
477 0.0000019597
478 0.0000019556
479 0.0000019515
480 0.0000019474
481 0.0000019434
482 0.0000019393
483 0.0000019353
484 0.0000019313
485 0.0000019273
486 0.0000019233
487 0.0000019194
488 0.0000019155
489 0.0000019115
490 0.0000019076
491 0.0000019037
492 0.0000018999
493 0.0000018960
494 0.0000018922
495 0.0000018883
496 0.0000018845
497 0.0000018807
498 0.0000018770
499 0.0000018732
500 0.0000018694
501 0.0000018657
502 0.0000018620
503 0.0000018583
504 0.0000018546
505 0.0000018509
506 0.0000018472
507 0.0000018436
508 0.0000018400
509 0.0000018363
510 0.0000018327
511 0.0000018292
512 0.0000018256
513 0.0000018220
514 0.0000018185
515 0.0000018149
516 0.0000018114
517 0.0000018079
518 0.0000018044
519 0.0000018009
520 0.0000017975
521 0.0000017940
522 0.0000017906
523 0.0000017871
524 0.0000017837
525 0.0000017803
526 0.0000017769
527 0.0000017736
528 0.0000017702
529 0.0000017668
530 0.0000017635
531 0.0000017602
532 0.0000017569
533 0.0000017536
534 0.0000017503
535 0.0000017470
536 0.0000017437
537 0.0000017405
538 0.0000017373
539 0.0000017340
540 0.0000017308
541 0.0000017276
542 0.0000017244
543 0.0000017212
544 0.0000017181
545 0.0000017149
546 0.0000017118
547 0.0000017086
548 0.0000017055
549 0.0000017024
550 0.0000016993
551 0.0000016962
552 0.0000016931
553 0.0000016901
554 0.0000016870
555 0.0000016840
556 0.0000016809
557 0.0000016779
558 0.0000016749
559 0.0000016719
560 0.0000016689
561 0.0000016659
562 0.0000016630
563 0.0000016600
564 0.0000016571
565 0.0000016541
566 0.0000016512
567 0.0000016483
568 0.0000016454
569 0.0000016425
570 0.0000016396
571 0.0000016367
572 0.0000016339
573 0.0000016310
574 0.0000016282
575 0.0000016253
576 0.0000016225
577 0.0000016197
578 0.0000016169
579 0.0000016141
580 0.0000016113
581 0.0000016085
582 0.0000016057
583 0.0000016030
584 0.0000016002
585 0.0000015975
586 0.0000015948
587 0.0000015920
588 0.0000015893
589 0.0000015866
590 0.0000015839
591 0.0000015813
592 0.0000015786
593 0.0000015759
594 0.0000015733
595 0.0000015706
596 0.0000015680
597 0.0000015653
598 0.0000015627
599 0.0000015601
600 0.0000015575
601 0.0000015549
602 0.0000015523
603 0.0000015497
604 0.0000015472
605 0.0000015446
606 0.0000015420
607 0.0000015395
608 0.0000015370
609 0.0000015344
610 0.0000015319
611 0.0000015294
612 0.0000015269
613 0.0000015244
614 0.0000015219
615 0.0000015194
616 0.0000015170
617 0.0000015145
618 0.0000015121
619 0.0000015096
620 0.0000015072
621 0.0000015047
622 0.0000015023
623 0.0000014999
624 0.0000014975
625 0.0000014951
626 0.0000014927
627 0.0000014903
628 0.0000014879
629 0.0000014856
630 0.0000014832
631 0.0000014808
632 0.0000014785
633 0.0000014762
634 0.0000014738
635 0.0000014715
636 0.0000014692
637 0.0000014669
638 0.0000014646
639 0.0000014623
640 0.0000014600
641 0.0000014577
642 0.0000014554
643 0.0000014532
644 0.0000014509
645 0.0000014486
646 0.0000014464
647 0.0000014441
648 0.0000014419
649 0.0000014397
650 0.0000014375
651 0.0000014353
652 0.0000014331
653 0.0000014308
654 0.0000014287
655 0.0000014265
656 0.0000014243
657 0.0000014221
658 0.0000014200
659 0.0000014178
660 0.0000014156
661 0.0000014135
662 0.0000014114
663 0.0000014092
664 0.0000014071
665 0.0000014050
666 0.0000014029
667 0.0000014008
668 0.0000013986
669 0.0000013966
670 0.0000013945
671 0.0000013924
672 0.0000013903
673 0.0000013882
674 0.0000013862
675 0.0000013841
676 0.0000013821
677 0.0000013800
678 0.0000013780
679 0.0000013759
680 0.0000013739
681 0.0000013719
682 0.0000013699
683 0.0000013679
684 0.0000013659
685 0.0000013639
686 0.0000013619
687 0.0000013599
688 0.0000013579
689 0.0000013559
690 0.0000013539
691 0.0000013520
692 0.0000013500
693 0.0000013481
694 0.0000013461
695 0.0000013442
696 0.0000013422
697 0.0000013403
698 0.0000013384
699 0.0000013365
700 0.0000013345
701 0.0000013326
702 0.0000013307
703 0.0000013288
704 0.0000013269
705 0.0000013251
706 0.0000013232
707 0.0000013213
708 0.0000013194
709 0.0000013176
710 0.0000013157
711 0.0000013138
712 0.0000013120
713 0.0000013101
714 0.0000013083
715 0.0000013065
716 0.0000013046
717 0.0000013028
718 0.0000013010
719 0.0000012992
720 0.0000012974
721 0.0000012956
722 0.0000012938
723 0.0000012920
724 0.0000012902
725 0.0000012884
726 0.0000012866
727 0.0000012848
728 0.0000012831
729 0.0000012813
730 0.0000012795
731 0.0000012778
732 0.0000012760
733 0.0000012743
734 0.0000012725
735 0.0000012708
736 0.0000012691
737 0.0000012673
738 0.0000012656
739 0.0000012639
740 0.0000012622
741 0.0000012605
742 0.0000012588
743 0.0000012571
744 0.0000012554
745 0.0000012537
746 0.0000012520
747 0.0000012503
748 0.0000012486
749 0.0000012470
750 0.0000012453
751 0.0000012436
752 0.0000012420
753 0.0000012403
754 0.0000012387
755 0.0000012370
756 0.0000012354
757 0.0000012337
758 0.0000012321
759 0.0000012305
760 0.0000012289
761 0.0000012272
762 0.0000012256
763 0.0000012240
764 0.0000012224
765 0.0000012208
766 0.0000012192
767 0.0000012176
768 0.0000012160
769 0.0000012144
770 0.0000012128
771 0.0000012113
772 0.0000012097
773 0.0000012081
774 0.0000012065
775 0.0000012050
776 0.0000012034
777 0.0000012019
778 0.0000012003
779 0.0000011988
780 0.0000011972
781 0.0000011957
782 0.0000011941
783 0.0000011926
784 0.0000011911
785 0.0000011896
786 0.0000011880
787 0.0000011865
788 0.0000011850
789 0.0000011835
790 0.0000011820
791 0.0000011805
792 0.0000011790
793 0.0000011775
794 0.0000011760
795 0.0000011745
796 0.0000011730
797 0.0000011716
798 0.0000011701
799 0.0000011686
800 0.0000011671
801 0.0000011657
802 0.0000011642
803 0.0000011628
804 0.0000011613
805 0.0000011599
806 0.0000011584
807 0.0000011570
808 0.0000011555
809 0.0000011541
810 0.0000011527
811 0.0000011512
812 0.0000011498
813 0.0000011484
814 0.0000011470
815 0.0000011456
816 0.0000011441
817 0.0000011427
818 0.0000011413
