1 1090
0 0.9864914124
1 0.0048112931
2 0.0015485440
3 0.0009812248
4 0.0006737235
5 0.0005039546
6 0.0003984096
7 0.0003263437
8 0.0002741935
9 0.0002349092
10 0.0002043796
11 0.0001800477
12 0.0001602500
13 0.0001438624
14 0.0001301000
15 0.0001183986
16 0.0001083429
17 0.0000996204
18 0.0000919921
19 0.0000852719
20 0.0000793132
21 0.0000739987
22 0.0000692337
23 0.0000649410
24 0.0000610567
25 0.0000575279
26 0.0000543105
27 0.0000513669
28 0.0000486654
29 0.0000461790
30 0.0000438843
31 0.0000417613
32 0.0000397925
33 0.0000379626
34 0.0000362585
35 0.0000346684
36 0.0000331819
37 0.0000317900
38 0.0000304845
39 0.0000292581
40 0.0000281044
41 0.0000270176
42 0.0000259925
43 0.0000250243
44 0.0000241089
45 0.0000232423
46 0.0000224211
47 0.0000216421
48 0.0000209024
49 0.0000201993
50 0.0000195305
51 0.0000188938
52 0.0000182870
53 0.0000177083
54 0.0000171560
55 0.0000166285
56 0.0000161243
57 0.0000156421
58 0.0000151806
59 0.0000147386
60 0.0000143150
61 0.0000139089
62 0.0000135193
63 0.0000131453
64 0.0000127861
65 0.0000124409
66 0.0000121091
67 0.0000117899
68 0.0000114827
69 0.0000111869
70 0.0000109020
71 0.0000106275
72 0.0000103629
73 0.0000101077
74 0.0000098614
75 0.0000096237
76 0.0000093943
77 0.0000091726
78 0.0000089584
79 0.0000087514
80 0.0000085512
81 0.0000083576
82 0.0000081703
83 0.0000079890
84 0.0000078135
85 0.0000076435
86 0.0000074788
87 0.0000073192
88 0.0000071646
89 0.0000070146
90 0.0000068692
91 0.0000067281
92 0.0000065912
93 0.0000064584
94 0.0000063294
95 0.0000062042
96 0.0000060826
97 0.0000059644
98 0.0000058496
99 0.0000057380
100 0.0000056296
101 0.0000055241
102 0.0000054215
103 0.0000053217
104 0.0000052247
105 0.0000051302
106 0.0000050383
107 0.0000049487
108 0.0000048616
109 0.0000047767
110 0.0000046940
111 0.0000046135
112 0.0000045350
113 0.0000044585
114 0.0000043839
115 0.0000043113
116 0.0000042404
117 0.0000041713
118 0.0000041038
119 0.0000040381
120 0.0000039739
121 0.0000039113
122 0.0000038502
123 0.0000037905
124 0.0000037323
125 0.0000036754
126 0.0000036199
127 0.0000035656
128 0.0000035126
129 0.0000034608
130 0.0000034103
131 0.0000033608
132 0.0000033125
133 0.0000032653
134 0.0000032191
135 0.0000031739
136 0.0000031298
137 0.0000030866
138 0.0000030444
139 0.0000030030
140 0.0000029626
141 0.0000029230
142 0.0000028843
143 0.0000028464
144 0.0000028093
145 0.0000027730
146 0.0000027375
147 0.0000027027
148 0.0000026686
149 0.0000026352
150 0.0000026025
151 0.0000025704
152 0.0000025390
153 0.0000025083
154 0.0000024781
155 0.0000024486
156 0.0000024196
157 0.0000023912
158 0.0000023634
159 0.0000023361
160 0.0000023093
161 0.0000022831
162 0.0000022573
163 0.0000022321
164 0.0000022073
165 0.0000021830
166 0.0000021592
167 0.0000021358
168 0.0000021128
169 0.0000020903
170 0.0000020682
171 0.0000020465
172 0.0000020252
173 0.0000020042
174 0.0000019837
175 0.0000019635
176 0.0000019437
177 0.0000019242
178 0.0000019051
179 0.0000018863
180 0.0000018678
181 0.0000018497
182 0.0000018319
183 0.0000018144
184 0.0000017972
185 0.0000017803
186 0.0000017636
187 0.0000017473
188 0.0000017312
189 0.0000017154
190 0.0000016999
191 0.0000016846
192 0.0000016696
193 0.0000016548
194 0.0000016402
195 0.0000016259
196 0.0000016119
197 0.0000015980
198 0.0000015844
199 0.0000015710
200 0.0000015578
201 0.0000015448
202 0.0000015320
203 0.0000015195
204 0.0000015071
205 0.0000014949
206 0.0000014829
207 0.0000014711
208 0.0000014594
209 0.0000014479
210 0.0000014366
211 0.0000014255
212 0.0000014146
213 0.0000014038
214 0.0000013931
215 0.0000013827
216 0.0000013723
217 0.0000013622
218 0.0000013521
219 0.0000013423
220 0.0000013325
221 0.0000013229
222 0.0000013135
223 0.0000013041
224 0.0000012949
225 0.0000012858
226 0.0000012769
227 0.0000012681
228 0.0000012594
229 0.0000012508
230 0.0000012423
231 0.0000012340
232 0.0000012258
233 0.0000012176
234 0.0000012096
235 0.0000012017
236 0.0000011939
237 0.0000011862
238 0.0000011786
239 0.0000011711
240 0.0000011637
241 0.0000011564
242 0.0000011492
243 0.0000011420
244 0.0000011350
245 0.0000011281
246 0.0000011212
247 0.0000011144
248 0.0000011077
249 0.0000011011
250 0.0000010946
251 0.0000010882
252 0.0000010818
253 0.0000010755
254 0.0000010693
255 0.0000010632
256 0.0000010571
257 0.0000010511
258 0.0000010452
259 0.0000010393
260 0.0000010336
261 0.0000010278
262 0.0000010222
263 0.0000010166
264 0.0000010111
265 0.0000010056
266 0.0000010002
267 0.0000009949
268 0.0000009896
269 0.0000009844
270 0.0000009793
271 0.0000009742
272 0.0000009691
273 0.0000009641
274 0.0000009592
275 0.0000009543
276 0.0000009495
277 0.0000009447
278 0.0000009400
279 0.0000009353
280 0.0000009307
281 0.0000009261
282 0.0000009216
283 0.0000009171
284 0.0000009126
285 0.0000009082
286 0.0000009039
287 0.0000008996
288 0.0000008953
289 0.0000008911
290 0.0000008869
291 0.0000008828
292 0.0000008787
293 0.0000008747
294 0.0000008707
295 0.0000008667
296 0.0000008628
297 0.0000008589
298 0.0000008550
299 0.0000008512
300 0.0000008474
301 0.0000008437
302 0.0000008399
303 0.0000008363
304 0.0000008326
305 0.0000008290
306 0.0000008254
307 0.0000008219
308 0.0000008184
309 0.0000008149
310 0.0000008114
311 0.0000008080
312 0.0000008046
313 0.0000008013
314 0.0000007980
315 0.0000007947
316 0.0000007914
317 0.0000007882
318 0.0000007849
319 0.0000007818
320 0.0000007786
321 0.0000007755
322 0.0000007724
323 0.0000007693
324 0.0000007663
325 0.0000007632
326 0.0000007602
327 0.0000007573
328 0.0000007543
329 0.0000007514
330 0.0000007485
331 0.0000007456
332 0.0000007428
333 0.0000007399
334 0.0000007371
335 0.0000007343
336 0.0000007316
337 0.0000007288
338 0.0000007261
339 0.0000007234
340 0.0000007207
341 0.0000007181
342 0.0000007154
343 0.0000007128
344 0.0000007102
345 0.0000007077
346 0.0000007051
347 0.0000007026
348 0.0000007000
349 0.0000006975
350 0.0000006951
351 0.0000006926
352 0.0000006902
353 0.0000006877
354 0.0000006853
355 0.0000006829
356 0.0000006806
357 0.0000006782
358 0.0000006759
359 0.0000006736
360 0.0000006713
361 0.0000006690
362 0.0000006667
363 0.0000006644
364 0.0000006622
365 0.0000006600
366 0.0000006578
367 0.0000006556
368 0.0000006534
369 0.0000006512
370 0.0000006491
371 0.0000006469
372 0.0000006448
373 0.0000006427
374 0.0000006406
375 0.0000006385
376 0.0000006365
377 0.0000006344
378 0.0000006324
379 0.0000006304
380 0.0000006284
381 0.0000006264
382 0.0000006244
383 0.0000006224
384 0.0000006205
385 0.0000006185
386 0.0000006166
387 0.0000006147
388 0.0000006128
389 0.0000006109
390 0.0000006090
391 0.0000006071
392 0.0000006052
393 0.0000006034
394 0.0000006016
395 0.0000005997
396 0.0000005979
397 0.0000005961
398 0.0000005943
399 0.0000005925
400 0.0000005908
401 0.0000005890
402 0.0000005873
403 0.0000005855
404 0.0000005838
405 0.0000005821
406 0.0000005804
407 0.0000005787
408 0.0000005770
409 0.0000005753
410 0.0000005736
411 0.0000005720
412 0.0000005703
413 0.0000005687
414 0.0000005670
415 0.0000005654
416 0.0000005638
417 0.0000005622
418 0.0000005606
419 0.0000005590
420 0.0000005574
421 0.0000005559
422 0.0000005543
423 0.0000005528
424 0.0000005512
425 0.0000005497
426 0.0000005482
427 0.0000005467
428 0.0000005451
429 0.0000005436
430 0.0000005422
431 0.0000005407
432 0.0000005392
433 0.0000005377
434 0.0000005363
435 0.0000005348
436 0.0000005334
437 0.0000005319
438 0.0000005305
439 0.0000005291
440 0.0000005277
441 0.0000005263
442 0.0000005249
443 0.0000005235
444 0.0000005221
445 0.0000005207
446 0.0000005193
447 0.0000005180
448 0.0000005166
449 0.0000005153
450 0.0000005139
451 0.0000005126
452 0.0000005113
453 0.0000005099
454 0.0000005086
455 0.0000005073
456 0.0000005060
457 0.0000005047
458 0.0000005034
459 0.0000005022
460 0.0000005009
461 0.0000004996
462 0.0000004983
463 0.0000004971
464 0.0000004958
465 0.0000004946
466 0.0000004933
467 0.0000004921
468 0.0000004909
469 0.0000004897
470 0.0000004884
471 0.0000004872
472 0.0000004860
473 0.0000004848
474 0.0000004836
475 0.0000004825
476 0.0000004813
477 0.0000004801
478 0.0000004789
479 0.0000004778
480 0.0000004766
481 0.0000004754
482 0.0000004743
483 0.0000004732
484 0.0000004720
485 0.0000004709
486 0.0000004698
487 0.0000004686
488 0.0000004675
489 0.0000004664
490 0.0000004653
491 0.0000004642
492 0.0000004631
493 0.0000004620
494 0.0000004609
495 0.0000004598
496 0.0000004588
497 0.0000004577
498 0.0000004566
499 0.0000004555
500 0.0000004545
501 0.0000004534
502 0.0000004524
503 0.0000004513
504 0.0000004503
505 0.0000004493
506 0.0000004482
507 0.0000004472
508 0.0000004462
509 0.0000004452
510 0.0000004442
511 0.0000004431
512 0.0000004421
513 0.0000004411
514 0.0000004401
515 0.0000004391
516 0.0000004382
517 0.0000004372
518 0.0000004362
519 0.0000004352
520 0.0000004342
521 0.0000004333
522 0.0000004323
523 0.0000004314
524 0.0000004304
525 0.0000004295
526 0.0000004285
527 0.0000004276
528 0.0000004266
529 0.0000004257
530 0.0000004248
531 0.0000004238
532 0.0000004229
533 0.0000004220
534 0.0000004211
535 0.0000004202
536 0.0000004192
537 0.0000004183
538 0.0000004174
539 0.0000004165
540 0.0000004157
541 0.0000004148
542 0.0000004139
543 0.0000004130
544 0.0000004121
545 0.0000004112
546 0.0000004104
547 0.0000004095
548 0.0000004086
549 0.0000004078
550 0.0000004069
551 0.0000004060
552 0.0000004052
553 0.0000004043
554 0.0000004035
555 0.0000004027
556 0.0000004018
557 0.0000004010
558 0.0000004001
559 0.0000003993
560 0.0000003985
561 0.0000003977
562 0.0000003968
563 0.0000003960
564 0.0000003952
565 0.0000003944
566 0.0000003936
567 0.0000003928
568 0.0000003920
569 0.0000003912
570 0.0000003904
571 0.0000003896
572 0.0000003888
573 0.0000003880
574 0.0000003873
575 0.0000003865
576 0.0000003857
577 0.0000003849
578 0.0000003841
579 0.0000003834
580 0.0000003826
581 0.0000003819
582 0.0000003811
583 0.0000003803
584 0.0000003796
585 0.0000003788
586 0.0000003781
587 0.0000003773
588 0.0000003766
589 0.0000003758
590 0.0000003751
591 0.0000003744
592 0.0000003736
593 0.0000003729
594 0.0000003722
595 0.0000003715
596 0.0000003707
597 0.0000003700
598 0.0000003693
599 0.0000003686
600 0.0000003679
601 0.0000003672
602 0.0000003665
603 0.0000003658
604 0.0000003651
605 0.0000003644
606 0.0000003637
607 0.0000003630
608 0.0000003623
609 0.0000003616
610 0.0000003609
611 0.0000003602
612 0.0000003595
613 0.0000003588
614 0.0000003582
615 0.0000003575
616 0.0000003568
617 0.0000003562
618 0.0000003555
619 0.0000003548
620 0.0000003542
621 0.0000003535
622 0.0000003528
623 0.0000003522
624 0.0000003515
625 0.0000003509
626 0.0000003502
627 0.0000003496
628 0.0000003489
629 0.0000003483
630 0.0000003476
631 0.0000003470
632 0.0000003464
633 0.0000003457
634 0.0000003451
635 0.0000003445
636 0.0000003438
637 0.0000003432
638 0.0000003426
639 0.0000003420
640 0.0000003414
641 0.0000003407
642 0.0000003401
643 0.0000003395
644 0.0000003389
645 0.0000003383
646 0.0000003377
647 0.0000003371
648 0.0000003365
649 0.0000003359
650 0.0000003353
651 0.0000003347
652 0.0000003341
653 0.0000003335
654 0.0000003329
655 0.0000003323
656 0.0000003317
657 0.0000003311
658 0.0000003305
659 0.0000003300
660 0.0000003294
661 0.0000003288
662 0.0000003282
663 0.0000003276
664 0.0000003271
665 0.0000003265
666 0.0000003259
667 0.0000003254
668 0.0000003248
669 0.0000003242
670 0.0000003237
671 0.0000003231
672 0.0000003226
673 0.0000003220
674 0.0000003214
675 0.0000003209
676 0.0000003203
677 0.0000003198
678 0.0000003192
679 0.0000003187
680 0.0000003182
681 0.0000003176
682 0.0000003171
683 0.0000003165
684 0.0000003160
685 0.0000003155
686 0.0000003149
687 0.0000003144
688 0.0000003139
689 0.0000003133
690 0.0000003128
691 0.0000003123
692 0.0000003118
693 0.0000003112
694 0.0000003107
695 0.0000003102
696 0.0000003097
697 0.0000003092
698 0.0000003086
699 0.0000003081
700 0.0000003076
701 0.0000003071
702 0.0000003066
703 0.0000003061
704 0.0000003056
705 0.0000003051
706 0.0000003046
707 0.0000003041
708 0.0000003036
709 0.0000003031
710 0.0000003026
711 0.0000003021
712 0.0000003016
713 0.0000003011
714 0.0000003006
715 0.0000003001
716 0.0000002996
717 0.0000002992
718 0.0000002987
719 0.0000002982
720 0.0000002977
721 0.0000002972
722 0.0000002967
723 0.0000002963
724 0.0000002958
725 0.0000002953
726 0.0000002948
727 0.0000002944
728 0.0000002939
729 0.0000002934
730 0.0000002930
731 0.0000002925
732 0.0000002920
733 0.0000002916
734 0.0000002911
735 0.0000002906
736 0.0000002902
737 0.0000002897
738 0.0000002893
739 0.0000002888
740 0.0000002884
741 0.0000002879
742 0.0000002874
743 0.0000002870
744 0.0000002865
745 0.0000002861
746 0.0000002857
747 0.0000002852
748 0.0000002848
749 0.0000002843
750 0.0000002839
751 0.0000002834
752 0.0000002830
753 0.0000002826
754 0.0000002821
755 0.0000002817
756 0.0000002813
757 0.0000002808
758 0.0000002804
759 0.0000002800
760 0.0000002795
761 0.0000002791
762 0.0000002787
763 0.0000002782
764 0.0000002778
765 0.0000002774
766 0.0000002770
767 0.0000002766
768 0.0000002761
769 0.0000002757
770 0.0000002753
771 0.0000002749
772 0.0000002745
773 0.0000002741
774 0.0000002736
775 0.0000002732
776 0.0000002728
777 0.0000002724
778 0.0000002720
779 0.0000002716
780 0.0000002712
781 0.0000002708
782 0.0000002704
783 0.0000002700
784 0.0000002696
785 0.0000002692
786 0.0000002688
787 0.0000002684
788 0.0000002680
789 0.0000002676
790 0.0000002672
791 0.0000002668
792 0.0000002664
793 0.0000002660
794 0.0000002656
795 0.0000002652
796 0.0000002648
797 0.0000002644
798 0.0000002641
799 0.0000002637
800 0.0000002633
801 0.0000002629
802 0.0000002625
803 0.0000002621
804 0.0000002617
805 0.0000002614
806 0.0000002610
807 0.0000002606
808 0.0000002602
809 0.0000002599
810 0.0000002595
811 0.0000002591
812 0.0000002587
813 0.0000002584
814 0.0000002580
815 0.0000002576
816 0.0000002572
817 0.0000002569
818 0.0000002565
819 0.0000002561
820 0.0000002558
821 0.0000002554
822 0.0000002551
823 0.0000002547
824 0.0000002543
825 0.0000002540
826 0.0000002536
827 0.0000002532
828 0.0000002529
829 0.0000002525
830 0.0000002522
831 0.0000002518
832 0.0000002515
833 0.0000002511
834 0.0000002508
835 0.0000002504
836 0.0000002501
837 0.0000002497
838 0.0000002494
839 0.0000002490
840 0.0000002487
841 0.0000002483
842 0.0000002480
843 0.0000002476
844 0.0000002473
845 0.0000002469
846 0.0000002466
847 0.0000002462
848 0.0000002459
849 0.0000002456
850 0.0000002452
851 0.0000002449
852 0.0000002445
853 0.0000002442
854 0.0000002439
855 0.0000002435
856 0.0000002432
857 0.0000002429
858 0.0000002425
859 0.0000002422
860 0.0000002419
861 0.0000002415
862 0.0000002412
863 0.0000002409
864 0.0000002406
865 0.0000002402
866 0.0000002399
867 0.0000002396
868 0.0000002393
869 0.0000002389
870 0.0000002386
871 0.0000002383
872 0.0000002380
873 0.0000002376
874 0.0000002373
875 0.0000002370
876 0.0000002367
877 0.0000002364
878 0.0000002360
879 0.0000002357
880 0.0000002354
881 0.0000002351
882 0.0000002348
883 0.0000002345
884 0.0000002342
885 0.0000002338
886 0.0000002335
887 0.0000002332
888 0.0000002329
889 0.0000002326
890 0.0000002323
891 0.0000002320
892 0.0000002317
893 0.0000002314
894 0.0000002311
895 0.0000002308
896 0.0000002305
897 0.0000002302
898 0.0000002299
899 0.0000002296
900 0.0000002293
901 0.0000002290
902 0.0000002287
903 0.0000002284
904 0.0000002281
905 0.0000002278
906 0.0000002275
907 0.0000002272
908 0.0000002269
909 0.0000002266
910 0.0000002263
911 0.0000002260
912 0.0000002257
913 0.0000002254
914 0.0000002251
915 0.0000002248
916 0.0000002245
917 0.0000002242
918 0.0000002239
919 0.0000002236
920 0.0000002234
921 0.0000002231
922 0.0000002228
923 0.0000002225
924 0.0000002222
925 0.0000002219
926 0.0000002216
927 0.0000002214
928 0.0000002211
929 0.0000002208
930 0.0000002205
931 0.0000002202
932 0.0000002199
933 0.0000002197
934 0.0000002194
935 0.0000002191
936 0.0000002188
937 0.0000002185
938 0.0000002183
939 0.0000002180
940 0.0000002177
941 0.0000002174
942 0.0000002172
943 0.0000002169
944 0.0000002166
945 0.0000002163
946 0.0000002161
947 0.0000002158
948 0.0000002155
949 0.0000002153
950 0.0000002150
951 0.0000002147
952 0.0000002144
953 0.0000002142
954 0.0000002139
955 0.0000002136
956 0.0000002134
957 0.0000002131
958 0.0000002128
959 0.0000002126
960 0.0000002123
961 0.0000002120
962 0.0000002118
963 0.0000002115
964 0.0000002112
965 0.0000002110
966 0.0000002107
967 0.0000002105
968 0.0000002102
969 0.0000002099
970 0.0000002097
971 0.0000002094
972 0.0000002092
973 0.0000002089
974 0.0000002086
975 0.0000002084
976 0.0000002081
977 0.0000002079
978 0.0000002076
979 0.0000002074
980 0.0000002071
981 0.0000002068
982 0.0000002066
983 0.0000002063
984 0.0000002061
985 0.0000002058
986 0.0000002056
987 0.0000002053
988 0.0000002051
989 0.0000002048
990 0.0000002046
991 0.0000002043
992 0.0000002041
993 0.0000002038
994 0.0000002036
995 0.0000002033
996 0.0000002031
997 0.0000002028
998 0.0000002026
999 0.0000002023
1000 0.0000002021
1001 0.0000002018
1002 0.0000002016
1003 0.0000002013
1004 0.0000002011
1005 0.0000002008
1006 0.0000002006
1007 0.0000002004
1008 0.0000002001
1009 0.0000001999
1010 0.0000001996
1011 0.0000001994
1012 0.0000001991
1013 0.0000001989
1014 0.0000001986
1015 0.0000001984
1016 0.0000001982
1017 0.0000001979
1018 0.0000001977
1019 0.0000001974
1020 0.0000001972
1021 0.0000001970
1022 0.0000001967
1023 0.0000001965
1024 0.0000001962
1025 0.0000001960
1026 0.0000001958
1027 0.0000001955
1028 0.0000001953
1029 0.0000001950
1030 0.0000001948
1031 0.0000001946
1032 0.0000001943
1033 0.0000001941
1034 0.0000001938
1035 0.0000001936
1036 0.0000001934
1037 0.0000001931
1038 0.0000001929
1039 0.0000001927
1040 0.0000001924
1041 0.0000001922
1042 0.0000001919
1043 0.0000001917
1044 0.0000001915
1045 0.0000001912
1046 0.0000001910
1047 0.0000001907
1048 0.0000001905
1049 0.0000001903
1050 0.0000001900
1051 0.0000001898
1052 0.0000001895
1053 0.0000001893
1054 0.0000001890
1055 0.0000001888
1056 0.0000001885
1057 0.0000001883
1058 0.0000001880
1059 0.0000001878
1060 0.0000001875
1061 0.0000001873
1062 0.0000001870
1063 0.0000001868
1064 0.0000001865
1065 0.0000001862
1066 0.0000001860
1067 0.0000001857
1068 0.0000001854
1069 0.0000001851
1070 0.0000001849
1071 0.0000001846
1072 0.0000001843
1073 0.0000001839
1074 0.0000001836
1075 0.0000001833
1076 0.0000001829
1077 0.0000001825
1078 0.0000001821
1079 0.0000001817
1080 0.0000001812
1081 0.0000001806
1082 0.0000001800
1083 0.0000001792
1084 0.0000001783
1085 0.0000001771
1086 0.0000001753
1087 0.0000001727
1088 0.0000001673
1089 0.0000001492
1090 0.0000000000
