0 1200
0 0.9815724909
1 0.0041903102
2 0.0017600069
3 0.0012275018
4 0.0009052180
5 0.0007140643
6 0.0005886121
7 0.0004991122
8 0.0004319187
9 0.0003796736
10 0.0003379248
11 0.0003038128
12 0.0002754256
13 0.0002514402
14 0.0002309127
15 0.0002131511
16 0.0001976366
17 0.0001839724
18 0.0001718500
19 0.0001610256
20 0.0001513043
21 0.0001425282
22 0.0001345684
23 0.0001273180
24 0.0001206883
25 0.0001146045
26 0.0001090036
27 0.0001038316
28 0.0000990426
29 0.0000945966
30 0.0000904593
31 0.0000866007
32 0.0000829945
33 0.0000796175
34 0.0000764496
35 0.0000734726
36 0.0000706705
37 0.0000680290
38 0.0000655353
39 0.0000631780
40 0.0000609468
41 0.0000588323
42 0.0000568260
43 0.0000549204
44 0.0000531086
45 0.0000513840
46 0.0000497411
47 0.0000481745
48 0.0000466794
49 0.0000452512
50 0.0000438860
51 0.0000425800
52 0.0000413296
53 0.0000401317
54 0.0000389832
55 0.0000378815
56 0.0000368240
57 0.0000358082
58 0.0000348321
59 0.0000338934
60 0.0000329903
61 0.0000321209
62 0.0000312836
63 0.0000304769
64 0.0000296992
65 0.0000289491
66 0.0000282254
67 0.0000275269
68 0.0000268523
69 0.0000262006
70 0.0000255707
71 0.0000249618
72 0.0000243728
73 0.0000238031
74 0.0000232516
75 0.0000227177
76 0.0000222006
77 0.0000216997
78 0.0000212143
79 0.0000207437
80 0.0000202874
81 0.0000198449
82 0.0000194155
83 0.0000189988
84 0.0000185943
85 0.0000182016
86 0.0000178202
87 0.0000174496
88 0.0000170896
89 0.0000167397
90 0.0000163995
91 0.0000160687
92 0.0000157471
93 0.0000154341
94 0.0000151297
95 0.0000148334
96 0.0000145450
97 0.0000142643
98 0.0000139909
99 0.0000137246
100 0.0000134653
101 0.0000132126
102 0.0000129664
103 0.0000127264
104 0.0000124925
105 0.0000122645
106 0.0000120421
107 0.0000118252
108 0.0000116137
109 0.0000114074
110 0.0000112060
111 0.0000110096
112 0.0000108178
113 0.0000106306
114 0.0000104479
115 0.0000102695
116 0.0000100953
117 0.0000099251
118 0.0000097589
119 0.0000095965
120 0.0000094379
121 0.0000092829
122 0.0000091314
123 0.0000089833
124 0.0000088386
125 0.0000086971
126 0.0000085587
127 0.0000084234
128 0.0000082911
129 0.0000081617
130 0.0000080351
131 0.0000079113
132 0.0000077901
133 0.0000076716
134 0.0000075556
135 0.0000074420
136 0.0000073309
137 0.0000072221
138 0.0000071156
139 0.0000070113
140 0.0000069092
141 0.0000068092
142 0.0000067113
143 0.0000066154
144 0.0000065214
145 0.0000064294
146 0.0000063392
147 0.0000062509
148 0.0000061643
149 0.0000060795
150 0.0000059963
151 0.0000059148
152 0.0000058350
153 0.0000057567
154 0.0000056799
155 0.0000056046
156 0.0000055308
157 0.0000054584
158 0.0000053875
159 0.0000053179
160 0.0000052496
161 0.0000051826
162 0.0000051169
163 0.0000050524
164 0.0000049892
165 0.0000049271
166 0.0000048662
167 0.0000048065
168 0.0000047478
169 0.0000046903
170 0.0000046338
171 0.0000045783
172 0.0000045238
173 0.0000044704
174 0.0000044179
175 0.0000043664
176 0.0000043157
177 0.0000042661
178 0.0000042172
179 0.0000041693
180 0.0000041222
181 0.0000040760
182 0.0000040305
183 0.0000039859
184 0.0000039420
185 0.0000038989
186 0.0000038566
187 0.0000038150
188 0.0000037741
189 0.0000037339
190 0.0000036944
191 0.0000036555
192 0.0000036174
193 0.0000035799
194 0.0000035430
195 0.0000035067
196 0.0000034710
197 0.0000034360
198 0.0000034015
199 0.0000033676
200 0.0000033343
201 0.0000033015
202 0.0000032692
203 0.0000032375
204 0.0000032063
205 0.0000031756
206 0.0000031454
207 0.0000031157
208 0.0000030864
209 0.0000030576
210 0.0000030293
211 0.0000030015
212 0.0000029741
213 0.0000029471
214 0.0000029205
215 0.0000028944
216 0.0000028687
217 0.0000028433
218 0.0000028184
219 0.0000027938
220 0.0000027697
221 0.0000027459
222 0.0000027224
223 0.0000026993
224 0.0000026766
225 0.0000026542
226 0.0000026322
227 0.0000026105
228 0.0000025891
229 0.0000025680
230 0.0000025472
231 0.0000025268
232 0.0000025067
233 0.0000024868
234 0.0000024673
235 0.0000024480
236 0.0000024290
237 0.0000024103
238 0.0000023918
239 0.0000023737
240 0.0000023557
241 0.0000023381
242 0.0000023207
243 0.0000023035
244 0.0000022866
245 0.0000022699
246 0.0000022535
247 0.0000022373
248 0.0000022213
249 0.0000022055
250 0.0000021900
251 0.0000021746
252 0.0000021595
253 0.0000021446
254 0.0000021299
255 0.0000021154
256 0.0000021011
257 0.0000020870
258 0.0000020730
259 0.0000020593
260 0.0000020457
261 0.0000020323
262 0.0000020191
263 0.0000020061
264 0.0000019933
265 0.0000019806
266 0.0000019680
267 0.0000019557
268 0.0000019435
269 0.0000019314
270 0.0000019196
271 0.0000019078
272 0.0000018962
273 0.0000018848
274 0.0000018735
275 0.0000018624
276 0.0000018513
277 0.0000018405
278 0.0000018297
279 0.0000018191
280 0.0000018086
281 0.0000017983
282 0.0000017881
283 0.0000017780
284 0.0000017680
285 0.0000017582
286 0.0000017484
287 0.0000017388
288 0.0000017293
289 0.0000017199
290 0.0000017107
291 0.0000017015
292 0.0000016924
293 0.0000016835
294 0.0000016746
295 0.0000016659
296 0.0000016573
297 0.0000016487
298 0.0000016403
299 0.0000016319
300 0.0000016237
301 0.0000016155
302 0.0000016074
303 0.0000015995
304 0.0000015916
305 0.0000015838
306 0.0000015761
307 0.0000015684
308 0.0000015609
309 0.0000015534
310 0.0000015461
311 0.0000015388
312 0.0000015316
313 0.0000015244
314 0.0000015174
315 0.0000015104
316 0.0000015034
317 0.0000014966
318 0.0000014898
319 0.0000014831
320 0.0000014765
321 0.0000014699
322 0.0000014635
323 0.0000014570
324 0.0000014507
325 0.0000014444
326 0.0000014382
327 0.0000014320
328 0.0000014259
329 0.0000014198
330 0.0000014139
331 0.0000014079
332 0.0000014021
333 0.0000013963
334 0.0000013905
335 0.0000013848
336 0.0000013792
337 0.0000013736
338 0.0000013681
339 0.0000013626
340 0.0000013572
341 0.0000013518
342 0.0000013465
343 0.0000013412
344 0.0000013360
345 0.0000013308
346 0.0000013257
347 0.0000013206
348 0.0000013156
349 0.0000013106
350 0.0000013057
351 0.0000013008
352 0.0000012960
353 0.0000012912
354 0.0000012864
355 0.0000012817
356 0.0000012770
357 0.0000012724
358 0.0000012678
359 0.0000012632
360 0.0000012587
361 0.0000012542
362 0.0000012498
363 0.0000012454
364 0.0000012410
365 0.0000012367
366 0.0000012324
367 0.0000012282
368 0.0000012240
369 0.0000012198
370 0.0000012156
371 0.0000012115
372 0.0000012075
373 0.0000012034
374 0.0000011994
375 0.0000011954
376 0.0000011915
377 0.0000011876
378 0.0000011837
379 0.0000011798
380 0.0000011760
381 0.0000011722
382 0.0000011685
383 0.0000011647
384 0.0000011610
385 0.0000011574
386 0.0000011537
387 0.0000011501
388 0.0000011465
389 0.0000011430
390 0.0000011394
391 0.0000011359
392 0.0000011324
393 0.0000011290
394 0.0000011256
395 0.0000011222
396 0.0000011188
397 0.0000011154
398 0.0000011121
399 0.0000011088
400 0.0000011055
401 0.0000011023
402 0.0000010990
403 0.0000010958
404 0.0000010927
405 0.0000010895
406 0.0000010863
407 0.0000010832
408 0.0000010801
409 0.0000010771
410 0.0000010740
411 0.0000010710
412 0.0000010680
413 0.0000010650
414 0.0000010620
415 0.0000010590
416 0.0000010561
417 0.0000010532
418 0.0000010503
419 0.0000010474
420 0.0000010446
421 0.0000010417
422 0.0000010389
423 0.0000010361
424 0.0000010333
425 0.0000010306
426 0.0000010278
427 0.0000010251
428 0.0000010224
429 0.0000010197
430 0.0000010170
431 0.0000010144
432 0.0000010117
433 0.0000010091
434 0.0000010065
435 0.0000010039
436 0.0000010013
437 0.0000009987
438 0.0000009962
439 0.0000009937
440 0.0000009912
441 0.0000009887
442 0.0000009862
443 0.0000009837
444 0.0000009813
445 0.0000009788
446 0.0000009764
447 0.0000009740
448 0.0000009716
449 0.0000009692
450 0.0000009668
451 0.0000009645
452 0.0000009621
453 0.0000009598
454 0.0000009575
455 0.0000009552
456 0.0000009529
457 0.0000009506
458 0.0000009483
459 0.0000009461
460 0.0000009438
461 0.0000009416
462 0.0000009394
463 0.0000009372
464 0.0000009350
465 0.0000009328
466 0.0000009307
467 0.0000009285
468 0.0000009264
469 0.0000009242
470 0.0000009221
471 0.0000009200
472 0.0000009179
473 0.0000009158
474 0.0000009138
475 0.0000009117
476 0.0000009096
477 0.0000009076
478 0.0000009056
479 0.0000009035
480 0.0000009015
481 0.0000008995
482 0.0000008975
483 0.0000008955
484 0.0000008936
485 0.0000008916
486 0.0000008897
487 0.0000008877
488 0.0000008858
489 0.0000008839
490 0.0000008820
491 0.0000008801
492 0.0000008782
493 0.0000008763
494 0.0000008744
495 0.0000008725
496 0.0000008707
497 0.0000008688
498 0.0000008670
499 0.0000008652
500 0.0000008633
501 0.0000008615
502 0.0000008597
503 0.0000008579
504 0.0000008561
505 0.0000008544
506 0.0000008526
507 0.0000008508
508 0.0000008491
509 0.0000008473
510 0.0000008456
511 0.0000008438
512 0.0000008421
513 0.0000008404
514 0.0000008387
515 0.0000008370
516 0.0000008353
517 0.0000008336
518 0.0000008320
519 0.0000008303
520 0.0000008286
521 0.0000008270
522 0.0000008253
523 0.0000008237
524 0.0000008220
525 0.0000008204
526 0.0000008188
527 0.0000008172
528 0.0000008156
529 0.0000008140
530 0.0000008124
531 0.0000008108
532 0.0000008092
533 0.0000008077
534 0.0000008061
535 0.0000008045
536 0.0000008030
537 0.0000008015
538 0.0000007999
539 0.0000007984
540 0.0000007969
541 0.0000007953
542 0.0000007938
543 0.0000007923
544 0.0000007908
545 0.0000007893
546 0.0000007878
547 0.0000007864
548 0.0000007849
549 0.0000007834
550 0.0000007820
551 0.0000007805
552 0.0000007790
553 0.0000007776
554 0.0000007762
555 0.0000007747
556 0.0000007733
557 0.0000007719
558 0.0000007705
559 0.0000007690
560 0.0000007676
561 0.0000007662
562 0.0000007648
563 0.0000007634
564 0.0000007621
565 0.0000007607
566 0.0000007593
567 0.0000007579
568 0.0000007566
569 0.0000007552
570 0.0000007539
571 0.0000007525
572 0.0000007512
573 0.0000007498
574 0.0000007485
575 0.0000007472
576 0.0000007459
577 0.0000007445
578 0.0000007432
579 0.0000007419
580 0.0000007406
581 0.0000007393
582 0.0000007380
583 0.0000007367
584 0.0000007355
585 0.0000007342
586 0.0000007329
587 0.0000007316
588 0.0000007304
589 0.0000007291
590 0.0000007279
591 0.0000007266
592 0.0000007254
593 0.0000007241
594 0.0000007229
595 0.0000007217
596 0.0000007204
597 0.0000007192
598 0.0000007180
599 0.0000007168
600 0.0000007155
601 0.0000007143
602 0.0000007131
603 0.0000007119
604 0.0000007108
605 0.0000007096
606 0.0000007084
607 0.0000007072
608 0.0000007060
609 0.0000007048
610 0.0000007037
611 0.0000007025
612 0.0000007013
613 0.0000007002
614 0.0000006990
615 0.0000006979
616 0.0000006967
617 0.0000006956
618 0.0000006945
619 0.0000006933
620 0.0000006922
621 0.0000006911
622 0.0000006899
623 0.0000006888
624 0.0000006877
625 0.0000006866
626 0.0000006855
627 0.0000006844
628 0.0000006833
629 0.0000006822
630 0.0000006811
631 0.0000006800
632 0.0000006789
633 0.0000006778
634 0.0000006768
635 0.0000006757
636 0.0000006746
637 0.0000006735
638 0.0000006725
639 0.0000006714
640 0.0000006704
641 0.0000006693
642 0.0000006683
643 0.0000006672
644 0.0000006662
645 0.0000006651
646 0.0000006641
647 0.0000006631
648 0.0000006620
649 0.0000006610
650 0.0000006600
651 0.0000006590
652 0.0000006579
653 0.0000006569
654 0.0000006559
655 0.0000006549
656 0.0000006539
657 0.0000006529
658 0.0000006519
659 0.0000006509
660 0.0000006499
661 0.0000006489
662 0.0000006479
663 0.0000006470
664 0.0000006460
665 0.0000006450
666 0.0000006440
667 0.0000006430
668 0.0000006421
669 0.0000006411
670 0.0000006402
671 0.0000006392
672 0.0000006382
673 0.0000006373
674 0.0000006363
675 0.0000006354
676 0.0000006344
677 0.0000006335
678 0.0000006326
679 0.0000006316
680 0.0000006307
681 0.0000006298
682 0.0000006288
683 0.0000006279
684 0.0000006270
685 0.0000006261
686 0.0000006251
687 0.0000006242
688 0.0000006233
689 0.0000006224
690 0.0000006215
691 0.0000006206
692 0.0000006197
693 0.0000006188
694 0.0000006179
695 0.0000006170
696 0.0000006161
697 0.0000006152
698 0.0000006144
699 0.0000006135
700 0.0000006126
701 0.0000006117
702 0.0000006108
703 0.0000006100
704 0.0000006091
705 0.0000006082
706 0.0000006074
707 0.0000006065
708 0.0000006056
709 0.0000006048
710 0.0000006039
711 0.0000006031
712 0.0000006022
713 0.0000006014
714 0.0000006005
715 0.0000005997
716 0.0000005989
717 0.0000005980
718 0.0000005972
719 0.0000005964
720 0.0000005955
721 0.0000005947
722 0.0000005939
723 0.0000005930
724 0.0000005922
725 0.0000005914
726 0.0000005906
727 0.0000005898
728 0.0000005890
729 0.0000005881
730 0.0000005873
731 0.0000005865
732 0.0000005857
733 0.0000005849
734 0.0000005841
735 0.0000005833
736 0.0000005825
737 0.0000005817
738 0.0000005810
739 0.0000005802
740 0.0000005794
741 0.0000005786
742 0.0000005778
743 0.0000005770
744 0.0000005763
745 0.0000005755
746 0.0000005747
747 0.0000005739
748 0.0000005732
749 0.0000005724
750 0.0000005716
751 0.0000005709
752 0.0000005701
753 0.0000005694
754 0.0000005686
755 0.0000005678
756 0.0000005671
757 0.0000005663
758 0.0000005656
759 0.0000005648
760 0.0000005641
761 0.0000005633
762 0.0000005626
763 0.0000005619
764 0.0000005611
765 0.0000005604
766 0.0000005597
767 0.0000005589
768 0.0000005582
769 0.0000005575
770 0.0000005568
771 0.0000005560
772 0.0000005553
773 0.0000005546
774 0.0000005539
775 0.0000005532
776 0.0000005524
777 0.0000005517
778 0.0000005510
779 0.0000005503
780 0.0000005496
781 0.0000005489
782 0.0000005482
783 0.0000005475
784 0.0000005468
785 0.0000005461
786 0.0000005454
787 0.0000005447
788 0.0000005440
789 0.0000005433
790 0.0000005426
791 0.0000005419
792 0.0000005413
793 0.0000005406
794 0.0000005399
795 0.0000005392
796 0.0000005385
797 0.0000005379
798 0.0000005372
799 0.0000005365
800 0.0000005358
801 0.0000005352
802 0.0000005345
803 0.0000005338
804 0.0000005332
805 0.0000005325
806 0.0000005318
807 0.0000005312
808 0.0000005305
809 0.0000005299
810 0.0000005292
811 0.0000005286
812 0.0000005279
813 0.0000005273
814 0.0000005266
815 0.0000005260
816 0.0000005253
817 0.0000005247
818 0.0000005240
819 0.0000005234
820 0.0000005227
821 0.0000005221
822 0.0000005215
823 0.0000005208
824 0.0000005202
825 0.0000005196
826 0.0000005189
827 0.0000005183
828 0.0000005177
829 0.0000005171
830 0.0000005164
831 0.0000005158
832 0.0000005152
833 0.0000005146
834 0.0000005140
835 0.0000005133
836 0.0000005127
837 0.0000005121
838 0.0000005115
839 0.0000005109
840 0.0000005103
841 0.0000005097
842 0.0000005091
843 0.0000005085
844 0.0000005079
845 0.0000005073
846 0.0000005067
847 0.0000005061
848 0.0000005055
849 0.0000005049
850 0.0000005043
851 0.0000005037
852 0.0000005031
853 0.0000005025
854 0.0000005019
855 0.0000005013
856 0.0000005007
857 0.0000005001
858 0.0000004996
859 0.0000004990
860 0.0000004984
861 0.0000004978
862 0.0000004972
863 0.0000004966
864 0.0000004961
865 0.0000004955
866 0.0000004949
867 0.0000004944
868 0.0000004938
869 0.0000004932
870 0.0000004926
871 0.0000004921
872 0.0000004915
873 0.0000004909
874 0.0000004904
875 0.0000004898
876 0.0000004893
877 0.0000004887
878 0.0000004881
879 0.0000004876
880 0.0000004870
881 0.0000004865
882 0.0000004859
883 0.0000004854
884 0.0000004848
885 0.0000004843
886 0.0000004837
887 0.0000004832
888 0.0000004826
889 0.0000004821
890 0.0000004816
891 0.0000004810
892 0.0000004805
893 0.0000004799
894 0.0000004794
895 0.0000004789
896 0.0000004783
897 0.0000004778
898 0.0000004773
899 0.0000004767
900 0.0000004762
901 0.0000004757
902 0.0000004751
903 0.0000004746
904 0.0000004741
905 0.0000004736
906 0.0000004730
907 0.0000004725
908 0.0000004720
909 0.0000004715
910 0.0000004710
911 0.0000004704
912 0.0000004699
913 0.0000004694
914 0.0000004689
915 0.0000004684
916 0.0000004679
917 0.0000004674
918 0.0000004668
919 0.0000004663
920 0.0000004658
921 0.0000004653
922 0.0000004648
923 0.0000004643
924 0.0000004638
925 0.0000004633
926 0.0000004628
927 0.0000004623
928 0.0000004618
929 0.0000004613
930 0.0000004608
931 0.0000004603
932 0.0000004598
933 0.0000004593
934 0.0000004588
935 0.0000004583
936 0.0000004578
937 0.0000004574
938 0.0000004569
939 0.0000004564
940 0.0000004559
941 0.0000004554
942 0.0000004549
943 0.0000004544
944 0.0000004540
945 0.0000004535
946 0.0000004530
947 0.0000004525
948 0.0000004520
949 0.0000004516
950 0.0000004511
951 0.0000004506
952 0.0000004501
953 0.0000004497
954 0.0000004492
955 0.0000004487
956 0.0000004482
957 0.0000004478
958 0.0000004473
959 0.0000004468
960 0.0000004464
961 0.0000004459
962 0.0000004454
963 0.0000004450
964 0.0000004445
965 0.0000004441
966 0.0000004436
967 0.0000004431
968 0.0000004427
969 0.0000004422
970 0.0000004418
971 0.0000004413
972 0.0000004409
973 0.0000004404
974 0.0000004399
975 0.0000004395
976 0.0000004390
977 0.0000004386
978 0.0000004381
979 0.0000004377
980 0.0000004372
981 0.0000004368
982 0.0000004364
983 0.0000004359
984 0.0000004355
985 0.0000004350
986 0.0000004346
987 0.0000004341
988 0.0000004337
989 0.0000004333
990 0.0000004328
991 0.0000004324
992 0.0000004319
993 0.0000004315
994 0.0000004311
995 0.0000004306
996 0.0000004302
997 0.0000004298
998 0.0000004293
999 0.0000004289
1000 0.0000004285
1001 0.0000004281
1002 0.0000004276
1003 0.0000004272
1004 0.0000004268
1005 0.0000004263
1006 0.0000004259
1007 0.0000004255
1008 0.0000004251
1009 0.0000004246
1010 0.0000004242
1011 0.0000004238
1012 0.0000004234
1013 0.0000004230
1014 0.0000004225
1015 0.0000004221
1016 0.0000004217
1017 0.0000004213
1018 0.0000004209
1019 0.0000004205
1020 0.0000004201
1021 0.0000004196
1022 0.0000004192
1023 0.0000004188
1024 0.0000004184
1025 0.0000004180
1026 0.0000004176
1027 0.0000004172
1028 0.0000004168
1029 0.0000004164
1030 0.0000004160
1031 0.0000004156
1032 0.0000004152
1033 0.0000004148
1034 0.0000004144
1035 0.0000004140
1036 0.0000004135
1037 0.0000004132
1038 0.0000004128
1039 0.0000004124
1040 0.0000004120
1041 0.0000004116
1042 0.0000004112
1043 0.0000004108
1044 0.0000004104
1045 0.0000004100
1046 0.0000004096
1047 0.0000004092
1048 0.0000004088
1049 0.0000004084
1050 0.0000004080
1051 0.0000004076
1052 0.0000004072
1053 0.0000004069
1054 0.0000004065
1055 0.0000004061
1056 0.0000004057
1057 0.0000004053
1058 0.0000004049
1059 0.0000004045
1060 0.0000004042
1061 0.0000004038
1062 0.0000004034
1063 0.0000004030
1064 0.0000004026
1065 0.0000004023
1066 0.0000004019
1067 0.0000004015
1068 0.0000004011
1069 0.0000004007
1070 0.0000004004
1071 0.0000004000
1072 0.0000003996
1073 0.0000003992
1074 0.0000003989
1075 0.0000003985
1076 0.0000003981
1077 0.0000003978
1078 0.0000003974
1079 0.0000003970
1080 0.0000003966
1081 0.0000003963
1082 0.0000003959
1083 0.0000003955
1084 0.0000003952
1085 0.0000003948
1086 0.0000003945
1087 0.0000003941
1088 0.0000003937
1089 0.0000003934
1090 0.0000003930
1091 0.0000003926
1092 0.0000003923
1093 0.0000003919
1094 0.0000003916
1095 0.0000003912
1096 0.0000003908
1097 0.0000003905
1098 0.0000003901
1099 0.0000003898
1100 0.0000003894
1101 0.0000003891
1102 0.0000003887
1103 0.0000003883
1104 0.0000003880
1105 0.0000003876
1106 0.0000003873
1107 0.0000003869
1108 0.0000003866
1109 0.0000003862
1110 0.0000003859
1111 0.0000003855
1112 0.0000003852
1113 0.0000003848
1114 0.0000003845
1115 0.0000003842
1116 0.0000003838
1117 0.0000003835
1118 0.0000003831
1119 0.0000003828
1120 0.0000003824
1121 0.0000003821
1122 0.0000003817
1123 0.0000003814
1124 0.0000003811
1125 0.0000003807
1126 0.0000003804
1127 0.0000003800
1128 0.0000003797
1129 0.0000003794
1130 0.0000003790
1131 0.0000003787
1132 0.0000003784
1133 0.0000003780
1134 0.0000003777
1135 0.0000003774
1136 0.0000003770
1137 0.0000003767
1138 0.0000003764
1139 0.0000003760
1140 0.0000003757
1141 0.0000003754
1142 0.0000003750
1143 0.0000003747
1144 0.0000003744
1145 0.0000003740
1146 0.0000003737
1147 0.0000003734
1148 0.0000003731
1149 0.0000003727
1150 0.0000003724
1151 0.0000003721
1152 0.0000003718
1153 0.0000003714
1154 0.0000003711
1155 0.0000003708
1156 0.0000003705
1157 0.0000003702
1158 0.0000003698
1159 0.0000003695
1160 0.0000003692
1161 0.0000003689
1162 0.0000003686
1163 0.0000003682
1164 0.0000003679
1165 0.0000003676
1166 0.0000003673
1167 0.0000003670
1168 0.0000003666
1169 0.0000003663
1170 0.0000003660
1171 0.0000003657
1172 0.0000003654
1173 0.0000003651
1174 0.0000003648
1175 0.0000003645
1176 0.0000003641
1177 0.0000003638
1178 0.0000003635
1179 0.0000003632
1180 0.0000003629
1181 0.0000003626
1182 0.0000003623
1183 0.0000003620
1184 0.0000003617
1185 0.0000003614
1186 0.0000003611
1187 0.0000003607
1188 0.0000003604
1189 0.0000003601
1190 0.0000003598
1191 0.0000003595
1192 0.0000003592
1193 0.0000003589
1194 0.0000003586
1195 0.0000003583
1196 0.0000003580
1197 0.0000003577
1198 0.0000003574
1199 0.0000003571
1200 0.0000003568
