0 316
0 0.9738668304
1 0.0069061944
2 0.0023408049
3 0.0014568579
4 0.0009689416
5 0.0007121398
6 0.0005625292
7 0.0004658415
8 0.0003987204
9 0.0003495916
10 0.0003120401
11 0.0002822932
12 0.0002580400
13 0.0002378086
14 0.0002206234
15 0.0002058126
16 0.0001928969
17 0.0001815235
18 0.0001714254
19 0.0001623961
20 0.0001542727
21 0.0001469244
22 0.0001402449
23 0.0001341465
24 0.0001285565
25 0.0001234139
26 0.0001186669
27 0.0001142715
28 0.0001101901
29 0.0001063902
30 0.0001028437
31 0.0000995259
32 0.0000964155
33 0.0000934937
34 0.0000907437
35 0.0000881508
36 0.0000857020
37 0.0000833855
38 0.0000811910
39 0.0000791090
40 0.0000771311
41 0.0000752497
42 0.0000734579
43 0.0000717494
44 0.0000701186
45 0.0000685603
46 0.0000670697
47 0.0000656425
48 0.0000642748
49 0.0000629629
50 0.0000617035
51 0.0000604935
52 0.0000593301
53 0.0000582105
54 0.0000571324
55 0.0000560935
56 0.0000550917
57 0.0000541250
58 0.0000531917
59 0.0000522900
60 0.0000514184
61 0.0000505754
62 0.0000497595
63 0.0000489696
64 0.0000482043
65 0.0000474626
66 0.0000467433
67 0.0000460456
68 0.0000453683
69 0.0000447107
70 0.0000440719
71 0.0000434510
72 0.0000428474
73 0.0000422604
74 0.0000416892
75 0.0000411332
76 0.0000405919
77 0.0000400646
78 0.0000395509
79 0.0000390501
80 0.0000385619
81 0.0000380857
82 0.0000376211
83 0.0000371678
84 0.0000367252
85 0.0000362931
86 0.0000358709
87 0.0000354585
88 0.0000350555
89 0.0000346615
90 0.0000342763
91 0.0000338995
92 0.0000335310
93 0.0000331703
94 0.0000328174
95 0.0000324718
96 0.0000321335
97 0.0000318021
98 0.0000314775
99 0.0000311595
100 0.0000308478
101 0.0000305423
102 0.0000302428
103 0.0000299490
104 0.0000296610
105 0.0000293784
106 0.0000291012
107 0.0000288291
108 0.0000285621
109 0.0000283000
110 0.0000280426
111 0.0000277899
112 0.0000275417
113 0.0000272978
114 0.0000270583
115 0.0000268229
116 0.0000265916
117 0.0000263643
118 0.0000261407
119 0.0000259210
120 0.0000257049
121 0.0000254924
122 0.0000252833
123 0.0000250777
124 0.0000248754
125 0.0000246763
126 0.0000244804
127 0.0000242875
128 0.0000240977
129 0.0000239108
130 0.0000237268
131 0.0000235456
132 0.0000233671
133 0.0000231914
134 0.0000230182
135 0.0000228476
136 0.0000226795
137 0.0000225139
138 0.0000223507
139 0.0000221898
140 0.0000220312
141 0.0000218749
142 0.0000217208
143 0.0000215688
144 0.0000214189
145 0.0000212711
146 0.0000211254
147 0.0000209816
148 0.0000208397
149 0.0000206998
150 0.0000205617
151 0.0000204254
152 0.0000202910
153 0.0000201583
154 0.0000200273
155 0.0000198980
156 0.0000197704
157 0.0000196444
158 0.0000195199
159 0.0000193971
160 0.0000192758
161 0.0000191560
162 0.0000190377
163 0.0000189208
164 0.0000188053
165 0.0000186913
166 0.0000185786
167 0.0000184673
168 0.0000183573
169 0.0000182486
170 0.0000181411
171 0.0000180350
172 0.0000179300
173 0.0000178263
174 0.0000177238
175 0.0000176224
176 0.0000175222
177 0.0000174231
178 0.0000173251
179 0.0000172283
180 0.0000171325
181 0.0000170378
182 0.0000169441
183 0.0000168514
184 0.0000167597
185 0.0000166690
186 0.0000165793
187 0.0000164906
188 0.0000164028
189 0.0000163159
190 0.0000162300
191 0.0000161449
192 0.0000160607
193 0.0000159774
194 0.0000158950
195 0.0000158134
196 0.0000157326
197 0.0000156527
198 0.0000155735
199 0.0000154952
200 0.0000154176
201 0.0000153408
202 0.0000152648
203 0.0000151895
204 0.0000151150
205 0.0000150412
206 0.0000149681
207 0.0000148957
208 0.0000148240
209 0.0000147529
210 0.0000146826
211 0.0000146129
212 0.0000145439
213 0.0000144755
214 0.0000144078
215 0.0000143407
216 0.0000142742
217 0.0000142083
218 0.0000141431
219 0.0000140784
220 0.0000140143
221 0.0000139508
222 0.0000138879
223 0.0000138255
224 0.0000137637
225 0.0000137024
226 0.0000136417
227 0.0000135815
228 0.0000135219
229 0.0000134627
230 0.0000134041
231 0.0000133460
232 0.0000132883
233 0.0000132312
234 0.0000131746
235 0.0000131184
236 0.0000130627
237 0.0000130075
238 0.0000129528
239 0.0000128985
240 0.0000128446
241 0.0000127912
242 0.0000127383
243 0.0000126857
244 0.0000126337
245 0.0000125820
246 0.0000125307
247 0.0000124799
248 0.0000124295
249 0.0000123795
250 0.0000123298
251 0.0000122806
252 0.0000122318
253 0.0000121833
254 0.0000121352
255 0.0000120875
256 0.0000120402
257 0.0000119933
258 0.0000119467
259 0.0000119004
260 0.0000118545
261 0.0000118090
262 0.0000117638
263 0.0000117190
264 0.0000116745
265 0.0000116303
266 0.0000115865
267 0.0000115429
268 0.0000114998
269 0.0000114569
270 0.0000114143
271 0.0000113721
272 0.0000113302
273 0.0000112885
274 0.0000112472
275 0.0000112062
276 0.0000111655
277 0.0000111250
278 0.0000110849
279 0.0000110451
280 0.0000110055
281 0.0000109662
282 0.0000109272
283 0.0000108884
284 0.0000108500
285 0.0000108117
286 0.0000107738
287 0.0000107361
288 0.0000106987
289 0.0000106616
290 0.0000106247
291 0.0000105880
292 0.0000105516
293 0.0000105155
294 0.0000104796
295 0.0000104439
296 0.0000104085
297 0.0000103733
298 0.0000103383
299 0.0000103036
300 0.0000102691
301 0.0000102348
302 0.0000102008
303 0.0000101670
304 0.0000101334
305 0.0000101000
306 0.0000100668
307 0.0000100339
308 0.0000100011
309 0.0000099686
310 0.0000099363
311 0.0000099042
312 0.0000098722
313 0.0000098405
314 0.0000098090
315 0.0000097777
316 0.0000097466
