1 1200
0 0.9726781206
1 0.0063577326
2 0.0026645372
3 0.0018546816
4 0.0013649261
5 0.0010745144
6 0.0008839602
7 0.0007480606
8 0.0006460739
9 0.0005668124
10 0.0005035065
11 0.0004518087
12 0.0004088123
13 0.0003725060
14 0.0003414545
15 0.0003146061
16 0.0002911719
17 0.0002705488
18 0.0002522674
19 0.0002359574
20 0.0002213225
21 0.0002081227
22 0.0001961618
23 0.0001852776
24 0.0001753350
25 0.0001662206
26 0.0001578383
27 0.0001501063
28 0.0001429545
29 0.0001363226
30 0.0001301582
31 0.0001244156
32 0.0001190549
33 0.0001140412
34 0.0001093434
35 0.0001049342
36 0.0001007893
37 0.0000968869
38 0.0000932076
39 0.0000897340
40 0.0000864505
41 0.0000833428
42 0.0000803982
43 0.0000776051
44 0.0000749529
45 0.0000724321
46 0.0000700339
47 0.0000677502
48 0.0000655737
49 0.0000634977
50 0.0000615160
51 0.0000596229
52 0.0000578130
53 0.0000560816
54 0.0000544240
55 0.0000528362
56 0.0000513143
57 0.0000498546
58 0.0000484538
59 0.0000471088
60 0.0000458166
61 0.0000445746
62 0.0000433802
63 0.0000422310
64 0.0000411249
65 0.0000400596
66 0.0000390332
67 0.0000380440
68 0.0000370901
69 0.0000361699
70 0.0000352820
71 0.0000344247
72 0.0000335969
73 0.0000327971
74 0.0000320242
75 0.0000312770
76 0.0000305544
77 0.0000298554
78 0.0000291790
79 0.0000285243
80 0.0000278903
81 0.0000272764
82 0.0000266815
83 0.0000261051
84 0.0000255464
85 0.0000250046
86 0.0000244792
87 0.0000239695
88 0.0000234750
89 0.0000229950
90 0.0000225291
91 0.0000220766
92 0.0000216372
93 0.0000212104
94 0.0000207956
95 0.0000203926
96 0.0000200008
97 0.0000196198
98 0.0000192494
99 0.0000188891
100 0.0000185387
101 0.0000181976
102 0.0000178658
103 0.0000175427
104 0.0000172282
105 0.0000169220
106 0.0000166238
107 0.0000163333
108 0.0000160503
109 0.0000157746
110 0.0000155059
111 0.0000152440
112 0.0000149886
113 0.0000147397
114 0.0000144970
115 0.0000142602
116 0.0000140293
117 0.0000138040
118 0.0000135842
119 0.0000133697
120 0.0000131603
121 0.0000129559
122 0.0000127564
123 0.0000125616
124 0.0000123714
125 0.0000121856
126 0.0000120041
127 0.0000118268
128 0.0000116535
129 0.0000114843
130 0.0000113188
131 0.0000111571
132 0.0000109990
133 0.0000108445
134 0.0000106934
135 0.0000105456
136 0.0000104011
137 0.0000102598
138 0.0000101215
139 0.0000099862
140 0.0000098538
141 0.0000097243
142 0.0000095975
143 0.0000094734
144 0.0000093520
145 0.0000092330
146 0.0000091166
147 0.0000090026
148 0.0000088909
149 0.0000087816
150 0.0000086744
151 0.0000085695
152 0.0000084667
153 0.0000083659
154 0.0000082672
155 0.0000081704
156 0.0000080756
157 0.0000079826
158 0.0000078915
159 0.0000078021
160 0.0000077145
161 0.0000076286
162 0.0000075443
163 0.0000074617
164 0.0000073806
165 0.0000073011
166 0.0000072230
167 0.0000071465
168 0.0000070714
169 0.0000069976
170 0.0000069253
171 0.0000068542
172 0.0000067845
173 0.0000067160
174 0.0000066488
175 0.0000065828
176 0.0000065180
177 0.0000064543
178 0.0000063918
179 0.0000063304
180 0.0000062700
181 0.0000062108
182 0.0000061525
183 0.0000060953
184 0.0000060390
185 0.0000059837
186 0.0000059294
187 0.0000058760
188 0.0000058235
189 0.0000057719
190 0.0000057211
191 0.0000056712
192 0.0000056221
193 0.0000055738
194 0.0000055264
195 0.0000054797
196 0.0000054337
197 0.0000053885
198 0.0000053440
199 0.0000053003
200 0.0000052572
201 0.0000052148
202 0.0000051731
203 0.0000051320
204 0.0000050916
205 0.0000050518
206 0.0000050126
207 0.0000049740
208 0.0000049360
209 0.0000048986
210 0.0000048618
211 0.0000048255
212 0.0000047897
213 0.0000047545
214 0.0000047198
215 0.0000046856
216 0.0000046519
217 0.0000046187
218 0.0000045860
219 0.0000045538
220 0.0000045220
221 0.0000044907
222 0.0000044598
223 0.0000044293
224 0.0000043993
225 0.0000043697
226 0.0000043405
227 0.0000043117
228 0.0000042834
229 0.0000042554
230 0.0000042277
231 0.0000042005
232 0.0000041736
233 0.0000041471
234 0.0000041209
235 0.0000040951
236 0.0000040696
237 0.0000040444
238 0.0000040196
239 0.0000039951
240 0.0000039709
241 0.0000039470
242 0.0000039235
243 0.0000039002
244 0.0000038772
245 0.0000038545
246 0.0000038321
247 0.0000038100
248 0.0000037881
249 0.0000037665
250 0.0000037452
251 0.0000037241
252 0.0000037033
253 0.0000036827
254 0.0000036624
255 0.0000036423
256 0.0000036225
257 0.0000036029
258 0.0000035835
259 0.0000035643
260 0.0000035454
261 0.0000035266
262 0.0000035081
263 0.0000034898
264 0.0000034717
265 0.0000034538
266 0.0000034361
267 0.0000034187
268 0.0000034013
269 0.0000033842
270 0.0000033673
271 0.0000033506
272 0.0000033340
273 0.0000033176
274 0.0000033014
275 0.0000032854
276 0.0000032695
277 0.0000032538
278 0.0000032382
279 0.0000032228
280 0.0000032076
281 0.0000031926
282 0.0000031776
283 0.0000031629
284 0.0000031483
285 0.0000031338
286 0.0000031195
287 0.0000031053
288 0.0000030913
289 0.0000030773
290 0.0000030636
291 0.0000030499
292 0.0000030364
293 0.0000030231
294 0.0000030098
295 0.0000029967
296 0.0000029837
297 0.0000029708
298 0.0000029581
299 0.0000029454
300 0.0000029329
301 0.0000029205
302 0.0000029082
303 0.0000028960
304 0.0000028839
305 0.0000028720
306 0.0000028601
307 0.0000028484
308 0.0000028367
309 0.0000028252
310 0.0000028137
311 0.0000028024
312 0.0000027911
313 0.0000027800
314 0.0000027689
315 0.0000027580
316 0.0000027471
317 0.0000027363
318 0.0000027256
319 0.0000027150
320 0.0000027045
321 0.0000026941
322 0.0000026837
323 0.0000026735
324 0.0000026633
325 0.0000026532
326 0.0000026432
327 0.0000026333
328 0.0000026234
329 0.0000026137
330 0.0000026040
331 0.0000025943
332 0.0000025848
333 0.0000025753
334 0.0000025659
335 0.0000025566
336 0.0000025473
337 0.0000025381
338 0.0000025290
339 0.0000025200
340 0.0000025110
341 0.0000025021
342 0.0000024932
343 0.0000024845
344 0.0000024757
345 0.0000024671
346 0.0000024585
347 0.0000024500
348 0.0000024415
349 0.0000024331
350 0.0000024247
351 0.0000024164
352 0.0000024082
353 0.0000024000
354 0.0000023919
355 0.0000023839
356 0.0000023759
357 0.0000023679
358 0.0000023600
359 0.0000023522
360 0.0000023444
361 0.0000023367
362 0.0000023290
363 0.0000023213
364 0.0000023138
365 0.0000023062
366 0.0000022987
367 0.0000022913
368 0.0000022839
369 0.0000022766
370 0.0000022693
371 0.0000022621
372 0.0000022549
373 0.0000022477
374 0.0000022406
375 0.0000022336
376 0.0000022265
377 0.0000022196
378 0.0000022127
379 0.0000022058
380 0.0000021989
381 0.0000021921
382 0.0000021854
383 0.0000021787
384 0.0000021720
385 0.0000021654
386 0.0000021588
387 0.0000021522
388 0.0000021457
389 0.0000021392
390 0.0000021328
391 0.0000021264
392 0.0000021200
393 0.0000021137
394 0.0000021074
395 0.0000021012
396 0.0000020950
397 0.0000020888
398 0.0000020827
399 0.0000020765
400 0.0000020705
401 0.0000020644
402 0.0000020584
403 0.0000020525
404 0.0000020465
405 0.0000020406
406 0.0000020348
407 0.0000020289
408 0.0000020231
409 0.0000020174
410 0.0000020116
411 0.0000020059
412 0.0000020002
413 0.0000019946
414 0.0000019890
415 0.0000019834
416 0.0000019779
417 0.0000019723
418 0.0000019668
419 0.0000019614
420 0.0000019559
421 0.0000019505
422 0.0000019451
423 0.0000019398
424 0.0000019345
425 0.0000019292
426 0.0000019239
427 0.0000019187
428 0.0000019135
429 0.0000019083
430 0.0000019031
431 0.0000018980
432 0.0000018929
433 0.0000018878
434 0.0000018827
435 0.0000018777
436 0.0000018727
437 0.0000018677
438 0.0000018628
439 0.0000018579
440 0.0000018530
441 0.0000018481
442 0.0000018432
443 0.0000018384
444 0.0000018336
445 0.0000018288
446 0.0000018240
447 0.0000018193
448 0.0000018146
449 0.0000018099
450 0.0000018052
451 0.0000018006
452 0.0000017960
453 0.0000017914
454 0.0000017868
455 0.0000017822
456 0.0000017777
457 0.0000017732
458 0.0000017687
459 0.0000017642
460 0.0000017597
461 0.0000017553
462 0.0000017509
463 0.0000017465
464 0.0000017421
465 0.0000017378
466 0.0000017335
467 0.0000017292
468 0.0000017249
469 0.0000017206
470 0.0000017163
471 0.0000017121
472 0.0000017079
473 0.0000017037
474 0.0000016995
475 0.0000016954
476 0.0000016912
477 0.0000016871
478 0.0000016830
479 0.0000016789
480 0.0000016749
481 0.0000016708
482 0.0000016668
483 0.0000016628
484 0.0000016588
485 0.0000016548
486 0.0000016509
487 0.0000016469
488 0.0000016430
489 0.0000016391
490 0.0000016352
491 0.0000016313
492 0.0000016275
493 0.0000016236
494 0.0000016198
495 0.0000016160
496 0.0000016122
497 0.0000016085
498 0.0000016047
499 0.0000016009
500 0.0000015972
501 0.0000015935
502 0.0000015898
503 0.0000015861
504 0.0000015825
505 0.0000015788
506 0.0000015752
507 0.0000015716
508 0.0000015680
509 0.0000015644
510 0.0000015608
511 0.0000015572
512 0.0000015537
513 0.0000015502
514 0.0000015467
515 0.0000015432
516 0.0000015397
517 0.0000015362
518 0.0000015327
519 0.0000015293
520 0.0000015259
521 0.0000015225
522 0.0000015190
523 0.0000015157
524 0.0000015123
525 0.0000015089
526 0.0000015056
527 0.0000015022
528 0.0000014989
529 0.0000014956
530 0.0000014923
531 0.0000014890
532 0.0000014858
533 0.0000014825
534 0.0000014792
535 0.0000014760
536 0.0000014728
537 0.0000014696
538 0.0000014664
539 0.0000014632
540 0.0000014600
541 0.0000014569
542 0.0000014537
543 0.0000014506
544 0.0000014475
545 0.0000014444
546 0.0000014413
547 0.0000014382
548 0.0000014351
549 0.0000014320
550 0.0000014290
551 0.0000014260
552 0.0000014229
553 0.0000014199
554 0.0000014169
555 0.0000014139
556 0.0000014109
557 0.0000014080
558 0.0000014050
559 0.0000014021
560 0.0000013991
561 0.0000013962
562 0.0000013933
563 0.0000013904
564 0.0000013875
565 0.0000013846
566 0.0000013817
567 0.0000013788
568 0.0000013760
569 0.0000013732
570 0.0000013703
571 0.0000013675
572 0.0000013647
573 0.0000013619
574 0.0000013591
575 0.0000013563
576 0.0000013535
577 0.0000013508
578 0.0000013480
579 0.0000013453
580 0.0000013426
581 0.0000013398
582 0.0000013371
583 0.0000013344
584 0.0000013317
585 0.0000013290
586 0.0000013264
587 0.0000013237
588 0.0000013211
589 0.0000013184
590 0.0000013158
591 0.0000013131
592 0.0000013105
593 0.0000013079
594 0.0000013053
595 0.0000013027
596 0.0000013001
597 0.0000012976
598 0.0000012950
599 0.0000012925
600 0.0000012899
601 0.0000012874
602 0.0000012848
603 0.0000012823
604 0.0000012798
605 0.0000012773
606 0.0000012748
607 0.0000012723
608 0.0000012699
609 0.0000012674
610 0.0000012649
611 0.0000012625
612 0.0000012600
613 0.0000012576
614 0.0000012552
615 0.0000012528
616 0.0000012503
617 0.0000012479
618 0.0000012455
619 0.0000012432
620 0.0000012408
621 0.0000012384
622 0.0000012361
623 0.0000012337
624 0.0000012314
625 0.0000012290
626 0.0000012267
627 0.0000012244
628 0.0000012220
629 0.0000012197
630 0.0000012174
631 0.0000012151
632 0.0000012129
633 0.0000012106
634 0.0000012083
635 0.0000012060
636 0.0000012038
637 0.0000012015
638 0.0000011993
639 0.0000011971
640 0.0000011948
641 0.0000011926
642 0.0000011904
643 0.0000011882
644 0.0000011860
645 0.0000011838
646 0.0000011816
647 0.0000011795
648 0.0000011773
649 0.0000011751
650 0.0000011730
651 0.0000011708
652 0.0000011687
653 0.0000011665
654 0.0000011644
655 0.0000011623
656 0.0000011602
657 0.0000011581
658 0.0000011560
659 0.0000011539
660 0.0000011518
661 0.0000011497
662 0.0000011476
663 0.0000011456
664 0.0000011435
665 0.0000011414
666 0.0000011394
667 0.0000011373
668 0.0000011353
669 0.0000011333
670 0.0000011313
671 0.0000011292
672 0.0000011272
673 0.0000011252
674 0.0000011232
675 0.0000011212
676 0.0000011192
677 0.0000011173
678 0.0000011153
679 0.0000011133
680 0.0000011113
681 0.0000011094
682 0.0000011074
683 0.0000011055
684 0.0000011036
685 0.0000011016
686 0.0000010997
687 0.0000010978
688 0.0000010959
689 0.0000010939
690 0.0000010920
691 0.0000010901
692 0.0000010882
693 0.0000010864
694 0.0000010845
695 0.0000010826
696 0.0000010807
697 0.0000010789
698 0.0000010770
699 0.0000010752
700 0.0000010733
701 0.0000010715
702 0.0000010696
703 0.0000010678
704 0.0000010660
705 0.0000010641
706 0.0000010623
707 0.0000010605
708 0.0000010587
709 0.0000010569
710 0.0000010551
711 0.0000010533
712 0.0000010515
713 0.0000010498
714 0.0000010480
715 0.0000010462
716 0.0000010445
717 0.0000010427
718 0.0000010410
719 0.0000010392
720 0.0000010375
721 0.0000010357
722 0.0000010340
723 0.0000010323
724 0.0000010305
725 0.0000010288
726 0.0000010271
727 0.0000010254
728 0.0000010237
729 0.0000010220
730 0.0000010203
731 0.0000010186
732 0.0000010169
733 0.0000010153
734 0.0000010136
735 0.0000010119
736 0.0000010102
737 0.0000010086
738 0.0000010069
739 0.0000010053
740 0.0000010036
741 0.0000010020
742 0.0000010003
743 0.0000009987
744 0.0000009971
745 0.0000009955
746 0.0000009938
747 0.0000009922
748 0.0000009906
749 0.0000009890
750 0.0000009874
751 0.0000009858
752 0.0000009842
753 0.0000009826
754 0.0000009811
755 0.0000009795
756 0.0000009779
757 0.0000009763
758 0.0000009748
759 0.0000009732
760 0.0000009716
761 0.0000009701
762 0.0000009685
763 0.0000009670
764 0.0000009655
765 0.0000009639
766 0.0000009624
767 0.0000009609
768 0.0000009593
769 0.0000009578
770 0.0000009563
771 0.0000009548
772 0.0000009533
773 0.0000009518
774 0.0000009503
775 0.0000009488
776 0.0000009473
777 0.0000009458
778 0.0000009443
779 0.0000009428
780 0.0000009414
781 0.0000009399
782 0.0000009384
783 0.0000009370
784 0.0000009355
785 0.0000009340
786 0.0000009326
787 0.0000009311
788 0.0000009297
789 0.0000009283
790 0.0000009268
791 0.0000009254
792 0.0000009240
793 0.0000009225
794 0.0000009211
795 0.0000009197
796 0.0000009183
797 0.0000009169
798 0.0000009155
799 0.0000009141
800 0.0000009127
801 0.0000009113
802 0.0000009099
803 0.0000009085
804 0.0000009071
805 0.0000009057
806 0.0000009043
807 0.0000009030
808 0.0000009016
809 0.0000009002
810 0.0000008989
811 0.0000008975
812 0.0000008961
813 0.0000008948
814 0.0000008934
815 0.0000008921
816 0.0000008907
817 0.0000008894
818 0.0000008881
819 0.0000008867
820 0.0000008854
821 0.0000008841
822 0.0000008828
823 0.0000008814
824 0.0000008801
825 0.0000008788
826 0.0000008775
827 0.0000008762
828 0.0000008749
829 0.0000008736
830 0.0000008723
831 0.0000008710
832 0.0000008697
833 0.0000008684
834 0.0000008671
835 0.0000008659
836 0.0000008646
837 0.0000008633
838 0.0000008620
839 0.0000008608
840 0.0000008595
841 0.0000008582
842 0.0000008570
843 0.0000008557
844 0.0000008545
845 0.0000008532
846 0.0000008520
847 0.0000008507
848 0.0000008495
849 0.0000008483
850 0.0000008470
851 0.0000008458
852 0.0000008446
853 0.0000008433
854 0.0000008421
855 0.0000008409
856 0.0000008397
857 0.0000008385
858 0.0000008373
859 0.0000008361
860 0.0000008348
861 0.0000008336
862 0.0000008325
863 0.0000008313
864 0.0000008301
865 0.0000008289
866 0.0000008277
867 0.0000008265
868 0.0000008253
869 0.0000008241
870 0.0000008230
871 0.0000008218
872 0.0000008206
873 0.0000008195
874 0.0000008183
875 0.0000008171
876 0.0000008160
877 0.0000008148
878 0.0000008137
879 0.0000008125
880 0.0000008114
881 0.0000008102
882 0.0000008091
883 0.0000008079
884 0.0000008068
885 0.0000008057
886 0.0000008045
887 0.0000008034
888 0.0000008023
889 0.0000008011
890 0.0000008000
891 0.0000007989
892 0.0000007978
893 0.0000007967
894 0.0000007956
895 0.0000007945
896 0.0000007933
897 0.0000007922
898 0.0000007911
899 0.0000007900
900 0.0000007889
901 0.0000007879
902 0.0000007868
903 0.0000007857
904 0.0000007846
905 0.0000007835
906 0.0000007824
907 0.0000007813
908 0.0000007803
909 0.0000007792
910 0.0000007781
911 0.0000007771
912 0.0000007760
913 0.0000007749
914 0.0000007739
915 0.0000007728
916 0.0000007717
917 0.0000007707
918 0.0000007696
919 0.0000007686
920 0.0000007675
921 0.0000007665
922 0.0000007655
923 0.0000007644
924 0.0000007634
925 0.0000007623
926 0.0000007613
927 0.0000007603
928 0.0000007593
929 0.0000007582
930 0.0000007572
931 0.0000007562
932 0.0000007552
933 0.0000007541
934 0.0000007531
935 0.0000007521
936 0.0000007511
937 0.0000007501
938 0.0000007491
939 0.0000007481
940 0.0000007471
941 0.0000007461
942 0.0000007451
943 0.0000007441
944 0.0000007431
945 0.0000007421
946 0.0000007411
947 0.0000007401
948 0.0000007391
949 0.0000007382
950 0.0000007372
951 0.0000007362
952 0.0000007352
953 0.0000007342
954 0.0000007333
955 0.0000007323
956 0.0000007313
957 0.0000007304
958 0.0000007294
959 0.0000007284
960 0.0000007275
961 0.0000007265
962 0.0000007256
963 0.0000007246
964 0.0000007237
965 0.0000007227
966 0.0000007218
967 0.0000007208
968 0.0000007199
969 0.0000007189
970 0.0000007180
971 0.0000007171
972 0.0000007161
973 0.0000007152
974 0.0000007143
975 0.0000007133
976 0.0000007124
977 0.0000007115
978 0.0000007105
979 0.0000007096
980 0.0000007087
981 0.0000007078
982 0.0000007069
983 0.0000007060
984 0.0000007050
985 0.0000007041
986 0.0000007032
987 0.0000007023
988 0.0000007014
989 0.0000007005
990 0.0000006996
991 0.0000006987
992 0.0000006978
993 0.0000006969
994 0.0000006960
995 0.0000006951
996 0.0000006942
997 0.0000006933
998 0.0000006925
999 0.0000006916
1000 0.0000006907
1001 0.0000006898
1002 0.0000006889
1003 0.0000006880
1004 0.0000006872
1005 0.0000006863
1006 0.0000006854
1007 0.0000006845
1008 0.0000006837
1009 0.0000006828
1010 0.0000006819
1011 0.0000006811
1012 0.0000006802
1013 0.0000006793
1014 0.0000006785
1015 0.0000006776
1016 0.0000006768
1017 0.0000006759
1018 0.0000006751
1019 0.0000006742
1020 0.0000006734
1021 0.0000006725
1022 0.0000006717
1023 0.0000006708
1024 0.0000006700
1025 0.0000006691
1026 0.0000006683
1027 0.0000006675
1028 0.0000006666
1029 0.0000006658
1030 0.0000006649
1031 0.0000006641
1032 0.0000006633
1033 0.0000006625
1034 0.0000006616
1035 0.0000006608
1036 0.0000006600
1037 0.0000006592
1038 0.0000006583
1039 0.0000006575
1040 0.0000006567
1041 0.0000006559
1042 0.0000006551
1043 0.0000006542
1044 0.0000006534
1045 0.0000006526
1046 0.0000006518
1047 0.0000006510
1048 0.0000006502
1049 0.0000006494
1050 0.0000006486
1051 0.0000006478
1052 0.0000006470
1053 0.0000006462
1054 0.0000006454
1055 0.0000006446
1056 0.0000006438
1057 0.0000006430
1058 0.0000006422
1059 0.0000006414
1060 0.0000006406
1061 0.0000006398
1062 0.0000006390
1063 0.0000006383
1064 0.0000006375
1065 0.0000006367
1066 0.0000006359
1067 0.0000006351
1068 0.0000006343
1069 0.0000006336
1070 0.0000006328
1071 0.0000006320
1072 0.0000006312
1073 0.0000006305
1074 0.0000006297
1075 0.0000006289
1076 0.0000006282
1077 0.0000006274
1078 0.0000006266
1079 0.0000006259
1080 0.0000006251
1081 0.0000006243
1082 0.0000006236
1083 0.0000006228
1084 0.0000006221
1085 0.0000006213
1086 0.0000006205
1087 0.0000006198
1088 0.0000006190
1089 0.0000006183
1090 0.0000006175
1091 0.0000006168
1092 0.0000006160
1093 0.0000006153
1094 0.0000006145
1095 0.0000006138
1096 0.0000006130
1097 0.0000006123
1098 0.0000006115
1099 0.0000006108
1100 0.0000006101
1101 0.0000006093
1102 0.0000006086
1103 0.0000006078
1104 0.0000006071
1105 0.0000006064
1106 0.0000006056
1107 0.0000006049
1108 0.0000006042
1109 0.0000006034
1110 0.0000006027
1111 0.0000006020
1112 0.0000006012
1113 0.0000006005
1114 0.0000005998
1115 0.0000005990
1116 0.0000005983
1117 0.0000005976
1118 0.0000005969
1119 0.0000005961
1120 0.0000005954
1121 0.0000005947
1122 0.0000005940
1123 0.0000005933
1124 0.0000005925
1125 0.0000005918
1126 0.0000005911
1127 0.0000005904
1128 0.0000005897
1129 0.0000005889
1130 0.0000005882
1131 0.0000005875
1132 0.0000005868
1133 0.0000005861
1134 0.0000005854
1135 0.0000005846
1136 0.0000005839
1137 0.0000005832
1138 0.0000005825
1139 0.0000005818
1140 0.0000005811
1141 0.0000005804
1142 0.0000005797
1143 0.0000005789
1144 0.0000005782
1145 0.0000005775
1146 0.0000005768
1147 0.0000005761
1148 0.0000005754
1149 0.0000005747
1150 0.0000005739
1151 0.0000005732
1152 0.0000005725
1153 0.0000005718
1154 0.0000005711
1155 0.0000005704
1156 0.0000005696
1157 0.0000005689
1158 0.0000005682
1159 0.0000005675
1160 0.0000005668
1161 0.0000005660
1162 0.0000005653
1163 0.0000005646
1164 0.0000005638
1165 0.0000005631
1166 0.0000005623
1167 0.0000005616
1168 0.0000005609
1169 0.0000005601
1170 0.0000005593
1171 0.0000005586
1172 0.0000005578
1173 0.0000005570
1174 0.0000005562
1175 0.0000005554
1176 0.0000005546
1177 0.0000005538
1178 0.0000005530
1179 0.0000005521
1180 0.0000005512
1181 0.0000005503
1182 0.0000005494
1183 0.0000005485
1184 0.0000005475
1185 0.0000005465
1186 0.0000005454
1187 0.0000005442
1188 0.0000005430
1189 0.0000005416
1190 0.0000005402
1191 0.0000005385
1192 0.0000005366
1193 0.0000005343
1194 0.0000005315
1195 0.0000005278
1196 0.0000005226
1197 0.0000005147
1198 0.0000004987
1199 0.0000004445
1200 0.0000000000
