0 818
0 0.9813069241
1 0.0056142244
2 0.0022160565
3 0.0014771489
4 0.0010347607
5 0.0007759429
6 0.0006089862
7 0.0004921588
8 0.0004062936
9 0.0003410602
10 0.0002902148
11 0.0002497524
12 0.0002170001
13 0.0001901128
14 0.0001677774
15 0.0001490354
16 0.0001331708
17 0.0001196391
18 0.0001080188
19 0.0000979797
20 0.0000892591
21 0.0000816466
22 0.0000749711
23 0.0000690929
24 0.0000638968
25 0.0000592871
26 0.0000551836
27 0.0000515191
28 0.0000482368
29 0.0000452882
30 0.0000426321
31 0.0000402332
32 0.0000380610
33 0.0000360892
34 0.0000342950
35 0.0000326587
36 0.0000311629
37 0.0000297925
38 0.0000285344
39 0.0000273768
40 0.0000263096
41 0.0000253236
42 0.0000244109
43 0.0000235643
44 0.0000227776
45 0.0000220451
46 0.0000213619
47 0.0000207235
48 0.0000201258
49 0.0000195653
50 0.0000190389
51 0.0000185435
52 0.0000180767
53 0.0000176360
54 0.0000172194
55 0.0000168250
56 0.0000164509
57 0.0000160958
58 0.0000157581
59 0.0000154365
60 0.0000151299
61 0.0000148372
62 0.0000145575
63 0.0000142898
64 0.0000140334
65 0.0000137875
66 0.0000135514
67 0.0000133245
68 0.0000131062
69 0.0000128960
70 0.0000126934
71 0.0000124979
72 0.0000123093
73 0.0000121269
74 0.0000119506
75 0.0000117800
76 0.0000116148
77 0.0000114547
78 0.0000112994
79 0.0000111487
80 0.0000110024
81 0.0000108603
82 0.0000107221
83 0.0000105878
84 0.0000104570
85 0.0000103297
86 0.0000102057
87 0.0000100849
88 0.0000099671
89 0.0000098522
90 0.0000097400
91 0.0000096306
92 0.0000095237
93 0.0000094193
94 0.0000093173
95 0.0000092176
96 0.0000091201
97 0.0000090247
98 0.0000089314
99 0.0000088401
100 0.0000087507
101 0.0000086631
102 0.0000085773
103 0.0000084933
104 0.0000084109
105 0.0000083302
106 0.0000082510
107 0.0000081734
108 0.0000080972
109 0.0000080225
110 0.0000079492
111 0.0000078772
112 0.0000078065
113 0.0000077372
114 0.0000076690
115 0.0000076021
116 0.0000075363
117 0.0000074717
118 0.0000074082
119 0.0000073458
120 0.0000072844
121 0.0000072241
122 0.0000071647
123 0.0000071064
124 0.0000070489
125 0.0000069925
126 0.0000069369
127 0.0000068822
128 0.0000068283
129 0.0000067753
130 0.0000067231
131 0.0000066718
132 0.0000066212
133 0.0000065713
134 0.0000065222
135 0.0000064739
136 0.0000064262
137 0.0000063793
138 0.0000063330
139 0.0000062875
140 0.0000062425
141 0.0000061982
142 0.0000061545
143 0.0000061115
144 0.0000060690
145 0.0000060271
146 0.0000059858
147 0.0000059451
148 0.0000059049
149 0.0000058653
150 0.0000058262
151 0.0000057876
152 0.0000057495
153 0.0000057119
154 0.0000056748
155 0.0000056382
156 0.0000056020
157 0.0000055663
158 0.0000055311
159 0.0000054963
160 0.0000054619
161 0.0000054280
162 0.0000053945
163 0.0000053614
164 0.0000053287
165 0.0000052964
166 0.0000052645
167 0.0000052329
168 0.0000052018
169 0.0000051710
170 0.0000051406
171 0.0000051105
172 0.0000050808
173 0.0000050514
174 0.0000050224
175 0.0000049937
176 0.0000049653
177 0.0000049372
178 0.0000049095
179 0.0000048821
180 0.0000048549
181 0.0000048281
182 0.0000048016
183 0.0000047753
184 0.0000047494
185 0.0000047237
186 0.0000046983
187 0.0000046732
188 0.0000046483
189 0.0000046237
190 0.0000045994
191 0.0000045753
192 0.0000045514
193 0.0000045278
194 0.0000045045
195 0.0000044814
196 0.0000044585
197 0.0000044359
198 0.0000044135
199 0.0000043913
200 0.0000043693
201 0.0000043476
202 0.0000043261
203 0.0000043048
204 0.0000042837
205 0.0000042628
206 0.0000042421
207 0.0000042216
208 0.0000042013
209 0.0000041812
210 0.0000041612
211 0.0000041415
212 0.0000041220
213 0.0000041026
214 0.0000040834
215 0.0000040644
216 0.0000040456
217 0.0000040270
218 0.0000040085
219 0.0000039902
220 0.0000039720
221 0.0000039541
222 0.0000039363
223 0.0000039186
224 0.0000039011
225 0.0000038838
226 0.0000038666
227 0.0000038495
228 0.0000038326
229 0.0000038159
230 0.0000037993
231 0.0000037829
232 0.0000037666
233 0.0000037504
234 0.0000037344
235 0.0000037185
236 0.0000037027
237 0.0000036871
238 0.0000036716
239 0.0000036562
240 0.0000036410
241 0.0000036259
242 0.0000036109
243 0.0000035960
244 0.0000035813
245 0.0000035666
246 0.0000035521
247 0.0000035378
248 0.0000035235
249 0.0000035093
250 0.0000034953
251 0.0000034814
252 0.0000034675
253 0.0000034538
254 0.0000034402
255 0.0000034267
256 0.0000034133
257 0.0000034001
258 0.0000033869
259 0.0000033738
260 0.0000033608
261 0.0000033479
262 0.0000033352
263 0.0000033225
264 0.0000033099
265 0.0000032974
266 0.0000032850
267 0.0000032727
268 0.0000032605
269 0.0000032483
270 0.0000032363
271 0.0000032244
272 0.0000032125
273 0.0000032007
274 0.0000031890
275 0.0000031774
276 0.0000031659
277 0.0000031545
278 0.0000031431
279 0.0000031319
280 0.0000031207
281 0.0000031096
282 0.0000030986
283 0.0000030876
284 0.0000030767
285 0.0000030659
286 0.0000030552
287 0.0000030445
288 0.0000030340
289 0.0000030235
290 0.0000030130
291 0.0000030027
292 0.0000029924
293 0.0000029822
294 0.0000029720
295 0.0000029620
296 0.0000029519
297 0.0000029420
298 0.0000029321
299 0.0000029223
300 0.0000029126
301 0.0000029029
302 0.0000028933
303 0.0000028837
304 0.0000028742
305 0.0000028648
306 0.0000028554
307 0.0000028461
308 0.0000028369
309 0.0000028277
310 0.0000028186
311 0.0000028095
312 0.0000028005
313 0.0000027916
314 0.0000027827
315 0.0000027738
316 0.0000027650
317 0.0000027563
318 0.0000027476
319 0.0000027390
320 0.0000027305
321 0.0000027220
322 0.0000027135
323 0.0000027051
324 0.0000026967
325 0.0000026884
326 0.0000026802
327 0.0000026720
328 0.0000026638
329 0.0000026557
330 0.0000026477
331 0.0000026397
332 0.0000026317
333 0.0000026238
334 0.0000026160
335 0.0000026082
336 0.0000026004
337 0.0000025927
338 0.0000025850
339 0.0000025774
340 0.0000025698
341 0.0000025622
342 0.0000025547
343 0.0000025473
344 0.0000025399
345 0.0000025325
346 0.0000025252
347 0.0000025179
348 0.0000025107
349 0.0000025035
350 0.0000024963
351 0.0000024892
352 0.0000024821
353 0.0000024751
354 0.0000024681
355 0.0000024611
356 0.0000024542
357 0.0000024474
358 0.0000024405
359 0.0000024337
360 0.0000024270
361 0.0000024202
362 0.0000024135
363 0.0000024069
364 0.0000024003
365 0.0000023937
366 0.0000023871
367 0.0000023806
368 0.0000023742
369 0.0000023677
370 0.0000023613
371 0.0000023550
372 0.0000023486
373 0.0000023423
374 0.0000023361
375 0.0000023298
376 0.0000023236
377 0.0000023175
378 0.0000023113
379 0.0000023052
380 0.0000022992
381 0.0000022931
382 0.0000022871
383 0.0000022811
384 0.0000022752
385 0.0000022693
386 0.0000022634
387 0.0000022575
388 0.0000022517
389 0.0000022459
390 0.0000022402
391 0.0000022344
392 0.0000022287
393 0.0000022231
394 0.0000022174
395 0.0000022118
396 0.0000022062
397 0.0000022006
398 0.0000021951
399 0.0000021896
400 0.0000021841
401 0.0000021787
402 0.0000021733
403 0.0000021679
404 0.0000021625
405 0.0000021571
406 0.0000021518
407 0.0000021465
408 0.0000021413
409 0.0000021360
410 0.0000021308
411 0.0000021256
412 0.0000021205
413 0.0000021153
414 0.0000021102
415 0.0000021051
416 0.0000021001
417 0.0000020950
418 0.0000020900
419 0.0000020850
420 0.0000020801
421 0.0000020751
422 0.0000020702
423 0.0000020653
424 0.0000020604
425 0.0000020556
426 0.0000020507
427 0.0000020459
428 0.0000020411
429 0.0000020364
430 0.0000020316
431 0.0000020269
432 0.0000020222
433 0.0000020176
434 0.0000020129
435 0.0000020083
436 0.0000020037
437 0.0000019991
438 0.0000019945
439 0.0000019900
440 0.0000019854
441 0.0000019809
442 0.0000019764
443 0.0000019720
444 0.0000019675
445 0.0000019631
446 0.0000019587
447 0.0000019543
448 0.0000019500
449 0.0000019456
450 0.0000019413
451 0.0000019370
452 0.0000019327
453 0.0000019284
454 0.0000019242
455 0.0000019199
456 0.0000019157
457 0.0000019115
458 0.0000019073
459 0.0000019032
460 0.0000018990
461 0.0000018949
462 0.0000018908
463 0.0000018867
464 0.0000018827
465 0.0000018786
466 0.0000018746
467 0.0000018706
468 0.0000018666
469 0.0000018626
470 0.0000018586
471 0.0000018547
472 0.0000018507
473 0.0000018468
474 0.0000018429
475 0.0000018390
476 0.0000018352
477 0.0000018313
478 0.0000018275
479 0.0000018237
480 0.0000018199
481 0.0000018161
482 0.0000018123
483 0.0000018085
484 0.0000018048
485 0.0000018011
486 0.0000017974
487 0.0000017937
488 0.0000017900
489 0.0000017863
490 0.0000017827
491 0.0000017790
492 0.0000017754
493 0.0000017718
494 0.0000017682
495 0.0000017647
496 0.0000017611
497 0.0000017575
498 0.0000017540
499 0.0000017505
500 0.0000017470
501 0.0000017435
502 0.0000017400
503 0.0000017366
504 0.0000017331
505 0.0000017297
506 0.0000017263
507 0.0000017228
508 0.0000017194
509 0.0000017161
510 0.0000017127
511 0.0000017093
512 0.0000017060
513 0.0000017027
514 0.0000016994
515 0.0000016961
516 0.0000016928
517 0.0000016895
518 0.0000016862
519 0.0000016830
520 0.0000016797
521 0.0000016765
522 0.0000016733
523 0.0000016701
524 0.0000016669
525 0.0000016637
526 0.0000016605
527 0.0000016574
528 0.0000016542
529 0.0000016511
530 0.0000016480
531 0.0000016449
532 0.0000016418
533 0.0000016387
534 0.0000016356
535 0.0000016326
536 0.0000016295
537 0.0000016265
538 0.0000016235
539 0.0000016204
540 0.0000016174
541 0.0000016144
542 0.0000016115
543 0.0000016085
544 0.0000016055
545 0.0000016026
546 0.0000015996
547 0.0000015967
548 0.0000015938
549 0.0000015909
550 0.0000015880
551 0.0000015851
552 0.0000015822
553 0.0000015794
554 0.0000015765
555 0.0000015737
556 0.0000015708
557 0.0000015680
558 0.0000015652
559 0.0000015624
560 0.0000015596
561 0.0000015568
562 0.0000015540
563 0.0000015513
564 0.0000015485
565 0.0000015458
566 0.0000015430
567 0.0000015403
568 0.0000015376
569 0.0000015349
570 0.0000015322
571 0.0000015295
572 0.0000015268
573 0.0000015242
574 0.0000015215
575 0.0000015189
576 0.0000015162
577 0.0000015136
578 0.0000015110
579 0.0000015084
580 0.0000015057
581 0.0000015032
582 0.0000015006
583 0.0000014980
584 0.0000014954
585 0.0000014929
586 0.0000014903
587 0.0000014878
588 0.0000014852
589 0.0000014827
590 0.0000014802
591 0.0000014777
592 0.0000014752
593 0.0000014727
594 0.0000014702
595 0.0000014677
596 0.0000014653
597 0.0000014628
598 0.0000014604
599 0.0000014579
600 0.0000014555
601 0.0000014531
602 0.0000014506
603 0.0000014482
604 0.0000014458
605 0.0000014434
606 0.0000014410
607 0.0000014387
608 0.0000014363
609 0.0000014339
610 0.0000014316
611 0.0000014292
612 0.0000014269
613 0.0000014246
614 0.0000014222
615 0.0000014199
616 0.0000014176
617 0.0000014153
618 0.0000014130
619 0.0000014107
620 0.0000014084
621 0.0000014062
622 0.0000014039
623 0.0000014017
624 0.0000013994
625 0.0000013972
626 0.0000013949
627 0.0000013927
628 0.0000013905
629 0.0000013883
630 0.0000013860
631 0.0000013838
632 0.0000013817
633 0.0000013795
634 0.0000013773
635 0.0000013751
636 0.0000013729
637 0.0000013708
638 0.0000013686
639 0.0000013665
640 0.0000013643
641 0.0000013622
642 0.0000013601
643 0.0000013580
644 0.0000013559
645 0.0000013537
646 0.0000013516
647 0.0000013496
648 0.0000013475
649 0.0000013454
650 0.0000013433
651 0.0000013412
652 0.0000013392
653 0.0000013371
654 0.0000013351
655 0.0000013330
656 0.0000013310
657 0.0000013290
658 0.0000013269
659 0.0000013249
660 0.0000013229
661 0.0000013209
662 0.0000013189
663 0.0000013169
664 0.0000013149
665 0.0000013129
666 0.0000013110
667 0.0000013090
668 0.0000013070
669 0.0000013051
670 0.0000013031
671 0.0000013012
672 0.0000012992
673 0.0000012973
674 0.0000012954
675 0.0000012934
676 0.0000012915
677 0.0000012896
678 0.0000012877
679 0.0000012858
680 0.0000012839
681 0.0000012820
682 0.0000012801
683 0.0000012783
684 0.0000012764
685 0.0000012745
686 0.0000012727
687 0.0000012708
688 0.0000012689
689 0.0000012671
690 0.0000012653
691 0.0000012634
692 0.0000012616
693 0.0000012598
694 0.0000012579
695 0.0000012561
696 0.0000012543
697 0.0000012525
698 0.0000012507
699 0.0000012489
700 0.0000012471
701 0.0000012454
702 0.0000012436
703 0.0000012418
704 0.0000012400
705 0.0000012383
706 0.0000012365
707 0.0000012348
708 0.0000012330
709 0.0000012313
710 0.0000012295
711 0.0000012278
712 0.0000012261
713 0.0000012243
714 0.0000012226
715 0.0000012209
716 0.0000012192
717 0.0000012175
718 0.0000012158
719 0.0000012141
720 0.0000012124
721 0.0000012107
722 0.0000012090
723 0.0000012073
724 0.0000012057
725 0.0000012040
726 0.0000012023
727 0.0000012007
728 0.0000011990
729 0.0000011974
730 0.0000011957
731 0.0000011941
732 0.0000011925
733 0.0000011908
734 0.0000011892
735 0.0000011876
736 0.0000011859
737 0.0000011843
738 0.0000011827
739 0.0000011811
740 0.0000011795
741 0.0000011779
742 0.0000011763
743 0.0000011747
744 0.0000011732
745 0.0000011716
746 0.0000011700
747 0.0000011684
748 0.0000011669
749 0.0000011653
750 0.0000011637
751 0.0000011622
752 0.0000011606
753 0.0000011591
754 0.0000011575
755 0.0000011560
756 0.0000011545
757 0.0000011529
758 0.0000011514
759 0.0000011499
760 0.0000011484
761 0.0000011469
762 0.0000011453
763 0.0000011438
764 0.0000011423
765 0.0000011408
766 0.0000011393
767 0.0000011378
768 0.0000011364
769 0.0000011349
770 0.0000011334
771 0.0000011319
772 0.0000011304
773 0.0000011290
774 0.0000011275
775 0.0000011260
776 0.0000011246
777 0.0000011231
778 0.0000011217
779 0.0000011202
780 0.0000011188
781 0.0000011174
782 0.0000011159
783 0.0000011145
784 0.0000011131
785 0.0000011116
786 0.0000011102
787 0.0000011088
788 0.0000011074
789 0.0000011060
790 0.0000011046
791 0.0000011032
792 0.0000011018
793 0.0000011004
794 0.0000010990
795 0.0000010976
796 0.0000010962
797 0.0000010948
798 0.0000010934
799 0.0000010921
800 0.0000010907
801 0.0000010893
802 0.0000010880
803 0.0000010866
804 0.0000010852
805 0.0000010839
806 0.0000010825
807 0.0000010812
808 0.0000010798
809 0.0000010785
810 0.0000010772
811 0.0000010758
812 0.0000010745
813 0.0000010732
814 0.0000010718
815 0.0000010705
816 0.0000010692
817 0.0000010679
818 0.0000010666
