0 288
0 0.9634180403
1 0.0092897994
2 0.0032188239
3 0.0020316369
4 0.0013709365
5 0.0010190747
6 0.0008113450
7 0.0006754440
8 0.0005801026
9 0.0005097109
10 0.0004555451
11 0.0004124276
12 0.0003771555
13 0.0003476680
14 0.0003225861
15 0.0003009515
16 0.0002820759
17 0.0002654495
18 0.0002506852
19 0.0002374825
20 0.0002256038
21 0.0002148583
22 0.0002050906
23 0.0001961726
24 0.0001879981
25 0.0001804776
26 0.0001735357
27 0.0001671080
28 0.0001611395
29 0.0001555826
30 0.0001503961
31 0.0001455443
32 0.0001409957
33 0.0001367228
34 0.0001327012
35 0.0001289095
36 0.0001253284
37 0.0001219408
38 0.0001187315
39 0.0001156869
40 0.0001127944
41 0.0001100431
42 0.0001074227
43 0.0001049243
44 0.0001025394
45 0.0001002605
46 0.0000980806
47 0.0000959936
48 0.0000939935
49 0.0000920750
50 0.0000902333
51 0.0000884638
52 0.0000867623
53 0.0000851251
54 0.0000835485
55 0.0000820292
56 0.0000805642
57 0.0000791506
58 0.0000777857
59 0.0000764671
60 0.0000751924
61 0.0000739596
62 0.0000727665
63 0.0000716113
64 0.0000704921
65 0.0000694075
66 0.0000683556
67 0.0000673352
68 0.0000663448
69 0.0000653831
70 0.0000644489
71 0.0000635410
72 0.0000626583
73 0.0000617998
74 0.0000609644
75 0.0000601514
76 0.0000593598
77 0.0000585887
78 0.0000578374
79 0.0000571051
80 0.0000563911
81 0.0000556947
82 0.0000550154
83 0.0000543524
84 0.0000537052
85 0.0000530732
86 0.0000524559
87 0.0000518528
88 0.0000512634
89 0.0000506872
90 0.0000501239
91 0.0000495729
92 0.0000490339
93 0.0000485065
94 0.0000479903
95 0.0000474850
96 0.0000469902
97 0.0000465056
98 0.0000460309
99 0.0000455658
100 0.0000451100
101 0.0000446632
102 0.0000442252
103 0.0000437956
104 0.0000433744
105 0.0000429611
106 0.0000425557
107 0.0000421578
108 0.0000417673
109 0.0000413840
110 0.0000410076
111 0.0000406380
112 0.0000402750
113 0.0000399185
114 0.0000395682
115 0.0000392240
116 0.0000388857
117 0.0000385532
118 0.0000382263
119 0.0000379049
120 0.0000375889
121 0.0000372781
122 0.0000369724
123 0.0000366717
124 0.0000363758
125 0.0000360846
126 0.0000357981
127 0.0000355161
128 0.0000352385
129 0.0000349652
130 0.0000346961
131 0.0000344311
132 0.0000341701
133 0.0000339130
134 0.0000336598
135 0.0000334103
136 0.0000331645
137 0.0000329223
138 0.0000326836
139 0.0000324483
140 0.0000322164
141 0.0000319877
142 0.0000317623
143 0.0000315401
144 0.0000313209
145 0.0000311048
146 0.0000308916
147 0.0000306813
148 0.0000304738
149 0.0000302692
150 0.0000300672
151 0.0000298680
152 0.0000296713
153 0.0000294772
154 0.0000292857
155 0.0000290966
156 0.0000289099
157 0.0000287257
158 0.0000285437
159 0.0000283640
160 0.0000281866
161 0.0000280114
162 0.0000278383
163 0.0000276674
164 0.0000274986
165 0.0000273317
166 0.0000271670
167 0.0000270041
168 0.0000268433
169 0.0000266843
170 0.0000265272
171 0.0000263719
172 0.0000262184
173 0.0000260667
174 0.0000259168
175 0.0000257685
176 0.0000256219
177 0.0000254770
178 0.0000253338
179 0.0000251921
180 0.0000250520
181 0.0000249134
182 0.0000247764
183 0.0000246408
184 0.0000245067
185 0.0000243741
186 0.0000242429
187 0.0000241131
188 0.0000239847
189 0.0000238576
190 0.0000237319
191 0.0000236075
192 0.0000234844
193 0.0000233626
194 0.0000232420
195 0.0000231226
196 0.0000230045
197 0.0000228876
198 0.0000227718
199 0.0000226572
200 0.0000225438
201 0.0000224315
202 0.0000223202
203 0.0000222101
204 0.0000221011
205 0.0000219931
206 0.0000218862
207 0.0000217803
208 0.0000216754
209 0.0000215715
210 0.0000214686
211 0.0000213667
212 0.0000212658
213 0.0000211658
214 0.0000210667
215 0.0000209685
216 0.0000208713
217 0.0000207749
218 0.0000206794
219 0.0000205848
220 0.0000204911
221 0.0000203982
222 0.0000203061
223 0.0000202149
224 0.0000201244
225 0.0000200348
226 0.0000199460
227 0.0000198579
228 0.0000197707
229 0.0000196841
230 0.0000195984
231 0.0000195133
232 0.0000194290
233 0.0000193454
234 0.0000192626
235 0.0000191804
236 0.0000190989
237 0.0000190182
238 0.0000189380
239 0.0000188586
240 0.0000187798
241 0.0000187017
242 0.0000186242
243 0.0000185474
244 0.0000184712
245 0.0000183956
246 0.0000183206
247 0.0000182462
248 0.0000181724
249 0.0000180992
250 0.0000180266
251 0.0000179545
252 0.0000178831
253 0.0000178122
254 0.0000177418
255 0.0000176720
256 0.0000176027
257 0.0000175340
258 0.0000174658
259 0.0000173982
260 0.0000173310
261 0.0000172644
262 0.0000171982
263 0.0000171326
264 0.0000170675
265 0.0000170028
266 0.0000169386
267 0.0000168750
268 0.0000168117
269 0.0000167490
270 0.0000166867
271 0.0000166248
272 0.0000165635
273 0.0000165025
274 0.0000164420
275 0.0000163820
276 0.0000163223
277 0.0000162631
278 0.0000162044
279 0.0000161460
280 0.0000160881
281 0.0000160305
282 0.0000159734
283 0.0000159166
284 0.0000158603
285 0.0000158043
286 0.0000157488
287 0.0000156936
288 0.0000156388
