0 744
0 0.9827082781
1 0.0049463586
2 0.0019799256
3 0.0013331260
4 0.0009446616
5 0.0007164245
6 0.0005684184
7 0.0004642510
8 0.0003872108
9 0.0003282875
10 0.0002820326
11 0.0002449484
12 0.0002146988
13 0.0001896689
14 0.0001687083
15 0.0001509754
16 0.0001358404
17 0.0001228231
18 0.0001115512
19 0.0001017317
20 0.0000931312
21 0.0000855616
22 0.0000788698
23 0.0000729302
24 0.0000676384
25 0.0000629077
26 0.0000586650
27 0.0000548487
28 0.0000514062
29 0.0000482928
30 0.0000454700
31 0.0000429045
32 0.0000405678
33 0.0000384347
34 0.0000364836
35 0.0000346953
36 0.0000330531
37 0.0000315423
38 0.0000301499
39 0.0000288643
40 0.0000276753
41 0.0000265739
42 0.0000255519
43 0.0000246021
44 0.0000237181
45 0.0000228941
46 0.0000221248
47 0.0000214055
48 0.0000207321
49 0.0000201007
50 0.0000195079
51 0.0000189506
52 0.0000184260
53 0.0000179314
54 0.0000174646
55 0.0000170235
56 0.0000166061
57 0.0000162106
58 0.0000158355
59 0.0000154794
60 0.0000151408
61 0.0000148185
62 0.0000145114
63 0.0000142185
64 0.0000139388
65 0.0000136715
66 0.0000134157
67 0.0000131707
68 0.0000129359
69 0.0000127105
70 0.0000124941
71 0.0000122861
72 0.0000120859
73 0.0000118932
74 0.0000117074
75 0.0000115283
76 0.0000113553
77 0.0000111883
78 0.0000110269
79 0.0000108707
80 0.0000107195
81 0.0000105731
82 0.0000104311
83 0.0000102935
84 0.0000101599
85 0.0000100302
86 0.0000099042
87 0.0000097817
88 0.0000096626
89 0.0000095466
90 0.0000094338
91 0.0000093239
92 0.0000092167
93 0.0000091123
94 0.0000090105
95 0.0000089111
96 0.0000088141
97 0.0000087193
98 0.0000086268
99 0.0000085364
100 0.0000084480
101 0.0000083616
102 0.0000082770
103 0.0000081942
104 0.0000081132
105 0.0000080340
106 0.0000079563
107 0.0000078802
108 0.0000078056
109 0.0000077325
110 0.0000076609
111 0.0000075906
112 0.0000075217
113 0.0000074540
114 0.0000073876
115 0.0000073225
116 0.0000072585
117 0.0000071957
118 0.0000071340
119 0.0000070734
120 0.0000070138
121 0.0000069553
122 0.0000068977
123 0.0000068412
124 0.0000067855
125 0.0000067308
126 0.0000066770
127 0.0000066241
128 0.0000065720
129 0.0000065208
130 0.0000064703
131 0.0000064207
132 0.0000063718
133 0.0000063237
134 0.0000062763
135 0.0000062296
136 0.0000061836
137 0.0000061383
138 0.0000060937
139 0.0000060497
140 0.0000060064
141 0.0000059636
142 0.0000059215
143 0.0000058800
144 0.0000058391
145 0.0000057987
146 0.0000057589
147 0.0000057197
148 0.0000056810
149 0.0000056428
150 0.0000056051
151 0.0000055679
152 0.0000055312
153 0.0000054950
154 0.0000054593
155 0.0000054240
156 0.0000053892
157 0.0000053548
158 0.0000053209
159 0.0000052874
160 0.0000052544
161 0.0000052217
162 0.0000051894
163 0.0000051576
164 0.0000051261
165 0.0000050950
166 0.0000050643
167 0.0000050339
168 0.0000050040
169 0.0000049743
170 0.0000049451
171 0.0000049161
172 0.0000048875
173 0.0000048593
174 0.0000048313
175 0.0000048037
176 0.0000047764
177 0.0000047494
178 0.0000047227
179 0.0000046963
180 0.0000046702
181 0.0000046444
182 0.0000046189
183 0.0000045936
184 0.0000045687
185 0.0000045439
186 0.0000045195
187 0.0000044953
188 0.0000044714
189 0.0000044477
190 0.0000044243
191 0.0000044011
192 0.0000043782
193 0.0000043555
194 0.0000043331
195 0.0000043108
196 0.0000042888
197 0.0000042671
198 0.0000042455
199 0.0000042242
200 0.0000042031
201 0.0000041821
202 0.0000041614
203 0.0000041409
204 0.0000041206
205 0.0000041005
206 0.0000040806
207 0.0000040609
208 0.0000040413
209 0.0000040220
210 0.0000040028
211 0.0000039839
212 0.0000039651
213 0.0000039465
214 0.0000039280
215 0.0000039097
216 0.0000038916
217 0.0000038737
218 0.0000038559
219 0.0000038383
220 0.0000038208
221 0.0000038036
222 0.0000037864
223 0.0000037694
224 0.0000037526
225 0.0000037359
226 0.0000037194
227 0.0000037030
228 0.0000036867
229 0.0000036706
230 0.0000036547
231 0.0000036389
232 0.0000036232
233 0.0000036076
234 0.0000035922
235 0.0000035769
236 0.0000035617
237 0.0000035467
238 0.0000035318
239 0.0000035170
240 0.0000035024
241 0.0000034878
242 0.0000034734
243 0.0000034591
244 0.0000034449
245 0.0000034309
246 0.0000034169
247 0.0000034031
248 0.0000033893
249 0.0000033757
250 0.0000033622
251 0.0000033488
252 0.0000033355
253 0.0000033223
254 0.0000033093
255 0.0000032963
256 0.0000032834
257 0.0000032706
258 0.0000032579
259 0.0000032453
260 0.0000032329
261 0.0000032205
262 0.0000032082
263 0.0000031960
264 0.0000031839
265 0.0000031718
266 0.0000031599
267 0.0000031481
268 0.0000031363
269 0.0000031247
270 0.0000031131
271 0.0000031016
272 0.0000030902
273 0.0000030789
274 0.0000030676
275 0.0000030565
276 0.0000030454
277 0.0000030344
278 0.0000030235
279 0.0000030126
280 0.0000030019
281 0.0000029912
282 0.0000029806
283 0.0000029700
284 0.0000029596
285 0.0000029492
286 0.0000029389
287 0.0000029286
288 0.0000029184
289 0.0000029083
290 0.0000028983
291 0.0000028883
292 0.0000028784
293 0.0000028686
294 0.0000028589
295 0.0000028492
296 0.0000028395
297 0.0000028300
298 0.0000028205
299 0.0000028110
300 0.0000028017
301 0.0000027923
302 0.0000027831
303 0.0000027739
304 0.0000027648
305 0.0000027557
306 0.0000027467
307 0.0000027377
308 0.0000027289
309 0.0000027200
310 0.0000027112
311 0.0000027025
312 0.0000026939
313 0.0000026852
314 0.0000026767
315 0.0000026682
316 0.0000026597
317 0.0000026513
318 0.0000026430
319 0.0000026347
320 0.0000026265
321 0.0000026183
322 0.0000026102
323 0.0000026021
324 0.0000025940
325 0.0000025860
326 0.0000025781
327 0.0000025702
328 0.0000025624
329 0.0000025546
330 0.0000025468
331 0.0000025391
332 0.0000025315
333 0.0000025239
334 0.0000025163
335 0.0000025088
336 0.0000025013
337 0.0000024939
338 0.0000024865
339 0.0000024792
340 0.0000024719
341 0.0000024646
342 0.0000024574
343 0.0000024503
344 0.0000024431
345 0.0000024361
346 0.0000024290
347 0.0000024220
348 0.0000024150
349 0.0000024081
350 0.0000024012
351 0.0000023944
352 0.0000023876
353 0.0000023808
354 0.0000023741
355 0.0000023674
356 0.0000023607
357 0.0000023541
358 0.0000023475
359 0.0000023410
360 0.0000023345
361 0.0000023280
362 0.0000023216
363 0.0000023152
364 0.0000023088
365 0.0000023025
366 0.0000022962
367 0.0000022899
368 0.0000022837
369 0.0000022775
370 0.0000022714
371 0.0000022652
372 0.0000022591
373 0.0000022531
374 0.0000022471
375 0.0000022411
376 0.0000022351
377 0.0000022292
378 0.0000022233
379 0.0000022174
380 0.0000022115
381 0.0000022057
382 0.0000022000
383 0.0000021942
384 0.0000021885
385 0.0000021828
386 0.0000021771
387 0.0000021715
388 0.0000021659
389 0.0000021603
390 0.0000021548
391 0.0000021493
392 0.0000021438
393 0.0000021383
394 0.0000021329
395 0.0000021275
396 0.0000021221
397 0.0000021168
398 0.0000021115
399 0.0000021062
400 0.0000021009
401 0.0000020957
402 0.0000020904
403 0.0000020852
404 0.0000020801
405 0.0000020749
406 0.0000020698
407 0.0000020647
408 0.0000020597
409 0.0000020546
410 0.0000020496
411 0.0000020446
412 0.0000020397
413 0.0000020347
414 0.0000020298
415 0.0000020249
416 0.0000020200
417 0.0000020152
418 0.0000020104
419 0.0000020056
420 0.0000020008
421 0.0000019960
422 0.0000019913
423 0.0000019866
424 0.0000019819
425 0.0000019772
426 0.0000019726
427 0.0000019679
428 0.0000019633
429 0.0000019588
430 0.0000019542
431 0.0000019497
432 0.0000019451
433 0.0000019406
434 0.0000019362
435 0.0000019317
436 0.0000019273
437 0.0000019229
438 0.0000019185
439 0.0000019141
440 0.0000019097
441 0.0000019054
442 0.0000019011
443 0.0000018968
444 0.0000018925
445 0.0000018883
446 0.0000018840
447 0.0000018798
448 0.0000018756
449 0.0000018714
450 0.0000018673
451 0.0000018631
452 0.0000018590
453 0.0000018549
454 0.0000018508
455 0.0000018467
456 0.0000018427
457 0.0000018386
458 0.0000018346
459 0.0000018306
460 0.0000018266
461 0.0000018227
462 0.0000018187
463 0.0000018148
464 0.0000018109
465 0.0000018070
466 0.0000018031
467 0.0000017992
468 0.0000017954
469 0.0000017915
470 0.0000017877
471 0.0000017839
472 0.0000017801
473 0.0000017764
474 0.0000017726
475 0.0000017689
476 0.0000017652
477 0.0000017615
478 0.0000017578
479 0.0000017541
480 0.0000017504
481 0.0000017468
482 0.0000017432
483 0.0000017396
484 0.0000017360
485 0.0000017324
486 0.0000017288
487 0.0000017253
488 0.0000017217
489 0.0000017182
490 0.0000017147
491 0.0000017112
492 0.0000017077
493 0.0000017042
494 0.0000017008
495 0.0000016973
496 0.0000016939
497 0.0000016905
498 0.0000016871
499 0.0000016837
500 0.0000016803
501 0.0000016770
502 0.0000016736
503 0.0000016703
504 0.0000016670
505 0.0000016637
506 0.0000016604
507 0.0000016571
508 0.0000016538
509 0.0000016506
510 0.0000016473
511 0.0000016441
512 0.0000016409
513 0.0000016377
514 0.0000016345
515 0.0000016313
516 0.0000016282
517 0.0000016250
518 0.0000016219
519 0.0000016187
520 0.0000016156
521 0.0000016125
522 0.0000016094
523 0.0000016063
524 0.0000016033
525 0.0000016002
526 0.0000015972
527 0.0000015941
528 0.0000015911
529 0.0000015881
530 0.0000015851
531 0.0000015821
532 0.0000015791
533 0.0000015762
534 0.0000015732
535 0.0000015703
536 0.0000015673
537 0.0000015644
538 0.0000015615
539 0.0000015586
540 0.0000015557
541 0.0000015528
542 0.0000015499
543 0.0000015471
544 0.0000015442
545 0.0000015414
546 0.0000015386
547 0.0000015358
548 0.0000015329
549 0.0000015302
550 0.0000015274
551 0.0000015246
552 0.0000015218
553 0.0000015191
554 0.0000015163
555 0.0000015136
556 0.0000015109
557 0.0000015081
558 0.0000015054
559 0.0000015027
560 0.0000015000
561 0.0000014974
562 0.0000014947
563 0.0000014920
564 0.0000014894
565 0.0000014867
566 0.0000014841
567 0.0000014815
568 0.0000014789
569 0.0000014763
570 0.0000014737
571 0.0000014711
572 0.0000014685
573 0.0000014659
574 0.0000014634
575 0.0000014608
576 0.0000014583
577 0.0000014558
578 0.0000014532
579 0.0000014507
580 0.0000014482
581 0.0000014457
582 0.0000014432
583 0.0000014408
584 0.0000014383
585 0.0000014358
586 0.0000014334
587 0.0000014309
588 0.0000014285
589 0.0000014260
590 0.0000014236
591 0.0000014212
592 0.0000014188
593 0.0000014164
594 0.0000014140
595 0.0000014116
596 0.0000014093
597 0.0000014069
598 0.0000014045
599 0.0000014022
600 0.0000013998
601 0.0000013975
602 0.0000013952
603 0.0000013929
604 0.0000013906
605 0.0000013882
606 0.0000013860
607 0.0000013837
608 0.0000013814
609 0.0000013791
610 0.0000013768
611 0.0000013746
612 0.0000013723
613 0.0000013701
614 0.0000013679
615 0.0000013656
616 0.0000013634
617 0.0000013612
618 0.0000013590
619 0.0000013568
620 0.0000013546
621 0.0000013524
622 0.0000013502
623 0.0000013480
624 0.0000013459
625 0.0000013437
626 0.0000013416
627 0.0000013394
628 0.0000013373
629 0.0000013351
630 0.0000013330
631 0.0000013309
632 0.0000013288
633 0.0000013267
634 0.0000013246
635 0.0000013225
636 0.0000013204
637 0.0000013183
638 0.0000013163
639 0.0000013142
640 0.0000013121
641 0.0000013101
642 0.0000013080
643 0.0000013060
644 0.0000013040
645 0.0000013019
646 0.0000012999
647 0.0000012979
648 0.0000012959
649 0.0000012939
650 0.0000012919
651 0.0000012899
652 0.0000012879
653 0.0000012859
654 0.0000012840
655 0.0000012820
656 0.0000012800
657 0.0000012781
658 0.0000012761
659 0.0000012742
660 0.0000012723
661 0.0000012703
662 0.0000012684
663 0.0000012665
664 0.0000012646
665 0.0000012627
666 0.0000012608
667 0.0000012589
668 0.0000012570
669 0.0000012551
670 0.0000012532
671 0.0000012513
672 0.0000012495
673 0.0000012476
674 0.0000012457
675 0.0000012439
676 0.0000012420
677 0.0000012402
678 0.0000012384
679 0.0000012365
680 0.0000012347
681 0.0000012329
682 0.0000012311
683 0.0000012293
684 0.0000012275
685 0.0000012257
686 0.0000012239
687 0.0000012221
688 0.0000012203
689 0.0000012185
690 0.0000012167
691 0.0000012150
692 0.0000012132
693 0.0000012115
694 0.0000012097
695 0.0000012080
696 0.0000012062
697 0.0000012045
698 0.0000012027
699 0.0000012010
700 0.0000011993
701 0.0000011976
702 0.0000011959
703 0.0000011942
704 0.0000011925
705 0.0000011908
706 0.0000011891
707 0.0000011874
708 0.0000011857
709 0.0000011840
710 0.0000011823
711 0.0000011807
712 0.0000011790
713 0.0000011773
714 0.0000011757
715 0.0000011740
716 0.0000011724
717 0.0000011707
718 0.0000011691
719 0.0000011675
720 0.0000011658
721 0.0000011642
722 0.0000011626
723 0.0000011610
724 0.0000011594
725 0.0000011578
726 0.0000011562
727 0.0000011546
728 0.0000011530
729 0.0000011514
730 0.0000011498
731 0.0000011482
732 0.0000011466
733 0.0000011451
734 0.0000011435
735 0.0000011419
736 0.0000011404
737 0.0000011388
738 0.0000011373
739 0.0000011357
740 0.0000011342
741 0.0000011326
742 0.0000011311
743 0.0000011296
744 0.0000011280
