1 382
0 0.9935536058
1 0.0027192011
2 0.0006817811
3 0.0003950057
4 0.0002513506
5 0.0001789771
6 0.0001376357
7 0.0001112188
8 0.0000930286
9 0.0000798131
10 0.0000697969
11 0.0000619426
12 0.0000556133
13 0.0000504007
14 0.0000460315
15 0.0000423162
16 0.0000391188
17 0.0000363392
18 0.0000339016
19 0.0000317477
20 0.0000298316
21 0.0000281169
22 0.0000265743
23 0.0000251797
24 0.0000239133
25 0.0000227587
26 0.0000217021
27 0.0000207319
28 0.0000198383
29 0.0000190127
30 0.0000182478
31 0.0000175374
32 0.0000168761
33 0.0000162590
34 0.0000156821
35 0.0000151415
36 0.0000146341
37 0.0000141571
38 0.0000137077
39 0.0000132838
40 0.0000128834
41 0.0000125045
42 0.0000121455
43 0.0000118050
44 0.0000114816
45 0.0000111741
46 0.0000108813
47 0.0000106023
48 0.0000103362
49 0.0000100821
50 0.0000098392
51 0.0000096068
52 0.0000093843
53 0.0000091710
54 0.0000089665
55 0.0000087702
56 0.0000085817
57 0.0000084005
58 0.0000082261
59 0.0000080583
60 0.0000078967
61 0.0000077409
62 0.0000075907
63 0.0000074458
64 0.0000073058
65 0.0000071706
66 0.0000070399
67 0.0000069136
68 0.0000067913
69 0.0000066730
70 0.0000065584
71 0.0000064473
72 0.0000063397
73 0.0000062353
74 0.0000061341
75 0.0000060358
76 0.0000059403
77 0.0000058477
78 0.0000057576
79 0.0000056700
80 0.0000055849
81 0.0000055021
82 0.0000054215
83 0.0000053431
84 0.0000052667
85 0.0000051923
86 0.0000051198
87 0.0000050491
88 0.0000049803
89 0.0000049131
90 0.0000048476
91 0.0000047836
92 0.0000047212
93 0.0000046603
94 0.0000046008
95 0.0000045427
96 0.0000044860
97 0.0000044305
98 0.0000043762
99 0.0000043232
100 0.0000042714
101 0.0000042206
102 0.0000041710
103 0.0000041225
104 0.0000040749
105 0.0000040284
106 0.0000039828
107 0.0000039382
108 0.0000038945
109 0.0000038517
110 0.0000038097
111 0.0000037685
112 0.0000037282
113 0.0000036887
114 0.0000036499
115 0.0000036119
116 0.0000035745
117 0.0000035379
118 0.0000035020
119 0.0000034668
120 0.0000034321
121 0.0000033982
122 0.0000033648
123 0.0000033320
124 0.0000032998
125 0.0000032682
126 0.0000032371
127 0.0000032066
128 0.0000031766
129 0.0000031471
130 0.0000031181
131 0.0000030896
132 0.0000030616
133 0.0000030340
134 0.0000030069
135 0.0000029802
136 0.0000029540
137 0.0000029282
138 0.0000029028
139 0.0000028778
140 0.0000028532
141 0.0000028290
142 0.0000028051
143 0.0000027816
144 0.0000027585
145 0.0000027357
146 0.0000027133
147 0.0000026912
148 0.0000026694
149 0.0000026480
150 0.0000026269
151 0.0000026061
152 0.0000025855
153 0.0000025653
154 0.0000025454
155 0.0000025257
156 0.0000025064
157 0.0000024873
158 0.0000024684
159 0.0000024498
160 0.0000024315
161 0.0000024135
162 0.0000023956
163 0.0000023780
164 0.0000023607
165 0.0000023436
166 0.0000023267
167 0.0000023100
168 0.0000022936
169 0.0000022773
170 0.0000022613
171 0.0000022455
172 0.0000022299
173 0.0000022144
174 0.0000021992
175 0.0000021842
176 0.0000021693
177 0.0000021547
178 0.0000021402
179 0.0000021259
180 0.0000021118
181 0.0000020978
182 0.0000020840
183 0.0000020704
184 0.0000020569
185 0.0000020436
186 0.0000020305
187 0.0000020175
188 0.0000020047
189 0.0000019920
190 0.0000019794
191 0.0000019670
192 0.0000019548
193 0.0000019427
194 0.0000019307
195 0.0000019189
196 0.0000019071
197 0.0000018956
198 0.0000018841
199 0.0000018728
200 0.0000018616
201 0.0000018505
202 0.0000018395
203 0.0000018287
204 0.0000018180
205 0.0000018074
206 0.0000017969
207 0.0000017865
208 0.0000017762
209 0.0000017661
210 0.0000017560
211 0.0000017460
212 0.0000017362
213 0.0000017264
214 0.0000017168
215 0.0000017072
216 0.0000016978
217 0.0000016884
218 0.0000016791
219 0.0000016700
220 0.0000016609
221 0.0000016519
222 0.0000016430
223 0.0000016342
224 0.0000016254
225 0.0000016168
226 0.0000016082
227 0.0000015998
228 0.0000015914
229 0.0000015830
230 0.0000015748
231 0.0000015666
232 0.0000015586
233 0.0000015505
234 0.0000015426
235 0.0000015348
236 0.0000015270
237 0.0000015193
238 0.0000015116
239 0.0000015040
240 0.0000014965
241 0.0000014891
242 0.0000014817
243 0.0000014744
244 0.0000014672
245 0.0000014600
246 0.0000014529
247 0.0000014459
248 0.0000014389
249 0.0000014320
250 0.0000014251
251 0.0000014183
252 0.0000014115
253 0.0000014049
254 0.0000013982
255 0.0000013917
256 0.0000013851
257 0.0000013787
258 0.0000013723
259 0.0000013659
260 0.0000013596
261 0.0000013534
262 0.0000013472
263 0.0000013410
264 0.0000013350
265 0.0000013289
266 0.0000013229
267 0.0000013170
268 0.0000013111
269 0.0000013052
270 0.0000012994
271 0.0000012937
272 0.0000012880
273 0.0000012823
274 0.0000012767
275 0.0000012711
276 0.0000012656
277 0.0000012601
278 0.0000012546
279 0.0000012492
280 0.0000012439
281 0.0000012385
282 0.0000012333
283 0.0000012280
284 0.0000012228
285 0.0000012177
286 0.0000012125
287 0.0000012075
288 0.0000012024
289 0.0000011974
290 0.0000011924
291 0.0000011875
292 0.0000011826
293 0.0000011777
294 0.0000011729
295 0.0000011681
296 0.0000011634
297 0.0000011586
298 0.0000011539
299 0.0000011493
300 0.0000011447
301 0.0000011401
302 0.0000011355
303 0.0000011310
304 0.0000011265
305 0.0000011220
306 0.0000011176
307 0.0000011132
308 0.0000011088
309 0.0000011044
310 0.0000011001
311 0.0000010958
312 0.0000010916
313 0.0000010873
314 0.0000010831
315 0.0000010789
316 0.0000010748
317 0.0000010707
318 0.0000010666
319 0.0000010625
320 0.0000010584
321 0.0000010544
322 0.0000010504
323 0.0000010464
324 0.0000010425
325 0.0000010386
326 0.0000010347
327 0.0000010308
328 0.0000010269
329 0.0000010231
330 0.0000010193
331 0.0000010155
332 0.0000010117
333 0.0000010079
334 0.0000010042
335 0.0000010005
336 0.0000009968
337 0.0000009931
338 0.0000009894
339 0.0000009858
340 0.0000009821
341 0.0000009785
342 0.0000009749
343 0.0000009713
344 0.0000009677
345 0.0000009642
346 0.0000009606
347 0.0000009571
348 0.0000009535
349 0.0000009500
350 0.0000009465
351 0.0000009429
352 0.0000009394
353 0.0000009359
354 0.0000009324
355 0.0000009288
356 0.0000009253
357 0.0000009217
358 0.0000009182
359 0.0000009146
360 0.0000009110
361 0.0000009073
362 0.0000009036
363 0.0000008999
364 0.0000008961
365 0.0000008922
366 0.0000008883
367 0.0000008842
368 0.0000008799
369 0.0000008755
370 0.0000008709
371 0.0000008659
372 0.0000008606
373 0.0000008548
374 0.0000008483
375 0.0000008408
376 0.0000008321
377 0.0000008214
378 0.0000008076
379 0.0000007888
380 0.0000007572
381 0.0000006684
382 0.0000000000
