1 1200
0 0.9846494185
1 0.0034627595
2 0.0014521383
3 0.0010112354
4 0.0007448143
5 0.0005869246
6 0.0004833824
7 0.0004095799
8 0.0003542246
9 0.0003112254
10 0.0002768975
11 0.0002488750
12 0.0002255767
13 0.0002059087
14 0.0001890908
15 0.0001745512
16 0.0001618613
17 0.0001506936
18 0.0001407933
19 0.0001319594
20 0.0001240311
21 0.0001168784
22 0.0001103948
23 0.0001044926
24 0.0000990986
25 0.0000941513
26 0.0000895989
27 0.0000853971
28 0.0000815079
29 0.0000778988
30 0.0000745415
31 0.0000714114
32 0.0000684869
33 0.0000657491
34 0.0000631814
35 0.0000607689
36 0.0000584987
37 0.0000563590
38 0.0000543393
39 0.0000524303
40 0.0000506235
41 0.0000489114
42 0.0000472870
43 0.0000457442
44 0.0000442772
45 0.0000428810
46 0.0000415508
47 0.0000402823
48 0.0000390715
49 0.0000379150
50 0.0000368092
51 0.0000357513
52 0.0000347382
53 0.0000337675
54 0.0000328368
55 0.0000319437
56 0.0000310862
57 0.0000302624
58 0.0000294705
59 0.0000287089
60 0.0000279758
61 0.0000272700
62 0.0000265900
63 0.0000259346
64 0.0000253025
65 0.0000246927
66 0.0000241041
67 0.0000235357
68 0.0000229866
69 0.0000224559
70 0.0000219428
71 0.0000214465
72 0.0000209663
73 0.0000205015
74 0.0000200514
75 0.0000196154
76 0.0000191930
77 0.0000187835
78 0.0000183865
79 0.0000180015
80 0.0000176279
81 0.0000172654
82 0.0000169135
83 0.0000165718
84 0.0000162399
85 0.0000159174
86 0.0000156040
87 0.0000152994
88 0.0000150033
89 0.0000147152
90 0.0000144350
91 0.0000141624
92 0.0000138971
93 0.0000136389
94 0.0000133875
95 0.0000131426
96 0.0000129041
97 0.0000126718
98 0.0000124454
99 0.0000122247
100 0.0000120096
101 0.0000117999
102 0.0000115954
103 0.0000113959
104 0.0000112014
105 0.0000110115
106 0.0000108263
107 0.0000106455
108 0.0000104690
109 0.0000102966
110 0.0000101284
111 0.0000099640
112 0.0000098035
113 0.0000096467
114 0.0000094935
115 0.0000093438
116 0.0000091974
117 0.0000090544
118 0.0000089146
119 0.0000087779
120 0.0000086442
121 0.0000085134
122 0.0000083855
123 0.0000082604
124 0.0000081380
125 0.0000080182
126 0.0000079010
127 0.0000077863
128 0.0000076740
129 0.0000075641
130 0.0000074564
131 0.0000073510
132 0.0000072478
133 0.0000071467
134 0.0000070477
135 0.0000069507
136 0.0000068557
137 0.0000067626
138 0.0000066714
139 0.0000065820
140 0.0000064943
141 0.0000064084
142 0.0000063242
143 0.0000062417
144 0.0000061607
145 0.0000060814
146 0.0000060035
147 0.0000059272
148 0.0000058523
149 0.0000057788
150 0.0000057068
151 0.0000056361
152 0.0000055667
153 0.0000054986
154 0.0000054318
155 0.0000053663
156 0.0000053019
157 0.0000052388
158 0.0000051767
159 0.0000051159
160 0.0000050561
161 0.0000049974
162 0.0000049398
163 0.0000048831
164 0.0000048276
165 0.0000047729
166 0.0000047193
167 0.0000046666
168 0.0000046148
169 0.0000045640
170 0.0000045140
171 0.0000044649
172 0.0000044166
173 0.0000043692
174 0.0000043225
175 0.0000042767
176 0.0000042317
177 0.0000041874
178 0.0000041438
179 0.0000041010
180 0.0000040589
181 0.0000040175
182 0.0000039768
183 0.0000039368
184 0.0000038974
185 0.0000038587
186 0.0000038206
187 0.0000037831
188 0.0000037462
189 0.0000037099
190 0.0000036742
191 0.0000036391
192 0.0000036046
193 0.0000035706
194 0.0000035371
195 0.0000035041
196 0.0000034717
197 0.0000034398
198 0.0000034084
199 0.0000033774
200 0.0000033470
201 0.0000033170
202 0.0000032875
203 0.0000032584
204 0.0000032298
205 0.0000032016
206 0.0000031738
207 0.0000031465
208 0.0000031195
209 0.0000030930
210 0.0000030668
211 0.0000030411
212 0.0000030157
213 0.0000029907
214 0.0000029661
215 0.0000029418
216 0.0000029179
217 0.0000028944
218 0.0000028711
219 0.0000028482
220 0.0000028257
221 0.0000028034
222 0.0000027815
223 0.0000027599
224 0.0000027386
225 0.0000027176
226 0.0000026969
227 0.0000026765
228 0.0000026563
229 0.0000026365
230 0.0000026169
231 0.0000025976
232 0.0000025785
233 0.0000025598
234 0.0000025412
235 0.0000025230
236 0.0000025049
237 0.0000024872
238 0.0000024696
239 0.0000024523
240 0.0000024352
241 0.0000024184
242 0.0000024017
243 0.0000023853
244 0.0000023691
245 0.0000023531
246 0.0000023374
247 0.0000023218
248 0.0000023064
249 0.0000022913
250 0.0000022763
251 0.0000022615
252 0.0000022469
253 0.0000022325
254 0.0000022183
255 0.0000022042
256 0.0000021903
257 0.0000021766
258 0.0000021631
259 0.0000021498
260 0.0000021366
261 0.0000021235
262 0.0000021107
263 0.0000020980
264 0.0000020854
265 0.0000020730
266 0.0000020607
267 0.0000020486
268 0.0000020367
269 0.0000020248
270 0.0000020131
271 0.0000020016
272 0.0000019902
273 0.0000019789
274 0.0000019678
275 0.0000019568
276 0.0000019459
277 0.0000019351
278 0.0000019245
279 0.0000019140
280 0.0000019036
281 0.0000018933
282 0.0000018832
283 0.0000018731
284 0.0000018632
285 0.0000018534
286 0.0000018437
287 0.0000018341
288 0.0000018246
289 0.0000018152
290 0.0000018059
291 0.0000017968
292 0.0000017877
293 0.0000017787
294 0.0000017698
295 0.0000017610
296 0.0000017523
297 0.0000017437
298 0.0000017352
299 0.0000017268
300 0.0000017185
301 0.0000017102
302 0.0000017021
303 0.0000016940
304 0.0000016860
305 0.0000016781
306 0.0000016703
307 0.0000016625
308 0.0000016549
309 0.0000016473
310 0.0000016398
311 0.0000016323
312 0.0000016250
313 0.0000016177
314 0.0000016105
315 0.0000016033
316 0.0000015962
317 0.0000015892
318 0.0000015823
319 0.0000015754
320 0.0000015686
321 0.0000015619
322 0.0000015553
323 0.0000015486
324 0.0000015421
325 0.0000015356
326 0.0000015292
327 0.0000015229
328 0.0000015166
329 0.0000015103
330 0.0000015041
331 0.0000014980
332 0.0000014920
333 0.0000014859
334 0.0000014800
335 0.0000014741
336 0.0000014682
337 0.0000014625
338 0.0000014567
339 0.0000014510
340 0.0000014454
341 0.0000014398
342 0.0000014343
343 0.0000014288
344 0.0000014233
345 0.0000014179
346 0.0000014126
347 0.0000014073
348 0.0000014020
349 0.0000013968
350 0.0000013916
351 0.0000013865
352 0.0000013814
353 0.0000013764
354 0.0000013714
355 0.0000013665
356 0.0000013616
357 0.0000013567
358 0.0000013519
359 0.0000013471
360 0.0000013423
361 0.0000013376
362 0.0000013329
363 0.0000013283
364 0.0000013237
365 0.0000013191
366 0.0000013146
367 0.0000013101
368 0.0000013057
369 0.0000013013
370 0.0000012969
371 0.0000012925
372 0.0000012882
373 0.0000012839
374 0.0000012797
375 0.0000012755
376 0.0000012713
377 0.0000012671
378 0.0000012630
379 0.0000012589
380 0.0000012549
381 0.0000012508
382 0.0000012468
383 0.0000012429
384 0.0000012389
385 0.0000012350
386 0.0000012311
387 0.0000012273
388 0.0000012235
389 0.0000012197
390 0.0000012159
391 0.0000012122
392 0.0000012084
393 0.0000012048
394 0.0000012011
395 0.0000011975
396 0.0000011938
397 0.0000011903
398 0.0000011867
399 0.0000011832
400 0.0000011796
401 0.0000011762
402 0.0000011727
403 0.0000011692
404 0.0000011658
405 0.0000011624
406 0.0000011591
407 0.0000011557
408 0.0000011524
409 0.0000011491
410 0.0000011458
411 0.0000011425
412 0.0000011393
413 0.0000011361
414 0.0000011329
415 0.0000011297
416 0.0000011265
417 0.0000011234
418 0.0000011203
419 0.0000011172
420 0.0000011141
421 0.0000011111
422 0.0000011080
423 0.0000011050
424 0.0000011020
425 0.0000010990
426 0.0000010961
427 0.0000010931
428 0.0000010902
429 0.0000010873
430 0.0000010844
431 0.0000010815
432 0.0000010787
433 0.0000010758
434 0.0000010730
435 0.0000010702
436 0.0000010674
437 0.0000010646
438 0.0000010619
439 0.0000010592
440 0.0000010564
441 0.0000010537
442 0.0000010510
443 0.0000010484
444 0.0000010457
445 0.0000010430
446 0.0000010404
447 0.0000010378
448 0.0000010352
449 0.0000010326
450 0.0000010300
451 0.0000010275
452 0.0000010249
453 0.0000010224
454 0.0000010199
455 0.0000010174
456 0.0000010149
457 0.0000010124
458 0.0000010100
459 0.0000010075
460 0.0000010051
461 0.0000010027
462 0.0000010003
463 0.0000009979
464 0.0000009955
465 0.0000009931
466 0.0000009908
467 0.0000009884
468 0.0000009861
469 0.0000009838
470 0.0000009815
471 0.0000009792
472 0.0000009769
473 0.0000009746
474 0.0000009724
475 0.0000009701
476 0.0000009679
477 0.0000009657
478 0.0000009634
479 0.0000009612
480 0.0000009591
481 0.0000009569
482 0.0000009547
483 0.0000009525
484 0.0000009504
485 0.0000009483
486 0.0000009461
487 0.0000009440
488 0.0000009419
489 0.0000009398
490 0.0000009377
491 0.0000009357
492 0.0000009336
493 0.0000009315
494 0.0000009295
495 0.0000009274
496 0.0000009254
497 0.0000009234
498 0.0000009214
499 0.0000009194
500 0.0000009174
501 0.0000009154
502 0.0000009135
503 0.0000009115
504 0.0000009096
505 0.0000009076
506 0.0000009057
507 0.0000009038
508 0.0000009018
509 0.0000008999
510 0.0000008980
511 0.0000008961
512 0.0000008943
513 0.0000008924
514 0.0000008905
515 0.0000008887
516 0.0000008868
517 0.0000008850
518 0.0000008831
519 0.0000008813
520 0.0000008795
521 0.0000008777
522 0.0000008759
523 0.0000008741
524 0.0000008723
525 0.0000008705
526 0.0000008688
527 0.0000008670
528 0.0000008653
529 0.0000008635
530 0.0000008618
531 0.0000008600
532 0.0000008583
533 0.0000008566
534 0.0000008549
535 0.0000008532
536 0.0000008515
537 0.0000008498
538 0.0000008481
539 0.0000008465
540 0.0000008448
541 0.0000008431
542 0.0000008415
543 0.0000008398
544 0.0000008382
545 0.0000008366
546 0.0000008349
547 0.0000008333
548 0.0000008317
549 0.0000008301
550 0.0000008285
551 0.0000008269
552 0.0000008253
553 0.0000008237
554 0.0000008222
555 0.0000008206
556 0.0000008190
557 0.0000008175
558 0.0000008159
559 0.0000008144
560 0.0000008128
561 0.0000008113
562 0.0000008098
563 0.0000008083
564 0.0000008068
565 0.0000008052
566 0.0000008037
567 0.0000008022
568 0.0000008008
569 0.0000007993
570 0.0000007978
571 0.0000007963
572 0.0000007948
573 0.0000007934
574 0.0000007919
575 0.0000007905
576 0.0000007890
577 0.0000007876
578 0.0000007862
579 0.0000007847
580 0.0000007833
581 0.0000007819
582 0.0000007805
583 0.0000007791
584 0.0000007777
585 0.0000007763
586 0.0000007749
587 0.0000007735
588 0.0000007721
589 0.0000007707
590 0.0000007693
591 0.0000007680
592 0.0000007666
593 0.0000007653
594 0.0000007639
595 0.0000007626
596 0.0000007612
597 0.0000007599
598 0.0000007585
599 0.0000007572
600 0.0000007559
601 0.0000007546
602 0.0000007533
603 0.0000007519
604 0.0000007506
605 0.0000007493
606 0.0000007480
607 0.0000007467
608 0.0000007455
609 0.0000007442
610 0.0000007429
611 0.0000007416
612 0.0000007404
613 0.0000007391
614 0.0000007378
615 0.0000007366
616 0.0000007353
617 0.0000007341
618 0.0000007328
619 0.0000007316
620 0.0000007304
621 0.0000007291
622 0.0000007279
623 0.0000007267
624 0.0000007255
625 0.0000007242
626 0.0000007230
627 0.0000007218
628 0.0000007206
629 0.0000007194
630 0.0000007182
631 0.0000007170
632 0.0000007159
633 0.0000007147
634 0.0000007135
635 0.0000007123
636 0.0000007111
637 0.0000007100
638 0.0000007088
639 0.0000007077
640 0.0000007065
641 0.0000007053
642 0.0000007042
643 0.0000007031
644 0.0000007019
645 0.0000007008
646 0.0000006996
647 0.0000006985
648 0.0000006974
649 0.0000006963
650 0.0000006951
651 0.0000006940
652 0.0000006929
653 0.0000006918
654 0.0000006907
655 0.0000006896
656 0.0000006885
657 0.0000006874
658 0.0000006863
659 0.0000006852
660 0.0000006842
661 0.0000006831
662 0.0000006820
663 0.0000006809
664 0.0000006798
665 0.0000006788
666 0.0000006777
667 0.0000006767
668 0.0000006756
669 0.0000006746
670 0.0000006735
671 0.0000006725
672 0.0000006714
673 0.0000006704
674 0.0000006693
675 0.0000006683
676 0.0000006673
677 0.0000006662
678 0.0000006652
679 0.0000006642
680 0.0000006632
681 0.0000006621
682 0.0000006611
683 0.0000006601
684 0.0000006591
685 0.0000006581
686 0.0000006571
687 0.0000006561
688 0.0000006551
689 0.0000006541
690 0.0000006531
691 0.0000006522
692 0.0000006512
693 0.0000006502
694 0.0000006492
695 0.0000006482
696 0.0000006473
697 0.0000006463
698 0.0000006453
699 0.0000006444
700 0.0000006434
701 0.0000006425
702 0.0000006415
703 0.0000006406
704 0.0000006396
705 0.0000006387
706 0.0000006377
707 0.0000006368
708 0.0000006358
709 0.0000006349
710 0.0000006340
711 0.0000006330
712 0.0000006321
713 0.0000006312
714 0.0000006303
715 0.0000006293
716 0.0000006284
717 0.0000006275
718 0.0000006266
719 0.0000006257
720 0.0000006248
721 0.0000006239
722 0.0000006230
723 0.0000006221
724 0.0000006212
725 0.0000006203
726 0.0000006194
727 0.0000006185
728 0.0000006176
729 0.0000006167
730 0.0000006159
731 0.0000006150
732 0.0000006141
733 0.0000006132
734 0.0000006124
735 0.0000006115
736 0.0000006106
737 0.0000006098
738 0.0000006089
739 0.0000006080
740 0.0000006072
741 0.0000006063
742 0.0000006055
743 0.0000006046
744 0.0000006038
745 0.0000006029
746 0.0000006021
747 0.0000006013
748 0.0000006004
749 0.0000005996
750 0.0000005988
751 0.0000005979
752 0.0000005971
753 0.0000005963
754 0.0000005954
755 0.0000005946
756 0.0000005938
757 0.0000005930
758 0.0000005922
759 0.0000005914
760 0.0000005905
761 0.0000005897
762 0.0000005889
763 0.0000005881
764 0.0000005873
765 0.0000005865
766 0.0000005857
767 0.0000005849
768 0.0000005841
769 0.0000005833
770 0.0000005825
771 0.0000005818
772 0.0000005810
773 0.0000005802
774 0.0000005794
775 0.0000005786
776 0.0000005778
777 0.0000005771
778 0.0000005763
779 0.0000005755
780 0.0000005747
781 0.0000005740
782 0.0000005732
783 0.0000005725
784 0.0000005717
785 0.0000005709
786 0.0000005702
787 0.0000005694
788 0.0000005687
789 0.0000005679
790 0.0000005672
791 0.0000005664
792 0.0000005657
793 0.0000005649
794 0.0000005642
795 0.0000005634
796 0.0000005627
797 0.0000005620
798 0.0000005612
799 0.0000005605
800 0.0000005598
801 0.0000005590
802 0.0000005583
803 0.0000005576
804 0.0000005569
805 0.0000005561
806 0.0000005554
807 0.0000005547
808 0.0000005540
809 0.0000005533
810 0.0000005526
811 0.0000005518
812 0.0000005511
813 0.0000005504
814 0.0000005497
815 0.0000005490
816 0.0000005483
817 0.0000005476
818 0.0000005469
819 0.0000005462
820 0.0000005455
821 0.0000005448
822 0.0000005441
823 0.0000005434
824 0.0000005427
825 0.0000005421
826 0.0000005414
827 0.0000005407
828 0.0000005400
829 0.0000005393
830 0.0000005386
831 0.0000005380
832 0.0000005373
833 0.0000005366
834 0.0000005359
835 0.0000005353
836 0.0000005346
837 0.0000005339
838 0.0000005333
839 0.0000005326
840 0.0000005319
841 0.0000005313
842 0.0000005306
843 0.0000005300
844 0.0000005293
845 0.0000005287
846 0.0000005280
847 0.0000005274
848 0.0000005267
849 0.0000005260
850 0.0000005254
851 0.0000005248
852 0.0000005241
853 0.0000005235
854 0.0000005228
855 0.0000005222
856 0.0000005215
857 0.0000005209
858 0.0000005203
859 0.0000005196
860 0.0000005190
861 0.0000005184
862 0.0000005178
863 0.0000005171
864 0.0000005165
865 0.0000005159
866 0.0000005152
867 0.0000005146
868 0.0000005140
869 0.0000005134
870 0.0000005128
871 0.0000005122
872 0.0000005115
873 0.0000005109
874 0.0000005103
875 0.0000005097
876 0.0000005091
877 0.0000005085
878 0.0000005079
879 0.0000005073
880 0.0000005067
881 0.0000005061
882 0.0000005055
883 0.0000005049
884 0.0000005043
885 0.0000005037
886 0.0000005031
887 0.0000005025
888 0.0000005019
889 0.0000005013
890 0.0000005007
891 0.0000005001
892 0.0000004995
893 0.0000004989
894 0.0000004984
895 0.0000004978
896 0.0000004972
897 0.0000004966
898 0.0000004960
899 0.0000004955
900 0.0000004949
901 0.0000004943
902 0.0000004937
903 0.0000004931
904 0.0000004926
905 0.0000004920
906 0.0000004914
907 0.0000004909
908 0.0000004903
909 0.0000004897
910 0.0000004892
911 0.0000004886
912 0.0000004880
913 0.0000004875
914 0.0000004869
915 0.0000004864
916 0.0000004858
917 0.0000004853
918 0.0000004847
919 0.0000004841
920 0.0000004836
921 0.0000004830
922 0.0000004825
923 0.0000004819
924 0.0000004814
925 0.0000004808
926 0.0000004803
927 0.0000004798
928 0.0000004792
929 0.0000004787
930 0.0000004781
931 0.0000004776
932 0.0000004770
933 0.0000004765
934 0.0000004760
935 0.0000004754
936 0.0000004749
937 0.0000004744
938 0.0000004738
939 0.0000004733
940 0.0000004728
941 0.0000004723
942 0.0000004717
943 0.0000004712
944 0.0000004707
945 0.0000004701
946 0.0000004696
947 0.0000004691
948 0.0000004686
949 0.0000004681
950 0.0000004675
951 0.0000004670
952 0.0000004665
953 0.0000004660
954 0.0000004655
955 0.0000004650
956 0.0000004645
957 0.0000004639
958 0.0000004634
959 0.0000004629
960 0.0000004624
961 0.0000004619
962 0.0000004614
963 0.0000004609
964 0.0000004604
965 0.0000004599
966 0.0000004594
967 0.0000004589
968 0.0000004584
969 0.0000004579
970 0.0000004574
971 0.0000004569
972 0.0000004564
973 0.0000004559
974 0.0000004554
975 0.0000004549
976 0.0000004544
977 0.0000004539
978 0.0000004534
979 0.0000004529
980 0.0000004525
981 0.0000004520
982 0.0000004515
983 0.0000004510
984 0.0000004505
985 0.0000004500
986 0.0000004495
987 0.0000004491
988 0.0000004486
989 0.0000004481
990 0.0000004476
991 0.0000004471
992 0.0000004467
993 0.0000004462
994 0.0000004457
995 0.0000004452
996 0.0000004448
997 0.0000004443
998 0.0000004438
999 0.0000004434
1000 0.0000004429
1001 0.0000004424
1002 0.0000004420
1003 0.0000004415
1004 0.0000004410
1005 0.0000004406
1006 0.0000004401
1007 0.0000004396
1008 0.0000004392
1009 0.0000004387
1010 0.0000004382
1011 0.0000004378
1012 0.0000004373
1013 0.0000004369
1014 0.0000004364
1015 0.0000004359
1016 0.0000004355
1017 0.0000004350
1018 0.0000004346
1019 0.0000004341
1020 0.0000004337
1021 0.0000004332
1022 0.0000004328
1023 0.0000004323
1024 0.0000004319
1025 0.0000004314
1026 0.0000004310
1027 0.0000004305
1028 0.0000004301
1029 0.0000004296
1030 0.0000004292
1031 0.0000004288
1032 0.0000004283
1033 0.0000004279
1034 0.0000004274
1035 0.0000004270
1036 0.0000004265
1037 0.0000004261
1038 0.0000004257
1039 0.0000004252
1040 0.0000004248
1041 0.0000004244
1042 0.0000004239
1043 0.0000004235
1044 0.0000004231
1045 0.0000004226
1046 0.0000004222
1047 0.0000004218
1048 0.0000004213
1049 0.0000004209
1050 0.0000004205
1051 0.0000004200
1052 0.0000004196
1053 0.0000004192
1054 0.0000004188
1055 0.0000004183
1056 0.0000004179
1057 0.0000004175
1058 0.0000004171
1059 0.0000004166
1060 0.0000004162
1061 0.0000004158
1062 0.0000004154
1063 0.0000004150
1064 0.0000004145
1065 0.0000004141
1066 0.0000004137
1067 0.0000004133
1068 0.0000004129
1069 0.0000004125
1070 0.0000004120
1071 0.0000004116
1072 0.0000004112
1073 0.0000004108
1074 0.0000004104
1075 0.0000004100
1076 0.0000004096
1077 0.0000004091
1078 0.0000004087
1079 0.0000004083
1080 0.0000004079
1081 0.0000004075
1082 0.0000004071
1083 0.0000004067
1084 0.0000004063
1085 0.0000004059
1086 0.0000004055
1087 0.0000004051
1088 0.0000004047
1089 0.0000004043
1090 0.0000004039
1091 0.0000004035
1092 0.0000004031
1093 0.0000004027
1094 0.0000004023
1095 0.0000004019
1096 0.0000004015
1097 0.0000004011
1098 0.0000004007
1099 0.0000004003
1100 0.0000003999
1101 0.0000003995
1102 0.0000003991
1103 0.0000003987
1104 0.0000003983
1105 0.0000003979
1106 0.0000003975
1107 0.0000003971
1108 0.0000003967
1109 0.0000003963
1110 0.0000003959
1111 0.0000003955
1112 0.0000003951
1113 0.0000003947
1114 0.0000003944
1115 0.0000003940
1116 0.0000003936
1117 0.0000003932
1118 0.0000003928
1119 0.0000003924
1120 0.0000003920
1121 0.0000003916
1122 0.0000003912
1123 0.0000003909
1124 0.0000003905
1125 0.0000003901
1126 0.0000003897
1127 0.0000003893
1128 0.0000003889
1129 0.0000003885
1130 0.0000003882
1131 0.0000003878
1132 0.0000003874
1133 0.0000003870
1134 0.0000003866
1135 0.0000003862
1136 0.0000003859
1137 0.0000003855
1138 0.0000003851
1139 0.0000003847
1140 0.0000003843
1141 0.0000003839
1142 0.0000003835
1143 0.0000003832
1144 0.0000003828
1145 0.0000003824
1146 0.0000003820
1147 0.0000003816
1148 0.0000003812
1149 0.0000003809
1150 0.0000003805
1151 0.0000003801
1152 0.0000003797
1153 0.0000003793
1154 0.0000003789
1155 0.0000003785
1156 0.0000003781
1157 0.0000003777
1158 0.0000003774
1159 0.0000003770
1160 0.0000003766
1161 0.0000003762
1162 0.0000003758
1163 0.0000003754
1164 0.0000003750
1165 0.0000003746
1166 0.0000003742
1167 0.0000003738
1168 0.0000003734
1169 0.0000003729
1170 0.0000003725
1171 0.0000003721
1172 0.0000003717
1173 0.0000003712
1174 0.0000003708
1175 0.0000003704
1176 0.0000003699
1177 0.0000003695
1178 0.0000003690
1179 0.0000003685
1180 0.0000003680
1181 0.0000003675
1182 0.0000003670
1183 0.0000003664
1184 0.0000003659
1185 0.0000003653
1186 0.0000003646
1187 0.0000003640
1188 0.0000003632
1189 0.0000003624
1190 0.0000003615
1191 0.0000003605
1192 0.0000003593
1193 0.0000003579
1194 0.0000003561
1195 0.0000003537
1196 0.0000003503
1197 0.0000003451
1198 0.0000003345
1199 0.0000002983
1200 0.0000000000
