0 990
0 0.9824038520
1 0.0037383115
2 0.0015768598
3 0.0011032381
4 0.0008165088
5 0.0006464062
6 0.0005347321
7 0.0004550298
8 0.0003951649
9 0.0003485943
10 0.0003113588
11 0.0002809154
12 0.0002555638
13 0.0002341276
14 0.0002157673
15 0.0001998677
16 0.0001859672
17 0.0001737132
18 0.0001628311
19 0.0001531043
20 0.0001443593
21 0.0001364560
22 0.0001292793
23 0.0001227345
24 0.0001167426
25 0.0001112371
26 0.0001061619
27 0.0001014691
28 0.0000971177
29 0.0000930724
30 0.0000893024
31 0.0000857811
32 0.0000824851
33 0.0000793939
34 0.0000764895
35 0.0000737557
36 0.0000711783
37 0.0000687445
38 0.0000664431
39 0.0000642638
40 0.0000621974
41 0.0000602356
42 0.0000583710
43 0.0000565966
44 0.0000549064
45 0.0000532947
46 0.0000517563
47 0.0000502865
48 0.0000488811
49 0.0000475360
50 0.0000462477
51 0.0000450127
52 0.0000438280
53 0.0000426906
54 0.0000415980
55 0.0000405477
56 0.0000395373
57 0.0000385649
58 0.0000376283
59 0.0000367257
60 0.0000358555
61 0.0000350160
62 0.0000342057
63 0.0000334232
64 0.0000326673
65 0.0000319365
66 0.0000312298
67 0.0000305462
68 0.0000298844
69 0.0000292437
70 0.0000286231
71 0.0000280216
72 0.0000274386
73 0.0000268732
74 0.0000263247
75 0.0000257924
76 0.0000252756
77 0.0000247738
78 0.0000242864
79 0.0000238128
80 0.0000233524
81 0.0000229048
82 0.0000224695
83 0.0000220460
84 0.0000216339
85 0.0000212327
86 0.0000208422
87 0.0000204619
88 0.0000200915
89 0.0000197306
90 0.0000193788
91 0.0000190359
92 0.0000187017
93 0.0000183757
94 0.0000180577
95 0.0000177475
96 0.0000174447
97 0.0000171493
98 0.0000168609
99 0.0000165792
100 0.0000163042
101 0.0000160356
102 0.0000157732
103 0.0000155168
104 0.0000152662
105 0.0000150213
106 0.0000147819
107 0.0000145478
108 0.0000143188
109 0.0000140950
110 0.0000138759
111 0.0000136616
112 0.0000134520
113 0.0000132468
114 0.0000130459
115 0.0000128493
116 0.0000126568
117 0.0000124684
118 0.0000122838
119 0.0000121030
120 0.0000119259
121 0.0000117524
122 0.0000115824
123 0.0000114158
124 0.0000112526
125 0.0000110926
126 0.0000109357
127 0.0000107819
128 0.0000106312
129 0.0000104833
130 0.0000103383
131 0.0000101961
132 0.0000100566
133 0.0000099198
134 0.0000097855
135 0.0000096537
136 0.0000095245
137 0.0000093976
138 0.0000092731
139 0.0000091508
140 0.0000090308
141 0.0000089130
142 0.0000087974
143 0.0000086838
144 0.0000085722
145 0.0000084627
146 0.0000083551
147 0.0000082494
148 0.0000081456
149 0.0000080436
150 0.0000079434
151 0.0000078449
152 0.0000077481
153 0.0000076530
154 0.0000075596
155 0.0000074677
156 0.0000073774
157 0.0000072886
158 0.0000072013
159 0.0000071155
160 0.0000070312
161 0.0000069482
162 0.0000068666
163 0.0000067864
164 0.0000067075
165 0.0000066299
166 0.0000065535
167 0.0000064784
168 0.0000064045
169 0.0000063318
170 0.0000062603
171 0.0000061899
172 0.0000061206
173 0.0000060525
174 0.0000059854
175 0.0000059194
176 0.0000058544
177 0.0000057905
178 0.0000057275
179 0.0000056655
180 0.0000056045
181 0.0000055444
182 0.0000054852
183 0.0000054270
184 0.0000053696
185 0.0000053132
186 0.0000052575
187 0.0000052028
188 0.0000051488
189 0.0000050957
190 0.0000050433
191 0.0000049917
192 0.0000049409
193 0.0000048909
194 0.0000048416
195 0.0000047930
196 0.0000047451
197 0.0000046980
198 0.0000046515
199 0.0000046057
200 0.0000045605
201 0.0000045160
202 0.0000044722
203 0.0000044290
204 0.0000043864
205 0.0000043444
206 0.0000043030
207 0.0000042622
208 0.0000042219
209 0.0000041823
210 0.0000041432
211 0.0000041046
212 0.0000040666
213 0.0000040291
214 0.0000039921
215 0.0000039557
216 0.0000039197
217 0.0000038842
218 0.0000038493
219 0.0000038148
220 0.0000037807
221 0.0000037472
222 0.0000037141
223 0.0000036814
224 0.0000036492
225 0.0000036174
226 0.0000035860
227 0.0000035551
228 0.0000035246
229 0.0000034945
230 0.0000034647
231 0.0000034354
232 0.0000034065
233 0.0000033779
234 0.0000033497
235 0.0000033219
236 0.0000032944
237 0.0000032673
238 0.0000032406
239 0.0000032142
240 0.0000031881
241 0.0000031624
242 0.0000031370
243 0.0000031119
244 0.0000030871
245 0.0000030627
246 0.0000030386
247 0.0000030147
248 0.0000029912
249 0.0000029680
250 0.0000029450
251 0.0000029224
252 0.0000029000
253 0.0000028779
254 0.0000028561
255 0.0000028346
256 0.0000028133
257 0.0000027923
258 0.0000027715
259 0.0000027510
260 0.0000027308
261 0.0000027108
262 0.0000026910
263 0.0000026715
264 0.0000026522
265 0.0000026331
266 0.0000026143
267 0.0000025957
268 0.0000025773
269 0.0000025592
270 0.0000025412
271 0.0000025235
272 0.0000025060
273 0.0000024887
274 0.0000024716
275 0.0000024547
276 0.0000024380
277 0.0000024215
278 0.0000024051
279 0.0000023890
280 0.0000023730
281 0.0000023573
282 0.0000023417
283 0.0000023263
284 0.0000023111
285 0.0000022960
286 0.0000022812
287 0.0000022665
288 0.0000022519
289 0.0000022376
290 0.0000022233
291 0.0000022093
292 0.0000021954
293 0.0000021817
294 0.0000021681
295 0.0000021546
296 0.0000021414
297 0.0000021282
298 0.0000021152
299 0.0000021024
300 0.0000020897
301 0.0000020771
302 0.0000020647
303 0.0000020524
304 0.0000020402
305 0.0000020282
306 0.0000020163
307 0.0000020046
308 0.0000019929
309 0.0000019814
310 0.0000019700
311 0.0000019587
312 0.0000019476
313 0.0000019366
314 0.0000019257
315 0.0000019149
316 0.0000019042
317 0.0000018936
318 0.0000018831
319 0.0000018728
320 0.0000018626
321 0.0000018524
322 0.0000018424
323 0.0000018325
324 0.0000018226
325 0.0000018129
326 0.0000018033
327 0.0000017938
328 0.0000017844
329 0.0000017750
330 0.0000017658
331 0.0000017567
332 0.0000017476
333 0.0000017386
334 0.0000017298
335 0.0000017210
336 0.0000017123
337 0.0000017037
338 0.0000016952
339 0.0000016868
340 0.0000016784
341 0.0000016701
342 0.0000016620
343 0.0000016539
344 0.0000016458
345 0.0000016379
346 0.0000016300
347 0.0000016222
348 0.0000016145
349 0.0000016069
350 0.0000015993
351 0.0000015918
352 0.0000015844
353 0.0000015770
354 0.0000015697
355 0.0000015625
356 0.0000015554
357 0.0000015483
358 0.0000015413
359 0.0000015343
360 0.0000015275
361 0.0000015206
362 0.0000015139
363 0.0000015072
364 0.0000015006
365 0.0000014940
366 0.0000014875
367 0.0000014811
368 0.0000014747
369 0.0000014683
370 0.0000014621
371 0.0000014559
372 0.0000014497
373 0.0000014436
374 0.0000014376
375 0.0000014316
376 0.0000014256
377 0.0000014197
378 0.0000014139
379 0.0000014081
380 0.0000014024
381 0.0000013967
382 0.0000013911
383 0.0000013855
384 0.0000013800
385 0.0000013745
386 0.0000013690
387 0.0000013637
388 0.0000013583
389 0.0000013530
390 0.0000013478
391 0.0000013426
392 0.0000013374
393 0.0000013323
394 0.0000013272
395 0.0000013222
396 0.0000013172
397 0.0000013122
398 0.0000013073
399 0.0000013025
400 0.0000012976
401 0.0000012929
402 0.0000012881
403 0.0000012834
404 0.0000012788
405 0.0000012741
406 0.0000012695
407 0.0000012650
408 0.0000012605
409 0.0000012560
410 0.0000012516
411 0.0000012471
412 0.0000012428
413 0.0000012384
414 0.0000012341
415 0.0000012299
416 0.0000012256
417 0.0000012214
418 0.0000012173
419 0.0000012131
420 0.0000012090
421 0.0000012050
422 0.0000012009
423 0.0000011969
424 0.0000011929
425 0.0000011890
426 0.0000011851
427 0.0000011812
428 0.0000011773
429 0.0000011735
430 0.0000011697
431 0.0000011660
432 0.0000011622
433 0.0000011585
434 0.0000011548
435 0.0000011512
436 0.0000011475
437 0.0000011439
438 0.0000011404
439 0.0000011368
440 0.0000011333
441 0.0000011298
442 0.0000011263
443 0.0000011229
444 0.0000011195
445 0.0000011161
446 0.0000011127
447 0.0000011093
448 0.0000011060
449 0.0000011027
450 0.0000010994
451 0.0000010962
452 0.0000010930
453 0.0000010898
454 0.0000010866
455 0.0000010834
456 0.0000010803
457 0.0000010772
458 0.0000010741
459 0.0000010710
460 0.0000010679
461 0.0000010649
462 0.0000010619
463 0.0000010589
464 0.0000010559
465 0.0000010530
466 0.0000010500
467 0.0000010471
468 0.0000010442
469 0.0000010414
470 0.0000010385
471 0.0000010357
472 0.0000010328
473 0.0000010301
474 0.0000010273
475 0.0000010245
476 0.0000010218
477 0.0000010190
478 0.0000010163
479 0.0000010136
480 0.0000010110
481 0.0000010083
482 0.0000010057
483 0.0000010031
484 0.0000010004
485 0.0000009979
486 0.0000009953
487 0.0000009927
488 0.0000009902
489 0.0000009877
490 0.0000009851
491 0.0000009827
492 0.0000009802
493 0.0000009777
494 0.0000009753
495 0.0000009728
496 0.0000009704
497 0.0000009680
498 0.0000009656
499 0.0000009632
500 0.0000009609
501 0.0000009585
502 0.0000009562
503 0.0000009539
504 0.0000009516
505 0.0000009493
506 0.0000009470
507 0.0000009448
508 0.0000009425
509 0.0000009403
510 0.0000009380
511 0.0000009358
512 0.0000009336
513 0.0000009314
514 0.0000009293
515 0.0000009271
516 0.0000009250
517 0.0000009228
518 0.0000009207
519 0.0000009186
520 0.0000009165
521 0.0000009144
522 0.0000009123
523 0.0000009103
524 0.0000009082
525 0.0000009062
526 0.0000009041
527 0.0000009021
528 0.0000009001
529 0.0000008981
530 0.0000008961
531 0.0000008941
532 0.0000008922
533 0.0000008902
534 0.0000008883
535 0.0000008863
536 0.0000008844
537 0.0000008825
538 0.0000008806
539 0.0000008787
540 0.0000008768
541 0.0000008749
542 0.0000008731
543 0.0000008712
544 0.0000008693
545 0.0000008675
546 0.0000008657
547 0.0000008639
548 0.0000008621
549 0.0000008603
550 0.0000008585
551 0.0000008567
552 0.0000008549
553 0.0000008532
554 0.0000008514
555 0.0000008496
556 0.0000008479
557 0.0000008462
558 0.0000008445
559 0.0000008428
560 0.0000008410
561 0.0000008394
562 0.0000008377
563 0.0000008360
564 0.0000008343
565 0.0000008327
566 0.0000008310
567 0.0000008293
568 0.0000008277
569 0.0000008261
570 0.0000008245
571 0.0000008228
572 0.0000008212
573 0.0000008196
574 0.0000008180
575 0.0000008165
576 0.0000008149
577 0.0000008133
578 0.0000008117
579 0.0000008102
580 0.0000008086
581 0.0000008071
582 0.0000008056
583 0.0000008040
584 0.0000008025
585 0.0000008010
586 0.0000007995
587 0.0000007980
588 0.0000007965
589 0.0000007950
590 0.0000007935
591 0.0000007920
592 0.0000007906
593 0.0000007891
594 0.0000007877
595 0.0000007862
596 0.0000007848
597 0.0000007833
598 0.0000007819
599 0.0000007805
600 0.0000007791
601 0.0000007776
602 0.0000007762
603 0.0000007748
604 0.0000007734
605 0.0000007721
606 0.0000007707
607 0.0000007693
608 0.0000007679
609 0.0000007666
610 0.0000007652
611 0.0000007638
612 0.0000007625
613 0.0000007612
614 0.0000007598
615 0.0000007585
616 0.0000007572
617 0.0000007558
618 0.0000007545
619 0.0000007532
620 0.0000007519
621 0.0000007506
622 0.0000007493
623 0.0000007480
624 0.0000007467
625 0.0000007455
626 0.0000007442
627 0.0000007429
628 0.0000007417
629 0.0000007404
630 0.0000007391
631 0.0000007379
632 0.0000007366
633 0.0000007354
634 0.0000007342
635 0.0000007329
636 0.0000007317
637 0.0000007305
638 0.0000007293
639 0.0000007281
640 0.0000007269
641 0.0000007257
642 0.0000007245
643 0.0000007233
644 0.0000007221
645 0.0000007209
646 0.0000007197
647 0.0000007185
648 0.0000007174
649 0.0000007162
650 0.0000007151
651 0.0000007139
652 0.0000007127
653 0.0000007116
654 0.0000007104
655 0.0000007093
656 0.0000007082
657 0.0000007070
658 0.0000007059
659 0.0000007048
660 0.0000007037
661 0.0000007025
662 0.0000007014
663 0.0000007003
664 0.0000006992
665 0.0000006981
666 0.0000006970
667 0.0000006959
668 0.0000006948
669 0.0000006937
670 0.0000006927
671 0.0000006916
672 0.0000006905
673 0.0000006894
674 0.0000006884
675 0.0000006873
676 0.0000006862
677 0.0000006852
678 0.0000006841
679 0.0000006831
680 0.0000006821
681 0.0000006810
682 0.0000006800
683 0.0000006789
684 0.0000006779
685 0.0000006769
686 0.0000006759
687 0.0000006748
688 0.0000006738
689 0.0000006728
690 0.0000006718
691 0.0000006708
692 0.0000006698
693 0.0000006688
694 0.0000006678
695 0.0000006668
696 0.0000006658
697 0.0000006648
698 0.0000006638
699 0.0000006628
700 0.0000006619
701 0.0000006609
702 0.0000006599
703 0.0000006589
704 0.0000006580
705 0.0000006570
706 0.0000006561
707 0.0000006551
708 0.0000006542
709 0.0000006532
710 0.0000006523
711 0.0000006513
712 0.0000006504
713 0.0000006494
714 0.0000006485
715 0.0000006476
716 0.0000006466
717 0.0000006457
718 0.0000006448
719 0.0000006439
720 0.0000006430
721 0.0000006420
722 0.0000006411
723 0.0000006402
724 0.0000006393
725 0.0000006384
726 0.0000006375
727 0.0000006366
728 0.0000006357
729 0.0000006348
730 0.0000006339
731 0.0000006330
732 0.0000006321
733 0.0000006313
734 0.0000006304
735 0.0000006295
736 0.0000006286
737 0.0000006278
738 0.0000006269
739 0.0000006260
740 0.0000006252
741 0.0000006243
742 0.0000006235
743 0.0000006226
744 0.0000006217
745 0.0000006209
746 0.0000006200
747 0.0000006192
748 0.0000006183
749 0.0000006175
750 0.0000006167
751 0.0000006158
752 0.0000006150
753 0.0000006142
754 0.0000006133
755 0.0000006125
756 0.0000006117
757 0.0000006109
758 0.0000006100
759 0.0000006092
760 0.0000006084
761 0.0000006076
762 0.0000006068
763 0.0000006060
764 0.0000006052
765 0.0000006044
766 0.0000006035
767 0.0000006028
768 0.0000006020
769 0.0000006012
770 0.0000006004
771 0.0000005996
772 0.0000005988
773 0.0000005980
774 0.0000005972
775 0.0000005964
776 0.0000005957
777 0.0000005949
778 0.0000005941
779 0.0000005933
780 0.0000005926
781 0.0000005918
782 0.0000005910
783 0.0000005903
784 0.0000005895
785 0.0000005887
786 0.0000005880
787 0.0000005872
788 0.0000005865
789 0.0000005857
790 0.0000005850
791 0.0000005842
792 0.0000005835
793 0.0000005827
794 0.0000005820
795 0.0000005812
796 0.0000005805
797 0.0000005798
798 0.0000005790
799 0.0000005783
800 0.0000005776
801 0.0000005768
802 0.0000005761
803 0.0000005754
804 0.0000005746
805 0.0000005739
806 0.0000005732
807 0.0000005725
808 0.0000005718
809 0.0000005711
810 0.0000005703
811 0.0000005696
812 0.0000005689
813 0.0000005682
814 0.0000005675
815 0.0000005668
816 0.0000005661
817 0.0000005654
818 0.0000005647
819 0.0000005640
820 0.0000005633
821 0.0000005626
822 0.0000005619
823 0.0000005612
824 0.0000005606
825 0.0000005599
826 0.0000005592
827 0.0000005585
828 0.0000005578
829 0.0000005571
830 0.0000005565
831 0.0000005558
832 0.0000005551
833 0.0000005544
834 0.0000005538
835 0.0000005531
836 0.0000005524
837 0.0000005518
838 0.0000005511
839 0.0000005504
840 0.0000005498
841 0.0000005491
842 0.0000005485
843 0.0000005478
844 0.0000005472
845 0.0000005465
846 0.0000005459
847 0.0000005452
848 0.0000005445
849 0.0000005439
850 0.0000005433
851 0.0000005426
852 0.0000005420
853 0.0000005413
854 0.0000005407
855 0.0000005401
856 0.0000005394
857 0.0000005388
858 0.0000005382
859 0.0000005375
860 0.0000005369
861 0.0000005363
862 0.0000005356
863 0.0000005350
864 0.0000005344
865 0.0000005338
866 0.0000005331
867 0.0000005325
868 0.0000005319
869 0.0000005313
870 0.0000005307
871 0.0000005301
872 0.0000005295
873 0.0000005288
874 0.0000005282
875 0.0000005276
876 0.0000005270
877 0.0000005264
878 0.0000005258
879 0.0000005252
880 0.0000005246
881 0.0000005240
882 0.0000005234
883 0.0000005228
884 0.0000005222
885 0.0000005216
886 0.0000005210
887 0.0000005204
888 0.0000005199
889 0.0000005193
890 0.0000005187
891 0.0000005181
892 0.0000005175
893 0.0000005169
894 0.0000005164
895 0.0000005158
896 0.0000005152
897 0.0000005146
898 0.0000005140
899 0.0000005135
900 0.0000005129
901 0.0000005123
902 0.0000005117
903 0.0000005112
904 0.0000005106
905 0.0000005100
906 0.0000005095
907 0.0000005089
908 0.0000005083
909 0.0000005078
910 0.0000005072
911 0.0000005066
912 0.0000005061
913 0.0000005055
914 0.0000005050
915 0.0000005044
916 0.0000005039
917 0.0000005033
918 0.0000005028
919 0.0000005022
920 0.0000005017
921 0.0000005011
922 0.0000005006
923 0.0000005000
924 0.0000004995
925 0.0000004989
926 0.0000004984
927 0.0000004979
928 0.0000004973
929 0.0000004968
930 0.0000004962
931 0.0000004957
932 0.0000004952
933 0.0000004946
934 0.0000004941
935 0.0000004936
936 0.0000004930
937 0.0000004925
938 0.0000004920
939 0.0000004914
940 0.0000004909
941 0.0000004904
942 0.0000004899
943 0.0000004894
944 0.0000004888
945 0.0000004883
946 0.0000004878
947 0.0000004873
948 0.0000004868
949 0.0000004863
950 0.0000004857
951 0.0000004852
952 0.0000004847
953 0.0000004842
954 0.0000004837
955 0.0000004832
956 0.0000004827
957 0.0000004822
958 0.0000004817
959 0.0000004812
960 0.0000004806
961 0.0000004801
962 0.0000004796
963 0.0000004791
964 0.0000004786
965 0.0000004781
966 0.0000004776
967 0.0000004771
968 0.0000004766
969 0.0000004762
970 0.0000004757
971 0.0000004752
972 0.0000004747
973 0.0000004742
974 0.0000004737
975 0.0000004732
976 0.0000004727
977 0.0000004722
978 0.0000004717
979 0.0000004713
980 0.0000004708
981 0.0000004703
982 0.0000004698
983 0.0000004693
984 0.0000004689
985 0.0000004684
986 0.0000004679
987 0.0000004674
988 0.0000004669
989 0.0000004665
990 0.0000004660
