0 316
0 0.9788981168
1 0.0055765798
2 0.0018901416
3 0.0011763764
4 0.0007823962
5 0.0005750351
6 0.0004542283
7 0.0003761554
8 0.0003219568
9 0.0002822865
10 0.0002519646
11 0.0002279448
12 0.0002083609
13 0.0001920245
14 0.0001781479
15 0.0001661886
16 0.0001557595
17 0.0001465757
18 0.0001384217
19 0.0001311308
20 0.0001245714
21 0.0001186378
22 0.0001132443
23 0.0001083200
24 0.0001038062
25 0.0000996536
26 0.0000958205
27 0.0000922714
28 0.0000889758
29 0.0000859075
30 0.0000830437
31 0.0000803647
32 0.0000778532
33 0.0000754938
34 0.0000732733
35 0.0000711796
36 0.0000692022
37 0.0000673317
38 0.0000655597
39 0.0000638786
40 0.0000622815
41 0.0000607623
42 0.0000593154
43 0.0000579359
44 0.0000566190
45 0.0000553607
46 0.0000541571
47 0.0000530047
48 0.0000519003
49 0.0000508410
50 0.0000498241
51 0.0000488470
52 0.0000479076
53 0.0000470035
54 0.0000461330
55 0.0000452941
56 0.0000444852
57 0.0000437046
58 0.0000429510
59 0.0000422229
60 0.0000415191
61 0.0000408384
62 0.0000401796
63 0.0000395417
64 0.0000389238
65 0.0000383249
66 0.0000377441
67 0.0000371807
68 0.0000366338
69 0.0000361028
70 0.0000355869
71 0.0000350856
72 0.0000345982
73 0.0000341242
74 0.0000336630
75 0.0000332140
76 0.0000327769
77 0.0000323512
78 0.0000319363
79 0.0000315320
80 0.0000311378
81 0.0000307533
82 0.0000303781
83 0.0000300121
84 0.0000296547
85 0.0000293057
86 0.0000289649
87 0.0000286319
88 0.0000283064
89 0.0000279883
90 0.0000276773
91 0.0000273730
92 0.0000270754
93 0.0000267842
94 0.0000264992
95 0.0000262202
96 0.0000259470
97 0.0000256794
98 0.0000254173
99 0.0000251605
100 0.0000249088
101 0.0000246621
102 0.0000244203
103 0.0000241831
104 0.0000239505
105 0.0000237223
106 0.0000234985
107 0.0000232788
108 0.0000230632
109 0.0000228515
110 0.0000226437
111 0.0000224396
112 0.0000222392
113 0.0000220423
114 0.0000218489
115 0.0000216588
116 0.0000214721
117 0.0000212885
118 0.0000211080
119 0.0000209306
120 0.0000207561
121 0.0000205845
122 0.0000204157
123 0.0000202496
124 0.0000200862
125 0.0000199255
126 0.0000197673
127 0.0000196116
128 0.0000194583
129 0.0000193074
130 0.0000191588
131 0.0000190125
132 0.0000188684
133 0.0000187264
134 0.0000185866
135 0.0000184489
136 0.0000183132
137 0.0000181794
138 0.0000180476
139 0.0000179177
140 0.0000177897
141 0.0000176634
142 0.0000175390
143 0.0000174163
144 0.0000172953
145 0.0000171759
146 0.0000170582
147 0.0000169421
148 0.0000168276
149 0.0000167145
150 0.0000166031
151 0.0000164930
152 0.0000163845
153 0.0000162773
154 0.0000161715
155 0.0000160672
156 0.0000159641
157 0.0000158623
158 0.0000157619
159 0.0000156627
160 0.0000155647
161 0.0000154680
162 0.0000153724
163 0.0000152781
164 0.0000151848
165 0.0000150927
166 0.0000150018
167 0.0000149119
168 0.0000148230
169 0.0000147353
170 0.0000146485
171 0.0000145628
172 0.0000144781
173 0.0000143943
174 0.0000143115
175 0.0000142297
176 0.0000141487
177 0.0000140687
178 0.0000139896
179 0.0000139114
180 0.0000138341
181 0.0000137576
182 0.0000136819
183 0.0000136071
184 0.0000135331
185 0.0000134598
186 0.0000133874
187 0.0000133157
188 0.0000132448
189 0.0000131747
190 0.0000131053
191 0.0000130366
192 0.0000129686
193 0.0000129014
194 0.0000128348
195 0.0000127689
196 0.0000127037
197 0.0000126391
198 0.0000125752
199 0.0000125120
200 0.0000124494
201 0.0000123873
202 0.0000123260
203 0.0000122652
204 0.0000122050
205 0.0000121454
206 0.0000120863
207 0.0000120279
208 0.0000119700
209 0.0000119126
210 0.0000118558
211 0.0000117996
212 0.0000117438
213 0.0000116886
214 0.0000116339
215 0.0000115798
216 0.0000115261
217 0.0000114729
218 0.0000114202
219 0.0000113680
220 0.0000113162
221 0.0000112649
222 0.0000112141
223 0.0000111638
224 0.0000111138
225 0.0000110644
226 0.0000110153
227 0.0000109667
228 0.0000109186
229 0.0000108708
230 0.0000108235
231 0.0000107765
232 0.0000107300
233 0.0000106839
234 0.0000106381
235 0.0000105928
236 0.0000105478
237 0.0000105032
238 0.0000104590
239 0.0000104152
240 0.0000103717
241 0.0000103286
242 0.0000102858
243 0.0000102434
244 0.0000102014
245 0.0000101596
246 0.0000101183
247 0.0000100772
248 0.0000100365
249 0.0000099961
250 0.0000099560
251 0.0000099163
252 0.0000098768
253 0.0000098377
254 0.0000097989
255 0.0000097604
256 0.0000097222
257 0.0000096843
258 0.0000096466
259 0.0000096093
260 0.0000095722
261 0.0000095355
262 0.0000094990
263 0.0000094628
264 0.0000094269
265 0.0000093912
266 0.0000093558
267 0.0000093206
268 0.0000092858
269 0.0000092512
270 0.0000092168
271 0.0000091827
272 0.0000091488
273 0.0000091152
274 0.0000090819
275 0.0000090487
276 0.0000090158
277 0.0000089832
278 0.0000089508
279 0.0000089186
280 0.0000088866
281 0.0000088549
282 0.0000088234
283 0.0000087921
284 0.0000087611
285 0.0000087302
286 0.0000086996
287 0.0000086692
288 0.0000086390
289 0.0000086090
290 0.0000085792
291 0.0000085496
292 0.0000085202
293 0.0000084910
294 0.0000084620
295 0.0000084332
296 0.0000084046
297 0.0000083762
298 0.0000083479
299 0.0000083199
300 0.0000082920
301 0.0000082644
302 0.0000082369
303 0.0000082096
304 0.0000081824
305 0.0000081555
306 0.0000081287
307 0.0000081021
308 0.0000080757
309 0.0000080494
310 0.0000080233
311 0.0000079974
312 0.0000079716
313 0.0000079460
314 0.0000079205
315 0.0000078953
316 0.0000078701
