1 2000
0 0.9945547174
1 0.0015860527
2 0.0006462117
3 0.0004402573
4 0.0003162971
5 0.0002431063
6 0.0001953431
7 0.0001614965
8 0.0001362772
9 0.0001168314
10 0.0001014329
11 0.0000889734
12 0.0000787121
13 0.0000701367
14 0.0000628817
15 0.0000566794
16 0.0000513291
17 0.0000466775
18 0.0000426055
19 0.0000390192
20 0.0000358434
21 0.0000330174
22 0.0000304918
23 0.0000282256
24 0.0000261848
25 0.0000243409
26 0.0000226699
27 0.0000211513
28 0.0000197678
29 0.0000185041
30 0.0000173475
31 0.0000162866
32 0.0000153116
33 0.0000144140
34 0.0000135861
35 0.0000128214
36 0.0000121139
37 0.0000114584
38 0.0000108503
39 0.0000102854
40 0.0000097599
41 0.0000092706
42 0.0000088145
43 0.0000083888
44 0.0000079910
45 0.0000076191
46 0.0000072710
47 0.0000069448
48 0.0000066390
49 0.0000063519
50 0.0000060822
51 0.0000058287
52 0.0000055903
53 0.0000053657
54 0.0000051541
55 0.0000049546
56 0.0000047664
57 0.0000045886
58 0.0000044207
59 0.0000042619
60 0.0000041117
61 0.0000039695
62 0.0000038348
63 0.0000037071
64 0.0000035860
65 0.0000034711
66 0.0000033620
67 0.0000032584
68 0.0000031598
69 0.0000030661
70 0.0000029769
71 0.0000028920
72 0.0000028111
73 0.0000027340
74 0.0000026605
75 0.0000025904
76 0.0000025234
77 0.0000024594
78 0.0000023983
79 0.0000023398
80 0.0000022839
81 0.0000022304
82 0.0000021792
83 0.0000021301
84 0.0000020830
85 0.0000020379
86 0.0000019946
87 0.0000019531
88 0.0000019132
89 0.0000018749
90 0.0000018380
91 0.0000018026
92 0.0000017685
93 0.0000017357
94 0.0000017041
95 0.0000016737
96 0.0000016443
97 0.0000016160
98 0.0000015887
99 0.0000015624
100 0.0000015369
101 0.0000015124
102 0.0000014886
103 0.0000014656
104 0.0000014434
105 0.0000014219
106 0.0000014011
107 0.0000013810
108 0.0000013615
109 0.0000013425
110 0.0000013242
111 0.0000013064
112 0.0000012891
113 0.0000012723
114 0.0000012560
115 0.0000012402
116 0.0000012248
117 0.0000012099
118 0.0000011953
119 0.0000011812
120 0.0000011674
121 0.0000011540
122 0.0000011409
123 0.0000011281
124 0.0000011157
125 0.0000011036
126 0.0000010918
127 0.0000010803
128 0.0000010690
129 0.0000010580
130 0.0000010473
131 0.0000010368
132 0.0000010265
133 0.0000010165
134 0.0000010067
135 0.0000009971
136 0.0000009877
137 0.0000009786
138 0.0000009696
139 0.0000009608
140 0.0000009521
141 0.0000009437
142 0.0000009354
143 0.0000009273
144 0.0000009193
145 0.0000009115
146 0.0000009038
147 0.0000008963
148 0.0000008889
149 0.0000008817
150 0.0000008746
151 0.0000008676
152 0.0000008607
153 0.0000008539
154 0.0000008473
155 0.0000008408
156 0.0000008344
157 0.0000008281
158 0.0000008219
159 0.0000008158
160 0.0000008097
161 0.0000008038
162 0.0000007980
163 0.0000007923
164 0.0000007866
165 0.0000007811
166 0.0000007756
167 0.0000007702
168 0.0000007649
169 0.0000007597
170 0.0000007545
171 0.0000007494
172 0.0000007444
173 0.0000007395
174 0.0000007346
175 0.0000007298
176 0.0000007250
177 0.0000007203
178 0.0000007157
179 0.0000007112
180 0.0000007067
181 0.0000007022
182 0.0000006978
183 0.0000006935
184 0.0000006892
185 0.0000006850
186 0.0000006808
187 0.0000006767
188 0.0000006726
189 0.0000006686
190 0.0000006647
191 0.0000006607
192 0.0000006569
193 0.0000006530
194 0.0000006492
195 0.0000006455
196 0.0000006418
197 0.0000006381
198 0.0000006345
199 0.0000006309
200 0.0000006274
201 0.0000006239
202 0.0000006204
203 0.0000006170
204 0.0000006136
205 0.0000006103
206 0.0000006070
207 0.0000006037
208 0.0000006004
209 0.0000005972
210 0.0000005941
211 0.0000005909
212 0.0000005878
213 0.0000005847
214 0.0000005817
215 0.0000005787
216 0.0000005757
217 0.0000005727
218 0.0000005698
219 0.0000005669
220 0.0000005640
221 0.0000005612
222 0.0000005583
223 0.0000005556
224 0.0000005528
225 0.0000005501
226 0.0000005473
227 0.0000005447
228 0.0000005420
229 0.0000005394
230 0.0000005367
231 0.0000005342
232 0.0000005316
233 0.0000005291
234 0.0000005265
235 0.0000005240
236 0.0000005216
237 0.0000005191
238 0.0000005167
239 0.0000005143
240 0.0000005119
241 0.0000005095
242 0.0000005072
243 0.0000005049
244 0.0000005026
245 0.0000005003
246 0.0000004980
247 0.0000004958
248 0.0000004935
249 0.0000004913
250 0.0000004891
251 0.0000004870
252 0.0000004848
253 0.0000004827
254 0.0000004806
255 0.0000004785
256 0.0000004764
257 0.0000004743
258 0.0000004723
259 0.0000004702
260 0.0000004682
261 0.0000004662
262 0.0000004642
263 0.0000004622
264 0.0000004603
265 0.0000004584
266 0.0000004564
267 0.0000004545
268 0.0000004526
269 0.0000004508
270 0.0000004489
271 0.0000004470
272 0.0000004452
273 0.0000004434
274 0.0000004416
275 0.0000004398
276 0.0000004380
277 0.0000004362
278 0.0000004345
279 0.0000004327
280 0.0000004310
281 0.0000004293
282 0.0000004276
283 0.0000004259
284 0.0000004242
285 0.0000004226
286 0.0000004209
287 0.0000004193
288 0.0000004176
289 0.0000004160
290 0.0000004144
291 0.0000004128
292 0.0000004112
293 0.0000004097
294 0.0000004081
295 0.0000004066
296 0.0000004050
297 0.0000004035
298 0.0000004020
299 0.0000004005
300 0.0000003990
301 0.0000003975
302 0.0000003960
303 0.0000003945
304 0.0000003931
305 0.0000003916
306 0.0000003902
307 0.0000003888
308 0.0000003874
309 0.0000003860
310 0.0000003846
311 0.0000003832
312 0.0000003818
313 0.0000003804
314 0.0000003791
315 0.0000003777
316 0.0000003764
317 0.0000003750
318 0.0000003737
319 0.0000003724
320 0.0000003711
321 0.0000003698
322 0.0000003685
323 0.0000003672
324 0.0000003659
325 0.0000003647
326 0.0000003634
327 0.0000003622
328 0.0000003609
329 0.0000003597
330 0.0000003585
331 0.0000003572
332 0.0000003560
333 0.0000003548
334 0.0000003536
335 0.0000003524
336 0.0000003513
337 0.0000003501
338 0.0000003489
339 0.0000003478
340 0.0000003466
341 0.0000003455
342 0.0000003443
343 0.0000003432
344 0.0000003421
345 0.0000003409
346 0.0000003398
347 0.0000003387
348 0.0000003376
349 0.0000003365
350 0.0000003354
351 0.0000003344
352 0.0000003333
353 0.0000003322
354 0.0000003312
355 0.0000003301
356 0.0000003291
357 0.0000003280
358 0.0000003270
359 0.0000003260
360 0.0000003249
361 0.0000003239
362 0.0000003229
363 0.0000003219
364 0.0000003209
365 0.0000003199
366 0.0000003189
367 0.0000003179
368 0.0000003170
369 0.0000003160
370 0.0000003150
371 0.0000003141
372 0.0000003131
373 0.0000003122
374 0.0000003112
375 0.0000003103
376 0.0000003093
377 0.0000003084
378 0.0000003075
379 0.0000003066
380 0.0000003057
381 0.0000003047
382 0.0000003038
383 0.0000003029
384 0.0000003020
385 0.0000003012
386 0.0000003003
387 0.0000002994
388 0.0000002985
389 0.0000002976
390 0.0000002968
391 0.0000002959
392 0.0000002951
393 0.0000002942
394 0.0000002934
395 0.0000002925
396 0.0000002917
397 0.0000002908
398 0.0000002900
399 0.0000002892
400 0.0000002884
401 0.0000002876
402 0.0000002867
403 0.0000002859
404 0.0000002851
405 0.0000002843
406 0.0000002835
407 0.0000002827
408 0.0000002820
409 0.0000002812
410 0.0000002804
411 0.0000002796
412 0.0000002788
413 0.0000002781
414 0.0000002773
415 0.0000002765
416 0.0000002758
417 0.0000002750
418 0.0000002743
419 0.0000002735
420 0.0000002728
421 0.0000002721
422 0.0000002713
423 0.0000002706
424 0.0000002699
425 0.0000002691
426 0.0000002684
427 0.0000002677
428 0.0000002670
429 0.0000002663
430 0.0000002656
431 0.0000002649
432 0.0000002642
433 0.0000002635
434 0.0000002628
435 0.0000002621
436 0.0000002614
437 0.0000002607
438 0.0000002601
439 0.0000002594
440 0.0000002587
441 0.0000002580
442 0.0000002574
443 0.0000002567
444 0.0000002561
445 0.0000002554
446 0.0000002547
447 0.0000002541
448 0.0000002534
449 0.0000002528
450 0.0000002522
451 0.0000002515
452 0.0000002509
453 0.0000002502
454 0.0000002496
455 0.0000002490
456 0.0000002484
457 0.0000002477
458 0.0000002471
459 0.0000002465
460 0.0000002459
461 0.0000002453
462 0.0000002447
463 0.0000002441
464 0.0000002435
465 0.0000002429
466 0.0000002423
467 0.0000002417
468 0.0000002411
469 0.0000002405
470 0.0000002399
471 0.0000002393
472 0.0000002388
473 0.0000002382
474 0.0000002376
475 0.0000002370
476 0.0000002365
477 0.0000002359
478 0.0000002353
479 0.0000002348
480 0.0000002342
481 0.0000002336
482 0.0000002331
483 0.0000002325
484 0.0000002320
485 0.0000002314
486 0.0000002309
487 0.0000002304
488 0.0000002298
489 0.0000002293
490 0.0000002287
491 0.0000002282
492 0.0000002277
493 0.0000002271
494 0.0000002266
495 0.0000002261
496 0.0000002256
497 0.0000002250
498 0.0000002245
499 0.0000002240
500 0.0000002235
501 0.0000002230
502 0.0000002225
503 0.0000002220
504 0.0000002215
505 0.0000002210
506 0.0000002205
507 0.0000002200
508 0.0000002195
509 0.0000002190
510 0.0000002185
511 0.0000002180
512 0.0000002175
513 0.0000002170
514 0.0000002165
515 0.0000002160
516 0.0000002155
517 0.0000002151
518 0.0000002146
519 0.0000002141
520 0.0000002136
521 0.0000002132
522 0.0000002127
523 0.0000002122
524 0.0000002118
525 0.0000002113
526 0.0000002108
527 0.0000002104
528 0.0000002099
529 0.0000002095
530 0.0000002090
531 0.0000002086
532 0.0000002081
533 0.0000002077
534 0.0000002072
535 0.0000002068
536 0.0000002063
537 0.0000002059
538 0.0000002054
539 0.0000002050
540 0.0000002046
541 0.0000002041
542 0.0000002037
543 0.0000002033
544 0.0000002028
545 0.0000002024
546 0.0000002020
547 0.0000002015
548 0.0000002011
549 0.0000002007
550 0.0000002003
551 0.0000001999
552 0.0000001994
553 0.0000001990
554 0.0000001986
555 0.0000001982
556 0.0000001978
557 0.0000001974
558 0.0000001970
559 0.0000001966
560 0.0000001962
561 0.0000001957
562 0.0000001953
563 0.0000001949
564 0.0000001945
565 0.0000001941
566 0.0000001938
567 0.0000001934
568 0.0000001930
569 0.0000001926
570 0.0000001922
571 0.0000001918
572 0.0000001914
573 0.0000001910
574 0.0000001906
575 0.0000001903
576 0.0000001899
577 0.0000001895
578 0.0000001891
579 0.0000001887
580 0.0000001884
581 0.0000001880
582 0.0000001876
583 0.0000001872
584 0.0000001869
585 0.0000001865
586 0.0000001861
587 0.0000001858
588 0.0000001854
589 0.0000001850
590 0.0000001847
591 0.0000001843
592 0.0000001839
593 0.0000001836
594 0.0000001832
595 0.0000001829
596 0.0000001825
597 0.0000001822
598 0.0000001818
599 0.0000001815
600 0.0000001811
601 0.0000001808
602 0.0000001804
603 0.0000001801
604 0.0000001797
605 0.0000001794
606 0.0000001790
607 0.0000001787
608 0.0000001784
609 0.0000001780
610 0.0000001777
611 0.0000001773
612 0.0000001770
613 0.0000001767
614 0.0000001763
615 0.0000001760
616 0.0000001757
617 0.0000001753
618 0.0000001750
619 0.0000001747
620 0.0000001744
621 0.0000001740
622 0.0000001737
623 0.0000001734
624 0.0000001731
625 0.0000001727
626 0.0000001724
627 0.0000001721
628 0.0000001718
629 0.0000001715
630 0.0000001711
631 0.0000001708
632 0.0000001705
633 0.0000001702
634 0.0000001699
635 0.0000001696
636 0.0000001693
637 0.0000001690
638 0.0000001687
639 0.0000001683
640 0.0000001680
641 0.0000001677
642 0.0000001674
643 0.0000001671
644 0.0000001668
645 0.0000001665
646 0.0000001662
647 0.0000001659
648 0.0000001656
649 0.0000001653
650 0.0000001650
651 0.0000001647
652 0.0000001645
653 0.0000001642
654 0.0000001639
655 0.0000001636
656 0.0000001633
657 0.0000001630
658 0.0000001627
659 0.0000001624
660 0.0000001621
661 0.0000001619
662 0.0000001616
663 0.0000001613
664 0.0000001610
665 0.0000001607
666 0.0000001604
667 0.0000001602
668 0.0000001599
669 0.0000001596
670 0.0000001593
671 0.0000001590
672 0.0000001588
673 0.0000001585
674 0.0000001582
675 0.0000001579
676 0.0000001577
677 0.0000001574
678 0.0000001571
679 0.0000001569
680 0.0000001566
681 0.0000001563
682 0.0000001561
683 0.0000001558
684 0.0000001555
685 0.0000001553
686 0.0000001550
687 0.0000001547
688 0.0000001545
689 0.0000001542
690 0.0000001540
691 0.0000001537
692 0.0000001534
693 0.0000001532
694 0.0000001529
695 0.0000001527
696 0.0000001524
697 0.0000001522
698 0.0000001519
699 0.0000001516
700 0.0000001514
701 0.0000001511
702 0.0000001509
703 0.0000001506
704 0.0000001504
705 0.0000001501
706 0.0000001499
707 0.0000001496
708 0.0000001494
709 0.0000001492
710 0.0000001489
711 0.0000001487
712 0.0000001484
713 0.0000001482
714 0.0000001479
715 0.0000001477
716 0.0000001474
717 0.0000001472
718 0.0000001470
719 0.0000001467
720 0.0000001465
721 0.0000001463
722 0.0000001460
723 0.0000001458
724 0.0000001455
725 0.0000001453
726 0.0000001451
727 0.0000001448
728 0.0000001446
729 0.0000001444
730 0.0000001441
731 0.0000001439
732 0.0000001437
733 0.0000001435
734 0.0000001432
735 0.0000001430
736 0.0000001428
737 0.0000001425
738 0.0000001423
739 0.0000001421
740 0.0000001419
741 0.0000001416
742 0.0000001414
743 0.0000001412
744 0.0000001410
745 0.0000001408
746 0.0000001405
747 0.0000001403
748 0.0000001401
749 0.0000001399
750 0.0000001397
751 0.0000001394
752 0.0000001392
753 0.0000001390
754 0.0000001388
755 0.0000001386
756 0.0000001384
757 0.0000001382
758 0.0000001379
759 0.0000001377
760 0.0000001375
761 0.0000001373
762 0.0000001371
763 0.0000001369
764 0.0000001367
765 0.0000001365
766 0.0000001363
767 0.0000001360
768 0.0000001358
769 0.0000001356
770 0.0000001354
771 0.0000001352
772 0.0000001350
773 0.0000001348
774 0.0000001346
775 0.0000001344
776 0.0000001342
777 0.0000001340
778 0.0000001338
779 0.0000001336
780 0.0000001334
781 0.0000001332
782 0.0000001330
783 0.0000001328
784 0.0000001326
785 0.0000001324
786 0.0000001322
787 0.0000001320
788 0.0000001318
789 0.0000001316
790 0.0000001314
791 0.0000001312
792 0.0000001310
793 0.0000001308
794 0.0000001306
795 0.0000001304
796 0.0000001302
797 0.0000001301
798 0.0000001299
799 0.0000001297
800 0.0000001295
801 0.0000001293
802 0.0000001291
803 0.0000001289
804 0.0000001287
805 0.0000001285
806 0.0000001284
807 0.0000001282
808 0.0000001280
809 0.0000001278
810 0.0000001276
811 0.0000001274
812 0.0000001272
813 0.0000001271
814 0.0000001269
815 0.0000001267
816 0.0000001265
817 0.0000001263
818 0.0000001261
819 0.0000001260
820 0.0000001258
821 0.0000001256
822 0.0000001254
823 0.0000001252
824 0.0000001251
825 0.0000001249
826 0.0000001247
827 0.0000001245
828 0.0000001244
829 0.0000001242
830 0.0000001240
831 0.0000001238
832 0.0000001236
833 0.0000001235
834 0.0000001233
835 0.0000001231
836 0.0000001230
837 0.0000001228
838 0.0000001226
839 0.0000001224
840 0.0000001223
841 0.0000001221
842 0.0000001219
843 0.0000001218
844 0.0000001216
845 0.0000001214
846 0.0000001212
847 0.0000001211
848 0.0000001209
849 0.0000001207
850 0.0000001206
851 0.0000001204
852 0.0000001202
853 0.0000001201
854 0.0000001199
855 0.0000001197
856 0.0000001196
857 0.0000001194
858 0.0000001192
859 0.0000001191
860 0.0000001189
861 0.0000001188
862 0.0000001186
863 0.0000001184
864 0.0000001183
865 0.0000001181
866 0.0000001180
867 0.0000001178
868 0.0000001176
869 0.0000001175
870 0.0000001173
871 0.0000001172
872 0.0000001170
873 0.0000001168
874 0.0000001167
875 0.0000001165
876 0.0000001164
877 0.0000001162
878 0.0000001161
879 0.0000001159
880 0.0000001157
881 0.0000001156
882 0.0000001154
883 0.0000001153
884 0.0000001151
885 0.0000001150
886 0.0000001148
887 0.0000001147
888 0.0000001145
889 0.0000001144
890 0.0000001142
891 0.0000001141
892 0.0000001139
893 0.0000001138
894 0.0000001136
895 0.0000001135
896 0.0000001133
897 0.0000001132
898 0.0000001130
899 0.0000001129
900 0.0000001127
901 0.0000001126
902 0.0000001124
903 0.0000001123
904 0.0000001121
905 0.0000001120
906 0.0000001118
907 0.0000001117
908 0.0000001115
909 0.0000001114
910 0.0000001112
911 0.0000001111
912 0.0000001110
913 0.0000001108
914 0.0000001107
915 0.0000001105
916 0.0000001104
917 0.0000001102
918 0.0000001101
919 0.0000001100
920 0.0000001098
921 0.0000001097
922 0.0000001095
923 0.0000001094
924 0.0000001093
925 0.0000001091
926 0.0000001090
927 0.0000001088
928 0.0000001087
929 0.0000001086
930 0.0000001084
931 0.0000001083
932 0.0000001081
933 0.0000001080
934 0.0000001079
935 0.0000001077
936 0.0000001076
937 0.0000001075
938 0.0000001073
939 0.0000001072
940 0.0000001071
941 0.0000001069
942 0.0000001068
943 0.0000001067
944 0.0000001065
945 0.0000001064
946 0.0000001063
947 0.0000001061
948 0.0000001060
949 0.0000001059
950 0.0000001057
951 0.0000001056
952 0.0000001055
953 0.0000001053
954 0.0000001052
955 0.0000001051
956 0.0000001049
957 0.0000001048
958 0.0000001047
959 0.0000001046
960 0.0000001044
961 0.0000001043
962 0.0000001042
963 0.0000001040
964 0.0000001039
965 0.0000001038
966 0.0000001037
967 0.0000001035
968 0.0000001034
969 0.0000001033
970 0.0000001031
971 0.0000001030
972 0.0000001029
973 0.0000001028
974 0.0000001026
975 0.0000001025
976 0.0000001024
977 0.0000001023
978 0.0000001021
979 0.0000001020
980 0.0000001019
981 0.0000001018
982 0.0000001017
983 0.0000001015
984 0.0000001014
985 0.0000001013
986 0.0000001012
987 0.0000001010
988 0.0000001009
989 0.0000001008
990 0.0000001007
991 0.0000001006
992 0.0000001004
993 0.0000001003
994 0.0000001002
995 0.0000001001
996 0.0000001000
997 0.0000000998
998 0.0000000997
999 0.0000000996
1000 0.0000000995
1001 0.0000000994
1002 0.0000000993
1003 0.0000000991
1004 0.0000000990
1005 0.0000000989
1006 0.0000000988
1007 0.0000000987
1008 0.0000000986
1009 0.0000000984
1010 0.0000000983
1011 0.0000000982
1012 0.0000000981
1013 0.0000000980
1014 0.0000000979
1015 0.0000000977
1016 0.0000000976
1017 0.0000000975
1018 0.0000000974
1019 0.0000000973
1020 0.0000000972
1021 0.0000000971
1022 0.0000000969
1023 0.0000000968
1024 0.0000000967
1025 0.0000000966
1026 0.0000000965
1027 0.0000000964
1028 0.0000000963
1029 0.0000000962
1030 0.0000000961
1031 0.0000000959
1032 0.0000000958
1033 0.0000000957
1034 0.0000000956
1035 0.0000000955
1036 0.0000000954
1037 0.0000000953
1038 0.0000000952
1039 0.0000000951
1040 0.0000000950
1041 0.0000000948
1042 0.0000000947
1043 0.0000000946
1044 0.0000000945
1045 0.0000000944
1046 0.0000000943
1047 0.0000000942
1048 0.0000000941
1049 0.0000000940
1050 0.0000000939
1051 0.0000000938
1052 0.0000000937
1053 0.0000000936
1054 0.0000000935
1055 0.0000000934
1056 0.0000000932
1057 0.0000000931
1058 0.0000000930
1059 0.0000000929
1060 0.0000000928
1061 0.0000000927
1062 0.0000000926
1063 0.0000000925
1064 0.0000000924
1065 0.0000000923
1066 0.0000000922
1067 0.0000000921
1068 0.0000000920
1069 0.0000000919
1070 0.0000000918
1071 0.0000000917
1072 0.0000000916
1073 0.0000000915
1074 0.0000000914
1075 0.0000000913
1076 0.0000000912
1077 0.0000000911
1078 0.0000000910
1079 0.0000000909
1080 0.0000000908
1081 0.0000000907
1082 0.0000000906
1083 0.0000000905
1084 0.0000000904
1085 0.0000000903
1086 0.0000000902
1087 0.0000000901
1088 0.0000000900
1089 0.0000000899
1090 0.0000000898
1091 0.0000000897
1092 0.0000000896
1093 0.0000000895
1094 0.0000000894
1095 0.0000000893
1096 0.0000000892
1097 0.0000000891
1098 0.0000000890
1099 0.0000000889
1100 0.0000000888
1101 0.0000000887
1102 0.0000000886
1103 0.0000000885
1104 0.0000000884
1105 0.0000000883
1106 0.0000000882
1107 0.0000000881
1108 0.0000000881
1109 0.0000000880
1110 0.0000000879
1111 0.0000000878
1112 0.0000000877
1113 0.0000000876
1114 0.0000000875
1115 0.0000000874
1116 0.0000000873
1117 0.0000000872
1118 0.0000000871
1119 0.0000000870
1120 0.0000000869
1121 0.0000000868
1122 0.0000000867
1123 0.0000000867
1124 0.0000000866
1125 0.0000000865
1126 0.0000000864
1127 0.0000000863
1128 0.0000000862
1129 0.0000000861
1130 0.0000000860
1131 0.0000000859
1132 0.0000000858
1133 0.0000000857
1134 0.0000000856
1135 0.0000000856
1136 0.0000000855
1137 0.0000000854
1138 0.0000000853
1139 0.0000000852
1140 0.0000000851
1141 0.0000000850
1142 0.0000000849
1143 0.0000000848
1144 0.0000000848
1145 0.0000000847
1146 0.0000000846
1147 0.0000000845
1148 0.0000000844
1149 0.0000000843
1150 0.0000000842
1151 0.0000000841
1152 0.0000000841
1153 0.0000000840
1154 0.0000000839
1155 0.0000000838
1156 0.0000000837
1157 0.0000000836
1158 0.0000000835
1159 0.0000000834
1160 0.0000000834
1161 0.0000000833
1162 0.0000000832
1163 0.0000000831
1164 0.0000000830
1165 0.0000000829
1166 0.0000000828
1167 0.0000000828
1168 0.0000000827
1169 0.0000000826
1170 0.0000000825
1171 0.0000000824
1172 0.0000000823
1173 0.0000000823
1174 0.0000000822
1175 0.0000000821
1176 0.0000000820
1177 0.0000000819
1178 0.0000000818
1179 0.0000000818
1180 0.0000000817
1181 0.0000000816
1182 0.0000000815
1183 0.0000000814
1184 0.0000000813
1185 0.0000000813
1186 0.0000000812
1187 0.0000000811
1188 0.0000000810
1189 0.0000000809
1190 0.0000000808
1191 0.0000000808
1192 0.0000000807
1193 0.0000000806
1194 0.0000000805
1195 0.0000000804
1196 0.0000000804
1197 0.0000000803
1198 0.0000000802
1199 0.0000000801
1200 0.0000000800
1201 0.0000000800
1202 0.0000000799
1203 0.0000000798
1204 0.0000000797
1205 0.0000000796
1206 0.0000000796
1207 0.0000000795
1208 0.0000000794
1209 0.0000000793
1210 0.0000000792
1211 0.0000000792
1212 0.0000000791
1213 0.0000000790
1214 0.0000000789
1215 0.0000000789
1216 0.0000000788
1217 0.0000000787
1218 0.0000000786
1219 0.0000000785
1220 0.0000000785
1221 0.0000000784
1222 0.0000000783
1223 0.0000000782
1224 0.0000000782
1225 0.0000000781
1226 0.0000000780
1227 0.0000000779
1228 0.0000000779
1229 0.0000000778
1230 0.0000000777
1231 0.0000000776
1232 0.0000000776
1233 0.0000000775
1234 0.0000000774
1235 0.0000000773
1236 0.0000000773
1237 0.0000000772
1238 0.0000000771
1239 0.0000000770
1240 0.0000000770
1241 0.0000000769
1242 0.0000000768
1243 0.0000000767
1244 0.0000000767
1245 0.0000000766
1246 0.0000000765
1247 0.0000000764
1248 0.0000000764
1249 0.0000000763
1250 0.0000000762
1251 0.0000000761
1252 0.0000000761
1253 0.0000000760
1254 0.0000000759
1255 0.0000000759
1256 0.0000000758
1257 0.0000000757
1258 0.0000000756
1259 0.0000000756
1260 0.0000000755
1261 0.0000000754
1262 0.0000000753
1263 0.0000000753
1264 0.0000000752
1265 0.0000000751
1266 0.0000000751
1267 0.0000000750
1268 0.0000000749
1269 0.0000000748
1270 0.0000000748
1271 0.0000000747
1272 0.0000000746
1273 0.0000000746
1274 0.0000000745
1275 0.0000000744
1276 0.0000000744
1277 0.0000000743
1278 0.0000000742
1279 0.0000000741
1280 0.0000000741
1281 0.0000000740
1282 0.0000000739
1283 0.0000000739
1284 0.0000000738
1285 0.0000000737
1286 0.0000000737
1287 0.0000000736
1288 0.0000000735
1289 0.0000000735
1290 0.0000000734
1291 0.0000000733
1292 0.0000000732
1293 0.0000000732
1294 0.0000000731
1295 0.0000000730
1296 0.0000000730
1297 0.0000000729
1298 0.0000000728
1299 0.0000000728
1300 0.0000000727
1301 0.0000000726
1302 0.0000000726
1303 0.0000000725
1304 0.0000000724
1305 0.0000000724
1306 0.0000000723
1307 0.0000000722
1308 0.0000000722
1309 0.0000000721
1310 0.0000000720
1311 0.0000000720
1312 0.0000000719
1313 0.0000000718
1314 0.0000000718
1315 0.0000000717
1316 0.0000000716
1317 0.0000000716
1318 0.0000000715
1319 0.0000000714
1320 0.0000000714
1321 0.0000000713
1322 0.0000000712
1323 0.0000000712
1324 0.0000000711
1325 0.0000000711
1326 0.0000000710
1327 0.0000000709
1328 0.0000000709
1329 0.0000000708
1330 0.0000000707
1331 0.0000000707
1332 0.0000000706
1333 0.0000000705
1334 0.0000000705
1335 0.0000000704
1336 0.0000000703
1337 0.0000000703
1338 0.0000000702
1339 0.0000000702
1340 0.0000000701
1341 0.0000000700
1342 0.0000000700
1343 0.0000000699
1344 0.0000000698
1345 0.0000000698
1346 0.0000000697
1347 0.0000000697
1348 0.0000000696
1349 0.0000000695
1350 0.0000000695
1351 0.0000000694
1352 0.0000000693
1353 0.0000000693
1354 0.0000000692
1355 0.0000000692
1356 0.0000000691
1357 0.0000000690
1358 0.0000000690
1359 0.0000000689
1360 0.0000000689
1361 0.0000000688
1362 0.0000000687
1363 0.0000000687
1364 0.0000000686
1365 0.0000000685
1366 0.0000000685
1367 0.0000000684
1368 0.0000000684
1369 0.0000000683
1370 0.0000000682
1371 0.0000000682
1372 0.0000000681
1373 0.0000000681
1374 0.0000000680
1375 0.0000000679
1376 0.0000000679
1377 0.0000000678
1378 0.0000000678
1379 0.0000000677
1380 0.0000000676
1381 0.0000000676
1382 0.0000000675
1383 0.0000000675
1384 0.0000000674
1385 0.0000000674
1386 0.0000000673
1387 0.0000000672
1388 0.0000000672
1389 0.0000000671
1390 0.0000000671
1391 0.0000000670
1392 0.0000000669
1393 0.0000000669
1394 0.0000000668
1395 0.0000000668
1396 0.0000000667
1397 0.0000000667
1398 0.0000000666
1399 0.0000000665
1400 0.0000000665
1401 0.0000000664
1402 0.0000000664
1403 0.0000000663
1404 0.0000000663
1405 0.0000000662
1406 0.0000000661
1407 0.0000000661
1408 0.0000000660
1409 0.0000000660
1410 0.0000000659
1411 0.0000000659
1412 0.0000000658
1413 0.0000000657
1414 0.0000000657
1415 0.0000000656
1416 0.0000000656
1417 0.0000000655
1418 0.0000000655
1419 0.0000000654
1420 0.0000000653
1421 0.0000000653
1422 0.0000000652
1423 0.0000000652
1424 0.0000000651
1425 0.0000000651
1426 0.0000000650
1427 0.0000000650
1428 0.0000000649
1429 0.0000000649
1430 0.0000000648
1431 0.0000000647
1432 0.0000000647
1433 0.0000000646
1434 0.0000000646
1435 0.0000000645
1436 0.0000000645
1437 0.0000000644
1438 0.0000000644
1439 0.0000000643
1440 0.0000000643
1441 0.0000000642
1442 0.0000000641
1443 0.0000000641
1444 0.0000000640
1445 0.0000000640
1446 0.0000000639
1447 0.0000000639
1448 0.0000000638
1449 0.0000000638
1450 0.0000000637
1451 0.0000000637
1452 0.0000000636
1453 0.0000000636
1454 0.0000000635
1455 0.0000000634
1456 0.0000000634
1457 0.0000000633
1458 0.0000000633
1459 0.0000000632
1460 0.0000000632
1461 0.0000000631
1462 0.0000000631
1463 0.0000000630
1464 0.0000000630
1465 0.0000000629
1466 0.0000000629
1467 0.0000000628
1468 0.0000000628
1469 0.0000000627
1470 0.0000000627
1471 0.0000000626
1472 0.0000000626
1473 0.0000000625
1474 0.0000000625
1475 0.0000000624
1476 0.0000000624
1477 0.0000000623
1478 0.0000000623
1479 0.0000000622
1480 0.0000000621
1481 0.0000000621
1482 0.0000000620
1483 0.0000000620
1484 0.0000000619
1485 0.0000000619
1486 0.0000000618
1487 0.0000000618
1488 0.0000000617
1489 0.0000000617
1490 0.0000000616
1491 0.0000000616
1492 0.0000000615
1493 0.0000000615
1494 0.0000000614
1495 0.0000000614
1496 0.0000000613
1497 0.0000000613
1498 0.0000000612
1499 0.0000000612
1500 0.0000000611
1501 0.0000000611
1502 0.0000000610
1503 0.0000000610
1504 0.0000000609
1505 0.0000000609
1506 0.0000000608
1507 0.0000000608
1508 0.0000000607
1509 0.0000000607
1510 0.0000000606
1511 0.0000000606
1512 0.0000000606
1513 0.0000000605
1514 0.0000000605
1515 0.0000000604
1516 0.0000000604
1517 0.0000000603
1518 0.0000000603
1519 0.0000000602
1520 0.0000000602
1521 0.0000000601
1522 0.0000000601
1523 0.0000000600
1524 0.0000000600
1525 0.0000000599
1526 0.0000000599
1527 0.0000000598
1528 0.0000000598
1529 0.0000000597
1530 0.0000000597
1531 0.0000000596
1532 0.0000000596
1533 0.0000000595
1534 0.0000000595
1535 0.0000000594
1536 0.0000000594
1537 0.0000000594
1538 0.0000000593
1539 0.0000000593
1540 0.0000000592
1541 0.0000000592
1542 0.0000000591
1543 0.0000000591
1544 0.0000000590
1545 0.0000000590
1546 0.0000000589
1547 0.0000000589
1548 0.0000000588
1549 0.0000000588
1550 0.0000000587
1551 0.0000000587
1552 0.0000000587
1553 0.0000000586
1554 0.0000000586
1555 0.0000000585
1556 0.0000000585
1557 0.0000000584
1558 0.0000000584
1559 0.0000000583
1560 0.0000000583
1561 0.0000000582
1562 0.0000000582
1563 0.0000000581
1564 0.0000000581
1565 0.0000000581
1566 0.0000000580
1567 0.0000000580
1568 0.0000000579
1569 0.0000000579
1570 0.0000000578
1571 0.0000000578
1572 0.0000000577
1573 0.0000000577
1574 0.0000000576
1575 0.0000000576
1576 0.0000000576
1577 0.0000000575
1578 0.0000000575
1579 0.0000000574
1580 0.0000000574
1581 0.0000000573
1582 0.0000000573
1583 0.0000000572
1584 0.0000000572
1585 0.0000000572
1586 0.0000000571
1587 0.0000000571
1588 0.0000000570
1589 0.0000000570
1590 0.0000000569
1591 0.0000000569
1592 0.0000000569
1593 0.0000000568
1594 0.0000000568
1595 0.0000000567
1596 0.0000000567
1597 0.0000000566
1598 0.0000000566
1599 0.0000000565
1600 0.0000000565
1601 0.0000000565
1602 0.0000000564
1603 0.0000000564
1604 0.0000000563
1605 0.0000000563
1606 0.0000000562
1607 0.0000000562
1608 0.0000000562
1609 0.0000000561
1610 0.0000000561
1611 0.0000000560
1612 0.0000000560
1613 0.0000000559
1614 0.0000000559
1615 0.0000000559
1616 0.0000000558
1617 0.0000000558
1618 0.0000000557
1619 0.0000000557
1620 0.0000000556
1621 0.0000000556
1622 0.0000000556
1623 0.0000000555
1624 0.0000000555
1625 0.0000000554
1626 0.0000000554
1627 0.0000000554
1628 0.0000000553
1629 0.0000000553
1630 0.0000000552
1631 0.0000000552
1632 0.0000000551
1633 0.0000000551
1634 0.0000000551
1635 0.0000000550
1636 0.0000000550
1637 0.0000000549
1638 0.0000000549
1639 0.0000000549
1640 0.0000000548
1641 0.0000000548
1642 0.0000000547
1643 0.0000000547
1644 0.0000000546
1645 0.0000000546
1646 0.0000000546
1647 0.0000000545
1648 0.0000000545
1649 0.0000000544
1650 0.0000000544
1651 0.0000000544
1652 0.0000000543
1653 0.0000000543
1654 0.0000000542
1655 0.0000000542
1656 0.0000000542
1657 0.0000000541
1658 0.0000000541
1659 0.0000000540
1660 0.0000000540
1661 0.0000000540
1662 0.0000000539
1663 0.0000000539
1664 0.0000000538
1665 0.0000000538
1666 0.0000000538
1667 0.0000000537
1668 0.0000000537
1669 0.0000000536
1670 0.0000000536
1671 0.0000000536
1672 0.0000000535
1673 0.0000000535
1674 0.0000000534
1675 0.0000000534
1676 0.0000000534
1677 0.0000000533
1678 0.0000000533
1679 0.0000000532
1680 0.0000000532
1681 0.0000000532
1682 0.0000000531
1683 0.0000000531
1684 0.0000000530
1685 0.0000000530
1686 0.0000000530
1687 0.0000000529
1688 0.0000000529
1689 0.0000000528
1690 0.0000000528
1691 0.0000000528
1692 0.0000000527
1693 0.0000000527
1694 0.0000000527
1695 0.0000000526
1696 0.0000000526
1697 0.0000000525
1698 0.0000000525
1699 0.0000000525
1700 0.0000000524
1701 0.0000000524
1702 0.0000000523
1703 0.0000000523
1704 0.0000000523
1705 0.0000000522
1706 0.0000000522
1707 0.0000000522
1708 0.0000000521
1709 0.0000000521
1710 0.0000000520
1711 0.0000000520
1712 0.0000000520
1713 0.0000000519
1714 0.0000000519
1715 0.0000000519
1716 0.0000000518
1717 0.0000000518
1718 0.0000000517
1719 0.0000000517
1720 0.0000000517
1721 0.0000000516
1722 0.0000000516
1723 0.0000000515
1724 0.0000000515
1725 0.0000000515
1726 0.0000000514
1727 0.0000000514
1728 0.0000000514
1729 0.0000000513
1730 0.0000000513
1731 0.0000000513
1732 0.0000000512
1733 0.0000000512
1734 0.0000000511
1735 0.0000000511
1736 0.0000000511
1737 0.0000000510
1738 0.0000000510
1739 0.0000000510
1740 0.0000000509
1741 0.0000000509
1742 0.0000000508
1743 0.0000000508
1744 0.0000000508
1745 0.0000000507
1746 0.0000000507
1747 0.0000000507
1748 0.0000000506
1749 0.0000000506
1750 0.0000000506
1751 0.0000000505
1752 0.0000000505
1753 0.0000000504
1754 0.0000000504
1755 0.0000000504
1756 0.0000000503
1757 0.0000000503
1758 0.0000000503
1759 0.0000000502
1760 0.0000000502
1761 0.0000000502
1762 0.0000000501
1763 0.0000000501
1764 0.0000000500
1765 0.0000000500
1766 0.0000000500
1767 0.0000000499
1768 0.0000000499
1769 0.0000000499
1770 0.0000000498
1771 0.0000000498
1772 0.0000000498
1773 0.0000000497
1774 0.0000000497
1775 0.0000000496
1776 0.0000000496
1777 0.0000000496
1778 0.0000000495
1779 0.0000000495
1780 0.0000000495
1781 0.0000000494
1782 0.0000000494
1783 0.0000000494
1784 0.0000000493
1785 0.0000000493
1786 0.0000000493
1787 0.0000000492
1788 0.0000000492
1789 0.0000000491
1790 0.0000000491
1791 0.0000000491
1792 0.0000000490
1793 0.0000000490
1794 0.0000000490
1795 0.0000000489
1796 0.0000000489
1797 0.0000000489
1798 0.0000000488
1799 0.0000000488
1800 0.0000000488
1801 0.0000000487
1802 0.0000000487
1803 0.0000000487
1804 0.0000000486
1805 0.0000000486
1806 0.0000000486
1807 0.0000000485
1808 0.0000000485
1809 0.0000000484
1810 0.0000000484
1811 0.0000000484
1812 0.0000000483
1813 0.0000000483
1814 0.0000000483
1815 0.0000000482
1816 0.0000000482
1817 0.0000000482
1818 0.0000000481
1819 0.0000000481
1820 0.0000000481
1821 0.0000000480
1822 0.0000000480
1823 0.0000000480
1824 0.0000000479
1825 0.0000000479
1826 0.0000000479
1827 0.0000000478
1828 0.0000000478
1829 0.0000000478
1830 0.0000000477
1831 0.0000000477
1832 0.0000000476
1833 0.0000000476
1834 0.0000000476
1835 0.0000000475
1836 0.0000000475
1837 0.0000000475
1838 0.0000000474
1839 0.0000000474
1840 0.0000000474
1841 0.0000000473
1842 0.0000000473
1843 0.0000000473
1844 0.0000000472
1845 0.0000000472
1846 0.0000000472
1847 0.0000000471
1848 0.0000000471
1849 0.0000000471
1850 0.0000000470
1851 0.0000000470
1852 0.0000000470
1853 0.0000000469
1854 0.0000000469
1855 0.0000000469
1856 0.0000000468
1857 0.0000000468
1858 0.0000000467
1859 0.0000000467
1860 0.0000000467
1861 0.0000000466
1862 0.0000000466
1863 0.0000000466
1864 0.0000000465
1865 0.0000000465
1866 0.0000000465
1867 0.0000000464
1868 0.0000000464
1869 0.0000000464
1870 0.0000000463
1871 0.0000000463
1872 0.0000000463
1873 0.0000000462
1874 0.0000000462
1875 0.0000000462
1876 0.0000000461
1877 0.0000000461
1878 0.0000000461
1879 0.0000000460
1880 0.0000000460
1881 0.0000000459
1882 0.0000000459
1883 0.0000000459
1884 0.0000000458
1885 0.0000000458
1886 0.0000000458
1887 0.0000000457
1888 0.0000000457
1889 0.0000000457
1890 0.0000000456
1891 0.0000000456
1892 0.0000000456
1893 0.0000000455
1894 0.0000000455
1895 0.0000000454
1896 0.0000000454
1897 0.0000000454
1898 0.0000000453
1899 0.0000000453
1900 0.0000000453
1901 0.0000000452
1902 0.0000000452
1903 0.0000000452
1904 0.0000000451
1905 0.0000000451
1906 0.0000000450
1907 0.0000000450
1908 0.0000000450
1909 0.0000000449
1910 0.0000000449
1911 0.0000000449
1912 0.0000000448
1913 0.0000000448
1914 0.0000000447
1915 0.0000000447
1916 0.0000000447
1917 0.0000000446
1918 0.0000000446
1919 0.0000000446
1920 0.0000000445
1921 0.0000000445
1922 0.0000000444
1923 0.0000000444
1924 0.0000000444
1925 0.0000000443
1926 0.0000000443
1927 0.0000000442
1928 0.0000000442
1929 0.0000000442
1930 0.0000000441
1931 0.0000000441
1932 0.0000000440
1933 0.0000000440
1934 0.0000000440
1935 0.0000000439
1936 0.0000000439
1937 0.0000000438
1938 0.0000000438
1939 0.0000000437
1940 0.0000000437
1941 0.0000000437
1942 0.0000000436
1943 0.0000000436
1944 0.0000000435
1945 0.0000000435
1946 0.0000000434
1947 0.0000000434
1948 0.0000000434
1949 0.0000000433
1950 0.0000000433
1951 0.0000000432
1952 0.0000000432
1953 0.0000000431
1954 0.0000000431
1955 0.0000000430
1956 0.0000000430
1957 0.0000000429
1958 0.0000000429
1959 0.0000000428
1960 0.0000000428
1961 0.0000000427
1962 0.0000000427
1963 0.0000000426
1964 0.0000000426
1965 0.0000000425
1966 0.0000000425
1967 0.0000000424
1968 0.0000000423
1969 0.0000000423
1970 0.0000000422
1971 0.0000000422
1972 0.0000000421
1973 0.0000000420
1974 0.0000000420
1975 0.0000000419
1976 0.0000000419
1977 0.0000000418
1978 0.0000000417
1979 0.0000000416
1980 0.0000000416
1981 0.0000000415
1982 0.0000000414
1983 0.0000000413
1984 0.0000000413
1985 0.0000000412
1986 0.0000000411
1987 0.0000000410
1988 0.0000000409
1989 0.0000000408
1990 0.0000000406
1991 0.0000000405
1992 0.0000000403
1993 0.0000000401
1994 0.0000000399
1995 0.0000000396
1996 0.0000000392
1997 0.0000000386
1998 0.0000000374
1999 0.0000000333
2000 0.0000000000
