1 2000
0 0.9953947241
1 0.0012277410
2 0.0005069136
3 0.0003489555
4 0.0002536238
5 0.0001972044
6 0.0001602784
7 0.0001340200
8 0.0001143775
9 0.0000991655
10 0.0000870622
11 0.0000772187
12 0.0000690675
13 0.0000622161
14 0.0000563845
15 0.0000513674
16 0.0000470110
17 0.0000431978
18 0.0000398363
19 0.0000368543
20 0.0000341943
21 0.0000318094
22 0.0000296616
23 0.0000277193
24 0.0000259564
25 0.0000243507
26 0.0000228838
27 0.0000215397
28 0.0000203049
29 0.0000191677
30 0.0000181180
31 0.0000171470
32 0.0000162470
33 0.0000154113
34 0.0000146340
35 0.0000139097
36 0.0000132339
37 0.0000126023
38 0.0000120113
39 0.0000114575
40 0.0000109380
41 0.0000104500
42 0.0000099913
43 0.0000095594
44 0.0000091525
45 0.0000087688
46 0.0000084066
47 0.0000080644
48 0.0000077408
49 0.0000074346
50 0.0000071445
51 0.0000068697
52 0.0000066090
53 0.0000063616
54 0.0000061266
55 0.0000059033
56 0.0000056910
57 0.0000054890
58 0.0000052967
59 0.0000051135
60 0.0000049389
61 0.0000047725
62 0.0000046137
63 0.0000044621
64 0.0000043173
65 0.0000041791
66 0.0000040469
67 0.0000039205
68 0.0000037996
69 0.0000036840
70 0.0000035732
71 0.0000034671
72 0.0000033655
73 0.0000032680
74 0.0000031746
75 0.0000030850
76 0.0000029990
77 0.0000029165
78 0.0000028372
79 0.0000027611
80 0.0000026880
81 0.0000026177
82 0.0000025501
83 0.0000024851
84 0.0000024226
85 0.0000023624
86 0.0000023044
87 0.0000022487
88 0.0000021949
89 0.0000021432
90 0.0000020933
91 0.0000020452
92 0.0000019988
93 0.0000019541
94 0.0000019109
95 0.0000018693
96 0.0000018291
97 0.0000017903
98 0.0000017528
99 0.0000017166
100 0.0000016816
101 0.0000016478
102 0.0000016151
103 0.0000015835
104 0.0000015529
105 0.0000015233
106 0.0000014947
107 0.0000014670
108 0.0000014402
109 0.0000014142
110 0.0000013890
111 0.0000013646
112 0.0000013410
113 0.0000013181
114 0.0000012959
115 0.0000012744
116 0.0000012535
117 0.0000012332
118 0.0000012136
119 0.0000011945
120 0.0000011760
121 0.0000011580
122 0.0000011405
123 0.0000011235
124 0.0000011070
125 0.0000010910
126 0.0000010754
127 0.0000010603
128 0.0000010456
129 0.0000010312
130 0.0000010173
131 0.0000010037
132 0.0000009905
133 0.0000009776
134 0.0000009651
135 0.0000009529
136 0.0000009410
137 0.0000009294
138 0.0000009182
139 0.0000009072
140 0.0000008964
141 0.0000008860
142 0.0000008758
143 0.0000008658
144 0.0000008561
145 0.0000008466
146 0.0000008374
147 0.0000008283
148 0.0000008195
149 0.0000008109
150 0.0000008024
151 0.0000007942
152 0.0000007862
153 0.0000007783
154 0.0000007706
155 0.0000007631
156 0.0000007557
157 0.0000007485
158 0.0000007415
159 0.0000007346
160 0.0000007279
161 0.0000007212
162 0.0000007148
163 0.0000007084
164 0.0000007022
165 0.0000006961
166 0.0000006902
167 0.0000006843
168 0.0000006786
169 0.0000006730
170 0.0000006675
171 0.0000006621
172 0.0000006568
173 0.0000006516
174 0.0000006465
175 0.0000006415
176 0.0000006365
177 0.0000006317
178 0.0000006270
179 0.0000006223
180 0.0000006177
181 0.0000006132
182 0.0000006088
183 0.0000006045
184 0.0000006002
185 0.0000005960
186 0.0000005919
187 0.0000005878
188 0.0000005838
189 0.0000005799
190 0.0000005760
191 0.0000005722
192 0.0000005684
193 0.0000005648
194 0.0000005611
195 0.0000005576
196 0.0000005540
197 0.0000005506
198 0.0000005471
199 0.0000005438
200 0.0000005405
201 0.0000005372
202 0.0000005340
203 0.0000005308
204 0.0000005277
205 0.0000005246
206 0.0000005215
207 0.0000005185
208 0.0000005156
209 0.0000005126
210 0.0000005097
211 0.0000005069
212 0.0000005041
213 0.0000005013
214 0.0000004986
215 0.0000004959
216 0.0000004932
217 0.0000004906
218 0.0000004880
219 0.0000004854
220 0.0000004829
221 0.0000004804
222 0.0000004779
223 0.0000004754
224 0.0000004730
225 0.0000004706
226 0.0000004683
227 0.0000004659
228 0.0000004636
229 0.0000004613
230 0.0000004591
231 0.0000004569
232 0.0000004547
233 0.0000004525
234 0.0000004503
235 0.0000004482
236 0.0000004461
237 0.0000004440
238 0.0000004419
239 0.0000004399
240 0.0000004378
241 0.0000004358
242 0.0000004339
243 0.0000004319
244 0.0000004300
245 0.0000004280
246 0.0000004261
247 0.0000004242
248 0.0000004224
249 0.0000004205
250 0.0000004187
251 0.0000004169
252 0.0000004151
253 0.0000004133
254 0.0000004115
255 0.0000004098
256 0.0000004081
257 0.0000004064
258 0.0000004047
259 0.0000004030
260 0.0000004013
261 0.0000003997
262 0.0000003980
263 0.0000003964
264 0.0000003948
265 0.0000003932
266 0.0000003916
267 0.0000003900
268 0.0000003885
269 0.0000003870
270 0.0000003854
271 0.0000003839
272 0.0000003824
273 0.0000003809
274 0.0000003794
275 0.0000003780
276 0.0000003765
277 0.0000003751
278 0.0000003737
279 0.0000003722
280 0.0000003708
281 0.0000003694
282 0.0000003681
283 0.0000003667
284 0.0000003653
285 0.0000003640
286 0.0000003626
287 0.0000003613
288 0.0000003600
289 0.0000003587
290 0.0000003574
291 0.0000003561
292 0.0000003548
293 0.0000003535
294 0.0000003523
295 0.0000003510
296 0.0000003498
297 0.0000003485
298 0.0000003473
299 0.0000003461
300 0.0000003449
301 0.0000003437
302 0.0000003425
303 0.0000003413
304 0.0000003401
305 0.0000003390
306 0.0000003378
307 0.0000003366
308 0.0000003355
309 0.0000003344
310 0.0000003332
311 0.0000003321
312 0.0000003310
313 0.0000003299
314 0.0000003288
315 0.0000003277
316 0.0000003267
317 0.0000003256
318 0.0000003245
319 0.0000003235
320 0.0000003224
321 0.0000003214
322 0.0000003203
323 0.0000003193
324 0.0000003183
325 0.0000003172
326 0.0000003162
327 0.0000003152
328 0.0000003142
329 0.0000003132
330 0.0000003122
331 0.0000003113
332 0.0000003103
333 0.0000003093
334 0.0000003084
335 0.0000003074
336 0.0000003065
337 0.0000003055
338 0.0000003046
339 0.0000003036
340 0.0000003027
341 0.0000003018
342 0.0000003009
343 0.0000003000
344 0.0000002991
345 0.0000002982
346 0.0000002973
347 0.0000002964
348 0.0000002955
349 0.0000002946
350 0.0000002938
351 0.0000002929
352 0.0000002920
353 0.0000002912
354 0.0000002903
355 0.0000002895
356 0.0000002886
357 0.0000002878
358 0.0000002870
359 0.0000002861
360 0.0000002853
361 0.0000002845
362 0.0000002837
363 0.0000002829
364 0.0000002821
365 0.0000002813
366 0.0000002805
367 0.0000002797
368 0.0000002789
369 0.0000002781
370 0.0000002773
371 0.0000002766
372 0.0000002758
373 0.0000002750
374 0.0000002743
375 0.0000002735
376 0.0000002727
377 0.0000002720
378 0.0000002713
379 0.0000002705
380 0.0000002698
381 0.0000002690
382 0.0000002683
383 0.0000002676
384 0.0000002669
385 0.0000002662
386 0.0000002654
387 0.0000002647
388 0.0000002640
389 0.0000002633
390 0.0000002626
391 0.0000002619
392 0.0000002612
393 0.0000002606
394 0.0000002599
395 0.0000002592
396 0.0000002585
397 0.0000002578
398 0.0000002572
399 0.0000002565
400 0.0000002558
401 0.0000002552
402 0.0000002545
403 0.0000002539
404 0.0000002532
405 0.0000002526
406 0.0000002519
407 0.0000002513
408 0.0000002507
409 0.0000002500
410 0.0000002494
411 0.0000002488
412 0.0000002481
413 0.0000002475
414 0.0000002469
415 0.0000002463
416 0.0000002457
417 0.0000002451
418 0.0000002445
419 0.0000002439
420 0.0000002433
421 0.0000002427
422 0.0000002421
423 0.0000002415
424 0.0000002409
425 0.0000002403
426 0.0000002397
427 0.0000002391
428 0.0000002385
429 0.0000002380
430 0.0000002374
431 0.0000002368
432 0.0000002363
433 0.0000002357
434 0.0000002351
435 0.0000002346
436 0.0000002340
437 0.0000002335
438 0.0000002329
439 0.0000002324
440 0.0000002318
441 0.0000002313
442 0.0000002307
443 0.0000002302
444 0.0000002297
445 0.0000002291
446 0.0000002286
447 0.0000002281
448 0.0000002275
449 0.0000002270
450 0.0000002265
451 0.0000002260
452 0.0000002255
453 0.0000002249
454 0.0000002244
455 0.0000002239
456 0.0000002234
457 0.0000002229
458 0.0000002224
459 0.0000002219
460 0.0000002214
461 0.0000002209
462 0.0000002204
463 0.0000002199
464 0.0000002194
465 0.0000002189
466 0.0000002185
467 0.0000002180
468 0.0000002175
469 0.0000002170
470 0.0000002165
471 0.0000002161
472 0.0000002156
473 0.0000002151
474 0.0000002146
475 0.0000002142
476 0.0000002137
477 0.0000002132
478 0.0000002128
479 0.0000002123
480 0.0000002119
481 0.0000002114
482 0.0000002110
483 0.0000002105
484 0.0000002101
485 0.0000002096
486 0.0000002092
487 0.0000002087
488 0.0000002083
489 0.0000002078
490 0.0000002074
491 0.0000002070
492 0.0000002065
493 0.0000002061
494 0.0000002057
495 0.0000002052
496 0.0000002048
497 0.0000002044
498 0.0000002039
499 0.0000002035
500 0.0000002031
501 0.0000002027
502 0.0000002023
503 0.0000002019
504 0.0000002014
505 0.0000002010
506 0.0000002006
507 0.0000002002
508 0.0000001998
509 0.0000001994
510 0.0000001990
511 0.0000001986
512 0.0000001982
513 0.0000001978
514 0.0000001974
515 0.0000001970
516 0.0000001966
517 0.0000001962
518 0.0000001958
519 0.0000001954
520 0.0000001950
521 0.0000001946
522 0.0000001943
523 0.0000001939
524 0.0000001935
525 0.0000001931
526 0.0000001927
527 0.0000001923
528 0.0000001920
529 0.0000001916
530 0.0000001912
531 0.0000001908
532 0.0000001905
533 0.0000001901
534 0.0000001897
535 0.0000001894
536 0.0000001890
537 0.0000001886
538 0.0000001883
539 0.0000001879
540 0.0000001876
541 0.0000001872
542 0.0000001868
543 0.0000001865
544 0.0000001861
545 0.0000001858
546 0.0000001854
547 0.0000001851
548 0.0000001847
549 0.0000001844
550 0.0000001840
551 0.0000001837
552 0.0000001833
553 0.0000001830
554 0.0000001826
555 0.0000001823
556 0.0000001820
557 0.0000001816
558 0.0000001813
559 0.0000001810
560 0.0000001806
561 0.0000001803
562 0.0000001800
563 0.0000001796
564 0.0000001793
565 0.0000001790
566 0.0000001786
567 0.0000001783
568 0.0000001780
569 0.0000001777
570 0.0000001773
571 0.0000001770
572 0.0000001767
573 0.0000001764
574 0.0000001761
575 0.0000001757
576 0.0000001754
577 0.0000001751
578 0.0000001748
579 0.0000001745
580 0.0000001742
581 0.0000001739
582 0.0000001735
583 0.0000001732
584 0.0000001729
585 0.0000001726
586 0.0000001723
587 0.0000001720
588 0.0000001717
589 0.0000001714
590 0.0000001711
591 0.0000001708
592 0.0000001705
593 0.0000001702
594 0.0000001699
595 0.0000001696
596 0.0000001693
597 0.0000001690
598 0.0000001687
599 0.0000001684
600 0.0000001682
601 0.0000001679
602 0.0000001676
603 0.0000001673
604 0.0000001670
605 0.0000001667
606 0.0000001664
607 0.0000001661
608 0.0000001659
609 0.0000001656
610 0.0000001653
611 0.0000001650
612 0.0000001647
613 0.0000001645
614 0.0000001642
615 0.0000001639
616 0.0000001636
617 0.0000001634
618 0.0000001631
619 0.0000001628
620 0.0000001625
621 0.0000001623
622 0.0000001620
623 0.0000001617
624 0.0000001615
625 0.0000001612
626 0.0000001609
627 0.0000001607
628 0.0000001604
629 0.0000001601
630 0.0000001599
631 0.0000001596
632 0.0000001593
633 0.0000001591
634 0.0000001588
635 0.0000001586
636 0.0000001583
637 0.0000001580
638 0.0000001578
639 0.0000001575
640 0.0000001573
641 0.0000001570
642 0.0000001568
643 0.0000001565
644 0.0000001563
645 0.0000001560
646 0.0000001558
647 0.0000001555
648 0.0000001553
649 0.0000001550
650 0.0000001548
651 0.0000001545
652 0.0000001543
653 0.0000001540
654 0.0000001538
655 0.0000001535
656 0.0000001533
657 0.0000001531
658 0.0000001528
659 0.0000001526
660 0.0000001523
661 0.0000001521
662 0.0000001519
663 0.0000001516
664 0.0000001514
665 0.0000001511
666 0.0000001509
667 0.0000001507
668 0.0000001504
669 0.0000001502
670 0.0000001500
671 0.0000001497
672 0.0000001495
673 0.0000001493
674 0.0000001491
675 0.0000001488
676 0.0000001486
677 0.0000001484
678 0.0000001481
679 0.0000001479
680 0.0000001477
681 0.0000001475
682 0.0000001472
683 0.0000001470
684 0.0000001468
685 0.0000001466
686 0.0000001463
687 0.0000001461
688 0.0000001459
689 0.0000001457
690 0.0000001455
691 0.0000001452
692 0.0000001450
693 0.0000001448
694 0.0000001446
695 0.0000001444
696 0.0000001442
697 0.0000001440
698 0.0000001437
699 0.0000001435
700 0.0000001433
701 0.0000001431
702 0.0000001429
703 0.0000001427
704 0.0000001425
705 0.0000001423
706 0.0000001420
707 0.0000001418
708 0.0000001416
709 0.0000001414
710 0.0000001412
711 0.0000001410
712 0.0000001408
713 0.0000001406
714 0.0000001404
715 0.0000001402
716 0.0000001400
717 0.0000001398
718 0.0000001396
719 0.0000001394
720 0.0000001392
721 0.0000001390
722 0.0000001388
723 0.0000001386
724 0.0000001384
725 0.0000001382
726 0.0000001380
727 0.0000001378
728 0.0000001376
729 0.0000001374
730 0.0000001372
731 0.0000001370
732 0.0000001368
733 0.0000001366
734 0.0000001364
735 0.0000001362
736 0.0000001360
737 0.0000001359
738 0.0000001357
739 0.0000001355
740 0.0000001353
741 0.0000001351
742 0.0000001349
743 0.0000001347
744 0.0000001345
745 0.0000001343
746 0.0000001341
747 0.0000001340
748 0.0000001338
749 0.0000001336
750 0.0000001334
751 0.0000001332
752 0.0000001330
753 0.0000001329
754 0.0000001327
755 0.0000001325
756 0.0000001323
757 0.0000001321
758 0.0000001319
759 0.0000001318
760 0.0000001316
761 0.0000001314
762 0.0000001312
763 0.0000001310
764 0.0000001309
765 0.0000001307
766 0.0000001305
767 0.0000001303
768 0.0000001302
769 0.0000001300
770 0.0000001298
771 0.0000001296
772 0.0000001295
773 0.0000001293
774 0.0000001291
775 0.0000001289
776 0.0000001288
777 0.0000001286
778 0.0000001284
779 0.0000001283
780 0.0000001281
781 0.0000001279
782 0.0000001277
783 0.0000001276
784 0.0000001274
785 0.0000001272
786 0.0000001271
787 0.0000001269
788 0.0000001267
789 0.0000001266
790 0.0000001264
791 0.0000001262
792 0.0000001261
793 0.0000001259
794 0.0000001257
795 0.0000001256
796 0.0000001254
797 0.0000001252
798 0.0000001251
799 0.0000001249
800 0.0000001248
801 0.0000001246
802 0.0000001244
803 0.0000001243
804 0.0000001241
805 0.0000001240
806 0.0000001238
807 0.0000001236
808 0.0000001235
809 0.0000001233
810 0.0000001232
811 0.0000001230
812 0.0000001228
813 0.0000001227
814 0.0000001225
815 0.0000001224
816 0.0000001222
817 0.0000001221
818 0.0000001219
819 0.0000001217
820 0.0000001216
821 0.0000001214
822 0.0000001213
823 0.0000001211
824 0.0000001210
825 0.0000001208
826 0.0000001207
827 0.0000001205
828 0.0000001204
829 0.0000001202
830 0.0000001201
831 0.0000001199
832 0.0000001198
833 0.0000001196
834 0.0000001195
835 0.0000001193
836 0.0000001192
837 0.0000001190
838 0.0000001189
839 0.0000001187
840 0.0000001186
841 0.0000001184
842 0.0000001183
843 0.0000001181
844 0.0000001180
845 0.0000001179
846 0.0000001177
847 0.0000001176
848 0.0000001174
849 0.0000001173
850 0.0000001171
851 0.0000001170
852 0.0000001169
853 0.0000001167
854 0.0000001166
855 0.0000001164
856 0.0000001163
857 0.0000001161
858 0.0000001160
859 0.0000001159
860 0.0000001157
861 0.0000001156
862 0.0000001154
863 0.0000001153
864 0.0000001152
865 0.0000001150
866 0.0000001149
867 0.0000001147
868 0.0000001146
869 0.0000001145
870 0.0000001143
871 0.0000001142
872 0.0000001141
873 0.0000001139
874 0.0000001138
875 0.0000001137
876 0.0000001135
877 0.0000001134
878 0.0000001133
879 0.0000001131
880 0.0000001130
881 0.0000001129
882 0.0000001127
883 0.0000001126
884 0.0000001125
885 0.0000001123
886 0.0000001122
887 0.0000001121
888 0.0000001119
889 0.0000001118
890 0.0000001117
891 0.0000001115
892 0.0000001114
893 0.0000001113
894 0.0000001111
895 0.0000001110
896 0.0000001109
897 0.0000001108
898 0.0000001106
899 0.0000001105
900 0.0000001104
901 0.0000001102
902 0.0000001101
903 0.0000001100
904 0.0000001099
905 0.0000001097
906 0.0000001096
907 0.0000001095
908 0.0000001094
909 0.0000001092
910 0.0000001091
911 0.0000001090
912 0.0000001089
913 0.0000001087
914 0.0000001086
915 0.0000001085
916 0.0000001084
917 0.0000001082
918 0.0000001081
919 0.0000001080
920 0.0000001079
921 0.0000001078
922 0.0000001076
923 0.0000001075
924 0.0000001074
925 0.0000001073
926 0.0000001072
927 0.0000001070
928 0.0000001069
929 0.0000001068
930 0.0000001067
931 0.0000001066
932 0.0000001064
933 0.0000001063
934 0.0000001062
935 0.0000001061
936 0.0000001060
937 0.0000001058
938 0.0000001057
939 0.0000001056
940 0.0000001055
941 0.0000001054
942 0.0000001053
943 0.0000001051
944 0.0000001050
945 0.0000001049
946 0.0000001048
947 0.0000001047
948 0.0000001046
949 0.0000001045
950 0.0000001043
951 0.0000001042
952 0.0000001041
953 0.0000001040
954 0.0000001039
955 0.0000001038
956 0.0000001037
957 0.0000001035
958 0.0000001034
959 0.0000001033
960 0.0000001032
961 0.0000001031
962 0.0000001030
963 0.0000001029
964 0.0000001028
965 0.0000001027
966 0.0000001025
967 0.0000001024
968 0.0000001023
969 0.0000001022
970 0.0000001021
971 0.0000001020
972 0.0000001019
973 0.0000001018
974 0.0000001017
975 0.0000001016
976 0.0000001014
977 0.0000001013
978 0.0000001012
979 0.0000001011
980 0.0000001010
981 0.0000001009
982 0.0000001008
983 0.0000001007
984 0.0000001006
985 0.0000001005
986 0.0000001004
987 0.0000001003
988 0.0000001002
989 0.0000001001
990 0.0000001000
991 0.0000000998
992 0.0000000997
993 0.0000000996
994 0.0000000995
995 0.0000000994
996 0.0000000993
997 0.0000000992
998 0.0000000991
999 0.0000000990
1000 0.0000000989
1001 0.0000000988
1002 0.0000000987
1003 0.0000000986
1004 0.0000000985
1005 0.0000000984
1006 0.0000000983
1007 0.0000000982
1008 0.0000000981
1009 0.0000000980
1010 0.0000000979
1011 0.0000000978
1012 0.0000000977
1013 0.0000000976
1014 0.0000000975
1015 0.0000000974
1016 0.0000000973
1017 0.0000000972
1018 0.0000000971
1019 0.0000000970
1020 0.0000000969
1021 0.0000000968
1022 0.0000000967
1023 0.0000000966
1024 0.0000000965
1025 0.0000000964
1026 0.0000000963
1027 0.0000000962
1028 0.0000000961
1029 0.0000000960
1030 0.0000000959
1031 0.0000000958
1032 0.0000000957
1033 0.0000000956
1034 0.0000000955
1035 0.0000000954
1036 0.0000000953
1037 0.0000000952
1038 0.0000000951
1039 0.0000000950
1040 0.0000000950
1041 0.0000000949
1042 0.0000000948
1043 0.0000000947
1044 0.0000000946
1045 0.0000000945
1046 0.0000000944
1047 0.0000000943
1048 0.0000000942
1049 0.0000000941
1050 0.0000000940
1051 0.0000000939
1052 0.0000000938
1053 0.0000000937
1054 0.0000000936
1055 0.0000000935
1056 0.0000000935
1057 0.0000000934
1058 0.0000000933
1059 0.0000000932
1060 0.0000000931
1061 0.0000000930
1062 0.0000000929
1063 0.0000000928
1064 0.0000000927
1065 0.0000000926
1066 0.0000000925
1067 0.0000000924
1068 0.0000000924
1069 0.0000000923
1070 0.0000000922
1071 0.0000000921
1072 0.0000000920
1073 0.0000000919
1074 0.0000000918
1075 0.0000000917
1076 0.0000000916
1077 0.0000000916
1078 0.0000000915
1079 0.0000000914
1080 0.0000000913
1081 0.0000000912
1082 0.0000000911
1083 0.0000000910
1084 0.0000000909
1085 0.0000000909
1086 0.0000000908
1087 0.0000000907
1088 0.0000000906
1089 0.0000000905
1090 0.0000000904
1091 0.0000000903
1092 0.0000000902
1093 0.0000000902
1094 0.0000000901
1095 0.0000000900
1096 0.0000000899
1097 0.0000000898
1098 0.0000000897
1099 0.0000000896
1100 0.0000000896
1101 0.0000000895
1102 0.0000000894
1103 0.0000000893
1104 0.0000000892
1105 0.0000000891
1106 0.0000000891
1107 0.0000000890
1108 0.0000000889
1109 0.0000000888
1110 0.0000000887
1111 0.0000000886
1112 0.0000000886
1113 0.0000000885
1114 0.0000000884
1115 0.0000000883
1116 0.0000000882
1117 0.0000000881
1118 0.0000000881
1119 0.0000000880
1120 0.0000000879
1121 0.0000000878
1122 0.0000000877
1123 0.0000000876
1124 0.0000000876
1125 0.0000000875
1126 0.0000000874
1127 0.0000000873
1128 0.0000000872
1129 0.0000000872
1130 0.0000000871
1131 0.0000000870
1132 0.0000000869
1133 0.0000000868
1134 0.0000000868
1135 0.0000000867
1136 0.0000000866
1137 0.0000000865
1138 0.0000000864
1139 0.0000000864
1140 0.0000000863
1141 0.0000000862
1142 0.0000000861
1143 0.0000000860
1144 0.0000000860
1145 0.0000000859
1146 0.0000000858
1147 0.0000000857
1148 0.0000000857
1149 0.0000000856
1150 0.0000000855
1151 0.0000000854
1152 0.0000000853
1153 0.0000000853
1154 0.0000000852
1155 0.0000000851
1156 0.0000000850
1157 0.0000000850
1158 0.0000000849
1159 0.0000000848
1160 0.0000000847
1161 0.0000000847
1162 0.0000000846
1163 0.0000000845
1164 0.0000000844
1165 0.0000000844
1166 0.0000000843
1167 0.0000000842
1168 0.0000000841
1169 0.0000000841
1170 0.0000000840
1171 0.0000000839
1172 0.0000000838
1173 0.0000000838
1174 0.0000000837
1175 0.0000000836
1176 0.0000000835
1177 0.0000000835
1178 0.0000000834
1179 0.0000000833
1180 0.0000000832
1181 0.0000000832
1182 0.0000000831
1183 0.0000000830
1184 0.0000000829
1185 0.0000000829
1186 0.0000000828
1187 0.0000000827
1188 0.0000000826
1189 0.0000000826
1190 0.0000000825
1191 0.0000000824
1192 0.0000000824
1193 0.0000000823
1194 0.0000000822
1195 0.0000000821
1196 0.0000000821
1197 0.0000000820
1198 0.0000000819
1199 0.0000000819
1200 0.0000000818
1201 0.0000000817
1202 0.0000000816
1203 0.0000000816
1204 0.0000000815
1205 0.0000000814
1206 0.0000000814
1207 0.0000000813
1208 0.0000000812
1209 0.0000000811
1210 0.0000000811
1211 0.0000000810
1212 0.0000000809
1213 0.0000000809
1214 0.0000000808
1215 0.0000000807
1216 0.0000000807
1217 0.0000000806
1218 0.0000000805
1219 0.0000000805
1220 0.0000000804
1221 0.0000000803
1222 0.0000000802
1223 0.0000000802
1224 0.0000000801
1225 0.0000000800
1226 0.0000000800
1227 0.0000000799
1228 0.0000000798
1229 0.0000000798
1230 0.0000000797
1231 0.0000000796
1232 0.0000000796
1233 0.0000000795
1234 0.0000000794
1235 0.0000000794
1236 0.0000000793
1237 0.0000000792
1238 0.0000000792
1239 0.0000000791
1240 0.0000000790
1241 0.0000000790
1242 0.0000000789
1243 0.0000000788
1244 0.0000000788
1245 0.0000000787
1246 0.0000000786
1247 0.0000000786
1248 0.0000000785
1249 0.0000000784
1250 0.0000000784
1251 0.0000000783
1252 0.0000000782
1253 0.0000000782
1254 0.0000000781
1255 0.0000000780
1256 0.0000000780
1257 0.0000000779
1258 0.0000000779
1259 0.0000000778
1260 0.0000000777
1261 0.0000000777
1262 0.0000000776
1263 0.0000000775
1264 0.0000000775
1265 0.0000000774
1266 0.0000000773
1267 0.0000000773
1268 0.0000000772
1269 0.0000000771
1270 0.0000000771
1271 0.0000000770
1272 0.0000000770
1273 0.0000000769
1274 0.0000000768
1275 0.0000000768
1276 0.0000000767
1277 0.0000000766
1278 0.0000000766
1279 0.0000000765
1280 0.0000000765
1281 0.0000000764
1282 0.0000000763
1283 0.0000000763
1284 0.0000000762
1285 0.0000000761
1286 0.0000000761
1287 0.0000000760
1288 0.0000000760
1289 0.0000000759
1290 0.0000000758
1291 0.0000000758
1292 0.0000000757
1293 0.0000000756
1294 0.0000000756
1295 0.0000000755
1296 0.0000000755
1297 0.0000000754
1298 0.0000000753
1299 0.0000000753
1300 0.0000000752
1301 0.0000000752
1302 0.0000000751
1303 0.0000000750
1304 0.0000000750
1305 0.0000000749
1306 0.0000000749
1307 0.0000000748
1308 0.0000000747
1309 0.0000000747
1310 0.0000000746
1311 0.0000000746
1312 0.0000000745
1313 0.0000000744
1314 0.0000000744
1315 0.0000000743
1316 0.0000000743
1317 0.0000000742
1318 0.0000000741
1319 0.0000000741
1320 0.0000000740
1321 0.0000000740
1322 0.0000000739
1323 0.0000000739
1324 0.0000000738
1325 0.0000000737
1326 0.0000000737
1327 0.0000000736
1328 0.0000000736
1329 0.0000000735
1330 0.0000000734
1331 0.0000000734
1332 0.0000000733
1333 0.0000000733
1334 0.0000000732
1335 0.0000000732
1336 0.0000000731
1337 0.0000000730
1338 0.0000000730
1339 0.0000000729
1340 0.0000000729
1341 0.0000000728
1342 0.0000000728
1343 0.0000000727
1344 0.0000000726
1345 0.0000000726
1346 0.0000000725
1347 0.0000000725
1348 0.0000000724
1349 0.0000000724
1350 0.0000000723
1351 0.0000000723
1352 0.0000000722
1353 0.0000000721
1354 0.0000000721
1355 0.0000000720
1356 0.0000000720
1357 0.0000000719
1358 0.0000000719
1359 0.0000000718
1360 0.0000000718
1361 0.0000000717
1362 0.0000000716
1363 0.0000000716
1364 0.0000000715
1365 0.0000000715
1366 0.0000000714
1367 0.0000000714
1368 0.0000000713
1369 0.0000000713
1370 0.0000000712
1371 0.0000000711
1372 0.0000000711
1373 0.0000000710
1374 0.0000000710
1375 0.0000000709
1376 0.0000000709
1377 0.0000000708
1378 0.0000000708
1379 0.0000000707
1380 0.0000000707
1381 0.0000000706
1382 0.0000000706
1383 0.0000000705
1384 0.0000000704
1385 0.0000000704
1386 0.0000000703
1387 0.0000000703
1388 0.0000000702
1389 0.0000000702
1390 0.0000000701
1391 0.0000000701
1392 0.0000000700
1393 0.0000000700
1394 0.0000000699
1395 0.0000000699
1396 0.0000000698
1397 0.0000000698
1398 0.0000000697
1399 0.0000000697
1400 0.0000000696
1401 0.0000000696
1402 0.0000000695
1403 0.0000000694
1404 0.0000000694
1405 0.0000000693
1406 0.0000000693
1407 0.0000000692
1408 0.0000000692
1409 0.0000000691
1410 0.0000000691
1411 0.0000000690
1412 0.0000000690
1413 0.0000000689
1414 0.0000000689
1415 0.0000000688
1416 0.0000000688
1417 0.0000000687
1418 0.0000000687
1419 0.0000000686
1420 0.0000000686
1421 0.0000000685
1422 0.0000000685
1423 0.0000000684
1424 0.0000000684
1425 0.0000000683
1426 0.0000000683
1427 0.0000000682
1428 0.0000000682
1429 0.0000000681
1430 0.0000000681
1431 0.0000000680
1432 0.0000000680
1433 0.0000000679
1434 0.0000000679
1435 0.0000000678
1436 0.0000000678
1437 0.0000000677
1438 0.0000000677
1439 0.0000000676
1440 0.0000000676
1441 0.0000000675
1442 0.0000000675
1443 0.0000000674
1444 0.0000000674
1445 0.0000000673
1446 0.0000000673
1447 0.0000000672
1448 0.0000000672
1449 0.0000000671
1450 0.0000000671
1451 0.0000000670
1452 0.0000000670
1453 0.0000000669
1454 0.0000000669
1455 0.0000000668
1456 0.0000000668
1457 0.0000000667
1458 0.0000000667
1459 0.0000000667
1460 0.0000000666
1461 0.0000000666
1462 0.0000000665
1463 0.0000000665
1464 0.0000000664
1465 0.0000000664
1466 0.0000000663
1467 0.0000000663
1468 0.0000000662
1469 0.0000000662
1470 0.0000000661
1471 0.0000000661
1472 0.0000000660
1473 0.0000000660
1474 0.0000000659
1475 0.0000000659
1476 0.0000000658
1477 0.0000000658
1478 0.0000000658
1479 0.0000000657
1480 0.0000000657
1481 0.0000000656
1482 0.0000000656
1483 0.0000000655
1484 0.0000000655
1485 0.0000000654
1486 0.0000000654
1487 0.0000000653
1488 0.0000000653
1489 0.0000000652
1490 0.0000000652
1491 0.0000000651
1492 0.0000000651
1493 0.0000000651
1494 0.0000000650
1495 0.0000000650
1496 0.0000000649
1497 0.0000000649
1498 0.0000000648
1499 0.0000000648
1500 0.0000000647
1501 0.0000000647
1502 0.0000000646
1503 0.0000000646
1504 0.0000000646
1505 0.0000000645
1506 0.0000000645
1507 0.0000000644
1508 0.0000000644
1509 0.0000000643
1510 0.0000000643
1511 0.0000000642
1512 0.0000000642
1513 0.0000000642
1514 0.0000000641
1515 0.0000000641
1516 0.0000000640
1517 0.0000000640
1518 0.0000000639
1519 0.0000000639
1520 0.0000000638
1521 0.0000000638
1522 0.0000000638
1523 0.0000000637
1524 0.0000000637
1525 0.0000000636
1526 0.0000000636
1527 0.0000000635
1528 0.0000000635
1529 0.0000000634
1530 0.0000000634
1531 0.0000000634
1532 0.0000000633
1533 0.0000000633
1534 0.0000000632
1535 0.0000000632
1536 0.0000000631
1537 0.0000000631
1538 0.0000000631
1539 0.0000000630
1540 0.0000000630
1541 0.0000000629
1542 0.0000000629
1543 0.0000000628
1544 0.0000000628
1545 0.0000000627
1546 0.0000000627
1547 0.0000000627
1548 0.0000000626
1549 0.0000000626
1550 0.0000000625
1551 0.0000000625
1552 0.0000000625
1553 0.0000000624
1554 0.0000000624
1555 0.0000000623
1556 0.0000000623
1557 0.0000000622
1558 0.0000000622
1559 0.0000000622
1560 0.0000000621
1561 0.0000000621
1562 0.0000000620
1563 0.0000000620
1564 0.0000000619
1565 0.0000000619
1566 0.0000000619
1567 0.0000000618
1568 0.0000000618
1569 0.0000000617
1570 0.0000000617
1571 0.0000000617
1572 0.0000000616
1573 0.0000000616
1574 0.0000000615
1575 0.0000000615
1576 0.0000000614
1577 0.0000000614
1578 0.0000000614
1579 0.0000000613
1580 0.0000000613
1581 0.0000000612
1582 0.0000000612
1583 0.0000000612
1584 0.0000000611
1585 0.0000000611
1586 0.0000000610
1587 0.0000000610
1588 0.0000000610
1589 0.0000000609
1590 0.0000000609
1591 0.0000000608
1592 0.0000000608
1593 0.0000000608
1594 0.0000000607
1595 0.0000000607
1596 0.0000000606
1597 0.0000000606
1598 0.0000000606
1599 0.0000000605
1600 0.0000000605
1601 0.0000000604
1602 0.0000000604
1603 0.0000000604
1604 0.0000000603
1605 0.0000000603
1606 0.0000000602
1607 0.0000000602
1608 0.0000000602
1609 0.0000000601
1610 0.0000000601
1611 0.0000000600
1612 0.0000000600
1613 0.0000000600
1614 0.0000000599
1615 0.0000000599
1616 0.0000000598
1617 0.0000000598
1618 0.0000000598
1619 0.0000000597
1620 0.0000000597
1621 0.0000000596
1622 0.0000000596
1623 0.0000000596
1624 0.0000000595
1625 0.0000000595
1626 0.0000000594
1627 0.0000000594
1628 0.0000000594
1629 0.0000000593
1630 0.0000000593
1631 0.0000000593
1632 0.0000000592
1633 0.0000000592
1634 0.0000000591
1635 0.0000000591
1636 0.0000000591
1637 0.0000000590
1638 0.0000000590
1639 0.0000000589
1640 0.0000000589
1641 0.0000000589
1642 0.0000000588
1643 0.0000000588
1644 0.0000000588
1645 0.0000000587
1646 0.0000000587
1647 0.0000000586
1648 0.0000000586
1649 0.0000000586
1650 0.0000000585
1651 0.0000000585
1652 0.0000000584
1653 0.0000000584
1654 0.0000000584
1655 0.0000000583
1656 0.0000000583
1657 0.0000000583
1658 0.0000000582
1659 0.0000000582
1660 0.0000000581
1661 0.0000000581
1662 0.0000000581
1663 0.0000000580
1664 0.0000000580
1665 0.0000000580
1666 0.0000000579
1667 0.0000000579
1668 0.0000000578
1669 0.0000000578
1670 0.0000000578
1671 0.0000000577
1672 0.0000000577
1673 0.0000000577
1674 0.0000000576
1675 0.0000000576
1676 0.0000000576
1677 0.0000000575
1678 0.0000000575
1679 0.0000000574
1680 0.0000000574
1681 0.0000000574
1682 0.0000000573
1683 0.0000000573
1684 0.0000000573
1685 0.0000000572
1686 0.0000000572
1687 0.0000000572
1688 0.0000000571
1689 0.0000000571
1690 0.0000000570
1691 0.0000000570
1692 0.0000000570
1693 0.0000000569
1694 0.0000000569
1695 0.0000000569
1696 0.0000000568
1697 0.0000000568
1698 0.0000000568
1699 0.0000000567
1700 0.0000000567
1701 0.0000000566
1702 0.0000000566
1703 0.0000000566
1704 0.0000000565
1705 0.0000000565
1706 0.0000000565
1707 0.0000000564
1708 0.0000000564
1709 0.0000000564
1710 0.0000000563
1711 0.0000000563
1712 0.0000000563
1713 0.0000000562
1714 0.0000000562
1715 0.0000000561
1716 0.0000000561
1717 0.0000000561
1718 0.0000000560
1719 0.0000000560
1720 0.0000000560
1721 0.0000000559
1722 0.0000000559
1723 0.0000000559
1724 0.0000000558
1725 0.0000000558
1726 0.0000000558
1727 0.0000000557
1728 0.0000000557
1729 0.0000000557
1730 0.0000000556
1731 0.0000000556
1732 0.0000000556
1733 0.0000000555
1734 0.0000000555
1735 0.0000000554
1736 0.0000000554
1737 0.0000000554
1738 0.0000000553
1739 0.0000000553
1740 0.0000000553
1741 0.0000000552
1742 0.0000000552
1743 0.0000000552
1744 0.0000000551
1745 0.0000000551
1746 0.0000000551
1747 0.0000000550
1748 0.0000000550
1749 0.0000000550
1750 0.0000000549
1751 0.0000000549
1752 0.0000000549
1753 0.0000000548
1754 0.0000000548
1755 0.0000000548
1756 0.0000000547
1757 0.0000000547
1758 0.0000000547
1759 0.0000000546
1760 0.0000000546
1761 0.0000000546
1762 0.0000000545
1763 0.0000000545
1764 0.0000000545
1765 0.0000000544
1766 0.0000000544
1767 0.0000000544
1768 0.0000000543
1769 0.0000000543
1770 0.0000000543
1771 0.0000000542
1772 0.0000000542
1773 0.0000000542
1774 0.0000000541
1775 0.0000000541
1776 0.0000000541
1777 0.0000000540
1778 0.0000000540
1779 0.0000000539
1780 0.0000000539
1781 0.0000000539
1782 0.0000000538
1783 0.0000000538
1784 0.0000000538
1785 0.0000000537
1786 0.0000000537
1787 0.0000000537
1788 0.0000000536
1789 0.0000000536
1790 0.0000000536
1791 0.0000000535
1792 0.0000000535
1793 0.0000000535
1794 0.0000000534
1795 0.0000000534
1796 0.0000000534
1797 0.0000000533
1798 0.0000000533
1799 0.0000000533
1800 0.0000000533
1801 0.0000000532
1802 0.0000000532
1803 0.0000000532
1804 0.0000000531
1805 0.0000000531
1806 0.0000000531
1807 0.0000000530
1808 0.0000000530
1809 0.0000000530
1810 0.0000000529
1811 0.0000000529
1812 0.0000000529
1813 0.0000000528
1814 0.0000000528
1815 0.0000000528
1816 0.0000000527
1817 0.0000000527
1818 0.0000000527
1819 0.0000000526
1820 0.0000000526
1821 0.0000000526
1822 0.0000000525
1823 0.0000000525
1824 0.0000000525
1825 0.0000000524
1826 0.0000000524
1827 0.0000000524
1828 0.0000000523
1829 0.0000000523
1830 0.0000000523
1831 0.0000000522
1832 0.0000000522
1833 0.0000000522
1834 0.0000000521
1835 0.0000000521
1836 0.0000000521
1837 0.0000000520
1838 0.0000000520
1839 0.0000000520
1840 0.0000000519
1841 0.0000000519
1842 0.0000000519
1843 0.0000000518
1844 0.0000000518
1845 0.0000000518
1846 0.0000000517
1847 0.0000000517
1848 0.0000000517
1849 0.0000000516
1850 0.0000000516
1851 0.0000000516
1852 0.0000000515
1853 0.0000000515
1854 0.0000000515
1855 0.0000000514
1856 0.0000000514
1857 0.0000000514
1858 0.0000000513
1859 0.0000000513
1860 0.0000000513
1861 0.0000000512
1862 0.0000000512
1863 0.0000000512
1864 0.0000000511
1865 0.0000000511
1866 0.0000000511
1867 0.0000000510
1868 0.0000000510
1869 0.0000000510
1870 0.0000000509
1871 0.0000000509
1872 0.0000000509
1873 0.0000000509
1874 0.0000000508
1875 0.0000000508
1876 0.0000000508
1877 0.0000000507
1878 0.0000000507
1879 0.0000000507
1880 0.0000000506
1881 0.0000000506
1882 0.0000000506
1883 0.0000000505
1884 0.0000000505
1885 0.0000000505
1886 0.0000000504
1887 0.0000000504
1888 0.0000000504
1889 0.0000000503
1890 0.0000000503
1891 0.0000000502
1892 0.0000000502
1893 0.0000000502
1894 0.0000000501
1895 0.0000000501
1896 0.0000000501
1897 0.0000000500
1898 0.0000000500
1899 0.0000000500
1900 0.0000000499
1901 0.0000000499
1902 0.0000000499
1903 0.0000000498
1904 0.0000000498
1905 0.0000000498
1906 0.0000000497
1907 0.0000000497
1908 0.0000000497
1909 0.0000000496
1910 0.0000000496
1911 0.0000000496
1912 0.0000000495
1913 0.0000000495
1914 0.0000000495
1915 0.0000000494
1916 0.0000000494
1917 0.0000000494
1918 0.0000000493
1919 0.0000000493
1920 0.0000000492
1921 0.0000000492
1922 0.0000000492
1923 0.0000000491
1924 0.0000000491
1925 0.0000000491
1926 0.0000000490
1927 0.0000000490
1928 0.0000000490
1929 0.0000000489
1930 0.0000000489
1931 0.0000000488
1932 0.0000000488
1933 0.0000000488
1934 0.0000000487
1935 0.0000000487
1936 0.0000000487
1937 0.0000000486
1938 0.0000000486
1939 0.0000000485
1940 0.0000000485
1941 0.0000000485
1942 0.0000000484
1943 0.0000000484
1944 0.0000000483
1945 0.0000000483
1946 0.0000000483
1947 0.0000000482
1948 0.0000000482
1949 0.0000000481
1950 0.0000000481
1951 0.0000000481
1952 0.0000000480
1953 0.0000000480
1954 0.0000000479
1955 0.0000000479
1956 0.0000000479
1957 0.0000000478
1958 0.0000000478
1959 0.0000000477
1960 0.0000000477
1961 0.0000000476
1962 0.0000000476
1963 0.0000000475
1964 0.0000000475
1965 0.0000000475
1966 0.0000000474
1967 0.0000000474
1968 0.0000000473
1969 0.0000000473
1970 0.0000000472
1971 0.0000000472
1972 0.0000000471
1973 0.0000000471
1974 0.0000000470
1975 0.0000000469
1976 0.0000000469
1977 0.0000000468
1978 0.0000000468
1979 0.0000000467
1980 0.0000000467
1981 0.0000000466
1982 0.0000000465
1983 0.0000000465
1984 0.0000000464
1985 0.0000000463
1986 0.0000000462
1987 0.0000000461
1988 0.0000000460
1989 0.0000000459
1990 0.0000000458
1991 0.0000000457
1992 0.0000000455
1993 0.0000000453
1994 0.0000000451
1995 0.0000000448
1996 0.0000000444
1997 0.0000000437
1998 0.0000000424
1999 0.0000000378
2000 0.0000000000
