1 614
0 0.9906726163
1 0.0031127523
2 0.0011919736
3 0.0007756711
4 0.0005337369
5 0.0003948420
6 0.0003067028
7 0.0002459932
8 0.0002020115
9 0.0001690183
10 0.0001435832
11 0.0001235324
12 0.0001074321
13 0.0000943029
14 0.0000834556
15 0.0000743921
16 0.0000667440
17 0.0000602343
18 0.0000546503
19 0.0000498271
20 0.0000456347
21 0.0000419697
22 0.0000387487
23 0.0000359041
24 0.0000333807
25 0.0000311327
26 0.0000291222
27 0.0000273174
28 0.0000256917
29 0.0000242223
30 0.0000228902
31 0.0000216788
32 0.0000205742
33 0.0000195641
34 0.0000186381
35 0.0000177870
36 0.0000170030
37 0.0000162790
38 0.0000156091
39 0.0000149878
40 0.0000144104
41 0.0000138728
42 0.0000133712
43 0.0000129025
44 0.0000124636
45 0.0000120520
46 0.0000116653
47 0.0000113014
48 0.0000109585
49 0.0000106348
50 0.0000103289
51 0.0000100394
52 0.0000097650
53 0.0000095047
54 0.0000092572
55 0.0000090219
56 0.0000087977
57 0.0000085840
58 0.0000083800
59 0.0000081851
60 0.0000079986
61 0.0000078201
62 0.0000076491
63 0.0000074850
64 0.0000073275
65 0.0000071762
66 0.0000070307
67 0.0000068907
68 0.0000067558
69 0.0000066258
70 0.0000065005
71 0.0000063796
72 0.0000062628
73 0.0000061499
74 0.0000060408
75 0.0000059352
76 0.0000058330
77 0.0000057340
78 0.0000056381
79 0.0000055451
80 0.0000054549
81 0.0000053674
82 0.0000052824
83 0.0000051998
84 0.0000051196
85 0.0000050416
86 0.0000049658
87 0.0000048920
88 0.0000048202
89 0.0000047503
90 0.0000046822
91 0.0000046158
92 0.0000045511
93 0.0000044881
94 0.0000044266
95 0.0000043666
96 0.0000043081
97 0.0000042509
98 0.0000041951
99 0.0000041406
100 0.0000040874
101 0.0000040353
102 0.0000039845
103 0.0000039348
104 0.0000038861
105 0.0000038386
106 0.0000037920
107 0.0000037465
108 0.0000037019
109 0.0000036583
110 0.0000036156
111 0.0000035737
112 0.0000035327
113 0.0000034926
114 0.0000034532
115 0.0000034146
116 0.0000033768
117 0.0000033397
118 0.0000033033
119 0.0000032677
120 0.0000032327
121 0.0000031983
122 0.0000031646
123 0.0000031315
124 0.0000030991
125 0.0000030672
126 0.0000030359
127 0.0000030051
128 0.0000029749
129 0.0000029452
130 0.0000029161
131 0.0000028875
132 0.0000028593
133 0.0000028316
134 0.0000028044
135 0.0000027777
136 0.0000027514
137 0.0000027255
138 0.0000027001
139 0.0000026751
140 0.0000026505
141 0.0000026262
142 0.0000026024
143 0.0000025790
144 0.0000025559
145 0.0000025331
146 0.0000025108
147 0.0000024888
148 0.0000024671
149 0.0000024457
150 0.0000024247
151 0.0000024040
152 0.0000023836
153 0.0000023635
154 0.0000023437
155 0.0000023241
156 0.0000023049
157 0.0000022860
158 0.0000022673
159 0.0000022489
160 0.0000022307
161 0.0000022128
162 0.0000021952
163 0.0000021778
164 0.0000021606
165 0.0000021437
166 0.0000021270
167 0.0000021106
168 0.0000020943
169 0.0000020783
170 0.0000020625
171 0.0000020469
172 0.0000020315
173 0.0000020163
174 0.0000020013
175 0.0000019865
176 0.0000019719
177 0.0000019575
178 0.0000019433
179 0.0000019292
180 0.0000019154
181 0.0000019017
182 0.0000018881
183 0.0000018748
184 0.0000018616
185 0.0000018486
186 0.0000018357
187 0.0000018230
188 0.0000018104
189 0.0000017980
190 0.0000017857
191 0.0000017736
192 0.0000017616
193 0.0000017498
194 0.0000017381
195 0.0000017266
196 0.0000017152
197 0.0000017039
198 0.0000016927
199 0.0000016817
200 0.0000016708
201 0.0000016600
202 0.0000016493
203 0.0000016388
204 0.0000016284
205 0.0000016181
206 0.0000016079
207 0.0000015978
208 0.0000015878
209 0.0000015780
210 0.0000015682
211 0.0000015586
212 0.0000015490
213 0.0000015396
214 0.0000015302
215 0.0000015210
216 0.0000015118
217 0.0000015028
218 0.0000014938
219 0.0000014850
220 0.0000014762
221 0.0000014675
222 0.0000014589
223 0.0000014504
224 0.0000014420
225 0.0000014337
226 0.0000014255
227 0.0000014173
228 0.0000014092
229 0.0000014012
230 0.0000013933
231 0.0000013854
232 0.0000013777
233 0.0000013700
234 0.0000013624
235 0.0000013548
236 0.0000013474
237 0.0000013400
238 0.0000013326
239 0.0000013254
240 0.0000013182
241 0.0000013111
242 0.0000013040
243 0.0000012970
244 0.0000012901
245 0.0000012833
246 0.0000012765
247 0.0000012698
248 0.0000012631
249 0.0000012565
250 0.0000012499
251 0.0000012435
252 0.0000012370
253 0.0000012307
254 0.0000012243
255 0.0000012181
256 0.0000012119
257 0.0000012058
258 0.0000011997
259 0.0000011936
260 0.0000011876
261 0.0000011817
262 0.0000011758
263 0.0000011700
264 0.0000011642
265 0.0000011585
266 0.0000011528
267 0.0000011472
268 0.0000011416
269 0.0000011361
270 0.0000011306
271 0.0000011252
272 0.0000011198
273 0.0000011144
274 0.0000011091
275 0.0000011038
276 0.0000010986
277 0.0000010935
278 0.0000010883
279 0.0000010832
280 0.0000010782
281 0.0000010732
282 0.0000010682
283 0.0000010633
284 0.0000010584
285 0.0000010535
286 0.0000010487
287 0.0000010440
288 0.0000010392
289 0.0000010345
290 0.0000010299
291 0.0000010253
292 0.0000010207
293 0.0000010161
294 0.0000010116
295 0.0000010071
296 0.0000010027
297 0.0000009983
298 0.0000009939
299 0.0000009896
300 0.0000009852
301 0.0000009810
302 0.0000009767
303 0.0000009725
304 0.0000009683
305 0.0000009642
306 0.0000009601
307 0.0000009560
308 0.0000009519
309 0.0000009479
310 0.0000009439
311 0.0000009399
312 0.0000009360
313 0.0000009321
314 0.0000009282
315 0.0000009243
316 0.0000009205
317 0.0000009167
318 0.0000009129
319 0.0000009092
320 0.0000009055
321 0.0000009018
322 0.0000008981
323 0.0000008945
324 0.0000008909
325 0.0000008873
326 0.0000008837
327 0.0000008802
328 0.0000008767
329 0.0000008732
330 0.0000008697
331 0.0000008663
332 0.0000008629
333 0.0000008595
334 0.0000008561
335 0.0000008528
336 0.0000008494
337 0.0000008461
338 0.0000008429
339 0.0000008396
340 0.0000008364
341 0.0000008331
342 0.0000008300
343 0.0000008268
344 0.0000008236
345 0.0000008205
346 0.0000008174
347 0.0000008143
348 0.0000008112
349 0.0000008082
350 0.0000008052
351 0.0000008022
352 0.0000007992
353 0.0000007962
354 0.0000007933
355 0.0000007903
356 0.0000007874
357 0.0000007845
358 0.0000007817
359 0.0000007788
360 0.0000007760
361 0.0000007731
362 0.0000007703
363 0.0000007676
364 0.0000007648
365 0.0000007620
366 0.0000007593
367 0.0000007566
368 0.0000007539
369 0.0000007512
370 0.0000007485
371 0.0000007459
372 0.0000007433
373 0.0000007406
374 0.0000007380
375 0.0000007355
376 0.0000007329
377 0.0000007303
378 0.0000007278
379 0.0000007253
380 0.0000007228
381 0.0000007203
382 0.0000007178
383 0.0000007153
384 0.0000007129
385 0.0000007105
386 0.0000007080
387 0.0000007056
388 0.0000007032
389 0.0000007009
390 0.0000006985
391 0.0000006962
392 0.0000006938
393 0.0000006915
394 0.0000006892
395 0.0000006869
396 0.0000006846
397 0.0000006824
398 0.0000006801
399 0.0000006779
400 0.0000006756
401 0.0000006734
402 0.0000006712
403 0.0000006690
404 0.0000006668
405 0.0000006647
406 0.0000006625
407 0.0000006604
408 0.0000006582
409 0.0000006561
410 0.0000006540
411 0.0000006519
412 0.0000006498
413 0.0000006478
414 0.0000006457
415 0.0000006437
416 0.0000006416
417 0.0000006396
418 0.0000006376
419 0.0000006356
420 0.0000006336
421 0.0000006316
422 0.0000006296
423 0.0000006277
424 0.0000006257
425 0.0000006238
426 0.0000006218
427 0.0000006199
428 0.0000006180
429 0.0000006161
430 0.0000006142
431 0.0000006123
432 0.0000006105
433 0.0000006086
434 0.0000006068
435 0.0000006049
436 0.0000006031
437 0.0000006013
438 0.0000005994
439 0.0000005976
440 0.0000005959
441 0.0000005941
442 0.0000005923
443 0.0000005905
444 0.0000005888
445 0.0000005870
446 0.0000005853
447 0.0000005835
448 0.0000005818
449 0.0000005801
450 0.0000005784
451 0.0000005767
452 0.0000005750
453 0.0000005733
454 0.0000005717
455 0.0000005700
456 0.0000005684
457 0.0000005667
458 0.0000005651
459 0.0000005634
460 0.0000005618
461 0.0000005602
462 0.0000005586
463 0.0000005570
464 0.0000005554
465 0.0000005538
466 0.0000005523
467 0.0000005507
468 0.0000005491
469 0.0000005476
470 0.0000005460
471 0.0000005445
472 0.0000005430
473 0.0000005414
474 0.0000005399
475 0.0000005384
476 0.0000005369
477 0.0000005354
478 0.0000005339
479 0.0000005325
480 0.0000005310
481 0.0000005295
482 0.0000005281
483 0.0000005266
484 0.0000005252
485 0.0000005237
486 0.0000005223
487 0.0000005209
488 0.0000005194
489 0.0000005180
490 0.0000005166
491 0.0000005152
492 0.0000005138
493 0.0000005124
494 0.0000005110
495 0.0000005097
496 0.0000005083
497 0.0000005069
498 0.0000005056
499 0.0000005042
500 0.0000005029
501 0.0000005015
502 0.0000005002
503 0.0000004989
504 0.0000004975
505 0.0000004962
506 0.0000004949
507 0.0000004936
508 0.0000004923
509 0.0000004910
510 0.0000004897
511 0.0000004884
512 0.0000004872
513 0.0000004859
514 0.0000004846
515 0.0000004833
516 0.0000004821
517 0.0000004808
518 0.0000004796
519 0.0000004783
520 0.0000004771
521 0.0000004759
522 0.0000004746
523 0.0000004734
524 0.0000004722
525 0.0000004710
526 0.0000004698
527 0.0000004686
528 0.0000004674
529 0.0000004662
530 0.0000004650
531 0.0000004638
532 0.0000004626
533 0.0000004614
534 0.0000004602
535 0.0000004591
536 0.0000004579
537 0.0000004567
538 0.0000004556
539 0.0000004544
540 0.0000004533
541 0.0000004521
542 0.0000004510
543 0.0000004498
544 0.0000004487
545 0.0000004476
546 0.0000004464
547 0.0000004453
548 0.0000004442
549 0.0000004431
550 0.0000004420
551 0.0000004409
552 0.0000004397
553 0.0000004386
554 0.0000004375
555 0.0000004364
556 0.0000004353
557 0.0000004342
558 0.0000004331
559 0.0000004320
560 0.0000004310
561 0.0000004299
562 0.0000004288
563 0.0000004277
564 0.0000004266
565 0.0000004255
566 0.0000004245
567 0.0000004234
568 0.0000004223
569 0.0000004212
570 0.0000004202
571 0.0000004191
572 0.0000004180
573 0.0000004169
574 0.0000004159
575 0.0000004148
576 0.0000004137
577 0.0000004126
578 0.0000004116
579 0.0000004105
580 0.0000004094
581 0.0000004083
582 0.0000004072
583 0.0000004061
584 0.0000004050
585 0.0000004039
586 0.0000004028
587 0.0000004017
588 0.0000004006
589 0.0000003995
590 0.0000003983
591 0.0000003972
592 0.0000003960
593 0.0000003949
594 0.0000003937
595 0.0000003925
596 0.0000003913
597 0.0000003900
598 0.0000003887
599 0.0000003874
600 0.0000003861
601 0.0000003847
602 0.0000003832
603 0.0000003817
604 0.0000003800
605 0.0000003782
606 0.0000003763
607 0.0000003741
608 0.0000003715
609 0.0000003683
610 0.0000003640
611 0.0000003579
612 0.0000003462
613 0.0000003081
614 0.0000000000
