0 990
0 0.9698229024
1 0.0065664475
2 0.0027656192
3 0.0019327720
4 0.0014286215
5 0.0011295560
6 0.0009332375
7 0.0007931422
8 0.0006879316
9 0.0006060989
10 0.0005406820
11 0.0004872087
12 0.0004426892
13 0.0004050546
14 0.0003728286
15 0.0003449293
16 0.0003205452
17 0.0002990559
18 0.0002799788
19 0.0002629327
20 0.0002476129
21 0.0002337725
22 0.0002212096
23 0.0002097574
24 0.0001992770
25 0.0001896515
26 0.0001807822
27 0.0001725849
28 0.0001649875
29 0.0001579278
30 0.0001513519
31 0.0001452129
32 0.0001394697
33 0.0001340861
34 0.0001290305
35 0.0001242745
36 0.0001197931
37 0.0001155639
38 0.0001115670
39 0.0001077843
40 0.0001041998
41 0.0001007988
42 0.0000975681
43 0.0000944958
44 0.0000915711
45 0.0000887840
46 0.0000861254
47 0.0000835871
48 0.0000811616
49 0.0000788417
50 0.0000766212
51 0.0000744942
52 0.0000724551
53 0.0000704989
54 0.0000686211
55 0.0000668171
56 0.0000650831
57 0.0000634154
58 0.0000618103
59 0.0000602648
60 0.0000587757
61 0.0000573403
62 0.0000559558
63 0.0000546199
64 0.0000533303
65 0.0000520846
66 0.0000508810
67 0.0000497174
68 0.0000485921
69 0.0000475033
70 0.0000464496
71 0.0000454292
72 0.0000444409
73 0.0000434833
74 0.0000425550
75 0.0000416549
76 0.0000407819
77 0.0000399347
78 0.0000391126
79 0.0000383143
80 0.0000375391
81 0.0000367860
82 0.0000360542
83 0.0000353429
84 0.0000346514
85 0.0000339788
86 0.0000333246
87 0.0000326880
88 0.0000320685
89 0.0000314654
90 0.0000308782
91 0.0000303063
92 0.0000297492
93 0.0000292064
94 0.0000286775
95 0.0000281618
96 0.0000276591
97 0.0000271690
98 0.0000266908
99 0.0000262244
100 0.0000257694
101 0.0000253253
102 0.0000248919
103 0.0000244688
104 0.0000240556
105 0.0000236522
106 0.0000232582
107 0.0000228733
108 0.0000224972
109 0.0000221297
110 0.0000217706
111 0.0000214196
112 0.0000210764
113 0.0000207408
114 0.0000204127
115 0.0000200918
116 0.0000197779
117 0.0000194708
118 0.0000191704
119 0.0000188764
120 0.0000185887
121 0.0000183070
122 0.0000180314
123 0.0000177615
124 0.0000174972
125 0.0000172384
126 0.0000169850
127 0.0000167367
128 0.0000164936
129 0.0000162553
130 0.0000160219
131 0.0000157932
132 0.0000155690
133 0.0000153493
134 0.0000151340
135 0.0000149229
136 0.0000147159
137 0.0000145129
138 0.0000143139
139 0.0000141188
140 0.0000139274
141 0.0000137397
142 0.0000135555
143 0.0000133748
144 0.0000131975
145 0.0000130236
146 0.0000128529
147 0.0000126854
148 0.0000125210
149 0.0000123596
150 0.0000122012
151 0.0000120457
152 0.0000118931
153 0.0000117432
154 0.0000115960
155 0.0000114514
156 0.0000113094
157 0.0000111700
158 0.0000110331
159 0.0000108985
160 0.0000107664
161 0.0000106365
162 0.0000105089
163 0.0000103836
164 0.0000102604
165 0.0000101393
166 0.0000100204
167 0.0000099034
168 0.0000097885
169 0.0000096755
170 0.0000095644
171 0.0000094553
172 0.0000093479
173 0.0000092423
174 0.0000091385
175 0.0000090365
176 0.0000089361
177 0.0000088374
178 0.0000087403
179 0.0000086448
180 0.0000085508
181 0.0000084584
182 0.0000083675
183 0.0000082780
184 0.0000081900
185 0.0000081034
186 0.0000080182
187 0.0000079343
188 0.0000078518
189 0.0000077706
190 0.0000076907
191 0.0000076120
192 0.0000075345
193 0.0000074583
194 0.0000073832
195 0.0000073094
196 0.0000072366
197 0.0000071650
198 0.0000070944
199 0.0000070250
200 0.0000069566
201 0.0000068893
202 0.0000068229
203 0.0000067576
204 0.0000066933
205 0.0000066299
206 0.0000065675
207 0.0000065060
208 0.0000064454
209 0.0000063857
210 0.0000063269
211 0.0000062689
212 0.0000062118
213 0.0000061556
214 0.0000061002
215 0.0000060455
216 0.0000059917
217 0.0000059386
218 0.0000058863
219 0.0000058348
220 0.0000057840
221 0.0000057339
222 0.0000056845
223 0.0000056359
224 0.0000055879
225 0.0000055406
226 0.0000054939
227 0.0000054480
228 0.0000054026
229 0.0000053579
230 0.0000053138
231 0.0000052703
232 0.0000052274
233 0.0000051851
234 0.0000051434
235 0.0000051023
236 0.0000050617
237 0.0000050216
238 0.0000049822
239 0.0000049432
240 0.0000049048
241 0.0000048668
242 0.0000048294
243 0.0000047925
244 0.0000047561
245 0.0000047202
246 0.0000046847
247 0.0000046497
248 0.0000046152
249 0.0000045811
250 0.0000045474
251 0.0000045142
252 0.0000044815
253 0.0000044491
254 0.0000044172
255 0.0000043857
256 0.0000043546
257 0.0000043239
258 0.0000042935
259 0.0000042636
260 0.0000042340
261 0.0000042048
262 0.0000041760
263 0.0000041476
264 0.0000041195
265 0.0000040917
266 0.0000040643
267 0.0000040372
268 0.0000040105
269 0.0000039841
270 0.0000039580
271 0.0000039323
272 0.0000039068
273 0.0000038817
274 0.0000038569
275 0.0000038323
276 0.0000038081
277 0.0000037842
278 0.0000037605
279 0.0000037371
280 0.0000037140
281 0.0000036912
282 0.0000036686
283 0.0000036464
284 0.0000036243
285 0.0000036026
286 0.0000035811
287 0.0000035598
288 0.0000035388
289 0.0000035180
290 0.0000034975
291 0.0000034772
292 0.0000034572
293 0.0000034373
294 0.0000034177
295 0.0000033983
296 0.0000033792
297 0.0000033602
298 0.0000033415
299 0.0000033230
300 0.0000033047
301 0.0000032866
302 0.0000032686
303 0.0000032509
304 0.0000032334
305 0.0000032161
306 0.0000031990
307 0.0000031820
308 0.0000031653
309 0.0000031487
310 0.0000031323
311 0.0000031161
312 0.0000031000
313 0.0000030841
314 0.0000030684
315 0.0000030529
316 0.0000030375
317 0.0000030223
318 0.0000030072
319 0.0000029924
320 0.0000029776
321 0.0000029630
322 0.0000029486
323 0.0000029343
324 0.0000029202
325 0.0000029062
326 0.0000028924
327 0.0000028786
328 0.0000028651
329 0.0000028517
330 0.0000028384
331 0.0000028252
332 0.0000028122
333 0.0000027993
334 0.0000027865
335 0.0000027739
336 0.0000027614
337 0.0000027490
338 0.0000027367
339 0.0000027246
340 0.0000027126
341 0.0000027007
342 0.0000026889
343 0.0000026772
344 0.0000026656
345 0.0000026542
346 0.0000026428
347 0.0000026316
348 0.0000026205
349 0.0000026094
350 0.0000025985
351 0.0000025877
352 0.0000025770
353 0.0000025664
354 0.0000025558
355 0.0000025454
356 0.0000025351
357 0.0000025249
358 0.0000025147
359 0.0000025047
360 0.0000024947
361 0.0000024849
362 0.0000024751
363 0.0000024654
364 0.0000024558
365 0.0000024463
366 0.0000024369
367 0.0000024276
368 0.0000024183
369 0.0000024091
370 0.0000024000
371 0.0000023910
372 0.0000023821
373 0.0000023732
374 0.0000023644
375 0.0000023557
376 0.0000023471
377 0.0000023385
378 0.0000023301
379 0.0000023216
380 0.0000023133
381 0.0000023050
382 0.0000022968
383 0.0000022887
384 0.0000022806
385 0.0000022726
386 0.0000022647
387 0.0000022568
388 0.0000022490
389 0.0000022413
390 0.0000022336
391 0.0000022260
392 0.0000022184
393 0.0000022110
394 0.0000022035
395 0.0000021962
396 0.0000021888
397 0.0000021816
398 0.0000021744
399 0.0000021673
400 0.0000021602
401 0.0000021531
402 0.0000021462
403 0.0000021392
404 0.0000021324
405 0.0000021256
406 0.0000021188
407 0.0000021121
408 0.0000021054
409 0.0000020988
410 0.0000020923
411 0.0000020858
412 0.0000020793
413 0.0000020729
414 0.0000020665
415 0.0000020602
416 0.0000020539
417 0.0000020477
418 0.0000020415
419 0.0000020354
420 0.0000020293
421 0.0000020233
422 0.0000020173
423 0.0000020113
424 0.0000020054
425 0.0000019995
426 0.0000019937
427 0.0000019879
428 0.0000019821
429 0.0000019764
430 0.0000019708
431 0.0000019651
432 0.0000019596
433 0.0000019540
434 0.0000019485
435 0.0000019430
436 0.0000019376
437 0.0000019322
438 0.0000019268
439 0.0000019215
440 0.0000019162
441 0.0000019109
442 0.0000019057
443 0.0000019005
444 0.0000018954
445 0.0000018902
446 0.0000018851
447 0.0000018801
448 0.0000018751
449 0.0000018701
450 0.0000018651
451 0.0000018602
452 0.0000018553
453 0.0000018505
454 0.0000018456
455 0.0000018408
456 0.0000018360
457 0.0000018313
458 0.0000018266
459 0.0000018219
460 0.0000018173
461 0.0000018126
462 0.0000018081
463 0.0000018035
464 0.0000017989
465 0.0000017945
466 0.0000017900
467 0.0000017855
468 0.0000017811
469 0.0000017767
470 0.0000017723
471 0.0000017679
472 0.0000017636
473 0.0000017593
474 0.0000017550
475 0.0000017508
476 0.0000017466
477 0.0000017424
478 0.0000017382
479 0.0000017341
480 0.0000017299
481 0.0000017258
482 0.0000017218
483 0.0000017177
484 0.0000017137
485 0.0000017097
486 0.0000017057
487 0.0000017017
488 0.0000016978
489 0.0000016938
490 0.0000016899
491 0.0000016861
492 0.0000016822
493 0.0000016784
494 0.0000016746
495 0.0000016707
496 0.0000016670
497 0.0000016632
498 0.0000016595
499 0.0000016558
500 0.0000016521
501 0.0000016484
502 0.0000016448
503 0.0000016411
504 0.0000016375
505 0.0000016339
506 0.0000016303
507 0.0000016268
508 0.0000016232
509 0.0000016197
510 0.0000016162
511 0.0000016127
512 0.0000016092
513 0.0000016058
514 0.0000016023
515 0.0000015989
516 0.0000015955
517 0.0000015921
518 0.0000015888
519 0.0000015854
520 0.0000015821
521 0.0000015788
522 0.0000015755
523 0.0000015722
524 0.0000015689
525 0.0000015657
526 0.0000015624
527 0.0000015592
528 0.0000015560
529 0.0000015528
530 0.0000015497
531 0.0000015465
532 0.0000015434
533 0.0000015402
534 0.0000015371
535 0.0000015340
536 0.0000015309
537 0.0000015279
538 0.0000015248
539 0.0000015217
540 0.0000015187
541 0.0000015157
542 0.0000015127
543 0.0000015097
544 0.0000015068
545 0.0000015038
546 0.0000015009
547 0.0000014979
548 0.0000014950
549 0.0000014921
550 0.0000014892
551 0.0000014863
552 0.0000014834
553 0.0000014806
554 0.0000014777
555 0.0000014749
556 0.0000014721
557 0.0000014693
558 0.0000014665
559 0.0000014637
560 0.0000014609
561 0.0000014582
562 0.0000014554
563 0.0000014527
564 0.0000014500
565 0.0000014473
566 0.0000014446
567 0.0000014419
568 0.0000014392
569 0.0000014365
570 0.0000014339
571 0.0000014312
572 0.0000014286
573 0.0000014260
574 0.0000014234
575 0.0000014208
576 0.0000014182
577 0.0000014156
578 0.0000014130
579 0.0000014105
580 0.0000014079
581 0.0000014054
582 0.0000014029
583 0.0000014004
584 0.0000013978
585 0.0000013954
586 0.0000013929
587 0.0000013904
588 0.0000013879
589 0.0000013855
590 0.0000013830
591 0.0000013806
592 0.0000013782
593 0.0000013757
594 0.0000013733
595 0.0000013709
596 0.0000013685
597 0.0000013662
598 0.0000013638
599 0.0000013614
600 0.0000013591
601 0.0000013567
602 0.0000013544
603 0.0000013520
604 0.0000013497
605 0.0000013474
606 0.0000013451
607 0.0000013428
608 0.0000013405
609 0.0000013383
610 0.0000013360
611 0.0000013337
612 0.0000013315
613 0.0000013293
614 0.0000013270
615 0.0000013248
616 0.0000013226
617 0.0000013204
618 0.0000013182
619 0.0000013160
620 0.0000013138
621 0.0000013116
622 0.0000013094
623 0.0000013073
624 0.0000013051
625 0.0000013030
626 0.0000013008
627 0.0000012987
628 0.0000012966
629 0.0000012944
630 0.0000012923
631 0.0000012902
632 0.0000012881
633 0.0000012861
634 0.0000012840
635 0.0000012819
636 0.0000012798
637 0.0000012778
638 0.0000012757
639 0.0000012737
640 0.0000012717
641 0.0000012696
642 0.0000012676
643 0.0000012656
644 0.0000012636
645 0.0000012616
646 0.0000012596
647 0.0000012576
648 0.0000012556
649 0.0000012536
650 0.0000012517
651 0.0000012497
652 0.0000012477
653 0.0000012458
654 0.0000012438
655 0.0000012419
656 0.0000012400
657 0.0000012381
658 0.0000012361
659 0.0000012342
660 0.0000012323
661 0.0000012304
662 0.0000012285
663 0.0000012266
664 0.0000012248
665 0.0000012229
666 0.0000012210
667 0.0000012192
668 0.0000012173
669 0.0000012155
670 0.0000012136
671 0.0000012118
672 0.0000012099
673 0.0000012081
674 0.0000012063
675 0.0000012045
676 0.0000012027
677 0.0000012009
678 0.0000011991
679 0.0000011973
680 0.0000011955
681 0.0000011937
682 0.0000011919
683 0.0000011902
684 0.0000011884
685 0.0000011866
686 0.0000011849
687 0.0000011831
688 0.0000011814
689 0.0000011797
690 0.0000011779
691 0.0000011762
692 0.0000011745
693 0.0000011728
694 0.0000011711
695 0.0000011693
696 0.0000011677
697 0.0000011660
698 0.0000011643
699 0.0000011626
700 0.0000011609
701 0.0000011592
702 0.0000011576
703 0.0000011559
704 0.0000011542
705 0.0000011526
706 0.0000011509
707 0.0000011493
708 0.0000011476
709 0.0000011460
710 0.0000011444
711 0.0000011427
712 0.0000011411
713 0.0000011395
714 0.0000011379
715 0.0000011363
716 0.0000011347
717 0.0000011331
718 0.0000011315
719 0.0000011299
720 0.0000011283
721 0.0000011267
722 0.0000011252
723 0.0000011236
724 0.0000011220
725 0.0000011205
726 0.0000011189
727 0.0000011174
728 0.0000011158
729 0.0000011143
730 0.0000011127
731 0.0000011112
732 0.0000011097
733 0.0000011081
734 0.0000011066
735 0.0000011051
736 0.0000011036
737 0.0000011021
738 0.0000011006
739 0.0000010991
740 0.0000010976
741 0.0000010961
742 0.0000010946
743 0.0000010931
744 0.0000010916
745 0.0000010902
746 0.0000010887
747 0.0000010872
748 0.0000010857
749 0.0000010843
750 0.0000010828
751 0.0000010814
752 0.0000010799
753 0.0000010785
754 0.0000010770
755 0.0000010756
756 0.0000010742
757 0.0000010728
758 0.0000010713
759 0.0000010699
760 0.0000010685
761 0.0000010671
762 0.0000010657
763 0.0000010643
764 0.0000010628
765 0.0000010615
766 0.0000010601
767 0.0000010587
768 0.0000010573
769 0.0000010559
770 0.0000010545
771 0.0000010531
772 0.0000010518
773 0.0000010504
774 0.0000010490
775 0.0000010477
776 0.0000010463
777 0.0000010450
778 0.0000010436
779 0.0000010423
780 0.0000010409
781 0.0000010396
782 0.0000010382
783 0.0000010369
784 0.0000010356
785 0.0000010343
786 0.0000010329
787 0.0000010316
788 0.0000010303
789 0.0000010290
790 0.0000010277
791 0.0000010264
792 0.0000010251
793 0.0000010238
794 0.0000010225
795 0.0000010212
796 0.0000010199
797 0.0000010186
798 0.0000010173
799 0.0000010161
800 0.0000010148
801 0.0000010135
802 0.0000010122
803 0.0000010110
804 0.0000010097
805 0.0000010084
806 0.0000010072
807 0.0000010059
808 0.0000010047
809 0.0000010034
810 0.0000010022
811 0.0000010010
812 0.0000009997
813 0.0000009985
814 0.0000009972
815 0.0000009960
816 0.0000009948
817 0.0000009936
818 0.0000009923
819 0.0000009911
820 0.0000009899
821 0.0000009887
822 0.0000009875
823 0.0000009863
824 0.0000009851
825 0.0000009839
826 0.0000009827
827 0.0000009815
828 0.0000009803
829 0.0000009791
830 0.0000009779
831 0.0000009768
832 0.0000009756
833 0.0000009744
834 0.0000009732
835 0.0000009721
836 0.0000009709
837 0.0000009697
838 0.0000009686
839 0.0000009674
840 0.0000009663
841 0.0000009651
842 0.0000009640
843 0.0000009628
844 0.0000009616
845 0.0000009605
846 0.0000009594
847 0.0000009582
848 0.0000009571
849 0.0000009560
850 0.0000009548
851 0.0000009537
852 0.0000009526
853 0.0000009515
854 0.0000009503
855 0.0000009492
856 0.0000009481
857 0.0000009470
858 0.0000009459
859 0.0000009448
860 0.0000009437
861 0.0000009426
862 0.0000009415
863 0.0000009404
864 0.0000009393
865 0.0000009382
866 0.0000009371
867 0.0000009360
868 0.0000009350
869 0.0000009339
870 0.0000009328
871 0.0000009317
872 0.0000009306
873 0.0000009296
874 0.0000009285
875 0.0000009274
876 0.0000009264
877 0.0000009253
878 0.0000009243
879 0.0000009232
880 0.0000009222
881 0.0000009211
882 0.0000009201
883 0.0000009190
884 0.0000009180
885 0.0000009169
886 0.0000009159
887 0.0000009149
888 0.0000009138
889 0.0000009128
890 0.0000009118
891 0.0000009107
892 0.0000009097
893 0.0000009087
894 0.0000009077
895 0.0000009066
896 0.0000009056
897 0.0000009046
898 0.0000009036
899 0.0000009026
900 0.0000009016
901 0.0000009006
902 0.0000008996
903 0.0000008986
904 0.0000008976
905 0.0000008966
906 0.0000008956
907 0.0000008946
908 0.0000008936
909 0.0000008926
910 0.0000008916
911 0.0000008907
912 0.0000008897
913 0.0000008887
914 0.0000008877
915 0.0000008867
916 0.0000008858
917 0.0000008848
918 0.0000008838
919 0.0000008829
920 0.0000008819
921 0.0000008809
922 0.0000008800
923 0.0000008790
924 0.0000008781
925 0.0000008771
926 0.0000008762
927 0.0000008752
928 0.0000008743
929 0.0000008733
930 0.0000008724
931 0.0000008714
932 0.0000008705
933 0.0000008696
934 0.0000008686
935 0.0000008677
936 0.0000008668
937 0.0000008658
938 0.0000008649
939 0.0000008640
940 0.0000008631
941 0.0000008621
942 0.0000008612
943 0.0000008603
944 0.0000008594
945 0.0000008585
946 0.0000008576
947 0.0000008567
948 0.0000008557
949 0.0000008548
950 0.0000008539
951 0.0000008530
952 0.0000008521
953 0.0000008512
954 0.0000008503
955 0.0000008494
956 0.0000008485
957 0.0000008476
958 0.0000008468
959 0.0000008459
960 0.0000008450
961 0.0000008441
962 0.0000008432
963 0.0000008423
964 0.0000008415
965 0.0000008406
966 0.0000008397
967 0.0000008388
968 0.0000008380
969 0.0000008371
970 0.0000008362
971 0.0000008354
972 0.0000008345
973 0.0000008336
974 0.0000008328
975 0.0000008319
976 0.0000008311
977 0.0000008302
978 0.0000008294
979 0.0000008285
980 0.0000008277
981 0.0000008268
982 0.0000008260
983 0.0000008251
984 0.0000008243
985 0.0000008234
986 0.0000008226
987 0.0000008218
988 0.0000008209
989 0.0000008201
990 0.0000008193
