0 348
0 0.9756276941
1 0.0069647353
2 0.0022675998
3 0.0013734662
4 0.0008870909
5 0.0006365888
6 0.0004943170
7 0.0004045973
8 0.0003436609
9 0.0002998777
10 0.0002668991
11 0.0002410545
12 0.0002201386
13 0.0002027752
14 0.0001880702
15 0.0001754196
16 0.0001643989
17 0.0001546995
18 0.0001460904
19 0.0001383936
20 0.0001314697
21 0.0001252067
22 0.0001195139
23 0.0001143166
24 0.0001095527
25 0.0001051701
26 0.0001011247
27 0.0000973791
28 0.0000939010
29 0.0000906629
30 0.0000876407
31 0.0000848134
32 0.0000821629
33 0.0000796730
34 0.0000773295
35 0.0000751200
36 0.0000730332
37 0.0000710592
38 0.0000691891
39 0.0000674149
40 0.0000657295
41 0.0000641262
42 0.0000625993
43 0.0000611434
44 0.0000597536
45 0.0000584257
46 0.0000571554
47 0.0000559393
48 0.0000547738
49 0.0000536558
50 0.0000525826
51 0.0000515515
52 0.0000505600
53 0.0000496060
54 0.0000486873
55 0.0000478020
56 0.0000469483
57 0.0000461245
58 0.0000453292
59 0.0000445608
60 0.0000438181
61 0.0000430996
62 0.0000424044
63 0.0000417312
64 0.0000410791
65 0.0000404471
66 0.0000398341
67 0.0000392395
68 0.0000386624
69 0.0000381020
70 0.0000375576
71 0.0000370286
72 0.0000365142
73 0.0000360139
74 0.0000355272
75 0.0000350534
76 0.0000345921
77 0.0000341428
78 0.0000337050
79 0.0000332783
80 0.0000328623
81 0.0000324565
82 0.0000320606
83 0.0000316743
84 0.0000312971
85 0.0000309289
86 0.0000305692
87 0.0000302177
88 0.0000298743
89 0.0000295386
90 0.0000292103
91 0.0000288892
92 0.0000285752
93 0.0000282678
94 0.0000279671
95 0.0000276726
96 0.0000273843
97 0.0000271019
98 0.0000268253
99 0.0000265543
100 0.0000262887
101 0.0000260284
102 0.0000257731
103 0.0000255228
104 0.0000252774
105 0.0000250366
106 0.0000248003
107 0.0000245685
108 0.0000243409
109 0.0000241176
110 0.0000238983
111 0.0000236829
112 0.0000234714
113 0.0000232636
114 0.0000230595
115 0.0000228589
116 0.0000226618
117 0.0000224681
118 0.0000222776
119 0.0000220904
120 0.0000219062
121 0.0000217251
122 0.0000215470
123 0.0000213718
124 0.0000211994
125 0.0000210297
126 0.0000208628
127 0.0000206984
128 0.0000205367
129 0.0000203774
130 0.0000202206
131 0.0000200662
132 0.0000199141
133 0.0000197644
134 0.0000196168
135 0.0000194715
136 0.0000193282
137 0.0000191871
138 0.0000190480
139 0.0000189109
140 0.0000187758
141 0.0000186426
142 0.0000185113
143 0.0000183818
144 0.0000182541
145 0.0000181281
146 0.0000180039
147 0.0000178814
148 0.0000177605
149 0.0000176413
150 0.0000175236
151 0.0000174075
152 0.0000172929
153 0.0000171799
154 0.0000170683
155 0.0000169581
156 0.0000168493
157 0.0000167420
158 0.0000166360
159 0.0000165313
160 0.0000164279
161 0.0000163258
162 0.0000162250
163 0.0000161254
164 0.0000160270
165 0.0000159299
166 0.0000158339
167 0.0000157390
168 0.0000156453
169 0.0000155526
170 0.0000154611
171 0.0000153706
172 0.0000152812
173 0.0000151928
174 0.0000151055
175 0.0000150191
176 0.0000149337
177 0.0000148493
178 0.0000147659
179 0.0000146833
180 0.0000146017
181 0.0000145210
182 0.0000144411
183 0.0000143622
184 0.0000142841
185 0.0000142068
186 0.0000141304
187 0.0000140548
188 0.0000139800
189 0.0000139060
190 0.0000138327
191 0.0000137602
192 0.0000136885
193 0.0000136176
194 0.0000135473
195 0.0000134778
196 0.0000134090
197 0.0000133409
198 0.0000132734
199 0.0000132067
200 0.0000131406
201 0.0000130752
202 0.0000130104
203 0.0000129463
204 0.0000128828
205 0.0000128199
206 0.0000127576
207 0.0000126959
208 0.0000126348
209 0.0000125743
210 0.0000125144
211 0.0000124551
212 0.0000123962
213 0.0000123380
214 0.0000122803
215 0.0000122231
216 0.0000121665
217 0.0000121104
218 0.0000120548
219 0.0000119997
220 0.0000119451
221 0.0000118910
222 0.0000118374
223 0.0000117843
224 0.0000117316
225 0.0000116794
226 0.0000116277
227 0.0000115764
228 0.0000115256
229 0.0000114752
230 0.0000114253
231 0.0000113758
232 0.0000113267
233 0.0000112780
234 0.0000112298
235 0.0000111819
236 0.0000111345
237 0.0000110875
238 0.0000110408
239 0.0000109946
240 0.0000109487
241 0.0000109032
242 0.0000108581
243 0.0000108134
244 0.0000107690
245 0.0000107250
246 0.0000106814
247 0.0000106381
248 0.0000105951
249 0.0000105525
250 0.0000105103
251 0.0000104683
252 0.0000104268
253 0.0000103855
254 0.0000103446
255 0.0000103039
256 0.0000102636
257 0.0000102236
258 0.0000101840
259 0.0000101446
260 0.0000101055
261 0.0000100668
262 0.0000100283
263 0.0000099901
264 0.0000099522
265 0.0000099146
266 0.0000098773
267 0.0000098402
268 0.0000098034
269 0.0000097669
270 0.0000097307
271 0.0000096948
272 0.0000096591
273 0.0000096236
274 0.0000095884
275 0.0000095535
276 0.0000095188
277 0.0000094844
278 0.0000094503
279 0.0000094163
280 0.0000093826
281 0.0000093492
282 0.0000093160
283 0.0000092830
284 0.0000092503
285 0.0000092177
286 0.0000091855
287 0.0000091534
288 0.0000091216
289 0.0000090899
290 0.0000090585
291 0.0000090273
292 0.0000089964
293 0.0000089656
294 0.0000089351
295 0.0000089047
296 0.0000088746
297 0.0000088446
298 0.0000088149
299 0.0000087853
300 0.0000087560
301 0.0000087269
302 0.0000086979
303 0.0000086691
304 0.0000086405
305 0.0000086121
306 0.0000085839
307 0.0000085559
308 0.0000085281
309 0.0000085004
310 0.0000084729
311 0.0000084456
312 0.0000084185
313 0.0000083915
314 0.0000083647
315 0.0000083381
316 0.0000083117
317 0.0000082854
318 0.0000082593
319 0.0000082333
320 0.0000082075
321 0.0000081819
322 0.0000081564
323 0.0000081311
324 0.0000081059
325 0.0000080809
326 0.0000080560
327 0.0000080313
328 0.0000080068
329 0.0000079824
330 0.0000079581
331 0.0000079340
332 0.0000079100
333 0.0000078862
334 0.0000078625
335 0.0000078390
336 0.0000078156
337 0.0000077923
338 0.0000077692
339 0.0000077462
340 0.0000077233
341 0.0000077006
342 0.0000076780
343 0.0000076555
344 0.0000076332
345 0.0000076110
346 0.0000075889
347 0.0000075670
348 0.0000075452
