1 2000
0 0.9954073231
1 0.0014104529
2 0.0005720661
3 0.0003879644
4 0.0002774615
5 0.0002122896
6 0.0001698083
7 0.0001397518
8 0.0001173973
9 0.0001001945
10 0.0000866009
11 0.0000756265
12 0.0000666100
13 0.0000590937
14 0.0000527513
15 0.0000473440
16 0.0000426926
17 0.0000386604
18 0.0000351411
19 0.0000320509
20 0.0000293231
21 0.0000269034
22 0.0000247479
23 0.0000228200
24 0.0000210897
25 0.0000195316
26 0.0000181244
27 0.0000168499
28 0.0000156926
29 0.0000146393
30 0.0000136786
31 0.0000128004
32 0.0000119962
33 0.0000112583
34 0.0000105802
35 0.0000099560
36 0.0000093804
37 0.0000088491
38 0.0000083578
39 0.0000079029
40 0.0000074813
41 0.0000070901
42 0.0000067265
43 0.0000063884
44 0.0000060735
45 0.0000057800
46 0.0000055061
47 0.0000052503
48 0.0000050112
49 0.0000047875
50 0.0000045779
51 0.0000043815
52 0.0000041973
53 0.0000040243
54 0.0000038618
55 0.0000037089
56 0.0000035651
57 0.0000034296
58 0.0000033019
59 0.0000031814
60 0.0000030678
61 0.0000029604
62 0.0000028589
63 0.0000027629
64 0.0000026720
65 0.0000025859
66 0.0000025043
67 0.0000024269
68 0.0000023535
69 0.0000022837
70 0.0000022175
71 0.0000021544
72 0.0000020945
73 0.0000020374
74 0.0000019830
75 0.0000019311
76 0.0000018817
77 0.0000018344
78 0.0000017893
79 0.0000017463
80 0.0000017050
81 0.0000016656
82 0.0000016279
83 0.0000015917
84 0.0000015570
85 0.0000015238
86 0.0000014919
87 0.0000014613
88 0.0000014319
89 0.0000014036
90 0.0000013764
91 0.0000013502
92 0.0000013250
93 0.0000013007
94 0.0000012773
95 0.0000012547
96 0.0000012329
97 0.0000012119
98 0.0000011916
99 0.0000011720
100 0.0000011530
101 0.0000011346
102 0.0000011168
103 0.0000010996
104 0.0000010830
105 0.0000010668
106 0.0000010511
107 0.0000010359
108 0.0000010211
109 0.0000010068
110 0.0000009929
111 0.0000009794
112 0.0000009662
113 0.0000009534
114 0.0000009409
115 0.0000009288
116 0.0000009170
117 0.0000009055
118 0.0000008943
119 0.0000008833
120 0.0000008727
121 0.0000008622
122 0.0000008521
123 0.0000008422
124 0.0000008325
125 0.0000008230
126 0.0000008137
127 0.0000008047
128 0.0000007958
129 0.0000007872
130 0.0000007787
131 0.0000007704
132 0.0000007623
133 0.0000007543
134 0.0000007465
135 0.0000007388
136 0.0000007314
137 0.0000007240
138 0.0000007168
139 0.0000007097
140 0.0000007028
141 0.0000006960
142 0.0000006893
143 0.0000006827
144 0.0000006763
145 0.0000006699
146 0.0000006637
147 0.0000006576
148 0.0000006516
149 0.0000006457
150 0.0000006399
151 0.0000006341
152 0.0000006285
153 0.0000006230
154 0.0000006175
155 0.0000006122
156 0.0000006069
157 0.0000006017
158 0.0000005966
159 0.0000005916
160 0.0000005866
161 0.0000005817
162 0.0000005769
163 0.0000005721
164 0.0000005675
165 0.0000005629
166 0.0000005583
167 0.0000005538
168 0.0000005494
169 0.0000005450
170 0.0000005408
171 0.0000005365
172 0.0000005323
173 0.0000005282
174 0.0000005241
175 0.0000005201
176 0.0000005161
177 0.0000005122
178 0.0000005084
179 0.0000005046
180 0.0000005008
181 0.0000004971
182 0.0000004934
183 0.0000004898
184 0.0000004862
185 0.0000004826
186 0.0000004792
187 0.0000004757
188 0.0000004723
189 0.0000004689
190 0.0000004656
191 0.0000004623
192 0.0000004590
193 0.0000004558
194 0.0000004526
195 0.0000004495
196 0.0000004464
197 0.0000004433
198 0.0000004403
199 0.0000004373
200 0.0000004343
201 0.0000004314
202 0.0000004285
203 0.0000004256
204 0.0000004228
205 0.0000004199
206 0.0000004172
207 0.0000004144
208 0.0000004117
209 0.0000004090
210 0.0000004063
211 0.0000004037
212 0.0000004011
213 0.0000003985
214 0.0000003960
215 0.0000003934
216 0.0000003909
217 0.0000003885
218 0.0000003860
219 0.0000003836
220 0.0000003812
221 0.0000003788
222 0.0000003764
223 0.0000003741
224 0.0000003718
225 0.0000003695
226 0.0000003672
227 0.0000003650
228 0.0000003628
229 0.0000003606
230 0.0000003584
231 0.0000003563
232 0.0000003541
233 0.0000003520
234 0.0000003499
235 0.0000003478
236 0.0000003458
237 0.0000003437
238 0.0000003417
239 0.0000003397
240 0.0000003377
241 0.0000003358
242 0.0000003338
243 0.0000003319
244 0.0000003300
245 0.0000003281
246 0.0000003262
247 0.0000003244
248 0.0000003225
249 0.0000003207
250 0.0000003189
251 0.0000003171
252 0.0000003153
253 0.0000003135
254 0.0000003118
255 0.0000003101
256 0.0000003083
257 0.0000003066
258 0.0000003050
259 0.0000003033
260 0.0000003016
261 0.0000003000
262 0.0000002983
263 0.0000002967
264 0.0000002951
265 0.0000002935
266 0.0000002920
267 0.0000002904
268 0.0000002888
269 0.0000002873
270 0.0000002858
271 0.0000002843
272 0.0000002828
273 0.0000002813
274 0.0000002798
275 0.0000002783
276 0.0000002769
277 0.0000002754
278 0.0000002740
279 0.0000002726
280 0.0000002712
281 0.0000002698
282 0.0000002684
283 0.0000002670
284 0.0000002657
285 0.0000002643
286 0.0000002630
287 0.0000002617
288 0.0000002603
289 0.0000002590
290 0.0000002577
291 0.0000002564
292 0.0000002552
293 0.0000002539
294 0.0000002526
295 0.0000002514
296 0.0000002501
297 0.0000002489
298 0.0000002477
299 0.0000002465
300 0.0000002453
301 0.0000002441
302 0.0000002429
303 0.0000002417
304 0.0000002405
305 0.0000002394
306 0.0000002382
307 0.0000002371
308 0.0000002360
309 0.0000002348
310 0.0000002337
311 0.0000002326
312 0.0000002315
313 0.0000002304
314 0.0000002293
315 0.0000002282
316 0.0000002272
317 0.0000002261
318 0.0000002251
319 0.0000002240
320 0.0000002230
321 0.0000002219
322 0.0000002209
323 0.0000002199
324 0.0000002189
325 0.0000002179
326 0.0000002169
327 0.0000002159
328 0.0000002149
329 0.0000002139
330 0.0000002130
331 0.0000002120
332 0.0000002111
333 0.0000002101
334 0.0000002092
335 0.0000002082
336 0.0000002073
337 0.0000002064
338 0.0000002054
339 0.0000002045
340 0.0000002036
341 0.0000002027
342 0.0000002018
343 0.0000002010
344 0.0000002001
345 0.0000001992
346 0.0000001983
347 0.0000001975
348 0.0000001966
349 0.0000001958
350 0.0000001949
351 0.0000001941
352 0.0000001932
353 0.0000001924
354 0.0000001916
355 0.0000001908
356 0.0000001899
357 0.0000001891
358 0.0000001883
359 0.0000001875
360 0.0000001867
361 0.0000001859
362 0.0000001852
363 0.0000001844
364 0.0000001836
365 0.0000001828
366 0.0000001821
367 0.0000001813
368 0.0000001806
369 0.0000001798
370 0.0000001791
371 0.0000001783
372 0.0000001776
373 0.0000001769
374 0.0000001761
375 0.0000001754
376 0.0000001747
377 0.0000001740
378 0.0000001733
379 0.0000001726
380 0.0000001719
381 0.0000001712
382 0.0000001705
383 0.0000001698
384 0.0000001691
385 0.0000001684
386 0.0000001678
387 0.0000001671
388 0.0000001664
389 0.0000001658
390 0.0000001651
391 0.0000001644
392 0.0000001638
393 0.0000001631
394 0.0000001625
395 0.0000001619
396 0.0000001612
397 0.0000001606
398 0.0000001600
399 0.0000001593
400 0.0000001587
401 0.0000001581
402 0.0000001575
403 0.0000001569
404 0.0000001563
405 0.0000001557
406 0.0000001551
407 0.0000001545
408 0.0000001539
409 0.0000001533
410 0.0000001527
411 0.0000001521
412 0.0000001515
413 0.0000001510
414 0.0000001504
415 0.0000001498
416 0.0000001492
417 0.0000001487
418 0.0000001481
419 0.0000001476
420 0.0000001470
421 0.0000001465
422 0.0000001459
423 0.0000001454
424 0.0000001448
425 0.0000001443
426 0.0000001438
427 0.0000001432
428 0.0000001427
429 0.0000001422
430 0.0000001416
431 0.0000001411
432 0.0000001406
433 0.0000001401
434 0.0000001396
435 0.0000001391
436 0.0000001386
437 0.0000001381
438 0.0000001376
439 0.0000001371
440 0.0000001366
441 0.0000001361
442 0.0000001356
443 0.0000001351
444 0.0000001346
445 0.0000001341
446 0.0000001336
447 0.0000001332
448 0.0000001327
449 0.0000001322
450 0.0000001317
451 0.0000001313
452 0.0000001308
453 0.0000001303
454 0.0000001299
455 0.0000001294
456 0.0000001290
457 0.0000001285
458 0.0000001281
459 0.0000001276
460 0.0000001272
461 0.0000001267
462 0.0000001263
463 0.0000001259
464 0.0000001254
465 0.0000001250
466 0.0000001245
467 0.0000001241
468 0.0000001237
469 0.0000001233
470 0.0000001228
471 0.0000001224
472 0.0000001220
473 0.0000001216
474 0.0000001212
475 0.0000001208
476 0.0000001203
477 0.0000001199
478 0.0000001195
479 0.0000001191
480 0.0000001187
481 0.0000001183
482 0.0000001179
483 0.0000001175
484 0.0000001171
485 0.0000001167
486 0.0000001163
487 0.0000001160
488 0.0000001156
489 0.0000001152
490 0.0000001148
491 0.0000001144
492 0.0000001140
493 0.0000001137
494 0.0000001133
495 0.0000001129
496 0.0000001125
497 0.0000001122
498 0.0000001118
499 0.0000001114
500 0.0000001111
501 0.0000001107
502 0.0000001103
503 0.0000001100
504 0.0000001096
505 0.0000001093
506 0.0000001089
507 0.0000001086
508 0.0000001082
509 0.0000001079
510 0.0000001075
511 0.0000001072
512 0.0000001068
513 0.0000001065
514 0.0000001061
515 0.0000001058
516 0.0000001055
517 0.0000001051
518 0.0000001048
519 0.0000001045
520 0.0000001041
521 0.0000001038
522 0.0000001035
523 0.0000001031
524 0.0000001028
525 0.0000001025
526 0.0000001022
527 0.0000001019
528 0.0000001015
529 0.0000001012
530 0.0000001009
531 0.0000001006
532 0.0000001003
533 0.0000001000
534 0.0000000996
535 0.0000000993
536 0.0000000990
537 0.0000000987
538 0.0000000984
539 0.0000000981
540 0.0000000978
541 0.0000000975
542 0.0000000972
543 0.0000000969
544 0.0000000966
545 0.0000000963
546 0.0000000960
547 0.0000000957
548 0.0000000954
549 0.0000000951
550 0.0000000949
551 0.0000000946
552 0.0000000943
553 0.0000000940
554 0.0000000937
555 0.0000000934
556 0.0000000931
557 0.0000000929
558 0.0000000926
559 0.0000000923
560 0.0000000920
561 0.0000000918
562 0.0000000915
563 0.0000000912
564 0.0000000909
565 0.0000000907
566 0.0000000904
567 0.0000000901
568 0.0000000899
569 0.0000000896
570 0.0000000893
571 0.0000000891
572 0.0000000888
573 0.0000000885
574 0.0000000883
575 0.0000000880
576 0.0000000878
577 0.0000000875
578 0.0000000873
579 0.0000000870
580 0.0000000867
581 0.0000000865
582 0.0000000862
583 0.0000000860
584 0.0000000857
585 0.0000000855
586 0.0000000853
587 0.0000000850
588 0.0000000848
589 0.0000000845
590 0.0000000843
591 0.0000000840
592 0.0000000838
593 0.0000000835
594 0.0000000833
595 0.0000000831
596 0.0000000828
597 0.0000000826
598 0.0000000824
599 0.0000000821
600 0.0000000819
601 0.0000000817
602 0.0000000814
603 0.0000000812
604 0.0000000810
605 0.0000000807
606 0.0000000805
607 0.0000000803
608 0.0000000801
609 0.0000000798
610 0.0000000796
611 0.0000000794
612 0.0000000792
613 0.0000000790
614 0.0000000787
615 0.0000000785
616 0.0000000783
617 0.0000000781
618 0.0000000779
619 0.0000000776
620 0.0000000774
621 0.0000000772
622 0.0000000770
623 0.0000000768
624 0.0000000766
625 0.0000000764
626 0.0000000762
627 0.0000000760
628 0.0000000757
629 0.0000000755
630 0.0000000753
631 0.0000000751
632 0.0000000749
633 0.0000000747
634 0.0000000745
635 0.0000000743
636 0.0000000741
637 0.0000000739
638 0.0000000737
639 0.0000000735
640 0.0000000733
641 0.0000000731
642 0.0000000729
643 0.0000000727
644 0.0000000725
645 0.0000000723
646 0.0000000721
647 0.0000000719
648 0.0000000718
649 0.0000000716
650 0.0000000714
651 0.0000000712
652 0.0000000710
653 0.0000000708
654 0.0000000706
655 0.0000000704
656 0.0000000702
657 0.0000000701
658 0.0000000699
659 0.0000000697
660 0.0000000695
661 0.0000000693
662 0.0000000691
663 0.0000000690
664 0.0000000688
665 0.0000000686
666 0.0000000684
667 0.0000000682
668 0.0000000681
669 0.0000000679
670 0.0000000677
671 0.0000000675
672 0.0000000674
673 0.0000000672
674 0.0000000670
675 0.0000000668
676 0.0000000667
677 0.0000000665
678 0.0000000663
679 0.0000000661
680 0.0000000660
681 0.0000000658
682 0.0000000656
683 0.0000000655
684 0.0000000653
685 0.0000000651
686 0.0000000650
687 0.0000000648
688 0.0000000646
689 0.0000000645
690 0.0000000643
691 0.0000000641
692 0.0000000640
693 0.0000000638
694 0.0000000637
695 0.0000000635
696 0.0000000633
697 0.0000000632
698 0.0000000630
699 0.0000000629
700 0.0000000627
701 0.0000000625
702 0.0000000624
703 0.0000000622
704 0.0000000621
705 0.0000000619
706 0.0000000618
707 0.0000000616
708 0.0000000615
709 0.0000000613
710 0.0000000612
711 0.0000000610
712 0.0000000609
713 0.0000000607
714 0.0000000606
715 0.0000000604
716 0.0000000603
717 0.0000000601
718 0.0000000600
719 0.0000000598
720 0.0000000597
721 0.0000000595
722 0.0000000594
723 0.0000000592
724 0.0000000591
725 0.0000000589
726 0.0000000588
727 0.0000000587
728 0.0000000585
729 0.0000000584
730 0.0000000582
731 0.0000000581
732 0.0000000579
733 0.0000000578
734 0.0000000577
735 0.0000000575
736 0.0000000574
737 0.0000000572
738 0.0000000571
739 0.0000000570
740 0.0000000568
741 0.0000000567
742 0.0000000566
743 0.0000000564
744 0.0000000563
745 0.0000000562
746 0.0000000560
747 0.0000000559
748 0.0000000558
749 0.0000000556
750 0.0000000555
751 0.0000000554
752 0.0000000552
753 0.0000000551
754 0.0000000550
755 0.0000000548
756 0.0000000547
757 0.0000000546
758 0.0000000544
759 0.0000000543
760 0.0000000542
761 0.0000000541
762 0.0000000539
763 0.0000000538
764 0.0000000537
765 0.0000000536
766 0.0000000534
767 0.0000000533
768 0.0000000532
769 0.0000000531
770 0.0000000529
771 0.0000000528
772 0.0000000527
773 0.0000000526
774 0.0000000524
775 0.0000000523
776 0.0000000522
777 0.0000000521
778 0.0000000520
779 0.0000000518
780 0.0000000517
781 0.0000000516
782 0.0000000515
783 0.0000000514
784 0.0000000513
785 0.0000000511
786 0.0000000510
787 0.0000000509
788 0.0000000508
789 0.0000000507
790 0.0000000506
791 0.0000000504
792 0.0000000503
793 0.0000000502
794 0.0000000501
795 0.0000000500
796 0.0000000499
797 0.0000000498
798 0.0000000496
799 0.0000000495
800 0.0000000494
801 0.0000000493
802 0.0000000492
803 0.0000000491
804 0.0000000490
805 0.0000000489
806 0.0000000488
807 0.0000000486
808 0.0000000485
809 0.0000000484
810 0.0000000483
811 0.0000000482
812 0.0000000481
813 0.0000000480
814 0.0000000479
815 0.0000000478
816 0.0000000477
817 0.0000000476
818 0.0000000475
819 0.0000000474
820 0.0000000473
821 0.0000000471
822 0.0000000470
823 0.0000000469
824 0.0000000468
825 0.0000000467
826 0.0000000466
827 0.0000000465
828 0.0000000464
829 0.0000000463
830 0.0000000462
831 0.0000000461
832 0.0000000460
833 0.0000000459
834 0.0000000458
835 0.0000000457
836 0.0000000456
837 0.0000000455
838 0.0000000454
839 0.0000000453
840 0.0000000452
841 0.0000000451
842 0.0000000450
843 0.0000000449
844 0.0000000448
845 0.0000000447
846 0.0000000446
847 0.0000000445
848 0.0000000444
849 0.0000000444
850 0.0000000443
851 0.0000000442
852 0.0000000441
853 0.0000000440
854 0.0000000439
855 0.0000000438
856 0.0000000437
857 0.0000000436
858 0.0000000435
859 0.0000000434
860 0.0000000433
861 0.0000000432
862 0.0000000431
863 0.0000000430
864 0.0000000430
865 0.0000000429
866 0.0000000428
867 0.0000000427
868 0.0000000426
869 0.0000000425
870 0.0000000424
871 0.0000000423
872 0.0000000422
873 0.0000000421
874 0.0000000421
875 0.0000000420
876 0.0000000419
877 0.0000000418
878 0.0000000417
879 0.0000000416
880 0.0000000415
881 0.0000000414
882 0.0000000414
883 0.0000000413
884 0.0000000412
885 0.0000000411
886 0.0000000410
887 0.0000000409
888 0.0000000408
889 0.0000000408
890 0.0000000407
891 0.0000000406
892 0.0000000405
893 0.0000000404
894 0.0000000403
895 0.0000000403
896 0.0000000402
897 0.0000000401
898 0.0000000400
899 0.0000000399
900 0.0000000398
901 0.0000000398
902 0.0000000397
903 0.0000000396
904 0.0000000395
905 0.0000000394
906 0.0000000394
907 0.0000000393
908 0.0000000392
909 0.0000000391
910 0.0000000390
911 0.0000000390
912 0.0000000389
913 0.0000000388
914 0.0000000387
915 0.0000000386
916 0.0000000386
917 0.0000000385
918 0.0000000384
919 0.0000000383
920 0.0000000382
921 0.0000000382
922 0.0000000381
923 0.0000000380
924 0.0000000379
925 0.0000000379
926 0.0000000378
927 0.0000000377
928 0.0000000376
929 0.0000000376
930 0.0000000375
931 0.0000000374
932 0.0000000373
933 0.0000000373
934 0.0000000372
935 0.0000000371
936 0.0000000370
937 0.0000000370
938 0.0000000369
939 0.0000000368
940 0.0000000367
941 0.0000000367
942 0.0000000366
943 0.0000000365
944 0.0000000365
945 0.0000000364
946 0.0000000363
947 0.0000000362
948 0.0000000362
949 0.0000000361
950 0.0000000360
951 0.0000000360
952 0.0000000359
953 0.0000000358
954 0.0000000357
955 0.0000000357
956 0.0000000356
957 0.0000000355
958 0.0000000355
959 0.0000000354
960 0.0000000353
961 0.0000000353
962 0.0000000352
963 0.0000000351
964 0.0000000351
965 0.0000000350
966 0.0000000349
967 0.0000000349
968 0.0000000348
969 0.0000000347
970 0.0000000347
971 0.0000000346
972 0.0000000345
973 0.0000000345
974 0.0000000344
975 0.0000000343
976 0.0000000343
977 0.0000000342
978 0.0000000341
979 0.0000000341
980 0.0000000340
981 0.0000000339
982 0.0000000339
983 0.0000000338
984 0.0000000337
985 0.0000000337
986 0.0000000336
987 0.0000000335
988 0.0000000335
989 0.0000000334
990 0.0000000333
991 0.0000000333
992 0.0000000332
993 0.0000000332
994 0.0000000331
995 0.0000000330
996 0.0000000330
997 0.0000000329
998 0.0000000328
999 0.0000000328
1000 0.0000000327
1001 0.0000000327
1002 0.0000000326
1003 0.0000000325
1004 0.0000000325
1005 0.0000000324
1006 0.0000000324
1007 0.0000000323
1008 0.0000000322
1009 0.0000000322
1010 0.0000000321
1011 0.0000000321
1012 0.0000000320
1013 0.0000000319
1014 0.0000000319
1015 0.0000000318
1016 0.0000000318
1017 0.0000000317
1018 0.0000000316
1019 0.0000000316
1020 0.0000000315
1021 0.0000000315
1022 0.0000000314
1023 0.0000000313
1024 0.0000000313
1025 0.0000000312
1026 0.0000000312
1027 0.0000000311
1028 0.0000000311
1029 0.0000000310
1030 0.0000000309
1031 0.0000000309
1032 0.0000000308
1033 0.0000000308
1034 0.0000000307
1035 0.0000000307
1036 0.0000000306
1037 0.0000000305
1038 0.0000000305
1039 0.0000000304
1040 0.0000000304
1041 0.0000000303
1042 0.0000000303
1043 0.0000000302
1044 0.0000000302
1045 0.0000000301
1046 0.0000000301
1047 0.0000000300
1048 0.0000000299
1049 0.0000000299
1050 0.0000000298
1051 0.0000000298
1052 0.0000000297
1053 0.0000000297
1054 0.0000000296
1055 0.0000000296
1056 0.0000000295
1057 0.0000000295
1058 0.0000000294
1059 0.0000000294
1060 0.0000000293
1061 0.0000000292
1062 0.0000000292
1063 0.0000000291
1064 0.0000000291
1065 0.0000000290
1066 0.0000000290
1067 0.0000000289
1068 0.0000000289
1069 0.0000000288
1070 0.0000000288
1071 0.0000000287
1072 0.0000000287
1073 0.0000000286
1074 0.0000000286
1075 0.0000000285
1076 0.0000000285
1077 0.0000000284
1078 0.0000000284
1079 0.0000000283
1080 0.0000000283
1081 0.0000000282
1082 0.0000000282
1083 0.0000000281
1084 0.0000000281
1085 0.0000000280
1086 0.0000000280
1087 0.0000000279
1088 0.0000000279
1089 0.0000000278
1090 0.0000000278
1091 0.0000000277
1092 0.0000000277
1093 0.0000000276
1094 0.0000000276
1095 0.0000000275
1096 0.0000000275
1097 0.0000000274
1098 0.0000000274
1099 0.0000000273
1100 0.0000000273
1101 0.0000000272
1102 0.0000000272
1103 0.0000000272
1104 0.0000000271
1105 0.0000000271
1106 0.0000000270
1107 0.0000000270
1108 0.0000000269
1109 0.0000000269
1110 0.0000000268
1111 0.0000000268
1112 0.0000000267
1113 0.0000000267
1114 0.0000000266
1115 0.0000000266
1116 0.0000000265
1117 0.0000000265
1118 0.0000000265
1119 0.0000000264
1120 0.0000000264
1121 0.0000000263
1122 0.0000000263
1123 0.0000000262
1124 0.0000000262
1125 0.0000000261
1126 0.0000000261
1127 0.0000000261
1128 0.0000000260
1129 0.0000000260
1130 0.0000000259
1131 0.0000000259
1132 0.0000000258
1133 0.0000000258
1134 0.0000000257
1135 0.0000000257
1136 0.0000000257
1137 0.0000000256
1138 0.0000000256
1139 0.0000000255
1140 0.0000000255
1141 0.0000000254
1142 0.0000000254
1143 0.0000000254
1144 0.0000000253
1145 0.0000000253
1146 0.0000000252
1147 0.0000000252
1148 0.0000000251
1149 0.0000000251
1150 0.0000000251
1151 0.0000000250
1152 0.0000000250
1153 0.0000000249
1154 0.0000000249
1155 0.0000000248
1156 0.0000000248
1157 0.0000000248
1158 0.0000000247
1159 0.0000000247
1160 0.0000000246
1161 0.0000000246
1162 0.0000000246
1163 0.0000000245
1164 0.0000000245
1165 0.0000000244
1166 0.0000000244
1167 0.0000000244
1168 0.0000000243
1169 0.0000000243
1170 0.0000000242
1171 0.0000000242
1172 0.0000000242
1173 0.0000000241
1174 0.0000000241
1175 0.0000000240
1176 0.0000000240
1177 0.0000000240
1178 0.0000000239
1179 0.0000000239
1180 0.0000000238
1181 0.0000000238
1182 0.0000000238
1183 0.0000000237
1184 0.0000000237
1185 0.0000000236
1186 0.0000000236
1187 0.0000000236
1188 0.0000000235
1189 0.0000000235
1190 0.0000000234
1191 0.0000000234
1192 0.0000000234
1193 0.0000000233
1194 0.0000000233
1195 0.0000000233
1196 0.0000000232
1197 0.0000000232
1198 0.0000000231
1199 0.0000000231
1200 0.0000000231
1201 0.0000000230
1202 0.0000000230
1203 0.0000000230
1204 0.0000000229
1205 0.0000000229
1206 0.0000000228
1207 0.0000000228
1208 0.0000000228
1209 0.0000000227
1210 0.0000000227
1211 0.0000000227
1212 0.0000000226
1213 0.0000000226
1214 0.0000000226
1215 0.0000000225
1216 0.0000000225
1217 0.0000000224
1218 0.0000000224
1219 0.0000000224
1220 0.0000000223
1221 0.0000000223
1222 0.0000000223
1223 0.0000000222
1224 0.0000000222
1225 0.0000000222
1226 0.0000000221
1227 0.0000000221
1228 0.0000000221
1229 0.0000000220
1230 0.0000000220
1231 0.0000000219
1232 0.0000000219
1233 0.0000000219
1234 0.0000000218
1235 0.0000000218
1236 0.0000000218
1237 0.0000000217
1238 0.0000000217
1239 0.0000000217
1240 0.0000000216
1241 0.0000000216
1242 0.0000000216
1243 0.0000000215
1244 0.0000000215
1245 0.0000000215
1246 0.0000000214
1247 0.0000000214
1248 0.0000000214
1249 0.0000000213
1250 0.0000000213
1251 0.0000000213
1252 0.0000000212
1253 0.0000000212
1254 0.0000000212
1255 0.0000000211
1256 0.0000000211
1257 0.0000000211
1258 0.0000000210
1259 0.0000000210
1260 0.0000000210
1261 0.0000000209
1262 0.0000000209
1263 0.0000000209
1264 0.0000000208
1265 0.0000000208
1266 0.0000000208
1267 0.0000000207
1268 0.0000000207
1269 0.0000000207
1270 0.0000000206
1271 0.0000000206
1272 0.0000000206
1273 0.0000000206
1274 0.0000000205
1275 0.0000000205
1276 0.0000000205
1277 0.0000000204
1278 0.0000000204
1279 0.0000000204
1280 0.0000000203
1281 0.0000000203
1282 0.0000000203
1283 0.0000000202
1284 0.0000000202
1285 0.0000000202
1286 0.0000000201
1287 0.0000000201
1288 0.0000000201
1289 0.0000000201
1290 0.0000000200
1291 0.0000000200
1292 0.0000000200
1293 0.0000000199
1294 0.0000000199
1295 0.0000000199
1296 0.0000000198
1297 0.0000000198
1298 0.0000000198
1299 0.0000000197
1300 0.0000000197
1301 0.0000000197
1302 0.0000000197
1303 0.0000000196
1304 0.0000000196
1305 0.0000000196
1306 0.0000000195
1307 0.0000000195
1308 0.0000000195
1309 0.0000000195
1310 0.0000000194
1311 0.0000000194
1312 0.0000000194
1313 0.0000000193
1314 0.0000000193
1315 0.0000000193
1316 0.0000000192
1317 0.0000000192
1318 0.0000000192
1319 0.0000000192
1320 0.0000000191
1321 0.0000000191
1322 0.0000000191
1323 0.0000000190
1324 0.0000000190
1325 0.0000000190
1326 0.0000000190
1327 0.0000000189
1328 0.0000000189
1329 0.0000000189
1330 0.0000000188
1331 0.0000000188
1332 0.0000000188
1333 0.0000000188
1334 0.0000000187
1335 0.0000000187
1336 0.0000000187
1337 0.0000000187
1338 0.0000000186
1339 0.0000000186
1340 0.0000000186
1341 0.0000000185
1342 0.0000000185
1343 0.0000000185
1344 0.0000000185
1345 0.0000000184
1346 0.0000000184
1347 0.0000000184
1348 0.0000000184
1349 0.0000000183
1350 0.0000000183
1351 0.0000000183
1352 0.0000000182
1353 0.0000000182
1354 0.0000000182
1355 0.0000000182
1356 0.0000000181
1357 0.0000000181
1358 0.0000000181
1359 0.0000000181
1360 0.0000000180
1361 0.0000000180
1362 0.0000000180
1363 0.0000000180
1364 0.0000000179
1365 0.0000000179
1366 0.0000000179
1367 0.0000000178
1368 0.0000000178
1369 0.0000000178
1370 0.0000000178
1371 0.0000000177
1372 0.0000000177
1373 0.0000000177
1374 0.0000000177
1375 0.0000000176
1376 0.0000000176
1377 0.0000000176
1378 0.0000000176
1379 0.0000000175
1380 0.0000000175
1381 0.0000000175
1382 0.0000000175
1383 0.0000000174
1384 0.0000000174
1385 0.0000000174
1386 0.0000000174
1387 0.0000000173
1388 0.0000000173
1389 0.0000000173
1390 0.0000000173
1391 0.0000000172
1392 0.0000000172
1393 0.0000000172
1394 0.0000000172
1395 0.0000000171
1396 0.0000000171
1397 0.0000000171
1398 0.0000000171
1399 0.0000000170
1400 0.0000000170
1401 0.0000000170
1402 0.0000000170
1403 0.0000000169
1404 0.0000000169
1405 0.0000000169
1406 0.0000000169
1407 0.0000000169
1408 0.0000000168
1409 0.0000000168
1410 0.0000000168
1411 0.0000000168
1412 0.0000000167
1413 0.0000000167
1414 0.0000000167
1415 0.0000000167
1416 0.0000000166
1417 0.0000000166
1418 0.0000000166
1419 0.0000000166
1420 0.0000000165
1421 0.0000000165
1422 0.0000000165
1423 0.0000000165
1424 0.0000000165
1425 0.0000000164
1426 0.0000000164
1427 0.0000000164
1428 0.0000000164
1429 0.0000000163
1430 0.0000000163
1431 0.0000000163
1432 0.0000000163
1433 0.0000000162
1434 0.0000000162
1435 0.0000000162
1436 0.0000000162
1437 0.0000000162
1438 0.0000000161
1439 0.0000000161
1440 0.0000000161
1441 0.0000000161
1442 0.0000000160
1443 0.0000000160
1444 0.0000000160
1445 0.0000000160
1446 0.0000000160
1447 0.0000000159
1448 0.0000000159
1449 0.0000000159
1450 0.0000000159
1451 0.0000000158
1452 0.0000000158
1453 0.0000000158
1454 0.0000000158
1455 0.0000000158
1456 0.0000000157
1457 0.0000000157
1458 0.0000000157
1459 0.0000000157
1460 0.0000000156
1461 0.0000000156
1462 0.0000000156
1463 0.0000000156
1464 0.0000000156
1465 0.0000000155
1466 0.0000000155
1467 0.0000000155
1468 0.0000000155
1469 0.0000000155
1470 0.0000000154
1471 0.0000000154
1472 0.0000000154
1473 0.0000000154
1474 0.0000000153
1475 0.0000000153
1476 0.0000000153
1477 0.0000000153
1478 0.0000000153
1479 0.0000000152
1480 0.0000000152
1481 0.0000000152
1482 0.0000000152
1483 0.0000000152
1484 0.0000000151
1485 0.0000000151
1486 0.0000000151
1487 0.0000000151
1488 0.0000000151
1489 0.0000000150
1490 0.0000000150
1491 0.0000000150
1492 0.0000000150
1493 0.0000000150
1494 0.0000000149
1495 0.0000000149
1496 0.0000000149
1497 0.0000000149
1498 0.0000000149
1499 0.0000000148
1500 0.0000000148
1501 0.0000000148
1502 0.0000000148
1503 0.0000000148
1504 0.0000000147
1505 0.0000000147
1506 0.0000000147
1507 0.0000000147
1508 0.0000000147
1509 0.0000000146
1510 0.0000000146
1511 0.0000000146
1512 0.0000000146
1513 0.0000000146
1514 0.0000000145
1515 0.0000000145
1516 0.0000000145
1517 0.0000000145
1518 0.0000000145
1519 0.0000000144
1520 0.0000000144
1521 0.0000000144
1522 0.0000000144
1523 0.0000000144
1524 0.0000000143
1525 0.0000000143
1526 0.0000000143
1527 0.0000000143
1528 0.0000000143
1529 0.0000000143
1530 0.0000000142
1531 0.0000000142
1532 0.0000000142
1533 0.0000000142
1534 0.0000000142
1535 0.0000000141
1536 0.0000000141
1537 0.0000000141
1538 0.0000000141
1539 0.0000000141
1540 0.0000000140
1541 0.0000000140
1542 0.0000000140
1543 0.0000000140
1544 0.0000000140
1545 0.0000000140
1546 0.0000000139
1547 0.0000000139
1548 0.0000000139
1549 0.0000000139
1550 0.0000000139
1551 0.0000000138
1552 0.0000000138
1553 0.0000000138
1554 0.0000000138
1555 0.0000000138
1556 0.0000000138
1557 0.0000000137
1558 0.0000000137
1559 0.0000000137
1560 0.0000000137
1561 0.0000000137
1562 0.0000000136
1563 0.0000000136
1564 0.0000000136
1565 0.0000000136
1566 0.0000000136
1567 0.0000000136
1568 0.0000000135
1569 0.0000000135
1570 0.0000000135
1571 0.0000000135
1572 0.0000000135
1573 0.0000000135
1574 0.0000000134
1575 0.0000000134
1576 0.0000000134
1577 0.0000000134
1578 0.0000000134
1579 0.0000000133
1580 0.0000000133
1581 0.0000000133
1582 0.0000000133
1583 0.0000000133
1584 0.0000000133
1585 0.0000000132
1586 0.0000000132
1587 0.0000000132
1588 0.0000000132
1589 0.0000000132
1590 0.0000000132
1591 0.0000000131
1592 0.0000000131
1593 0.0000000131
1594 0.0000000131
1595 0.0000000131
1596 0.0000000131
1597 0.0000000130
1598 0.0000000130
1599 0.0000000130
1600 0.0000000130
1601 0.0000000130
1602 0.0000000130
1603 0.0000000129
1604 0.0000000129
1605 0.0000000129
1606 0.0000000129
1607 0.0000000129
1608 0.0000000129
1609 0.0000000128
1610 0.0000000128
1611 0.0000000128
1612 0.0000000128
1613 0.0000000128
1614 0.0000000128
1615 0.0000000127
1616 0.0000000127
1617 0.0000000127
1618 0.0000000127
1619 0.0000000127
1620 0.0000000127
1621 0.0000000126
1622 0.0000000126
1623 0.0000000126
1624 0.0000000126
1625 0.0000000126
1626 0.0000000126
1627 0.0000000126
1628 0.0000000125
1629 0.0000000125
1630 0.0000000125
1631 0.0000000125
1632 0.0000000125
1633 0.0000000125
1634 0.0000000124
1635 0.0000000124
1636 0.0000000124
1637 0.0000000124
1638 0.0000000124
1639 0.0000000124
1640 0.0000000123
1641 0.0000000123
1642 0.0000000123
1643 0.0000000123
1644 0.0000000123
1645 0.0000000123
1646 0.0000000123
1647 0.0000000122
1648 0.0000000122
1649 0.0000000122
1650 0.0000000122
1651 0.0000000122
1652 0.0000000122
1653 0.0000000121
1654 0.0000000121
1655 0.0000000121
1656 0.0000000121
1657 0.0000000121
1658 0.0000000121
1659 0.0000000121
1660 0.0000000120
1661 0.0000000120
1662 0.0000000120
1663 0.0000000120
1664 0.0000000120
1665 0.0000000120
1666 0.0000000120
1667 0.0000000119
1668 0.0000000119
1669 0.0000000119
1670 0.0000000119
1671 0.0000000119
1672 0.0000000119
1673 0.0000000118
1674 0.0000000118
1675 0.0000000118
1676 0.0000000118
1677 0.0000000118
1678 0.0000000118
1679 0.0000000118
1680 0.0000000117
1681 0.0000000117
1682 0.0000000117
1683 0.0000000117
1684 0.0000000117
1685 0.0000000117
1686 0.0000000117
1687 0.0000000116
1688 0.0000000116
1689 0.0000000116
1690 0.0000000116
1691 0.0000000116
1692 0.0000000116
1693 0.0000000116
1694 0.0000000115
1695 0.0000000115
1696 0.0000000115
1697 0.0000000115
1698 0.0000000115
1699 0.0000000115
1700 0.0000000115
1701 0.0000000114
1702 0.0000000114
1703 0.0000000114
1704 0.0000000114
1705 0.0000000114
1706 0.0000000114
1707 0.0000000114
1708 0.0000000114
1709 0.0000000113
1710 0.0000000113
1711 0.0000000113
1712 0.0000000113
1713 0.0000000113
1714 0.0000000113
1715 0.0000000113
1716 0.0000000112
1717 0.0000000112
1718 0.0000000112
1719 0.0000000112
1720 0.0000000112
1721 0.0000000112
1722 0.0000000112
1723 0.0000000111
1724 0.0000000111
1725 0.0000000111
1726 0.0000000111
1727 0.0000000111
1728 0.0000000111
1729 0.0000000111
1730 0.0000000110
1731 0.0000000110
1732 0.0000000110
1733 0.0000000110
1734 0.0000000110
1735 0.0000000110
1736 0.0000000110
1737 0.0000000110
1738 0.0000000109
1739 0.0000000109
1740 0.0000000109
1741 0.0000000109
1742 0.0000000109
1743 0.0000000109
1744 0.0000000109
1745 0.0000000109
1746 0.0000000108
1747 0.0000000108
1748 0.0000000108
1749 0.0000000108
1750 0.0000000108
1751 0.0000000108
1752 0.0000000108
1753 0.0000000107
1754 0.0000000107
1755 0.0000000107
1756 0.0000000107
1757 0.0000000107
1758 0.0000000107
1759 0.0000000107
1760 0.0000000107
1761 0.0000000106
1762 0.0000000106
1763 0.0000000106
1764 0.0000000106
1765 0.0000000106
1766 0.0000000106
1767 0.0000000106
1768 0.0000000106
1769 0.0000000105
1770 0.0000000105
1771 0.0000000105
1772 0.0000000105
1773 0.0000000105
1774 0.0000000105
1775 0.0000000105
1776 0.0000000105
1777 0.0000000104
1778 0.0000000104
1779 0.0000000104
1780 0.0000000104
1781 0.0000000104
1782 0.0000000104
1783 0.0000000104
1784 0.0000000104
1785 0.0000000103
1786 0.0000000103
1787 0.0000000103
1788 0.0000000103
1789 0.0000000103
1790 0.0000000103
1791 0.0000000103
1792 0.0000000103
1793 0.0000000102
1794 0.0000000102
1795 0.0000000102
1796 0.0000000102
1797 0.0000000102
1798 0.0000000102
1799 0.0000000102
1800 0.0000000102
1801 0.0000000101
1802 0.0000000101
1803 0.0000000101
1804 0.0000000101
1805 0.0000000101
1806 0.0000000101
1807 0.0000000101
1808 0.0000000101
1809 0.0000000100
1810 0.0000000100
1811 0.0000000100
1812 0.0000000100
1813 0.0000000100
1814 0.0000000100
1815 0.0000000100
1816 0.0000000100
1817 0.0000000100
1818 0.0000000099
1819 0.0000000099
1820 0.0000000099
1821 0.0000000099
1822 0.0000000099
1823 0.0000000099
1824 0.0000000099
1825 0.0000000099
1826 0.0000000098
1827 0.0000000098
1828 0.0000000098
1829 0.0000000098
1830 0.0000000098
1831 0.0000000098
1832 0.0000000098
1833 0.0000000098
1834 0.0000000098
1835 0.0000000097
1836 0.0000000097
1837 0.0000000097
1838 0.0000000097
1839 0.0000000097
1840 0.0000000097
1841 0.0000000097
1842 0.0000000097
1843 0.0000000096
1844 0.0000000096
1845 0.0000000096
1846 0.0000000096
1847 0.0000000096
1848 0.0000000096
1849 0.0000000096
1850 0.0000000096
1851 0.0000000096
1852 0.0000000095
1853 0.0000000095
1854 0.0000000095
1855 0.0000000095
1856 0.0000000095
1857 0.0000000095
1858 0.0000000095
1859 0.0000000095
1860 0.0000000094
1861 0.0000000094
1862 0.0000000094
1863 0.0000000094
1864 0.0000000094
1865 0.0000000094
1866 0.0000000094
1867 0.0000000094
1868 0.0000000094
1869 0.0000000093
1870 0.0000000093
1871 0.0000000093
1872 0.0000000093
1873 0.0000000093
1874 0.0000000093
1875 0.0000000093
1876 0.0000000093
1877 0.0000000093
1878 0.0000000092
1879 0.0000000092
1880 0.0000000092
1881 0.0000000092
1882 0.0000000092
1883 0.0000000092
1884 0.0000000092
1885 0.0000000092
1886 0.0000000092
1887 0.0000000091
1888 0.0000000091
1889 0.0000000091
1890 0.0000000091
1891 0.0000000091
1892 0.0000000091
1893 0.0000000091
1894 0.0000000091
1895 0.0000000090
1896 0.0000000090
1897 0.0000000090
1898 0.0000000090
1899 0.0000000090
1900 0.0000000090
1901 0.0000000090
1902 0.0000000090
1903 0.0000000090
1904 0.0000000089
1905 0.0000000089
1906 0.0000000089
1907 0.0000000089
1908 0.0000000089
1909 0.0000000089
1910 0.0000000089
1911 0.0000000089
1912 0.0000000088
1913 0.0000000088
1914 0.0000000088
1915 0.0000000088
1916 0.0000000088
1917 0.0000000088
1918 0.0000000088
1919 0.0000000088
1920 0.0000000088
1921 0.0000000087
1922 0.0000000087
1923 0.0000000087
1924 0.0000000087
1925 0.0000000087
1926 0.0000000087
1927 0.0000000087
1928 0.0000000087
1929 0.0000000086
1930 0.0000000086
1931 0.0000000086
1932 0.0000000086
1933 0.0000000086
1934 0.0000000086
1935 0.0000000086
1936 0.0000000086
1937 0.0000000085
1938 0.0000000085
1939 0.0000000085
1940 0.0000000085
1941 0.0000000085
1942 0.0000000085
1943 0.0000000085
1944 0.0000000085
1945 0.0000000084
1946 0.0000000084
1947 0.0000000084
1948 0.0000000084
1949 0.0000000084
1950 0.0000000084
1951 0.0000000084
1952 0.0000000084
1953 0.0000000083
1954 0.0000000083
1955 0.0000000083
1956 0.0000000083
1957 0.0000000083
1958 0.0000000083
1959 0.0000000083
1960 0.0000000082
1961 0.0000000082
1962 0.0000000082
1963 0.0000000082
1964 0.0000000082
1965 0.0000000082
1966 0.0000000082
1967 0.0000000081
1968 0.0000000081
1969 0.0000000081
1970 0.0000000081
1971 0.0000000081
1972 0.0000000081
1973 0.0000000081
1974 0.0000000080
1975 0.0000000080
1976 0.0000000080
1977 0.0000000080
1978 0.0000000080
1979 0.0000000080
1980 0.0000000079
1981 0.0000000079
1982 0.0000000079
1983 0.0000000079
1984 0.0000000079
1985 0.0000000078
1986 0.0000000078
1987 0.0000000078
1988 0.0000000078
1989 0.0000000077
1990 0.0000000077
1991 0.0000000077
1992 0.0000000076
1993 0.0000000076
1994 0.0000000076
1995 0.0000000075
1996 0.0000000074
1997 0.0000000073
1998 0.0000000071
1999 0.0000000063
2000 0.0000000000
