1 558
0 0.9955122481
1 0.0019299667
2 0.0005478180
3 0.0003282800
4 0.0002129551
5 0.0001511887
6 0.0001139619
7 0.0000893248
8 0.0000720543
9 0.0000594617
10 0.0000499950
11 0.0000426989
12 0.0000369585
13 0.0000323630
14 0.0000286290
15 0.0000255555
16 0.0000229967
17 0.0000208444
18 0.0000190174
19 0.0000174533
20 0.0000161038
21 0.0000149313
22 0.0000139056
23 0.0000130029
24 0.0000122038
25 0.0000114925
26 0.0000108562
27 0.0000102842
28 0.0000097677
29 0.0000092993
30 0.0000088729
31 0.0000084831
32 0.0000081256
33 0.0000077965
34 0.0000074927
35 0.0000072114
36 0.0000069501
37 0.0000067069
38 0.0000064798
39 0.0000062673
40 0.0000060681
41 0.0000058809
42 0.0000057045
43 0.0000055382
44 0.0000053810
45 0.0000052323
46 0.0000050912
47 0.0000049573
48 0.0000048299
49 0.0000047087
50 0.0000045931
51 0.0000044828
52 0.0000043774
53 0.0000042766
54 0.0000041801
55 0.0000040875
56 0.0000039988
57 0.0000039136
58 0.0000038317
59 0.0000037530
60 0.0000036773
61 0.0000036043
62 0.0000035340
63 0.0000034661
64 0.0000034007
65 0.0000033375
66 0.0000032764
67 0.0000032174
68 0.0000031603
69 0.0000031050
70 0.0000030515
71 0.0000029997
72 0.0000029494
73 0.0000029007
74 0.0000028535
75 0.0000028076
76 0.0000027631
77 0.0000027198
78 0.0000026778
79 0.0000026370
80 0.0000025972
81 0.0000025586
82 0.0000025210
83 0.0000024844
84 0.0000024488
85 0.0000024141
86 0.0000023802
87 0.0000023473
88 0.0000023151
89 0.0000022838
90 0.0000022532
91 0.0000022234
92 0.0000021943
93 0.0000021658
94 0.0000021381
95 0.0000021110
96 0.0000020845
97 0.0000020586
98 0.0000020333
99 0.0000020085
100 0.0000019843
101 0.0000019606
102 0.0000019375
103 0.0000019148
104 0.0000018926
105 0.0000018709
106 0.0000018496
107 0.0000018288
108 0.0000018084
109 0.0000017884
110 0.0000017688
111 0.0000017496
112 0.0000017307
113 0.0000017123
114 0.0000016942
115 0.0000016764
116 0.0000016590
117 0.0000016419
118 0.0000016251
119 0.0000016087
120 0.0000015925
121 0.0000015766
122 0.0000015611
123 0.0000015458
124 0.0000015307
125 0.0000015160
126 0.0000015015
127 0.0000014872
128 0.0000014732
129 0.0000014594
130 0.0000014459
131 0.0000014326
132 0.0000014195
133 0.0000014066
134 0.0000013940
135 0.0000013815
136 0.0000013693
137 0.0000013572
138 0.0000013453
139 0.0000013337
140 0.0000013222
141 0.0000013109
142 0.0000012997
143 0.0000012888
144 0.0000012780
145 0.0000012674
146 0.0000012569
147 0.0000012466
148 0.0000012364
149 0.0000012264
150 0.0000012165
151 0.0000012068
152 0.0000011973
153 0.0000011878
154 0.0000011785
155 0.0000011693
156 0.0000011603
157 0.0000011514
158 0.0000011426
159 0.0000011339
160 0.0000011254
161 0.0000011169
162 0.0000011086
163 0.0000011004
164 0.0000010923
165 0.0000010843
166 0.0000010765
167 0.0000010687
168 0.0000010610
169 0.0000010534
170 0.0000010460
171 0.0000010386
172 0.0000010313
173 0.0000010241
174 0.0000010170
175 0.0000010100
176 0.0000010031
177 0.0000009962
178 0.0000009895
179 0.0000009828
180 0.0000009762
181 0.0000009697
182 0.0000009633
183 0.0000009569
184 0.0000009506
185 0.0000009444
186 0.0000009383
187 0.0000009323
188 0.0000009263
189 0.0000009204
190 0.0000009145
191 0.0000009087
192 0.0000009030
193 0.0000008974
194 0.0000008918
195 0.0000008863
196 0.0000008808
197 0.0000008754
198 0.0000008701
199 0.0000008648
200 0.0000008596
201 0.0000008544
202 0.0000008493
203 0.0000008443
204 0.0000008393
205 0.0000008343
206 0.0000008295
207 0.0000008246
208 0.0000008198
209 0.0000008151
210 0.0000008104
211 0.0000008058
212 0.0000008012
213 0.0000007966
214 0.0000007921
215 0.0000007877
216 0.0000007833
217 0.0000007789
218 0.0000007746
219 0.0000007704
220 0.0000007661
221 0.0000007619
222 0.0000007578
223 0.0000007537
224 0.0000007496
225 0.0000007456
226 0.0000007416
227 0.0000007377
228 0.0000007338
229 0.0000007299
230 0.0000007261
231 0.0000007223
232 0.0000007185
233 0.0000007148
234 0.0000007111
235 0.0000007075
236 0.0000007038
237 0.0000007002
238 0.0000006967
239 0.0000006932
240 0.0000006897
241 0.0000006862
242 0.0000006828
243 0.0000006794
244 0.0000006760
245 0.0000006727
246 0.0000006694
247 0.0000006661
248 0.0000006629
249 0.0000006597
250 0.0000006565
251 0.0000006533
252 0.0000006502
253 0.0000006471
254 0.0000006440
255 0.0000006410
256 0.0000006379
257 0.0000006349
258 0.0000006320
259 0.0000006290
260 0.0000006261
261 0.0000006232
262 0.0000006203
263 0.0000006175
264 0.0000006146
265 0.0000006118
266 0.0000006091
267 0.0000006063
268 0.0000006036
269 0.0000006009
270 0.0000005982
271 0.0000005955
272 0.0000005929
273 0.0000005902
274 0.0000005876
275 0.0000005850
276 0.0000005825
277 0.0000005799
278 0.0000005774
279 0.0000005749
280 0.0000005724
281 0.0000005700
282 0.0000005675
283 0.0000005651
284 0.0000005627
285 0.0000005603
286 0.0000005579
287 0.0000005556
288 0.0000005533
289 0.0000005510
290 0.0000005487
291 0.0000005464
292 0.0000005441
293 0.0000005419
294 0.0000005396
295 0.0000005374
296 0.0000005352
297 0.0000005331
298 0.0000005309
299 0.0000005287
300 0.0000005266
301 0.0000005245
302 0.0000005224
303 0.0000005203
304 0.0000005182
305 0.0000005162
306 0.0000005141
307 0.0000005121
308 0.0000005101
309 0.0000005081
310 0.0000005061
311 0.0000005042
312 0.0000005022
313 0.0000005003
314 0.0000004983
315 0.0000004964
316 0.0000004945
317 0.0000004926
318 0.0000004908
319 0.0000004889
320 0.0000004870
321 0.0000004852
322 0.0000004834
323 0.0000004816
324 0.0000004798
325 0.0000004780
326 0.0000004762
327 0.0000004745
328 0.0000004727
329 0.0000004710
330 0.0000004692
331 0.0000004675
332 0.0000004658
333 0.0000004641
334 0.0000004624
335 0.0000004608
336 0.0000004591
337 0.0000004575
338 0.0000004558
339 0.0000004542
340 0.0000004526
341 0.0000004510
342 0.0000004494
343 0.0000004478
344 0.0000004462
345 0.0000004446
346 0.0000004431
347 0.0000004415
348 0.0000004400
349 0.0000004385
350 0.0000004370
351 0.0000004354
352 0.0000004339
353 0.0000004325
354 0.0000004310
355 0.0000004295
356 0.0000004280
357 0.0000004266
358 0.0000004251
359 0.0000004237
360 0.0000004223
361 0.0000004209
362 0.0000004195
363 0.0000004181
364 0.0000004167
365 0.0000004153
366 0.0000004139
367 0.0000004125
368 0.0000004112
369 0.0000004098
370 0.0000004085
371 0.0000004071
372 0.0000004058
373 0.0000004045
374 0.0000004032
375 0.0000004019
376 0.0000004006
377 0.0000003993
378 0.0000003980
379 0.0000003967
380 0.0000003955
381 0.0000003942
382 0.0000003930
383 0.0000003917
384 0.0000003905
385 0.0000003892
386 0.0000003880
387 0.0000003868
388 0.0000003856
389 0.0000003844
390 0.0000003832
391 0.0000003820
392 0.0000003808
393 0.0000003796
394 0.0000003785
395 0.0000003773
396 0.0000003761
397 0.0000003750
398 0.0000003738
399 0.0000003727
400 0.0000003716
401 0.0000003704
402 0.0000003693
403 0.0000003682
404 0.0000003671
405 0.0000003660
406 0.0000003649
407 0.0000003638
408 0.0000003627
409 0.0000003616
410 0.0000003606
411 0.0000003595
412 0.0000003584
413 0.0000003574
414 0.0000003563
415 0.0000003553
416 0.0000003542
417 0.0000003532
418 0.0000003522
419 0.0000003512
420 0.0000003501
421 0.0000003491
422 0.0000003481
423 0.0000003471
424 0.0000003461
425 0.0000003451
426 0.0000003441
427 0.0000003431
428 0.0000003422
429 0.0000003412
430 0.0000003402
431 0.0000003393
432 0.0000003383
433 0.0000003373
434 0.0000003364
435 0.0000003355
436 0.0000003345
437 0.0000003336
438 0.0000003326
439 0.0000003317
440 0.0000003308
441 0.0000003299
442 0.0000003290
443 0.0000003281
444 0.0000003271
445 0.0000003262
446 0.0000003254
447 0.0000003245
448 0.0000003236
449 0.0000003227
450 0.0000003218
451 0.0000003209
452 0.0000003201
453 0.0000003192
454 0.0000003183
455 0.0000003175
456 0.0000003166
457 0.0000003158
458 0.0000003149
459 0.0000003141
460 0.0000003132
461 0.0000003124
462 0.0000003116
463 0.0000003107
464 0.0000003099
465 0.0000003091
466 0.0000003083
467 0.0000003074
468 0.0000003066
469 0.0000003058
470 0.0000003050
471 0.0000003042
472 0.0000003034
473 0.0000003026
474 0.0000003018
475 0.0000003010
476 0.0000003003
477 0.0000002995
478 0.0000002987
479 0.0000002979
480 0.0000002971
481 0.0000002964
482 0.0000002956
483 0.0000002948
484 0.0000002941
485 0.0000002933
486 0.0000002926
487 0.0000002918
488 0.0000002911
489 0.0000002903
490 0.0000002896
491 0.0000002888
492 0.0000002881
493 0.0000002873
494 0.0000002866
495 0.0000002859
496 0.0000002851
497 0.0000002844
498 0.0000002837
499 0.0000002830
500 0.0000002822
501 0.0000002815
502 0.0000002808
503 0.0000002801
504 0.0000002794
505 0.0000002786
506 0.0000002779
507 0.0000002772
508 0.0000002765
509 0.0000002758
510 0.0000002751
511 0.0000002744
512 0.0000002737
513 0.0000002730
514 0.0000002723
515 0.0000002715
516 0.0000002708
517 0.0000002701
518 0.0000002694
519 0.0000002687
520 0.0000002680
521 0.0000002673
522 0.0000002666
523 0.0000002659
524 0.0000002652
525 0.0000002644
526 0.0000002637
527 0.0000002630
528 0.0000002623
529 0.0000002615
530 0.0000002608
531 0.0000002601
532 0.0000002593
533 0.0000002586
534 0.0000002578
535 0.0000002570
536 0.0000002562
537 0.0000002554
538 0.0000002546
539 0.0000002538
540 0.0000002530
541 0.0000002521
542 0.0000002512
543 0.0000002503
544 0.0000002493
545 0.0000002483
546 0.0000002473
547 0.0000002462
548 0.0000002450
549 0.0000002438
550 0.0000002424
551 0.0000002408
552 0.0000002390
553 0.0000002368
554 0.0000002339
555 0.0000002298
556 0.0000002221
557 0.0000001975
558 0.0000000000
