1 744
0 0.9856505460
1 0.0036865639
2 0.0015035798
3 0.0010263262
4 0.0007387394
5 0.0005690445
6 0.0004583969
7 0.0003800442
8 0.0003217074
9 0.0002767636
10 0.0002412064
11 0.0002124627
12 0.0001888128
13 0.0001690673
14 0.0001523779
15 0.0001381231
16 0.0001258374
17 0.0001151651
18 0.0001058300
19 0.0000976140
20 0.0000903432
21 0.0000838771
22 0.0000781007
23 0.0000729194
24 0.0000682546
25 0.0000640404
26 0.0000602212
27 0.0000567498
28 0.0000535860
29 0.0000506952
30 0.0000480474
31 0.0000456168
32 0.0000433808
33 0.0000413197
34 0.0000394163
35 0.0000376552
36 0.0000360231
37 0.0000345079
38 0.0000330990
39 0.0000317871
40 0.0000305636
41 0.0000294210
42 0.0000283524
43 0.0000273518
44 0.0000264136
45 0.0000255329
46 0.0000247051
47 0.0000239261
48 0.0000231923
49 0.0000225002
50 0.0000218467
51 0.0000212291
52 0.0000206448
53 0.0000200914
54 0.0000195668
55 0.0000190689
56 0.0000185960
57 0.0000181464
58 0.0000177186
59 0.0000173111
60 0.0000169227
61 0.0000165521
62 0.0000161982
63 0.0000158600
64 0.0000155364
65 0.0000152268
66 0.0000149301
67 0.0000146457
68 0.0000143728
69 0.0000141107
70 0.0000138590
71 0.0000136169
72 0.0000133839
73 0.0000131597
74 0.0000129436
75 0.0000127352
76 0.0000125342
77 0.0000123401
78 0.0000121527
79 0.0000119715
80 0.0000117963
81 0.0000116267
82 0.0000114625
83 0.0000113035
84 0.0000111493
85 0.0000109998
86 0.0000108548
87 0.0000107139
88 0.0000105771
89 0.0000104442
90 0.0000103150
91 0.0000101893
92 0.0000100670
93 0.0000099480
94 0.0000098320
95 0.0000097191
96 0.0000096089
97 0.0000095016
98 0.0000093968
99 0.0000092946
100 0.0000091949
101 0.0000090974
102 0.0000090022
103 0.0000089092
104 0.0000088183
105 0.0000087294
106 0.0000086424
107 0.0000085573
108 0.0000084740
109 0.0000083925
110 0.0000083127
111 0.0000082344
112 0.0000081578
113 0.0000080827
114 0.0000080090
115 0.0000079368
116 0.0000078660
117 0.0000077965
118 0.0000077283
119 0.0000076614
120 0.0000075957
121 0.0000075311
122 0.0000074678
123 0.0000074055
124 0.0000073444
125 0.0000072843
126 0.0000072252
127 0.0000071671
128 0.0000071100
129 0.0000070539
130 0.0000069986
131 0.0000069443
132 0.0000068908
133 0.0000068382
134 0.0000067864
135 0.0000067355
136 0.0000066853
137 0.0000066358
138 0.0000065872
139 0.0000065392
140 0.0000064920
141 0.0000064455
142 0.0000063997
143 0.0000063545
144 0.0000063099
145 0.0000062661
146 0.0000062228
147 0.0000061801
148 0.0000061381
149 0.0000060966
150 0.0000060557
151 0.0000060153
152 0.0000059755
153 0.0000059362
154 0.0000058974
155 0.0000058592
156 0.0000058215
157 0.0000057842
158 0.0000057474
159 0.0000057111
160 0.0000056753
161 0.0000056399
162 0.0000056049
163 0.0000055704
164 0.0000055364
165 0.0000055027
166 0.0000054694
167 0.0000054366
168 0.0000054042
169 0.0000053721
170 0.0000053404
171 0.0000053091
172 0.0000052782
173 0.0000052476
174 0.0000052174
175 0.0000051875
176 0.0000051580
177 0.0000051288
178 0.0000050999
179 0.0000050714
180 0.0000050431
181 0.0000050152
182 0.0000049876
183 0.0000049603
184 0.0000049333
185 0.0000049066
186 0.0000048802
187 0.0000048541
188 0.0000048282
189 0.0000048027
190 0.0000047774
191 0.0000047523
192 0.0000047275
193 0.0000047030
194 0.0000046788
195 0.0000046547
196 0.0000046310
197 0.0000046074
198 0.0000045842
199 0.0000045611
200 0.0000045383
201 0.0000045157
202 0.0000044933
203 0.0000044712
204 0.0000044492
205 0.0000044275
206 0.0000044060
207 0.0000043847
208 0.0000043636
209 0.0000043427
210 0.0000043220
211 0.0000043015
212 0.0000042812
213 0.0000042611
214 0.0000042412
215 0.0000042214
216 0.0000042019
217 0.0000041825
218 0.0000041633
219 0.0000041443
220 0.0000041254
221 0.0000041067
222 0.0000040882
223 0.0000040699
224 0.0000040517
225 0.0000040337
226 0.0000040158
227 0.0000039981
228 0.0000039806
229 0.0000039632
230 0.0000039460
231 0.0000039288
232 0.0000039119
233 0.0000038951
234 0.0000038785
235 0.0000038619
236 0.0000038456
237 0.0000038293
238 0.0000038132
239 0.0000037973
240 0.0000037814
241 0.0000037657
242 0.0000037502
243 0.0000037347
244 0.0000037194
245 0.0000037042
246 0.0000036891
247 0.0000036742
248 0.0000036594
249 0.0000036447
250 0.0000036301
251 0.0000036156
252 0.0000036013
253 0.0000035870
254 0.0000035729
255 0.0000035589
256 0.0000035449
257 0.0000035311
258 0.0000035174
259 0.0000035039
260 0.0000034904
261 0.0000034770
262 0.0000034637
263 0.0000034505
264 0.0000034374
265 0.0000034245
266 0.0000034116
267 0.0000033988
268 0.0000033861
269 0.0000033735
270 0.0000033610
271 0.0000033486
272 0.0000033363
273 0.0000033240
274 0.0000033119
275 0.0000032999
276 0.0000032879
277 0.0000032760
278 0.0000032642
279 0.0000032525
280 0.0000032409
281 0.0000032293
282 0.0000032179
283 0.0000032065
284 0.0000031952
285 0.0000031840
286 0.0000031728
287 0.0000031618
288 0.0000031508
289 0.0000031399
290 0.0000031290
291 0.0000031183
292 0.0000031076
293 0.0000030970
294 0.0000030864
295 0.0000030759
296 0.0000030655
297 0.0000030552
298 0.0000030450
299 0.0000030348
300 0.0000030246
301 0.0000030146
302 0.0000030046
303 0.0000029947
304 0.0000029848
305 0.0000029750
306 0.0000029653
307 0.0000029556
308 0.0000029460
309 0.0000029365
310 0.0000029270
311 0.0000029176
312 0.0000029082
313 0.0000028989
314 0.0000028897
315 0.0000028805
316 0.0000028713
317 0.0000028623
318 0.0000028533
319 0.0000028443
320 0.0000028354
321 0.0000028266
322 0.0000028178
323 0.0000028090
324 0.0000028004
325 0.0000027917
326 0.0000027832
327 0.0000027746
328 0.0000027662
329 0.0000027578
330 0.0000027494
331 0.0000027411
332 0.0000027328
333 0.0000027246
334 0.0000027164
335 0.0000027083
336 0.0000027002
337 0.0000026922
338 0.0000026842
339 0.0000026763
340 0.0000026684
341 0.0000026606
342 0.0000026528
343 0.0000026451
344 0.0000026374
345 0.0000026297
346 0.0000026221
347 0.0000026145
348 0.0000026070
349 0.0000025995
350 0.0000025921
351 0.0000025847
352 0.0000025773
353 0.0000025700
354 0.0000025628
355 0.0000025555
356 0.0000025483
357 0.0000025412
358 0.0000025341
359 0.0000025270
360 0.0000025200
361 0.0000025130
362 0.0000025060
363 0.0000024991
364 0.0000024922
365 0.0000024854
366 0.0000024786
367 0.0000024718
368 0.0000024651
369 0.0000024584
370 0.0000024518
371 0.0000024451
372 0.0000024386
373 0.0000024320
374 0.0000024255
375 0.0000024190
376 0.0000024126
377 0.0000024062
378 0.0000023998
379 0.0000023934
380 0.0000023871
381 0.0000023809
382 0.0000023746
383 0.0000023684
384 0.0000023622
385 0.0000023561
386 0.0000023500
387 0.0000023439
388 0.0000023378
389 0.0000023318
390 0.0000023258
391 0.0000023199
392 0.0000023139
393 0.0000023080
394 0.0000023022
395 0.0000022963
396 0.0000022905
397 0.0000022847
398 0.0000022790
399 0.0000022733
400 0.0000022676
401 0.0000022619
402 0.0000022563
403 0.0000022506
404 0.0000022451
405 0.0000022395
406 0.0000022340
407 0.0000022285
408 0.0000022230
409 0.0000022176
410 0.0000022121
411 0.0000022067
412 0.0000022014
413 0.0000021960
414 0.0000021907
415 0.0000021854
416 0.0000021801
417 0.0000021749
418 0.0000021697
419 0.0000021645
420 0.0000021593
421 0.0000021542
422 0.0000021491
423 0.0000021440
424 0.0000021389
425 0.0000021339
426 0.0000021288
427 0.0000021239
428 0.0000021189
429 0.0000021139
430 0.0000021090
431 0.0000021041
432 0.0000020992
433 0.0000020943
434 0.0000020895
435 0.0000020847
436 0.0000020799
437 0.0000020751
438 0.0000020704
439 0.0000020656
440 0.0000020609
441 0.0000020562
442 0.0000020516
443 0.0000020469
444 0.0000020423
445 0.0000020377
446 0.0000020331
447 0.0000020286
448 0.0000020240
449 0.0000020195
450 0.0000020150
451 0.0000020105
452 0.0000020060
453 0.0000020016
454 0.0000019972
455 0.0000019928
456 0.0000019884
457 0.0000019840
458 0.0000019797
459 0.0000019753
460 0.0000019710
461 0.0000019667
462 0.0000019625
463 0.0000019582
464 0.0000019540
465 0.0000019498
466 0.0000019456
467 0.0000019414
468 0.0000019372
469 0.0000019331
470 0.0000019289
471 0.0000019248
472 0.0000019207
473 0.0000019167
474 0.0000019126
475 0.0000019086
476 0.0000019045
477 0.0000019005
478 0.0000018965
479 0.0000018926
480 0.0000018886
481 0.0000018847
482 0.0000018807
483 0.0000018768
484 0.0000018729
485 0.0000018690
486 0.0000018652
487 0.0000018613
488 0.0000018575
489 0.0000018537
490 0.0000018499
491 0.0000018461
492 0.0000018423
493 0.0000018386
494 0.0000018348
495 0.0000018311
496 0.0000018274
497 0.0000018237
498 0.0000018200
499 0.0000018164
500 0.0000018127
501 0.0000018091
502 0.0000018054
503 0.0000018018
504 0.0000017982
505 0.0000017947
506 0.0000017911
507 0.0000017875
508 0.0000017840
509 0.0000017805
510 0.0000017770
511 0.0000017735
512 0.0000017700
513 0.0000017665
514 0.0000017631
515 0.0000017596
516 0.0000017562
517 0.0000017528
518 0.0000017494
519 0.0000017460
520 0.0000017426
521 0.0000017392
522 0.0000017359
523 0.0000017325
524 0.0000017292
525 0.0000017259
526 0.0000017226
527 0.0000017193
528 0.0000017160
529 0.0000017127
530 0.0000017095
531 0.0000017062
532 0.0000017030
533 0.0000016998
534 0.0000016966
535 0.0000016934
536 0.0000016902
537 0.0000016870
538 0.0000016839
539 0.0000016807
540 0.0000016776
541 0.0000016745
542 0.0000016714
543 0.0000016682
544 0.0000016652
545 0.0000016621
546 0.0000016590
547 0.0000016559
548 0.0000016529
549 0.0000016499
550 0.0000016468
551 0.0000016438
552 0.0000016408
553 0.0000016378
554 0.0000016348
555 0.0000016319
556 0.0000016289
557 0.0000016259
558 0.0000016230
559 0.0000016201
560 0.0000016171
561 0.0000016142
562 0.0000016113
563 0.0000016084
564 0.0000016056
565 0.0000016027
566 0.0000015998
567 0.0000015970
568 0.0000015941
569 0.0000015913
570 0.0000015885
571 0.0000015857
572 0.0000015828
573 0.0000015800
574 0.0000015773
575 0.0000015745
576 0.0000015717
577 0.0000015690
578 0.0000015662
579 0.0000015635
580 0.0000015607
581 0.0000015580
582 0.0000015553
583 0.0000015526
584 0.0000015499
585 0.0000015472
586 0.0000015445
587 0.0000015419
588 0.0000015392
589 0.0000015366
590 0.0000015339
591 0.0000015313
592 0.0000015286
593 0.0000015260
594 0.0000015234
595 0.0000015208
596 0.0000015182
597 0.0000015156
598 0.0000015131
599 0.0000015105
600 0.0000015079
601 0.0000015054
602 0.0000015028
603 0.0000015003
604 0.0000014977
605 0.0000014952
606 0.0000014927
607 0.0000014902
608 0.0000014877
609 0.0000014852
610 0.0000014827
611 0.0000014802
612 0.0000014778
613 0.0000014753
614 0.0000014729
615 0.0000014704
616 0.0000014680
617 0.0000014655
618 0.0000014631
619 0.0000014607
620 0.0000014583
621 0.0000014559
622 0.0000014535
623 0.0000014511
624 0.0000014487
625 0.0000014463
626 0.0000014439
627 0.0000014416
628 0.0000014392
629 0.0000014368
630 0.0000014345
631 0.0000014321
632 0.0000014298
633 0.0000014275
634 0.0000014252
635 0.0000014228
636 0.0000014205
637 0.0000014182
638 0.0000014159
639 0.0000014136
640 0.0000014113
641 0.0000014091
642 0.0000014068
643 0.0000014045
644 0.0000014022
645 0.0000014000
646 0.0000013977
647 0.0000013955
648 0.0000013932
649 0.0000013910
650 0.0000013888
651 0.0000013865
652 0.0000013843
653 0.0000013821
654 0.0000013799
655 0.0000013777
656 0.0000013755
657 0.0000013733
658 0.0000013711
659 0.0000013689
660 0.0000013667
661 0.0000013645
662 0.0000013623
663 0.0000013601
664 0.0000013580
665 0.0000013558
666 0.0000013536
667 0.0000013515
668 0.0000013493
669 0.0000013471
670 0.0000013450
671 0.0000013428
672 0.0000013407
673 0.0000013386
674 0.0000013364
675 0.0000013343
676 0.0000013321
677 0.0000013300
678 0.0000013279
679 0.0000013257
680 0.0000013236
681 0.0000013215
682 0.0000013194
683 0.0000013172
684 0.0000013151
685 0.0000013130
686 0.0000013109
687 0.0000013087
688 0.0000013066
689 0.0000013045
690 0.0000013024
691 0.0000013002
692 0.0000012981
693 0.0000012960
694 0.0000012939
695 0.0000012917
696 0.0000012896
697 0.0000012875
698 0.0000012853
699 0.0000012832
700 0.0000012810
701 0.0000012789
702 0.0000012767
703 0.0000012746
704 0.0000012724
705 0.0000012702
706 0.0000012681
707 0.0000012659
708 0.0000012637
709 0.0000012614
710 0.0000012592
711 0.0000012570
712 0.0000012547
713 0.0000012525
714 0.0000012502
715 0.0000012479
716 0.0000012456
717 0.0000012433
718 0.0000012409
719 0.0000012385
720 0.0000012361
721 0.0000012336
722 0.0000012312
723 0.0000012286
724 0.0000012260
725 0.0000012234
726 0.0000012207
727 0.0000012179
728 0.0000012150
729 0.0000012121
730 0.0000012090
731 0.0000012057
732 0.0000012023
733 0.0000011986
734 0.0000011946
735 0.0000011902
736 0.0000011852
737 0.0000011795
738 0.0000011725
739 0.0000011636
740 0.0000011514
741 0.0000011333
742 0.0000010975
743 0.0000009778
744 0.0000000000
