1 1320
0 0.9944597103
1 0.0023522881
2 0.0007604833
3 0.0004630807
4 0.0003031864
5 0.0002160839
6 0.0001629057
7 0.0001273453
8 0.0001021904
9 0.0000836963
10 0.0000696874
11 0.0000588167
12 0.0000502129
13 0.0000432908
14 0.0000376442
15 0.0000329836
16 0.0000290974
17 0.0000258277
18 0.0000230550
19 0.0000206871
20 0.0000186520
21 0.0000168928
22 0.0000153641
23 0.0000140293
24 0.0000128586
25 0.0000118275
26 0.0000109159
27 0.0000101070
28 0.0000093867
29 0.0000087434
30 0.0000081669
31 0.0000076488
32 0.0000071819
33 0.0000067600
34 0.0000063777
35 0.0000060305
36 0.0000057144
37 0.0000054260
38 0.0000051621
39 0.0000049202
40 0.0000046980
41 0.0000044934
42 0.0000043046
43 0.0000041301
44 0.0000039685
45 0.0000038186
46 0.0000036792
47 0.0000035493
48 0.0000034282
49 0.0000033150
50 0.0000032089
51 0.0000031095
52 0.0000030161
53 0.0000029283
54 0.0000028455
55 0.0000027674
56 0.0000026936
57 0.0000026237
58 0.0000025575
59 0.0000024947
60 0.0000024350
61 0.0000023782
62 0.0000023241
63 0.0000022725
64 0.0000022233
65 0.0000021762
66 0.0000021312
67 0.0000020880
68 0.0000020467
69 0.0000020070
70 0.0000019688
71 0.0000019322
72 0.0000018969
73 0.0000018629
74 0.0000018301
75 0.0000017985
76 0.0000017680
77 0.0000017385
78 0.0000017100
79 0.0000016824
80 0.0000016557
81 0.0000016299
82 0.0000016048
83 0.0000015805
84 0.0000015569
85 0.0000015340
86 0.0000015118
87 0.0000014902
88 0.0000014692
89 0.0000014487
90 0.0000014288
91 0.0000014094
92 0.0000013906
93 0.0000013722
94 0.0000013542
95 0.0000013368
96 0.0000013197
97 0.0000013031
98 0.0000012868
99 0.0000012710
100 0.0000012555
101 0.0000012403
102 0.0000012255
103 0.0000012110
104 0.0000011969
105 0.0000011830
106 0.0000011695
107 0.0000011562
108 0.0000011432
109 0.0000011305
110 0.0000011181
111 0.0000011059
112 0.0000010939
113 0.0000010822
114 0.0000010707
115 0.0000010595
116 0.0000010484
117 0.0000010376
118 0.0000010270
119 0.0000010165
120 0.0000010063
121 0.0000009963
122 0.0000009864
123 0.0000009767
124 0.0000009672
125 0.0000009579
126 0.0000009487
127 0.0000009397
128 0.0000009308
129 0.0000009221
130 0.0000009135
131 0.0000009051
132 0.0000008968
133 0.0000008887
134 0.0000008807
135 0.0000008728
136 0.0000008651
137 0.0000008574
138 0.0000008499
139 0.0000008426
140 0.0000008353
141 0.0000008281
142 0.0000008211
143 0.0000008142
144 0.0000008073
145 0.0000008006
146 0.0000007940
147 0.0000007875
148 0.0000007811
149 0.0000007747
150 0.0000007685
151 0.0000007623
152 0.0000007563
153 0.0000007503
154 0.0000007444
155 0.0000007386
156 0.0000007329
157 0.0000007273
158 0.0000007217
159 0.0000007162
160 0.0000007108
161 0.0000007055
162 0.0000007002
163 0.0000006950
164 0.0000006899
165 0.0000006848
166 0.0000006798
167 0.0000006749
168 0.0000006701
169 0.0000006653
170 0.0000006605
171 0.0000006559
172 0.0000006513
173 0.0000006467
174 0.0000006422
175 0.0000006378
176 0.0000006334
177 0.0000006290
178 0.0000006248
179 0.0000006205
180 0.0000006164
181 0.0000006123
182 0.0000006082
183 0.0000006042
184 0.0000006002
185 0.0000005963
186 0.0000005924
187 0.0000005885
188 0.0000005847
189 0.0000005810
190 0.0000005773
191 0.0000005736
192 0.0000005700
193 0.0000005664
194 0.0000005629
195 0.0000005594
196 0.0000005559
197 0.0000005525
198 0.0000005491
199 0.0000005458
200 0.0000005425
201 0.0000005392
202 0.0000005360
203 0.0000005328
204 0.0000005296
205 0.0000005265
206 0.0000005234
207 0.0000005203
208 0.0000005173
209 0.0000005143
210 0.0000005113
211 0.0000005084
212 0.0000005055
213 0.0000005026
214 0.0000004997
215 0.0000004969
216 0.0000004941
217 0.0000004914
218 0.0000004886
219 0.0000004859
220 0.0000004832
221 0.0000004806
222 0.0000004780
223 0.0000004754
224 0.0000004728
225 0.0000004702
226 0.0000004677
227 0.0000004652
228 0.0000004627
229 0.0000004603
230 0.0000004579
231 0.0000004554
232 0.0000004531
233 0.0000004507
234 0.0000004484
235 0.0000004460
236 0.0000004437
237 0.0000004415
238 0.0000004392
239 0.0000004370
240 0.0000004348
241 0.0000004326
242 0.0000004304
243 0.0000004283
244 0.0000004261
245 0.0000004240
246 0.0000004219
247 0.0000004198
248 0.0000004178
249 0.0000004158
250 0.0000004137
251 0.0000004117
252 0.0000004097
253 0.0000004078
254 0.0000004058
255 0.0000004039
256 0.0000004020
257 0.0000004001
258 0.0000003982
259 0.0000003963
260 0.0000003945
261 0.0000003926
262 0.0000003908
263 0.0000003890
264 0.0000003872
265 0.0000003854
266 0.0000003837
267 0.0000003819
268 0.0000003802
269 0.0000003785
270 0.0000003768
271 0.0000003751
272 0.0000003734
273 0.0000003717
274 0.0000003701
275 0.0000003684
276 0.0000003668
277 0.0000003652
278 0.0000003636
279 0.0000003620
280 0.0000003604
281 0.0000003589
282 0.0000003573
283 0.0000003558
284 0.0000003543
285 0.0000003528
286 0.0000003513
287 0.0000003498
288 0.0000003483
289 0.0000003468
290 0.0000003454
291 0.0000003439
292 0.0000003425
293 0.0000003411
294 0.0000003396
295 0.0000003382
296 0.0000003368
297 0.0000003355
298 0.0000003341
299 0.0000003327
300 0.0000003314
301 0.0000003300
302 0.0000003287
303 0.0000003274
304 0.0000003261
305 0.0000003248
306 0.0000003235
307 0.0000003222
308 0.0000003209
309 0.0000003197
310 0.0000003184
311 0.0000003172
312 0.0000003159
313 0.0000003147
314 0.0000003135
315 0.0000003123
316 0.0000003110
317 0.0000003099
318 0.0000003087
319 0.0000003075
320 0.0000003063
321 0.0000003052
322 0.0000003040
323 0.0000003028
324 0.0000003017
325 0.0000003006
326 0.0000002995
327 0.0000002983
328 0.0000002972
329 0.0000002961
330 0.0000002950
331 0.0000002939
332 0.0000002929
333 0.0000002918
334 0.0000002907
335 0.0000002897
336 0.0000002886
337 0.0000002876
338 0.0000002865
339 0.0000002855
340 0.0000002845
341 0.0000002835
342 0.0000002824
343 0.0000002814
344 0.0000002804
345 0.0000002795
346 0.0000002785
347 0.0000002775
348 0.0000002765
349 0.0000002756
350 0.0000002746
351 0.0000002736
352 0.0000002727
353 0.0000002717
354 0.0000002708
355 0.0000002699
356 0.0000002690
357 0.0000002680
358 0.0000002671
359 0.0000002662
360 0.0000002653
361 0.0000002644
362 0.0000002635
363 0.0000002626
364 0.0000002618
365 0.0000002609
366 0.0000002600
367 0.0000002591
368 0.0000002583
369 0.0000002574
370 0.0000002566
371 0.0000002557
372 0.0000002549
373 0.0000002541
374 0.0000002532
375 0.0000002524
376 0.0000002516
377 0.0000002508
378 0.0000002500
379 0.0000002492
380 0.0000002484
381 0.0000002476
382 0.0000002468
383 0.0000002460
384 0.0000002452
385 0.0000002444
386 0.0000002436
387 0.0000002429
388 0.0000002421
389 0.0000002413
390 0.0000002406
391 0.0000002398
392 0.0000002391
393 0.0000002384
394 0.0000002376
395 0.0000002369
396 0.0000002361
397 0.0000002354
398 0.0000002347
399 0.0000002340
400 0.0000002333
401 0.0000002326
402 0.0000002318
403 0.0000002311
404 0.0000002304
405 0.0000002297
406 0.0000002291
407 0.0000002284
408 0.0000002277
409 0.0000002270
410 0.0000002263
411 0.0000002257
412 0.0000002250
413 0.0000002243
414 0.0000002237
415 0.0000002230
416 0.0000002223
417 0.0000002217
418 0.0000002210
419 0.0000002204
420 0.0000002198
421 0.0000002191
422 0.0000002185
423 0.0000002178
424 0.0000002172
425 0.0000002166
426 0.0000002160
427 0.0000002154
428 0.0000002147
429 0.0000002141
430 0.0000002135
431 0.0000002129
432 0.0000002123
433 0.0000002117
434 0.0000002111
435 0.0000002105
436 0.0000002099
437 0.0000002093
438 0.0000002088
439 0.0000002082
440 0.0000002076
441 0.0000002070
442 0.0000002064
443 0.0000002059
444 0.0000002053
445 0.0000002047
446 0.0000002042
447 0.0000002036
448 0.0000002031
449 0.0000002025
450 0.0000002020
451 0.0000002014
452 0.0000002009
453 0.0000002003
454 0.0000001998
455 0.0000001992
456 0.0000001987
457 0.0000001982
458 0.0000001977
459 0.0000001971
460 0.0000001966
461 0.0000001961
462 0.0000001956
463 0.0000001950
464 0.0000001945
465 0.0000001940
466 0.0000001935
467 0.0000001930
468 0.0000001925
469 0.0000001920
470 0.0000001915
471 0.0000001910
472 0.0000001905
473 0.0000001900
474 0.0000001895
475 0.0000001890
476 0.0000001885
477 0.0000001881
478 0.0000001876
479 0.0000001871
480 0.0000001866
481 0.0000001861
482 0.0000001857
483 0.0000001852
484 0.0000001847
485 0.0000001843
486 0.0000001838
487 0.0000001833
488 0.0000001829
489 0.0000001824
490 0.0000001820
491 0.0000001815
492 0.0000001811
493 0.0000001806
494 0.0000001802
495 0.0000001797
496 0.0000001793
497 0.0000001788
498 0.0000001784
499 0.0000001779
500 0.0000001775
501 0.0000001771
502 0.0000001766
503 0.0000001762
504 0.0000001758
505 0.0000001754
506 0.0000001749
507 0.0000001745
508 0.0000001741
509 0.0000001737
510 0.0000001733
511 0.0000001728
512 0.0000001724
513 0.0000001720
514 0.0000001716
515 0.0000001712
516 0.0000001708
517 0.0000001704
518 0.0000001700
519 0.0000001696
520 0.0000001692
521 0.0000001688
522 0.0000001684
523 0.0000001680
524 0.0000001676
525 0.0000001672
526 0.0000001668
527 0.0000001664
528 0.0000001660
529 0.0000001657
530 0.0000001653
531 0.0000001649
532 0.0000001645
533 0.0000001641
534 0.0000001638
535 0.0000001634
536 0.0000001630
537 0.0000001626
538 0.0000001623
539 0.0000001619
540 0.0000001615
541 0.0000001612
542 0.0000001608
543 0.0000001604
544 0.0000001601
545 0.0000001597
546 0.0000001594
547 0.0000001590
548 0.0000001586
549 0.0000001583
550 0.0000001579
551 0.0000001576
552 0.0000001572
553 0.0000001569
554 0.0000001565
555 0.0000001562
556 0.0000001558
557 0.0000001555
558 0.0000001552
559 0.0000001548
560 0.0000001545
561 0.0000001541
562 0.0000001538
563 0.0000001535
564 0.0000001531
565 0.0000001528
566 0.0000001525
567 0.0000001521
568 0.0000001518
569 0.0000001515
570 0.0000001512
571 0.0000001508
572 0.0000001505
573 0.0000001502
574 0.0000001499
575 0.0000001495
576 0.0000001492
577 0.0000001489
578 0.0000001486
579 0.0000001483
580 0.0000001480
581 0.0000001477
582 0.0000001473
583 0.0000001470
584 0.0000001467
585 0.0000001464
586 0.0000001461
587 0.0000001458
588 0.0000001455
589 0.0000001452
590 0.0000001449
591 0.0000001446
592 0.0000001443
593 0.0000001440
594 0.0000001437
595 0.0000001434
596 0.0000001431
597 0.0000001428
598 0.0000001425
599 0.0000001422
600 0.0000001419
601 0.0000001416
602 0.0000001414
603 0.0000001411
604 0.0000001408
605 0.0000001405
606 0.0000001402
607 0.0000001399
608 0.0000001396
609 0.0000001394
610 0.0000001391
611 0.0000001388
612 0.0000001385
613 0.0000001382
614 0.0000001380
615 0.0000001377
616 0.0000001374
617 0.0000001371
618 0.0000001369
619 0.0000001366
620 0.0000001363
621 0.0000001361
622 0.0000001358
623 0.0000001355
624 0.0000001353
625 0.0000001350
626 0.0000001347
627 0.0000001345
628 0.0000001342
629 0.0000001339
630 0.0000001337
631 0.0000001334
632 0.0000001332
633 0.0000001329
634 0.0000001326
635 0.0000001324
636 0.0000001321
637 0.0000001319
638 0.0000001316
639 0.0000001314
640 0.0000001311
641 0.0000001309
642 0.0000001306
643 0.0000001304
644 0.0000001301
645 0.0000001299
646 0.0000001296
647 0.0000001294
648 0.0000001291
649 0.0000001289
650 0.0000001286
651 0.0000001284
652 0.0000001281
653 0.0000001279
654 0.0000001277
655 0.0000001274
656 0.0000001272
657 0.0000001270
658 0.0000001267
659 0.0000001265
660 0.0000001262
661 0.0000001260
662 0.0000001258
663 0.0000001255
664 0.0000001253
665 0.0000001251
666 0.0000001248
667 0.0000001246
668 0.0000001244
669 0.0000001242
670 0.0000001239
671 0.0000001237
672 0.0000001235
673 0.0000001232
674 0.0000001230
675 0.0000001228
676 0.0000001226
677 0.0000001224
678 0.0000001221
679 0.0000001219
680 0.0000001217
681 0.0000001215
682 0.0000001213
683 0.0000001210
684 0.0000001208
685 0.0000001206
686 0.0000001204
687 0.0000001202
688 0.0000001200
689 0.0000001197
690 0.0000001195
691 0.0000001193
692 0.0000001191
693 0.0000001189
694 0.0000001187
695 0.0000001185
696 0.0000001183
697 0.0000001180
698 0.0000001178
699 0.0000001176
700 0.0000001174
701 0.0000001172
702 0.0000001170
703 0.0000001168
704 0.0000001166
705 0.0000001164
706 0.0000001162
707 0.0000001160
708 0.0000001158
709 0.0000001156
710 0.0000001154
711 0.0000001152
712 0.0000001150
713 0.0000001148
714 0.0000001146
715 0.0000001144
716 0.0000001142
717 0.0000001140
718 0.0000001138
719 0.0000001136
720 0.0000001134
721 0.0000001132
722 0.0000001130
723 0.0000001128
724 0.0000001127
725 0.0000001125
726 0.0000001123
727 0.0000001121
728 0.0000001119
729 0.0000001117
730 0.0000001115
731 0.0000001113
732 0.0000001111
733 0.0000001109
734 0.0000001108
735 0.0000001106
736 0.0000001104
737 0.0000001102
738 0.0000001100
739 0.0000001098
740 0.0000001097
741 0.0000001095
742 0.0000001093
743 0.0000001091
744 0.0000001089
745 0.0000001088
746 0.0000001086
747 0.0000001084
748 0.0000001082
749 0.0000001080
750 0.0000001079
751 0.0000001077
752 0.0000001075
753 0.0000001073
754 0.0000001072
755 0.0000001070
756 0.0000001068
757 0.0000001066
758 0.0000001065
759 0.0000001063
760 0.0000001061
761 0.0000001059
762 0.0000001058
763 0.0000001056
764 0.0000001054
765 0.0000001053
766 0.0000001051
767 0.0000001049
768 0.0000001048
769 0.0000001046
770 0.0000001044
771 0.0000001042
772 0.0000001041
773 0.0000001039
774 0.0000001038
775 0.0000001036
776 0.0000001034
777 0.0000001033
778 0.0000001031
779 0.0000001029
780 0.0000001028
781 0.0000001026
782 0.0000001024
783 0.0000001023
784 0.0000001021
785 0.0000001020
786 0.0000001018
787 0.0000001016
788 0.0000001015
789 0.0000001013
790 0.0000001012
791 0.0000001010
792 0.0000001008
793 0.0000001007
794 0.0000001005
795 0.0000001004
796 0.0000001002
797 0.0000001001
798 0.0000000999
799 0.0000000998
800 0.0000000996
801 0.0000000995
802 0.0000000993
803 0.0000000991
804 0.0000000990
805 0.0000000988
806 0.0000000987
807 0.0000000985
808 0.0000000984
809 0.0000000982
810 0.0000000981
811 0.0000000979
812 0.0000000978
813 0.0000000976
814 0.0000000975
815 0.0000000973
816 0.0000000972
817 0.0000000971
818 0.0000000969
819 0.0000000968
820 0.0000000966
821 0.0000000965
822 0.0000000963
823 0.0000000962
824 0.0000000960
825 0.0000000959
826 0.0000000958
827 0.0000000956
828 0.0000000955
829 0.0000000953
830 0.0000000952
831 0.0000000950
832 0.0000000949
833 0.0000000948
834 0.0000000946
835 0.0000000945
836 0.0000000943
837 0.0000000942
838 0.0000000941
839 0.0000000939
840 0.0000000938
841 0.0000000936
842 0.0000000935
843 0.0000000934
844 0.0000000932
845 0.0000000931
846 0.0000000930
847 0.0000000928
848 0.0000000927
849 0.0000000926
850 0.0000000924
851 0.0000000923
852 0.0000000922
853 0.0000000920
854 0.0000000919
855 0.0000000918
856 0.0000000916
857 0.0000000915
858 0.0000000914
859 0.0000000912
860 0.0000000911
861 0.0000000910
862 0.0000000908
863 0.0000000907
864 0.0000000906
865 0.0000000904
866 0.0000000903
867 0.0000000902
868 0.0000000901
869 0.0000000899
870 0.0000000898
871 0.0000000897
872 0.0000000895
873 0.0000000894
874 0.0000000893
875 0.0000000892
876 0.0000000890
877 0.0000000889
878 0.0000000888
879 0.0000000887
880 0.0000000885
881 0.0000000884
882 0.0000000883
883 0.0000000882
884 0.0000000880
885 0.0000000879
886 0.0000000878
887 0.0000000877
888 0.0000000876
889 0.0000000874
890 0.0000000873
891 0.0000000872
892 0.0000000871
893 0.0000000870
894 0.0000000868
895 0.0000000867
896 0.0000000866
897 0.0000000865
898 0.0000000864
899 0.0000000862
900 0.0000000861
901 0.0000000860
902 0.0000000859
903 0.0000000858
904 0.0000000856
905 0.0000000855
906 0.0000000854
907 0.0000000853
908 0.0000000852
909 0.0000000851
910 0.0000000849
911 0.0000000848
912 0.0000000847
913 0.0000000846
914 0.0000000845
915 0.0000000844
916 0.0000000843
917 0.0000000841
918 0.0000000840
919 0.0000000839
920 0.0000000838
921 0.0000000837
922 0.0000000836
923 0.0000000835
924 0.0000000834
925 0.0000000832
926 0.0000000831
927 0.0000000830
928 0.0000000829
929 0.0000000828
930 0.0000000827
931 0.0000000826
932 0.0000000825
933 0.0000000824
934 0.0000000822
935 0.0000000821
936 0.0000000820
937 0.0000000819
938 0.0000000818
939 0.0000000817
940 0.0000000816
941 0.0000000815
942 0.0000000814
943 0.0000000813
944 0.0000000812
945 0.0000000811
946 0.0000000810
947 0.0000000809
948 0.0000000807
949 0.0000000806
950 0.0000000805
951 0.0000000804
952 0.0000000803
953 0.0000000802
954 0.0000000801
955 0.0000000800
956 0.0000000799
957 0.0000000798
958 0.0000000797
959 0.0000000796
960 0.0000000795
961 0.0000000794
962 0.0000000793
963 0.0000000792
964 0.0000000791
965 0.0000000790
966 0.0000000789
967 0.0000000788
968 0.0000000787
969 0.0000000786
970 0.0000000785
971 0.0000000784
972 0.0000000783
973 0.0000000782
974 0.0000000781
975 0.0000000780
976 0.0000000779
977 0.0000000778
978 0.0000000777
979 0.0000000776
980 0.0000000775
981 0.0000000774
982 0.0000000773
983 0.0000000772
984 0.0000000771
985 0.0000000770
986 0.0000000769
987 0.0000000768
988 0.0000000767
989 0.0000000766
990 0.0000000765
991 0.0000000764
992 0.0000000763
993 0.0000000762
994 0.0000000761
995 0.0000000760
996 0.0000000759
997 0.0000000758
998 0.0000000757
999 0.0000000757
1000 0.0000000756
1001 0.0000000755
1002 0.0000000754
1003 0.0000000753
1004 0.0000000752
1005 0.0000000751
1006 0.0000000750
1007 0.0000000749
1008 0.0000000748
1009 0.0000000747
1010 0.0000000746
1011 0.0000000745
1012 0.0000000744
1013 0.0000000744
1014 0.0000000743
1015 0.0000000742
1016 0.0000000741
1017 0.0000000740
1018 0.0000000739
1019 0.0000000738
1020 0.0000000737
1021 0.0000000736
1022 0.0000000735
1023 0.0000000735
1024 0.0000000734
1025 0.0000000733
1026 0.0000000732
1027 0.0000000731
1028 0.0000000730
1029 0.0000000729
1030 0.0000000728
1031 0.0000000727
1032 0.0000000727
1033 0.0000000726
1034 0.0000000725
1035 0.0000000724
1036 0.0000000723
1037 0.0000000722
1038 0.0000000721
1039 0.0000000720
1040 0.0000000720
1041 0.0000000719
1042 0.0000000718
1043 0.0000000717
1044 0.0000000716
1045 0.0000000715
1046 0.0000000714
1047 0.0000000714
1048 0.0000000713
1049 0.0000000712
1050 0.0000000711
1051 0.0000000710
1052 0.0000000709
1053 0.0000000708
1054 0.0000000708
1055 0.0000000707
1056 0.0000000706
1057 0.0000000705
1058 0.0000000704
1059 0.0000000703
1060 0.0000000703
1061 0.0000000702
1062 0.0000000701
1063 0.0000000700
1064 0.0000000699
1065 0.0000000698
1066 0.0000000698
1067 0.0000000697
1068 0.0000000696
1069 0.0000000695
1070 0.0000000694
1071 0.0000000694
1072 0.0000000693
1073 0.0000000692
1074 0.0000000691
1075 0.0000000690
1076 0.0000000690
1077 0.0000000689
1078 0.0000000688
1079 0.0000000687
1080 0.0000000686
1081 0.0000000686
1082 0.0000000685
1083 0.0000000684
1084 0.0000000683
1085 0.0000000682
1086 0.0000000682
1087 0.0000000681
1088 0.0000000680
1089 0.0000000679
1090 0.0000000678
1091 0.0000000678
1092 0.0000000677
1093 0.0000000676
1094 0.0000000675
1095 0.0000000675
1096 0.0000000674
1097 0.0000000673
1098 0.0000000672
1099 0.0000000671
1100 0.0000000671
1101 0.0000000670
1102 0.0000000669
1103 0.0000000668
1104 0.0000000668
1105 0.0000000667
1106 0.0000000666
1107 0.0000000665
1108 0.0000000665
1109 0.0000000664
1110 0.0000000663
1111 0.0000000662
1112 0.0000000662
1113 0.0000000661
1114 0.0000000660
1115 0.0000000659
1116 0.0000000659
1117 0.0000000658
1118 0.0000000657
1119 0.0000000656
1120 0.0000000656
1121 0.0000000655
1122 0.0000000654
1123 0.0000000653
1124 0.0000000653
1125 0.0000000652
1126 0.0000000651
1127 0.0000000650
1128 0.0000000650
1129 0.0000000649
1130 0.0000000648
1131 0.0000000647
1132 0.0000000647
1133 0.0000000646
1134 0.0000000645
1135 0.0000000645
1136 0.0000000644
1137 0.0000000643
1138 0.0000000642
1139 0.0000000642
1140 0.0000000641
1141 0.0000000640
1142 0.0000000640
1143 0.0000000639
1144 0.0000000638
1145 0.0000000637
1146 0.0000000637
1147 0.0000000636
1148 0.0000000635
1149 0.0000000635
1150 0.0000000634
1151 0.0000000633
1152 0.0000000632
1153 0.0000000632
1154 0.0000000631
1155 0.0000000630
1156 0.0000000630
1157 0.0000000629
1158 0.0000000628
1159 0.0000000628
1160 0.0000000627
1161 0.0000000626
1162 0.0000000625
1163 0.0000000625
1164 0.0000000624
1165 0.0000000623
1166 0.0000000623
1167 0.0000000622
1168 0.0000000621
1169 0.0000000621
1170 0.0000000620
1171 0.0000000619
1172 0.0000000619
1173 0.0000000618
1174 0.0000000617
1175 0.0000000617
1176 0.0000000616
1177 0.0000000615
1178 0.0000000614
1179 0.0000000614
1180 0.0000000613
1181 0.0000000612
1182 0.0000000612
1183 0.0000000611
1184 0.0000000610
1185 0.0000000610
1186 0.0000000609
1187 0.0000000608
1188 0.0000000608
1189 0.0000000607
1190 0.0000000606
1191 0.0000000606
1192 0.0000000605
1193 0.0000000604
1194 0.0000000604
1195 0.0000000603
1196 0.0000000602
1197 0.0000000602
1198 0.0000000601
1199 0.0000000600
1200 0.0000000600
1201 0.0000000599
1202 0.0000000598
1203 0.0000000598
1204 0.0000000597
1205 0.0000000596
1206 0.0000000596
1207 0.0000000595
1208 0.0000000594
1209 0.0000000594
1210 0.0000000593
1211 0.0000000592
1212 0.0000000592
1213 0.0000000591
1214 0.0000000590
1215 0.0000000590
1216 0.0000000589
1217 0.0000000588
1218 0.0000000588
1219 0.0000000587
1220 0.0000000586
1221 0.0000000586
1222 0.0000000585
1223 0.0000000584
1224 0.0000000584
1225 0.0000000583
1226 0.0000000583
1227 0.0000000582
1228 0.0000000581
1229 0.0000000581
1230 0.0000000580
1231 0.0000000579
1232 0.0000000579
1233 0.0000000578
1234 0.0000000577
1235 0.0000000577
1236 0.0000000576
1237 0.0000000575
1238 0.0000000575
1239 0.0000000574
1240 0.0000000573
1241 0.0000000572
1242 0.0000000572
1243 0.0000000571
1244 0.0000000570
1245 0.0000000570
1246 0.0000000569
1247 0.0000000568
1248 0.0000000568
1249 0.0000000567
1250 0.0000000566
1251 0.0000000566
1252 0.0000000565
1253 0.0000000564
1254 0.0000000564
1255 0.0000000563
1256 0.0000000562
1257 0.0000000561
1258 0.0000000561
1259 0.0000000560
1260 0.0000000559
1261 0.0000000559
1262 0.0000000558
1263 0.0000000557
1264 0.0000000556
1265 0.0000000556
1266 0.0000000555
1267 0.0000000554
1268 0.0000000553
1269 0.0000000553
1270 0.0000000552
1271 0.0000000551
1272 0.0000000550
1273 0.0000000550
1274 0.0000000549
1275 0.0000000548
1276 0.0000000547
1277 0.0000000546
1278 0.0000000546
1279 0.0000000545
1280 0.0000000544
1281 0.0000000543
1282 0.0000000542
1283 0.0000000541
1284 0.0000000540
1285 0.0000000539
1286 0.0000000538
1287 0.0000000538
1288 0.0000000537
1289 0.0000000536
1290 0.0000000535
1291 0.0000000534
1292 0.0000000533
1293 0.0000000532
1294 0.0000000530
1295 0.0000000529
1296 0.0000000528
1297 0.0000000527
1298 0.0000000526
1299 0.0000000525
1300 0.0000000523
1301 0.0000000522
1302 0.0000000521
1303 0.0000000519
1304 0.0000000518
1305 0.0000000516
1306 0.0000000515
1307 0.0000000513
1308 0.0000000511
1309 0.0000000509
1310 0.0000000507
1311 0.0000000505
1312 0.0000000502
1313 0.0000000499
1314 0.0000000496
1315 0.0000000491
1316 0.0000000486
1317 0.0000000477
1318 0.0000000462
1319 0.0000000411
1320 0.0000000000
