0 818
0 0.9773423163
1 0.0075819055
2 0.0028025041
3 0.0017846490
4 0.0011875993
5 0.0008481294
6 0.0006364687
7 0.0004936018
8 0.0003924790
9 0.0003186063
10 0.0002632949
11 0.0002210283
12 0.0001881707
13 0.0001622504
14 0.0001415394
15 0.0001248013
16 0.0001111332
17 0.0000998645
18 0.0000904905
19 0.0000826259
20 0.0000759740
21 0.0000703037
22 0.0000654339
23 0.0000612209
24 0.0000575506
25 0.0000543313
26 0.0000514892
27 0.0000489641
28 0.0000467073
29 0.0000446785
30 0.0000428449
31 0.0000411789
32 0.0000396579
33 0.0000382629
34 0.0000369778
35 0.0000357894
36 0.0000346861
37 0.0000336584
38 0.0000326979
39 0.0000317977
40 0.0000309514
41 0.0000301541
42 0.0000294009
43 0.0000286879
44 0.0000280117
45 0.0000273690
46 0.0000267573
47 0.0000261742
48 0.0000256173
49 0.0000250849
50 0.0000245753
51 0.0000240868
52 0.0000236180
53 0.0000231678
54 0.0000227350
55 0.0000223184
56 0.0000219173
57 0.0000215305
58 0.0000211575
59 0.0000207973
60 0.0000204494
61 0.0000201131
62 0.0000197878
63 0.0000194730
64 0.0000191681
65 0.0000188727
66 0.0000185863
67 0.0000183085
68 0.0000180390
69 0.0000177773
70 0.0000175231
71 0.0000172761
72 0.0000170360
73 0.0000168025
74 0.0000165753
75 0.0000163542
76 0.0000161390
77 0.0000159293
78 0.0000157250
79 0.0000155259
80 0.0000153318
81 0.0000151425
82 0.0000149578
83 0.0000147775
84 0.0000146016
85 0.0000144298
86 0.0000142620
87 0.0000140980
88 0.0000139378
89 0.0000137812
90 0.0000136280
91 0.0000134783
92 0.0000133317
93 0.0000131884
94 0.0000130481
95 0.0000129107
96 0.0000127762
97 0.0000126445
98 0.0000125154
99 0.0000123890
100 0.0000122651
101 0.0000121437
102 0.0000120246
103 0.0000119078
104 0.0000117933
105 0.0000116810
106 0.0000115708
107 0.0000114626
108 0.0000113565
109 0.0000112523
110 0.0000111500
111 0.0000110495
112 0.0000109509
113 0.0000108539
114 0.0000107587
115 0.0000106652
116 0.0000105732
117 0.0000104828
118 0.0000103940
119 0.0000103066
120 0.0000102207
121 0.0000101363
122 0.0000100532
123 0.0000099714
124 0.0000098910
125 0.0000098119
126 0.0000097340
127 0.0000096573
128 0.0000095819
129 0.0000095076
130 0.0000094345
131 0.0000093624
132 0.0000092915
133 0.0000092216
134 0.0000091528
135 0.0000090850
136 0.0000090182
137 0.0000089523
138 0.0000088875
139 0.0000088235
140 0.0000087605
141 0.0000086983
142 0.0000086371
143 0.0000085767
144 0.0000085171
145 0.0000084584
146 0.0000084004
147 0.0000083433
148 0.0000082869
149 0.0000082313
150 0.0000081764
151 0.0000081222
152 0.0000080688
153 0.0000080160
154 0.0000079640
155 0.0000079126
156 0.0000078619
157 0.0000078118
158 0.0000077623
159 0.0000077135
160 0.0000076653
161 0.0000076177
162 0.0000075706
163 0.0000075242
164 0.0000074783
165 0.0000074330
166 0.0000073882
167 0.0000073439
168 0.0000073002
169 0.0000072570
170 0.0000072143
171 0.0000071721
172 0.0000071304
173 0.0000070892
174 0.0000070484
175 0.0000070082
176 0.0000069683
177 0.0000069290
178 0.0000068900
179 0.0000068515
180 0.0000068135
181 0.0000067758
182 0.0000067386
183 0.0000067017
184 0.0000066653
185 0.0000066293
186 0.0000065936
187 0.0000065584
188 0.0000065235
189 0.0000064890
190 0.0000064548
191 0.0000064210
192 0.0000063875
193 0.0000063544
194 0.0000063217
195 0.0000062893
196 0.0000062572
197 0.0000062254
198 0.0000061939
199 0.0000061628
200 0.0000061320
201 0.0000061015
202 0.0000060713
203 0.0000060414
204 0.0000060117
205 0.0000059824
206 0.0000059534
207 0.0000059246
208 0.0000058961
209 0.0000058679
210 0.0000058399
211 0.0000058122
212 0.0000057848
213 0.0000057577
214 0.0000057308
215 0.0000057041
216 0.0000056777
217 0.0000056515
218 0.0000056256
219 0.0000055999
220 0.0000055744
221 0.0000055492
222 0.0000055242
223 0.0000054994
224 0.0000054749
225 0.0000054505
226 0.0000054264
227 0.0000054025
228 0.0000053788
229 0.0000053553
230 0.0000053320
231 0.0000053089
232 0.0000052860
233 0.0000052633
234 0.0000052408
235 0.0000052185
236 0.0000051964
237 0.0000051745
238 0.0000051527
239 0.0000051312
240 0.0000051098
241 0.0000050886
242 0.0000050675
243 0.0000050467
244 0.0000050260
245 0.0000050055
246 0.0000049851
247 0.0000049649
248 0.0000049449
249 0.0000049250
250 0.0000049053
251 0.0000048858
252 0.0000048664
253 0.0000048472
254 0.0000048281
255 0.0000048091
256 0.0000047903
257 0.0000047717
258 0.0000047532
259 0.0000047348
260 0.0000047166
261 0.0000046985
262 0.0000046806
263 0.0000046628
264 0.0000046451
265 0.0000046276
266 0.0000046102
267 0.0000045929
268 0.0000045758
269 0.0000045588
270 0.0000045419
271 0.0000045251
272 0.0000045085
273 0.0000044919
274 0.0000044756
275 0.0000044593
276 0.0000044431
277 0.0000044271
278 0.0000044111
279 0.0000043953
280 0.0000043796
281 0.0000043640
282 0.0000043485
283 0.0000043332
284 0.0000043179
285 0.0000043028
286 0.0000042877
287 0.0000042728
288 0.0000042579
289 0.0000042432
290 0.0000042285
291 0.0000042140
292 0.0000041996
293 0.0000041852
294 0.0000041710
295 0.0000041568
296 0.0000041428
297 0.0000041288
298 0.0000041150
299 0.0000041012
300 0.0000040875
301 0.0000040740
302 0.0000040605
303 0.0000040471
304 0.0000040337
305 0.0000040205
306 0.0000040074
307 0.0000039943
308 0.0000039813
309 0.0000039684
310 0.0000039556
311 0.0000039429
312 0.0000039303
313 0.0000039177
314 0.0000039052
315 0.0000038928
316 0.0000038805
317 0.0000038683
318 0.0000038561
319 0.0000038440
320 0.0000038320
321 0.0000038200
322 0.0000038082
323 0.0000037964
324 0.0000037846
325 0.0000037730
326 0.0000037614
327 0.0000037499
328 0.0000037385
329 0.0000037271
330 0.0000037158
331 0.0000037046
332 0.0000036934
333 0.0000036823
334 0.0000036713
335 0.0000036603
336 0.0000036494
337 0.0000036386
338 0.0000036278
339 0.0000036171
340 0.0000036065
341 0.0000035959
342 0.0000035854
343 0.0000035749
344 0.0000035645
345 0.0000035542
346 0.0000035439
347 0.0000035337
348 0.0000035235
349 0.0000035134
350 0.0000035034
351 0.0000034934
352 0.0000034835
353 0.0000034736
354 0.0000034638
355 0.0000034540
356 0.0000034443
357 0.0000034347
358 0.0000034251
359 0.0000034155
360 0.0000034060
361 0.0000033966
362 0.0000033872
363 0.0000033778
364 0.0000033686
365 0.0000033593
366 0.0000033502
367 0.0000033410
368 0.0000033319
369 0.0000033229
370 0.0000033139
371 0.0000033050
372 0.0000032961
373 0.0000032872
374 0.0000032784
375 0.0000032697
376 0.0000032610
377 0.0000032523
378 0.0000032437
379 0.0000032352
380 0.0000032267
381 0.0000032182
382 0.0000032098
383 0.0000032014
384 0.0000031930
385 0.0000031847
386 0.0000031765
387 0.0000031683
388 0.0000031601
389 0.0000031520
390 0.0000031439
391 0.0000031358
392 0.0000031278
393 0.0000031199
394 0.0000031119
395 0.0000031041
396 0.0000030962
397 0.0000030884
398 0.0000030806
399 0.0000030729
400 0.0000030652
401 0.0000030576
402 0.0000030500
403 0.0000030424
404 0.0000030349
405 0.0000030274
406 0.0000030199
407 0.0000030125
408 0.0000030051
409 0.0000029977
410 0.0000029904
411 0.0000029831
412 0.0000029759
413 0.0000029687
414 0.0000029615
415 0.0000029544
416 0.0000029473
417 0.0000029402
418 0.0000029331
419 0.0000029261
420 0.0000029192
421 0.0000029122
422 0.0000029053
423 0.0000028985
424 0.0000028916
425 0.0000028848
426 0.0000028780
427 0.0000028713
428 0.0000028646
429 0.0000028579
430 0.0000028512
431 0.0000028446
432 0.0000028380
433 0.0000028315
434 0.0000028249
435 0.0000028184
436 0.0000028120
437 0.0000028055
438 0.0000027991
439 0.0000027927
440 0.0000027864
441 0.0000027801
442 0.0000027738
443 0.0000027675
444 0.0000027613
445 0.0000027551
446 0.0000027489
447 0.0000027427
448 0.0000027366
449 0.0000027305
450 0.0000027244
451 0.0000027184
452 0.0000027124
453 0.0000027064
454 0.0000027004
455 0.0000026945
456 0.0000026885
457 0.0000026827
458 0.0000026768
459 0.0000026710
460 0.0000026651
461 0.0000026594
462 0.0000026536
463 0.0000026479
464 0.0000026421
465 0.0000026365
466 0.0000026308
467 0.0000026252
468 0.0000026195
469 0.0000026140
470 0.0000026084
471 0.0000026028
472 0.0000025973
473 0.0000025918
474 0.0000025864
475 0.0000025809
476 0.0000025755
477 0.0000025701
478 0.0000025647
479 0.0000025593
480 0.0000025540
481 0.0000025487
482 0.0000025434
483 0.0000025381
484 0.0000025329
485 0.0000025276
486 0.0000025224
487 0.0000025173
488 0.0000025121
489 0.0000025070
490 0.0000025018
491 0.0000024967
492 0.0000024917
493 0.0000024866
494 0.0000024816
495 0.0000024765
496 0.0000024715
497 0.0000024666
498 0.0000024616
499 0.0000024567
500 0.0000024517
501 0.0000024468
502 0.0000024420
503 0.0000024371
504 0.0000024323
505 0.0000024274
506 0.0000024226
507 0.0000024179
508 0.0000024131
509 0.0000024083
510 0.0000024036
511 0.0000023989
512 0.0000023942
513 0.0000023895
514 0.0000023849
515 0.0000023803
516 0.0000023756
517 0.0000023710
518 0.0000023665
519 0.0000023619
520 0.0000023574
521 0.0000023528
522 0.0000023483
523 0.0000023438
524 0.0000023393
525 0.0000023349
526 0.0000023304
527 0.0000023260
528 0.0000023216
529 0.0000023172
530 0.0000023128
531 0.0000023085
532 0.0000023041
533 0.0000022998
534 0.0000022955
535 0.0000022912
536 0.0000022869
537 0.0000022826
538 0.0000022784
539 0.0000022742
540 0.0000022699
541 0.0000022657
542 0.0000022616
543 0.0000022574
544 0.0000022532
545 0.0000022491
546 0.0000022450
547 0.0000022409
548 0.0000022368
549 0.0000022327
550 0.0000022286
551 0.0000022246
552 0.0000022205
553 0.0000022165
554 0.0000022125
555 0.0000022085
556 0.0000022045
557 0.0000022006
558 0.0000021966
559 0.0000021927
560 0.0000021888
561 0.0000021849
562 0.0000021810
563 0.0000021771
564 0.0000021732
565 0.0000021694
566 0.0000021655
567 0.0000021617
568 0.0000021579
569 0.0000021541
570 0.0000021503
571 0.0000021465
572 0.0000021428
573 0.0000021390
574 0.0000021353
575 0.0000021316
576 0.0000021279
577 0.0000021242
578 0.0000021205
579 0.0000021168
580 0.0000021132
581 0.0000021095
582 0.0000021059
583 0.0000021023
584 0.0000020987
585 0.0000020951
586 0.0000020915
587 0.0000020879
588 0.0000020844
589 0.0000020808
590 0.0000020773
591 0.0000020738
592 0.0000020703
593 0.0000020668
594 0.0000020633
595 0.0000020598
596 0.0000020564
597 0.0000020529
598 0.0000020495
599 0.0000020461
600 0.0000020426
601 0.0000020392
602 0.0000020358
603 0.0000020325
604 0.0000020291
605 0.0000020257
606 0.0000020224
607 0.0000020190
608 0.0000020157
609 0.0000020124
610 0.0000020091
611 0.0000020058
612 0.0000020025
613 0.0000019992
614 0.0000019960
615 0.0000019927
616 0.0000019895
617 0.0000019863
618 0.0000019830
619 0.0000019798
620 0.0000019766
621 0.0000019734
622 0.0000019703
623 0.0000019671
624 0.0000019639
625 0.0000019608
626 0.0000019577
627 0.0000019545
628 0.0000019514
629 0.0000019483
630 0.0000019452
631 0.0000019421
632 0.0000019390
633 0.0000019360
634 0.0000019329
635 0.0000019298
636 0.0000019268
637 0.0000019238
638 0.0000019208
639 0.0000019177
640 0.0000019147
641 0.0000019118
642 0.0000019088
643 0.0000019058
644 0.0000019028
645 0.0000018999
646 0.0000018969
647 0.0000018940
648 0.0000018911
649 0.0000018881
650 0.0000018852
651 0.0000018823
652 0.0000018794
653 0.0000018765
654 0.0000018737
655 0.0000018708
656 0.0000018679
657 0.0000018651
658 0.0000018623
659 0.0000018594
660 0.0000018566
661 0.0000018538
662 0.0000018510
663 0.0000018482
664 0.0000018454
665 0.0000018426
666 0.0000018398
667 0.0000018371
668 0.0000018343
669 0.0000018316
670 0.0000018288
671 0.0000018261
672 0.0000018234
673 0.0000018207
674 0.0000018179
675 0.0000018152
676 0.0000018125
677 0.0000018099
678 0.0000018072
679 0.0000018045
680 0.0000018019
681 0.0000017992
682 0.0000017966
683 0.0000017939
684 0.0000017913
685 0.0000017887
686 0.0000017861
687 0.0000017835
688 0.0000017809
689 0.0000017783
690 0.0000017757
691 0.0000017731
692 0.0000017705
693 0.0000017680
694 0.0000017654
695 0.0000017629
696 0.0000017603
697 0.0000017578
698 0.0000017553
699 0.0000017528
700 0.0000017502
701 0.0000017477
702 0.0000017452
703 0.0000017428
704 0.0000017403
705 0.0000017378
706 0.0000017353
707 0.0000017329
708 0.0000017304
709 0.0000017280
710 0.0000017255
711 0.0000017231
712 0.0000017207
713 0.0000017182
714 0.0000017158
715 0.0000017134
716 0.0000017110
717 0.0000017086
718 0.0000017062
719 0.0000017039
720 0.0000017015
721 0.0000016991
722 0.0000016968
723 0.0000016944
724 0.0000016921
725 0.0000016897
726 0.0000016874
727 0.0000016851
728 0.0000016827
729 0.0000016804
730 0.0000016781
731 0.0000016758
732 0.0000016735
733 0.0000016712
734 0.0000016689
735 0.0000016667
736 0.0000016644
737 0.0000016621
738 0.0000016599
739 0.0000016576
740 0.0000016553
741 0.0000016531
742 0.0000016509
743 0.0000016486
744 0.0000016464
745 0.0000016442
746 0.0000016420
747 0.0000016398
748 0.0000016376
749 0.0000016354
750 0.0000016332
751 0.0000016310
752 0.0000016288
753 0.0000016267
754 0.0000016245
755 0.0000016223
756 0.0000016202
757 0.0000016180
758 0.0000016159
759 0.0000016138
760 0.0000016116
761 0.0000016095
762 0.0000016074
763 0.0000016053
764 0.0000016032
765 0.0000016011
766 0.0000015990
767 0.0000015969
768 0.0000015948
769 0.0000015927
770 0.0000015906
771 0.0000015885
772 0.0000015865
773 0.0000015844
774 0.0000015824
775 0.0000015803
776 0.0000015783
777 0.0000015762
778 0.0000015742
779 0.0000015722
780 0.0000015701
781 0.0000015681
782 0.0000015661
783 0.0000015641
784 0.0000015621
785 0.0000015601
786 0.0000015581
787 0.0000015561
788 0.0000015541
789 0.0000015521
790 0.0000015502
791 0.0000015482
792 0.0000015462
793 0.0000015443
794 0.0000015423
795 0.0000015404
796 0.0000015384
797 0.0000015365
798 0.0000015346
799 0.0000015326
800 0.0000015307
801 0.0000015288
802 0.0000015269
803 0.0000015249
804 0.0000015230
805 0.0000015211
806 0.0000015192
807 0.0000015174
808 0.0000015155
809 0.0000015136
810 0.0000015117
811 0.0000015098
812 0.0000015080
813 0.0000015061
814 0.0000015042
815 0.0000015024
816 0.0000015005
817 0.0000014987
818 0.0000014968
