1 288
0 0.9831438510
1 0.0063262752
2 0.0020748094
3 0.0012617216
4 0.0008288581
5 0.0005965682
6 0.0004569426
7 0.0003648331
8 0.0003003619
9 0.0002532933
10 0.0002177505
11 0.0001901466
12 0.0001681964
13 0.0001503896
14 0.0001356951
15 0.0001233887
16 0.0001129491
17 0.0001039933
18 0.0000962339
19 0.0000894521
20 0.0000834785
21 0.0000781803
22 0.0000734518
23 0.0000692081
24 0.0000653803
25 0.0000619116
26 0.0000587554
27 0.0000558724
28 0.0000532297
29 0.0000507995
30 0.0000485580
31 0.0000464848
32 0.0000445624
33 0.0000427754
34 0.0000411106
35 0.0000395563
36 0.0000381024
37 0.0000367398
38 0.0000354605
39 0.0000342574
40 0.0000331242
41 0.0000320553
42 0.0000310454
43 0.0000300902
44 0.0000291854
45 0.0000283273
46 0.0000275126
47 0.0000267382
48 0.0000260013
49 0.0000252994
50 0.0000246301
51 0.0000239913
52 0.0000233810
53 0.0000227976
54 0.0000222393
55 0.0000217046
56 0.0000211921
57 0.0000207005
58 0.0000202286
59 0.0000197753
60 0.0000193396
61 0.0000189206
62 0.0000185172
63 0.0000181287
64 0.0000177544
65 0.0000173934
66 0.0000170452
67 0.0000167091
68 0.0000163844
69 0.0000160708
70 0.0000157675
71 0.0000154742
72 0.0000151903
73 0.0000149155
74 0.0000146493
75 0.0000143914
76 0.0000141414
77 0.0000138989
78 0.0000136637
79 0.0000134354
80 0.0000132137
81 0.0000129984
82 0.0000127892
83 0.0000125858
84 0.0000123881
85 0.0000121958
86 0.0000120087
87 0.0000118266
88 0.0000116493
89 0.0000114767
90 0.0000113085
91 0.0000111446
92 0.0000109848
93 0.0000108290
94 0.0000106771
95 0.0000105289
96 0.0000103843
97 0.0000102432
98 0.0000101054
99 0.0000099708
100 0.0000098394
101 0.0000097110
102 0.0000095855
103 0.0000094628
104 0.0000093429
105 0.0000092257
106 0.0000091110
107 0.0000089988
108 0.0000088890
109 0.0000087815
110 0.0000086764
111 0.0000085734
112 0.0000084725
113 0.0000083738
114 0.0000082770
115 0.0000081822
116 0.0000080893
117 0.0000079982
118 0.0000079090
119 0.0000078215
120 0.0000077356
121 0.0000076514
122 0.0000075688
123 0.0000074878
124 0.0000074083
125 0.0000073303
126 0.0000072537
127 0.0000071785
128 0.0000071046
129 0.0000070321
130 0.0000069609
131 0.0000068910
132 0.0000068222
133 0.0000067547
134 0.0000066884
135 0.0000066231
136 0.0000065590
137 0.0000064960
138 0.0000064341
139 0.0000063731
140 0.0000063132
141 0.0000062543
142 0.0000061963
143 0.0000061393
144 0.0000060832
145 0.0000060280
146 0.0000059736
147 0.0000059201
148 0.0000058675
149 0.0000058157
150 0.0000057646
151 0.0000057144
152 0.0000056649
153 0.0000056162
154 0.0000055682
155 0.0000055209
156 0.0000054744
157 0.0000054285
158 0.0000053832
159 0.0000053387
160 0.0000052948
161 0.0000052515
162 0.0000052088
163 0.0000051668
164 0.0000051253
165 0.0000050844
166 0.0000050441
167 0.0000050043
168 0.0000049651
169 0.0000049265
170 0.0000048883
171 0.0000048507
172 0.0000048136
173 0.0000047769
174 0.0000047408
175 0.0000047051
176 0.0000046699
177 0.0000046352
178 0.0000046009
179 0.0000045671
180 0.0000045337
181 0.0000045007
182 0.0000044681
183 0.0000044359
184 0.0000044042
185 0.0000043728
186 0.0000043419
187 0.0000043113
188 0.0000042811
189 0.0000042512
190 0.0000042217
191 0.0000041926
192 0.0000041638
193 0.0000041354
194 0.0000041073
195 0.0000040795
196 0.0000040521
197 0.0000040250
198 0.0000039982
199 0.0000039717
200 0.0000039455
201 0.0000039196
202 0.0000038940
203 0.0000038687
204 0.0000038437
205 0.0000038189
206 0.0000037945
207 0.0000037703
208 0.0000037463
209 0.0000037227
210 0.0000036993
211 0.0000036761
212 0.0000036532
213 0.0000036305
214 0.0000036081
215 0.0000035859
216 0.0000035640
217 0.0000035422
218 0.0000035207
219 0.0000034995
220 0.0000034784
221 0.0000034576
222 0.0000034369
223 0.0000034165
224 0.0000033963
225 0.0000033763
226 0.0000033565
227 0.0000033368
228 0.0000033174
229 0.0000032982
230 0.0000032791
231 0.0000032603
232 0.0000032416
233 0.0000032231
234 0.0000032047
235 0.0000031866
236 0.0000031686
237 0.0000031507
238 0.0000031331
239 0.0000031155
240 0.0000030982
241 0.0000030810
242 0.0000030639
243 0.0000030470
244 0.0000030303
245 0.0000030137
246 0.0000029972
247 0.0000029808
248 0.0000029646
249 0.0000029485
250 0.0000029326
251 0.0000029167
252 0.0000029010
253 0.0000028854
254 0.0000028699
255 0.0000028545
256 0.0000028393
257 0.0000028241
258 0.0000028090
259 0.0000027940
260 0.0000027790
261 0.0000027642
262 0.0000027494
263 0.0000027346
264 0.0000027199
265 0.0000027053
266 0.0000026906
267 0.0000026760
268 0.0000026614
269 0.0000026467
270 0.0000026320
271 0.0000026172
272 0.0000026023
273 0.0000025872
274 0.0000025719
275 0.0000025564
276 0.0000025404
277 0.0000025240
278 0.0000025070
279 0.0000024890
280 0.0000024699
281 0.0000024491
282 0.0000024257
283 0.0000023983
284 0.0000023640
285 0.0000023175
286 0.0000022352
287 0.0000019833
288 0.0000000000
