1 316
0 0.9790316534
1 0.0058709032
2 0.0021609654
3 0.0014068459
4 0.0009780838
5 0.0007412689
6 0.0005957440
7 0.0004971814
8 0.0004260578
9 0.0003723731
10 0.0003303887
11 0.0002966023
12 0.0002687818
13 0.0002454469
14 0.0002255785
15 0.0002084509
16 0.0001935317
17 0.0001804209
18 0.0001688105
19 0.0001584600
20 0.0001491778
21 0.0001408094
22 0.0001332290
23 0.0001263327
24 0.0001200340
25 0.0001142606
26 0.0001089510
27 0.0001040531
28 0.0000995222
29 0.0000953198
30 0.0000914125
31 0.0000877714
32 0.0000843710
33 0.0000811891
34 0.0000782060
35 0.0000754043
36 0.0000727687
37 0.0000702853
38 0.0000679418
39 0.0000657273
40 0.0000636318
41 0.0000616463
42 0.0000597628
43 0.0000579741
44 0.0000562733
45 0.0000546545
46 0.0000531122
47 0.0000516414
48 0.0000502373
49 0.0000488959
50 0.0000476131
51 0.0000463854
52 0.0000452096
53 0.0000440825
54 0.0000430014
55 0.0000419636
56 0.0000409668
57 0.0000400086
58 0.0000390870
59 0.0000382001
60 0.0000373460
61 0.0000365231
62 0.0000357297
63 0.0000349644
64 0.0000342258
65 0.0000335127
66 0.0000328237
67 0.0000321578
68 0.0000315139
69 0.0000308909
70 0.0000302880
71 0.0000297042
72 0.0000291388
73 0.0000285908
74 0.0000280596
75 0.0000275444
76 0.0000270445
77 0.0000265594
78 0.0000260885
79 0.0000256311
80 0.0000251867
81 0.0000247548
82 0.0000243349
83 0.0000239266
84 0.0000235294
85 0.0000231429
86 0.0000227667
87 0.0000224004
88 0.0000220436
89 0.0000216961
90 0.0000213575
91 0.0000210274
92 0.0000207055
93 0.0000203917
94 0.0000200856
95 0.0000197869
96 0.0000194954
97 0.0000192108
98 0.0000189330
99 0.0000186617
100 0.0000183967
101 0.0000181378
102 0.0000178847
103 0.0000176374
104 0.0000173956
105 0.0000171592
106 0.0000169280
107 0.0000167018
108 0.0000164805
109 0.0000162640
110 0.0000160520
111 0.0000158445
112 0.0000156414
113 0.0000154425
114 0.0000152476
115 0.0000150567
116 0.0000148697
117 0.0000146865
118 0.0000145069
119 0.0000143308
120 0.0000141582
121 0.0000139890
122 0.0000138230
123 0.0000136603
124 0.0000135006
125 0.0000133439
126 0.0000131901
127 0.0000130393
128 0.0000128912
129 0.0000127458
130 0.0000126031
131 0.0000124630
132 0.0000123253
133 0.0000121902
134 0.0000120574
135 0.0000119269
136 0.0000117988
137 0.0000116728
138 0.0000115491
139 0.0000114274
140 0.0000113078
141 0.0000111903
142 0.0000110747
143 0.0000109610
144 0.0000108492
145 0.0000107393
146 0.0000106312
147 0.0000105248
148 0.0000104201
149 0.0000103171
150 0.0000102158
151 0.0000101160
152 0.0000100179
153 0.0000099212
154 0.0000098261
155 0.0000097324
156 0.0000096402
157 0.0000095494
158 0.0000094600
159 0.0000093719
160 0.0000092851
161 0.0000091997
162 0.0000091155
163 0.0000090325
164 0.0000089508
165 0.0000088702
166 0.0000087909
167 0.0000087126
168 0.0000086355
169 0.0000085595
170 0.0000084846
171 0.0000084107
172 0.0000083379
173 0.0000082660
174 0.0000081952
175 0.0000081254
176 0.0000080565
177 0.0000079885
178 0.0000079215
179 0.0000078554
180 0.0000077901
181 0.0000077258
182 0.0000076623
183 0.0000075996
184 0.0000075378
185 0.0000074767
186 0.0000074165
187 0.0000073570
188 0.0000072983
189 0.0000072404
190 0.0000071832
191 0.0000071267
192 0.0000070710
193 0.0000070159
194 0.0000069616
195 0.0000069079
196 0.0000068548
197 0.0000068025
198 0.0000067507
199 0.0000066996
200 0.0000066492
201 0.0000065993
202 0.0000065500
203 0.0000065013
204 0.0000064533
205 0.0000064057
206 0.0000063588
207 0.0000063123
208 0.0000062665
209 0.0000062211
210 0.0000061763
211 0.0000061320
212 0.0000060883
213 0.0000060450
214 0.0000060022
215 0.0000059599
216 0.0000059180
217 0.0000058767
218 0.0000058358
219 0.0000057953
220 0.0000057553
221 0.0000057158
222 0.0000056767
223 0.0000056380
224 0.0000055997
225 0.0000055618
226 0.0000055244
227 0.0000054873
228 0.0000054507
229 0.0000054144
230 0.0000053785
231 0.0000053430
232 0.0000053079
233 0.0000052731
234 0.0000052387
235 0.0000052047
236 0.0000051710
237 0.0000051376
238 0.0000051046
239 0.0000050719
240 0.0000050395
241 0.0000050075
242 0.0000049758
243 0.0000049444
244 0.0000049133
245 0.0000048826
246 0.0000048521
247 0.0000048219
248 0.0000047920
249 0.0000047625
250 0.0000047331
251 0.0000047041
252 0.0000046754
253 0.0000046469
254 0.0000046187
255 0.0000045907
256 0.0000045630
257 0.0000045356
258 0.0000045084
259 0.0000044815
260 0.0000044548
261 0.0000044283
262 0.0000044021
263 0.0000043761
264 0.0000043504
265 0.0000043249
266 0.0000042996
267 0.0000042745
268 0.0000042496
269 0.0000042249
270 0.0000042005
271 0.0000041762
272 0.0000041522
273 0.0000041283
274 0.0000041046
275 0.0000040811
276 0.0000040578
277 0.0000040347
278 0.0000040117
279 0.0000039889
280 0.0000039663
281 0.0000039438
282 0.0000039215
283 0.0000038993
284 0.0000038773
285 0.0000038553
286 0.0000038336
287 0.0000038119
288 0.0000037903
289 0.0000037688
290 0.0000037475
291 0.0000037261
292 0.0000037049
293 0.0000036837
294 0.0000036625
295 0.0000036413
296 0.0000036201
297 0.0000035988
298 0.0000035774
299 0.0000035559
300 0.0000035341
301 0.0000035121
302 0.0000034898
303 0.0000034669
304 0.0000034434
305 0.0000034190
306 0.0000033935
307 0.0000033665
308 0.0000033373
309 0.0000033052
310 0.0000032687
311 0.0000032256
312 0.0000031718
313 0.0000030999
314 0.0000029786
315 0.0000026322
316 0.0000000000
