0 818
0 0.9814382817
1 0.0053951658
2 0.0021568587
3 0.0014508621
4 0.0010269036
5 0.0007778542
6 0.0006163900
7 0.0005027814
8 0.0004187839
9 0.0003545610
10 0.0003041644
11 0.0002637762
12 0.0002308458
13 0.0002036106
14 0.0001808147
15 0.0001615393
16 0.0001450973
17 0.0001309643
18 0.0001187340
19 0.0001080866
20 0.0000987676
21 0.0000905715
22 0.0000833315
23 0.0000769103
24 0.0000711944
25 0.0000660888
26 0.0000615140
27 0.0000574028
28 0.0000536979
29 0.0000503505
30 0.0000473187
31 0.0000445663
32 0.0000420619
33 0.0000397784
34 0.0000376921
35 0.0000357822
36 0.0000340304
37 0.0000324208
38 0.0000309392
39 0.0000295731
40 0.0000283113
41 0.0000271440
42 0.0000260623
43 0.0000250585
44 0.0000241255
45 0.0000232571
46 0.0000224474
47 0.0000216916
48 0.0000209849
49 0.0000203233
50 0.0000197031
51 0.0000191209
52 0.0000185735
53 0.0000180584
54 0.0000175728
55 0.0000171147
56 0.0000166817
57 0.0000162722
58 0.0000158843
59 0.0000155165
60 0.0000151673
61 0.0000148354
62 0.0000145196
63 0.0000142188
64 0.0000139319
65 0.0000136581
66 0.0000133964
67 0.0000131461
68 0.0000129064
69 0.0000126767
70 0.0000124563
71 0.0000122447
72 0.0000120413
73 0.0000118457
74 0.0000116574
75 0.0000114759
76 0.0000113010
77 0.0000111321
78 0.0000109690
79 0.0000108114
80 0.0000106590
81 0.0000105114
82 0.0000103685
83 0.0000102301
84 0.0000100958
85 0.0000099655
86 0.0000098390
87 0.0000097161
88 0.0000095966
89 0.0000094804
90 0.0000093674
91 0.0000092573
92 0.0000091502
93 0.0000090457
94 0.0000089439
95 0.0000088446
96 0.0000087477
97 0.0000086531
98 0.0000085608
99 0.0000084705
100 0.0000083824
101 0.0000082962
102 0.0000082119
103 0.0000081295
104 0.0000080488
105 0.0000079698
106 0.0000078925
107 0.0000078167
108 0.0000077425
109 0.0000076698
110 0.0000075985
111 0.0000075286
112 0.0000074601
113 0.0000073928
114 0.0000073268
115 0.0000072621
116 0.0000071985
117 0.0000071361
118 0.0000070747
119 0.0000070145
120 0.0000069554
121 0.0000068972
122 0.0000068401
123 0.0000067839
124 0.0000067287
125 0.0000066744
126 0.0000066210
127 0.0000065684
128 0.0000065167
129 0.0000064658
130 0.0000064158
131 0.0000063665
132 0.0000063180
133 0.0000062702
134 0.0000062232
135 0.0000061769
136 0.0000061313
137 0.0000060863
138 0.0000060421
139 0.0000059984
140 0.0000059554
141 0.0000059130
142 0.0000058713
143 0.0000058301
144 0.0000057895
145 0.0000057495
146 0.0000057100
147 0.0000056711
148 0.0000056327
149 0.0000055948
150 0.0000055574
151 0.0000055205
152 0.0000054842
153 0.0000054483
154 0.0000054128
155 0.0000053779
156 0.0000053433
157 0.0000053093
158 0.0000052756
159 0.0000052424
160 0.0000052096
161 0.0000051772
162 0.0000051452
163 0.0000051136
164 0.0000050824
165 0.0000050516
166 0.0000050211
167 0.0000049910
168 0.0000049613
169 0.0000049319
170 0.0000049029
171 0.0000048742
172 0.0000048459
173 0.0000048178
174 0.0000047901
175 0.0000047628
176 0.0000047357
177 0.0000047089
178 0.0000046824
179 0.0000046563
180 0.0000046304
181 0.0000046048
182 0.0000045795
183 0.0000045545
184 0.0000045297
185 0.0000045052
186 0.0000044810
187 0.0000044570
188 0.0000044333
189 0.0000044098
190 0.0000043866
191 0.0000043637
192 0.0000043409
193 0.0000043184
194 0.0000042961
195 0.0000042741
196 0.0000042523
197 0.0000042307
198 0.0000042093
199 0.0000041882
200 0.0000041672
201 0.0000041465
202 0.0000041260
203 0.0000041056
204 0.0000040855
205 0.0000040655
206 0.0000040458
207 0.0000040263
208 0.0000040069
209 0.0000039877
210 0.0000039687
211 0.0000039499
212 0.0000039313
213 0.0000039128
214 0.0000038945
215 0.0000038764
216 0.0000038585
217 0.0000038407
218 0.0000038231
219 0.0000038056
220 0.0000037883
221 0.0000037711
222 0.0000037542
223 0.0000037373
224 0.0000037206
225 0.0000037041
226 0.0000036877
227 0.0000036714
228 0.0000036553
229 0.0000036394
230 0.0000036235
231 0.0000036079
232 0.0000035923
233 0.0000035769
234 0.0000035616
235 0.0000035464
236 0.0000035314
237 0.0000035165
238 0.0000035017
239 0.0000034871
240 0.0000034725
241 0.0000034581
242 0.0000034438
243 0.0000034296
244 0.0000034156
245 0.0000034016
246 0.0000033878
247 0.0000033741
248 0.0000033605
249 0.0000033470
250 0.0000033336
251 0.0000033203
252 0.0000033071
253 0.0000032940
254 0.0000032811
255 0.0000032682
256 0.0000032554
257 0.0000032428
258 0.0000032302
259 0.0000032177
260 0.0000032053
261 0.0000031931
262 0.0000031809
263 0.0000031688
264 0.0000031568
265 0.0000031448
266 0.0000031330
267 0.0000031213
268 0.0000031096
269 0.0000030981
270 0.0000030866
271 0.0000030752
272 0.0000030639
273 0.0000030527
274 0.0000030415
275 0.0000030304
276 0.0000030195
277 0.0000030086
278 0.0000029977
279 0.0000029870
280 0.0000029763
281 0.0000029657
282 0.0000029552
283 0.0000029448
284 0.0000029344
285 0.0000029241
286 0.0000029139
287 0.0000029037
288 0.0000028936
289 0.0000028836
290 0.0000028737
291 0.0000028638
292 0.0000028540
293 0.0000028442
294 0.0000028345
295 0.0000028249
296 0.0000028154
297 0.0000028059
298 0.0000027965
299 0.0000027871
300 0.0000027778
301 0.0000027686
302 0.0000027594
303 0.0000027503
304 0.0000027413
305 0.0000027323
306 0.0000027233
307 0.0000027145
308 0.0000027056
309 0.0000026969
310 0.0000026882
311 0.0000026795
312 0.0000026709
313 0.0000026624
314 0.0000026539
315 0.0000026455
316 0.0000026371
317 0.0000026288
318 0.0000026205
319 0.0000026123
320 0.0000026041
321 0.0000025960
322 0.0000025880
323 0.0000025799
324 0.0000025720
325 0.0000025641
326 0.0000025562
327 0.0000025484
328 0.0000025406
329 0.0000025329
330 0.0000025252
331 0.0000025176
332 0.0000025100
333 0.0000025024
334 0.0000024949
335 0.0000024875
336 0.0000024801
337 0.0000024727
338 0.0000024654
339 0.0000024581
340 0.0000024509
341 0.0000024437
342 0.0000024366
343 0.0000024295
344 0.0000024224
345 0.0000024154
346 0.0000024084
347 0.0000024014
348 0.0000023945
349 0.0000023877
350 0.0000023808
351 0.0000023741
352 0.0000023673
353 0.0000023606
354 0.0000023539
355 0.0000023473
356 0.0000023407
357 0.0000023341
358 0.0000023276
359 0.0000023211
360 0.0000023147
361 0.0000023083
362 0.0000023019
363 0.0000022955
364 0.0000022892
365 0.0000022829
366 0.0000022767
367 0.0000022705
368 0.0000022643
369 0.0000022582
370 0.0000022521
371 0.0000022460
372 0.0000022400
373 0.0000022340
374 0.0000022280
375 0.0000022220
376 0.0000022161
377 0.0000022102
378 0.0000022044
379 0.0000021986
380 0.0000021928
381 0.0000021870
382 0.0000021813
383 0.0000021756
384 0.0000021699
385 0.0000021643
386 0.0000021587
387 0.0000021531
388 0.0000021475
389 0.0000021420
390 0.0000021365
391 0.0000021311
392 0.0000021256
393 0.0000021202
394 0.0000021148
395 0.0000021095
396 0.0000021041
397 0.0000020988
398 0.0000020936
399 0.0000020883
400 0.0000020831
401 0.0000020779
402 0.0000020727
403 0.0000020676
404 0.0000020624
405 0.0000020573
406 0.0000020523
407 0.0000020472
408 0.0000020422
409 0.0000020372
410 0.0000020322
411 0.0000020273
412 0.0000020224
413 0.0000020175
414 0.0000020126
415 0.0000020077
416 0.0000020029
417 0.0000019981
418 0.0000019933
419 0.0000019886
420 0.0000019838
421 0.0000019791
422 0.0000019744
423 0.0000019697
424 0.0000019651
425 0.0000019605
426 0.0000019559
427 0.0000019513
428 0.0000019467
429 0.0000019422
430 0.0000019377
431 0.0000019332
432 0.0000019287
433 0.0000019242
434 0.0000019198
435 0.0000019154
436 0.0000019110
437 0.0000019066
438 0.0000019022
439 0.0000018979
440 0.0000018936
441 0.0000018893
442 0.0000018850
443 0.0000018808
444 0.0000018765
445 0.0000018723
446 0.0000018681
447 0.0000018639
448 0.0000018597
449 0.0000018556
450 0.0000018515
451 0.0000018474
452 0.0000018433
453 0.0000018392
454 0.0000018352
455 0.0000018311
456 0.0000018271
457 0.0000018231
458 0.0000018191
459 0.0000018151
460 0.0000018112
461 0.0000018073
462 0.0000018033
463 0.0000017994
464 0.0000017956
465 0.0000017917
466 0.0000017879
467 0.0000017840
468 0.0000017802
469 0.0000017764
470 0.0000017726
471 0.0000017689
472 0.0000017651
473 0.0000017614
474 0.0000017577
475 0.0000017539
476 0.0000017503
477 0.0000017466
478 0.0000017429
479 0.0000017393
480 0.0000017357
481 0.0000017320
482 0.0000017285
483 0.0000017249
484 0.0000017213
485 0.0000017177
486 0.0000017142
487 0.0000017107
488 0.0000017072
489 0.0000017037
490 0.0000017002
491 0.0000016967
492 0.0000016933
493 0.0000016898
494 0.0000016864
495 0.0000016830
496 0.0000016796
497 0.0000016762
498 0.0000016729
499 0.0000016695
500 0.0000016662
501 0.0000016628
502 0.0000016595
503 0.0000016562
504 0.0000016529
505 0.0000016497
506 0.0000016464
507 0.0000016431
508 0.0000016399
509 0.0000016367
510 0.0000016335
511 0.0000016303
512 0.0000016271
513 0.0000016239
514 0.0000016207
515 0.0000016176
516 0.0000016145
517 0.0000016113
518 0.0000016082
519 0.0000016051
520 0.0000016020
521 0.0000015989
522 0.0000015959
523 0.0000015928
524 0.0000015898
525 0.0000015867
526 0.0000015837
527 0.0000015807
528 0.0000015777
529 0.0000015747
530 0.0000015718
531 0.0000015688
532 0.0000015658
533 0.0000015629
534 0.0000015600
535 0.0000015570
536 0.0000015541
537 0.0000015512
538 0.0000015484
539 0.0000015455
540 0.0000015426
541 0.0000015398
542 0.0000015369
543 0.0000015341
544 0.0000015313
545 0.0000015284
546 0.0000015256
547 0.0000015228
548 0.0000015201
549 0.0000015173
550 0.0000015145
551 0.0000015118
552 0.0000015090
553 0.0000015063
554 0.0000015036
555 0.0000015009
556 0.0000014982
557 0.0000014955
558 0.0000014928
559 0.0000014901
560 0.0000014875
561 0.0000014848
562 0.0000014822
563 0.0000014795
564 0.0000014769
565 0.0000014743
566 0.0000014717
567 0.0000014691
568 0.0000014665
569 0.0000014639
570 0.0000014613
571 0.0000014588
572 0.0000014562
573 0.0000014537
574 0.0000014511
575 0.0000014486
576 0.0000014461
577 0.0000014436
578 0.0000014411
579 0.0000014386
580 0.0000014361
581 0.0000014336
582 0.0000014311
583 0.0000014287
584 0.0000014262
585 0.0000014238
586 0.0000014214
587 0.0000014189
588 0.0000014165
589 0.0000014141
590 0.0000014117
591 0.0000014093
592 0.0000014069
593 0.0000014046
594 0.0000014022
595 0.0000013998
596 0.0000013975
597 0.0000013951
598 0.0000013928
599 0.0000013905
600 0.0000013881
601 0.0000013858
602 0.0000013835
603 0.0000013812
604 0.0000013789
605 0.0000013767
606 0.0000013744
607 0.0000013721
608 0.0000013698
609 0.0000013676
610 0.0000013653
611 0.0000013631
612 0.0000013609
613 0.0000013587
614 0.0000013564
615 0.0000013542
616 0.0000013520
617 0.0000013498
618 0.0000013476
619 0.0000013455
620 0.0000013433
621 0.0000013411
622 0.0000013390
623 0.0000013368
624 0.0000013347
625 0.0000013325
626 0.0000013304
627 0.0000013283
628 0.0000013261
629 0.0000013240
630 0.0000013219
631 0.0000013198
632 0.0000013177
633 0.0000013156
634 0.0000013136
635 0.0000013115
636 0.0000013094
637 0.0000013074
638 0.0000013053
639 0.0000013033
640 0.0000013012
641 0.0000012992
642 0.0000012972
643 0.0000012951
644 0.0000012931
645 0.0000012911
646 0.0000012891
647 0.0000012871
648 0.0000012851
649 0.0000012831
650 0.0000012812
651 0.0000012792
652 0.0000012772
653 0.0000012753
654 0.0000012733
655 0.0000012714
656 0.0000012694
657 0.0000012675
658 0.0000012656
659 0.0000012636
660 0.0000012617
661 0.0000012598
662 0.0000012579
663 0.0000012560
664 0.0000012541
665 0.0000012522
666 0.0000012503
667 0.0000012484
668 0.0000012466
669 0.0000012447
670 0.0000012428
671 0.0000012410
672 0.0000012391
673 0.0000012373
674 0.0000012354
675 0.0000012336
676 0.0000012318
677 0.0000012300
678 0.0000012281
679 0.0000012263
680 0.0000012245
681 0.0000012227
682 0.0000012209
683 0.0000012191
684 0.0000012173
685 0.0000012156
686 0.0000012138
687 0.0000012120
688 0.0000012102
689 0.0000012085
690 0.0000012067
691 0.0000012050
692 0.0000012032
693 0.0000012015
694 0.0000011998
695 0.0000011980
696 0.0000011963
697 0.0000011946
698 0.0000011929
699 0.0000011911
700 0.0000011894
701 0.0000011877
702 0.0000011860
703 0.0000011843
704 0.0000011827
705 0.0000011810
706 0.0000011793
707 0.0000011776
708 0.0000011760
709 0.0000011743
710 0.0000011726
711 0.0000011710
712 0.0000011693
713 0.0000011677
714 0.0000011660
715 0.0000011644
716 0.0000011628
717 0.0000011612
718 0.0000011595
719 0.0000011579
720 0.0000011563
721 0.0000011547
722 0.0000011531
723 0.0000011515
724 0.0000011499
725 0.0000011483
726 0.0000011467
727 0.0000011451
728 0.0000011436
729 0.0000011420
730 0.0000011404
731 0.0000011388
732 0.0000011373
733 0.0000011357
734 0.0000011342
735 0.0000011326
736 0.0000011311
737 0.0000011295
738 0.0000011280
739 0.0000011265
740 0.0000011249
741 0.0000011234
742 0.0000011219
743 0.0000011204
744 0.0000011189
745 0.0000011174
746 0.0000011159
747 0.0000011144
748 0.0000011129
749 0.0000011114
750 0.0000011099
751 0.0000011084
752 0.0000011069
753 0.0000011055
754 0.0000011040
755 0.0000011025
756 0.0000011011
757 0.0000010996
758 0.0000010981
759 0.0000010967
760 0.0000010952
761 0.0000010938
762 0.0000010924
763 0.0000010909
764 0.0000010895
765 0.0000010881
766 0.0000010866
767 0.0000010852
768 0.0000010838
769 0.0000010824
770 0.0000010810
771 0.0000010795
772 0.0000010781
773 0.0000010767
774 0.0000010753
775 0.0000010740
776 0.0000010726
777 0.0000010712
778 0.0000010698
779 0.0000010684
780 0.0000010670
781 0.0000010657
782 0.0000010643
783 0.0000010629
784 0.0000010616
785 0.0000010602
786 0.0000010589
787 0.0000010575
788 0.0000010562
789 0.0000010548
790 0.0000010535
791 0.0000010521
792 0.0000010508
793 0.0000010495
794 0.0000010481
795 0.0000010468
796 0.0000010455
797 0.0000010442
798 0.0000010429
799 0.0000010415
800 0.0000010402
801 0.0000010389
802 0.0000010376
803 0.0000010363
804 0.0000010350
805 0.0000010337
806 0.0000010325
807 0.0000010312
808 0.0000010299
809 0.0000010286
810 0.0000010273
811 0.0000010261
812 0.0000010248
813 0.0000010235
814 0.0000010223
815 0.0000010210
816 0.0000010197
817 0.0000010185
818 0.0000010172
