0 288
0 0.9751669845
1 0.0063062158
2 0.0021850416
3 0.0013791408
4 0.0009306360
5 0.0006917808
6 0.0005507672
7 0.0004585132
8 0.0003937924
9 0.0003460082
10 0.0003092388
11 0.0002799692
12 0.0002560254
13 0.0002360083
14 0.0002189819
15 0.0002042956
16 0.0001914822
17 0.0001801957
18 0.0001701732
19 0.0001612108
20 0.0001531471
21 0.0001458527
22 0.0001392221
23 0.0001331683
24 0.0001276192
25 0.0001225140
26 0.0001178016
27 0.0001134383
28 0.0001093867
29 0.0001056145
30 0.0001020937
31 0.0000988002
32 0.0000957124
33 0.0000928118
34 0.0000900819
35 0.0000875079
36 0.0000850769
37 0.0000827773
38 0.0000805988
39 0.0000785320
40 0.0000765685
41 0.0000747008
42 0.0000729220
43 0.0000712260
44 0.0000696070
45 0.0000680601
46 0.0000665803
47 0.0000651635
48 0.0000638058
49 0.0000625035
50 0.0000612533
51 0.0000600521
52 0.0000588971
53 0.0000577857
54 0.0000567154
55 0.0000556841
56 0.0000546896
57 0.0000537300
58 0.0000528034
59 0.0000519083
60 0.0000510431
61 0.0000502062
62 0.0000493962
63 0.0000486120
64 0.0000478523
65 0.0000471160
66 0.0000464020
67 0.0000457093
68 0.0000450370
69 0.0000443842
70 0.0000437500
71 0.0000431337
72 0.0000425345
73 0.0000419517
74 0.0000413846
75 0.0000408327
76 0.0000402953
77 0.0000397719
78 0.0000392619
79 0.0000387648
80 0.0000382801
81 0.0000378074
82 0.0000373462
83 0.0000368961
84 0.0000364568
85 0.0000360278
86 0.0000356087
87 0.0000351993
88 0.0000347992
89 0.0000344081
90 0.0000340257
91 0.0000336517
92 0.0000332858
93 0.0000329278
94 0.0000325774
95 0.0000322343
96 0.0000318985
97 0.0000315695
98 0.0000312473
99 0.0000309315
100 0.0000306221
101 0.0000303188
102 0.0000300215
103 0.0000297299
104 0.0000294439
105 0.0000291634
106 0.0000288882
107 0.0000286181
108 0.0000283530
109 0.0000280928
110 0.0000278373
111 0.0000275864
112 0.0000273400
113 0.0000270980
114 0.0000268602
115 0.0000266265
116 0.0000263969
117 0.0000261711
118 0.0000259493
119 0.0000257311
120 0.0000255166
121 0.0000253056
122 0.0000250981
123 0.0000248939
124 0.0000246931
125 0.0000244954
126 0.0000243009
127 0.0000241095
128 0.0000239210
129 0.0000237355
130 0.0000235528
131 0.0000233729
132 0.0000231957
133 0.0000230213
134 0.0000228494
135 0.0000226800
136 0.0000225131
137 0.0000223487
138 0.0000221867
139 0.0000220270
140 0.0000218695
141 0.0000217143
142 0.0000215613
143 0.0000214104
144 0.0000212616
145 0.0000211149
146 0.0000209702
147 0.0000208274
148 0.0000206866
149 0.0000205477
150 0.0000204106
151 0.0000202753
152 0.0000201419
153 0.0000200101
154 0.0000198801
155 0.0000197517
156 0.0000196250
157 0.0000194999
158 0.0000193764
159 0.0000192544
160 0.0000191340
161 0.0000190150
162 0.0000188976
163 0.0000187815
164 0.0000186669
165 0.0000185537
166 0.0000184418
167 0.0000183313
168 0.0000182221
169 0.0000181141
170 0.0000180075
171 0.0000179021
172 0.0000177979
173 0.0000176949
174 0.0000175931
175 0.0000174925
176 0.0000173930
177 0.0000172946
178 0.0000171974
179 0.0000171012
180 0.0000170061
181 0.0000169120
182 0.0000168190
183 0.0000167270
184 0.0000166360
185 0.0000165459
186 0.0000164569
187 0.0000163688
188 0.0000162816
189 0.0000161953
190 0.0000161100
191 0.0000160255
192 0.0000159420
193 0.0000158593
194 0.0000157774
195 0.0000156964
196 0.0000156162
197 0.0000155368
198 0.0000154582
199 0.0000153805
200 0.0000153034
201 0.0000152272
202 0.0000151517
203 0.0000150769
204 0.0000150029
205 0.0000149296
206 0.0000148571
207 0.0000147852
208 0.0000147140
209 0.0000146435
210 0.0000145736
211 0.0000145044
212 0.0000144359
213 0.0000143680
214 0.0000143007
215 0.0000142341
216 0.0000141681
217 0.0000141027
218 0.0000140379
219 0.0000139736
220 0.0000139100
221 0.0000138469
222 0.0000137844
223 0.0000137225
224 0.0000136611
225 0.0000136003
226 0.0000135400
227 0.0000134802
228 0.0000134210
229 0.0000133622
230 0.0000133040
231 0.0000132463
232 0.0000131890
233 0.0000131323
234 0.0000130761
235 0.0000130203
236 0.0000129650
237 0.0000129101
238 0.0000128558
239 0.0000128018
240 0.0000127484
241 0.0000126953
242 0.0000126427
243 0.0000125905
244 0.0000125388
245 0.0000124875
246 0.0000124366
247 0.0000123861
248 0.0000123360
249 0.0000122863
250 0.0000122370
251 0.0000121881
252 0.0000121396
253 0.0000120915
254 0.0000120437
255 0.0000119963
256 0.0000119493
257 0.0000119027
258 0.0000118564
259 0.0000118104
260 0.0000117649
261 0.0000117196
262 0.0000116747
263 0.0000116302
264 0.0000115859
265 0.0000115421
266 0.0000114985
267 0.0000114553
268 0.0000114123
269 0.0000113697
270 0.0000113275
271 0.0000112855
272 0.0000112438
273 0.0000112024
274 0.0000111614
275 0.0000111206
276 0.0000110801
277 0.0000110399
278 0.0000110000
279 0.0000109604
280 0.0000109211
281 0.0000108820
282 0.0000108432
283 0.0000108047
284 0.0000107665
285 0.0000107285
286 0.0000106908
287 0.0000106533
288 0.0000106161
