1 1200
0 0.9842104532
1 0.0034658463
2 0.0014583555
3 0.0010183940
4 0.0007521225
5 0.0005941824
6 0.0004905125
7 0.0004165405
8 0.0003609956
9 0.0003177996
10 0.0002832745
11 0.0002550581
12 0.0002315711
13 0.0002117206
14 0.0001947268
15 0.0001800182
16 0.0001671661
17 0.0001558428
18 0.0001457935
19 0.0001368166
20 0.0001287514
21 0.0001214673
22 0.0001148577
23 0.0001088346
24 0.0001033245
25 0.0000982657
26 0.0000936061
27 0.0000893011
28 0.0000853128
29 0.0000816082
30 0.0000781589
31 0.0000749401
32 0.0000719301
33 0.0000691098
34 0.0000664625
35 0.0000639732
36 0.0000616286
37 0.0000594171
38 0.0000573280
39 0.0000553518
40 0.0000534800
41 0.0000517049
42 0.0000500196
43 0.0000484176
44 0.0000468934
45 0.0000454416
46 0.0000440575
47 0.0000427368
48 0.0000414753
49 0.0000402694
50 0.0000391158
51 0.0000380113
52 0.0000369531
53 0.0000359385
54 0.0000349650
55 0.0000340304
56 0.0000331325
57 0.0000322693
58 0.0000314391
59 0.0000306401
60 0.0000298708
61 0.0000291296
62 0.0000284151
63 0.0000277261
64 0.0000270612
65 0.0000264195
66 0.0000257998
67 0.0000252010
68 0.0000246223
69 0.0000240627
70 0.0000235214
71 0.0000229975
72 0.0000224904
73 0.0000219994
74 0.0000215237
75 0.0000210627
76 0.0000206158
77 0.0000201825
78 0.0000197621
79 0.0000193543
80 0.0000189584
81 0.0000185741
82 0.0000182008
83 0.0000178383
84 0.0000174860
85 0.0000171436
86 0.0000168107
87 0.0000164870
88 0.0000161721
89 0.0000158658
90 0.0000155678
91 0.0000152777
92 0.0000149952
93 0.0000147202
94 0.0000144523
95 0.0000141914
96 0.0000139371
97 0.0000136893
98 0.0000134478
99 0.0000132123
100 0.0000129827
101 0.0000127588
102 0.0000125403
103 0.0000123272
104 0.0000121192
105 0.0000119163
106 0.0000117181
107 0.0000115247
108 0.0000113358
109 0.0000111514
110 0.0000109712
111 0.0000107952
112 0.0000106233
113 0.0000104552
114 0.0000102910
115 0.0000101305
116 0.0000099735
117 0.0000098201
118 0.0000096700
119 0.0000095233
120 0.0000093798
121 0.0000092394
122 0.0000091020
123 0.0000089676
124 0.0000088360
125 0.0000087073
126 0.0000085813
127 0.0000084579
128 0.0000083371
129 0.0000082189
130 0.0000081030
131 0.0000079896
132 0.0000078785
133 0.0000077697
134 0.0000076630
135 0.0000075586
136 0.0000074562
137 0.0000073558
138 0.0000072575
139 0.0000071611
140 0.0000070666
141 0.0000069740
142 0.0000068831
143 0.0000067941
144 0.0000067067
145 0.0000066211
146 0.0000065370
147 0.0000064546
148 0.0000063737
149 0.0000062944
150 0.0000062166
151 0.0000061402
152 0.0000060652
153 0.0000059917
154 0.0000059194
155 0.0000058486
156 0.0000057790
157 0.0000057107
158 0.0000056436
159 0.0000055777
160 0.0000055131
161 0.0000054496
162 0.0000053872
163 0.0000053259
164 0.0000052657
165 0.0000052066
166 0.0000051485
167 0.0000050914
168 0.0000050354
169 0.0000049803
170 0.0000049261
171 0.0000048729
172 0.0000048206
173 0.0000047692
174 0.0000047186
175 0.0000046689
176 0.0000046201
177 0.0000045721
178 0.0000045248
179 0.0000044784
180 0.0000044327
181 0.0000043878
182 0.0000043437
183 0.0000043002
184 0.0000042575
185 0.0000042155
186 0.0000041741
187 0.0000041334
188 0.0000040934
189 0.0000040540
190 0.0000040153
191 0.0000039771
192 0.0000039396
193 0.0000039026
194 0.0000038663
195 0.0000038305
196 0.0000037953
197 0.0000037606
198 0.0000037264
199 0.0000036928
200 0.0000036597
201 0.0000036271
202 0.0000035950
203 0.0000035634
204 0.0000035323
205 0.0000035017
206 0.0000034715
207 0.0000034417
208 0.0000034125
209 0.0000033836
210 0.0000033552
211 0.0000033272
212 0.0000032996
213 0.0000032724
214 0.0000032456
215 0.0000032192
216 0.0000031932
217 0.0000031675
218 0.0000031423
219 0.0000031174
220 0.0000030928
221 0.0000030686
222 0.0000030448
223 0.0000030212
224 0.0000029981
225 0.0000029752
226 0.0000029526
227 0.0000029304
228 0.0000029085
229 0.0000028869
230 0.0000028656
231 0.0000028446
232 0.0000028238
233 0.0000028034
234 0.0000027832
235 0.0000027633
236 0.0000027437
237 0.0000027243
238 0.0000027052
239 0.0000026863
240 0.0000026677
241 0.0000026494
242 0.0000026313
243 0.0000026134
244 0.0000025958
245 0.0000025784
246 0.0000025612
247 0.0000025442
248 0.0000025275
249 0.0000025109
250 0.0000024946
251 0.0000024785
252 0.0000024626
253 0.0000024469
254 0.0000024314
255 0.0000024161
256 0.0000024010
257 0.0000023861
258 0.0000023714
259 0.0000023568
260 0.0000023424
261 0.0000023282
262 0.0000023142
263 0.0000023004
264 0.0000022867
265 0.0000022731
266 0.0000022598
267 0.0000022466
268 0.0000022336
269 0.0000022207
270 0.0000022080
271 0.0000021954
272 0.0000021830
273 0.0000021707
274 0.0000021585
275 0.0000021465
276 0.0000021347
277 0.0000021230
278 0.0000021114
279 0.0000020999
280 0.0000020886
281 0.0000020774
282 0.0000020663
283 0.0000020554
284 0.0000020446
285 0.0000020339
286 0.0000020233
287 0.0000020129
288 0.0000020025
289 0.0000019923
290 0.0000019822
291 0.0000019722
292 0.0000019623
293 0.0000019525
294 0.0000019428
295 0.0000019332
296 0.0000019238
297 0.0000019144
298 0.0000019051
299 0.0000018959
300 0.0000018869
301 0.0000018779
302 0.0000018690
303 0.0000018602
304 0.0000018515
305 0.0000018429
306 0.0000018344
307 0.0000018259
308 0.0000018176
309 0.0000018093
310 0.0000018011
311 0.0000017930
312 0.0000017850
313 0.0000017771
314 0.0000017692
315 0.0000017614
316 0.0000017537
317 0.0000017461
318 0.0000017385
319 0.0000017311
320 0.0000017237
321 0.0000017163
322 0.0000017091
323 0.0000017019
324 0.0000016948
325 0.0000016877
326 0.0000016807
327 0.0000016738
328 0.0000016669
329 0.0000016601
330 0.0000016534
331 0.0000016467
332 0.0000016401
333 0.0000016336
334 0.0000016271
335 0.0000016207
336 0.0000016143
337 0.0000016080
338 0.0000016018
339 0.0000015956
340 0.0000015894
341 0.0000015833
342 0.0000015773
343 0.0000015713
344 0.0000015654
345 0.0000015595
346 0.0000015537
347 0.0000015479
348 0.0000015422
349 0.0000015365
350 0.0000015309
351 0.0000015253
352 0.0000015198
353 0.0000015143
354 0.0000015089
355 0.0000015035
356 0.0000014982
357 0.0000014929
358 0.0000014876
359 0.0000014824
360 0.0000014772
361 0.0000014721
362 0.0000014670
363 0.0000014620
364 0.0000014570
365 0.0000014520
366 0.0000014471
367 0.0000014422
368 0.0000014373
369 0.0000014325
370 0.0000014278
371 0.0000014230
372 0.0000014183
373 0.0000014137
374 0.0000014090
375 0.0000014045
376 0.0000013999
377 0.0000013954
378 0.0000013909
379 0.0000013865
380 0.0000013820
381 0.0000013776
382 0.0000013733
383 0.0000013690
384 0.0000013647
385 0.0000013604
386 0.0000013562
387 0.0000013520
388 0.0000013479
389 0.0000013437
390 0.0000013396
391 0.0000013356
392 0.0000013315
393 0.0000013275
394 0.0000013235
395 0.0000013196
396 0.0000013156
397 0.0000013117
398 0.0000013079
399 0.0000013040
400 0.0000013002
401 0.0000012964
402 0.0000012926
403 0.0000012889
404 0.0000012852
405 0.0000012815
406 0.0000012778
407 0.0000012742
408 0.0000012705
409 0.0000012669
410 0.0000012634
411 0.0000012598
412 0.0000012563
413 0.0000012528
414 0.0000012493
415 0.0000012459
416 0.0000012424
417 0.0000012390
418 0.0000012356
419 0.0000012323
420 0.0000012289
421 0.0000012256
422 0.0000012223
423 0.0000012190
424 0.0000012157
425 0.0000012125
426 0.0000012093
427 0.0000012061
428 0.0000012029
429 0.0000011997
430 0.0000011966
431 0.0000011934
432 0.0000011903
433 0.0000011873
434 0.0000011842
435 0.0000011811
436 0.0000011781
437 0.0000011751
438 0.0000011721
439 0.0000011691
440 0.0000011661
441 0.0000011632
442 0.0000011603
443 0.0000011574
444 0.0000011545
445 0.0000011516
446 0.0000011487
447 0.0000011459
448 0.0000011430
449 0.0000011402
450 0.0000011374
451 0.0000011347
452 0.0000011319
453 0.0000011291
454 0.0000011264
455 0.0000011237
456 0.0000011210
457 0.0000011183
458 0.0000011156
459 0.0000011130
460 0.0000011103
461 0.0000011077
462 0.0000011051
463 0.0000011025
464 0.0000010999
465 0.0000010973
466 0.0000010947
467 0.0000010922
468 0.0000010896
469 0.0000010871
470 0.0000010846
471 0.0000010821
472 0.0000010796
473 0.0000010772
474 0.0000010747
475 0.0000010722
476 0.0000010698
477 0.0000010674
478 0.0000010650
479 0.0000010626
480 0.0000010602
481 0.0000010578
482 0.0000010555
483 0.0000010531
484 0.0000010508
485 0.0000010485
486 0.0000010461
487 0.0000010438
488 0.0000010416
489 0.0000010393
490 0.0000010370
491 0.0000010347
492 0.0000010325
493 0.0000010303
494 0.0000010280
495 0.0000010258
496 0.0000010236
497 0.0000010214
498 0.0000010192
499 0.0000010171
500 0.0000010149
501 0.0000010127
502 0.0000010106
503 0.0000010085
504 0.0000010063
505 0.0000010042
506 0.0000010021
507 0.0000010000
508 0.0000009979
509 0.0000009959
510 0.0000009938
511 0.0000009917
512 0.0000009897
513 0.0000009876
514 0.0000009856
515 0.0000009836
516 0.0000009816
517 0.0000009796
518 0.0000009776
519 0.0000009756
520 0.0000009736
521 0.0000009717
522 0.0000009697
523 0.0000009677
524 0.0000009658
525 0.0000009639
526 0.0000009619
527 0.0000009600
528 0.0000009581
529 0.0000009562
530 0.0000009543
531 0.0000009524
532 0.0000009506
533 0.0000009487
534 0.0000009468
535 0.0000009450
536 0.0000009431
537 0.0000009413
538 0.0000009395
539 0.0000009376
540 0.0000009358
541 0.0000009340
542 0.0000009322
543 0.0000009304
544 0.0000009286
545 0.0000009268
546 0.0000009251
547 0.0000009233
548 0.0000009216
549 0.0000009198
550 0.0000009181
551 0.0000009163
552 0.0000009146
553 0.0000009129
554 0.0000009112
555 0.0000009095
556 0.0000009078
557 0.0000009061
558 0.0000009044
559 0.0000009027
560 0.0000009010
561 0.0000008993
562 0.0000008977
563 0.0000008960
564 0.0000008944
565 0.0000008927
566 0.0000008911
567 0.0000008895
568 0.0000008878
569 0.0000008862
570 0.0000008846
571 0.0000008830
572 0.0000008814
573 0.0000008798
574 0.0000008782
575 0.0000008766
576 0.0000008751
577 0.0000008735
578 0.0000008719
579 0.0000008704
580 0.0000008688
581 0.0000008673
582 0.0000008657
583 0.0000008642
584 0.0000008627
585 0.0000008611
586 0.0000008596
587 0.0000008581
588 0.0000008566
589 0.0000008551
590 0.0000008536
591 0.0000008521
592 0.0000008506
593 0.0000008491
594 0.0000008477
595 0.0000008462
596 0.0000008447
597 0.0000008433
598 0.0000008418
599 0.0000008404
600 0.0000008389
601 0.0000008375
602 0.0000008360
603 0.0000008346
604 0.0000008332
605 0.0000008318
606 0.0000008304
607 0.0000008289
608 0.0000008275
609 0.0000008261
610 0.0000008247
611 0.0000008233
612 0.0000008220
613 0.0000008206
614 0.0000008192
615 0.0000008178
616 0.0000008165
617 0.0000008151
618 0.0000008138
619 0.0000008124
620 0.0000008111
621 0.0000008097
622 0.0000008084
623 0.0000008070
624 0.0000008057
625 0.0000008044
626 0.0000008031
627 0.0000008017
628 0.0000008004
629 0.0000007991
630 0.0000007978
631 0.0000007965
632 0.0000007952
633 0.0000007939
634 0.0000007926
635 0.0000007914
636 0.0000007901
637 0.0000007888
638 0.0000007875
639 0.0000007863
640 0.0000007850
641 0.0000007837
642 0.0000007825
643 0.0000007812
644 0.0000007800
645 0.0000007788
646 0.0000007775
647 0.0000007763
648 0.0000007751
649 0.0000007738
650 0.0000007726
651 0.0000007714
652 0.0000007702
653 0.0000007690
654 0.0000007678
655 0.0000007666
656 0.0000007654
657 0.0000007642
658 0.0000007630
659 0.0000007618
660 0.0000007606
661 0.0000007594
662 0.0000007582
663 0.0000007571
664 0.0000007559
665 0.0000007547
666 0.0000007536
667 0.0000007524
668 0.0000007513
669 0.0000007501
670 0.0000007490
671 0.0000007478
672 0.0000007467
673 0.0000007455
674 0.0000007444
675 0.0000007433
676 0.0000007421
677 0.0000007410
678 0.0000007399
679 0.0000007388
680 0.0000007377
681 0.0000007366
682 0.0000007355
683 0.0000007343
684 0.0000007332
685 0.0000007321
686 0.0000007311
687 0.0000007300
688 0.0000007289
689 0.0000007278
690 0.0000007267
691 0.0000007256
692 0.0000007246
693 0.0000007235
694 0.0000007224
695 0.0000007214
696 0.0000007203
697 0.0000007192
698 0.0000007182
699 0.0000007171
700 0.0000007161
701 0.0000007150
702 0.0000007140
703 0.0000007129
704 0.0000007119
705 0.0000007109
706 0.0000007098
707 0.0000007088
708 0.0000007078
709 0.0000007068
710 0.0000007057
711 0.0000007047
712 0.0000007037
713 0.0000007027
714 0.0000007017
715 0.0000007007
716 0.0000006997
717 0.0000006987
718 0.0000006977
719 0.0000006967
720 0.0000006957
721 0.0000006947
722 0.0000006937
723 0.0000006927
724 0.0000006918
725 0.0000006908
726 0.0000006898
727 0.0000006888
728 0.0000006879
729 0.0000006869
730 0.0000006859
731 0.0000006850
732 0.0000006840
733 0.0000006831
734 0.0000006821
735 0.0000006812
736 0.0000006802
737 0.0000006793
738 0.0000006783
739 0.0000006774
740 0.0000006764
741 0.0000006755
742 0.0000006746
743 0.0000006736
744 0.0000006727
745 0.0000006718
746 0.0000006709
747 0.0000006699
748 0.0000006690
749 0.0000006681
750 0.0000006672
751 0.0000006663
752 0.0000006654
753 0.0000006645
754 0.0000006636
755 0.0000006627
756 0.0000006618
757 0.0000006609
758 0.0000006600
759 0.0000006591
760 0.0000006582
761 0.0000006573
762 0.0000006564
763 0.0000006555
764 0.0000006547
765 0.0000006538
766 0.0000006529
767 0.0000006520
768 0.0000006512
769 0.0000006503
770 0.0000006494
771 0.0000006486
772 0.0000006477
773 0.0000006469
774 0.0000006460
775 0.0000006451
776 0.0000006443
777 0.0000006434
778 0.0000006426
779 0.0000006417
780 0.0000006409
781 0.0000006400
782 0.0000006392
783 0.0000006384
784 0.0000006375
785 0.0000006367
786 0.0000006359
787 0.0000006350
788 0.0000006342
789 0.0000006334
790 0.0000006326
791 0.0000006318
792 0.0000006309
793 0.0000006301
794 0.0000006293
795 0.0000006285
796 0.0000006277
797 0.0000006269
798 0.0000006261
799 0.0000006253
800 0.0000006245
801 0.0000006237
802 0.0000006229
803 0.0000006221
804 0.0000006213
805 0.0000006205
806 0.0000006197
807 0.0000006189
808 0.0000006181
809 0.0000006173
810 0.0000006166
811 0.0000006158
812 0.0000006150
813 0.0000006142
814 0.0000006134
815 0.0000006127
816 0.0000006119
817 0.0000006111
818 0.0000006104
819 0.0000006096
820 0.0000006088
821 0.0000006081
822 0.0000006073
823 0.0000006066
824 0.0000006058
825 0.0000006050
826 0.0000006043
827 0.0000006035
828 0.0000006028
829 0.0000006020
830 0.0000006013
831 0.0000006006
832 0.0000005998
833 0.0000005991
834 0.0000005983
835 0.0000005976
836 0.0000005969
837 0.0000005961
838 0.0000005954
839 0.0000005947
840 0.0000005939
841 0.0000005932
842 0.0000005925
843 0.0000005918
844 0.0000005911
845 0.0000005903
846 0.0000005896
847 0.0000005889
848 0.0000005882
849 0.0000005875
850 0.0000005868
851 0.0000005861
852 0.0000005853
853 0.0000005846
854 0.0000005839
855 0.0000005832
856 0.0000005825
857 0.0000005818
858 0.0000005811
859 0.0000005804
860 0.0000005797
861 0.0000005791
862 0.0000005784
863 0.0000005777
864 0.0000005770
865 0.0000005763
866 0.0000005756
867 0.0000005749
868 0.0000005743
869 0.0000005736
870 0.0000005729
871 0.0000005722
872 0.0000005715
873 0.0000005709
874 0.0000005702
875 0.0000005695
876 0.0000005689
877 0.0000005682
878 0.0000005675
879 0.0000005669
880 0.0000005662
881 0.0000005655
882 0.0000005649
883 0.0000005642
884 0.0000005636
885 0.0000005629
886 0.0000005622
887 0.0000005616
888 0.0000005609
889 0.0000005603
890 0.0000005596
891 0.0000005590
892 0.0000005583
893 0.0000005577
894 0.0000005571
895 0.0000005564
896 0.0000005558
897 0.0000005551
898 0.0000005545
899 0.0000005539
900 0.0000005532
901 0.0000005526
902 0.0000005520
903 0.0000005513
904 0.0000005507
905 0.0000005501
906 0.0000005495
907 0.0000005488
908 0.0000005482
909 0.0000005476
910 0.0000005470
911 0.0000005463
912 0.0000005457
913 0.0000005451
914 0.0000005445
915 0.0000005439
916 0.0000005433
917 0.0000005427
918 0.0000005420
919 0.0000005414
920 0.0000005408
921 0.0000005402
922 0.0000005396
923 0.0000005390
924 0.0000005384
925 0.0000005378
926 0.0000005372
927 0.0000005366
928 0.0000005360
929 0.0000005354
930 0.0000005348
931 0.0000005342
932 0.0000005336
933 0.0000005330
934 0.0000005325
935 0.0000005319
936 0.0000005313
937 0.0000005307
938 0.0000005301
939 0.0000005295
940 0.0000005289
941 0.0000005284
942 0.0000005278
943 0.0000005272
944 0.0000005266
945 0.0000005260
946 0.0000005255
947 0.0000005249
948 0.0000005243
949 0.0000005237
950 0.0000005232
951 0.0000005226
952 0.0000005220
953 0.0000005215
954 0.0000005209
955 0.0000005203
956 0.0000005198
957 0.0000005192
958 0.0000005187
959 0.0000005181
960 0.0000005175
961 0.0000005170
962 0.0000005164
963 0.0000005159
964 0.0000005153
965 0.0000005147
966 0.0000005142
967 0.0000005136
968 0.0000005131
969 0.0000005125
970 0.0000005120
971 0.0000005115
972 0.0000005109
973 0.0000005104
974 0.0000005098
975 0.0000005093
976 0.0000005087
977 0.0000005082
978 0.0000005076
979 0.0000005071
980 0.0000005066
981 0.0000005060
982 0.0000005055
983 0.0000005050
984 0.0000005044
985 0.0000005039
986 0.0000005034
987 0.0000005028
988 0.0000005023
989 0.0000005018
990 0.0000005013
991 0.0000005007
992 0.0000005002
993 0.0000004997
994 0.0000004992
995 0.0000004986
996 0.0000004981
997 0.0000004976
998 0.0000004971
999 0.0000004966
1000 0.0000004960
1001 0.0000004955
1002 0.0000004950
1003 0.0000004945
1004 0.0000004940
1005 0.0000004935
1006 0.0000004929
1007 0.0000004924
1008 0.0000004919
1009 0.0000004914
1010 0.0000004909
1011 0.0000004904
1012 0.0000004899
1013 0.0000004894
1014 0.0000004889
1015 0.0000004884
1016 0.0000004879
1017 0.0000004874
1018 0.0000004869
1019 0.0000004864
1020 0.0000004859
1021 0.0000004854
1022 0.0000004849
1023 0.0000004844
1024 0.0000004839
1025 0.0000004834
1026 0.0000004829
1027 0.0000004824
1028 0.0000004819
1029 0.0000004814
1030 0.0000004809
1031 0.0000004805
1032 0.0000004800
1033 0.0000004795
1034 0.0000004790
1035 0.0000004785
1036 0.0000004780
1037 0.0000004775
1038 0.0000004771
1039 0.0000004766
1040 0.0000004761
1041 0.0000004756
1042 0.0000004751
1043 0.0000004747
1044 0.0000004742
1045 0.0000004737
1046 0.0000004732
1047 0.0000004728
1048 0.0000004723
1049 0.0000004718
1050 0.0000004713
1051 0.0000004709
1052 0.0000004704
1053 0.0000004699
1054 0.0000004694
1055 0.0000004690
1056 0.0000004685
1057 0.0000004680
1058 0.0000004676
1059 0.0000004671
1060 0.0000004666
1061 0.0000004662
1062 0.0000004657
1063 0.0000004653
1064 0.0000004648
1065 0.0000004643
1066 0.0000004639
1067 0.0000004634
1068 0.0000004629
1069 0.0000004625
1070 0.0000004620
1071 0.0000004616
1072 0.0000004611
1073 0.0000004607
1074 0.0000004602
1075 0.0000004597
1076 0.0000004593
1077 0.0000004588
1078 0.0000004584
1079 0.0000004579
1080 0.0000004575
1081 0.0000004570
1082 0.0000004566
1083 0.0000004561
1084 0.0000004557
1085 0.0000004552
1086 0.0000004548
1087 0.0000004543
1088 0.0000004539
1089 0.0000004535
1090 0.0000004530
1091 0.0000004526
1092 0.0000004521
1093 0.0000004517
1094 0.0000004512
1095 0.0000004508
1096 0.0000004504
1097 0.0000004499
1098 0.0000004495
1099 0.0000004490
1100 0.0000004486
1101 0.0000004482
1102 0.0000004477
1103 0.0000004473
1104 0.0000004469
1105 0.0000004464
1106 0.0000004460
1107 0.0000004455
1108 0.0000004451
1109 0.0000004447
1110 0.0000004442
1111 0.0000004438
1112 0.0000004434
1113 0.0000004430
1114 0.0000004425
1115 0.0000004421
1116 0.0000004417
1117 0.0000004412
1118 0.0000004408
1119 0.0000004404
1120 0.0000004399
1121 0.0000004395
1122 0.0000004391
1123 0.0000004387
1124 0.0000004382
1125 0.0000004378
1126 0.0000004374
1127 0.0000004369
1128 0.0000004365
1129 0.0000004361
1130 0.0000004357
1131 0.0000004352
1132 0.0000004348
1133 0.0000004344
1134 0.0000004340
1135 0.0000004335
1136 0.0000004331
1137 0.0000004327
1138 0.0000004323
1139 0.0000004318
1140 0.0000004314
1141 0.0000004310
1142 0.0000004306
1143 0.0000004301
1144 0.0000004297
1145 0.0000004293
1146 0.0000004289
1147 0.0000004284
1148 0.0000004280
1149 0.0000004276
1150 0.0000004272
1151 0.0000004267
1152 0.0000004263
1153 0.0000004259
1154 0.0000004255
1155 0.0000004250
1156 0.0000004246
1157 0.0000004242
1158 0.0000004237
1159 0.0000004233
1160 0.0000004229
1161 0.0000004224
1162 0.0000004220
1163 0.0000004215
1164 0.0000004211
1165 0.0000004206
1166 0.0000004202
1167 0.0000004197
1168 0.0000004193
1169 0.0000004188
1170 0.0000004184
1171 0.0000004179
1172 0.0000004174
1173 0.0000004170
1174 0.0000004165
1175 0.0000004160
1176 0.0000004155
1177 0.0000004150
1178 0.0000004145
1179 0.0000004139
1180 0.0000004134
1181 0.0000004128
1182 0.0000004122
1183 0.0000004116
1184 0.0000004110
1185 0.0000004103
1186 0.0000004096
1187 0.0000004089
1188 0.0000004080
1189 0.0000004071
1190 0.0000004061
1191 0.0000004050
1192 0.0000004037
1193 0.0000004021
1194 0.0000004001
1195 0.0000003974
1196 0.0000003936
1197 0.0000003878
1198 0.0000003759
1199 0.0000003352
1200 0.0000000000
