1 1598
0 0.9953526350
1 0.0016811812
2 0.0006011803
3 0.0003817915
4 0.0002601245
5 0.0001922547
6 0.0001499669
7 0.0001211607
8 0.0001004112
9 0.0000848710
10 0.0000728718
11 0.0000633738
12 0.0000557002
13 0.0000493941
14 0.0000441367
15 0.0000396992
16 0.0000359136
17 0.0000326539
18 0.0000298239
19 0.0000273489
20 0.0000251703
21 0.0000232413
22 0.0000215241
23 0.0000199882
24 0.0000186084
25 0.0000173638
26 0.0000162370
27 0.0000152134
28 0.0000142806
29 0.0000134281
30 0.0000126469
31 0.0000119291
32 0.0000112681
33 0.0000106580
34 0.0000100938
35 0.0000095709
36 0.0000090854
37 0.0000086340
38 0.0000082135
39 0.0000078211
40 0.0000074545
41 0.0000071115
42 0.0000067902
43 0.0000064887
44 0.0000062056
45 0.0000059394
46 0.0000056888
47 0.0000054527
48 0.0000052299
49 0.0000050196
50 0.0000048209
51 0.0000046329
52 0.0000044550
53 0.0000042864
54 0.0000041265
55 0.0000039748
56 0.0000038307
57 0.0000036938
58 0.0000035636
59 0.0000034398
60 0.0000033218
61 0.0000032094
62 0.0000031023
63 0.0000030001
64 0.0000029025
65 0.0000028094
66 0.0000027204
67 0.0000026353
68 0.0000025539
69 0.0000024761
70 0.0000024015
71 0.0000023301
72 0.0000022617
73 0.0000021961
74 0.0000021332
75 0.0000020728
76 0.0000020149
77 0.0000019593
78 0.0000019058
79 0.0000018545
80 0.0000018051
81 0.0000017576
82 0.0000017120
83 0.0000016680
84 0.0000016257
85 0.0000015849
86 0.0000015456
87 0.0000015078
88 0.0000014713
89 0.0000014362
90 0.0000014022
91 0.0000013695
92 0.0000013379
93 0.0000013074
94 0.0000012779
95 0.0000012495
96 0.0000012220
97 0.0000011954
98 0.0000011697
99 0.0000011448
100 0.0000011208
101 0.0000010975
102 0.0000010750
103 0.0000010532
104 0.0000010321
105 0.0000010117
106 0.0000009919
107 0.0000009727
108 0.0000009541
109 0.0000009361
110 0.0000009186
111 0.0000009016
112 0.0000008852
113 0.0000008692
114 0.0000008537
115 0.0000008387
116 0.0000008241
117 0.0000008099
118 0.0000007961
119 0.0000007827
120 0.0000007697
121 0.0000007570
122 0.0000007447
123 0.0000007328
124 0.0000007211
125 0.0000007098
126 0.0000006988
127 0.0000006881
128 0.0000006776
129 0.0000006675
130 0.0000006576
131 0.0000006479
132 0.0000006385
133 0.0000006294
134 0.0000006205
135 0.0000006118
136 0.0000006033
137 0.0000005950
138 0.0000005870
139 0.0000005791
140 0.0000005714
141 0.0000005639
142 0.0000005566
143 0.0000005495
144 0.0000005425
145 0.0000005357
146 0.0000005291
147 0.0000005226
148 0.0000005163
149 0.0000005101
150 0.0000005040
151 0.0000004981
152 0.0000004923
153 0.0000004866
154 0.0000004811
155 0.0000004757
156 0.0000004704
157 0.0000004652
158 0.0000004601
159 0.0000004552
160 0.0000004503
161 0.0000004455
162 0.0000004409
163 0.0000004363
164 0.0000004318
165 0.0000004274
166 0.0000004231
167 0.0000004189
168 0.0000004148
169 0.0000004108
170 0.0000004068
171 0.0000004029
172 0.0000003991
173 0.0000003953
174 0.0000003917
175 0.0000003881
176 0.0000003845
177 0.0000003811
178 0.0000003776
179 0.0000003743
180 0.0000003710
181 0.0000003678
182 0.0000003646
183 0.0000003615
184 0.0000003584
185 0.0000003554
186 0.0000003525
187 0.0000003496
188 0.0000003467
189 0.0000003439
190 0.0000003412
191 0.0000003384
192 0.0000003358
193 0.0000003331
194 0.0000003306
195 0.0000003280
196 0.0000003255
197 0.0000003231
198 0.0000003206
199 0.0000003183
200 0.0000003159
201 0.0000003136
202 0.0000003113
203 0.0000003091
204 0.0000003069
205 0.0000003047
206 0.0000003025
207 0.0000003004
208 0.0000002984
209 0.0000002963
210 0.0000002943
211 0.0000002923
212 0.0000002903
213 0.0000002884
214 0.0000002865
215 0.0000002846
216 0.0000002827
217 0.0000002809
218 0.0000002791
219 0.0000002773
220 0.0000002756
221 0.0000002738
222 0.0000002721
223 0.0000002704
224 0.0000002688
225 0.0000002671
226 0.0000002655
227 0.0000002639
228 0.0000002623
229 0.0000002607
230 0.0000002592
231 0.0000002577
232 0.0000002561
233 0.0000002547
234 0.0000002532
235 0.0000002517
236 0.0000002503
237 0.0000002489
238 0.0000002475
239 0.0000002461
240 0.0000002447
241 0.0000002434
242 0.0000002420
243 0.0000002407
244 0.0000002394
245 0.0000002381
246 0.0000002368
247 0.0000002355
248 0.0000002343
249 0.0000002331
250 0.0000002318
251 0.0000002306
252 0.0000002294
253 0.0000002282
254 0.0000002271
255 0.0000002259
256 0.0000002247
257 0.0000002236
258 0.0000002225
259 0.0000002214
260 0.0000002203
261 0.0000002192
262 0.0000002181
263 0.0000002170
264 0.0000002160
265 0.0000002149
266 0.0000002139
267 0.0000002128
268 0.0000002118
269 0.0000002108
270 0.0000002098
271 0.0000002088
272 0.0000002078
273 0.0000002069
274 0.0000002059
275 0.0000002050
276 0.0000002040
277 0.0000002031
278 0.0000002021
279 0.0000002012
280 0.0000002003
281 0.0000001994
282 0.0000001985
283 0.0000001976
284 0.0000001967
285 0.0000001959
286 0.0000001950
287 0.0000001942
288 0.0000001933
289 0.0000001925
290 0.0000001916
291 0.0000001908
292 0.0000001900
293 0.0000001892
294 0.0000001884
295 0.0000001876
296 0.0000001868
297 0.0000001860
298 0.0000001852
299 0.0000001844
300 0.0000001837
301 0.0000001829
302 0.0000001821
303 0.0000001814
304 0.0000001807
305 0.0000001799
306 0.0000001792
307 0.0000001785
308 0.0000001777
309 0.0000001770
310 0.0000001763
311 0.0000001756
312 0.0000001749
313 0.0000001742
314 0.0000001735
315 0.0000001728
316 0.0000001722
317 0.0000001715
318 0.0000001708
319 0.0000001702
320 0.0000001695
321 0.0000001689
322 0.0000001682
323 0.0000001676
324 0.0000001669
325 0.0000001663
326 0.0000001657
327 0.0000001650
328 0.0000001644
329 0.0000001638
330 0.0000001632
331 0.0000001626
332 0.0000001620
333 0.0000001614
334 0.0000001608
335 0.0000001602
336 0.0000001596
337 0.0000001590
338 0.0000001584
339 0.0000001579
340 0.0000001573
341 0.0000001567
342 0.0000001562
343 0.0000001556
344 0.0000001551
345 0.0000001545
346 0.0000001540
347 0.0000001534
348 0.0000001529
349 0.0000001523
350 0.0000001518
351 0.0000001513
352 0.0000001507
353 0.0000001502
354 0.0000001497
355 0.0000001492
356 0.0000001487
357 0.0000001482
358 0.0000001477
359 0.0000001472
360 0.0000001467
361 0.0000001462
362 0.0000001457
363 0.0000001452
364 0.0000001447
365 0.0000001442
366 0.0000001437
367 0.0000001432
368 0.0000001428
369 0.0000001423
370 0.0000001418
371 0.0000001414
372 0.0000001409
373 0.0000001404
374 0.0000001400
375 0.0000001395
376 0.0000001391
377 0.0000001386
378 0.0000001382
379 0.0000001377
380 0.0000001373
381 0.0000001368
382 0.0000001364
383 0.0000001360
384 0.0000001355
385 0.0000001351
386 0.0000001347
387 0.0000001342
388 0.0000001338
389 0.0000001334
390 0.0000001330
391 0.0000001326
392 0.0000001322
393 0.0000001317
394 0.0000001313
395 0.0000001309
396 0.0000001305
397 0.0000001301
398 0.0000001297
399 0.0000001293
400 0.0000001289
401 0.0000001285
402 0.0000001282
403 0.0000001278
404 0.0000001274
405 0.0000001270
406 0.0000001266
407 0.0000001262
408 0.0000001259
409 0.0000001255
410 0.0000001251
411 0.0000001247
412 0.0000001244
413 0.0000001240
414 0.0000001236
415 0.0000001233
416 0.0000001229
417 0.0000001226
418 0.0000001222
419 0.0000001218
420 0.0000001215
421 0.0000001211
422 0.0000001208
423 0.0000001204
424 0.0000001201
425 0.0000001197
426 0.0000001194
427 0.0000001191
428 0.0000001187
429 0.0000001184
430 0.0000001180
431 0.0000001177
432 0.0000001174
433 0.0000001171
434 0.0000001167
435 0.0000001164
436 0.0000001161
437 0.0000001157
438 0.0000001154
439 0.0000001151
440 0.0000001148
441 0.0000001145
442 0.0000001141
443 0.0000001138
444 0.0000001135
445 0.0000001132
446 0.0000001129
447 0.0000001126
448 0.0000001123
449 0.0000001120
450 0.0000001117
451 0.0000001114
452 0.0000001111
453 0.0000001108
454 0.0000001105
455 0.0000001102
456 0.0000001099
457 0.0000001096
458 0.0000001093
459 0.0000001090
460 0.0000001087
461 0.0000001084
462 0.0000001081
463 0.0000001079
464 0.0000001076
465 0.0000001073
466 0.0000001070
467 0.0000001067
468 0.0000001065
469 0.0000001062
470 0.0000001059
471 0.0000001056
472 0.0000001054
473 0.0000001051
474 0.0000001048
475 0.0000001045
476 0.0000001043
477 0.0000001040
478 0.0000001037
479 0.0000001035
480 0.0000001032
481 0.0000001030
482 0.0000001027
483 0.0000001024
484 0.0000001022
485 0.0000001019
486 0.0000001017
487 0.0000001014
488 0.0000001012
489 0.0000001009
490 0.0000001006
491 0.0000001004
492 0.0000001001
493 0.0000000999
494 0.0000000997
495 0.0000000994
496 0.0000000992
497 0.0000000989
498 0.0000000987
499 0.0000000984
500 0.0000000982
501 0.0000000980
502 0.0000000977
503 0.0000000975
504 0.0000000972
505 0.0000000970
506 0.0000000968
507 0.0000000965
508 0.0000000963
509 0.0000000961
510 0.0000000958
511 0.0000000956
512 0.0000000954
513 0.0000000952
514 0.0000000949
515 0.0000000947
516 0.0000000945
517 0.0000000943
518 0.0000000940
519 0.0000000938
520 0.0000000936
521 0.0000000934
522 0.0000000932
523 0.0000000929
524 0.0000000927
525 0.0000000925
526 0.0000000923
527 0.0000000921
528 0.0000000919
529 0.0000000917
530 0.0000000914
531 0.0000000912
532 0.0000000910
533 0.0000000908
534 0.0000000906
535 0.0000000904
536 0.0000000902
537 0.0000000900
538 0.0000000898
539 0.0000000896
540 0.0000000894
541 0.0000000892
542 0.0000000890
543 0.0000000888
544 0.0000000886
545 0.0000000884
546 0.0000000882
547 0.0000000880
548 0.0000000878
549 0.0000000876
550 0.0000000874
551 0.0000000872
552 0.0000000870
553 0.0000000868
554 0.0000000866
555 0.0000000864
556 0.0000000862
557 0.0000000860
558 0.0000000859
559 0.0000000857
560 0.0000000855
561 0.0000000853
562 0.0000000851
563 0.0000000849
564 0.0000000847
565 0.0000000846
566 0.0000000844
567 0.0000000842
568 0.0000000840
569 0.0000000838
570 0.0000000836
571 0.0000000835
572 0.0000000833
573 0.0000000831
574 0.0000000829
575 0.0000000828
576 0.0000000826
577 0.0000000824
578 0.0000000822
579 0.0000000821
580 0.0000000819
581 0.0000000817
582 0.0000000815
583 0.0000000814
584 0.0000000812
585 0.0000000810
586 0.0000000809
587 0.0000000807
588 0.0000000805
589 0.0000000804
590 0.0000000802
591 0.0000000800
592 0.0000000799
593 0.0000000797
594 0.0000000795
595 0.0000000794
596 0.0000000792
597 0.0000000790
598 0.0000000789
599 0.0000000787
600 0.0000000785
601 0.0000000784
602 0.0000000782
603 0.0000000781
604 0.0000000779
605 0.0000000778
606 0.0000000776
607 0.0000000774
608 0.0000000773
609 0.0000000771
610 0.0000000770
611 0.0000000768
612 0.0000000767
613 0.0000000765
614 0.0000000764
615 0.0000000762
616 0.0000000761
617 0.0000000759
618 0.0000000757
619 0.0000000756
620 0.0000000754
621 0.0000000753
622 0.0000000752
623 0.0000000750
624 0.0000000749
625 0.0000000747
626 0.0000000746
627 0.0000000744
628 0.0000000743
629 0.0000000741
630 0.0000000740
631 0.0000000738
632 0.0000000737
633 0.0000000736
634 0.0000000734
635 0.0000000733
636 0.0000000731
637 0.0000000730
638 0.0000000728
639 0.0000000727
640 0.0000000726
641 0.0000000724
642 0.0000000723
643 0.0000000721
644 0.0000000720
645 0.0000000719
646 0.0000000717
647 0.0000000716
648 0.0000000715
649 0.0000000713
650 0.0000000712
651 0.0000000711
652 0.0000000709
653 0.0000000708
654 0.0000000707
655 0.0000000705
656 0.0000000704
657 0.0000000703
658 0.0000000701
659 0.0000000700
660 0.0000000699
661 0.0000000697
662 0.0000000696
663 0.0000000695
664 0.0000000694
665 0.0000000692
666 0.0000000691
667 0.0000000690
668 0.0000000688
669 0.0000000687
670 0.0000000686
671 0.0000000685
672 0.0000000683
673 0.0000000682
674 0.0000000681
675 0.0000000680
676 0.0000000678
677 0.0000000677
678 0.0000000676
679 0.0000000675
680 0.0000000674
681 0.0000000672
682 0.0000000671
683 0.0000000670
684 0.0000000669
685 0.0000000667
686 0.0000000666
687 0.0000000665
688 0.0000000664
689 0.0000000663
690 0.0000000662
691 0.0000000660
692 0.0000000659
693 0.0000000658
694 0.0000000657
695 0.0000000656
696 0.0000000655
697 0.0000000653
698 0.0000000652
699 0.0000000651
700 0.0000000650
701 0.0000000649
702 0.0000000648
703 0.0000000646
704 0.0000000645
705 0.0000000644
706 0.0000000643
707 0.0000000642
708 0.0000000641
709 0.0000000640
710 0.0000000639
711 0.0000000638
712 0.0000000636
713 0.0000000635
714 0.0000000634
715 0.0000000633
716 0.0000000632
717 0.0000000631
718 0.0000000630
719 0.0000000629
720 0.0000000628
721 0.0000000627
722 0.0000000626
723 0.0000000625
724 0.0000000623
725 0.0000000622
726 0.0000000621
727 0.0000000620
728 0.0000000619
729 0.0000000618
730 0.0000000617
731 0.0000000616
732 0.0000000615
733 0.0000000614
734 0.0000000613
735 0.0000000612
736 0.0000000611
737 0.0000000610
738 0.0000000609
739 0.0000000608
740 0.0000000607
741 0.0000000606
742 0.0000000605
743 0.0000000604
744 0.0000000603
745 0.0000000602
746 0.0000000601
747 0.0000000600
748 0.0000000599
749 0.0000000598
750 0.0000000597
751 0.0000000596
752 0.0000000595
753 0.0000000594
754 0.0000000593
755 0.0000000592
756 0.0000000591
757 0.0000000590
758 0.0000000589
759 0.0000000588
760 0.0000000587
761 0.0000000586
762 0.0000000585
763 0.0000000584
764 0.0000000583
765 0.0000000583
766 0.0000000582
767 0.0000000581
768 0.0000000580
769 0.0000000579
770 0.0000000578
771 0.0000000577
772 0.0000000576
773 0.0000000575
774 0.0000000574
775 0.0000000573
776 0.0000000572
777 0.0000000571
778 0.0000000571
779 0.0000000570
780 0.0000000569
781 0.0000000568
782 0.0000000567
783 0.0000000566
784 0.0000000565
785 0.0000000564
786 0.0000000563
787 0.0000000562
788 0.0000000562
789 0.0000000561
790 0.0000000560
791 0.0000000559
792 0.0000000558
793 0.0000000557
794 0.0000000556
795 0.0000000556
796 0.0000000555
797 0.0000000554
798 0.0000000553
799 0.0000000552
800 0.0000000551
801 0.0000000550
802 0.0000000550
803 0.0000000549
804 0.0000000548
805 0.0000000547
806 0.0000000546
807 0.0000000545
808 0.0000000544
809 0.0000000544
810 0.0000000543
811 0.0000000542
812 0.0000000541
813 0.0000000540
814 0.0000000540
815 0.0000000539
816 0.0000000538
817 0.0000000537
818 0.0000000536
819 0.0000000535
820 0.0000000535
821 0.0000000534
822 0.0000000533
823 0.0000000532
824 0.0000000531
825 0.0000000531
826 0.0000000530
827 0.0000000529
828 0.0000000528
829 0.0000000527
830 0.0000000527
831 0.0000000526
832 0.0000000525
833 0.0000000524
834 0.0000000524
835 0.0000000523
836 0.0000000522
837 0.0000000521
838 0.0000000520
839 0.0000000520
840 0.0000000519
841 0.0000000518
842 0.0000000517
843 0.0000000517
844 0.0000000516
845 0.0000000515
846 0.0000000514
847 0.0000000514
848 0.0000000513
849 0.0000000512
850 0.0000000511
851 0.0000000511
852 0.0000000510
853 0.0000000509
854 0.0000000508
855 0.0000000508
856 0.0000000507
857 0.0000000506
858 0.0000000506
859 0.0000000505
860 0.0000000504
861 0.0000000503
862 0.0000000503
863 0.0000000502
864 0.0000000501
865 0.0000000500
866 0.0000000500
867 0.0000000499
868 0.0000000498
869 0.0000000498
870 0.0000000497
871 0.0000000496
872 0.0000000495
873 0.0000000495
874 0.0000000494
875 0.0000000493
876 0.0000000493
877 0.0000000492
878 0.0000000491
879 0.0000000491
880 0.0000000490
881 0.0000000489
882 0.0000000489
883 0.0000000488
884 0.0000000487
885 0.0000000486
886 0.0000000486
887 0.0000000485
888 0.0000000484
889 0.0000000484
890 0.0000000483
891 0.0000000482
892 0.0000000482
893 0.0000000481
894 0.0000000480
895 0.0000000480
896 0.0000000479
897 0.0000000478
898 0.0000000478
899 0.0000000477
900 0.0000000476
901 0.0000000476
902 0.0000000475
903 0.0000000474
904 0.0000000474
905 0.0000000473
906 0.0000000473
907 0.0000000472
908 0.0000000471
909 0.0000000471
910 0.0000000470
911 0.0000000469
912 0.0000000469
913 0.0000000468
914 0.0000000467
915 0.0000000467
916 0.0000000466
917 0.0000000466
918 0.0000000465
919 0.0000000464
920 0.0000000464
921 0.0000000463
922 0.0000000462
923 0.0000000462
924 0.0000000461
925 0.0000000461
926 0.0000000460
927 0.0000000459
928 0.0000000459
929 0.0000000458
930 0.0000000457
931 0.0000000457
932 0.0000000456
933 0.0000000456
934 0.0000000455
935 0.0000000454
936 0.0000000454
937 0.0000000453
938 0.0000000453
939 0.0000000452
940 0.0000000451
941 0.0000000451
942 0.0000000450
943 0.0000000450
944 0.0000000449
945 0.0000000448
946 0.0000000448
947 0.0000000447
948 0.0000000447
949 0.0000000446
950 0.0000000446
951 0.0000000445
952 0.0000000444
953 0.0000000444
954 0.0000000443
955 0.0000000443
956 0.0000000442
957 0.0000000441
958 0.0000000441
959 0.0000000440
960 0.0000000440
961 0.0000000439
962 0.0000000439
963 0.0000000438
964 0.0000000438
965 0.0000000437
966 0.0000000436
967 0.0000000436
968 0.0000000435
969 0.0000000435
970 0.0000000434
971 0.0000000434
972 0.0000000433
973 0.0000000432
974 0.0000000432
975 0.0000000431
976 0.0000000431
977 0.0000000430
978 0.0000000430
979 0.0000000429
980 0.0000000429
981 0.0000000428
982 0.0000000428
983 0.0000000427
984 0.0000000426
985 0.0000000426
986 0.0000000425
987 0.0000000425
988 0.0000000424
989 0.0000000424
990 0.0000000423
991 0.0000000423
992 0.0000000422
993 0.0000000422
994 0.0000000421
995 0.0000000421
996 0.0000000420
997 0.0000000420
998 0.0000000419
999 0.0000000419
1000 0.0000000418
1001 0.0000000417
1002 0.0000000417
1003 0.0000000416
1004 0.0000000416
1005 0.0000000415
1006 0.0000000415
1007 0.0000000414
1008 0.0000000414
1009 0.0000000413
1010 0.0000000413
1011 0.0000000412
1012 0.0000000412
1013 0.0000000411
1014 0.0000000411
1015 0.0000000410
1016 0.0000000410
1017 0.0000000409
1018 0.0000000409
1019 0.0000000408
1020 0.0000000408
1021 0.0000000407
1022 0.0000000407
1023 0.0000000406
1024 0.0000000406
1025 0.0000000405
1026 0.0000000405
1027 0.0000000404
1028 0.0000000404
1029 0.0000000403
1030 0.0000000403
1031 0.0000000402
1032 0.0000000402
1033 0.0000000401
1034 0.0000000401
1035 0.0000000400
1036 0.0000000400
1037 0.0000000400
1038 0.0000000399
1039 0.0000000399
1040 0.0000000398
1041 0.0000000398
1042 0.0000000397
1043 0.0000000397
1044 0.0000000396
1045 0.0000000396
1046 0.0000000395
1047 0.0000000395
1048 0.0000000394
1049 0.0000000394
1050 0.0000000393
1051 0.0000000393
1052 0.0000000392
1053 0.0000000392
1054 0.0000000392
1055 0.0000000391
1056 0.0000000391
1057 0.0000000390
1058 0.0000000390
1059 0.0000000389
1060 0.0000000389
1061 0.0000000388
1062 0.0000000388
1063 0.0000000387
1064 0.0000000387
1065 0.0000000386
1066 0.0000000386
1067 0.0000000386
1068 0.0000000385
1069 0.0000000385
1070 0.0000000384
1071 0.0000000384
1072 0.0000000383
1073 0.0000000383
1074 0.0000000382
1075 0.0000000382
1076 0.0000000382
1077 0.0000000381
1078 0.0000000381
1079 0.0000000380
1080 0.0000000380
1081 0.0000000379
1082 0.0000000379
1083 0.0000000378
1084 0.0000000378
1085 0.0000000378
1086 0.0000000377
1087 0.0000000377
1088 0.0000000376
1089 0.0000000376
1090 0.0000000375
1091 0.0000000375
1092 0.0000000375
1093 0.0000000374
1094 0.0000000374
1095 0.0000000373
1096 0.0000000373
1097 0.0000000372
1098 0.0000000372
1099 0.0000000372
1100 0.0000000371
1101 0.0000000371
1102 0.0000000370
1103 0.0000000370
1104 0.0000000370
1105 0.0000000369
1106 0.0000000369
1107 0.0000000368
1108 0.0000000368
1109 0.0000000367
1110 0.0000000367
1111 0.0000000367
1112 0.0000000366
1113 0.0000000366
1114 0.0000000365
1115 0.0000000365
1116 0.0000000365
1117 0.0000000364
1118 0.0000000364
1119 0.0000000363
1120 0.0000000363
1121 0.0000000363
1122 0.0000000362
1123 0.0000000362
1124 0.0000000361
1125 0.0000000361
1126 0.0000000361
1127 0.0000000360
1128 0.0000000360
1129 0.0000000359
1130 0.0000000359
1131 0.0000000359
1132 0.0000000358
1133 0.0000000358
1134 0.0000000357
1135 0.0000000357
1136 0.0000000357
1137 0.0000000356
1138 0.0000000356
1139 0.0000000355
1140 0.0000000355
1141 0.0000000355
1142 0.0000000354
1143 0.0000000354
1144 0.0000000353
1145 0.0000000353
1146 0.0000000353
1147 0.0000000352
1148 0.0000000352
1149 0.0000000351
1150 0.0000000351
1151 0.0000000351
1152 0.0000000350
1153 0.0000000350
1154 0.0000000350
1155 0.0000000349
1156 0.0000000349
1157 0.0000000348
1158 0.0000000348
1159 0.0000000348
1160 0.0000000347
1161 0.0000000347
1162 0.0000000347
1163 0.0000000346
1164 0.0000000346
1165 0.0000000345
1166 0.0000000345
1167 0.0000000345
1168 0.0000000344
1169 0.0000000344
1170 0.0000000344
1171 0.0000000343
1172 0.0000000343
1173 0.0000000343
1174 0.0000000342
1175 0.0000000342
1176 0.0000000341
1177 0.0000000341
1178 0.0000000341
1179 0.0000000340
1180 0.0000000340
1181 0.0000000340
1182 0.0000000339
1183 0.0000000339
1184 0.0000000339
1185 0.0000000338
1186 0.0000000338
1187 0.0000000337
1188 0.0000000337
1189 0.0000000337
1190 0.0000000336
1191 0.0000000336
1192 0.0000000336
1193 0.0000000335
1194 0.0000000335
1195 0.0000000335
1196 0.0000000334
1197 0.0000000334
1198 0.0000000334
1199 0.0000000333
1200 0.0000000333
1201 0.0000000333
1202 0.0000000332
1203 0.0000000332
1204 0.0000000331
1205 0.0000000331
1206 0.0000000331
1207 0.0000000330
1208 0.0000000330
1209 0.0000000330
1210 0.0000000329
1211 0.0000000329
1212 0.0000000329
1213 0.0000000328
1214 0.0000000328
1215 0.0000000328
1216 0.0000000327
1217 0.0000000327
1218 0.0000000327
1219 0.0000000326
1220 0.0000000326
1221 0.0000000326
1222 0.0000000325
1223 0.0000000325
1224 0.0000000325
1225 0.0000000324
1226 0.0000000324
1227 0.0000000324
1228 0.0000000323
1229 0.0000000323
1230 0.0000000323
1231 0.0000000322
1232 0.0000000322
1233 0.0000000322
1234 0.0000000321
1235 0.0000000321
1236 0.0000000321
1237 0.0000000320
1238 0.0000000320
1239 0.0000000320
1240 0.0000000319
1241 0.0000000319
1242 0.0000000319
1243 0.0000000318
1244 0.0000000318
1245 0.0000000318
1246 0.0000000317
1247 0.0000000317
1248 0.0000000317
1249 0.0000000317
1250 0.0000000316
1251 0.0000000316
1252 0.0000000316
1253 0.0000000315
1254 0.0000000315
1255 0.0000000315
1256 0.0000000314
1257 0.0000000314
1258 0.0000000314
1259 0.0000000313
1260 0.0000000313
1261 0.0000000313
1262 0.0000000312
1263 0.0000000312
1264 0.0000000312
1265 0.0000000311
1266 0.0000000311
1267 0.0000000311
1268 0.0000000311
1269 0.0000000310
1270 0.0000000310
1271 0.0000000310
1272 0.0000000309
1273 0.0000000309
1274 0.0000000309
1275 0.0000000308
1276 0.0000000308
1277 0.0000000308
1278 0.0000000307
1279 0.0000000307
1280 0.0000000307
1281 0.0000000307
1282 0.0000000306
1283 0.0000000306
1284 0.0000000306
1285 0.0000000305
1286 0.0000000305
1287 0.0000000305
1288 0.0000000304
1289 0.0000000304
1290 0.0000000304
1291 0.0000000304
1292 0.0000000303
1293 0.0000000303
1294 0.0000000303
1295 0.0000000302
1296 0.0000000302
1297 0.0000000302
1298 0.0000000301
1299 0.0000000301
1300 0.0000000301
1301 0.0000000301
1302 0.0000000300
1303 0.0000000300
1304 0.0000000300
1305 0.0000000299
1306 0.0000000299
1307 0.0000000299
1308 0.0000000299
1309 0.0000000298
1310 0.0000000298
1311 0.0000000298
1312 0.0000000297
1313 0.0000000297
1314 0.0000000297
1315 0.0000000297
1316 0.0000000296
1317 0.0000000296
1318 0.0000000296
1319 0.0000000295
1320 0.0000000295
1321 0.0000000295
1322 0.0000000295
1323 0.0000000294
1324 0.0000000294
1325 0.0000000294
1326 0.0000000293
1327 0.0000000293
1328 0.0000000293
1329 0.0000000293
1330 0.0000000292
1331 0.0000000292
1332 0.0000000292
1333 0.0000000291
1334 0.0000000291
1335 0.0000000291
1336 0.0000000291
1337 0.0000000290
1338 0.0000000290
1339 0.0000000290
1340 0.0000000289
1341 0.0000000289
1342 0.0000000289
1343 0.0000000289
1344 0.0000000288
1345 0.0000000288
1346 0.0000000288
1347 0.0000000288
1348 0.0000000287
1349 0.0000000287
1350 0.0000000287
1351 0.0000000286
1352 0.0000000286
1353 0.0000000286
1354 0.0000000286
1355 0.0000000285
1356 0.0000000285
1357 0.0000000285
1358 0.0000000285
1359 0.0000000284
1360 0.0000000284
1361 0.0000000284
1362 0.0000000284
1363 0.0000000283
1364 0.0000000283
1365 0.0000000283
1366 0.0000000282
1367 0.0000000282
1368 0.0000000282
1369 0.0000000282
1370 0.0000000281
1371 0.0000000281
1372 0.0000000281
1373 0.0000000281
1374 0.0000000280
1375 0.0000000280
1376 0.0000000280
1377 0.0000000280
1378 0.0000000279
1379 0.0000000279
1380 0.0000000279
1381 0.0000000279
1382 0.0000000278
1383 0.0000000278
1384 0.0000000278
1385 0.0000000277
1386 0.0000000277
1387 0.0000000277
1388 0.0000000277
1389 0.0000000276
1390 0.0000000276
1391 0.0000000276
1392 0.0000000276
1393 0.0000000275
1394 0.0000000275
1395 0.0000000275
1396 0.0000000275
1397 0.0000000274
1398 0.0000000274
1399 0.0000000274
1400 0.0000000274
1401 0.0000000273
1402 0.0000000273
1403 0.0000000273
1404 0.0000000273
1405 0.0000000272
1406 0.0000000272
1407 0.0000000272
1408 0.0000000272
1409 0.0000000271
1410 0.0000000271
1411 0.0000000271
1412 0.0000000271
1413 0.0000000270
1414 0.0000000270
1415 0.0000000270
1416 0.0000000270
1417 0.0000000269
1418 0.0000000269
1419 0.0000000269
1420 0.0000000269
1421 0.0000000268
1422 0.0000000268
1423 0.0000000268
1424 0.0000000268
1425 0.0000000267
1426 0.0000000267
1427 0.0000000267
1428 0.0000000267
1429 0.0000000266
1430 0.0000000266
1431 0.0000000266
1432 0.0000000266
1433 0.0000000265
1434 0.0000000265
1435 0.0000000265
1436 0.0000000265
1437 0.0000000264
1438 0.0000000264
1439 0.0000000264
1440 0.0000000264
1441 0.0000000263
1442 0.0000000263
1443 0.0000000263
1444 0.0000000263
1445 0.0000000262
1446 0.0000000262
1447 0.0000000262
1448 0.0000000262
1449 0.0000000262
1450 0.0000000261
1451 0.0000000261
1452 0.0000000261
1453 0.0000000261
1454 0.0000000260
1455 0.0000000260
1456 0.0000000260
1457 0.0000000260
1458 0.0000000259
1459 0.0000000259
1460 0.0000000259
1461 0.0000000259
1462 0.0000000258
1463 0.0000000258
1464 0.0000000258
1465 0.0000000258
1466 0.0000000257
1467 0.0000000257
1468 0.0000000257
1469 0.0000000257
1470 0.0000000257
1471 0.0000000256
1472 0.0000000256
1473 0.0000000256
1474 0.0000000256
1475 0.0000000255
1476 0.0000000255
1477 0.0000000255
1478 0.0000000255
1479 0.0000000254
1480 0.0000000254
1481 0.0000000254
1482 0.0000000254
1483 0.0000000253
1484 0.0000000253
1485 0.0000000253
1486 0.0000000253
1487 0.0000000253
1488 0.0000000252
1489 0.0000000252
1490 0.0000000252
1491 0.0000000252
1492 0.0000000251
1493 0.0000000251
1494 0.0000000251
1495 0.0000000251
1496 0.0000000250
1497 0.0000000250
1498 0.0000000250
1499 0.0000000250
1500 0.0000000249
1501 0.0000000249
1502 0.0000000249
1503 0.0000000249
1504 0.0000000249
1505 0.0000000248
1506 0.0000000248
1507 0.0000000248
1508 0.0000000248
1509 0.0000000247
1510 0.0000000247
1511 0.0000000247
1512 0.0000000247
1513 0.0000000246
1514 0.0000000246
1515 0.0000000246
1516 0.0000000246
1517 0.0000000246
1518 0.0000000245
1519 0.0000000245
1520 0.0000000245
1521 0.0000000245
1522 0.0000000244
1523 0.0000000244
1524 0.0000000244
1525 0.0000000244
1526 0.0000000243
1527 0.0000000243
1528 0.0000000243
1529 0.0000000243
1530 0.0000000242
1531 0.0000000242
1532 0.0000000242
1533 0.0000000242
1534 0.0000000242
1535 0.0000000241
1536 0.0000000241
1537 0.0000000241
1538 0.0000000241
1539 0.0000000240
1540 0.0000000240
1541 0.0000000240
1542 0.0000000240
1543 0.0000000239
1544 0.0000000239
1545 0.0000000239
1546 0.0000000239
1547 0.0000000238
1548 0.0000000238
1549 0.0000000238
1550 0.0000000238
1551 0.0000000237
1552 0.0000000237
1553 0.0000000237
1554 0.0000000237
1555 0.0000000236
1556 0.0000000236
1557 0.0000000236
1558 0.0000000236
1559 0.0000000235
1560 0.0000000235
1561 0.0000000235
1562 0.0000000235
1563 0.0000000234
1564 0.0000000234
1565 0.0000000234
1566 0.0000000234
1567 0.0000000233
1568 0.0000000233
1569 0.0000000233
1570 0.0000000232
1571 0.0000000232
1572 0.0000000232
1573 0.0000000232
1574 0.0000000231
1575 0.0000000231
1576 0.0000000231
1577 0.0000000230
1578 0.0000000230
1579 0.0000000230
1580 0.0000000229
1581 0.0000000229
1582 0.0000000229
1583 0.0000000228
1584 0.0000000228
1585 0.0000000227
1586 0.0000000227
1587 0.0000000226
1588 0.0000000226
1589 0.0000000225
1590 0.0000000224
1591 0.0000000223
1592 0.0000000222
1593 0.0000000221
1594 0.0000000219
1595 0.0000000215
1596 0.0000000209
1597 0.0000000186
1598 0.0000000000
