1 2000
0 0.9895952320
1 0.0031998944
2 0.0012972783
3 0.0008795985
4 0.0006288613
5 0.0004809904
6 0.0003846127
7 0.0003164297
8 0.0002657238
9 0.0002267078
10 0.0001958817
11 0.0001709992
12 0.0001505591
13 0.0001335232
14 0.0001191510
15 0.0001069001
16 0.0000963643
17 0.0000872331
18 0.0000792655
19 0.0000722714
20 0.0000660988
21 0.0000606253
22 0.0000557507
23 0.0000513924
24 0.0000474819
25 0.0000439617
26 0.0000407835
27 0.0000379060
28 0.0000352942
29 0.0000329179
30 0.0000307512
31 0.0000287715
32 0.0000269591
33 0.0000252970
34 0.0000237700
35 0.0000223649
36 0.0000210700
37 0.0000198749
38 0.0000187705
39 0.0000177484
40 0.0000168014
41 0.0000159228
42 0.0000151069
43 0.0000143483
44 0.0000136421
45 0.0000129842
46 0.0000123706
47 0.0000117977
48 0.0000112623
49 0.0000107616
50 0.0000102929
51 0.0000098537
52 0.0000094419
53 0.0000090553
54 0.0000086923
55 0.0000083510
56 0.0000080299
57 0.0000077276
58 0.0000074427
59 0.0000071742
60 0.0000069207
61 0.0000066814
62 0.0000064553
63 0.0000062414
64 0.0000060391
65 0.0000058474
66 0.0000056658
67 0.0000054936
68 0.0000053303
69 0.0000051751
70 0.0000050277
71 0.0000048875
72 0.0000047542
73 0.0000046272
74 0.0000045063
75 0.0000043910
76 0.0000042810
77 0.0000041760
78 0.0000040758
79 0.0000039800
80 0.0000038884
81 0.0000038007
82 0.0000037168
83 0.0000036363
84 0.0000035592
85 0.0000034853
86 0.0000034143
87 0.0000033462
88 0.0000032807
89 0.0000032177
90 0.0000031571
91 0.0000030988
92 0.0000030426
93 0.0000029885
94 0.0000029363
95 0.0000028859
96 0.0000028373
97 0.0000027904
98 0.0000027450
99 0.0000027011
100 0.0000026587
101 0.0000026176
102 0.0000025779
103 0.0000025393
104 0.0000025020
105 0.0000024658
106 0.0000024306
107 0.0000023965
108 0.0000023634
109 0.0000023312
110 0.0000022999
111 0.0000022695
112 0.0000022399
113 0.0000022111
114 0.0000021830
115 0.0000021557
116 0.0000021291
117 0.0000021031
118 0.0000020778
119 0.0000020531
120 0.0000020290
121 0.0000020054
122 0.0000019824
123 0.0000019600
124 0.0000019380
125 0.0000019165
126 0.0000018955
127 0.0000018750
128 0.0000018549
129 0.0000018352
130 0.0000018159
131 0.0000017971
132 0.0000017786
133 0.0000017604
134 0.0000017427
135 0.0000017252
136 0.0000017081
137 0.0000016914
138 0.0000016749
139 0.0000016587
140 0.0000016429
141 0.0000016273
142 0.0000016120
143 0.0000015970
144 0.0000015822
145 0.0000015677
146 0.0000015534
147 0.0000015393
148 0.0000015255
149 0.0000015120
150 0.0000014986
151 0.0000014855
152 0.0000014725
153 0.0000014598
154 0.0000014472
155 0.0000014349
156 0.0000014227
157 0.0000014108
158 0.0000013990
159 0.0000013873
160 0.0000013759
161 0.0000013646
162 0.0000013535
163 0.0000013425
164 0.0000013317
165 0.0000013210
166 0.0000013105
167 0.0000013001
168 0.0000012899
169 0.0000012798
170 0.0000012698
171 0.0000012600
172 0.0000012503
173 0.0000012407
174 0.0000012313
175 0.0000012219
176 0.0000012127
177 0.0000012036
178 0.0000011946
179 0.0000011858
180 0.0000011770
181 0.0000011684
182 0.0000011598
183 0.0000011514
184 0.0000011430
185 0.0000011348
186 0.0000011266
187 0.0000011186
188 0.0000011106
189 0.0000011028
190 0.0000010950
191 0.0000010873
192 0.0000010797
193 0.0000010722
194 0.0000010648
195 0.0000010575
196 0.0000010502
197 0.0000010430
198 0.0000010359
199 0.0000010289
200 0.0000010220
201 0.0000010151
202 0.0000010083
203 0.0000010016
204 0.0000009949
205 0.0000009883
206 0.0000009818
207 0.0000009754
208 0.0000009690
209 0.0000009627
210 0.0000009565
211 0.0000009503
212 0.0000009442
213 0.0000009381
214 0.0000009321
215 0.0000009262
216 0.0000009203
217 0.0000009145
218 0.0000009087
219 0.0000009030
220 0.0000008974
221 0.0000008918
222 0.0000008863
223 0.0000008808
224 0.0000008754
225 0.0000008700
226 0.0000008647
227 0.0000008594
228 0.0000008542
229 0.0000008490
230 0.0000008439
231 0.0000008388
232 0.0000008338
233 0.0000008288
234 0.0000008238
235 0.0000008190
236 0.0000008141
237 0.0000008093
238 0.0000008045
239 0.0000007998
240 0.0000007952
241 0.0000007905
242 0.0000007859
243 0.0000007814
244 0.0000007769
245 0.0000007724
246 0.0000007680
247 0.0000007636
248 0.0000007593
249 0.0000007549
250 0.0000007507
251 0.0000007464
252 0.0000007422
253 0.0000007381
254 0.0000007339
255 0.0000007298
256 0.0000007258
257 0.0000007218
258 0.0000007178
259 0.0000007138
260 0.0000007099
261 0.0000007060
262 0.0000007021
263 0.0000006983
264 0.0000006945
265 0.0000006908
266 0.0000006870
267 0.0000006833
268 0.0000006797
269 0.0000006760
270 0.0000006724
271 0.0000006688
272 0.0000006653
273 0.0000006617
274 0.0000006582
275 0.0000006548
276 0.0000006513
277 0.0000006479
278 0.0000006445
279 0.0000006412
280 0.0000006378
281 0.0000006345
282 0.0000006312
283 0.0000006280
284 0.0000006248
285 0.0000006216
286 0.0000006184
287 0.0000006152
288 0.0000006121
289 0.0000006090
290 0.0000006059
291 0.0000006028
292 0.0000005998
293 0.0000005968
294 0.0000005938
295 0.0000005908
296 0.0000005879
297 0.0000005849
298 0.0000005820
299 0.0000005791
300 0.0000005763
301 0.0000005734
302 0.0000005706
303 0.0000005678
304 0.0000005650
305 0.0000005623
306 0.0000005595
307 0.0000005568
308 0.0000005541
309 0.0000005515
310 0.0000005488
311 0.0000005462
312 0.0000005435
313 0.0000005409
314 0.0000005383
315 0.0000005358
316 0.0000005332
317 0.0000005307
318 0.0000005282
319 0.0000005257
320 0.0000005232
321 0.0000005208
322 0.0000005183
323 0.0000005159
324 0.0000005135
325 0.0000005111
326 0.0000005087
327 0.0000005063
328 0.0000005040
329 0.0000005017
330 0.0000004994
331 0.0000004971
332 0.0000004948
333 0.0000004925
334 0.0000004903
335 0.0000004880
336 0.0000004858
337 0.0000004836
338 0.0000004814
339 0.0000004793
340 0.0000004771
341 0.0000004749
342 0.0000004728
343 0.0000004707
344 0.0000004686
345 0.0000004665
346 0.0000004644
347 0.0000004624
348 0.0000004603
349 0.0000004583
350 0.0000004562
351 0.0000004542
352 0.0000004522
353 0.0000004503
354 0.0000004483
355 0.0000004463
356 0.0000004444
357 0.0000004424
358 0.0000004405
359 0.0000004386
360 0.0000004367
361 0.0000004348
362 0.0000004330
363 0.0000004311
364 0.0000004292
365 0.0000004274
366 0.0000004256
367 0.0000004238
368 0.0000004220
369 0.0000004202
370 0.0000004184
371 0.0000004166
372 0.0000004149
373 0.0000004131
374 0.0000004114
375 0.0000004096
376 0.0000004079
377 0.0000004062
378 0.0000004045
379 0.0000004028
380 0.0000004012
381 0.0000003995
382 0.0000003978
383 0.0000003962
384 0.0000003945
385 0.0000003929
386 0.0000003913
387 0.0000003897
388 0.0000003881
389 0.0000003865
390 0.0000003849
391 0.0000003834
392 0.0000003818
393 0.0000003803
394 0.0000003787
395 0.0000003772
396 0.0000003757
397 0.0000003741
398 0.0000003726
399 0.0000003711
400 0.0000003696
401 0.0000003682
402 0.0000003667
403 0.0000003652
404 0.0000003638
405 0.0000003623
406 0.0000003609
407 0.0000003595
408 0.0000003580
409 0.0000003566
410 0.0000003552
411 0.0000003538
412 0.0000003524
413 0.0000003511
414 0.0000003497
415 0.0000003483
416 0.0000003470
417 0.0000003456
418 0.0000003443
419 0.0000003429
420 0.0000003416
421 0.0000003403
422 0.0000003390
423 0.0000003377
424 0.0000003364
425 0.0000003351
426 0.0000003338
427 0.0000003325
428 0.0000003312
429 0.0000003300
430 0.0000003287
431 0.0000003275
432 0.0000003262
433 0.0000003250
434 0.0000003238
435 0.0000003225
436 0.0000003213
437 0.0000003201
438 0.0000003189
439 0.0000003177
440 0.0000003165
441 0.0000003153
442 0.0000003142
443 0.0000003130
444 0.0000003118
445 0.0000003107
446 0.0000003095
447 0.0000003084
448 0.0000003072
449 0.0000003061
450 0.0000003050
451 0.0000003038
452 0.0000003027
453 0.0000003016
454 0.0000003005
455 0.0000002994
456 0.0000002983
457 0.0000002972
458 0.0000002961
459 0.0000002951
460 0.0000002940
461 0.0000002929
462 0.0000002919
463 0.0000002908
464 0.0000002898
465 0.0000002887
466 0.0000002877
467 0.0000002866
468 0.0000002856
469 0.0000002846
470 0.0000002836
471 0.0000002826
472 0.0000002815
473 0.0000002805
474 0.0000002795
475 0.0000002786
476 0.0000002776
477 0.0000002766
478 0.0000002756
479 0.0000002746
480 0.0000002737
481 0.0000002727
482 0.0000002717
483 0.0000002708
484 0.0000002698
485 0.0000002689
486 0.0000002680
487 0.0000002670
488 0.0000002661
489 0.0000002652
490 0.0000002643
491 0.0000002633
492 0.0000002624
493 0.0000002615
494 0.0000002606
495 0.0000002597
496 0.0000002588
497 0.0000002579
498 0.0000002571
499 0.0000002562
500 0.0000002553
501 0.0000002544
502 0.0000002536
503 0.0000002527
504 0.0000002518
505 0.0000002510
506 0.0000002501
507 0.0000002493
508 0.0000002484
509 0.0000002476
510 0.0000002468
511 0.0000002459
512 0.0000002451
513 0.0000002443
514 0.0000002435
515 0.0000002426
516 0.0000002418
517 0.0000002410
518 0.0000002402
519 0.0000002394
520 0.0000002386
521 0.0000002378
522 0.0000002370
523 0.0000002362
524 0.0000002355
525 0.0000002347
526 0.0000002339
527 0.0000002331
528 0.0000002324
529 0.0000002316
530 0.0000002308
531 0.0000002301
532 0.0000002293
533 0.0000002286
534 0.0000002278
535 0.0000002271
536 0.0000002264
537 0.0000002256
538 0.0000002249
539 0.0000002242
540 0.0000002234
541 0.0000002227
542 0.0000002220
543 0.0000002213
544 0.0000002206
545 0.0000002198
546 0.0000002191
547 0.0000002184
548 0.0000002177
549 0.0000002170
550 0.0000002163
551 0.0000002156
552 0.0000002150
553 0.0000002143
554 0.0000002136
555 0.0000002129
556 0.0000002122
557 0.0000002116
558 0.0000002109
559 0.0000002102
560 0.0000002096
561 0.0000002089
562 0.0000002082
563 0.0000002076
564 0.0000002069
565 0.0000002063
566 0.0000002056
567 0.0000002050
568 0.0000002044
569 0.0000002037
570 0.0000002031
571 0.0000002024
572 0.0000002018
573 0.0000002012
574 0.0000002006
575 0.0000001999
576 0.0000001993
577 0.0000001987
578 0.0000001981
579 0.0000001975
580 0.0000001969
581 0.0000001963
582 0.0000001957
583 0.0000001951
584 0.0000001945
585 0.0000001939
586 0.0000001933
587 0.0000001927
588 0.0000001921
589 0.0000001915
590 0.0000001909
591 0.0000001904
592 0.0000001898
593 0.0000001892
594 0.0000001886
595 0.0000001881
596 0.0000001875
597 0.0000001869
598 0.0000001864
599 0.0000001858
600 0.0000001852
601 0.0000001847
602 0.0000001841
603 0.0000001836
604 0.0000001830
605 0.0000001825
606 0.0000001819
607 0.0000001814
608 0.0000001808
609 0.0000001803
610 0.0000001798
611 0.0000001792
612 0.0000001787
613 0.0000001782
614 0.0000001777
615 0.0000001771
616 0.0000001766
617 0.0000001761
618 0.0000001756
619 0.0000001750
620 0.0000001745
621 0.0000001740
622 0.0000001735
623 0.0000001730
624 0.0000001725
625 0.0000001720
626 0.0000001715
627 0.0000001710
628 0.0000001705
629 0.0000001700
630 0.0000001695
631 0.0000001690
632 0.0000001685
633 0.0000001680
634 0.0000001675
635 0.0000001671
636 0.0000001666
637 0.0000001661
638 0.0000001656
639 0.0000001651
640 0.0000001647
641 0.0000001642
642 0.0000001637
643 0.0000001633
644 0.0000001628
645 0.0000001623
646 0.0000001619
647 0.0000001614
648 0.0000001609
649 0.0000001605
650 0.0000001600
651 0.0000001596
652 0.0000001591
653 0.0000001587
654 0.0000001582
655 0.0000001578
656 0.0000001573
657 0.0000001569
658 0.0000001564
659 0.0000001560
660 0.0000001556
661 0.0000001551
662 0.0000001547
663 0.0000001543
664 0.0000001538
665 0.0000001534
666 0.0000001530
667 0.0000001525
668 0.0000001521
669 0.0000001517
670 0.0000001513
671 0.0000001508
672 0.0000001504
673 0.0000001500
674 0.0000001496
675 0.0000001492
676 0.0000001488
677 0.0000001484
678 0.0000001480
679 0.0000001475
680 0.0000001471
681 0.0000001467
682 0.0000001463
683 0.0000001459
684 0.0000001455
685 0.0000001451
686 0.0000001447
687 0.0000001443
688 0.0000001439
689 0.0000001436
690 0.0000001432
691 0.0000001428
692 0.0000001424
693 0.0000001420
694 0.0000001416
695 0.0000001412
696 0.0000001408
697 0.0000001405
698 0.0000001401
699 0.0000001397
700 0.0000001393
701 0.0000001390
702 0.0000001386
703 0.0000001382
704 0.0000001378
705 0.0000001375
706 0.0000001371
707 0.0000001367
708 0.0000001364
709 0.0000001360
710 0.0000001356
711 0.0000001353
712 0.0000001349
713 0.0000001346
714 0.0000001342
715 0.0000001338
716 0.0000001335
717 0.0000001331
718 0.0000001328
719 0.0000001324
720 0.0000001321
721 0.0000001317
722 0.0000001314
723 0.0000001310
724 0.0000001307
725 0.0000001304
726 0.0000001300
727 0.0000001297
728 0.0000001293
729 0.0000001290
730 0.0000001287
731 0.0000001283
732 0.0000001280
733 0.0000001276
734 0.0000001273
735 0.0000001270
736 0.0000001267
737 0.0000001263
738 0.0000001260
739 0.0000001257
740 0.0000001253
741 0.0000001250
742 0.0000001247
743 0.0000001244
744 0.0000001241
745 0.0000001237
746 0.0000001234
747 0.0000001231
748 0.0000001228
749 0.0000001225
750 0.0000001222
751 0.0000001218
752 0.0000001215
753 0.0000001212
754 0.0000001209
755 0.0000001206
756 0.0000001203
757 0.0000001200
758 0.0000001197
759 0.0000001194
760 0.0000001191
761 0.0000001188
762 0.0000001185
763 0.0000001182
764 0.0000001179
765 0.0000001176
766 0.0000001173
767 0.0000001170
768 0.0000001167
769 0.0000001164
770 0.0000001161
771 0.0000001158
772 0.0000001155
773 0.0000001152
774 0.0000001149
775 0.0000001146
776 0.0000001144
777 0.0000001141
778 0.0000001138
779 0.0000001135
780 0.0000001132
781 0.0000001129
782 0.0000001127
783 0.0000001124
784 0.0000001121
785 0.0000001118
786 0.0000001115
787 0.0000001113
788 0.0000001110
789 0.0000001107
790 0.0000001104
791 0.0000001102
792 0.0000001099
793 0.0000001096
794 0.0000001094
795 0.0000001091
796 0.0000001088
797 0.0000001086
798 0.0000001083
799 0.0000001080
800 0.0000001078
801 0.0000001075
802 0.0000001072
803 0.0000001070
804 0.0000001067
805 0.0000001064
806 0.0000001062
807 0.0000001059
808 0.0000001057
809 0.0000001054
810 0.0000001052
811 0.0000001049
812 0.0000001046
813 0.0000001044
814 0.0000001041
815 0.0000001039
816 0.0000001036
817 0.0000001034
818 0.0000001031
819 0.0000001029
820 0.0000001026
821 0.0000001024
822 0.0000001022
823 0.0000001019
824 0.0000001017
825 0.0000001014
826 0.0000001012
827 0.0000001009
828 0.0000001007
829 0.0000001005
830 0.0000001002
831 0.0000001000
832 0.0000000997
833 0.0000000995
834 0.0000000993
835 0.0000000990
836 0.0000000988
837 0.0000000986
838 0.0000000983
839 0.0000000981
840 0.0000000979
841 0.0000000976
842 0.0000000974
843 0.0000000972
844 0.0000000969
845 0.0000000967
846 0.0000000965
847 0.0000000963
848 0.0000000960
849 0.0000000958
850 0.0000000956
851 0.0000000954
852 0.0000000951
853 0.0000000949
854 0.0000000947
855 0.0000000945
856 0.0000000943
857 0.0000000940
858 0.0000000938
859 0.0000000936
860 0.0000000934
861 0.0000000932
862 0.0000000929
863 0.0000000927
864 0.0000000925
865 0.0000000923
866 0.0000000921
867 0.0000000919
868 0.0000000917
869 0.0000000915
870 0.0000000912
871 0.0000000910
872 0.0000000908
873 0.0000000906
874 0.0000000904
875 0.0000000902
876 0.0000000900
877 0.0000000898
878 0.0000000896
879 0.0000000894
880 0.0000000892
881 0.0000000890
882 0.0000000888
883 0.0000000886
884 0.0000000884
885 0.0000000882
886 0.0000000880
887 0.0000000878
888 0.0000000876
889 0.0000000874
890 0.0000000872
891 0.0000000870
892 0.0000000868
893 0.0000000866
894 0.0000000864
895 0.0000000862
896 0.0000000860
897 0.0000000858
898 0.0000000856
899 0.0000000854
900 0.0000000852
901 0.0000000850
902 0.0000000848
903 0.0000000846
904 0.0000000845
905 0.0000000843
906 0.0000000841
907 0.0000000839
908 0.0000000837
909 0.0000000835
910 0.0000000833
911 0.0000000831
912 0.0000000830
913 0.0000000828
914 0.0000000826
915 0.0000000824
916 0.0000000822
917 0.0000000820
918 0.0000000819
919 0.0000000817
920 0.0000000815
921 0.0000000813
922 0.0000000811
923 0.0000000810
924 0.0000000808
925 0.0000000806
926 0.0000000804
927 0.0000000803
928 0.0000000801
929 0.0000000799
930 0.0000000797
931 0.0000000795
932 0.0000000794
933 0.0000000792
934 0.0000000790
935 0.0000000789
936 0.0000000787
937 0.0000000785
938 0.0000000783
939 0.0000000782
940 0.0000000780
941 0.0000000778
942 0.0000000777
943 0.0000000775
944 0.0000000773
945 0.0000000772
946 0.0000000770
947 0.0000000768
948 0.0000000767
949 0.0000000765
950 0.0000000763
951 0.0000000762
952 0.0000000760
953 0.0000000758
954 0.0000000757
955 0.0000000755
956 0.0000000753
957 0.0000000752
958 0.0000000750
959 0.0000000749
960 0.0000000747
961 0.0000000745
962 0.0000000744
963 0.0000000742
964 0.0000000741
965 0.0000000739
966 0.0000000737
967 0.0000000736
968 0.0000000734
969 0.0000000733
970 0.0000000731
971 0.0000000730
972 0.0000000728
973 0.0000000727
974 0.0000000725
975 0.0000000724
976 0.0000000722
977 0.0000000720
978 0.0000000719
979 0.0000000717
980 0.0000000716
981 0.0000000714
982 0.0000000713
983 0.0000000711
984 0.0000000710
985 0.0000000708
986 0.0000000707
987 0.0000000705
988 0.0000000704
989 0.0000000702
990 0.0000000701
991 0.0000000700
992 0.0000000698
993 0.0000000697
994 0.0000000695
995 0.0000000694
996 0.0000000692
997 0.0000000691
998 0.0000000689
999 0.0000000688
1000 0.0000000687
1001 0.0000000685
1002 0.0000000684
1003 0.0000000682
1004 0.0000000681
1005 0.0000000679
1006 0.0000000678
1007 0.0000000677
1008 0.0000000675
1009 0.0000000674
1010 0.0000000672
1011 0.0000000671
1012 0.0000000670
1013 0.0000000668
1014 0.0000000667
1015 0.0000000666
1016 0.0000000664
1017 0.0000000663
1018 0.0000000661
1019 0.0000000660
1020 0.0000000659
1021 0.0000000657
1022 0.0000000656
1023 0.0000000655
1024 0.0000000653
1025 0.0000000652
1026 0.0000000651
1027 0.0000000649
1028 0.0000000648
1029 0.0000000647
1030 0.0000000645
1031 0.0000000644
1032 0.0000000643
1033 0.0000000642
1034 0.0000000640
1035 0.0000000639
1036 0.0000000638
1037 0.0000000636
1038 0.0000000635
1039 0.0000000634
1040 0.0000000633
1041 0.0000000631
1042 0.0000000630
1043 0.0000000629
1044 0.0000000627
1045 0.0000000626
1046 0.0000000625
1047 0.0000000624
1048 0.0000000622
1049 0.0000000621
1050 0.0000000620
1051 0.0000000619
1052 0.0000000617
1053 0.0000000616
1054 0.0000000615
1055 0.0000000614
1056 0.0000000613
1057 0.0000000611
1058 0.0000000610
1059 0.0000000609
1060 0.0000000608
1061 0.0000000606
1062 0.0000000605
1063 0.0000000604
1064 0.0000000603
1065 0.0000000602
1066 0.0000000600
1067 0.0000000599
1068 0.0000000598
1069 0.0000000597
1070 0.0000000596
1071 0.0000000595
1072 0.0000000593
1073 0.0000000592
1074 0.0000000591
1075 0.0000000590
1076 0.0000000589
1077 0.0000000588
1078 0.0000000586
1079 0.0000000585
1080 0.0000000584
1081 0.0000000583
1082 0.0000000582
1083 0.0000000581
1084 0.0000000580
1085 0.0000000578
1086 0.0000000577
1087 0.0000000576
1088 0.0000000575
1089 0.0000000574
1090 0.0000000573
1091 0.0000000572
1092 0.0000000571
1093 0.0000000569
1094 0.0000000568
1095 0.0000000567
1096 0.0000000566
1097 0.0000000565
1098 0.0000000564
1099 0.0000000563
1100 0.0000000562
1101 0.0000000561
1102 0.0000000560
1103 0.0000000559
1104 0.0000000557
1105 0.0000000556
1106 0.0000000555
1107 0.0000000554
1108 0.0000000553
1109 0.0000000552
1110 0.0000000551
1111 0.0000000550
1112 0.0000000549
1113 0.0000000548
1114 0.0000000547
1115 0.0000000546
1116 0.0000000545
1117 0.0000000544
1118 0.0000000543
1119 0.0000000542
1120 0.0000000541
1121 0.0000000540
1122 0.0000000539
1123 0.0000000538
1124 0.0000000537
1125 0.0000000535
1126 0.0000000534
1127 0.0000000533
1128 0.0000000532
1129 0.0000000531
1130 0.0000000530
1131 0.0000000529
1132 0.0000000528
1133 0.0000000527
1134 0.0000000526
1135 0.0000000525
1136 0.0000000524
1137 0.0000000523
1138 0.0000000522
1139 0.0000000521
1140 0.0000000521
1141 0.0000000520
1142 0.0000000519
1143 0.0000000518
1144 0.0000000517
1145 0.0000000516
1146 0.0000000515
1147 0.0000000514
1148 0.0000000513
1149 0.0000000512
1150 0.0000000511
1151 0.0000000510
1152 0.0000000509
1153 0.0000000508
1154 0.0000000507
1155 0.0000000506
1156 0.0000000505
1157 0.0000000504
1158 0.0000000503
1159 0.0000000502
1160 0.0000000501
1161 0.0000000500
1162 0.0000000500
1163 0.0000000499
1164 0.0000000498
1165 0.0000000497
1166 0.0000000496
1167 0.0000000495
1168 0.0000000494
1169 0.0000000493
1170 0.0000000492
1171 0.0000000491
1172 0.0000000490
1173 0.0000000489
1174 0.0000000489
1175 0.0000000488
1176 0.0000000487
1177 0.0000000486
1178 0.0000000485
1179 0.0000000484
1180 0.0000000483
1181 0.0000000482
1182 0.0000000481
1183 0.0000000481
1184 0.0000000480
1185 0.0000000479
1186 0.0000000478
1187 0.0000000477
1188 0.0000000476
1189 0.0000000475
1190 0.0000000474
1191 0.0000000474
1192 0.0000000473
1193 0.0000000472
1194 0.0000000471
1195 0.0000000470
1196 0.0000000469
1197 0.0000000468
1198 0.0000000468
1199 0.0000000467
1200 0.0000000466
1201 0.0000000465
1202 0.0000000464
1203 0.0000000463
1204 0.0000000463
1205 0.0000000462
1206 0.0000000461
1207 0.0000000460
1208 0.0000000459
1209 0.0000000458
1210 0.0000000458
1211 0.0000000457
1212 0.0000000456
1213 0.0000000455
1214 0.0000000454
1215 0.0000000454
1216 0.0000000453
1217 0.0000000452
1218 0.0000000451
1219 0.0000000450
1220 0.0000000450
1221 0.0000000449
1222 0.0000000448
1223 0.0000000447
1224 0.0000000446
1225 0.0000000446
1226 0.0000000445
1227 0.0000000444
1228 0.0000000443
1229 0.0000000442
1230 0.0000000442
1231 0.0000000441
1232 0.0000000440
1233 0.0000000439
1234 0.0000000438
1235 0.0000000438
1236 0.0000000437
1237 0.0000000436
1238 0.0000000435
1239 0.0000000435
1240 0.0000000434
1241 0.0000000433
1242 0.0000000432
1243 0.0000000432
1244 0.0000000431
1245 0.0000000430
1246 0.0000000429
1247 0.0000000429
1248 0.0000000428
1249 0.0000000427
1250 0.0000000426
1251 0.0000000426
1252 0.0000000425
1253 0.0000000424
1254 0.0000000423
1255 0.0000000423
1256 0.0000000422
1257 0.0000000421
1258 0.0000000420
1259 0.0000000420
1260 0.0000000419
1261 0.0000000418
1262 0.0000000417
1263 0.0000000417
1264 0.0000000416
1265 0.0000000415
1266 0.0000000415
1267 0.0000000414
1268 0.0000000413
1269 0.0000000412
1270 0.0000000412
1271 0.0000000411
1272 0.0000000410
1273 0.0000000410
1274 0.0000000409
1275 0.0000000408
1276 0.0000000407
1277 0.0000000407
1278 0.0000000406
1279 0.0000000405
1280 0.0000000405
1281 0.0000000404
1282 0.0000000403
1283 0.0000000403
1284 0.0000000402
1285 0.0000000401
1286 0.0000000400
1287 0.0000000400
1288 0.0000000399
1289 0.0000000398
1290 0.0000000398
1291 0.0000000397
1292 0.0000000396
1293 0.0000000396
1294 0.0000000395
1295 0.0000000394
1296 0.0000000394
1297 0.0000000393
1298 0.0000000392
1299 0.0000000392
1300 0.0000000391
1301 0.0000000390
1302 0.0000000390
1303 0.0000000389
1304 0.0000000388
1305 0.0000000388
1306 0.0000000387
1307 0.0000000386
1308 0.0000000386
1309 0.0000000385
1310 0.0000000384
1311 0.0000000384
1312 0.0000000383
1313 0.0000000383
1314 0.0000000382
1315 0.0000000381
1316 0.0000000381
1317 0.0000000380
1318 0.0000000379
1319 0.0000000379
1320 0.0000000378
1321 0.0000000377
1322 0.0000000377
1323 0.0000000376
1324 0.0000000376
1325 0.0000000375
1326 0.0000000374
1327 0.0000000374
1328 0.0000000373
1329 0.0000000372
1330 0.0000000372
1331 0.0000000371
1332 0.0000000371
1333 0.0000000370
1334 0.0000000369
1335 0.0000000369
1336 0.0000000368
1337 0.0000000367
1338 0.0000000367
1339 0.0000000366
1340 0.0000000366
1341 0.0000000365
1342 0.0000000364
1343 0.0000000364
1344 0.0000000363
1345 0.0000000363
1346 0.0000000362
1347 0.0000000361
1348 0.0000000361
1349 0.0000000360
1350 0.0000000360
1351 0.0000000359
1352 0.0000000358
1353 0.0000000358
1354 0.0000000357
1355 0.0000000357
1356 0.0000000356
1357 0.0000000356
1358 0.0000000355
1359 0.0000000354
1360 0.0000000354
1361 0.0000000353
1362 0.0000000353
1363 0.0000000352
1364 0.0000000351
1365 0.0000000351
1366 0.0000000350
1367 0.0000000350
1368 0.0000000349
1369 0.0000000349
1370 0.0000000348
1371 0.0000000347
1372 0.0000000347
1373 0.0000000346
1374 0.0000000346
1375 0.0000000345
1376 0.0000000345
1377 0.0000000344
1378 0.0000000344
1379 0.0000000343
1380 0.0000000342
1381 0.0000000342
1382 0.0000000341
1383 0.0000000341
1384 0.0000000340
1385 0.0000000340
1386 0.0000000339
1387 0.0000000339
1388 0.0000000338
1389 0.0000000337
1390 0.0000000337
1391 0.0000000336
1392 0.0000000336
1393 0.0000000335
1394 0.0000000335
1395 0.0000000334
1396 0.0000000334
1397 0.0000000333
1398 0.0000000333
1399 0.0000000332
1400 0.0000000332
1401 0.0000000331
1402 0.0000000330
1403 0.0000000330
1404 0.0000000329
1405 0.0000000329
1406 0.0000000328
1407 0.0000000328
1408 0.0000000327
1409 0.0000000327
1410 0.0000000326
1411 0.0000000326
1412 0.0000000325
1413 0.0000000325
1414 0.0000000324
1415 0.0000000324
1416 0.0000000323
1417 0.0000000323
1418 0.0000000322
1419 0.0000000322
1420 0.0000000321
1421 0.0000000321
1422 0.0000000320
1423 0.0000000320
1424 0.0000000319
1425 0.0000000319
1426 0.0000000318
1427 0.0000000318
1428 0.0000000317
1429 0.0000000317
1430 0.0000000316
1431 0.0000000316
1432 0.0000000315
1433 0.0000000315
1434 0.0000000314
1435 0.0000000314
1436 0.0000000313
1437 0.0000000313
1438 0.0000000312
1439 0.0000000312
1440 0.0000000311
1441 0.0000000311
1442 0.0000000310
1443 0.0000000310
1444 0.0000000309
1445 0.0000000309
1446 0.0000000308
1447 0.0000000308
1448 0.0000000307
1449 0.0000000307
1450 0.0000000306
1451 0.0000000306
1452 0.0000000305
1453 0.0000000305
1454 0.0000000304
1455 0.0000000304
1456 0.0000000304
1457 0.0000000303
1458 0.0000000303
1459 0.0000000302
1460 0.0000000302
1461 0.0000000301
1462 0.0000000301
1463 0.0000000300
1464 0.0000000300
1465 0.0000000299
1466 0.0000000299
1467 0.0000000298
1468 0.0000000298
1469 0.0000000297
1470 0.0000000297
1471 0.0000000297
1472 0.0000000296
1473 0.0000000296
1474 0.0000000295
1475 0.0000000295
1476 0.0000000294
1477 0.0000000294
1478 0.0000000293
1479 0.0000000293
1480 0.0000000292
1481 0.0000000292
1482 0.0000000292
1483 0.0000000291
1484 0.0000000291
1485 0.0000000290
1486 0.0000000290
1487 0.0000000289
1488 0.0000000289
1489 0.0000000288
1490 0.0000000288
1491 0.0000000288
1492 0.0000000287
1493 0.0000000287
1494 0.0000000286
1495 0.0000000286
1496 0.0000000285
1497 0.0000000285
1498 0.0000000285
1499 0.0000000284
1500 0.0000000284
1501 0.0000000283
1502 0.0000000283
1503 0.0000000282
1504 0.0000000282
1505 0.0000000282
1506 0.0000000281
1507 0.0000000281
1508 0.0000000280
1509 0.0000000280
1510 0.0000000279
1511 0.0000000279
1512 0.0000000279
1513 0.0000000278
1514 0.0000000278
1515 0.0000000277
1516 0.0000000277
1517 0.0000000276
1518 0.0000000276
1519 0.0000000276
1520 0.0000000275
1521 0.0000000275
1522 0.0000000274
1523 0.0000000274
1524 0.0000000274
1525 0.0000000273
1526 0.0000000273
1527 0.0000000272
1528 0.0000000272
1529 0.0000000272
1530 0.0000000271
1531 0.0000000271
1532 0.0000000270
1533 0.0000000270
1534 0.0000000270
1535 0.0000000269
1536 0.0000000269
1537 0.0000000268
1538 0.0000000268
1539 0.0000000268
1540 0.0000000267
1541 0.0000000267
1542 0.0000000266
1543 0.0000000266
1544 0.0000000266
1545 0.0000000265
1546 0.0000000265
1547 0.0000000264
1548 0.0000000264
1549 0.0000000264
1550 0.0000000263
1551 0.0000000263
1552 0.0000000262
1553 0.0000000262
1554 0.0000000262
1555 0.0000000261
1556 0.0000000261
1557 0.0000000260
1558 0.0000000260
1559 0.0000000260
1560 0.0000000259
1561 0.0000000259
1562 0.0000000259
1563 0.0000000258
1564 0.0000000258
1565 0.0000000257
1566 0.0000000257
1567 0.0000000257
1568 0.0000000256
1569 0.0000000256
1570 0.0000000256
1571 0.0000000255
1572 0.0000000255
1573 0.0000000254
1574 0.0000000254
1575 0.0000000254
1576 0.0000000253
1577 0.0000000253
1578 0.0000000253
1579 0.0000000252
1580 0.0000000252
1581 0.0000000251
1582 0.0000000251
1583 0.0000000251
1584 0.0000000250
1585 0.0000000250
1586 0.0000000250
1587 0.0000000249
1588 0.0000000249
1589 0.0000000249
1590 0.0000000248
1591 0.0000000248
1592 0.0000000248
1593 0.0000000247
1594 0.0000000247
1595 0.0000000246
1596 0.0000000246
1597 0.0000000246
1598 0.0000000245
1599 0.0000000245
1600 0.0000000245
1601 0.0000000244
1602 0.0000000244
1603 0.0000000244
1604 0.0000000243
1605 0.0000000243
1606 0.0000000243
1607 0.0000000242
1608 0.0000000242
1609 0.0000000242
1610 0.0000000241
1611 0.0000000241
1612 0.0000000240
1613 0.0000000240
1614 0.0000000240
1615 0.0000000239
1616 0.0000000239
1617 0.0000000239
1618 0.0000000238
1619 0.0000000238
1620 0.0000000238
1621 0.0000000237
1622 0.0000000237
1623 0.0000000237
1624 0.0000000236
1625 0.0000000236
1626 0.0000000236
1627 0.0000000235
1628 0.0000000235
1629 0.0000000235
1630 0.0000000234
1631 0.0000000234
1632 0.0000000234
1633 0.0000000233
1634 0.0000000233
1635 0.0000000233
1636 0.0000000232
1637 0.0000000232
1638 0.0000000232
1639 0.0000000231
1640 0.0000000231
1641 0.0000000231
1642 0.0000000230
1643 0.0000000230
1644 0.0000000230
1645 0.0000000229
1646 0.0000000229
1647 0.0000000229
1648 0.0000000228
1649 0.0000000228
1650 0.0000000228
1651 0.0000000227
1652 0.0000000227
1653 0.0000000227
1654 0.0000000227
1655 0.0000000226
1656 0.0000000226
1657 0.0000000226
1658 0.0000000225
1659 0.0000000225
1660 0.0000000225
1661 0.0000000224
1662 0.0000000224
1663 0.0000000224
1664 0.0000000223
1665 0.0000000223
1666 0.0000000223
1667 0.0000000222
1668 0.0000000222
1669 0.0000000222
1670 0.0000000221
1671 0.0000000221
1672 0.0000000221
1673 0.0000000221
1674 0.0000000220
1675 0.0000000220
1676 0.0000000220
1677 0.0000000219
1678 0.0000000219
1679 0.0000000219
1680 0.0000000218
1681 0.0000000218
1682 0.0000000218
1683 0.0000000218
1684 0.0000000217
1685 0.0000000217
1686 0.0000000217
1687 0.0000000216
1688 0.0000000216
1689 0.0000000216
1690 0.0000000215
1691 0.0000000215
1692 0.0000000215
1693 0.0000000215
1694 0.0000000214
1695 0.0000000214
1696 0.0000000214
1697 0.0000000213
1698 0.0000000213
1699 0.0000000213
1700 0.0000000212
1701 0.0000000212
1702 0.0000000212
1703 0.0000000212
1704 0.0000000211
1705 0.0000000211
1706 0.0000000211
1707 0.0000000210
1708 0.0000000210
1709 0.0000000210
1710 0.0000000210
1711 0.0000000209
1712 0.0000000209
1713 0.0000000209
1714 0.0000000208
1715 0.0000000208
1716 0.0000000208
1717 0.0000000208
1718 0.0000000207
1719 0.0000000207
1720 0.0000000207
1721 0.0000000206
1722 0.0000000206
1723 0.0000000206
1724 0.0000000206
1725 0.0000000205
1726 0.0000000205
1727 0.0000000205
1728 0.0000000204
1729 0.0000000204
1730 0.0000000204
1731 0.0000000204
1732 0.0000000203
1733 0.0000000203
1734 0.0000000203
1735 0.0000000202
1736 0.0000000202
1737 0.0000000202
1738 0.0000000202
1739 0.0000000201
1740 0.0000000201
1741 0.0000000201
1742 0.0000000201
1743 0.0000000200
1744 0.0000000200
1745 0.0000000200
1746 0.0000000199
1747 0.0000000199
1748 0.0000000199
1749 0.0000000199
1750 0.0000000198
1751 0.0000000198
1752 0.0000000198
1753 0.0000000198
1754 0.0000000197
1755 0.0000000197
1756 0.0000000197
1757 0.0000000196
1758 0.0000000196
1759 0.0000000196
1760 0.0000000196
1761 0.0000000195
1762 0.0000000195
1763 0.0000000195
1764 0.0000000195
1765 0.0000000194
1766 0.0000000194
1767 0.0000000194
1768 0.0000000194
1769 0.0000000193
1770 0.0000000193
1771 0.0000000193
1772 0.0000000193
1773 0.0000000192
1774 0.0000000192
1775 0.0000000192
1776 0.0000000191
1777 0.0000000191
1778 0.0000000191
1779 0.0000000191
1780 0.0000000190
1781 0.0000000190
1782 0.0000000190
1783 0.0000000190
1784 0.0000000189
1785 0.0000000189
1786 0.0000000189
1787 0.0000000189
1788 0.0000000188
1789 0.0000000188
1790 0.0000000188
1791 0.0000000188
1792 0.0000000187
1793 0.0000000187
1794 0.0000000187
1795 0.0000000187
1796 0.0000000186
1797 0.0000000186
1798 0.0000000186
1799 0.0000000186
1800 0.0000000185
1801 0.0000000185
1802 0.0000000185
1803 0.0000000185
1804 0.0000000184
1805 0.0000000184
1806 0.0000000184
1807 0.0000000184
1808 0.0000000183
1809 0.0000000183
1810 0.0000000183
1811 0.0000000183
1812 0.0000000182
1813 0.0000000182
1814 0.0000000182
1815 0.0000000182
1816 0.0000000181
1817 0.0000000181
1818 0.0000000181
1819 0.0000000181
1820 0.0000000180
1821 0.0000000180
1822 0.0000000180
1823 0.0000000180
1824 0.0000000179
1825 0.0000000179
1826 0.0000000179
1827 0.0000000179
1828 0.0000000178
1829 0.0000000178
1830 0.0000000178
1831 0.0000000178
1832 0.0000000178
1833 0.0000000177
1834 0.0000000177
1835 0.0000000177
1836 0.0000000177
1837 0.0000000176
1838 0.0000000176
1839 0.0000000176
1840 0.0000000176
1841 0.0000000175
1842 0.0000000175
1843 0.0000000175
1844 0.0000000175
1845 0.0000000174
1846 0.0000000174
1847 0.0000000174
1848 0.0000000174
1849 0.0000000173
1850 0.0000000173
1851 0.0000000173
1852 0.0000000173
1853 0.0000000173
1854 0.0000000172
1855 0.0000000172
1856 0.0000000172
1857 0.0000000172
1858 0.0000000171
1859 0.0000000171
1860 0.0000000171
1861 0.0000000171
1862 0.0000000170
1863 0.0000000170
1864 0.0000000170
1865 0.0000000170
1866 0.0000000169
1867 0.0000000169
1868 0.0000000169
1869 0.0000000169
1870 0.0000000169
1871 0.0000000168
1872 0.0000000168
1873 0.0000000168
1874 0.0000000168
1875 0.0000000167
1876 0.0000000167
1877 0.0000000167
1878 0.0000000167
1879 0.0000000166
1880 0.0000000166
1881 0.0000000166
1882 0.0000000166
1883 0.0000000166
1884 0.0000000165
1885 0.0000000165
1886 0.0000000165
1887 0.0000000165
1888 0.0000000164
1889 0.0000000164
1890 0.0000000164
1891 0.0000000164
1892 0.0000000163
1893 0.0000000163
1894 0.0000000163
1895 0.0000000163
1896 0.0000000162
1897 0.0000000162
1898 0.0000000162
1899 0.0000000162
1900 0.0000000162
1901 0.0000000161
1902 0.0000000161
1903 0.0000000161
1904 0.0000000161
1905 0.0000000160
1906 0.0000000160
1907 0.0000000160
1908 0.0000000160
1909 0.0000000159
1910 0.0000000159
1911 0.0000000159
1912 0.0000000159
1913 0.0000000159
1914 0.0000000158
1915 0.0000000158
1916 0.0000000158
1917 0.0000000158
1918 0.0000000157
1919 0.0000000157
1920 0.0000000157
1921 0.0000000157
1922 0.0000000156
1923 0.0000000156
1924 0.0000000156
1925 0.0000000156
1926 0.0000000155
1927 0.0000000155
1928 0.0000000155
1929 0.0000000155
1930 0.0000000154
1931 0.0000000154
1932 0.0000000154
1933 0.0000000154
1934 0.0000000153
1935 0.0000000153
1936 0.0000000153
1937 0.0000000153
1938 0.0000000152
1939 0.0000000152
1940 0.0000000152
1941 0.0000000152
1942 0.0000000151
1943 0.0000000151
1944 0.0000000151
1945 0.0000000151
1946 0.0000000150
1947 0.0000000150
1948 0.0000000150
1949 0.0000000150
1950 0.0000000149
1951 0.0000000149
1952 0.0000000149
1953 0.0000000149
1954 0.0000000148
1955 0.0000000148
1956 0.0000000148
1957 0.0000000148
1958 0.0000000147
1959 0.0000000147
1960 0.0000000147
1961 0.0000000146
1962 0.0000000146
1963 0.0000000146
1964 0.0000000146
1965 0.0000000145
1966 0.0000000145
1967 0.0000000145
1968 0.0000000144
1969 0.0000000144
1970 0.0000000144
1971 0.0000000144
1972 0.0000000143
1973 0.0000000143
1974 0.0000000143
1975 0.0000000142
1976 0.0000000142
1977 0.0000000142
1978 0.0000000141
1979 0.0000000141
1980 0.0000000141
1981 0.0000000140
1982 0.0000000140
1983 0.0000000140
1984 0.0000000139
1985 0.0000000139
1986 0.0000000138
1987 0.0000000138
1988 0.0000000137
1989 0.0000000137
1990 0.0000000136
1991 0.0000000136
1992 0.0000000135
1993 0.0000000134
1994 0.0000000133
1995 0.0000000132
1996 0.0000000131
1997 0.0000000129
1998 0.0000000124
1999 0.0000000111
2000 0.0000000000
