0 558
0 0.9804618303
1 0.0064061484
2 0.0020988798
3 0.0012498678
4 0.0007804771
5 0.0005345934
6 0.0003941860
7 0.0003066833
8 0.0002488834
9 0.0002090051
10 0.0001804037
11 0.0001591349
12 0.0001427845
13 0.0001298348
14 0.0001193063
15 0.0001105504
16 0.0001031273
17 0.0000967314
18 0.0000911454
19 0.0000862116
20 0.0000818125
21 0.0000778592
22 0.0000742825
23 0.0000710281
24 0.0000680523
25 0.0000653193
26 0.0000627997
27 0.0000604689
28 0.0000583059
29 0.0000562931
30 0.0000544151
31 0.0000526587
32 0.0000510124
33 0.0000494661
34 0.0000480108
35 0.0000466389
36 0.0000453432
37 0.0000441176
38 0.0000429565
39 0.0000418550
40 0.0000408086
41 0.0000398132
42 0.0000388652
43 0.0000379613
44 0.0000370986
45 0.0000362741
46 0.0000354855
47 0.0000347304
48 0.0000340069
49 0.0000333128
50 0.0000326465
51 0.0000320063
52 0.0000313908
53 0.0000307985
54 0.0000302281
55 0.0000296785
56 0.0000291485
57 0.0000286370
58 0.0000281433
59 0.0000276662
60 0.0000272051
61 0.0000267591
62 0.0000263274
63 0.0000259095
64 0.0000255047
65 0.0000251122
66 0.0000247317
67 0.0000243626
68 0.0000240043
69 0.0000236563
70 0.0000233184
71 0.0000229899
72 0.0000226706
73 0.0000223600
74 0.0000220578
75 0.0000217637
76 0.0000214773
77 0.0000211983
78 0.0000209265
79 0.0000206616
80 0.0000204033
81 0.0000201514
82 0.0000199056
83 0.0000196658
84 0.0000194316
85 0.0000192030
86 0.0000189797
87 0.0000187615
88 0.0000185483
89 0.0000183399
90 0.0000181361
91 0.0000179367
92 0.0000177417
93 0.0000175510
94 0.0000173642
95 0.0000171814
96 0.0000170024
97 0.0000168271
98 0.0000166554
99 0.0000164871
100 0.0000163222
101 0.0000161606
102 0.0000160022
103 0.0000158468
104 0.0000156944
105 0.0000155449
106 0.0000153982
107 0.0000152543
108 0.0000151130
109 0.0000149744
110 0.0000148382
111 0.0000147045
112 0.0000145732
113 0.0000144442
114 0.0000143175
115 0.0000141930
116 0.0000140706
117 0.0000139503
118 0.0000138321
119 0.0000137158
120 0.0000136015
121 0.0000134891
122 0.0000133785
123 0.0000132697
124 0.0000131627
125 0.0000130573
126 0.0000129537
127 0.0000128517
128 0.0000127513
129 0.0000126524
130 0.0000125550
131 0.0000124592
132 0.0000123648
133 0.0000122718
134 0.0000121802
135 0.0000120900
136 0.0000120010
137 0.0000119134
138 0.0000118271
139 0.0000117420
140 0.0000116581
141 0.0000115754
142 0.0000114939
143 0.0000114135
144 0.0000113342
145 0.0000112560
146 0.0000111789
147 0.0000111028
148 0.0000110278
149 0.0000109538
150 0.0000108807
151 0.0000108086
152 0.0000107375
153 0.0000106673
154 0.0000105980
155 0.0000105296
156 0.0000104621
157 0.0000103955
158 0.0000103297
159 0.0000102647
160 0.0000102005
161 0.0000101371
162 0.0000100746
163 0.0000100127
164 0.0000099517
165 0.0000098913
166 0.0000098317
167 0.0000097728
168 0.0000097147
169 0.0000096572
170 0.0000096003
171 0.0000095442
172 0.0000094887
173 0.0000094338
174 0.0000093796
175 0.0000093260
176 0.0000092730
177 0.0000092206
178 0.0000091687
179 0.0000091175
180 0.0000090668
181 0.0000090167
182 0.0000089672
183 0.0000089181
184 0.0000088697
185 0.0000088217
186 0.0000087743
187 0.0000087273
188 0.0000086809
189 0.0000086349
190 0.0000085895
191 0.0000085445
192 0.0000085000
193 0.0000084559
194 0.0000084123
195 0.0000083692
196 0.0000083265
197 0.0000082842
198 0.0000082423
199 0.0000082009
200 0.0000081599
201 0.0000081193
202 0.0000080790
203 0.0000080392
204 0.0000079998
205 0.0000079608
206 0.0000079221
207 0.0000078838
208 0.0000078459
209 0.0000078084
210 0.0000077712
211 0.0000077343
212 0.0000076978
213 0.0000076617
214 0.0000076258
215 0.0000075904
216 0.0000075552
217 0.0000075204
218 0.0000074859
219 0.0000074517
220 0.0000074178
221 0.0000073842
222 0.0000073509
223 0.0000073180
224 0.0000072853
225 0.0000072529
226 0.0000072208
227 0.0000071889
228 0.0000071574
229 0.0000071261
230 0.0000070951
231 0.0000070644
232 0.0000070339
233 0.0000070037
234 0.0000069738
235 0.0000069441
236 0.0000069147
237 0.0000068855
238 0.0000068565
239 0.0000068278
240 0.0000067994
241 0.0000067711
242 0.0000067432
243 0.0000067154
244 0.0000066878
245 0.0000066605
246 0.0000066334
247 0.0000066066
248 0.0000065799
249 0.0000065535
250 0.0000065273
251 0.0000065012
252 0.0000064754
253 0.0000064498
254 0.0000064244
255 0.0000063992
256 0.0000063742
257 0.0000063494
258 0.0000063248
259 0.0000063003
260 0.0000062761
261 0.0000062520
262 0.0000062281
263 0.0000062044
264 0.0000061809
265 0.0000061576
266 0.0000061344
267 0.0000061114
268 0.0000060886
269 0.0000060660
270 0.0000060435
271 0.0000060212
272 0.0000059990
273 0.0000059770
274 0.0000059552
275 0.0000059335
276 0.0000059120
277 0.0000058907
278 0.0000058695
279 0.0000058484
280 0.0000058275
281 0.0000058068
282 0.0000057862
283 0.0000057657
284 0.0000057454
285 0.0000057252
286 0.0000057052
287 0.0000056853
288 0.0000056655
289 0.0000056459
290 0.0000056264
291 0.0000056071
292 0.0000055879
293 0.0000055688
294 0.0000055498
295 0.0000055310
296 0.0000055123
297 0.0000054937
298 0.0000054753
299 0.0000054570
300 0.0000054387
301 0.0000054207
302 0.0000054027
303 0.0000053849
304 0.0000053671
305 0.0000053495
306 0.0000053320
307 0.0000053146
308 0.0000052974
309 0.0000052802
310 0.0000052632
311 0.0000052462
312 0.0000052294
313 0.0000052127
314 0.0000051961
315 0.0000051796
316 0.0000051632
317 0.0000051469
318 0.0000051307
319 0.0000051146
320 0.0000050986
321 0.0000050827
322 0.0000050669
323 0.0000050512
324 0.0000050356
325 0.0000050201
326 0.0000050046
327 0.0000049893
328 0.0000049741
329 0.0000049590
330 0.0000049439
331 0.0000049290
332 0.0000049141
333 0.0000048993
334 0.0000048847
335 0.0000048701
336 0.0000048556
337 0.0000048411
338 0.0000048268
339 0.0000048125
340 0.0000047984
341 0.0000047843
342 0.0000047703
343 0.0000047564
344 0.0000047425
345 0.0000047288
346 0.0000047151
347 0.0000047015
348 0.0000046879
349 0.0000046745
350 0.0000046611
351 0.0000046478
352 0.0000046346
353 0.0000046215
354 0.0000046084
355 0.0000045954
356 0.0000045825
357 0.0000045696
358 0.0000045569
359 0.0000045441
360 0.0000045315
361 0.0000045189
362 0.0000045064
363 0.0000044940
364 0.0000044817
365 0.0000044694
366 0.0000044571
367 0.0000044450
368 0.0000044329
369 0.0000044209
370 0.0000044089
371 0.0000043970
372 0.0000043852
373 0.0000043734
374 0.0000043617
375 0.0000043500
376 0.0000043384
377 0.0000043269
378 0.0000043155
379 0.0000043041
380 0.0000042927
381 0.0000042814
382 0.0000042702
383 0.0000042590
384 0.0000042479
385 0.0000042369
386 0.0000042259
387 0.0000042150
388 0.0000042041
389 0.0000041933
390 0.0000041825
391 0.0000041718
392 0.0000041611
393 0.0000041505
394 0.0000041400
395 0.0000041295
396 0.0000041190
397 0.0000041086
398 0.0000040983
399 0.0000040880
400 0.0000040778
401 0.0000040676
402 0.0000040575
403 0.0000040474
404 0.0000040373
405 0.0000040274
406 0.0000040174
407 0.0000040075
408 0.0000039977
409 0.0000039879
410 0.0000039782
411 0.0000039685
412 0.0000039588
413 0.0000039492
414 0.0000039397
415 0.0000039301
416 0.0000039207
417 0.0000039113
418 0.0000039019
419 0.0000038926
420 0.0000038833
421 0.0000038740
422 0.0000038648
423 0.0000038557
424 0.0000038466
425 0.0000038375
426 0.0000038285
427 0.0000038195
428 0.0000038106
429 0.0000038017
430 0.0000037928
431 0.0000037840
432 0.0000037752
433 0.0000037665
434 0.0000037578
435 0.0000037491
436 0.0000037405
437 0.0000037319
438 0.0000037234
439 0.0000037149
440 0.0000037064
441 0.0000036980
442 0.0000036896
443 0.0000036813
444 0.0000036730
445 0.0000036647
446 0.0000036565
447 0.0000036483
448 0.0000036401
449 0.0000036320
450 0.0000036239
451 0.0000036158
452 0.0000036078
453 0.0000035998
454 0.0000035919
455 0.0000035840
456 0.0000035761
457 0.0000035682
458 0.0000035604
459 0.0000035527
460 0.0000035449
461 0.0000035372
462 0.0000035295
463 0.0000035219
464 0.0000035143
465 0.0000035067
466 0.0000034992
467 0.0000034917
468 0.0000034842
469 0.0000034767
470 0.0000034693
471 0.0000034619
472 0.0000034546
473 0.0000034472
474 0.0000034400
475 0.0000034327
476 0.0000034255
477 0.0000034183
478 0.0000034111
479 0.0000034039
480 0.0000033968
481 0.0000033898
482 0.0000033827
483 0.0000033757
484 0.0000033687
485 0.0000033617
486 0.0000033548
487 0.0000033479
488 0.0000033410
489 0.0000033341
490 0.0000033273
491 0.0000033205
492 0.0000033137
493 0.0000033070
494 0.0000033003
495 0.0000032936
496 0.0000032869
497 0.0000032803
498 0.0000032737
499 0.0000032671
500 0.0000032605
501 0.0000032540
502 0.0000032475
503 0.0000032410
504 0.0000032346
505 0.0000032282
506 0.0000032218
507 0.0000032154
508 0.0000032090
509 0.0000032027
510 0.0000031964
511 0.0000031901
512 0.0000031839
513 0.0000031776
514 0.0000031714
515 0.0000031652
516 0.0000031591
517 0.0000031530
518 0.0000031468
519 0.0000031408
520 0.0000031347
521 0.0000031286
522 0.0000031226
523 0.0000031166
524 0.0000031107
525 0.0000031047
526 0.0000030988
527 0.0000030929
528 0.0000030870
529 0.0000030811
530 0.0000030753
531 0.0000030695
532 0.0000030637
533 0.0000030579
534 0.0000030522
535 0.0000030464
536 0.0000030407
537 0.0000030350
538 0.0000030294
539 0.0000030237
540 0.0000030181
541 0.0000030125
542 0.0000030069
543 0.0000030013
544 0.0000029958
545 0.0000029903
546 0.0000029848
547 0.0000029793
548 0.0000029738
549 0.0000029684
550 0.0000029630
551 0.0000029575
552 0.0000029522
553 0.0000029468
554 0.0000029414
555 0.0000029361
556 0.0000029308
557 0.0000029255
558 0.0000029202
