1 614
0 0.9904965192
1 0.0035229394
2 0.0012505306
3 0.0007795277
4 0.0005162852
5 0.0003700495
6 0.0002799884
7 0.0002196153
8 0.0001769618
9 0.0001457131
10 0.0001221569
11 0.0001039774
12 0.0000896695
13 0.0000782202
14 0.0000689267
15 0.0000612882
16 0.0000549402
17 0.0000496118
18 0.0000450988
19 0.0000412446
20 0.0000379279
21 0.0000350535
22 0.0000325460
23 0.0000303449
24 0.0000284018
25 0.0000266769
26 0.0000251379
27 0.0000237581
28 0.0000225153
29 0.0000213911
30 0.0000203700
31 0.0000194390
32 0.0000185869
33 0.0000178045
34 0.0000170835
35 0.0000164173
36 0.0000157998
37 0.0000152258
38 0.0000146910
39 0.0000141914
40 0.0000137236
41 0.0000132847
42 0.0000128720
43 0.0000124832
44 0.0000121162
45 0.0000117693
46 0.0000114408
47 0.0000111292
48 0.0000108333
49 0.0000105518
50 0.0000102837
51 0.0000100281
52 0.0000097841
53 0.0000095509
54 0.0000093279
55 0.0000091142
56 0.0000089094
57 0.0000087130
58 0.0000085243
59 0.0000083430
60 0.0000081687
61 0.0000080009
62 0.0000078392
63 0.0000076834
64 0.0000075332
65 0.0000073882
66 0.0000072482
67 0.0000071129
68 0.0000069821
69 0.0000068556
70 0.0000067332
71 0.0000066147
72 0.0000064998
73 0.0000063886
74 0.0000062807
75 0.0000061760
76 0.0000060744
77 0.0000059758
78 0.0000058801
79 0.0000057870
80 0.0000056966
81 0.0000056087
82 0.0000055231
83 0.0000054399
84 0.0000053589
85 0.0000052801
86 0.0000052033
87 0.0000051285
88 0.0000050555
89 0.0000049845
90 0.0000049152
91 0.0000048476
92 0.0000047816
93 0.0000047172
94 0.0000046544
95 0.0000045931
96 0.0000045331
97 0.0000044746
98 0.0000044174
99 0.0000043615
100 0.0000043069
101 0.0000042534
102 0.0000042012
103 0.0000041501
104 0.0000041000
105 0.0000040511
106 0.0000040032
107 0.0000039563
108 0.0000039103
109 0.0000038653
110 0.0000038213
111 0.0000037781
112 0.0000037358
113 0.0000036943
114 0.0000036536
115 0.0000036138
116 0.0000035747
117 0.0000035363
118 0.0000034987
119 0.0000034618
120 0.0000034256
121 0.0000033900
122 0.0000033551
123 0.0000033209
124 0.0000032873
125 0.0000032542
126 0.0000032218
127 0.0000031899
128 0.0000031586
129 0.0000031278
130 0.0000030976
131 0.0000030679
132 0.0000030387
133 0.0000030100
134 0.0000029818
135 0.0000029540
136 0.0000029267
137 0.0000028998
138 0.0000028734
139 0.0000028474
140 0.0000028219
141 0.0000027967
142 0.0000027719
143 0.0000027475
144 0.0000027236
145 0.0000026999
146 0.0000026767
147 0.0000026538
148 0.0000026312
149 0.0000026090
150 0.0000025871
151 0.0000025655
152 0.0000025443
153 0.0000025234
154 0.0000025028
155 0.0000024824
156 0.0000024624
157 0.0000024427
158 0.0000024232
159 0.0000024040
160 0.0000023851
161 0.0000023665
162 0.0000023481
163 0.0000023299
164 0.0000023120
165 0.0000022944
166 0.0000022770
167 0.0000022598
168 0.0000022429
169 0.0000022262
170 0.0000022097
171 0.0000021934
172 0.0000021773
173 0.0000021615
174 0.0000021458
175 0.0000021304
176 0.0000021151
177 0.0000021001
178 0.0000020852
179 0.0000020705
180 0.0000020560
181 0.0000020417
182 0.0000020276
183 0.0000020136
184 0.0000019998
185 0.0000019862
186 0.0000019728
187 0.0000019595
188 0.0000019463
189 0.0000019333
190 0.0000019205
191 0.0000019078
192 0.0000018953
193 0.0000018829
194 0.0000018707
195 0.0000018586
196 0.0000018466
197 0.0000018348
198 0.0000018231
199 0.0000018116
200 0.0000018001
201 0.0000017889
202 0.0000017777
203 0.0000017666
204 0.0000017557
205 0.0000017449
206 0.0000017342
207 0.0000017237
208 0.0000017132
209 0.0000017029
210 0.0000016926
211 0.0000016825
212 0.0000016725
213 0.0000016626
214 0.0000016528
215 0.0000016431
216 0.0000016335
217 0.0000016240
218 0.0000016146
219 0.0000016053
220 0.0000015961
221 0.0000015870
222 0.0000015779
223 0.0000015690
224 0.0000015602
225 0.0000015514
226 0.0000015427
227 0.0000015342
228 0.0000015257
229 0.0000015173
230 0.0000015089
231 0.0000015007
232 0.0000014925
233 0.0000014844
234 0.0000014764
235 0.0000014685
236 0.0000014606
237 0.0000014528
238 0.0000014451
239 0.0000014375
240 0.0000014299
241 0.0000014224
242 0.0000014150
243 0.0000014077
244 0.0000014004
245 0.0000013931
246 0.0000013860
247 0.0000013789
248 0.0000013719
249 0.0000013649
250 0.0000013580
251 0.0000013512
252 0.0000013444
253 0.0000013377
254 0.0000013310
255 0.0000013244
256 0.0000013179
257 0.0000013114
258 0.0000013050
259 0.0000012986
260 0.0000012923
261 0.0000012861
262 0.0000012799
263 0.0000012737
264 0.0000012676
265 0.0000012616
266 0.0000012556
267 0.0000012496
268 0.0000012437
269 0.0000012379
270 0.0000012321
271 0.0000012263
272 0.0000012206
273 0.0000012150
274 0.0000012094
275 0.0000012038
276 0.0000011983
277 0.0000011928
278 0.0000011874
279 0.0000011820
280 0.0000011767
281 0.0000011714
282 0.0000011661
283 0.0000011609
284 0.0000011558
285 0.0000011506
286 0.0000011455
287 0.0000011405
288 0.0000011355
289 0.0000011305
290 0.0000011256
291 0.0000011207
292 0.0000011158
293 0.0000011110
294 0.0000011062
295 0.0000011015
296 0.0000010968
297 0.0000010921
298 0.0000010875
299 0.0000010829
300 0.0000010783
301 0.0000010738
302 0.0000010693
303 0.0000010648
304 0.0000010604
305 0.0000010560
306 0.0000010516
307 0.0000010473
308 0.0000010430
309 0.0000010387
310 0.0000010344
311 0.0000010302
312 0.0000010260
313 0.0000010219
314 0.0000010178
315 0.0000010137
316 0.0000010096
317 0.0000010056
318 0.0000010016
319 0.0000009976
320 0.0000009937
321 0.0000009897
322 0.0000009859
323 0.0000009820
324 0.0000009781
325 0.0000009743
326 0.0000009705
327 0.0000009668
328 0.0000009631
329 0.0000009593
330 0.0000009557
331 0.0000009520
332 0.0000009484
333 0.0000009448
334 0.0000009412
335 0.0000009376
336 0.0000009341
337 0.0000009306
338 0.0000009271
339 0.0000009236
340 0.0000009202
341 0.0000009168
342 0.0000009134
343 0.0000009100
344 0.0000009066
345 0.0000009033
346 0.0000009000
347 0.0000008967
348 0.0000008934
349 0.0000008902
350 0.0000008870
351 0.0000008838
352 0.0000008806
353 0.0000008774
354 0.0000008743
355 0.0000008712
356 0.0000008680
357 0.0000008650
358 0.0000008619
359 0.0000008589
360 0.0000008558
361 0.0000008528
362 0.0000008498
363 0.0000008469
364 0.0000008439
365 0.0000008410
366 0.0000008381
367 0.0000008352
368 0.0000008323
369 0.0000008294
370 0.0000008266
371 0.0000008238
372 0.0000008209
373 0.0000008182
374 0.0000008154
375 0.0000008126
376 0.0000008099
377 0.0000008071
378 0.0000008044
379 0.0000008017
380 0.0000007991
381 0.0000007964
382 0.0000007938
383 0.0000007911
384 0.0000007885
385 0.0000007859
386 0.0000007833
387 0.0000007808
388 0.0000007782
389 0.0000007757
390 0.0000007731
391 0.0000007706
392 0.0000007681
393 0.0000007656
394 0.0000007632
395 0.0000007607
396 0.0000007583
397 0.0000007558
398 0.0000007534
399 0.0000007510
400 0.0000007486
401 0.0000007463
402 0.0000007439
403 0.0000007416
404 0.0000007392
405 0.0000007369
406 0.0000007346
407 0.0000007323
408 0.0000007300
409 0.0000007278
410 0.0000007255
411 0.0000007233
412 0.0000007210
413 0.0000007188
414 0.0000007166
415 0.0000007144
416 0.0000007122
417 0.0000007100
418 0.0000007079
419 0.0000007057
420 0.0000007036
421 0.0000007015
422 0.0000006994
423 0.0000006972
424 0.0000006952
425 0.0000006931
426 0.0000006910
427 0.0000006889
428 0.0000006869
429 0.0000006849
430 0.0000006828
431 0.0000006808
432 0.0000006788
433 0.0000006768
434 0.0000006748
435 0.0000006728
436 0.0000006709
437 0.0000006689
438 0.0000006670
439 0.0000006650
440 0.0000006631
441 0.0000006612
442 0.0000006593
443 0.0000006574
444 0.0000006555
445 0.0000006536
446 0.0000006517
447 0.0000006499
448 0.0000006480
449 0.0000006462
450 0.0000006444
451 0.0000006425
452 0.0000006407
453 0.0000006389
454 0.0000006371
455 0.0000006353
456 0.0000006336
457 0.0000006318
458 0.0000006300
459 0.0000006283
460 0.0000006265
461 0.0000006248
462 0.0000006231
463 0.0000006213
464 0.0000006196
465 0.0000006179
466 0.0000006162
467 0.0000006145
468 0.0000006129
469 0.0000006112
470 0.0000006095
471 0.0000006079
472 0.0000006062
473 0.0000006046
474 0.0000006029
475 0.0000006013
476 0.0000005997
477 0.0000005981
478 0.0000005965
479 0.0000005949
480 0.0000005933
481 0.0000005917
482 0.0000005901
483 0.0000005886
484 0.0000005870
485 0.0000005855
486 0.0000005839
487 0.0000005824
488 0.0000005809
489 0.0000005793
490 0.0000005778
491 0.0000005763
492 0.0000005748
493 0.0000005733
494 0.0000005718
495 0.0000005703
496 0.0000005688
497 0.0000005674
498 0.0000005659
499 0.0000005644
500 0.0000005630
501 0.0000005615
502 0.0000005601
503 0.0000005587
504 0.0000005572
505 0.0000005558
506 0.0000005544
507 0.0000005530
508 0.0000005516
509 0.0000005502
510 0.0000005488
511 0.0000005474
512 0.0000005460
513 0.0000005446
514 0.0000005432
515 0.0000005419
516 0.0000005405
517 0.0000005392
518 0.0000005378
519 0.0000005365
520 0.0000005351
521 0.0000005338
522 0.0000005325
523 0.0000005311
524 0.0000005298
525 0.0000005285
526 0.0000005272
527 0.0000005259
528 0.0000005246
529 0.0000005233
530 0.0000005220
531 0.0000005207
532 0.0000005194
533 0.0000005181
534 0.0000005169
535 0.0000005156
536 0.0000005143
537 0.0000005131
538 0.0000005118
539 0.0000005106
540 0.0000005093
541 0.0000005081
542 0.0000005068
543 0.0000005056
544 0.0000005044
545 0.0000005031
546 0.0000005019
547 0.0000005007
548 0.0000004995
549 0.0000004983
550 0.0000004970
551 0.0000004958
552 0.0000004946
553 0.0000004934
554 0.0000004922
555 0.0000004910
556 0.0000004898
557 0.0000004886
558 0.0000004874
559 0.0000004863
560 0.0000004851
561 0.0000004839
562 0.0000004827
563 0.0000004815
564 0.0000004803
565 0.0000004792
566 0.0000004780
567 0.0000004768
568 0.0000004756
569 0.0000004744
570 0.0000004733
571 0.0000004721
572 0.0000004709
573 0.0000004697
574 0.0000004685
575 0.0000004673
576 0.0000004661
577 0.0000004649
578 0.0000004638
579 0.0000004625
580 0.0000004613
581 0.0000004601
582 0.0000004589
583 0.0000004577
584 0.0000004565
585 0.0000004552
586 0.0000004540
587 0.0000004527
588 0.0000004514
589 0.0000004501
590 0.0000004488
591 0.0000004475
592 0.0000004461
593 0.0000004448
594 0.0000004434
595 0.0000004419
596 0.0000004405
597 0.0000004390
598 0.0000004374
599 0.0000004358
600 0.0000004342
601 0.0000004324
602 0.0000004306
603 0.0000004287
604 0.0000004267
605 0.0000004244
606 0.0000004220
607 0.0000004192
608 0.0000004160
609 0.0000004121
610 0.0000004070
611 0.0000003998
612 0.0000003864
613 0.0000003435
614 0.0000000000
