1 558
0 0.9953313467
1 0.0018889354
2 0.0005569807
3 0.0003410328
4 0.0002254252
5 0.0001625274
6 0.0001240826
7 0.0000983134
8 0.0000800352
9 0.0000665599
10 0.0000563237
11 0.0000483571
12 0.0000420317
13 0.0000369249
14 0.0000327429
15 0.0000292761
16 0.0000263712
17 0.0000239137
18 0.0000218170
19 0.0000200141
20 0.0000184529
21 0.0000170922
22 0.0000158991
23 0.0000148471
24 0.0000139147
25 0.0000130842
26 0.0000123410
27 0.0000116732
28 0.0000110705
29 0.0000105245
30 0.0000100281
31 0.0000095751
32 0.0000091604
33 0.0000087795
34 0.0000084286
35 0.0000081045
36 0.0000078042
37 0.0000075253
38 0.0000072656
39 0.0000070232
40 0.0000067964
41 0.0000065839
42 0.0000063843
43 0.0000061964
44 0.0000060192
45 0.0000058519
46 0.0000056936
47 0.0000055436
48 0.0000054012
49 0.0000052659
50 0.0000051371
51 0.0000050144
52 0.0000048973
53 0.0000047855
54 0.0000046785
55 0.0000045762
56 0.0000044781
57 0.0000043839
58 0.0000042936
59 0.0000042068
60 0.0000041233
61 0.0000040429
62 0.0000039655
63 0.0000038908
64 0.0000038188
65 0.0000037493
66 0.0000036822
67 0.0000036173
68 0.0000035546
69 0.0000034939
70 0.0000034351
71 0.0000033781
72 0.0000033230
73 0.0000032694
74 0.0000032175
75 0.0000031671
76 0.0000031182
77 0.0000030707
78 0.0000030245
79 0.0000029796
80 0.0000029359
81 0.0000028934
82 0.0000028520
83 0.0000028117
84 0.0000027725
85 0.0000027343
86 0.0000026970
87 0.0000026607
88 0.0000026253
89 0.0000025908
90 0.0000025571
91 0.0000025242
92 0.0000024920
93 0.0000024607
94 0.0000024300
95 0.0000024001
96 0.0000023708
97 0.0000023422
98 0.0000023142
99 0.0000022868
100 0.0000022601
101 0.0000022339
102 0.0000022082
103 0.0000021831
104 0.0000021586
105 0.0000021345
106 0.0000021109
107 0.0000020878
108 0.0000020652
109 0.0000020430
110 0.0000020213
111 0.0000019999
112 0.0000019790
113 0.0000019585
114 0.0000019384
115 0.0000019187
116 0.0000018993
117 0.0000018803
118 0.0000018616
119 0.0000018433
120 0.0000018253
121 0.0000018077
122 0.0000017903
123 0.0000017733
124 0.0000017565
125 0.0000017401
126 0.0000017239
127 0.0000017080
128 0.0000016924
129 0.0000016770
130 0.0000016619
131 0.0000016471
132 0.0000016324
133 0.0000016181
134 0.0000016039
135 0.0000015900
136 0.0000015763
137 0.0000015628
138 0.0000015496
139 0.0000015365
140 0.0000015237
141 0.0000015110
142 0.0000014985
143 0.0000014863
144 0.0000014742
145 0.0000014623
146 0.0000014505
147 0.0000014390
148 0.0000014276
149 0.0000014163
150 0.0000014053
151 0.0000013944
152 0.0000013836
153 0.0000013730
154 0.0000013626
155 0.0000013523
156 0.0000013421
157 0.0000013321
158 0.0000013222
159 0.0000013125
160 0.0000013029
161 0.0000012934
162 0.0000012840
163 0.0000012748
164 0.0000012657
165 0.0000012567
166 0.0000012478
167 0.0000012391
168 0.0000012304
169 0.0000012219
170 0.0000012135
171 0.0000012051
172 0.0000011969
173 0.0000011888
174 0.0000011808
175 0.0000011729
176 0.0000011651
177 0.0000011574
178 0.0000011498
179 0.0000011422
180 0.0000011348
181 0.0000011274
182 0.0000011202
183 0.0000011130
184 0.0000011059
185 0.0000010989
186 0.0000010920
187 0.0000010851
188 0.0000010784
189 0.0000010717
190 0.0000010651
191 0.0000010585
192 0.0000010521
193 0.0000010457
194 0.0000010393
195 0.0000010331
196 0.0000010269
197 0.0000010208
198 0.0000010147
199 0.0000010088
200 0.0000010029
201 0.0000009970
202 0.0000009912
203 0.0000009855
204 0.0000009798
205 0.0000009742
206 0.0000009687
207 0.0000009632
208 0.0000009577
209 0.0000009524
210 0.0000009471
211 0.0000009418
212 0.0000009366
213 0.0000009314
214 0.0000009263
215 0.0000009213
216 0.0000009163
217 0.0000009113
218 0.0000009064
219 0.0000009015
220 0.0000008967
221 0.0000008920
222 0.0000008873
223 0.0000008826
224 0.0000008780
225 0.0000008734
226 0.0000008689
227 0.0000008644
228 0.0000008599
229 0.0000008555
230 0.0000008511
231 0.0000008468
232 0.0000008425
233 0.0000008383
234 0.0000008341
235 0.0000008299
236 0.0000008258
237 0.0000008217
238 0.0000008177
239 0.0000008136
240 0.0000008097
241 0.0000008057
242 0.0000008018
243 0.0000007979
244 0.0000007941
245 0.0000007903
246 0.0000007865
247 0.0000007828
248 0.0000007791
249 0.0000007754
250 0.0000007718
251 0.0000007682
252 0.0000007646
253 0.0000007610
254 0.0000007575
255 0.0000007540
256 0.0000007506
257 0.0000007471
258 0.0000007437
259 0.0000007404
260 0.0000007370
261 0.0000007337
262 0.0000007304
263 0.0000007272
264 0.0000007239
265 0.0000007207
266 0.0000007175
267 0.0000007144
268 0.0000007112
269 0.0000007081
270 0.0000007051
271 0.0000007020
272 0.0000006990
273 0.0000006960
274 0.0000006930
275 0.0000006900
276 0.0000006871
277 0.0000006842
278 0.0000006813
279 0.0000006784
280 0.0000006756
281 0.0000006727
282 0.0000006699
283 0.0000006672
284 0.0000006644
285 0.0000006617
286 0.0000006589
287 0.0000006562
288 0.0000006536
289 0.0000006509
290 0.0000006483
291 0.0000006456
292 0.0000006430
293 0.0000006405
294 0.0000006379
295 0.0000006354
296 0.0000006328
297 0.0000006303
298 0.0000006279
299 0.0000006254
300 0.0000006229
301 0.0000006205
302 0.0000006181
303 0.0000006157
304 0.0000006133
305 0.0000006109
306 0.0000006086
307 0.0000006063
308 0.0000006039
309 0.0000006016
310 0.0000005994
311 0.0000005971
312 0.0000005949
313 0.0000005926
314 0.0000005904
315 0.0000005882
316 0.0000005860
317 0.0000005838
318 0.0000005817
319 0.0000005795
320 0.0000005774
321 0.0000005753
322 0.0000005732
323 0.0000005711
324 0.0000005690
325 0.0000005670
326 0.0000005649
327 0.0000005629
328 0.0000005609
329 0.0000005588
330 0.0000005569
331 0.0000005549
332 0.0000005529
333 0.0000005510
334 0.0000005490
335 0.0000005471
336 0.0000005452
337 0.0000005433
338 0.0000005414
339 0.0000005395
340 0.0000005376
341 0.0000005358
342 0.0000005339
343 0.0000005321
344 0.0000005303
345 0.0000005285
346 0.0000005267
347 0.0000005249
348 0.0000005231
349 0.0000005213
350 0.0000005196
351 0.0000005178
352 0.0000005161
353 0.0000005144
354 0.0000005127
355 0.0000005110
356 0.0000005093
357 0.0000005076
358 0.0000005059
359 0.0000005043
360 0.0000005026
361 0.0000005010
362 0.0000004993
363 0.0000004977
364 0.0000004961
365 0.0000004945
366 0.0000004929
367 0.0000004913
368 0.0000004898
369 0.0000004882
370 0.0000004866
371 0.0000004851
372 0.0000004835
373 0.0000004820
374 0.0000004805
375 0.0000004790
376 0.0000004775
377 0.0000004760
378 0.0000004745
379 0.0000004730
380 0.0000004716
381 0.0000004701
382 0.0000004686
383 0.0000004672
384 0.0000004658
385 0.0000004643
386 0.0000004629
387 0.0000004615
388 0.0000004601
389 0.0000004587
390 0.0000004573
391 0.0000004559
392 0.0000004546
393 0.0000004532
394 0.0000004518
395 0.0000004505
396 0.0000004491
397 0.0000004478
398 0.0000004465
399 0.0000004451
400 0.0000004438
401 0.0000004425
402 0.0000004412
403 0.0000004399
404 0.0000004386
405 0.0000004374
406 0.0000004361
407 0.0000004348
408 0.0000004335
409 0.0000004323
410 0.0000004310
411 0.0000004298
412 0.0000004286
413 0.0000004273
414 0.0000004261
415 0.0000004249
416 0.0000004237
417 0.0000004225
418 0.0000004213
419 0.0000004201
420 0.0000004189
421 0.0000004177
422 0.0000004166
423 0.0000004154
424 0.0000004142
425 0.0000004131
426 0.0000004119
427 0.0000004108
428 0.0000004096
429 0.0000004085
430 0.0000004074
431 0.0000004063
432 0.0000004051
433 0.0000004040
434 0.0000004029
435 0.0000004018
436 0.0000004007
437 0.0000003996
438 0.0000003985
439 0.0000003975
440 0.0000003964
441 0.0000003953
442 0.0000003943
443 0.0000003932
444 0.0000003921
445 0.0000003911
446 0.0000003900
447 0.0000003890
448 0.0000003880
449 0.0000003869
450 0.0000003859
451 0.0000003849
452 0.0000003839
453 0.0000003829
454 0.0000003819
455 0.0000003809
456 0.0000003799
457 0.0000003789
458 0.0000003779
459 0.0000003769
460 0.0000003759
461 0.0000003749
462 0.0000003740
463 0.0000003730
464 0.0000003720
465 0.0000003711
466 0.0000003701
467 0.0000003691
468 0.0000003682
469 0.0000003673
470 0.0000003663
471 0.0000003654
472 0.0000003644
473 0.0000003635
474 0.0000003626
475 0.0000003617
476 0.0000003607
477 0.0000003598
478 0.0000003589
479 0.0000003580
480 0.0000003571
481 0.0000003562
482 0.0000003553
483 0.0000003544
484 0.0000003535
485 0.0000003526
486 0.0000003518
487 0.0000003509
488 0.0000003500
489 0.0000003491
490 0.0000003482
491 0.0000003474
492 0.0000003465
493 0.0000003456
494 0.0000003448
495 0.0000003439
496 0.0000003431
497 0.0000003422
498 0.0000003414
499 0.0000003405
500 0.0000003397
501 0.0000003388
502 0.0000003380
503 0.0000003371
504 0.0000003363
505 0.0000003355
506 0.0000003346
507 0.0000003338
508 0.0000003329
509 0.0000003321
510 0.0000003313
511 0.0000003305
512 0.0000003296
513 0.0000003288
514 0.0000003280
515 0.0000003271
516 0.0000003263
517 0.0000003255
518 0.0000003247
519 0.0000003238
520 0.0000003230
521 0.0000003222
522 0.0000003213
523 0.0000003205
524 0.0000003197
525 0.0000003188
526 0.0000003180
527 0.0000003171
528 0.0000003163
529 0.0000003154
530 0.0000003146
531 0.0000003137
532 0.0000003128
533 0.0000003119
534 0.0000003111
535 0.0000003102
536 0.0000003092
537 0.0000003083
538 0.0000003074
539 0.0000003064
540 0.0000003054
541 0.0000003045
542 0.0000003034
543 0.0000003024
544 0.0000003013
545 0.0000003002
546 0.0000002990
547 0.0000002977
548 0.0000002964
549 0.0000002949
550 0.0000002933
551 0.0000002916
552 0.0000002895
553 0.0000002869
554 0.0000002835
555 0.0000002786
556 0.0000002694
557 0.0000002397
558 0.0000000000
