1 316
0 0.9869394959
1 0.0050384770
2 0.0016112050
3 0.0009629802
4 0.0006239310
5 0.0004468650
6 0.0003428885
7 0.0002752208
8 0.0002280942
9 0.0001936412
10 0.0001674719
11 0.0001469722
12 0.0001305089
13 0.0001170178
14 0.0001057778
15 0.0000962830
16 0.0000881682
17 0.0000811631
18 0.0000750628
19 0.0000697094
20 0.0000649795
21 0.0000607746
22 0.0000570159
23 0.0000536391
24 0.0000505915
25 0.0000478294
26 0.0000453163
27 0.0000430218
28 0.0000409197
29 0.0000389880
30 0.0000372079
31 0.0000355630
32 0.0000340391
33 0.0000326242
34 0.0000313075
35 0.0000300796
36 0.0000289322
37 0.0000278581
38 0.0000268508
39 0.0000259047
40 0.0000250145
41 0.0000241757
42 0.0000233842
43 0.0000226363
44 0.0000219287
45 0.0000212583
46 0.0000206225
47 0.0000200188
48 0.0000194449
49 0.0000188989
50 0.0000183787
51 0.0000178827
52 0.0000174094
53 0.0000169574
54 0.0000165251
55 0.0000161116
56 0.0000157156
57 0.0000153361
58 0.0000149722
59 0.0000146229
60 0.0000142875
61 0.0000139652
62 0.0000136552
63 0.0000133569
64 0.0000130697
65 0.0000127930
66 0.0000125262
67 0.0000122690
68 0.0000120207
69 0.0000117810
70 0.0000115495
71 0.0000113257
72 0.0000111093
73 0.0000109000
74 0.0000106974
75 0.0000105012
76 0.0000103112
77 0.0000101270
78 0.0000099485
79 0.0000097753
80 0.0000096073
81 0.0000094442
82 0.0000092859
83 0.0000091321
84 0.0000089826
85 0.0000088374
86 0.0000086961
87 0.0000085588
88 0.0000084251
89 0.0000082950
90 0.0000081684
91 0.0000080450
92 0.0000079249
93 0.0000078078
94 0.0000076937
95 0.0000075825
96 0.0000074740
97 0.0000073682
98 0.0000072649
99 0.0000071642
100 0.0000070658
101 0.0000069697
102 0.0000068759
103 0.0000067843
104 0.0000066947
105 0.0000066072
106 0.0000065217
107 0.0000064380
108 0.0000063562
109 0.0000062762
110 0.0000061979
111 0.0000061213
112 0.0000060463
113 0.0000059729
114 0.0000059010
115 0.0000058306
116 0.0000057616
117 0.0000056941
118 0.0000056279
119 0.0000055630
120 0.0000054995
121 0.0000054371
122 0.0000053760
123 0.0000053161
124 0.0000052573
125 0.0000051996
126 0.0000051431
127 0.0000050875
128 0.0000050330
129 0.0000049796
130 0.0000049271
131 0.0000048755
132 0.0000048249
133 0.0000047752
134 0.0000047263
135 0.0000046783
136 0.0000046312
137 0.0000045849
138 0.0000045394
139 0.0000044946
140 0.0000044506
141 0.0000044074
142 0.0000043648
143 0.0000043230
144 0.0000042819
145 0.0000042415
146 0.0000042017
147 0.0000041625
148 0.0000041240
149 0.0000040861
150 0.0000040488
151 0.0000040120
152 0.0000039759
153 0.0000039403
154 0.0000039052
155 0.0000038707
156 0.0000038368
157 0.0000038033
158 0.0000037703
159 0.0000037379
160 0.0000037059
161 0.0000036744
162 0.0000036433
163 0.0000036127
164 0.0000035825
165 0.0000035528
166 0.0000035235
167 0.0000034946
168 0.0000034661
169 0.0000034380
170 0.0000034104
171 0.0000033830
172 0.0000033561
173 0.0000033296
174 0.0000033034
175 0.0000032775
176 0.0000032520
177 0.0000032269
178 0.0000032020
179 0.0000031776
180 0.0000031534
181 0.0000031295
182 0.0000031060
183 0.0000030827
184 0.0000030598
185 0.0000030372
186 0.0000030148
187 0.0000029927
188 0.0000029709
189 0.0000029494
190 0.0000029282
191 0.0000029072
192 0.0000028864
193 0.0000028660
194 0.0000028457
195 0.0000028257
196 0.0000028060
197 0.0000027865
198 0.0000027672
199 0.0000027482
200 0.0000027293
201 0.0000027107
202 0.0000026924
203 0.0000026742
204 0.0000026562
205 0.0000026385
206 0.0000026209
207 0.0000026036
208 0.0000025864
209 0.0000025695
210 0.0000025527
211 0.0000025361
212 0.0000025197
213 0.0000025035
214 0.0000024875
215 0.0000024716
216 0.0000024560
217 0.0000024404
218 0.0000024251
219 0.0000024099
220 0.0000023949
221 0.0000023800
222 0.0000023653
223 0.0000023508
224 0.0000023364
225 0.0000023221
226 0.0000023080
227 0.0000022941
228 0.0000022802
229 0.0000022666
230 0.0000022530
231 0.0000022397
232 0.0000022264
233 0.0000022133
234 0.0000022003
235 0.0000021874
236 0.0000021747
237 0.0000021621
238 0.0000021496
239 0.0000021372
240 0.0000021249
241 0.0000021128
242 0.0000021008
243 0.0000020889
244 0.0000020771
245 0.0000020654
246 0.0000020539
247 0.0000020424
248 0.0000020311
249 0.0000020198
250 0.0000020087
251 0.0000019976
252 0.0000019867
253 0.0000019758
254 0.0000019651
255 0.0000019544
256 0.0000019439
257 0.0000019334
258 0.0000019230
259 0.0000019127
260 0.0000019025
261 0.0000018924
262 0.0000018824
263 0.0000018725
264 0.0000018626
265 0.0000018528
266 0.0000018431
267 0.0000018335
268 0.0000018240
269 0.0000018145
270 0.0000018051
271 0.0000017958
272 0.0000017866
273 0.0000017774
274 0.0000017683
275 0.0000017592
276 0.0000017503
277 0.0000017413
278 0.0000017325
279 0.0000017237
280 0.0000017149
281 0.0000017063
282 0.0000016976
283 0.0000016890
284 0.0000016805
285 0.0000016720
286 0.0000016636
287 0.0000016551
288 0.0000016468
289 0.0000016384
290 0.0000016301
291 0.0000016218
292 0.0000016135
293 0.0000016052
294 0.0000015969
295 0.0000015886
296 0.0000015803
297 0.0000015719
298 0.0000015635
299 0.0000015550
300 0.0000015464
301 0.0000015376
302 0.0000015287
303 0.0000015196
304 0.0000015102
305 0.0000015004
306 0.0000014900
307 0.0000014790
308 0.0000014671
309 0.0000014538
310 0.0000014386
311 0.0000014205
312 0.0000013976
313 0.0000013667
314 0.0000013140
315 0.0000011620
316 0.0000000000
