0 348
0 0.9708022386
1 0.0083436783
2 0.0027165603
3 0.0016453978
4 0.0010627255
5 0.0007626265
6 0.0005921865
7 0.0004847033
8 0.0004117020
9 0.0003592503
10 0.0003197422
11 0.0002887807
12 0.0002637237
13 0.0002429225
14 0.0002253061
15 0.0002101508
16 0.0001969481
17 0.0001853283
18 0.0001750147
19 0.0001657941
20 0.0001574993
21 0.0001499963
22 0.0001431764
23 0.0001369501
24 0.0001312429
25 0.0001259926
26 0.0001211463
27 0.0001166591
28 0.0001124924
29 0.0001086132
30 0.0001049926
31 0.0001016056
32 0.0000984302
33 0.0000954474
34 0.0000926400
35 0.0000899930
36 0.0000874930
37 0.0000851282
38 0.0000828878
39 0.0000807624
40 0.0000787432
41 0.0000768225
42 0.0000749932
43 0.0000732491
44 0.0000715842
45 0.0000699933
46 0.0000684716
47 0.0000670147
48 0.0000656184
49 0.0000642791
50 0.0000629934
51 0.0000617582
52 0.0000605704
53 0.0000594274
54 0.0000583268
55 0.0000572662
56 0.0000562435
57 0.0000552567
58 0.0000543039
59 0.0000533834
60 0.0000524936
61 0.0000516329
62 0.0000508000
63 0.0000499936
64 0.0000492123
65 0.0000484551
66 0.0000477209
67 0.0000470085
68 0.0000463171
69 0.0000456458
70 0.0000449936
71 0.0000443598
72 0.0000437436
73 0.0000431443
74 0.0000425612
75 0.0000419936
76 0.0000414410
77 0.0000409027
78 0.0000403782
79 0.0000398670
80 0.0000393686
81 0.0000388825
82 0.0000384083
83 0.0000379454
84 0.0000374936
85 0.0000370524
86 0.0000366215
87 0.0000362005
88 0.0000357891
89 0.0000353869
90 0.0000349936
91 0.0000346090
92 0.0000342327
93 0.0000338646
94 0.0000335042
95 0.0000331515
96 0.0000328061
97 0.0000324678
98 0.0000321364
99 0.0000318117
100 0.0000314936
101 0.0000311817
102 0.0000308759
103 0.0000305761
104 0.0000302820
105 0.0000299935
106 0.0000297105
107 0.0000294328
108 0.0000291602
109 0.0000288926
110 0.0000286299
111 0.0000283719
112 0.0000281185
113 0.0000278696
114 0.0000276251
115 0.0000273848
116 0.0000271486
117 0.0000269165
118 0.0000266884
119 0.0000264640
120 0.0000262434
121 0.0000260265
122 0.0000258131
123 0.0000256031
124 0.0000253966
125 0.0000251934
126 0.0000249934
127 0.0000247965
128 0.0000246027
129 0.0000244119
130 0.0000242241
131 0.0000240391
132 0.0000238569
133 0.0000236775
134 0.0000235007
135 0.0000233266
136 0.0000231550
137 0.0000229860
138 0.0000228193
139 0.0000226551
140 0.0000224932
141 0.0000223336
142 0.0000221763
143 0.0000220212
144 0.0000218682
145 0.0000217173
146 0.0000215685
147 0.0000214217
148 0.0000212769
149 0.0000211340
150 0.0000209931
151 0.0000208540
152 0.0000207168
153 0.0000205813
154 0.0000204476
155 0.0000203156
156 0.0000201853
157 0.0000200567
158 0.0000199297
159 0.0000198043
160 0.0000196805
161 0.0000195582
162 0.0000194374
163 0.0000193181
164 0.0000192002
165 0.0000190838
166 0.0000189688
167 0.0000188551
168 0.0000187429
169 0.0000186319
170 0.0000185222
171 0.0000184139
172 0.0000183067
173 0.0000182009
174 0.0000180962
175 0.0000179928
176 0.0000178905
177 0.0000177893
178 0.0000176893
179 0.0000175904
180 0.0000174927
181 0.0000173960
182 0.0000173003
183 0.0000172057
184 0.0000171122
185 0.0000170196
186 0.0000169281
187 0.0000168375
188 0.0000167479
189 0.0000166592
190 0.0000165714
191 0.0000164846
192 0.0000163987
193 0.0000163137
194 0.0000162295
195 0.0000161463
196 0.0000160638
197 0.0000159822
198 0.0000159014
199 0.0000158215
200 0.0000157423
201 0.0000156639
202 0.0000155863
203 0.0000155095
204 0.0000154334
205 0.0000153581
206 0.0000152835
207 0.0000152096
208 0.0000151364
209 0.0000150639
210 0.0000149921
211 0.0000149210
212 0.0000148506
213 0.0000147808
214 0.0000147117
215 0.0000146432
216 0.0000145753
217 0.0000145081
218 0.0000144415
219 0.0000143755
220 0.0000143101
221 0.0000142453
222 0.0000141811
223 0.0000141174
224 0.0000140543
225 0.0000139918
226 0.0000139298
227 0.0000138684
228 0.0000138075
229 0.0000137472
230 0.0000136873
231 0.0000136280
232 0.0000135692
233 0.0000135109
234 0.0000134531
235 0.0000133958
236 0.0000133390
237 0.0000132827
238 0.0000132268
239 0.0000131714
240 0.0000131165
241 0.0000130620
242 0.0000130079
243 0.0000129543
244 0.0000129012
245 0.0000128485
246 0.0000127962
247 0.0000127443
248 0.0000126929
249 0.0000126418
250 0.0000125912
251 0.0000125410
252 0.0000124911
253 0.0000124417
254 0.0000123927
255 0.0000123440
256 0.0000122957
257 0.0000122478
258 0.0000122003
259 0.0000121531
260 0.0000121063
261 0.0000120599
262 0.0000120138
263 0.0000119680
264 0.0000119226
265 0.0000118776
266 0.0000118328
267 0.0000117885
268 0.0000117444
269 0.0000117007
270 0.0000116573
271 0.0000116142
272 0.0000115714
273 0.0000115290
274 0.0000114869
275 0.0000114450
276 0.0000114035
277 0.0000113622
278 0.0000113213
279 0.0000112807
280 0.0000112403
281 0.0000112002
282 0.0000111604
283 0.0000111209
284 0.0000110817
285 0.0000110428
286 0.0000110041
287 0.0000109657
288 0.0000109275
289 0.0000108896
290 0.0000108520
291 0.0000108147
292 0.0000107776
293 0.0000107407
294 0.0000107041
295 0.0000106677
296 0.0000106316
297 0.0000105958
298 0.0000105601
299 0.0000105247
300 0.0000104896
301 0.0000104547
302 0.0000104200
303 0.0000103855
304 0.0000103513
305 0.0000103173
306 0.0000102835
307 0.0000102499
308 0.0000102165
309 0.0000101834
310 0.0000101505
311 0.0000101178
312 0.0000100853
313 0.0000100530
314 0.0000100209
315 0.0000099890
316 0.0000099573
317 0.0000099258
318 0.0000098945
319 0.0000098634
320 0.0000098325
321 0.0000098018
322 0.0000097713
323 0.0000097409
324 0.0000097108
325 0.0000096808
326 0.0000096510
327 0.0000096215
328 0.0000095920
329 0.0000095628
330 0.0000095337
331 0.0000095048
332 0.0000094761
333 0.0000094476
334 0.0000094192
335 0.0000093910
336 0.0000093630
337 0.0000093351
338 0.0000093074
339 0.0000092798
340 0.0000092525
341 0.0000092252
342 0.0000091982
343 0.0000091713
344 0.0000091445
345 0.0000091179
346 0.0000090915
347 0.0000090652
348 0.0000090390
