0 2000
0 0.9918264365
1 0.0018733698
2 0.0007866403
3 0.0005485322
4 0.0004044249
5 0.0003189518
6 0.0002628579
7 0.0002228403
8 0.0001927971
9 0.0001694382
10 0.0001507727
11 0.0001355220
12 0.0001228311
13 0.0001121086
14 0.0001029322
15 0.0000949926
16 0.0000880577
17 0.0000819503
18 0.0000765321
19 0.0000716944
20 0.0000673499
21 0.0000634281
22 0.0000598712
23 0.0000566315
24 0.0000536694
25 0.0000509513
26 0.0000484491
27 0.0000461387
28 0.0000439995
29 0.0000420137
30 0.0000401659
31 0.0000384427
32 0.0000368323
33 0.0000353244
34 0.0000339100
35 0.0000325809
36 0.0000313300
37 0.0000301509
38 0.0000290378
39 0.0000279858
40 0.0000269900
41 0.0000260465
42 0.0000251513
43 0.0000243011
44 0.0000234928
45 0.0000227236
46 0.0000219908
47 0.0000212921
48 0.0000206254
49 0.0000199886
50 0.0000193799
51 0.0000187976
52 0.0000182403
53 0.0000177063
54 0.0000171945
55 0.0000167036
56 0.0000162324
57 0.0000157798
58 0.0000153449
59 0.0000149268
60 0.0000145246
61 0.0000141374
62 0.0000137646
63 0.0000134054
64 0.0000130592
65 0.0000127253
66 0.0000124032
67 0.0000120923
68 0.0000117922
69 0.0000115022
70 0.0000112220
71 0.0000109511
72 0.0000106892
73 0.0000104358
74 0.0000101906
75 0.0000099533
76 0.0000097234
77 0.0000095007
78 0.0000092850
79 0.0000090759
80 0.0000088732
81 0.0000086766
82 0.0000084859
83 0.0000083008
84 0.0000081212
85 0.0000079468
86 0.0000077775
87 0.0000076130
88 0.0000074532
89 0.0000072979
90 0.0000071470
91 0.0000070002
92 0.0000068576
93 0.0000067188
94 0.0000065838
95 0.0000064524
96 0.0000063245
97 0.0000062001
98 0.0000060789
99 0.0000059610
100 0.0000058461
101 0.0000057341
102 0.0000056251
103 0.0000055188
104 0.0000054152
105 0.0000053143
106 0.0000052158
107 0.0000051199
108 0.0000050263
109 0.0000049350
110 0.0000048459
111 0.0000047590
112 0.0000046742
113 0.0000045915
114 0.0000045107
115 0.0000044318
116 0.0000043548
117 0.0000042796
118 0.0000042062
119 0.0000041345
120 0.0000040644
121 0.0000039960
122 0.0000039291
123 0.0000038637
124 0.0000037999
125 0.0000037374
126 0.0000036764
127 0.0000036167
128 0.0000035584
129 0.0000035013
130 0.0000034455
131 0.0000033909
132 0.0000033375
133 0.0000032853
134 0.0000032342
135 0.0000031842
136 0.0000031352
137 0.0000030873
138 0.0000030404
139 0.0000029945
140 0.0000029496
141 0.0000029056
142 0.0000028626
143 0.0000028204
144 0.0000027791
145 0.0000027386
146 0.0000026990
147 0.0000026602
148 0.0000026221
149 0.0000025849
150 0.0000025484
151 0.0000025126
152 0.0000024775
153 0.0000024431
154 0.0000024095
155 0.0000023764
156 0.0000023441
157 0.0000023123
158 0.0000022812
159 0.0000022507
160 0.0000022208
161 0.0000021914
162 0.0000021627
163 0.0000021344
164 0.0000021067
165 0.0000020796
166 0.0000020529
167 0.0000020268
168 0.0000020011
169 0.0000019759
170 0.0000019512
171 0.0000019270
172 0.0000019032
173 0.0000018798
174 0.0000018569
175 0.0000018344
176 0.0000018123
177 0.0000017906
178 0.0000017693
179 0.0000017484
180 0.0000017278
181 0.0000017077
182 0.0000016879
183 0.0000016684
184 0.0000016493
185 0.0000016305
186 0.0000016121
187 0.0000015939
188 0.0000015761
189 0.0000015586
190 0.0000015415
191 0.0000015246
192 0.0000015080
193 0.0000014917
194 0.0000014756
195 0.0000014599
196 0.0000014444
197 0.0000014291
198 0.0000014142
199 0.0000013995
200 0.0000013850
201 0.0000013708
202 0.0000013568
203 0.0000013430
204 0.0000013295
205 0.0000013162
206 0.0000013031
207 0.0000012902
208 0.0000012776
209 0.0000012651
210 0.0000012529
211 0.0000012408
212 0.0000012289
213 0.0000012173
214 0.0000012058
215 0.0000011945
216 0.0000011834
217 0.0000011724
218 0.0000011617
219 0.0000011511
220 0.0000011406
221 0.0000011304
222 0.0000011203
223 0.0000011103
224 0.0000011005
225 0.0000010909
226 0.0000010814
227 0.0000010720
228 0.0000010628
229 0.0000010538
230 0.0000010448
231 0.0000010360
232 0.0000010274
233 0.0000010188
234 0.0000010104
235 0.0000010022
236 0.0000009940
237 0.0000009860
238 0.0000009781
239 0.0000009703
240 0.0000009626
241 0.0000009550
242 0.0000009476
243 0.0000009402
244 0.0000009330
245 0.0000009258
246 0.0000009188
247 0.0000009118
248 0.0000009050
249 0.0000008983
250 0.0000008916
251 0.0000008851
252 0.0000008786
253 0.0000008722
254 0.0000008660
255 0.0000008598
256 0.0000008537
257 0.0000008476
258 0.0000008417
259 0.0000008358
260 0.0000008301
261 0.0000008244
262 0.0000008187
263 0.0000008132
264 0.0000008077
265 0.0000008023
266 0.0000007970
267 0.0000007918
268 0.0000007866
269 0.0000007815
270 0.0000007764
271 0.0000007714
272 0.0000007665
273 0.0000007617
274 0.0000007569
275 0.0000007522
276 0.0000007475
277 0.0000007429
278 0.0000007383
279 0.0000007339
280 0.0000007294
281 0.0000007251
282 0.0000007207
283 0.0000007165
284 0.0000007123
285 0.0000007081
286 0.0000007040
287 0.0000006999
288 0.0000006959
289 0.0000006920
290 0.0000006881
291 0.0000006842
292 0.0000006804
293 0.0000006766
294 0.0000006729
295 0.0000006692
296 0.0000006656
297 0.0000006620
298 0.0000006584
299 0.0000006549
300 0.0000006515
301 0.0000006480
302 0.0000006447
303 0.0000006413
304 0.0000006380
305 0.0000006347
306 0.0000006315
307 0.0000006283
308 0.0000006252
309 0.0000006220
310 0.0000006189
311 0.0000006159
312 0.0000006129
313 0.0000006099
314 0.0000006069
315 0.0000006040
316 0.0000006011
317 0.0000005983
318 0.0000005955
319 0.0000005927
320 0.0000005899
321 0.0000005872
322 0.0000005845
323 0.0000005818
324 0.0000005791
325 0.0000005765
326 0.0000005739
327 0.0000005714
328 0.0000005688
329 0.0000005663
330 0.0000005638
331 0.0000005614
332 0.0000005589
333 0.0000005565
334 0.0000005542
335 0.0000005518
336 0.0000005495
337 0.0000005471
338 0.0000005449
339 0.0000005426
340 0.0000005403
341 0.0000005381
342 0.0000005359
343 0.0000005337
344 0.0000005316
345 0.0000005294
346 0.0000005273
347 0.0000005252
348 0.0000005232
349 0.0000005211
350 0.0000005191
351 0.0000005171
352 0.0000005151
353 0.0000005131
354 0.0000005111
355 0.0000005092
356 0.0000005073
357 0.0000005053
358 0.0000005035
359 0.0000005016
360 0.0000004997
361 0.0000004979
362 0.0000004961
363 0.0000004943
364 0.0000004925
365 0.0000004907
366 0.0000004889
367 0.0000004872
368 0.0000004855
369 0.0000004838
370 0.0000004821
371 0.0000004804
372 0.0000004787
373 0.0000004771
374 0.0000004754
375 0.0000004738
376 0.0000004722
377 0.0000004706
378 0.0000004690
379 0.0000004674
380 0.0000004659
381 0.0000004643
382 0.0000004628
383 0.0000004613
384 0.0000004598
385 0.0000004583
386 0.0000004568
387 0.0000004553
388 0.0000004538
389 0.0000004524
390 0.0000004509
391 0.0000004495
392 0.0000004481
393 0.0000004467
394 0.0000004453
395 0.0000004439
396 0.0000004426
397 0.0000004412
398 0.0000004398
399 0.0000004385
400 0.0000004372
401 0.0000004358
402 0.0000004345
403 0.0000004332
404 0.0000004319
405 0.0000004307
406 0.0000004294
407 0.0000004281
408 0.0000004269
409 0.0000004256
410 0.0000004244
411 0.0000004232
412 0.0000004219
413 0.0000004207
414 0.0000004195
415 0.0000004183
416 0.0000004171
417 0.0000004160
418 0.0000004148
419 0.0000004136
420 0.0000004125
421 0.0000004113
422 0.0000004102
423 0.0000004091
424 0.0000004080
425 0.0000004068
426 0.0000004057
427 0.0000004046
428 0.0000004035
429 0.0000004025
430 0.0000004014
431 0.0000004003
432 0.0000003992
433 0.0000003982
434 0.0000003971
435 0.0000003961
436 0.0000003951
437 0.0000003940
438 0.0000003930
439 0.0000003920
440 0.0000003910
441 0.0000003900
442 0.0000003890
443 0.0000003880
444 0.0000003870
445 0.0000003860
446 0.0000003850
447 0.0000003841
448 0.0000003831
449 0.0000003822
450 0.0000003812
451 0.0000003803
452 0.0000003793
453 0.0000003784
454 0.0000003775
455 0.0000003765
456 0.0000003756
457 0.0000003747
458 0.0000003738
459 0.0000003729
460 0.0000003720
461 0.0000003711
462 0.0000003702
463 0.0000003693
464 0.0000003685
465 0.0000003676
466 0.0000003667
467 0.0000003659
468 0.0000003650
469 0.0000003642
470 0.0000003633
471 0.0000003625
472 0.0000003616
473 0.0000003608
474 0.0000003600
475 0.0000003592
476 0.0000003583
477 0.0000003575
478 0.0000003567
479 0.0000003559
480 0.0000003551
481 0.0000003543
482 0.0000003535
483 0.0000003527
484 0.0000003519
485 0.0000003511
486 0.0000003504
487 0.0000003496
488 0.0000003488
489 0.0000003481
490 0.0000003473
491 0.0000003465
492 0.0000003458
493 0.0000003450
494 0.0000003443
495 0.0000003435
496 0.0000003428
497 0.0000003421
498 0.0000003413
499 0.0000003406
500 0.0000003399
501 0.0000003392
502 0.0000003384
503 0.0000003377
504 0.0000003370
505 0.0000003363
506 0.0000003356
507 0.0000003349
508 0.0000003342
509 0.0000003335
510 0.0000003328
511 0.0000003321
512 0.0000003315
513 0.0000003308
514 0.0000003301
515 0.0000003294
516 0.0000003288
517 0.0000003281
518 0.0000003274
519 0.0000003267
520 0.0000003261
521 0.0000003254
522 0.0000003248
523 0.0000003241
524 0.0000003235
525 0.0000003228
526 0.0000003222
527 0.0000003216
528 0.0000003209
529 0.0000003203
530 0.0000003197
531 0.0000003190
532 0.0000003184
533 0.0000003178
534 0.0000003172
535 0.0000003166
536 0.0000003159
537 0.0000003153
538 0.0000003147
539 0.0000003141
540 0.0000003135
541 0.0000003129
542 0.0000003123
543 0.0000003117
544 0.0000003111
545 0.0000003105
546 0.0000003099
547 0.0000003093
548 0.0000003088
549 0.0000003082
550 0.0000003076
551 0.0000003070
552 0.0000003065
553 0.0000003059
554 0.0000003053
555 0.0000003047
556 0.0000003042
557 0.0000003036
558 0.0000003031
559 0.0000003025
560 0.0000003019
561 0.0000003014
562 0.0000003008
563 0.0000003003
564 0.0000002997
565 0.0000002992
566 0.0000002987
567 0.0000002981
568 0.0000002976
569 0.0000002970
570 0.0000002965
571 0.0000002960
572 0.0000002954
573 0.0000002949
574 0.0000002944
575 0.0000002939
576 0.0000002933
577 0.0000002928
578 0.0000002923
579 0.0000002918
580 0.0000002913
581 0.0000002908
582 0.0000002902
583 0.0000002897
584 0.0000002892
585 0.0000002887
586 0.0000002882
587 0.0000002877
588 0.0000002872
589 0.0000002867
590 0.0000002862
591 0.0000002857
592 0.0000002852
593 0.0000002848
594 0.0000002843
595 0.0000002838
596 0.0000002833
597 0.0000002828
598 0.0000002823
599 0.0000002818
600 0.0000002814
601 0.0000002809
602 0.0000002804
603 0.0000002799
604 0.0000002795
605 0.0000002790
606 0.0000002785
607 0.0000002781
608 0.0000002776
609 0.0000002771
610 0.0000002767
611 0.0000002762
612 0.0000002758
613 0.0000002753
614 0.0000002749
615 0.0000002744
616 0.0000002739
617 0.0000002735
618 0.0000002731
619 0.0000002726
620 0.0000002722
621 0.0000002717
622 0.0000002713
623 0.0000002708
624 0.0000002704
625 0.0000002700
626 0.0000002695
627 0.0000002691
628 0.0000002687
629 0.0000002682
630 0.0000002678
631 0.0000002674
632 0.0000002669
633 0.0000002665
634 0.0000002661
635 0.0000002657
636 0.0000002652
637 0.0000002648
638 0.0000002644
639 0.0000002640
640 0.0000002636
641 0.0000002631
642 0.0000002627
643 0.0000002623
644 0.0000002619
645 0.0000002615
646 0.0000002611
647 0.0000002607
648 0.0000002603
649 0.0000002599
650 0.0000002595
651 0.0000002591
652 0.0000002587
653 0.0000002583
654 0.0000002579
655 0.0000002575
656 0.0000002571
657 0.0000002567
658 0.0000002563
659 0.0000002559
660 0.0000002555
661 0.0000002551
662 0.0000002547
663 0.0000002543
664 0.0000002540
665 0.0000002536
666 0.0000002532
667 0.0000002528
668 0.0000002524
669 0.0000002520
670 0.0000002517
671 0.0000002513
672 0.0000002509
673 0.0000002505
674 0.0000002502
675 0.0000002498
676 0.0000002494
677 0.0000002490
678 0.0000002487
679 0.0000002483
680 0.0000002479
681 0.0000002476
682 0.0000002472
683 0.0000002468
684 0.0000002465
685 0.0000002461
686 0.0000002458
687 0.0000002454
688 0.0000002450
689 0.0000002447
690 0.0000002443
691 0.0000002440
692 0.0000002436
693 0.0000002433
694 0.0000002429
695 0.0000002426
696 0.0000002422
697 0.0000002419
698 0.0000002415
699 0.0000002412
700 0.0000002408
701 0.0000002405
702 0.0000002401
703 0.0000002398
704 0.0000002394
705 0.0000002391
706 0.0000002388
707 0.0000002384
708 0.0000002381
709 0.0000002377
710 0.0000002374
711 0.0000002371
712 0.0000002367
713 0.0000002364
714 0.0000002361
715 0.0000002357
716 0.0000002354
717 0.0000002351
718 0.0000002348
719 0.0000002344
720 0.0000002341
721 0.0000002338
722 0.0000002335
723 0.0000002331
724 0.0000002328
725 0.0000002325
726 0.0000002322
727 0.0000002318
728 0.0000002315
729 0.0000002312
730 0.0000002309
731 0.0000002306
732 0.0000002302
733 0.0000002299
734 0.0000002296
735 0.0000002293
736 0.0000002290
737 0.0000002287
738 0.0000002284
739 0.0000002281
740 0.0000002278
741 0.0000002274
742 0.0000002271
743 0.0000002268
744 0.0000002265
745 0.0000002262
746 0.0000002259
747 0.0000002256
748 0.0000002253
749 0.0000002250
750 0.0000002247
751 0.0000002244
752 0.0000002241
753 0.0000002238
754 0.0000002235
755 0.0000002232
756 0.0000002229
757 0.0000002226
758 0.0000002223
759 0.0000002220
760 0.0000002217
761 0.0000002215
762 0.0000002212
763 0.0000002209
764 0.0000002206
765 0.0000002203
766 0.0000002200
767 0.0000002197
768 0.0000002194
769 0.0000002191
770 0.0000002189
771 0.0000002186
772 0.0000002183
773 0.0000002180
774 0.0000002177
775 0.0000002174
776 0.0000002172
777 0.0000002169
778 0.0000002166
779 0.0000002163
780 0.0000002160
781 0.0000002158
782 0.0000002155
783 0.0000002152
784 0.0000002149
785 0.0000002147
786 0.0000002144
787 0.0000002141
788 0.0000002139
789 0.0000002136
790 0.0000002133
791 0.0000002130
792 0.0000002128
793 0.0000002125
794 0.0000002122
795 0.0000002120
796 0.0000002117
797 0.0000002114
798 0.0000002112
799 0.0000002109
800 0.0000002106
801 0.0000002104
802 0.0000002101
803 0.0000002098
804 0.0000002096
805 0.0000002093
806 0.0000002091
807 0.0000002088
808 0.0000002085
809 0.0000002083
810 0.0000002080
811 0.0000002078
812 0.0000002075
813 0.0000002073
814 0.0000002070
815 0.0000002068
816 0.0000002065
817 0.0000002062
818 0.0000002060
819 0.0000002057
820 0.0000002055
821 0.0000002052
822 0.0000002050
823 0.0000002047
824 0.0000002045
825 0.0000002042
826 0.0000002040
827 0.0000002037
828 0.0000002035
829 0.0000002033
830 0.0000002030
831 0.0000002028
832 0.0000002025
833 0.0000002023
834 0.0000002020
835 0.0000002018
836 0.0000002016
837 0.0000002013
838 0.0000002011
839 0.0000002008
840 0.0000002006
841 0.0000002004
842 0.0000002001
843 0.0000001999
844 0.0000001996
845 0.0000001994
846 0.0000001992
847 0.0000001989
848 0.0000001987
849 0.0000001985
850 0.0000001982
851 0.0000001980
852 0.0000001978
853 0.0000001975
854 0.0000001973
855 0.0000001971
856 0.0000001968
857 0.0000001966
858 0.0000001964
859 0.0000001961
860 0.0000001959
861 0.0000001957
862 0.0000001955
863 0.0000001952
864 0.0000001950
865 0.0000001948
866 0.0000001946
867 0.0000001943
868 0.0000001941
869 0.0000001939
870 0.0000001937
871 0.0000001934
872 0.0000001932
873 0.0000001930
874 0.0000001928
875 0.0000001926
876 0.0000001923
877 0.0000001921
878 0.0000001919
879 0.0000001917
880 0.0000001915
881 0.0000001912
882 0.0000001910
883 0.0000001908
884 0.0000001906
885 0.0000001904
886 0.0000001902
887 0.0000001899
888 0.0000001897
889 0.0000001895
890 0.0000001893
891 0.0000001891
892 0.0000001889
893 0.0000001887
894 0.0000001885
895 0.0000001882
896 0.0000001880
897 0.0000001878
898 0.0000001876
899 0.0000001874
900 0.0000001872
901 0.0000001870
902 0.0000001868
903 0.0000001866
904 0.0000001864
905 0.0000001862
906 0.0000001860
907 0.0000001858
908 0.0000001855
909 0.0000001853
910 0.0000001851
911 0.0000001849
912 0.0000001847
913 0.0000001845
914 0.0000001843
915 0.0000001841
916 0.0000001839
917 0.0000001837
918 0.0000001835
919 0.0000001833
920 0.0000001831
921 0.0000001829
922 0.0000001827
923 0.0000001825
924 0.0000001823
925 0.0000001821
926 0.0000001819
927 0.0000001817
928 0.0000001815
929 0.0000001813
930 0.0000001812
931 0.0000001810
932 0.0000001808
933 0.0000001806
934 0.0000001804
935 0.0000001802
936 0.0000001800
937 0.0000001798
938 0.0000001796
939 0.0000001794
940 0.0000001792
941 0.0000001790
942 0.0000001788
943 0.0000001787
944 0.0000001785
945 0.0000001783
946 0.0000001781
947 0.0000001779
948 0.0000001777
949 0.0000001775
950 0.0000001773
951 0.0000001771
952 0.0000001770
953 0.0000001768
954 0.0000001766
955 0.0000001764
956 0.0000001762
957 0.0000001760
958 0.0000001758
959 0.0000001757
960 0.0000001755
961 0.0000001753
962 0.0000001751
963 0.0000001749
964 0.0000001748
965 0.0000001746
966 0.0000001744
967 0.0000001742
968 0.0000001740
969 0.0000001739
970 0.0000001737
971 0.0000001735
972 0.0000001733
973 0.0000001731
974 0.0000001730
975 0.0000001728
976 0.0000001726
977 0.0000001724
978 0.0000001722
979 0.0000001721
980 0.0000001719
981 0.0000001717
982 0.0000001715
983 0.0000001714
984 0.0000001712
985 0.0000001710
986 0.0000001708
987 0.0000001707
988 0.0000001705
989 0.0000001703
990 0.0000001702
991 0.0000001700
992 0.0000001698
993 0.0000001696
994 0.0000001695
995 0.0000001693
996 0.0000001691
997 0.0000001690
998 0.0000001688
999 0.0000001686
1000 0.0000001685
1001 0.0000001683
1002 0.0000001681
1003 0.0000001679
1004 0.0000001678
1005 0.0000001676
1006 0.0000001674
1007 0.0000001673
1008 0.0000001671
1009 0.0000001669
1010 0.0000001668
1011 0.0000001666
1012 0.0000001665
1013 0.0000001663
1014 0.0000001661
1015 0.0000001660
1016 0.0000001658
1017 0.0000001656
1018 0.0000001655
1019 0.0000001653
1020 0.0000001651
1021 0.0000001650
1022 0.0000001648
1023 0.0000001647
1024 0.0000001645
1025 0.0000001643
1026 0.0000001642
1027 0.0000001640
1028 0.0000001639
1029 0.0000001637
1030 0.0000001635
1031 0.0000001634
1032 0.0000001632
1033 0.0000001631
1034 0.0000001629
1035 0.0000001627
1036 0.0000001626
1037 0.0000001624
1038 0.0000001623
1039 0.0000001621
1040 0.0000001620
1041 0.0000001618
1042 0.0000001617
1043 0.0000001615
1044 0.0000001613
1045 0.0000001612
1046 0.0000001610
1047 0.0000001609
1048 0.0000001607
1049 0.0000001606
1050 0.0000001604
1051 0.0000001603
1052 0.0000001601
1053 0.0000001600
1054 0.0000001598
1055 0.0000001597
1056 0.0000001595
1057 0.0000001594
1058 0.0000001592
1059 0.0000001591
1060 0.0000001589
1061 0.0000001588
1062 0.0000001586
1063 0.0000001585
1064 0.0000001583
1065 0.0000001582
1066 0.0000001580
1067 0.0000001579
1068 0.0000001577
1069 0.0000001576
1070 0.0000001574
1071 0.0000001573
1072 0.0000001571
1073 0.0000001570
1074 0.0000001568
1075 0.0000001567
1076 0.0000001565
1077 0.0000001564
1078 0.0000001562
1079 0.0000001561
1080 0.0000001560
1081 0.0000001558
1082 0.0000001557
1083 0.0000001555
1084 0.0000001554
1085 0.0000001552
1086 0.0000001551
1087 0.0000001549
1088 0.0000001548
1089 0.0000001547
1090 0.0000001545
1091 0.0000001544
1092 0.0000001542
1093 0.0000001541
1094 0.0000001540
1095 0.0000001538
1096 0.0000001537
1097 0.0000001535
1098 0.0000001534
1099 0.0000001533
1100 0.0000001531
1101 0.0000001530
1102 0.0000001528
1103 0.0000001527
1104 0.0000001526
1105 0.0000001524
1106 0.0000001523
1107 0.0000001521
1108 0.0000001520
1109 0.0000001519
1110 0.0000001517
1111 0.0000001516
1112 0.0000001515
1113 0.0000001513
1114 0.0000001512
1115 0.0000001510
1116 0.0000001509
1117 0.0000001508
1118 0.0000001506
1119 0.0000001505
1120 0.0000001504
1121 0.0000001502
1122 0.0000001501
1123 0.0000001500
1124 0.0000001498
1125 0.0000001497
1126 0.0000001496
1127 0.0000001494
1128 0.0000001493
1129 0.0000001492
1130 0.0000001490
1131 0.0000001489
1132 0.0000001488
1133 0.0000001486
1134 0.0000001485
1135 0.0000001484
1136 0.0000001482
1137 0.0000001481
1138 0.0000001480
1139 0.0000001479
1140 0.0000001477
1141 0.0000001476
1142 0.0000001475
1143 0.0000001473
1144 0.0000001472
1145 0.0000001471
1146 0.0000001469
1147 0.0000001468
1148 0.0000001467
1149 0.0000001466
1150 0.0000001464
1151 0.0000001463
1152 0.0000001462
1153 0.0000001461
1154 0.0000001459
1155 0.0000001458
1156 0.0000001457
1157 0.0000001455
1158 0.0000001454
1159 0.0000001453
1160 0.0000001452
1161 0.0000001450
1162 0.0000001449
1163 0.0000001448
1164 0.0000001447
1165 0.0000001445
1166 0.0000001444
1167 0.0000001443
1168 0.0000001442
1169 0.0000001441
1170 0.0000001439
1171 0.0000001438
1172 0.0000001437
1173 0.0000001436
1174 0.0000001434
1175 0.0000001433
1176 0.0000001432
1177 0.0000001431
1178 0.0000001429
1179 0.0000001428
1180 0.0000001427
1181 0.0000001426
1182 0.0000001425
1183 0.0000001423
1184 0.0000001422
1185 0.0000001421
1186 0.0000001420
1187 0.0000001419
1188 0.0000001417
1189 0.0000001416
1190 0.0000001415
1191 0.0000001414
1192 0.0000001413
1193 0.0000001411
1194 0.0000001410
1195 0.0000001409
1196 0.0000001408
1197 0.0000001407
1198 0.0000001406
1199 0.0000001404
1200 0.0000001403
1201 0.0000001402
1202 0.0000001401
1203 0.0000001400
1204 0.0000001399
1205 0.0000001397
1206 0.0000001396
1207 0.0000001395
1208 0.0000001394
1209 0.0000001393
1210 0.0000001392
1211 0.0000001390
1212 0.0000001389
1213 0.0000001388
1214 0.0000001387
1215 0.0000001386
1216 0.0000001385
1217 0.0000001384
1218 0.0000001382
1219 0.0000001381
1220 0.0000001380
1221 0.0000001379
1222 0.0000001378
1223 0.0000001377
1224 0.0000001376
1225 0.0000001374
1226 0.0000001373
1227 0.0000001372
1228 0.0000001371
1229 0.0000001370
1230 0.0000001369
1231 0.0000001368
1232 0.0000001367
1233 0.0000001366
1234 0.0000001364
1235 0.0000001363
1236 0.0000001362
1237 0.0000001361
1238 0.0000001360
1239 0.0000001359
1240 0.0000001358
1241 0.0000001357
1242 0.0000001356
1243 0.0000001354
1244 0.0000001353
1245 0.0000001352
1246 0.0000001351
1247 0.0000001350
1248 0.0000001349
1249 0.0000001348
1250 0.0000001347
1251 0.0000001346
1252 0.0000001345
1253 0.0000001344
1254 0.0000001343
1255 0.0000001341
1256 0.0000001340
1257 0.0000001339
1258 0.0000001338
1259 0.0000001337
1260 0.0000001336
1261 0.0000001335
1262 0.0000001334
1263 0.0000001333
1264 0.0000001332
1265 0.0000001331
1266 0.0000001330
1267 0.0000001329
1268 0.0000001328
1269 0.0000001327
1270 0.0000001326
1271 0.0000001325
1272 0.0000001323
1273 0.0000001322
1274 0.0000001321
1275 0.0000001320
1276 0.0000001319
1277 0.0000001318
1278 0.0000001317
1279 0.0000001316
1280 0.0000001315
1281 0.0000001314
1282 0.0000001313
1283 0.0000001312
1284 0.0000001311
1285 0.0000001310
1286 0.0000001309
1287 0.0000001308
1288 0.0000001307
1289 0.0000001306
1290 0.0000001305
1291 0.0000001304
1292 0.0000001303
1293 0.0000001302
1294 0.0000001301
1295 0.0000001300
1296 0.0000001299
1297 0.0000001298
1298 0.0000001297
1299 0.0000001296
1300 0.0000001295
1301 0.0000001294
1302 0.0000001293
1303 0.0000001292
1304 0.0000001291
1305 0.0000001290
1306 0.0000001289
1307 0.0000001288
1308 0.0000001287
1309 0.0000001286
1310 0.0000001285
1311 0.0000001284
1312 0.0000001283
1313 0.0000001282
1314 0.0000001281
1315 0.0000001280
1316 0.0000001279
1317 0.0000001278
1318 0.0000001277
1319 0.0000001276
1320 0.0000001275
1321 0.0000001274
1322 0.0000001273
1323 0.0000001272
1324 0.0000001271
1325 0.0000001270
1326 0.0000001269
1327 0.0000001268
1328 0.0000001267
1329 0.0000001266
1330 0.0000001266
1331 0.0000001265
1332 0.0000001264
1333 0.0000001263
1334 0.0000001262
1335 0.0000001261
1336 0.0000001260
1337 0.0000001259
1338 0.0000001258
1339 0.0000001257
1340 0.0000001256
1341 0.0000001255
1342 0.0000001254
1343 0.0000001253
1344 0.0000001252
1345 0.0000001251
1346 0.0000001250
1347 0.0000001249
1348 0.0000001249
1349 0.0000001248
1350 0.0000001247
1351 0.0000001246
1352 0.0000001245
1353 0.0000001244
1354 0.0000001243
1355 0.0000001242
1356 0.0000001241
1357 0.0000001240
1358 0.0000001239
1359 0.0000001238
1360 0.0000001237
1361 0.0000001237
1362 0.0000001236
1363 0.0000001235
1364 0.0000001234
1365 0.0000001233
1366 0.0000001232
1367 0.0000001231
1368 0.0000001230
1369 0.0000001229
1370 0.0000001228
1371 0.0000001227
1372 0.0000001227
1373 0.0000001226
1374 0.0000001225
1375 0.0000001224
1376 0.0000001223
1377 0.0000001222
1378 0.0000001221
1379 0.0000001220
1380 0.0000001219
1381 0.0000001219
1382 0.0000001218
1383 0.0000001217
1384 0.0000001216
1385 0.0000001215
1386 0.0000001214
1387 0.0000001213
1388 0.0000001212
1389 0.0000001211
1390 0.0000001211
1391 0.0000001210
1392 0.0000001209
1393 0.0000001208
1394 0.0000001207
1395 0.0000001206
1396 0.0000001205
1397 0.0000001204
1398 0.0000001204
1399 0.0000001203
1400 0.0000001202
1401 0.0000001201
1402 0.0000001200
1403 0.0000001199
1404 0.0000001198
1405 0.0000001198
1406 0.0000001197
1407 0.0000001196
1408 0.0000001195
1409 0.0000001194
1410 0.0000001193
1411 0.0000001192
1412 0.0000001192
1413 0.0000001191
1414 0.0000001190
1415 0.0000001189
1416 0.0000001188
1417 0.0000001187
1418 0.0000001187
1419 0.0000001186
1420 0.0000001185
1421 0.0000001184
1422 0.0000001183
1423 0.0000001182
1424 0.0000001181
1425 0.0000001181
1426 0.0000001180
1427 0.0000001179
1428 0.0000001178
1429 0.0000001177
1430 0.0000001177
1431 0.0000001176
1432 0.0000001175
1433 0.0000001174
1434 0.0000001173
1435 0.0000001172
1436 0.0000001172
1437 0.0000001171
1438 0.0000001170
1439 0.0000001169
1440 0.0000001168
1441 0.0000001167
1442 0.0000001167
1443 0.0000001166
1444 0.0000001165
1445 0.0000001164
1446 0.0000001163
1447 0.0000001163
1448 0.0000001162
1449 0.0000001161
1450 0.0000001160
1451 0.0000001159
1452 0.0000001159
1453 0.0000001158
1454 0.0000001157
1455 0.0000001156
1456 0.0000001155
1457 0.0000001155
1458 0.0000001154
1459 0.0000001153
1460 0.0000001152
1461 0.0000001151
1462 0.0000001151
1463 0.0000001150
1464 0.0000001149
1465 0.0000001148
1466 0.0000001147
1467 0.0000001147
1468 0.0000001146
1469 0.0000001145
1470 0.0000001144
1471 0.0000001143
1472 0.0000001143
1473 0.0000001142
1474 0.0000001141
1475 0.0000001140
1476 0.0000001140
1477 0.0000001139
1478 0.0000001138
1479 0.0000001137
1480 0.0000001136
1481 0.0000001136
1482 0.0000001135
1483 0.0000001134
1484 0.0000001133
1485 0.0000001133
1486 0.0000001132
1487 0.0000001131
1488 0.0000001130
1489 0.0000001130
1490 0.0000001129
1491 0.0000001128
1492 0.0000001127
1493 0.0000001126
1494 0.0000001126
1495 0.0000001125
1496 0.0000001124
1497 0.0000001123
1498 0.0000001123
1499 0.0000001122
1500 0.0000001121
1501 0.0000001120
1502 0.0000001120
1503 0.0000001119
1504 0.0000001118
1505 0.0000001117
1506 0.0000001117
1507 0.0000001116
1508 0.0000001115
1509 0.0000001114
1510 0.0000001114
1511 0.0000001113
1512 0.0000001112
1513 0.0000001111
1514 0.0000001111
1515 0.0000001110
1516 0.0000001109
1517 0.0000001108
1518 0.0000001108
1519 0.0000001107
1520 0.0000001106
1521 0.0000001106
1522 0.0000001105
1523 0.0000001104
1524 0.0000001103
1525 0.0000001103
1526 0.0000001102
1527 0.0000001101
1528 0.0000001100
1529 0.0000001100
1530 0.0000001099
1531 0.0000001098
1532 0.0000001097
1533 0.0000001097
1534 0.0000001096
1535 0.0000001095
1536 0.0000001095
1537 0.0000001094
1538 0.0000001093
1539 0.0000001092
1540 0.0000001092
1541 0.0000001091
1542 0.0000001090
1543 0.0000001090
1544 0.0000001089
1545 0.0000001088
1546 0.0000001087
1547 0.0000001087
1548 0.0000001086
1549 0.0000001085
1550 0.0000001085
1551 0.0000001084
1552 0.0000001083
1553 0.0000001082
1554 0.0000001082
1555 0.0000001081
1556 0.0000001080
1557 0.0000001080
1558 0.0000001079
1559 0.0000001078
1560 0.0000001078
1561 0.0000001077
1562 0.0000001076
1563 0.0000001075
1564 0.0000001075
1565 0.0000001074
1566 0.0000001073
1567 0.0000001073
1568 0.0000001072
1569 0.0000001071
1570 0.0000001071
1571 0.0000001070
1572 0.0000001069
1573 0.0000001069
1574 0.0000001068
1575 0.0000001067
1576 0.0000001066
1577 0.0000001066
1578 0.0000001065
1579 0.0000001064
1580 0.0000001064
1581 0.0000001063
1582 0.0000001062
1583 0.0000001062
1584 0.0000001061
1585 0.0000001060
1586 0.0000001060
1587 0.0000001059
1588 0.0000001058
1589 0.0000001058
1590 0.0000001057
1591 0.0000001056
1592 0.0000001056
1593 0.0000001055
1594 0.0000001054
1595 0.0000001054
1596 0.0000001053
1597 0.0000001052
1598 0.0000001052
1599 0.0000001051
1600 0.0000001050
1601 0.0000001050
1602 0.0000001049
1603 0.0000001048
1604 0.0000001048
1605 0.0000001047
1606 0.0000001046
1607 0.0000001046
1608 0.0000001045
1609 0.0000001044
1610 0.0000001044
1611 0.0000001043
1612 0.0000001042
1613 0.0000001042
1614 0.0000001041
1615 0.0000001040
1616 0.0000001040
1617 0.0000001039
1618 0.0000001038
1619 0.0000001038
1620 0.0000001037
1621 0.0000001036
1622 0.0000001036
1623 0.0000001035
1624 0.0000001034
1625 0.0000001034
1626 0.0000001033
1627 0.0000001032
1628 0.0000001032
1629 0.0000001031
1630 0.0000001031
1631 0.0000001030
1632 0.0000001029
1633 0.0000001029
1634 0.0000001028
1635 0.0000001027
1636 0.0000001027
1637 0.0000001026
1638 0.0000001025
1639 0.0000001025
1640 0.0000001024
1641 0.0000001023
1642 0.0000001023
1643 0.0000001022
1644 0.0000001022
1645 0.0000001021
1646 0.0000001020
1647 0.0000001020
1648 0.0000001019
1649 0.0000001018
1650 0.0000001018
1651 0.0000001017
1652 0.0000001017
1653 0.0000001016
1654 0.0000001015
1655 0.0000001015
1656 0.0000001014
1657 0.0000001013
1658 0.0000001013
1659 0.0000001012
1660 0.0000001012
1661 0.0000001011
1662 0.0000001010
1663 0.0000001010
1664 0.0000001009
1665 0.0000001008
1666 0.0000001008
1667 0.0000001007
1668 0.0000001007
1669 0.0000001006
1670 0.0000001005
1671 0.0000001005
1672 0.0000001004
1673 0.0000001003
1674 0.0000001003
1675 0.0000001002
1676 0.0000001002
1677 0.0000001001
1678 0.0000001000
1679 0.0000001000
1680 0.0000000999
1681 0.0000000999
1682 0.0000000998
1683 0.0000000997
1684 0.0000000997
1685 0.0000000996
1686 0.0000000996
1687 0.0000000995
1688 0.0000000994
1689 0.0000000994
1690 0.0000000993
1691 0.0000000993
1692 0.0000000992
1693 0.0000000991
1694 0.0000000991
1695 0.0000000990
1696 0.0000000990
1697 0.0000000989
1698 0.0000000988
1699 0.0000000988
1700 0.0000000987
1701 0.0000000987
1702 0.0000000986
1703 0.0000000985
1704 0.0000000985
1705 0.0000000984
1706 0.0000000984
1707 0.0000000983
1708 0.0000000982
1709 0.0000000982
1710 0.0000000981
1711 0.0000000981
1712 0.0000000980
1713 0.0000000979
1714 0.0000000979
1715 0.0000000978
1716 0.0000000978
1717 0.0000000977
1718 0.0000000976
1719 0.0000000976
1720 0.0000000975
1721 0.0000000975
1722 0.0000000974
1723 0.0000000974
1724 0.0000000973
1725 0.0000000972
1726 0.0000000972
1727 0.0000000971
1728 0.0000000971
1729 0.0000000970
1730 0.0000000969
1731 0.0000000969
1732 0.0000000968
1733 0.0000000968
1734 0.0000000967
1735 0.0000000967
1736 0.0000000966
1737 0.0000000965
1738 0.0000000965
1739 0.0000000964
1740 0.0000000964
1741 0.0000000963
1742 0.0000000963
1743 0.0000000962
1744 0.0000000961
1745 0.0000000961
1746 0.0000000960
1747 0.0000000960
1748 0.0000000959
1749 0.0000000959
1750 0.0000000958
1751 0.0000000957
1752 0.0000000957
1753 0.0000000956
1754 0.0000000956
1755 0.0000000955
1756 0.0000000955
1757 0.0000000954
1758 0.0000000953
1759 0.0000000953
1760 0.0000000952
1761 0.0000000952
1762 0.0000000951
1763 0.0000000951
1764 0.0000000950
1765 0.0000000949
1766 0.0000000949
1767 0.0000000948
1768 0.0000000948
1769 0.0000000947
1770 0.0000000947
1771 0.0000000946
1772 0.0000000946
1773 0.0000000945
1774 0.0000000944
1775 0.0000000944
1776 0.0000000943
1777 0.0000000943
1778 0.0000000942
1779 0.0000000942
1780 0.0000000941
1781 0.0000000941
1782 0.0000000940
1783 0.0000000939
1784 0.0000000939
1785 0.0000000938
1786 0.0000000938
1787 0.0000000937
1788 0.0000000937
1789 0.0000000936
1790 0.0000000936
1791 0.0000000935
1792 0.0000000934
1793 0.0000000934
1794 0.0000000933
1795 0.0000000933
1796 0.0000000932
1797 0.0000000932
1798 0.0000000931
1799 0.0000000931
1800 0.0000000930
1801 0.0000000929
1802 0.0000000929
1803 0.0000000928
1804 0.0000000928
1805 0.0000000927
1806 0.0000000927
1807 0.0000000926
1808 0.0000000926
1809 0.0000000925
1810 0.0000000925
1811 0.0000000924
1812 0.0000000924
1813 0.0000000923
1814 0.0000000922
1815 0.0000000922
1816 0.0000000921
1817 0.0000000921
1818 0.0000000920
1819 0.0000000920
1820 0.0000000919
1821 0.0000000919
1822 0.0000000918
1823 0.0000000918
1824 0.0000000917
1825 0.0000000916
1826 0.0000000916
1827 0.0000000915
1828 0.0000000915
1829 0.0000000914
1830 0.0000000914
1831 0.0000000913
1832 0.0000000913
1833 0.0000000912
1834 0.0000000912
1835 0.0000000911
1836 0.0000000911
1837 0.0000000910
1838 0.0000000910
1839 0.0000000909
1840 0.0000000908
1841 0.0000000908
1842 0.0000000907
1843 0.0000000907
1844 0.0000000906
1845 0.0000000906
1846 0.0000000905
1847 0.0000000905
1848 0.0000000904
1849 0.0000000904
1850 0.0000000903
1851 0.0000000903
1852 0.0000000902
1853 0.0000000902
1854 0.0000000901
1855 0.0000000900
1856 0.0000000900
1857 0.0000000899
1858 0.0000000899
1859 0.0000000898
1860 0.0000000898
1861 0.0000000897
1862 0.0000000897
1863 0.0000000896
1864 0.0000000896
1865 0.0000000895
1866 0.0000000895
1867 0.0000000894
1868 0.0000000894
1869 0.0000000893
1870 0.0000000893
1871 0.0000000892
1872 0.0000000891
1873 0.0000000891
1874 0.0000000890
1875 0.0000000890
1876 0.0000000889
1877 0.0000000889
1878 0.0000000888
1879 0.0000000888
1880 0.0000000887
1881 0.0000000887
1882 0.0000000886
1883 0.0000000886
1884 0.0000000885
1885 0.0000000885
1886 0.0000000884
1887 0.0000000884
1888 0.0000000883
1889 0.0000000882
1890 0.0000000882
1891 0.0000000881
1892 0.0000000881
1893 0.0000000880
1894 0.0000000880
1895 0.0000000879
1896 0.0000000879
1897 0.0000000878
1898 0.0000000878
1899 0.0000000877
1900 0.0000000877
1901 0.0000000876
1902 0.0000000876
1903 0.0000000875
1904 0.0000000875
1905 0.0000000874
1906 0.0000000874
1907 0.0000000873
1908 0.0000000872
1909 0.0000000872
1910 0.0000000871
1911 0.0000000871
1912 0.0000000870
1913 0.0000000870
1914 0.0000000869
1915 0.0000000869
1916 0.0000000868
1917 0.0000000868
1918 0.0000000867
1919 0.0000000867
1920 0.0000000866
1921 0.0000000866
1922 0.0000000865
1923 0.0000000864
1924 0.0000000864
1925 0.0000000863
1926 0.0000000863
1927 0.0000000862
1928 0.0000000862
1929 0.0000000861
1930 0.0000000861
1931 0.0000000860
1932 0.0000000860
1933 0.0000000859
1934 0.0000000859
1935 0.0000000858
1936 0.0000000857
1937 0.0000000857
1938 0.0000000856
1939 0.0000000856
1940 0.0000000855
1941 0.0000000855
1942 0.0000000854
1943 0.0000000854
1944 0.0000000853
1945 0.0000000853
1946 0.0000000852
1947 0.0000000851
1948 0.0000000851
1949 0.0000000850
1950 0.0000000850
1951 0.0000000849
1952 0.0000000849
1953 0.0000000848
1954 0.0000000847
1955 0.0000000847
1956 0.0000000846
1957 0.0000000846
1958 0.0000000845
1959 0.0000000845
1960 0.0000000844
1961 0.0000000843
1962 0.0000000843
1963 0.0000000842
1964 0.0000000841
1965 0.0000000841
1966 0.0000000840
1967 0.0000000840
1968 0.0000000839
1969 0.0000000838
1970 0.0000000838
1971 0.0000000837
1972 0.0000000836
1973 0.0000000836
1974 0.0000000835
1975 0.0000000834
1976 0.0000000833
1977 0.0000000833
1978 0.0000000832
1979 0.0000000831
1980 0.0000000830
1981 0.0000000829
1982 0.0000000828
1983 0.0000000827
1984 0.0000000826
1985 0.0000000825
1986 0.0000000824
1987 0.0000000823
1988 0.0000000821
1989 0.0000000820
1990 0.0000000818
1991 0.0000000816
1992 0.0000000814
1993 0.0000000811
1994 0.0000000807
1995 0.0000000802
1996 0.0000000794
1997 0.0000000783
1998 0.0000000759
1999 0.0000000677
2000 0.0000000000
