0 348
0 0.9717919458
1 0.0080608553
2 0.0026244779
3 0.0015896243
4 0.0010267026
5 0.0007367760
6 0.0005721133
7 0.0004682735
8 0.0003977467
9 0.0003470729
10 0.0003089040
11 0.0002789920
12 0.0002547844
13 0.0002346882
14 0.0002176690
15 0.0002030274
16 0.0001902722
17 0.0001790463
18 0.0001690823
19 0.0001601742
20 0.0001521606
21 0.0001449119
22 0.0001383232
23 0.0001323079
24 0.0001267942
25 0.0001217219
26 0.0001170399
27 0.0001127047
28 0.0001086793
29 0.0001049315
30 0.0001014337
31 0.0000981615
32 0.0000950938
33 0.0000922120
34 0.0000894998
35 0.0000869425
36 0.0000845273
37 0.0000822426
38 0.0000800782
39 0.0000780248
40 0.0000760741
41 0.0000742185
42 0.0000724512
43 0.0000707662
44 0.0000691578
45 0.0000676208
46 0.0000661507
47 0.0000647431
48 0.0000633942
49 0.0000621003
50 0.0000608582
51 0.0000596648
52 0.0000585172
53 0.0000574130
54 0.0000563497
55 0.0000553251
56 0.0000543371
57 0.0000533837
58 0.0000524632
59 0.0000515739
60 0.0000507142
61 0.0000498827
62 0.0000490781
63 0.0000482990
64 0.0000475442
65 0.0000468127
66 0.0000461033
67 0.0000454151
68 0.0000447471
69 0.0000440986
70 0.0000434685
71 0.0000428562
72 0.0000422609
73 0.0000416819
74 0.0000411185
75 0.0000405702
76 0.0000400363
77 0.0000395163
78 0.0000390096
79 0.0000385157
80 0.0000380342
81 0.0000375645
82 0.0000371064
83 0.0000366592
84 0.0000362227
85 0.0000357965
86 0.0000353802
87 0.0000349734
88 0.0000345759
89 0.0000341874
90 0.0000338075
91 0.0000334359
92 0.0000330724
93 0.0000327167
94 0.0000323686
95 0.0000320278
96 0.0000316941
97 0.0000313673
98 0.0000310471
99 0.0000307334
100 0.0000304260
101 0.0000301247
102 0.0000298293
103 0.0000295397
104 0.0000292555
105 0.0000289769
106 0.0000287034
107 0.0000284351
108 0.0000281718
109 0.0000279132
110 0.0000276594
111 0.0000274102
112 0.0000271654
113 0.0000269249
114 0.0000266887
115 0.0000264565
116 0.0000262284
117 0.0000260041
118 0.0000257837
119 0.0000255670
120 0.0000253539
121 0.0000251443
122 0.0000249381
123 0.0000247353
124 0.0000245357
125 0.0000243394
126 0.0000241462
127 0.0000239560
128 0.0000237688
129 0.0000235845
130 0.0000234030
131 0.0000232243
132 0.0000230483
133 0.0000228749
134 0.0000227041
135 0.0000225359
136 0.0000223701
137 0.0000222068
138 0.0000220458
139 0.0000218872
140 0.0000217308
141 0.0000215766
142 0.0000214246
143 0.0000212747
144 0.0000211269
145 0.0000209812
146 0.0000208374
147 0.0000206956
148 0.0000205557
149 0.0000204177
150 0.0000202815
151 0.0000201471
152 0.0000200145
153 0.0000198837
154 0.0000197545
155 0.0000196270
156 0.0000195011
157 0.0000193769
158 0.0000192542
159 0.0000191330
160 0.0000190134
161 0.0000188952
162 0.0000187785
163 0.0000186633
164 0.0000185494
165 0.0000184369
166 0.0000183258
167 0.0000182160
168 0.0000181075
169 0.0000180003
170 0.0000178944
171 0.0000177897
172 0.0000176862
173 0.0000175839
174 0.0000174828
175 0.0000173829
176 0.0000172840
177 0.0000171863
178 0.0000170897
179 0.0000169942
180 0.0000168997
181 0.0000168063
182 0.0000167139
183 0.0000166225
184 0.0000165321
185 0.0000164427
186 0.0000163543
187 0.0000162667
188 0.0000161802
189 0.0000160945
190 0.0000160097
191 0.0000159259
192 0.0000158429
193 0.0000157607
194 0.0000156794
195 0.0000155990
196 0.0000155193
197 0.0000154405
198 0.0000153624
199 0.0000152852
200 0.0000152087
201 0.0000151330
202 0.0000150580
203 0.0000149838
204 0.0000149103
205 0.0000148375
206 0.0000147654
207 0.0000146940
208 0.0000146233
209 0.0000145533
210 0.0000144839
211 0.0000144152
212 0.0000143472
213 0.0000142798
214 0.0000142130
215 0.0000141468
216 0.0000140813
217 0.0000140163
218 0.0000139520
219 0.0000138882
220 0.0000138250
221 0.0000137624
222 0.0000137004
223 0.0000136389
224 0.0000135779
225 0.0000135175
226 0.0000134577
227 0.0000133983
228 0.0000133395
229 0.0000132812
230 0.0000132234
231 0.0000131661
232 0.0000131093
233 0.0000130530
234 0.0000129971
235 0.0000129418
236 0.0000128869
237 0.0000128324
238 0.0000127785
239 0.0000127249
240 0.0000126719
241 0.0000126192
242 0.0000125670
243 0.0000125152
244 0.0000124639
245 0.0000124130
246 0.0000123624
247 0.0000123123
248 0.0000122626
249 0.0000122133
250 0.0000121644
251 0.0000121159
252 0.0000120677
253 0.0000120200
254 0.0000119726
255 0.0000119256
256 0.0000118789
257 0.0000118327
258 0.0000117867
259 0.0000117412
260 0.0000116959
261 0.0000116511
262 0.0000116065
263 0.0000115623
264 0.0000115185
265 0.0000114750
266 0.0000114318
267 0.0000113889
268 0.0000113463
269 0.0000113041
270 0.0000112622
271 0.0000112205
272 0.0000111792
273 0.0000111382
274 0.0000110975
275 0.0000110571
276 0.0000110169
277 0.0000109771
278 0.0000109376
279 0.0000108983
280 0.0000108593
281 0.0000108206
282 0.0000107821
283 0.0000107440
284 0.0000107061
285 0.0000106685
286 0.0000106311
287 0.0000105940
288 0.0000105571
289 0.0000105205
290 0.0000104842
291 0.0000104481
292 0.0000104122
293 0.0000103766
294 0.0000103413
295 0.0000103061
296 0.0000102713
297 0.0000102366
298 0.0000102022
299 0.0000101680
300 0.0000101340
301 0.0000101003
302 0.0000100668
303 0.0000100335
304 0.0000100004
305 0.0000099675
306 0.0000099349
307 0.0000099025
308 0.0000098702
309 0.0000098382
310 0.0000098064
311 0.0000097748
312 0.0000097434
313 0.0000097122
314 0.0000096812
315 0.0000096504
316 0.0000096198
317 0.0000095893
318 0.0000095591
319 0.0000095291
320 0.0000094992
321 0.0000094695
322 0.0000094401
323 0.0000094107
324 0.0000093816
325 0.0000093527
326 0.0000093239
327 0.0000092953
328 0.0000092669
329 0.0000092386
330 0.0000092106
331 0.0000091827
332 0.0000091549
333 0.0000091273
334 0.0000090999
335 0.0000090727
336 0.0000090456
337 0.0000090187
338 0.0000089919
339 0.0000089653
340 0.0000089388
341 0.0000089125
342 0.0000088864
343 0.0000088604
344 0.0000088345
345 0.0000088088
346 0.0000087833
347 0.0000087579
348 0.0000087326
