1 1090
0 0.9863434108
1 0.0037907602
2 0.0015323561
3 0.0010379360
4 0.0007445717
5 0.0005729073
6 0.0004617343
7 0.0003835132
8 0.0003255918
9 0.0002811573
10 0.0002461109
11 0.0002178367
12 0.0001945963
13 0.0001751938
14 0.0001587807
15 0.0001447389
16 0.0001326077
17 0.0001220370
18 0.0001127560
19 0.0001045522
20 0.0000972568
21 0.0000907338
22 0.0000848726
23 0.0000795825
24 0.0000747883
25 0.0000704271
26 0.0000664462
27 0.0000628008
28 0.0000594528
29 0.0000563694
30 0.0000535225
31 0.0000508877
32 0.0000484438
33 0.0000461722
34 0.0000440566
35 0.0000420826
36 0.0000402376
37 0.0000385103
38 0.0000368907
39 0.0000353698
40 0.0000339396
41 0.0000325930
42 0.0000313234
43 0.0000301250
44 0.0000289926
45 0.0000279212
46 0.0000269067
47 0.0000259449
48 0.0000250323
49 0.0000241656
50 0.0000233417
51 0.0000225579
52 0.0000218116
53 0.0000211005
54 0.0000204224
55 0.0000197753
56 0.0000191573
57 0.0000185668
58 0.0000180022
59 0.0000174620
60 0.0000169448
61 0.0000164493
62 0.0000159744
63 0.0000155190
64 0.0000150821
65 0.0000146626
66 0.0000142597
67 0.0000138726
68 0.0000135004
69 0.0000131424
70 0.0000127979
71 0.0000124663
72 0.0000121469
73 0.0000118393
74 0.0000115427
75 0.0000112567
76 0.0000109809
77 0.0000107148
78 0.0000104579
79 0.0000102099
80 0.0000099702
81 0.0000097387
82 0.0000095150
83 0.0000092986
84 0.0000090893
85 0.0000088869
86 0.0000086910
87 0.0000085013
88 0.0000083177
89 0.0000081398
90 0.0000079675
91 0.0000078005
92 0.0000076386
93 0.0000074816
94 0.0000073294
95 0.0000071817
96 0.0000070384
97 0.0000068993
98 0.0000067643
99 0.0000066333
100 0.0000065059
101 0.0000063823
102 0.0000062621
103 0.0000061453
104 0.0000060318
105 0.0000059214
106 0.0000058141
107 0.0000057097
108 0.0000056082
109 0.0000055093
110 0.0000054132
111 0.0000053196
112 0.0000052284
113 0.0000051397
114 0.0000050533
115 0.0000049691
116 0.0000048870
117 0.0000048071
118 0.0000047292
119 0.0000046533
120 0.0000045792
121 0.0000045071
122 0.0000044366
123 0.0000043680
124 0.0000043010
125 0.0000042356
126 0.0000041718
127 0.0000041096
128 0.0000040488
129 0.0000039895
130 0.0000039315
131 0.0000038749
132 0.0000038197
133 0.0000037657
134 0.0000037129
135 0.0000036614
136 0.0000036110
137 0.0000035618
138 0.0000035136
139 0.0000034666
140 0.0000034205
141 0.0000033755
142 0.0000033315
143 0.0000032885
144 0.0000032463
145 0.0000032051
146 0.0000031648
147 0.0000031253
148 0.0000030866
149 0.0000030488
150 0.0000030118
151 0.0000029755
152 0.0000029400
153 0.0000029052
154 0.0000028711
155 0.0000028377
156 0.0000028050
157 0.0000027729
158 0.0000027415
159 0.0000027107
160 0.0000026805
161 0.0000026509
162 0.0000026219
163 0.0000025935
164 0.0000025656
165 0.0000025382
166 0.0000025114
167 0.0000024850
168 0.0000024592
169 0.0000024338
170 0.0000024089
171 0.0000023845
172 0.0000023606
173 0.0000023370
174 0.0000023139
175 0.0000022913
176 0.0000022690
177 0.0000022471
178 0.0000022256
179 0.0000022045
180 0.0000021838
181 0.0000021634
182 0.0000021434
183 0.0000021238
184 0.0000021044
185 0.0000020855
186 0.0000020668
187 0.0000020484
188 0.0000020304
189 0.0000020126
190 0.0000019952
191 0.0000019780
192 0.0000019612
193 0.0000019446
194 0.0000019283
195 0.0000019122
196 0.0000018964
197 0.0000018808
198 0.0000018655
199 0.0000018505
200 0.0000018357
201 0.0000018211
202 0.0000018067
203 0.0000017926
204 0.0000017786
205 0.0000017649
206 0.0000017514
207 0.0000017381
208 0.0000017250
209 0.0000017121
210 0.0000016994
211 0.0000016869
212 0.0000016746
213 0.0000016624
214 0.0000016504
215 0.0000016386
216 0.0000016270
217 0.0000016155
218 0.0000016042
219 0.0000015931
220 0.0000015821
221 0.0000015712
222 0.0000015606
223 0.0000015500
224 0.0000015396
225 0.0000015294
226 0.0000015193
227 0.0000015093
228 0.0000014994
229 0.0000014897
230 0.0000014801
231 0.0000014707
232 0.0000014613
233 0.0000014521
234 0.0000014430
235 0.0000014341
236 0.0000014252
237 0.0000014165
238 0.0000014078
239 0.0000013993
240 0.0000013909
241 0.0000013826
242 0.0000013744
243 0.0000013662
244 0.0000013582
245 0.0000013503
246 0.0000013425
247 0.0000013348
248 0.0000013271
249 0.0000013196
250 0.0000013122
251 0.0000013048
252 0.0000012975
253 0.0000012903
254 0.0000012832
255 0.0000012762
256 0.0000012692
257 0.0000012624
258 0.0000012556
259 0.0000012489
260 0.0000012422
261 0.0000012357
262 0.0000012292
263 0.0000012227
264 0.0000012164
265 0.0000012101
266 0.0000012039
267 0.0000011977
268 0.0000011917
269 0.0000011856
270 0.0000011797
271 0.0000011738
272 0.0000011680
273 0.0000011622
274 0.0000011565
275 0.0000011508
276 0.0000011452
277 0.0000011397
278 0.0000011342
279 0.0000011288
280 0.0000011234
281 0.0000011181
282 0.0000011128
283 0.0000011076
284 0.0000011025
285 0.0000010973
286 0.0000010923
287 0.0000010873
288 0.0000010823
289 0.0000010774
290 0.0000010725
291 0.0000010677
292 0.0000010629
293 0.0000010582
294 0.0000010535
295 0.0000010488
296 0.0000010442
297 0.0000010396
298 0.0000010351
299 0.0000010306
300 0.0000010262
301 0.0000010218
302 0.0000010174
303 0.0000010131
304 0.0000010088
305 0.0000010046
306 0.0000010004
307 0.0000009962
308 0.0000009920
309 0.0000009879
310 0.0000009839
311 0.0000009798
312 0.0000009758
313 0.0000009719
314 0.0000009679
315 0.0000009640
316 0.0000009602
317 0.0000009563
318 0.0000009525
319 0.0000009487
320 0.0000009450
321 0.0000009413
322 0.0000009376
323 0.0000009339
324 0.0000009303
325 0.0000009267
326 0.0000009231
327 0.0000009196
328 0.0000009161
329 0.0000009126
330 0.0000009091
331 0.0000009057
332 0.0000009023
333 0.0000008989
334 0.0000008956
335 0.0000008922
336 0.0000008889
337 0.0000008857
338 0.0000008824
339 0.0000008792
340 0.0000008760
341 0.0000008728
342 0.0000008696
343 0.0000008665
344 0.0000008634
345 0.0000008603
346 0.0000008572
347 0.0000008542
348 0.0000008511
349 0.0000008481
350 0.0000008451
351 0.0000008422
352 0.0000008392
353 0.0000008363
354 0.0000008334
355 0.0000008305
356 0.0000008277
357 0.0000008248
358 0.0000008220
359 0.0000008192
360 0.0000008164
361 0.0000008137
362 0.0000008109
363 0.0000008082
364 0.0000008055
365 0.0000008028
366 0.0000008001
367 0.0000007974
368 0.0000007948
369 0.0000007922
370 0.0000007896
371 0.0000007870
372 0.0000007844
373 0.0000007819
374 0.0000007793
375 0.0000007768
376 0.0000007743
377 0.0000007718
378 0.0000007693
379 0.0000007669
380 0.0000007644
381 0.0000007620
382 0.0000007596
383 0.0000007572
384 0.0000007548
385 0.0000007524
386 0.0000007501
387 0.0000007477
388 0.0000007454
389 0.0000007431
390 0.0000007408
391 0.0000007385
392 0.0000007362
393 0.0000007340
394 0.0000007317
395 0.0000007295
396 0.0000007273
397 0.0000007251
398 0.0000007229
399 0.0000007207
400 0.0000007185
401 0.0000007164
402 0.0000007142
403 0.0000007121
404 0.0000007100
405 0.0000007079
406 0.0000007058
407 0.0000007037
408 0.0000007016
409 0.0000006996
410 0.0000006975
411 0.0000006955
412 0.0000006935
413 0.0000006915
414 0.0000006895
415 0.0000006875
416 0.0000006855
417 0.0000006835
418 0.0000006816
419 0.0000006796
420 0.0000006777
421 0.0000006757
422 0.0000006738
423 0.0000006719
424 0.0000006700
425 0.0000006681
426 0.0000006663
427 0.0000006644
428 0.0000006625
429 0.0000006607
430 0.0000006589
431 0.0000006570
432 0.0000006552
433 0.0000006534
434 0.0000006516
435 0.0000006498
436 0.0000006481
437 0.0000006463
438 0.0000006445
439 0.0000006428
440 0.0000006410
441 0.0000006393
442 0.0000006376
443 0.0000006359
444 0.0000006341
445 0.0000006324
446 0.0000006308
447 0.0000006291
448 0.0000006274
449 0.0000006257
450 0.0000006241
451 0.0000006224
452 0.0000006208
453 0.0000006192
454 0.0000006175
455 0.0000006159
456 0.0000006143
457 0.0000006127
458 0.0000006111
459 0.0000006095
460 0.0000006079
461 0.0000006064
462 0.0000006048
463 0.0000006033
464 0.0000006017
465 0.0000006002
466 0.0000005986
467 0.0000005971
468 0.0000005956
469 0.0000005941
470 0.0000005926
471 0.0000005911
472 0.0000005896
473 0.0000005881
474 0.0000005866
475 0.0000005852
476 0.0000005837
477 0.0000005822
478 0.0000005808
479 0.0000005794
480 0.0000005779
481 0.0000005765
482 0.0000005751
483 0.0000005737
484 0.0000005722
485 0.0000005708
486 0.0000005694
487 0.0000005681
488 0.0000005667
489 0.0000005653
490 0.0000005639
491 0.0000005626
492 0.0000005612
493 0.0000005598
494 0.0000005585
495 0.0000005572
496 0.0000005558
497 0.0000005545
498 0.0000005532
499 0.0000005519
500 0.0000005505
501 0.0000005492
502 0.0000005479
503 0.0000005466
504 0.0000005453
505 0.0000005441
506 0.0000005428
507 0.0000005415
508 0.0000005402
509 0.0000005390
510 0.0000005377
511 0.0000005365
512 0.0000005352
513 0.0000005340
514 0.0000005328
515 0.0000005315
516 0.0000005303
517 0.0000005291
518 0.0000005279
519 0.0000005267
520 0.0000005255
521 0.0000005243
522 0.0000005231
523 0.0000005219
524 0.0000005207
525 0.0000005195
526 0.0000005183
527 0.0000005172
528 0.0000005160
529 0.0000005149
530 0.0000005137
531 0.0000005125
532 0.0000005114
533 0.0000005103
534 0.0000005091
535 0.0000005080
536 0.0000005069
537 0.0000005057
538 0.0000005046
539 0.0000005035
540 0.0000005024
541 0.0000005013
542 0.0000005002
543 0.0000004991
544 0.0000004980
545 0.0000004969
546 0.0000004958
547 0.0000004948
548 0.0000004937
549 0.0000004926
550 0.0000004916
551 0.0000004905
552 0.0000004894
553 0.0000004884
554 0.0000004873
555 0.0000004863
556 0.0000004853
557 0.0000004842
558 0.0000004832
559 0.0000004822
560 0.0000004811
561 0.0000004801
562 0.0000004791
563 0.0000004781
564 0.0000004771
565 0.0000004761
566 0.0000004751
567 0.0000004741
568 0.0000004731
569 0.0000004721
570 0.0000004711
571 0.0000004701
572 0.0000004692
573 0.0000004682
574 0.0000004672
575 0.0000004662
576 0.0000004653
577 0.0000004643
578 0.0000004634
579 0.0000004624
580 0.0000004615
581 0.0000004605
582 0.0000004596
583 0.0000004586
584 0.0000004577
585 0.0000004568
586 0.0000004558
587 0.0000004549
588 0.0000004540
589 0.0000004531
590 0.0000004522
591 0.0000004513
592 0.0000004503
593 0.0000004494
594 0.0000004485
595 0.0000004476
596 0.0000004468
597 0.0000004459
598 0.0000004450
599 0.0000004441
600 0.0000004432
601 0.0000004423
602 0.0000004415
603 0.0000004406
604 0.0000004397
605 0.0000004388
606 0.0000004380
607 0.0000004371
608 0.0000004363
609 0.0000004354
610 0.0000004346
611 0.0000004337
612 0.0000004329
613 0.0000004320
614 0.0000004312
615 0.0000004304
616 0.0000004295
617 0.0000004287
618 0.0000004279
619 0.0000004270
620 0.0000004262
621 0.0000004254
622 0.0000004246
623 0.0000004238
624 0.0000004230
625 0.0000004222
626 0.0000004214
627 0.0000004206
628 0.0000004198
629 0.0000004190
630 0.0000004182
631 0.0000004174
632 0.0000004166
633 0.0000004158
634 0.0000004150
635 0.0000004142
636 0.0000004135
637 0.0000004127
638 0.0000004119
639 0.0000004111
640 0.0000004104
641 0.0000004096
642 0.0000004089
643 0.0000004081
644 0.0000004073
645 0.0000004066
646 0.0000004058
647 0.0000004051
648 0.0000004043
649 0.0000004036
650 0.0000004029
651 0.0000004021
652 0.0000004014
653 0.0000004007
654 0.0000003999
655 0.0000003992
656 0.0000003985
657 0.0000003977
658 0.0000003970
659 0.0000003963
660 0.0000003956
661 0.0000003949
662 0.0000003942
663 0.0000003934
664 0.0000003927
665 0.0000003920
666 0.0000003913
667 0.0000003906
668 0.0000003899
669 0.0000003892
670 0.0000003885
671 0.0000003878
672 0.0000003872
673 0.0000003865
674 0.0000003858
675 0.0000003851
676 0.0000003844
677 0.0000003837
678 0.0000003831
679 0.0000003824
680 0.0000003817
681 0.0000003810
682 0.0000003804
683 0.0000003797
684 0.0000003791
685 0.0000003784
686 0.0000003777
687 0.0000003771
688 0.0000003764
689 0.0000003758
690 0.0000003751
691 0.0000003745
692 0.0000003738
693 0.0000003732
694 0.0000003725
695 0.0000003719
696 0.0000003712
697 0.0000003706
698 0.0000003700
699 0.0000003693
700 0.0000003687
701 0.0000003681
702 0.0000003675
703 0.0000003668
704 0.0000003662
705 0.0000003656
706 0.0000003650
707 0.0000003643
708 0.0000003637
709 0.0000003631
710 0.0000003625
711 0.0000003619
712 0.0000003613
713 0.0000003607
714 0.0000003601
715 0.0000003595
716 0.0000003589
717 0.0000003583
718 0.0000003577
719 0.0000003571
720 0.0000003565
721 0.0000003559
722 0.0000003553
723 0.0000003547
724 0.0000003541
725 0.0000003535
726 0.0000003530
727 0.0000003524
728 0.0000003518
729 0.0000003512
730 0.0000003506
731 0.0000003501
732 0.0000003495
733 0.0000003489
734 0.0000003483
735 0.0000003478
736 0.0000003472
737 0.0000003466
738 0.0000003461
739 0.0000003455
740 0.0000003450
741 0.0000003444
742 0.0000003438
743 0.0000003433
744 0.0000003427
745 0.0000003422
746 0.0000003416
747 0.0000003411
748 0.0000003405
749 0.0000003400
750 0.0000003394
751 0.0000003389
752 0.0000003384
753 0.0000003378
754 0.0000003373
755 0.0000003368
756 0.0000003362
757 0.0000003357
758 0.0000003352
759 0.0000003346
760 0.0000003341
761 0.0000003336
762 0.0000003330
763 0.0000003325
764 0.0000003320
765 0.0000003315
766 0.0000003310
767 0.0000003304
768 0.0000003299
769 0.0000003294
770 0.0000003289
771 0.0000003284
772 0.0000003279
773 0.0000003274
774 0.0000003268
775 0.0000003263
776 0.0000003258
777 0.0000003253
778 0.0000003248
779 0.0000003243
780 0.0000003238
781 0.0000003233
782 0.0000003228
783 0.0000003223
784 0.0000003218
785 0.0000003213
786 0.0000003209
787 0.0000003204
788 0.0000003199
789 0.0000003194
790 0.0000003189
791 0.0000003184
792 0.0000003179
793 0.0000003174
794 0.0000003170
795 0.0000003165
796 0.0000003160
797 0.0000003155
798 0.0000003151
799 0.0000003146
800 0.0000003141
801 0.0000003136
802 0.0000003132
803 0.0000003127
804 0.0000003122
805 0.0000003118
806 0.0000003113
807 0.0000003108
808 0.0000003104
809 0.0000003099
810 0.0000003094
811 0.0000003090
812 0.0000003085
813 0.0000003081
814 0.0000003076
815 0.0000003071
816 0.0000003067
817 0.0000003062
818 0.0000003058
819 0.0000003053
820 0.0000003049
821 0.0000003044
822 0.0000003040
823 0.0000003035
824 0.0000003031
825 0.0000003027
826 0.0000003022
827 0.0000003018
828 0.0000003013
829 0.0000003009
830 0.0000003005
831 0.0000003000
832 0.0000002996
833 0.0000002992
834 0.0000002987
835 0.0000002983
836 0.0000002979
837 0.0000002974
838 0.0000002970
839 0.0000002966
840 0.0000002961
841 0.0000002957
842 0.0000002953
843 0.0000002949
844 0.0000002944
845 0.0000002940
846 0.0000002936
847 0.0000002932
848 0.0000002928
849 0.0000002923
850 0.0000002919
851 0.0000002915
852 0.0000002911
853 0.0000002907
854 0.0000002903
855 0.0000002899
856 0.0000002895
857 0.0000002890
858 0.0000002886
859 0.0000002882
860 0.0000002878
861 0.0000002874
862 0.0000002870
863 0.0000002866
864 0.0000002862
865 0.0000002858
866 0.0000002854
867 0.0000002850
868 0.0000002846
869 0.0000002842
870 0.0000002838
871 0.0000002834
872 0.0000002830
873 0.0000002826
874 0.0000002822
875 0.0000002818
876 0.0000002815
877 0.0000002811
878 0.0000002807
879 0.0000002803
880 0.0000002799
881 0.0000002795
882 0.0000002791
883 0.0000002787
884 0.0000002784
885 0.0000002780
886 0.0000002776
887 0.0000002772
888 0.0000002768
889 0.0000002765
890 0.0000002761
891 0.0000002757
892 0.0000002753
893 0.0000002749
894 0.0000002746
895 0.0000002742
896 0.0000002738
897 0.0000002735
898 0.0000002731
899 0.0000002727
900 0.0000002723
901 0.0000002720
902 0.0000002716
903 0.0000002712
904 0.0000002709
905 0.0000002705
906 0.0000002701
907 0.0000002698
908 0.0000002694
909 0.0000002691
910 0.0000002687
911 0.0000002683
912 0.0000002680
913 0.0000002676
914 0.0000002673
915 0.0000002669
916 0.0000002665
917 0.0000002662
918 0.0000002658
919 0.0000002655
920 0.0000002651
921 0.0000002648
922 0.0000002644
923 0.0000002641
924 0.0000002637
925 0.0000002634
926 0.0000002630
927 0.0000002627
928 0.0000002623
929 0.0000002620
930 0.0000002616
931 0.0000002613
932 0.0000002609
933 0.0000002606
934 0.0000002603
935 0.0000002599
936 0.0000002596
937 0.0000002592
938 0.0000002589
939 0.0000002586
940 0.0000002582
941 0.0000002579
942 0.0000002575
943 0.0000002572
944 0.0000002569
945 0.0000002565
946 0.0000002562
947 0.0000002559
948 0.0000002555
949 0.0000002552
950 0.0000002549
951 0.0000002545
952 0.0000002542
953 0.0000002539
954 0.0000002535
955 0.0000002532
956 0.0000002529
957 0.0000002526
958 0.0000002522
959 0.0000002519
960 0.0000002516
961 0.0000002513
962 0.0000002509
963 0.0000002506
964 0.0000002503
965 0.0000002500
966 0.0000002497
967 0.0000002493
968 0.0000002490
969 0.0000002487
970 0.0000002484
971 0.0000002481
972 0.0000002477
973 0.0000002474
974 0.0000002471
975 0.0000002468
976 0.0000002465
977 0.0000002462
978 0.0000002458
979 0.0000002455
980 0.0000002452
981 0.0000002449
982 0.0000002446
983 0.0000002443
984 0.0000002440
985 0.0000002437
986 0.0000002433
987 0.0000002430
988 0.0000002427
989 0.0000002424
990 0.0000002421
991 0.0000002418
992 0.0000002415
993 0.0000002412
994 0.0000002409
995 0.0000002406
996 0.0000002403
997 0.0000002400
998 0.0000002397
999 0.0000002394
1000 0.0000002391
1001 0.0000002388
1002 0.0000002385
1003 0.0000002382
1004 0.0000002379
1005 0.0000002376
1006 0.0000002373
1007 0.0000002370
1008 0.0000002367
1009 0.0000002364
1010 0.0000002361
1011 0.0000002358
1012 0.0000002355
1013 0.0000002352
1014 0.0000002349
1015 0.0000002346
1016 0.0000002343
1017 0.0000002340
1018 0.0000002337
1019 0.0000002334
1020 0.0000002331
1021 0.0000002328
1022 0.0000002325
1023 0.0000002322
1024 0.0000002319
1025 0.0000002316
1026 0.0000002313
1027 0.0000002310
1028 0.0000002307
1029 0.0000002305
1030 0.0000002302
1031 0.0000002299
1032 0.0000002296
1033 0.0000002293
1034 0.0000002290
1035 0.0000002287
1036 0.0000002284
1037 0.0000002281
1038 0.0000002278
1039 0.0000002275
1040 0.0000002272
1041 0.0000002269
1042 0.0000002267
1043 0.0000002264
1044 0.0000002261
1045 0.0000002258
1046 0.0000002255
1047 0.0000002252
1048 0.0000002249
1049 0.0000002246
1050 0.0000002243
1051 0.0000002240
1052 0.0000002237
1053 0.0000002234
1054 0.0000002231
1055 0.0000002228
1056 0.0000002225
1057 0.0000002222
1058 0.0000002219
1059 0.0000002216
1060 0.0000002213
1061 0.0000002210
1062 0.0000002207
1063 0.0000002203
1064 0.0000002200
1065 0.0000002197
1066 0.0000002194
1067 0.0000002190
1068 0.0000002187
1069 0.0000002184
1070 0.0000002180
1071 0.0000002176
1072 0.0000002173
1073 0.0000002169
1074 0.0000002165
1075 0.0000002161
1076 0.0000002156
1077 0.0000002152
1078 0.0000002147
1079 0.0000002142
1080 0.0000002136
1081 0.0000002129
1082 0.0000002121
1083 0.0000002112
1084 0.0000002101
1085 0.0000002087
1086 0.0000002066
1087 0.0000002035
1088 0.0000001971
1089 0.0000001757
1090 0.0000000000
