1 990
0 0.9869934122
1 0.0037347474
2 0.0014778082
3 0.0009898851
4 0.0007040561
5 0.0005383537
6 0.0004318421
7 0.0003573514
8 0.0003024620
9 0.0002605236
10 0.0002275575
11 0.0002010371
12 0.0001792909
13 0.0001611736
14 0.0001458753
15 0.0001328080
16 0.0001215346
17 0.0001117237
18 0.0001031195
19 0.0000955221
20 0.0000887723
21 0.0000827426
22 0.0000773294
23 0.0000724475
24 0.0000680267
25 0.0000640083
26 0.0000603430
27 0.0000569890
28 0.0000539108
29 0.0000510779
30 0.0000484642
31 0.0000460469
32 0.0000438063
33 0.0000417251
34 0.0000397882
35 0.0000379823
36 0.0000362956
37 0.0000347177
38 0.0000332392
39 0.0000318519
40 0.0000305483
41 0.0000293218
42 0.0000281664
43 0.0000270766
44 0.0000260475
45 0.0000250748
46 0.0000241543
47 0.0000232825
48 0.0000224558
49 0.0000216714
50 0.0000209264
51 0.0000202182
52 0.0000195445
53 0.0000189030
54 0.0000182919
55 0.0000177091
56 0.0000171531
57 0.0000166223
58 0.0000161151
59 0.0000156303
60 0.0000151666
61 0.0000147227
62 0.0000142977
63 0.0000138904
64 0.0000135000
65 0.0000131255
66 0.0000127661
67 0.0000124211
68 0.0000120897
69 0.0000117712
70 0.0000114650
71 0.0000111704
72 0.0000108871
73 0.0000106143
74 0.0000103515
75 0.0000100984
76 0.0000098545
77 0.0000096194
78 0.0000093926
79 0.0000091737
80 0.0000089625
81 0.0000087586
82 0.0000085617
83 0.0000083714
84 0.0000081876
85 0.0000080098
86 0.0000078380
87 0.0000076717
88 0.0000075109
89 0.0000073552
90 0.0000072044
91 0.0000070585
92 0.0000069171
93 0.0000067801
94 0.0000066473
95 0.0000065186
96 0.0000063938
97 0.0000062728
98 0.0000061554
99 0.0000060414
100 0.0000059308
101 0.0000058234
102 0.0000057191
103 0.0000056179
104 0.0000055195
105 0.0000054239
106 0.0000053309
107 0.0000052406
108 0.0000051528
109 0.0000050673
110 0.0000049842
111 0.0000049034
112 0.0000048247
113 0.0000047481
114 0.0000046736
115 0.0000046010
116 0.0000045303
117 0.0000044614
118 0.0000043943
119 0.0000043289
120 0.0000042652
121 0.0000042030
122 0.0000041425
123 0.0000040834
124 0.0000040258
125 0.0000039696
126 0.0000039147
127 0.0000038612
128 0.0000038090
129 0.0000037580
130 0.0000037082
131 0.0000036596
132 0.0000036122
133 0.0000035658
134 0.0000035205
135 0.0000034762
136 0.0000034329
137 0.0000033906
138 0.0000033493
139 0.0000033088
140 0.0000032693
141 0.0000032306
142 0.0000031928
143 0.0000031558
144 0.0000031196
145 0.0000030841
146 0.0000030494
147 0.0000030155
148 0.0000029822
149 0.0000029497
150 0.0000029178
151 0.0000028865
152 0.0000028559
153 0.0000028260
154 0.0000027966
155 0.0000027678
156 0.0000027396
157 0.0000027119
158 0.0000026848
159 0.0000026581
160 0.0000026321
161 0.0000026065
162 0.0000025814
163 0.0000025567
164 0.0000025326
165 0.0000025088
166 0.0000024856
167 0.0000024627
168 0.0000024403
169 0.0000024182
170 0.0000023966
171 0.0000023754
172 0.0000023545
173 0.0000023340
174 0.0000023138
175 0.0000022941
176 0.0000022746
177 0.0000022555
178 0.0000022367
179 0.0000022182
180 0.0000022001
181 0.0000021822
182 0.0000021646
183 0.0000021474
184 0.0000021304
185 0.0000021137
186 0.0000020972
187 0.0000020810
188 0.0000020651
189 0.0000020494
190 0.0000020340
191 0.0000020188
192 0.0000020039
193 0.0000019891
194 0.0000019746
195 0.0000019604
196 0.0000019463
197 0.0000019324
198 0.0000019188
199 0.0000019053
200 0.0000018921
201 0.0000018790
202 0.0000018662
203 0.0000018535
204 0.0000018410
205 0.0000018287
206 0.0000018165
207 0.0000018045
208 0.0000017927
209 0.0000017811
210 0.0000017696
211 0.0000017582
212 0.0000017470
213 0.0000017360
214 0.0000017251
215 0.0000017144
216 0.0000017038
217 0.0000016933
218 0.0000016830
219 0.0000016728
220 0.0000016627
221 0.0000016528
222 0.0000016430
223 0.0000016333
224 0.0000016237
225 0.0000016143
226 0.0000016049
227 0.0000015957
228 0.0000015866
229 0.0000015776
230 0.0000015687
231 0.0000015599
232 0.0000015513
233 0.0000015427
234 0.0000015342
235 0.0000015258
236 0.0000015176
237 0.0000015094
238 0.0000015013
239 0.0000014933
240 0.0000014854
241 0.0000014775
242 0.0000014698
243 0.0000014621
244 0.0000014546
245 0.0000014471
246 0.0000014397
247 0.0000014323
248 0.0000014251
249 0.0000014179
250 0.0000014108
251 0.0000014038
252 0.0000013969
253 0.0000013900
254 0.0000013832
255 0.0000013764
256 0.0000013698
257 0.0000013632
258 0.0000013566
259 0.0000013502
260 0.0000013438
261 0.0000013374
262 0.0000013311
263 0.0000013249
264 0.0000013188
265 0.0000013127
266 0.0000013066
267 0.0000013006
268 0.0000012947
269 0.0000012888
270 0.0000012830
271 0.0000012773
272 0.0000012716
273 0.0000012659
274 0.0000012603
275 0.0000012547
276 0.0000012492
277 0.0000012438
278 0.0000012384
279 0.0000012330
280 0.0000012277
281 0.0000012225
282 0.0000012172
283 0.0000012121
284 0.0000012069
285 0.0000012019
286 0.0000011968
287 0.0000011918
288 0.0000011869
289 0.0000011820
290 0.0000011771
291 0.0000011723
292 0.0000011675
293 0.0000011627
294 0.0000011580
295 0.0000011533
296 0.0000011487
297 0.0000011441
298 0.0000011396
299 0.0000011350
300 0.0000011305
301 0.0000011261
302 0.0000011217
303 0.0000011173
304 0.0000011129
305 0.0000011086
306 0.0000011044
307 0.0000011001
308 0.0000010959
309 0.0000010917
310 0.0000010876
311 0.0000010834
312 0.0000010793
313 0.0000010753
314 0.0000010713
315 0.0000010673
316 0.0000010633
317 0.0000010594
318 0.0000010554
319 0.0000010516
320 0.0000010477
321 0.0000010439
322 0.0000010401
323 0.0000010363
324 0.0000010326
325 0.0000010289
326 0.0000010252
327 0.0000010215
328 0.0000010179
329 0.0000010143
330 0.0000010107
331 0.0000010071
332 0.0000010036
333 0.0000010000
334 0.0000009966
335 0.0000009931
336 0.0000009896
337 0.0000009862
338 0.0000009828
339 0.0000009794
340 0.0000009761
341 0.0000009728
342 0.0000009695
343 0.0000009662
344 0.0000009629
345 0.0000009597
346 0.0000009564
347 0.0000009532
348 0.0000009501
349 0.0000009469
350 0.0000009438
351 0.0000009406
352 0.0000009375
353 0.0000009345
354 0.0000009314
355 0.0000009284
356 0.0000009253
357 0.0000009223
358 0.0000009194
359 0.0000009164
360 0.0000009134
361 0.0000009105
362 0.0000009076
363 0.0000009047
364 0.0000009018
365 0.0000008990
366 0.0000008961
367 0.0000008933
368 0.0000008905
369 0.0000008877
370 0.0000008849
371 0.0000008822
372 0.0000008794
373 0.0000008767
374 0.0000008740
375 0.0000008713
376 0.0000008686
377 0.0000008660
378 0.0000008633
379 0.0000008607
380 0.0000008581
381 0.0000008555
382 0.0000008529
383 0.0000008503
384 0.0000008478
385 0.0000008452
386 0.0000008427
387 0.0000008402
388 0.0000008377
389 0.0000008352
390 0.0000008328
391 0.0000008303
392 0.0000008279
393 0.0000008254
394 0.0000008230
395 0.0000008206
396 0.0000008182
397 0.0000008159
398 0.0000008135
399 0.0000008111
400 0.0000008088
401 0.0000008065
402 0.0000008042
403 0.0000008019
404 0.0000007996
405 0.0000007973
406 0.0000007950
407 0.0000007928
408 0.0000007906
409 0.0000007883
410 0.0000007861
411 0.0000007839
412 0.0000007817
413 0.0000007795
414 0.0000007774
415 0.0000007752
416 0.0000007731
417 0.0000007709
418 0.0000007688
419 0.0000007667
420 0.0000007646
421 0.0000007625
422 0.0000007604
423 0.0000007584
424 0.0000007563
425 0.0000007543
426 0.0000007522
427 0.0000007502
428 0.0000007482
429 0.0000007462
430 0.0000007442
431 0.0000007422
432 0.0000007402
433 0.0000007382
434 0.0000007363
435 0.0000007343
436 0.0000007324
437 0.0000007305
438 0.0000007285
439 0.0000007266
440 0.0000007247
441 0.0000007228
442 0.0000007210
443 0.0000007191
444 0.0000007172
445 0.0000007154
446 0.0000007135
447 0.0000007117
448 0.0000007099
449 0.0000007080
450 0.0000007062
451 0.0000007044
452 0.0000007026
453 0.0000007008
454 0.0000006991
455 0.0000006973
456 0.0000006955
457 0.0000006938
458 0.0000006920
459 0.0000006903
460 0.0000006886
461 0.0000006869
462 0.0000006852
463 0.0000006835
464 0.0000006818
465 0.0000006801
466 0.0000006784
467 0.0000006767
468 0.0000006751
469 0.0000006734
470 0.0000006717
471 0.0000006701
472 0.0000006685
473 0.0000006668
474 0.0000006652
475 0.0000006636
476 0.0000006620
477 0.0000006604
478 0.0000006588
479 0.0000006572
480 0.0000006557
481 0.0000006541
482 0.0000006525
483 0.0000006510
484 0.0000006494
485 0.0000006479
486 0.0000006463
487 0.0000006448
488 0.0000006433
489 0.0000006418
490 0.0000006403
491 0.0000006388
492 0.0000006373
493 0.0000006358
494 0.0000006343
495 0.0000006328
496 0.0000006314
497 0.0000006299
498 0.0000006284
499 0.0000006270
500 0.0000006255
501 0.0000006241
502 0.0000006227
503 0.0000006212
504 0.0000006198
505 0.0000006184
506 0.0000006170
507 0.0000006156
508 0.0000006142
509 0.0000006128
510 0.0000006114
511 0.0000006101
512 0.0000006087
513 0.0000006073
514 0.0000006059
515 0.0000006046
516 0.0000006032
517 0.0000006019
518 0.0000006006
519 0.0000005992
520 0.0000005979
521 0.0000005966
522 0.0000005953
523 0.0000005939
524 0.0000005926
525 0.0000005913
526 0.0000005900
527 0.0000005887
528 0.0000005875
529 0.0000005862
530 0.0000005849
531 0.0000005836
532 0.0000005824
533 0.0000005811
534 0.0000005799
535 0.0000005786
536 0.0000005774
537 0.0000005761
538 0.0000005749
539 0.0000005737
540 0.0000005724
541 0.0000005712
542 0.0000005700
543 0.0000005688
544 0.0000005676
545 0.0000005664
546 0.0000005652
547 0.0000005640
548 0.0000005628
549 0.0000005616
550 0.0000005604
551 0.0000005593
552 0.0000005581
553 0.0000005569
554 0.0000005558
555 0.0000005546
556 0.0000005535
557 0.0000005523
558 0.0000005512
559 0.0000005500
560 0.0000005489
561 0.0000005478
562 0.0000005466
563 0.0000005455
564 0.0000005444
565 0.0000005433
566 0.0000005422
567 0.0000005411
568 0.0000005400
569 0.0000005389
570 0.0000005378
571 0.0000005367
572 0.0000005356
573 0.0000005345
574 0.0000005335
575 0.0000005324
576 0.0000005313
577 0.0000005303
578 0.0000005292
579 0.0000005281
580 0.0000005271
581 0.0000005260
582 0.0000005250
583 0.0000005240
584 0.0000005229
585 0.0000005219
586 0.0000005209
587 0.0000005198
588 0.0000005188
589 0.0000005178
590 0.0000005168
591 0.0000005158
592 0.0000005148
593 0.0000005138
594 0.0000005128
595 0.0000005118
596 0.0000005108
597 0.0000005098
598 0.0000005088
599 0.0000005078
600 0.0000005068
601 0.0000005059
602 0.0000005049
603 0.0000005039
604 0.0000005030
605 0.0000005020
606 0.0000005010
607 0.0000005001
608 0.0000004991
609 0.0000004982
610 0.0000004972
611 0.0000004963
612 0.0000004954
613 0.0000004944
614 0.0000004935
615 0.0000004926
616 0.0000004916
617 0.0000004907
618 0.0000004898
619 0.0000004889
620 0.0000004880
621 0.0000004871
622 0.0000004861
623 0.0000004852
624 0.0000004843
625 0.0000004834
626 0.0000004826
627 0.0000004817
628 0.0000004808
629 0.0000004799
630 0.0000004790
631 0.0000004781
632 0.0000004773
633 0.0000004764
634 0.0000004755
635 0.0000004746
636 0.0000004738
637 0.0000004729
638 0.0000004721
639 0.0000004712
640 0.0000004703
641 0.0000004695
642 0.0000004686
643 0.0000004678
644 0.0000004670
645 0.0000004661
646 0.0000004653
647 0.0000004645
648 0.0000004636
649 0.0000004628
650 0.0000004620
651 0.0000004611
652 0.0000004603
653 0.0000004595
654 0.0000004587
655 0.0000004579
656 0.0000004571
657 0.0000004563
658 0.0000004555
659 0.0000004547
660 0.0000004539
661 0.0000004531
662 0.0000004523
663 0.0000004515
664 0.0000004507
665 0.0000004499
666 0.0000004491
667 0.0000004483
668 0.0000004476
669 0.0000004468
670 0.0000004460
671 0.0000004452
672 0.0000004445
673 0.0000004437
674 0.0000004429
675 0.0000004422
676 0.0000004414
677 0.0000004407
678 0.0000004399
679 0.0000004392
680 0.0000004384
681 0.0000004377
682 0.0000004369
683 0.0000004362
684 0.0000004354
685 0.0000004347
686 0.0000004339
687 0.0000004332
688 0.0000004325
689 0.0000004318
690 0.0000004310
691 0.0000004303
692 0.0000004296
693 0.0000004289
694 0.0000004281
695 0.0000004274
696 0.0000004267
697 0.0000004260
698 0.0000004253
699 0.0000004246
700 0.0000004239
701 0.0000004232
702 0.0000004225
703 0.0000004218
704 0.0000004211
705 0.0000004204
706 0.0000004197
707 0.0000004190
708 0.0000004183
709 0.0000004176
710 0.0000004169
711 0.0000004163
712 0.0000004156
713 0.0000004149
714 0.0000004142
715 0.0000004135
716 0.0000004129
717 0.0000004122
718 0.0000004115
719 0.0000004109
720 0.0000004102
721 0.0000004095
722 0.0000004089
723 0.0000004082
724 0.0000004076
725 0.0000004069
726 0.0000004063
727 0.0000004056
728 0.0000004050
729 0.0000004043
730 0.0000004037
731 0.0000004030
732 0.0000004024
733 0.0000004017
734 0.0000004011
735 0.0000004005
736 0.0000003998
737 0.0000003992
738 0.0000003986
739 0.0000003979
740 0.0000003973
741 0.0000003967
742 0.0000003961
743 0.0000003954
744 0.0000003948
745 0.0000003942
746 0.0000003936
747 0.0000003930
748 0.0000003923
749 0.0000003917
750 0.0000003911
751 0.0000003905
752 0.0000003899
753 0.0000003893
754 0.0000003887
755 0.0000003881
756 0.0000003875
757 0.0000003869
758 0.0000003863
759 0.0000003857
760 0.0000003851
761 0.0000003845
762 0.0000003839
763 0.0000003833
764 0.0000003828
765 0.0000003822
766 0.0000003816
767 0.0000003810
768 0.0000003804
769 0.0000003798
770 0.0000003793
771 0.0000003787
772 0.0000003781
773 0.0000003775
774 0.0000003770
775 0.0000003764
776 0.0000003758
777 0.0000003753
778 0.0000003747
779 0.0000003741
780 0.0000003736
781 0.0000003730
782 0.0000003725
783 0.0000003719
784 0.0000003713
785 0.0000003708
786 0.0000003702
787 0.0000003697
788 0.0000003691
789 0.0000003686
790 0.0000003680
791 0.0000003675
792 0.0000003669
793 0.0000003664
794 0.0000003659
795 0.0000003653
796 0.0000003648
797 0.0000003642
798 0.0000003637
799 0.0000003632
800 0.0000003626
801 0.0000003621
802 0.0000003616
803 0.0000003610
804 0.0000003605
805 0.0000003600
806 0.0000003595
807 0.0000003589
808 0.0000003584
809 0.0000003579
810 0.0000003574
811 0.0000003568
812 0.0000003563
813 0.0000003558
814 0.0000003553
815 0.0000003548
816 0.0000003543
817 0.0000003538
818 0.0000003533
819 0.0000003527
820 0.0000003522
821 0.0000003517
822 0.0000003512
823 0.0000003507
824 0.0000003502
825 0.0000003497
826 0.0000003492
827 0.0000003487
828 0.0000003482
829 0.0000003477
830 0.0000003472
831 0.0000003467
832 0.0000003462
833 0.0000003457
834 0.0000003453
835 0.0000003448
836 0.0000003443
837 0.0000003438
838 0.0000003433
839 0.0000003428
840 0.0000003423
841 0.0000003418
842 0.0000003414
843 0.0000003409
844 0.0000003404
845 0.0000003399
846 0.0000003394
847 0.0000003390
848 0.0000003385
849 0.0000003380
850 0.0000003375
851 0.0000003371
852 0.0000003366
853 0.0000003361
854 0.0000003357
855 0.0000003352
856 0.0000003347
857 0.0000003343
858 0.0000003338
859 0.0000003333
860 0.0000003329
861 0.0000003324
862 0.0000003319
863 0.0000003315
864 0.0000003310
865 0.0000003306
866 0.0000003301
867 0.0000003297
868 0.0000003292
869 0.0000003287
870 0.0000003283
871 0.0000003278
872 0.0000003274
873 0.0000003269
874 0.0000003265
875 0.0000003260
876 0.0000003256
877 0.0000003251
878 0.0000003247
879 0.0000003243
880 0.0000003238
881 0.0000003234
882 0.0000003229
883 0.0000003225
884 0.0000003220
885 0.0000003216
886 0.0000003212
887 0.0000003207
888 0.0000003203
889 0.0000003199
890 0.0000003194
891 0.0000003190
892 0.0000003186
893 0.0000003181
894 0.0000003177
895 0.0000003173
896 0.0000003168
897 0.0000003164
898 0.0000003160
899 0.0000003155
900 0.0000003151
901 0.0000003147
902 0.0000003143
903 0.0000003138
904 0.0000003134
905 0.0000003130
906 0.0000003126
907 0.0000003121
908 0.0000003117
909 0.0000003113
910 0.0000003109
911 0.0000003104
912 0.0000003100
913 0.0000003096
914 0.0000003092
915 0.0000003088
916 0.0000003084
917 0.0000003079
918 0.0000003075
919 0.0000003071
920 0.0000003067
921 0.0000003063
922 0.0000003059
923 0.0000003054
924 0.0000003050
925 0.0000003046
926 0.0000003042
927 0.0000003038
928 0.0000003034
929 0.0000003030
930 0.0000003026
931 0.0000003021
932 0.0000003017
933 0.0000003013
934 0.0000003009
935 0.0000003005
936 0.0000003001
937 0.0000002997
938 0.0000002993
939 0.0000002989
940 0.0000002985
941 0.0000002980
942 0.0000002976
943 0.0000002972
944 0.0000002968
945 0.0000002964
946 0.0000002960
947 0.0000002956
948 0.0000002952
949 0.0000002947
950 0.0000002943
951 0.0000002939
952 0.0000002935
953 0.0000002931
954 0.0000002927
955 0.0000002922
956 0.0000002918
957 0.0000002914
958 0.0000002910
959 0.0000002905
960 0.0000002901
961 0.0000002897
962 0.0000002892
963 0.0000002888
964 0.0000002884
965 0.0000002879
966 0.0000002875
967 0.0000002870
968 0.0000002865
969 0.0000002860
970 0.0000002856
971 0.0000002851
972 0.0000002846
973 0.0000002840
974 0.0000002835
975 0.0000002829
976 0.0000002823
977 0.0000002817
978 0.0000002810
979 0.0000002803
980 0.0000002795
981 0.0000002786
982 0.0000002776
983 0.0000002764
984 0.0000002749
985 0.0000002729
986 0.0000002702
987 0.0000002661
988 0.0000002578
989 0.0000002298
990 0.0000000000
