1 348
0 0.9663380595
1 0.0077605489
2 0.0032460302
3 0.0022519192
4 0.0016535330
5 0.0012993600
6 0.0010672882
7 0.0009020988
8 0.0007784116
9 0.0006825101
10 0.0006060956
11 0.0005438424
12 0.0004921925
13 0.0004486849
14 0.0004115644
15 0.0003795448
16 0.0003516626
17 0.0003271812
18 0.0003055281
19 0.0002862517
20 0.0002689910
21 0.0002534541
22 0.0002394024
23 0.0002266389
24 0.0002149998
25 0.0002043476
26 0.0001945660
27 0.0001855563
28 0.0001772338
29 0.0001695257
30 0.0001623689
31 0.0001557086
32 0.0001494971
33 0.0001436921
34 0.0001382568
35 0.0001331585
36 0.0001283680
37 0.0001238596
38 0.0001196102
39 0.0001155990
40 0.0001118076
41 0.0001082192
42 0.0001048187
43 0.0001015925
44 0.0000985280
45 0.0000956141
46 0.0000928405
47 0.0000901978
48 0.0000876774
49 0.0000852714
50 0.0000829727
51 0.0000807746
52 0.0000786709
53 0.0000766561
54 0.0000747250
55 0.0000728726
56 0.0000710946
57 0.0000693868
58 0.0000677454
59 0.0000661668
60 0.0000646476
61 0.0000631847
62 0.0000617753
63 0.0000604167
64 0.0000591062
65 0.0000578416
66 0.0000566205
67 0.0000554410
68 0.0000543010
69 0.0000531988
70 0.0000521326
71 0.0000511007
72 0.0000501016
73 0.0000491339
74 0.0000481963
75 0.0000472873
76 0.0000464059
77 0.0000455508
78 0.0000447209
79 0.0000439153
80 0.0000431329
81 0.0000423729
82 0.0000416342
83 0.0000409162
84 0.0000402180
85 0.0000395388
86 0.0000388779
87 0.0000382347
88 0.0000376084
89 0.0000369985
90 0.0000364044
91 0.0000358255
92 0.0000352613
93 0.0000347112
94 0.0000341748
95 0.0000336515
96 0.0000331410
97 0.0000326429
98 0.0000321566
99 0.0000316818
100 0.0000312182
101 0.0000307654
102 0.0000303229
103 0.0000298906
104 0.0000294680
105 0.0000290549
106 0.0000286510
107 0.0000282560
108 0.0000278696
109 0.0000274915
110 0.0000271216
111 0.0000267595
112 0.0000264051
113 0.0000260581
114 0.0000257183
115 0.0000253855
116 0.0000250595
117 0.0000247401
118 0.0000244271
119 0.0000241203
120 0.0000238197
121 0.0000235249
122 0.0000232358
123 0.0000229524
124 0.0000226744
125 0.0000224017
126 0.0000221341
127 0.0000218716
128 0.0000216140
129 0.0000213611
130 0.0000211129
131 0.0000208692
132 0.0000206299
133 0.0000203949
134 0.0000201641
135 0.0000199374
136 0.0000197147
137 0.0000194959
138 0.0000192809
139 0.0000190695
140 0.0000188619
141 0.0000186577
142 0.0000184570
143 0.0000182597
144 0.0000180657
145 0.0000178749
146 0.0000176872
147 0.0000175026
148 0.0000173210
149 0.0000171424
150 0.0000169666
151 0.0000167936
152 0.0000166234
153 0.0000164558
154 0.0000162909
155 0.0000161286
156 0.0000159687
157 0.0000158114
158 0.0000156564
159 0.0000155038
160 0.0000153535
161 0.0000152055
162 0.0000150597
163 0.0000149160
164 0.0000147745
165 0.0000146351
166 0.0000144977
167 0.0000143623
168 0.0000142288
169 0.0000140973
170 0.0000139677
171 0.0000138399
172 0.0000137139
173 0.0000135897
174 0.0000134672
175 0.0000133464
176 0.0000132273
177 0.0000131099
178 0.0000129940
179 0.0000128797
180 0.0000127670
181 0.0000126558
182 0.0000125461
183 0.0000124379
184 0.0000123311
185 0.0000122257
186 0.0000121217
187 0.0000120190
188 0.0000119177
189 0.0000118177
190 0.0000117190
191 0.0000116216
192 0.0000115254
193 0.0000114304
194 0.0000113367
195 0.0000112441
196 0.0000111526
197 0.0000110624
198 0.0000109732
199 0.0000108851
200 0.0000107981
201 0.0000107122
202 0.0000106274
203 0.0000105435
204 0.0000104607
205 0.0000103789
206 0.0000102980
207 0.0000102181
208 0.0000101392
209 0.0000100612
210 0.0000099841
211 0.0000099079
212 0.0000098326
213 0.0000097581
214 0.0000096846
215 0.0000096118
216 0.0000095399
217 0.0000094689
218 0.0000093986
219 0.0000093291
220 0.0000092604
221 0.0000091925
222 0.0000091253
223 0.0000090589
224 0.0000089933
225 0.0000089283
226 0.0000088640
227 0.0000088005
228 0.0000087377
229 0.0000086755
230 0.0000086140
231 0.0000085532
232 0.0000084930
233 0.0000084334
234 0.0000083745
235 0.0000083162
236 0.0000082586
237 0.0000082015
238 0.0000081450
239 0.0000080891
240 0.0000080338
241 0.0000079791
242 0.0000079249
243 0.0000078713
244 0.0000078183
245 0.0000077657
246 0.0000077138
247 0.0000076623
248 0.0000076113
249 0.0000075609
250 0.0000075110
251 0.0000074615
252 0.0000074126
253 0.0000073641
254 0.0000073161
255 0.0000072686
256 0.0000072216
257 0.0000071749
258 0.0000071288
259 0.0000070831
260 0.0000070378
261 0.0000069930
262 0.0000069486
263 0.0000069046
264 0.0000068611
265 0.0000068179
266 0.0000067752
267 0.0000067328
268 0.0000066909
269 0.0000066493
270 0.0000066081
271 0.0000065673
272 0.0000065269
273 0.0000064869
274 0.0000064472
275 0.0000064078
276 0.0000063689
277 0.0000063302
278 0.0000062920
279 0.0000062540
280 0.0000062164
281 0.0000061792
282 0.0000061423
283 0.0000061056
284 0.0000060694
285 0.0000060334
286 0.0000059977
287 0.0000059624
288 0.0000059273
289 0.0000058926
290 0.0000058581
291 0.0000058240
292 0.0000057901
293 0.0000057565
294 0.0000057232
295 0.0000056902
296 0.0000056574
297 0.0000056249
298 0.0000055927
299 0.0000055607
300 0.0000055290
301 0.0000054976
302 0.0000054663
303 0.0000054354
304 0.0000054047
305 0.0000053742
306 0.0000053440
307 0.0000053139
308 0.0000052841
309 0.0000052546
310 0.0000052252
311 0.0000051961
312 0.0000051672
313 0.0000051384
314 0.0000051099
315 0.0000050815
316 0.0000050534
317 0.0000050254
318 0.0000049976
319 0.0000049700
320 0.0000049425
321 0.0000049151
322 0.0000048880
323 0.0000048609
324 0.0000048339
325 0.0000048071
326 0.0000047803
327 0.0000047536
328 0.0000047270
329 0.0000047003
330 0.0000046737
331 0.0000046470
332 0.0000046202
333 0.0000045932
334 0.0000045660
335 0.0000045385
336 0.0000045105
337 0.0000044818
338 0.0000044523
339 0.0000044214
340 0.0000043888
341 0.0000043535
342 0.0000043142
343 0.0000042680
344 0.0000042101
345 0.0000041310
346 0.0000039885
347 0.0000035429
348 0.0000000000
