0 316
0 0.9669140027
1 0.0087436133
2 0.0029635848
3 0.0018444604
4 0.0012267322
5 0.0009016072
6 0.0007121923
7 0.0005897804
8 0.0005048015
9 0.0004426018
10 0.0003950596
11 0.0003573984
12 0.0003266926
13 0.0003010785
14 0.0002793211
15 0.0002605699
16 0.0002442179
17 0.0002298185
18 0.0002170338
19 0.0002056022
20 0.0001953176
21 0.0001860142
22 0.0001775576
23 0.0001698367
24 0.0001627595
25 0.0001562486
26 0.0001502386
27 0.0001446739
28 0.0001395066
29 0.0001346957
30 0.0001302056
31 0.0001260052
32 0.0001220673
33 0.0001183680
34 0.0001148864
35 0.0001116037
36 0.0001085034
37 0.0001055706
38 0.0001027922
39 0.0001001563
40 0.0000976522
41 0.0000952702
42 0.0000930017
43 0.0000908386
44 0.0000887739
45 0.0000868010
46 0.0000849138
47 0.0000831069
48 0.0000813754
49 0.0000797145
50 0.0000781200
51 0.0000765881
52 0.0000751151
53 0.0000736976
54 0.0000723327
55 0.0000710174
56 0.0000697491
57 0.0000685252
58 0.0000673436
59 0.0000662020
60 0.0000650985
61 0.0000640311
62 0.0000629982
63 0.0000619981
64 0.0000610292
65 0.0000600902
66 0.0000591796
67 0.0000582962
68 0.0000574387
69 0.0000566062
70 0.0000557974
71 0.0000550113
72 0.0000542471
73 0.0000535039
74 0.0000527807
75 0.0000520769
76 0.0000513915
77 0.0000507239
78 0.0000500735
79 0.0000494395
80 0.0000488214
81 0.0000482186
82 0.0000476304
83 0.0000470564
84 0.0000464961
85 0.0000459490
86 0.0000454145
87 0.0000448924
88 0.0000443821
89 0.0000438834
90 0.0000433956
91 0.0000429186
92 0.0000424520
93 0.0000419954
94 0.0000415485
95 0.0000411111
96 0.0000406827
97 0.0000402632
98 0.0000398522
99 0.0000394496
100 0.0000390550
101 0.0000386682
102 0.0000382890
103 0.0000379171
104 0.0000375524
105 0.0000371946
106 0.0000368437
107 0.0000364992
108 0.0000361611
109 0.0000358293
110 0.0000355034
111 0.0000351835
112 0.0000348692
113 0.0000345605
114 0.0000342573
115 0.0000339593
116 0.0000336664
117 0.0000333786
118 0.0000330956
119 0.0000328174
120 0.0000325438
121 0.0000322747
122 0.0000320101
123 0.0000317497
124 0.0000314936
125 0.0000312415
126 0.0000309935
127 0.0000307493
128 0.0000305090
129 0.0000302724
130 0.0000300394
131 0.0000298100
132 0.0000295840
133 0.0000293615
134 0.0000291423
135 0.0000289263
136 0.0000287135
137 0.0000285038
138 0.0000282972
139 0.0000280935
140 0.0000278927
141 0.0000276948
142 0.0000274997
143 0.0000273072
144 0.0000271175
145 0.0000269304
146 0.0000267458
147 0.0000265638
148 0.0000263842
149 0.0000262070
150 0.0000260322
151 0.0000258597
152 0.0000256895
153 0.0000255215
154 0.0000253556
155 0.0000251920
156 0.0000250304
157 0.0000248708
158 0.0000247133
159 0.0000245578
160 0.0000244042
161 0.0000242525
162 0.0000241027
163 0.0000239547
164 0.0000238086
165 0.0000236642
166 0.0000235215
167 0.0000233806
168 0.0000232413
169 0.0000231037
170 0.0000229677
171 0.0000228332
172 0.0000227004
173 0.0000225690
174 0.0000224392
175 0.0000223109
176 0.0000221841
177 0.0000220586
178 0.0000219346
179 0.0000218119
180 0.0000216907
181 0.0000215707
182 0.0000214521
183 0.0000213348
184 0.0000212187
185 0.0000211039
186 0.0000209903
187 0.0000208780
188 0.0000207668
189 0.0000206568
190 0.0000205480
191 0.0000204403
192 0.0000203338
193 0.0000202283
194 0.0000201239
195 0.0000200206
196 0.0000199183
197 0.0000198171
198 0.0000197169
199 0.0000196177
200 0.0000195196
201 0.0000194223
202 0.0000193261
203 0.0000192308
204 0.0000191364
205 0.0000190429
206 0.0000189504
207 0.0000188587
208 0.0000187679
209 0.0000186780
210 0.0000185890
211 0.0000185008
212 0.0000184134
213 0.0000183268
214 0.0000182411
215 0.0000181561
216 0.0000180719
217 0.0000179885
218 0.0000179059
219 0.0000178240
220 0.0000177429
221 0.0000176625
222 0.0000175828
223 0.0000175038
224 0.0000174256
225 0.0000173480
226 0.0000172711
227 0.0000171949
228 0.0000171194
229 0.0000170445
230 0.0000169703
231 0.0000168967
232 0.0000168238
233 0.0000167514
234 0.0000166797
235 0.0000166086
236 0.0000165381
237 0.0000164682
238 0.0000163989
239 0.0000163301
240 0.0000162620
241 0.0000161944
242 0.0000161273
243 0.0000160608
244 0.0000159949
245 0.0000159295
246 0.0000158646
247 0.0000158002
248 0.0000157364
249 0.0000156731
250 0.0000156102
251 0.0000155479
252 0.0000154861
253 0.0000154247
254 0.0000153639
255 0.0000153035
256 0.0000152435
257 0.0000151841
258 0.0000151251
259 0.0000150666
260 0.0000150085
261 0.0000149508
262 0.0000148936
263 0.0000148369
264 0.0000147805
265 0.0000147246
266 0.0000146691
267 0.0000146140
268 0.0000145593
269 0.0000145050
270 0.0000144512
271 0.0000143977
272 0.0000143446
273 0.0000142919
274 0.0000142396
275 0.0000141877
276 0.0000141361
277 0.0000140849
278 0.0000140341
279 0.0000139836
280 0.0000139335
281 0.0000138838
282 0.0000138344
283 0.0000137853
284 0.0000137366
285 0.0000136883
286 0.0000136402
287 0.0000135925
288 0.0000135452
289 0.0000134981
290 0.0000134514
291 0.0000134050
292 0.0000133589
293 0.0000133131
294 0.0000132677
295 0.0000132225
296 0.0000131777
297 0.0000131331
298 0.0000130889
299 0.0000130449
300 0.0000130012
301 0.0000129578
302 0.0000129147
303 0.0000128719
304 0.0000128294
305 0.0000127871
306 0.0000127451
307 0.0000127034
308 0.0000126620
309 0.0000126208
310 0.0000125799
311 0.0000125392
312 0.0000124988
313 0.0000124587
314 0.0000124188
315 0.0000123791
316 0.0000123397
