1 900
0 0.9879905829
1 0.0034550955
2 0.0013751389
3 0.0009227265
4 0.0006566410
5 0.0005019690
6 0.0004023724
7 0.0003326467
8 0.0002812425
9 0.0002419609
10 0.0002110864
11 0.0001862563
12 0.0001659055
13 0.0001489603
14 0.0001346612
15 0.0001224563
16 0.0001119352
17 0.0001027864
18 0.0000947698
19 0.0000876972
20 0.0000814194
21 0.0000758164
22 0.0000707908
23 0.0000662626
24 0.0000621658
25 0.0000584453
26 0.0000550548
27 0.0000519550
28 0.0000491128
29 0.0000464993
30 0.0000440902
31 0.0000418641
32 0.0000398025
33 0.0000378892
34 0.0000361101
35 0.0000344527
36 0.0000329060
37 0.0000314602
38 0.0000301066
39 0.0000288375
40 0.0000276460
41 0.0000265257
42 0.0000254712
43 0.0000244773
44 0.0000235395
45 0.0000226537
46 0.0000218161
47 0.0000210233
48 0.0000202722
49 0.0000195599
50 0.0000188838
51 0.0000182416
52 0.0000176310
53 0.0000170500
54 0.0000164968
55 0.0000159697
56 0.0000154671
57 0.0000149875
58 0.0000145296
59 0.0000140921
60 0.0000136738
61 0.0000132737
62 0.0000128907
63 0.0000125240
64 0.0000121726
65 0.0000118357
66 0.0000115126
67 0.0000112025
68 0.0000109048
69 0.0000106189
70 0.0000103440
71 0.0000100798
72 0.0000098257
73 0.0000095812
74 0.0000093458
75 0.0000091191
76 0.0000089008
77 0.0000086903
78 0.0000084874
79 0.0000082917
80 0.0000081028
81 0.0000079206
82 0.0000077446
83 0.0000075747
84 0.0000074105
85 0.0000072518
86 0.0000070984
87 0.0000069501
88 0.0000068066
89 0.0000066677
90 0.0000065333
91 0.0000064032
92 0.0000062772
93 0.0000061551
94 0.0000060368
95 0.0000059221
96 0.0000058109
97 0.0000057031
98 0.0000055985
99 0.0000054970
100 0.0000053986
101 0.0000053030
102 0.0000052101
103 0.0000051200
104 0.0000050324
105 0.0000049473
106 0.0000048646
107 0.0000047842
108 0.0000047060
109 0.0000046299
110 0.0000045560
111 0.0000044840
112 0.0000044140
113 0.0000043458
114 0.0000042794
115 0.0000042148
116 0.0000041518
117 0.0000040905
118 0.0000040307
119 0.0000039725
120 0.0000039157
121 0.0000038604
122 0.0000038064
123 0.0000037538
124 0.0000037024
125 0.0000036523
126 0.0000036034
127 0.0000035557
128 0.0000035091
129 0.0000034636
130 0.0000034192
131 0.0000033758
132 0.0000033334
133 0.0000032920
134 0.0000032515
135 0.0000032120
136 0.0000031733
137 0.0000031355
138 0.0000030985
139 0.0000030623
140 0.0000030270
141 0.0000029924
142 0.0000029585
143 0.0000029253
144 0.0000028929
145 0.0000028611
146 0.0000028300
147 0.0000027996
148 0.0000027697
149 0.0000027405
150 0.0000027119
151 0.0000026838
152 0.0000026563
153 0.0000026293
154 0.0000026029
155 0.0000025770
156 0.0000025516
157 0.0000025267
158 0.0000025022
159 0.0000024783
160 0.0000024547
161 0.0000024316
162 0.0000024090
163 0.0000023867
164 0.0000023649
165 0.0000023435
166 0.0000023224
167 0.0000023017
168 0.0000022814
169 0.0000022615
170 0.0000022419
171 0.0000022226
172 0.0000022037
173 0.0000021851
174 0.0000021668
175 0.0000021488
176 0.0000021312
177 0.0000021138
178 0.0000020967
179 0.0000020799
180 0.0000020633
181 0.0000020471
182 0.0000020310
183 0.0000020153
184 0.0000019998
185 0.0000019845
186 0.0000019695
187 0.0000019547
188 0.0000019401
189 0.0000019258
190 0.0000019117
191 0.0000018978
192 0.0000018841
193 0.0000018706
194 0.0000018573
195 0.0000018442
196 0.0000018312
197 0.0000018185
198 0.0000018060
199 0.0000017936
200 0.0000017814
201 0.0000017694
202 0.0000017575
203 0.0000017458
204 0.0000017343
205 0.0000017229
206 0.0000017117
207 0.0000017006
208 0.0000016897
209 0.0000016790
210 0.0000016683
211 0.0000016578
212 0.0000016475
213 0.0000016372
214 0.0000016272
215 0.0000016172
216 0.0000016074
217 0.0000015976
218 0.0000015880
219 0.0000015786
220 0.0000015692
221 0.0000015600
222 0.0000015508
223 0.0000015418
224 0.0000015329
225 0.0000015241
226 0.0000015154
227 0.0000015068
228 0.0000014983
229 0.0000014899
230 0.0000014816
231 0.0000014734
232 0.0000014653
233 0.0000014573
234 0.0000014493
235 0.0000014415
236 0.0000014337
237 0.0000014260
238 0.0000014185
239 0.0000014110
240 0.0000014035
241 0.0000013962
242 0.0000013889
243 0.0000013817
244 0.0000013746
245 0.0000013676
246 0.0000013606
247 0.0000013537
248 0.0000013469
249 0.0000013401
250 0.0000013335
251 0.0000013268
252 0.0000013203
253 0.0000013138
254 0.0000013074
255 0.0000013010
256 0.0000012947
257 0.0000012885
258 0.0000012823
259 0.0000012762
260 0.0000012702
261 0.0000012642
262 0.0000012582
263 0.0000012523
264 0.0000012465
265 0.0000012407
266 0.0000012350
267 0.0000012294
268 0.0000012237
269 0.0000012182
270 0.0000012127
271 0.0000012072
272 0.0000012018
273 0.0000011964
274 0.0000011911
275 0.0000011858
276 0.0000011806
277 0.0000011754
278 0.0000011703
279 0.0000011652
280 0.0000011601
281 0.0000011551
282 0.0000011502
283 0.0000011452
284 0.0000011404
285 0.0000011355
286 0.0000011307
287 0.0000011260
288 0.0000011213
289 0.0000011166
290 0.0000011119
291 0.0000011073
292 0.0000011028
293 0.0000010982
294 0.0000010937
295 0.0000010893
296 0.0000010849
297 0.0000010805
298 0.0000010761
299 0.0000010718
300 0.0000010675
301 0.0000010633
302 0.0000010591
303 0.0000010549
304 0.0000010507
305 0.0000010466
306 0.0000010425
307 0.0000010384
308 0.0000010344
309 0.0000010304
310 0.0000010264
311 0.0000010225
312 0.0000010186
313 0.0000010147
314 0.0000010109
315 0.0000010070
316 0.0000010032
317 0.0000009995
318 0.0000009957
319 0.0000009920
320 0.0000009883
321 0.0000009847
322 0.0000009810
323 0.0000009774
324 0.0000009738
325 0.0000009703
326 0.0000009667
327 0.0000009632
328 0.0000009597
329 0.0000009563
330 0.0000009528
331 0.0000009494
332 0.0000009460
333 0.0000009426
334 0.0000009393
335 0.0000009360
336 0.0000009327
337 0.0000009294
338 0.0000009261
339 0.0000009229
340 0.0000009197
341 0.0000009165
342 0.0000009133
343 0.0000009101
344 0.0000009070
345 0.0000009039
346 0.0000009008
347 0.0000008977
348 0.0000008947
349 0.0000008917
350 0.0000008886
351 0.0000008856
352 0.0000008827
353 0.0000008797
354 0.0000008768
355 0.0000008739
356 0.0000008710
357 0.0000008681
358 0.0000008652
359 0.0000008624
360 0.0000008595
361 0.0000008567
362 0.0000008539
363 0.0000008511
364 0.0000008484
365 0.0000008456
366 0.0000008429
367 0.0000008402
368 0.0000008375
369 0.0000008348
370 0.0000008322
371 0.0000008295
372 0.0000008269
373 0.0000008243
374 0.0000008217
375 0.0000008191
376 0.0000008165
377 0.0000008140
378 0.0000008114
379 0.0000008089
380 0.0000008064
381 0.0000008039
382 0.0000008014
383 0.0000007989
384 0.0000007965
385 0.0000007940
386 0.0000007916
387 0.0000007892
388 0.0000007868
389 0.0000007844
390 0.0000007820
391 0.0000007797
392 0.0000007773
393 0.0000007750
394 0.0000007727
395 0.0000007704
396 0.0000007681
397 0.0000007658
398 0.0000007635
399 0.0000007613
400 0.0000007590
401 0.0000007568
402 0.0000007546
403 0.0000007524
404 0.0000007502
405 0.0000007480
406 0.0000007458
407 0.0000007437
408 0.0000007415
409 0.0000007394
410 0.0000007373
411 0.0000007351
412 0.0000007330
413 0.0000007309
414 0.0000007289
415 0.0000007268
416 0.0000007247
417 0.0000007227
418 0.0000007206
419 0.0000007186
420 0.0000007166
421 0.0000007146
422 0.0000007126
423 0.0000007106
424 0.0000007086
425 0.0000007067
426 0.0000007047
427 0.0000007028
428 0.0000007008
429 0.0000006989
430 0.0000006970
431 0.0000006951
432 0.0000006932
433 0.0000006913
434 0.0000006894
435 0.0000006875
436 0.0000006857
437 0.0000006838
438 0.0000006820
439 0.0000006802
440 0.0000006783
441 0.0000006765
442 0.0000006747
443 0.0000006729
444 0.0000006711
445 0.0000006694
446 0.0000006676
447 0.0000006658
448 0.0000006641
449 0.0000006623
450 0.0000006606
451 0.0000006589
452 0.0000006571
453 0.0000006554
454 0.0000006537
455 0.0000006520
456 0.0000006503
457 0.0000006487
458 0.0000006470
459 0.0000006453
460 0.0000006437
461 0.0000006420
462 0.0000006404
463 0.0000006388
464 0.0000006371
465 0.0000006355
466 0.0000006339
467 0.0000006323
468 0.0000006307
469 0.0000006291
470 0.0000006275
471 0.0000006260
472 0.0000006244
473 0.0000006228
474 0.0000006213
475 0.0000006197
476 0.0000006182
477 0.0000006167
478 0.0000006152
479 0.0000006136
480 0.0000006121
481 0.0000006106
482 0.0000006091
483 0.0000006076
484 0.0000006062
485 0.0000006047
486 0.0000006032
487 0.0000006017
488 0.0000006003
489 0.0000005988
490 0.0000005974
491 0.0000005960
492 0.0000005945
493 0.0000005931
494 0.0000005917
495 0.0000005903
496 0.0000005889
497 0.0000005875
498 0.0000005861
499 0.0000005847
500 0.0000005833
501 0.0000005819
502 0.0000005806
503 0.0000005792
504 0.0000005778
505 0.0000005765
506 0.0000005751
507 0.0000005738
508 0.0000005725
509 0.0000005711
510 0.0000005698
511 0.0000005685
512 0.0000005672
513 0.0000005659
514 0.0000005646
515 0.0000005633
516 0.0000005620
517 0.0000005607
518 0.0000005594
519 0.0000005581
520 0.0000005569
521 0.0000005556
522 0.0000005543
523 0.0000005531
524 0.0000005518
525 0.0000005506
526 0.0000005493
527 0.0000005481
528 0.0000005469
529 0.0000005457
530 0.0000005444
531 0.0000005432
532 0.0000005420
533 0.0000005408
534 0.0000005396
535 0.0000005384
536 0.0000005372
537 0.0000005360
538 0.0000005349
539 0.0000005337
540 0.0000005325
541 0.0000005314
542 0.0000005302
543 0.0000005290
544 0.0000005279
545 0.0000005267
546 0.0000005256
547 0.0000005245
548 0.0000005233
549 0.0000005222
550 0.0000005211
551 0.0000005199
552 0.0000005188
553 0.0000005177
554 0.0000005166
555 0.0000005155
556 0.0000005144
557 0.0000005133
558 0.0000005122
559 0.0000005111
560 0.0000005101
561 0.0000005090
562 0.0000005079
563 0.0000005068
564 0.0000005058
565 0.0000005047
566 0.0000005036
567 0.0000005026
568 0.0000005015
569 0.0000005005
570 0.0000004995
571 0.0000004984
572 0.0000004974
573 0.0000004964
574 0.0000004953
575 0.0000004943
576 0.0000004933
577 0.0000004923
578 0.0000004913
579 0.0000004903
580 0.0000004893
581 0.0000004883
582 0.0000004873
583 0.0000004863
584 0.0000004853
585 0.0000004843
586 0.0000004833
587 0.0000004823
588 0.0000004814
589 0.0000004804
590 0.0000004794
591 0.0000004785
592 0.0000004775
593 0.0000004765
594 0.0000004756
595 0.0000004746
596 0.0000004737
597 0.0000004727
598 0.0000004718
599 0.0000004709
600 0.0000004699
601 0.0000004690
602 0.0000004681
603 0.0000004672
604 0.0000004662
605 0.0000004653
606 0.0000004644
607 0.0000004635
608 0.0000004626
609 0.0000004617
610 0.0000004608
611 0.0000004599
612 0.0000004590
613 0.0000004581
614 0.0000004572
615 0.0000004563
616 0.0000004555
617 0.0000004546
618 0.0000004537
619 0.0000004528
620 0.0000004520
621 0.0000004511
622 0.0000004502
623 0.0000004494
624 0.0000004485
625 0.0000004477
626 0.0000004468
627 0.0000004460
628 0.0000004451
629 0.0000004443
630 0.0000004434
631 0.0000004426
632 0.0000004418
633 0.0000004409
634 0.0000004401
635 0.0000004393
636 0.0000004385
637 0.0000004376
638 0.0000004368
639 0.0000004360
640 0.0000004352
641 0.0000004344
642 0.0000004336
643 0.0000004328
644 0.0000004320
645 0.0000004312
646 0.0000004304
647 0.0000004296
648 0.0000004288
649 0.0000004280
650 0.0000004272
651 0.0000004264
652 0.0000004256
653 0.0000004249
654 0.0000004241
655 0.0000004233
656 0.0000004226
657 0.0000004218
658 0.0000004210
659 0.0000004203
660 0.0000004195
661 0.0000004187
662 0.0000004180
663 0.0000004172
664 0.0000004165
665 0.0000004157
666 0.0000004150
667 0.0000004142
668 0.0000004135
669 0.0000004128
670 0.0000004120
671 0.0000004113
672 0.0000004106
673 0.0000004098
674 0.0000004091
675 0.0000004084
676 0.0000004077
677 0.0000004069
678 0.0000004062
679 0.0000004055
680 0.0000004048
681 0.0000004041
682 0.0000004034
683 0.0000004027
684 0.0000004020
685 0.0000004013
686 0.0000004006
687 0.0000003999
688 0.0000003992
689 0.0000003985
690 0.0000003978
691 0.0000003971
692 0.0000003964
693 0.0000003957
694 0.0000003950
695 0.0000003943
696 0.0000003937
697 0.0000003930
698 0.0000003923
699 0.0000003916
700 0.0000003910
701 0.0000003903
702 0.0000003896
703 0.0000003890
704 0.0000003883
705 0.0000003876
706 0.0000003870
707 0.0000003863
708 0.0000003857
709 0.0000003850
710 0.0000003844
711 0.0000003837
712 0.0000003831
713 0.0000003824
714 0.0000003818
715 0.0000003811
716 0.0000003805
717 0.0000003799
718 0.0000003792
719 0.0000003786
720 0.0000003780
721 0.0000003773
722 0.0000003767
723 0.0000003761
724 0.0000003754
725 0.0000003748
726 0.0000003742
727 0.0000003736
728 0.0000003730
729 0.0000003723
730 0.0000003717
731 0.0000003711
732 0.0000003705
733 0.0000003699
734 0.0000003693
735 0.0000003687
736 0.0000003681
737 0.0000003675
738 0.0000003669
739 0.0000003663
740 0.0000003657
741 0.0000003651
742 0.0000003645
743 0.0000003639
744 0.0000003633
745 0.0000003627
746 0.0000003621
747 0.0000003615
748 0.0000003609
749 0.0000003604
750 0.0000003598
751 0.0000003592
752 0.0000003586
753 0.0000003580
754 0.0000003575
755 0.0000003569
756 0.0000003563
757 0.0000003557
758 0.0000003552
759 0.0000003546
760 0.0000003540
761 0.0000003535
762 0.0000003529
763 0.0000003524
764 0.0000003518
765 0.0000003512
766 0.0000003507
767 0.0000003501
768 0.0000003496
769 0.0000003490
770 0.0000003485
771 0.0000003479
772 0.0000003474
773 0.0000003468
774 0.0000003463
775 0.0000003457
776 0.0000003452
777 0.0000003446
778 0.0000003441
779 0.0000003436
780 0.0000003430
781 0.0000003425
782 0.0000003419
783 0.0000003414
784 0.0000003409
785 0.0000003403
786 0.0000003398
787 0.0000003393
788 0.0000003388
789 0.0000003382
790 0.0000003377
791 0.0000003372
792 0.0000003367
793 0.0000003361
794 0.0000003356
795 0.0000003351
796 0.0000003346
797 0.0000003341
798 0.0000003335
799 0.0000003330
800 0.0000003325
801 0.0000003320
802 0.0000003315
803 0.0000003310
804 0.0000003305
805 0.0000003300
806 0.0000003295
807 0.0000003289
808 0.0000003284
809 0.0000003279
810 0.0000003274
811 0.0000003269
812 0.0000003264
813 0.0000003259
814 0.0000003254
815 0.0000003249
816 0.0000003244
817 0.0000003239
818 0.0000003235
819 0.0000003230
820 0.0000003225
821 0.0000003220
822 0.0000003215
823 0.0000003210
824 0.0000003205
825 0.0000003200
826 0.0000003195
827 0.0000003190
828 0.0000003186
829 0.0000003181
830 0.0000003176
831 0.0000003171
832 0.0000003166
833 0.0000003161
834 0.0000003157
835 0.0000003152
836 0.0000003147
837 0.0000003142
838 0.0000003137
839 0.0000003133
840 0.0000003128
841 0.0000003123
842 0.0000003118
843 0.0000003114
844 0.0000003109
845 0.0000003104
846 0.0000003099
847 0.0000003095
848 0.0000003090
849 0.0000003085
850 0.0000003080
851 0.0000003076
852 0.0000003071
853 0.0000003066
854 0.0000003061
855 0.0000003057
856 0.0000003052
857 0.0000003047
858 0.0000003043
859 0.0000003038
860 0.0000003033
861 0.0000003028
862 0.0000003024
863 0.0000003019
864 0.0000003014
865 0.0000003009
866 0.0000003004
867 0.0000003000
868 0.0000002995
869 0.0000002990
870 0.0000002985
871 0.0000002980
872 0.0000002975
873 0.0000002970
874 0.0000002965
875 0.0000002960
876 0.0000002955
877 0.0000002950
878 0.0000002944
879 0.0000002939
880 0.0000002933
881 0.0000002928
882 0.0000002922
883 0.0000002916
884 0.0000002910
885 0.0000002904
886 0.0000002897
887 0.0000002891
888 0.0000002883
889 0.0000002875
890 0.0000002867
891 0.0000002857
892 0.0000002846
893 0.0000002833
894 0.0000002818
895 0.0000002797
896 0.0000002769
897 0.0000002727
898 0.0000002641
899 0.0000002354
900 0.0000000000
