1 1090
0 0.9872492087
1 0.0043231951
2 0.0014041572
3 0.0008997083
4 0.0006236833
5 0.0004702211
6 0.0003742543
7 0.0003083951
8 0.0002605225
9 0.0002243151
10 0.0001960732
11 0.0001734880
12 0.0001550530
13 0.0001397477
14 0.0001268577
15 0.0001158684
16 0.0001063999
17 0.0000981662
18 0.0000909480
19 0.0000845740
20 0.0000789094
21 0.0000738458
22 0.0000692958
23 0.0000651878
24 0.0000614629
25 0.0000580719
26 0.0000549736
27 0.0000521333
28 0.0000495214
29 0.0000471127
30 0.0000448853
31 0.0000428205
32 0.0000409020
33 0.0000391155
34 0.0000374485
35 0.0000358901
36 0.0000344305
37 0.0000330611
38 0.0000317744
39 0.0000305634
40 0.0000294221
41 0.0000283450
42 0.0000273271
43 0.0000263640
44 0.0000254517
45 0.0000245865
46 0.0000237651
47 0.0000229845
48 0.0000222420
49 0.0000215349
50 0.0000208611
51 0.0000202184
52 0.0000196049
53 0.0000190188
54 0.0000184583
55 0.0000179221
56 0.0000174087
57 0.0000169167
58 0.0000164451
59 0.0000159926
60 0.0000155582
61 0.0000151410
62 0.0000147400
63 0.0000143544
64 0.0000139835
65 0.0000136264
66 0.0000132824
67 0.0000129510
68 0.0000126316
69 0.0000123235
70 0.0000120262
71 0.0000117392
72 0.0000114621
73 0.0000111944
74 0.0000109357
75 0.0000106855
76 0.0000104436
77 0.0000102095
78 0.0000099830
79 0.0000097636
80 0.0000095512
81 0.0000093453
82 0.0000091458
83 0.0000089525
84 0.0000087649
85 0.0000085830
86 0.0000084065
87 0.0000082352
88 0.0000080689
89 0.0000079073
90 0.0000077504
91 0.0000075980
92 0.0000074499
93 0.0000073059
94 0.0000071658
95 0.0000070297
96 0.0000068972
97 0.0000067683
98 0.0000066429
99 0.0000065208
100 0.0000064019
101 0.0000062861
102 0.0000061733
103 0.0000060635
104 0.0000059565
105 0.0000058521
106 0.0000057504
107 0.0000056513
108 0.0000055546
109 0.0000054604
110 0.0000053684
111 0.0000052786
112 0.0000051911
113 0.0000051056
114 0.0000050222
115 0.0000049408
116 0.0000048613
117 0.0000047836
118 0.0000047078
119 0.0000046337
120 0.0000045613
121 0.0000044905
122 0.0000044214
123 0.0000043538
124 0.0000042878
125 0.0000042232
126 0.0000041600
127 0.0000040983
128 0.0000040379
129 0.0000039788
130 0.0000039209
131 0.0000038644
132 0.0000038090
133 0.0000037548
134 0.0000037018
135 0.0000036499
136 0.0000035990
137 0.0000035493
138 0.0000035005
139 0.0000034528
140 0.0000034060
141 0.0000033602
142 0.0000033154
143 0.0000032714
144 0.0000032283
145 0.0000031861
146 0.0000031447
147 0.0000031041
148 0.0000030643
149 0.0000030253
150 0.0000029871
151 0.0000029496
152 0.0000029128
153 0.0000028768
154 0.0000028414
155 0.0000028067
156 0.0000027726
157 0.0000027392
158 0.0000027064
159 0.0000026743
160 0.0000026427
161 0.0000026117
162 0.0000025813
163 0.0000025514
164 0.0000025221
165 0.0000024933
166 0.0000024650
167 0.0000024373
168 0.0000024100
169 0.0000023832
170 0.0000023569
171 0.0000023311
172 0.0000023057
173 0.0000022808
174 0.0000022563
175 0.0000022322
176 0.0000022085
177 0.0000021852
178 0.0000021624
179 0.0000021399
180 0.0000021178
181 0.0000020961
182 0.0000020747
183 0.0000020537
184 0.0000020331
185 0.0000020128
186 0.0000019928
187 0.0000019732
188 0.0000019539
189 0.0000019349
190 0.0000019162
191 0.0000018978
192 0.0000018797
193 0.0000018619
194 0.0000018444
195 0.0000018271
196 0.0000018102
197 0.0000017935
198 0.0000017770
199 0.0000017608
200 0.0000017449
201 0.0000017292
202 0.0000017138
203 0.0000016986
204 0.0000016836
205 0.0000016689
206 0.0000016544
207 0.0000016401
208 0.0000016260
209 0.0000016121
210 0.0000015985
211 0.0000015850
212 0.0000015718
213 0.0000015587
214 0.0000015458
215 0.0000015332
216 0.0000015207
217 0.0000015083
218 0.0000014962
219 0.0000014843
220 0.0000014725
221 0.0000014608
222 0.0000014494
223 0.0000014381
224 0.0000014270
225 0.0000014160
226 0.0000014052
227 0.0000013945
228 0.0000013840
229 0.0000013736
230 0.0000013634
231 0.0000013533
232 0.0000013433
233 0.0000013335
234 0.0000013238
235 0.0000013143
236 0.0000013048
237 0.0000012955
238 0.0000012864
239 0.0000012773
240 0.0000012684
241 0.0000012596
242 0.0000012509
243 0.0000012423
244 0.0000012338
245 0.0000012254
246 0.0000012172
247 0.0000012090
248 0.0000012010
249 0.0000011930
250 0.0000011852
251 0.0000011774
252 0.0000011698
253 0.0000011623
254 0.0000011548
255 0.0000011474
256 0.0000011402
257 0.0000011330
258 0.0000011259
259 0.0000011189
260 0.0000011120
261 0.0000011051
262 0.0000010984
263 0.0000010917
264 0.0000010851
265 0.0000010786
266 0.0000010722
267 0.0000010658
268 0.0000010595
269 0.0000010533
270 0.0000010472
271 0.0000010411
272 0.0000010351
273 0.0000010292
274 0.0000010233
275 0.0000010175
276 0.0000010118
277 0.0000010062
278 0.0000010006
279 0.0000009950
280 0.0000009896
281 0.0000009842
282 0.0000009788
283 0.0000009735
284 0.0000009683
285 0.0000009631
286 0.0000009580
287 0.0000009529
288 0.0000009479
289 0.0000009430
290 0.0000009381
291 0.0000009332
292 0.0000009284
293 0.0000009237
294 0.0000009190
295 0.0000009144
296 0.0000009098
297 0.0000009052
298 0.0000009007
299 0.0000008963
300 0.0000008919
301 0.0000008875
302 0.0000008832
303 0.0000008789
304 0.0000008747
305 0.0000008705
306 0.0000008664
307 0.0000008623
308 0.0000008582
309 0.0000008542
310 0.0000008502
311 0.0000008463
312 0.0000008423
313 0.0000008385
314 0.0000008347
315 0.0000008309
316 0.0000008271
317 0.0000008234
318 0.0000008197
319 0.0000008161
320 0.0000008125
321 0.0000008089
322 0.0000008053
323 0.0000008018
324 0.0000007983
325 0.0000007949
326 0.0000007915
327 0.0000007881
328 0.0000007847
329 0.0000007814
330 0.0000007781
331 0.0000007749
332 0.0000007716
333 0.0000007684
334 0.0000007653
335 0.0000007621
336 0.0000007590
337 0.0000007559
338 0.0000007528
339 0.0000007498
340 0.0000007468
341 0.0000007438
342 0.0000007408
343 0.0000007379
344 0.0000007350
345 0.0000007321
346 0.0000007293
347 0.0000007264
348 0.0000007236
349 0.0000007208
350 0.0000007181
351 0.0000007153
352 0.0000007126
353 0.0000007099
354 0.0000007072
355 0.0000007046
356 0.0000007019
357 0.0000006993
358 0.0000006967
359 0.0000006942
360 0.0000006916
361 0.0000006891
362 0.0000006866
363 0.0000006841
364 0.0000006816
365 0.0000006792
366 0.0000006768
367 0.0000006743
368 0.0000006720
369 0.0000006696
370 0.0000006672
371 0.0000006649
372 0.0000006626
373 0.0000006603
374 0.0000006580
375 0.0000006557
376 0.0000006535
377 0.0000006512
378 0.0000006490
379 0.0000006468
380 0.0000006446
381 0.0000006425
382 0.0000006403
383 0.0000006382
384 0.0000006360
385 0.0000006339
386 0.0000006318
387 0.0000006298
388 0.0000006277
389 0.0000006257
390 0.0000006236
391 0.0000006216
392 0.0000006196
393 0.0000006176
394 0.0000006156
395 0.0000006137
396 0.0000006117
397 0.0000006098
398 0.0000006079
399 0.0000006059
400 0.0000006040
401 0.0000006022
402 0.0000006003
403 0.0000005984
404 0.0000005966
405 0.0000005947
406 0.0000005929
407 0.0000005911
408 0.0000005893
409 0.0000005875
410 0.0000005858
411 0.0000005840
412 0.0000005822
413 0.0000005805
414 0.0000005788
415 0.0000005770
416 0.0000005753
417 0.0000005736
418 0.0000005719
419 0.0000005703
420 0.0000005686
421 0.0000005669
422 0.0000005653
423 0.0000005637
424 0.0000005620
425 0.0000005604
426 0.0000005588
427 0.0000005572
428 0.0000005556
429 0.0000005541
430 0.0000005525
431 0.0000005509
432 0.0000005494
433 0.0000005479
434 0.0000005463
435 0.0000005448
436 0.0000005433
437 0.0000005418
438 0.0000005403
439 0.0000005388
440 0.0000005373
441 0.0000005359
442 0.0000005344
443 0.0000005329
444 0.0000005315
445 0.0000005301
446 0.0000005286
447 0.0000005272
448 0.0000005258
449 0.0000005244
450 0.0000005230
451 0.0000005216
452 0.0000005202
453 0.0000005189
454 0.0000005175
455 0.0000005161
456 0.0000005148
457 0.0000005134
458 0.0000005121
459 0.0000005108
460 0.0000005095
461 0.0000005081
462 0.0000005068
463 0.0000005055
464 0.0000005042
465 0.0000005030
466 0.0000005017
467 0.0000005004
468 0.0000004991
469 0.0000004979
470 0.0000004966
471 0.0000004954
472 0.0000004941
473 0.0000004929
474 0.0000004917
475 0.0000004905
476 0.0000004892
477 0.0000004880
478 0.0000004868
479 0.0000004856
480 0.0000004844
481 0.0000004833
482 0.0000004821
483 0.0000004809
484 0.0000004797
485 0.0000004786
486 0.0000004774
487 0.0000004763
488 0.0000004751
489 0.0000004740
490 0.0000004729
491 0.0000004717
492 0.0000004706
493 0.0000004695
494 0.0000004684
495 0.0000004673
496 0.0000004662
497 0.0000004651
498 0.0000004640
499 0.0000004629
500 0.0000004618
501 0.0000004607
502 0.0000004597
503 0.0000004586
504 0.0000004575
505 0.0000004565
506 0.0000004554
507 0.0000004544
508 0.0000004534
509 0.0000004523
510 0.0000004513
511 0.0000004503
512 0.0000004492
513 0.0000004482
514 0.0000004472
515 0.0000004462
516 0.0000004452
517 0.0000004442
518 0.0000004432
519 0.0000004422
520 0.0000004412
521 0.0000004402
522 0.0000004393
523 0.0000004383
524 0.0000004373
525 0.0000004364
526 0.0000004354
527 0.0000004344
528 0.0000004335
529 0.0000004325
530 0.0000004316
531 0.0000004307
532 0.0000004297
533 0.0000004288
534 0.0000004279
535 0.0000004269
536 0.0000004260
537 0.0000004251
538 0.0000004242
539 0.0000004233
540 0.0000004224
541 0.0000004215
542 0.0000004206
543 0.0000004197
544 0.0000004188
545 0.0000004179
546 0.0000004170
547 0.0000004162
548 0.0000004153
549 0.0000004144
550 0.0000004136
551 0.0000004127
552 0.0000004118
553 0.0000004110
554 0.0000004101
555 0.0000004093
556 0.0000004084
557 0.0000004076
558 0.0000004067
559 0.0000004059
560 0.0000004051
561 0.0000004042
562 0.0000004034
563 0.0000004026
564 0.0000004018
565 0.0000004010
566 0.0000004001
567 0.0000003993
568 0.0000003985
569 0.0000003977
570 0.0000003969
571 0.0000003961
572 0.0000003953
573 0.0000003945
574 0.0000003938
575 0.0000003930
576 0.0000003922
577 0.0000003914
578 0.0000003906
579 0.0000003899
580 0.0000003891
581 0.0000003883
582 0.0000003876
583 0.0000003868
584 0.0000003860
585 0.0000003853
586 0.0000003845
587 0.0000003838
588 0.0000003830
589 0.0000003823
590 0.0000003815
591 0.0000003808
592 0.0000003801
593 0.0000003793
594 0.0000003786
595 0.0000003779
596 0.0000003772
597 0.0000003764
598 0.0000003757
599 0.0000003750
600 0.0000003743
601 0.0000003736
602 0.0000003729
603 0.0000003722
604 0.0000003714
605 0.0000003707
606 0.0000003700
607 0.0000003693
608 0.0000003687
609 0.0000003680
610 0.0000003673
611 0.0000003666
612 0.0000003659
613 0.0000003652
614 0.0000003645
615 0.0000003639
616 0.0000003632
617 0.0000003625
618 0.0000003618
619 0.0000003612
620 0.0000003605
621 0.0000003598
622 0.0000003592
623 0.0000003585
624 0.0000003579
625 0.0000003572
626 0.0000003566
627 0.0000003559
628 0.0000003553
629 0.0000003546
630 0.0000003540
631 0.0000003533
632 0.0000003527
633 0.0000003521
634 0.0000003514
635 0.0000003508
636 0.0000003502
637 0.0000003495
638 0.0000003489
639 0.0000003483
640 0.0000003477
641 0.0000003471
642 0.0000003464
643 0.0000003458
644 0.0000003452
645 0.0000003446
646 0.0000003440
647 0.0000003434
648 0.0000003428
649 0.0000003422
650 0.0000003416
651 0.0000003410
652 0.0000003404
653 0.0000003398
654 0.0000003392
655 0.0000003386
656 0.0000003380
657 0.0000003374
658 0.0000003368
659 0.0000003363
660 0.0000003357
661 0.0000003351
662 0.0000003345
663 0.0000003339
664 0.0000003334
665 0.0000003328
666 0.0000003322
667 0.0000003317
668 0.0000003311
669 0.0000003305
670 0.0000003300
671 0.0000003294
672 0.0000003288
673 0.0000003283
674 0.0000003277
675 0.0000003272
676 0.0000003266
677 0.0000003261
678 0.0000003255
679 0.0000003250
680 0.0000003244
681 0.0000003239
682 0.0000003233
683 0.0000003228
684 0.0000003223
685 0.0000003217
686 0.0000003212
687 0.0000003207
688 0.0000003201
689 0.0000003196
690 0.0000003191
691 0.0000003185
692 0.0000003180
693 0.0000003175
694 0.0000003170
695 0.0000003165
696 0.0000003159
697 0.0000003154
698 0.0000003149
699 0.0000003144
700 0.0000003139
701 0.0000003134
702 0.0000003129
703 0.0000003123
704 0.0000003118
705 0.0000003113
706 0.0000003108
707 0.0000003103
708 0.0000003098
709 0.0000003093
710 0.0000003088
711 0.0000003083
712 0.0000003078
713 0.0000003073
714 0.0000003069
715 0.0000003064
716 0.0000003059
717 0.0000003054
718 0.0000003049
719 0.0000003044
720 0.0000003039
721 0.0000003035
722 0.0000003030
723 0.0000003025
724 0.0000003020
725 0.0000003015
726 0.0000003011
727 0.0000003006
728 0.0000003001
729 0.0000002997
730 0.0000002992
731 0.0000002987
732 0.0000002983
733 0.0000002978
734 0.0000002973
735 0.0000002969
736 0.0000002964
737 0.0000002959
738 0.0000002955
739 0.0000002950
740 0.0000002946
741 0.0000002941
742 0.0000002937
743 0.0000002932
744 0.0000002928
745 0.0000002923
746 0.0000002919
747 0.0000002914
748 0.0000002910
749 0.0000002905
750 0.0000002901
751 0.0000002896
752 0.0000002892
753 0.0000002888
754 0.0000002883
755 0.0000002879
756 0.0000002875
757 0.0000002870
758 0.0000002866
759 0.0000002862
760 0.0000002857
761 0.0000002853
762 0.0000002849
763 0.0000002844
764 0.0000002840
765 0.0000002836
766 0.0000002832
767 0.0000002827
768 0.0000002823
769 0.0000002819
770 0.0000002815
771 0.0000002811
772 0.0000002806
773 0.0000002802
774 0.0000002798
775 0.0000002794
776 0.0000002790
777 0.0000002786
778 0.0000002782
779 0.0000002778
780 0.0000002774
781 0.0000002769
782 0.0000002765
783 0.0000002761
784 0.0000002757
785 0.0000002753
786 0.0000002749
787 0.0000002745
788 0.0000002741
789 0.0000002737
790 0.0000002733
791 0.0000002729
792 0.0000002725
793 0.0000002721
794 0.0000002718
795 0.0000002714
796 0.0000002710
797 0.0000002706
798 0.0000002702
799 0.0000002698
800 0.0000002694
801 0.0000002690
802 0.0000002687
803 0.0000002683
804 0.0000002679
805 0.0000002675
806 0.0000002671
807 0.0000002667
808 0.0000002664
809 0.0000002660
810 0.0000002656
811 0.0000002652
812 0.0000002649
813 0.0000002645
814 0.0000002641
815 0.0000002637
816 0.0000002634
817 0.0000002630
818 0.0000002626
819 0.0000002623
820 0.0000002619
821 0.0000002615
822 0.0000002612
823 0.0000002608
824 0.0000002604
825 0.0000002601
826 0.0000002597
827 0.0000002593
828 0.0000002590
829 0.0000002586
830 0.0000002583
831 0.0000002579
832 0.0000002576
833 0.0000002572
834 0.0000002568
835 0.0000002565
836 0.0000002561
837 0.0000002558
838 0.0000002554
839 0.0000002551
840 0.0000002547
841 0.0000002544
842 0.0000002540
843 0.0000002537
844 0.0000002534
845 0.0000002530
846 0.0000002527
847 0.0000002523
848 0.0000002520
849 0.0000002516
850 0.0000002513
851 0.0000002510
852 0.0000002506
853 0.0000002503
854 0.0000002499
855 0.0000002496
856 0.0000002493
857 0.0000002489
858 0.0000002486
859 0.0000002483
860 0.0000002479
861 0.0000002476
862 0.0000002473
863 0.0000002469
864 0.0000002466
865 0.0000002463
866 0.0000002460
867 0.0000002456
868 0.0000002453
869 0.0000002450
870 0.0000002447
871 0.0000002443
872 0.0000002440
873 0.0000002437
874 0.0000002434
875 0.0000002430
876 0.0000002427
877 0.0000002424
878 0.0000002421
879 0.0000002418
880 0.0000002414
881 0.0000002411
882 0.0000002408
883 0.0000002405
884 0.0000002402
885 0.0000002399
886 0.0000002396
887 0.0000002392
888 0.0000002389
889 0.0000002386
890 0.0000002383
891 0.0000002380
892 0.0000002377
893 0.0000002374
894 0.0000002371
895 0.0000002368
896 0.0000002365
897 0.0000002362
898 0.0000002359
899 0.0000002356
900 0.0000002353
901 0.0000002349
902 0.0000002346
903 0.0000002343
904 0.0000002340
905 0.0000002337
906 0.0000002334
907 0.0000002331
908 0.0000002329
909 0.0000002326
910 0.0000002323
911 0.0000002320
912 0.0000002317
913 0.0000002314
914 0.0000002311
915 0.0000002308
916 0.0000002305
917 0.0000002302
918 0.0000002299
919 0.0000002296
920 0.0000002293
921 0.0000002290
922 0.0000002288
923 0.0000002285
924 0.0000002282
925 0.0000002279
926 0.0000002276
927 0.0000002273
928 0.0000002270
929 0.0000002267
930 0.0000002265
931 0.0000002262
932 0.0000002259
933 0.0000002256
934 0.0000002253
935 0.0000002251
936 0.0000002248
937 0.0000002245
938 0.0000002242
939 0.0000002239
940 0.0000002237
941 0.0000002234
942 0.0000002231
943 0.0000002228
944 0.0000002226
945 0.0000002223
946 0.0000002220
947 0.0000002217
948 0.0000002215
949 0.0000002212
950 0.0000002209
951 0.0000002206
952 0.0000002204
953 0.0000002201
954 0.0000002198
955 0.0000002196
956 0.0000002193
957 0.0000002190
958 0.0000002188
959 0.0000002185
960 0.0000002182
961 0.0000002180
962 0.0000002177
963 0.0000002174
964 0.0000002172
965 0.0000002169
966 0.0000002166
967 0.0000002164
968 0.0000002161
969 0.0000002158
970 0.0000002156
971 0.0000002153
972 0.0000002151
973 0.0000002148
974 0.0000002145
975 0.0000002143
976 0.0000002140
977 0.0000002138
978 0.0000002135
979 0.0000002133
980 0.0000002130
981 0.0000002127
982 0.0000002125
983 0.0000002122
984 0.0000002120
985 0.0000002117
986 0.0000002115
987 0.0000002112
988 0.0000002110
989 0.0000002107
990 0.0000002105
991 0.0000002102
992 0.0000002099
993 0.0000002097
994 0.0000002094
995 0.0000002092
996 0.0000002089
997 0.0000002087
998 0.0000002085
999 0.0000002082
1000 0.0000002080
1001 0.0000002077
1002 0.0000002075
1003 0.0000002072
1004 0.0000002070
1005 0.0000002067
1006 0.0000002065
1007 0.0000002062
1008 0.0000002060
1009 0.0000002057
1010 0.0000002055
1011 0.0000002052
1012 0.0000002050
1013 0.0000002048
1014 0.0000002045
1015 0.0000002043
1016 0.0000002040
1017 0.0000002038
1018 0.0000002036
1019 0.0000002033
1020 0.0000002031
1021 0.0000002028
1022 0.0000002026
1023 0.0000002023
1024 0.0000002021
1025 0.0000002019
1026 0.0000002016
1027 0.0000002014
1028 0.0000002011
1029 0.0000002009
1030 0.0000002007
1031 0.0000002004
1032 0.0000002002
1033 0.0000001999
1034 0.0000001997
1035 0.0000001995
1036 0.0000001992
1037 0.0000001990
1038 0.0000001988
1039 0.0000001985
1040 0.0000001983
1041 0.0000001980
1042 0.0000001978
1043 0.0000001976
1044 0.0000001973
1045 0.0000001971
1046 0.0000001968
1047 0.0000001966
1048 0.0000001964
1049 0.0000001961
1050 0.0000001959
1051 0.0000001956
1052 0.0000001954
1053 0.0000001951
1054 0.0000001949
1055 0.0000001947
1056 0.0000001944
1057 0.0000001942
1058 0.0000001939
1059 0.0000001937
1060 0.0000001934
1061 0.0000001932
1062 0.0000001929
1063 0.0000001926
1064 0.0000001924
1065 0.0000001921
1066 0.0000001918
1067 0.0000001916
1068 0.0000001913
1069 0.0000001910
1070 0.0000001907
1071 0.0000001904
1072 0.0000001901
1073 0.0000001898
1074 0.0000001895
1075 0.0000001891
1076 0.0000001888
1077 0.0000001884
1078 0.0000001880
1079 0.0000001875
1080 0.0000001870
1081 0.0000001864
1082 0.0000001858
1083 0.0000001850
1084 0.0000001841
1085 0.0000001828
1086 0.0000001810
1087 0.0000001783
1088 0.0000001728
1089 0.0000001540
1090 0.0000000000
