0 676
0 0.9861354140
1 0.0026383379
2 0.0011182972
3 0.0007852062
4 0.0005835070
5 0.0004638355
6 0.0003852507
7 0.0003291478
8 0.0002869951
9 0.0002541913
10 0.0002279524
11 0.0002064899
12 0.0001886083
13 0.0001734803
14 0.0001605155
15 0.0001492813
16 0.0001394533
17 0.0001307833
18 0.0001230783
19 0.0001161860
20 0.0001099844
21 0.0001043749
22 0.0000992767
23 0.0000946232
24 0.0000903587
25 0.0000864366
26 0.0000828173
27 0.0000794672
28 0.0000763574
29 0.0000734632
30 0.0000707629
31 0.0000682377
32 0.0000658713
33 0.0000636492
34 0.0000615587
35 0.0000595884
36 0.0000577284
37 0.0000559698
38 0.0000543044
39 0.0000527252
40 0.0000512257
41 0.0000498000
42 0.0000484429
43 0.0000471496
44 0.0000459157
45 0.0000447372
46 0.0000436106
47 0.0000425326
48 0.0000415000
49 0.0000405102
50 0.0000395605
51 0.0000386486
52 0.0000377723
53 0.0000369296
54 0.0000361186
55 0.0000353376
56 0.0000345849
57 0.0000338592
58 0.0000331589
59 0.0000324829
60 0.0000318298
61 0.0000311985
62 0.0000305881
63 0.0000299975
64 0.0000294257
65 0.0000288719
66 0.0000283354
67 0.0000278152
68 0.0000273107
69 0.0000268212
70 0.0000263460
71 0.0000258847
72 0.0000254365
73 0.0000250009
74 0.0000245774
75 0.0000241656
76 0.0000237649
77 0.0000233750
78 0.0000229954
79 0.0000226257
80 0.0000222656
81 0.0000219147
82 0.0000215726
83 0.0000212391
84 0.0000209139
85 0.0000205965
86 0.0000202869
87 0.0000199846
88 0.0000196895
89 0.0000194013
90 0.0000191197
91 0.0000188446
92 0.0000185758
93 0.0000183130
94 0.0000180560
95 0.0000178048
96 0.0000175589
97 0.0000173184
98 0.0000170831
99 0.0000168527
100 0.0000166272
101 0.0000164064
102 0.0000161901
103 0.0000159783
104 0.0000157708
105 0.0000155674
106 0.0000153681
107 0.0000151727
108 0.0000149811
109 0.0000147933
110 0.0000146091
111 0.0000144284
112 0.0000142512
113 0.0000140773
114 0.0000139066
115 0.0000137391
116 0.0000135747
117 0.0000134132
118 0.0000132547
119 0.0000130991
120 0.0000129462
121 0.0000127960
122 0.0000126485
123 0.0000125035
124 0.0000123611
125 0.0000122211
126 0.0000120835
127 0.0000119482
128 0.0000118152
129 0.0000116845
130 0.0000115559
131 0.0000114294
132 0.0000113050
133 0.0000111827
134 0.0000110623
135 0.0000109438
136 0.0000108273
137 0.0000107126
138 0.0000105997
139 0.0000104886
140 0.0000103792
141 0.0000102715
142 0.0000101655
143 0.0000100611
144 0.0000099583
145 0.0000098570
146 0.0000097573
147 0.0000096590
148 0.0000095623
149 0.0000094669
150 0.0000093730
151 0.0000092804
152 0.0000091892
153 0.0000090993
154 0.0000090106
155 0.0000089233
156 0.0000088372
157 0.0000087523
158 0.0000086686
159 0.0000085861
160 0.0000085048
161 0.0000084245
162 0.0000083454
163 0.0000082674
164 0.0000081904
165 0.0000081144
166 0.0000080395
167 0.0000079656
168 0.0000078927
169 0.0000078208
170 0.0000077498
171 0.0000076798
172 0.0000076107
173 0.0000075424
174 0.0000074751
175 0.0000074086
176 0.0000073430
177 0.0000072783
178 0.0000072143
179 0.0000071512
180 0.0000070889
181 0.0000070274
182 0.0000069666
183 0.0000069066
184 0.0000068473
185 0.0000067888
186 0.0000067310
187 0.0000066739
188 0.0000066175
189 0.0000065618
190 0.0000065068
191 0.0000064524
192 0.0000063987
193 0.0000063457
194 0.0000062932
195 0.0000062414
196 0.0000061902
197 0.0000061397
198 0.0000060897
199 0.0000060402
200 0.0000059914
201 0.0000059431
202 0.0000058954
203 0.0000058483
204 0.0000058017
205 0.0000057556
206 0.0000057100
207 0.0000056650
208 0.0000056204
209 0.0000055764
210 0.0000055329
211 0.0000054898
212 0.0000054473
213 0.0000054052
214 0.0000053635
215 0.0000053224
216 0.0000052817
217 0.0000052414
218 0.0000052016
219 0.0000051622
220 0.0000051232
221 0.0000050847
222 0.0000050465
223 0.0000050088
224 0.0000049715
225 0.0000049346
226 0.0000048980
227 0.0000048619
228 0.0000048261
229 0.0000047908
230 0.0000047557
231 0.0000047211
232 0.0000046868
233 0.0000046529
234 0.0000046193
235 0.0000045861
236 0.0000045532
237 0.0000045207
238 0.0000044884
239 0.0000044565
240 0.0000044250
241 0.0000043938
242 0.0000043628
243 0.0000043322
244 0.0000043019
245 0.0000042719
246 0.0000042422
247 0.0000042128
248 0.0000041837
249 0.0000041549
250 0.0000041263
251 0.0000040981
252 0.0000040701
253 0.0000040424
254 0.0000040150
255 0.0000039878
256 0.0000039609
257 0.0000039342
258 0.0000039079
259 0.0000038817
260 0.0000038559
261 0.0000038302
262 0.0000038048
263 0.0000037797
264 0.0000037548
265 0.0000037301
266 0.0000037057
267 0.0000036815
268 0.0000036575
269 0.0000036338
270 0.0000036102
271 0.0000035869
272 0.0000035638
273 0.0000035410
274 0.0000035183
275 0.0000034959
276 0.0000034736
277 0.0000034516
278 0.0000034297
279 0.0000034081
280 0.0000033867
281 0.0000033654
282 0.0000033444
283 0.0000033235
284 0.0000033028
285 0.0000032823
286 0.0000032620
287 0.0000032419
288 0.0000032220
289 0.0000032022
290 0.0000031826
291 0.0000031632
292 0.0000031440
293 0.0000031249
294 0.0000031060
295 0.0000030873
296 0.0000030687
297 0.0000030504
298 0.0000030321
299 0.0000030140
300 0.0000029961
301 0.0000029783
302 0.0000029607
303 0.0000029433
304 0.0000029260
305 0.0000029088
306 0.0000028918
307 0.0000028749
308 0.0000028582
309 0.0000028416
310 0.0000028252
311 0.0000028089
312 0.0000027928
313 0.0000027767
314 0.0000027608
315 0.0000027451
316 0.0000027295
317 0.0000027140
318 0.0000026986
319 0.0000026834
320 0.0000026683
321 0.0000026534
322 0.0000026385
323 0.0000026238
324 0.0000026092
325 0.0000025947
326 0.0000025803
327 0.0000025661
328 0.0000025520
329 0.0000025380
330 0.0000025241
331 0.0000025103
332 0.0000024966
333 0.0000024831
334 0.0000024696
335 0.0000024563
336 0.0000024431
337 0.0000024300
338 0.0000024169
339 0.0000024040
340 0.0000023912
341 0.0000023785
342 0.0000023659
343 0.0000023534
344 0.0000023410
345 0.0000023287
346 0.0000023165
347 0.0000023044
348 0.0000022924
349 0.0000022805
350 0.0000022687
351 0.0000022570
352 0.0000022453
353 0.0000022338
354 0.0000022223
355 0.0000022110
356 0.0000021997
357 0.0000021885
358 0.0000021774
359 0.0000021664
360 0.0000021555
361 0.0000021446
362 0.0000021339
363 0.0000021232
364 0.0000021126
365 0.0000021021
366 0.0000020917
367 0.0000020813
368 0.0000020711
369 0.0000020609
370 0.0000020508
371 0.0000020407
372 0.0000020308
373 0.0000020209
374 0.0000020111
375 0.0000020013
376 0.0000019917
377 0.0000019821
378 0.0000019726
379 0.0000019631
380 0.0000019538
381 0.0000019445
382 0.0000019352
383 0.0000019261
384 0.0000019170
385 0.0000019079
386 0.0000018990
387 0.0000018901
388 0.0000018813
389 0.0000018725
390 0.0000018638
391 0.0000018552
392 0.0000018466
393 0.0000018381
394 0.0000018296
395 0.0000018213
396 0.0000018129
397 0.0000018047
398 0.0000017965
399 0.0000017883
400 0.0000017803
401 0.0000017722
402 0.0000017643
403 0.0000017564
404 0.0000017485
405 0.0000017407
406 0.0000017330
407 0.0000017253
408 0.0000017177
409 0.0000017101
410 0.0000017026
411 0.0000016951
412 0.0000016877
413 0.0000016804
414 0.0000016731
415 0.0000016658
416 0.0000016586
417 0.0000016515
418 0.0000016444
419 0.0000016373
420 0.0000016303
421 0.0000016234
422 0.0000016165
423 0.0000016096
424 0.0000016028
425 0.0000015961
426 0.0000015894
427 0.0000015827
428 0.0000015761
429 0.0000015695
430 0.0000015630
431 0.0000015565
432 0.0000015501
433 0.0000015437
434 0.0000015374
435 0.0000015311
436 0.0000015248
437 0.0000015186
438 0.0000015124
439 0.0000015063
440 0.0000015002
441 0.0000014942
442 0.0000014882
443 0.0000014822
444 0.0000014763
445 0.0000014704
446 0.0000014646
447 0.0000014588
448 0.0000014530
449 0.0000014473
450 0.0000014416
451 0.0000014360
452 0.0000014303
453 0.0000014248
454 0.0000014192
455 0.0000014137
456 0.0000014083
457 0.0000014029
458 0.0000013975
459 0.0000013921
460 0.0000013868
461 0.0000013815
462 0.0000013763
463 0.0000013711
464 0.0000013659
465 0.0000013608
466 0.0000013557
467 0.0000013506
468 0.0000013456
469 0.0000013406
470 0.0000013356
471 0.0000013306
472 0.0000013257
473 0.0000013209
474 0.0000013160
475 0.0000013112
476 0.0000013064
477 0.0000013017
478 0.0000012970
479 0.0000012923
480 0.0000012876
481 0.0000012830
482 0.0000012784
483 0.0000012738
484 0.0000012693
485 0.0000012648
486 0.0000012603
487 0.0000012559
488 0.0000012514
489 0.0000012470
490 0.0000012427
491 0.0000012383
492 0.0000012340
493 0.0000012297
494 0.0000012255
495 0.0000012213
496 0.0000012171
497 0.0000012129
498 0.0000012087
499 0.0000012046
500 0.0000012005
501 0.0000011964
502 0.0000011924
503 0.0000011884
504 0.0000011844
505 0.0000011804
506 0.0000011765
507 0.0000011726
508 0.0000011687
509 0.0000011648
510 0.0000011609
511 0.0000011571
512 0.0000011533
513 0.0000011495
514 0.0000011458
515 0.0000011421
516 0.0000011384
517 0.0000011347
518 0.0000011310
519 0.0000011274
520 0.0000011238
521 0.0000011202
522 0.0000011166
523 0.0000011130
524 0.0000011095
525 0.0000011060
526 0.0000011025
527 0.0000010991
528 0.0000010956
529 0.0000010922
530 0.0000010888
531 0.0000010854
532 0.0000010821
533 0.0000010787
534 0.0000010754
535 0.0000010721
536 0.0000010688
537 0.0000010656
538 0.0000010623
539 0.0000010591
540 0.0000010559
541 0.0000010527
542 0.0000010495
543 0.0000010464
544 0.0000010433
545 0.0000010402
546 0.0000010371
547 0.0000010340
548 0.0000010309
549 0.0000010279
550 0.0000010249
551 0.0000010219
552 0.0000010189
553 0.0000010159
554 0.0000010130
555 0.0000010101
556 0.0000010072
557 0.0000010043
558 0.0000010014
559 0.0000009985
560 0.0000009957
561 0.0000009928
562 0.0000009900
563 0.0000009872
564 0.0000009845
565 0.0000009817
566 0.0000009789
567 0.0000009762
568 0.0000009735
569 0.0000009708
570 0.0000009681
571 0.0000009654
572 0.0000009628
573 0.0000009601
574 0.0000009575
575 0.0000009549
576 0.0000009523
577 0.0000009497
578 0.0000009472
579 0.0000009446
580 0.0000009421
581 0.0000009395
582 0.0000009370
583 0.0000009345
584 0.0000009321
585 0.0000009296
586 0.0000009271
587 0.0000009247
588 0.0000009223
589 0.0000009199
590 0.0000009175
591 0.0000009151
592 0.0000009127
593 0.0000009103
594 0.0000009080
595 0.0000009057
596 0.0000009033
597 0.0000009010
598 0.0000008987
599 0.0000008965
600 0.0000008942
601 0.0000008919
602 0.0000008897
603 0.0000008874
604 0.0000008852
605 0.0000008830
606 0.0000008808
607 0.0000008786
608 0.0000008765
609 0.0000008743
610 0.0000008722
611 0.0000008700
612 0.0000008679
613 0.0000008658
614 0.0000008637
615 0.0000008616
616 0.0000008595
617 0.0000008574
618 0.0000008554
619 0.0000008533
620 0.0000008513
621 0.0000008492
622 0.0000008472
623 0.0000008452
624 0.0000008432
625 0.0000008412
626 0.0000008393
627 0.0000008373
628 0.0000008354
629 0.0000008334
630 0.0000008315
631 0.0000008296
632 0.0000008276
633 0.0000008257
634 0.0000008238
635 0.0000008220
636 0.0000008201
637 0.0000008182
638 0.0000008164
639 0.0000008145
640 0.0000008127
641 0.0000008109
642 0.0000008090
643 0.0000008072
644 0.0000008054
645 0.0000008036
646 0.0000008019
647 0.0000008001
648 0.0000007983
649 0.0000007966
650 0.0000007948
651 0.0000007931
652 0.0000007914
653 0.0000007897
654 0.0000007879
655 0.0000007862
656 0.0000007846
657 0.0000007829
658 0.0000007812
659 0.0000007795
660 0.0000007779
661 0.0000007762
662 0.0000007746
663 0.0000007729
664 0.0000007713
665 0.0000007697
666 0.0000007681
667 0.0000007665
668 0.0000007649
669 0.0000007633
670 0.0000007617
671 0.0000007601
672 0.0000007586
673 0.0000007570
674 0.0000007555
675 0.0000007539
676 0.0000007524
