0 1320
0 0.9696019530
1 0.0058847596
2 0.0024930139
3 0.0017499012
4 0.0012998917
5 0.0010328784
6 0.0008575453
7 0.0007323766
8 0.0006383327
9 0.0005651477
10 0.0005066098
11 0.0004587290
12 0.0004188380
13 0.0003850906
14 0.0003561697
15 0.0003311101
16 0.0003091879
17 0.0002898494
18 0.0002726640
19 0.0002572919
20 0.0002434608
21 0.0002309508
22 0.0002195816
23 0.0002092044
24 0.0001996953
25 0.0001909499
26 0.0001828803
27 0.0001754113
28 0.0001684785
29 0.0001620265
30 0.0001560072
31 0.0001503786
32 0.0001451043
33 0.0001401518
34 0.0001354929
35 0.0001311024
36 0.0001269578
37 0.0001230393
38 0.0001193290
39 0.0001158109
40 0.0001124704
41 0.0001092948
42 0.0001062721
43 0.0001033917
44 0.0001006438
45 0.0000980197
46 0.0000955113
47 0.0000931111
48 0.0000908124
49 0.0000886090
50 0.0000864951
51 0.0000844656
52 0.0000825154
53 0.0000806402
54 0.0000788357
55 0.0000770981
56 0.0000754238
57 0.0000738094
58 0.0000722519
59 0.0000707484
60 0.0000692961
61 0.0000678926
62 0.0000665354
63 0.0000652224
64 0.0000639514
65 0.0000627206
66 0.0000615281
67 0.0000603722
68 0.0000592513
69 0.0000581638
70 0.0000571084
71 0.0000560835
72 0.0000550881
73 0.0000541208
74 0.0000531806
75 0.0000522663
76 0.0000513768
77 0.0000505113
78 0.0000496689
79 0.0000488485
80 0.0000480495
81 0.0000472710
82 0.0000465122
83 0.0000457724
84 0.0000450511
85 0.0000443474
86 0.0000436608
87 0.0000429907
88 0.0000423365
89 0.0000416978
90 0.0000410738
91 0.0000404643
92 0.0000398687
93 0.0000392865
94 0.0000387174
95 0.0000381608
96 0.0000376165
97 0.0000370840
98 0.0000365630
99 0.0000360531
100 0.0000355540
101 0.0000350654
102 0.0000345869
103 0.0000341182
104 0.0000336592
105 0.0000332094
106 0.0000327687
107 0.0000323367
108 0.0000319132
109 0.0000314980
110 0.0000310909
111 0.0000306917
112 0.0000303000
113 0.0000299158
114 0.0000295388
115 0.0000291689
116 0.0000288058
117 0.0000284494
118 0.0000280995
119 0.0000277559
120 0.0000274185
121 0.0000270872
122 0.0000267617
123 0.0000264419
124 0.0000261277
125 0.0000258190
126 0.0000255156
127 0.0000252174
128 0.0000249242
129 0.0000246360
130 0.0000243527
131 0.0000240740
132 0.0000238000
133 0.0000235305
134 0.0000232654
135 0.0000230046
136 0.0000227480
137 0.0000224956
138 0.0000222471
139 0.0000220026
140 0.0000217619
141 0.0000215251
142 0.0000212918
143 0.0000210623
144 0.0000208362
145 0.0000206136
146 0.0000203944
147 0.0000201785
148 0.0000199658
149 0.0000197563
150 0.0000195499
151 0.0000193466
152 0.0000191463
153 0.0000189489
154 0.0000187544
155 0.0000185627
156 0.0000183737
157 0.0000181875
158 0.0000180039
159 0.0000178229
160 0.0000176445
161 0.0000174685
162 0.0000172951
163 0.0000171240
164 0.0000169553
165 0.0000167889
166 0.0000166248
167 0.0000164630
168 0.0000163033
169 0.0000161457
170 0.0000159903
171 0.0000158370
172 0.0000156857
173 0.0000155364
174 0.0000153891
175 0.0000152437
176 0.0000151002
177 0.0000149586
178 0.0000148188
179 0.0000146809
180 0.0000145446
181 0.0000144102
182 0.0000142774
183 0.0000141463
184 0.0000140169
185 0.0000138891
186 0.0000137629
187 0.0000136383
188 0.0000135152
189 0.0000133936
190 0.0000132736
191 0.0000131550
192 0.0000130378
193 0.0000129221
194 0.0000128078
195 0.0000126948
196 0.0000125833
197 0.0000124730
198 0.0000123641
199 0.0000122564
200 0.0000121501
201 0.0000120450
202 0.0000119411
203 0.0000118384
204 0.0000117370
205 0.0000116367
206 0.0000115376
207 0.0000114396
208 0.0000113427
209 0.0000112470
210 0.0000111523
211 0.0000110587
212 0.0000109662
213 0.0000108748
214 0.0000107843
215 0.0000106949
216 0.0000106065
217 0.0000105190
218 0.0000104325
219 0.0000103470
220 0.0000102624
221 0.0000101788
222 0.0000100961
223 0.0000100143
224 0.0000099333
225 0.0000098533
226 0.0000097741
227 0.0000096957
228 0.0000096183
229 0.0000095416
230 0.0000094657
231 0.0000093907
232 0.0000093165
233 0.0000092430
234 0.0000091703
235 0.0000090984
236 0.0000090273
237 0.0000089568
238 0.0000088872
239 0.0000088182
240 0.0000087499
241 0.0000086824
242 0.0000086156
243 0.0000085494
244 0.0000084839
245 0.0000084191
246 0.0000083550
247 0.0000082915
248 0.0000082286
249 0.0000081664
250 0.0000081048
251 0.0000080438
252 0.0000079835
253 0.0000079237
254 0.0000078645
255 0.0000078060
256 0.0000077480
257 0.0000076905
258 0.0000076337
259 0.0000075774
260 0.0000075216
261 0.0000074664
262 0.0000074118
263 0.0000073576
264 0.0000073040
265 0.0000072510
266 0.0000071984
267 0.0000071463
268 0.0000070947
269 0.0000070437
270 0.0000069931
271 0.0000069430
272 0.0000068934
273 0.0000068442
274 0.0000067955
275 0.0000067473
276 0.0000066995
277 0.0000066522
278 0.0000066053
279 0.0000065589
280 0.0000065128
281 0.0000064673
282 0.0000064221
283 0.0000063774
284 0.0000063330
285 0.0000062891
286 0.0000062456
287 0.0000062025
288 0.0000061598
289 0.0000061175
290 0.0000060755
291 0.0000060340
292 0.0000059928
293 0.0000059520
294 0.0000059115
295 0.0000058714
296 0.0000058317
297 0.0000057924
298 0.0000057534
299 0.0000057147
300 0.0000056764
301 0.0000056384
302 0.0000056008
303 0.0000055635
304 0.0000055265
305 0.0000054899
306 0.0000054536
307 0.0000054176
308 0.0000053819
309 0.0000053465
310 0.0000053115
311 0.0000052767
312 0.0000052423
313 0.0000052081
314 0.0000051743
315 0.0000051407
316 0.0000051074
317 0.0000050745
318 0.0000050418
319 0.0000050093
320 0.0000049772
321 0.0000049453
322 0.0000049137
323 0.0000048824
324 0.0000048513
325 0.0000048206
326 0.0000047900
327 0.0000047597
328 0.0000047297
329 0.0000047000
330 0.0000046704
331 0.0000046412
332 0.0000046122
333 0.0000045834
334 0.0000045548
335 0.0000045265
336 0.0000044985
337 0.0000044706
338 0.0000044430
339 0.0000044157
340 0.0000043885
341 0.0000043616
342 0.0000043349
343 0.0000043084
344 0.0000042821
345 0.0000042561
346 0.0000042303
347 0.0000042046
348 0.0000041792
349 0.0000041540
350 0.0000041290
351 0.0000041042
352 0.0000040796
353 0.0000040552
354 0.0000040310
355 0.0000040070
356 0.0000039832
357 0.0000039595
358 0.0000039361
359 0.0000039129
360 0.0000038898
361 0.0000038669
362 0.0000038442
363 0.0000038217
364 0.0000037993
365 0.0000037772
366 0.0000037552
367 0.0000037334
368 0.0000037118
369 0.0000036903
370 0.0000036690
371 0.0000036478
372 0.0000036269
373 0.0000036061
374 0.0000035854
375 0.0000035649
376 0.0000035446
377 0.0000035245
378 0.0000035045
379 0.0000034846
380 0.0000034649
381 0.0000034454
382 0.0000034260
383 0.0000034067
384 0.0000033876
385 0.0000033687
386 0.0000033499
387 0.0000033312
388 0.0000033127
389 0.0000032943
390 0.0000032761
391 0.0000032580
392 0.0000032400
393 0.0000032222
394 0.0000032045
395 0.0000031870
396 0.0000031695
397 0.0000031522
398 0.0000031351
399 0.0000031180
400 0.0000031012
401 0.0000030844
402 0.0000030677
403 0.0000030512
404 0.0000030348
405 0.0000030185
406 0.0000030024
407 0.0000029863
408 0.0000029704
409 0.0000029546
410 0.0000029389
411 0.0000029233
412 0.0000029079
413 0.0000028926
414 0.0000028773
415 0.0000028622
416 0.0000028472
417 0.0000028323
418 0.0000028175
419 0.0000028029
420 0.0000027883
421 0.0000027738
422 0.0000027595
423 0.0000027452
424 0.0000027311
425 0.0000027171
426 0.0000027031
427 0.0000026893
428 0.0000026755
429 0.0000026619
430 0.0000026483
431 0.0000026349
432 0.0000026215
433 0.0000026083
434 0.0000025952
435 0.0000025821
436 0.0000025691
437 0.0000025562
438 0.0000025435
439 0.0000025308
440 0.0000025182
441 0.0000025056
442 0.0000024932
443 0.0000024809
444 0.0000024686
445 0.0000024565
446 0.0000024444
447 0.0000024324
448 0.0000024205
449 0.0000024087
450 0.0000023969
451 0.0000023853
452 0.0000023737
453 0.0000023622
454 0.0000023508
455 0.0000023395
456 0.0000023282
457 0.0000023170
458 0.0000023060
459 0.0000022949
460 0.0000022840
461 0.0000022731
462 0.0000022623
463 0.0000022516
464 0.0000022410
465 0.0000022304
466 0.0000022199
467 0.0000022095
468 0.0000021991
469 0.0000021888
470 0.0000021786
471 0.0000021685
472 0.0000021584
473 0.0000021484
474 0.0000021385
475 0.0000021286
476 0.0000021188
477 0.0000021091
478 0.0000020994
479 0.0000020898
480 0.0000020803
481 0.0000020708
482 0.0000020614
483 0.0000020521
484 0.0000020428
485 0.0000020336
486 0.0000020244
487 0.0000020153
488 0.0000020063
489 0.0000019973
490 0.0000019884
491 0.0000019796
492 0.0000019707
493 0.0000019620
494 0.0000019533
495 0.0000019447
496 0.0000019362
497 0.0000019277
498 0.0000019192
499 0.0000019108
500 0.0000019025
501 0.0000018942
502 0.0000018860
503 0.0000018778
504 0.0000018697
505 0.0000018617
506 0.0000018536
507 0.0000018457
508 0.0000018378
509 0.0000018299
510 0.0000018221
511 0.0000018144
512 0.0000018067
513 0.0000017990
514 0.0000017914
515 0.0000017839
516 0.0000017764
517 0.0000017689
518 0.0000017615
519 0.0000017542
520 0.0000017468
521 0.0000017396
522 0.0000017324
523 0.0000017252
524 0.0000017181
525 0.0000017110
526 0.0000017040
527 0.0000016970
528 0.0000016901
529 0.0000016832
530 0.0000016763
531 0.0000016695
532 0.0000016628
533 0.0000016560
534 0.0000016494
535 0.0000016427
536 0.0000016361
537 0.0000016296
538 0.0000016231
539 0.0000016166
540 0.0000016102
541 0.0000016038
542 0.0000015975
543 0.0000015912
544 0.0000015849
545 0.0000015787
546 0.0000015725
547 0.0000015663
548 0.0000015602
549 0.0000015542
550 0.0000015481
551 0.0000015421
552 0.0000015362
553 0.0000015302
554 0.0000015244
555 0.0000015185
556 0.0000015127
557 0.0000015070
558 0.0000015012
559 0.0000014955
560 0.0000014898
561 0.0000014842
562 0.0000014786
563 0.0000014731
564 0.0000014675
565 0.0000014620
566 0.0000014566
567 0.0000014512
568 0.0000014458
569 0.0000014404
570 0.0000014351
571 0.0000014298
572 0.0000014245
573 0.0000014193
574 0.0000014141
575 0.0000014089
576 0.0000014038
577 0.0000013987
578 0.0000013936
579 0.0000013886
580 0.0000013836
581 0.0000013786
582 0.0000013736
583 0.0000013687
584 0.0000013638
585 0.0000013590
586 0.0000013542
587 0.0000013494
588 0.0000013446
589 0.0000013398
590 0.0000013351
591 0.0000013304
592 0.0000013258
593 0.0000013211
594 0.0000013165
595 0.0000013120
596 0.0000013074
597 0.0000013029
598 0.0000012984
599 0.0000012939
600 0.0000012895
601 0.0000012851
602 0.0000012807
603 0.0000012763
604 0.0000012720
605 0.0000012677
606 0.0000012634
607 0.0000012591
608 0.0000012549
609 0.0000012507
610 0.0000012465
611 0.0000012423
612 0.0000012382
613 0.0000012341
614 0.0000012300
615 0.0000012259
616 0.0000012219
617 0.0000012179
618 0.0000012139
619 0.0000012099
620 0.0000012060
621 0.0000012020
622 0.0000011981
623 0.0000011943
624 0.0000011904
625 0.0000011866
626 0.0000011828
627 0.0000011790
628 0.0000011752
629 0.0000011714
630 0.0000011677
631 0.0000011640
632 0.0000011603
633 0.0000011567
634 0.0000011530
635 0.0000011494
636 0.0000011458
637 0.0000011422
638 0.0000011387
639 0.0000011351
640 0.0000011316
641 0.0000011281
642 0.0000011246
643 0.0000011212
644 0.0000011178
645 0.0000011143
646 0.0000011109
647 0.0000011076
648 0.0000011042
649 0.0000011008
650 0.0000010975
651 0.0000010942
652 0.0000010909
653 0.0000010877
654 0.0000010844
655 0.0000010812
656 0.0000010780
657 0.0000010748
658 0.0000010716
659 0.0000010684
660 0.0000010653
661 0.0000010622
662 0.0000010590
663 0.0000010559
664 0.0000010529
665 0.0000010498
666 0.0000010468
667 0.0000010437
668 0.0000010407
669 0.0000010378
670 0.0000010348
671 0.0000010318
672 0.0000010289
673 0.0000010260
674 0.0000010231
675 0.0000010202
676 0.0000010173
677 0.0000010144
678 0.0000010116
679 0.0000010087
680 0.0000010059
681 0.0000010031
682 0.0000010003
683 0.0000009976
684 0.0000009948
685 0.0000009921
686 0.0000009893
687 0.0000009866
688 0.0000009839
689 0.0000009813
690 0.0000009786
691 0.0000009759
692 0.0000009733
693 0.0000009707
694 0.0000009681
695 0.0000009655
696 0.0000009629
697 0.0000009603
698 0.0000009577
699 0.0000009552
700 0.0000009527
701 0.0000009502
702 0.0000009477
703 0.0000009452
704 0.0000009427
705 0.0000009402
706 0.0000009378
707 0.0000009353
708 0.0000009329
709 0.0000009305
710 0.0000009281
711 0.0000009257
712 0.0000009233
713 0.0000009210
714 0.0000009186
715 0.0000009163
716 0.0000009140
717 0.0000009117
718 0.0000009094
719 0.0000009071
720 0.0000009048
721 0.0000009025
722 0.0000009003
723 0.0000008980
724 0.0000008958
725 0.0000008936
726 0.0000008914
727 0.0000008892
728 0.0000008870
729 0.0000008848
730 0.0000008827
731 0.0000008805
732 0.0000008784
733 0.0000008762
734 0.0000008741
735 0.0000008720
736 0.0000008699
737 0.0000008678
738 0.0000008657
739 0.0000008637
740 0.0000008616
741 0.0000008596
742 0.0000008575
743 0.0000008555
744 0.0000008535
745 0.0000008515
746 0.0000008495
747 0.0000008475
748 0.0000008455
749 0.0000008436
750 0.0000008416
751 0.0000008397
752 0.0000008377
753 0.0000008358
754 0.0000008339
755 0.0000008320
756 0.0000008301
757 0.0000008282
758 0.0000008263
759 0.0000008244
760 0.0000008226
761 0.0000008207
762 0.0000008189
763 0.0000008171
764 0.0000008152
765 0.0000008134
766 0.0000008116
767 0.0000008098
768 0.0000008080
769 0.0000008062
770 0.0000008045
771 0.0000008027
772 0.0000008009
773 0.0000007992
774 0.0000007975
775 0.0000007957
776 0.0000007940
777 0.0000007923
778 0.0000007906
779 0.0000007889
780 0.0000007872
781 0.0000007855
782 0.0000007839
783 0.0000007822
784 0.0000007805
785 0.0000007789
786 0.0000007772
787 0.0000007756
788 0.0000007740
789 0.0000007723
790 0.0000007707
791 0.0000007691
792 0.0000007675
793 0.0000007660
794 0.0000007644
795 0.0000007628
796 0.0000007612
797 0.0000007597
798 0.0000007581
799 0.0000007566
800 0.0000007550
801 0.0000007535
802 0.0000007520
803 0.0000007505
804 0.0000007490
805 0.0000007475
806 0.0000007460
807 0.0000007445
808 0.0000007430
809 0.0000007415
810 0.0000007400
811 0.0000007386
812 0.0000007371
813 0.0000007357
814 0.0000007342
815 0.0000007328
816 0.0000007314
817 0.0000007300
818 0.0000007286
819 0.0000007271
820 0.0000007257
821 0.0000007243
822 0.0000007229
823 0.0000007216
824 0.0000007202
825 0.0000007188
826 0.0000007174
827 0.0000007161
828 0.0000007147
829 0.0000007134
830 0.0000007121
831 0.0000007107
832 0.0000007094
833 0.0000007081
834 0.0000007067
835 0.0000007054
836 0.0000007041
837 0.0000007028
838 0.0000007015
839 0.0000007002
840 0.0000006989
841 0.0000006977
842 0.0000006964
843 0.0000006951
844 0.0000006939
845 0.0000006926
846 0.0000006914
847 0.0000006901
848 0.0000006889
849 0.0000006876
850 0.0000006864
851 0.0000006852
852 0.0000006840
853 0.0000006828
854 0.0000006815
855 0.0000006804
856 0.0000006791
857 0.0000006780
858 0.0000006768
859 0.0000006756
860 0.0000006744
861 0.0000006732
862 0.0000006721
863 0.0000006709
864 0.0000006697
865 0.0000006686
866 0.0000006674
867 0.0000006663
868 0.0000006652
869 0.0000006640
870 0.0000006629
871 0.0000006618
872 0.0000006607
873 0.0000006595
874 0.0000006584
875 0.0000006573
876 0.0000006562
877 0.0000006551
878 0.0000006540
879 0.0000006529
880 0.0000006518
881 0.0000006508
882 0.0000006497
883 0.0000006486
884 0.0000006476
885 0.0000006465
886 0.0000006455
887 0.0000006444
888 0.0000006433
889 0.0000006423
890 0.0000006413
891 0.0000006402
892 0.0000006392
893 0.0000006382
894 0.0000006371
895 0.0000006361
896 0.0000006351
897 0.0000006341
898 0.0000006331
899 0.0000006321
900 0.0000006311
901 0.0000006301
902 0.0000006291
903 0.0000006281
904 0.0000006271
905 0.0000006261
906 0.0000006252
907 0.0000006242
908 0.0000006232
909 0.0000006223
910 0.0000006213
911 0.0000006203
912 0.0000006194
913 0.0000006184
914 0.0000006175
915 0.0000006165
916 0.0000006156
917 0.0000006147
918 0.0000006137
919 0.0000006128
920 0.0000006119
921 0.0000006110
922 0.0000006100
923 0.0000006091
924 0.0000006082
925 0.0000006073
926 0.0000006064
927 0.0000006055
928 0.0000006046
929 0.0000006037
930 0.0000006028
931 0.0000006019
932 0.0000006010
933 0.0000006002
934 0.0000005993
935 0.0000005984
936 0.0000005975
937 0.0000005967
938 0.0000005958
939 0.0000005949
940 0.0000005941
941 0.0000005932
942 0.0000005924
943 0.0000005915
944 0.0000005907
945 0.0000005898
946 0.0000005890
947 0.0000005882
948 0.0000005873
949 0.0000005865
950 0.0000005857
951 0.0000005849
952 0.0000005840
953 0.0000005832
954 0.0000005824
955 0.0000005816
956 0.0000005808
957 0.0000005800
958 0.0000005792
959 0.0000005784
960 0.0000005776
961 0.0000005768
962 0.0000005760
963 0.0000005752
964 0.0000005744
965 0.0000005736
966 0.0000005728
967 0.0000005721
968 0.0000005713
969 0.0000005705
970 0.0000005698
971 0.0000005690
972 0.0000005682
973 0.0000005675
974 0.0000005667
975 0.0000005659
976 0.0000005652
977 0.0000005644
978 0.0000005637
979 0.0000005629
980 0.0000005622
981 0.0000005615
982 0.0000005607
983 0.0000005600
984 0.0000005592
985 0.0000005585
986 0.0000005578
987 0.0000005570
988 0.0000005563
989 0.0000005556
990 0.0000005549
991 0.0000005542
992 0.0000005535
993 0.0000005528
994 0.0000005520
995 0.0000005513
996 0.0000005506
997 0.0000005499
998 0.0000005492
999 0.0000005485
1000 0.0000005478
1001 0.0000005471
1002 0.0000005464
1003 0.0000005458
1004 0.0000005451
1005 0.0000005444
1006 0.0000005437
1007 0.0000005430
1008 0.0000005423
1009 0.0000005417
1010 0.0000005410
1011 0.0000005403
1012 0.0000005397
1013 0.0000005390
1014 0.0000005383
1015 0.0000005377
1016 0.0000005370
1017 0.0000005363
1018 0.0000005357
1019 0.0000005350
1020 0.0000005344
1021 0.0000005337
1022 0.0000005331
1023 0.0000005324
1024 0.0000005318
1025 0.0000005312
1026 0.0000005305
1027 0.0000005299
1028 0.0000005292
1029 0.0000005286
1030 0.0000005280
1031 0.0000005273
1032 0.0000005267
1033 0.0000005261
1034 0.0000005255
1035 0.0000005248
1036 0.0000005242
1037 0.0000005236
1038 0.0000005230
1039 0.0000005224
1040 0.0000005217
1041 0.0000005211
1042 0.0000005205
1043 0.0000005199
1044 0.0000005193
1045 0.0000005187
1046 0.0000005181
1047 0.0000005175
1048 0.0000005169
1049 0.0000005163
1050 0.0000005157
1051 0.0000005151
1052 0.0000005145
1053 0.0000005140
1054 0.0000005134
1055 0.0000005128
1056 0.0000005122
1057 0.0000005116
1058 0.0000005110
1059 0.0000005105
1060 0.0000005099
1061 0.0000005093
1062 0.0000005087
1063 0.0000005082
1064 0.0000005076
1065 0.0000005070
1066 0.0000005065
1067 0.0000005059
1068 0.0000005053
1069 0.0000005048
1070 0.0000005042
1071 0.0000005036
1072 0.0000005031
1073 0.0000005025
1074 0.0000005020
1075 0.0000005014
1076 0.0000005009
1077 0.0000005003
1078 0.0000004998
1079 0.0000004992
1080 0.0000004987
1081 0.0000004982
1082 0.0000004976
1083 0.0000004971
1084 0.0000004965
1085 0.0000004960
1086 0.0000004955
1087 0.0000004949
1088 0.0000004944
1089 0.0000004938
1090 0.0000004933
1091 0.0000004928
1092 0.0000004923
1093 0.0000004917
1094 0.0000004912
1095 0.0000004907
1096 0.0000004902
1097 0.0000004897
1098 0.0000004891
1099 0.0000004886
1100 0.0000004881
1101 0.0000004876
1102 0.0000004871
1103 0.0000004866
1104 0.0000004861
1105 0.0000004856
1106 0.0000004850
1107 0.0000004845
1108 0.0000004840
1109 0.0000004835
1110 0.0000004830
1111 0.0000004825
1112 0.0000004820
1113 0.0000004815
1114 0.0000004810
1115 0.0000004805
1116 0.0000004800
1117 0.0000004795
1118 0.0000004791
1119 0.0000004786
1120 0.0000004781
1121 0.0000004776
1122 0.0000004771
1123 0.0000004766
1124 0.0000004761
1125 0.0000004756
1126 0.0000004752
1127 0.0000004747
1128 0.0000004742
1129 0.0000004737
1130 0.0000004733
1131 0.0000004728
1132 0.0000004723
1133 0.0000004718
1134 0.0000004714
1135 0.0000004709
1136 0.0000004704
1137 0.0000004700
1138 0.0000004695
1139 0.0000004690
1140 0.0000004686
1141 0.0000004681
1142 0.0000004676
1143 0.0000004672
1144 0.0000004667
1145 0.0000004662
1146 0.0000004658
1147 0.0000004653
1148 0.0000004649
1149 0.0000004644
1150 0.0000004640
1151 0.0000004635
1152 0.0000004631
1153 0.0000004626
1154 0.0000004622
1155 0.0000004617
1156 0.0000004613
1157 0.0000004608
1158 0.0000004604
1159 0.0000004599
1160 0.0000004595
1161 0.0000004591
1162 0.0000004586
1163 0.0000004582
1164 0.0000004577
1165 0.0000004573
1166 0.0000004569
1167 0.0000004564
1168 0.0000004560
1169 0.0000004556
1170 0.0000004551
1171 0.0000004547
1172 0.0000004543
1173 0.0000004538
1174 0.0000004534
1175 0.0000004530
1176 0.0000004526
1177 0.0000004521
1178 0.0000004517
1179 0.0000004513
1180 0.0000004509
1181 0.0000004505
1182 0.0000004500
1183 0.0000004496
1184 0.0000004492
1185 0.0000004488
1186 0.0000004484
1187 0.0000004480
1188 0.0000004475
1189 0.0000004471
1190 0.0000004467
1191 0.0000004463
1192 0.0000004459
1193 0.0000004455
1194 0.0000004451
1195 0.0000004447
1196 0.0000004443
1197 0.0000004439
1198 0.0000004434
1199 0.0000004430
1200 0.0000004426
1201 0.0000004422
1202 0.0000004418
1203 0.0000004414
1204 0.0000004410
1205 0.0000004406
1206 0.0000004402
1207 0.0000004399
1208 0.0000004394
1209 0.0000004391
1210 0.0000004387
1211 0.0000004383
1212 0.0000004379
1213 0.0000004375
1214 0.0000004371
1215 0.0000004367
1216 0.0000004363
1217 0.0000004359
1218 0.0000004355
1219 0.0000004351
1220 0.0000004348
1221 0.0000004344
1222 0.0000004340
1223 0.0000004336
1224 0.0000004332
1225 0.0000004329
1226 0.0000004325
1227 0.0000004321
1228 0.0000004317
1229 0.0000004313
1230 0.0000004309
1231 0.0000004306
1232 0.0000004302
1233 0.0000004298
1234 0.0000004295
1235 0.0000004291
1236 0.0000004287
1237 0.0000004283
1238 0.0000004279
1239 0.0000004276
1240 0.0000004272
1241 0.0000004268
1242 0.0000004265
1243 0.0000004261
1244 0.0000004257
1245 0.0000004254
1246 0.0000004250
1247 0.0000004246
1248 0.0000004243
1249 0.0000004239
1250 0.0000004236
1251 0.0000004232
1252 0.0000004228
1253 0.0000004225
1254 0.0000004221
1255 0.0000004218
1256 0.0000004214
1257 0.0000004210
1258 0.0000004207
1259 0.0000004203
1260 0.0000004200
1261 0.0000004196
1262 0.0000004193
1263 0.0000004189
1264 0.0000004186
1265 0.0000004182
1266 0.0000004179
1267 0.0000004175
1268 0.0000004172
1269 0.0000004168
1270 0.0000004165
1271 0.0000004161
1272 0.0000004158
1273 0.0000004154
1274 0.0000004151
1275 0.0000004147
1276 0.0000004144
1277 0.0000004140
1278 0.0000004137
1279 0.0000004134
1280 0.0000004130
1281 0.0000004127
1282 0.0000004123
1283 0.0000004120
1284 0.0000004117
1285 0.0000004113
1286 0.0000004110
1287 0.0000004106
1288 0.0000004103
1289 0.0000004100
1290 0.0000004096
1291 0.0000004093
1292 0.0000004090
1293 0.0000004086
1294 0.0000004083
1295 0.0000004080
1296 0.0000004076
1297 0.0000004073
1298 0.0000004070
1299 0.0000004066
1300 0.0000004063
1301 0.0000004060
1302 0.0000004057
1303 0.0000004054
1304 0.0000004050
1305 0.0000004047
1306 0.0000004044
1307 0.0000004040
1308 0.0000004037
1309 0.0000004034
1310 0.0000004031
1311 0.0000004028
1312 0.0000004024
1313 0.0000004021
1314 0.0000004018
1315 0.0000004015
1316 0.0000004011
1317 0.0000004008
1318 0.0000004005
1319 0.0000004002
1320 0.0000003999
