1 2000
0 0.9959135400
1 0.0014739808
2 0.0005694905
3 0.0003717082
4 0.0002562419
5 0.0001895815
6 0.0001470667
7 0.0001176617
8 0.0000962826
9 0.0000801931
10 0.0000677530
11 0.0000579206
12 0.0000500067
13 0.0000435396
14 0.0000381866
15 0.0000337068
16 0.0000299218
17 0.0000266968
18 0.0000239285
19 0.0000215365
20 0.0000194573
21 0.0000176403
22 0.0000160446
23 0.0000146371
24 0.0000133905
25 0.0000122822
26 0.0000112935
27 0.0000104086
28 0.0000096142
29 0.0000088991
30 0.0000082537
31 0.0000076697
32 0.0000071401
33 0.0000066587
34 0.0000062203
35 0.0000058203
36 0.0000054545
37 0.0000051195
38 0.0000048122
39 0.0000045297
40 0.0000042698
41 0.0000040302
42 0.0000038090
43 0.0000036045
44 0.0000034153
45 0.0000032399
46 0.0000030772
47 0.0000029260
48 0.0000027853
49 0.0000026544
50 0.0000025323
51 0.0000024183
52 0.0000023119
53 0.0000022123
54 0.0000021191
55 0.0000020318
56 0.0000019499
57 0.0000018730
58 0.0000018007
59 0.0000017327
60 0.0000016687
61 0.0000016084
62 0.0000015516
63 0.0000014979
64 0.0000014472
65 0.0000013993
66 0.0000013540
67 0.0000013111
68 0.0000012704
69 0.0000012318
70 0.0000011952
71 0.0000011604
72 0.0000011273
73 0.0000010959
74 0.0000010660
75 0.0000010375
76 0.0000010103
77 0.0000009844
78 0.0000009596
79 0.0000009360
80 0.0000009134
81 0.0000008918
82 0.0000008711
83 0.0000008513
84 0.0000008323
85 0.0000008141
86 0.0000007966
87 0.0000007798
88 0.0000007637
89 0.0000007482
90 0.0000007333
91 0.0000007190
92 0.0000007052
93 0.0000006919
94 0.0000006790
95 0.0000006667
96 0.0000006547
97 0.0000006432
98 0.0000006321
99 0.0000006213
100 0.0000006109
101 0.0000006008
102 0.0000005911
103 0.0000005816
104 0.0000005725
105 0.0000005636
106 0.0000005550
107 0.0000005466
108 0.0000005385
109 0.0000005307
110 0.0000005230
111 0.0000005156
112 0.0000005084
113 0.0000005013
114 0.0000004945
115 0.0000004878
116 0.0000004814
117 0.0000004750
118 0.0000004689
119 0.0000004629
120 0.0000004570
121 0.0000004513
122 0.0000004457
123 0.0000004403
124 0.0000004350
125 0.0000004298
126 0.0000004247
127 0.0000004198
128 0.0000004149
129 0.0000004102
130 0.0000004055
131 0.0000004010
132 0.0000003966
133 0.0000003922
134 0.0000003879
135 0.0000003838
136 0.0000003797
137 0.0000003757
138 0.0000003718
139 0.0000003679
140 0.0000003641
141 0.0000003604
142 0.0000003568
143 0.0000003532
144 0.0000003497
145 0.0000003463
146 0.0000003429
147 0.0000003396
148 0.0000003364
149 0.0000003332
150 0.0000003300
151 0.0000003269
152 0.0000003239
153 0.0000003209
154 0.0000003180
155 0.0000003151
156 0.0000003123
157 0.0000003095
158 0.0000003067
159 0.0000003040
160 0.0000003014
161 0.0000002987
162 0.0000002962
163 0.0000002936
164 0.0000002911
165 0.0000002887
166 0.0000002862
167 0.0000002838
168 0.0000002815
169 0.0000002792
170 0.0000002769
171 0.0000002746
172 0.0000002724
173 0.0000002702
174 0.0000002681
175 0.0000002659
176 0.0000002639
177 0.0000002618
178 0.0000002597
179 0.0000002577
180 0.0000002557
181 0.0000002538
182 0.0000002519
183 0.0000002500
184 0.0000002481
185 0.0000002462
186 0.0000002444
187 0.0000002426
188 0.0000002408
189 0.0000002390
190 0.0000002373
191 0.0000002356
192 0.0000002339
193 0.0000002322
194 0.0000002305
195 0.0000002289
196 0.0000002273
197 0.0000002257
198 0.0000002241
199 0.0000002225
200 0.0000002210
201 0.0000002195
202 0.0000002180
203 0.0000002165
204 0.0000002150
205 0.0000002136
206 0.0000002121
207 0.0000002107
208 0.0000002093
209 0.0000002079
210 0.0000002066
211 0.0000002052
212 0.0000002039
213 0.0000002026
214 0.0000002012
215 0.0000001999
216 0.0000001987
217 0.0000001974
218 0.0000001961
219 0.0000001949
220 0.0000001937
221 0.0000001925
222 0.0000001913
223 0.0000001901
224 0.0000001889
225 0.0000001877
226 0.0000001866
227 0.0000001854
228 0.0000001843
229 0.0000001832
230 0.0000001821
231 0.0000001810
232 0.0000001799
233 0.0000001788
234 0.0000001778
235 0.0000001767
236 0.0000001757
237 0.0000001747
238 0.0000001736
239 0.0000001726
240 0.0000001716
241 0.0000001706
242 0.0000001697
243 0.0000001687
244 0.0000001677
245 0.0000001668
246 0.0000001658
247 0.0000001649
248 0.0000001640
249 0.0000001631
250 0.0000001622
251 0.0000001613
252 0.0000001604
253 0.0000001595
254 0.0000001586
255 0.0000001578
256 0.0000001569
257 0.0000001560
258 0.0000001552
259 0.0000001544
260 0.0000001535
261 0.0000001527
262 0.0000001519
263 0.0000001511
264 0.0000001503
265 0.0000001495
266 0.0000001487
267 0.0000001480
268 0.0000001472
269 0.0000001464
270 0.0000001457
271 0.0000001449
272 0.0000001442
273 0.0000001434
274 0.0000001427
275 0.0000001420
276 0.0000001413
277 0.0000001405
278 0.0000001398
279 0.0000001391
280 0.0000001384
281 0.0000001378
282 0.0000001371
283 0.0000001364
284 0.0000001357
285 0.0000001351
286 0.0000001344
287 0.0000001337
288 0.0000001331
289 0.0000001324
290 0.0000001318
291 0.0000001312
292 0.0000001305
293 0.0000001299
294 0.0000001293
295 0.0000001287
296 0.0000001281
297 0.0000001275
298 0.0000001269
299 0.0000001263
300 0.0000001257
301 0.0000001251
302 0.0000001245
303 0.0000001239
304 0.0000001234
305 0.0000001228
306 0.0000001222
307 0.0000001217
308 0.0000001211
309 0.0000001206
310 0.0000001200
311 0.0000001195
312 0.0000001190
313 0.0000001184
314 0.0000001179
315 0.0000001174
316 0.0000001168
317 0.0000001163
318 0.0000001158
319 0.0000001153
320 0.0000001148
321 0.0000001143
322 0.0000001138
323 0.0000001133
324 0.0000001128
325 0.0000001123
326 0.0000001118
327 0.0000001113
328 0.0000001109
329 0.0000001104
330 0.0000001099
331 0.0000001095
332 0.0000001090
333 0.0000001085
334 0.0000001081
335 0.0000001076
336 0.0000001072
337 0.0000001067
338 0.0000001063
339 0.0000001058
340 0.0000001054
341 0.0000001050
342 0.0000001045
343 0.0000001041
344 0.0000001037
345 0.0000001032
346 0.0000001028
347 0.0000001024
348 0.0000001020
349 0.0000001016
350 0.0000001012
351 0.0000001008
352 0.0000001004
353 0.0000001000
354 0.0000000996
355 0.0000000992
356 0.0000000988
357 0.0000000984
358 0.0000000980
359 0.0000000976
360 0.0000000972
361 0.0000000968
362 0.0000000965
363 0.0000000961
364 0.0000000957
365 0.0000000953
366 0.0000000950
367 0.0000000946
368 0.0000000942
369 0.0000000939
370 0.0000000935
371 0.0000000932
372 0.0000000928
373 0.0000000925
374 0.0000000921
375 0.0000000918
376 0.0000000914
377 0.0000000911
378 0.0000000907
379 0.0000000904
380 0.0000000900
381 0.0000000897
382 0.0000000894
383 0.0000000890
384 0.0000000887
385 0.0000000884
386 0.0000000881
387 0.0000000877
388 0.0000000874
389 0.0000000871
390 0.0000000868
391 0.0000000865
392 0.0000000862
393 0.0000000859
394 0.0000000855
395 0.0000000852
396 0.0000000849
397 0.0000000846
398 0.0000000843
399 0.0000000840
400 0.0000000837
401 0.0000000834
402 0.0000000831
403 0.0000000828
404 0.0000000825
405 0.0000000823
406 0.0000000820
407 0.0000000817
408 0.0000000814
409 0.0000000811
410 0.0000000808
411 0.0000000806
412 0.0000000803
413 0.0000000800
414 0.0000000797
415 0.0000000795
416 0.0000000792
417 0.0000000789
418 0.0000000786
419 0.0000000784
420 0.0000000781
421 0.0000000778
422 0.0000000776
423 0.0000000773
424 0.0000000771
425 0.0000000768
426 0.0000000765
427 0.0000000763
428 0.0000000760
429 0.0000000758
430 0.0000000755
431 0.0000000753
432 0.0000000750
433 0.0000000748
434 0.0000000745
435 0.0000000743
436 0.0000000741
437 0.0000000738
438 0.0000000736
439 0.0000000733
440 0.0000000731
441 0.0000000729
442 0.0000000726
443 0.0000000724
444 0.0000000722
445 0.0000000719
446 0.0000000717
447 0.0000000715
448 0.0000000712
449 0.0000000710
450 0.0000000708
451 0.0000000706
452 0.0000000703
453 0.0000000701
454 0.0000000699
455 0.0000000697
456 0.0000000695
457 0.0000000692
458 0.0000000690
459 0.0000000688
460 0.0000000686
461 0.0000000684
462 0.0000000682
463 0.0000000680
464 0.0000000678
465 0.0000000675
466 0.0000000673
467 0.0000000671
468 0.0000000669
469 0.0000000667
470 0.0000000665
471 0.0000000663
472 0.0000000661
473 0.0000000659
474 0.0000000657
475 0.0000000655
476 0.0000000653
477 0.0000000651
478 0.0000000649
479 0.0000000647
480 0.0000000645
481 0.0000000644
482 0.0000000642
483 0.0000000640
484 0.0000000638
485 0.0000000636
486 0.0000000634
487 0.0000000632
488 0.0000000630
489 0.0000000629
490 0.0000000627
491 0.0000000625
492 0.0000000623
493 0.0000000621
494 0.0000000619
495 0.0000000618
496 0.0000000616
497 0.0000000614
498 0.0000000612
499 0.0000000611
500 0.0000000609
501 0.0000000607
502 0.0000000605
503 0.0000000604
504 0.0000000602
505 0.0000000600
506 0.0000000598
507 0.0000000597
508 0.0000000595
509 0.0000000593
510 0.0000000592
511 0.0000000590
512 0.0000000588
513 0.0000000587
514 0.0000000585
515 0.0000000583
516 0.0000000582
517 0.0000000580
518 0.0000000579
519 0.0000000577
520 0.0000000575
521 0.0000000574
522 0.0000000572
523 0.0000000571
524 0.0000000569
525 0.0000000568
526 0.0000000566
527 0.0000000564
528 0.0000000563
529 0.0000000561
530 0.0000000560
531 0.0000000558
532 0.0000000557
533 0.0000000555
534 0.0000000554
535 0.0000000552
536 0.0000000551
537 0.0000000549
538 0.0000000548
539 0.0000000547
540 0.0000000545
541 0.0000000544
542 0.0000000542
543 0.0000000541
544 0.0000000539
545 0.0000000538
546 0.0000000536
547 0.0000000535
548 0.0000000534
549 0.0000000532
550 0.0000000531
551 0.0000000529
552 0.0000000528
553 0.0000000527
554 0.0000000525
555 0.0000000524
556 0.0000000523
557 0.0000000521
558 0.0000000520
559 0.0000000519
560 0.0000000517
561 0.0000000516
562 0.0000000515
563 0.0000000513
564 0.0000000512
565 0.0000000511
566 0.0000000509
567 0.0000000508
568 0.0000000507
569 0.0000000505
570 0.0000000504
571 0.0000000503
572 0.0000000502
573 0.0000000500
574 0.0000000499
575 0.0000000498
576 0.0000000497
577 0.0000000495
578 0.0000000494
579 0.0000000493
580 0.0000000492
581 0.0000000490
582 0.0000000489
583 0.0000000488
584 0.0000000487
585 0.0000000486
586 0.0000000484
587 0.0000000483
588 0.0000000482
589 0.0000000481
590 0.0000000480
591 0.0000000479
592 0.0000000477
593 0.0000000476
594 0.0000000475
595 0.0000000474
596 0.0000000473
597 0.0000000472
598 0.0000000470
599 0.0000000469
600 0.0000000468
601 0.0000000467
602 0.0000000466
603 0.0000000465
604 0.0000000464
605 0.0000000463
606 0.0000000462
607 0.0000000460
608 0.0000000459
609 0.0000000458
610 0.0000000457
611 0.0000000456
612 0.0000000455
613 0.0000000454
614 0.0000000453
615 0.0000000452
616 0.0000000451
617 0.0000000450
618 0.0000000449
619 0.0000000448
620 0.0000000447
621 0.0000000445
622 0.0000000444
623 0.0000000443
624 0.0000000442
625 0.0000000441
626 0.0000000440
627 0.0000000439
628 0.0000000438
629 0.0000000437
630 0.0000000436
631 0.0000000435
632 0.0000000434
633 0.0000000433
634 0.0000000432
635 0.0000000431
636 0.0000000430
637 0.0000000429
638 0.0000000428
639 0.0000000427
640 0.0000000426
641 0.0000000425
642 0.0000000425
643 0.0000000424
644 0.0000000423
645 0.0000000422
646 0.0000000421
647 0.0000000420
648 0.0000000419
649 0.0000000418
650 0.0000000417
651 0.0000000416
652 0.0000000415
653 0.0000000414
654 0.0000000413
655 0.0000000412
656 0.0000000411
657 0.0000000411
658 0.0000000410
659 0.0000000409
660 0.0000000408
661 0.0000000407
662 0.0000000406
663 0.0000000405
664 0.0000000404
665 0.0000000403
666 0.0000000403
667 0.0000000402
668 0.0000000401
669 0.0000000400
670 0.0000000399
671 0.0000000398
672 0.0000000397
673 0.0000000396
674 0.0000000396
675 0.0000000395
676 0.0000000394
677 0.0000000393
678 0.0000000392
679 0.0000000391
680 0.0000000391
681 0.0000000390
682 0.0000000389
683 0.0000000388
684 0.0000000387
685 0.0000000386
686 0.0000000386
687 0.0000000385
688 0.0000000384
689 0.0000000383
690 0.0000000382
691 0.0000000382
692 0.0000000381
693 0.0000000380
694 0.0000000379
695 0.0000000378
696 0.0000000378
697 0.0000000377
698 0.0000000376
699 0.0000000375
700 0.0000000374
701 0.0000000374
702 0.0000000373
703 0.0000000372
704 0.0000000371
705 0.0000000371
706 0.0000000370
707 0.0000000369
708 0.0000000368
709 0.0000000368
710 0.0000000367
711 0.0000000366
712 0.0000000365
713 0.0000000365
714 0.0000000364
715 0.0000000363
716 0.0000000362
717 0.0000000362
718 0.0000000361
719 0.0000000360
720 0.0000000359
721 0.0000000359
722 0.0000000358
723 0.0000000357
724 0.0000000356
725 0.0000000356
726 0.0000000355
727 0.0000000354
728 0.0000000354
729 0.0000000353
730 0.0000000352
731 0.0000000352
732 0.0000000351
733 0.0000000350
734 0.0000000349
735 0.0000000349
736 0.0000000348
737 0.0000000347
738 0.0000000347
739 0.0000000346
740 0.0000000345
741 0.0000000345
742 0.0000000344
743 0.0000000343
744 0.0000000343
745 0.0000000342
746 0.0000000341
747 0.0000000341
748 0.0000000340
749 0.0000000339
750 0.0000000339
751 0.0000000338
752 0.0000000337
753 0.0000000337
754 0.0000000336
755 0.0000000335
756 0.0000000335
757 0.0000000334
758 0.0000000333
759 0.0000000333
760 0.0000000332
761 0.0000000332
762 0.0000000331
763 0.0000000330
764 0.0000000330
765 0.0000000329
766 0.0000000328
767 0.0000000328
768 0.0000000327
769 0.0000000326
770 0.0000000326
771 0.0000000325
772 0.0000000325
773 0.0000000324
774 0.0000000323
775 0.0000000323
776 0.0000000322
777 0.0000000322
778 0.0000000321
779 0.0000000320
780 0.0000000320
781 0.0000000319
782 0.0000000319
783 0.0000000318
784 0.0000000317
785 0.0000000317
786 0.0000000316
787 0.0000000316
788 0.0000000315
789 0.0000000314
790 0.0000000314
791 0.0000000313
792 0.0000000313
793 0.0000000312
794 0.0000000312
795 0.0000000311
796 0.0000000310
797 0.0000000310
798 0.0000000309
799 0.0000000309
800 0.0000000308
801 0.0000000308
802 0.0000000307
803 0.0000000306
804 0.0000000306
805 0.0000000305
806 0.0000000305
807 0.0000000304
808 0.0000000304
809 0.0000000303
810 0.0000000303
811 0.0000000302
812 0.0000000302
813 0.0000000301
814 0.0000000300
815 0.0000000300
816 0.0000000299
817 0.0000000299
818 0.0000000298
819 0.0000000298
820 0.0000000297
821 0.0000000297
822 0.0000000296
823 0.0000000296
824 0.0000000295
825 0.0000000295
826 0.0000000294
827 0.0000000294
828 0.0000000293
829 0.0000000293
830 0.0000000292
831 0.0000000291
832 0.0000000291
833 0.0000000290
834 0.0000000290
835 0.0000000289
836 0.0000000289
837 0.0000000288
838 0.0000000288
839 0.0000000287
840 0.0000000287
841 0.0000000286
842 0.0000000286
843 0.0000000285
844 0.0000000285
845 0.0000000284
846 0.0000000284
847 0.0000000283
848 0.0000000283
849 0.0000000282
850 0.0000000282
851 0.0000000282
852 0.0000000281
853 0.0000000281
854 0.0000000280
855 0.0000000280
856 0.0000000279
857 0.0000000279
858 0.0000000278
859 0.0000000278
860 0.0000000277
861 0.0000000277
862 0.0000000276
863 0.0000000276
864 0.0000000275
865 0.0000000275
866 0.0000000274
867 0.0000000274
868 0.0000000273
869 0.0000000273
870 0.0000000273
871 0.0000000272
872 0.0000000272
873 0.0000000271
874 0.0000000271
875 0.0000000270
876 0.0000000270
877 0.0000000269
878 0.0000000269
879 0.0000000268
880 0.0000000268
881 0.0000000268
882 0.0000000267
883 0.0000000267
884 0.0000000266
885 0.0000000266
886 0.0000000265
887 0.0000000265
888 0.0000000264
889 0.0000000264
890 0.0000000264
891 0.0000000263
892 0.0000000263
893 0.0000000262
894 0.0000000262
895 0.0000000261
896 0.0000000261
897 0.0000000261
898 0.0000000260
899 0.0000000260
900 0.0000000259
901 0.0000000259
902 0.0000000258
903 0.0000000258
904 0.0000000258
905 0.0000000257
906 0.0000000257
907 0.0000000256
908 0.0000000256
909 0.0000000256
910 0.0000000255
911 0.0000000255
912 0.0000000254
913 0.0000000254
914 0.0000000254
915 0.0000000253
916 0.0000000253
917 0.0000000252
918 0.0000000252
919 0.0000000251
920 0.0000000251
921 0.0000000251
922 0.0000000250
923 0.0000000250
924 0.0000000249
925 0.0000000249
926 0.0000000249
927 0.0000000248
928 0.0000000248
929 0.0000000248
930 0.0000000247
931 0.0000000247
932 0.0000000246
933 0.0000000246
934 0.0000000246
935 0.0000000245
936 0.0000000245
937 0.0000000244
938 0.0000000244
939 0.0000000244
940 0.0000000243
941 0.0000000243
942 0.0000000242
943 0.0000000242
944 0.0000000242
945 0.0000000241
946 0.0000000241
947 0.0000000241
948 0.0000000240
949 0.0000000240
950 0.0000000239
951 0.0000000239
952 0.0000000239
953 0.0000000238
954 0.0000000238
955 0.0000000238
956 0.0000000237
957 0.0000000237
958 0.0000000237
959 0.0000000236
960 0.0000000236
961 0.0000000235
962 0.0000000235
963 0.0000000235
964 0.0000000234
965 0.0000000234
966 0.0000000234
967 0.0000000233
968 0.0000000233
969 0.0000000233
970 0.0000000232
971 0.0000000232
972 0.0000000232
973 0.0000000231
974 0.0000000231
975 0.0000000231
976 0.0000000230
977 0.0000000230
978 0.0000000229
979 0.0000000229
980 0.0000000229
981 0.0000000228
982 0.0000000228
983 0.0000000228
984 0.0000000227
985 0.0000000227
986 0.0000000227
987 0.0000000226
988 0.0000000226
989 0.0000000226
990 0.0000000225
991 0.0000000225
992 0.0000000225
993 0.0000000224
994 0.0000000224
995 0.0000000224
996 0.0000000223
997 0.0000000223
998 0.0000000223
999 0.0000000222
1000 0.0000000222
1001 0.0000000222
1002 0.0000000221
1003 0.0000000221
1004 0.0000000221
1005 0.0000000220
1006 0.0000000220
1007 0.0000000220
1008 0.0000000219
1009 0.0000000219
1010 0.0000000219
1011 0.0000000219
1012 0.0000000218
1013 0.0000000218
1014 0.0000000218
1015 0.0000000217
1016 0.0000000217
1017 0.0000000217
1018 0.0000000216
1019 0.0000000216
1020 0.0000000216
1021 0.0000000215
1022 0.0000000215
1023 0.0000000215
1024 0.0000000214
1025 0.0000000214
1026 0.0000000214
1027 0.0000000214
1028 0.0000000213
1029 0.0000000213
1030 0.0000000213
1031 0.0000000212
1032 0.0000000212
1033 0.0000000212
1034 0.0000000211
1035 0.0000000211
1036 0.0000000211
1037 0.0000000210
1038 0.0000000210
1039 0.0000000210
1040 0.0000000210
1041 0.0000000209
1042 0.0000000209
1043 0.0000000209
1044 0.0000000208
1045 0.0000000208
1046 0.0000000208
1047 0.0000000208
1048 0.0000000207
1049 0.0000000207
1050 0.0000000207
1051 0.0000000206
1052 0.0000000206
1053 0.0000000206
1054 0.0000000205
1055 0.0000000205
1056 0.0000000205
1057 0.0000000205
1058 0.0000000204
1059 0.0000000204
1060 0.0000000204
1061 0.0000000203
1062 0.0000000203
1063 0.0000000203
1064 0.0000000203
1065 0.0000000202
1066 0.0000000202
1067 0.0000000202
1068 0.0000000202
1069 0.0000000201
1070 0.0000000201
1071 0.0000000201
1072 0.0000000200
1073 0.0000000200
1074 0.0000000200
1075 0.0000000200
1076 0.0000000199
1077 0.0000000199
1078 0.0000000199
1079 0.0000000198
1080 0.0000000198
1081 0.0000000198
1082 0.0000000198
1083 0.0000000197
1084 0.0000000197
1085 0.0000000197
1086 0.0000000197
1087 0.0000000196
1088 0.0000000196
1089 0.0000000196
1090 0.0000000196
1091 0.0000000195
1092 0.0000000195
1093 0.0000000195
1094 0.0000000194
1095 0.0000000194
1096 0.0000000194
1097 0.0000000194
1098 0.0000000193
1099 0.0000000193
1100 0.0000000193
1101 0.0000000193
1102 0.0000000192
1103 0.0000000192
1104 0.0000000192
1105 0.0000000192
1106 0.0000000191
1107 0.0000000191
1108 0.0000000191
1109 0.0000000191
1110 0.0000000190
1111 0.0000000190
1112 0.0000000190
1113 0.0000000190
1114 0.0000000189
1115 0.0000000189
1116 0.0000000189
1117 0.0000000189
1118 0.0000000188
1119 0.0000000188
1120 0.0000000188
1121 0.0000000188
1122 0.0000000187
1123 0.0000000187
1124 0.0000000187
1125 0.0000000187
1126 0.0000000186
1127 0.0000000186
1128 0.0000000186
1129 0.0000000186
1130 0.0000000185
1131 0.0000000185
1132 0.0000000185
1133 0.0000000185
1134 0.0000000184
1135 0.0000000184
1136 0.0000000184
1137 0.0000000184
1138 0.0000000183
1139 0.0000000183
1140 0.0000000183
1141 0.0000000183
1142 0.0000000182
1143 0.0000000182
1144 0.0000000182
1145 0.0000000182
1146 0.0000000182
1147 0.0000000181
1148 0.0000000181
1149 0.0000000181
1150 0.0000000181
1151 0.0000000180
1152 0.0000000180
1153 0.0000000180
1154 0.0000000180
1155 0.0000000179
1156 0.0000000179
1157 0.0000000179
1158 0.0000000179
1159 0.0000000179
1160 0.0000000178
1161 0.0000000178
1162 0.0000000178
1163 0.0000000178
1164 0.0000000177
1165 0.0000000177
1166 0.0000000177
1167 0.0000000177
1168 0.0000000176
1169 0.0000000176
1170 0.0000000176
1171 0.0000000176
1172 0.0000000176
1173 0.0000000175
1174 0.0000000175
1175 0.0000000175
1176 0.0000000175
1177 0.0000000174
1178 0.0000000174
1179 0.0000000174
1180 0.0000000174
1181 0.0000000174
1182 0.0000000173
1183 0.0000000173
1184 0.0000000173
1185 0.0000000173
1186 0.0000000173
1187 0.0000000172
1188 0.0000000172
1189 0.0000000172
1190 0.0000000172
1191 0.0000000171
1192 0.0000000171
1193 0.0000000171
1194 0.0000000171
1195 0.0000000171
1196 0.0000000170
1197 0.0000000170
1198 0.0000000170
1199 0.0000000170
1200 0.0000000170
1201 0.0000000169
1202 0.0000000169
1203 0.0000000169
1204 0.0000000169
1205 0.0000000168
1206 0.0000000168
1207 0.0000000168
1208 0.0000000168
1209 0.0000000168
1210 0.0000000167
1211 0.0000000167
1212 0.0000000167
1213 0.0000000167
1214 0.0000000167
1215 0.0000000166
1216 0.0000000166
1217 0.0000000166
1218 0.0000000166
1219 0.0000000166
1220 0.0000000165
1221 0.0000000165
1222 0.0000000165
1223 0.0000000165
1224 0.0000000165
1225 0.0000000164
1226 0.0000000164
1227 0.0000000164
1228 0.0000000164
1229 0.0000000164
1230 0.0000000163
1231 0.0000000163
1232 0.0000000163
1233 0.0000000163
1234 0.0000000163
1235 0.0000000162
1236 0.0000000162
1237 0.0000000162
1238 0.0000000162
1239 0.0000000162
1240 0.0000000161
1241 0.0000000161
1242 0.0000000161
1243 0.0000000161
1244 0.0000000161
1245 0.0000000161
1246 0.0000000160
1247 0.0000000160
1248 0.0000000160
1249 0.0000000160
1250 0.0000000160
1251 0.0000000159
1252 0.0000000159
1253 0.0000000159
1254 0.0000000159
1255 0.0000000159
1256 0.0000000158
1257 0.0000000158
1258 0.0000000158
1259 0.0000000158
1260 0.0000000158
1261 0.0000000157
1262 0.0000000157
1263 0.0000000157
1264 0.0000000157
1265 0.0000000157
1266 0.0000000157
1267 0.0000000156
1268 0.0000000156
1269 0.0000000156
1270 0.0000000156
1271 0.0000000156
1272 0.0000000155
1273 0.0000000155
1274 0.0000000155
1275 0.0000000155
1276 0.0000000155
1277 0.0000000155
1278 0.0000000154
1279 0.0000000154
1280 0.0000000154
1281 0.0000000154
1282 0.0000000154
1283 0.0000000153
1284 0.0000000153
1285 0.0000000153
1286 0.0000000153
1287 0.0000000153
1288 0.0000000153
1289 0.0000000152
1290 0.0000000152
1291 0.0000000152
1292 0.0000000152
1293 0.0000000152
1294 0.0000000152
1295 0.0000000151
1296 0.0000000151
1297 0.0000000151
1298 0.0000000151
1299 0.0000000151
1300 0.0000000150
1301 0.0000000150
1302 0.0000000150
1303 0.0000000150
1304 0.0000000150
1305 0.0000000150
1306 0.0000000149
1307 0.0000000149
1308 0.0000000149
1309 0.0000000149
1310 0.0000000149
1311 0.0000000149
1312 0.0000000148
1313 0.0000000148
1314 0.0000000148
1315 0.0000000148
1316 0.0000000148
1317 0.0000000148
1318 0.0000000147
1319 0.0000000147
1320 0.0000000147
1321 0.0000000147
1322 0.0000000147
1323 0.0000000147
1324 0.0000000146
1325 0.0000000146
1326 0.0000000146
1327 0.0000000146
1328 0.0000000146
1329 0.0000000146
1330 0.0000000145
1331 0.0000000145
1332 0.0000000145
1333 0.0000000145
1334 0.0000000145
1335 0.0000000145
1336 0.0000000144
1337 0.0000000144
1338 0.0000000144
1339 0.0000000144
1340 0.0000000144
1341 0.0000000144
1342 0.0000000144
1343 0.0000000143
1344 0.0000000143
1345 0.0000000143
1346 0.0000000143
1347 0.0000000143
1348 0.0000000143
1349 0.0000000142
1350 0.0000000142
1351 0.0000000142
1352 0.0000000142
1353 0.0000000142
1354 0.0000000142
1355 0.0000000141
1356 0.0000000141
1357 0.0000000141
1358 0.0000000141
1359 0.0000000141
1360 0.0000000141
1361 0.0000000141
1362 0.0000000140
1363 0.0000000140
1364 0.0000000140
1365 0.0000000140
1366 0.0000000140
1367 0.0000000140
1368 0.0000000139
1369 0.0000000139
1370 0.0000000139
1371 0.0000000139
1372 0.0000000139
1373 0.0000000139
1374 0.0000000139
1375 0.0000000138
1376 0.0000000138
1377 0.0000000138
1378 0.0000000138
1379 0.0000000138
1380 0.0000000138
1381 0.0000000137
1382 0.0000000137
1383 0.0000000137
1384 0.0000000137
1385 0.0000000137
1386 0.0000000137
1387 0.0000000137
1388 0.0000000136
1389 0.0000000136
1390 0.0000000136
1391 0.0000000136
1392 0.0000000136
1393 0.0000000136
1394 0.0000000136
1395 0.0000000135
1396 0.0000000135
1397 0.0000000135
1398 0.0000000135
1399 0.0000000135
1400 0.0000000135
1401 0.0000000135
1402 0.0000000134
1403 0.0000000134
1404 0.0000000134
1405 0.0000000134
1406 0.0000000134
1407 0.0000000134
1408 0.0000000134
1409 0.0000000133
1410 0.0000000133
1411 0.0000000133
1412 0.0000000133
1413 0.0000000133
1414 0.0000000133
1415 0.0000000133
1416 0.0000000132
1417 0.0000000132
1418 0.0000000132
1419 0.0000000132
1420 0.0000000132
1421 0.0000000132
1422 0.0000000132
1423 0.0000000131
1424 0.0000000131
1425 0.0000000131
1426 0.0000000131
1427 0.0000000131
1428 0.0000000131
1429 0.0000000131
1430 0.0000000130
1431 0.0000000130
1432 0.0000000130
1433 0.0000000130
1434 0.0000000130
1435 0.0000000130
1436 0.0000000130
1437 0.0000000130
1438 0.0000000129
1439 0.0000000129
1440 0.0000000129
1441 0.0000000129
1442 0.0000000129
1443 0.0000000129
1444 0.0000000129
1445 0.0000000128
1446 0.0000000128
1447 0.0000000128
1448 0.0000000128
1449 0.0000000128
1450 0.0000000128
1451 0.0000000128
1452 0.0000000128
1453 0.0000000127
1454 0.0000000127
1455 0.0000000127
1456 0.0000000127
1457 0.0000000127
1458 0.0000000127
1459 0.0000000127
1460 0.0000000126
1461 0.0000000126
1462 0.0000000126
1463 0.0000000126
1464 0.0000000126
1465 0.0000000126
1466 0.0000000126
1467 0.0000000126
1468 0.0000000125
1469 0.0000000125
1470 0.0000000125
1471 0.0000000125
1472 0.0000000125
1473 0.0000000125
1474 0.0000000125
1475 0.0000000125
1476 0.0000000124
1477 0.0000000124
1478 0.0000000124
1479 0.0000000124
1480 0.0000000124
1481 0.0000000124
1482 0.0000000124
1483 0.0000000124
1484 0.0000000123
1485 0.0000000123
1486 0.0000000123
1487 0.0000000123
1488 0.0000000123
1489 0.0000000123
1490 0.0000000123
1491 0.0000000123
1492 0.0000000122
1493 0.0000000122
1494 0.0000000122
1495 0.0000000122
1496 0.0000000122
1497 0.0000000122
1498 0.0000000122
1499 0.0000000122
1500 0.0000000121
1501 0.0000000121
1502 0.0000000121
1503 0.0000000121
1504 0.0000000121
1505 0.0000000121
1506 0.0000000121
1507 0.0000000121
1508 0.0000000120
1509 0.0000000120
1510 0.0000000120
1511 0.0000000120
1512 0.0000000120
1513 0.0000000120
1514 0.0000000120
1515 0.0000000120
1516 0.0000000120
1517 0.0000000119
1518 0.0000000119
1519 0.0000000119
1520 0.0000000119
1521 0.0000000119
1522 0.0000000119
1523 0.0000000119
1524 0.0000000119
1525 0.0000000118
1526 0.0000000118
1527 0.0000000118
1528 0.0000000118
1529 0.0000000118
1530 0.0000000118
1531 0.0000000118
1532 0.0000000118
1533 0.0000000118
1534 0.0000000117
1535 0.0000000117
1536 0.0000000117
1537 0.0000000117
1538 0.0000000117
1539 0.0000000117
1540 0.0000000117
1541 0.0000000117
1542 0.0000000117
1543 0.0000000116
1544 0.0000000116
1545 0.0000000116
1546 0.0000000116
1547 0.0000000116
1548 0.0000000116
1549 0.0000000116
1550 0.0000000116
1551 0.0000000115
1552 0.0000000115
1553 0.0000000115
1554 0.0000000115
1555 0.0000000115
1556 0.0000000115
1557 0.0000000115
1558 0.0000000115
1559 0.0000000115
1560 0.0000000114
1561 0.0000000114
1562 0.0000000114
1563 0.0000000114
1564 0.0000000114
1565 0.0000000114
1566 0.0000000114
1567 0.0000000114
1568 0.0000000114
1569 0.0000000113
1570 0.0000000113
1571 0.0000000113
1572 0.0000000113
1573 0.0000000113
1574 0.0000000113
1575 0.0000000113
1576 0.0000000113
1577 0.0000000113
1578 0.0000000113
1579 0.0000000112
1580 0.0000000112
1581 0.0000000112
1582 0.0000000112
1583 0.0000000112
1584 0.0000000112
1585 0.0000000112
1586 0.0000000112
1587 0.0000000112
1588 0.0000000111
1589 0.0000000111
1590 0.0000000111
1591 0.0000000111
1592 0.0000000111
1593 0.0000000111
1594 0.0000000111
1595 0.0000000111
1596 0.0000000111
1597 0.0000000110
1598 0.0000000110
1599 0.0000000110
1600 0.0000000110
1601 0.0000000110
1602 0.0000000110
1603 0.0000000110
1604 0.0000000110
1605 0.0000000110
1606 0.0000000110
1607 0.0000000109
1608 0.0000000109
1609 0.0000000109
1610 0.0000000109
1611 0.0000000109
1612 0.0000000109
1613 0.0000000109
1614 0.0000000109
1615 0.0000000109
1616 0.0000000109
1617 0.0000000108
1618 0.0000000108
1619 0.0000000108
1620 0.0000000108
1621 0.0000000108
1622 0.0000000108
1623 0.0000000108
1624 0.0000000108
1625 0.0000000108
1626 0.0000000108
1627 0.0000000107
1628 0.0000000107
1629 0.0000000107
1630 0.0000000107
1631 0.0000000107
1632 0.0000000107
1633 0.0000000107
1634 0.0000000107
1635 0.0000000107
1636 0.0000000107
1637 0.0000000106
1638 0.0000000106
1639 0.0000000106
1640 0.0000000106
1641 0.0000000106
1642 0.0000000106
1643 0.0000000106
1644 0.0000000106
1645 0.0000000106
1646 0.0000000106
1647 0.0000000105
1648 0.0000000105
1649 0.0000000105
1650 0.0000000105
1651 0.0000000105
1652 0.0000000105
1653 0.0000000105
1654 0.0000000105
1655 0.0000000105
1656 0.0000000105
1657 0.0000000104
1658 0.0000000104
1659 0.0000000104
1660 0.0000000104
1661 0.0000000104
1662 0.0000000104
1663 0.0000000104
1664 0.0000000104
1665 0.0000000104
1666 0.0000000104
1667 0.0000000104
1668 0.0000000103
1669 0.0000000103
1670 0.0000000103
1671 0.0000000103
1672 0.0000000103
1673 0.0000000103
1674 0.0000000103
1675 0.0000000103
1676 0.0000000103
1677 0.0000000103
1678 0.0000000102
1679 0.0000000102
1680 0.0000000102
1681 0.0000000102
1682 0.0000000102
1683 0.0000000102
1684 0.0000000102
1685 0.0000000102
1686 0.0000000102
1687 0.0000000102
1688 0.0000000102
1689 0.0000000101
1690 0.0000000101
1691 0.0000000101
1692 0.0000000101
1693 0.0000000101
1694 0.0000000101
1695 0.0000000101
1696 0.0000000101
1697 0.0000000101
1698 0.0000000101
1699 0.0000000101
1700 0.0000000100
1701 0.0000000100
1702 0.0000000100
1703 0.0000000100
1704 0.0000000100
1705 0.0000000100
1706 0.0000000100
1707 0.0000000100
1708 0.0000000100
1709 0.0000000100
1710 0.0000000100
1711 0.0000000099
1712 0.0000000099
1713 0.0000000099
1714 0.0000000099
1715 0.0000000099
1716 0.0000000099
1717 0.0000000099
1718 0.0000000099
1719 0.0000000099
1720 0.0000000099
1721 0.0000000099
1722 0.0000000098
1723 0.0000000098
1724 0.0000000098
1725 0.0000000098
1726 0.0000000098
1727 0.0000000098
1728 0.0000000098
1729 0.0000000098
1730 0.0000000098
1731 0.0000000098
1732 0.0000000098
1733 0.0000000098
1734 0.0000000097
1735 0.0000000097
1736 0.0000000097
1737 0.0000000097
1738 0.0000000097
1739 0.0000000097
1740 0.0000000097
1741 0.0000000097
1742 0.0000000097
1743 0.0000000097
1744 0.0000000097
1745 0.0000000096
1746 0.0000000096
1747 0.0000000096
1748 0.0000000096
1749 0.0000000096
1750 0.0000000096
1751 0.0000000096
1752 0.0000000096
1753 0.0000000096
1754 0.0000000096
1755 0.0000000096
1756 0.0000000096
1757 0.0000000095
1758 0.0000000095
1759 0.0000000095
1760 0.0000000095
1761 0.0000000095
1762 0.0000000095
1763 0.0000000095
1764 0.0000000095
1765 0.0000000095
1766 0.0000000095
1767 0.0000000095
1768 0.0000000095
1769 0.0000000094
1770 0.0000000094
1771 0.0000000094
1772 0.0000000094
1773 0.0000000094
1774 0.0000000094
1775 0.0000000094
1776 0.0000000094
1777 0.0000000094
1778 0.0000000094
1779 0.0000000094
1780 0.0000000094
1781 0.0000000093
1782 0.0000000093
1783 0.0000000093
1784 0.0000000093
1785 0.0000000093
1786 0.0000000093
1787 0.0000000093
1788 0.0000000093
1789 0.0000000093
1790 0.0000000093
1791 0.0000000093
1792 0.0000000093
1793 0.0000000092
1794 0.0000000092
1795 0.0000000092
1796 0.0000000092
1797 0.0000000092
1798 0.0000000092
1799 0.0000000092
1800 0.0000000092
1801 0.0000000092
1802 0.0000000092
1803 0.0000000092
1804 0.0000000092
1805 0.0000000091
1806 0.0000000091
1807 0.0000000091
1808 0.0000000091
1809 0.0000000091
1810 0.0000000091
1811 0.0000000091
1812 0.0000000091
1813 0.0000000091
1814 0.0000000091
1815 0.0000000091
1816 0.0000000091
1817 0.0000000091
1818 0.0000000090
1819 0.0000000090
1820 0.0000000090
1821 0.0000000090
1822 0.0000000090
1823 0.0000000090
1824 0.0000000090
1825 0.0000000090
1826 0.0000000090
1827 0.0000000090
1828 0.0000000090
1829 0.0000000090
1830 0.0000000089
1831 0.0000000089
1832 0.0000000089
1833 0.0000000089
1834 0.0000000089
1835 0.0000000089
1836 0.0000000089
1837 0.0000000089
1838 0.0000000089
1839 0.0000000089
1840 0.0000000089
1841 0.0000000089
1842 0.0000000089
1843 0.0000000088
1844 0.0000000088
1845 0.0000000088
1846 0.0000000088
1847 0.0000000088
1848 0.0000000088
1849 0.0000000088
1850 0.0000000088
1851 0.0000000088
1852 0.0000000088
1853 0.0000000088
1854 0.0000000088
1855 0.0000000088
1856 0.0000000087
1857 0.0000000087
1858 0.0000000087
1859 0.0000000087
1860 0.0000000087
1861 0.0000000087
1862 0.0000000087
1863 0.0000000087
1864 0.0000000087
1865 0.0000000087
1866 0.0000000087
1867 0.0000000087
1868 0.0000000086
1869 0.0000000086
1870 0.0000000086
1871 0.0000000086
1872 0.0000000086
1873 0.0000000086
1874 0.0000000086
1875 0.0000000086
1876 0.0000000086
1877 0.0000000086
1878 0.0000000086
1879 0.0000000086
1880 0.0000000086
1881 0.0000000085
1882 0.0000000085
1883 0.0000000085
1884 0.0000000085
1885 0.0000000085
1886 0.0000000085
1887 0.0000000085
1888 0.0000000085
1889 0.0000000085
1890 0.0000000085
1891 0.0000000085
1892 0.0000000085
1893 0.0000000085
1894 0.0000000084
1895 0.0000000084
1896 0.0000000084
1897 0.0000000084
1898 0.0000000084
1899 0.0000000084
1900 0.0000000084
1901 0.0000000084
1902 0.0000000084
1903 0.0000000084
1904 0.0000000084
1905 0.0000000084
1906 0.0000000083
1907 0.0000000083
1908 0.0000000083
1909 0.0000000083
1910 0.0000000083
1911 0.0000000083
1912 0.0000000083
1913 0.0000000083
1914 0.0000000083
1915 0.0000000083
1916 0.0000000083
1917 0.0000000083
1918 0.0000000082
1919 0.0000000082
1920 0.0000000082
1921 0.0000000082
1922 0.0000000082
1923 0.0000000082
1924 0.0000000082
1925 0.0000000082
1926 0.0000000082
1927 0.0000000082
1928 0.0000000082
1929 0.0000000081
1930 0.0000000081
1931 0.0000000081
1932 0.0000000081
1933 0.0000000081
1934 0.0000000081
1935 0.0000000081
1936 0.0000000081
1937 0.0000000081
1938 0.0000000081
1939 0.0000000081
1940 0.0000000080
1941 0.0000000080
1942 0.0000000080
1943 0.0000000080
1944 0.0000000080
1945 0.0000000080
1946 0.0000000080
1947 0.0000000080
1948 0.0000000080
1949 0.0000000080
1950 0.0000000080
1951 0.0000000079
1952 0.0000000079
1953 0.0000000079
1954 0.0000000079
1955 0.0000000079
1956 0.0000000079
1957 0.0000000079
1958 0.0000000079
1959 0.0000000079
1960 0.0000000078
1961 0.0000000078
1962 0.0000000078
1963 0.0000000078
1964 0.0000000078
1965 0.0000000078
1966 0.0000000078
1967 0.0000000078
1968 0.0000000078
1969 0.0000000077
1970 0.0000000077
1971 0.0000000077
1972 0.0000000077
1973 0.0000000077
1974 0.0000000077
1975 0.0000000077
1976 0.0000000077
1977 0.0000000076
1978 0.0000000076
1979 0.0000000076
1980 0.0000000076
1981 0.0000000076
1982 0.0000000076
1983 0.0000000075
1984 0.0000000075
1985 0.0000000075
1986 0.0000000075
1987 0.0000000075
1988 0.0000000074
1989 0.0000000074
1990 0.0000000074
1991 0.0000000074
1992 0.0000000073
1993 0.0000000073
1994 0.0000000073
1995 0.0000000072
1996 0.0000000071
1997 0.0000000070
1998 0.0000000068
1999 0.0000000060
2000 0.0000000000
