1 1090
0 0.9866978893
1 0.0037923053
2 0.0015322543
3 0.0010363280
4 0.0007419103
5 0.0005695129
6 0.0004578307
7 0.0003792638
8 0.0003211150
9 0.0002765395
10 0.0002414152
11 0.0002131098
12 0.0001898729
13 0.0001704996
14 0.0001541350
15 0.0001401559
16 0.0001280979
17 0.0001176077
18 0.0001084125
19 0.0001002981
20 0.0000930941
21 0.0000866637
22 0.0000808954
23 0.0000756980
24 0.0000709956
25 0.0000667251
26 0.0000628335
27 0.0000592757
28 0.0000560135
29 0.0000530141
30 0.0000502491
31 0.0000476943
32 0.0000453283
33 0.0000431325
34 0.0000410906
35 0.0000391884
36 0.0000374131
37 0.0000357536
38 0.0000341999
39 0.0000327429
40 0.0000313749
41 0.0000300886
42 0.0000288776
43 0.0000277360
44 0.0000266588
45 0.0000256411
46 0.0000246786
47 0.0000237673
48 0.0000229038
49 0.0000220848
50 0.0000213072
51 0.0000205684
52 0.0000198658
53 0.0000191971
54 0.0000185603
55 0.0000179532
56 0.0000173742
57 0.0000168216
58 0.0000162938
59 0.0000157893
60 0.0000153069
61 0.0000148453
62 0.0000144033
63 0.0000139800
64 0.0000135742
65 0.0000131850
66 0.0000128116
67 0.0000124532
68 0.0000121089
69 0.0000117781
70 0.0000114601
71 0.0000111543
72 0.0000108601
73 0.0000105768
74 0.0000103041
75 0.0000100414
76 0.0000097882
77 0.0000095441
78 0.0000093087
79 0.0000090816
80 0.0000088625
81 0.0000086508
82 0.0000084465
83 0.0000082491
84 0.0000080583
85 0.0000078738
86 0.0000076955
87 0.0000075230
88 0.0000073561
89 0.0000071946
90 0.0000070382
91 0.0000068867
92 0.0000067400
93 0.0000065979
94 0.0000064602
95 0.0000063266
96 0.0000061971
97 0.0000060716
98 0.0000059497
99 0.0000058315
100 0.0000057168
101 0.0000056054
102 0.0000054973
103 0.0000053922
104 0.0000052902
105 0.0000051910
106 0.0000050946
107 0.0000050010
108 0.0000049099
109 0.0000048213
110 0.0000047352
111 0.0000046514
112 0.0000045698
113 0.0000044905
114 0.0000044132
115 0.0000043380
116 0.0000042648
117 0.0000041934
118 0.0000041239
119 0.0000040562
120 0.0000039903
121 0.0000039260
122 0.0000038633
123 0.0000038022
124 0.0000037426
125 0.0000036845
126 0.0000036278
127 0.0000035725
128 0.0000035185
129 0.0000034659
130 0.0000034145
131 0.0000033643
132 0.0000033153
133 0.0000032675
134 0.0000032207
135 0.0000031751
136 0.0000031305
137 0.0000030869
138 0.0000030444
139 0.0000030027
140 0.0000029621
141 0.0000029223
142 0.0000028834
143 0.0000028454
144 0.0000028082
145 0.0000027718
146 0.0000027363
147 0.0000027014
148 0.0000026674
149 0.0000026340
150 0.0000026014
151 0.0000025694
152 0.0000025382
153 0.0000025075
154 0.0000024775
155 0.0000024482
156 0.0000024194
157 0.0000023912
158 0.0000023636
159 0.0000023365
160 0.0000023100
161 0.0000022840
162 0.0000022585
163 0.0000022335
164 0.0000022090
165 0.0000021850
166 0.0000021614
167 0.0000021383
168 0.0000021156
169 0.0000020934
170 0.0000020716
171 0.0000020501
172 0.0000020291
173 0.0000020085
174 0.0000019883
175 0.0000019684
176 0.0000019489
177 0.0000019297
178 0.0000019109
179 0.0000018924
180 0.0000018743
181 0.0000018564
182 0.0000018389
183 0.0000018217
184 0.0000018048
185 0.0000017882
186 0.0000017718
187 0.0000017558
188 0.0000017400
189 0.0000017245
190 0.0000017092
191 0.0000016942
192 0.0000016795
193 0.0000016649
194 0.0000016507
195 0.0000016366
196 0.0000016228
197 0.0000016092
198 0.0000015958
199 0.0000015827
200 0.0000015697
201 0.0000015570
202 0.0000015444
203 0.0000015321
204 0.0000015199
205 0.0000015079
206 0.0000014961
207 0.0000014845
208 0.0000014731
209 0.0000014618
210 0.0000014507
211 0.0000014398
212 0.0000014290
213 0.0000014184
214 0.0000014079
215 0.0000013976
216 0.0000013875
217 0.0000013774
218 0.0000013676
219 0.0000013578
220 0.0000013482
221 0.0000013388
222 0.0000013295
223 0.0000013203
224 0.0000013112
225 0.0000013022
226 0.0000012934
227 0.0000012847
228 0.0000012761
229 0.0000012676
230 0.0000012593
231 0.0000012510
232 0.0000012429
233 0.0000012348
234 0.0000012269
235 0.0000012191
236 0.0000012113
237 0.0000012037
238 0.0000011961
239 0.0000011887
240 0.0000011814
241 0.0000011741
242 0.0000011669
243 0.0000011599
244 0.0000011529
245 0.0000011460
246 0.0000011391
247 0.0000011324
248 0.0000011257
249 0.0000011192
250 0.0000011126
251 0.0000011062
252 0.0000010999
253 0.0000010936
254 0.0000010874
255 0.0000010813
256 0.0000010752
257 0.0000010692
258 0.0000010633
259 0.0000010574
260 0.0000010516
261 0.0000010459
262 0.0000010402
263 0.0000010346
264 0.0000010291
265 0.0000010236
266 0.0000010182
267 0.0000010128
268 0.0000010075
269 0.0000010022
270 0.0000009970
271 0.0000009919
272 0.0000009868
273 0.0000009818
274 0.0000009768
275 0.0000009719
276 0.0000009670
277 0.0000009621
278 0.0000009574
279 0.0000009526
280 0.0000009479
281 0.0000009433
282 0.0000009387
283 0.0000009341
284 0.0000009296
285 0.0000009252
286 0.0000009208
287 0.0000009164
288 0.0000009121
289 0.0000009078
290 0.0000009035
291 0.0000008993
292 0.0000008951
293 0.0000008910
294 0.0000008869
295 0.0000008828
296 0.0000008788
297 0.0000008748
298 0.0000008709
299 0.0000008670
300 0.0000008631
301 0.0000008593
302 0.0000008555
303 0.0000008517
304 0.0000008479
305 0.0000008442
306 0.0000008406
307 0.0000008369
308 0.0000008333
309 0.0000008297
310 0.0000008262
311 0.0000008227
312 0.0000008192
313 0.0000008157
314 0.0000008123
315 0.0000008089
316 0.0000008055
317 0.0000008022
318 0.0000007988
319 0.0000007955
320 0.0000007923
321 0.0000007890
322 0.0000007858
323 0.0000007826
324 0.0000007795
325 0.0000007763
326 0.0000007732
327 0.0000007702
328 0.0000007671
329 0.0000007641
330 0.0000007610
331 0.0000007580
332 0.0000007551
333 0.0000007521
334 0.0000007492
335 0.0000007463
336 0.0000007434
337 0.0000007406
338 0.0000007377
339 0.0000007349
340 0.0000007321
341 0.0000007294
342 0.0000007266
343 0.0000007239
344 0.0000007212
345 0.0000007185
346 0.0000007158
347 0.0000007131
348 0.0000007105
349 0.0000007079
350 0.0000007053
351 0.0000007027
352 0.0000007001
353 0.0000006976
354 0.0000006951
355 0.0000006926
356 0.0000006901
357 0.0000006876
358 0.0000006852
359 0.0000006827
360 0.0000006803
361 0.0000006779
362 0.0000006755
363 0.0000006731
364 0.0000006708
365 0.0000006684
366 0.0000006661
367 0.0000006638
368 0.0000006615
369 0.0000006592
370 0.0000006569
371 0.0000006547
372 0.0000006525
373 0.0000006502
374 0.0000006480
375 0.0000006458
376 0.0000006437
377 0.0000006415
378 0.0000006393
379 0.0000006372
380 0.0000006351
381 0.0000006330
382 0.0000006309
383 0.0000006288
384 0.0000006267
385 0.0000006247
386 0.0000006226
387 0.0000006206
388 0.0000006186
389 0.0000006165
390 0.0000006146
391 0.0000006126
392 0.0000006106
393 0.0000006086
394 0.0000006067
395 0.0000006048
396 0.0000006028
397 0.0000006009
398 0.0000005990
399 0.0000005971
400 0.0000005952
401 0.0000005934
402 0.0000005915
403 0.0000005897
404 0.0000005878
405 0.0000005860
406 0.0000005842
407 0.0000005824
408 0.0000005806
409 0.0000005788
410 0.0000005770
411 0.0000005753
412 0.0000005735
413 0.0000005718
414 0.0000005700
415 0.0000005683
416 0.0000005666
417 0.0000005649
418 0.0000005632
419 0.0000005615
420 0.0000005598
421 0.0000005582
422 0.0000005565
423 0.0000005549
424 0.0000005532
425 0.0000005516
426 0.0000005500
427 0.0000005484
428 0.0000005467
429 0.0000005452
430 0.0000005436
431 0.0000005420
432 0.0000005404
433 0.0000005388
434 0.0000005373
435 0.0000005357
436 0.0000005342
437 0.0000005327
438 0.0000005312
439 0.0000005296
440 0.0000005281
441 0.0000005266
442 0.0000005252
443 0.0000005237
444 0.0000005222
445 0.0000005207
446 0.0000005193
447 0.0000005178
448 0.0000005164
449 0.0000005149
450 0.0000005135
451 0.0000005121
452 0.0000005107
453 0.0000005092
454 0.0000005078
455 0.0000005065
456 0.0000005051
457 0.0000005037
458 0.0000005023
459 0.0000005009
460 0.0000004996
461 0.0000004982
462 0.0000004969
463 0.0000004955
464 0.0000004942
465 0.0000004929
466 0.0000004916
467 0.0000004902
468 0.0000004889
469 0.0000004876
470 0.0000004863
471 0.0000004850
472 0.0000004838
473 0.0000004825
474 0.0000004812
475 0.0000004800
476 0.0000004787
477 0.0000004774
478 0.0000004762
479 0.0000004749
480 0.0000004737
481 0.0000004725
482 0.0000004713
483 0.0000004700
484 0.0000004688
485 0.0000004676
486 0.0000004664
487 0.0000004652
488 0.0000004640
489 0.0000004629
490 0.0000004617
491 0.0000004605
492 0.0000004593
493 0.0000004582
494 0.0000004570
495 0.0000004559
496 0.0000004547
497 0.0000004536
498 0.0000004524
499 0.0000004513
500 0.0000004502
501 0.0000004490
502 0.0000004479
503 0.0000004468
504 0.0000004457
505 0.0000004446
506 0.0000004435
507 0.0000004424
508 0.0000004413
509 0.0000004403
510 0.0000004392
511 0.0000004381
512 0.0000004370
513 0.0000004360
514 0.0000004349
515 0.0000004339
516 0.0000004328
517 0.0000004318
518 0.0000004307
519 0.0000004297
520 0.0000004286
521 0.0000004276
522 0.0000004266
523 0.0000004256
524 0.0000004246
525 0.0000004236
526 0.0000004225
527 0.0000004215
528 0.0000004206
529 0.0000004196
530 0.0000004186
531 0.0000004176
532 0.0000004166
533 0.0000004156
534 0.0000004147
535 0.0000004137
536 0.0000004127
537 0.0000004118
538 0.0000004108
539 0.0000004099
540 0.0000004089
541 0.0000004080
542 0.0000004070
543 0.0000004061
544 0.0000004052
545 0.0000004042
546 0.0000004033
547 0.0000004024
548 0.0000004015
549 0.0000004005
550 0.0000003996
551 0.0000003987
552 0.0000003978
553 0.0000003969
554 0.0000003960
555 0.0000003951
556 0.0000003942
557 0.0000003934
558 0.0000003925
559 0.0000003916
560 0.0000003907
561 0.0000003899
562 0.0000003890
563 0.0000003881
564 0.0000003873
565 0.0000003864
566 0.0000003856
567 0.0000003847
568 0.0000003839
569 0.0000003830
570 0.0000003822
571 0.0000003813
572 0.0000003805
573 0.0000003797
574 0.0000003788
575 0.0000003780
576 0.0000003772
577 0.0000003764
578 0.0000003756
579 0.0000003748
580 0.0000003739
581 0.0000003731
582 0.0000003723
583 0.0000003715
584 0.0000003707
585 0.0000003699
586 0.0000003692
587 0.0000003684
588 0.0000003676
589 0.0000003668
590 0.0000003660
591 0.0000003652
592 0.0000003645
593 0.0000003637
594 0.0000003629
595 0.0000003622
596 0.0000003614
597 0.0000003607
598 0.0000003599
599 0.0000003591
600 0.0000003584
601 0.0000003576
602 0.0000003569
603 0.0000003562
604 0.0000003554
605 0.0000003547
606 0.0000003540
607 0.0000003532
608 0.0000003525
609 0.0000003518
610 0.0000003510
611 0.0000003503
612 0.0000003496
613 0.0000003489
614 0.0000003482
615 0.0000003475
616 0.0000003468
617 0.0000003461
618 0.0000003454
619 0.0000003447
620 0.0000003440
621 0.0000003433
622 0.0000003426
623 0.0000003419
624 0.0000003412
625 0.0000003405
626 0.0000003398
627 0.0000003392
628 0.0000003385
629 0.0000003378
630 0.0000003371
631 0.0000003365
632 0.0000003358
633 0.0000003351
634 0.0000003345
635 0.0000003338
636 0.0000003331
637 0.0000003325
638 0.0000003318
639 0.0000003312
640 0.0000003305
641 0.0000003299
642 0.0000003292
643 0.0000003286
644 0.0000003279
645 0.0000003273
646 0.0000003267
647 0.0000003260
648 0.0000003254
649 0.0000003248
650 0.0000003242
651 0.0000003235
652 0.0000003229
653 0.0000003223
654 0.0000003217
655 0.0000003210
656 0.0000003204
657 0.0000003198
658 0.0000003192
659 0.0000003186
660 0.0000003180
661 0.0000003174
662 0.0000003168
663 0.0000003162
664 0.0000003156
665 0.0000003150
666 0.0000003144
667 0.0000003138
668 0.0000003132
669 0.0000003126
670 0.0000003120
671 0.0000003114
672 0.0000003109
673 0.0000003103
674 0.0000003097
675 0.0000003091
676 0.0000003086
677 0.0000003080
678 0.0000003074
679 0.0000003068
680 0.0000003063
681 0.0000003057
682 0.0000003051
683 0.0000003046
684 0.0000003040
685 0.0000003035
686 0.0000003029
687 0.0000003023
688 0.0000003018
689 0.0000003012
690 0.0000003007
691 0.0000003001
692 0.0000002996
693 0.0000002991
694 0.0000002985
695 0.0000002980
696 0.0000002974
697 0.0000002969
698 0.0000002964
699 0.0000002958
700 0.0000002953
701 0.0000002948
702 0.0000002942
703 0.0000002937
704 0.0000002932
705 0.0000002927
706 0.0000002921
707 0.0000002916
708 0.0000002911
709 0.0000002906
710 0.0000002901
711 0.0000002895
712 0.0000002890
713 0.0000002885
714 0.0000002880
715 0.0000002875
716 0.0000002870
717 0.0000002865
718 0.0000002860
719 0.0000002855
720 0.0000002850
721 0.0000002845
722 0.0000002840
723 0.0000002835
724 0.0000002830
725 0.0000002825
726 0.0000002820
727 0.0000002815
728 0.0000002810
729 0.0000002806
730 0.0000002801
731 0.0000002796
732 0.0000002791
733 0.0000002786
734 0.0000002781
735 0.0000002777
736 0.0000002772
737 0.0000002767
738 0.0000002762
739 0.0000002758
740 0.0000002753
741 0.0000002748
742 0.0000002744
743 0.0000002739
744 0.0000002734
745 0.0000002730
746 0.0000002725
747 0.0000002720
748 0.0000002716
749 0.0000002711
750 0.0000002707
751 0.0000002702
752 0.0000002698
753 0.0000002693
754 0.0000002688
755 0.0000002684
756 0.0000002679
757 0.0000002675
758 0.0000002671
759 0.0000002666
760 0.0000002662
761 0.0000002657
762 0.0000002653
763 0.0000002648
764 0.0000002644
765 0.0000002640
766 0.0000002635
767 0.0000002631
768 0.0000002627
769 0.0000002622
770 0.0000002618
771 0.0000002614
772 0.0000002609
773 0.0000002605
774 0.0000002601
775 0.0000002597
776 0.0000002592
777 0.0000002588
778 0.0000002584
779 0.0000002580
780 0.0000002576
781 0.0000002571
782 0.0000002567
783 0.0000002563
784 0.0000002559
785 0.0000002555
786 0.0000002551
787 0.0000002547
788 0.0000002542
789 0.0000002538
790 0.0000002534
791 0.0000002530
792 0.0000002526
793 0.0000002522
794 0.0000002518
795 0.0000002514
796 0.0000002510
797 0.0000002506
798 0.0000002502
799 0.0000002498
800 0.0000002494
801 0.0000002490
802 0.0000002486
803 0.0000002482
804 0.0000002478
805 0.0000002474
806 0.0000002471
807 0.0000002467
808 0.0000002463
809 0.0000002459
810 0.0000002455
811 0.0000002451
812 0.0000002447
813 0.0000002444
814 0.0000002440
815 0.0000002436
816 0.0000002432
817 0.0000002428
818 0.0000002425
819 0.0000002421
820 0.0000002417
821 0.0000002413
822 0.0000002410
823 0.0000002406
824 0.0000002402
825 0.0000002398
826 0.0000002395
827 0.0000002391
828 0.0000002387
829 0.0000002384
830 0.0000002380
831 0.0000002376
832 0.0000002373
833 0.0000002369
834 0.0000002366
835 0.0000002362
836 0.0000002358
837 0.0000002355
838 0.0000002351
839 0.0000002348
840 0.0000002344
841 0.0000002340
842 0.0000002337
843 0.0000002333
844 0.0000002330
845 0.0000002326
846 0.0000002323
847 0.0000002319
848 0.0000002316
849 0.0000002312
850 0.0000002309
851 0.0000002305
852 0.0000002302
853 0.0000002299
854 0.0000002295
855 0.0000002292
856 0.0000002288
857 0.0000002285
858 0.0000002281
859 0.0000002278
860 0.0000002275
861 0.0000002271
862 0.0000002268
863 0.0000002265
864 0.0000002261
865 0.0000002258
866 0.0000002255
867 0.0000002251
868 0.0000002248
869 0.0000002245
870 0.0000002241
871 0.0000002238
872 0.0000002235
873 0.0000002231
874 0.0000002228
875 0.0000002225
876 0.0000002222
877 0.0000002218
878 0.0000002215
879 0.0000002212
880 0.0000002209
881 0.0000002206
882 0.0000002202
883 0.0000002199
884 0.0000002196
885 0.0000002193
886 0.0000002190
887 0.0000002186
888 0.0000002183
889 0.0000002180
890 0.0000002177
891 0.0000002174
892 0.0000002171
893 0.0000002168
894 0.0000002164
895 0.0000002161
896 0.0000002158
897 0.0000002155
898 0.0000002152
899 0.0000002149
900 0.0000002146
901 0.0000002143
902 0.0000002140
903 0.0000002137
904 0.0000002134
905 0.0000002131
906 0.0000002128
907 0.0000002125
908 0.0000002122
909 0.0000002119
910 0.0000002116
911 0.0000002113
912 0.0000002110
913 0.0000002107
914 0.0000002104
915 0.0000002101
916 0.0000002098
917 0.0000002095
918 0.0000002092
919 0.0000002089
920 0.0000002086
921 0.0000002083
922 0.0000002080
923 0.0000002077
924 0.0000002074
925 0.0000002071
926 0.0000002069
927 0.0000002066
928 0.0000002063
929 0.0000002060
930 0.0000002057
931 0.0000002054
932 0.0000002051
933 0.0000002049
934 0.0000002046
935 0.0000002043
936 0.0000002040
937 0.0000002037
938 0.0000002034
939 0.0000002032
940 0.0000002029
941 0.0000002026
942 0.0000002023
943 0.0000002020
944 0.0000002018
945 0.0000002015
946 0.0000002012
947 0.0000002009
948 0.0000002007
949 0.0000002004
950 0.0000002001
951 0.0000001998
952 0.0000001996
953 0.0000001993
954 0.0000001990
955 0.0000001987
956 0.0000001985
957 0.0000001982
958 0.0000001979
959 0.0000001977
960 0.0000001974
961 0.0000001971
962 0.0000001969
963 0.0000001966
964 0.0000001963
965 0.0000001961
966 0.0000001958
967 0.0000001955
968 0.0000001953
969 0.0000001950
970 0.0000001947
971 0.0000001945
972 0.0000001942
973 0.0000001939
974 0.0000001937
975 0.0000001934
976 0.0000001932
977 0.0000001929
978 0.0000001926
979 0.0000001924
980 0.0000001921
981 0.0000001919
982 0.0000001916
983 0.0000001914
984 0.0000001911
985 0.0000001908
986 0.0000001906
987 0.0000001903
988 0.0000001901
989 0.0000001898
990 0.0000001896
991 0.0000001893
992 0.0000001891
993 0.0000001888
994 0.0000001886
995 0.0000001883
996 0.0000001881
997 0.0000001878
998 0.0000001876
999 0.0000001873
1000 0.0000001871
1001 0.0000001868
1002 0.0000001866
1003 0.0000001863
1004 0.0000001861
1005 0.0000001858
1006 0.0000001856
1007 0.0000001853
1008 0.0000001851
1009 0.0000001848
1010 0.0000001846
1011 0.0000001843
1012 0.0000001841
1013 0.0000001838
1014 0.0000001836
1015 0.0000001834
1016 0.0000001831
1017 0.0000001829
1018 0.0000001826
1019 0.0000001824
1020 0.0000001821
1021 0.0000001819
1022 0.0000001817
1023 0.0000001814
1024 0.0000001812
1025 0.0000001809
1026 0.0000001807
1027 0.0000001804
1028 0.0000001802
1029 0.0000001800
1030 0.0000001797
1031 0.0000001795
1032 0.0000001792
1033 0.0000001790
1034 0.0000001788
1035 0.0000001785
1036 0.0000001783
1037 0.0000001780
1038 0.0000001778
1039 0.0000001776
1040 0.0000001773
1041 0.0000001771
1042 0.0000001768
1043 0.0000001766
1044 0.0000001764
1045 0.0000001761
1046 0.0000001759
1047 0.0000001756
1048 0.0000001754
1049 0.0000001752
1050 0.0000001749
1051 0.0000001747
1052 0.0000001744
1053 0.0000001742
1054 0.0000001739
1055 0.0000001737
1056 0.0000001735
1057 0.0000001732
1058 0.0000001730
1059 0.0000001727
1060 0.0000001725
1061 0.0000001722
1062 0.0000001719
1063 0.0000001717
1064 0.0000001714
1065 0.0000001712
1066 0.0000001709
1067 0.0000001706
1068 0.0000001704
1069 0.0000001701
1070 0.0000001698
1071 0.0000001695
1072 0.0000001692
1073 0.0000001689
1074 0.0000001686
1075 0.0000001682
1076 0.0000001679
1077 0.0000001675
1078 0.0000001671
1079 0.0000001667
1080 0.0000001662
1081 0.0000001657
1082 0.0000001651
1083 0.0000001644
1084 0.0000001635
1085 0.0000001623
1086 0.0000001607
1087 0.0000001583
1088 0.0000001533
1089 0.0000001367
1090 0.0000000000
