1 462
0 0.9812136420
1 0.0057245832
2 0.0020123680
3 0.0012632667
4 0.0008417408
5 0.0006138492
6 0.0004781416
7 0.0003895277
8 0.0003280044
9 0.0002833060
10 0.0002495650
11 0.0002232386
12 0.0002021096
13 0.0001847441
14 0.0001701857
15 0.0001577765
16 0.0001470519
17 0.0001376747
18 0.0001293949
19 0.0001220228
20 0.0001154117
21 0.0001094461
22 0.0001040337
23 0.0000990995
24 0.0000945821
25 0.0000904302
26 0.0000866010
27 0.0000830581
28 0.0000797706
29 0.0000767118
30 0.0000738587
31 0.0000711914
32 0.0000686924
33 0.0000663462
34 0.0000641395
35 0.0000620602
36 0.0000600977
37 0.0000582426
38 0.0000564862
39 0.0000548211
40 0.0000532404
41 0.0000517378
42 0.0000503079
43 0.0000489455
44 0.0000476459
45 0.0000464051
46 0.0000452192
47 0.0000440847
48 0.0000429983
49 0.0000419571
50 0.0000409583
51 0.0000399996
52 0.0000390785
53 0.0000381930
54 0.0000373410
55 0.0000365207
56 0.0000357305
57 0.0000349686
58 0.0000342338
59 0.0000335245
60 0.0000328395
61 0.0000321776
62 0.0000315377
63 0.0000309187
64 0.0000303196
65 0.0000297396
66 0.0000291777
67 0.0000286331
68 0.0000281051
69 0.0000275930
70 0.0000270960
71 0.0000266135
72 0.0000261450
73 0.0000256897
74 0.0000252473
75 0.0000248171
76 0.0000243987
77 0.0000239917
78 0.0000235955
79 0.0000232098
80 0.0000228342
81 0.0000224683
82 0.0000221117
83 0.0000217641
84 0.0000214252
85 0.0000210947
86 0.0000207722
87 0.0000204576
88 0.0000201504
89 0.0000198506
90 0.0000195577
91 0.0000192717
92 0.0000189922
93 0.0000187191
94 0.0000184521
95 0.0000181911
96 0.0000179358
97 0.0000176862
98 0.0000174419
99 0.0000172029
100 0.0000169690
101 0.0000167400
102 0.0000165158
103 0.0000162962
104 0.0000160812
105 0.0000158705
106 0.0000156641
107 0.0000154618
108 0.0000152636
109 0.0000150692
110 0.0000148787
111 0.0000146918
112 0.0000145085
113 0.0000143288
114 0.0000141524
115 0.0000139793
116 0.0000138095
117 0.0000136428
118 0.0000134791
119 0.0000133185
120 0.0000131607
121 0.0000130058
122 0.0000128536
123 0.0000127042
124 0.0000125573
125 0.0000124130
126 0.0000122712
127 0.0000121319
128 0.0000119949
129 0.0000118603
130 0.0000117279
131 0.0000115977
132 0.0000114698
133 0.0000113439
134 0.0000112201
135 0.0000110983
136 0.0000109785
137 0.0000108606
138 0.0000107446
139 0.0000106304
140 0.0000105180
141 0.0000104075
142 0.0000102986
143 0.0000101914
144 0.0000100859
145 0.0000099820
146 0.0000098797
147 0.0000097789
148 0.0000096797
149 0.0000095819
150 0.0000094856
151 0.0000093907
152 0.0000092972
153 0.0000092051
154 0.0000091143
155 0.0000090249
156 0.0000089367
157 0.0000088498
158 0.0000087641
159 0.0000086797
160 0.0000085964
161 0.0000085143
162 0.0000084334
163 0.0000083535
164 0.0000082748
165 0.0000081972
166 0.0000081206
167 0.0000080451
168 0.0000079705
169 0.0000078970
170 0.0000078245
171 0.0000077529
172 0.0000076823
173 0.0000076126
174 0.0000075439
175 0.0000074760
176 0.0000074090
177 0.0000073429
178 0.0000072777
179 0.0000072132
180 0.0000071496
181 0.0000070869
182 0.0000070249
183 0.0000069636
184 0.0000069032
185 0.0000068435
186 0.0000067846
187 0.0000067263
188 0.0000066688
189 0.0000066121
190 0.0000065559
191 0.0000065005
192 0.0000064458
193 0.0000063917
194 0.0000063383
195 0.0000062855
196 0.0000062333
197 0.0000061817
198 0.0000061308
199 0.0000060805
200 0.0000060307
201 0.0000059815
202 0.0000059329
203 0.0000058849
204 0.0000058374
205 0.0000057905
206 0.0000057441
207 0.0000056982
208 0.0000056529
209 0.0000056080
210 0.0000055637
211 0.0000055199
212 0.0000054765
213 0.0000054337
214 0.0000053913
215 0.0000053493
216 0.0000053079
217 0.0000052669
218 0.0000052263
219 0.0000051862
220 0.0000051465
221 0.0000051073
222 0.0000050685
223 0.0000050301
224 0.0000049921
225 0.0000049545
226 0.0000049173
227 0.0000048805
228 0.0000048441
229 0.0000048080
230 0.0000047724
231 0.0000047371
232 0.0000047022
233 0.0000046676
234 0.0000046334
235 0.0000045996
236 0.0000045661
237 0.0000045329
238 0.0000045001
239 0.0000044676
240 0.0000044355
241 0.0000044036
242 0.0000043721
243 0.0000043409
244 0.0000043101
245 0.0000042795
246 0.0000042492
247 0.0000042192
248 0.0000041896
249 0.0000041602
250 0.0000041311
251 0.0000041023
252 0.0000040737
253 0.0000040455
254 0.0000040175
255 0.0000039898
256 0.0000039623
257 0.0000039352
258 0.0000039082
259 0.0000038816
260 0.0000038552
261 0.0000038290
262 0.0000038031
263 0.0000037774
264 0.0000037520
265 0.0000037268
266 0.0000037018
267 0.0000036771
268 0.0000036526
269 0.0000036283
270 0.0000036043
271 0.0000035805
272 0.0000035568
273 0.0000035335
274 0.0000035103
275 0.0000034873
276 0.0000034646
277 0.0000034420
278 0.0000034197
279 0.0000033975
280 0.0000033756
281 0.0000033538
282 0.0000033322
283 0.0000033109
284 0.0000032897
285 0.0000032687
286 0.0000032479
287 0.0000032273
288 0.0000032068
289 0.0000031866
290 0.0000031665
291 0.0000031466
292 0.0000031268
293 0.0000031073
294 0.0000030878
295 0.0000030686
296 0.0000030495
297 0.0000030306
298 0.0000030119
299 0.0000029933
300 0.0000029749
301 0.0000029566
302 0.0000029385
303 0.0000029205
304 0.0000029027
305 0.0000028851
306 0.0000028675
307 0.0000028502
308 0.0000028329
309 0.0000028159
310 0.0000027989
311 0.0000027821
312 0.0000027655
313 0.0000027489
314 0.0000027325
315 0.0000027163
316 0.0000027001
317 0.0000026842
318 0.0000026683
319 0.0000026526
320 0.0000026369
321 0.0000026215
322 0.0000026061
323 0.0000025909
324 0.0000025757
325 0.0000025608
326 0.0000025459
327 0.0000025311
328 0.0000025165
329 0.0000025019
330 0.0000024875
331 0.0000024732
332 0.0000024591
333 0.0000024450
334 0.0000024310
335 0.0000024172
336 0.0000024034
337 0.0000023898
338 0.0000023762
339 0.0000023628
340 0.0000023495
341 0.0000023362
342 0.0000023231
343 0.0000023101
344 0.0000022971
345 0.0000022843
346 0.0000022716
347 0.0000022589
348 0.0000022464
349 0.0000022339
350 0.0000022216
351 0.0000022093
352 0.0000021972
353 0.0000021851
354 0.0000021731
355 0.0000021612
356 0.0000021494
357 0.0000021376
358 0.0000021260
359 0.0000021144
360 0.0000021030
361 0.0000020916
362 0.0000020803
363 0.0000020690
364 0.0000020579
365 0.0000020468
366 0.0000020358
367 0.0000020249
368 0.0000020141
369 0.0000020034
370 0.0000019927
371 0.0000019821
372 0.0000019716
373 0.0000019611
374 0.0000019507
375 0.0000019404
376 0.0000019302
377 0.0000019200
378 0.0000019099
379 0.0000018999
380 0.0000018900
381 0.0000018801
382 0.0000018703
383 0.0000018605
384 0.0000018508
385 0.0000018412
386 0.0000018316
387 0.0000018222
388 0.0000018127
389 0.0000018034
390 0.0000017941
391 0.0000017848
392 0.0000017756
393 0.0000017665
394 0.0000017575
395 0.0000017485
396 0.0000017395
397 0.0000017306
398 0.0000017218
399 0.0000017130
400 0.0000017043
401 0.0000016956
402 0.0000016870
403 0.0000016785
404 0.0000016700
405 0.0000016615
406 0.0000016531
407 0.0000016447
408 0.0000016364
409 0.0000016282
410 0.0000016200
411 0.0000016118
412 0.0000016037
413 0.0000015956
414 0.0000015876
415 0.0000015796
416 0.0000015717
417 0.0000015638
418 0.0000015559
419 0.0000015481
420 0.0000015403
421 0.0000015325
422 0.0000015248
423 0.0000015171
424 0.0000015095
425 0.0000015019
426 0.0000014943
427 0.0000014867
428 0.0000014791
429 0.0000014716
430 0.0000014641
431 0.0000014566
432 0.0000014491
433 0.0000014417
434 0.0000014342
435 0.0000014267
436 0.0000014192
437 0.0000014117
438 0.0000014042
439 0.0000013967
440 0.0000013891
441 0.0000013814
442 0.0000013737
443 0.0000013659
444 0.0000013581
445 0.0000013500
446 0.0000013419
447 0.0000013335
448 0.0000013248
449 0.0000013159
450 0.0000013066
451 0.0000012968
452 0.0000012863
453 0.0000012751
454 0.0000012628
455 0.0000012492
456 0.0000012336
457 0.0000012151
458 0.0000011923
459 0.0000011624
460 0.0000011138
461 0.0000009814
462 0.0000000000
