1 990
0 0.9842574493
1 0.0037371021
2 0.0015586038
3 0.0010807746
4 0.0007923065
5 0.0006214606
6 0.0005095066
7 0.0004297815
8 0.0003700460
9 0.0003236973
10 0.0002867413
11 0.0002566137
12 0.0002316007
13 0.0002105169
14 0.0001925168
15 0.0001769809
16 0.0001634448
17 0.0001515536
18 0.0001410315
19 0.0001316607
20 0.0001232672
21 0.0001157100
22 0.0001088740
23 0.0001026641
24 0.0000970013
25 0.0000918190
26 0.0000870610
27 0.0000826795
28 0.0000786336
29 0.0000748879
30 0.0000714120
31 0.0000681791
32 0.0000651662
33 0.0000623526
34 0.0000597206
35 0.0000572540
36 0.0000549389
37 0.0000527625
38 0.0000507137
39 0.0000487824
40 0.0000469594
41 0.0000452365
42 0.0000436065
43 0.0000420625
44 0.0000405985
45 0.0000392089
46 0.0000378888
47 0.0000366335
48 0.0000354387
49 0.0000343006
50 0.0000332156
51 0.0000321805
52 0.0000311922
53 0.0000302480
54 0.0000293452
55 0.0000284814
56 0.0000276546
57 0.0000268625
58 0.0000261033
59 0.0000253752
60 0.0000246766
61 0.0000240058
62 0.0000233615
63 0.0000227423
64 0.0000221470
65 0.0000215743
66 0.0000210231
67 0.0000204924
68 0.0000199813
69 0.0000194887
70 0.0000190139
71 0.0000185559
72 0.0000181142
73 0.0000176878
74 0.0000172761
75 0.0000168786
76 0.0000164945
77 0.0000161232
78 0.0000157643
79 0.0000154173
80 0.0000150815
81 0.0000147566
82 0.0000144421
83 0.0000141376
84 0.0000138427
85 0.0000135570
86 0.0000132802
87 0.0000130118
88 0.0000127516
89 0.0000124993
90 0.0000122545
91 0.0000120170
92 0.0000117865
93 0.0000115627
94 0.0000113455
95 0.0000111345
96 0.0000109295
97 0.0000107304
98 0.0000105368
99 0.0000103487
100 0.0000101658
101 0.0000099880
102 0.0000098150
103 0.0000096467
104 0.0000094829
105 0.0000093235
106 0.0000091684
107 0.0000090174
108 0.0000088704
109 0.0000087271
110 0.0000085876
111 0.0000084517
112 0.0000083192
113 0.0000081902
114 0.0000080643
115 0.0000079416
116 0.0000078220
117 0.0000077054
118 0.0000075916
119 0.0000074806
120 0.0000073722
121 0.0000072665
122 0.0000071633
123 0.0000070626
124 0.0000069643
125 0.0000068683
126 0.0000067745
127 0.0000066829
128 0.0000065934
129 0.0000065060
130 0.0000064206
131 0.0000063371
132 0.0000062554
133 0.0000061757
134 0.0000060977
135 0.0000060214
136 0.0000059468
137 0.0000058738
138 0.0000058024
139 0.0000057326
140 0.0000056642
141 0.0000055973
142 0.0000055319
143 0.0000054678
144 0.0000054050
145 0.0000053436
146 0.0000052835
147 0.0000052245
148 0.0000051668
149 0.0000051103
150 0.0000050549
151 0.0000050006
152 0.0000049474
153 0.0000048953
154 0.0000048442
155 0.0000047941
156 0.0000047450
157 0.0000046968
158 0.0000046496
159 0.0000046033
160 0.0000045578
161 0.0000045132
162 0.0000044695
163 0.0000044266
164 0.0000043845
165 0.0000043431
166 0.0000043025
167 0.0000042627
168 0.0000042236
169 0.0000041852
170 0.0000041475
171 0.0000041105
172 0.0000040741
173 0.0000040383
174 0.0000040032
175 0.0000039687
176 0.0000039348
177 0.0000039015
178 0.0000038688
179 0.0000038366
180 0.0000038050
181 0.0000037739
182 0.0000037433
183 0.0000037132
184 0.0000036837
185 0.0000036546
186 0.0000036260
187 0.0000035978
188 0.0000035701
189 0.0000035429
190 0.0000035161
191 0.0000034897
192 0.0000034637
193 0.0000034381
194 0.0000034130
195 0.0000033882
196 0.0000033638
197 0.0000033398
198 0.0000033161
199 0.0000032928
200 0.0000032699
201 0.0000032473
202 0.0000032250
203 0.0000032030
204 0.0000031814
205 0.0000031601
206 0.0000031391
207 0.0000031184
208 0.0000030980
209 0.0000030779
210 0.0000030581
211 0.0000030385
212 0.0000030193
213 0.0000030002
214 0.0000029815
215 0.0000029630
216 0.0000029448
217 0.0000029268
218 0.0000029090
219 0.0000028915
220 0.0000028742
221 0.0000028572
222 0.0000028403
223 0.0000028237
224 0.0000028073
225 0.0000027912
226 0.0000027752
227 0.0000027594
228 0.0000027438
229 0.0000027284
230 0.0000027133
231 0.0000026983
232 0.0000026834
233 0.0000026688
234 0.0000026544
235 0.0000026401
236 0.0000026260
237 0.0000026120
238 0.0000025982
239 0.0000025846
240 0.0000025712
241 0.0000025579
242 0.0000025447
243 0.0000025318
244 0.0000025189
245 0.0000025062
246 0.0000024937
247 0.0000024812
248 0.0000024690
249 0.0000024568
250 0.0000024448
251 0.0000024330
252 0.0000024212
253 0.0000024096
254 0.0000023981
255 0.0000023867
256 0.0000023755
257 0.0000023644
258 0.0000023533
259 0.0000023424
260 0.0000023317
261 0.0000023210
262 0.0000023104
263 0.0000023000
264 0.0000022896
265 0.0000022794
266 0.0000022692
267 0.0000022592
268 0.0000022492
269 0.0000022394
270 0.0000022296
271 0.0000022200
272 0.0000022104
273 0.0000022010
274 0.0000021916
275 0.0000021823
276 0.0000021731
277 0.0000021640
278 0.0000021549
279 0.0000021460
280 0.0000021371
281 0.0000021283
282 0.0000021196
283 0.0000021110
284 0.0000021025
285 0.0000020940
286 0.0000020856
287 0.0000020773
288 0.0000020690
289 0.0000020608
290 0.0000020527
291 0.0000020447
292 0.0000020367
293 0.0000020288
294 0.0000020210
295 0.0000020132
296 0.0000020055
297 0.0000019979
298 0.0000019903
299 0.0000019828
300 0.0000019754
301 0.0000019680
302 0.0000019607
303 0.0000019534
304 0.0000019462
305 0.0000019391
306 0.0000019320
307 0.0000019249
308 0.0000019179
309 0.0000019110
310 0.0000019042
311 0.0000018973
312 0.0000018906
313 0.0000018839
314 0.0000018772
315 0.0000018706
316 0.0000018640
317 0.0000018575
318 0.0000018511
319 0.0000018446
320 0.0000018383
321 0.0000018320
322 0.0000018257
323 0.0000018195
324 0.0000018133
325 0.0000018071
326 0.0000018010
327 0.0000017950
328 0.0000017890
329 0.0000017830
330 0.0000017771
331 0.0000017712
332 0.0000017654
333 0.0000017596
334 0.0000017538
335 0.0000017481
336 0.0000017425
337 0.0000017368
338 0.0000017312
339 0.0000017257
340 0.0000017201
341 0.0000017146
342 0.0000017092
343 0.0000017038
344 0.0000016984
345 0.0000016931
346 0.0000016878
347 0.0000016825
348 0.0000016772
349 0.0000016720
350 0.0000016669
351 0.0000016617
352 0.0000016566
353 0.0000016516
354 0.0000016465
355 0.0000016415
356 0.0000016365
357 0.0000016316
358 0.0000016267
359 0.0000016218
360 0.0000016169
361 0.0000016121
362 0.0000016073
363 0.0000016026
364 0.0000015978
365 0.0000015931
366 0.0000015884
367 0.0000015838
368 0.0000015792
369 0.0000015746
370 0.0000015700
371 0.0000015655
372 0.0000015610
373 0.0000015565
374 0.0000015520
375 0.0000015476
376 0.0000015432
377 0.0000015388
378 0.0000015345
379 0.0000015301
380 0.0000015258
381 0.0000015215
382 0.0000015173
383 0.0000015130
384 0.0000015088
385 0.0000015047
386 0.0000015005
387 0.0000014964
388 0.0000014922
389 0.0000014881
390 0.0000014841
391 0.0000014800
392 0.0000014760
393 0.0000014720
394 0.0000014680
395 0.0000014641
396 0.0000014601
397 0.0000014562
398 0.0000014523
399 0.0000014484
400 0.0000014446
401 0.0000014408
402 0.0000014369
403 0.0000014332
404 0.0000014294
405 0.0000014256
406 0.0000014219
407 0.0000014182
408 0.0000014145
409 0.0000014108
410 0.0000014072
411 0.0000014035
412 0.0000013999
413 0.0000013963
414 0.0000013927
415 0.0000013892
416 0.0000013856
417 0.0000013821
418 0.0000013786
419 0.0000013751
420 0.0000013716
421 0.0000013682
422 0.0000013647
423 0.0000013613
424 0.0000013579
425 0.0000013545
426 0.0000013512
427 0.0000013478
428 0.0000013445
429 0.0000013411
430 0.0000013378
431 0.0000013346
432 0.0000013313
433 0.0000013280
434 0.0000013248
435 0.0000013216
436 0.0000013184
437 0.0000013152
438 0.0000013120
439 0.0000013088
440 0.0000013057
441 0.0000013025
442 0.0000012994
443 0.0000012963
444 0.0000012932
445 0.0000012901
446 0.0000012871
447 0.0000012840
448 0.0000012810
449 0.0000012780
450 0.0000012750
451 0.0000012720
452 0.0000012690
453 0.0000012661
454 0.0000012631
455 0.0000012602
456 0.0000012573
457 0.0000012543
458 0.0000012514
459 0.0000012486
460 0.0000012457
461 0.0000012428
462 0.0000012400
463 0.0000012372
464 0.0000012343
465 0.0000012315
466 0.0000012287
467 0.0000012260
468 0.0000012232
469 0.0000012204
470 0.0000012177
471 0.0000012150
472 0.0000012122
473 0.0000012095
474 0.0000012068
475 0.0000012042
476 0.0000012015
477 0.0000011988
478 0.0000011962
479 0.0000011935
480 0.0000011909
481 0.0000011883
482 0.0000011857
483 0.0000011831
484 0.0000011805
485 0.0000011779
486 0.0000011754
487 0.0000011728
488 0.0000011703
489 0.0000011678
490 0.0000011652
491 0.0000011627
492 0.0000011602
493 0.0000011578
494 0.0000011553
495 0.0000011528
496 0.0000011504
497 0.0000011479
498 0.0000011455
499 0.0000011431
500 0.0000011406
501 0.0000011382
502 0.0000011358
503 0.0000011335
504 0.0000011311
505 0.0000011287
506 0.0000011264
507 0.0000011240
508 0.0000011217
509 0.0000011193
510 0.0000011170
511 0.0000011147
512 0.0000011124
513 0.0000011101
514 0.0000011078
515 0.0000011056
516 0.0000011033
517 0.0000011011
518 0.0000010988
519 0.0000010966
520 0.0000010943
521 0.0000010921
522 0.0000010899
523 0.0000010877
524 0.0000010855
525 0.0000010833
526 0.0000010812
527 0.0000010790
528 0.0000010768
529 0.0000010747
530 0.0000010725
531 0.0000010704
532 0.0000010683
533 0.0000010662
534 0.0000010641
535 0.0000010620
536 0.0000010599
537 0.0000010578
538 0.0000010557
539 0.0000010536
540 0.0000010516
541 0.0000010495
542 0.0000010475
543 0.0000010454
544 0.0000010434
545 0.0000010414
546 0.0000010394
547 0.0000010374
548 0.0000010354
549 0.0000010334
550 0.0000010314
551 0.0000010294
552 0.0000010274
553 0.0000010255
554 0.0000010235
555 0.0000010216
556 0.0000010196
557 0.0000010177
558 0.0000010158
559 0.0000010138
560 0.0000010119
561 0.0000010100
562 0.0000010081
563 0.0000010062
564 0.0000010043
565 0.0000010025
566 0.0000010006
567 0.0000009987
568 0.0000009969
569 0.0000009950
570 0.0000009932
571 0.0000009913
572 0.0000009895
573 0.0000009877
574 0.0000009858
575 0.0000009840
576 0.0000009822
577 0.0000009804
578 0.0000009786
579 0.0000009768
580 0.0000009751
581 0.0000009733
582 0.0000009715
583 0.0000009698
584 0.0000009680
585 0.0000009662
586 0.0000009645
587 0.0000009628
588 0.0000009610
589 0.0000009593
590 0.0000009576
591 0.0000009559
592 0.0000009542
593 0.0000009525
594 0.0000009508
595 0.0000009491
596 0.0000009474
597 0.0000009457
598 0.0000009440
599 0.0000009424
600 0.0000009407
601 0.0000009390
602 0.0000009374
603 0.0000009357
604 0.0000009341
605 0.0000009325
606 0.0000009308
607 0.0000009292
608 0.0000009276
609 0.0000009260
610 0.0000009244
611 0.0000009228
612 0.0000009212
613 0.0000009196
614 0.0000009180
615 0.0000009164
616 0.0000009149
617 0.0000009133
618 0.0000009117
619 0.0000009102
620 0.0000009086
621 0.0000009071
622 0.0000009055
623 0.0000009040
624 0.0000009024
625 0.0000009009
626 0.0000008994
627 0.0000008979
628 0.0000008963
629 0.0000008948
630 0.0000008933
631 0.0000008918
632 0.0000008903
633 0.0000008889
634 0.0000008874
635 0.0000008859
636 0.0000008844
637 0.0000008829
638 0.0000008815
639 0.0000008800
640 0.0000008786
641 0.0000008771
642 0.0000008757
643 0.0000008742
644 0.0000008728
645 0.0000008713
646 0.0000008699
647 0.0000008685
648 0.0000008671
649 0.0000008656
650 0.0000008642
651 0.0000008628
652 0.0000008614
653 0.0000008600
654 0.0000008586
655 0.0000008572
656 0.0000008559
657 0.0000008545
658 0.0000008531
659 0.0000008517
660 0.0000008503
661 0.0000008490
662 0.0000008476
663 0.0000008463
664 0.0000008449
665 0.0000008436
666 0.0000008422
667 0.0000008409
668 0.0000008395
669 0.0000008382
670 0.0000008369
671 0.0000008356
672 0.0000008342
673 0.0000008329
674 0.0000008316
675 0.0000008303
676 0.0000008290
677 0.0000008277
678 0.0000008264
679 0.0000008251
680 0.0000008238
681 0.0000008225
682 0.0000008213
683 0.0000008200
684 0.0000008187
685 0.0000008174
686 0.0000008162
687 0.0000008149
688 0.0000008137
689 0.0000008124
690 0.0000008112
691 0.0000008099
692 0.0000008087
693 0.0000008074
694 0.0000008062
695 0.0000008050
696 0.0000008037
697 0.0000008025
698 0.0000008013
699 0.0000008001
700 0.0000007988
701 0.0000007976
702 0.0000007964
703 0.0000007952
704 0.0000007940
705 0.0000007928
706 0.0000007916
707 0.0000007904
708 0.0000007892
709 0.0000007881
710 0.0000007869
711 0.0000007857
712 0.0000007845
713 0.0000007834
714 0.0000007822
715 0.0000007810
716 0.0000007799
717 0.0000007787
718 0.0000007776
719 0.0000007764
720 0.0000007753
721 0.0000007741
722 0.0000007730
723 0.0000007718
724 0.0000007707
725 0.0000007696
726 0.0000007684
727 0.0000007673
728 0.0000007662
729 0.0000007651
730 0.0000007639
731 0.0000007628
732 0.0000007617
733 0.0000007606
734 0.0000007595
735 0.0000007584
736 0.0000007573
737 0.0000007562
738 0.0000007551
739 0.0000007540
740 0.0000007529
741 0.0000007519
742 0.0000007508
743 0.0000007497
744 0.0000007486
745 0.0000007476
746 0.0000007465
747 0.0000007454
748 0.0000007444
749 0.0000007433
750 0.0000007422
751 0.0000007412
752 0.0000007401
753 0.0000007391
754 0.0000007380
755 0.0000007370
756 0.0000007360
757 0.0000007349
758 0.0000007339
759 0.0000007328
760 0.0000007318
761 0.0000007308
762 0.0000007298
763 0.0000007287
764 0.0000007277
765 0.0000007267
766 0.0000007257
767 0.0000007247
768 0.0000007237
769 0.0000007227
770 0.0000007217
771 0.0000007207
772 0.0000007197
773 0.0000007187
774 0.0000007177
775 0.0000007167
776 0.0000007157
777 0.0000007147
778 0.0000007137
779 0.0000007127
780 0.0000007118
781 0.0000007108
782 0.0000007098
783 0.0000007088
784 0.0000007079
785 0.0000007069
786 0.0000007059
787 0.0000007050
788 0.0000007040
789 0.0000007031
790 0.0000007021
791 0.0000007012
792 0.0000007002
793 0.0000006993
794 0.0000006983
795 0.0000006974
796 0.0000006964
797 0.0000006955
798 0.0000006946
799 0.0000006936
800 0.0000006927
801 0.0000006918
802 0.0000006908
803 0.0000006899
804 0.0000006890
805 0.0000006881
806 0.0000006872
807 0.0000006862
808 0.0000006853
809 0.0000006844
810 0.0000006835
811 0.0000006826
812 0.0000006817
813 0.0000006808
814 0.0000006799
815 0.0000006790
816 0.0000006781
817 0.0000006772
818 0.0000006763
819 0.0000006754
820 0.0000006745
821 0.0000006736
822 0.0000006728
823 0.0000006719
824 0.0000006710
825 0.0000006701
826 0.0000006692
827 0.0000006684
828 0.0000006675
829 0.0000006666
830 0.0000006658
831 0.0000006649
832 0.0000006640
833 0.0000006632
834 0.0000006623
835 0.0000006614
836 0.0000006606
837 0.0000006597
838 0.0000006589
839 0.0000006580
840 0.0000006572
841 0.0000006563
842 0.0000006555
843 0.0000006546
844 0.0000006538
845 0.0000006530
846 0.0000006521
847 0.0000006513
848 0.0000006505
849 0.0000006496
850 0.0000006488
851 0.0000006480
852 0.0000006471
853 0.0000006463
854 0.0000006455
855 0.0000006447
856 0.0000006438
857 0.0000006430
858 0.0000006422
859 0.0000006414
860 0.0000006406
861 0.0000006398
862 0.0000006390
863 0.0000006382
864 0.0000006373
865 0.0000006365
866 0.0000006357
867 0.0000006349
868 0.0000006341
869 0.0000006333
870 0.0000006325
871 0.0000006317
872 0.0000006310
873 0.0000006302
874 0.0000006294
875 0.0000006286
876 0.0000006278
877 0.0000006270
878 0.0000006262
879 0.0000006254
880 0.0000006247
881 0.0000006239
882 0.0000006231
883 0.0000006223
884 0.0000006215
885 0.0000006208
886 0.0000006200
887 0.0000006192
888 0.0000006185
889 0.0000006177
890 0.0000006169
891 0.0000006162
892 0.0000006154
893 0.0000006146
894 0.0000006139
895 0.0000006131
896 0.0000006123
897 0.0000006116
898 0.0000006108
899 0.0000006101
900 0.0000006093
901 0.0000006086
902 0.0000006078
903 0.0000006071
904 0.0000006063
905 0.0000006056
906 0.0000006048
907 0.0000006041
908 0.0000006033
909 0.0000006026
910 0.0000006018
911 0.0000006011
912 0.0000006003
913 0.0000005996
914 0.0000005989
915 0.0000005981
916 0.0000005974
917 0.0000005967
918 0.0000005959
919 0.0000005952
920 0.0000005944
921 0.0000005937
922 0.0000005930
923 0.0000005922
924 0.0000005915
925 0.0000005908
926 0.0000005901
927 0.0000005893
928 0.0000005886
929 0.0000005879
930 0.0000005871
931 0.0000005864
932 0.0000005857
933 0.0000005850
934 0.0000005842
935 0.0000005835
936 0.0000005828
937 0.0000005820
938 0.0000005813
939 0.0000005806
940 0.0000005799
941 0.0000005791
942 0.0000005784
943 0.0000005777
944 0.0000005769
945 0.0000005762
946 0.0000005755
947 0.0000005747
948 0.0000005740
949 0.0000005733
950 0.0000005725
951 0.0000005718
952 0.0000005711
953 0.0000005703
954 0.0000005696
955 0.0000005688
956 0.0000005681
957 0.0000005673
958 0.0000005666
959 0.0000005658
960 0.0000005650
961 0.0000005642
962 0.0000005635
963 0.0000005627
964 0.0000005619
965 0.0000005611
966 0.0000005603
967 0.0000005594
968 0.0000005586
969 0.0000005577
970 0.0000005568
971 0.0000005559
972 0.0000005550
973 0.0000005541
974 0.0000005531
975 0.0000005520
976 0.0000005509
977 0.0000005498
978 0.0000005485
979 0.0000005472
980 0.0000005457
981 0.0000005440
982 0.0000005421
983 0.0000005398
984 0.0000005370
985 0.0000005333
986 0.0000005280
987 0.0000005201
988 0.0000005040
989 0.0000004493
990 0.0000000000
