1 348
0 0.9830260436
1 0.0046167484
2 0.0018199963
3 0.0012153756
4 0.0008572614
5 0.0006501142
6 0.0005179708
7 0.0004264588
8 0.0003598119
9 0.0003095532
10 0.0002705872
11 0.0002396692
12 0.0002146524
13 0.0001940689
14 0.0001768858
15 0.0001623572
16 0.0001499332
17 0.0001392005
18 0.0001298438
19 0.0001216192
20 0.0001143350
21 0.0001078398
22 0.0001020119
23 0.0000967531
24 0.0000919830
25 0.0000876358
26 0.0000836566
27 0.0000799999
28 0.0000766270
29 0.0000735056
30 0.0000706079
31 0.0000679101
32 0.0000653919
33 0.0000630355
34 0.0000608256
35 0.0000587486
36 0.0000567929
37 0.0000549478
38 0.0000532042
39 0.0000515539
40 0.0000499896
41 0.0000485047
42 0.0000470932
43 0.0000457500
44 0.0000444701
45 0.0000432493
46 0.0000420836
47 0.0000409694
48 0.0000399033
49 0.0000388825
50 0.0000379040
51 0.0000369655
52 0.0000360645
53 0.0000351989
54 0.0000343667
55 0.0000335660
56 0.0000327952
57 0.0000320526
58 0.0000313368
59 0.0000306464
60 0.0000299801
61 0.0000293367
62 0.0000287151
63 0.0000281143
64 0.0000275332
65 0.0000269709
66 0.0000264267
67 0.0000258996
68 0.0000253888
69 0.0000248938
70 0.0000244138
71 0.0000239481
72 0.0000234961
73 0.0000230574
74 0.0000226313
75 0.0000222173
76 0.0000218149
77 0.0000214237
78 0.0000210433
79 0.0000206732
80 0.0000203131
81 0.0000199625
82 0.0000196211
83 0.0000192886
84 0.0000189646
85 0.0000186489
86 0.0000183411
87 0.0000180410
88 0.0000177483
89 0.0000174628
90 0.0000171841
91 0.0000169122
92 0.0000166467
93 0.0000163874
94 0.0000161342
95 0.0000158868
96 0.0000156451
97 0.0000154088
98 0.0000151779
99 0.0000149521
100 0.0000147312
101 0.0000145152
102 0.0000143039
103 0.0000140972
104 0.0000138948
105 0.0000136968
106 0.0000135029
107 0.0000133130
108 0.0000131271
109 0.0000129449
110 0.0000127665
111 0.0000125917
112 0.0000124203
113 0.0000122524
114 0.0000120878
115 0.0000119264
116 0.0000117682
117 0.0000116130
118 0.0000114608
119 0.0000113115
120 0.0000111650
121 0.0000110212
122 0.0000108801
123 0.0000107417
124 0.0000106058
125 0.0000104723
126 0.0000103413
127 0.0000102127
128 0.0000100863
129 0.0000099623
130 0.0000098404
131 0.0000097206
132 0.0000096029
133 0.0000094873
134 0.0000093737
135 0.0000092620
136 0.0000091522
137 0.0000090443
138 0.0000089382
139 0.0000088338
140 0.0000087313
141 0.0000086304
142 0.0000085311
143 0.0000084335
144 0.0000083375
145 0.0000082430
146 0.0000081500
147 0.0000080586
148 0.0000079686
149 0.0000078800
150 0.0000077928
151 0.0000077069
152 0.0000076224
153 0.0000075392
154 0.0000074573
155 0.0000073767
156 0.0000072973
157 0.0000072190
158 0.0000071420
159 0.0000070661
160 0.0000069914
161 0.0000069177
162 0.0000068452
163 0.0000067737
164 0.0000067032
165 0.0000066338
166 0.0000065654
167 0.0000064980
168 0.0000064316
169 0.0000063661
170 0.0000063015
171 0.0000062379
172 0.0000061751
173 0.0000061132
174 0.0000060522
175 0.0000059921
176 0.0000059328
177 0.0000058742
178 0.0000058165
179 0.0000057596
180 0.0000057035
181 0.0000056481
182 0.0000055935
183 0.0000055396
184 0.0000054864
185 0.0000054339
186 0.0000053822
187 0.0000053311
188 0.0000052806
189 0.0000052309
190 0.0000051818
191 0.0000051333
192 0.0000050855
193 0.0000050382
194 0.0000049916
195 0.0000049456
196 0.0000049001
197 0.0000048553
198 0.0000048110
199 0.0000047672
200 0.0000047240
201 0.0000046814
202 0.0000046393
203 0.0000045977
204 0.0000045566
205 0.0000045160
206 0.0000044759
207 0.0000044363
208 0.0000043972
209 0.0000043586
210 0.0000043204
211 0.0000042827
212 0.0000042454
213 0.0000042086
214 0.0000041722
215 0.0000041362
216 0.0000041007
217 0.0000040656
218 0.0000040309
219 0.0000039966
220 0.0000039627
221 0.0000039292
222 0.0000038961
223 0.0000038634
224 0.0000038310
225 0.0000037990
226 0.0000037674
227 0.0000037361
228 0.0000037052
229 0.0000036747
230 0.0000036445
231 0.0000036146
232 0.0000035850
233 0.0000035558
234 0.0000035269
235 0.0000034984
236 0.0000034701
237 0.0000034421
238 0.0000034145
239 0.0000033872
240 0.0000033601
241 0.0000033334
242 0.0000033069
243 0.0000032807
244 0.0000032548
245 0.0000032292
246 0.0000032039
247 0.0000031788
248 0.0000031540
249 0.0000031294
250 0.0000031051
251 0.0000030811
252 0.0000030573
253 0.0000030338
254 0.0000030105
255 0.0000029874
256 0.0000029646
257 0.0000029421
258 0.0000029197
259 0.0000028976
260 0.0000028757
261 0.0000028540
262 0.0000028326
263 0.0000028113
264 0.0000027903
265 0.0000027695
266 0.0000027489
267 0.0000027285
268 0.0000027083
269 0.0000026883
270 0.0000026685
271 0.0000026489
272 0.0000026295
273 0.0000026103
274 0.0000025912
275 0.0000025724
276 0.0000025537
277 0.0000025352
278 0.0000025169
279 0.0000024988
280 0.0000024808
281 0.0000024630
282 0.0000024454
283 0.0000024279
284 0.0000024106
285 0.0000023935
286 0.0000023765
287 0.0000023597
288 0.0000023430
289 0.0000023265
290 0.0000023101
291 0.0000022939
292 0.0000022778
293 0.0000022619
294 0.0000022461
295 0.0000022305
296 0.0000022149
297 0.0000021996
298 0.0000021843
299 0.0000021692
300 0.0000021543
301 0.0000021394
302 0.0000021247
303 0.0000021101
304 0.0000020956
305 0.0000020812
306 0.0000020670
307 0.0000020529
308 0.0000020388
309 0.0000020249
310 0.0000020111
311 0.0000019974
312 0.0000019838
313 0.0000019703
314 0.0000019569
315 0.0000019436
316 0.0000019304
317 0.0000019173
318 0.0000019042
319 0.0000018912
320 0.0000018783
321 0.0000018655
322 0.0000018527
323 0.0000018400
324 0.0000018273
325 0.0000018147
326 0.0000018021
327 0.0000017895
328 0.0000017770
329 0.0000017644
330 0.0000017518
331 0.0000017392
332 0.0000017265
333 0.0000017138
334 0.0000017009
335 0.0000016879
336 0.0000016747
337 0.0000016611
338 0.0000016472
339 0.0000016328
340 0.0000016176
341 0.0000016014
342 0.0000015835
343 0.0000015631
344 0.0000015383
345 0.0000015057
346 0.0000014499
347 0.0000012842
348 0.0000000000
