1 990
0 0.9870939068
1 0.0036297400
2 0.0014692878
3 0.0009956631
4 0.0007139005
5 0.0005487209
6 0.0004415875
7 0.0003661171
8 0.0003101812
9 0.0002672427
10 0.0002333636
11 0.0002060274
12 0.0001835598
13 0.0001648075
14 0.0001489518
15 0.0001353954
16 0.0001236926
17 0.0001135044
18 0.0001045687
19 0.0000966793
20 0.0000896725
21 0.0000834161
22 0.0000778029
23 0.0000727445
24 0.0000681678
25 0.0000640117
26 0.0000602248
27 0.0000567636
28 0.0000535908
29 0.0000506747
30 0.0000479877
31 0.0000455061
32 0.0000432092
33 0.0000410789
34 0.0000390993
35 0.0000372565
36 0.0000355380
37 0.0000339329
38 0.0000324314
39 0.0000310248
40 0.0000297053
41 0.0000284660
42 0.0000273003
43 0.0000262028
44 0.0000251683
45 0.0000241920
46 0.0000232698
47 0.0000223979
48 0.0000215726
49 0.0000207908
50 0.0000200495
51 0.0000193461
52 0.0000186781
53 0.0000180433
54 0.0000174394
55 0.0000168646
56 0.0000163172
57 0.0000157954
58 0.0000152977
59 0.0000148228
60 0.0000143692
61 0.0000139359
62 0.0000135216
63 0.0000131253
64 0.0000127460
65 0.0000123828
66 0.0000120348
67 0.0000117012
68 0.0000113813
69 0.0000110744
70 0.0000107798
71 0.0000104968
72 0.0000102250
73 0.0000099637
74 0.0000097125
75 0.0000094708
76 0.0000092383
77 0.0000090143
78 0.0000087987
79 0.0000085910
80 0.0000083907
81 0.0000081977
82 0.0000080115
83 0.0000078318
84 0.0000076585
85 0.0000074911
86 0.0000073294
87 0.0000071733
88 0.0000070223
89 0.0000068765
90 0.0000067354
91 0.0000065989
92 0.0000064669
93 0.0000063391
94 0.0000062154
95 0.0000060956
96 0.0000059796
97 0.0000058672
98 0.0000057582
99 0.0000056526
100 0.0000055502
101 0.0000054508
102 0.0000053545
103 0.0000052609
104 0.0000051701
105 0.0000050820
106 0.0000049964
107 0.0000049132
108 0.0000048325
109 0.0000047539
110 0.0000046776
111 0.0000046034
112 0.0000045313
113 0.0000044611
114 0.0000043928
115 0.0000043263
116 0.0000042616
117 0.0000041986
118 0.0000041373
119 0.0000040776
120 0.0000040194
121 0.0000039627
122 0.0000039074
123 0.0000038535
124 0.0000038010
125 0.0000037498
126 0.0000036998
127 0.0000036511
128 0.0000036035
129 0.0000035571
130 0.0000035118
131 0.0000034676
132 0.0000034244
133 0.0000033822
134 0.0000033410
135 0.0000033007
136 0.0000032614
137 0.0000032229
138 0.0000031853
139 0.0000031485
140 0.0000031126
141 0.0000030774
142 0.0000030430
143 0.0000030094
144 0.0000029764
145 0.0000029442
146 0.0000029126
147 0.0000028817
148 0.0000028514
149 0.0000028218
150 0.0000027928
151 0.0000027643
152 0.0000027364
153 0.0000027091
154 0.0000026823
155 0.0000026561
156 0.0000026303
157 0.0000026051
158 0.0000025803
159 0.0000025560
160 0.0000025322
161 0.0000025088
162 0.0000024858
163 0.0000024633
164 0.0000024412
165 0.0000024195
166 0.0000023982
167 0.0000023772
168 0.0000023566
169 0.0000023364
170 0.0000023166
171 0.0000022970
172 0.0000022779
173 0.0000022590
174 0.0000022405
175 0.0000022223
176 0.0000022043
177 0.0000021867
178 0.0000021694
179 0.0000021523
180 0.0000021355
181 0.0000021190
182 0.0000021028
183 0.0000020868
184 0.0000020711
185 0.0000020556
186 0.0000020403
187 0.0000020253
188 0.0000020105
189 0.0000019959
190 0.0000019816
191 0.0000019674
192 0.0000019535
193 0.0000019398
194 0.0000019262
195 0.0000019129
196 0.0000018998
197 0.0000018868
198 0.0000018740
199 0.0000018614
200 0.0000018490
201 0.0000018368
202 0.0000018247
203 0.0000018128
204 0.0000018010
205 0.0000017894
206 0.0000017780
207 0.0000017667
208 0.0000017555
209 0.0000017445
210 0.0000017337
211 0.0000017229
212 0.0000017124
213 0.0000017019
214 0.0000016916
215 0.0000016814
216 0.0000016713
217 0.0000016614
218 0.0000016516
219 0.0000016419
220 0.0000016323
221 0.0000016228
222 0.0000016134
223 0.0000016042
224 0.0000015951
225 0.0000015860
226 0.0000015771
227 0.0000015683
228 0.0000015595
229 0.0000015509
230 0.0000015424
231 0.0000015339
232 0.0000015256
233 0.0000015174
234 0.0000015092
235 0.0000015011
236 0.0000014931
237 0.0000014852
238 0.0000014774
239 0.0000014697
240 0.0000014620
241 0.0000014545
242 0.0000014470
243 0.0000014396
244 0.0000014322
245 0.0000014250
246 0.0000014178
247 0.0000014107
248 0.0000014036
249 0.0000013966
250 0.0000013897
251 0.0000013829
252 0.0000013761
253 0.0000013694
254 0.0000013628
255 0.0000013562
256 0.0000013497
257 0.0000013432
258 0.0000013369
259 0.0000013305
260 0.0000013243
261 0.0000013180
262 0.0000013119
263 0.0000013058
264 0.0000012997
265 0.0000012938
266 0.0000012878
267 0.0000012819
268 0.0000012761
269 0.0000012703
270 0.0000012646
271 0.0000012589
272 0.0000012533
273 0.0000012477
274 0.0000012422
275 0.0000012367
276 0.0000012313
277 0.0000012259
278 0.0000012206
279 0.0000012153
280 0.0000012100
281 0.0000012048
282 0.0000011997
283 0.0000011945
284 0.0000011895
285 0.0000011844
286 0.0000011794
287 0.0000011745
288 0.0000011696
289 0.0000011647
290 0.0000011598
291 0.0000011550
292 0.0000011503
293 0.0000011456
294 0.0000011409
295 0.0000011362
296 0.0000011316
297 0.0000011270
298 0.0000011225
299 0.0000011180
300 0.0000011135
301 0.0000011091
302 0.0000011047
303 0.0000011003
304 0.0000010960
305 0.0000010917
306 0.0000010874
307 0.0000010831
308 0.0000010789
309 0.0000010747
310 0.0000010706
311 0.0000010665
312 0.0000010624
313 0.0000010583
314 0.0000010543
315 0.0000010503
316 0.0000010463
317 0.0000010424
318 0.0000010385
319 0.0000010346
320 0.0000010307
321 0.0000010269
322 0.0000010231
323 0.0000010193
324 0.0000010155
325 0.0000010118
326 0.0000010081
327 0.0000010044
328 0.0000010008
329 0.0000009972
330 0.0000009936
331 0.0000009900
332 0.0000009864
333 0.0000009829
334 0.0000009794
335 0.0000009759
336 0.0000009724
337 0.0000009690
338 0.0000009656
339 0.0000009622
340 0.0000009588
341 0.0000009555
342 0.0000009522
343 0.0000009488
344 0.0000009456
345 0.0000009423
346 0.0000009391
347 0.0000009358
348 0.0000009326
349 0.0000009295
350 0.0000009263
351 0.0000009232
352 0.0000009200
353 0.0000009169
354 0.0000009139
355 0.0000009108
356 0.0000009077
357 0.0000009047
358 0.0000009017
359 0.0000008987
360 0.0000008958
361 0.0000008928
362 0.0000008899
363 0.0000008870
364 0.0000008841
365 0.0000008812
366 0.0000008783
367 0.0000008755
368 0.0000008726
369 0.0000008698
370 0.0000008670
371 0.0000008643
372 0.0000008615
373 0.0000008588
374 0.0000008560
375 0.0000008533
376 0.0000008506
377 0.0000008479
378 0.0000008453
379 0.0000008426
380 0.0000008400
381 0.0000008374
382 0.0000008347
383 0.0000008322
384 0.0000008296
385 0.0000008270
386 0.0000008245
387 0.0000008219
388 0.0000008194
389 0.0000008169
390 0.0000008144
391 0.0000008119
392 0.0000008095
393 0.0000008070
394 0.0000008046
395 0.0000008022
396 0.0000007998
397 0.0000007974
398 0.0000007950
399 0.0000007926
400 0.0000007903
401 0.0000007879
402 0.0000007856
403 0.0000007833
404 0.0000007810
405 0.0000007787
406 0.0000007764
407 0.0000007741
408 0.0000007719
409 0.0000007696
410 0.0000007674
411 0.0000007652
412 0.0000007630
413 0.0000007608
414 0.0000007586
415 0.0000007564
416 0.0000007542
417 0.0000007521
418 0.0000007500
419 0.0000007478
420 0.0000007457
421 0.0000007436
422 0.0000007415
423 0.0000007394
424 0.0000007373
425 0.0000007353
426 0.0000007332
427 0.0000007312
428 0.0000007291
429 0.0000007271
430 0.0000007251
431 0.0000007231
432 0.0000007211
433 0.0000007191
434 0.0000007172
435 0.0000007152
436 0.0000007132
437 0.0000007113
438 0.0000007094
439 0.0000007074
440 0.0000007055
441 0.0000007036
442 0.0000007017
443 0.0000006998
444 0.0000006980
445 0.0000006961
446 0.0000006942
447 0.0000006924
448 0.0000006906
449 0.0000006887
450 0.0000006869
451 0.0000006851
452 0.0000006833
453 0.0000006815
454 0.0000006797
455 0.0000006779
456 0.0000006761
457 0.0000006744
458 0.0000006726
459 0.0000006709
460 0.0000006691
461 0.0000006674
462 0.0000006657
463 0.0000006640
464 0.0000006623
465 0.0000006606
466 0.0000006589
467 0.0000006572
468 0.0000006555
469 0.0000006539
470 0.0000006522
471 0.0000006505
472 0.0000006489
473 0.0000006473
474 0.0000006456
475 0.0000006440
476 0.0000006424
477 0.0000006408
478 0.0000006392
479 0.0000006376
480 0.0000006360
481 0.0000006345
482 0.0000006329
483 0.0000006313
484 0.0000006298
485 0.0000006282
486 0.0000006267
487 0.0000006251
488 0.0000006236
489 0.0000006221
490 0.0000006206
491 0.0000006191
492 0.0000006176
493 0.0000006161
494 0.0000006146
495 0.0000006131
496 0.0000006116
497 0.0000006102
498 0.0000006087
499 0.0000006072
500 0.0000006058
501 0.0000006043
502 0.0000006029
503 0.0000006015
504 0.0000006000
505 0.0000005986
506 0.0000005972
507 0.0000005958
508 0.0000005944
509 0.0000005930
510 0.0000005916
511 0.0000005902
512 0.0000005889
513 0.0000005875
514 0.0000005861
515 0.0000005848
516 0.0000005834
517 0.0000005821
518 0.0000005807
519 0.0000005794
520 0.0000005780
521 0.0000005767
522 0.0000005754
523 0.0000005741
524 0.0000005728
525 0.0000005715
526 0.0000005702
527 0.0000005689
528 0.0000005676
529 0.0000005663
530 0.0000005650
531 0.0000005638
532 0.0000005625
533 0.0000005612
534 0.0000005600
535 0.0000005587
536 0.0000005575
537 0.0000005562
538 0.0000005550
539 0.0000005538
540 0.0000005525
541 0.0000005513
542 0.0000005501
543 0.0000005489
544 0.0000005477
545 0.0000005465
546 0.0000005453
547 0.0000005441
548 0.0000005429
549 0.0000005417
550 0.0000005405
551 0.0000005394
552 0.0000005382
553 0.0000005370
554 0.0000005359
555 0.0000005347
556 0.0000005336
557 0.0000005324
558 0.0000005313
559 0.0000005301
560 0.0000005290
561 0.0000005279
562 0.0000005267
563 0.0000005256
564 0.0000005245
565 0.0000005234
566 0.0000005223
567 0.0000005212
568 0.0000005201
569 0.0000005190
570 0.0000005179
571 0.0000005168
572 0.0000005157
573 0.0000005147
574 0.0000005136
575 0.0000005125
576 0.0000005114
577 0.0000005104
578 0.0000005093
579 0.0000005083
580 0.0000005072
581 0.0000005062
582 0.0000005051
583 0.0000005041
584 0.0000005031
585 0.0000005020
586 0.0000005010
587 0.0000005000
588 0.0000004990
589 0.0000004979
590 0.0000004969
591 0.0000004959
592 0.0000004949
593 0.0000004939
594 0.0000004929
595 0.0000004919
596 0.0000004909
597 0.0000004899
598 0.0000004890
599 0.0000004880
600 0.0000004870
601 0.0000004860
602 0.0000004851
603 0.0000004841
604 0.0000004831
605 0.0000004822
606 0.0000004812
607 0.0000004803
608 0.0000004793
609 0.0000004784
610 0.0000004774
611 0.0000004765
612 0.0000004756
613 0.0000004746
614 0.0000004737
615 0.0000004728
616 0.0000004719
617 0.0000004709
618 0.0000004700
619 0.0000004691
620 0.0000004682
621 0.0000004673
622 0.0000004664
623 0.0000004655
624 0.0000004646
625 0.0000004637
626 0.0000004628
627 0.0000004619
628 0.0000004610
629 0.0000004602
630 0.0000004593
631 0.0000004584
632 0.0000004575
633 0.0000004567
634 0.0000004558
635 0.0000004549
636 0.0000004541
637 0.0000004532
638 0.0000004524
639 0.0000004515
640 0.0000004507
641 0.0000004498
642 0.0000004490
643 0.0000004481
644 0.0000004473
645 0.0000004465
646 0.0000004456
647 0.0000004448
648 0.0000004440
649 0.0000004431
650 0.0000004423
651 0.0000004415
652 0.0000004407
653 0.0000004399
654 0.0000004391
655 0.0000004383
656 0.0000004375
657 0.0000004367
658 0.0000004359
659 0.0000004351
660 0.0000004343
661 0.0000004335
662 0.0000004327
663 0.0000004319
664 0.0000004311
665 0.0000004303
666 0.0000004296
667 0.0000004288
668 0.0000004280
669 0.0000004272
670 0.0000004265
671 0.0000004257
672 0.0000004249
673 0.0000004242
674 0.0000004234
675 0.0000004227
676 0.0000004219
677 0.0000004212
678 0.0000004204
679 0.0000004197
680 0.0000004189
681 0.0000004182
682 0.0000004174
683 0.0000004167
684 0.0000004160
685 0.0000004152
686 0.0000004145
687 0.0000004138
688 0.0000004131
689 0.0000004123
690 0.0000004116
691 0.0000004109
692 0.0000004102
693 0.0000004095
694 0.0000004087
695 0.0000004080
696 0.0000004073
697 0.0000004066
698 0.0000004059
699 0.0000004052
700 0.0000004045
701 0.0000004038
702 0.0000004031
703 0.0000004024
704 0.0000004017
705 0.0000004011
706 0.0000004004
707 0.0000003997
708 0.0000003990
709 0.0000003983
710 0.0000003976
711 0.0000003970
712 0.0000003963
713 0.0000003956
714 0.0000003949
715 0.0000003943
716 0.0000003936
717 0.0000003929
718 0.0000003923
719 0.0000003916
720 0.0000003910
721 0.0000003903
722 0.0000003897
723 0.0000003890
724 0.0000003884
725 0.0000003877
726 0.0000003871
727 0.0000003864
728 0.0000003858
729 0.0000003851
730 0.0000003845
731 0.0000003839
732 0.0000003832
733 0.0000003826
734 0.0000003820
735 0.0000003813
736 0.0000003807
737 0.0000003801
738 0.0000003795
739 0.0000003788
740 0.0000003782
741 0.0000003776
742 0.0000003770
743 0.0000003764
744 0.0000003757
745 0.0000003751
746 0.0000003745
747 0.0000003739
748 0.0000003733
749 0.0000003727
750 0.0000003721
751 0.0000003715
752 0.0000003709
753 0.0000003703
754 0.0000003697
755 0.0000003691
756 0.0000003685
757 0.0000003679
758 0.0000003673
759 0.0000003667
760 0.0000003662
761 0.0000003656
762 0.0000003650
763 0.0000003644
764 0.0000003638
765 0.0000003633
766 0.0000003627
767 0.0000003621
768 0.0000003615
769 0.0000003610
770 0.0000003604
771 0.0000003598
772 0.0000003592
773 0.0000003587
774 0.0000003581
775 0.0000003576
776 0.0000003570
777 0.0000003564
778 0.0000003559
779 0.0000003553
780 0.0000003548
781 0.0000003542
782 0.0000003537
783 0.0000003531
784 0.0000003526
785 0.0000003520
786 0.0000003515
787 0.0000003509
788 0.0000003504
789 0.0000003498
790 0.0000003493
791 0.0000003488
792 0.0000003482
793 0.0000003477
794 0.0000003471
795 0.0000003466
796 0.0000003461
797 0.0000003456
798 0.0000003450
799 0.0000003445
800 0.0000003440
801 0.0000003434
802 0.0000003429
803 0.0000003424
804 0.0000003419
805 0.0000003414
806 0.0000003408
807 0.0000003403
808 0.0000003398
809 0.0000003393
810 0.0000003388
811 0.0000003383
812 0.0000003378
813 0.0000003372
814 0.0000003367
815 0.0000003362
816 0.0000003357
817 0.0000003352
818 0.0000003347
819 0.0000003342
820 0.0000003337
821 0.0000003332
822 0.0000003327
823 0.0000003322
824 0.0000003317
825 0.0000003312
826 0.0000003307
827 0.0000003303
828 0.0000003298
829 0.0000003293
830 0.0000003288
831 0.0000003283
832 0.0000003278
833 0.0000003273
834 0.0000003268
835 0.0000003264
836 0.0000003259
837 0.0000003254
838 0.0000003249
839 0.0000003244
840 0.0000003240
841 0.0000003235
842 0.0000003230
843 0.0000003225
844 0.0000003221
845 0.0000003216
846 0.0000003211
847 0.0000003207
848 0.0000003202
849 0.0000003197
850 0.0000003193
851 0.0000003188
852 0.0000003183
853 0.0000003179
854 0.0000003174
855 0.0000003169
856 0.0000003165
857 0.0000003160
858 0.0000003156
859 0.0000003151
860 0.0000003147
861 0.0000003142
862 0.0000003137
863 0.0000003133
864 0.0000003128
865 0.0000003124
866 0.0000003119
867 0.0000003115
868 0.0000003110
869 0.0000003106
870 0.0000003102
871 0.0000003097
872 0.0000003093
873 0.0000003088
874 0.0000003084
875 0.0000003079
876 0.0000003075
877 0.0000003071
878 0.0000003066
879 0.0000003062
880 0.0000003057
881 0.0000003053
882 0.0000003049
883 0.0000003044
884 0.0000003040
885 0.0000003036
886 0.0000003031
887 0.0000003027
888 0.0000003023
889 0.0000003019
890 0.0000003014
891 0.0000003010
892 0.0000003006
893 0.0000003001
894 0.0000002997
895 0.0000002993
896 0.0000002989
897 0.0000002985
898 0.0000002980
899 0.0000002976
900 0.0000002972
901 0.0000002968
902 0.0000002963
903 0.0000002959
904 0.0000002955
905 0.0000002951
906 0.0000002947
907 0.0000002943
908 0.0000002938
909 0.0000002934
910 0.0000002930
911 0.0000002926
912 0.0000002922
913 0.0000002918
914 0.0000002914
915 0.0000002910
916 0.0000002905
917 0.0000002901
918 0.0000002897
919 0.0000002893
920 0.0000002889
921 0.0000002885
922 0.0000002881
923 0.0000002877
924 0.0000002873
925 0.0000002869
926 0.0000002865
927 0.0000002861
928 0.0000002856
929 0.0000002852
930 0.0000002848
931 0.0000002844
932 0.0000002840
933 0.0000002836
934 0.0000002832
935 0.0000002828
936 0.0000002824
937 0.0000002820
938 0.0000002816
939 0.0000002812
940 0.0000002808
941 0.0000002804
942 0.0000002800
943 0.0000002796
944 0.0000002792
945 0.0000002788
946 0.0000002784
947 0.0000002780
948 0.0000002776
949 0.0000002771
950 0.0000002767
951 0.0000002763
952 0.0000002759
953 0.0000002755
954 0.0000002751
955 0.0000002747
956 0.0000002743
957 0.0000002739
958 0.0000002734
959 0.0000002730
960 0.0000002726
961 0.0000002722
962 0.0000002717
963 0.0000002713
964 0.0000002709
965 0.0000002704
966 0.0000002700
967 0.0000002695
968 0.0000002691
969 0.0000002686
970 0.0000002681
971 0.0000002676
972 0.0000002671
973 0.0000002666
974 0.0000002661
975 0.0000002655
976 0.0000002649
977 0.0000002643
978 0.0000002637
979 0.0000002630
980 0.0000002622
981 0.0000002613
982 0.0000002604
983 0.0000002592
984 0.0000002578
985 0.0000002560
986 0.0000002534
987 0.0000002495
988 0.0000002417
989 0.0000002154
990 0.0000000000
