0 348
0 0.9689894935
1 0.0088616961
2 0.0028852181
3 0.0017475525
4 0.0011287048
5 0.0008099742
6 0.0006289524
7 0.0005147961
8 0.0004372626
9 0.0003815544
10 0.0003395935
11 0.0003067097
12 0.0002800970
13 0.0002580043
14 0.0002392943
15 0.0002231980
16 0.0002091756
17 0.0001968345
18 0.0001858805
19 0.0001760874
20 0.0001672776
21 0.0001593088
22 0.0001520655
23 0.0001454526
24 0.0001393912
25 0.0001338149
26 0.0001286677
27 0.0001239019
28 0.0001194765
29 0.0001153564
30 0.0001115110
31 0.0001079138
32 0.0001045413
33 0.0001013732
34 0.0000983915
35 0.0000955802
36 0.0000929250
37 0.0000904134
38 0.0000880339
39 0.0000857765
40 0.0000836320
41 0.0000815920
42 0.0000796492
43 0.0000777968
44 0.0000760285
45 0.0000743389
46 0.0000727227
47 0.0000711753
48 0.0000696923
49 0.0000682699
50 0.0000669044
51 0.0000655924
52 0.0000643309
53 0.0000631170
54 0.0000619481
55 0.0000608216
56 0.0000597354
57 0.0000586873
58 0.0000576753
59 0.0000566977
60 0.0000557526
61 0.0000548385
62 0.0000539540
63 0.0000530974
64 0.0000522677
65 0.0000514635
66 0.0000506836
67 0.0000499271
68 0.0000491927
69 0.0000484797
70 0.0000477870
71 0.0000471139
72 0.0000464595
73 0.0000458229
74 0.0000452036
75 0.0000446008
76 0.0000440139
77 0.0000434422
78 0.0000428851
79 0.0000423422
80 0.0000418128
81 0.0000412965
82 0.0000407928
83 0.0000403013
84 0.0000398214
85 0.0000393528
86 0.0000388952
87 0.0000384480
88 0.0000380110
89 0.0000375839
90 0.0000371662
91 0.0000367577
92 0.0000363581
93 0.0000359671
94 0.0000355844
95 0.0000352097
96 0.0000348429
97 0.0000344836
98 0.0000341316
99 0.0000337868
100 0.0000334488
101 0.0000331176
102 0.0000327928
103 0.0000324744
104 0.0000321621
105 0.0000318557
106 0.0000315551
107 0.0000312601
108 0.0000309706
109 0.0000306864
110 0.0000304074
111 0.0000301333
112 0.0000298642
113 0.0000295999
114 0.0000293402
115 0.0000290849
116 0.0000288342
117 0.0000285876
118 0.0000283453
119 0.0000281070
120 0.0000278727
121 0.0000276423
122 0.0000274157
123 0.0000271927
124 0.0000269734
125 0.0000267575
126 0.0000265451
127 0.0000263360
128 0.0000261302
129 0.0000259276
130 0.0000257280
131 0.0000255316
132 0.0000253381
133 0.0000251475
134 0.0000249598
135 0.0000247749
136 0.0000245926
137 0.0000244130
138 0.0000242361
139 0.0000240616
140 0.0000238897
141 0.0000237202
142 0.0000235531
143 0.0000233883
144 0.0000232259
145 0.0000230656
146 0.0000229076
147 0.0000227517
148 0.0000225979
149 0.0000224462
150 0.0000222965
151 0.0000221487
152 0.0000220030
153 0.0000218591
154 0.0000217171
155 0.0000215769
156 0.0000214385
157 0.0000213019
158 0.0000211670
159 0.0000210339
160 0.0000209023
161 0.0000207724
162 0.0000206442
163 0.0000205174
164 0.0000203923
165 0.0000202686
166 0.0000201465
167 0.0000200258
168 0.0000199065
169 0.0000197886
170 0.0000196722
171 0.0000195571
172 0.0000194433
173 0.0000193309
174 0.0000192197
175 0.0000191098
176 0.0000190012
177 0.0000188938
178 0.0000187876
179 0.0000186825
180 0.0000185787
181 0.0000184760
182 0.0000183744
183 0.0000182740
184 0.0000181746
185 0.0000180763
186 0.0000179790
187 0.0000178828
188 0.0000177876
189 0.0000176935
190 0.0000176003
191 0.0000175081
192 0.0000174168
193 0.0000173265
194 0.0000172372
195 0.0000171487
196 0.0000170611
197 0.0000169745
198 0.0000168887
199 0.0000168038
200 0.0000167197
201 0.0000166364
202 0.0000165540
203 0.0000164724
204 0.0000163916
205 0.0000163116
206 0.0000162323
207 0.0000161539
208 0.0000160761
209 0.0000159992
210 0.0000159229
211 0.0000158474
212 0.0000157726
213 0.0000156985
214 0.0000156250
215 0.0000155523
216 0.0000154802
217 0.0000154088
218 0.0000153381
219 0.0000152680
220 0.0000151985
221 0.0000151297
222 0.0000150615
223 0.0000149939
224 0.0000149269
225 0.0000148605
226 0.0000147947
227 0.0000147294
228 0.0000146648
229 0.0000146007
230 0.0000145371
231 0.0000144741
232 0.0000144117
233 0.0000143498
234 0.0000142884
235 0.0000142275
236 0.0000141672
237 0.0000141073
238 0.0000140480
239 0.0000139891
240 0.0000139308
241 0.0000138729
242 0.0000138155
243 0.0000137586
244 0.0000137022
245 0.0000136462
246 0.0000135906
247 0.0000135355
248 0.0000134809
249 0.0000134267
250 0.0000133729
251 0.0000133196
252 0.0000132667
253 0.0000132142
254 0.0000131621
255 0.0000131104
256 0.0000130591
257 0.0000130082
258 0.0000129577
259 0.0000129076
260 0.0000128579
261 0.0000128086
262 0.0000127596
263 0.0000127111
264 0.0000126628
265 0.0000126150
266 0.0000125675
267 0.0000125204
268 0.0000124736
269 0.0000124271
270 0.0000123810
271 0.0000123353
272 0.0000122899
273 0.0000122448
274 0.0000122000
275 0.0000121556
276 0.0000121115
277 0.0000120677
278 0.0000120242
279 0.0000119810
280 0.0000119382
281 0.0000118956
282 0.0000118533
283 0.0000118114
284 0.0000117697
285 0.0000117284
286 0.0000116873
287 0.0000116465
288 0.0000116060
289 0.0000115657
290 0.0000115258
291 0.0000114861
292 0.0000114467
293 0.0000114075
294 0.0000113687
295 0.0000113301
296 0.0000112917
297 0.0000112536
298 0.0000112158
299 0.0000111782
300 0.0000111408
301 0.0000111038
302 0.0000110669
303 0.0000110303
304 0.0000109939
305 0.0000109578
306 0.0000109219
307 0.0000108863
308 0.0000108508
309 0.0000108156
310 0.0000107807
311 0.0000107459
312 0.0000107114
313 0.0000106771
314 0.0000106430
315 0.0000106091
316 0.0000105755
317 0.0000105420
318 0.0000105088
319 0.0000104758
320 0.0000104430
321 0.0000104103
322 0.0000103779
323 0.0000103457
324 0.0000103137
325 0.0000102819
326 0.0000102502
327 0.0000102188
328 0.0000101876
329 0.0000101565
330 0.0000101256
331 0.0000100950
332 0.0000100645
333 0.0000100341
334 0.0000100040
335 0.0000099740
336 0.0000099443
337 0.0000099147
338 0.0000098852
339 0.0000098560
340 0.0000098269
341 0.0000097980
342 0.0000097692
343 0.0000097407
344 0.0000097122
345 0.0000096840
346 0.0000096559
347 0.0000096280
348 0.0000096002
