1 2000
0 0.9935161541
1 0.0018701080
2 0.0007642957
3 0.0005217536
4 0.0003757713
5 0.0002895314
6 0.0002332100
7 0.0001932665
8 0.0001634781
9 0.0001404866
10 0.0001222606
11 0.0001074960
12 0.0000953213
13 0.0000851335
14 0.0000765025
15 0.0000691131
16 0.0000627293
17 0.0000571706
18 0.0000522968
19 0.0000479971
20 0.0000441833
21 0.0000407837
22 0.0000377401
23 0.0000350042
24 0.0000325359
25 0.0000303017
26 0.0000282732
27 0.0000264263
28 0.0000247402
29 0.0000231974
30 0.0000217825
31 0.0000204821
32 0.0000192847
33 0.0000181800
34 0.0000171592
35 0.0000162144
36 0.0000153385
37 0.0000145254
38 0.0000137695
39 0.0000130659
40 0.0000124101
41 0.0000117983
42 0.0000112267
43 0.0000106923
44 0.0000101920
45 0.0000097232
46 0.0000092836
47 0.0000088709
48 0.0000084831
49 0.0000081185
50 0.0000077754
51 0.0000074522
52 0.0000071476
53 0.0000068603
54 0.0000065890
55 0.0000063329
56 0.0000060907
57 0.0000058617
58 0.0000056449
59 0.0000054397
60 0.0000052451
61 0.0000050607
62 0.0000048857
63 0.0000047196
64 0.0000045619
65 0.0000044120
66 0.0000042695
67 0.0000041339
68 0.0000040048
69 0.0000038819
70 0.0000037648
71 0.0000036532
72 0.0000035468
73 0.0000034452
74 0.0000033482
75 0.0000032556
76 0.0000031672
77 0.0000030826
78 0.0000030017
79 0.0000029243
80 0.0000028502
81 0.0000027793
82 0.0000027113
83 0.0000026462
84 0.0000025837
85 0.0000025238
86 0.0000024663
87 0.0000024111
88 0.0000023581
89 0.0000023071
90 0.0000022582
91 0.0000022110
92 0.0000021657
93 0.0000021221
94 0.0000020801
95 0.0000020397
96 0.0000020007
97 0.0000019631
98 0.0000019269
99 0.0000018919
100 0.0000018582
101 0.0000018256
102 0.0000017942
103 0.0000017638
104 0.0000017344
105 0.0000017060
106 0.0000016785
107 0.0000016519
108 0.0000016262
109 0.0000016013
110 0.0000015771
111 0.0000015537
112 0.0000015310
113 0.0000015090
114 0.0000014877
115 0.0000014670
116 0.0000014469
117 0.0000014274
118 0.0000014084
119 0.0000013900
120 0.0000013721
121 0.0000013546
122 0.0000013377
123 0.0000013212
124 0.0000013052
125 0.0000012895
126 0.0000012743
127 0.0000012595
128 0.0000012450
129 0.0000012309
130 0.0000012172
131 0.0000012038
132 0.0000011907
133 0.0000011779
134 0.0000011654
135 0.0000011532
136 0.0000011414
137 0.0000011297
138 0.0000011184
139 0.0000011072
140 0.0000010964
141 0.0000010857
142 0.0000010753
143 0.0000010651
144 0.0000010552
145 0.0000010454
146 0.0000010358
147 0.0000010265
148 0.0000010173
149 0.0000010083
150 0.0000009995
151 0.0000009908
152 0.0000009823
153 0.0000009740
154 0.0000009658
155 0.0000009578
156 0.0000009499
157 0.0000009421
158 0.0000009345
159 0.0000009271
160 0.0000009197
161 0.0000009125
162 0.0000009054
163 0.0000008984
164 0.0000008916
165 0.0000008848
166 0.0000008782
167 0.0000008717
168 0.0000008653
169 0.0000008589
170 0.0000008527
171 0.0000008466
172 0.0000008405
173 0.0000008346
174 0.0000008288
175 0.0000008230
176 0.0000008173
177 0.0000008117
178 0.0000008062
179 0.0000008007
180 0.0000007954
181 0.0000007901
182 0.0000007849
183 0.0000007797
184 0.0000007746
185 0.0000007696
186 0.0000007647
187 0.0000007598
188 0.0000007550
189 0.0000007503
190 0.0000007456
191 0.0000007409
192 0.0000007364
193 0.0000007319
194 0.0000007274
195 0.0000007230
196 0.0000007186
197 0.0000007143
198 0.0000007101
199 0.0000007059
200 0.0000007018
201 0.0000006977
202 0.0000006936
203 0.0000006896
204 0.0000006857
205 0.0000006817
206 0.0000006779
207 0.0000006741
208 0.0000006703
209 0.0000006665
210 0.0000006628
211 0.0000006592
212 0.0000006556
213 0.0000006520
214 0.0000006484
215 0.0000006449
216 0.0000006415
217 0.0000006380
218 0.0000006346
219 0.0000006313
220 0.0000006279
221 0.0000006246
222 0.0000006214
223 0.0000006182
224 0.0000006150
225 0.0000006118
226 0.0000006087
227 0.0000006056
228 0.0000006025
229 0.0000005995
230 0.0000005964
231 0.0000005935
232 0.0000005905
233 0.0000005876
234 0.0000005847
235 0.0000005818
236 0.0000005790
237 0.0000005761
238 0.0000005733
239 0.0000005706
240 0.0000005678
241 0.0000005651
242 0.0000005624
243 0.0000005597
244 0.0000005571
245 0.0000005545
246 0.0000005519
247 0.0000005493
248 0.0000005467
249 0.0000005442
250 0.0000005417
251 0.0000005392
252 0.0000005367
253 0.0000005343
254 0.0000005319
255 0.0000005295
256 0.0000005271
257 0.0000005247
258 0.0000005224
259 0.0000005200
260 0.0000005177
261 0.0000005154
262 0.0000005132
263 0.0000005109
264 0.0000005087
265 0.0000005065
266 0.0000005043
267 0.0000005021
268 0.0000004999
269 0.0000004978
270 0.0000004957
271 0.0000004936
272 0.0000004915
273 0.0000004894
274 0.0000004873
275 0.0000004853
276 0.0000004832
277 0.0000004812
278 0.0000004792
279 0.0000004772
280 0.0000004753
281 0.0000004733
282 0.0000004714
283 0.0000004695
284 0.0000004676
285 0.0000004657
286 0.0000004638
287 0.0000004619
288 0.0000004601
289 0.0000004582
290 0.0000004564
291 0.0000004546
292 0.0000004528
293 0.0000004510
294 0.0000004492
295 0.0000004474
296 0.0000004457
297 0.0000004440
298 0.0000004422
299 0.0000004405
300 0.0000004388
301 0.0000004371
302 0.0000004355
303 0.0000004338
304 0.0000004321
305 0.0000004305
306 0.0000004289
307 0.0000004272
308 0.0000004256
309 0.0000004240
310 0.0000004224
311 0.0000004209
312 0.0000004193
313 0.0000004178
314 0.0000004162
315 0.0000004147
316 0.0000004132
317 0.0000004116
318 0.0000004101
319 0.0000004086
320 0.0000004072
321 0.0000004057
322 0.0000004042
323 0.0000004028
324 0.0000004013
325 0.0000003999
326 0.0000003985
327 0.0000003970
328 0.0000003956
329 0.0000003942
330 0.0000003928
331 0.0000003915
332 0.0000003901
333 0.0000003887
334 0.0000003874
335 0.0000003860
336 0.0000003847
337 0.0000003834
338 0.0000003820
339 0.0000003807
340 0.0000003794
341 0.0000003781
342 0.0000003768
343 0.0000003756
344 0.0000003743
345 0.0000003730
346 0.0000003718
347 0.0000003705
348 0.0000003693
349 0.0000003680
350 0.0000003668
351 0.0000003656
352 0.0000003644
353 0.0000003632
354 0.0000003620
355 0.0000003608
356 0.0000003596
357 0.0000003584
358 0.0000003573
359 0.0000003561
360 0.0000003549
361 0.0000003538
362 0.0000003526
363 0.0000003515
364 0.0000003504
365 0.0000003493
366 0.0000003481
367 0.0000003470
368 0.0000003459
369 0.0000003448
370 0.0000003437
371 0.0000003427
372 0.0000003416
373 0.0000003405
374 0.0000003394
375 0.0000003384
376 0.0000003373
377 0.0000003363
378 0.0000003352
379 0.0000003342
380 0.0000003332
381 0.0000003321
382 0.0000003311
383 0.0000003301
384 0.0000003291
385 0.0000003281
386 0.0000003271
387 0.0000003261
388 0.0000003251
389 0.0000003241
390 0.0000003232
391 0.0000003222
392 0.0000003212
393 0.0000003203
394 0.0000003193
395 0.0000003184
396 0.0000003174
397 0.0000003165
398 0.0000003155
399 0.0000003146
400 0.0000003137
401 0.0000003128
402 0.0000003119
403 0.0000003109
404 0.0000003100
405 0.0000003091
406 0.0000003082
407 0.0000003074
408 0.0000003065
409 0.0000003056
410 0.0000003047
411 0.0000003038
412 0.0000003030
413 0.0000003021
414 0.0000003012
415 0.0000003004
416 0.0000002995
417 0.0000002987
418 0.0000002978
419 0.0000002970
420 0.0000002962
421 0.0000002953
422 0.0000002945
423 0.0000002937
424 0.0000002929
425 0.0000002921
426 0.0000002913
427 0.0000002905
428 0.0000002897
429 0.0000002889
430 0.0000002881
431 0.0000002873
432 0.0000002865
433 0.0000002857
434 0.0000002849
435 0.0000002842
436 0.0000002834
437 0.0000002826
438 0.0000002819
439 0.0000002811
440 0.0000002803
441 0.0000002796
442 0.0000002788
443 0.0000002781
444 0.0000002774
445 0.0000002766
446 0.0000002759
447 0.0000002752
448 0.0000002744
449 0.0000002737
450 0.0000002730
451 0.0000002723
452 0.0000002716
453 0.0000002709
454 0.0000002701
455 0.0000002694
456 0.0000002687
457 0.0000002680
458 0.0000002674
459 0.0000002667
460 0.0000002660
461 0.0000002653
462 0.0000002646
463 0.0000002639
464 0.0000002633
465 0.0000002626
466 0.0000002619
467 0.0000002613
468 0.0000002606
469 0.0000002599
470 0.0000002593
471 0.0000002586
472 0.0000002580
473 0.0000002573
474 0.0000002567
475 0.0000002560
476 0.0000002554
477 0.0000002548
478 0.0000002541
479 0.0000002535
480 0.0000002529
481 0.0000002523
482 0.0000002516
483 0.0000002510
484 0.0000002504
485 0.0000002498
486 0.0000002492
487 0.0000002486
488 0.0000002480
489 0.0000002474
490 0.0000002468
491 0.0000002462
492 0.0000002456
493 0.0000002450
494 0.0000002444
495 0.0000002438
496 0.0000002432
497 0.0000002426
498 0.0000002420
499 0.0000002415
500 0.0000002409
501 0.0000002403
502 0.0000002397
503 0.0000002392
504 0.0000002386
505 0.0000002381
506 0.0000002375
507 0.0000002369
508 0.0000002364
509 0.0000002358
510 0.0000002353
511 0.0000002347
512 0.0000002342
513 0.0000002336
514 0.0000002331
515 0.0000002326
516 0.0000002320
517 0.0000002315
518 0.0000002309
519 0.0000002304
520 0.0000002299
521 0.0000002294
522 0.0000002288
523 0.0000002283
524 0.0000002278
525 0.0000002273
526 0.0000002268
527 0.0000002262
528 0.0000002257
529 0.0000002252
530 0.0000002247
531 0.0000002242
532 0.0000002237
533 0.0000002232
534 0.0000002227
535 0.0000002222
536 0.0000002217
537 0.0000002212
538 0.0000002207
539 0.0000002202
540 0.0000002197
541 0.0000002193
542 0.0000002188
543 0.0000002183
544 0.0000002178
545 0.0000002173
546 0.0000002169
547 0.0000002164
548 0.0000002159
549 0.0000002154
550 0.0000002150
551 0.0000002145
552 0.0000002140
553 0.0000002136
554 0.0000002131
555 0.0000002127
556 0.0000002122
557 0.0000002117
558 0.0000002113
559 0.0000002108
560 0.0000002104
561 0.0000002099
562 0.0000002095
563 0.0000002090
564 0.0000002086
565 0.0000002082
566 0.0000002077
567 0.0000002073
568 0.0000002068
569 0.0000002064
570 0.0000002060
571 0.0000002055
572 0.0000002051
573 0.0000002047
574 0.0000002042
575 0.0000002038
576 0.0000002034
577 0.0000002030
578 0.0000002026
579 0.0000002021
580 0.0000002017
581 0.0000002013
582 0.0000002009
583 0.0000002005
584 0.0000002001
585 0.0000001996
586 0.0000001992
587 0.0000001988
588 0.0000001984
589 0.0000001980
590 0.0000001976
591 0.0000001972
592 0.0000001968
593 0.0000001964
594 0.0000001960
595 0.0000001956
596 0.0000001952
597 0.0000001948
598 0.0000001944
599 0.0000001940
600 0.0000001937
601 0.0000001933
602 0.0000001929
603 0.0000001925
604 0.0000001921
605 0.0000001917
606 0.0000001914
607 0.0000001910
608 0.0000001906
609 0.0000001902
610 0.0000001898
611 0.0000001895
612 0.0000001891
613 0.0000001887
614 0.0000001884
615 0.0000001880
616 0.0000001876
617 0.0000001873
618 0.0000001869
619 0.0000001865
620 0.0000001862
621 0.0000001858
622 0.0000001854
623 0.0000001851
624 0.0000001847
625 0.0000001844
626 0.0000001840
627 0.0000001837
628 0.0000001833
629 0.0000001830
630 0.0000001826
631 0.0000001823
632 0.0000001819
633 0.0000001816
634 0.0000001812
635 0.0000001809
636 0.0000001805
637 0.0000001802
638 0.0000001798
639 0.0000001795
640 0.0000001792
641 0.0000001788
642 0.0000001785
643 0.0000001782
644 0.0000001778
645 0.0000001775
646 0.0000001772
647 0.0000001768
648 0.0000001765
649 0.0000001762
650 0.0000001758
651 0.0000001755
652 0.0000001752
653 0.0000001749
654 0.0000001745
655 0.0000001742
656 0.0000001739
657 0.0000001736
658 0.0000001733
659 0.0000001729
660 0.0000001726
661 0.0000001723
662 0.0000001720
663 0.0000001717
664 0.0000001714
665 0.0000001711
666 0.0000001707
667 0.0000001704
668 0.0000001701
669 0.0000001698
670 0.0000001695
671 0.0000001692
672 0.0000001689
673 0.0000001686
674 0.0000001683
675 0.0000001680
676 0.0000001677
677 0.0000001674
678 0.0000001671
679 0.0000001668
680 0.0000001665
681 0.0000001662
682 0.0000001659
683 0.0000001656
684 0.0000001653
685 0.0000001650
686 0.0000001647
687 0.0000001644
688 0.0000001642
689 0.0000001639
690 0.0000001636
691 0.0000001633
692 0.0000001630
693 0.0000001627
694 0.0000001624
695 0.0000001621
696 0.0000001619
697 0.0000001616
698 0.0000001613
699 0.0000001610
700 0.0000001607
701 0.0000001605
702 0.0000001602
703 0.0000001599
704 0.0000001596
705 0.0000001594
706 0.0000001591
707 0.0000001588
708 0.0000001585
709 0.0000001583
710 0.0000001580
711 0.0000001577
712 0.0000001575
713 0.0000001572
714 0.0000001569
715 0.0000001567
716 0.0000001564
717 0.0000001561
718 0.0000001559
719 0.0000001556
720 0.0000001553
721 0.0000001551
722 0.0000001548
723 0.0000001546
724 0.0000001543
725 0.0000001540
726 0.0000001538
727 0.0000001535
728 0.0000001533
729 0.0000001530
730 0.0000001528
731 0.0000001525
732 0.0000001522
733 0.0000001520
734 0.0000001517
735 0.0000001515
736 0.0000001512
737 0.0000001510
738 0.0000001507
739 0.0000001505
740 0.0000001502
741 0.0000001500
742 0.0000001497
743 0.0000001495
744 0.0000001493
745 0.0000001490
746 0.0000001488
747 0.0000001485
748 0.0000001483
749 0.0000001480
750 0.0000001478
751 0.0000001476
752 0.0000001473
753 0.0000001471
754 0.0000001469
755 0.0000001466
756 0.0000001464
757 0.0000001461
758 0.0000001459
759 0.0000001457
760 0.0000001454
761 0.0000001452
762 0.0000001450
763 0.0000001447
764 0.0000001445
765 0.0000001443
766 0.0000001441
767 0.0000001438
768 0.0000001436
769 0.0000001434
770 0.0000001431
771 0.0000001429
772 0.0000001427
773 0.0000001425
774 0.0000001422
775 0.0000001420
776 0.0000001418
777 0.0000001416
778 0.0000001413
779 0.0000001411
780 0.0000001409
781 0.0000001407
782 0.0000001405
783 0.0000001402
784 0.0000001400
785 0.0000001398
786 0.0000001396
787 0.0000001394
788 0.0000001392
789 0.0000001389
790 0.0000001387
791 0.0000001385
792 0.0000001383
793 0.0000001381
794 0.0000001379
795 0.0000001377
796 0.0000001374
797 0.0000001372
798 0.0000001370
799 0.0000001368
800 0.0000001366
801 0.0000001364
802 0.0000001362
803 0.0000001360
804 0.0000001358
805 0.0000001356
806 0.0000001354
807 0.0000001352
808 0.0000001350
809 0.0000001348
810 0.0000001345
811 0.0000001343
812 0.0000001341
813 0.0000001339
814 0.0000001337
815 0.0000001335
816 0.0000001333
817 0.0000001331
818 0.0000001329
819 0.0000001327
820 0.0000001325
821 0.0000001323
822 0.0000001321
823 0.0000001320
824 0.0000001318
825 0.0000001316
826 0.0000001314
827 0.0000001312
828 0.0000001310
829 0.0000001308
830 0.0000001306
831 0.0000001304
832 0.0000001302
833 0.0000001300
834 0.0000001298
835 0.0000001296
836 0.0000001294
837 0.0000001293
838 0.0000001291
839 0.0000001289
840 0.0000001287
841 0.0000001285
842 0.0000001283
843 0.0000001281
844 0.0000001279
845 0.0000001278
846 0.0000001276
847 0.0000001274
848 0.0000001272
849 0.0000001270
850 0.0000001268
851 0.0000001266
852 0.0000001265
853 0.0000001263
854 0.0000001261
855 0.0000001259
856 0.0000001257
857 0.0000001256
858 0.0000001254
859 0.0000001252
860 0.0000001250
861 0.0000001248
862 0.0000001247
863 0.0000001245
864 0.0000001243
865 0.0000001241
866 0.0000001240
867 0.0000001238
868 0.0000001236
869 0.0000001234
870 0.0000001233
871 0.0000001231
872 0.0000001229
873 0.0000001227
874 0.0000001226
875 0.0000001224
876 0.0000001222
877 0.0000001221
878 0.0000001219
879 0.0000001217
880 0.0000001215
881 0.0000001214
882 0.0000001212
883 0.0000001210
884 0.0000001209
885 0.0000001207
886 0.0000001205
887 0.0000001204
888 0.0000001202
889 0.0000001200
890 0.0000001199
891 0.0000001197
892 0.0000001195
893 0.0000001194
894 0.0000001192
895 0.0000001190
896 0.0000001189
897 0.0000001187
898 0.0000001186
899 0.0000001184
900 0.0000001182
901 0.0000001181
902 0.0000001179
903 0.0000001177
904 0.0000001176
905 0.0000001174
906 0.0000001173
907 0.0000001171
908 0.0000001169
909 0.0000001168
910 0.0000001166
911 0.0000001165
912 0.0000001163
913 0.0000001162
914 0.0000001160
915 0.0000001158
916 0.0000001157
917 0.0000001155
918 0.0000001154
919 0.0000001152
920 0.0000001151
921 0.0000001149
922 0.0000001148
923 0.0000001146
924 0.0000001145
925 0.0000001143
926 0.0000001141
927 0.0000001140
928 0.0000001138
929 0.0000001137
930 0.0000001135
931 0.0000001134
932 0.0000001132
933 0.0000001131
934 0.0000001129
935 0.0000001128
936 0.0000001126
937 0.0000001125
938 0.0000001124
939 0.0000001122
940 0.0000001121
941 0.0000001119
942 0.0000001118
943 0.0000001116
944 0.0000001115
945 0.0000001113
946 0.0000001112
947 0.0000001110
948 0.0000001109
949 0.0000001107
950 0.0000001106
951 0.0000001105
952 0.0000001103
953 0.0000001102
954 0.0000001100
955 0.0000001099
956 0.0000001097
957 0.0000001096
958 0.0000001095
959 0.0000001093
960 0.0000001092
961 0.0000001090
962 0.0000001089
963 0.0000001088
964 0.0000001086
965 0.0000001085
966 0.0000001083
967 0.0000001082
968 0.0000001081
969 0.0000001079
970 0.0000001078
971 0.0000001077
972 0.0000001075
973 0.0000001074
974 0.0000001072
975 0.0000001071
976 0.0000001070
977 0.0000001068
978 0.0000001067
979 0.0000001066
980 0.0000001064
981 0.0000001063
982 0.0000001062
983 0.0000001060
984 0.0000001059
985 0.0000001058
986 0.0000001056
987 0.0000001055
988 0.0000001054
989 0.0000001052
990 0.0000001051
991 0.0000001050
992 0.0000001048
993 0.0000001047
994 0.0000001046
995 0.0000001044
996 0.0000001043
997 0.0000001042
998 0.0000001041
999 0.0000001039
1000 0.0000001038
1001 0.0000001037
1002 0.0000001035
1003 0.0000001034
1004 0.0000001033
1005 0.0000001032
1006 0.0000001030
1007 0.0000001029
1008 0.0000001028
1009 0.0000001027
1010 0.0000001025
1011 0.0000001024
1012 0.0000001023
1013 0.0000001022
1014 0.0000001020
1015 0.0000001019
1016 0.0000001018
1017 0.0000001017
1018 0.0000001015
1019 0.0000001014
1020 0.0000001013
1021 0.0000001012
1022 0.0000001010
1023 0.0000001009
1024 0.0000001008
1025 0.0000001007
1026 0.0000001006
1027 0.0000001004
1028 0.0000001003
1029 0.0000001002
1030 0.0000001001
1031 0.0000000999
1032 0.0000000998
1033 0.0000000997
1034 0.0000000996
1035 0.0000000995
1036 0.0000000994
1037 0.0000000992
1038 0.0000000991
1039 0.0000000990
1040 0.0000000989
1041 0.0000000988
1042 0.0000000986
1043 0.0000000985
1044 0.0000000984
1045 0.0000000983
1046 0.0000000982
1047 0.0000000981
1048 0.0000000979
1049 0.0000000978
1050 0.0000000977
1051 0.0000000976
1052 0.0000000975
1053 0.0000000974
1054 0.0000000972
1055 0.0000000971
1056 0.0000000970
1057 0.0000000969
1058 0.0000000968
1059 0.0000000967
1060 0.0000000966
1061 0.0000000965
1062 0.0000000963
1063 0.0000000962
1064 0.0000000961
1065 0.0000000960
1066 0.0000000959
1067 0.0000000958
1068 0.0000000957
1069 0.0000000956
1070 0.0000000954
1071 0.0000000953
1072 0.0000000952
1073 0.0000000951
1074 0.0000000950
1075 0.0000000949
1076 0.0000000948
1077 0.0000000947
1078 0.0000000946
1079 0.0000000945
1080 0.0000000943
1081 0.0000000942
1082 0.0000000941
1083 0.0000000940
1084 0.0000000939
1085 0.0000000938
1086 0.0000000937
1087 0.0000000936
1088 0.0000000935
1089 0.0000000934
1090 0.0000000933
1091 0.0000000932
1092 0.0000000931
1093 0.0000000930
1094 0.0000000928
1095 0.0000000927
1096 0.0000000926
1097 0.0000000925
1098 0.0000000924
1099 0.0000000923
1100 0.0000000922
1101 0.0000000921
1102 0.0000000920
1103 0.0000000919
1104 0.0000000918
1105 0.0000000917
1106 0.0000000916
1107 0.0000000915
1108 0.0000000914
1109 0.0000000913
1110 0.0000000912
1111 0.0000000911
1112 0.0000000910
1113 0.0000000909
1114 0.0000000908
1115 0.0000000907
1116 0.0000000906
1117 0.0000000905
1118 0.0000000904
1119 0.0000000903
1120 0.0000000902
1121 0.0000000901
1122 0.0000000900
1123 0.0000000899
1124 0.0000000898
1125 0.0000000897
1126 0.0000000896
1127 0.0000000895
1128 0.0000000894
1129 0.0000000893
1130 0.0000000892
1131 0.0000000891
1132 0.0000000890
1133 0.0000000889
1134 0.0000000888
1135 0.0000000887
1136 0.0000000886
1137 0.0000000885
1138 0.0000000884
1139 0.0000000883
1140 0.0000000882
1141 0.0000000881
1142 0.0000000880
1143 0.0000000879
1144 0.0000000878
1145 0.0000000877
1146 0.0000000876
1147 0.0000000875
1148 0.0000000874
1149 0.0000000873
1150 0.0000000872
1151 0.0000000871
1152 0.0000000871
1153 0.0000000870
1154 0.0000000869
1155 0.0000000868
1156 0.0000000867
1157 0.0000000866
1158 0.0000000865
1159 0.0000000864
1160 0.0000000863
1161 0.0000000862
1162 0.0000000861
1163 0.0000000860
1164 0.0000000859
1165 0.0000000858
1166 0.0000000857
1167 0.0000000857
1168 0.0000000856
1169 0.0000000855
1170 0.0000000854
1171 0.0000000853
1172 0.0000000852
1173 0.0000000851
1174 0.0000000850
1175 0.0000000849
1176 0.0000000848
1177 0.0000000847
1178 0.0000000847
1179 0.0000000846
1180 0.0000000845
1181 0.0000000844
1182 0.0000000843
1183 0.0000000842
1184 0.0000000841
1185 0.0000000840
1186 0.0000000839
1187 0.0000000839
1188 0.0000000838
1189 0.0000000837
1190 0.0000000836
1191 0.0000000835
1192 0.0000000834
1193 0.0000000833
1194 0.0000000832
1195 0.0000000832
1196 0.0000000831
1197 0.0000000830
1198 0.0000000829
1199 0.0000000828
1200 0.0000000827
1201 0.0000000826
1202 0.0000000825
1203 0.0000000825
1204 0.0000000824
1205 0.0000000823
1206 0.0000000822
1207 0.0000000821
1208 0.0000000820
1209 0.0000000820
1210 0.0000000819
1211 0.0000000818
1212 0.0000000817
1213 0.0000000816
1214 0.0000000815
1215 0.0000000814
1216 0.0000000814
1217 0.0000000813
1218 0.0000000812
1219 0.0000000811
1220 0.0000000810
1221 0.0000000809
1222 0.0000000809
1223 0.0000000808
1224 0.0000000807
1225 0.0000000806
1226 0.0000000805
1227 0.0000000804
1228 0.0000000804
1229 0.0000000803
1230 0.0000000802
1231 0.0000000801
1232 0.0000000800
1233 0.0000000800
1234 0.0000000799
1235 0.0000000798
1236 0.0000000797
1237 0.0000000796
1238 0.0000000796
1239 0.0000000795
1240 0.0000000794
1241 0.0000000793
1242 0.0000000792
1243 0.0000000791
1244 0.0000000791
1245 0.0000000790
1246 0.0000000789
1247 0.0000000788
1248 0.0000000788
1249 0.0000000787
1250 0.0000000786
1251 0.0000000785
1252 0.0000000784
1253 0.0000000784
1254 0.0000000783
1255 0.0000000782
1256 0.0000000781
1257 0.0000000780
1258 0.0000000780
1259 0.0000000779
1260 0.0000000778
1261 0.0000000777
1262 0.0000000777
1263 0.0000000776
1264 0.0000000775
1265 0.0000000774
1266 0.0000000773
1267 0.0000000773
1268 0.0000000772
1269 0.0000000771
1270 0.0000000770
1271 0.0000000770
1272 0.0000000769
1273 0.0000000768
1274 0.0000000767
1275 0.0000000767
1276 0.0000000766
1277 0.0000000765
1278 0.0000000764
1279 0.0000000764
1280 0.0000000763
1281 0.0000000762
1282 0.0000000761
1283 0.0000000761
1284 0.0000000760
1285 0.0000000759
1286 0.0000000758
1287 0.0000000758
1288 0.0000000757
1289 0.0000000756
1290 0.0000000755
1291 0.0000000755
1292 0.0000000754
1293 0.0000000753
1294 0.0000000752
1295 0.0000000752
1296 0.0000000751
1297 0.0000000750
1298 0.0000000750
1299 0.0000000749
1300 0.0000000748
1301 0.0000000747
1302 0.0000000747
1303 0.0000000746
1304 0.0000000745
1305 0.0000000745
1306 0.0000000744
1307 0.0000000743
1308 0.0000000742
1309 0.0000000742
1310 0.0000000741
1311 0.0000000740
1312 0.0000000740
1313 0.0000000739
1314 0.0000000738
1315 0.0000000737
1316 0.0000000737
1317 0.0000000736
1318 0.0000000735
1319 0.0000000735
1320 0.0000000734
1321 0.0000000733
1322 0.0000000732
1323 0.0000000732
1324 0.0000000731
1325 0.0000000730
1326 0.0000000730
1327 0.0000000729
1328 0.0000000728
1329 0.0000000728
1330 0.0000000727
1331 0.0000000726
1332 0.0000000726
1333 0.0000000725
1334 0.0000000724
1335 0.0000000724
1336 0.0000000723
1337 0.0000000722
1338 0.0000000721
1339 0.0000000721
1340 0.0000000720
1341 0.0000000719
1342 0.0000000719
1343 0.0000000718
1344 0.0000000717
1345 0.0000000717
1346 0.0000000716
1347 0.0000000715
1348 0.0000000715
1349 0.0000000714
1350 0.0000000713
1351 0.0000000713
1352 0.0000000712
1353 0.0000000711
1354 0.0000000711
1355 0.0000000710
1356 0.0000000709
1357 0.0000000709
1358 0.0000000708
1359 0.0000000707
1360 0.0000000707
1361 0.0000000706
1362 0.0000000705
1363 0.0000000705
1364 0.0000000704
1365 0.0000000703
1366 0.0000000703
1367 0.0000000702
1368 0.0000000702
1369 0.0000000701
1370 0.0000000700
1371 0.0000000700
1372 0.0000000699
1373 0.0000000698
1374 0.0000000698
1375 0.0000000697
1376 0.0000000696
1377 0.0000000696
1378 0.0000000695
1379 0.0000000694
1380 0.0000000694
1381 0.0000000693
1382 0.0000000693
1383 0.0000000692
1384 0.0000000691
1385 0.0000000691
1386 0.0000000690
1387 0.0000000689
1388 0.0000000689
1389 0.0000000688
1390 0.0000000688
1391 0.0000000687
1392 0.0000000686
1393 0.0000000686
1394 0.0000000685
1395 0.0000000684
1396 0.0000000684
1397 0.0000000683
1398 0.0000000683
1399 0.0000000682
1400 0.0000000681
1401 0.0000000681
1402 0.0000000680
1403 0.0000000679
1404 0.0000000679
1405 0.0000000678
1406 0.0000000678
1407 0.0000000677
1408 0.0000000676
1409 0.0000000676
1410 0.0000000675
1411 0.0000000675
1412 0.0000000674
1413 0.0000000673
1414 0.0000000673
1415 0.0000000672
1416 0.0000000672
1417 0.0000000671
1418 0.0000000670
1419 0.0000000670
1420 0.0000000669
1421 0.0000000669
1422 0.0000000668
1423 0.0000000667
1424 0.0000000667
1425 0.0000000666
1426 0.0000000666
1427 0.0000000665
1428 0.0000000664
1429 0.0000000664
1430 0.0000000663
1431 0.0000000663
1432 0.0000000662
1433 0.0000000662
1434 0.0000000661
1435 0.0000000660
1436 0.0000000660
1437 0.0000000659
1438 0.0000000659
1439 0.0000000658
1440 0.0000000657
1441 0.0000000657
1442 0.0000000656
1443 0.0000000656
1444 0.0000000655
1445 0.0000000655
1446 0.0000000654
1447 0.0000000653
1448 0.0000000653
1449 0.0000000652
1450 0.0000000652
1451 0.0000000651
1452 0.0000000651
1453 0.0000000650
1454 0.0000000649
1455 0.0000000649
1456 0.0000000648
1457 0.0000000648
1458 0.0000000647
1459 0.0000000647
1460 0.0000000646
1461 0.0000000645
1462 0.0000000645
1463 0.0000000644
1464 0.0000000644
1465 0.0000000643
1466 0.0000000643
1467 0.0000000642
1468 0.0000000642
1469 0.0000000641
1470 0.0000000640
1471 0.0000000640
1472 0.0000000639
1473 0.0000000639
1474 0.0000000638
1475 0.0000000638
1476 0.0000000637
1477 0.0000000637
1478 0.0000000636
1479 0.0000000635
1480 0.0000000635
1481 0.0000000634
1482 0.0000000634
1483 0.0000000633
1484 0.0000000633
1485 0.0000000632
1486 0.0000000632
1487 0.0000000631
1488 0.0000000631
1489 0.0000000630
1490 0.0000000630
1491 0.0000000629
1492 0.0000000628
1493 0.0000000628
1494 0.0000000627
1495 0.0000000627
1496 0.0000000626
1497 0.0000000626
1498 0.0000000625
1499 0.0000000625
1500 0.0000000624
1501 0.0000000624
1502 0.0000000623
1503 0.0000000623
1504 0.0000000622
1505 0.0000000622
1506 0.0000000621
1507 0.0000000620
1508 0.0000000620
1509 0.0000000619
1510 0.0000000619
1511 0.0000000618
1512 0.0000000618
1513 0.0000000617
1514 0.0000000617
1515 0.0000000616
1516 0.0000000616
1517 0.0000000615
1518 0.0000000615
1519 0.0000000614
1520 0.0000000614
1521 0.0000000613
1522 0.0000000613
1523 0.0000000612
1524 0.0000000612
1525 0.0000000611
1526 0.0000000611
1527 0.0000000610
1528 0.0000000610
1529 0.0000000609
1530 0.0000000609
1531 0.0000000608
1532 0.0000000608
1533 0.0000000607
1534 0.0000000607
1535 0.0000000606
1536 0.0000000606
1537 0.0000000605
1538 0.0000000605
1539 0.0000000604
1540 0.0000000604
1541 0.0000000603
1542 0.0000000603
1543 0.0000000602
1544 0.0000000602
1545 0.0000000601
1546 0.0000000601
1547 0.0000000600
1548 0.0000000600
1549 0.0000000599
1550 0.0000000599
1551 0.0000000598
1552 0.0000000598
1553 0.0000000597
1554 0.0000000597
1555 0.0000000596
1556 0.0000000596
1557 0.0000000595
1558 0.0000000595
1559 0.0000000594
1560 0.0000000594
1561 0.0000000593
1562 0.0000000593
1563 0.0000000592
1564 0.0000000592
1565 0.0000000591
1566 0.0000000591
1567 0.0000000590
1568 0.0000000590
1569 0.0000000589
1570 0.0000000589
1571 0.0000000588
1572 0.0000000588
1573 0.0000000587
1574 0.0000000587
1575 0.0000000586
1576 0.0000000586
1577 0.0000000586
1578 0.0000000585
1579 0.0000000585
1580 0.0000000584
1581 0.0000000584
1582 0.0000000583
1583 0.0000000583
1584 0.0000000582
1585 0.0000000582
1586 0.0000000581
1587 0.0000000581
1588 0.0000000580
1589 0.0000000580
1590 0.0000000579
1591 0.0000000579
1592 0.0000000578
1593 0.0000000578
1594 0.0000000578
1595 0.0000000577
1596 0.0000000577
1597 0.0000000576
1598 0.0000000576
1599 0.0000000575
1600 0.0000000575
1601 0.0000000574
1602 0.0000000574
1603 0.0000000573
1604 0.0000000573
1605 0.0000000572
1606 0.0000000572
1607 0.0000000572
1608 0.0000000571
1609 0.0000000571
1610 0.0000000570
1611 0.0000000570
1612 0.0000000569
1613 0.0000000569
1614 0.0000000568
1615 0.0000000568
1616 0.0000000567
1617 0.0000000567
1618 0.0000000567
1619 0.0000000566
1620 0.0000000566
1621 0.0000000565
1622 0.0000000565
1623 0.0000000564
1624 0.0000000564
1625 0.0000000563
1626 0.0000000563
1627 0.0000000562
1628 0.0000000562
1629 0.0000000562
1630 0.0000000561
1631 0.0000000561
1632 0.0000000560
1633 0.0000000560
1634 0.0000000559
1635 0.0000000559
1636 0.0000000558
1637 0.0000000558
1638 0.0000000558
1639 0.0000000557
1640 0.0000000557
1641 0.0000000556
1642 0.0000000556
1643 0.0000000555
1644 0.0000000555
1645 0.0000000555
1646 0.0000000554
1647 0.0000000554
1648 0.0000000553
1649 0.0000000553
1650 0.0000000552
1651 0.0000000552
1652 0.0000000552
1653 0.0000000551
1654 0.0000000551
1655 0.0000000550
1656 0.0000000550
1657 0.0000000549
1658 0.0000000549
1659 0.0000000548
1660 0.0000000548
1661 0.0000000548
1662 0.0000000547
1663 0.0000000547
1664 0.0000000546
1665 0.0000000546
1666 0.0000000546
1667 0.0000000545
1668 0.0000000545
1669 0.0000000544
1670 0.0000000544
1671 0.0000000543
1672 0.0000000543
1673 0.0000000543
1674 0.0000000542
1675 0.0000000542
1676 0.0000000541
1677 0.0000000541
1678 0.0000000540
1679 0.0000000540
1680 0.0000000540
1681 0.0000000539
1682 0.0000000539
1683 0.0000000538
1684 0.0000000538
1685 0.0000000538
1686 0.0000000537
1687 0.0000000537
1688 0.0000000536
1689 0.0000000536
1690 0.0000000535
1691 0.0000000535
1692 0.0000000535
1693 0.0000000534
1694 0.0000000534
1695 0.0000000533
1696 0.0000000533
1697 0.0000000533
1698 0.0000000532
1699 0.0000000532
1700 0.0000000531
1701 0.0000000531
1702 0.0000000531
1703 0.0000000530
1704 0.0000000530
1705 0.0000000529
1706 0.0000000529
1707 0.0000000529
1708 0.0000000528
1709 0.0000000528
1710 0.0000000527
1711 0.0000000527
1712 0.0000000526
1713 0.0000000526
1714 0.0000000526
1715 0.0000000525
1716 0.0000000525
1717 0.0000000524
1718 0.0000000524
1719 0.0000000524
1720 0.0000000523
1721 0.0000000523
1722 0.0000000522
1723 0.0000000522
1724 0.0000000522
1725 0.0000000521
1726 0.0000000521
1727 0.0000000521
1728 0.0000000520
1729 0.0000000520
1730 0.0000000519
1731 0.0000000519
1732 0.0000000519
1733 0.0000000518
1734 0.0000000518
1735 0.0000000517
1736 0.0000000517
1737 0.0000000517
1738 0.0000000516
1739 0.0000000516
1740 0.0000000515
1741 0.0000000515
1742 0.0000000515
1743 0.0000000514
1744 0.0000000514
1745 0.0000000513
1746 0.0000000513
1747 0.0000000513
1748 0.0000000512
1749 0.0000000512
1750 0.0000000512
1751 0.0000000511
1752 0.0000000511
1753 0.0000000510
1754 0.0000000510
1755 0.0000000510
1756 0.0000000509
1757 0.0000000509
1758 0.0000000508
1759 0.0000000508
1760 0.0000000508
1761 0.0000000507
1762 0.0000000507
1763 0.0000000507
1764 0.0000000506
1765 0.0000000506
1766 0.0000000505
1767 0.0000000505
1768 0.0000000505
1769 0.0000000504
1770 0.0000000504
1771 0.0000000503
1772 0.0000000503
1773 0.0000000503
1774 0.0000000502
1775 0.0000000502
1776 0.0000000502
1777 0.0000000501
1778 0.0000000501
1779 0.0000000500
1780 0.0000000500
1781 0.0000000500
1782 0.0000000499
1783 0.0000000499
1784 0.0000000499
1785 0.0000000498
1786 0.0000000498
1787 0.0000000497
1788 0.0000000497
1789 0.0000000497
1790 0.0000000496
1791 0.0000000496
1792 0.0000000496
1793 0.0000000495
1794 0.0000000495
1795 0.0000000494
1796 0.0000000494
1797 0.0000000494
1798 0.0000000493
1799 0.0000000493
1800 0.0000000493
1801 0.0000000492
1802 0.0000000492
1803 0.0000000491
1804 0.0000000491
1805 0.0000000491
1806 0.0000000490
1807 0.0000000490
1808 0.0000000490
1809 0.0000000489
1810 0.0000000489
1811 0.0000000489
1812 0.0000000488
1813 0.0000000488
1814 0.0000000487
1815 0.0000000487
1816 0.0000000487
1817 0.0000000486
1818 0.0000000486
1819 0.0000000486
1820 0.0000000485
1821 0.0000000485
1822 0.0000000484
1823 0.0000000484
1824 0.0000000484
1825 0.0000000483
1826 0.0000000483
1827 0.0000000483
1828 0.0000000482
1829 0.0000000482
1830 0.0000000482
1831 0.0000000481
1832 0.0000000481
1833 0.0000000480
1834 0.0000000480
1835 0.0000000480
1836 0.0000000479
1837 0.0000000479
1838 0.0000000479
1839 0.0000000478
1840 0.0000000478
1841 0.0000000478
1842 0.0000000477
1843 0.0000000477
1844 0.0000000476
1845 0.0000000476
1846 0.0000000476
1847 0.0000000475
1848 0.0000000475
1849 0.0000000475
1850 0.0000000474
1851 0.0000000474
1852 0.0000000474
1853 0.0000000473
1854 0.0000000473
1855 0.0000000472
1856 0.0000000472
1857 0.0000000472
1858 0.0000000471
1859 0.0000000471
1860 0.0000000471
1861 0.0000000470
1862 0.0000000470
1863 0.0000000470
1864 0.0000000469
1865 0.0000000469
1866 0.0000000468
1867 0.0000000468
1868 0.0000000468
1869 0.0000000467
1870 0.0000000467
1871 0.0000000467
1872 0.0000000466
1873 0.0000000466
1874 0.0000000465
1875 0.0000000465
1876 0.0000000465
1877 0.0000000464
1878 0.0000000464
1879 0.0000000464
1880 0.0000000463
1881 0.0000000463
1882 0.0000000463
1883 0.0000000462
1884 0.0000000462
1885 0.0000000461
1886 0.0000000461
1887 0.0000000461
1888 0.0000000460
1889 0.0000000460
1890 0.0000000460
1891 0.0000000459
1892 0.0000000459
1893 0.0000000458
1894 0.0000000458
1895 0.0000000458
1896 0.0000000457
1897 0.0000000457
1898 0.0000000457
1899 0.0000000456
1900 0.0000000456
1901 0.0000000455
1902 0.0000000455
1903 0.0000000455
1904 0.0000000454
1905 0.0000000454
1906 0.0000000454
1907 0.0000000453
1908 0.0000000453
1909 0.0000000452
1910 0.0000000452
1911 0.0000000452
1912 0.0000000451
1913 0.0000000451
1914 0.0000000450
1915 0.0000000450
1916 0.0000000450
1917 0.0000000449
1918 0.0000000449
1919 0.0000000448
1920 0.0000000448
1921 0.0000000448
1922 0.0000000447
1923 0.0000000447
1924 0.0000000446
1925 0.0000000446
1926 0.0000000446
1927 0.0000000445
1928 0.0000000445
1929 0.0000000444
1930 0.0000000444
1931 0.0000000444
1932 0.0000000443
1933 0.0000000443
1934 0.0000000442
1935 0.0000000442
1936 0.0000000442
1937 0.0000000441
1938 0.0000000441
1939 0.0000000440
1940 0.0000000440
1941 0.0000000439
1942 0.0000000439
1943 0.0000000438
1944 0.0000000438
1945 0.0000000438
1946 0.0000000437
1947 0.0000000437
1948 0.0000000436
1949 0.0000000436
1950 0.0000000435
1951 0.0000000435
1952 0.0000000434
1953 0.0000000434
1954 0.0000000433
1955 0.0000000433
1956 0.0000000432
1957 0.0000000432
1958 0.0000000431
1959 0.0000000431
1960 0.0000000430
1961 0.0000000430
1962 0.0000000429
1963 0.0000000429
1964 0.0000000428
1965 0.0000000428
1966 0.0000000427
1967 0.0000000427
1968 0.0000000426
1969 0.0000000426
1970 0.0000000425
1971 0.0000000425
1972 0.0000000424
1973 0.0000000423
1974 0.0000000423
1975 0.0000000422
1976 0.0000000422
1977 0.0000000421
1978 0.0000000420
1979 0.0000000420
1980 0.0000000419
1981 0.0000000418
1982 0.0000000417
1983 0.0000000417
1984 0.0000000416
1985 0.0000000415
1986 0.0000000414
1987 0.0000000413
1988 0.0000000412
1989 0.0000000411
1990 0.0000000410
1991 0.0000000408
1992 0.0000000407
1993 0.0000000405
1994 0.0000000403
1995 0.0000000400
1996 0.0000000396
1997 0.0000000390
1998 0.0000000378
1999 0.0000000336
2000 0.0000000000
