0 288
0 0.9687382519
1 0.0079387592
2 0.0027507018
3 0.0017361706
4 0.0011715576
5 0.0008708679
6 0.0006933489
7 0.0005772124
8 0.0004957368
9 0.0004355823
10 0.0003892940
11 0.0003524472
12 0.0003223048
13 0.0002971058
14 0.0002756715
15 0.0002571833
16 0.0002410528
17 0.0002268445
18 0.0002142274
19 0.0002029448
20 0.0001927936
21 0.0001836109
22 0.0001752637
23 0.0001676427
24 0.0001606570
25 0.0001542303
26 0.0001482979
27 0.0001428050
28 0.0001377045
29 0.0001329558
30 0.0001285236
31 0.0001243774
32 0.0001204903
33 0.0001168388
34 0.0001134022
35 0.0001101618
36 0.0001071015
37 0.0001042066
38 0.0001014641
39 0.0000988622
40 0.0000963904
41 0.0000940392
42 0.0000918000
43 0.0000896649
44 0.0000876268
45 0.0000856793
46 0.0000838165
47 0.0000820330
48 0.0000803238
49 0.0000786843
50 0.0000771104
51 0.0000755983
52 0.0000741443
53 0.0000727451
54 0.0000713978
55 0.0000700995
56 0.0000688475
57 0.0000676395
58 0.0000664731
59 0.0000653463
60 0.0000642570
61 0.0000632034
62 0.0000621839
63 0.0000611966
64 0.0000602403
65 0.0000593133
66 0.0000584145
67 0.0000575425
68 0.0000566961
69 0.0000558743
70 0.0000550759
71 0.0000543000
72 0.0000535457
73 0.0000528121
74 0.0000520982
75 0.0000514034
76 0.0000507269
77 0.0000500680
78 0.0000494259
79 0.0000488001
80 0.0000481900
81 0.0000475949
82 0.0000470143
83 0.0000464478
84 0.0000458947
85 0.0000453546
86 0.0000448271
87 0.0000443117
88 0.0000438080
89 0.0000433156
90 0.0000428342
91 0.0000423634
92 0.0000419028
93 0.0000414521
94 0.0000410110
95 0.0000405791
96 0.0000401563
97 0.0000397422
98 0.0000393365
99 0.0000389390
100 0.0000385495
101 0.0000381677
102 0.0000377934
103 0.0000374263
104 0.0000370663
105 0.0000367132
106 0.0000363667
107 0.0000360267
108 0.0000356930
109 0.0000353654
110 0.0000350438
111 0.0000347279
112 0.0000344177
113 0.0000341130
114 0.0000338137
115 0.0000335195
116 0.0000332304
117 0.0000329463
118 0.0000326670
119 0.0000323923
120 0.0000321222
121 0.0000318566
122 0.0000315954
123 0.0000313384
124 0.0000310856
125 0.0000308368
126 0.0000305919
127 0.0000303509
128 0.0000301136
129 0.0000298801
130 0.0000296501
131 0.0000294237
132 0.0000292006
133 0.0000289810
134 0.0000287646
135 0.0000285514
136 0.0000283413
137 0.0000281343
138 0.0000279303
139 0.0000277293
140 0.0000275311
141 0.0000273357
142 0.0000271431
143 0.0000269531
144 0.0000267658
145 0.0000265811
146 0.0000263989
147 0.0000262192
148 0.0000260419
149 0.0000258670
150 0.0000256945
151 0.0000255242
152 0.0000253561
153 0.0000251903
154 0.0000250266
155 0.0000248650
156 0.0000247055
157 0.0000245480
158 0.0000243925
159 0.0000242390
160 0.0000240874
161 0.0000239376
162 0.0000237897
163 0.0000236437
164 0.0000234994
165 0.0000233568
166 0.0000232160
167 0.0000230769
168 0.0000229394
169 0.0000228035
170 0.0000226692
171 0.0000225365
172 0.0000224054
173 0.0000222757
174 0.0000221476
175 0.0000220209
176 0.0000218957
177 0.0000217718
178 0.0000216494
179 0.0000215283
180 0.0000214086
181 0.0000212902
182 0.0000211731
183 0.0000210572
184 0.0000209427
185 0.0000208293
186 0.0000207172
187 0.0000206063
188 0.0000204965
189 0.0000203880
190 0.0000202805
191 0.0000201742
192 0.0000200690
193 0.0000199649
194 0.0000198618
195 0.0000197599
196 0.0000196589
197 0.0000195590
198 0.0000194601
199 0.0000193621
200 0.0000192652
201 0.0000191692
202 0.0000190741
203 0.0000189800
204 0.0000188869
205 0.0000187946
206 0.0000187032
207 0.0000186127
208 0.0000185231
209 0.0000184343
210 0.0000183464
211 0.0000182593
212 0.0000181730
213 0.0000180876
214 0.0000180029
215 0.0000179190
216 0.0000178359
217 0.0000177536
218 0.0000176720
219 0.0000175911
220 0.0000175110
221 0.0000174316
222 0.0000173529
223 0.0000172750
224 0.0000171977
225 0.0000171211
226 0.0000170452
227 0.0000169699
228 0.0000168954
229 0.0000168214
230 0.0000167481
231 0.0000166755
232 0.0000166034
233 0.0000165320
234 0.0000164612
235 0.0000163910
236 0.0000163213
237 0.0000162523
238 0.0000161838
239 0.0000161160
240 0.0000160486
241 0.0000159819
242 0.0000159157
243 0.0000158500
244 0.0000157848
245 0.0000157202
246 0.0000156562
247 0.0000155926
248 0.0000155295
249 0.0000154670
250 0.0000154049
251 0.0000153434
252 0.0000152823
253 0.0000152217
254 0.0000151616
255 0.0000151019
256 0.0000150427
257 0.0000149840
258 0.0000149257
259 0.0000148679
260 0.0000148105
261 0.0000147536
262 0.0000146970
263 0.0000146410
264 0.0000145853
265 0.0000145300
266 0.0000144752
267 0.0000144208
268 0.0000143668
269 0.0000143131
270 0.0000142599
271 0.0000142070
272 0.0000141546
273 0.0000141025
274 0.0000140508
275 0.0000139995
276 0.0000139485
277 0.0000138980
278 0.0000138477
279 0.0000137978
280 0.0000137483
281 0.0000136991
282 0.0000136503
283 0.0000136018
284 0.0000135537
285 0.0000135059
286 0.0000134584
287 0.0000134112
288 0.0000133644
