1 348
0 0.9813456471
1 0.0073637946
2 0.0022864553
3 0.0013481679
4 0.0008635040
5 0.0006137317
6 0.0004688538
7 0.0003754904
8 0.0003109559
9 0.0002640386
10 0.0002285392
11 0.0002007982
12 0.0001785486
13 0.0001603247
14 0.0001451400
15 0.0001323069
16 0.0001213309
17 0.0001118472
18 0.0001035802
19 0.0000963180
20 0.0000898946
21 0.0000841783
22 0.0000790631
23 0.0000744629
24 0.0000703070
25 0.0000665368
26 0.0000631032
27 0.0000599653
28 0.0000570879
29 0.0000544416
30 0.0000520007
31 0.0000497433
32 0.0000476505
33 0.0000457056
34 0.0000438944
35 0.0000422040
36 0.0000406234
37 0.0000391427
38 0.0000377532
39 0.0000364471
40 0.0000352174
41 0.0000340579
42 0.0000329632
43 0.0000319281
44 0.0000309482
45 0.0000300193
46 0.0000291378
47 0.0000283004
48 0.0000275039
49 0.0000267455
50 0.0000260227
51 0.0000253333
52 0.0000246750
53 0.0000240458
54 0.0000234441
55 0.0000228680
56 0.0000223162
57 0.0000217871
58 0.0000212794
59 0.0000207920
60 0.0000203237
61 0.0000198734
62 0.0000194403
63 0.0000190233
64 0.0000186216
65 0.0000182345
66 0.0000178612
67 0.0000175010
68 0.0000171532
69 0.0000168174
70 0.0000164928
71 0.0000161789
72 0.0000158754
73 0.0000155816
74 0.0000152972
75 0.0000150217
76 0.0000147547
77 0.0000144959
78 0.0000142450
79 0.0000140015
80 0.0000137651
81 0.0000135357
82 0.0000133128
83 0.0000130962
84 0.0000128857
85 0.0000126811
86 0.0000124821
87 0.0000122884
88 0.0000120999
89 0.0000119164
90 0.0000117377
91 0.0000115637
92 0.0000113941
93 0.0000112288
94 0.0000110676
95 0.0000109104
96 0.0000107571
97 0.0000106075
98 0.0000104615
99 0.0000103190
100 0.0000101798
101 0.0000100439
102 0.0000099111
103 0.0000097813
104 0.0000096545
105 0.0000095305
106 0.0000094093
107 0.0000092908
108 0.0000091748
109 0.0000090613
110 0.0000089503
111 0.0000088416
112 0.0000087352
113 0.0000086311
114 0.0000085290
115 0.0000084291
116 0.0000083312
117 0.0000082352
118 0.0000081412
119 0.0000080490
120 0.0000079587
121 0.0000078701
122 0.0000077832
123 0.0000076980
124 0.0000076143
125 0.0000075323
126 0.0000074518
127 0.0000073728
128 0.0000072952
129 0.0000072191
130 0.0000071443
131 0.0000070709
132 0.0000069988
133 0.0000069279
134 0.0000068583
135 0.0000067899
136 0.0000067227
137 0.0000066567
138 0.0000065917
139 0.0000065279
140 0.0000064652
141 0.0000064034
142 0.0000063428
143 0.0000062831
144 0.0000062244
145 0.0000061666
146 0.0000061098
147 0.0000060538
148 0.0000059988
149 0.0000059446
150 0.0000058913
151 0.0000058388
152 0.0000057872
153 0.0000057363
154 0.0000056862
155 0.0000056368
156 0.0000055882
157 0.0000055403
158 0.0000054932
159 0.0000054467
160 0.0000054009
161 0.0000053558
162 0.0000053113
163 0.0000052675
164 0.0000052243
165 0.0000051817
166 0.0000051398
167 0.0000050984
168 0.0000050576
169 0.0000050173
170 0.0000049776
171 0.0000049385
172 0.0000048999
173 0.0000048618
174 0.0000048242
175 0.0000047872
176 0.0000047506
177 0.0000047145
178 0.0000046789
179 0.0000046438
180 0.0000046091
181 0.0000045748
182 0.0000045410
183 0.0000045077
184 0.0000044747
185 0.0000044422
186 0.0000044101
187 0.0000043784
188 0.0000043471
189 0.0000043162
190 0.0000042856
191 0.0000042555
192 0.0000042257
193 0.0000041962
194 0.0000041672
195 0.0000041384
196 0.0000041101
197 0.0000040820
198 0.0000040543
199 0.0000040269
200 0.0000039998
201 0.0000039731
202 0.0000039466
203 0.0000039205
204 0.0000038946
205 0.0000038691
206 0.0000038438
207 0.0000038189
208 0.0000037942
209 0.0000037698
210 0.0000037456
211 0.0000037218
212 0.0000036982
213 0.0000036748
214 0.0000036517
215 0.0000036289
216 0.0000036063
217 0.0000035839
218 0.0000035618
219 0.0000035400
220 0.0000035183
221 0.0000034969
222 0.0000034757
223 0.0000034547
224 0.0000034340
225 0.0000034135
226 0.0000033931
227 0.0000033730
228 0.0000033531
229 0.0000033334
230 0.0000033139
231 0.0000032946
232 0.0000032755
233 0.0000032566
234 0.0000032378
235 0.0000032193
236 0.0000032009
237 0.0000031827
238 0.0000031647
239 0.0000031469
240 0.0000031292
241 0.0000031118
242 0.0000030944
243 0.0000030773
244 0.0000030603
245 0.0000030435
246 0.0000030268
247 0.0000030103
248 0.0000029939
249 0.0000029777
250 0.0000029617
251 0.0000029458
252 0.0000029300
253 0.0000029144
254 0.0000028989
255 0.0000028836
256 0.0000028684
257 0.0000028533
258 0.0000028384
259 0.0000028236
260 0.0000028089
261 0.0000027944
262 0.0000027800
263 0.0000027657
264 0.0000027516
265 0.0000027375
266 0.0000027236
267 0.0000027098
268 0.0000026961
269 0.0000026826
270 0.0000026691
271 0.0000026558
272 0.0000026426
273 0.0000026295
274 0.0000026165
275 0.0000026036
276 0.0000025908
277 0.0000025781
278 0.0000025656
279 0.0000025531
280 0.0000025407
281 0.0000025284
282 0.0000025162
283 0.0000025041
284 0.0000024922
285 0.0000024803
286 0.0000024684
287 0.0000024567
288 0.0000024451
289 0.0000024336
290 0.0000024221
291 0.0000024107
292 0.0000023995
293 0.0000023883
294 0.0000023771
295 0.0000023661
296 0.0000023551
297 0.0000023443
298 0.0000023334
299 0.0000023227
300 0.0000023120
301 0.0000023015
302 0.0000022909
303 0.0000022805
304 0.0000022701
305 0.0000022598
306 0.0000022495
307 0.0000022393
308 0.0000022292
309 0.0000022191
310 0.0000022090
311 0.0000021991
312 0.0000021891
313 0.0000021793
314 0.0000021694
315 0.0000021596
316 0.0000021499
317 0.0000021402
318 0.0000021305
319 0.0000021208
320 0.0000021112
321 0.0000021015
322 0.0000020919
323 0.0000020823
324 0.0000020726
325 0.0000020630
326 0.0000020533
327 0.0000020436
328 0.0000020338
329 0.0000020240
330 0.0000020140
331 0.0000020039
332 0.0000019937
333 0.0000019832
334 0.0000019724
335 0.0000019614
336 0.0000019498
337 0.0000019377
338 0.0000019249
339 0.0000019110
340 0.0000018958
341 0.0000018787
342 0.0000018590
343 0.0000018352
344 0.0000018049
345 0.0000017641
346 0.0000016947
347 0.0000014974
348 0.0000000000
