0 614
0 0.9737023819
1 0.0090732667
2 0.0027232095
3 0.0015490522
4 0.0009279227
5 0.0006219708
6 0.0004579794
7 0.0003607750
8 0.0002986559
9 0.0002564501
10 0.0002261162
11 0.0002031760
12 0.0001850603
13 0.0001702506
14 0.0001578170
15 0.0001471670
16 0.0001379061
17 0.0001297595
18 0.0001225284
19 0.0001160625
20 0.0001102453
21 0.0001049837
22 0.0001002020
23 0.0000958378
24 0.0000918390
25 0.0000881614
26 0.0000847681
27 0.0000816271
28 0.0000787112
29 0.0000759968
30 0.0000734638
31 0.0000710944
32 0.0000688731
33 0.0000667865
34 0.0000648226
35 0.0000629708
36 0.0000612219
37 0.0000595674
38 0.0000579999
39 0.0000565128
40 0.0000551000
41 0.0000537561
42 0.0000524761
43 0.0000512557
44 0.0000500907
45 0.0000489775
46 0.0000479127
47 0.0000468932
48 0.0000459162
49 0.0000449791
50 0.0000440794
51 0.0000432150
52 0.0000423839
53 0.0000415842
54 0.0000408140
55 0.0000400719
56 0.0000393563
57 0.0000386658
58 0.0000379991
59 0.0000373550
60 0.0000367324
61 0.0000361302
62 0.0000355474
63 0.0000349831
64 0.0000344365
65 0.0000339067
66 0.0000333929
67 0.0000328945
68 0.0000324107
69 0.0000319409
70 0.0000314846
71 0.0000310411
72 0.0000306100
73 0.0000301906
74 0.0000297826
75 0.0000293855
76 0.0000289988
77 0.0000286221
78 0.0000282552
79 0.0000278975
80 0.0000275487
81 0.0000272086
82 0.0000268767
83 0.0000265529
84 0.0000262368
85 0.0000259281
86 0.0000256265
87 0.0000253320
88 0.0000250441
89 0.0000247626
90 0.0000244875
91 0.0000242184
92 0.0000239551
93 0.0000236975
94 0.0000234453
95 0.0000231985
96 0.0000229568
97 0.0000227202
98 0.0000224883
99 0.0000222611
100 0.0000220385
101 0.0000218202
102 0.0000216063
103 0.0000213965
104 0.0000211907
105 0.0000209889
106 0.0000207909
107 0.0000205965
108 0.0000204058
109 0.0000202186
110 0.0000200347
111 0.0000198542
112 0.0000196769
113 0.0000195028
114 0.0000193317
115 0.0000191635
116 0.0000189983
117 0.0000188359
118 0.0000186763
119 0.0000185193
120 0.0000183649
121 0.0000182132
122 0.0000180638
123 0.0000179170
124 0.0000177724
125 0.0000176302
126 0.0000174903
127 0.0000173526
128 0.0000172170
129 0.0000170835
130 0.0000169520
131 0.0000168226
132 0.0000166952
133 0.0000165696
134 0.0000164459
135 0.0000163241
136 0.0000162040
137 0.0000160857
138 0.0000159692
139 0.0000158543
140 0.0000157410
141 0.0000156293
142 0.0000155192
143 0.0000154107
144 0.0000153037
145 0.0000151981
146 0.0000150940
147 0.0000149913
148 0.0000148900
149 0.0000147900
150 0.0000146914
151 0.0000145941
152 0.0000144981
153 0.0000144033
154 0.0000143097
155 0.0000142174
156 0.0000141262
157 0.0000140362
158 0.0000139474
159 0.0000138596
160 0.0000137730
161 0.0000136874
162 0.0000136029
163 0.0000135195
164 0.0000134370
165 0.0000133555
166 0.0000132751
167 0.0000131956
168 0.0000131170
169 0.0000130394
170 0.0000129626
171 0.0000128868
172 0.0000128119
173 0.0000127378
174 0.0000126646
175 0.0000125922
176 0.0000125206
177 0.0000124499
178 0.0000123799
179 0.0000123107
180 0.0000122423
181 0.0000121747
182 0.0000121078
183 0.0000120416
184 0.0000119761
185 0.0000119114
186 0.0000118473
187 0.0000117839
188 0.0000117212
189 0.0000116592
190 0.0000115978
191 0.0000115371
192 0.0000114770
193 0.0000114175
194 0.0000113586
195 0.0000113003
196 0.0000112427
197 0.0000111856
198 0.0000111291
199 0.0000110731
200 0.0000110178
201 0.0000109629
202 0.0000109086
203 0.0000108549
204 0.0000108017
205 0.0000107490
206 0.0000106968
207 0.0000106451
208 0.0000105939
209 0.0000105432
210 0.0000104929
211 0.0000104432
212 0.0000103939
213 0.0000103451
214 0.0000102967
215 0.0000102488
216 0.0000102014
217 0.0000101544
218 0.0000101077
219 0.0000100616
220 0.0000100158
221 0.0000099705
222 0.0000099256
223 0.0000098810
224 0.0000098369
225 0.0000097932
226 0.0000097498
227 0.0000097069
228 0.0000096643
229 0.0000096221
230 0.0000095802
231 0.0000095387
232 0.0000094976
233 0.0000094568
234 0.0000094164
235 0.0000093763
236 0.0000093365
237 0.0000092971
238 0.0000092581
239 0.0000092193
240 0.0000091809
241 0.0000091428
242 0.0000091050
243 0.0000090675
244 0.0000090303
245 0.0000089934
246 0.0000089569
247 0.0000089206
248 0.0000088846
249 0.0000088489
250 0.0000088135
251 0.0000087784
252 0.0000087435
253 0.0000087089
254 0.0000086746
255 0.0000086406
256 0.0000086068
257 0.0000085733
258 0.0000085401
259 0.0000085071
260 0.0000084743
261 0.0000084419
262 0.0000084096
263 0.0000083776
264 0.0000083459
265 0.0000083144
266 0.0000082831
267 0.0000082521
268 0.0000082213
269 0.0000081907
270 0.0000081603
271 0.0000081302
272 0.0000081003
273 0.0000080706
274 0.0000080411
275 0.0000080119
276 0.0000079828
277 0.0000079540
278 0.0000079254
279 0.0000078970
280 0.0000078687
281 0.0000078407
282 0.0000078129
283 0.0000077853
284 0.0000077578
285 0.0000077306
286 0.0000077036
287 0.0000076767
288 0.0000076500
289 0.0000076236
290 0.0000075972
291 0.0000075711
292 0.0000075452
293 0.0000075194
294 0.0000074938
295 0.0000074684
296 0.0000074432
297 0.0000074181
298 0.0000073932
299 0.0000073684
300 0.0000073439
301 0.0000073194
302 0.0000072952
303 0.0000072711
304 0.0000072472
305 0.0000072234
306 0.0000071998
307 0.0000071763
308 0.0000071530
309 0.0000071298
310 0.0000071068
311 0.0000070839
312 0.0000070612
313 0.0000070386
314 0.0000070162
315 0.0000069939
316 0.0000069718
317 0.0000069498
318 0.0000069279
319 0.0000069062
320 0.0000068846
321 0.0000068631
322 0.0000068418
323 0.0000068206
324 0.0000067995
325 0.0000067786
326 0.0000067578
327 0.0000067371
328 0.0000067165
329 0.0000066961
330 0.0000066758
331 0.0000066556
332 0.0000066356
333 0.0000066156
334 0.0000065958
335 0.0000065761
336 0.0000065565
337 0.0000065370
338 0.0000065177
339 0.0000064984
340 0.0000064793
341 0.0000064603
342 0.0000064414
343 0.0000064226
344 0.0000064039
345 0.0000063853
346 0.0000063668
347 0.0000063485
348 0.0000063302
349 0.0000063121
350 0.0000062940
351 0.0000062761
352 0.0000062582
353 0.0000062405
354 0.0000062228
355 0.0000062053
356 0.0000061879
357 0.0000061705
358 0.0000061532
359 0.0000061361
360 0.0000061190
361 0.0000061021
362 0.0000060852
363 0.0000060684
364 0.0000060517
365 0.0000060351
366 0.0000060186
367 0.0000060022
368 0.0000059859
369 0.0000059696
370 0.0000059535
371 0.0000059374
372 0.0000059215
373 0.0000059056
374 0.0000058898
375 0.0000058740
376 0.0000058584
377 0.0000058428
378 0.0000058274
379 0.0000058120
380 0.0000057967
381 0.0000057814
382 0.0000057663
383 0.0000057512
384 0.0000057362
385 0.0000057213
386 0.0000057065
387 0.0000056917
388 0.0000056770
389 0.0000056624
390 0.0000056479
391 0.0000056334
392 0.0000056190
393 0.0000056047
394 0.0000055905
395 0.0000055763
396 0.0000055622
397 0.0000055482
398 0.0000055342
399 0.0000055203
400 0.0000055065
401 0.0000054928
402 0.0000054791
403 0.0000054655
404 0.0000054519
405 0.0000054385
406 0.0000054250
407 0.0000054117
408 0.0000053984
409 0.0000053852
410 0.0000053720
411 0.0000053590
412 0.0000053459
413 0.0000053330
414 0.0000053201
415 0.0000053072
416 0.0000052945
417 0.0000052818
418 0.0000052691
419 0.0000052565
420 0.0000052440
421 0.0000052315
422 0.0000052191
423 0.0000052067
424 0.0000051944
425 0.0000051822
426 0.0000051700
427 0.0000051579
428 0.0000051458
429 0.0000051338
430 0.0000051219
431 0.0000051099
432 0.0000050981
433 0.0000050863
434 0.0000050746
435 0.0000050629
436 0.0000050513
437 0.0000050397
438 0.0000050282
439 0.0000050167
440 0.0000050053
441 0.0000049939
442 0.0000049826
443 0.0000049713
444 0.0000049601
445 0.0000049489
446 0.0000049378
447 0.0000049268
448 0.0000049157
449 0.0000049048
450 0.0000048939
451 0.0000048830
452 0.0000048722
453 0.0000048614
454 0.0000048507
455 0.0000048400
456 0.0000048294
457 0.0000048188
458 0.0000048082
459 0.0000047977
460 0.0000047873
461 0.0000047769
462 0.0000047665
463 0.0000047562
464 0.0000047460
465 0.0000047357
466 0.0000047255
467 0.0000047154
468 0.0000047053
469 0.0000046953
470 0.0000046853
471 0.0000046753
472 0.0000046654
473 0.0000046555
474 0.0000046456
475 0.0000046358
476 0.0000046261
477 0.0000046164
478 0.0000046067
479 0.0000045971
480 0.0000045875
481 0.0000045779
482 0.0000045684
483 0.0000045589
484 0.0000045495
485 0.0000045401
486 0.0000045307
487 0.0000045214
488 0.0000045121
489 0.0000045028
490 0.0000044936
491 0.0000044845
492 0.0000044753
493 0.0000044662
494 0.0000044572
495 0.0000044481
496 0.0000044392
497 0.0000044302
498 0.0000044213
499 0.0000044124
500 0.0000044036
501 0.0000043947
502 0.0000043860
503 0.0000043772
504 0.0000043685
505 0.0000043599
506 0.0000043512
507 0.0000043426
508 0.0000043340
509 0.0000043255
510 0.0000043170
511 0.0000043085
512 0.0000043001
513 0.0000042917
514 0.0000042833
515 0.0000042750
516 0.0000042667
517 0.0000042584
518 0.0000042502
519 0.0000042420
520 0.0000042338
521 0.0000042256
522 0.0000042175
523 0.0000042094
524 0.0000042014
525 0.0000041933
526 0.0000041854
527 0.0000041774
528 0.0000041694
529 0.0000041615
530 0.0000041537
531 0.0000041458
532 0.0000041380
533 0.0000041302
534 0.0000041225
535 0.0000041147
536 0.0000041070
537 0.0000040994
538 0.0000040917
539 0.0000040841
540 0.0000040765
541 0.0000040690
542 0.0000040614
543 0.0000040539
544 0.0000040465
545 0.0000040390
546 0.0000040316
547 0.0000040242
548 0.0000040168
549 0.0000040095
550 0.0000040022
551 0.0000039949
552 0.0000039876
553 0.0000039804
554 0.0000039732
555 0.0000039660
556 0.0000039588
557 0.0000039517
558 0.0000039446
559 0.0000039375
560 0.0000039304
561 0.0000039234
562 0.0000039164
563 0.0000039094
564 0.0000039025
565 0.0000038955
566 0.0000038886
567 0.0000038817
568 0.0000038749
569 0.0000038681
570 0.0000038612
571 0.0000038544
572 0.0000038477
573 0.0000038409
574 0.0000038342
575 0.0000038275
576 0.0000038209
577 0.0000038142
578 0.0000038076
579 0.0000038010
580 0.0000037944
581 0.0000037878
582 0.0000037813
583 0.0000037748
584 0.0000037683
585 0.0000037618
586 0.0000037554
587 0.0000037489
588 0.0000037425
589 0.0000037362
590 0.0000037298
591 0.0000037235
592 0.0000037171
593 0.0000037108
594 0.0000037046
595 0.0000036983
596 0.0000036921
597 0.0000036859
598 0.0000036797
599 0.0000036735
600 0.0000036673
601 0.0000036612
602 0.0000036551
603 0.0000036490
604 0.0000036429
605 0.0000036369
606 0.0000036308
607 0.0000036248
608 0.0000036188
609 0.0000036129
610 0.0000036069
611 0.0000036010
612 0.0000035951
613 0.0000035892
614 0.0000035833
