1 348
0 0.9720594902
1 0.0082213899
2 0.0029401431
3 0.0018810238
4 0.0012864467
5 0.0009629058
6 0.0007670366
7 0.0006360620
8 0.0005425312
9 0.0004725212
10 0.0004181263
11 0.0003745725
12 0.0003388484
13 0.0003089755
14 0.0002836034
15 0.0002617773
16 0.0002428004
17 0.0002261515
18 0.0002114309
19 0.0001983269
20 0.0001865917
21 0.0001760262
22 0.0001664680
23 0.0001577832
24 0.0001498608
25 0.0001426075
26 0.0001359445
27 0.0001298049
28 0.0001241313
29 0.0001188744
30 0.0001139916
31 0.0001094456
32 0.0001052040
33 0.0001012384
34 0.0000975237
35 0.0000940378
36 0.0000907609
37 0.0000876756
38 0.0000847663
39 0.0000820188
40 0.0000794207
41 0.0000769606
42 0.0000746282
43 0.0000724144
44 0.0000703106
45 0.0000683092
46 0.0000664033
47 0.0000645866
48 0.0000628531
49 0.0000611975
50 0.0000596150
51 0.0000581011
52 0.0000566516
53 0.0000552626
54 0.0000539307
55 0.0000526526
56 0.0000514252
57 0.0000502457
58 0.0000491115
59 0.0000480202
60 0.0000469696
61 0.0000459574
62 0.0000449817
63 0.0000440407
64 0.0000431327
65 0.0000422561
66 0.0000414093
67 0.0000405909
68 0.0000397996
69 0.0000390341
70 0.0000382933
71 0.0000375760
72 0.0000368812
73 0.0000362080
74 0.0000355553
75 0.0000349223
76 0.0000343082
77 0.0000337122
78 0.0000331336
79 0.0000325715
80 0.0000320255
81 0.0000314947
82 0.0000309787
83 0.0000304769
84 0.0000299887
85 0.0000295136
86 0.0000290510
87 0.0000286007
88 0.0000281620
89 0.0000277346
90 0.0000273181
91 0.0000269120
92 0.0000265161
93 0.0000261299
94 0.0000257531
95 0.0000253855
96 0.0000250266
97 0.0000246763
98 0.0000243341
99 0.0000239999
100 0.0000236734
101 0.0000233544
102 0.0000230425
103 0.0000227376
104 0.0000224395
105 0.0000221480
106 0.0000218627
107 0.0000215837
108 0.0000213106
109 0.0000210433
110 0.0000207816
111 0.0000205254
112 0.0000202745
113 0.0000200287
114 0.0000197879
115 0.0000195519
116 0.0000193207
117 0.0000190941
118 0.0000188719
119 0.0000186540
120 0.0000184404
121 0.0000182309
122 0.0000180253
123 0.0000178237
124 0.0000176258
125 0.0000174316
126 0.0000172410
127 0.0000170539
128 0.0000168702
129 0.0000166898
130 0.0000165126
131 0.0000163386
132 0.0000161677
133 0.0000159998
134 0.0000158347
135 0.0000156726
136 0.0000155132
137 0.0000153566
138 0.0000152026
139 0.0000150512
140 0.0000149023
141 0.0000147559
142 0.0000146119
143 0.0000144702
144 0.0000143309
145 0.0000141938
146 0.0000140589
147 0.0000139261
148 0.0000137955
149 0.0000136669
150 0.0000135403
151 0.0000134157
152 0.0000132930
153 0.0000131722
154 0.0000130532
155 0.0000129361
156 0.0000128207
157 0.0000127070
158 0.0000125950
159 0.0000124847
160 0.0000123760
161 0.0000122688
162 0.0000121633
163 0.0000120592
164 0.0000119566
165 0.0000118555
166 0.0000117559
167 0.0000116576
168 0.0000115607
169 0.0000114652
170 0.0000113710
171 0.0000112781
172 0.0000111864
173 0.0000110961
174 0.0000110069
175 0.0000109189
176 0.0000108321
177 0.0000107465
178 0.0000106620
179 0.0000105786
180 0.0000104963
181 0.0000104151
182 0.0000103349
183 0.0000102558
184 0.0000101777
185 0.0000101006
186 0.0000100244
187 0.0000099492
188 0.0000098750
189 0.0000098017
190 0.0000097293
191 0.0000096578
192 0.0000095872
193 0.0000095174
194 0.0000094485
195 0.0000093804
196 0.0000093132
197 0.0000092467
198 0.0000091811
199 0.0000091162
200 0.0000090521
201 0.0000089887
202 0.0000089261
203 0.0000088642
204 0.0000088031
205 0.0000087426
206 0.0000086829
207 0.0000086238
208 0.0000085654
209 0.0000085076
210 0.0000084505
211 0.0000083941
212 0.0000083382
213 0.0000082830
214 0.0000082284
215 0.0000081745
216 0.0000081211
217 0.0000080682
218 0.0000080160
219 0.0000079643
220 0.0000079132
221 0.0000078626
222 0.0000078126
223 0.0000077631
224 0.0000077141
225 0.0000076656
226 0.0000076177
227 0.0000075702
228 0.0000075232
229 0.0000074768
230 0.0000074308
231 0.0000073852
232 0.0000073402
233 0.0000072956
234 0.0000072514
235 0.0000072077
236 0.0000071644
237 0.0000071216
238 0.0000070792
239 0.0000070372
240 0.0000069956
241 0.0000069544
242 0.0000069136
243 0.0000068732
244 0.0000068333
245 0.0000067937
246 0.0000067544
247 0.0000067156
248 0.0000066771
249 0.0000066390
250 0.0000066013
251 0.0000065639
252 0.0000065268
253 0.0000064901
254 0.0000064538
255 0.0000064177
256 0.0000063820
257 0.0000063467
258 0.0000063116
259 0.0000062769
260 0.0000062425
261 0.0000062084
262 0.0000061746
263 0.0000061411
264 0.0000061079
265 0.0000060750
266 0.0000060424
267 0.0000060101
268 0.0000059780
269 0.0000059463
270 0.0000059148
271 0.0000058835
272 0.0000058526
273 0.0000058219
274 0.0000057915
275 0.0000057613
276 0.0000057314
277 0.0000057017
278 0.0000056723
279 0.0000056431
280 0.0000056141
281 0.0000055854
282 0.0000055570
283 0.0000055287
284 0.0000055007
285 0.0000054729
286 0.0000054453
287 0.0000054180
288 0.0000053908
289 0.0000053639
290 0.0000053372
291 0.0000053106
292 0.0000052843
293 0.0000052582
294 0.0000052323
295 0.0000052065
296 0.0000051810
297 0.0000051556
298 0.0000051305
299 0.0000051055
300 0.0000050806
301 0.0000050560
302 0.0000050315
303 0.0000050072
304 0.0000049830
305 0.0000049590
306 0.0000049352
307 0.0000049115
308 0.0000048879
309 0.0000048645
310 0.0000048412
311 0.0000048180
312 0.0000047950
313 0.0000047721
314 0.0000047493
315 0.0000047266
316 0.0000047040
317 0.0000046815
318 0.0000046590
319 0.0000046367
320 0.0000046144
321 0.0000045921
322 0.0000045699
323 0.0000045477
324 0.0000045255
325 0.0000045032
326 0.0000044809
327 0.0000044585
328 0.0000044361
329 0.0000044134
330 0.0000043905
331 0.0000043674
332 0.0000043439
333 0.0000043200
334 0.0000042955
335 0.0000042702
336 0.0000042440
337 0.0000042165
338 0.0000041875
339 0.0000041562
340 0.0000041220
341 0.0000040837
342 0.0000040397
343 0.0000039867
344 0.0000039197
345 0.0000038296
346 0.0000036776
347 0.0000032478
348 0.0000000000
