0 288
0 0.9648199227
1 0.0089337986
2 0.0030954731
3 0.0019537812
4 0.0013183999
5 0.0009800220
6 0.0007802528
7 0.0006495599
8 0.0005578721
9 0.0004901780
10 0.0004380879
11 0.0003966227
12 0.0003627023
13 0.0003343448
14 0.0003102240
15 0.0002894185
16 0.0002712662
17 0.0002552770
18 0.0002410785
19 0.0002283818
20 0.0002169583
21 0.0002066246
22 0.0001972311
23 0.0001886550
24 0.0001807937
25 0.0001735614
26 0.0001668855
27 0.0001607041
28 0.0001549643
29 0.0001496204
30 0.0001446327
31 0.0001399668
32 0.0001355925
33 0.0001314833
34 0.0001276159
35 0.0001239694
36 0.0001205256
37 0.0001172678
38 0.0001141816
39 0.0001112535
40 0.0001084720
41 0.0001058260
42 0.0001033061
43 0.0001009034
44 0.0000986099
45 0.0000964183
46 0.0000943220
47 0.0000923150
48 0.0000903915
49 0.0000885465
50 0.0000867754
51 0.0000850737
52 0.0000834375
53 0.0000818629
54 0.0000803468
55 0.0000788857
56 0.0000774768
57 0.0000761174
58 0.0000748048
59 0.0000735367
60 0.0000723109
61 0.0000711253
62 0.0000699779
63 0.0000688670
64 0.0000677908
65 0.0000667476
66 0.0000657361
67 0.0000647548
68 0.0000638024
69 0.0000628775
70 0.0000619791
71 0.0000611060
72 0.0000602571
73 0.0000594315
74 0.0000586282
75 0.0000578463
76 0.0000570850
77 0.0000563435
78 0.0000556210
79 0.0000549167
80 0.0000542301
81 0.0000535604
82 0.0000529071
83 0.0000522695
84 0.0000516471
85 0.0000510393
86 0.0000504457
87 0.0000498657
88 0.0000492989
89 0.0000487448
90 0.0000482030
91 0.0000476732
92 0.0000471548
93 0.0000466476
94 0.0000461512
95 0.0000456653
96 0.0000451894
97 0.0000447234
98 0.0000442669
99 0.0000438196
100 0.0000433813
101 0.0000429516
102 0.0000425304
103 0.0000421173
104 0.0000417122
105 0.0000413148
106 0.0000409249
107 0.0000405423
108 0.0000401667
109 0.0000397981
110 0.0000394361
111 0.0000390807
112 0.0000387316
113 0.0000383887
114 0.0000380519
115 0.0000377208
116 0.0000373955
117 0.0000370758
118 0.0000367614
119 0.0000364524
120 0.0000361484
121 0.0000358495
122 0.0000355556
123 0.0000352663
124 0.0000349818
125 0.0000347018
126 0.0000344263
127 0.0000341550
128 0.0000338881
129 0.0000336252
130 0.0000333664
131 0.0000331116
132 0.0000328606
133 0.0000326134
134 0.0000323699
135 0.0000321300
136 0.0000318936
137 0.0000316606
138 0.0000314311
139 0.0000312048
140 0.0000309818
141 0.0000307619
142 0.0000305452
143 0.0000303314
144 0.0000301206
145 0.0000299128
146 0.0000297078
147 0.0000295055
148 0.0000293060
149 0.0000291092
150 0.0000289150
151 0.0000287234
152 0.0000285343
153 0.0000283476
154 0.0000281634
155 0.0000279816
156 0.0000278021
157 0.0000276249
158 0.0000274499
159 0.0000272771
160 0.0000271065
161 0.0000269379
162 0.0000267715
163 0.0000266071
164 0.0000264448
165 0.0000262843
166 0.0000261259
167 0.0000259693
168 0.0000258146
169 0.0000256617
170 0.0000255106
171 0.0000253613
172 0.0000252137
173 0.0000250678
174 0.0000249236
175 0.0000247810
176 0.0000246401
177 0.0000245007
178 0.0000243629
179 0.0000242267
180 0.0000240919
181 0.0000239587
182 0.0000238269
183 0.0000236965
184 0.0000235676
185 0.0000234401
186 0.0000233139
187 0.0000231891
188 0.0000230656
189 0.0000229434
190 0.0000228225
191 0.0000227028
192 0.0000225844
193 0.0000224673
194 0.0000223513
195 0.0000222365
196 0.0000221229
197 0.0000220105
198 0.0000218992
199 0.0000217890
200 0.0000216799
201 0.0000215719
202 0.0000214649
203 0.0000213590
204 0.0000212541
205 0.0000211503
206 0.0000210475
207 0.0000209456
208 0.0000208448
209 0.0000207449
210 0.0000206459
211 0.0000205479
212 0.0000204508
213 0.0000203546
214 0.0000202594
215 0.0000201650
216 0.0000200714
217 0.0000199788
218 0.0000198870
219 0.0000197960
220 0.0000197058
221 0.0000196165
222 0.0000195280
223 0.0000194402
224 0.0000193532
225 0.0000192671
226 0.0000191816
227 0.0000190969
228 0.0000190130
229 0.0000189298
230 0.0000188473
231 0.0000187655
232 0.0000186845
233 0.0000186041
234 0.0000185244
235 0.0000184454
236 0.0000183670
237 0.0000182894
238 0.0000182123
239 0.0000181359
240 0.0000180602
241 0.0000179850
242 0.0000179105
243 0.0000178366
244 0.0000177633
245 0.0000176906
246 0.0000176185
247 0.0000175470
248 0.0000174760
249 0.0000174056
250 0.0000173358
251 0.0000172665
252 0.0000171978
253 0.0000171296
254 0.0000170619
255 0.0000169948
256 0.0000169282
257 0.0000168621
258 0.0000167965
259 0.0000167314
260 0.0000166669
261 0.0000166028
262 0.0000165392
263 0.0000164760
264 0.0000164134
265 0.0000163512
266 0.0000162895
267 0.0000162283
268 0.0000161675
269 0.0000161071
270 0.0000160472
271 0.0000159877
272 0.0000159287
273 0.0000158701
274 0.0000158119
275 0.0000157542
276 0.0000156968
277 0.0000156399
278 0.0000155834
279 0.0000155272
280 0.0000154715
281 0.0000154162
282 0.0000153612
283 0.0000153067
284 0.0000152525
285 0.0000151987
286 0.0000151452
287 0.0000150922
288 0.0000150395
