0 1090
0 0.9715702744
1 0.0058284136
2 0.0024633732
3 0.0017260478
4 0.0012796113
5 0.0010147387
6 0.0008408273
7 0.0007166883
8 0.0006234314
9 0.0005508705
10 0.0004928422
11 0.0004453879
12 0.0004058607
13 0.0003724290
14 0.0003437861
15 0.0003189740
16 0.0002972747
17 0.0002781387
18 0.0002611389
19 0.0002459378
20 0.0002322657
21 0.0002199041
22 0.0002086741
23 0.0001984283
24 0.0001890434
25 0.0001804163
26 0.0001724593
27 0.0001650979
28 0.0001582685
29 0.0001519158
30 0.0001459922
31 0.0001404561
32 0.0001352711
33 0.0001304054
34 0.0001258307
35 0.0001215220
36 0.0001174572
37 0.0001136164
38 0.0001099820
39 0.0001065380
40 0.0001032701
41 0.0001001655
42 0.0000972123
43 0.0000944002
44 0.0000917194
45 0.0000891611
46 0.0000867173
47 0.0000843807
48 0.0000821447
49 0.0000800029
50 0.0000779498
51 0.0000759800
52 0.0000740889
53 0.0000722718
54 0.0000705248
55 0.0000688438
56 0.0000672255
57 0.0000656665
58 0.0000641636
59 0.0000627140
60 0.0000613151
61 0.0000599644
62 0.0000586594
63 0.0000573981
64 0.0000561783
65 0.0000549981
66 0.0000538557
67 0.0000527494
68 0.0000516775
69 0.0000506387
70 0.0000496314
71 0.0000486544
72 0.0000477063
73 0.0000467859
74 0.0000458921
75 0.0000450239
76 0.0000441802
77 0.0000433600
78 0.0000425625
79 0.0000417867
80 0.0000410318
81 0.0000402971
82 0.0000395819
83 0.0000388853
84 0.0000382067
85 0.0000375455
86 0.0000369011
87 0.0000362728
88 0.0000356602
89 0.0000350626
90 0.0000344796
91 0.0000339107
92 0.0000333554
93 0.0000328133
94 0.0000322839
95 0.0000317668
96 0.0000312617
97 0.0000307681
98 0.0000302857
99 0.0000298142
100 0.0000293532
101 0.0000289024
102 0.0000284615
103 0.0000280302
104 0.0000276082
105 0.0000271953
106 0.0000267911
107 0.0000263955
108 0.0000260082
109 0.0000256289
110 0.0000252575
111 0.0000248936
112 0.0000245372
113 0.0000241879
114 0.0000238457
115 0.0000235102
116 0.0000231815
117 0.0000228591
118 0.0000225431
119 0.0000222331
120 0.0000219292
121 0.0000216311
122 0.0000213386
123 0.0000210516
124 0.0000207701
125 0.0000204938
126 0.0000202226
127 0.0000199564
128 0.0000196951
129 0.0000194385
130 0.0000191866
131 0.0000189392
132 0.0000186962
133 0.0000184576
134 0.0000182231
135 0.0000179928
136 0.0000177665
137 0.0000175442
138 0.0000173257
139 0.0000171110
140 0.0000168999
141 0.0000166924
142 0.0000164884
143 0.0000162879
144 0.0000160907
145 0.0000158969
146 0.0000157062
147 0.0000155187
148 0.0000153342
149 0.0000151528
150 0.0000149743
151 0.0000147987
152 0.0000146259
153 0.0000144559
154 0.0000142886
155 0.0000141240
156 0.0000139620
157 0.0000138025
158 0.0000136455
159 0.0000134910
160 0.0000133388
161 0.0000131890
162 0.0000130416
163 0.0000128963
164 0.0000127533
165 0.0000126125
166 0.0000124738
167 0.0000123371
168 0.0000122026
169 0.0000120700
170 0.0000119394
171 0.0000118107
172 0.0000116840
173 0.0000115591
174 0.0000114360
175 0.0000113147
176 0.0000111952
177 0.0000110774
178 0.0000109613
179 0.0000108469
180 0.0000107341
181 0.0000106229
182 0.0000105133
183 0.0000104053
184 0.0000102988
185 0.0000101937
186 0.0000100901
187 0.0000099880
188 0.0000098873
189 0.0000097880
190 0.0000096900
191 0.0000095934
192 0.0000094981
193 0.0000094042
194 0.0000093115
195 0.0000092200
196 0.0000091298
197 0.0000090408
198 0.0000089530
199 0.0000088664
200 0.0000087809
201 0.0000086966
202 0.0000086133
203 0.0000085312
204 0.0000084502
205 0.0000083702
206 0.0000082913
207 0.0000082133
208 0.0000081364
209 0.0000080605
210 0.0000079856
211 0.0000079117
212 0.0000078387
213 0.0000077666
214 0.0000076954
215 0.0000076252
216 0.0000075558
217 0.0000074873
218 0.0000074197
219 0.0000073530
220 0.0000072870
221 0.0000072219
222 0.0000071576
223 0.0000070941
224 0.0000070314
225 0.0000069695
226 0.0000069083
227 0.0000068479
228 0.0000067882
229 0.0000067292
230 0.0000066710
231 0.0000066135
232 0.0000065567
233 0.0000065005
234 0.0000064450
235 0.0000063902
236 0.0000063361
237 0.0000062826
238 0.0000062297
239 0.0000061775
240 0.0000061259
241 0.0000060749
242 0.0000060245
243 0.0000059747
244 0.0000059255
245 0.0000058769
246 0.0000058288
247 0.0000057813
248 0.0000057343
249 0.0000056879
250 0.0000056420
251 0.0000055967
252 0.0000055519
253 0.0000055075
254 0.0000054637
255 0.0000054204
256 0.0000053776
257 0.0000053353
258 0.0000052934
259 0.0000052521
260 0.0000052112
261 0.0000051707
262 0.0000051307
263 0.0000050912
264 0.0000050521
265 0.0000050135
266 0.0000049752
267 0.0000049374
268 0.0000049000
269 0.0000048631
270 0.0000048265
271 0.0000047904
272 0.0000047546
273 0.0000047192
274 0.0000046842
275 0.0000046496
276 0.0000046154
277 0.0000045815
278 0.0000045481
279 0.0000045149
280 0.0000044822
281 0.0000044497
282 0.0000044177
283 0.0000043860
284 0.0000043546
285 0.0000043235
286 0.0000042928
287 0.0000042624
288 0.0000042324
289 0.0000042026
290 0.0000041732
291 0.0000041440
292 0.0000041152
293 0.0000040867
294 0.0000040585
295 0.0000040306
296 0.0000040029
297 0.0000039756
298 0.0000039485
299 0.0000039218
300 0.0000038952
301 0.0000038690
302 0.0000038430
303 0.0000038174
304 0.0000037919
305 0.0000037668
306 0.0000037418
307 0.0000037172
308 0.0000036928
309 0.0000036686
310 0.0000036447
311 0.0000036210
312 0.0000035976
313 0.0000035744
314 0.0000035515
315 0.0000035287
316 0.0000035062
317 0.0000034839
318 0.0000034619
319 0.0000034400
320 0.0000034184
321 0.0000033970
322 0.0000033758
323 0.0000033548
324 0.0000033341
325 0.0000033135
326 0.0000032931
327 0.0000032729
328 0.0000032530
329 0.0000032332
330 0.0000032136
331 0.0000031942
332 0.0000031750
333 0.0000031560
334 0.0000031371
335 0.0000031185
336 0.0000031000
337 0.0000030817
338 0.0000030636
339 0.0000030456
340 0.0000030278
341 0.0000030102
342 0.0000029928
343 0.0000029755
344 0.0000029584
345 0.0000029414
346 0.0000029246
347 0.0000029080
348 0.0000028915
349 0.0000028752
350 0.0000028590
351 0.0000028430
352 0.0000028272
353 0.0000028114
354 0.0000027959
355 0.0000027804
356 0.0000027652
357 0.0000027500
358 0.0000027350
359 0.0000027201
360 0.0000027054
361 0.0000026908
362 0.0000026764
363 0.0000026620
364 0.0000026478
365 0.0000026338
366 0.0000026198
367 0.0000026060
368 0.0000025923
369 0.0000025788
370 0.0000025653
371 0.0000025520
372 0.0000025388
373 0.0000025257
374 0.0000025127
375 0.0000024999
376 0.0000024872
377 0.0000024745
378 0.0000024620
379 0.0000024496
380 0.0000024373
381 0.0000024252
382 0.0000024131
383 0.0000024011
384 0.0000023893
385 0.0000023775
386 0.0000023658
387 0.0000023543
388 0.0000023428
389 0.0000023315
390 0.0000023202
391 0.0000023091
392 0.0000022980
393 0.0000022871
394 0.0000022762
395 0.0000022654
396 0.0000022547
397 0.0000022441
398 0.0000022336
399 0.0000022232
400 0.0000022129
401 0.0000022027
402 0.0000021925
403 0.0000021825
404 0.0000021725
405 0.0000021626
406 0.0000021528
407 0.0000021431
408 0.0000021334
409 0.0000021238
410 0.0000021144
411 0.0000021050
412 0.0000020956
413 0.0000020864
414 0.0000020772
415 0.0000020681
416 0.0000020591
417 0.0000020502
418 0.0000020413
419 0.0000020325
420 0.0000020237
421 0.0000020151
422 0.0000020065
423 0.0000019980
424 0.0000019895
425 0.0000019812
426 0.0000019728
427 0.0000019646
428 0.0000019564
429 0.0000019483
430 0.0000019403
431 0.0000019323
432 0.0000019244
433 0.0000019165
434 0.0000019087
435 0.0000019010
436 0.0000018933
437 0.0000018857
438 0.0000018782
439 0.0000018707
440 0.0000018633
441 0.0000018559
442 0.0000018486
443 0.0000018413
444 0.0000018341
445 0.0000018270
446 0.0000018199
447 0.0000018129
448 0.0000018059
449 0.0000017990
450 0.0000017921
451 0.0000017853
452 0.0000017785
453 0.0000017718
454 0.0000017651
455 0.0000017585
456 0.0000017520
457 0.0000017455
458 0.0000017390
459 0.0000017326
460 0.0000017262
461 0.0000017199
462 0.0000017136
463 0.0000017074
464 0.0000017013
465 0.0000016951
466 0.0000016891
467 0.0000016830
468 0.0000016770
469 0.0000016711
470 0.0000016652
471 0.0000016593
472 0.0000016535
473 0.0000016477
474 0.0000016420
475 0.0000016363
476 0.0000016307
477 0.0000016251
478 0.0000016195
479 0.0000016140
480 0.0000016085
481 0.0000016030
482 0.0000015976
483 0.0000015923
484 0.0000015870
485 0.0000015817
486 0.0000015764
487 0.0000015712
488 0.0000015660
489 0.0000015609
490 0.0000015558
491 0.0000015507
492 0.0000015457
493 0.0000015407
494 0.0000015357
495 0.0000015308
496 0.0000015259
497 0.0000015210
498 0.0000015162
499 0.0000015114
500 0.0000015067
501 0.0000015019
502 0.0000014972
503 0.0000014926
504 0.0000014880
505 0.0000014834
506 0.0000014788
507 0.0000014743
508 0.0000014698
509 0.0000014653
510 0.0000014608
511 0.0000014564
512 0.0000014521
513 0.0000014477
514 0.0000014434
515 0.0000014391
516 0.0000014348
517 0.0000014306
518 0.0000014264
519 0.0000014222
520 0.0000014180
521 0.0000014139
522 0.0000014098
523 0.0000014057
524 0.0000014017
525 0.0000013977
526 0.0000013937
527 0.0000013897
528 0.0000013858
529 0.0000013819
530 0.0000013780
531 0.0000013741
532 0.0000013703
533 0.0000013665
534 0.0000013627
535 0.0000013589
536 0.0000013552
537 0.0000013515
538 0.0000013478
539 0.0000013441
540 0.0000013404
541 0.0000013368
542 0.0000013332
543 0.0000013297
544 0.0000013261
545 0.0000013226
546 0.0000013191
547 0.0000013155
548 0.0000013121
549 0.0000013086
550 0.0000013052
551 0.0000013018
552 0.0000012984
553 0.0000012951
554 0.0000012917
555 0.0000012884
556 0.0000012851
557 0.0000012818
558 0.0000012785
559 0.0000012753
560 0.0000012721
561 0.0000012689
562 0.0000012657
563 0.0000012625
564 0.0000012594
565 0.0000012563
566 0.0000012531
567 0.0000012500
568 0.0000012470
569 0.0000012439
570 0.0000012409
571 0.0000012379
572 0.0000012349
573 0.0000012319
574 0.0000012289
575 0.0000012260
576 0.0000012230
577 0.0000012201
578 0.0000012172
579 0.0000012143
580 0.0000012115
581 0.0000012086
582 0.0000012058
583 0.0000012030
584 0.0000012002
585 0.0000011974
586 0.0000011946
587 0.0000011919
588 0.0000011891
589 0.0000011864
590 0.0000011837
591 0.0000011810
592 0.0000011783
593 0.0000011756
594 0.0000011730
595 0.0000011704
596 0.0000011677
597 0.0000011651
598 0.0000011626
599 0.0000011600
600 0.0000011574
601 0.0000011549
602 0.0000011523
603 0.0000011498
604 0.0000011473
605 0.0000011448
606 0.0000011423
607 0.0000011399
608 0.0000011374
609 0.0000011350
610 0.0000011325
611 0.0000011301
612 0.0000011277
613 0.0000011253
614 0.0000011229
615 0.0000011206
616 0.0000011182
617 0.0000011159
618 0.0000011135
619 0.0000011112
620 0.0000011089
621 0.0000011066
622 0.0000011044
623 0.0000011021
624 0.0000010998
625 0.0000010976
626 0.0000010953
627 0.0000010931
628 0.0000010909
629 0.0000010887
630 0.0000010865
631 0.0000010843
632 0.0000010821
633 0.0000010800
634 0.0000010778
635 0.0000010757
636 0.0000010736
637 0.0000010715
638 0.0000010694
639 0.0000010673
640 0.0000010652
641 0.0000010631
642 0.0000010610
643 0.0000010590
644 0.0000010569
645 0.0000010549
646 0.0000010529
647 0.0000010509
648 0.0000010488
649 0.0000010469
650 0.0000010449
651 0.0000010429
652 0.0000010409
653 0.0000010390
654 0.0000010370
655 0.0000010351
656 0.0000010331
657 0.0000010312
658 0.0000010293
659 0.0000010274
660 0.0000010255
661 0.0000010236
662 0.0000010217
663 0.0000010198
664 0.0000010180
665 0.0000010161
666 0.0000010143
667 0.0000010125
668 0.0000010106
669 0.0000010088
670 0.0000010070
671 0.0000010052
672 0.0000010034
673 0.0000010016
674 0.0000009998
675 0.0000009981
676 0.0000009963
677 0.0000009945
678 0.0000009928
679 0.0000009911
680 0.0000009893
681 0.0000009876
682 0.0000009859
683 0.0000009842
684 0.0000009825
685 0.0000009808
686 0.0000009791
687 0.0000009774
688 0.0000009757
689 0.0000009740
690 0.0000009724
691 0.0000009707
692 0.0000009691
693 0.0000009675
694 0.0000009658
695 0.0000009642
696 0.0000009626
697 0.0000009610
698 0.0000009594
699 0.0000009577
700 0.0000009562
701 0.0000009546
702 0.0000009530
703 0.0000009514
704 0.0000009499
705 0.0000009483
706 0.0000009467
707 0.0000009452
708 0.0000009437
709 0.0000009421
710 0.0000009406
711 0.0000009391
712 0.0000009376
713 0.0000009360
714 0.0000009345
715 0.0000009330
716 0.0000009315
717 0.0000009301
718 0.0000009286
719 0.0000009271
720 0.0000009256
721 0.0000009242
722 0.0000009227
723 0.0000009213
724 0.0000009198
725 0.0000009184
726 0.0000009169
727 0.0000009155
728 0.0000009141
729 0.0000009127
730 0.0000009113
731 0.0000009098
732 0.0000009084
733 0.0000009070
734 0.0000009056
735 0.0000009043
736 0.0000009029
737 0.0000009015
738 0.0000009001
739 0.0000008988
740 0.0000008974
741 0.0000008960
742 0.0000008947
743 0.0000008933
744 0.0000008920
745 0.0000008907
746 0.0000008893
747 0.0000008880
748 0.0000008867
749 0.0000008854
750 0.0000008840
751 0.0000008827
752 0.0000008814
753 0.0000008801
754 0.0000008789
755 0.0000008776
756 0.0000008763
757 0.0000008750
758 0.0000008737
759 0.0000008724
760 0.0000008712
761 0.0000008699
762 0.0000008687
763 0.0000008674
764 0.0000008661
765 0.0000008649
766 0.0000008637
767 0.0000008624
768 0.0000008612
769 0.0000008600
770 0.0000008587
771 0.0000008575
772 0.0000008563
773 0.0000008551
774 0.0000008539
775 0.0000008527
776 0.0000008515
777 0.0000008503
778 0.0000008491
779 0.0000008479
780 0.0000008467
781 0.0000008456
782 0.0000008444
783 0.0000008432
784 0.0000008420
785 0.0000008409
786 0.0000008397
787 0.0000008386
788 0.0000008374
789 0.0000008363
790 0.0000008351
791 0.0000008340
792 0.0000008328
793 0.0000008317
794 0.0000008306
795 0.0000008294
796 0.0000008283
797 0.0000008272
798 0.0000008261
799 0.0000008250
800 0.0000008239
801 0.0000008228
802 0.0000008217
803 0.0000008206
804 0.0000008195
805 0.0000008184
806 0.0000008173
807 0.0000008162
808 0.0000008151
809 0.0000008140
810 0.0000008130
811 0.0000008119
812 0.0000008108
813 0.0000008098
814 0.0000008087
815 0.0000008076
816 0.0000008066
817 0.0000008055
818 0.0000008045
819 0.0000008034
820 0.0000008024
821 0.0000008013
822 0.0000008003
823 0.0000007993
824 0.0000007983
825 0.0000007972
826 0.0000007962
827 0.0000007952
828 0.0000007942
829 0.0000007932
830 0.0000007922
831 0.0000007911
832 0.0000007901
833 0.0000007891
834 0.0000007881
835 0.0000007871
836 0.0000007861
837 0.0000007852
838 0.0000007842
839 0.0000007832
840 0.0000007822
841 0.0000007812
842 0.0000007802
843 0.0000007793
844 0.0000007783
845 0.0000007773
846 0.0000007763
847 0.0000007754
848 0.0000007744
849 0.0000007735
850 0.0000007725
851 0.0000007716
852 0.0000007706
853 0.0000007697
854 0.0000007687
855 0.0000007678
856 0.0000007668
857 0.0000007659
858 0.0000007650
859 0.0000007640
860 0.0000007631
861 0.0000007622
862 0.0000007613
863 0.0000007603
864 0.0000007594
865 0.0000007585
866 0.0000007576
867 0.0000007567
868 0.0000007558
869 0.0000007549
870 0.0000007540
871 0.0000007531
872 0.0000007521
873 0.0000007512
874 0.0000007504
875 0.0000007495
876 0.0000007486
877 0.0000007477
878 0.0000007468
879 0.0000007459
880 0.0000007450
881 0.0000007442
882 0.0000007433
883 0.0000007424
884 0.0000007415
885 0.0000007407
886 0.0000007398
887 0.0000007389
888 0.0000007381
889 0.0000007372
890 0.0000007364
891 0.0000007355
892 0.0000007347
893 0.0000007338
894 0.0000007330
895 0.0000007321
896 0.0000007313
897 0.0000007304
898 0.0000007296
899 0.0000007287
900 0.0000007279
901 0.0000007271
902 0.0000007262
903 0.0000007254
904 0.0000007246
905 0.0000007238
906 0.0000007229
907 0.0000007221
908 0.0000007213
909 0.0000007205
910 0.0000007197
911 0.0000007188
912 0.0000007180
913 0.0000007172
914 0.0000007164
915 0.0000007156
916 0.0000007148
917 0.0000007140
918 0.0000007132
919 0.0000007124
920 0.0000007116
921 0.0000007108
922 0.0000007100
923 0.0000007092
924 0.0000007085
925 0.0000007077
926 0.0000007069
927 0.0000007061
928 0.0000007053
929 0.0000007045
930 0.0000007038
931 0.0000007030
932 0.0000007022
933 0.0000007014
934 0.0000007007
935 0.0000006999
936 0.0000006992
937 0.0000006984
938 0.0000006976
939 0.0000006969
940 0.0000006961
941 0.0000006953
942 0.0000006946
943 0.0000006938
944 0.0000006931
945 0.0000006923
946 0.0000006916
947 0.0000006908
948 0.0000006901
949 0.0000006893
950 0.0000006886
951 0.0000006879
952 0.0000006871
953 0.0000006864
954 0.0000006857
955 0.0000006849
956 0.0000006842
957 0.0000006835
958 0.0000006827
959 0.0000006820
960 0.0000006813
961 0.0000006805
962 0.0000006798
963 0.0000006791
964 0.0000006784
965 0.0000006777
966 0.0000006770
967 0.0000006763
968 0.0000006755
969 0.0000006748
970 0.0000006741
971 0.0000006734
972 0.0000006727
973 0.0000006720
974 0.0000006713
975 0.0000006706
976 0.0000006699
977 0.0000006692
978 0.0000006685
979 0.0000006678
980 0.0000006671
981 0.0000006664
982 0.0000006657
983 0.0000006651
984 0.0000006644
985 0.0000006637
986 0.0000006630
987 0.0000006623
988 0.0000006616
989 0.0000006610
990 0.0000006603
991 0.0000006596
992 0.0000006589
993 0.0000006583
994 0.0000006576
995 0.0000006569
996 0.0000006562
997 0.0000006556
998 0.0000006549
999 0.0000006542
1000 0.0000006536
1001 0.0000006529
1002 0.0000006522
1003 0.0000006516
1004 0.0000006509
1005 0.0000006503
1006 0.0000006496
1007 0.0000006490
1008 0.0000006483
1009 0.0000006476
1010 0.0000006470
1011 0.0000006464
1012 0.0000006457
1013 0.0000006451
1014 0.0000006444
1015 0.0000006438
1016 0.0000006431
1017 0.0000006425
1018 0.0000006418
1019 0.0000006412
1020 0.0000006406
1021 0.0000006399
1022 0.0000006393
1023 0.0000006387
1024 0.0000006380
1025 0.0000006374
1026 0.0000006368
1027 0.0000006362
1028 0.0000006355
1029 0.0000006349
1030 0.0000006343
1031 0.0000006337
1032 0.0000006330
1033 0.0000006324
1034 0.0000006318
1035 0.0000006312
1036 0.0000006306
1037 0.0000006300
1038 0.0000006293
1039 0.0000006287
1040 0.0000006281
1041 0.0000006275
1042 0.0000006269
1043 0.0000006263
1044 0.0000006257
1045 0.0000006251
1046 0.0000006245
1047 0.0000006239
1048 0.0000006233
1049 0.0000006227
1050 0.0000006221
1051 0.0000006215
1052 0.0000006209
1053 0.0000006203
1054 0.0000006197
1055 0.0000006191
1056 0.0000006185
1057 0.0000006179
1058 0.0000006173
1059 0.0000006167
1060 0.0000006161
1061 0.0000006155
1062 0.0000006150
1063 0.0000006144
1064 0.0000006138
1065 0.0000006132
1066 0.0000006126
1067 0.0000006120
1068 0.0000006115
1069 0.0000006109
1070 0.0000006103
1071 0.0000006097
1072 0.0000006092
1073 0.0000006086
1074 0.0000006080
1075 0.0000006075
1076 0.0000006069
1077 0.0000006063
1078 0.0000006057
1079 0.0000006052
1080 0.0000006046
1081 0.0000006040
1082 0.0000006035
1083 0.0000006029
1084 0.0000006024
1085 0.0000006018
1086 0.0000006012
1087 0.0000006007
1088 0.0000006001
1089 0.0000005996
1090 0.0000005990
