1 288
0 0.9826511311
1 0.0043502929
2 0.0017723739
3 0.0012074813
4 0.0008722156
5 0.0006759636
6 0.0005487367
7 0.0004591144
8 0.0003926692
9 0.0003416268
10 0.0003013081
11 0.0002687271
12 0.0002418995
13 0.0002194604
14 0.0002004413
15 0.0001841365
16 0.0001700200
17 0.0001576916
18 0.0001468422
19 0.0001372289
20 0.0001286587
21 0.0001209762
22 0.0001140550
23 0.0001077912
24 0.0001020987
25 0.0000969056
26 0.0000921515
27 0.0000877850
28 0.0000837626
29 0.0000800466
30 0.0000766048
31 0.0000734091
32 0.0000704352
33 0.0000676618
34 0.0000650700
35 0.0000626436
36 0.0000603677
37 0.0000582295
38 0.0000562174
39 0.0000543211
40 0.0000525314
41 0.0000508399
42 0.0000492392
43 0.0000477226
44 0.0000462838
45 0.0000449175
46 0.0000436184
47 0.0000423821
48 0.0000412043
49 0.0000400812
50 0.0000390093
51 0.0000379853
52 0.0000370063
53 0.0000360696
54 0.0000351725
55 0.0000343129
56 0.0000334885
57 0.0000326973
58 0.0000319375
59 0.0000312074
60 0.0000305054
61 0.0000298299
62 0.0000291796
63 0.0000285532
64 0.0000279495
65 0.0000273673
66 0.0000268056
67 0.0000262633
68 0.0000257397
69 0.0000252337
70 0.0000247445
71 0.0000242715
72 0.0000238138
73 0.0000233707
74 0.0000229417
75 0.0000225261
76 0.0000221233
77 0.0000217328
78 0.0000213541
79 0.0000209866
80 0.0000206300
81 0.0000202837
82 0.0000199475
83 0.0000196207
84 0.0000193032
85 0.0000189945
86 0.0000186943
87 0.0000184023
88 0.0000181181
89 0.0000178415
90 0.0000175722
91 0.0000173100
92 0.0000170545
93 0.0000168056
94 0.0000165630
95 0.0000163265
96 0.0000160958
97 0.0000158708
98 0.0000156513
99 0.0000154372
100 0.0000152281
101 0.0000150240
102 0.0000148247
103 0.0000146300
104 0.0000144398
105 0.0000142540
106 0.0000140724
107 0.0000138948
108 0.0000137212
109 0.0000135514
110 0.0000133854
111 0.0000132229
112 0.0000130640
113 0.0000129084
114 0.0000127561
115 0.0000126071
116 0.0000124611
117 0.0000123181
118 0.0000121781
119 0.0000120409
120 0.0000119064
121 0.0000117747
122 0.0000116455
123 0.0000115189
124 0.0000113948
125 0.0000112731
126 0.0000111537
127 0.0000110366
128 0.0000109217
129 0.0000108090
130 0.0000106983
131 0.0000105898
132 0.0000104832
133 0.0000103785
134 0.0000102758
135 0.0000101749
136 0.0000100758
137 0.0000099784
138 0.0000098828
139 0.0000097888
140 0.0000096965
141 0.0000096058
142 0.0000095166
143 0.0000094289
144 0.0000093427
145 0.0000092579
146 0.0000091746
147 0.0000090926
148 0.0000090120
149 0.0000089327
150 0.0000088546
151 0.0000087778
152 0.0000087023
153 0.0000086279
154 0.0000085548
155 0.0000084827
156 0.0000084118
157 0.0000083420
158 0.0000082732
159 0.0000082055
160 0.0000081389
161 0.0000080732
162 0.0000080085
163 0.0000079448
164 0.0000078820
165 0.0000078201
166 0.0000077592
167 0.0000076991
168 0.0000076399
169 0.0000075815
170 0.0000075240
171 0.0000074672
172 0.0000074113
173 0.0000073562
174 0.0000073018
175 0.0000072481
176 0.0000071952
177 0.0000071431
178 0.0000070916
179 0.0000070408
180 0.0000069907
181 0.0000069413
182 0.0000068925
183 0.0000068443
184 0.0000067968
185 0.0000067499
186 0.0000067036
187 0.0000066579
188 0.0000066128
189 0.0000065683
190 0.0000065243
191 0.0000064809
192 0.0000064380
193 0.0000063956
194 0.0000063538
195 0.0000063124
196 0.0000062716
197 0.0000062313
198 0.0000061914
199 0.0000061521
200 0.0000061132
201 0.0000060747
202 0.0000060367
203 0.0000059992
204 0.0000059621
205 0.0000059254
206 0.0000058891
207 0.0000058533
208 0.0000058178
209 0.0000057828
210 0.0000057481
211 0.0000057139
212 0.0000056800
213 0.0000056465
214 0.0000056133
215 0.0000055805
216 0.0000055481
217 0.0000055160
218 0.0000054843
219 0.0000054529
220 0.0000054218
221 0.0000053910
222 0.0000053606
223 0.0000053305
224 0.0000053007
225 0.0000052712
226 0.0000052420
227 0.0000052131
228 0.0000051845
229 0.0000051562
230 0.0000051281
231 0.0000051004
232 0.0000050729
233 0.0000050456
234 0.0000050187
235 0.0000049920
236 0.0000049655
237 0.0000049393
238 0.0000049133
239 0.0000048876
240 0.0000048621
241 0.0000048369
242 0.0000048118
243 0.0000047870
244 0.0000047624
245 0.0000047381
246 0.0000047139
247 0.0000046900
248 0.0000046662
249 0.0000046426
250 0.0000046193
251 0.0000045961
252 0.0000045731
253 0.0000045503
254 0.0000045276
255 0.0000045051
256 0.0000044828
257 0.0000044607
258 0.0000044386
259 0.0000044168
260 0.0000043950
261 0.0000043734
262 0.0000043519
263 0.0000043305
264 0.0000043092
265 0.0000042879
266 0.0000042668
267 0.0000042457
268 0.0000042246
269 0.0000042035
270 0.0000041824
271 0.0000041612
272 0.0000041399
273 0.0000041185
274 0.0000040968
275 0.0000040748
276 0.0000040523
277 0.0000040293
278 0.0000040054
279 0.0000039803
280 0.0000039536
281 0.0000039244
282 0.0000038915
283 0.0000038524
284 0.0000038026
285 0.0000037335
286 0.0000036068
287 0.0000032054
288 0.0000000000
