1 2000
0 0.9937647271
1 0.0018900880
2 0.0007630380
3 0.0005164353
4 0.0003681863
5 0.0002808237
6 0.0002239557
7 0.0001837703
8 0.0001539211
9 0.0001309844
10 0.0001128892
11 0.0000983064
12 0.0000863472
13 0.0000763975
14 0.0000680189
15 0.0000608906
16 0.0000547724
17 0.0000494806
18 0.0000448727
19 0.0000408363
20 0.0000372818
21 0.0000341368
22 0.0000313421
23 0.0000288490
24 0.0000266171
25 0.0000246127
26 0.0000228071
27 0.0000211761
28 0.0000196991
29 0.0000183585
30 0.0000171390
31 0.0000160272
32 0.0000150118
33 0.0000140827
34 0.0000132311
35 0.0000124493
36 0.0000117304
37 0.0000110684
38 0.0000104580
39 0.0000098944
40 0.0000093732
41 0.0000088908
42 0.0000084437
43 0.0000080288
44 0.0000076434
45 0.0000072850
46 0.0000069514
47 0.0000066406
48 0.0000063506
49 0.0000060799
50 0.0000058269
51 0.0000055902
52 0.0000053686
53 0.0000051610
54 0.0000049662
55 0.0000047834
56 0.0000046116
57 0.0000044501
58 0.0000042981
59 0.0000041549
60 0.0000040199
61 0.0000038926
62 0.0000037724
63 0.0000036588
64 0.0000035513
65 0.0000034497
66 0.0000033534
67 0.0000032621
68 0.0000031755
69 0.0000030933
70 0.0000030152
71 0.0000029410
72 0.0000028703
73 0.0000028030
74 0.0000027390
75 0.0000026778
76 0.0000026195
77 0.0000025638
78 0.0000025106
79 0.0000024597
80 0.0000024110
81 0.0000023643
82 0.0000023196
83 0.0000022768
84 0.0000022356
85 0.0000021961
86 0.0000021581
87 0.0000021216
88 0.0000020865
89 0.0000020527
90 0.0000020201
91 0.0000019886
92 0.0000019583
93 0.0000019291
94 0.0000019008
95 0.0000018735
96 0.0000018471
97 0.0000018215
98 0.0000017968
99 0.0000017728
100 0.0000017496
101 0.0000017270
102 0.0000017052
103 0.0000016839
104 0.0000016633
105 0.0000016433
106 0.0000016238
107 0.0000016048
108 0.0000015864
109 0.0000015685
110 0.0000015510
111 0.0000015339
112 0.0000015173
113 0.0000015011
114 0.0000014853
115 0.0000014698
116 0.0000014548
117 0.0000014400
118 0.0000014256
119 0.0000014116
120 0.0000013978
121 0.0000013843
122 0.0000013712
123 0.0000013583
124 0.0000013456
125 0.0000013332
126 0.0000013211
127 0.0000013092
128 0.0000012976
129 0.0000012861
130 0.0000012749
131 0.0000012639
132 0.0000012531
133 0.0000012425
134 0.0000012321
135 0.0000012219
136 0.0000012118
137 0.0000012019
138 0.0000011922
139 0.0000011827
140 0.0000011733
141 0.0000011640
142 0.0000011550
143 0.0000011460
144 0.0000011372
145 0.0000011286
146 0.0000011200
147 0.0000011116
148 0.0000011034
149 0.0000010952
150 0.0000010872
151 0.0000010793
152 0.0000010715
153 0.0000010638
154 0.0000010563
155 0.0000010488
156 0.0000010415
157 0.0000010342
158 0.0000010271
159 0.0000010200
160 0.0000010130
161 0.0000010062
162 0.0000009994
163 0.0000009927
164 0.0000009861
165 0.0000009796
166 0.0000009731
167 0.0000009668
168 0.0000009605
169 0.0000009543
170 0.0000009482
171 0.0000009422
172 0.0000009362
173 0.0000009303
174 0.0000009245
175 0.0000009187
176 0.0000009130
177 0.0000009074
178 0.0000009019
179 0.0000008964
180 0.0000008909
181 0.0000008856
182 0.0000008803
183 0.0000008750
184 0.0000008699
185 0.0000008647
186 0.0000008597
187 0.0000008546
188 0.0000008497
189 0.0000008448
190 0.0000008399
191 0.0000008351
192 0.0000008304
193 0.0000008257
194 0.0000008210
195 0.0000008164
196 0.0000008119
197 0.0000008074
198 0.0000008029
199 0.0000007985
200 0.0000007941
201 0.0000007898
202 0.0000007855
203 0.0000007813
204 0.0000007771
205 0.0000007729
206 0.0000007688
207 0.0000007647
208 0.0000007607
209 0.0000007567
210 0.0000007528
211 0.0000007489
212 0.0000007450
213 0.0000007411
214 0.0000007373
215 0.0000007335
216 0.0000007298
217 0.0000007261
218 0.0000007224
219 0.0000007188
220 0.0000007152
221 0.0000007117
222 0.0000007081
223 0.0000007046
224 0.0000007011
225 0.0000006977
226 0.0000006943
227 0.0000006909
228 0.0000006876
229 0.0000006843
230 0.0000006810
231 0.0000006777
232 0.0000006745
233 0.0000006713
234 0.0000006681
235 0.0000006650
236 0.0000006618
237 0.0000006587
238 0.0000006557
239 0.0000006526
240 0.0000006496
241 0.0000006466
242 0.0000006436
243 0.0000006407
244 0.0000006378
245 0.0000006349
246 0.0000006320
247 0.0000006292
248 0.0000006264
249 0.0000006236
250 0.0000006208
251 0.0000006180
252 0.0000006153
253 0.0000006126
254 0.0000006099
255 0.0000006072
256 0.0000006046
257 0.0000006019
258 0.0000005993
259 0.0000005968
260 0.0000005942
261 0.0000005916
262 0.0000005891
263 0.0000005866
264 0.0000005841
265 0.0000005817
266 0.0000005792
267 0.0000005768
268 0.0000005744
269 0.0000005720
270 0.0000005696
271 0.0000005672
272 0.0000005649
273 0.0000005626
274 0.0000005602
275 0.0000005580
276 0.0000005557
277 0.0000005534
278 0.0000005512
279 0.0000005490
280 0.0000005468
281 0.0000005446
282 0.0000005424
283 0.0000005402
284 0.0000005381
285 0.0000005359
286 0.0000005338
287 0.0000005317
288 0.0000005296
289 0.0000005276
290 0.0000005255
291 0.0000005235
292 0.0000005214
293 0.0000005194
294 0.0000005174
295 0.0000005154
296 0.0000005135
297 0.0000005115
298 0.0000005096
299 0.0000005076
300 0.0000005057
301 0.0000005038
302 0.0000005019
303 0.0000005000
304 0.0000004982
305 0.0000004963
306 0.0000004945
307 0.0000004926
308 0.0000004908
309 0.0000004890
310 0.0000004872
311 0.0000004854
312 0.0000004836
313 0.0000004819
314 0.0000004801
315 0.0000004784
316 0.0000004767
317 0.0000004749
318 0.0000004732
319 0.0000004715
320 0.0000004698
321 0.0000004682
322 0.0000004665
323 0.0000004649
324 0.0000004632
325 0.0000004616
326 0.0000004600
327 0.0000004583
328 0.0000004567
329 0.0000004552
330 0.0000004536
331 0.0000004520
332 0.0000004504
333 0.0000004489
334 0.0000004473
335 0.0000004458
336 0.0000004443
337 0.0000004428
338 0.0000004412
339 0.0000004397
340 0.0000004383
341 0.0000004368
342 0.0000004353
343 0.0000004338
344 0.0000004324
345 0.0000004309
346 0.0000004295
347 0.0000004281
348 0.0000004267
349 0.0000004252
350 0.0000004238
351 0.0000004224
352 0.0000004211
353 0.0000004197
354 0.0000004183
355 0.0000004169
356 0.0000004156
357 0.0000004142
358 0.0000004129
359 0.0000004116
360 0.0000004102
361 0.0000004089
362 0.0000004076
363 0.0000004063
364 0.0000004050
365 0.0000004037
366 0.0000004024
367 0.0000004011
368 0.0000003999
369 0.0000003986
370 0.0000003974
371 0.0000003961
372 0.0000003949
373 0.0000003936
374 0.0000003924
375 0.0000003912
376 0.0000003900
377 0.0000003888
378 0.0000003876
379 0.0000003864
380 0.0000003852
381 0.0000003840
382 0.0000003828
383 0.0000003817
384 0.0000003805
385 0.0000003793
386 0.0000003782
387 0.0000003770
388 0.0000003759
389 0.0000003748
390 0.0000003736
391 0.0000003725
392 0.0000003714
393 0.0000003703
394 0.0000003692
395 0.0000003681
396 0.0000003670
397 0.0000003659
398 0.0000003648
399 0.0000003638
400 0.0000003627
401 0.0000003616
402 0.0000003606
403 0.0000003595
404 0.0000003585
405 0.0000003574
406 0.0000003564
407 0.0000003554
408 0.0000003543
409 0.0000003533
410 0.0000003523
411 0.0000003513
412 0.0000003503
413 0.0000003493
414 0.0000003483
415 0.0000003473
416 0.0000003463
417 0.0000003453
418 0.0000003443
419 0.0000003434
420 0.0000003424
421 0.0000003414
422 0.0000003405
423 0.0000003395
424 0.0000003386
425 0.0000003376
426 0.0000003367
427 0.0000003357
428 0.0000003348
429 0.0000003339
430 0.0000003329
431 0.0000003320
432 0.0000003311
433 0.0000003302
434 0.0000003293
435 0.0000003284
436 0.0000003275
437 0.0000003266
438 0.0000003257
439 0.0000003248
440 0.0000003240
441 0.0000003231
442 0.0000003222
443 0.0000003213
444 0.0000003205
445 0.0000003196
446 0.0000003188
447 0.0000003179
448 0.0000003171
449 0.0000003162
450 0.0000003154
451 0.0000003145
452 0.0000003137
453 0.0000003129
454 0.0000003120
455 0.0000003112
456 0.0000003104
457 0.0000003096
458 0.0000003088
459 0.0000003080
460 0.0000003072
461 0.0000003064
462 0.0000003056
463 0.0000003048
464 0.0000003040
465 0.0000003032
466 0.0000003024
467 0.0000003016
468 0.0000003009
469 0.0000003001
470 0.0000002993
471 0.0000002985
472 0.0000002978
473 0.0000002970
474 0.0000002963
475 0.0000002955
476 0.0000002948
477 0.0000002940
478 0.0000002933
479 0.0000002925
480 0.0000002918
481 0.0000002911
482 0.0000002903
483 0.0000002896
484 0.0000002889
485 0.0000002882
486 0.0000002874
487 0.0000002867
488 0.0000002860
489 0.0000002853
490 0.0000002846
491 0.0000002839
492 0.0000002832
493 0.0000002825
494 0.0000002818
495 0.0000002811
496 0.0000002804
497 0.0000002797
498 0.0000002791
499 0.0000002784
500 0.0000002777
501 0.0000002770
502 0.0000002764
503 0.0000002757
504 0.0000002750
505 0.0000002744
506 0.0000002737
507 0.0000002730
508 0.0000002724
509 0.0000002717
510 0.0000002711
511 0.0000002704
512 0.0000002698
513 0.0000002691
514 0.0000002685
515 0.0000002679
516 0.0000002672
517 0.0000002666
518 0.0000002660
519 0.0000002653
520 0.0000002647
521 0.0000002641
522 0.0000002635
523 0.0000002629
524 0.0000002622
525 0.0000002616
526 0.0000002610
527 0.0000002604
528 0.0000002598
529 0.0000002592
530 0.0000002586
531 0.0000002580
532 0.0000002574
533 0.0000002568
534 0.0000002562
535 0.0000002556
536 0.0000002550
537 0.0000002545
538 0.0000002539
539 0.0000002533
540 0.0000002527
541 0.0000002521
542 0.0000002516
543 0.0000002510
544 0.0000002504
545 0.0000002499
546 0.0000002493
547 0.0000002487
548 0.0000002482
549 0.0000002476
550 0.0000002471
551 0.0000002465
552 0.0000002459
553 0.0000002454
554 0.0000002448
555 0.0000002443
556 0.0000002438
557 0.0000002432
558 0.0000002427
559 0.0000002421
560 0.0000002416
561 0.0000002411
562 0.0000002405
563 0.0000002400
564 0.0000002395
565 0.0000002389
566 0.0000002384
567 0.0000002379
568 0.0000002374
569 0.0000002369
570 0.0000002363
571 0.0000002358
572 0.0000002353
573 0.0000002348
574 0.0000002343
575 0.0000002338
576 0.0000002333
577 0.0000002328
578 0.0000002323
579 0.0000002318
580 0.0000002313
581 0.0000002308
582 0.0000002303
583 0.0000002298
584 0.0000002293
585 0.0000002288
586 0.0000002283
587 0.0000002278
588 0.0000002274
589 0.0000002269
590 0.0000002264
591 0.0000002259
592 0.0000002254
593 0.0000002250
594 0.0000002245
595 0.0000002240
596 0.0000002235
597 0.0000002231
598 0.0000002226
599 0.0000002221
600 0.0000002217
601 0.0000002212
602 0.0000002207
603 0.0000002203
604 0.0000002198
605 0.0000002194
606 0.0000002189
607 0.0000002185
608 0.0000002180
609 0.0000002176
610 0.0000002171
611 0.0000002167
612 0.0000002162
613 0.0000002158
614 0.0000002153
615 0.0000002149
616 0.0000002144
617 0.0000002140
618 0.0000002136
619 0.0000002131
620 0.0000002127
621 0.0000002123
622 0.0000002118
623 0.0000002114
624 0.0000002110
625 0.0000002105
626 0.0000002101
627 0.0000002097
628 0.0000002093
629 0.0000002089
630 0.0000002084
631 0.0000002080
632 0.0000002076
633 0.0000002072
634 0.0000002068
635 0.0000002064
636 0.0000002059
637 0.0000002055
638 0.0000002051
639 0.0000002047
640 0.0000002043
641 0.0000002039
642 0.0000002035
643 0.0000002031
644 0.0000002027
645 0.0000002023
646 0.0000002019
647 0.0000002015
648 0.0000002011
649 0.0000002007
650 0.0000002003
651 0.0000001999
652 0.0000001995
653 0.0000001991
654 0.0000001988
655 0.0000001984
656 0.0000001980
657 0.0000001976
658 0.0000001972
659 0.0000001968
660 0.0000001965
661 0.0000001961
662 0.0000001957
663 0.0000001953
664 0.0000001949
665 0.0000001946
666 0.0000001942
667 0.0000001938
668 0.0000001934
669 0.0000001931
670 0.0000001927
671 0.0000001923
672 0.0000001920
673 0.0000001916
674 0.0000001912
675 0.0000001909
676 0.0000001905
677 0.0000001902
678 0.0000001898
679 0.0000001894
680 0.0000001891
681 0.0000001887
682 0.0000001884
683 0.0000001880
684 0.0000001877
685 0.0000001873
686 0.0000001870
687 0.0000001866
688 0.0000001863
689 0.0000001859
690 0.0000001856
691 0.0000001852
692 0.0000001849
693 0.0000001845
694 0.0000001842
695 0.0000001838
696 0.0000001835
697 0.0000001832
698 0.0000001828
699 0.0000001825
700 0.0000001821
701 0.0000001818
702 0.0000001815
703 0.0000001811
704 0.0000001808
705 0.0000001805
706 0.0000001801
707 0.0000001798
708 0.0000001795
709 0.0000001792
710 0.0000001788
711 0.0000001785
712 0.0000001782
713 0.0000001778
714 0.0000001775
715 0.0000001772
716 0.0000001769
717 0.0000001766
718 0.0000001762
719 0.0000001759
720 0.0000001756
721 0.0000001753
722 0.0000001750
723 0.0000001747
724 0.0000001743
725 0.0000001740
726 0.0000001737
727 0.0000001734
728 0.0000001731
729 0.0000001728
730 0.0000001725
731 0.0000001722
732 0.0000001719
733 0.0000001716
734 0.0000001713
735 0.0000001710
736 0.0000001706
737 0.0000001703
738 0.0000001700
739 0.0000001697
740 0.0000001694
741 0.0000001691
742 0.0000001688
743 0.0000001686
744 0.0000001683
745 0.0000001680
746 0.0000001677
747 0.0000001674
748 0.0000001671
749 0.0000001668
750 0.0000001665
751 0.0000001662
752 0.0000001659
753 0.0000001656
754 0.0000001653
755 0.0000001650
756 0.0000001648
757 0.0000001645
758 0.0000001642
759 0.0000001639
760 0.0000001636
761 0.0000001633
762 0.0000001631
763 0.0000001628
764 0.0000001625
765 0.0000001622
766 0.0000001619
767 0.0000001617
768 0.0000001614
769 0.0000001611
770 0.0000001608
771 0.0000001606
772 0.0000001603
773 0.0000001600
774 0.0000001597
775 0.0000001595
776 0.0000001592
777 0.0000001589
778 0.0000001587
779 0.0000001584
780 0.0000001581
781 0.0000001578
782 0.0000001576
783 0.0000001573
784 0.0000001570
785 0.0000001568
786 0.0000001565
787 0.0000001563
788 0.0000001560
789 0.0000001557
790 0.0000001555
791 0.0000001552
792 0.0000001550
793 0.0000001547
794 0.0000001544
795 0.0000001542
796 0.0000001539
797 0.0000001537
798 0.0000001534
799 0.0000001532
800 0.0000001529
801 0.0000001526
802 0.0000001524
803 0.0000001521
804 0.0000001519
805 0.0000001516
806 0.0000001514
807 0.0000001511
808 0.0000001509
809 0.0000001506
810 0.0000001504
811 0.0000001501
812 0.0000001499
813 0.0000001497
814 0.0000001494
815 0.0000001492
816 0.0000001489
817 0.0000001487
818 0.0000001484
819 0.0000001482
820 0.0000001480
821 0.0000001477
822 0.0000001475
823 0.0000001472
824 0.0000001470
825 0.0000001468
826 0.0000001465
827 0.0000001463
828 0.0000001460
829 0.0000001458
830 0.0000001456
831 0.0000001453
832 0.0000001451
833 0.0000001449
834 0.0000001446
835 0.0000001444
836 0.0000001442
837 0.0000001439
838 0.0000001437
839 0.0000001435
840 0.0000001433
841 0.0000001430
842 0.0000001428
843 0.0000001426
844 0.0000001423
845 0.0000001421
846 0.0000001419
847 0.0000001417
848 0.0000001414
849 0.0000001412
850 0.0000001410
851 0.0000001408
852 0.0000001405
853 0.0000001403
854 0.0000001401
855 0.0000001399
856 0.0000001397
857 0.0000001394
858 0.0000001392
859 0.0000001390
860 0.0000001388
861 0.0000001386
862 0.0000001384
863 0.0000001381
864 0.0000001379
865 0.0000001377
866 0.0000001375
867 0.0000001373
868 0.0000001371
869 0.0000001368
870 0.0000001366
871 0.0000001364
872 0.0000001362
873 0.0000001360
874 0.0000001358
875 0.0000001356
876 0.0000001354
877 0.0000001352
878 0.0000001350
879 0.0000001347
880 0.0000001345
881 0.0000001343
882 0.0000001341
883 0.0000001339
884 0.0000001337
885 0.0000001335
886 0.0000001333
887 0.0000001331
888 0.0000001329
889 0.0000001327
890 0.0000001325
891 0.0000001323
892 0.0000001321
893 0.0000001319
894 0.0000001317
895 0.0000001315
896 0.0000001313
897 0.0000001311
898 0.0000001309
899 0.0000001307
900 0.0000001305
901 0.0000001303
902 0.0000001301
903 0.0000001299
904 0.0000001297
905 0.0000001295
906 0.0000001293
907 0.0000001291
908 0.0000001289
909 0.0000001287
910 0.0000001285
911 0.0000001283
912 0.0000001281
913 0.0000001280
914 0.0000001278
915 0.0000001276
916 0.0000001274
917 0.0000001272
918 0.0000001270
919 0.0000001268
920 0.0000001266
921 0.0000001264
922 0.0000001263
923 0.0000001261
924 0.0000001259
925 0.0000001257
926 0.0000001255
927 0.0000001253
928 0.0000001251
929 0.0000001249
930 0.0000001248
931 0.0000001246
932 0.0000001244
933 0.0000001242
934 0.0000001240
935 0.0000001238
936 0.0000001237
937 0.0000001235
938 0.0000001233
939 0.0000001231
940 0.0000001229
941 0.0000001228
942 0.0000001226
943 0.0000001224
944 0.0000001222
945 0.0000001220
946 0.0000001219
947 0.0000001217
948 0.0000001215
949 0.0000001213
950 0.0000001212
951 0.0000001210
952 0.0000001208
953 0.0000001206
954 0.0000001205
955 0.0000001203
956 0.0000001201
957 0.0000001199
958 0.0000001198
959 0.0000001196
960 0.0000001194
961 0.0000001192
962 0.0000001191
963 0.0000001189
964 0.0000001187
965 0.0000001186
966 0.0000001184
967 0.0000001182
968 0.0000001181
969 0.0000001179
970 0.0000001177
971 0.0000001176
972 0.0000001174
973 0.0000001172
974 0.0000001171
975 0.0000001169
976 0.0000001167
977 0.0000001166
978 0.0000001164
979 0.0000001162
980 0.0000001161
981 0.0000001159
982 0.0000001157
983 0.0000001156
984 0.0000001154
985 0.0000001152
986 0.0000001151
987 0.0000001149
988 0.0000001148
989 0.0000001146
990 0.0000001144
991 0.0000001143
992 0.0000001141
993 0.0000001139
994 0.0000001138
995 0.0000001136
996 0.0000001135
997 0.0000001133
998 0.0000001132
999 0.0000001130
1000 0.0000001128
1001 0.0000001127
1002 0.0000001125
1003 0.0000001124
1004 0.0000001122
1005 0.0000001121
1006 0.0000001119
1007 0.0000001117
1008 0.0000001116
1009 0.0000001114
1010 0.0000001113
1011 0.0000001111
1012 0.0000001110
1013 0.0000001108
1014 0.0000001107
1015 0.0000001105
1016 0.0000001104
1017 0.0000001102
1018 0.0000001101
1019 0.0000001099
1020 0.0000001098
1021 0.0000001096
1022 0.0000001094
1023 0.0000001093
1024 0.0000001091
1025 0.0000001090
1026 0.0000001089
1027 0.0000001087
1028 0.0000001086
1029 0.0000001084
1030 0.0000001083
1031 0.0000001081
1032 0.0000001080
1033 0.0000001078
1034 0.0000001077
1035 0.0000001075
1036 0.0000001074
1037 0.0000001072
1038 0.0000001071
1039 0.0000001069
1040 0.0000001068
1041 0.0000001067
1042 0.0000001065
1043 0.0000001064
1044 0.0000001062
1045 0.0000001061
1046 0.0000001059
1047 0.0000001058
1048 0.0000001056
1049 0.0000001055
1050 0.0000001054
1051 0.0000001052
1052 0.0000001051
1053 0.0000001049
1054 0.0000001048
1055 0.0000001047
1056 0.0000001045
1057 0.0000001044
1058 0.0000001042
1059 0.0000001041
1060 0.0000001040
1061 0.0000001038
1062 0.0000001037
1063 0.0000001035
1064 0.0000001034
1065 0.0000001033
1066 0.0000001031
1067 0.0000001030
1068 0.0000001029
1069 0.0000001027
1070 0.0000001026
1071 0.0000001024
1072 0.0000001023
1073 0.0000001022
1074 0.0000001020
1075 0.0000001019
1076 0.0000001018
1077 0.0000001016
1078 0.0000001015
1079 0.0000001014
1080 0.0000001012
1081 0.0000001011
1082 0.0000001010
1083 0.0000001008
1084 0.0000001007
1085 0.0000001006
1086 0.0000001004
1087 0.0000001003
1088 0.0000001002
1089 0.0000001001
1090 0.0000000999
1091 0.0000000998
1092 0.0000000997
1093 0.0000000995
1094 0.0000000994
1095 0.0000000993
1096 0.0000000991
1097 0.0000000990
1098 0.0000000989
1099 0.0000000988
1100 0.0000000986
1101 0.0000000985
1102 0.0000000984
1103 0.0000000982
1104 0.0000000981
1105 0.0000000980
1106 0.0000000979
1107 0.0000000977
1108 0.0000000976
1109 0.0000000975
1110 0.0000000974
1111 0.0000000972
1112 0.0000000971
1113 0.0000000970
1114 0.0000000969
1115 0.0000000967
1116 0.0000000966
1117 0.0000000965
1118 0.0000000964
1119 0.0000000962
1120 0.0000000961
1121 0.0000000960
1122 0.0000000959
1123 0.0000000957
1124 0.0000000956
1125 0.0000000955
1126 0.0000000954
1127 0.0000000953
1128 0.0000000951
1129 0.0000000950
1130 0.0000000949
1131 0.0000000948
1132 0.0000000947
1133 0.0000000945
1134 0.0000000944
1135 0.0000000943
1136 0.0000000942
1137 0.0000000941
1138 0.0000000939
1139 0.0000000938
1140 0.0000000937
1141 0.0000000936
1142 0.0000000935
1143 0.0000000933
1144 0.0000000932
1145 0.0000000931
1146 0.0000000930
1147 0.0000000929
1148 0.0000000928
1149 0.0000000926
1150 0.0000000925
1151 0.0000000924
1152 0.0000000923
1153 0.0000000922
1154 0.0000000921
1155 0.0000000919
1156 0.0000000918
1157 0.0000000917
1158 0.0000000916
1159 0.0000000915
1160 0.0000000914
1161 0.0000000913
1162 0.0000000911
1163 0.0000000910
1164 0.0000000909
1165 0.0000000908
1166 0.0000000907
1167 0.0000000906
1168 0.0000000905
1169 0.0000000904
1170 0.0000000902
1171 0.0000000901
1172 0.0000000900
1173 0.0000000899
1174 0.0000000898
1175 0.0000000897
1176 0.0000000896
1177 0.0000000895
1178 0.0000000894
1179 0.0000000892
1180 0.0000000891
1181 0.0000000890
1182 0.0000000889
1183 0.0000000888
1184 0.0000000887
1185 0.0000000886
1186 0.0000000885
1187 0.0000000884
1188 0.0000000883
1189 0.0000000882
1190 0.0000000881
1191 0.0000000879
1192 0.0000000878
1193 0.0000000877
1194 0.0000000876
1195 0.0000000875
1196 0.0000000874
1197 0.0000000873
1198 0.0000000872
1199 0.0000000871
1200 0.0000000870
1201 0.0000000869
1202 0.0000000868
1203 0.0000000867
1204 0.0000000866
1205 0.0000000865
1206 0.0000000864
1207 0.0000000862
1208 0.0000000861
1209 0.0000000860
1210 0.0000000859
1211 0.0000000858
1212 0.0000000857
1213 0.0000000856
1214 0.0000000855
1215 0.0000000854
1216 0.0000000853
1217 0.0000000852
1218 0.0000000851
1219 0.0000000850
1220 0.0000000849
1221 0.0000000848
1222 0.0000000847
1223 0.0000000846
1224 0.0000000845
1225 0.0000000844
1226 0.0000000843
1227 0.0000000842
1228 0.0000000841
1229 0.0000000840
1230 0.0000000839
1231 0.0000000838
1232 0.0000000837
1233 0.0000000836
1234 0.0000000835
1235 0.0000000834
1236 0.0000000833
1237 0.0000000832
1238 0.0000000831
1239 0.0000000830
1240 0.0000000829
1241 0.0000000828
1242 0.0000000827
1243 0.0000000826
1244 0.0000000825
1245 0.0000000824
1246 0.0000000823
1247 0.0000000822
1248 0.0000000821
1249 0.0000000820
1250 0.0000000819
1251 0.0000000818
1252 0.0000000817
1253 0.0000000816
1254 0.0000000815
1255 0.0000000814
1256 0.0000000813
1257 0.0000000813
1258 0.0000000812
1259 0.0000000811
1260 0.0000000810
1261 0.0000000809
1262 0.0000000808
1263 0.0000000807
1264 0.0000000806
1265 0.0000000805
1266 0.0000000804
1267 0.0000000803
1268 0.0000000802
1269 0.0000000801
1270 0.0000000800
1271 0.0000000799
1272 0.0000000798
1273 0.0000000797
1274 0.0000000797
1275 0.0000000796
1276 0.0000000795
1277 0.0000000794
1278 0.0000000793
1279 0.0000000792
1280 0.0000000791
1281 0.0000000790
1282 0.0000000789
1283 0.0000000788
1284 0.0000000787
1285 0.0000000786
1286 0.0000000786
1287 0.0000000785
1288 0.0000000784
1289 0.0000000783
1290 0.0000000782
1291 0.0000000781
1292 0.0000000780
1293 0.0000000779
1294 0.0000000778
1295 0.0000000777
1296 0.0000000777
1297 0.0000000776
1298 0.0000000775
1299 0.0000000774
1300 0.0000000773
1301 0.0000000772
1302 0.0000000771
1303 0.0000000770
1304 0.0000000769
1305 0.0000000769
1306 0.0000000768
1307 0.0000000767
1308 0.0000000766
1309 0.0000000765
1310 0.0000000764
1311 0.0000000763
1312 0.0000000762
1313 0.0000000762
1314 0.0000000761
1315 0.0000000760
1316 0.0000000759
1317 0.0000000758
1318 0.0000000757
1319 0.0000000756
1320 0.0000000756
1321 0.0000000755
1322 0.0000000754
1323 0.0000000753
1324 0.0000000752
1325 0.0000000751
1326 0.0000000750
1327 0.0000000750
1328 0.0000000749
1329 0.0000000748
1330 0.0000000747
1331 0.0000000746
1332 0.0000000745
1333 0.0000000745
1334 0.0000000744
1335 0.0000000743
1336 0.0000000742
1337 0.0000000741
1338 0.0000000740
1339 0.0000000740
1340 0.0000000739
1341 0.0000000738
1342 0.0000000737
1343 0.0000000736
1344 0.0000000735
1345 0.0000000735
1346 0.0000000734
1347 0.0000000733
1348 0.0000000732
1349 0.0000000731
1350 0.0000000731
1351 0.0000000730
1352 0.0000000729
1353 0.0000000728
1354 0.0000000727
1355 0.0000000726
1356 0.0000000726
1357 0.0000000725
1358 0.0000000724
1359 0.0000000723
1360 0.0000000722
1361 0.0000000722
1362 0.0000000721
1363 0.0000000720
1364 0.0000000719
1365 0.0000000718
1366 0.0000000718
1367 0.0000000717
1368 0.0000000716
1369 0.0000000715
1370 0.0000000715
1371 0.0000000714
1372 0.0000000713
1373 0.0000000712
1374 0.0000000711
1375 0.0000000711
1376 0.0000000710
1377 0.0000000709
1378 0.0000000708
1379 0.0000000707
1380 0.0000000707
1381 0.0000000706
1382 0.0000000705
1383 0.0000000704
1384 0.0000000704
1385 0.0000000703
1386 0.0000000702
1387 0.0000000701
1388 0.0000000701
1389 0.0000000700
1390 0.0000000699
1391 0.0000000698
1392 0.0000000697
1393 0.0000000697
1394 0.0000000696
1395 0.0000000695
1396 0.0000000694
1397 0.0000000694
1398 0.0000000693
1399 0.0000000692
1400 0.0000000691
1401 0.0000000691
1402 0.0000000690
1403 0.0000000689
1404 0.0000000688
1405 0.0000000688
1406 0.0000000687
1407 0.0000000686
1408 0.0000000685
1409 0.0000000685
1410 0.0000000684
1411 0.0000000683
1412 0.0000000683
1413 0.0000000682
1414 0.0000000681
1415 0.0000000680
1416 0.0000000680
1417 0.0000000679
1418 0.0000000678
1419 0.0000000677
1420 0.0000000677
1421 0.0000000676
1422 0.0000000675
1423 0.0000000674
1424 0.0000000674
1425 0.0000000673
1426 0.0000000672
1427 0.0000000672
1428 0.0000000671
1429 0.0000000670
1430 0.0000000669
1431 0.0000000669
1432 0.0000000668
1433 0.0000000667
1434 0.0000000667
1435 0.0000000666
1436 0.0000000665
1437 0.0000000664
1438 0.0000000664
1439 0.0000000663
1440 0.0000000662
1441 0.0000000662
1442 0.0000000661
1443 0.0000000660
1444 0.0000000660
1445 0.0000000659
1446 0.0000000658
1447 0.0000000657
1448 0.0000000657
1449 0.0000000656
1450 0.0000000655
1451 0.0000000655
1452 0.0000000654
1453 0.0000000653
1454 0.0000000653
1455 0.0000000652
1456 0.0000000651
1457 0.0000000651
1458 0.0000000650
1459 0.0000000649
1460 0.0000000648
1461 0.0000000648
1462 0.0000000647
1463 0.0000000646
1464 0.0000000646
1465 0.0000000645
1466 0.0000000644
1467 0.0000000644
1468 0.0000000643
1469 0.0000000642
1470 0.0000000642
1471 0.0000000641
1472 0.0000000640
1473 0.0000000640
1474 0.0000000639
1475 0.0000000638
1476 0.0000000638
1477 0.0000000637
1478 0.0000000636
1479 0.0000000636
1480 0.0000000635
1481 0.0000000634
1482 0.0000000634
1483 0.0000000633
1484 0.0000000632
1485 0.0000000632
1486 0.0000000631
1487 0.0000000630
1488 0.0000000630
1489 0.0000000629
1490 0.0000000628
1491 0.0000000628
1492 0.0000000627
1493 0.0000000626
1494 0.0000000626
1495 0.0000000625
1496 0.0000000625
1497 0.0000000624
1498 0.0000000623
1499 0.0000000623
1500 0.0000000622
1501 0.0000000621
1502 0.0000000621
1503 0.0000000620
1504 0.0000000619
1505 0.0000000619
1506 0.0000000618
1507 0.0000000617
1508 0.0000000617
1509 0.0000000616
1510 0.0000000616
1511 0.0000000615
1512 0.0000000614
1513 0.0000000614
1514 0.0000000613
1515 0.0000000612
1516 0.0000000612
1517 0.0000000611
1518 0.0000000611
1519 0.0000000610
1520 0.0000000609
1521 0.0000000609
1522 0.0000000608
1523 0.0000000607
1524 0.0000000607
1525 0.0000000606
1526 0.0000000606
1527 0.0000000605
1528 0.0000000604
1529 0.0000000604
1530 0.0000000603
1531 0.0000000602
1532 0.0000000602
1533 0.0000000601
1534 0.0000000601
1535 0.0000000600
1536 0.0000000599
1537 0.0000000599
1538 0.0000000598
1539 0.0000000598
1540 0.0000000597
1541 0.0000000596
1542 0.0000000596
1543 0.0000000595
1544 0.0000000595
1545 0.0000000594
1546 0.0000000593
1547 0.0000000593
1548 0.0000000592
1549 0.0000000592
1550 0.0000000591
1551 0.0000000590
1552 0.0000000590
1553 0.0000000589
1554 0.0000000589
1555 0.0000000588
1556 0.0000000587
1557 0.0000000587
1558 0.0000000586
1559 0.0000000586
1560 0.0000000585
1561 0.0000000584
1562 0.0000000584
1563 0.0000000583
1564 0.0000000583
1565 0.0000000582
1566 0.0000000582
1567 0.0000000581
1568 0.0000000580
1569 0.0000000580
1570 0.0000000579
1571 0.0000000579
1572 0.0000000578
1573 0.0000000577
1574 0.0000000577
1575 0.0000000576
1576 0.0000000576
1577 0.0000000575
1578 0.0000000575
1579 0.0000000574
1580 0.0000000573
1581 0.0000000573
1582 0.0000000572
1583 0.0000000572
1584 0.0000000571
1585 0.0000000571
1586 0.0000000570
1587 0.0000000569
1588 0.0000000569
1589 0.0000000568
1590 0.0000000568
1591 0.0000000567
1592 0.0000000567
1593 0.0000000566
1594 0.0000000565
1595 0.0000000565
1596 0.0000000564
1597 0.0000000564
1598 0.0000000563
1599 0.0000000563
1600 0.0000000562
1601 0.0000000562
1602 0.0000000561
1603 0.0000000560
1604 0.0000000560
1605 0.0000000559
1606 0.0000000559
1607 0.0000000558
1608 0.0000000558
1609 0.0000000557
1610 0.0000000557
1611 0.0000000556
1612 0.0000000556
1613 0.0000000555
1614 0.0000000554
1615 0.0000000554
1616 0.0000000553
1617 0.0000000553
1618 0.0000000552
1619 0.0000000552
1620 0.0000000551
1621 0.0000000551
1622 0.0000000550
1623 0.0000000550
1624 0.0000000549
1625 0.0000000548
1626 0.0000000548
1627 0.0000000547
1628 0.0000000547
1629 0.0000000546
1630 0.0000000546
1631 0.0000000545
1632 0.0000000545
1633 0.0000000544
1634 0.0000000544
1635 0.0000000543
1636 0.0000000543
1637 0.0000000542
1638 0.0000000542
1639 0.0000000541
1640 0.0000000540
1641 0.0000000540
1642 0.0000000539
1643 0.0000000539
1644 0.0000000538
1645 0.0000000538
1646 0.0000000537
1647 0.0000000537
1648 0.0000000536
1649 0.0000000536
1650 0.0000000535
1651 0.0000000535
1652 0.0000000534
1653 0.0000000534
1654 0.0000000533
1655 0.0000000533
1656 0.0000000532
1657 0.0000000532
1658 0.0000000531
1659 0.0000000531
1660 0.0000000530
1661 0.0000000530
1662 0.0000000529
1663 0.0000000529
1664 0.0000000528
1665 0.0000000528
1666 0.0000000527
1667 0.0000000527
1668 0.0000000526
1669 0.0000000526
1670 0.0000000525
1671 0.0000000524
1672 0.0000000524
1673 0.0000000523
1674 0.0000000523
1675 0.0000000522
1676 0.0000000522
1677 0.0000000521
1678 0.0000000521
1679 0.0000000520
1680 0.0000000520
1681 0.0000000519
1682 0.0000000519
1683 0.0000000518
1684 0.0000000518
1685 0.0000000517
1686 0.0000000517
1687 0.0000000516
1688 0.0000000516
1689 0.0000000515
1690 0.0000000515
1691 0.0000000515
1692 0.0000000514
1693 0.0000000514
1694 0.0000000513
1695 0.0000000513
1696 0.0000000512
1697 0.0000000512
1698 0.0000000511
1699 0.0000000511
1700 0.0000000510
1701 0.0000000510
1702 0.0000000509
1703 0.0000000509
1704 0.0000000508
1705 0.0000000508
1706 0.0000000507
1707 0.0000000507
1708 0.0000000506
1709 0.0000000506
1710 0.0000000505
1711 0.0000000505
1712 0.0000000504
1713 0.0000000504
1714 0.0000000503
1715 0.0000000503
1716 0.0000000502
1717 0.0000000502
1718 0.0000000501
1719 0.0000000501
1720 0.0000000500
1721 0.0000000500
1722 0.0000000500
1723 0.0000000499
1724 0.0000000499
1725 0.0000000498
1726 0.0000000498
1727 0.0000000497
1728 0.0000000497
1729 0.0000000496
1730 0.0000000496
1731 0.0000000495
1732 0.0000000495
1733 0.0000000494
1734 0.0000000494
1735 0.0000000493
1736 0.0000000493
1737 0.0000000492
1738 0.0000000492
1739 0.0000000492
1740 0.0000000491
1741 0.0000000491
1742 0.0000000490
1743 0.0000000490
1744 0.0000000489
1745 0.0000000489
1746 0.0000000488
1747 0.0000000488
1748 0.0000000487
1749 0.0000000487
1750 0.0000000486
1751 0.0000000486
1752 0.0000000486
1753 0.0000000485
1754 0.0000000485
1755 0.0000000484
1756 0.0000000484
1757 0.0000000483
1758 0.0000000483
1759 0.0000000482
1760 0.0000000482
1761 0.0000000481
1762 0.0000000481
1763 0.0000000480
1764 0.0000000480
1765 0.0000000480
1766 0.0000000479
1767 0.0000000479
1768 0.0000000478
1769 0.0000000478
1770 0.0000000477
1771 0.0000000477
1772 0.0000000476
1773 0.0000000476
1774 0.0000000476
1775 0.0000000475
1776 0.0000000475
1777 0.0000000474
1778 0.0000000474
1779 0.0000000473
1780 0.0000000473
1781 0.0000000472
1782 0.0000000472
1783 0.0000000472
1784 0.0000000471
1785 0.0000000471
1786 0.0000000470
1787 0.0000000470
1788 0.0000000469
1789 0.0000000469
1790 0.0000000468
1791 0.0000000468
1792 0.0000000468
1793 0.0000000467
1794 0.0000000467
1795 0.0000000466
1796 0.0000000466
1797 0.0000000465
1798 0.0000000465
1799 0.0000000464
1800 0.0000000464
1801 0.0000000464
1802 0.0000000463
1803 0.0000000463
1804 0.0000000462
1805 0.0000000462
1806 0.0000000461
1807 0.0000000461
1808 0.0000000461
1809 0.0000000460
1810 0.0000000460
1811 0.0000000459
1812 0.0000000459
1813 0.0000000458
1814 0.0000000458
1815 0.0000000457
1816 0.0000000457
1817 0.0000000457
1818 0.0000000456
1819 0.0000000456
1820 0.0000000455
1821 0.0000000455
1822 0.0000000454
1823 0.0000000454
1824 0.0000000454
1825 0.0000000453
1826 0.0000000453
1827 0.0000000452
1828 0.0000000452
1829 0.0000000451
1830 0.0000000451
1831 0.0000000451
1832 0.0000000450
1833 0.0000000450
1834 0.0000000449
1835 0.0000000449
1836 0.0000000448
1837 0.0000000448
1838 0.0000000448
1839 0.0000000447
1840 0.0000000447
1841 0.0000000446
1842 0.0000000446
1843 0.0000000445
1844 0.0000000445
1845 0.0000000445
1846 0.0000000444
1847 0.0000000444
1848 0.0000000443
1849 0.0000000443
1850 0.0000000442
1851 0.0000000442
1852 0.0000000442
1853 0.0000000441
1854 0.0000000441
1855 0.0000000440
1856 0.0000000440
1857 0.0000000440
1858 0.0000000439
1859 0.0000000439
1860 0.0000000438
1861 0.0000000438
1862 0.0000000437
1863 0.0000000437
1864 0.0000000437
1865 0.0000000436
1866 0.0000000436
1867 0.0000000435
1868 0.0000000435
1869 0.0000000434
1870 0.0000000434
1871 0.0000000434
1872 0.0000000433
1873 0.0000000433
1874 0.0000000432
1875 0.0000000432
1876 0.0000000431
1877 0.0000000431
1878 0.0000000431
1879 0.0000000430
1880 0.0000000430
1881 0.0000000429
1882 0.0000000429
1883 0.0000000428
1884 0.0000000428
1885 0.0000000428
1886 0.0000000427
1887 0.0000000427
1888 0.0000000426
1889 0.0000000426
1890 0.0000000425
1891 0.0000000425
1892 0.0000000425
1893 0.0000000424
1894 0.0000000424
1895 0.0000000423
1896 0.0000000423
1897 0.0000000422
1898 0.0000000422
1899 0.0000000421
1900 0.0000000421
1901 0.0000000421
1902 0.0000000420
1903 0.0000000420
1904 0.0000000419
1905 0.0000000419
1906 0.0000000418
1907 0.0000000418
1908 0.0000000418
1909 0.0000000417
1910 0.0000000417
1911 0.0000000416
1912 0.0000000416
1913 0.0000000415
1914 0.0000000415
1915 0.0000000414
1916 0.0000000414
1917 0.0000000413
1918 0.0000000413
1919 0.0000000413
1920 0.0000000412
1921 0.0000000412
1922 0.0000000411
1923 0.0000000411
1924 0.0000000410
1925 0.0000000410
1926 0.0000000409
1927 0.0000000409
1928 0.0000000408
1929 0.0000000408
1930 0.0000000407
1931 0.0000000407
1932 0.0000000406
1933 0.0000000406
1934 0.0000000405
1935 0.0000000405
1936 0.0000000404
1937 0.0000000404
1938 0.0000000403
1939 0.0000000403
1940 0.0000000402
1941 0.0000000402
1942 0.0000000401
1943 0.0000000401
1944 0.0000000400
1945 0.0000000400
1946 0.0000000399
1947 0.0000000399
1948 0.0000000398
1949 0.0000000398
1950 0.0000000397
1951 0.0000000396
1952 0.0000000396
1953 0.0000000395
1954 0.0000000395
1955 0.0000000394
1956 0.0000000394
1957 0.0000000393
1958 0.0000000392
1959 0.0000000392
1960 0.0000000391
1961 0.0000000391
1962 0.0000000390
1963 0.0000000389
1964 0.0000000389
1965 0.0000000388
1966 0.0000000387
1967 0.0000000387
1968 0.0000000386
1969 0.0000000385
1970 0.0000000385
1971 0.0000000384
1972 0.0000000383
1973 0.0000000382
1974 0.0000000382
1975 0.0000000381
1976 0.0000000380
1977 0.0000000379
1978 0.0000000378
1979 0.0000000377
1980 0.0000000377
1981 0.0000000376
1982 0.0000000375
1983 0.0000000374
1984 0.0000000373
1985 0.0000000372
1986 0.0000000371
1987 0.0000000369
1988 0.0000000368
1989 0.0000000367
1990 0.0000000366
1991 0.0000000364
1992 0.0000000362
1993 0.0000000360
1994 0.0000000358
1995 0.0000000355
1996 0.0000000351
1997 0.0000000345
1998 0.0000000334
1999 0.0000000297
2000 0.0000000000
