0 558
0 0.9864989041
1 0.0040274959
2 0.0015348615
3 0.0009993142
4 0.0006824785
5 0.0005001737
6 0.0003848601
7 0.0003058213
8 0.0002489635
9 0.0002067128
10 0.0001745115
11 0.0001494520
12 0.0001296073
13 0.0001136584
14 0.0001006760
15 0.0000899892
16 0.0000811032
17 0.0000736469
18 0.0000673375
19 0.0000619568
20 0.0000573344
21 0.0000533359
22 0.0000498545
23 0.0000468044
24 0.0000441162
25 0.0000417336
26 0.0000396102
27 0.0000377082
28 0.0000359958
29 0.0000344471
30 0.0000330399
31 0.0000317559
32 0.0000305795
33 0.0000294975
34 0.0000284987
35 0.0000275736
36 0.0000267140
37 0.0000259127
38 0.0000251637
39 0.0000244616
40 0.0000238020
41 0.0000231806
42 0.0000225941
43 0.0000220393
44 0.0000215136
45 0.0000210144
46 0.0000205396
47 0.0000200874
48 0.0000196559
49 0.0000192438
50 0.0000188496
51 0.0000184721
52 0.0000181101
53 0.0000177627
54 0.0000174288
55 0.0000171078
56 0.0000167988
57 0.0000165010
58 0.0000162140
59 0.0000159370
60 0.0000156695
61 0.0000154111
62 0.0000151611
63 0.0000149193
64 0.0000146852
65 0.0000144585
66 0.0000142387
67 0.0000140256
68 0.0000138188
69 0.0000136181
70 0.0000134231
71 0.0000132338
72 0.0000130497
73 0.0000128707
74 0.0000126965
75 0.0000125271
76 0.0000123621
77 0.0000122014
78 0.0000120449
79 0.0000118923
80 0.0000117435
81 0.0000115985
82 0.0000114570
83 0.0000113189
84 0.0000111841
85 0.0000110524
86 0.0000109239
87 0.0000107983
88 0.0000106755
89 0.0000105556
90 0.0000104383
91 0.0000103235
92 0.0000102113
93 0.0000101015
94 0.0000099940
95 0.0000098888
96 0.0000097857
97 0.0000096848
98 0.0000095860
99 0.0000094892
100 0.0000093942
101 0.0000093012
102 0.0000092100
103 0.0000091206
104 0.0000090329
105 0.0000089468
106 0.0000088624
107 0.0000087796
108 0.0000086983
109 0.0000086185
110 0.0000085401
111 0.0000084631
112 0.0000083876
113 0.0000083133
114 0.0000082404
115 0.0000081687
116 0.0000080983
117 0.0000080291
118 0.0000079610
119 0.0000078941
120 0.0000078283
121 0.0000077636
122 0.0000077000
123 0.0000076373
124 0.0000075757
125 0.0000075151
126 0.0000074555
127 0.0000073968
128 0.0000073390
129 0.0000072821
130 0.0000072260
131 0.0000071709
132 0.0000071165
133 0.0000070630
134 0.0000070103
135 0.0000069583
136 0.0000069072
137 0.0000068567
138 0.0000068070
139 0.0000067581
140 0.0000067098
141 0.0000066622
142 0.0000066153
143 0.0000065690
144 0.0000065234
145 0.0000064784
146 0.0000064340
147 0.0000063902
148 0.0000063470
149 0.0000063044
150 0.0000062624
151 0.0000062209
152 0.0000061800
153 0.0000061396
154 0.0000060997
155 0.0000060603
156 0.0000060215
157 0.0000059831
158 0.0000059452
159 0.0000059078
160 0.0000058709
161 0.0000058344
162 0.0000057984
163 0.0000057628
164 0.0000057277
165 0.0000056929
166 0.0000056586
167 0.0000056247
168 0.0000055912
169 0.0000055582
170 0.0000055254
171 0.0000054931
172 0.0000054612
173 0.0000054296
174 0.0000053984
175 0.0000053675
176 0.0000053370
177 0.0000053069
178 0.0000052770
179 0.0000052476
180 0.0000052184
181 0.0000051896
182 0.0000051610
183 0.0000051328
184 0.0000051049
185 0.0000050773
186 0.0000050500
187 0.0000050230
188 0.0000049963
189 0.0000049698
190 0.0000049437
191 0.0000049178
192 0.0000048921
193 0.0000048668
194 0.0000048417
195 0.0000048169
196 0.0000047923
197 0.0000047679
198 0.0000047438
199 0.0000047200
200 0.0000046964
201 0.0000046730
202 0.0000046499
203 0.0000046270
204 0.0000046043
205 0.0000045818
206 0.0000045596
207 0.0000045375
208 0.0000045157
209 0.0000044941
210 0.0000044727
211 0.0000044515
212 0.0000044305
213 0.0000044097
214 0.0000043890
215 0.0000043686
216 0.0000043484
217 0.0000043283
218 0.0000043085
219 0.0000042888
220 0.0000042693
221 0.0000042500
222 0.0000042308
223 0.0000042118
224 0.0000041930
225 0.0000041744
226 0.0000041559
227 0.0000041376
228 0.0000041194
229 0.0000041014
230 0.0000040836
231 0.0000040659
232 0.0000040484
233 0.0000040310
234 0.0000040138
235 0.0000039967
236 0.0000039797
237 0.0000039629
238 0.0000039463
239 0.0000039297
240 0.0000039134
241 0.0000038971
242 0.0000038810
243 0.0000038650
244 0.0000038492
245 0.0000038335
246 0.0000038179
247 0.0000038024
248 0.0000037871
249 0.0000037718
250 0.0000037567
251 0.0000037418
252 0.0000037269
253 0.0000037122
254 0.0000036976
255 0.0000036830
256 0.0000036687
257 0.0000036544
258 0.0000036402
259 0.0000036261
260 0.0000036122
261 0.0000035983
262 0.0000035846
263 0.0000035710
264 0.0000035574
265 0.0000035440
266 0.0000035307
267 0.0000035174
268 0.0000035043
269 0.0000034913
270 0.0000034783
271 0.0000034655
272 0.0000034527
273 0.0000034401
274 0.0000034275
275 0.0000034150
276 0.0000034027
277 0.0000033904
278 0.0000033782
279 0.0000033660
280 0.0000033540
281 0.0000033421
282 0.0000033302
283 0.0000033184
284 0.0000033067
285 0.0000032951
286 0.0000032836
287 0.0000032722
288 0.0000032608
289 0.0000032495
290 0.0000032383
291 0.0000032271
292 0.0000032161
293 0.0000032051
294 0.0000031942
295 0.0000031834
296 0.0000031726
297 0.0000031619
298 0.0000031513
299 0.0000031407
300 0.0000031303
301 0.0000031199
302 0.0000031095
303 0.0000030992
304 0.0000030890
305 0.0000030789
306 0.0000030688
307 0.0000030588
308 0.0000030489
309 0.0000030390
310 0.0000030292
311 0.0000030195
312 0.0000030098
313 0.0000030001
314 0.0000029906
315 0.0000029811
316 0.0000029716
317 0.0000029623
318 0.0000029529
319 0.0000029437
320 0.0000029345
321 0.0000029253
322 0.0000029162
323 0.0000029072
324 0.0000028982
325 0.0000028893
326 0.0000028804
327 0.0000028716
328 0.0000028628
329 0.0000028541
330 0.0000028455
331 0.0000028369
332 0.0000028283
333 0.0000028198
334 0.0000028113
335 0.0000028030
336 0.0000027946
337 0.0000027863
338 0.0000027780
339 0.0000027698
340 0.0000027617
341 0.0000027536
342 0.0000027455
343 0.0000027375
344 0.0000027295
345 0.0000027216
346 0.0000027138
347 0.0000027059
348 0.0000026981
349 0.0000026904
350 0.0000026827
351 0.0000026751
352 0.0000026674
353 0.0000026599
354 0.0000026524
355 0.0000026449
356 0.0000026374
357 0.0000026300
358 0.0000026227
359 0.0000026154
360 0.0000026081
361 0.0000026009
362 0.0000025937
363 0.0000025865
364 0.0000025794
365 0.0000025723
366 0.0000025653
367 0.0000025583
368 0.0000025513
369 0.0000025444
370 0.0000025375
371 0.0000025307
372 0.0000025239
373 0.0000025171
374 0.0000025104
375 0.0000025036
376 0.0000024970
377 0.0000024903
378 0.0000024838
379 0.0000024772
380 0.0000024707
381 0.0000024642
382 0.0000024577
383 0.0000024513
384 0.0000024449
385 0.0000024385
386 0.0000024322
387 0.0000024259
388 0.0000024197
389 0.0000024134
390 0.0000024072
391 0.0000024011
392 0.0000023949
393 0.0000023888
394 0.0000023827
395 0.0000023767
396 0.0000023707
397 0.0000023647
398 0.0000023588
399 0.0000023528
400 0.0000023470
401 0.0000023411
402 0.0000023353
403 0.0000023295
404 0.0000023237
405 0.0000023179
406 0.0000023122
407 0.0000023065
408 0.0000023009
409 0.0000022952
410 0.0000022896
411 0.0000022840
412 0.0000022785
413 0.0000022730
414 0.0000022675
415 0.0000022620
416 0.0000022565
417 0.0000022511
418 0.0000022457
419 0.0000022404
420 0.0000022350
421 0.0000022297
422 0.0000022244
423 0.0000022191
424 0.0000022139
425 0.0000022087
426 0.0000022035
427 0.0000021983
428 0.0000021932
429 0.0000021880
430 0.0000021829
431 0.0000021779
432 0.0000021728
433 0.0000021678
434 0.0000021628
435 0.0000021578
436 0.0000021528
437 0.0000021479
438 0.0000021430
439 0.0000021381
440 0.0000021332
441 0.0000021284
442 0.0000021236
443 0.0000021188
444 0.0000021140
445 0.0000021092
446 0.0000021045
447 0.0000020997
448 0.0000020951
449 0.0000020904
450 0.0000020857
451 0.0000020811
452 0.0000020765
453 0.0000020719
454 0.0000020673
455 0.0000020628
456 0.0000020582
457 0.0000020537
458 0.0000020492
459 0.0000020447
460 0.0000020403
461 0.0000020358
462 0.0000020314
463 0.0000020270
464 0.0000020226
465 0.0000020183
466 0.0000020139
467 0.0000020096
468 0.0000020053
469 0.0000020010
470 0.0000019968
471 0.0000019925
472 0.0000019883
473 0.0000019841
474 0.0000019799
475 0.0000019757
476 0.0000019715
477 0.0000019674
478 0.0000019632
479 0.0000019591
480 0.0000019550
481 0.0000019510
482 0.0000019469
483 0.0000019429
484 0.0000019388
485 0.0000019348
486 0.0000019308
487 0.0000019269
488 0.0000019229
489 0.0000019190
490 0.0000019150
491 0.0000019111
492 0.0000019072
493 0.0000019033
494 0.0000018995
495 0.0000018956
496 0.0000018918
497 0.0000018880
498 0.0000018842
499 0.0000018804
500 0.0000018766
501 0.0000018728
502 0.0000018691
503 0.0000018654
504 0.0000018617
505 0.0000018580
506 0.0000018543
507 0.0000018506
508 0.0000018469
509 0.0000018433
510 0.0000018397
511 0.0000018361
512 0.0000018325
513 0.0000018289
514 0.0000018253
515 0.0000018218
516 0.0000018182
517 0.0000018147
518 0.0000018112
519 0.0000018077
520 0.0000018042
521 0.0000018007
522 0.0000017972
523 0.0000017938
524 0.0000017903
525 0.0000017869
526 0.0000017835
527 0.0000017801
528 0.0000017767
529 0.0000017733
530 0.0000017700
531 0.0000017666
532 0.0000017633
533 0.0000017600
534 0.0000017567
535 0.0000017534
536 0.0000017501
537 0.0000017468
538 0.0000017435
539 0.0000017403
540 0.0000017371
541 0.0000017338
542 0.0000017306
543 0.0000017274
544 0.0000017242
545 0.0000017210
546 0.0000017179
547 0.0000017147
548 0.0000017116
549 0.0000017084
550 0.0000017053
551 0.0000017022
552 0.0000016991
553 0.0000016960
554 0.0000016929
555 0.0000016899
556 0.0000016868
557 0.0000016838
558 0.0000016807
