1 990
0 0.9874462013
1 0.0036931471
2 0.0014795418
3 0.0009947807
4 0.0007081241
5 0.0005408076
6 0.0004327489
7 0.0003569539
8 0.0003010127
9 0.0002582424
10 0.0002246255
11 0.0001976001
12 0.0001754655
13 0.0001570529
14 0.0001415339
15 0.0001283055
16 0.0001169191
17 0.0001070338
18 0.0000983865
19 0.0000907711
20 0.0000840239
21 0.0000780132
22 0.0000726323
23 0.0000677936
24 0.0000634245
25 0.0000594646
26 0.0000558632
27 0.0000525774
28 0.0000495706
29 0.0000468115
30 0.0000442733
31 0.0000419327
32 0.0000397694
33 0.0000377658
34 0.0000359065
35 0.0000341779
36 0.0000325679
37 0.0000310660
38 0.0000296626
39 0.0000283494
40 0.0000271189
41 0.0000259642
42 0.0000248794
43 0.0000238589
44 0.0000228979
45 0.0000219918
46 0.0000211366
47 0.0000203287
48 0.0000195646
49 0.0000188414
50 0.0000181562
51 0.0000175064
52 0.0000168898
53 0.0000163042
54 0.0000157475
55 0.0000152180
56 0.0000147139
57 0.0000142337
58 0.0000137761
59 0.0000133395
60 0.0000129229
61 0.0000125249
62 0.0000121447
63 0.0000117812
64 0.0000114334
65 0.0000111005
66 0.0000107818
67 0.0000104763
68 0.0000101835
69 0.0000099027
70 0.0000096332
71 0.0000093745
72 0.0000091261
73 0.0000088874
74 0.0000086580
75 0.0000084373
76 0.0000082250
77 0.0000080207
78 0.0000078241
79 0.0000076346
80 0.0000074521
81 0.0000072761
82 0.0000071065
83 0.0000069429
84 0.0000067850
85 0.0000066326
86 0.0000064855
87 0.0000063434
88 0.0000062061
89 0.0000060735
90 0.0000059452
91 0.0000058211
92 0.0000057012
93 0.0000055851
94 0.0000054727
95 0.0000053639
96 0.0000052586
97 0.0000051565
98 0.0000050576
99 0.0000049618
100 0.0000048688
101 0.0000047787
102 0.0000046913
103 0.0000046065
104 0.0000045242
105 0.0000044444
106 0.0000043668
107 0.0000042915
108 0.0000042183
109 0.0000041472
110 0.0000040781
111 0.0000040110
112 0.0000039457
113 0.0000038822
114 0.0000038204
115 0.0000037603
116 0.0000037018
117 0.0000036449
118 0.0000035894
119 0.0000035355
120 0.0000034829
121 0.0000034317
122 0.0000033818
123 0.0000033332
124 0.0000032858
125 0.0000032395
126 0.0000031945
127 0.0000031505
128 0.0000031077
129 0.0000030658
130 0.0000030250
131 0.0000029851
132 0.0000029462
133 0.0000029082
134 0.0000028711
135 0.0000028349
136 0.0000027995
137 0.0000027649
138 0.0000027311
139 0.0000026980
140 0.0000026657
141 0.0000026341
142 0.0000026032
143 0.0000025730
144 0.0000025434
145 0.0000025145
146 0.0000024862
147 0.0000024585
148 0.0000024313
149 0.0000024048
150 0.0000023788
151 0.0000023533
152 0.0000023283
153 0.0000023039
154 0.0000022799
155 0.0000022564
156 0.0000022334
157 0.0000022108
158 0.0000021887
159 0.0000021670
160 0.0000021457
161 0.0000021248
162 0.0000021043
163 0.0000020842
164 0.0000020645
165 0.0000020452
166 0.0000020262
167 0.0000020075
168 0.0000019892
169 0.0000019712
170 0.0000019535
171 0.0000019362
172 0.0000019191
173 0.0000019024
174 0.0000018859
175 0.0000018697
176 0.0000018538
177 0.0000018382
178 0.0000018228
179 0.0000018077
180 0.0000017928
181 0.0000017782
182 0.0000017638
183 0.0000017496
184 0.0000017357
185 0.0000017220
186 0.0000017085
187 0.0000016952
188 0.0000016822
189 0.0000016693
190 0.0000016566
191 0.0000016441
192 0.0000016319
193 0.0000016198
194 0.0000016078
195 0.0000015961
196 0.0000015845
197 0.0000015731
198 0.0000015619
199 0.0000015508
200 0.0000015399
201 0.0000015291
202 0.0000015185
203 0.0000015080
204 0.0000014977
205 0.0000014875
206 0.0000014775
207 0.0000014676
208 0.0000014578
209 0.0000014482
210 0.0000014387
211 0.0000014293
212 0.0000014200
213 0.0000014109
214 0.0000014019
215 0.0000013930
216 0.0000013842
217 0.0000013755
218 0.0000013669
219 0.0000013585
220 0.0000013501
221 0.0000013419
222 0.0000013337
223 0.0000013257
224 0.0000013177
225 0.0000013098
226 0.0000013021
227 0.0000012944
228 0.0000012868
229 0.0000012793
230 0.0000012719
231 0.0000012646
232 0.0000012573
233 0.0000012502
234 0.0000012431
235 0.0000012361
236 0.0000012292
237 0.0000012224
238 0.0000012156
239 0.0000012089
240 0.0000012023
241 0.0000011957
242 0.0000011893
243 0.0000011828
244 0.0000011765
245 0.0000011702
246 0.0000011640
247 0.0000011579
248 0.0000011518
249 0.0000011458
250 0.0000011398
251 0.0000011339
252 0.0000011281
253 0.0000011223
254 0.0000011166
255 0.0000011110
256 0.0000011054
257 0.0000010998
258 0.0000010943
259 0.0000010889
260 0.0000010835
261 0.0000010782
262 0.0000010729
263 0.0000010676
264 0.0000010625
265 0.0000010573
266 0.0000010522
267 0.0000010472
268 0.0000010422
269 0.0000010372
270 0.0000010323
271 0.0000010275
272 0.0000010227
273 0.0000010179
274 0.0000010132
275 0.0000010085
276 0.0000010038
277 0.0000009992
278 0.0000009947
279 0.0000009902
280 0.0000009857
281 0.0000009812
282 0.0000009768
283 0.0000009724
284 0.0000009681
285 0.0000009638
286 0.0000009596
287 0.0000009553
288 0.0000009512
289 0.0000009470
290 0.0000009429
291 0.0000009388
292 0.0000009347
293 0.0000009307
294 0.0000009267
295 0.0000009228
296 0.0000009189
297 0.0000009150
298 0.0000009111
299 0.0000009073
300 0.0000009035
301 0.0000008997
302 0.0000008960
303 0.0000008923
304 0.0000008886
305 0.0000008850
306 0.0000008813
307 0.0000008777
308 0.0000008742
309 0.0000008706
310 0.0000008671
311 0.0000008636
312 0.0000008602
313 0.0000008567
314 0.0000008533
315 0.0000008499
316 0.0000008466
317 0.0000008432
318 0.0000008399
319 0.0000008366
320 0.0000008334
321 0.0000008301
322 0.0000008269
323 0.0000008237
324 0.0000008205
325 0.0000008174
326 0.0000008143
327 0.0000008112
328 0.0000008081
329 0.0000008050
330 0.0000008020
331 0.0000007990
332 0.0000007960
333 0.0000007930
334 0.0000007900
335 0.0000007871
336 0.0000007842
337 0.0000007813
338 0.0000007784
339 0.0000007756
340 0.0000007727
341 0.0000007699
342 0.0000007671
343 0.0000007643
344 0.0000007616
345 0.0000007588
346 0.0000007561
347 0.0000007534
348 0.0000007507
349 0.0000007480
350 0.0000007454
351 0.0000007427
352 0.0000007401
353 0.0000007375
354 0.0000007349
355 0.0000007323
356 0.0000007298
357 0.0000007273
358 0.0000007247
359 0.0000007222
360 0.0000007197
361 0.0000007173
362 0.0000007148
363 0.0000007124
364 0.0000007099
365 0.0000007075
366 0.0000007051
367 0.0000007027
368 0.0000007004
369 0.0000006980
370 0.0000006957
371 0.0000006933
372 0.0000006910
373 0.0000006887
374 0.0000006864
375 0.0000006842
376 0.0000006819
377 0.0000006797
378 0.0000006774
379 0.0000006752
380 0.0000006730
381 0.0000006708
382 0.0000006686
383 0.0000006665
384 0.0000006643
385 0.0000006622
386 0.0000006601
387 0.0000006579
388 0.0000006558
389 0.0000006538
390 0.0000006517
391 0.0000006496
392 0.0000006475
393 0.0000006455
394 0.0000006435
395 0.0000006415
396 0.0000006394
397 0.0000006374
398 0.0000006355
399 0.0000006335
400 0.0000006315
401 0.0000006296
402 0.0000006276
403 0.0000006257
404 0.0000006238
405 0.0000006219
406 0.0000006200
407 0.0000006181
408 0.0000006162
409 0.0000006143
410 0.0000006125
411 0.0000006106
412 0.0000006088
413 0.0000006069
414 0.0000006051
415 0.0000006033
416 0.0000006015
417 0.0000005997
418 0.0000005979
419 0.0000005962
420 0.0000005944
421 0.0000005927
422 0.0000005909
423 0.0000005892
424 0.0000005875
425 0.0000005857
426 0.0000005840
427 0.0000005823
428 0.0000005806
429 0.0000005790
430 0.0000005773
431 0.0000005756
432 0.0000005740
433 0.0000005723
434 0.0000005707
435 0.0000005691
436 0.0000005674
437 0.0000005658
438 0.0000005642
439 0.0000005626
440 0.0000005610
441 0.0000005595
442 0.0000005579
443 0.0000005563
444 0.0000005548
445 0.0000005532
446 0.0000005517
447 0.0000005501
448 0.0000005486
449 0.0000005471
450 0.0000005456
451 0.0000005441
452 0.0000005426
453 0.0000005411
454 0.0000005396
455 0.0000005381
456 0.0000005367
457 0.0000005352
458 0.0000005338
459 0.0000005323
460 0.0000005309
461 0.0000005295
462 0.0000005280
463 0.0000005266
464 0.0000005252
465 0.0000005238
466 0.0000005224
467 0.0000005210
468 0.0000005196
469 0.0000005182
470 0.0000005169
471 0.0000005155
472 0.0000005142
473 0.0000005128
474 0.0000005115
475 0.0000005101
476 0.0000005088
477 0.0000005075
478 0.0000005061
479 0.0000005048
480 0.0000005035
481 0.0000005022
482 0.0000005009
483 0.0000004996
484 0.0000004983
485 0.0000004971
486 0.0000004958
487 0.0000004945
488 0.0000004933
489 0.0000004920
490 0.0000004907
491 0.0000004895
492 0.0000004883
493 0.0000004870
494 0.0000004858
495 0.0000004846
496 0.0000004834
497 0.0000004822
498 0.0000004809
499 0.0000004797
500 0.0000004785
501 0.0000004774
502 0.0000004762
503 0.0000004750
504 0.0000004738
505 0.0000004727
506 0.0000004715
507 0.0000004703
508 0.0000004692
509 0.0000004680
510 0.0000004669
511 0.0000004657
512 0.0000004646
513 0.0000004635
514 0.0000004624
515 0.0000004612
516 0.0000004601
517 0.0000004590
518 0.0000004579
519 0.0000004568
520 0.0000004557
521 0.0000004546
522 0.0000004535
523 0.0000004525
524 0.0000004514
525 0.0000004503
526 0.0000004492
527 0.0000004482
528 0.0000004471
529 0.0000004461
530 0.0000004450
531 0.0000004440
532 0.0000004429
533 0.0000004419
534 0.0000004409
535 0.0000004398
536 0.0000004388
537 0.0000004378
538 0.0000004368
539 0.0000004358
540 0.0000004347
541 0.0000004337
542 0.0000004327
543 0.0000004317
544 0.0000004308
545 0.0000004298
546 0.0000004288
547 0.0000004278
548 0.0000004268
549 0.0000004259
550 0.0000004249
551 0.0000004239
552 0.0000004230
553 0.0000004220
554 0.0000004211
555 0.0000004201
556 0.0000004192
557 0.0000004182
558 0.0000004173
559 0.0000004164
560 0.0000004154
561 0.0000004145
562 0.0000004136
563 0.0000004127
564 0.0000004117
565 0.0000004108
566 0.0000004099
567 0.0000004090
568 0.0000004081
569 0.0000004072
570 0.0000004063
571 0.0000004054
572 0.0000004046
573 0.0000004037
574 0.0000004028
575 0.0000004019
576 0.0000004010
577 0.0000004002
578 0.0000003993
579 0.0000003984
580 0.0000003976
581 0.0000003967
582 0.0000003959
583 0.0000003950
584 0.0000003942
585 0.0000003933
586 0.0000003925
587 0.0000003917
588 0.0000003908
589 0.0000003900
590 0.0000003892
591 0.0000003883
592 0.0000003875
593 0.0000003867
594 0.0000003859
595 0.0000003851
596 0.0000003843
597 0.0000003835
598 0.0000003827
599 0.0000003819
600 0.0000003811
601 0.0000003803
602 0.0000003795
603 0.0000003787
604 0.0000003779
605 0.0000003771
606 0.0000003763
607 0.0000003756
608 0.0000003748
609 0.0000003740
610 0.0000003732
611 0.0000003725
612 0.0000003717
613 0.0000003710
614 0.0000003702
615 0.0000003694
616 0.0000003687
617 0.0000003679
618 0.0000003672
619 0.0000003665
620 0.0000003657
621 0.0000003650
622 0.0000003642
623 0.0000003635
624 0.0000003628
625 0.0000003620
626 0.0000003613
627 0.0000003606
628 0.0000003599
629 0.0000003592
630 0.0000003584
631 0.0000003577
632 0.0000003570
633 0.0000003563
634 0.0000003556
635 0.0000003549
636 0.0000003542
637 0.0000003535
638 0.0000003528
639 0.0000003521
640 0.0000003514
641 0.0000003507
642 0.0000003500
643 0.0000003494
644 0.0000003487
645 0.0000003480
646 0.0000003473
647 0.0000003466
648 0.0000003460
649 0.0000003453
650 0.0000003446
651 0.0000003440
652 0.0000003433
653 0.0000003426
654 0.0000003420
655 0.0000003413
656 0.0000003407
657 0.0000003400
658 0.0000003394
659 0.0000003387
660 0.0000003381
661 0.0000003374
662 0.0000003368
663 0.0000003362
664 0.0000003355
665 0.0000003349
666 0.0000003343
667 0.0000003336
668 0.0000003330
669 0.0000003324
670 0.0000003317
671 0.0000003311
672 0.0000003305
673 0.0000003299
674 0.0000003293
675 0.0000003287
676 0.0000003280
677 0.0000003274
678 0.0000003268
679 0.0000003262
680 0.0000003256
681 0.0000003250
682 0.0000003244
683 0.0000003238
684 0.0000003232
685 0.0000003226
686 0.0000003220
687 0.0000003214
688 0.0000003208
689 0.0000003203
690 0.0000003197
691 0.0000003191
692 0.0000003185
693 0.0000003179
694 0.0000003174
695 0.0000003168
696 0.0000003162
697 0.0000003156
698 0.0000003151
699 0.0000003145
700 0.0000003139
701 0.0000003134
702 0.0000003128
703 0.0000003122
704 0.0000003117
705 0.0000003111
706 0.0000003106
707 0.0000003100
708 0.0000003095
709 0.0000003089
710 0.0000003084
711 0.0000003078
712 0.0000003073
713 0.0000003067
714 0.0000003062
715 0.0000003056
716 0.0000003051
717 0.0000003046
718 0.0000003040
719 0.0000003035
720 0.0000003030
721 0.0000003024
722 0.0000003019
723 0.0000003014
724 0.0000003008
725 0.0000003003
726 0.0000002998
727 0.0000002993
728 0.0000002987
729 0.0000002982
730 0.0000002977
731 0.0000002972
732 0.0000002967
733 0.0000002962
734 0.0000002957
735 0.0000002952
736 0.0000002946
737 0.0000002941
738 0.0000002936
739 0.0000002931
740 0.0000002926
741 0.0000002921
742 0.0000002916
743 0.0000002911
744 0.0000002906
745 0.0000002901
746 0.0000002896
747 0.0000002892
748 0.0000002887
749 0.0000002882
750 0.0000002877
751 0.0000002872
752 0.0000002867
753 0.0000002862
754 0.0000002858
755 0.0000002853
756 0.0000002848
757 0.0000002843
758 0.0000002838
759 0.0000002834
760 0.0000002829
761 0.0000002824
762 0.0000002820
763 0.0000002815
764 0.0000002810
765 0.0000002805
766 0.0000002801
767 0.0000002796
768 0.0000002792
769 0.0000002787
770 0.0000002782
771 0.0000002778
772 0.0000002773
773 0.0000002769
774 0.0000002764
775 0.0000002760
776 0.0000002755
777 0.0000002751
778 0.0000002746
779 0.0000002742
780 0.0000002737
781 0.0000002733
782 0.0000002728
783 0.0000002724
784 0.0000002719
785 0.0000002715
786 0.0000002710
787 0.0000002706
788 0.0000002702
789 0.0000002697
790 0.0000002693
791 0.0000002689
792 0.0000002684
793 0.0000002680
794 0.0000002676
795 0.0000002671
796 0.0000002667
797 0.0000002663
798 0.0000002659
799 0.0000002654
800 0.0000002650
801 0.0000002646
802 0.0000002642
803 0.0000002637
804 0.0000002633
805 0.0000002629
806 0.0000002625
807 0.0000002621
808 0.0000002617
809 0.0000002612
810 0.0000002608
811 0.0000002604
812 0.0000002600
813 0.0000002596
814 0.0000002592
815 0.0000002588
816 0.0000002584
817 0.0000002580
818 0.0000002576
819 0.0000002572
820 0.0000002568
821 0.0000002564
822 0.0000002560
823 0.0000002556
824 0.0000002552
825 0.0000002548
826 0.0000002544
827 0.0000002540
828 0.0000002536
829 0.0000002532
830 0.0000002528
831 0.0000002524
832 0.0000002520
833 0.0000002516
834 0.0000002512
835 0.0000002509
836 0.0000002505
837 0.0000002501
838 0.0000002497
839 0.0000002493
840 0.0000002489
841 0.0000002485
842 0.0000002482
843 0.0000002478
844 0.0000002474
845 0.0000002470
846 0.0000002467
847 0.0000002463
848 0.0000002459
849 0.0000002455
850 0.0000002452
851 0.0000002448
852 0.0000002444
853 0.0000002440
854 0.0000002437
855 0.0000002433
856 0.0000002429
857 0.0000002426
858 0.0000002422
859 0.0000002418
860 0.0000002415
861 0.0000002411
862 0.0000002407
863 0.0000002404
864 0.0000002400
865 0.0000002397
866 0.0000002393
867 0.0000002389
868 0.0000002386
869 0.0000002382
870 0.0000002379
871 0.0000002375
872 0.0000002372
873 0.0000002368
874 0.0000002364
875 0.0000002361
876 0.0000002357
877 0.0000002354
878 0.0000002350
879 0.0000002347
880 0.0000002343
881 0.0000002340
882 0.0000002336
883 0.0000002333
884 0.0000002329
885 0.0000002326
886 0.0000002323
887 0.0000002319
888 0.0000002316
889 0.0000002312
890 0.0000002309
891 0.0000002305
892 0.0000002302
893 0.0000002299
894 0.0000002295
895 0.0000002292
896 0.0000002288
897 0.0000002285
898 0.0000002282
899 0.0000002278
900 0.0000002275
901 0.0000002272
902 0.0000002268
903 0.0000002265
904 0.0000002262
905 0.0000002258
906 0.0000002255
907 0.0000002252
908 0.0000002248
909 0.0000002245
910 0.0000002242
911 0.0000002238
912 0.0000002235
913 0.0000002232
914 0.0000002229
915 0.0000002225
916 0.0000002222
917 0.0000002219
918 0.0000002215
919 0.0000002212
920 0.0000002209
921 0.0000002206
922 0.0000002202
923 0.0000002199
924 0.0000002196
925 0.0000002193
926 0.0000002190
927 0.0000002186
928 0.0000002183
929 0.0000002180
930 0.0000002177
931 0.0000002173
932 0.0000002170
933 0.0000002167
934 0.0000002164
935 0.0000002161
936 0.0000002157
937 0.0000002154
938 0.0000002151
939 0.0000002148
940 0.0000002145
941 0.0000002141
942 0.0000002138
943 0.0000002135
944 0.0000002132
945 0.0000002129
946 0.0000002125
947 0.0000002122
948 0.0000002119
949 0.0000002116
950 0.0000002112
951 0.0000002109
952 0.0000002106
953 0.0000002103
954 0.0000002099
955 0.0000002096
956 0.0000002093
957 0.0000002090
958 0.0000002086
959 0.0000002083
960 0.0000002080
961 0.0000002076
962 0.0000002073
963 0.0000002070
964 0.0000002066
965 0.0000002063
966 0.0000002059
967 0.0000002056
968 0.0000002052
969 0.0000002048
970 0.0000002045
971 0.0000002041
972 0.0000002037
973 0.0000002033
974 0.0000002029
975 0.0000002024
976 0.0000002020
977 0.0000002015
978 0.0000002010
979 0.0000002004
980 0.0000001999
981 0.0000001992
982 0.0000001984
983 0.0000001975
984 0.0000001965
985 0.0000001950
986 0.0000001931
987 0.0000001901
988 0.0000001841
989 0.0000001641
990 0.0000000000
