1 818
0 0.9854192060
1 0.0037109416
2 0.0015224194
3 0.0010435595
4 0.0007546666
5 0.0005839417
6 0.0004724119
7 0.0003932669
8 0.0003342024
9 0.0002885822
10 0.0002523913
11 0.0002230509
12 0.0001988373
13 0.0001785580
14 0.0001613621
15 0.0001466264
16 0.0001338835
17 0.0001227765
18 0.0001130276
19 0.0001044179
20 0.0000967723
21 0.0000899491
22 0.0000838328
23 0.0000783278
24 0.0000733547
25 0.0000688469
26 0.0000647481
27 0.0000610106
28 0.0000575932
29 0.0000544610
30 0.0000515835
31 0.0000489341
32 0.0000464900
33 0.0000442308
34 0.0000421388
35 0.0000401983
36 0.0000383955
37 0.0000367180
38 0.0000351548
39 0.0000336961
40 0.0000323331
41 0.0000310578
42 0.0000298632
43 0.0000287428
44 0.0000276909
45 0.0000267021
46 0.0000257717
47 0.0000248953
48 0.0000240690
49 0.0000232892
50 0.0000225525
51 0.0000218560
52 0.0000211968
53 0.0000205725
54 0.0000199806
55 0.0000194191
56 0.0000188859
57 0.0000183792
58 0.0000178973
59 0.0000174387
60 0.0000170019
61 0.0000165856
62 0.0000161885
63 0.0000158095
64 0.0000154475
65 0.0000151014
66 0.0000147705
67 0.0000144537
68 0.0000141504
69 0.0000138597
70 0.0000135810
71 0.0000133135
72 0.0000130568
73 0.0000128101
74 0.0000125730
75 0.0000123449
76 0.0000121255
77 0.0000119142
78 0.0000117106
79 0.0000115143
80 0.0000113251
81 0.0000111424
82 0.0000109661
83 0.0000107957
84 0.0000106311
85 0.0000104719
86 0.0000103179
87 0.0000101688
88 0.0000100244
89 0.0000098845
90 0.0000097490
91 0.0000096175
92 0.0000094899
93 0.0000093661
94 0.0000092459
95 0.0000091291
96 0.0000090156
97 0.0000089052
98 0.0000087978
99 0.0000086934
100 0.0000085917
101 0.0000084927
102 0.0000083962
103 0.0000083022
104 0.0000082106
105 0.0000081212
106 0.0000080340
107 0.0000079489
108 0.0000078658
109 0.0000077847
110 0.0000077054
111 0.0000076279
112 0.0000075522
113 0.0000074782
114 0.0000074058
115 0.0000073349
116 0.0000072656
117 0.0000071977
118 0.0000071312
119 0.0000070661
120 0.0000070023
121 0.0000069398
122 0.0000068785
123 0.0000068184
124 0.0000067594
125 0.0000067016
126 0.0000066449
127 0.0000065892
128 0.0000065346
129 0.0000064809
130 0.0000064282
131 0.0000063764
132 0.0000063256
133 0.0000062756
134 0.0000062265
135 0.0000061782
136 0.0000061307
137 0.0000060840
138 0.0000060381
139 0.0000059929
140 0.0000059484
141 0.0000059046
142 0.0000058616
143 0.0000058192
144 0.0000057774
145 0.0000057363
146 0.0000056958
147 0.0000056560
148 0.0000056167
149 0.0000055780
150 0.0000055398
151 0.0000055022
152 0.0000054651
153 0.0000054286
154 0.0000053926
155 0.0000053570
156 0.0000053220
157 0.0000052874
158 0.0000052534
159 0.0000052197
160 0.0000051865
161 0.0000051538
162 0.0000051215
163 0.0000050896
164 0.0000050581
165 0.0000050270
166 0.0000049963
167 0.0000049660
168 0.0000049361
169 0.0000049065
170 0.0000048773
171 0.0000048485
172 0.0000048200
173 0.0000047919
174 0.0000047640
175 0.0000047366
176 0.0000047094
177 0.0000046826
178 0.0000046561
179 0.0000046299
180 0.0000046039
181 0.0000045783
182 0.0000045530
183 0.0000045279
184 0.0000045032
185 0.0000044787
186 0.0000044545
187 0.0000044305
188 0.0000044068
189 0.0000043834
190 0.0000043602
191 0.0000043373
192 0.0000043146
193 0.0000042921
194 0.0000042699
195 0.0000042479
196 0.0000042262
197 0.0000042046
198 0.0000041833
199 0.0000041622
200 0.0000041413
201 0.0000041207
202 0.0000041002
203 0.0000040799
204 0.0000040599
205 0.0000040400
206 0.0000040204
207 0.0000040009
208 0.0000039816
209 0.0000039625
210 0.0000039436
211 0.0000039249
212 0.0000039063
213 0.0000038879
214 0.0000038697
215 0.0000038517
216 0.0000038338
217 0.0000038161
218 0.0000037986
219 0.0000037812
220 0.0000037640
221 0.0000037470
222 0.0000037301
223 0.0000037133
224 0.0000036967
225 0.0000036803
226 0.0000036639
227 0.0000036478
228 0.0000036318
229 0.0000036159
230 0.0000036001
231 0.0000035845
232 0.0000035691
233 0.0000035537
234 0.0000035385
235 0.0000035235
236 0.0000035085
237 0.0000034937
238 0.0000034790
239 0.0000034644
240 0.0000034500
241 0.0000034357
242 0.0000034214
243 0.0000034073
244 0.0000033934
245 0.0000033795
246 0.0000033658
247 0.0000033521
248 0.0000033386
249 0.0000033252
250 0.0000033119
251 0.0000032987
252 0.0000032856
253 0.0000032726
254 0.0000032597
255 0.0000032469
256 0.0000032342
257 0.0000032216
258 0.0000032091
259 0.0000031967
260 0.0000031844
261 0.0000031722
262 0.0000031601
263 0.0000031480
264 0.0000031361
265 0.0000031243
266 0.0000031125
267 0.0000031008
268 0.0000030893
269 0.0000030778
270 0.0000030664
271 0.0000030550
272 0.0000030438
273 0.0000030326
274 0.0000030216
275 0.0000030106
276 0.0000029997
277 0.0000029888
278 0.0000029781
279 0.0000029674
280 0.0000029568
281 0.0000029462
282 0.0000029358
283 0.0000029254
284 0.0000029151
285 0.0000029049
286 0.0000028947
287 0.0000028846
288 0.0000028746
289 0.0000028646
290 0.0000028547
291 0.0000028449
292 0.0000028352
293 0.0000028255
294 0.0000028159
295 0.0000028063
296 0.0000027968
297 0.0000027874
298 0.0000027781
299 0.0000027687
300 0.0000027595
301 0.0000027503
302 0.0000027412
303 0.0000027322
304 0.0000027232
305 0.0000027142
306 0.0000027054
307 0.0000026965
308 0.0000026878
309 0.0000026791
310 0.0000026704
311 0.0000026618
312 0.0000026533
313 0.0000026448
314 0.0000026364
315 0.0000026280
316 0.0000026197
317 0.0000026114
318 0.0000026032
319 0.0000025950
320 0.0000025869
321 0.0000025788
322 0.0000025708
323 0.0000025629
324 0.0000025549
325 0.0000025471
326 0.0000025393
327 0.0000025315
328 0.0000025238
329 0.0000025161
330 0.0000025084
331 0.0000025009
332 0.0000024933
333 0.0000024858
334 0.0000024784
335 0.0000024710
336 0.0000024636
337 0.0000024563
338 0.0000024490
339 0.0000024418
340 0.0000024346
341 0.0000024274
342 0.0000024203
343 0.0000024133
344 0.0000024063
345 0.0000023993
346 0.0000023923
347 0.0000023854
348 0.0000023786
349 0.0000023717
350 0.0000023650
351 0.0000023582
352 0.0000023515
353 0.0000023448
354 0.0000023382
355 0.0000023316
356 0.0000023251
357 0.0000023185
358 0.0000023121
359 0.0000023056
360 0.0000022992
361 0.0000022928
362 0.0000022865
363 0.0000022802
364 0.0000022739
365 0.0000022677
366 0.0000022615
367 0.0000022553
368 0.0000022492
369 0.0000022431
370 0.0000022370
371 0.0000022309
372 0.0000022249
373 0.0000022190
374 0.0000022130
375 0.0000022071
376 0.0000022012
377 0.0000021954
378 0.0000021896
379 0.0000021838
380 0.0000021780
381 0.0000021723
382 0.0000021666
383 0.0000021610
384 0.0000021553
385 0.0000021497
386 0.0000021441
387 0.0000021386
388 0.0000021331
389 0.0000021276
390 0.0000021221
391 0.0000021167
392 0.0000021113
393 0.0000021059
394 0.0000021005
395 0.0000020952
396 0.0000020899
397 0.0000020846
398 0.0000020794
399 0.0000020742
400 0.0000020690
401 0.0000020638
402 0.0000020587
403 0.0000020536
404 0.0000020485
405 0.0000020434
406 0.0000020384
407 0.0000020333
408 0.0000020284
409 0.0000020234
410 0.0000020184
411 0.0000020135
412 0.0000020086
413 0.0000020038
414 0.0000019989
415 0.0000019941
416 0.0000019893
417 0.0000019845
418 0.0000019797
419 0.0000019750
420 0.0000019703
421 0.0000019656
422 0.0000019609
423 0.0000019563
424 0.0000019517
425 0.0000019471
426 0.0000019425
427 0.0000019379
428 0.0000019334
429 0.0000019289
430 0.0000019244
431 0.0000019199
432 0.0000019155
433 0.0000019110
434 0.0000019066
435 0.0000019022
436 0.0000018979
437 0.0000018935
438 0.0000018892
439 0.0000018849
440 0.0000018806
441 0.0000018763
442 0.0000018720
443 0.0000018678
444 0.0000018636
445 0.0000018594
446 0.0000018552
447 0.0000018511
448 0.0000018469
449 0.0000018428
450 0.0000018387
451 0.0000018346
452 0.0000018305
453 0.0000018265
454 0.0000018225
455 0.0000018184
456 0.0000018144
457 0.0000018105
458 0.0000018065
459 0.0000018026
460 0.0000017986
461 0.0000017947
462 0.0000017908
463 0.0000017869
464 0.0000017831
465 0.0000017792
466 0.0000017754
467 0.0000017716
468 0.0000017678
469 0.0000017640
470 0.0000017603
471 0.0000017565
472 0.0000017528
473 0.0000017491
474 0.0000017454
475 0.0000017417
476 0.0000017380
477 0.0000017344
478 0.0000017307
479 0.0000017271
480 0.0000017235
481 0.0000017199
482 0.0000017163
483 0.0000017127
484 0.0000017092
485 0.0000017057
486 0.0000017021
487 0.0000016986
488 0.0000016951
489 0.0000016917
490 0.0000016882
491 0.0000016848
492 0.0000016813
493 0.0000016779
494 0.0000016745
495 0.0000016711
496 0.0000016677
497 0.0000016644
498 0.0000016610
499 0.0000016577
500 0.0000016543
501 0.0000016510
502 0.0000016477
503 0.0000016444
504 0.0000016412
505 0.0000016379
506 0.0000016347
507 0.0000016314
508 0.0000016282
509 0.0000016250
510 0.0000016218
511 0.0000016186
512 0.0000016154
513 0.0000016123
514 0.0000016091
515 0.0000016060
516 0.0000016029
517 0.0000015997
518 0.0000015966
519 0.0000015936
520 0.0000015905
521 0.0000015874
522 0.0000015844
523 0.0000015813
524 0.0000015783
525 0.0000015753
526 0.0000015723
527 0.0000015693
528 0.0000015663
529 0.0000015633
530 0.0000015603
531 0.0000015574
532 0.0000015545
533 0.0000015515
534 0.0000015486
535 0.0000015457
536 0.0000015428
537 0.0000015399
538 0.0000015370
539 0.0000015342
540 0.0000015313
541 0.0000015285
542 0.0000015256
543 0.0000015228
544 0.0000015200
545 0.0000015172
546 0.0000015144
547 0.0000015116
548 0.0000015089
549 0.0000015061
550 0.0000015033
551 0.0000015006
552 0.0000014979
553 0.0000014951
554 0.0000014924
555 0.0000014897
556 0.0000014870
557 0.0000014843
558 0.0000014817
559 0.0000014790
560 0.0000014763
561 0.0000014737
562 0.0000014711
563 0.0000014684
564 0.0000014658
565 0.0000014632
566 0.0000014606
567 0.0000014580
568 0.0000014554
569 0.0000014529
570 0.0000014503
571 0.0000014477
572 0.0000014452
573 0.0000014427
574 0.0000014401
575 0.0000014376
576 0.0000014351
577 0.0000014326
578 0.0000014301
579 0.0000014276
580 0.0000014251
581 0.0000014227
582 0.0000014202
583 0.0000014177
584 0.0000014153
585 0.0000014129
586 0.0000014104
587 0.0000014080
588 0.0000014056
589 0.0000014032
590 0.0000014008
591 0.0000013984
592 0.0000013960
593 0.0000013937
594 0.0000013913
595 0.0000013889
596 0.0000013866
597 0.0000013842
598 0.0000013819
599 0.0000013796
600 0.0000013773
601 0.0000013749
602 0.0000013726
603 0.0000013703
604 0.0000013681
605 0.0000013658
606 0.0000013635
607 0.0000013612
608 0.0000013590
609 0.0000013567
610 0.0000013545
611 0.0000013522
612 0.0000013500
613 0.0000013478
614 0.0000013456
615 0.0000013434
616 0.0000013412
617 0.0000013390
618 0.0000013368
619 0.0000013346
620 0.0000013324
621 0.0000013302
622 0.0000013281
623 0.0000013259
624 0.0000013238
625 0.0000013216
626 0.0000013195
627 0.0000013174
628 0.0000013152
629 0.0000013131
630 0.0000013110
631 0.0000013089
632 0.0000013068
633 0.0000013047
634 0.0000013026
635 0.0000013006
636 0.0000012985
637 0.0000012964
638 0.0000012944
639 0.0000012923
640 0.0000012903
641 0.0000012882
642 0.0000012862
643 0.0000012842
644 0.0000012821
645 0.0000012801
646 0.0000012781
647 0.0000012761
648 0.0000012741
649 0.0000012721
650 0.0000012701
651 0.0000012681
652 0.0000012662
653 0.0000012642
654 0.0000012622
655 0.0000012603
656 0.0000012583
657 0.0000012564
658 0.0000012544
659 0.0000012525
660 0.0000012506
661 0.0000012486
662 0.0000012467
663 0.0000012448
664 0.0000012429
665 0.0000012410
666 0.0000012391
667 0.0000012372
668 0.0000012353
669 0.0000012334
670 0.0000012315
671 0.0000012297
672 0.0000012278
673 0.0000012259
674 0.0000012241
675 0.0000012222
676 0.0000012204
677 0.0000012185
678 0.0000012167
679 0.0000012149
680 0.0000012130
681 0.0000012112
682 0.0000012094
683 0.0000012076
684 0.0000012058
685 0.0000012039
686 0.0000012021
687 0.0000012004
688 0.0000011986
689 0.0000011968
690 0.0000011950
691 0.0000011932
692 0.0000011914
693 0.0000011897
694 0.0000011879
695 0.0000011861
696 0.0000011844
697 0.0000011826
698 0.0000011809
699 0.0000011791
700 0.0000011774
701 0.0000011757
702 0.0000011739
703 0.0000011722
704 0.0000011705
705 0.0000011687
706 0.0000011670
707 0.0000011653
708 0.0000011636
709 0.0000011619
710 0.0000011602
711 0.0000011585
712 0.0000011568
713 0.0000011551
714 0.0000011534
715 0.0000011517
716 0.0000011501
717 0.0000011484
718 0.0000011467
719 0.0000011450
720 0.0000011434
721 0.0000011417
722 0.0000011400
723 0.0000011384
724 0.0000011367
725 0.0000011351
726 0.0000011334
727 0.0000011318
728 0.0000011301
729 0.0000011285
730 0.0000011269
731 0.0000011252
732 0.0000011236
733 0.0000011220
734 0.0000011203
735 0.0000011187
736 0.0000011171
737 0.0000011155
738 0.0000011139
739 0.0000011122
740 0.0000011106
741 0.0000011090
742 0.0000011074
743 0.0000011058
744 0.0000011042
745 0.0000011026
746 0.0000011010
747 0.0000010994
748 0.0000010978
749 0.0000010962
750 0.0000010946
751 0.0000010930
752 0.0000010914
753 0.0000010898
754 0.0000010882
755 0.0000010866
756 0.0000010850
757 0.0000010834
758 0.0000010818
759 0.0000010802
760 0.0000010786
761 0.0000010770
762 0.0000010754
763 0.0000010738
764 0.0000010722
765 0.0000010706
766 0.0000010690
767 0.0000010674
768 0.0000010658
769 0.0000010642
770 0.0000010626
771 0.0000010610
772 0.0000010594
773 0.0000010578
774 0.0000010562
775 0.0000010545
776 0.0000010529
777 0.0000010513
778 0.0000010496
779 0.0000010480
780 0.0000010463
781 0.0000010447
782 0.0000010430
783 0.0000010413
784 0.0000010397
785 0.0000010380
786 0.0000010363
787 0.0000010346
788 0.0000010328
789 0.0000010311
790 0.0000010294
791 0.0000010276
792 0.0000010258
793 0.0000010240
794 0.0000010221
795 0.0000010203
796 0.0000010184
797 0.0000010165
798 0.0000010145
799 0.0000010125
800 0.0000010104
801 0.0000010083
802 0.0000010061
803 0.0000010038
804 0.0000010015
805 0.0000009990
806 0.0000009963
807 0.0000009934
808 0.0000009903
809 0.0000009869
810 0.0000009830
811 0.0000009784
812 0.0000009728
813 0.0000009657
814 0.0000009558
815 0.0000009409
816 0.0000009114
817 0.0000008122
818 0.0000000000
