1 462
0 0.9939821045
1 0.0027777762
2 0.0006895488
3 0.0003856154
4 0.0002365221
5 0.0001628981
6 0.0001217811
7 0.0000961445
8 0.0000789287
9 0.0000667212
10 0.0000576734
11 0.0000507164
12 0.0000452028
13 0.0000407237
14 0.0000370109
15 0.0000338817
16 0.0000312080
17 0.0000288970
18 0.0000268797
19 0.0000251041
20 0.0000235297
21 0.0000221248
22 0.0000208640
23 0.0000197267
24 0.0000186961
25 0.0000177583
26 0.0000169016
27 0.0000161164
28 0.0000153942
29 0.0000147281
30 0.0000141120
31 0.0000135407
32 0.0000130095
33 0.0000125146
34 0.0000120525
35 0.0000116201
36 0.0000112148
37 0.0000108342
38 0.0000104761
39 0.0000101388
40 0.0000098205
41 0.0000095197
42 0.0000092350
43 0.0000089653
44 0.0000087094
45 0.0000084663
46 0.0000082352
47 0.0000080151
48 0.0000078054
49 0.0000076054
50 0.0000074144
51 0.0000072318
52 0.0000070572
53 0.0000068900
54 0.0000067298
55 0.0000065762
56 0.0000064288
57 0.0000062872
58 0.0000061511
59 0.0000060203
60 0.0000058943
61 0.0000057730
62 0.0000056562
63 0.0000055435
64 0.0000054348
65 0.0000053299
66 0.0000052286
67 0.0000051307
68 0.0000050360
69 0.0000049445
70 0.0000048559
71 0.0000047701
72 0.0000046870
73 0.0000046065
74 0.0000045284
75 0.0000044527
76 0.0000043793
77 0.0000043079
78 0.0000042387
79 0.0000041714
80 0.0000041061
81 0.0000040426
82 0.0000039808
83 0.0000039207
84 0.0000038622
85 0.0000038052
86 0.0000037498
87 0.0000036958
88 0.0000036432
89 0.0000035919
90 0.0000035419
91 0.0000034932
92 0.0000034456
93 0.0000033992
94 0.0000033539
95 0.0000033097
96 0.0000032665
97 0.0000032244
98 0.0000031832
99 0.0000031429
100 0.0000031036
101 0.0000030651
102 0.0000030275
103 0.0000029907
104 0.0000029547
105 0.0000029195
106 0.0000028851
107 0.0000028513
108 0.0000028183
109 0.0000027859
110 0.0000027543
111 0.0000027232
112 0.0000026928
113 0.0000026630
114 0.0000026338
115 0.0000026051
116 0.0000025770
117 0.0000025495
118 0.0000025225
119 0.0000024960
120 0.0000024700
121 0.0000024445
122 0.0000024194
123 0.0000023948
124 0.0000023707
125 0.0000023470
126 0.0000023237
127 0.0000023008
128 0.0000022784
129 0.0000022563
130 0.0000022346
131 0.0000022133
132 0.0000021923
133 0.0000021717
134 0.0000021515
135 0.0000021316
136 0.0000021120
137 0.0000020927
138 0.0000020738
139 0.0000020552
140 0.0000020368
141 0.0000020188
142 0.0000020010
143 0.0000019835
144 0.0000019663
145 0.0000019494
146 0.0000019327
147 0.0000019163
148 0.0000019001
149 0.0000018842
150 0.0000018685
151 0.0000018531
152 0.0000018379
153 0.0000018229
154 0.0000018081
155 0.0000017935
156 0.0000017792
157 0.0000017650
158 0.0000017511
159 0.0000017374
160 0.0000017238
161 0.0000017104
162 0.0000016973
163 0.0000016843
164 0.0000016715
165 0.0000016588
166 0.0000016463
167 0.0000016340
168 0.0000016219
169 0.0000016099
170 0.0000015981
171 0.0000015865
172 0.0000015750
173 0.0000015636
174 0.0000015524
175 0.0000015413
176 0.0000015304
177 0.0000015196
178 0.0000015090
179 0.0000014984
180 0.0000014881
181 0.0000014778
182 0.0000014677
183 0.0000014577
184 0.0000014478
185 0.0000014380
186 0.0000014284
187 0.0000014189
188 0.0000014095
189 0.0000014002
190 0.0000013910
191 0.0000013819
192 0.0000013729
193 0.0000013640
194 0.0000013553
195 0.0000013466
196 0.0000013380
197 0.0000013296
198 0.0000013212
199 0.0000013129
200 0.0000013047
201 0.0000012966
202 0.0000012886
203 0.0000012807
204 0.0000012729
205 0.0000012652
206 0.0000012575
207 0.0000012499
208 0.0000012424
209 0.0000012350
210 0.0000012277
211 0.0000012204
212 0.0000012133
213 0.0000012062
214 0.0000011991
215 0.0000011922
216 0.0000011853
217 0.0000011785
218 0.0000011718
219 0.0000011651
220 0.0000011585
221 0.0000011520
222 0.0000011455
223 0.0000011391
224 0.0000011328
225 0.0000011265
226 0.0000011203
227 0.0000011141
228 0.0000011080
229 0.0000011020
230 0.0000010960
231 0.0000010901
232 0.0000010842
233 0.0000010784
234 0.0000010727
235 0.0000010670
236 0.0000010614
237 0.0000010558
238 0.0000010503
239 0.0000010448
240 0.0000010394
241 0.0000010340
242 0.0000010287
243 0.0000010234
244 0.0000010182
245 0.0000010130
246 0.0000010079
247 0.0000010028
248 0.0000009977
249 0.0000009927
250 0.0000009878
251 0.0000009829
252 0.0000009780
253 0.0000009732
254 0.0000009684
255 0.0000009637
256 0.0000009590
257 0.0000009543
258 0.0000009497
259 0.0000009452
260 0.0000009406
261 0.0000009361
262 0.0000009317
263 0.0000009273
264 0.0000009229
265 0.0000009185
266 0.0000009142
267 0.0000009100
268 0.0000009057
269 0.0000009015
270 0.0000008974
271 0.0000008933
272 0.0000008892
273 0.0000008851
274 0.0000008811
275 0.0000008771
276 0.0000008731
277 0.0000008692
278 0.0000008653
279 0.0000008614
280 0.0000008576
281 0.0000008538
282 0.0000008500
283 0.0000008463
284 0.0000008425
285 0.0000008388
286 0.0000008352
287 0.0000008316
288 0.0000008280
289 0.0000008244
290 0.0000008208
291 0.0000008173
292 0.0000008138
293 0.0000008104
294 0.0000008069
295 0.0000008035
296 0.0000008001
297 0.0000007968
298 0.0000007934
299 0.0000007901
300 0.0000007868
301 0.0000007836
302 0.0000007803
303 0.0000007771
304 0.0000007739
305 0.0000007708
306 0.0000007676
307 0.0000007645
308 0.0000007614
309 0.0000007583
310 0.0000007553
311 0.0000007522
312 0.0000007492
313 0.0000007462
314 0.0000007433
315 0.0000007403
316 0.0000007374
317 0.0000007345
318 0.0000007316
319 0.0000007287
320 0.0000007259
321 0.0000007231
322 0.0000007203
323 0.0000007175
324 0.0000007147
325 0.0000007120
326 0.0000007092
327 0.0000007065
328 0.0000007038
329 0.0000007011
330 0.0000006985
331 0.0000006958
332 0.0000006932
333 0.0000006906
334 0.0000006880
335 0.0000006855
336 0.0000006829
337 0.0000006804
338 0.0000006779
339 0.0000006753
340 0.0000006729
341 0.0000006704
342 0.0000006679
343 0.0000006655
344 0.0000006631
345 0.0000006607
346 0.0000006583
347 0.0000006559
348 0.0000006535
349 0.0000006512
350 0.0000006489
351 0.0000006465
352 0.0000006442
353 0.0000006419
354 0.0000006397
355 0.0000006374
356 0.0000006352
357 0.0000006329
358 0.0000006307
359 0.0000006285
360 0.0000006263
361 0.0000006241
362 0.0000006220
363 0.0000006198
364 0.0000006177
365 0.0000006155
366 0.0000006134
367 0.0000006113
368 0.0000006092
369 0.0000006071
370 0.0000006051
371 0.0000006030
372 0.0000006010
373 0.0000005989
374 0.0000005969
375 0.0000005949
376 0.0000005929
377 0.0000005909
378 0.0000005890
379 0.0000005870
380 0.0000005850
381 0.0000005831
382 0.0000005812
383 0.0000005792
384 0.0000005773
385 0.0000005754
386 0.0000005735
387 0.0000005717
388 0.0000005698
389 0.0000005679
390 0.0000005661
391 0.0000005642
392 0.0000005624
393 0.0000005606
394 0.0000005588
395 0.0000005569
396 0.0000005551
397 0.0000005534
398 0.0000005516
399 0.0000005498
400 0.0000005480
401 0.0000005463
402 0.0000005445
403 0.0000005428
404 0.0000005411
405 0.0000005393
406 0.0000005376
407 0.0000005359
408 0.0000005342
409 0.0000005325
410 0.0000005308
411 0.0000005291
412 0.0000005275
413 0.0000005258
414 0.0000005241
415 0.0000005225
416 0.0000005208
417 0.0000005192
418 0.0000005175
419 0.0000005159
420 0.0000005142
421 0.0000005126
422 0.0000005110
423 0.0000005093
424 0.0000005077
425 0.0000005061
426 0.0000005045
427 0.0000005028
428 0.0000005012
429 0.0000004996
430 0.0000004980
431 0.0000004963
432 0.0000004947
433 0.0000004931
434 0.0000004914
435 0.0000004897
436 0.0000004881
437 0.0000004864
438 0.0000004847
439 0.0000004830
440 0.0000004812
441 0.0000004795
442 0.0000004777
443 0.0000004758
444 0.0000004740
445 0.0000004720
446 0.0000004700
447 0.0000004680
448 0.0000004658
449 0.0000004635
450 0.0000004610
451 0.0000004584
452 0.0000004555
453 0.0000004524
454 0.0000004488
455 0.0000004446
456 0.0000004397
457 0.0000004337
458 0.0000004261
459 0.0000004157
460 0.0000003985
461 0.0000003514
462 0.0000000000
