1 614
0 0.9854124729
1 0.0039977229
2 0.0016181553
3 0.0010974407
4 0.0007848509
5 0.0006009012
6 0.0004813198
7 0.0003969414
8 0.0003343637
9 0.0002863530
10 0.0002485342
11 0.0002180997
12 0.0001931740
13 0.0001724605
14 0.0001550353
15 0.0001402223
16 0.0001275155
17 0.0001165285
18 0.0001069619
19 0.0000985799
20 0.0000911943
21 0.0000846537
22 0.0000788343
23 0.0000736347
24 0.0000689706
25 0.0000647717
26 0.0000609787
27 0.0000575417
28 0.0000544178
29 0.0000515708
30 0.0000489690
31 0.0000465855
32 0.0000443967
33 0.0000423821
34 0.0000405238
35 0.0000388061
36 0.0000372151
37 0.0000357386
38 0.0000343659
39 0.0000330873
40 0.0000318943
41 0.0000307793
42 0.0000297355
43 0.0000287568
44 0.0000278378
45 0.0000269734
46 0.0000261594
47 0.0000253915
48 0.0000246664
49 0.0000239806
50 0.0000233312
51 0.0000227155
52 0.0000221310
53 0.0000215755
54 0.0000210469
55 0.0000205434
56 0.0000200632
57 0.0000196049
58 0.0000191669
59 0.0000187479
60 0.0000183467
61 0.0000179622
62 0.0000175933
63 0.0000172392
64 0.0000168989
65 0.0000165716
66 0.0000162566
67 0.0000159532
68 0.0000156606
69 0.0000153784
70 0.0000151060
71 0.0000148428
72 0.0000145884
73 0.0000143422
74 0.0000141040
75 0.0000138732
76 0.0000136496
77 0.0000134328
78 0.0000132224
79 0.0000130182
80 0.0000128199
81 0.0000126272
82 0.0000124399
83 0.0000122577
84 0.0000120804
85 0.0000119078
86 0.0000117397
87 0.0000115760
88 0.0000114164
89 0.0000112607
90 0.0000111089
91 0.0000109608
92 0.0000108163
93 0.0000106751
94 0.0000105373
95 0.0000104026
96 0.0000102709
97 0.0000101422
98 0.0000100163
99 0.0000098932
100 0.0000097727
101 0.0000096548
102 0.0000095394
103 0.0000094264
104 0.0000093157
105 0.0000092072
106 0.0000091010
107 0.0000089968
108 0.0000088947
109 0.0000087945
110 0.0000086963
111 0.0000086000
112 0.0000085055
113 0.0000084128
114 0.0000083217
115 0.0000082324
116 0.0000081446
117 0.0000080584
118 0.0000079738
119 0.0000078907
120 0.0000078090
121 0.0000077287
122 0.0000076498
123 0.0000075723
124 0.0000074960
125 0.0000074211
126 0.0000073473
127 0.0000072748
128 0.0000072035
129 0.0000071334
130 0.0000070643
131 0.0000069964
132 0.0000069295
133 0.0000068637
134 0.0000067989
135 0.0000067352
136 0.0000066724
137 0.0000066105
138 0.0000065496
139 0.0000064896
140 0.0000064305
141 0.0000063723
142 0.0000063149
143 0.0000062584
144 0.0000062027
145 0.0000061478
146 0.0000060937
147 0.0000060403
148 0.0000059877
149 0.0000059359
150 0.0000058848
151 0.0000058343
152 0.0000057846
153 0.0000057356
154 0.0000056872
155 0.0000056395
156 0.0000055924
157 0.0000055459
158 0.0000055001
159 0.0000054549
160 0.0000054103
161 0.0000053662
162 0.0000053227
163 0.0000052798
164 0.0000052374
165 0.0000051956
166 0.0000051543
167 0.0000051135
168 0.0000050732
169 0.0000050335
170 0.0000049942
171 0.0000049554
172 0.0000049171
173 0.0000048793
174 0.0000048419
175 0.0000048049
176 0.0000047685
177 0.0000047324
178 0.0000046968
179 0.0000046616
180 0.0000046268
181 0.0000045924
182 0.0000045584
183 0.0000045248
184 0.0000044916
185 0.0000044588
186 0.0000044263
187 0.0000043943
188 0.0000043626
189 0.0000043312
190 0.0000043002
191 0.0000042695
192 0.0000042392
193 0.0000042092
194 0.0000041796
195 0.0000041502
196 0.0000041212
197 0.0000040925
198 0.0000040641
199 0.0000040360
200 0.0000040083
201 0.0000039808
202 0.0000039536
203 0.0000039267
204 0.0000039000
205 0.0000038737
206 0.0000038476
207 0.0000038218
208 0.0000037963
209 0.0000037710
210 0.0000037460
211 0.0000037212
212 0.0000036967
213 0.0000036724
214 0.0000036484
215 0.0000036246
216 0.0000036011
217 0.0000035778
218 0.0000035547
219 0.0000035319
220 0.0000035092
221 0.0000034868
222 0.0000034646
223 0.0000034427
224 0.0000034209
225 0.0000033994
226 0.0000033780
227 0.0000033569
228 0.0000033359
229 0.0000033152
230 0.0000032947
231 0.0000032743
232 0.0000032541
233 0.0000032342
234 0.0000032144
235 0.0000031948
236 0.0000031754
237 0.0000031561
238 0.0000031370
239 0.0000031181
240 0.0000030994
241 0.0000030809
242 0.0000030625
243 0.0000030443
244 0.0000030262
245 0.0000030083
246 0.0000029906
247 0.0000029730
248 0.0000029556
249 0.0000029383
250 0.0000029212
251 0.0000029042
252 0.0000028874
253 0.0000028707
254 0.0000028542
255 0.0000028378
256 0.0000028215
257 0.0000028054
258 0.0000027895
259 0.0000027736
260 0.0000027579
261 0.0000027424
262 0.0000027269
263 0.0000027116
264 0.0000026964
265 0.0000026814
266 0.0000026665
267 0.0000026516
268 0.0000026370
269 0.0000026224
270 0.0000026080
271 0.0000025936
272 0.0000025794
273 0.0000025653
274 0.0000025514
275 0.0000025375
276 0.0000025237
277 0.0000025101
278 0.0000024966
279 0.0000024831
280 0.0000024698
281 0.0000024566
282 0.0000024435
283 0.0000024305
284 0.0000024176
285 0.0000024048
286 0.0000023921
287 0.0000023795
288 0.0000023670
289 0.0000023546
290 0.0000023423
291 0.0000023300
292 0.0000023179
293 0.0000023059
294 0.0000022939
295 0.0000022821
296 0.0000022703
297 0.0000022587
298 0.0000022471
299 0.0000022356
300 0.0000022242
301 0.0000022129
302 0.0000022016
303 0.0000021905
304 0.0000021794
305 0.0000021684
306 0.0000021575
307 0.0000021467
308 0.0000021359
309 0.0000021252
310 0.0000021146
311 0.0000021041
312 0.0000020937
313 0.0000020833
314 0.0000020730
315 0.0000020628
316 0.0000020527
317 0.0000020426
318 0.0000020326
319 0.0000020227
320 0.0000020128
321 0.0000020030
322 0.0000019933
323 0.0000019837
324 0.0000019741
325 0.0000019646
326 0.0000019551
327 0.0000019457
328 0.0000019364
329 0.0000019272
330 0.0000019180
331 0.0000019089
332 0.0000018998
333 0.0000018908
334 0.0000018819
335 0.0000018730
336 0.0000018642
337 0.0000018554
338 0.0000018467
339 0.0000018381
340 0.0000018295
341 0.0000018210
342 0.0000018125
343 0.0000018041
344 0.0000017958
345 0.0000017875
346 0.0000017792
347 0.0000017710
348 0.0000017629
349 0.0000017548
350 0.0000017468
351 0.0000017388
352 0.0000017309
353 0.0000017231
354 0.0000017152
355 0.0000017075
356 0.0000016998
357 0.0000016921
358 0.0000016845
359 0.0000016769
360 0.0000016694
361 0.0000016619
362 0.0000016545
363 0.0000016471
364 0.0000016398
365 0.0000016325
366 0.0000016253
367 0.0000016181
368 0.0000016110
369 0.0000016039
370 0.0000015968
371 0.0000015898
372 0.0000015828
373 0.0000015759
374 0.0000015690
375 0.0000015622
376 0.0000015554
377 0.0000015487
378 0.0000015419
379 0.0000015353
380 0.0000015286
381 0.0000015221
382 0.0000015155
383 0.0000015090
384 0.0000015025
385 0.0000014961
386 0.0000014897
387 0.0000014834
388 0.0000014771
389 0.0000014708
390 0.0000014646
391 0.0000014584
392 0.0000014522
393 0.0000014461
394 0.0000014400
395 0.0000014340
396 0.0000014279
397 0.0000014220
398 0.0000014160
399 0.0000014101
400 0.0000014042
401 0.0000013984
402 0.0000013926
403 0.0000013868
404 0.0000013811
405 0.0000013754
406 0.0000013697
407 0.0000013641
408 0.0000013585
409 0.0000013529
410 0.0000013474
411 0.0000013419
412 0.0000013364
413 0.0000013309
414 0.0000013255
415 0.0000013202
416 0.0000013148
417 0.0000013095
418 0.0000013042
419 0.0000012989
420 0.0000012937
421 0.0000012885
422 0.0000012833
423 0.0000012782
424 0.0000012731
425 0.0000012680
426 0.0000012629
427 0.0000012579
428 0.0000012529
429 0.0000012479
430 0.0000012430
431 0.0000012381
432 0.0000012332
433 0.0000012283
434 0.0000012235
435 0.0000012187
436 0.0000012139
437 0.0000012091
438 0.0000012044
439 0.0000011997
440 0.0000011950
441 0.0000011904
442 0.0000011857
443 0.0000011811
444 0.0000011765
445 0.0000011720
446 0.0000011675
447 0.0000011630
448 0.0000011585
449 0.0000011540
450 0.0000011496
451 0.0000011452
452 0.0000011408
453 0.0000011364
454 0.0000011321
455 0.0000011278
456 0.0000011235
457 0.0000011192
458 0.0000011150
459 0.0000011107
460 0.0000011065
461 0.0000011023
462 0.0000010982
463 0.0000010940
464 0.0000010899
465 0.0000010858
466 0.0000010818
467 0.0000010777
468 0.0000010737
469 0.0000010697
470 0.0000010657
471 0.0000010617
472 0.0000010577
473 0.0000010538
474 0.0000010499
475 0.0000010460
476 0.0000010421
477 0.0000010383
478 0.0000010344
479 0.0000010306
480 0.0000010268
481 0.0000010231
482 0.0000010193
483 0.0000010156
484 0.0000010118
485 0.0000010081
486 0.0000010045
487 0.0000010008
488 0.0000009972
489 0.0000009935
490 0.0000009899
491 0.0000009863
492 0.0000009827
493 0.0000009792
494 0.0000009756
495 0.0000009721
496 0.0000009686
497 0.0000009651
498 0.0000009617
499 0.0000009582
500 0.0000009548
501 0.0000009513
502 0.0000009479
503 0.0000009445
504 0.0000009412
505 0.0000009378
506 0.0000009345
507 0.0000009311
508 0.0000009278
509 0.0000009245
510 0.0000009212
511 0.0000009180
512 0.0000009147
513 0.0000009115
514 0.0000009083
515 0.0000009051
516 0.0000009019
517 0.0000008987
518 0.0000008955
519 0.0000008924
520 0.0000008893
521 0.0000008861
522 0.0000008830
523 0.0000008799
524 0.0000008769
525 0.0000008738
526 0.0000008707
527 0.0000008677
528 0.0000008647
529 0.0000008617
530 0.0000008587
531 0.0000008557
532 0.0000008527
533 0.0000008498
534 0.0000008468
535 0.0000008439
536 0.0000008409
537 0.0000008380
538 0.0000008351
539 0.0000008322
540 0.0000008294
541 0.0000008265
542 0.0000008236
543 0.0000008208
544 0.0000008180
545 0.0000008152
546 0.0000008123
547 0.0000008095
548 0.0000008068
549 0.0000008040
550 0.0000008012
551 0.0000007985
552 0.0000007957
553 0.0000007930
554 0.0000007902
555 0.0000007875
556 0.0000007848
557 0.0000007821
558 0.0000007794
559 0.0000007767
560 0.0000007741
561 0.0000007714
562 0.0000007687
563 0.0000007661
564 0.0000007634
565 0.0000007608
566 0.0000007582
567 0.0000007556
568 0.0000007529
569 0.0000007503
570 0.0000007477
571 0.0000007451
572 0.0000007425
573 0.0000007400
574 0.0000007374
575 0.0000007348
576 0.0000007322
577 0.0000007296
578 0.0000007271
579 0.0000007245
580 0.0000007219
581 0.0000007194
582 0.0000007168
583 0.0000007142
584 0.0000007116
585 0.0000007091
586 0.0000007065
587 0.0000007039
588 0.0000007013
589 0.0000006987
590 0.0000006961
591 0.0000006935
592 0.0000006909
593 0.0000006882
594 0.0000006855
595 0.0000006828
596 0.0000006801
597 0.0000006773
598 0.0000006745
599 0.0000006717
600 0.0000006687
601 0.0000006657
602 0.0000006626
603 0.0000006594
604 0.0000006560
605 0.0000006524
606 0.0000006484
607 0.0000006441
608 0.0000006391
609 0.0000006330
610 0.0000006252
611 0.0000006141
612 0.0000005934
613 0.0000005273
614 0.0000000000
