1 744
0 0.9854276622
1 0.0036830651
2 0.0015223416
3 0.0010482583
4 0.0007624226
5 0.0005933157
6 0.0004826536
7 0.0004039855
8 0.0003451634
9 0.0002996311
10 0.0002634220
11 0.0002339893
12 0.0002096306
13 0.0001891683
14 0.0001717621
15 0.0001567965
16 0.0001438099
17 0.0001324496
18 0.0001224413
19 0.0001135686
20 0.0001056584
21 0.0000985707
22 0.0000921911
23 0.0000864251
24 0.0000811942
25 0.0000764323
26 0.0000720836
27 0.0000681008
28 0.0000644431
29 0.0000610756
30 0.0000579681
31 0.0000550942
32 0.0000524311
33 0.0000499584
34 0.0000476585
35 0.0000455157
36 0.0000435160
37 0.0000416471
38 0.0000398979
39 0.0000382585
40 0.0000367201
41 0.0000352746
42 0.0000339149
43 0.0000326344
44 0.0000314271
45 0.0000302878
46 0.0000292116
47 0.0000281939
48 0.0000272308
49 0.0000263184
50 0.0000254534
51 0.0000246327
52 0.0000238534
53 0.0000231127
54 0.0000224084
55 0.0000217380
56 0.0000210996
57 0.0000204911
58 0.0000199109
59 0.0000193572
60 0.0000188284
61 0.0000183233
62 0.0000178403
63 0.0000173784
64 0.0000169362
65 0.0000165128
66 0.0000161071
67 0.0000157181
68 0.0000153450
69 0.0000149870
70 0.0000146433
71 0.0000143131
72 0.0000139957
73 0.0000136906
74 0.0000133971
75 0.0000131146
76 0.0000128426
77 0.0000125806
78 0.0000123281
79 0.0000120847
80 0.0000118499
81 0.0000116234
82 0.0000114047
83 0.0000111936
84 0.0000109896
85 0.0000107925
86 0.0000106019
87 0.0000104175
88 0.0000102392
89 0.0000100666
90 0.0000098994
91 0.0000097375
92 0.0000095807
93 0.0000094286
94 0.0000092812
95 0.0000091382
96 0.0000089995
97 0.0000088648
98 0.0000087341
99 0.0000086071
100 0.0000084837
101 0.0000083639
102 0.0000082473
103 0.0000081340
104 0.0000080237
105 0.0000079164
106 0.0000078120
107 0.0000077103
108 0.0000076113
109 0.0000075148
110 0.0000074208
111 0.0000073292
112 0.0000072399
113 0.0000071527
114 0.0000070677
115 0.0000069848
116 0.0000069038
117 0.0000068248
118 0.0000067476
119 0.0000066722
120 0.0000065985
121 0.0000065265
122 0.0000064561
123 0.0000063873
124 0.0000063200
125 0.0000062541
126 0.0000061897
127 0.0000061266
128 0.0000060649
129 0.0000060045
130 0.0000059453
131 0.0000058873
132 0.0000058305
133 0.0000057748
134 0.0000057202
135 0.0000056667
136 0.0000056142
137 0.0000055627
138 0.0000055122
139 0.0000054627
140 0.0000054141
141 0.0000053664
142 0.0000053195
143 0.0000052735
144 0.0000052283
145 0.0000051840
146 0.0000051404
147 0.0000050975
148 0.0000050554
149 0.0000050140
150 0.0000049733
151 0.0000049333
152 0.0000048940
153 0.0000048553
154 0.0000048172
155 0.0000047798
156 0.0000047429
157 0.0000047066
158 0.0000046709
159 0.0000046357
160 0.0000046011
161 0.0000045670
162 0.0000045335
163 0.0000045004
164 0.0000044678
165 0.0000044357
166 0.0000044041
167 0.0000043729
168 0.0000043422
169 0.0000043119
170 0.0000042820
171 0.0000042526
172 0.0000042235
173 0.0000041949
174 0.0000041667
175 0.0000041388
176 0.0000041113
177 0.0000040842
178 0.0000040574
179 0.0000040310
180 0.0000040049
181 0.0000039792
182 0.0000039538
183 0.0000039287
184 0.0000039039
185 0.0000038794
186 0.0000038553
187 0.0000038314
188 0.0000038079
189 0.0000037846
190 0.0000037616
191 0.0000037389
192 0.0000037164
193 0.0000036942
194 0.0000036723
195 0.0000036506
196 0.0000036292
197 0.0000036080
198 0.0000035871
199 0.0000035664
200 0.0000035459
201 0.0000035257
202 0.0000035056
203 0.0000034858
204 0.0000034663
205 0.0000034469
206 0.0000034278
207 0.0000034088
208 0.0000033901
209 0.0000033715
210 0.0000033532
211 0.0000033350
212 0.0000033170
213 0.0000032993
214 0.0000032817
215 0.0000032642
216 0.0000032470
217 0.0000032299
218 0.0000032130
219 0.0000031963
220 0.0000031798
221 0.0000031634
222 0.0000031471
223 0.0000031311
224 0.0000031151
225 0.0000030994
226 0.0000030838
227 0.0000030683
228 0.0000030530
229 0.0000030378
230 0.0000030228
231 0.0000030079
232 0.0000029932
233 0.0000029786
234 0.0000029641
235 0.0000029497
236 0.0000029355
237 0.0000029215
238 0.0000029075
239 0.0000028937
240 0.0000028800
241 0.0000028664
242 0.0000028529
243 0.0000028396
244 0.0000028264
245 0.0000028133
246 0.0000028003
247 0.0000027874
248 0.0000027746
249 0.0000027619
250 0.0000027494
251 0.0000027370
252 0.0000027246
253 0.0000027124
254 0.0000027002
255 0.0000026882
256 0.0000026763
257 0.0000026645
258 0.0000026527
259 0.0000026411
260 0.0000026295
261 0.0000026181
262 0.0000026067
263 0.0000025955
264 0.0000025843
265 0.0000025732
266 0.0000025622
267 0.0000025513
268 0.0000025405
269 0.0000025298
270 0.0000025191
271 0.0000025086
272 0.0000024981
273 0.0000024877
274 0.0000024774
275 0.0000024671
276 0.0000024570
277 0.0000024469
278 0.0000024369
279 0.0000024269
280 0.0000024171
281 0.0000024073
282 0.0000023976
283 0.0000023880
284 0.0000023784
285 0.0000023689
286 0.0000023595
287 0.0000023501
288 0.0000023408
289 0.0000023316
290 0.0000023225
291 0.0000023134
292 0.0000023044
293 0.0000022954
294 0.0000022865
295 0.0000022777
296 0.0000022689
297 0.0000022603
298 0.0000022516
299 0.0000022430
300 0.0000022345
301 0.0000022261
302 0.0000022177
303 0.0000022093
304 0.0000022011
305 0.0000021928
306 0.0000021847
307 0.0000021766
308 0.0000021685
309 0.0000021605
310 0.0000021526
311 0.0000021447
312 0.0000021368
313 0.0000021291
314 0.0000021213
315 0.0000021136
316 0.0000021060
317 0.0000020984
318 0.0000020909
319 0.0000020834
320 0.0000020760
321 0.0000020686
322 0.0000020613
323 0.0000020540
324 0.0000020468
325 0.0000020396
326 0.0000020324
327 0.0000020253
328 0.0000020183
329 0.0000020113
330 0.0000020043
331 0.0000019974
332 0.0000019905
333 0.0000019837
334 0.0000019769
335 0.0000019702
336 0.0000019635
337 0.0000019568
338 0.0000019502
339 0.0000019436
340 0.0000019371
341 0.0000019306
342 0.0000019242
343 0.0000019177
344 0.0000019114
345 0.0000019050
346 0.0000018987
347 0.0000018925
348 0.0000018863
349 0.0000018801
350 0.0000018739
351 0.0000018678
352 0.0000018618
353 0.0000018557
354 0.0000018497
355 0.0000018438
356 0.0000018378
357 0.0000018319
358 0.0000018261
359 0.0000018202
360 0.0000018145
361 0.0000018087
362 0.0000018030
363 0.0000017973
364 0.0000017916
365 0.0000017860
366 0.0000017804
367 0.0000017749
368 0.0000017693
369 0.0000017638
370 0.0000017584
371 0.0000017529
372 0.0000017475
373 0.0000017422
374 0.0000017368
375 0.0000017315
376 0.0000017262
377 0.0000017210
378 0.0000017157
379 0.0000017106
380 0.0000017054
381 0.0000017003
382 0.0000016951
383 0.0000016901
384 0.0000016850
385 0.0000016800
386 0.0000016750
387 0.0000016700
388 0.0000016651
389 0.0000016602
390 0.0000016553
391 0.0000016504
392 0.0000016456
393 0.0000016408
394 0.0000016360
395 0.0000016312
396 0.0000016265
397 0.0000016218
398 0.0000016171
399 0.0000016125
400 0.0000016078
401 0.0000016032
402 0.0000015986
403 0.0000015941
404 0.0000015895
405 0.0000015850
406 0.0000015805
407 0.0000015761
408 0.0000015716
409 0.0000015672
410 0.0000015628
411 0.0000015584
412 0.0000015541
413 0.0000015497
414 0.0000015454
415 0.0000015411
416 0.0000015369
417 0.0000015326
418 0.0000015284
419 0.0000015242
420 0.0000015200
421 0.0000015159
422 0.0000015117
423 0.0000015076
424 0.0000015035
425 0.0000014995
426 0.0000014954
427 0.0000014914
428 0.0000014873
429 0.0000014834
430 0.0000014794
431 0.0000014754
432 0.0000014715
433 0.0000014676
434 0.0000014637
435 0.0000014598
436 0.0000014559
437 0.0000014521
438 0.0000014483
439 0.0000014445
440 0.0000014407
441 0.0000014369
442 0.0000014331
443 0.0000014294
444 0.0000014257
445 0.0000014220
446 0.0000014183
447 0.0000014147
448 0.0000014110
449 0.0000014074
450 0.0000014038
451 0.0000014002
452 0.0000013966
453 0.0000013930
454 0.0000013895
455 0.0000013860
456 0.0000013825
457 0.0000013790
458 0.0000013755
459 0.0000013720
460 0.0000013686
461 0.0000013651
462 0.0000013617
463 0.0000013583
464 0.0000013549
465 0.0000013516
466 0.0000013482
467 0.0000013449
468 0.0000013416
469 0.0000013382
470 0.0000013349
471 0.0000013317
472 0.0000013284
473 0.0000013252
474 0.0000013219
475 0.0000013187
476 0.0000013155
477 0.0000013123
478 0.0000013091
479 0.0000013060
480 0.0000013028
481 0.0000012997
482 0.0000012965
483 0.0000012934
484 0.0000012903
485 0.0000012873
486 0.0000012842
487 0.0000012811
488 0.0000012781
489 0.0000012751
490 0.0000012720
491 0.0000012690
492 0.0000012661
493 0.0000012631
494 0.0000012601
495 0.0000012572
496 0.0000012542
497 0.0000012513
498 0.0000012484
499 0.0000012455
500 0.0000012426
501 0.0000012397
502 0.0000012368
503 0.0000012340
504 0.0000012311
505 0.0000012283
506 0.0000012255
507 0.0000012227
508 0.0000012199
509 0.0000012171
510 0.0000012143
511 0.0000012116
512 0.0000012088
513 0.0000012061
514 0.0000012034
515 0.0000012006
516 0.0000011979
517 0.0000011952
518 0.0000011926
519 0.0000011899
520 0.0000011872
521 0.0000011846
522 0.0000011819
523 0.0000011793
524 0.0000011767
525 0.0000011741
526 0.0000011715
527 0.0000011689
528 0.0000011663
529 0.0000011638
530 0.0000011612
531 0.0000011587
532 0.0000011561
533 0.0000011536
534 0.0000011511
535 0.0000011486
536 0.0000011461
537 0.0000011436
538 0.0000011411
539 0.0000011386
540 0.0000011362
541 0.0000011337
542 0.0000011313
543 0.0000011289
544 0.0000011264
545 0.0000011240
546 0.0000011216
547 0.0000011192
548 0.0000011168
549 0.0000011145
550 0.0000011121
551 0.0000011097
552 0.0000011074
553 0.0000011051
554 0.0000011027
555 0.0000011004
556 0.0000010981
557 0.0000010958
558 0.0000010935
559 0.0000010912
560 0.0000010889
561 0.0000010867
562 0.0000010844
563 0.0000010821
564 0.0000010799
565 0.0000010777
566 0.0000010754
567 0.0000010732
568 0.0000010710
569 0.0000010688
570 0.0000010666
571 0.0000010644
572 0.0000010622
573 0.0000010601
574 0.0000010579
575 0.0000010557
576 0.0000010536
577 0.0000010514
578 0.0000010493
579 0.0000010472
580 0.0000010451
581 0.0000010430
582 0.0000010409
583 0.0000010388
584 0.0000010367
585 0.0000010346
586 0.0000010325
587 0.0000010304
588 0.0000010284
589 0.0000010263
590 0.0000010243
591 0.0000010222
592 0.0000010202
593 0.0000010182
594 0.0000010162
595 0.0000010142
596 0.0000010122
597 0.0000010102
598 0.0000010082
599 0.0000010062
600 0.0000010042
601 0.0000010022
602 0.0000010003
603 0.0000009983
604 0.0000009964
605 0.0000009944
606 0.0000009925
607 0.0000009906
608 0.0000009886
609 0.0000009867
610 0.0000009848
611 0.0000009829
612 0.0000009810
613 0.0000009791
614 0.0000009772
615 0.0000009753
616 0.0000009734
617 0.0000009716
618 0.0000009697
619 0.0000009679
620 0.0000009660
621 0.0000009642
622 0.0000009623
623 0.0000009605
624 0.0000009587
625 0.0000009568
626 0.0000009550
627 0.0000009532
628 0.0000009514
629 0.0000009496
630 0.0000009478
631 0.0000009460
632 0.0000009442
633 0.0000009424
634 0.0000009407
635 0.0000009389
636 0.0000009371
637 0.0000009354
638 0.0000009336
639 0.0000009319
640 0.0000009301
641 0.0000009284
642 0.0000009267
643 0.0000009249
644 0.0000009232
645 0.0000009215
646 0.0000009198
647 0.0000009181
648 0.0000009164
649 0.0000009147
650 0.0000009130
651 0.0000009113
652 0.0000009096
653 0.0000009079
654 0.0000009063
655 0.0000009046
656 0.0000009029
657 0.0000009012
658 0.0000008996
659 0.0000008979
660 0.0000008963
661 0.0000008946
662 0.0000008930
663 0.0000008914
664 0.0000008897
665 0.0000008881
666 0.0000008865
667 0.0000008848
668 0.0000008832
669 0.0000008816
670 0.0000008800
671 0.0000008784
672 0.0000008768
673 0.0000008752
674 0.0000008736
675 0.0000008720
676 0.0000008704
677 0.0000008688
678 0.0000008672
679 0.0000008657
680 0.0000008641
681 0.0000008625
682 0.0000008609
683 0.0000008594
684 0.0000008578
685 0.0000008562
686 0.0000008547
687 0.0000008531
688 0.0000008516
689 0.0000008500
690 0.0000008484
691 0.0000008469
692 0.0000008453
693 0.0000008438
694 0.0000008422
695 0.0000008407
696 0.0000008392
697 0.0000008376
698 0.0000008361
699 0.0000008345
700 0.0000008330
701 0.0000008314
702 0.0000008299
703 0.0000008284
704 0.0000008268
705 0.0000008253
706 0.0000008237
707 0.0000008222
708 0.0000008206
709 0.0000008191
710 0.0000008175
711 0.0000008160
712 0.0000008144
713 0.0000008128
714 0.0000008112
715 0.0000008097
716 0.0000008081
717 0.0000008065
718 0.0000008048
719 0.0000008032
720 0.0000008016
721 0.0000007999
722 0.0000007983
723 0.0000007966
724 0.0000007948
725 0.0000007931
726 0.0000007913
727 0.0000007895
728 0.0000007876
729 0.0000007856
730 0.0000007836
731 0.0000007815
732 0.0000007793
733 0.0000007769
734 0.0000007743
735 0.0000007715
736 0.0000007683
737 0.0000007646
738 0.0000007601
739 0.0000007544
740 0.0000007465
741 0.0000007348
742 0.0000007116
743 0.0000006339
744 0.0000000000
