0 288
0 0.9648276497
1 0.0089318364
2 0.0030947932
3 0.0019533521
4 0.0013181104
5 0.0009798068
6 0.0007800815
7 0.0006494172
8 0.0005577496
9 0.0004900703
10 0.0004379917
11 0.0003965356
12 0.0003626226
13 0.0003342714
14 0.0003101559
15 0.0002893550
16 0.0002712067
17 0.0002552209
18 0.0002410256
19 0.0002283316
20 0.0002169106
21 0.0002065792
22 0.0001971878
23 0.0001886135
24 0.0001807540
25 0.0001735233
26 0.0001668488
27 0.0001606688
28 0.0001549303
29 0.0001495875
30 0.0001446009
31 0.0001399360
32 0.0001355627
33 0.0001314545
34 0.0001275879
35 0.0001239422
36 0.0001204991
37 0.0001172420
38 0.0001141565
39 0.0001112291
40 0.0001084481
41 0.0001058028
42 0.0001032834
43 0.0001008812
44 0.0000985882
45 0.0000963972
46 0.0000943013
47 0.0000922947
48 0.0000903717
49 0.0000885271
50 0.0000867563
51 0.0000850550
52 0.0000834191
53 0.0000818450
54 0.0000803291
55 0.0000788684
56 0.0000774598
57 0.0000761007
58 0.0000747884
59 0.0000735206
60 0.0000722951
61 0.0000711097
62 0.0000699626
63 0.0000688519
64 0.0000677759
65 0.0000667330
66 0.0000657217
67 0.0000647406
68 0.0000637883
69 0.0000628637
70 0.0000619655
71 0.0000610925
72 0.0000602439
73 0.0000594184
74 0.0000586153
75 0.0000578336
76 0.0000570725
77 0.0000563311
78 0.0000556087
79 0.0000549047
80 0.0000542182
81 0.0000535487
82 0.0000528955
83 0.0000522580
84 0.0000516357
85 0.0000510281
86 0.0000504346
87 0.0000498547
88 0.0000492880
89 0.0000487341
90 0.0000481924
91 0.0000476627
92 0.0000471445
93 0.0000466374
94 0.0000461411
95 0.0000456553
96 0.0000451795
97 0.0000447136
98 0.0000442572
99 0.0000438100
100 0.0000433718
101 0.0000429422
102 0.0000425210
103 0.0000421081
104 0.0000417030
105 0.0000413057
106 0.0000409159
107 0.0000405334
108 0.0000401579
109 0.0000397893
110 0.0000394275
111 0.0000390721
112 0.0000387231
113 0.0000383803
114 0.0000380435
115 0.0000377125
116 0.0000373873
117 0.0000370676
118 0.0000367533
119 0.0000364443
120 0.0000361405
121 0.0000358417
122 0.0000355477
123 0.0000352586
124 0.0000349741
125 0.0000346942
126 0.0000344187
127 0.0000341475
128 0.0000338806
129 0.0000336179
130 0.0000333591
131 0.0000331043
132 0.0000328534
133 0.0000326062
134 0.0000323628
135 0.0000321229
136 0.0000318866
137 0.0000316537
138 0.0000314242
139 0.0000311980
140 0.0000309750
141 0.0000307552
142 0.0000305384
143 0.0000303248
144 0.0000301140
145 0.0000299062
146 0.0000297012
147 0.0000294990
148 0.0000292996
149 0.0000291028
150 0.0000289086
151 0.0000287171
152 0.0000285280
153 0.0000283414
154 0.0000281572
155 0.0000279754
156 0.0000277960
157 0.0000276188
158 0.0000274438
159 0.0000272711
160 0.0000271005
161 0.0000269320
162 0.0000267657
163 0.0000266013
164 0.0000264390
165 0.0000262786
166 0.0000261201
167 0.0000259636
168 0.0000258089
169 0.0000256560
170 0.0000255050
171 0.0000253557
172 0.0000252081
173 0.0000250623
174 0.0000249181
175 0.0000247756
176 0.0000246346
177 0.0000244953
178 0.0000243576
179 0.0000242214
180 0.0000240866
181 0.0000239534
182 0.0000238217
183 0.0000236913
184 0.0000235624
185 0.0000234349
186 0.0000233088
187 0.0000231840
188 0.0000230605
189 0.0000229383
190 0.0000228175
191 0.0000226978
192 0.0000225795
193 0.0000224623
194 0.0000223464
195 0.0000222317
196 0.0000221181
197 0.0000220057
198 0.0000218944
199 0.0000217842
200 0.0000216751
201 0.0000215671
202 0.0000214602
203 0.0000213543
204 0.0000212495
205 0.0000211456
206 0.0000210428
207 0.0000209410
208 0.0000208402
209 0.0000207403
210 0.0000206414
211 0.0000205434
212 0.0000204463
213 0.0000203502
214 0.0000202549
215 0.0000201605
216 0.0000200670
217 0.0000199744
218 0.0000198826
219 0.0000197916
220 0.0000197015
221 0.0000196122
222 0.0000195237
223 0.0000194359
224 0.0000193490
225 0.0000192628
226 0.0000191774
227 0.0000190927
228 0.0000190088
229 0.0000189256
230 0.0000188432
231 0.0000187614
232 0.0000186804
233 0.0000186000
234 0.0000185203
235 0.0000184413
236 0.0000183630
237 0.0000182853
238 0.0000182083
239 0.0000181319
240 0.0000180562
241 0.0000179811
242 0.0000179066
243 0.0000178327
244 0.0000177594
245 0.0000176867
246 0.0000176146
247 0.0000175431
248 0.0000174721
249 0.0000174018
250 0.0000173320
251 0.0000172627
252 0.0000171940
253 0.0000171258
254 0.0000170582
255 0.0000169911
256 0.0000169245
257 0.0000168584
258 0.0000167928
259 0.0000167278
260 0.0000166632
261 0.0000165991
262 0.0000165355
263 0.0000164724
264 0.0000164098
265 0.0000163476
266 0.0000162859
267 0.0000162247
268 0.0000161639
269 0.0000161036
270 0.0000160437
271 0.0000159842
272 0.0000159252
273 0.0000158666
274 0.0000158085
275 0.0000157507
276 0.0000156934
277 0.0000156365
278 0.0000155800
279 0.0000155238
280 0.0000154681
281 0.0000154128
282 0.0000153579
283 0.0000153033
284 0.0000152491
285 0.0000151953
286 0.0000151419
287 0.0000150889
288 0.0000150362
