0 2000
0 0.9876040150
1 0.0037549082
2 0.0015074883
3 0.0010169702
4 0.0007220001
5 0.0005483903
6 0.0004355777
7 0.0003560020
8 0.0002970072
9 0.0002517700
10 0.0002161635
11 0.0001875382
12 0.0001641233
13 0.0001446945
14 0.0001283791
15 0.0001145380
16 0.0001026929
17 0.0000924785
18 0.0000836114
19 0.0000758683
20 0.0000690710
21 0.0000630759
22 0.0000577657
23 0.0000530439
24 0.0000488306
25 0.0000450589
26 0.0000416725
27 0.0000386236
28 0.0000358717
29 0.0000333818
30 0.0000311241
31 0.0000290726
32 0.0000272048
33 0.0000255012
34 0.0000239446
35 0.0000225199
36 0.0000212139
37 0.0000200148
38 0.0000189124
39 0.0000178973
40 0.0000169615
41 0.0000160976
42 0.0000152990
43 0.0000145600
44 0.0000138753
45 0.0000132401
46 0.0000126502
47 0.0000121017
48 0.0000115913
49 0.0000111157
50 0.0000106722
51 0.0000102580
52 0.0000098709
53 0.0000095088
54 0.0000091697
55 0.0000088518
56 0.0000085536
57 0.0000082735
58 0.0000080101
59 0.0000077623
60 0.0000075289
61 0.0000073089
62 0.0000071013
63 0.0000069052
64 0.0000067198
65 0.0000065444
66 0.0000063783
67 0.0000062208
68 0.0000060714
69 0.0000059295
70 0.0000057947
71 0.0000056664
72 0.0000055443
73 0.0000054280
74 0.0000053170
75 0.0000052110
76 0.0000051098
77 0.0000050131
78 0.0000049205
79 0.0000048318
80 0.0000047469
81 0.0000046654
82 0.0000045871
83 0.0000045119
84 0.0000044397
85 0.0000043701
86 0.0000043032
87 0.0000042387
88 0.0000041765
89 0.0000041165
90 0.0000040585
91 0.0000040026
92 0.0000039484
93 0.0000038961
94 0.0000038454
95 0.0000037962
96 0.0000037487
97 0.0000037025
98 0.0000036577
99 0.0000036142
100 0.0000035719
101 0.0000035308
102 0.0000034909
103 0.0000034520
104 0.0000034142
105 0.0000033773
106 0.0000033414
107 0.0000033064
108 0.0000032722
109 0.0000032389
110 0.0000032064
111 0.0000031746
112 0.0000031435
113 0.0000031132
114 0.0000030835
115 0.0000030545
116 0.0000030261
117 0.0000029983
118 0.0000029711
119 0.0000029445
120 0.0000029184
121 0.0000028928
122 0.0000028677
123 0.0000028431
124 0.0000028190
125 0.0000027953
126 0.0000027721
127 0.0000027493
128 0.0000027269
129 0.0000027049
130 0.0000026833
131 0.0000026621
132 0.0000026412
133 0.0000026207
134 0.0000026005
135 0.0000025807
136 0.0000025612
137 0.0000025420
138 0.0000025231
139 0.0000025045
140 0.0000024862
141 0.0000024682
142 0.0000024504
143 0.0000024330
144 0.0000024158
145 0.0000023988
146 0.0000023821
147 0.0000023656
148 0.0000023494
149 0.0000023334
150 0.0000023176
151 0.0000023021
152 0.0000022868
153 0.0000022717
154 0.0000022567
155 0.0000022420
156 0.0000022275
157 0.0000022132
158 0.0000021991
159 0.0000021851
160 0.0000021713
161 0.0000021578
162 0.0000021443
163 0.0000021311
164 0.0000021180
165 0.0000021051
166 0.0000020924
167 0.0000020798
168 0.0000020673
169 0.0000020550
170 0.0000020429
171 0.0000020309
172 0.0000020190
173 0.0000020073
174 0.0000019957
175 0.0000019843
176 0.0000019730
177 0.0000019618
178 0.0000019507
179 0.0000019398
180 0.0000019290
181 0.0000019183
182 0.0000019077
183 0.0000018973
184 0.0000018870
185 0.0000018767
186 0.0000018666
187 0.0000018566
188 0.0000018467
189 0.0000018369
190 0.0000018273
191 0.0000018177
192 0.0000018082
193 0.0000017988
194 0.0000017895
195 0.0000017803
196 0.0000017712
197 0.0000017623
198 0.0000017533
199 0.0000017445
200 0.0000017358
201 0.0000017271
202 0.0000017186
203 0.0000017101
204 0.0000017017
205 0.0000016934
206 0.0000016852
207 0.0000016770
208 0.0000016690
209 0.0000016610
210 0.0000016531
211 0.0000016452
212 0.0000016375
213 0.0000016298
214 0.0000016222
215 0.0000016146
216 0.0000016071
217 0.0000015997
218 0.0000015924
219 0.0000015851
220 0.0000015779
221 0.0000015708
222 0.0000015637
223 0.0000015567
224 0.0000015497
225 0.0000015428
226 0.0000015360
227 0.0000015292
228 0.0000015225
229 0.0000015159
230 0.0000015093
231 0.0000015027
232 0.0000014962
233 0.0000014898
234 0.0000014835
235 0.0000014771
236 0.0000014709
237 0.0000014647
238 0.0000014585
239 0.0000014524
240 0.0000014464
241 0.0000014404
242 0.0000014344
243 0.0000014285
244 0.0000014227
245 0.0000014169
246 0.0000014111
247 0.0000014054
248 0.0000013997
249 0.0000013941
250 0.0000013885
251 0.0000013830
252 0.0000013775
253 0.0000013720
254 0.0000013666
255 0.0000013613
256 0.0000013559
257 0.0000013507
258 0.0000013454
259 0.0000013402
260 0.0000013351
261 0.0000013300
262 0.0000013249
263 0.0000013199
264 0.0000013149
265 0.0000013099
266 0.0000013050
267 0.0000013001
268 0.0000012952
269 0.0000012904
270 0.0000012856
271 0.0000012809
272 0.0000012762
273 0.0000012715
274 0.0000012669
275 0.0000012623
276 0.0000012577
277 0.0000012531
278 0.0000012486
279 0.0000012442
280 0.0000012397
281 0.0000012353
282 0.0000012309
283 0.0000012266
284 0.0000012222
285 0.0000012180
286 0.0000012137
287 0.0000012095
288 0.0000012053
289 0.0000012011
290 0.0000011970
291 0.0000011928
292 0.0000011888
293 0.0000011847
294 0.0000011807
295 0.0000011767
296 0.0000011727
297 0.0000011687
298 0.0000011648
299 0.0000011609
300 0.0000011570
301 0.0000011532
302 0.0000011494
303 0.0000011456
304 0.0000011418
305 0.0000011381
306 0.0000011344
307 0.0000011307
308 0.0000011270
309 0.0000011233
310 0.0000011197
311 0.0000011161
312 0.0000011125
313 0.0000011090
314 0.0000011055
315 0.0000011019
316 0.0000010985
317 0.0000010950
318 0.0000010915
319 0.0000010881
320 0.0000010847
321 0.0000010813
322 0.0000010780
323 0.0000010746
324 0.0000010713
325 0.0000010680
326 0.0000010648
327 0.0000010615
328 0.0000010583
329 0.0000010550
330 0.0000010518
331 0.0000010487
332 0.0000010455
333 0.0000010424
334 0.0000010392
335 0.0000010361
336 0.0000010331
337 0.0000010300
338 0.0000010269
339 0.0000010239
340 0.0000010209
341 0.0000010179
342 0.0000010149
343 0.0000010120
344 0.0000010090
345 0.0000010061
346 0.0000010032
347 0.0000010003
348 0.0000009974
349 0.0000009946
350 0.0000009917
351 0.0000009889
352 0.0000009861
353 0.0000009833
354 0.0000009805
355 0.0000009778
356 0.0000009750
357 0.0000009723
358 0.0000009696
359 0.0000009669
360 0.0000009642
361 0.0000009615
362 0.0000009588
363 0.0000009562
364 0.0000009536
365 0.0000009510
366 0.0000009484
367 0.0000009458
368 0.0000009432
369 0.0000009407
370 0.0000009381
371 0.0000009356
372 0.0000009331
373 0.0000009306
374 0.0000009281
375 0.0000009256
376 0.0000009231
377 0.0000009207
378 0.0000009182
379 0.0000009158
380 0.0000009134
381 0.0000009110
382 0.0000009086
383 0.0000009063
384 0.0000009039
385 0.0000009016
386 0.0000008992
387 0.0000008969
388 0.0000008946
389 0.0000008923
390 0.0000008900
391 0.0000008877
392 0.0000008854
393 0.0000008832
394 0.0000008810
395 0.0000008787
396 0.0000008765
397 0.0000008743
398 0.0000008721
399 0.0000008699
400 0.0000008677
401 0.0000008656
402 0.0000008634
403 0.0000008613
404 0.0000008591
405 0.0000008570
406 0.0000008549
407 0.0000008528
408 0.0000008507
409 0.0000008486
410 0.0000008466
411 0.0000008445
412 0.0000008425
413 0.0000008404
414 0.0000008384
415 0.0000008364
416 0.0000008343
417 0.0000008323
418 0.0000008304
419 0.0000008284
420 0.0000008264
421 0.0000008244
422 0.0000008225
423 0.0000008205
424 0.0000008186
425 0.0000008167
426 0.0000008148
427 0.0000008128
428 0.0000008110
429 0.0000008091
430 0.0000008072
431 0.0000008053
432 0.0000008034
433 0.0000008016
434 0.0000007997
435 0.0000007979
436 0.0000007961
437 0.0000007942
438 0.0000007924
439 0.0000007906
440 0.0000007888
441 0.0000007870
442 0.0000007853
443 0.0000007835
444 0.0000007817
445 0.0000007800
446 0.0000007782
447 0.0000007765
448 0.0000007747
449 0.0000007730
450 0.0000007713
451 0.0000007696
452 0.0000007679
453 0.0000007662
454 0.0000007645
455 0.0000007628
456 0.0000007611
457 0.0000007595
458 0.0000007578
459 0.0000007562
460 0.0000007545
461 0.0000007529
462 0.0000007513
463 0.0000007496
464 0.0000007480
465 0.0000007464
466 0.0000007448
467 0.0000007432
468 0.0000007416
469 0.0000007400
470 0.0000007385
471 0.0000007369
472 0.0000007353
473 0.0000007338
474 0.0000007322
475 0.0000007307
476 0.0000007292
477 0.0000007276
478 0.0000007261
479 0.0000007246
480 0.0000007231
481 0.0000007216
482 0.0000007201
483 0.0000007186
484 0.0000007171
485 0.0000007156
486 0.0000007141
487 0.0000007127
488 0.0000007112
489 0.0000007098
490 0.0000007083
491 0.0000007069
492 0.0000007054
493 0.0000007040
494 0.0000007026
495 0.0000007012
496 0.0000006997
497 0.0000006983
498 0.0000006969
499 0.0000006955
500 0.0000006941
501 0.0000006928
502 0.0000006914
503 0.0000006900
504 0.0000006886
505 0.0000006873
506 0.0000006859
507 0.0000006846
508 0.0000006832
509 0.0000006819
510 0.0000006805
511 0.0000006792
512 0.0000006779
513 0.0000006765
514 0.0000006752
515 0.0000006739
516 0.0000006726
517 0.0000006713
518 0.0000006700
519 0.0000006687
520 0.0000006674
521 0.0000006661
522 0.0000006649
523 0.0000006636
524 0.0000006623
525 0.0000006611
526 0.0000006598
527 0.0000006586
528 0.0000006573
529 0.0000006561
530 0.0000006548
531 0.0000006536
532 0.0000006524
533 0.0000006511
534 0.0000006499
535 0.0000006487
536 0.0000006475
537 0.0000006463
538 0.0000006451
539 0.0000006439
540 0.0000006427
541 0.0000006415
542 0.0000006403
543 0.0000006391
544 0.0000006380
545 0.0000006368
546 0.0000006356
547 0.0000006345
548 0.0000006333
549 0.0000006322
550 0.0000006310
551 0.0000006299
552 0.0000006287
553 0.0000006276
554 0.0000006265
555 0.0000006253
556 0.0000006242
557 0.0000006231
558 0.0000006220
559 0.0000006208
560 0.0000006197
561 0.0000006186
562 0.0000006175
563 0.0000006164
564 0.0000006153
565 0.0000006143
566 0.0000006132
567 0.0000006121
568 0.0000006110
569 0.0000006099
570 0.0000006089
571 0.0000006078
572 0.0000006067
573 0.0000006057
574 0.0000006046
575 0.0000006036
576 0.0000006025
577 0.0000006015
578 0.0000006004
579 0.0000005994
580 0.0000005984
581 0.0000005973
582 0.0000005963
583 0.0000005953
584 0.0000005943
585 0.0000005932
586 0.0000005922
587 0.0000005912
588 0.0000005902
589 0.0000005892
590 0.0000005882
591 0.0000005872
592 0.0000005862
593 0.0000005852
594 0.0000005842
595 0.0000005833
596 0.0000005823
597 0.0000005813
598 0.0000005803
599 0.0000005794
600 0.0000005784
601 0.0000005774
602 0.0000005765
603 0.0000005755
604 0.0000005746
605 0.0000005736
606 0.0000005727
607 0.0000005717
608 0.0000005708
609 0.0000005699
610 0.0000005689
611 0.0000005680
612 0.0000005671
613 0.0000005661
614 0.0000005652
615 0.0000005643
616 0.0000005634
617 0.0000005625
618 0.0000005615
619 0.0000005606
620 0.0000005597
621 0.0000005588
622 0.0000005579
623 0.0000005570
624 0.0000005561
625 0.0000005553
626 0.0000005544
627 0.0000005535
628 0.0000005526
629 0.0000005517
630 0.0000005508
631 0.0000005500
632 0.0000005491
633 0.0000005482
634 0.0000005474
635 0.0000005465
636 0.0000005456
637 0.0000005448
638 0.0000005439
639 0.0000005431
640 0.0000005422
641 0.0000005414
642 0.0000005405
643 0.0000005397
644 0.0000005389
645 0.0000005380
646 0.0000005372
647 0.0000005364
648 0.0000005355
649 0.0000005347
650 0.0000005339
651 0.0000005331
652 0.0000005322
653 0.0000005314
654 0.0000005306
655 0.0000005298
656 0.0000005290
657 0.0000005282
658 0.0000005274
659 0.0000005266
660 0.0000005258
661 0.0000005250
662 0.0000005242
663 0.0000005234
664 0.0000005226
665 0.0000005218
666 0.0000005211
667 0.0000005203
668 0.0000005195
669 0.0000005187
670 0.0000005179
671 0.0000005172
672 0.0000005164
673 0.0000005156
674 0.0000005149
675 0.0000005141
676 0.0000005133
677 0.0000005126
678 0.0000005118
679 0.0000005111
680 0.0000005103
681 0.0000005096
682 0.0000005088
683 0.0000005081
684 0.0000005073
685 0.0000005066
686 0.0000005059
687 0.0000005051
688 0.0000005044
689 0.0000005036
690 0.0000005029
691 0.0000005022
692 0.0000005015
693 0.0000005007
694 0.0000005000
695 0.0000004993
696 0.0000004986
697 0.0000004979
698 0.0000004971
699 0.0000004964
700 0.0000004957
701 0.0000004950
702 0.0000004943
703 0.0000004936
704 0.0000004929
705 0.0000004922
706 0.0000004915
707 0.0000004908
708 0.0000004901
709 0.0000004894
710 0.0000004887
711 0.0000004881
712 0.0000004874
713 0.0000004867
714 0.0000004860
715 0.0000004853
716 0.0000004846
717 0.0000004840
718 0.0000004833
719 0.0000004826
720 0.0000004819
721 0.0000004813
722 0.0000004806
723 0.0000004799
724 0.0000004793
725 0.0000004786
726 0.0000004780
727 0.0000004773
728 0.0000004766
729 0.0000004760
730 0.0000004753
731 0.0000004747
732 0.0000004740
733 0.0000004734
734 0.0000004727
735 0.0000004721
736 0.0000004715
737 0.0000004708
738 0.0000004702
739 0.0000004695
740 0.0000004689
741 0.0000004683
742 0.0000004676
743 0.0000004670
744 0.0000004664
745 0.0000004658
746 0.0000004651
747 0.0000004645
748 0.0000004639
749 0.0000004633
750 0.0000004627
751 0.0000004620
752 0.0000004614
753 0.0000004608
754 0.0000004602
755 0.0000004596
756 0.0000004590
757 0.0000004584
758 0.0000004578
759 0.0000004572
760 0.0000004566
761 0.0000004560
762 0.0000004554
763 0.0000004548
764 0.0000004542
765 0.0000004536
766 0.0000004530
767 0.0000004524
768 0.0000004518
769 0.0000004512
770 0.0000004506
771 0.0000004500
772 0.0000004495
773 0.0000004489
774 0.0000004483
775 0.0000004477
776 0.0000004471
777 0.0000004466
778 0.0000004460
779 0.0000004454
780 0.0000004448
781 0.0000004443
782 0.0000004437
783 0.0000004431
784 0.0000004426
785 0.0000004420
786 0.0000004414
787 0.0000004409
788 0.0000004403
789 0.0000004398
790 0.0000004392
791 0.0000004387
792 0.0000004381
793 0.0000004375
794 0.0000004370
795 0.0000004364
796 0.0000004359
797 0.0000004354
798 0.0000004348
799 0.0000004343
800 0.0000004337
801 0.0000004332
802 0.0000004326
803 0.0000004321
804 0.0000004316
805 0.0000004310
806 0.0000004305
807 0.0000004300
808 0.0000004294
809 0.0000004289
810 0.0000004284
811 0.0000004278
812 0.0000004273
813 0.0000004268
814 0.0000004262
815 0.0000004257
816 0.0000004252
817 0.0000004247
818 0.0000004242
819 0.0000004236
820 0.0000004231
821 0.0000004226
822 0.0000004221
823 0.0000004216
824 0.0000004211
825 0.0000004206
826 0.0000004201
827 0.0000004195
828 0.0000004190
829 0.0000004185
830 0.0000004180
831 0.0000004175
832 0.0000004170
833 0.0000004165
834 0.0000004160
835 0.0000004155
836 0.0000004150
837 0.0000004145
838 0.0000004140
839 0.0000004135
840 0.0000004130
841 0.0000004126
842 0.0000004121
843 0.0000004116
844 0.0000004111
845 0.0000004106
846 0.0000004101
847 0.0000004096
848 0.0000004091
849 0.0000004087
850 0.0000004082
851 0.0000004077
852 0.0000004072
853 0.0000004067
854 0.0000004063
855 0.0000004058
856 0.0000004053
857 0.0000004048
858 0.0000004044
859 0.0000004039
860 0.0000004034
861 0.0000004030
862 0.0000004025
863 0.0000004020
864 0.0000004016
865 0.0000004011
866 0.0000004006
867 0.0000004002
868 0.0000003997
869 0.0000003992
870 0.0000003988
871 0.0000003983
872 0.0000003979
873 0.0000003974
874 0.0000003970
875 0.0000003965
876 0.0000003960
877 0.0000003956
878 0.0000003951
879 0.0000003947
880 0.0000003942
881 0.0000003938
882 0.0000003934
883 0.0000003929
884 0.0000003925
885 0.0000003920
886 0.0000003916
887 0.0000003911
888 0.0000003907
889 0.0000003903
890 0.0000003898
891 0.0000003894
892 0.0000003889
893 0.0000003885
894 0.0000003881
895 0.0000003876
896 0.0000003872
897 0.0000003868
898 0.0000003863
899 0.0000003859
900 0.0000003855
901 0.0000003850
902 0.0000003846
903 0.0000003842
904 0.0000003838
905 0.0000003833
906 0.0000003829
907 0.0000003825
908 0.0000003821
909 0.0000003817
910 0.0000003812
911 0.0000003808
912 0.0000003804
913 0.0000003800
914 0.0000003796
915 0.0000003791
916 0.0000003787
917 0.0000003783
918 0.0000003779
919 0.0000003775
920 0.0000003771
921 0.0000003767
922 0.0000003763
923 0.0000003759
924 0.0000003755
925 0.0000003750
926 0.0000003746
927 0.0000003742
928 0.0000003738
929 0.0000003734
930 0.0000003730
931 0.0000003726
932 0.0000003722
933 0.0000003718
934 0.0000003714
935 0.0000003710
936 0.0000003706
937 0.0000003702
938 0.0000003698
939 0.0000003694
940 0.0000003691
941 0.0000003687
942 0.0000003683
943 0.0000003679
944 0.0000003675
945 0.0000003671
946 0.0000003667
947 0.0000003663
948 0.0000003659
949 0.0000003655
950 0.0000003652
951 0.0000003648
952 0.0000003644
953 0.0000003640
954 0.0000003636
955 0.0000003632
956 0.0000003629
957 0.0000003625
958 0.0000003621
959 0.0000003617
960 0.0000003614
961 0.0000003610
962 0.0000003606
963 0.0000003602
964 0.0000003599
965 0.0000003595
966 0.0000003591
967 0.0000003587
968 0.0000003584
969 0.0000003580
970 0.0000003576
971 0.0000003573
972 0.0000003569
973 0.0000003565
974 0.0000003562
975 0.0000003558
976 0.0000003554
977 0.0000003551
978 0.0000003547
979 0.0000003543
980 0.0000003540
981 0.0000003536
982 0.0000003532
983 0.0000003529
984 0.0000003525
985 0.0000003522
986 0.0000003518
987 0.0000003515
988 0.0000003511
989 0.0000003507
990 0.0000003504
991 0.0000003500
992 0.0000003497
993 0.0000003493
994 0.0000003490
995 0.0000003486
996 0.0000003483
997 0.0000003479
998 0.0000003476
999 0.0000003472
1000 0.0000003469
1001 0.0000003465
1002 0.0000003462
1003 0.0000003458
1004 0.0000003455
1005 0.0000003451
1006 0.0000003448
1007 0.0000003445
1008 0.0000003441
1009 0.0000003438
1010 0.0000003434
1011 0.0000003431
1012 0.0000003428
1013 0.0000003424
1014 0.0000003421
1015 0.0000003417
1016 0.0000003414
1017 0.0000003411
1018 0.0000003407
1019 0.0000003404
1020 0.0000003401
1021 0.0000003397
1022 0.0000003394
1023 0.0000003391
1024 0.0000003387
1025 0.0000003384
1026 0.0000003381
1027 0.0000003377
1028 0.0000003374
1029 0.0000003371
1030 0.0000003368
1031 0.0000003364
1032 0.0000003361
1033 0.0000003358
1034 0.0000003355
1035 0.0000003351
1036 0.0000003348
1037 0.0000003345
1038 0.0000003342
1039 0.0000003338
1040 0.0000003335
1041 0.0000003332
1042 0.0000003329
1043 0.0000003326
1044 0.0000003322
1045 0.0000003319
1046 0.0000003316
1047 0.0000003313
1048 0.0000003310
1049 0.0000003306
1050 0.0000003303
1051 0.0000003300
1052 0.0000003297
1053 0.0000003294
1054 0.0000003291
1055 0.0000003288
1056 0.0000003284
1057 0.0000003281
1058 0.0000003278
1059 0.0000003275
1060 0.0000003272
1061 0.0000003269
1062 0.0000003266
1063 0.0000003263
1064 0.0000003260
1065 0.0000003257
1066 0.0000003254
1067 0.0000003251
1068 0.0000003248
1069 0.0000003244
1070 0.0000003241
1071 0.0000003238
1072 0.0000003235
1073 0.0000003232
1074 0.0000003229
1075 0.0000003226
1076 0.0000003223
1077 0.0000003220
1078 0.0000003217
1079 0.0000003214
1080 0.0000003211
1081 0.0000003208
1082 0.0000003205
1083 0.0000003202
1084 0.0000003199
1085 0.0000003197
1086 0.0000003194
1087 0.0000003191
1088 0.0000003188
1089 0.0000003185
1090 0.0000003182
1091 0.0000003179
1092 0.0000003176
1093 0.0000003173
1094 0.0000003170
1095 0.0000003167
1096 0.0000003164
1097 0.0000003161
1098 0.0000003159
1099 0.0000003156
1100 0.0000003153
1101 0.0000003150
1102 0.0000003147
1103 0.0000003144
1104 0.0000003141
1105 0.0000003139
1106 0.0000003136
1107 0.0000003133
1108 0.0000003130
1109 0.0000003127
1110 0.0000003124
1111 0.0000003122
1112 0.0000003119
1113 0.0000003116
1114 0.0000003113
1115 0.0000003110
1116 0.0000003108
1117 0.0000003105
1118 0.0000003102
1119 0.0000003099
1120 0.0000003096
1121 0.0000003094
1122 0.0000003091
1123 0.0000003088
1124 0.0000003085
1125 0.0000003083
1126 0.0000003080
1127 0.0000003077
1128 0.0000003074
1129 0.0000003072
1130 0.0000003069
1131 0.0000003066
1132 0.0000003064
1133 0.0000003061
1134 0.0000003058
1135 0.0000003055
1136 0.0000003053
1137 0.0000003050
1138 0.0000003047
1139 0.0000003045
1140 0.0000003042
1141 0.0000003039
1142 0.0000003037
1143 0.0000003034
1144 0.0000003031
1145 0.0000003029
1146 0.0000003026
1147 0.0000003023
1148 0.0000003021
1149 0.0000003018
1150 0.0000003015
1151 0.0000003013
1152 0.0000003010
1153 0.0000003008
1154 0.0000003005
1155 0.0000003002
1156 0.0000003000
1157 0.0000002997
1158 0.0000002995
1159 0.0000002992
1160 0.0000002989
1161 0.0000002987
1162 0.0000002984
1163 0.0000002982
1164 0.0000002979
1165 0.0000002976
1166 0.0000002974
1167 0.0000002971
1168 0.0000002969
1169 0.0000002966
1170 0.0000002964
1171 0.0000002961
1172 0.0000002959
1173 0.0000002956
1174 0.0000002954
1175 0.0000002951
1176 0.0000002949
1177 0.0000002946
1178 0.0000002944
1179 0.0000002941
1180 0.0000002939
1181 0.0000002936
1182 0.0000002934
1183 0.0000002931
1184 0.0000002929
1185 0.0000002926
1186 0.0000002924
1187 0.0000002921
1188 0.0000002919
1189 0.0000002916
1190 0.0000002914
1191 0.0000002911
1192 0.0000002909
1193 0.0000002906
1194 0.0000002904
1195 0.0000002902
1196 0.0000002899
1197 0.0000002897
1198 0.0000002894
1199 0.0000002892
1200 0.0000002889
1201 0.0000002887
1202 0.0000002885
1203 0.0000002882
1204 0.0000002880
1205 0.0000002877
1206 0.0000002875
1207 0.0000002873
1208 0.0000002870
1209 0.0000002868
1210 0.0000002865
1211 0.0000002863
1212 0.0000002861
1213 0.0000002858
1214 0.0000002856
1215 0.0000002854
1216 0.0000002851
1217 0.0000002849
1218 0.0000002847
1219 0.0000002844
1220 0.0000002842
1221 0.0000002840
1222 0.0000002837
1223 0.0000002835
1224 0.0000002833
1225 0.0000002830
1226 0.0000002828
1227 0.0000002826
1228 0.0000002823
1229 0.0000002821
1230 0.0000002819
1231 0.0000002816
1232 0.0000002814
1233 0.0000002812
1234 0.0000002810
1235 0.0000002807
1236 0.0000002805
1237 0.0000002803
1238 0.0000002800
1239 0.0000002798
1240 0.0000002796
1241 0.0000002794
1242 0.0000002791
1243 0.0000002789
1244 0.0000002787
1245 0.0000002785
1246 0.0000002782
1247 0.0000002780
1248 0.0000002778
1249 0.0000002776
1250 0.0000002773
1251 0.0000002771
1252 0.0000002769
1253 0.0000002767
1254 0.0000002765
1255 0.0000002762
1256 0.0000002760
1257 0.0000002758
1258 0.0000002756
1259 0.0000002754
1260 0.0000002751
1261 0.0000002749
1262 0.0000002747
1263 0.0000002745
1264 0.0000002743
1265 0.0000002740
1266 0.0000002738
1267 0.0000002736
1268 0.0000002734
1269 0.0000002732
1270 0.0000002730
1271 0.0000002727
1272 0.0000002725
1273 0.0000002723
1274 0.0000002721
1275 0.0000002719
1276 0.0000002717
1277 0.0000002715
1278 0.0000002712
1279 0.0000002710
1280 0.0000002708
1281 0.0000002706
1282 0.0000002704
1283 0.0000002702
1284 0.0000002700
1285 0.0000002698
1286 0.0000002696
1287 0.0000002693
1288 0.0000002691
1289 0.0000002689
1290 0.0000002687
1291 0.0000002685
1292 0.0000002683
1293 0.0000002681
1294 0.0000002679
1295 0.0000002677
1296 0.0000002675
1297 0.0000002673
1298 0.0000002671
1299 0.0000002668
1300 0.0000002666
1301 0.0000002664
1302 0.0000002662
1303 0.0000002660
1304 0.0000002658
1305 0.0000002656
1306 0.0000002654
1307 0.0000002652
1308 0.0000002650
1309 0.0000002648
1310 0.0000002646
1311 0.0000002644
1312 0.0000002642
1313 0.0000002640
1314 0.0000002638
1315 0.0000002636
1316 0.0000002634
1317 0.0000002632
1318 0.0000002630
1319 0.0000002628
1320 0.0000002626
1321 0.0000002624
1322 0.0000002622
1323 0.0000002620
1324 0.0000002618
1325 0.0000002616
1326 0.0000002614
1327 0.0000002612
1328 0.0000002610
1329 0.0000002608
1330 0.0000002606
1331 0.0000002604
1332 0.0000002602
1333 0.0000002600
1334 0.0000002598
1335 0.0000002596
1336 0.0000002594
1337 0.0000002592
1338 0.0000002590
1339 0.0000002588
1340 0.0000002586
1341 0.0000002584
1342 0.0000002583
1343 0.0000002581
1344 0.0000002579
1345 0.0000002577
1346 0.0000002575
1347 0.0000002573
1348 0.0000002571
1349 0.0000002569
1350 0.0000002567
1351 0.0000002565
1352 0.0000002563
1353 0.0000002561
1354 0.0000002560
1355 0.0000002558
1356 0.0000002556
1357 0.0000002554
1358 0.0000002552
1359 0.0000002550
1360 0.0000002548
1361 0.0000002546
1362 0.0000002544
1363 0.0000002543
1364 0.0000002541
1365 0.0000002539
1366 0.0000002537
1367 0.0000002535
1368 0.0000002533
1369 0.0000002531
1370 0.0000002529
1371 0.0000002528
1372 0.0000002526
1373 0.0000002524
1374 0.0000002522
1375 0.0000002520
1376 0.0000002518
1377 0.0000002517
1378 0.0000002515
1379 0.0000002513
1380 0.0000002511
1381 0.0000002509
1382 0.0000002507
1383 0.0000002506
1384 0.0000002504
1385 0.0000002502
1386 0.0000002500
1387 0.0000002498
1388 0.0000002496
1389 0.0000002495
1390 0.0000002493
1391 0.0000002491
1392 0.0000002489
1393 0.0000002487
1394 0.0000002486
1395 0.0000002484
1396 0.0000002482
1397 0.0000002480
1398 0.0000002479
1399 0.0000002477
1400 0.0000002475
1401 0.0000002473
1402 0.0000002471
1403 0.0000002470
1404 0.0000002468
1405 0.0000002466
1406 0.0000002464
1407 0.0000002463
1408 0.0000002461
1409 0.0000002459
1410 0.0000002457
1411 0.0000002456
1412 0.0000002454
1413 0.0000002452
1414 0.0000002450
1415 0.0000002449
1416 0.0000002447
1417 0.0000002445
1418 0.0000002443
1419 0.0000002442
1420 0.0000002440
1421 0.0000002438
1422 0.0000002436
1423 0.0000002435
1424 0.0000002433
1425 0.0000002431
1426 0.0000002429
1427 0.0000002428
1428 0.0000002426
1429 0.0000002424
1430 0.0000002423
1431 0.0000002421
1432 0.0000002419
1433 0.0000002418
1434 0.0000002416
1435 0.0000002414
1436 0.0000002412
1437 0.0000002411
1438 0.0000002409
1439 0.0000002407
1440 0.0000002406
1441 0.0000002404
1442 0.0000002402
1443 0.0000002401
1444 0.0000002399
1445 0.0000002397
1446 0.0000002396
1447 0.0000002394
1448 0.0000002392
1449 0.0000002391
1450 0.0000002389
1451 0.0000002387
1452 0.0000002386
1453 0.0000002384
1454 0.0000002382
1455 0.0000002381
1456 0.0000002379
1457 0.0000002377
1458 0.0000002376
1459 0.0000002374
1460 0.0000002372
1461 0.0000002371
1462 0.0000002369
1463 0.0000002368
1464 0.0000002366
1465 0.0000002364
1466 0.0000002363
1467 0.0000002361
1468 0.0000002359
1469 0.0000002358
1470 0.0000002356
1471 0.0000002355
1472 0.0000002353
1473 0.0000002351
1474 0.0000002350
1475 0.0000002348
1476 0.0000002347
1477 0.0000002345
1478 0.0000002343
1479 0.0000002342
1480 0.0000002340
1481 0.0000002339
1482 0.0000002337
1483 0.0000002335
1484 0.0000002334
1485 0.0000002332
1486 0.0000002331
1487 0.0000002329
1488 0.0000002327
1489 0.0000002326
1490 0.0000002324
1491 0.0000002323
1492 0.0000002321
1493 0.0000002320
1494 0.0000002318
1495 0.0000002316
1496 0.0000002315
1497 0.0000002313
1498 0.0000002312
1499 0.0000002310
1500 0.0000002309
1501 0.0000002307
1502 0.0000002306
1503 0.0000002304
1504 0.0000002302
1505 0.0000002301
1506 0.0000002299
1507 0.0000002298
1508 0.0000002296
1509 0.0000002295
1510 0.0000002293
1511 0.0000002292
1512 0.0000002290
1513 0.0000002289
1514 0.0000002287
1515 0.0000002286
1516 0.0000002284
1517 0.0000002283
1518 0.0000002281
1519 0.0000002279
1520 0.0000002278
1521 0.0000002276
1522 0.0000002275
1523 0.0000002273
1524 0.0000002272
1525 0.0000002270
1526 0.0000002269
1527 0.0000002267
1528 0.0000002266
1529 0.0000002264
1530 0.0000002263
1531 0.0000002261
1532 0.0000002260
1533 0.0000002258
1534 0.0000002257
1535 0.0000002255
1536 0.0000002254
1537 0.0000002252
1538 0.0000002251
1539 0.0000002250
1540 0.0000002248
1541 0.0000002247
1542 0.0000002245
1543 0.0000002244
1544 0.0000002242
1545 0.0000002241
1546 0.0000002239
1547 0.0000002238
1548 0.0000002236
1549 0.0000002235
1550 0.0000002233
1551 0.0000002232
1552 0.0000002230
1553 0.0000002229
1554 0.0000002228
1555 0.0000002226
1556 0.0000002225
1557 0.0000002223
1558 0.0000002222
1559 0.0000002220
1560 0.0000002219
1561 0.0000002217
1562 0.0000002216
1563 0.0000002215
1564 0.0000002213
1565 0.0000002212
1566 0.0000002210
1567 0.0000002209
1568 0.0000002207
1569 0.0000002206
1570 0.0000002205
1571 0.0000002203
1572 0.0000002202
1573 0.0000002200
1574 0.0000002199
1575 0.0000002197
1576 0.0000002196
1577 0.0000002195
1578 0.0000002193
1579 0.0000002192
1580 0.0000002190
1581 0.0000002189
1582 0.0000002188
1583 0.0000002186
1584 0.0000002185
1585 0.0000002183
1586 0.0000002182
1587 0.0000002181
1588 0.0000002179
1589 0.0000002178
1590 0.0000002176
1591 0.0000002175
1592 0.0000002174
1593 0.0000002172
1594 0.0000002171
1595 0.0000002169
1596 0.0000002168
1597 0.0000002167
1598 0.0000002165
1599 0.0000002164
1600 0.0000002163
1601 0.0000002161
1602 0.0000002160
1603 0.0000002158
1604 0.0000002157
1605 0.0000002156
1606 0.0000002154
1607 0.0000002153
1608 0.0000002152
1609 0.0000002150
1610 0.0000002149
1611 0.0000002148
1612 0.0000002146
1613 0.0000002145
1614 0.0000002143
1615 0.0000002142
1616 0.0000002141
1617 0.0000002139
1618 0.0000002138
1619 0.0000002137
1620 0.0000002135
1621 0.0000002134
1622 0.0000002133
1623 0.0000002131
1624 0.0000002130
1625 0.0000002129
1626 0.0000002127
1627 0.0000002126
1628 0.0000002125
1629 0.0000002123
1630 0.0000002122
1631 0.0000002121
1632 0.0000002119
1633 0.0000002118
1634 0.0000002117
1635 0.0000002115
1636 0.0000002114
1637 0.0000002113
1638 0.0000002111
1639 0.0000002110
1640 0.0000002109
1641 0.0000002108
1642 0.0000002106
1643 0.0000002105
1644 0.0000002104
1645 0.0000002102
1646 0.0000002101
1647 0.0000002100
1648 0.0000002098
1649 0.0000002097
1650 0.0000002096
1651 0.0000002094
1652 0.0000002093
1653 0.0000002092
1654 0.0000002091
1655 0.0000002089
1656 0.0000002088
1657 0.0000002087
1658 0.0000002085
1659 0.0000002084
1660 0.0000002083
1661 0.0000002082
1662 0.0000002080
1663 0.0000002079
1664 0.0000002078
1665 0.0000002076
1666 0.0000002075
1667 0.0000002074
1668 0.0000002073
1669 0.0000002071
1670 0.0000002070
1671 0.0000002069
1672 0.0000002068
1673 0.0000002066
1674 0.0000002065
1675 0.0000002064
1676 0.0000002062
1677 0.0000002061
1678 0.0000002060
1679 0.0000002059
1680 0.0000002057
1681 0.0000002056
1682 0.0000002055
1683 0.0000002054
1684 0.0000002052
1685 0.0000002051
1686 0.0000002050
1687 0.0000002049
1688 0.0000002047
1689 0.0000002046
1690 0.0000002045
1691 0.0000002044
1692 0.0000002042
1693 0.0000002041
1694 0.0000002040
1695 0.0000002039
1696 0.0000002037
1697 0.0000002036
1698 0.0000002035
1699 0.0000002034
1700 0.0000002033
1701 0.0000002031
1702 0.0000002030
1703 0.0000002029
1704 0.0000002028
1705 0.0000002026
1706 0.0000002025
1707 0.0000002024
1708 0.0000002023
1709 0.0000002021
1710 0.0000002020
1711 0.0000002019
1712 0.0000002018
1713 0.0000002017
1714 0.0000002015
1715 0.0000002014
1716 0.0000002013
1717 0.0000002012
1718 0.0000002010
1719 0.0000002009
1720 0.0000002008
1721 0.0000002007
1722 0.0000002006
1723 0.0000002004
1724 0.0000002003
1725 0.0000002002
1726 0.0000002001
1727 0.0000002000
1728 0.0000001998
1729 0.0000001997
1730 0.0000001996
1731 0.0000001995
1732 0.0000001994
1733 0.0000001992
1734 0.0000001991
1735 0.0000001990
1736 0.0000001989
1737 0.0000001988
1738 0.0000001986
1739 0.0000001985
1740 0.0000001984
1741 0.0000001983
1742 0.0000001982
1743 0.0000001981
1744 0.0000001979
1745 0.0000001978
1746 0.0000001977
1747 0.0000001976
1748 0.0000001975
1749 0.0000001973
1750 0.0000001972
1751 0.0000001971
1752 0.0000001970
1753 0.0000001969
1754 0.0000001968
1755 0.0000001966
1756 0.0000001965
1757 0.0000001964
1758 0.0000001963
1759 0.0000001962
1760 0.0000001960
1761 0.0000001959
1762 0.0000001958
1763 0.0000001957
1764 0.0000001956
1765 0.0000001955
1766 0.0000001953
1767 0.0000001952
1768 0.0000001951
1769 0.0000001950
1770 0.0000001949
1771 0.0000001948
1772 0.0000001946
1773 0.0000001945
1774 0.0000001944
1775 0.0000001943
1776 0.0000001942
1777 0.0000001941
1778 0.0000001940
1779 0.0000001938
1780 0.0000001937
1781 0.0000001936
1782 0.0000001935
1783 0.0000001934
1784 0.0000001933
1785 0.0000001931
1786 0.0000001930
1787 0.0000001929
1788 0.0000001928
1789 0.0000001927
1790 0.0000001926
1791 0.0000001925
1792 0.0000001923
1793 0.0000001922
1794 0.0000001921
1795 0.0000001920
1796 0.0000001919
1797 0.0000001918
1798 0.0000001917
1799 0.0000001915
1800 0.0000001914
1801 0.0000001913
1802 0.0000001912
1803 0.0000001911
1804 0.0000001910
1805 0.0000001909
1806 0.0000001907
1807 0.0000001906
1808 0.0000001905
1809 0.0000001904
1810 0.0000001903
1811 0.0000001902
1812 0.0000001901
1813 0.0000001899
1814 0.0000001898
1815 0.0000001897
1816 0.0000001896
1817 0.0000001895
1818 0.0000001894
1819 0.0000001893
1820 0.0000001891
1821 0.0000001890
1822 0.0000001889
1823 0.0000001888
1824 0.0000001887
1825 0.0000001886
1826 0.0000001885
1827 0.0000001883
1828 0.0000001882
1829 0.0000001881
1830 0.0000001880
1831 0.0000001879
1832 0.0000001878
1833 0.0000001877
1834 0.0000001876
1835 0.0000001874
1836 0.0000001873
1837 0.0000001872
1838 0.0000001871
1839 0.0000001870
1840 0.0000001869
1841 0.0000001868
1842 0.0000001866
1843 0.0000001865
1844 0.0000001864
1845 0.0000001863
1846 0.0000001862
1847 0.0000001861
1848 0.0000001860
1849 0.0000001858
1850 0.0000001857
1851 0.0000001856
1852 0.0000001855
1853 0.0000001854
1854 0.0000001853
1855 0.0000001852
1856 0.0000001850
1857 0.0000001849
1858 0.0000001848
1859 0.0000001847
1860 0.0000001846
1861 0.0000001845
1862 0.0000001844
1863 0.0000001842
1864 0.0000001841
1865 0.0000001840
1866 0.0000001839
1867 0.0000001838
1868 0.0000001837
1869 0.0000001835
1870 0.0000001834
1871 0.0000001833
1872 0.0000001832
1873 0.0000001831
1874 0.0000001830
1875 0.0000001828
1876 0.0000001827
1877 0.0000001826
1878 0.0000001825
1879 0.0000001824
1880 0.0000001823
1881 0.0000001821
1882 0.0000001820
1883 0.0000001819
1884 0.0000001818
1885 0.0000001817
1886 0.0000001815
1887 0.0000001814
1888 0.0000001813
1889 0.0000001812
1890 0.0000001811
1891 0.0000001809
1892 0.0000001808
1893 0.0000001807
1894 0.0000001806
1895 0.0000001804
1896 0.0000001803
1897 0.0000001802
1898 0.0000001801
1899 0.0000001800
1900 0.0000001798
1901 0.0000001797
1902 0.0000001796
1903 0.0000001795
1904 0.0000001793
1905 0.0000001792
1906 0.0000001791
1907 0.0000001789
1908 0.0000001788
1909 0.0000001787
1910 0.0000001786
1911 0.0000001784
1912 0.0000001783
1913 0.0000001782
1914 0.0000001780
1915 0.0000001779
1916 0.0000001778
1917 0.0000001776
1918 0.0000001775
1919 0.0000001774
1920 0.0000001772
1921 0.0000001771
1922 0.0000001769
1923 0.0000001768
1924 0.0000001767
1925 0.0000001765
1926 0.0000001764
1927 0.0000001762
1928 0.0000001761
1929 0.0000001759
1930 0.0000001758
1931 0.0000001757
1932 0.0000001755
1933 0.0000001754
1934 0.0000001752
1935 0.0000001750
1936 0.0000001749
1937 0.0000001747
1938 0.0000001746
1939 0.0000001744
1940 0.0000001743
1941 0.0000001741
1942 0.0000001739
1943 0.0000001738
1944 0.0000001736
1945 0.0000001734
1946 0.0000001732
1947 0.0000001731
1948 0.0000001729
1949 0.0000001727
1950 0.0000001725
1951 0.0000001723
1952 0.0000001721
1953 0.0000001719
1954 0.0000001717
1955 0.0000001716
1956 0.0000001713
1957 0.0000001711
1958 0.0000001709
1959 0.0000001707
1960 0.0000001705
1961 0.0000001703
1962 0.0000001701
1963 0.0000001698
1964 0.0000001696
1965 0.0000001694
1966 0.0000001691
1967 0.0000001689
1968 0.0000001686
1969 0.0000001683
1970 0.0000001681
1971 0.0000001678
1972 0.0000001675
1973 0.0000001672
1974 0.0000001669
1975 0.0000001666
1976 0.0000001663
1977 0.0000001660
1978 0.0000001656
1979 0.0000001653
1980 0.0000001649
1981 0.0000001645
1982 0.0000001642
1983 0.0000001638
1984 0.0000001633
1985 0.0000001629
1986 0.0000001624
1987 0.0000001619
1988 0.0000001614
1989 0.0000001608
1990 0.0000001602
1991 0.0000001595
1992 0.0000001588
1993 0.0000001579
1994 0.0000001568
1995 0.0000001555
1996 0.0000001538
1997 0.0000001512
1998 0.0000001463
1999 0.0000001303
2000 0.0000000000
