0 614
0 0.9876243372
1 0.0040924773
2 0.0014121118
3 0.0008629792
4 0.0005508974
5 0.0003811371
6 0.0002803694
7 0.0002155029
8 0.0001715904
9 0.0001408020
10 0.0001185701
11 0.0001020840
12 0.0000895571
13 0.0000798222
14 0.0000720977
15 0.0000658484
16 0.0000607012
17 0.0000563912
18 0.0000527274
19 0.0000495703
20 0.0000468166
21 0.0000443888
22 0.0000422277
23 0.0000402880
24 0.0000385342
25 0.0000369383
26 0.0000354781
27 0.0000341353
28 0.0000328953
29 0.0000317457
30 0.0000306764
31 0.0000296787
32 0.0000287453
33 0.0000278699
34 0.0000270469
35 0.0000262718
36 0.0000255403
37 0.0000248487
38 0.0000241939
39 0.0000235728
40 0.0000229829
41 0.0000224220
42 0.0000218878
43 0.0000213786
44 0.0000208926
45 0.0000204281
46 0.0000199840
47 0.0000195587
48 0.0000191512
49 0.0000187603
50 0.0000183850
51 0.0000180245
52 0.0000176778
53 0.0000173443
54 0.0000170230
55 0.0000167135
56 0.0000164150
57 0.0000161270
58 0.0000158490
59 0.0000155803
60 0.0000153206
61 0.0000150695
62 0.0000148264
63 0.0000145910
64 0.0000143630
65 0.0000141421
66 0.0000139278
67 0.0000137199
68 0.0000135181
69 0.0000133222
70 0.0000131318
71 0.0000129469
72 0.0000127670
73 0.0000125921
74 0.0000124220
75 0.0000122563
76 0.0000120950
77 0.0000119379
78 0.0000117849
79 0.0000116357
80 0.0000114902
81 0.0000113484
82 0.0000112100
83 0.0000110749
84 0.0000109430
85 0.0000108143
86 0.0000106885
87 0.0000105656
88 0.0000104456
89 0.0000103282
90 0.0000102134
91 0.0000101012
92 0.0000099914
93 0.0000098839
94 0.0000097788
95 0.0000096758
96 0.0000095750
97 0.0000094763
98 0.0000093796
99 0.0000092848
100 0.0000091920
101 0.0000091010
102 0.0000090117
103 0.0000089242
104 0.0000088384
105 0.0000087542
106 0.0000086716
107 0.0000085906
108 0.0000085110
109 0.0000084329
110 0.0000083562
111 0.0000082810
112 0.0000082070
113 0.0000081344
114 0.0000080630
115 0.0000079929
116 0.0000079240
117 0.0000078562
118 0.0000077896
119 0.0000077242
120 0.0000076598
121 0.0000075965
122 0.0000075342
123 0.0000074729
124 0.0000074127
125 0.0000073534
126 0.0000072950
127 0.0000072375
128 0.0000071810
129 0.0000071253
130 0.0000070705
131 0.0000070165
132 0.0000069633
133 0.0000069110
134 0.0000068594
135 0.0000068086
136 0.0000067585
137 0.0000067092
138 0.0000066605
139 0.0000066126
140 0.0000065654
141 0.0000065188
142 0.0000064729
143 0.0000064276
144 0.0000063830
145 0.0000063389
146 0.0000062955
147 0.0000062527
148 0.0000062104
149 0.0000061687
150 0.0000061276
151 0.0000060870
152 0.0000060470
153 0.0000060074
154 0.0000059684
155 0.0000059299
156 0.0000058919
157 0.0000058543
158 0.0000058173
159 0.0000057807
160 0.0000057445
161 0.0000057089
162 0.0000056736
163 0.0000056388
164 0.0000056044
165 0.0000055704
166 0.0000055369
167 0.0000055037
168 0.0000054709
169 0.0000054386
170 0.0000054066
171 0.0000053749
172 0.0000053437
173 0.0000053128
174 0.0000052822
175 0.0000052520
176 0.0000052222
177 0.0000051927
178 0.0000051635
179 0.0000051347
180 0.0000051061
181 0.0000050779
182 0.0000050500
183 0.0000050224
184 0.0000049951
185 0.0000049681
186 0.0000049414
187 0.0000049149
188 0.0000048888
189 0.0000048629
190 0.0000048373
191 0.0000048120
192 0.0000047869
193 0.0000047621
194 0.0000047375
195 0.0000047132
196 0.0000046892
197 0.0000046654
198 0.0000046418
199 0.0000046185
200 0.0000045954
201 0.0000045725
202 0.0000045499
203 0.0000045274
204 0.0000045052
205 0.0000044833
206 0.0000044615
207 0.0000044399
208 0.0000044186
209 0.0000043974
210 0.0000043765
211 0.0000043557
212 0.0000043352
213 0.0000043148
214 0.0000042946
215 0.0000042747
216 0.0000042549
217 0.0000042353
218 0.0000042158
219 0.0000041966
220 0.0000041775
221 0.0000041586
222 0.0000041398
223 0.0000041213
224 0.0000041029
225 0.0000040846
226 0.0000040665
227 0.0000040486
228 0.0000040308
229 0.0000040132
230 0.0000039958
231 0.0000039785
232 0.0000039613
233 0.0000039443
234 0.0000039275
235 0.0000039107
236 0.0000038942
237 0.0000038777
238 0.0000038614
239 0.0000038453
240 0.0000038292
241 0.0000038133
242 0.0000037976
243 0.0000037819
244 0.0000037664
245 0.0000037510
246 0.0000037358
247 0.0000037207
248 0.0000037057
249 0.0000036908
250 0.0000036760
251 0.0000036613
252 0.0000036468
253 0.0000036324
254 0.0000036181
255 0.0000036039
256 0.0000035898
257 0.0000035758
258 0.0000035620
259 0.0000035482
260 0.0000035345
261 0.0000035210
262 0.0000035076
263 0.0000034942
264 0.0000034810
265 0.0000034678
266 0.0000034548
267 0.0000034418
268 0.0000034290
269 0.0000034162
270 0.0000034036
271 0.0000033910
272 0.0000033785
273 0.0000033662
274 0.0000033539
275 0.0000033417
276 0.0000033295
277 0.0000033175
278 0.0000033056
279 0.0000032937
280 0.0000032820
281 0.0000032703
282 0.0000032587
283 0.0000032471
284 0.0000032357
285 0.0000032243
286 0.0000032131
287 0.0000032019
288 0.0000031907
289 0.0000031797
290 0.0000031687
291 0.0000031578
292 0.0000031470
293 0.0000031363
294 0.0000031256
295 0.0000031150
296 0.0000031045
297 0.0000030940
298 0.0000030836
299 0.0000030733
300 0.0000030630
301 0.0000030529
302 0.0000030427
303 0.0000030327
304 0.0000030227
305 0.0000030128
306 0.0000030029
307 0.0000029931
308 0.0000029834
309 0.0000029738
310 0.0000029642
311 0.0000029546
312 0.0000029452
313 0.0000029357
314 0.0000029264
315 0.0000029171
316 0.0000029078
317 0.0000028987
318 0.0000028895
319 0.0000028805
320 0.0000028715
321 0.0000028625
322 0.0000028536
323 0.0000028448
324 0.0000028360
325 0.0000028273
326 0.0000028186
327 0.0000028100
328 0.0000028014
329 0.0000027929
330 0.0000027844
331 0.0000027760
332 0.0000027676
333 0.0000027593
334 0.0000027510
335 0.0000027428
336 0.0000027346
337 0.0000027265
338 0.0000027184
339 0.0000027104
340 0.0000027024
341 0.0000026945
342 0.0000026866
343 0.0000026788
344 0.0000026710
345 0.0000026632
346 0.0000026555
347 0.0000026479
348 0.0000026403
349 0.0000026327
350 0.0000026252
351 0.0000026177
352 0.0000026102
353 0.0000026028
354 0.0000025955
355 0.0000025882
356 0.0000025809
357 0.0000025736
358 0.0000025664
359 0.0000025593
360 0.0000025522
361 0.0000025451
362 0.0000025381
363 0.0000025311
364 0.0000025241
365 0.0000025172
366 0.0000025103
367 0.0000025034
368 0.0000024966
369 0.0000024899
370 0.0000024831
371 0.0000024764
372 0.0000024698
373 0.0000024631
374 0.0000024565
375 0.0000024500
376 0.0000024435
377 0.0000024370
378 0.0000024305
379 0.0000024241
380 0.0000024177
381 0.0000024114
382 0.0000024050
383 0.0000023988
384 0.0000023925
385 0.0000023863
386 0.0000023801
387 0.0000023739
388 0.0000023678
389 0.0000023617
390 0.0000023557
391 0.0000023496
392 0.0000023436
393 0.0000023377
394 0.0000023317
395 0.0000023258
396 0.0000023199
397 0.0000023141
398 0.0000023083
399 0.0000023025
400 0.0000022967
401 0.0000022910
402 0.0000022853
403 0.0000022796
404 0.0000022739
405 0.0000022683
406 0.0000022627
407 0.0000022572
408 0.0000022516
409 0.0000022461
410 0.0000022406
411 0.0000022352
412 0.0000022297
413 0.0000022243
414 0.0000022189
415 0.0000022136
416 0.0000022083
417 0.0000022030
418 0.0000021977
419 0.0000021924
420 0.0000021872
421 0.0000021820
422 0.0000021768
423 0.0000021717
424 0.0000021665
425 0.0000021614
426 0.0000021563
427 0.0000021513
428 0.0000021463
429 0.0000021412
430 0.0000021363
431 0.0000021313
432 0.0000021264
433 0.0000021214
434 0.0000021165
435 0.0000021117
436 0.0000021068
437 0.0000021020
438 0.0000020972
439 0.0000020924
440 0.0000020876
441 0.0000020829
442 0.0000020782
443 0.0000020735
444 0.0000020688
445 0.0000020641
446 0.0000020595
447 0.0000020549
448 0.0000020503
449 0.0000020457
450 0.0000020412
451 0.0000020366
452 0.0000020321
453 0.0000020276
454 0.0000020232
455 0.0000020187
456 0.0000020143
457 0.0000020099
458 0.0000020055
459 0.0000020011
460 0.0000019967
461 0.0000019924
462 0.0000019881
463 0.0000019838
464 0.0000019795
465 0.0000019752
466 0.0000019710
467 0.0000019667
468 0.0000019625
469 0.0000019583
470 0.0000019542
471 0.0000019500
472 0.0000019459
473 0.0000019417
474 0.0000019376
475 0.0000019336
476 0.0000019295
477 0.0000019254
478 0.0000019214
479 0.0000019174
480 0.0000019134
481 0.0000019094
482 0.0000019054
483 0.0000019015
484 0.0000018975
485 0.0000018936
486 0.0000018897
487 0.0000018858
488 0.0000018819
489 0.0000018781
490 0.0000018742
491 0.0000018704
492 0.0000018666
493 0.0000018628
494 0.0000018590
495 0.0000018553
496 0.0000018515
497 0.0000018478
498 0.0000018441
499 0.0000018404
500 0.0000018367
501 0.0000018330
502 0.0000018293
503 0.0000018257
504 0.0000018221
505 0.0000018184
506 0.0000018148
507 0.0000018113
508 0.0000018077
509 0.0000018041
510 0.0000018006
511 0.0000017970
512 0.0000017935
513 0.0000017900
514 0.0000017865
515 0.0000017830
516 0.0000017796
517 0.0000017761
518 0.0000017727
519 0.0000017693
520 0.0000017659
521 0.0000017625
522 0.0000017591
523 0.0000017557
524 0.0000017523
525 0.0000017490
526 0.0000017457
527 0.0000017423
528 0.0000017390
529 0.0000017357
530 0.0000017324
531 0.0000017292
532 0.0000017259
533 0.0000017227
534 0.0000017194
535 0.0000017162
536 0.0000017130
537 0.0000017098
538 0.0000017066
539 0.0000017034
540 0.0000017003
541 0.0000016971
542 0.0000016940
543 0.0000016908
544 0.0000016877
545 0.0000016846
546 0.0000016815
547 0.0000016784
548 0.0000016754
549 0.0000016723
550 0.0000016693
551 0.0000016662
552 0.0000016632
553 0.0000016602
554 0.0000016572
555 0.0000016542
556 0.0000016512
557 0.0000016482
558 0.0000016452
559 0.0000016423
560 0.0000016393
561 0.0000016364
562 0.0000016335
563 0.0000016306
564 0.0000016277
565 0.0000016248
566 0.0000016219
567 0.0000016190
568 0.0000016162
569 0.0000016133
570 0.0000016105
571 0.0000016076
572 0.0000016048
573 0.0000016020
574 0.0000015992
575 0.0000015964
576 0.0000015936
577 0.0000015909
578 0.0000015881
579 0.0000015853
580 0.0000015826
581 0.0000015799
582 0.0000015771
583 0.0000015744
584 0.0000015717
585 0.0000015690
586 0.0000015663
587 0.0000015636
588 0.0000015610
589 0.0000015583
590 0.0000015557
591 0.0000015530
592 0.0000015504
593 0.0000015477
594 0.0000015451
595 0.0000015425
596 0.0000015399
597 0.0000015373
598 0.0000015347
599 0.0000015322
600 0.0000015296
601 0.0000015270
602 0.0000015245
603 0.0000015220
604 0.0000015194
605 0.0000015169
606 0.0000015144
607 0.0000015119
608 0.0000015094
609 0.0000015069
610 0.0000015044
611 0.0000015019
612 0.0000014995
613 0.0000014970
614 0.0000014945
