0 348
0 0.9648821056
1 0.0100354410
2 0.0032673696
3 0.0019790184
4 0.0012782035
5 0.0009172565
6 0.0007122581
7 0.0005829816
8 0.0004951786
9 0.0004320919
10 0.0003845731
11 0.0003473339
12 0.0003171963
13 0.0002921774
14 0.0002709892
15 0.0002527610
16 0.0002368812
17 0.0002229055
18 0.0002105006
19 0.0001994105
20 0.0001894338
21 0.0001804095
22 0.0001722068
23 0.0001647181
24 0.0001578537
25 0.0001515389
26 0.0001457099
27 0.0001403128
28 0.0001353014
29 0.0001306355
30 0.0001262808
31 0.0001222071
32 0.0001183879
33 0.0001148003
34 0.0001114236
35 0.0001082399
36 0.0001052331
37 0.0001023888
38 0.0000996942
39 0.0000971378
40 0.0000947091
41 0.0000923990
42 0.0000901989
43 0.0000881011
44 0.0000860986
45 0.0000841852
46 0.0000823549
47 0.0000806025
48 0.0000789232
49 0.0000773124
50 0.0000757660
51 0.0000742802
52 0.0000728516
53 0.0000714769
54 0.0000701532
55 0.0000688775
56 0.0000676474
57 0.0000664605
58 0.0000653145
59 0.0000642074
60 0.0000631371
61 0.0000621020
62 0.0000611002
63 0.0000601303
64 0.0000591906
65 0.0000582799
66 0.0000573967
67 0.0000565400
68 0.0000557084
69 0.0000549009
70 0.0000541165
71 0.0000533542
72 0.0000526131
73 0.0000518922
74 0.0000511909
75 0.0000505082
76 0.0000498436
77 0.0000491962
78 0.0000485653
79 0.0000479505
80 0.0000473510
81 0.0000467663
82 0.0000461959
83 0.0000456392
84 0.0000450958
85 0.0000445652
86 0.0000440469
87 0.0000435405
88 0.0000430457
89 0.0000425619
90 0.0000420889
91 0.0000416263
92 0.0000411738
93 0.0000407309
94 0.0000402976
95 0.0000398733
96 0.0000394578
97 0.0000390510
98 0.0000386524
99 0.0000382619
100 0.0000378792
101 0.0000375041
102 0.0000371363
103 0.0000367757
104 0.0000364220
105 0.0000360750
106 0.0000357346
107 0.0000354006
108 0.0000350727
109 0.0000347508
110 0.0000344349
111 0.0000341245
112 0.0000338198
113 0.0000335204
114 0.0000332263
115 0.0000329373
116 0.0000326533
117 0.0000323741
118 0.0000320997
119 0.0000318299
120 0.0000315645
121 0.0000313036
122 0.0000310469
123 0.0000307944
124 0.0000305460
125 0.0000303016
126 0.0000300610
127 0.0000298243
128 0.0000295912
129 0.0000293617
130 0.0000291358
131 0.0000289133
132 0.0000286942
133 0.0000284783
134 0.0000282658
135 0.0000280563
136 0.0000278499
137 0.0000276466
138 0.0000274462
139 0.0000272486
140 0.0000270539
141 0.0000268620
142 0.0000266728
143 0.0000264862
144 0.0000263022
145 0.0000261207
146 0.0000259417
147 0.0000257652
148 0.0000255910
149 0.0000254192
150 0.0000252497
151 0.0000250824
152 0.0000249173
153 0.0000247544
154 0.0000245936
155 0.0000244348
156 0.0000242781
157 0.0000241234
158 0.0000239706
159 0.0000238198
160 0.0000236709
161 0.0000235238
162 0.0000233785
163 0.0000232350
164 0.0000230933
165 0.0000229532
166 0.0000228149
167 0.0000226782
168 0.0000225432
169 0.0000224097
170 0.0000222778
171 0.0000221475
172 0.0000220186
173 0.0000218913
174 0.0000217654
175 0.0000216410
176 0.0000215179
177 0.0000213963
178 0.0000212760
179 0.0000211571
180 0.0000210395
181 0.0000209232
182 0.0000208081
183 0.0000206944
184 0.0000205818
185 0.0000204705
186 0.0000203604
187 0.0000202514
188 0.0000201436
189 0.0000200370
190 0.0000199315
191 0.0000198270
192 0.0000197237
193 0.0000196215
194 0.0000195202
195 0.0000194201
196 0.0000193209
197 0.0000192228
198 0.0000191256
199 0.0000190295
200 0.0000189342
201 0.0000188400
202 0.0000187466
203 0.0000186542
204 0.0000185627
205 0.0000184721
206 0.0000183823
207 0.0000182935
208 0.0000182054
209 0.0000181183
210 0.0000180319
211 0.0000179464
212 0.0000178617
213 0.0000177778
214 0.0000176946
215 0.0000176122
216 0.0000175306
217 0.0000174498
218 0.0000173697
219 0.0000172903
220 0.0000172116
221 0.0000171337
222 0.0000170564
223 0.0000169799
224 0.0000169040
225 0.0000168288
226 0.0000167542
227 0.0000166804
228 0.0000166071
229 0.0000165345
230 0.0000164626
231 0.0000163913
232 0.0000163205
233 0.0000162504
234 0.0000161809
235 0.0000161120
236 0.0000160436
237 0.0000159759
238 0.0000159087
239 0.0000158420
240 0.0000157759
241 0.0000157104
242 0.0000156454
243 0.0000155810
244 0.0000155170
245 0.0000154536
246 0.0000153907
247 0.0000153283
248 0.0000152665
249 0.0000152051
250 0.0000151442
251 0.0000150838
252 0.0000150239
253 0.0000149644
254 0.0000149054
255 0.0000148469
256 0.0000147888
257 0.0000147312
258 0.0000146740
259 0.0000146173
260 0.0000145610
261 0.0000145051
262 0.0000144497
263 0.0000143947
264 0.0000143400
265 0.0000142859
266 0.0000142321
267 0.0000141787
268 0.0000141257
269 0.0000140731
270 0.0000140209
271 0.0000139691
272 0.0000139177
273 0.0000138666
274 0.0000138159
275 0.0000137656
276 0.0000137156
277 0.0000136661
278 0.0000136168
279 0.0000135679
280 0.0000135194
281 0.0000134712
282 0.0000134233
283 0.0000133758
284 0.0000133287
285 0.0000132818
286 0.0000132353
287 0.0000131891
288 0.0000131432
289 0.0000130976
290 0.0000130524
291 0.0000130074
292 0.0000129628
293 0.0000129185
294 0.0000128745
295 0.0000128307
296 0.0000127873
297 0.0000127442
298 0.0000127013
299 0.0000126587
300 0.0000126165
301 0.0000125745
302 0.0000125327
303 0.0000124913
304 0.0000124501
305 0.0000124092
306 0.0000123686
307 0.0000123282
308 0.0000122880
309 0.0000122482
310 0.0000122086
311 0.0000121693
312 0.0000121302
313 0.0000120913
314 0.0000120527
315 0.0000120143
316 0.0000119762
317 0.0000119384
318 0.0000119007
319 0.0000118633
320 0.0000118261
321 0.0000117892
322 0.0000117525
323 0.0000117160
324 0.0000116797
325 0.0000116437
326 0.0000116079
327 0.0000115723
328 0.0000115369
329 0.0000115017
330 0.0000114668
331 0.0000114320
332 0.0000113975
333 0.0000113632
334 0.0000113291
335 0.0000112951
336 0.0000112614
337 0.0000112279
338 0.0000111946
339 0.0000111614
340 0.0000111285
341 0.0000110957
342 0.0000110632
343 0.0000110308
344 0.0000109986
345 0.0000109667
346 0.0000109348
347 0.0000109032
348 0.0000108718
