0 316
0 0.9508681028
1 0.0129840520
2 0.0044008509
3 0.0027389786
4 0.0018216673
5 0.0013388647
6 0.0010575881
7 0.0008758094
8 0.0007496179
9 0.0006572528
10 0.0005866538
11 0.0005307279
12 0.0004851305
13 0.0004470942
14 0.0004147851
15 0.0003869399
16 0.0003626576
17 0.0003412748
18 0.0003222898
19 0.0003053143
20 0.0002900418
21 0.0002762266
22 0.0002636687
23 0.0002522034
24 0.0002416939
25 0.0002320254
26 0.0002231007
27 0.0002148372
28 0.0002071639
29 0.0002000199
30 0.0001933521
31 0.0001871146
32 0.0001812669
33 0.0001757736
34 0.0001706035
35 0.0001657287
36 0.0001611248
37 0.0001567697
38 0.0001526439
39 0.0001487296
40 0.0001450111
41 0.0001414739
42 0.0001381052
43 0.0001348931
44 0.0001318271
45 0.0001288973
46 0.0001260949
47 0.0001234118
48 0.0001208404
49 0.0001183741
50 0.0001160063
51 0.0001137314
52 0.0001115440
53 0.0001094392
54 0.0001074123
55 0.0001054591
56 0.0001035756
57 0.0001017583
58 0.0001000036
59 0.0000983084
60 0.0000966697
61 0.0000950847
62 0.0000935508
63 0.0000920657
64 0.0000906269
65 0.0000892325
66 0.0000878802
67 0.0000865684
68 0.0000852951
69 0.0000840588
70 0.0000828577
71 0.0000816905
72 0.0000805557
73 0.0000794520
74 0.0000783781
75 0.0000773329
76 0.0000763151
77 0.0000753238
78 0.0000743579
79 0.0000734165
80 0.0000724986
81 0.0000716034
82 0.0000707300
83 0.0000698776
84 0.0000690456
85 0.0000682331
86 0.0000674395
87 0.0000666641
88 0.0000659064
89 0.0000651657
90 0.0000644415
91 0.0000637331
92 0.0000630402
93 0.0000623622
94 0.0000616986
95 0.0000610489
96 0.0000604128
97 0.0000597899
98 0.0000591796
99 0.0000585816
100 0.0000579957
101 0.0000574213
102 0.0000568582
103 0.0000563060
104 0.0000557644
105 0.0000552331
106 0.0000547119
107 0.0000542004
108 0.0000536984
109 0.0000532056
110 0.0000527217
111 0.0000522466
112 0.0000517799
113 0.0000513216
114 0.0000508712
115 0.0000504287
116 0.0000499938
117 0.0000495663
118 0.0000491461
119 0.0000487330
120 0.0000483267
121 0.0000479272
122 0.0000475342
123 0.0000471475
124 0.0000467672
125 0.0000463929
126 0.0000460245
127 0.0000456620
128 0.0000453051
129 0.0000449537
130 0.0000446078
131 0.0000442671
132 0.0000439316
133 0.0000436011
134 0.0000432756
135 0.0000429549
136 0.0000426389
137 0.0000423275
138 0.0000420206
139 0.0000417181
140 0.0000414200
141 0.0000411261
142 0.0000408363
143 0.0000405506
144 0.0000402688
145 0.0000399910
146 0.0000397169
147 0.0000394466
148 0.0000391799
149 0.0000389168
150 0.0000386572
151 0.0000384010
152 0.0000381482
153 0.0000378987
154 0.0000376525
155 0.0000374094
156 0.0000371695
157 0.0000369326
158 0.0000366987
159 0.0000364677
160 0.0000362396
161 0.0000360144
162 0.0000357919
163 0.0000355722
164 0.0000353551
165 0.0000351407
166 0.0000349289
167 0.0000347196
168 0.0000345127
169 0.0000343084
170 0.0000341064
171 0.0000339068
172 0.0000337095
173 0.0000335145
174 0.0000333217
175 0.0000331312
176 0.0000329428
177 0.0000327565
178 0.0000325723
179 0.0000323902
180 0.0000322101
181 0.0000320320
182 0.0000318558
183 0.0000316816
184 0.0000315093
185 0.0000313388
186 0.0000311701
187 0.0000310033
188 0.0000308382
189 0.0000306749
190 0.0000305133
191 0.0000303534
192 0.0000301951
193 0.0000300385
194 0.0000298835
195 0.0000297301
196 0.0000295783
197 0.0000294280
198 0.0000292792
199 0.0000291319
200 0.0000289861
201 0.0000288417
202 0.0000286988
203 0.0000285572
204 0.0000284171
205 0.0000282783
206 0.0000281408
207 0.0000280047
208 0.0000278699
209 0.0000277364
210 0.0000276042
211 0.0000274732
212 0.0000273434
213 0.0000272149
214 0.0000270875
215 0.0000269614
216 0.0000268364
217 0.0000267125
218 0.0000265898
219 0.0000264682
220 0.0000263478
221 0.0000262284
222 0.0000261100
223 0.0000259928
224 0.0000258766
225 0.0000257614
226 0.0000256472
227 0.0000255341
228 0.0000254219
229 0.0000253107
230 0.0000252005
231 0.0000250912
232 0.0000249829
233 0.0000248755
234 0.0000247690
235 0.0000246634
236 0.0000245587
237 0.0000244549
238 0.0000243520
239 0.0000242499
240 0.0000241486
241 0.0000240483
242 0.0000239487
243 0.0000238500
244 0.0000237520
245 0.0000236549
246 0.0000235585
247 0.0000234630
248 0.0000233681
249 0.0000232741
250 0.0000231808
251 0.0000230882
252 0.0000229964
253 0.0000229053
254 0.0000228150
255 0.0000227253
256 0.0000226363
257 0.0000225480
258 0.0000224604
259 0.0000223735
260 0.0000222872
261 0.0000222016
262 0.0000221167
263 0.0000220324
264 0.0000219487
265 0.0000218656
266 0.0000217832
267 0.0000217014
268 0.0000216202
269 0.0000215396
270 0.0000214596
271 0.0000213802
272 0.0000213014
273 0.0000212231
274 0.0000211455
275 0.0000210683
276 0.0000209918
277 0.0000209157
278 0.0000208403
279 0.0000207654
280 0.0000206909
281 0.0000206171
282 0.0000205437
283 0.0000204709
284 0.0000203986
285 0.0000203267
286 0.0000202554
287 0.0000201846
288 0.0000201142
289 0.0000200444
290 0.0000199750
291 0.0000199061
292 0.0000198377
293 0.0000197697
294 0.0000197022
295 0.0000196351
296 0.0000195685
297 0.0000195024
298 0.0000194366
299 0.0000193713
300 0.0000193065
301 0.0000192421
302 0.0000191781
303 0.0000191145
304 0.0000190513
305 0.0000189886
306 0.0000189262
307 0.0000188643
308 0.0000188027
309 0.0000187415
310 0.0000186808
311 0.0000186204
312 0.0000185604
313 0.0000185008
314 0.0000184415
315 0.0000183827
316 0.0000183242
