1 1200
0 0.9733045195
1 0.0062286100
2 0.0026008055
3 0.0018055951
4 0.0013257054
5 0.0010415961
6 0.0008554746
7 0.0007229514
8 0.0006236563
9 0.0005466041
10 0.0004851526
11 0.0004350388
12 0.0003934147
13 0.0003583108
14 0.0003283231
15 0.0003024231
16 0.0002798401
17 0.0002599854
18 0.0002424012
19 0.0002267265
20 0.0002126727
21 0.0002000064
22 0.0001885366
23 0.0001781058
24 0.0001685829
25 0.0001598578
26 0.0001518374
27 0.0001444425
28 0.0001376053
29 0.0001312672
30 0.0001253777
31 0.0001198928
32 0.0001147739
33 0.0001099873
34 0.0001055031
35 0.0001012949
36 0.0000973394
37 0.0000936156
38 0.0000901049
39 0.0000867905
40 0.0000836575
41 0.0000806921
42 0.0000778822
43 0.0000752167
44 0.0000726854
45 0.0000702792
46 0.0000679896
47 0.0000658090
48 0.0000637304
49 0.0000617474
50 0.0000598540
51 0.0000580447
52 0.0000563146
53 0.0000546590
54 0.0000530736
55 0.0000515545
56 0.0000500979
57 0.0000487004
58 0.0000473588
59 0.0000460701
60 0.0000448317
61 0.0000436408
62 0.0000424952
63 0.0000413924
64 0.0000403305
65 0.0000393073
66 0.0000383212
67 0.0000373702
68 0.0000364528
69 0.0000355674
70 0.0000347126
71 0.0000338870
72 0.0000330893
73 0.0000323183
74 0.0000315727
75 0.0000308516
76 0.0000301539
77 0.0000294786
78 0.0000288248
79 0.0000281915
80 0.0000275781
81 0.0000269836
82 0.0000264074
83 0.0000258487
84 0.0000253068
85 0.0000247811
86 0.0000242709
87 0.0000237758
88 0.0000232950
89 0.0000228282
90 0.0000223747
91 0.0000219342
92 0.0000215060
93 0.0000210899
94 0.0000206853
95 0.0000202919
96 0.0000199092
97 0.0000195370
98 0.0000191748
99 0.0000188223
100 0.0000184791
101 0.0000181451
102 0.0000178198
103 0.0000175029
104 0.0000171943
105 0.0000168936
106 0.0000166006
107 0.0000163151
108 0.0000160367
109 0.0000157653
110 0.0000155007
111 0.0000152426
112 0.0000149908
113 0.0000147452
114 0.0000145056
115 0.0000142718
116 0.0000140435
117 0.0000138208
118 0.0000136033
119 0.0000133909
120 0.0000131835
121 0.0000129810
122 0.0000127831
123 0.0000125898
124 0.0000124010
125 0.0000122164
126 0.0000120360
127 0.0000118597
128 0.0000116874
129 0.0000115189
130 0.0000113541
131 0.0000111930
132 0.0000110354
133 0.0000108812
134 0.0000107304
135 0.0000105829
136 0.0000104385
137 0.0000102972
138 0.0000101590
139 0.0000100236
140 0.0000098911
141 0.0000097614
142 0.0000096344
143 0.0000095100
144 0.0000093882
145 0.0000092689
146 0.0000091521
147 0.0000090376
148 0.0000089254
149 0.0000088156
150 0.0000087079
151 0.0000086023
152 0.0000084989
153 0.0000083975
154 0.0000082981
155 0.0000082006
156 0.0000081051
157 0.0000080114
158 0.0000079195
159 0.0000078293
160 0.0000077409
161 0.0000076542
162 0.0000075691
163 0.0000074857
164 0.0000074038
165 0.0000073234
166 0.0000072445
167 0.0000071671
168 0.0000070911
169 0.0000070166
170 0.0000069433
171 0.0000068714
172 0.0000068008
173 0.0000067315
174 0.0000066634
175 0.0000065966
176 0.0000065309
177 0.0000064664
178 0.0000064030
179 0.0000063408
180 0.0000062796
181 0.0000062195
182 0.0000061604
183 0.0000061024
184 0.0000060453
185 0.0000059892
186 0.0000059341
187 0.0000058799
188 0.0000058266
189 0.0000057742
190 0.0000057227
191 0.0000056720
192 0.0000056222
193 0.0000055732
194 0.0000055250
195 0.0000054775
196 0.0000054309
197 0.0000053850
198 0.0000053398
199 0.0000052954
200 0.0000052517
201 0.0000052087
202 0.0000051663
203 0.0000051246
204 0.0000050836
205 0.0000050432
206 0.0000050034
207 0.0000049643
208 0.0000049257
209 0.0000048877
210 0.0000048503
211 0.0000048135
212 0.0000047773
213 0.0000047415
214 0.0000047064
215 0.0000046717
216 0.0000046375
217 0.0000046039
218 0.0000045707
219 0.0000045381
220 0.0000045059
221 0.0000044741
222 0.0000044429
223 0.0000044120
224 0.0000043817
225 0.0000043517
226 0.0000043222
227 0.0000042931
228 0.0000042643
229 0.0000042360
230 0.0000042081
231 0.0000041806
232 0.0000041534
233 0.0000041266
234 0.0000041002
235 0.0000040742
236 0.0000040484
237 0.0000040231
238 0.0000039980
239 0.0000039733
240 0.0000039490
241 0.0000039249
242 0.0000039012
243 0.0000038778
244 0.0000038546
245 0.0000038318
246 0.0000038093
247 0.0000037870
248 0.0000037651
249 0.0000037434
250 0.0000037220
251 0.0000037008
252 0.0000036799
253 0.0000036593
254 0.0000036389
255 0.0000036188
256 0.0000035989
257 0.0000035793
258 0.0000035599
259 0.0000035407
260 0.0000035218
261 0.0000035031
262 0.0000034846
263 0.0000034663
264 0.0000034483
265 0.0000034304
266 0.0000034128
267 0.0000033954
268 0.0000033781
269 0.0000033611
270 0.0000033442
271 0.0000033276
272 0.0000033111
273 0.0000032948
274 0.0000032787
275 0.0000032628
276 0.0000032471
277 0.0000032315
278 0.0000032161
279 0.0000032008
280 0.0000031858
281 0.0000031709
282 0.0000031561
283 0.0000031415
284 0.0000031271
285 0.0000031128
286 0.0000030986
287 0.0000030847
288 0.0000030708
289 0.0000030571
290 0.0000030435
291 0.0000030301
292 0.0000030168
293 0.0000030037
294 0.0000029906
295 0.0000029778
296 0.0000029650
297 0.0000029524
298 0.0000029398
299 0.0000029275
300 0.0000029152
301 0.0000029030
302 0.0000028910
303 0.0000028791
304 0.0000028673
305 0.0000028556
306 0.0000028440
307 0.0000028325
308 0.0000028212
309 0.0000028099
310 0.0000027988
311 0.0000027877
312 0.0000027768
313 0.0000027659
314 0.0000027551
315 0.0000027445
316 0.0000027339
317 0.0000027235
318 0.0000027131
319 0.0000027028
320 0.0000026926
321 0.0000026825
322 0.0000026725
323 0.0000026626
324 0.0000026527
325 0.0000026430
326 0.0000026333
327 0.0000026237
328 0.0000026142
329 0.0000026047
330 0.0000025954
331 0.0000025861
332 0.0000025769
333 0.0000025678
334 0.0000025587
335 0.0000025498
336 0.0000025408
337 0.0000025320
338 0.0000025233
339 0.0000025146
340 0.0000025059
341 0.0000024974
342 0.0000024889
343 0.0000024805
344 0.0000024721
345 0.0000024638
346 0.0000024556
347 0.0000024474
348 0.0000024394
349 0.0000024313
350 0.0000024233
351 0.0000024154
352 0.0000024076
353 0.0000023997
354 0.0000023920
355 0.0000023843
356 0.0000023767
357 0.0000023691
358 0.0000023616
359 0.0000023541
360 0.0000023467
361 0.0000023394
362 0.0000023321
363 0.0000023248
364 0.0000023176
365 0.0000023105
366 0.0000023034
367 0.0000022963
368 0.0000022893
369 0.0000022823
370 0.0000022754
371 0.0000022686
372 0.0000022618
373 0.0000022550
374 0.0000022483
375 0.0000022416
376 0.0000022350
377 0.0000022284
378 0.0000022218
379 0.0000022153
380 0.0000022089
381 0.0000022025
382 0.0000021961
383 0.0000021898
384 0.0000021835
385 0.0000021772
386 0.0000021710
387 0.0000021648
388 0.0000021587
389 0.0000021526
390 0.0000021465
391 0.0000021405
392 0.0000021345
393 0.0000021286
394 0.0000021227
395 0.0000021168
396 0.0000021110
397 0.0000021052
398 0.0000020994
399 0.0000020937
400 0.0000020880
401 0.0000020823
402 0.0000020767
403 0.0000020711
404 0.0000020655
405 0.0000020600
406 0.0000020545
407 0.0000020490
408 0.0000020436
409 0.0000020382
410 0.0000020328
411 0.0000020275
412 0.0000020222
413 0.0000020169
414 0.0000020117
415 0.0000020064
416 0.0000020012
417 0.0000019961
418 0.0000019910
419 0.0000019859
420 0.0000019808
421 0.0000019757
422 0.0000019707
423 0.0000019657
424 0.0000019608
425 0.0000019558
426 0.0000019509
427 0.0000019460
428 0.0000019412
429 0.0000019363
430 0.0000019315
431 0.0000019267
432 0.0000019220
433 0.0000019173
434 0.0000019126
435 0.0000019079
436 0.0000019032
437 0.0000018986
438 0.0000018940
439 0.0000018894
440 0.0000018848
441 0.0000018803
442 0.0000018758
443 0.0000018713
444 0.0000018668
445 0.0000018624
446 0.0000018579
447 0.0000018536
448 0.0000018492
449 0.0000018448
450 0.0000018405
451 0.0000018362
452 0.0000018319
453 0.0000018276
454 0.0000018233
455 0.0000018191
456 0.0000018149
457 0.0000018107
458 0.0000018065
459 0.0000018024
460 0.0000017983
461 0.0000017942
462 0.0000017901
463 0.0000017860
464 0.0000017819
465 0.0000017779
466 0.0000017739
467 0.0000017699
468 0.0000017659
469 0.0000017620
470 0.0000017580
471 0.0000017541
472 0.0000017502
473 0.0000017463
474 0.0000017425
475 0.0000017386
476 0.0000017348
477 0.0000017310
478 0.0000017272
479 0.0000017234
480 0.0000017196
481 0.0000017159
482 0.0000017122
483 0.0000017084
484 0.0000017048
485 0.0000017011
486 0.0000016974
487 0.0000016938
488 0.0000016902
489 0.0000016865
490 0.0000016829
491 0.0000016793
492 0.0000016758
493 0.0000016722
494 0.0000016687
495 0.0000016652
496 0.0000016617
497 0.0000016582
498 0.0000016547
499 0.0000016512
500 0.0000016478
501 0.0000016444
502 0.0000016410
503 0.0000016375
504 0.0000016342
505 0.0000016308
506 0.0000016274
507 0.0000016241
508 0.0000016208
509 0.0000016174
510 0.0000016141
511 0.0000016108
512 0.0000016076
513 0.0000016043
514 0.0000016011
515 0.0000015978
516 0.0000015946
517 0.0000015914
518 0.0000015882
519 0.0000015850
520 0.0000015818
521 0.0000015787
522 0.0000015755
523 0.0000015724
524 0.0000015693
525 0.0000015662
526 0.0000015631
527 0.0000015600
528 0.0000015569
529 0.0000015539
530 0.0000015508
531 0.0000015478
532 0.0000015448
533 0.0000015418
534 0.0000015388
535 0.0000015358
536 0.0000015328
537 0.0000015298
538 0.0000015269
539 0.0000015239
540 0.0000015210
541 0.0000015181
542 0.0000015152
543 0.0000015123
544 0.0000015094
545 0.0000015065
546 0.0000015037
547 0.0000015008
548 0.0000014980
549 0.0000014952
550 0.0000014923
551 0.0000014895
552 0.0000014867
553 0.0000014839
554 0.0000014812
555 0.0000014784
556 0.0000014756
557 0.0000014729
558 0.0000014702
559 0.0000014674
560 0.0000014647
561 0.0000014620
562 0.0000014593
563 0.0000014566
564 0.0000014539
565 0.0000014513
566 0.0000014486
567 0.0000014460
568 0.0000014433
569 0.0000014407
570 0.0000014381
571 0.0000014355
572 0.0000014329
573 0.0000014303
574 0.0000014277
575 0.0000014252
576 0.0000014226
577 0.0000014200
578 0.0000014175
579 0.0000014149
580 0.0000014124
581 0.0000014099
582 0.0000014074
583 0.0000014049
584 0.0000014024
585 0.0000013999
586 0.0000013975
587 0.0000013950
588 0.0000013925
589 0.0000013901
590 0.0000013876
591 0.0000013852
592 0.0000013828
593 0.0000013804
594 0.0000013780
595 0.0000013756
596 0.0000013732
597 0.0000013708
598 0.0000013684
599 0.0000013661
600 0.0000013637
601 0.0000013614
602 0.0000013590
603 0.0000013567
604 0.0000013544
605 0.0000013520
606 0.0000013497
607 0.0000013474
608 0.0000013451
609 0.0000013429
610 0.0000013406
611 0.0000013383
612 0.0000013360
613 0.0000013338
614 0.0000013315
615 0.0000013293
616 0.0000013271
617 0.0000013248
618 0.0000013226
619 0.0000013204
620 0.0000013182
621 0.0000013160
622 0.0000013138
623 0.0000013116
624 0.0000013095
625 0.0000013073
626 0.0000013051
627 0.0000013030
628 0.0000013008
629 0.0000012987
630 0.0000012966
631 0.0000012944
632 0.0000012923
633 0.0000012902
634 0.0000012881
635 0.0000012860
636 0.0000012839
637 0.0000012818
638 0.0000012798
639 0.0000012777
640 0.0000012756
641 0.0000012735
642 0.0000012715
643 0.0000012695
644 0.0000012674
645 0.0000012654
646 0.0000012634
647 0.0000012613
648 0.0000012593
649 0.0000012573
650 0.0000012553
651 0.0000012533
652 0.0000012513
653 0.0000012494
654 0.0000012474
655 0.0000012454
656 0.0000012434
657 0.0000012415
658 0.0000012395
659 0.0000012376
660 0.0000012356
661 0.0000012337
662 0.0000012318
663 0.0000012299
664 0.0000012279
665 0.0000012260
666 0.0000012241
667 0.0000012222
668 0.0000012203
669 0.0000012184
670 0.0000012166
671 0.0000012147
672 0.0000012128
673 0.0000012110
674 0.0000012091
675 0.0000012072
676 0.0000012054
677 0.0000012035
678 0.0000012017
679 0.0000011999
680 0.0000011980
681 0.0000011962
682 0.0000011944
683 0.0000011926
684 0.0000011908
685 0.0000011890
686 0.0000011872
687 0.0000011854
688 0.0000011836
689 0.0000011819
690 0.0000011801
691 0.0000011783
692 0.0000011766
693 0.0000011748
694 0.0000011731
695 0.0000011713
696 0.0000011696
697 0.0000011678
698 0.0000011661
699 0.0000011644
700 0.0000011626
701 0.0000011609
702 0.0000011592
703 0.0000011575
704 0.0000011558
705 0.0000011541
706 0.0000011524
707 0.0000011507
708 0.0000011491
709 0.0000011474
710 0.0000011457
711 0.0000011440
712 0.0000011424
713 0.0000011407
714 0.0000011391
715 0.0000011374
716 0.0000011357
717 0.0000011341
718 0.0000011325
719 0.0000011308
720 0.0000011292
721 0.0000011276
722 0.0000011260
723 0.0000011244
724 0.0000011228
725 0.0000011212
726 0.0000011196
727 0.0000011180
728 0.0000011164
729 0.0000011148
730 0.0000011132
731 0.0000011116
732 0.0000011100
733 0.0000011085
734 0.0000011069
735 0.0000011054
736 0.0000011038
737 0.0000011022
738 0.0000011007
739 0.0000010992
740 0.0000010976
741 0.0000010961
742 0.0000010946
743 0.0000010930
744 0.0000010915
745 0.0000010900
746 0.0000010885
747 0.0000010870
748 0.0000010855
749 0.0000010840
750 0.0000010825
751 0.0000010810
752 0.0000010795
753 0.0000010780
754 0.0000010765
755 0.0000010750
756 0.0000010736
757 0.0000010721
758 0.0000010706
759 0.0000010692
760 0.0000010677
761 0.0000010662
762 0.0000010648
763 0.0000010634
764 0.0000010619
765 0.0000010605
766 0.0000010590
767 0.0000010576
768 0.0000010562
769 0.0000010548
770 0.0000010533
771 0.0000010519
772 0.0000010505
773 0.0000010491
774 0.0000010477
775 0.0000010463
776 0.0000010449
777 0.0000010435
778 0.0000010421
779 0.0000010407
780 0.0000010393
781 0.0000010380
782 0.0000010366
783 0.0000010352
784 0.0000010338
785 0.0000010325
786 0.0000010311
787 0.0000010297
788 0.0000010284
789 0.0000010270
790 0.0000010257
791 0.0000010243
792 0.0000010230
793 0.0000010217
794 0.0000010203
795 0.0000010190
796 0.0000010177
797 0.0000010163
798 0.0000010150
799 0.0000010137
800 0.0000010124
801 0.0000010111
802 0.0000010098
803 0.0000010085
804 0.0000010072
805 0.0000010059
806 0.0000010046
807 0.0000010033
808 0.0000010020
809 0.0000010007
810 0.0000009994
811 0.0000009981
812 0.0000009969
813 0.0000009956
814 0.0000009943
815 0.0000009931
816 0.0000009918
817 0.0000009905
818 0.0000009893
819 0.0000009880
820 0.0000009868
821 0.0000009855
822 0.0000009843
823 0.0000009830
824 0.0000009818
825 0.0000009806
826 0.0000009793
827 0.0000009781
828 0.0000009769
829 0.0000009756
830 0.0000009744
831 0.0000009732
832 0.0000009720
833 0.0000009708
834 0.0000009696
835 0.0000009684
836 0.0000009672
837 0.0000009660
838 0.0000009648
839 0.0000009636
840 0.0000009624
841 0.0000009612
842 0.0000009600
843 0.0000009588
844 0.0000009576
845 0.0000009564
846 0.0000009553
847 0.0000009541
848 0.0000009529
849 0.0000009518
850 0.0000009506
851 0.0000009494
852 0.0000009483
853 0.0000009471
854 0.0000009460
855 0.0000009448
856 0.0000009437
857 0.0000009425
858 0.0000009414
859 0.0000009402
860 0.0000009391
861 0.0000009380
862 0.0000009368
863 0.0000009357
864 0.0000009346
865 0.0000009335
866 0.0000009323
867 0.0000009312
868 0.0000009301
869 0.0000009290
870 0.0000009279
871 0.0000009268
872 0.0000009257
873 0.0000009246
874 0.0000009234
875 0.0000009223
876 0.0000009213
877 0.0000009202
878 0.0000009191
879 0.0000009180
880 0.0000009169
881 0.0000009158
882 0.0000009147
883 0.0000009136
884 0.0000009126
885 0.0000009115
886 0.0000009104
887 0.0000009094
888 0.0000009083
889 0.0000009072
890 0.0000009062
891 0.0000009051
892 0.0000009040
893 0.0000009030
894 0.0000009019
895 0.0000009009
896 0.0000008998
897 0.0000008988
898 0.0000008977
899 0.0000008967
900 0.0000008957
901 0.0000008946
902 0.0000008936
903 0.0000008926
904 0.0000008915
905 0.0000008905
906 0.0000008895
907 0.0000008885
908 0.0000008874
909 0.0000008864
910 0.0000008854
911 0.0000008844
912 0.0000008834
913 0.0000008824
914 0.0000008814
915 0.0000008803
916 0.0000008793
917 0.0000008783
918 0.0000008773
919 0.0000008763
920 0.0000008753
921 0.0000008744
922 0.0000008734
923 0.0000008724
924 0.0000008714
925 0.0000008704
926 0.0000008694
927 0.0000008684
928 0.0000008675
929 0.0000008665
930 0.0000008655
931 0.0000008645
932 0.0000008636
933 0.0000008626
934 0.0000008616
935 0.0000008607
936 0.0000008597
937 0.0000008587
938 0.0000008578
939 0.0000008568
940 0.0000008559
941 0.0000008549
942 0.0000008540
943 0.0000008530
944 0.0000008521
945 0.0000008511
946 0.0000008502
947 0.0000008493
948 0.0000008483
949 0.0000008474
950 0.0000008464
951 0.0000008455
952 0.0000008446
953 0.0000008437
954 0.0000008427
955 0.0000008418
956 0.0000008409
957 0.0000008400
958 0.0000008390
959 0.0000008381
960 0.0000008372
961 0.0000008363
962 0.0000008354
963 0.0000008345
964 0.0000008336
965 0.0000008327
966 0.0000008318
967 0.0000008308
968 0.0000008299
969 0.0000008290
970 0.0000008281
971 0.0000008273
972 0.0000008264
973 0.0000008255
974 0.0000008246
975 0.0000008237
976 0.0000008228
977 0.0000008219
978 0.0000008210
979 0.0000008201
980 0.0000008193
981 0.0000008184
982 0.0000008175
983 0.0000008166
984 0.0000008158
985 0.0000008149
986 0.0000008140
987 0.0000008132
988 0.0000008123
989 0.0000008114
990 0.0000008106
991 0.0000008097
992 0.0000008088
993 0.0000008080
994 0.0000008071
995 0.0000008063
996 0.0000008054
997 0.0000008046
998 0.0000008037
999 0.0000008029
1000 0.0000008020
1001 0.0000008012
1002 0.0000008003
1003 0.0000007995
1004 0.0000007986
1005 0.0000007978
1006 0.0000007970
1007 0.0000007961
1008 0.0000007953
1009 0.0000007945
1010 0.0000007936
1011 0.0000007928
1012 0.0000007920
1013 0.0000007911
1014 0.0000007903
1015 0.0000007895
1016 0.0000007887
1017 0.0000007878
1018 0.0000007870
1019 0.0000007862
1020 0.0000007854
1021 0.0000007846
1022 0.0000007838
1023 0.0000007830
1024 0.0000007821
1025 0.0000007813
1026 0.0000007805
1027 0.0000007797
1028 0.0000007789
1029 0.0000007781
1030 0.0000007773
1031 0.0000007765
1032 0.0000007757
1033 0.0000007749
1034 0.0000007741
1035 0.0000007733
1036 0.0000007725
1037 0.0000007717
1038 0.0000007709
1039 0.0000007701
1040 0.0000007694
1041 0.0000007686
1042 0.0000007678
1043 0.0000007670
1044 0.0000007662
1045 0.0000007654
1046 0.0000007647
1047 0.0000007639
1048 0.0000007631
1049 0.0000007623
1050 0.0000007615
1051 0.0000007608
1052 0.0000007600
1053 0.0000007592
1054 0.0000007585
1055 0.0000007577
1056 0.0000007569
1057 0.0000007562
1058 0.0000007554
1059 0.0000007546
1060 0.0000007539
1061 0.0000007531
1062 0.0000007523
1063 0.0000007516
1064 0.0000007508
1065 0.0000007501
1066 0.0000007493
1067 0.0000007485
1068 0.0000007478
1069 0.0000007470
1070 0.0000007463
1071 0.0000007455
1072 0.0000007448
1073 0.0000007440
1074 0.0000007433
1075 0.0000007426
1076 0.0000007418
1077 0.0000007411
1078 0.0000007403
1079 0.0000007396
1080 0.0000007388
1081 0.0000007381
1082 0.0000007374
1083 0.0000007366
1084 0.0000007359
1085 0.0000007352
1086 0.0000007344
1087 0.0000007337
1088 0.0000007330
1089 0.0000007322
1090 0.0000007315
1091 0.0000007308
1092 0.0000007300
1093 0.0000007293
1094 0.0000007286
1095 0.0000007279
1096 0.0000007271
1097 0.0000007264
1098 0.0000007257
1099 0.0000007250
1100 0.0000007242
1101 0.0000007235
1102 0.0000007228
1103 0.0000007221
1104 0.0000007214
1105 0.0000007206
1106 0.0000007199
1107 0.0000007192
1108 0.0000007185
1109 0.0000007178
1110 0.0000007171
1111 0.0000007164
1112 0.0000007157
1113 0.0000007149
1114 0.0000007142
1115 0.0000007135
1116 0.0000007128
1117 0.0000007121
1118 0.0000007114
1119 0.0000007107
1120 0.0000007100
1121 0.0000007093
1122 0.0000007086
1123 0.0000007079
1124 0.0000007072
1125 0.0000007065
1126 0.0000007058
1127 0.0000007051
1128 0.0000007043
1129 0.0000007036
1130 0.0000007029
1131 0.0000007022
1132 0.0000007015
1133 0.0000007008
1134 0.0000007001
1135 0.0000006994
1136 0.0000006987
1137 0.0000006980
1138 0.0000006973
1139 0.0000006966
1140 0.0000006959
1141 0.0000006952
1142 0.0000006945
1143 0.0000006938
1144 0.0000006931
1145 0.0000006924
1146 0.0000006917
1147 0.0000006910
1148 0.0000006903
1149 0.0000006896
1150 0.0000006889
1151 0.0000006882
1152 0.0000006875
1153 0.0000006868
1154 0.0000006861
1155 0.0000006854
1156 0.0000006846
1157 0.0000006839
1158 0.0000006832
1159 0.0000006825
1160 0.0000006818
1161 0.0000006810
1162 0.0000006803
1163 0.0000006796
1164 0.0000006789
1165 0.0000006781
1166 0.0000006774
1167 0.0000006766
1168 0.0000006759
1169 0.0000006751
1170 0.0000006743
1171 0.0000006736
1172 0.0000006728
1173 0.0000006720
1174 0.0000006712
1175 0.0000006704
1176 0.0000006696
1177 0.0000006687
1178 0.0000006679
1179 0.0000006670
1180 0.0000006661
1181 0.0000006652
1182 0.0000006642
1183 0.0000006632
1184 0.0000006622
1185 0.0000006611
1186 0.0000006599
1187 0.0000006587
1188 0.0000006573
1189 0.0000006559
1190 0.0000006542
1191 0.0000006524
1192 0.0000006502
1193 0.0000006476
1194 0.0000006444
1195 0.0000006401
1196 0.0000006339
1197 0.0000006245
1198 0.0000006053
1199 0.0000005397
1200 0.0000000000
