0 288
0 0.9757019558
1 0.0061703626
2 0.0021379698
3 0.0013494303
4 0.0009105875
5 0.0006768779
6 0.0005389021
7 0.0004486356
8 0.0003853090
9 0.0003385543
10 0.0003025769
11 0.0002739379
12 0.0002505099
13 0.0002309240
14 0.0002142644
15 0.0001998945
16 0.0001873572
17 0.0001763138
18 0.0001665072
19 0.0001577379
20 0.0001498479
21 0.0001427107
22 0.0001362229
23 0.0001302995
24 0.0001248699
25 0.0001198747
26 0.0001152638
27 0.0001109945
28 0.0001070302
29 0.0001033392
30 0.0000998944
31 0.0000966717
32 0.0000936505
33 0.0000908124
34 0.0000881413
35 0.0000856227
36 0.0000832441
37 0.0000809941
38 0.0000788625
39 0.0000768402
40 0.0000749190
41 0.0000730915
42 0.0000713511
43 0.0000696916
44 0.0000681075
45 0.0000665939
46 0.0000651460
47 0.0000637597
48 0.0000624313
49 0.0000611570
50 0.0000599337
51 0.0000587584
52 0.0000576283
53 0.0000565408
54 0.0000554936
55 0.0000544845
56 0.0000535114
57 0.0000525725
58 0.0000516659
59 0.0000507901
60 0.0000499435
61 0.0000491246
62 0.0000483321
63 0.0000475648
64 0.0000468215
65 0.0000461010
66 0.0000454024
67 0.0000447246
68 0.0000440668
69 0.0000434280
70 0.0000428075
71 0.0000422044
72 0.0000416181
73 0.0000410479
74 0.0000404931
75 0.0000399531
76 0.0000394272
77 0.0000389151
78 0.0000384161
79 0.0000379297
80 0.0000374555
81 0.0000369929
82 0.0000365417
83 0.0000361013
84 0.0000356714
85 0.0000352516
86 0.0000348416
87 0.0000344410
88 0.0000340496
89 0.0000336669
90 0.0000332927
91 0.0000329267
92 0.0000325687
93 0.0000322184
94 0.0000318756
95 0.0000315399
96 0.0000312113
97 0.0000308894
98 0.0000305741
99 0.0000302652
100 0.0000299624
101 0.0000296657
102 0.0000293747
103 0.0000290894
104 0.0000288096
105 0.0000285351
106 0.0000282658
107 0.0000280016
108 0.0000277422
109 0.0000274876
110 0.0000272376
111 0.0000269921
112 0.0000267510
113 0.0000265142
114 0.0000262815
115 0.0000260529
116 0.0000258282
117 0.0000256073
118 0.0000253902
119 0.0000251768
120 0.0000249669
121 0.0000247604
122 0.0000245574
123 0.0000243576
124 0.0000241611
125 0.0000239677
126 0.0000237774
127 0.0000235901
128 0.0000234057
129 0.0000232242
130 0.0000230454
131 0.0000228694
132 0.0000226960
133 0.0000225253
134 0.0000223571
135 0.0000221914
136 0.0000220281
137 0.0000218673
138 0.0000217087
139 0.0000215524
140 0.0000213984
141 0.0000212465
142 0.0000210968
143 0.0000209492
144 0.0000208036
145 0.0000206600
146 0.0000205184
147 0.0000203788
148 0.0000202410
149 0.0000201050
150 0.0000199709
151 0.0000198386
152 0.0000197079
153 0.0000195790
154 0.0000194518
155 0.0000193262
156 0.0000192022
157 0.0000190798
158 0.0000189590
159 0.0000188396
160 0.0000187218
161 0.0000186054
162 0.0000184905
163 0.0000183769
164 0.0000182648
165 0.0000181540
166 0.0000180445
167 0.0000179364
168 0.0000178295
169 0.0000177239
170 0.0000176196
171 0.0000175164
172 0.0000174145
173 0.0000173137
174 0.0000172141
175 0.0000171157
176 0.0000170183
177 0.0000169220
178 0.0000168269
179 0.0000167328
180 0.0000166397
181 0.0000165477
182 0.0000164567
183 0.0000163666
184 0.0000162776
185 0.0000161895
186 0.0000161023
187 0.0000160161
188 0.0000159308
189 0.0000158464
190 0.0000157630
191 0.0000156803
192 0.0000155985
193 0.0000155176
194 0.0000154375
195 0.0000153582
196 0.0000152798
197 0.0000152021
198 0.0000151252
199 0.0000150491
200 0.0000149738
201 0.0000148992
202 0.0000148253
203 0.0000147521
204 0.0000146797
205 0.0000146080
206 0.0000145370
207 0.0000144667
208 0.0000143970
209 0.0000143280
210 0.0000142596
211 0.0000141920
212 0.0000141249
213 0.0000140585
214 0.0000139927
215 0.0000139275
216 0.0000138629
217 0.0000137989
218 0.0000137355
219 0.0000136726
220 0.0000136103
221 0.0000135486
222 0.0000134875
223 0.0000134269
224 0.0000133668
225 0.0000133073
226 0.0000132483
227 0.0000131898
228 0.0000131318
229 0.0000130744
230 0.0000130174
231 0.0000129609
232 0.0000129049
233 0.0000128494
234 0.0000127944
235 0.0000127398
236 0.0000126857
237 0.0000126320
238 0.0000125788
239 0.0000125260
240 0.0000124737
241 0.0000124218
242 0.0000123704
243 0.0000123193
244 0.0000122687
245 0.0000122185
246 0.0000121687
247 0.0000121193
248 0.0000120702
249 0.0000120216
250 0.0000119734
251 0.0000119256
252 0.0000118781
253 0.0000118310
254 0.0000117843
255 0.0000117379
256 0.0000116919
257 0.0000116462
258 0.0000116010
259 0.0000115560
260 0.0000115114
261 0.0000114671
262 0.0000114232
263 0.0000113796
264 0.0000113364
265 0.0000112934
266 0.0000112508
267 0.0000112085
268 0.0000111665
269 0.0000111248
270 0.0000110834
271 0.0000110424
272 0.0000110016
273 0.0000109611
274 0.0000109209
275 0.0000108810
276 0.0000108414
277 0.0000108021
278 0.0000107631
279 0.0000107243
280 0.0000106858
281 0.0000106476
282 0.0000106096
283 0.0000105720
284 0.0000105345
285 0.0000104974
286 0.0000104605
287 0.0000104238
288 0.0000103874
