1 2000
0 0.9935680087
1 0.0018699312
2 0.0007634894
3 0.0005207357
4 0.0003747045
5 0.0002884588
6 0.0002321497
7 0.0001922291
8 0.0001624697
9 0.0001395103
10 0.0001213178
11 0.0001065873
12 0.0000944464
13 0.0000842919
14 0.0000756935
15 0.0000683358
16 0.0000619827
17 0.0000564536
18 0.0000516082
19 0.0000473360
20 0.0000435485
21 0.0000401743
22 0.0000371549
23 0.0000344422
24 0.0000319962
25 0.0000297834
26 0.0000277753
27 0.0000259479
28 0.0000242805
29 0.0000227556
30 0.0000213578
31 0.0000200738
32 0.0000188920
33 0.0000178024
34 0.0000167959
35 0.0000158648
36 0.0000150020
37 0.0000142015
38 0.0000134576
39 0.0000127655
40 0.0000121208
41 0.0000115195
42 0.0000109580
43 0.0000104332
44 0.0000099422
45 0.0000094822
46 0.0000090511
47 0.0000086465
48 0.0000082665
49 0.0000079093
50 0.0000075733
51 0.0000072569
52 0.0000069589
53 0.0000066778
54 0.0000064126
55 0.0000061621
56 0.0000059255
57 0.0000057018
58 0.0000054901
59 0.0000052897
60 0.0000050998
61 0.0000049198
62 0.0000047491
63 0.0000045871
64 0.0000044333
65 0.0000042872
66 0.0000041483
67 0.0000040162
68 0.0000038905
69 0.0000037708
70 0.0000036568
71 0.0000035481
72 0.0000034445
73 0.0000033457
74 0.0000032513
75 0.0000031612
76 0.0000030752
77 0.0000029929
78 0.0000029143
79 0.0000028390
80 0.0000027670
81 0.0000026980
82 0.0000026320
83 0.0000025687
84 0.0000025080
85 0.0000024497
86 0.0000023939
87 0.0000023402
88 0.0000022887
89 0.0000022392
90 0.0000021916
91 0.0000021459
92 0.0000021018
93 0.0000020595
94 0.0000020187
95 0.0000019794
96 0.0000019415
97 0.0000019050
98 0.0000018698
99 0.0000018359
100 0.0000018031
101 0.0000017715
102 0.0000017409
103 0.0000017114
104 0.0000016828
105 0.0000016552
106 0.0000016285
107 0.0000016027
108 0.0000015777
109 0.0000015535
110 0.0000015300
111 0.0000015072
112 0.0000014852
113 0.0000014638
114 0.0000014431
115 0.0000014229
116 0.0000014034
117 0.0000013844
118 0.0000013659
119 0.0000013480
120 0.0000013306
121 0.0000013136
122 0.0000012971
123 0.0000012811
124 0.0000012655
125 0.0000012503
126 0.0000012354
127 0.0000012210
128 0.0000012069
129 0.0000011932
130 0.0000011798
131 0.0000011667
132 0.0000011540
133 0.0000011415
134 0.0000011294
135 0.0000011175
136 0.0000011059
137 0.0000010946
138 0.0000010835
139 0.0000010727
140 0.0000010621
141 0.0000010517
142 0.0000010415
143 0.0000010316
144 0.0000010219
145 0.0000010124
146 0.0000010030
147 0.0000009939
148 0.0000009849
149 0.0000009761
150 0.0000009675
151 0.0000009590
152 0.0000009507
153 0.0000009426
154 0.0000009346
155 0.0000009268
156 0.0000009191
157 0.0000009115
158 0.0000009041
159 0.0000008968
160 0.0000008896
161 0.0000008826
162 0.0000008756
163 0.0000008688
164 0.0000008621
165 0.0000008555
166 0.0000008491
167 0.0000008427
168 0.0000008364
169 0.0000008302
170 0.0000008241
171 0.0000008181
172 0.0000008122
173 0.0000008064
174 0.0000008007
175 0.0000007951
176 0.0000007895
177 0.0000007840
178 0.0000007786
179 0.0000007733
180 0.0000007681
181 0.0000007629
182 0.0000007578
183 0.0000007527
184 0.0000007478
185 0.0000007429
186 0.0000007380
187 0.0000007333
188 0.0000007286
189 0.0000007239
190 0.0000007193
191 0.0000007148
192 0.0000007103
193 0.0000007059
194 0.0000007016
195 0.0000006972
196 0.0000006930
197 0.0000006888
198 0.0000006846
199 0.0000006805
200 0.0000006765
201 0.0000006725
202 0.0000006685
203 0.0000006646
204 0.0000006607
205 0.0000006569
206 0.0000006531
207 0.0000006494
208 0.0000006457
209 0.0000006420
210 0.0000006384
211 0.0000006348
212 0.0000006313
213 0.0000006278
214 0.0000006243
215 0.0000006209
216 0.0000006175
217 0.0000006141
218 0.0000006108
219 0.0000006075
220 0.0000006043
221 0.0000006011
222 0.0000005979
223 0.0000005947
224 0.0000005916
225 0.0000005885
226 0.0000005854
227 0.0000005824
228 0.0000005794
229 0.0000005764
230 0.0000005735
231 0.0000005706
232 0.0000005677
233 0.0000005648
234 0.0000005620
235 0.0000005592
236 0.0000005564
237 0.0000005536
238 0.0000005509
239 0.0000005482
240 0.0000005455
241 0.0000005429
242 0.0000005402
243 0.0000005376
244 0.0000005350
245 0.0000005325
246 0.0000005299
247 0.0000005274
248 0.0000005249
249 0.0000005224
250 0.0000005200
251 0.0000005176
252 0.0000005151
253 0.0000005128
254 0.0000005104
255 0.0000005080
256 0.0000005057
257 0.0000005034
258 0.0000005011
259 0.0000004988
260 0.0000004966
261 0.0000004944
262 0.0000004921
263 0.0000004899
264 0.0000004878
265 0.0000004856
266 0.0000004835
267 0.0000004813
268 0.0000004792
269 0.0000004771
270 0.0000004751
271 0.0000004730
272 0.0000004710
273 0.0000004689
274 0.0000004669
275 0.0000004649
276 0.0000004629
277 0.0000004610
278 0.0000004590
279 0.0000004571
280 0.0000004552
281 0.0000004533
282 0.0000004514
283 0.0000004495
284 0.0000004476
285 0.0000004458
286 0.0000004440
287 0.0000004421
288 0.0000004403
289 0.0000004385
290 0.0000004368
291 0.0000004350
292 0.0000004332
293 0.0000004315
294 0.0000004298
295 0.0000004280
296 0.0000004263
297 0.0000004246
298 0.0000004230
299 0.0000004213
300 0.0000004196
301 0.0000004180
302 0.0000004164
303 0.0000004147
304 0.0000004131
305 0.0000004115
306 0.0000004099
307 0.0000004084
308 0.0000004068
309 0.0000004053
310 0.0000004037
311 0.0000004022
312 0.0000004007
313 0.0000003991
314 0.0000003976
315 0.0000003961
316 0.0000003947
317 0.0000003932
318 0.0000003917
319 0.0000003903
320 0.0000003888
321 0.0000003874
322 0.0000003860
323 0.0000003846
324 0.0000003832
325 0.0000003818
326 0.0000003804
327 0.0000003790
328 0.0000003776
329 0.0000003763
330 0.0000003749
331 0.0000003736
332 0.0000003722
333 0.0000003709
334 0.0000003696
335 0.0000003683
336 0.0000003670
337 0.0000003657
338 0.0000003644
339 0.0000003631
340 0.0000003619
341 0.0000003606
342 0.0000003594
343 0.0000003581
344 0.0000003569
345 0.0000003556
346 0.0000003544
347 0.0000003532
348 0.0000003520
349 0.0000003508
350 0.0000003496
351 0.0000003484
352 0.0000003472
353 0.0000003461
354 0.0000003449
355 0.0000003438
356 0.0000003426
357 0.0000003415
358 0.0000003403
359 0.0000003392
360 0.0000003381
361 0.0000003370
362 0.0000003359
363 0.0000003348
364 0.0000003337
365 0.0000003326
366 0.0000003315
367 0.0000003304
368 0.0000003293
369 0.0000003283
370 0.0000003272
371 0.0000003262
372 0.0000003251
373 0.0000003241
374 0.0000003230
375 0.0000003220
376 0.0000003210
377 0.0000003200
378 0.0000003190
379 0.0000003180
380 0.0000003170
381 0.0000003160
382 0.0000003150
383 0.0000003140
384 0.0000003130
385 0.0000003120
386 0.0000003111
387 0.0000003101
388 0.0000003092
389 0.0000003082
390 0.0000003073
391 0.0000003063
392 0.0000003054
393 0.0000003045
394 0.0000003035
395 0.0000003026
396 0.0000003017
397 0.0000003008
398 0.0000002999
399 0.0000002990
400 0.0000002981
401 0.0000002972
402 0.0000002963
403 0.0000002954
404 0.0000002945
405 0.0000002937
406 0.0000002928
407 0.0000002919
408 0.0000002911
409 0.0000002902
410 0.0000002894
411 0.0000002885
412 0.0000002877
413 0.0000002869
414 0.0000002860
415 0.0000002852
416 0.0000002844
417 0.0000002836
418 0.0000002827
419 0.0000002819
420 0.0000002811
421 0.0000002803
422 0.0000002795
423 0.0000002787
424 0.0000002779
425 0.0000002771
426 0.0000002764
427 0.0000002756
428 0.0000002748
429 0.0000002740
430 0.0000002733
431 0.0000002725
432 0.0000002718
433 0.0000002710
434 0.0000002702
435 0.0000002695
436 0.0000002688
437 0.0000002680
438 0.0000002673
439 0.0000002665
440 0.0000002658
441 0.0000002651
442 0.0000002644
443 0.0000002636
444 0.0000002629
445 0.0000002622
446 0.0000002615
447 0.0000002608
448 0.0000002601
449 0.0000002594
450 0.0000002587
451 0.0000002580
452 0.0000002573
453 0.0000002566
454 0.0000002560
455 0.0000002553
456 0.0000002546
457 0.0000002539
458 0.0000002533
459 0.0000002526
460 0.0000002519
461 0.0000002513
462 0.0000002506
463 0.0000002500
464 0.0000002493
465 0.0000002487
466 0.0000002480
467 0.0000002474
468 0.0000002467
469 0.0000002461
470 0.0000002455
471 0.0000002448
472 0.0000002442
473 0.0000002436
474 0.0000002429
475 0.0000002423
476 0.0000002417
477 0.0000002411
478 0.0000002405
479 0.0000002399
480 0.0000002393
481 0.0000002387
482 0.0000002381
483 0.0000002375
484 0.0000002369
485 0.0000002363
486 0.0000002357
487 0.0000002351
488 0.0000002345
489 0.0000002339
490 0.0000002334
491 0.0000002328
492 0.0000002322
493 0.0000002316
494 0.0000002311
495 0.0000002305
496 0.0000002299
497 0.0000002294
498 0.0000002288
499 0.0000002283
500 0.0000002277
501 0.0000002272
502 0.0000002266
503 0.0000002261
504 0.0000002255
505 0.0000002250
506 0.0000002244
507 0.0000002239
508 0.0000002234
509 0.0000002228
510 0.0000002223
511 0.0000002218
512 0.0000002212
513 0.0000002207
514 0.0000002202
515 0.0000002197
516 0.0000002192
517 0.0000002186
518 0.0000002181
519 0.0000002176
520 0.0000002171
521 0.0000002166
522 0.0000002161
523 0.0000002156
524 0.0000002151
525 0.0000002146
526 0.0000002141
527 0.0000002136
528 0.0000002131
529 0.0000002126
530 0.0000002121
531 0.0000002116
532 0.0000002112
533 0.0000002107
534 0.0000002102
535 0.0000002097
536 0.0000002092
537 0.0000002088
538 0.0000002083
539 0.0000002078
540 0.0000002073
541 0.0000002069
542 0.0000002064
543 0.0000002059
544 0.0000002055
545 0.0000002050
546 0.0000002046
547 0.0000002041
548 0.0000002037
549 0.0000002032
550 0.0000002027
551 0.0000002023
552 0.0000002019
553 0.0000002014
554 0.0000002010
555 0.0000002005
556 0.0000002001
557 0.0000001996
558 0.0000001992
559 0.0000001988
560 0.0000001983
561 0.0000001979
562 0.0000001975
563 0.0000001970
564 0.0000001966
565 0.0000001962
566 0.0000001958
567 0.0000001953
568 0.0000001949
569 0.0000001945
570 0.0000001941
571 0.0000001937
572 0.0000001933
573 0.0000001928
574 0.0000001924
575 0.0000001920
576 0.0000001916
577 0.0000001912
578 0.0000001908
579 0.0000001904
580 0.0000001900
581 0.0000001896
582 0.0000001892
583 0.0000001888
584 0.0000001884
585 0.0000001880
586 0.0000001876
587 0.0000001872
588 0.0000001868
589 0.0000001864
590 0.0000001861
591 0.0000001857
592 0.0000001853
593 0.0000001849
594 0.0000001845
595 0.0000001841
596 0.0000001838
597 0.0000001834
598 0.0000001830
599 0.0000001826
600 0.0000001823
601 0.0000001819
602 0.0000001815
603 0.0000001811
604 0.0000001808
605 0.0000001804
606 0.0000001800
607 0.0000001797
608 0.0000001793
609 0.0000001789
610 0.0000001786
611 0.0000001782
612 0.0000001779
613 0.0000001775
614 0.0000001772
615 0.0000001768
616 0.0000001765
617 0.0000001761
618 0.0000001757
619 0.0000001754
620 0.0000001751
621 0.0000001747
622 0.0000001744
623 0.0000001740
624 0.0000001737
625 0.0000001733
626 0.0000001730
627 0.0000001726
628 0.0000001723
629 0.0000001720
630 0.0000001716
631 0.0000001713
632 0.0000001710
633 0.0000001706
634 0.0000001703
635 0.0000001700
636 0.0000001696
637 0.0000001693
638 0.0000001690
639 0.0000001687
640 0.0000001683
641 0.0000001680
642 0.0000001677
643 0.0000001674
644 0.0000001671
645 0.0000001667
646 0.0000001664
647 0.0000001661
648 0.0000001658
649 0.0000001655
650 0.0000001652
651 0.0000001648
652 0.0000001645
653 0.0000001642
654 0.0000001639
655 0.0000001636
656 0.0000001633
657 0.0000001630
658 0.0000001627
659 0.0000001624
660 0.0000001621
661 0.0000001618
662 0.0000001615
663 0.0000001612
664 0.0000001609
665 0.0000001606
666 0.0000001603
667 0.0000001600
668 0.0000001597
669 0.0000001594
670 0.0000001591
671 0.0000001588
672 0.0000001585
673 0.0000001582
674 0.0000001579
675 0.0000001576
676 0.0000001573
677 0.0000001571
678 0.0000001568
679 0.0000001565
680 0.0000001562
681 0.0000001559
682 0.0000001556
683 0.0000001553
684 0.0000001551
685 0.0000001548
686 0.0000001545
687 0.0000001542
688 0.0000001540
689 0.0000001537
690 0.0000001534
691 0.0000001531
692 0.0000001529
693 0.0000001526
694 0.0000001523
695 0.0000001520
696 0.0000001518
697 0.0000001515
698 0.0000001512
699 0.0000001510
700 0.0000001507
701 0.0000001504
702 0.0000001502
703 0.0000001499
704 0.0000001496
705 0.0000001494
706 0.0000001491
707 0.0000001488
708 0.0000001486
709 0.0000001483
710 0.0000001481
711 0.0000001478
712 0.0000001475
713 0.0000001473
714 0.0000001470
715 0.0000001468
716 0.0000001465
717 0.0000001463
718 0.0000001460
719 0.0000001458
720 0.0000001455
721 0.0000001453
722 0.0000001450
723 0.0000001448
724 0.0000001445
725 0.0000001443
726 0.0000001440
727 0.0000001438
728 0.0000001435
729 0.0000001433
730 0.0000001430
731 0.0000001428
732 0.0000001426
733 0.0000001423
734 0.0000001421
735 0.0000001418
736 0.0000001416
737 0.0000001414
738 0.0000001411
739 0.0000001409
740 0.0000001406
741 0.0000001404
742 0.0000001402
743 0.0000001399
744 0.0000001397
745 0.0000001395
746 0.0000001392
747 0.0000001390
748 0.0000001388
749 0.0000001385
750 0.0000001383
751 0.0000001381
752 0.0000001379
753 0.0000001376
754 0.0000001374
755 0.0000001372
756 0.0000001370
757 0.0000001367
758 0.0000001365
759 0.0000001363
760 0.0000001361
761 0.0000001358
762 0.0000001356
763 0.0000001354
764 0.0000001352
765 0.0000001349
766 0.0000001347
767 0.0000001345
768 0.0000001343
769 0.0000001341
770 0.0000001339
771 0.0000001336
772 0.0000001334
773 0.0000001332
774 0.0000001330
775 0.0000001328
776 0.0000001326
777 0.0000001324
778 0.0000001321
779 0.0000001319
780 0.0000001317
781 0.0000001315
782 0.0000001313
783 0.0000001311
784 0.0000001309
785 0.0000001307
786 0.0000001305
787 0.0000001303
788 0.0000001301
789 0.0000001299
790 0.0000001296
791 0.0000001294
792 0.0000001292
793 0.0000001290
794 0.0000001288
795 0.0000001286
796 0.0000001284
797 0.0000001282
798 0.0000001280
799 0.0000001278
800 0.0000001276
801 0.0000001274
802 0.0000001272
803 0.0000001270
804 0.0000001268
805 0.0000001266
806 0.0000001264
807 0.0000001262
808 0.0000001260
809 0.0000001259
810 0.0000001257
811 0.0000001255
812 0.0000001253
813 0.0000001251
814 0.0000001249
815 0.0000001247
816 0.0000001245
817 0.0000001243
818 0.0000001241
819 0.0000001239
820 0.0000001237
821 0.0000001236
822 0.0000001234
823 0.0000001232
824 0.0000001230
825 0.0000001228
826 0.0000001226
827 0.0000001224
828 0.0000001223
829 0.0000001221
830 0.0000001219
831 0.0000001217
832 0.0000001215
833 0.0000001213
834 0.0000001212
835 0.0000001210
836 0.0000001208
837 0.0000001206
838 0.0000001204
839 0.0000001202
840 0.0000001201
841 0.0000001199
842 0.0000001197
843 0.0000001195
844 0.0000001194
845 0.0000001192
846 0.0000001190
847 0.0000001188
848 0.0000001187
849 0.0000001185
850 0.0000001183
851 0.0000001181
852 0.0000001180
853 0.0000001178
854 0.0000001176
855 0.0000001174
856 0.0000001173
857 0.0000001171
858 0.0000001169
859 0.0000001168
860 0.0000001166
861 0.0000001164
862 0.0000001162
863 0.0000001161
864 0.0000001159
865 0.0000001157
866 0.0000001156
867 0.0000001154
868 0.0000001152
869 0.0000001151
870 0.0000001149
871 0.0000001147
872 0.0000001146
873 0.0000001144
874 0.0000001142
875 0.0000001141
876 0.0000001139
877 0.0000001138
878 0.0000001136
879 0.0000001134
880 0.0000001133
881 0.0000001131
882 0.0000001129
883 0.0000001128
884 0.0000001126
885 0.0000001125
886 0.0000001123
887 0.0000001121
888 0.0000001120
889 0.0000001118
890 0.0000001117
891 0.0000001115
892 0.0000001114
893 0.0000001112
894 0.0000001110
895 0.0000001109
896 0.0000001107
897 0.0000001106
898 0.0000001104
899 0.0000001103
900 0.0000001101
901 0.0000001100
902 0.0000001098
903 0.0000001097
904 0.0000001095
905 0.0000001093
906 0.0000001092
907 0.0000001090
908 0.0000001089
909 0.0000001087
910 0.0000001086
911 0.0000001084
912 0.0000001083
913 0.0000001081
914 0.0000001080
915 0.0000001078
916 0.0000001077
917 0.0000001075
918 0.0000001074
919 0.0000001073
920 0.0000001071
921 0.0000001070
922 0.0000001068
923 0.0000001067
924 0.0000001065
925 0.0000001064
926 0.0000001062
927 0.0000001061
928 0.0000001059
929 0.0000001058
930 0.0000001057
931 0.0000001055
932 0.0000001054
933 0.0000001052
934 0.0000001051
935 0.0000001049
936 0.0000001048
937 0.0000001047
938 0.0000001045
939 0.0000001044
940 0.0000001042
941 0.0000001041
942 0.0000001040
943 0.0000001038
944 0.0000001037
945 0.0000001035
946 0.0000001034
947 0.0000001033
948 0.0000001031
949 0.0000001030
950 0.0000001029
951 0.0000001027
952 0.0000001026
953 0.0000001025
954 0.0000001023
955 0.0000001022
956 0.0000001020
957 0.0000001019
958 0.0000001018
959 0.0000001016
960 0.0000001015
961 0.0000001014
962 0.0000001012
963 0.0000001011
964 0.0000001010
965 0.0000001008
966 0.0000001007
967 0.0000001006
968 0.0000001005
969 0.0000001003
970 0.0000001002
971 0.0000001001
972 0.0000000999
973 0.0000000998
974 0.0000000997
975 0.0000000995
976 0.0000000994
977 0.0000000993
978 0.0000000992
979 0.0000000990
980 0.0000000989
981 0.0000000988
982 0.0000000986
983 0.0000000985
984 0.0000000984
985 0.0000000983
986 0.0000000981
987 0.0000000980
988 0.0000000979
989 0.0000000978
990 0.0000000976
991 0.0000000975
992 0.0000000974
993 0.0000000973
994 0.0000000971
995 0.0000000970
996 0.0000000969
997 0.0000000968
998 0.0000000966
999 0.0000000965
1000 0.0000000964
1001 0.0000000963
1002 0.0000000962
1003 0.0000000960
1004 0.0000000959
1005 0.0000000958
1006 0.0000000957
1007 0.0000000956
1008 0.0000000954
1009 0.0000000953
1010 0.0000000952
1011 0.0000000951
1012 0.0000000950
1013 0.0000000948
1014 0.0000000947
1015 0.0000000946
1016 0.0000000945
1017 0.0000000944
1018 0.0000000943
1019 0.0000000941
1020 0.0000000940
1021 0.0000000939
1022 0.0000000938
1023 0.0000000937
1024 0.0000000936
1025 0.0000000934
1026 0.0000000933
1027 0.0000000932
1028 0.0000000931
1029 0.0000000930
1030 0.0000000929
1031 0.0000000927
1032 0.0000000926
1033 0.0000000925
1034 0.0000000924
1035 0.0000000923
1036 0.0000000922
1037 0.0000000921
1038 0.0000000920
1039 0.0000000918
1040 0.0000000917
1041 0.0000000916
1042 0.0000000915
1043 0.0000000914
1044 0.0000000913
1045 0.0000000912
1046 0.0000000911
1047 0.0000000910
1048 0.0000000908
1049 0.0000000907
1050 0.0000000906
1051 0.0000000905
1052 0.0000000904
1053 0.0000000903
1054 0.0000000902
1055 0.0000000901
1056 0.0000000900
1057 0.0000000899
1058 0.0000000898
1059 0.0000000896
1060 0.0000000895
1061 0.0000000894
1062 0.0000000893
1063 0.0000000892
1064 0.0000000891
1065 0.0000000890
1066 0.0000000889
1067 0.0000000888
1068 0.0000000887
1069 0.0000000886
1070 0.0000000885
1071 0.0000000884
1072 0.0000000883
1073 0.0000000882
1074 0.0000000881
1075 0.0000000880
1076 0.0000000879
1077 0.0000000877
1078 0.0000000876
1079 0.0000000875
1080 0.0000000874
1081 0.0000000873
1082 0.0000000872
1083 0.0000000871
1084 0.0000000870
1085 0.0000000869
1086 0.0000000868
1087 0.0000000867
1088 0.0000000866
1089 0.0000000865
1090 0.0000000864
1091 0.0000000863
1092 0.0000000862
1093 0.0000000861
1094 0.0000000860
1095 0.0000000859
1096 0.0000000858
1097 0.0000000857
1098 0.0000000856
1099 0.0000000855
1100 0.0000000854
1101 0.0000000853
1102 0.0000000852
1103 0.0000000851
1104 0.0000000850
1105 0.0000000849
1106 0.0000000848
1107 0.0000000847
1108 0.0000000846
1109 0.0000000845
1110 0.0000000844
1111 0.0000000843
1112 0.0000000842
1113 0.0000000842
1114 0.0000000841
1115 0.0000000840
1116 0.0000000839
1117 0.0000000838
1118 0.0000000837
1119 0.0000000836
1120 0.0000000835
1121 0.0000000834
1122 0.0000000833
1123 0.0000000832
1124 0.0000000831
1125 0.0000000830
1126 0.0000000829
1127 0.0000000828
1128 0.0000000827
1129 0.0000000826
1130 0.0000000825
1131 0.0000000824
1132 0.0000000824
1133 0.0000000823
1134 0.0000000822
1135 0.0000000821
1136 0.0000000820
1137 0.0000000819
1138 0.0000000818
1139 0.0000000817
1140 0.0000000816
1141 0.0000000815
1142 0.0000000814
1143 0.0000000813
1144 0.0000000813
1145 0.0000000812
1146 0.0000000811
1147 0.0000000810
1148 0.0000000809
1149 0.0000000808
1150 0.0000000807
1151 0.0000000806
1152 0.0000000805
1153 0.0000000804
1154 0.0000000804
1155 0.0000000803
1156 0.0000000802
1157 0.0000000801
1158 0.0000000800
1159 0.0000000799
1160 0.0000000798
1161 0.0000000797
1162 0.0000000797
1163 0.0000000796
1164 0.0000000795
1165 0.0000000794
1166 0.0000000793
1167 0.0000000792
1168 0.0000000791
1169 0.0000000790
1170 0.0000000790
1171 0.0000000789
1172 0.0000000788
1173 0.0000000787
1174 0.0000000786
1175 0.0000000785
1176 0.0000000784
1177 0.0000000784
1178 0.0000000783
1179 0.0000000782
1180 0.0000000781
1181 0.0000000780
1182 0.0000000779
1183 0.0000000779
1184 0.0000000778
1185 0.0000000777
1186 0.0000000776
1187 0.0000000775
1188 0.0000000774
1189 0.0000000773
1190 0.0000000773
1191 0.0000000772
1192 0.0000000771
1193 0.0000000770
1194 0.0000000769
1195 0.0000000769
1196 0.0000000768
1197 0.0000000767
1198 0.0000000766
1199 0.0000000765
1200 0.0000000764
1201 0.0000000764
1202 0.0000000763
1203 0.0000000762
1204 0.0000000761
1205 0.0000000760
1206 0.0000000760
1207 0.0000000759
1208 0.0000000758
1209 0.0000000757
1210 0.0000000756
1211 0.0000000756
1212 0.0000000755
1213 0.0000000754
1214 0.0000000753
1215 0.0000000752
1216 0.0000000752
1217 0.0000000751
1218 0.0000000750
1219 0.0000000749
1220 0.0000000748
1221 0.0000000748
1222 0.0000000747
1223 0.0000000746
1224 0.0000000745
1225 0.0000000745
1226 0.0000000744
1227 0.0000000743
1228 0.0000000742
1229 0.0000000741
1230 0.0000000741
1231 0.0000000740
1232 0.0000000739
1233 0.0000000738
1234 0.0000000738
1235 0.0000000737
1236 0.0000000736
1237 0.0000000735
1238 0.0000000734
1239 0.0000000734
1240 0.0000000733
1241 0.0000000732
1242 0.0000000731
1243 0.0000000731
1244 0.0000000730
1245 0.0000000729
1246 0.0000000728
1247 0.0000000728
1248 0.0000000727
1249 0.0000000726
1250 0.0000000725
1251 0.0000000725
1252 0.0000000724
1253 0.0000000723
1254 0.0000000722
1255 0.0000000722
1256 0.0000000721
1257 0.0000000720
1258 0.0000000720
1259 0.0000000719
1260 0.0000000718
1261 0.0000000717
1262 0.0000000717
1263 0.0000000716
1264 0.0000000715
1265 0.0000000714
1266 0.0000000714
1267 0.0000000713
1268 0.0000000712
1269 0.0000000712
1270 0.0000000711
1271 0.0000000710
1272 0.0000000709
1273 0.0000000709
1274 0.0000000708
1275 0.0000000707
1276 0.0000000707
1277 0.0000000706
1278 0.0000000705
1279 0.0000000704
1280 0.0000000704
1281 0.0000000703
1282 0.0000000702
1283 0.0000000702
1284 0.0000000701
1285 0.0000000700
1286 0.0000000699
1287 0.0000000699
1288 0.0000000698
1289 0.0000000697
1290 0.0000000697
1291 0.0000000696
1292 0.0000000695
1293 0.0000000695
1294 0.0000000694
1295 0.0000000693
1296 0.0000000693
1297 0.0000000692
1298 0.0000000691
1299 0.0000000690
1300 0.0000000690
1301 0.0000000689
1302 0.0000000688
1303 0.0000000688
1304 0.0000000687
1305 0.0000000686
1306 0.0000000686
1307 0.0000000685
1308 0.0000000684
1309 0.0000000684
1310 0.0000000683
1311 0.0000000682
1312 0.0000000682
1313 0.0000000681
1314 0.0000000680
1315 0.0000000680
1316 0.0000000679
1317 0.0000000678
1318 0.0000000678
1319 0.0000000677
1320 0.0000000676
1321 0.0000000676
1322 0.0000000675
1323 0.0000000674
1324 0.0000000674
1325 0.0000000673
1326 0.0000000672
1327 0.0000000672
1328 0.0000000671
1329 0.0000000670
1330 0.0000000670
1331 0.0000000669
1332 0.0000000669
1333 0.0000000668
1334 0.0000000667
1335 0.0000000667
1336 0.0000000666
1337 0.0000000665
1338 0.0000000665
1339 0.0000000664
1340 0.0000000663
1341 0.0000000663
1342 0.0000000662
1343 0.0000000661
1344 0.0000000661
1345 0.0000000660
1346 0.0000000660
1347 0.0000000659
1348 0.0000000658
1349 0.0000000658
1350 0.0000000657
1351 0.0000000656
1352 0.0000000656
1353 0.0000000655
1354 0.0000000655
1355 0.0000000654
1356 0.0000000653
1357 0.0000000653
1358 0.0000000652
1359 0.0000000651
1360 0.0000000651
1361 0.0000000650
1362 0.0000000650
1363 0.0000000649
1364 0.0000000648
1365 0.0000000648
1366 0.0000000647
1367 0.0000000647
1368 0.0000000646
1369 0.0000000645
1370 0.0000000645
1371 0.0000000644
1372 0.0000000643
1373 0.0000000643
1374 0.0000000642
1375 0.0000000642
1376 0.0000000641
1377 0.0000000640
1378 0.0000000640
1379 0.0000000639
1380 0.0000000639
1381 0.0000000638
1382 0.0000000637
1383 0.0000000637
1384 0.0000000636
1385 0.0000000636
1386 0.0000000635
1387 0.0000000635
1388 0.0000000634
1389 0.0000000633
1390 0.0000000633
1391 0.0000000632
1392 0.0000000632
1393 0.0000000631
1394 0.0000000630
1395 0.0000000630
1396 0.0000000629
1397 0.0000000629
1398 0.0000000628
1399 0.0000000627
1400 0.0000000627
1401 0.0000000626
1402 0.0000000626
1403 0.0000000625
1404 0.0000000625
1405 0.0000000624
1406 0.0000000623
1407 0.0000000623
1408 0.0000000622
1409 0.0000000622
1410 0.0000000621
1411 0.0000000621
1412 0.0000000620
1413 0.0000000619
1414 0.0000000619
1415 0.0000000618
1416 0.0000000618
1417 0.0000000617
1418 0.0000000617
1419 0.0000000616
1420 0.0000000615
1421 0.0000000615
1422 0.0000000614
1423 0.0000000614
1424 0.0000000613
1425 0.0000000613
1426 0.0000000612
1427 0.0000000612
1428 0.0000000611
1429 0.0000000610
1430 0.0000000610
1431 0.0000000609
1432 0.0000000609
1433 0.0000000608
1434 0.0000000608
1435 0.0000000607
1436 0.0000000607
1437 0.0000000606
1438 0.0000000606
1439 0.0000000605
1440 0.0000000604
1441 0.0000000604
1442 0.0000000603
1443 0.0000000603
1444 0.0000000602
1445 0.0000000602
1446 0.0000000601
1447 0.0000000601
1448 0.0000000600
1449 0.0000000600
1450 0.0000000599
1451 0.0000000598
1452 0.0000000598
1453 0.0000000597
1454 0.0000000597
1455 0.0000000596
1456 0.0000000596
1457 0.0000000595
1458 0.0000000595
1459 0.0000000594
1460 0.0000000594
1461 0.0000000593
1462 0.0000000593
1463 0.0000000592
1464 0.0000000592
1465 0.0000000591
1466 0.0000000591
1467 0.0000000590
1468 0.0000000590
1469 0.0000000589
1470 0.0000000588
1471 0.0000000588
1472 0.0000000587
1473 0.0000000587
1474 0.0000000586
1475 0.0000000586
1476 0.0000000585
1477 0.0000000585
1478 0.0000000584
1479 0.0000000584
1480 0.0000000583
1481 0.0000000583
1482 0.0000000582
1483 0.0000000582
1484 0.0000000581
1485 0.0000000581
1486 0.0000000580
1487 0.0000000580
1488 0.0000000579
1489 0.0000000579
1490 0.0000000578
1491 0.0000000578
1492 0.0000000577
1493 0.0000000577
1494 0.0000000576
1495 0.0000000576
1496 0.0000000575
1497 0.0000000575
1498 0.0000000574
1499 0.0000000574
1500 0.0000000573
1501 0.0000000573
1502 0.0000000572
1503 0.0000000572
1504 0.0000000571
1505 0.0000000571
1506 0.0000000570
1507 0.0000000570
1508 0.0000000569
1509 0.0000000569
1510 0.0000000568
1511 0.0000000568
1512 0.0000000567
1513 0.0000000567
1514 0.0000000566
1515 0.0000000566
1516 0.0000000565
1517 0.0000000565
1518 0.0000000564
1519 0.0000000564
1520 0.0000000563
1521 0.0000000563
1522 0.0000000562
1523 0.0000000562
1524 0.0000000561
1525 0.0000000561
1526 0.0000000561
1527 0.0000000560
1528 0.0000000560
1529 0.0000000559
1530 0.0000000559
1531 0.0000000558
1532 0.0000000558
1533 0.0000000557
1534 0.0000000557
1535 0.0000000556
1536 0.0000000556
1537 0.0000000555
1538 0.0000000555
1539 0.0000000554
1540 0.0000000554
1541 0.0000000553
1542 0.0000000553
1543 0.0000000552
1544 0.0000000552
1545 0.0000000552
1546 0.0000000551
1547 0.0000000551
1548 0.0000000550
1549 0.0000000550
1550 0.0000000549
1551 0.0000000549
1552 0.0000000548
1553 0.0000000548
1554 0.0000000547
1555 0.0000000547
1556 0.0000000546
1557 0.0000000546
1558 0.0000000546
1559 0.0000000545
1560 0.0000000545
1561 0.0000000544
1562 0.0000000544
1563 0.0000000543
1564 0.0000000543
1565 0.0000000542
1566 0.0000000542
1567 0.0000000541
1568 0.0000000541
1569 0.0000000541
1570 0.0000000540
1571 0.0000000540
1572 0.0000000539
1573 0.0000000539
1574 0.0000000538
1575 0.0000000538
1576 0.0000000537
1577 0.0000000537
1578 0.0000000536
1579 0.0000000536
1580 0.0000000536
1581 0.0000000535
1582 0.0000000535
1583 0.0000000534
1584 0.0000000534
1585 0.0000000533
1586 0.0000000533
1587 0.0000000532
1588 0.0000000532
1589 0.0000000532
1590 0.0000000531
1591 0.0000000531
1592 0.0000000530
1593 0.0000000530
1594 0.0000000529
1595 0.0000000529
1596 0.0000000529
1597 0.0000000528
1598 0.0000000528
1599 0.0000000527
1600 0.0000000527
1601 0.0000000526
1602 0.0000000526
1603 0.0000000526
1604 0.0000000525
1605 0.0000000525
1606 0.0000000524
1607 0.0000000524
1608 0.0000000523
1609 0.0000000523
1610 0.0000000523
1611 0.0000000522
1612 0.0000000522
1613 0.0000000521
1614 0.0000000521
1615 0.0000000520
1616 0.0000000520
1617 0.0000000520
1618 0.0000000519
1619 0.0000000519
1620 0.0000000518
1621 0.0000000518
1622 0.0000000517
1623 0.0000000517
1624 0.0000000517
1625 0.0000000516
1626 0.0000000516
1627 0.0000000515
1628 0.0000000515
1629 0.0000000514
1630 0.0000000514
1631 0.0000000514
1632 0.0000000513
1633 0.0000000513
1634 0.0000000512
1635 0.0000000512
1636 0.0000000512
1637 0.0000000511
1638 0.0000000511
1639 0.0000000510
1640 0.0000000510
1641 0.0000000510
1642 0.0000000509
1643 0.0000000509
1644 0.0000000508
1645 0.0000000508
1646 0.0000000507
1647 0.0000000507
1648 0.0000000507
1649 0.0000000506
1650 0.0000000506
1651 0.0000000505
1652 0.0000000505
1653 0.0000000505
1654 0.0000000504
1655 0.0000000504
1656 0.0000000503
1657 0.0000000503
1658 0.0000000503
1659 0.0000000502
1660 0.0000000502
1661 0.0000000501
1662 0.0000000501
1663 0.0000000501
1664 0.0000000500
1665 0.0000000500
1666 0.0000000499
1667 0.0000000499
1668 0.0000000499
1669 0.0000000498
1670 0.0000000498
1671 0.0000000497
1672 0.0000000497
1673 0.0000000497
1674 0.0000000496
1675 0.0000000496
1676 0.0000000495
1677 0.0000000495
1678 0.0000000495
1679 0.0000000494
1680 0.0000000494
1681 0.0000000494
1682 0.0000000493
1683 0.0000000493
1684 0.0000000492
1685 0.0000000492
1686 0.0000000492
1687 0.0000000491
1688 0.0000000491
1689 0.0000000490
1690 0.0000000490
1691 0.0000000490
1692 0.0000000489
1693 0.0000000489
1694 0.0000000488
1695 0.0000000488
1696 0.0000000488
1697 0.0000000487
1698 0.0000000487
1699 0.0000000487
1700 0.0000000486
1701 0.0000000486
1702 0.0000000485
1703 0.0000000485
1704 0.0000000485
1705 0.0000000484
1706 0.0000000484
1707 0.0000000484
1708 0.0000000483
1709 0.0000000483
1710 0.0000000482
1711 0.0000000482
1712 0.0000000482
1713 0.0000000481
1714 0.0000000481
1715 0.0000000481
1716 0.0000000480
1717 0.0000000480
1718 0.0000000479
1719 0.0000000479
1720 0.0000000479
1721 0.0000000478
1722 0.0000000478
1723 0.0000000478
1724 0.0000000477
1725 0.0000000477
1726 0.0000000476
1727 0.0000000476
1728 0.0000000476
1729 0.0000000475
1730 0.0000000475
1731 0.0000000475
1732 0.0000000474
1733 0.0000000474
1734 0.0000000473
1735 0.0000000473
1736 0.0000000473
1737 0.0000000472
1738 0.0000000472
1739 0.0000000472
1740 0.0000000471
1741 0.0000000471
1742 0.0000000471
1743 0.0000000470
1744 0.0000000470
1745 0.0000000469
1746 0.0000000469
1747 0.0000000469
1748 0.0000000468
1749 0.0000000468
1750 0.0000000468
1751 0.0000000467
1752 0.0000000467
1753 0.0000000467
1754 0.0000000466
1755 0.0000000466
1756 0.0000000465
1757 0.0000000465
1758 0.0000000465
1759 0.0000000464
1760 0.0000000464
1761 0.0000000464
1762 0.0000000463
1763 0.0000000463
1764 0.0000000463
1765 0.0000000462
1766 0.0000000462
1767 0.0000000462
1768 0.0000000461
1769 0.0000000461
1770 0.0000000460
1771 0.0000000460
1772 0.0000000460
1773 0.0000000459
1774 0.0000000459
1775 0.0000000459
1776 0.0000000458
1777 0.0000000458
1778 0.0000000458
1779 0.0000000457
1780 0.0000000457
1781 0.0000000457
1782 0.0000000456
1783 0.0000000456
1784 0.0000000456
1785 0.0000000455
1786 0.0000000455
1787 0.0000000454
1788 0.0000000454
1789 0.0000000454
1790 0.0000000453
1791 0.0000000453
1792 0.0000000453
1793 0.0000000452
1794 0.0000000452
1795 0.0000000452
1796 0.0000000451
1797 0.0000000451
1798 0.0000000451
1799 0.0000000450
1800 0.0000000450
1801 0.0000000450
1802 0.0000000449
1803 0.0000000449
1804 0.0000000449
1805 0.0000000448
1806 0.0000000448
1807 0.0000000448
1808 0.0000000447
1809 0.0000000447
1810 0.0000000447
1811 0.0000000446
1812 0.0000000446
1813 0.0000000445
1814 0.0000000445
1815 0.0000000445
1816 0.0000000444
1817 0.0000000444
1818 0.0000000444
1819 0.0000000443
1820 0.0000000443
1821 0.0000000443
1822 0.0000000442
1823 0.0000000442
1824 0.0000000442
1825 0.0000000441
1826 0.0000000441
1827 0.0000000441
1828 0.0000000440
1829 0.0000000440
1830 0.0000000440
1831 0.0000000439
1832 0.0000000439
1833 0.0000000439
1834 0.0000000438
1835 0.0000000438
1836 0.0000000438
1837 0.0000000437
1838 0.0000000437
1839 0.0000000437
1840 0.0000000436
1841 0.0000000436
1842 0.0000000436
1843 0.0000000435
1844 0.0000000435
1845 0.0000000435
1846 0.0000000434
1847 0.0000000434
1848 0.0000000434
1849 0.0000000433
1850 0.0000000433
1851 0.0000000433
1852 0.0000000432
1853 0.0000000432
1854 0.0000000432
1855 0.0000000431
1856 0.0000000431
1857 0.0000000430
1858 0.0000000430
1859 0.0000000430
1860 0.0000000429
1861 0.0000000429
1862 0.0000000429
1863 0.0000000428
1864 0.0000000428
1865 0.0000000428
1866 0.0000000427
1867 0.0000000427
1868 0.0000000427
1869 0.0000000426
1870 0.0000000426
1871 0.0000000426
1872 0.0000000425
1873 0.0000000425
1874 0.0000000425
1875 0.0000000424
1876 0.0000000424
1877 0.0000000424
1878 0.0000000423
1879 0.0000000423
1880 0.0000000423
1881 0.0000000422
1882 0.0000000422
1883 0.0000000422
1884 0.0000000421
1885 0.0000000421
1886 0.0000000421
1887 0.0000000420
1888 0.0000000420
1889 0.0000000420
1890 0.0000000419
1891 0.0000000419
1892 0.0000000418
1893 0.0000000418
1894 0.0000000418
1895 0.0000000417
1896 0.0000000417
1897 0.0000000417
1898 0.0000000416
1899 0.0000000416
1900 0.0000000416
1901 0.0000000415
1902 0.0000000415
1903 0.0000000415
1904 0.0000000414
1905 0.0000000414
1906 0.0000000414
1907 0.0000000413
1908 0.0000000413
1909 0.0000000412
1910 0.0000000412
1911 0.0000000412
1912 0.0000000411
1913 0.0000000411
1914 0.0000000411
1915 0.0000000410
1916 0.0000000410
1917 0.0000000410
1918 0.0000000409
1919 0.0000000409
1920 0.0000000408
1921 0.0000000408
1922 0.0000000408
1923 0.0000000407
1924 0.0000000407
1925 0.0000000407
1926 0.0000000406
1927 0.0000000406
1928 0.0000000405
1929 0.0000000405
1930 0.0000000405
1931 0.0000000404
1932 0.0000000404
1933 0.0000000404
1934 0.0000000403
1935 0.0000000403
1936 0.0000000402
1937 0.0000000402
1938 0.0000000402
1939 0.0000000401
1940 0.0000000401
1941 0.0000000400
1942 0.0000000400
1943 0.0000000400
1944 0.0000000399
1945 0.0000000399
1946 0.0000000398
1947 0.0000000398
1948 0.0000000398
1949 0.0000000397
1950 0.0000000397
1951 0.0000000396
1952 0.0000000396
1953 0.0000000395
1954 0.0000000395
1955 0.0000000394
1956 0.0000000394
1957 0.0000000394
1958 0.0000000393
1959 0.0000000393
1960 0.0000000392
1961 0.0000000392
1962 0.0000000391
1963 0.0000000391
1964 0.0000000390
1965 0.0000000390
1966 0.0000000389
1967 0.0000000389
1968 0.0000000388
1969 0.0000000388
1970 0.0000000387
1971 0.0000000387
1972 0.0000000386
1973 0.0000000386
1974 0.0000000385
1975 0.0000000385
1976 0.0000000384
1977 0.0000000383
1978 0.0000000383
1979 0.0000000382
1980 0.0000000381
1981 0.0000000381
1982 0.0000000380
1983 0.0000000379
1984 0.0000000379
1985 0.0000000378
1986 0.0000000377
1987 0.0000000376
1988 0.0000000375
1989 0.0000000374
1990 0.0000000373
1991 0.0000000372
1992 0.0000000371
1993 0.0000000369
1994 0.0000000367
1995 0.0000000364
1996 0.0000000360
1997 0.0000000355
1998 0.0000000344
1999 0.0000000306
2000 0.0000000000
