1 990
0 0.9723716080
1 0.0065911861
2 0.0027461112
3 0.0019037188
4 0.0013943443
5 0.0010924954
6 0.0008946153
7 0.0007536298
8 0.0006479426
9 0.0005659071
10 0.0005004761
11 0.0004471230
12 0.0004028216
13 0.0003654778
14 0.0003335975
15 0.0003060857
16 0.0002821210
17 0.0002610755
18 0.0002424608
19 0.0002258914
20 0.0002110587
21 0.0001977130
22 0.0001856501
23 0.0001747013
24 0.0001647260
25 0.0001556061
26 0.0001472419
27 0.0001395481
28 0.0001324520
29 0.0001258908
30 0.0001198100
31 0.0001141622
32 0.0001089059
33 0.0001040049
34 0.0000994270
35 0.0000951437
36 0.0000911299
37 0.0000873630
38 0.0000838229
39 0.0000804915
40 0.0000773527
41 0.0000743918
42 0.0000715955
43 0.0000689518
44 0.0000664500
45 0.0000640800
46 0.0000618328
47 0.0000597002
48 0.0000576746
49 0.0000557490
50 0.0000539171
51 0.0000521731
52 0.0000505114
53 0.0000489272
54 0.0000474157
55 0.0000459728
56 0.0000445944
57 0.0000432769
58 0.0000420168
59 0.0000408110
60 0.0000396565
61 0.0000385506
62 0.0000374906
63 0.0000364741
64 0.0000354990
65 0.0000345630
66 0.0000336642
67 0.0000328008
68 0.0000319709
69 0.0000311730
70 0.0000304055
71 0.0000296669
72 0.0000289560
73 0.0000282713
74 0.0000276117
75 0.0000269761
76 0.0000263633
77 0.0000257723
78 0.0000252021
79 0.0000246519
80 0.0000241208
81 0.0000236079
82 0.0000231125
83 0.0000226337
84 0.0000221710
85 0.0000217236
86 0.0000212910
87 0.0000208724
88 0.0000204674
89 0.0000200754
90 0.0000196958
91 0.0000193282
92 0.0000189721
93 0.0000186270
94 0.0000182926
95 0.0000179684
96 0.0000176540
97 0.0000173491
98 0.0000170532
99 0.0000167661
100 0.0000164874
101 0.0000162169
102 0.0000159541
103 0.0000156989
104 0.0000154509
105 0.0000152100
106 0.0000149758
107 0.0000147481
108 0.0000145267
109 0.0000143113
110 0.0000141018
111 0.0000138980
112 0.0000136996
113 0.0000135064
114 0.0000133184
115 0.0000131352
116 0.0000129569
117 0.0000127831
118 0.0000126137
119 0.0000124487
120 0.0000122878
121 0.0000121309
122 0.0000119779
123 0.0000118287
124 0.0000116831
125 0.0000115411
126 0.0000114024
127 0.0000112671
128 0.0000111350
129 0.0000110060
130 0.0000108799
131 0.0000107568
132 0.0000106366
133 0.0000105190
134 0.0000104041
135 0.0000102918
136 0.0000101820
137 0.0000100747
138 0.0000099696
139 0.0000098669
140 0.0000097664
141 0.0000096680
142 0.0000095717
143 0.0000094775
144 0.0000093852
145 0.0000092948
146 0.0000092063
147 0.0000091196
148 0.0000090347
149 0.0000089515
150 0.0000088699
151 0.0000087899
152 0.0000087115
153 0.0000086347
154 0.0000085593
155 0.0000084854
156 0.0000084128
157 0.0000083417
158 0.0000082718
159 0.0000082033
160 0.0000081360
161 0.0000080700
162 0.0000080051
163 0.0000079415
164 0.0000078789
165 0.0000078175
166 0.0000077571
167 0.0000076978
168 0.0000076395
169 0.0000075822
170 0.0000075259
171 0.0000074706
172 0.0000074161
173 0.0000073626
174 0.0000073099
175 0.0000072581
176 0.0000072071
177 0.0000071570
178 0.0000071077
179 0.0000070591
180 0.0000070113
181 0.0000069642
182 0.0000069179
183 0.0000068722
184 0.0000068273
185 0.0000067830
186 0.0000067394
187 0.0000066965
188 0.0000066542
189 0.0000066124
190 0.0000065713
191 0.0000065308
192 0.0000064909
193 0.0000064515
194 0.0000064127
195 0.0000063744
196 0.0000063366
197 0.0000062994
198 0.0000062626
199 0.0000062264
200 0.0000061906
201 0.0000061553
202 0.0000061205
203 0.0000060861
204 0.0000060522
205 0.0000060187
206 0.0000059856
207 0.0000059530
208 0.0000059207
209 0.0000058889
210 0.0000058574
211 0.0000058264
212 0.0000057957
213 0.0000057654
214 0.0000057354
215 0.0000057058
216 0.0000056766
217 0.0000056477
218 0.0000056191
219 0.0000055908
220 0.0000055629
221 0.0000055353
222 0.0000055080
223 0.0000054810
224 0.0000054544
225 0.0000054280
226 0.0000054019
227 0.0000053761
228 0.0000053505
229 0.0000053253
230 0.0000053003
231 0.0000052755
232 0.0000052511
233 0.0000052268
234 0.0000052029
235 0.0000051792
236 0.0000051557
237 0.0000051324
238 0.0000051094
239 0.0000050867
240 0.0000050641
241 0.0000050418
242 0.0000050197
243 0.0000049978
244 0.0000049761
245 0.0000049546
246 0.0000049334
247 0.0000049123
248 0.0000048914
249 0.0000048708
250 0.0000048503
251 0.0000048300
252 0.0000048099
253 0.0000047900
254 0.0000047702
255 0.0000047507
256 0.0000047313
257 0.0000047121
258 0.0000046930
259 0.0000046741
260 0.0000046554
261 0.0000046369
262 0.0000046185
263 0.0000046003
264 0.0000045822
265 0.0000045643
266 0.0000045465
267 0.0000045289
268 0.0000045114
269 0.0000044941
270 0.0000044769
271 0.0000044599
272 0.0000044430
273 0.0000044262
274 0.0000044096
275 0.0000043931
276 0.0000043767
277 0.0000043605
278 0.0000043444
279 0.0000043284
280 0.0000043125
281 0.0000042968
282 0.0000042812
283 0.0000042657
284 0.0000042503
285 0.0000042351
286 0.0000042199
287 0.0000042049
288 0.0000041900
289 0.0000041752
290 0.0000041605
291 0.0000041459
292 0.0000041315
293 0.0000041171
294 0.0000041028
295 0.0000040887
296 0.0000040746
297 0.0000040607
298 0.0000040468
299 0.0000040331
300 0.0000040194
301 0.0000040058
302 0.0000039924
303 0.0000039790
304 0.0000039657
305 0.0000039525
306 0.0000039394
307 0.0000039264
308 0.0000039135
309 0.0000039007
310 0.0000038879
311 0.0000038753
312 0.0000038627
313 0.0000038502
314 0.0000038378
315 0.0000038255
316 0.0000038133
317 0.0000038011
318 0.0000037890
319 0.0000037770
320 0.0000037651
321 0.0000037533
322 0.0000037415
323 0.0000037298
324 0.0000037182
325 0.0000037067
326 0.0000036952
327 0.0000036838
328 0.0000036725
329 0.0000036612
330 0.0000036500
331 0.0000036389
332 0.0000036279
333 0.0000036169
334 0.0000036060
335 0.0000035951
336 0.0000035844
337 0.0000035737
338 0.0000035630
339 0.0000035525
340 0.0000035419
341 0.0000035315
342 0.0000035211
343 0.0000035108
344 0.0000035005
345 0.0000034903
346 0.0000034802
347 0.0000034701
348 0.0000034601
349 0.0000034501
350 0.0000034402
351 0.0000034303
352 0.0000034206
353 0.0000034108
354 0.0000034011
355 0.0000033915
356 0.0000033819
357 0.0000033724
358 0.0000033630
359 0.0000033536
360 0.0000033442
361 0.0000033349
362 0.0000033257
363 0.0000033165
364 0.0000033073
365 0.0000032982
366 0.0000032892
367 0.0000032802
368 0.0000032712
369 0.0000032623
370 0.0000032535
371 0.0000032447
372 0.0000032360
373 0.0000032272
374 0.0000032186
375 0.0000032100
376 0.0000032014
377 0.0000031929
378 0.0000031844
379 0.0000031760
380 0.0000031676
381 0.0000031593
382 0.0000031510
383 0.0000031427
384 0.0000031346
385 0.0000031264
386 0.0000031183
387 0.0000031102
388 0.0000031022
389 0.0000030942
390 0.0000030862
391 0.0000030783
392 0.0000030704
393 0.0000030626
394 0.0000030548
395 0.0000030471
396 0.0000030393
397 0.0000030317
398 0.0000030240
399 0.0000030165
400 0.0000030089
401 0.0000030014
402 0.0000029939
403 0.0000029865
404 0.0000029790
405 0.0000029717
406 0.0000029643
407 0.0000029570
408 0.0000029498
409 0.0000029426
410 0.0000029354
411 0.0000029282
412 0.0000029211
413 0.0000029140
414 0.0000029070
415 0.0000028999
416 0.0000028929
417 0.0000028860
418 0.0000028791
419 0.0000028722
420 0.0000028653
421 0.0000028585
422 0.0000028518
423 0.0000028450
424 0.0000028383
425 0.0000028316
426 0.0000028249
427 0.0000028183
428 0.0000028117
429 0.0000028051
430 0.0000027986
431 0.0000027921
432 0.0000027856
433 0.0000027792
434 0.0000027728
435 0.0000027664
436 0.0000027600
437 0.0000027537
438 0.0000027474
439 0.0000027412
440 0.0000027349
441 0.0000027287
442 0.0000027225
443 0.0000027164
444 0.0000027102
445 0.0000027041
446 0.0000026981
447 0.0000026920
448 0.0000026860
449 0.0000026800
450 0.0000026740
451 0.0000026681
452 0.0000026622
453 0.0000026563
454 0.0000026504
455 0.0000026446
456 0.0000026388
457 0.0000026330
458 0.0000026273
459 0.0000026215
460 0.0000026158
461 0.0000026101
462 0.0000026045
463 0.0000025989
464 0.0000025933
465 0.0000025877
466 0.0000025821
467 0.0000025766
468 0.0000025710
469 0.0000025656
470 0.0000025601
471 0.0000025546
472 0.0000025492
473 0.0000025438
474 0.0000025384
475 0.0000025331
476 0.0000025278
477 0.0000025225
478 0.0000025172
479 0.0000025119
480 0.0000025067
481 0.0000025014
482 0.0000024962
483 0.0000024911
484 0.0000024859
485 0.0000024808
486 0.0000024757
487 0.0000024706
488 0.0000024655
489 0.0000024605
490 0.0000024554
491 0.0000024504
492 0.0000024454
493 0.0000024405
494 0.0000024355
495 0.0000024306
496 0.0000024257
497 0.0000024208
498 0.0000024159
499 0.0000024111
500 0.0000024062
501 0.0000024014
502 0.0000023966
503 0.0000023918
504 0.0000023871
505 0.0000023824
506 0.0000023776
507 0.0000023729
508 0.0000023683
509 0.0000023636
510 0.0000023590
511 0.0000023543
512 0.0000023497
513 0.0000023451
514 0.0000023406
515 0.0000023360
516 0.0000023315
517 0.0000023270
518 0.0000023225
519 0.0000023180
520 0.0000023135
521 0.0000023091
522 0.0000023046
523 0.0000023002
524 0.0000022958
525 0.0000022914
526 0.0000022871
527 0.0000022827
528 0.0000022784
529 0.0000022741
530 0.0000022698
531 0.0000022655
532 0.0000022612
533 0.0000022570
534 0.0000022527
535 0.0000022485
536 0.0000022443
537 0.0000022401
538 0.0000022360
539 0.0000022318
540 0.0000022277
541 0.0000022235
542 0.0000022194
543 0.0000022153
544 0.0000022112
545 0.0000022072
546 0.0000022031
547 0.0000021991
548 0.0000021951
549 0.0000021911
550 0.0000021871
551 0.0000021831
552 0.0000021791
553 0.0000021752
554 0.0000021712
555 0.0000021673
556 0.0000021634
557 0.0000021595
558 0.0000021556
559 0.0000021518
560 0.0000021479
561 0.0000021441
562 0.0000021402
563 0.0000021364
564 0.0000021326
565 0.0000021289
566 0.0000021251
567 0.0000021213
568 0.0000021176
569 0.0000021138
570 0.0000021101
571 0.0000021064
572 0.0000021027
573 0.0000020991
574 0.0000020954
575 0.0000020917
576 0.0000020881
577 0.0000020845
578 0.0000020808
579 0.0000020772
580 0.0000020736
581 0.0000020701
582 0.0000020665
583 0.0000020629
584 0.0000020594
585 0.0000020559
586 0.0000020524
587 0.0000020488
588 0.0000020454
589 0.0000020419
590 0.0000020384
591 0.0000020349
592 0.0000020315
593 0.0000020281
594 0.0000020246
595 0.0000020212
596 0.0000020178
597 0.0000020144
598 0.0000020110
599 0.0000020077
600 0.0000020043
601 0.0000020010
602 0.0000019976
603 0.0000019943
604 0.0000019910
605 0.0000019877
606 0.0000019844
607 0.0000019811
608 0.0000019779
609 0.0000019746
610 0.0000019714
611 0.0000019681
612 0.0000019649
613 0.0000019617
614 0.0000019585
615 0.0000019553
616 0.0000019521
617 0.0000019489
618 0.0000019457
619 0.0000019426
620 0.0000019394
621 0.0000019363
622 0.0000019332
623 0.0000019301
624 0.0000019270
625 0.0000019239
626 0.0000019208
627 0.0000019177
628 0.0000019146
629 0.0000019116
630 0.0000019085
631 0.0000019055
632 0.0000019025
633 0.0000018995
634 0.0000018964
635 0.0000018934
636 0.0000018905
637 0.0000018875
638 0.0000018845
639 0.0000018815
640 0.0000018786
641 0.0000018757
642 0.0000018727
643 0.0000018698
644 0.0000018669
645 0.0000018640
646 0.0000018611
647 0.0000018582
648 0.0000018553
649 0.0000018524
650 0.0000018496
651 0.0000018467
652 0.0000018439
653 0.0000018410
654 0.0000018382
655 0.0000018354
656 0.0000018326
657 0.0000018298
658 0.0000018270
659 0.0000018242
660 0.0000018214
661 0.0000018186
662 0.0000018159
663 0.0000018131
664 0.0000018104
665 0.0000018076
666 0.0000018049
667 0.0000018022
668 0.0000017995
669 0.0000017968
670 0.0000017941
671 0.0000017914
672 0.0000017887
673 0.0000017860
674 0.0000017834
675 0.0000017807
676 0.0000017781
677 0.0000017754
678 0.0000017728
679 0.0000017702
680 0.0000017676
681 0.0000017649
682 0.0000017623
683 0.0000017597
684 0.0000017572
685 0.0000017546
686 0.0000017520
687 0.0000017494
688 0.0000017469
689 0.0000017443
690 0.0000017418
691 0.0000017392
692 0.0000017367
693 0.0000017342
694 0.0000017317
695 0.0000017292
696 0.0000017267
697 0.0000017242
698 0.0000017217
699 0.0000017192
700 0.0000017167
701 0.0000017143
702 0.0000017118
703 0.0000017094
704 0.0000017069
705 0.0000017045
706 0.0000017020
707 0.0000016996
708 0.0000016972
709 0.0000016948
710 0.0000016924
711 0.0000016900
712 0.0000016876
713 0.0000016852
714 0.0000016828
715 0.0000016805
716 0.0000016781
717 0.0000016757
718 0.0000016734
719 0.0000016710
720 0.0000016687
721 0.0000016664
722 0.0000016640
723 0.0000016617
724 0.0000016594
725 0.0000016571
726 0.0000016548
727 0.0000016525
728 0.0000016502
729 0.0000016479
730 0.0000016456
731 0.0000016434
732 0.0000016411
733 0.0000016389
734 0.0000016366
735 0.0000016343
736 0.0000016321
737 0.0000016299
738 0.0000016276
739 0.0000016254
740 0.0000016232
741 0.0000016210
742 0.0000016188
743 0.0000016166
744 0.0000016144
745 0.0000016122
746 0.0000016100
747 0.0000016078
748 0.0000016057
749 0.0000016035
750 0.0000016013
751 0.0000015992
752 0.0000015970
753 0.0000015949
754 0.0000015928
755 0.0000015906
756 0.0000015885
757 0.0000015864
758 0.0000015843
759 0.0000015821
760 0.0000015800
761 0.0000015779
762 0.0000015758
763 0.0000015738
764 0.0000015717
765 0.0000015696
766 0.0000015675
767 0.0000015654
768 0.0000015634
769 0.0000015613
770 0.0000015593
771 0.0000015572
772 0.0000015552
773 0.0000015531
774 0.0000015511
775 0.0000015491
776 0.0000015471
777 0.0000015450
778 0.0000015430
779 0.0000015410
780 0.0000015390
781 0.0000015370
782 0.0000015350
783 0.0000015330
784 0.0000015310
785 0.0000015291
786 0.0000015271
787 0.0000015251
788 0.0000015232
789 0.0000015212
790 0.0000015192
791 0.0000015173
792 0.0000015153
793 0.0000015134
794 0.0000015115
795 0.0000015095
796 0.0000015076
797 0.0000015057
798 0.0000015038
799 0.0000015018
800 0.0000014999
801 0.0000014980
802 0.0000014961
803 0.0000014942
804 0.0000014923
805 0.0000014904
806 0.0000014886
807 0.0000014867
808 0.0000014848
809 0.0000014829
810 0.0000014811
811 0.0000014792
812 0.0000014773
813 0.0000014755
814 0.0000014736
815 0.0000014718
816 0.0000014700
817 0.0000014681
818 0.0000014663
819 0.0000014645
820 0.0000014626
821 0.0000014608
822 0.0000014590
823 0.0000014572
824 0.0000014554
825 0.0000014536
826 0.0000014518
827 0.0000014500
828 0.0000014482
829 0.0000014464
830 0.0000014446
831 0.0000014428
832 0.0000014410
833 0.0000014393
834 0.0000014375
835 0.0000014357
836 0.0000014340
837 0.0000014322
838 0.0000014304
839 0.0000014287
840 0.0000014269
841 0.0000014252
842 0.0000014235
843 0.0000014217
844 0.0000014200
845 0.0000014183
846 0.0000014165
847 0.0000014148
848 0.0000014131
849 0.0000014114
850 0.0000014096
851 0.0000014079
852 0.0000014062
853 0.0000014045
854 0.0000014028
855 0.0000014011
856 0.0000013994
857 0.0000013978
858 0.0000013961
859 0.0000013944
860 0.0000013927
861 0.0000013910
862 0.0000013893
863 0.0000013877
864 0.0000013860
865 0.0000013843
866 0.0000013827
867 0.0000013810
868 0.0000013794
869 0.0000013777
870 0.0000013761
871 0.0000013744
872 0.0000013728
873 0.0000013711
874 0.0000013695
875 0.0000013679
876 0.0000013662
877 0.0000013646
878 0.0000013630
879 0.0000013614
880 0.0000013597
881 0.0000013581
882 0.0000013565
883 0.0000013549
884 0.0000013533
885 0.0000013517
886 0.0000013501
887 0.0000013485
888 0.0000013469
889 0.0000013453
890 0.0000013437
891 0.0000013421
892 0.0000013405
893 0.0000013389
894 0.0000013373
895 0.0000013357
896 0.0000013341
897 0.0000013325
898 0.0000013310
899 0.0000013294
900 0.0000013278
901 0.0000013262
902 0.0000013247
903 0.0000013231
904 0.0000013215
905 0.0000013200
906 0.0000013184
907 0.0000013168
908 0.0000013153
909 0.0000013137
910 0.0000013122
911 0.0000013106
912 0.0000013091
913 0.0000013075
914 0.0000013060
915 0.0000013044
916 0.0000013029
917 0.0000013013
918 0.0000012998
919 0.0000012982
920 0.0000012967
921 0.0000012951
922 0.0000012936
923 0.0000012921
924 0.0000012905
925 0.0000012890
926 0.0000012874
927 0.0000012859
928 0.0000012844
929 0.0000012828
930 0.0000012813
931 0.0000012797
932 0.0000012782
933 0.0000012767
934 0.0000012751
935 0.0000012736
936 0.0000012721
937 0.0000012705
938 0.0000012690
939 0.0000012674
940 0.0000012659
941 0.0000012643
942 0.0000012628
943 0.0000012612
944 0.0000012597
945 0.0000012581
946 0.0000012566
947 0.0000012550
948 0.0000012534
949 0.0000012519
950 0.0000012503
951 0.0000012487
952 0.0000012471
953 0.0000012455
954 0.0000012439
955 0.0000012423
956 0.0000012407
957 0.0000012391
958 0.0000012375
959 0.0000012358
960 0.0000012342
961 0.0000012325
962 0.0000012308
963 0.0000012291
964 0.0000012274
965 0.0000012256
966 0.0000012239
967 0.0000012221
968 0.0000012202
969 0.0000012184
970 0.0000012165
971 0.0000012145
972 0.0000012125
973 0.0000012104
974 0.0000012082
975 0.0000012060
976 0.0000012036
977 0.0000012011
978 0.0000011984
979 0.0000011954
980 0.0000011922
981 0.0000011885
982 0.0000011843
983 0.0000011793
984 0.0000011732
985 0.0000011651
986 0.0000011536
987 0.0000011362
988 0.0000011011
989 0.0000009816
990 0.0000000000
