0 1090
0 0.9728337538
1 0.0054558725
2 0.0023080236
3 0.0016182967
4 0.0012006578
5 0.0009528641
6 0.0007901595
7 0.0006740137
8 0.0005867562
9 0.0005188587
10 0.0004645556
11 0.0004201438
12 0.0003831474
13 0.0003518531
14 0.0003250385
15 0.0003018075
16 0.0002814884
17 0.0002635672
18 0.0002476443
19 0.0002334042
20 0.0002205944
21 0.0002090106
22 0.0001984855
23 0.0001888810
24 0.0001800821
25 0.0001719920
26 0.0001645290
27 0.0001576233
28 0.0001512152
29 0.0001452532
30 0.0001396926
31 0.0001344947
32 0.0001296254
33 0.0001250548
34 0.0001207565
35 0.0001167071
36 0.0001128860
37 0.0001092746
38 0.0001058562
39 0.0001026162
40 0.0000995410
41 0.0000966185
42 0.0000938380
43 0.0000911894
44 0.0000886637
45 0.0000862527
46 0.0000839490
47 0.0000817457
48 0.0000796365
49 0.0000776156
50 0.0000756777
51 0.0000738179
52 0.0000720317
53 0.0000703150
54 0.0000686638
55 0.0000670745
56 0.0000655439
57 0.0000640689
58 0.0000626465
59 0.0000612741
60 0.0000599492
61 0.0000586694
62 0.0000574325
63 0.0000562365
64 0.0000550795
65 0.0000539596
66 0.0000528751
67 0.0000518246
68 0.0000508063
69 0.0000498191
70 0.0000488614
71 0.0000479321
72 0.0000470299
73 0.0000461538
74 0.0000453027
75 0.0000444755
76 0.0000436713
77 0.0000428893
78 0.0000421285
79 0.0000413882
80 0.0000406675
81 0.0000399658
82 0.0000392823
83 0.0000386164
84 0.0000379674
85 0.0000373348
86 0.0000367179
87 0.0000361163
88 0.0000355293
89 0.0000349565
90 0.0000343974
91 0.0000338516
92 0.0000333186
93 0.0000327980
94 0.0000322894
95 0.0000317923
96 0.0000313066
97 0.0000308317
98 0.0000303674
99 0.0000299133
100 0.0000294692
101 0.0000290346
102 0.0000286094
103 0.0000281933
104 0.0000277859
105 0.0000273871
106 0.0000269965
107 0.0000266140
108 0.0000262394
109 0.0000258723
110 0.0000255127
111 0.0000251602
112 0.0000248147
113 0.0000244761
114 0.0000241441
115 0.0000238185
116 0.0000234991
117 0.0000231859
118 0.0000228787
119 0.0000225772
120 0.0000222814
121 0.0000219911
122 0.0000217062
123 0.0000214265
124 0.0000211519
125 0.0000208823
126 0.0000206176
127 0.0000203576
128 0.0000201022
129 0.0000198513
130 0.0000196049
131 0.0000193627
132 0.0000191248
133 0.0000188909
134 0.0000186611
135 0.0000184352
136 0.0000182131
137 0.0000179948
138 0.0000177801
139 0.0000175690
140 0.0000173614
141 0.0000171572
142 0.0000169563
143 0.0000167588
144 0.0000165644
145 0.0000163732
146 0.0000161850
147 0.0000159999
148 0.0000158176
149 0.0000156383
150 0.0000154618
151 0.0000152880
152 0.0000151169
153 0.0000149485
154 0.0000147827
155 0.0000146194
156 0.0000144587
157 0.0000143003
158 0.0000141443
159 0.0000139907
160 0.0000138394
161 0.0000136904
162 0.0000135435
163 0.0000133988
164 0.0000132563
165 0.0000131158
166 0.0000129774
167 0.0000128410
168 0.0000127065
169 0.0000125740
170 0.0000124434
171 0.0000123146
172 0.0000121877
173 0.0000120626
174 0.0000119392
175 0.0000118175
176 0.0000116976
177 0.0000115793
178 0.0000114626
179 0.0000113476
180 0.0000112341
181 0.0000111222
182 0.0000110118
183 0.0000109029
184 0.0000107955
185 0.0000106896
186 0.0000105850
187 0.0000104819
188 0.0000103801
189 0.0000102797
190 0.0000101806
191 0.0000100828
192 0.0000099863
193 0.0000098910
194 0.0000097970
195 0.0000097042
196 0.0000096127
197 0.0000095223
198 0.0000094330
199 0.0000093449
200 0.0000092579
201 0.0000091721
202 0.0000090873
203 0.0000090036
204 0.0000089209
205 0.0000088393
206 0.0000087587
207 0.0000086791
208 0.0000086005
209 0.0000085228
210 0.0000084462
211 0.0000083704
212 0.0000082956
213 0.0000082217
214 0.0000081488
215 0.0000080766
216 0.0000080054
217 0.0000079350
218 0.0000078655
219 0.0000077968
220 0.0000077290
221 0.0000076619
222 0.0000075956
223 0.0000075302
224 0.0000074655
225 0.0000074015
226 0.0000073383
227 0.0000072759
228 0.0000072142
229 0.0000071532
230 0.0000070929
231 0.0000070333
232 0.0000069744
233 0.0000069162
234 0.0000068586
235 0.0000068017
236 0.0000067455
237 0.0000066899
238 0.0000066349
239 0.0000065806
240 0.0000065269
241 0.0000064737
242 0.0000064212
243 0.0000063693
244 0.0000063179
245 0.0000062671
246 0.0000062169
247 0.0000061672
248 0.0000061181
249 0.0000060696
250 0.0000060215
251 0.0000059740
252 0.0000059270
253 0.0000058806
254 0.0000058346
255 0.0000057891
256 0.0000057442
257 0.0000056997
258 0.0000056557
259 0.0000056122
260 0.0000055691
261 0.0000055265
262 0.0000054843
263 0.0000054427
264 0.0000054014
265 0.0000053606
266 0.0000053202
267 0.0000052803
268 0.0000052407
269 0.0000052016
270 0.0000051629
271 0.0000051246
272 0.0000050867
273 0.0000050492
274 0.0000050121
275 0.0000049754
276 0.0000049390
277 0.0000049031
278 0.0000048675
279 0.0000048322
280 0.0000047974
281 0.0000047629
282 0.0000047287
283 0.0000046949
284 0.0000046614
285 0.0000046283
286 0.0000045955
287 0.0000045630
288 0.0000045309
289 0.0000044991
290 0.0000044676
291 0.0000044364
292 0.0000044056
293 0.0000043750
294 0.0000043448
295 0.0000043148
296 0.0000042852
297 0.0000042558
298 0.0000042268
299 0.0000041980
300 0.0000041695
301 0.0000041413
302 0.0000041133
303 0.0000040857
304 0.0000040583
305 0.0000040312
306 0.0000040043
307 0.0000039777
308 0.0000039513
309 0.0000039253
310 0.0000038994
311 0.0000038738
312 0.0000038485
313 0.0000038234
314 0.0000037985
315 0.0000037739
316 0.0000037495
317 0.0000037254
318 0.0000037015
319 0.0000036778
320 0.0000036543
321 0.0000036310
322 0.0000036080
323 0.0000035852
324 0.0000035626
325 0.0000035402
326 0.0000035180
327 0.0000034961
328 0.0000034743
329 0.0000034527
330 0.0000034314
331 0.0000034102
332 0.0000033892
333 0.0000033685
334 0.0000033479
335 0.0000033275
336 0.0000033073
337 0.0000032873
338 0.0000032674
339 0.0000032478
340 0.0000032283
341 0.0000032090
342 0.0000031899
343 0.0000031709
344 0.0000031522
345 0.0000031335
346 0.0000031151
347 0.0000030968
348 0.0000030787
349 0.0000030608
350 0.0000030430
351 0.0000030254
352 0.0000030079
353 0.0000029906
354 0.0000029734
355 0.0000029564
356 0.0000029396
357 0.0000029229
358 0.0000029063
359 0.0000028899
360 0.0000028737
361 0.0000028575
362 0.0000028416
363 0.0000028257
364 0.0000028100
365 0.0000027944
366 0.0000027790
367 0.0000027637
368 0.0000027486
369 0.0000027335
370 0.0000027186
371 0.0000027039
372 0.0000026892
373 0.0000026747
374 0.0000026603
375 0.0000026461
376 0.0000026319
377 0.0000026179
378 0.0000026040
379 0.0000025902
380 0.0000025765
381 0.0000025630
382 0.0000025495
383 0.0000025362
384 0.0000025230
385 0.0000025099
386 0.0000024969
387 0.0000024841
388 0.0000024713
389 0.0000024586
390 0.0000024461
391 0.0000024336
392 0.0000024213
393 0.0000024090
394 0.0000023969
395 0.0000023849
396 0.0000023729
397 0.0000023611
398 0.0000023493
399 0.0000023377
400 0.0000023261
401 0.0000023147
402 0.0000023033
403 0.0000022920
404 0.0000022809
405 0.0000022698
406 0.0000022588
407 0.0000022479
408 0.0000022371
409 0.0000022264
410 0.0000022157
411 0.0000022052
412 0.0000021947
413 0.0000021843
414 0.0000021740
415 0.0000021638
416 0.0000021536
417 0.0000021436
418 0.0000021336
419 0.0000021237
420 0.0000021139
421 0.0000021042
422 0.0000020945
423 0.0000020849
424 0.0000020754
425 0.0000020660
426 0.0000020566
427 0.0000020474
428 0.0000020381
429 0.0000020290
430 0.0000020199
431 0.0000020109
432 0.0000020020
433 0.0000019932
434 0.0000019844
435 0.0000019757
436 0.0000019670
437 0.0000019584
438 0.0000019499
439 0.0000019415
440 0.0000019331
441 0.0000019248
442 0.0000019165
443 0.0000019083
444 0.0000019002
445 0.0000018921
446 0.0000018841
447 0.0000018762
448 0.0000018683
449 0.0000018605
450 0.0000018527
451 0.0000018450
452 0.0000018374
453 0.0000018298
454 0.0000018222
455 0.0000018148
456 0.0000018073
457 0.0000018000
458 0.0000017927
459 0.0000017854
460 0.0000017782
461 0.0000017711
462 0.0000017640
463 0.0000017569
464 0.0000017500
465 0.0000017430
466 0.0000017361
467 0.0000017293
468 0.0000017225
469 0.0000017158
470 0.0000017091
471 0.0000017025
472 0.0000016959
473 0.0000016894
474 0.0000016829
475 0.0000016764
476 0.0000016700
477 0.0000016637
478 0.0000016574
479 0.0000016511
480 0.0000016449
481 0.0000016387
482 0.0000016326
483 0.0000016265
484 0.0000016205
485 0.0000016145
486 0.0000016086
487 0.0000016027
488 0.0000015968
489 0.0000015910
490 0.0000015852
491 0.0000015795
492 0.0000015737
493 0.0000015681
494 0.0000015625
495 0.0000015569
496 0.0000015514
497 0.0000015459
498 0.0000015404
499 0.0000015350
500 0.0000015296
501 0.0000015242
502 0.0000015189
503 0.0000015136
504 0.0000015084
505 0.0000015032
506 0.0000014980
507 0.0000014929
508 0.0000014878
509 0.0000014828
510 0.0000014777
511 0.0000014727
512 0.0000014678
513 0.0000014629
514 0.0000014580
515 0.0000014531
516 0.0000014483
517 0.0000014435
518 0.0000014387
519 0.0000014340
520 0.0000014293
521 0.0000014246
522 0.0000014200
523 0.0000014154
524 0.0000014108
525 0.0000014063
526 0.0000014018
527 0.0000013973
528 0.0000013929
529 0.0000013885
530 0.0000013841
531 0.0000013797
532 0.0000013754
533 0.0000013711
534 0.0000013668
535 0.0000013625
536 0.0000013583
537 0.0000013541
538 0.0000013500
539 0.0000013458
540 0.0000013417
541 0.0000013376
542 0.0000013336
543 0.0000013295
544 0.0000013255
545 0.0000013215
546 0.0000013176
547 0.0000013137
548 0.0000013098
549 0.0000013059
550 0.0000013020
551 0.0000012982
552 0.0000012944
553 0.0000012906
554 0.0000012868
555 0.0000012831
556 0.0000012794
557 0.0000012757
558 0.0000012720
559 0.0000012684
560 0.0000012648
561 0.0000012612
562 0.0000012576
563 0.0000012541
564 0.0000012506
565 0.0000012470
566 0.0000012435
567 0.0000012401
568 0.0000012366
569 0.0000012332
570 0.0000012298
571 0.0000012264
572 0.0000012231
573 0.0000012197
574 0.0000012164
575 0.0000012131
576 0.0000012098
577 0.0000012066
578 0.0000012033
579 0.0000012001
580 0.0000011969
581 0.0000011938
582 0.0000011906
583 0.0000011874
584 0.0000011843
585 0.0000011812
586 0.0000011781
587 0.0000011751
588 0.0000011720
589 0.0000011690
590 0.0000011660
591 0.0000011630
592 0.0000011600
593 0.0000011570
594 0.0000011541
595 0.0000011512
596 0.0000011482
597 0.0000011454
598 0.0000011425
599 0.0000011396
600 0.0000011368
601 0.0000011339
602 0.0000011311
603 0.0000011283
604 0.0000011256
605 0.0000011228
606 0.0000011201
607 0.0000011173
608 0.0000011146
609 0.0000011119
610 0.0000011092
611 0.0000011065
612 0.0000011039
613 0.0000011013
614 0.0000010986
615 0.0000010960
616 0.0000010934
617 0.0000010908
618 0.0000010883
619 0.0000010857
620 0.0000010832
621 0.0000010806
622 0.0000010781
623 0.0000010756
624 0.0000010731
625 0.0000010707
626 0.0000010682
627 0.0000010658
628 0.0000010634
629 0.0000010609
630 0.0000010585
631 0.0000010561
632 0.0000010538
633 0.0000010514
634 0.0000010491
635 0.0000010467
636 0.0000010444
637 0.0000010421
638 0.0000010398
639 0.0000010375
640 0.0000010352
641 0.0000010329
642 0.0000010307
643 0.0000010284
644 0.0000010262
645 0.0000010240
646 0.0000010218
647 0.0000010196
648 0.0000010174
649 0.0000010152
650 0.0000010131
651 0.0000010109
652 0.0000010088
653 0.0000010066
654 0.0000010045
655 0.0000010024
656 0.0000010003
657 0.0000009982
658 0.0000009962
659 0.0000009941
660 0.0000009920
661 0.0000009900
662 0.0000009880
663 0.0000009859
664 0.0000009839
665 0.0000009819
666 0.0000009799
667 0.0000009780
668 0.0000009760
669 0.0000009740
670 0.0000009721
671 0.0000009701
672 0.0000009682
673 0.0000009663
674 0.0000009643
675 0.0000009624
676 0.0000009605
677 0.0000009586
678 0.0000009568
679 0.0000009549
680 0.0000009530
681 0.0000009512
682 0.0000009494
683 0.0000009475
684 0.0000009457
685 0.0000009439
686 0.0000009421
687 0.0000009403
688 0.0000009385
689 0.0000009367
690 0.0000009349
691 0.0000009332
692 0.0000009314
693 0.0000009296
694 0.0000009279
695 0.0000009262
696 0.0000009244
697 0.0000009227
698 0.0000009210
699 0.0000009193
700 0.0000009176
701 0.0000009159
702 0.0000009143
703 0.0000009126
704 0.0000009109
705 0.0000009093
706 0.0000009076
707 0.0000009060
708 0.0000009044
709 0.0000009027
710 0.0000009011
711 0.0000008995
712 0.0000008979
713 0.0000008963
714 0.0000008947
715 0.0000008931
716 0.0000008916
717 0.0000008900
718 0.0000008884
719 0.0000008869
720 0.0000008853
721 0.0000008838
722 0.0000008823
723 0.0000008807
724 0.0000008792
725 0.0000008777
726 0.0000008762
727 0.0000008747
728 0.0000008732
729 0.0000008717
730 0.0000008702
731 0.0000008687
732 0.0000008673
733 0.0000008658
734 0.0000008644
735 0.0000008629
736 0.0000008615
737 0.0000008600
738 0.0000008586
739 0.0000008572
740 0.0000008557
741 0.0000008543
742 0.0000008529
743 0.0000008515
744 0.0000008501
745 0.0000008487
746 0.0000008474
747 0.0000008460
748 0.0000008446
749 0.0000008432
750 0.0000008419
751 0.0000008405
752 0.0000008392
753 0.0000008378
754 0.0000008365
755 0.0000008351
756 0.0000008338
757 0.0000008325
758 0.0000008312
759 0.0000008298
760 0.0000008285
761 0.0000008272
762 0.0000008259
763 0.0000008246
764 0.0000008233
765 0.0000008221
766 0.0000008208
767 0.0000008195
768 0.0000008182
769 0.0000008170
770 0.0000008157
771 0.0000008145
772 0.0000008132
773 0.0000008120
774 0.0000008108
775 0.0000008095
776 0.0000008083
777 0.0000008071
778 0.0000008058
779 0.0000008046
780 0.0000008034
781 0.0000008022
782 0.0000008010
783 0.0000007998
784 0.0000007986
785 0.0000007974
786 0.0000007962
787 0.0000007951
788 0.0000007939
789 0.0000007927
790 0.0000007915
791 0.0000007904
792 0.0000007892
793 0.0000007881
794 0.0000007869
795 0.0000007858
796 0.0000007846
797 0.0000007835
798 0.0000007824
799 0.0000007812
800 0.0000007801
801 0.0000007790
802 0.0000007779
803 0.0000007767
804 0.0000007756
805 0.0000007745
806 0.0000007734
807 0.0000007723
808 0.0000007712
809 0.0000007702
810 0.0000007691
811 0.0000007680
812 0.0000007669
813 0.0000007658
814 0.0000007648
815 0.0000007637
816 0.0000007626
817 0.0000007616
818 0.0000007605
819 0.0000007595
820 0.0000007584
821 0.0000007574
822 0.0000007563
823 0.0000007553
824 0.0000007543
825 0.0000007532
826 0.0000007522
827 0.0000007512
828 0.0000007501
829 0.0000007491
830 0.0000007481
831 0.0000007471
832 0.0000007461
833 0.0000007451
834 0.0000007441
835 0.0000007431
836 0.0000007421
837 0.0000007411
838 0.0000007401
839 0.0000007391
840 0.0000007382
841 0.0000007372
842 0.0000007362
843 0.0000007352
844 0.0000007343
845 0.0000007333
846 0.0000007323
847 0.0000007314
848 0.0000007304
849 0.0000007295
850 0.0000007285
851 0.0000007276
852 0.0000007266
853 0.0000007257
854 0.0000007247
855 0.0000007238
856 0.0000007229
857 0.0000007219
858 0.0000007210
859 0.0000007201
860 0.0000007192
861 0.0000007183
862 0.0000007173
863 0.0000007164
864 0.0000007155
865 0.0000007146
866 0.0000007137
867 0.0000007128
868 0.0000007119
869 0.0000007110
870 0.0000007101
871 0.0000007092
872 0.0000007083
873 0.0000007074
874 0.0000007066
875 0.0000007057
876 0.0000007048
877 0.0000007039
878 0.0000007031
879 0.0000007022
880 0.0000007013
881 0.0000007005
882 0.0000006996
883 0.0000006987
884 0.0000006979
885 0.0000006970
886 0.0000006962
887 0.0000006953
888 0.0000006945
889 0.0000006936
890 0.0000006928
891 0.0000006920
892 0.0000006911
893 0.0000006903
894 0.0000006895
895 0.0000006886
896 0.0000006878
897 0.0000006870
898 0.0000006862
899 0.0000006853
900 0.0000006845
901 0.0000006837
902 0.0000006829
903 0.0000006821
904 0.0000006813
905 0.0000006805
906 0.0000006797
907 0.0000006789
908 0.0000006781
909 0.0000006773
910 0.0000006765
911 0.0000006757
912 0.0000006749
913 0.0000006741
914 0.0000006733
915 0.0000006725
916 0.0000006717
917 0.0000006709
918 0.0000006702
919 0.0000006694
920 0.0000006686
921 0.0000006679
922 0.0000006671
923 0.0000006663
924 0.0000006655
925 0.0000006648
926 0.0000006640
927 0.0000006633
928 0.0000006625
929 0.0000006617
930 0.0000006610
931 0.0000006602
932 0.0000006595
933 0.0000006587
934 0.0000006580
935 0.0000006573
936 0.0000006565
937 0.0000006558
938 0.0000006550
939 0.0000006543
940 0.0000006536
941 0.0000006528
942 0.0000006521
943 0.0000006514
944 0.0000006507
945 0.0000006499
946 0.0000006492
947 0.0000006485
948 0.0000006478
949 0.0000006470
950 0.0000006463
951 0.0000006456
952 0.0000006449
953 0.0000006442
954 0.0000006435
955 0.0000006428
956 0.0000006421
957 0.0000006414
958 0.0000006407
959 0.0000006400
960 0.0000006393
961 0.0000006386
962 0.0000006379
963 0.0000006372
964 0.0000006365
965 0.0000006358
966 0.0000006351
967 0.0000006344
968 0.0000006337
969 0.0000006330
970 0.0000006324
971 0.0000006317
972 0.0000006310
973 0.0000006304
974 0.0000006297
975 0.0000006290
976 0.0000006283
977 0.0000006277
978 0.0000006270
979 0.0000006263
980 0.0000006257
981 0.0000006250
982 0.0000006243
983 0.0000006237
984 0.0000006230
985 0.0000006224
986 0.0000006217
987 0.0000006210
988 0.0000006204
989 0.0000006197
990 0.0000006191
991 0.0000006184
992 0.0000006178
993 0.0000006172
994 0.0000006165
995 0.0000006159
996 0.0000006152
997 0.0000006146
998 0.0000006139
999 0.0000006133
1000 0.0000006127
1001 0.0000006121
1002 0.0000006114
1003 0.0000006108
1004 0.0000006102
1005 0.0000006095
1006 0.0000006089
1007 0.0000006083
1008 0.0000006077
1009 0.0000006070
1010 0.0000006064
1011 0.0000006058
1012 0.0000006052
1013 0.0000006046
1014 0.0000006039
1015 0.0000006033
1016 0.0000006027
1017 0.0000006021
1018 0.0000006015
1019 0.0000006009
1020 0.0000006003
1021 0.0000005997
1022 0.0000005991
1023 0.0000005985
1024 0.0000005979
1025 0.0000005973
1026 0.0000005967
1027 0.0000005961
1028 0.0000005955
1029 0.0000005949
1030 0.0000005943
1031 0.0000005937
1032 0.0000005931
1033 0.0000005925
1034 0.0000005919
1035 0.0000005913
1036 0.0000005908
1037 0.0000005902
1038 0.0000005896
1039 0.0000005890
1040 0.0000005884
1041 0.0000005878
1042 0.0000005873
1043 0.0000005867
1044 0.0000005861
1045 0.0000005855
1046 0.0000005850
1047 0.0000005844
1048 0.0000005838
1049 0.0000005833
1050 0.0000005827
1051 0.0000005821
1052 0.0000005815
1053 0.0000005810
1054 0.0000005804
1055 0.0000005799
1056 0.0000005793
1057 0.0000005787
1058 0.0000005782
1059 0.0000005776
1060 0.0000005771
1061 0.0000005765
1062 0.0000005760
1063 0.0000005754
1064 0.0000005748
1065 0.0000005743
1066 0.0000005737
1067 0.0000005732
1068 0.0000005726
1069 0.0000005721
1070 0.0000005715
1071 0.0000005710
1072 0.0000005705
1073 0.0000005699
1074 0.0000005694
1075 0.0000005688
1076 0.0000005683
1077 0.0000005678
1078 0.0000005672
1079 0.0000005667
1080 0.0000005662
1081 0.0000005656
1082 0.0000005651
1083 0.0000005646
1084 0.0000005640
1085 0.0000005635
1086 0.0000005630
1087 0.0000005624
1088 0.0000005619
1089 0.0000005614
1090 0.0000005609
