1 288
0 0.9941038057
1 0.0025057144
2 0.0006502612
3 0.0003833899
4 0.0002482682
5 0.0001783165
6 0.0001372290
7 0.0001104560
8 0.0000918085
9 0.0000781918
10 0.0000678697
11 0.0000598020
12 0.0000533359
13 0.0000480446
14 0.0000436391
15 0.0000399175
16 0.0000367344
17 0.0000339828
18 0.0000315822
19 0.0000294708
20 0.0000276005
21 0.0000259334
22 0.0000244389
23 0.0000230922
24 0.0000218731
25 0.0000207649
26 0.0000197535
27 0.0000188273
28 0.0000179762
29 0.0000171917
30 0.0000164666
31 0.0000157947
32 0.0000151704
33 0.0000145891
34 0.0000140467
35 0.0000135394
36 0.0000130641
37 0.0000126180
38 0.0000121986
39 0.0000118035
40 0.0000114309
41 0.0000110789
42 0.0000107460
43 0.0000104306
44 0.0000101315
45 0.0000098475
46 0.0000095775
47 0.0000093206
48 0.0000090757
49 0.0000088423
50 0.0000086194
51 0.0000084064
52 0.0000082028
53 0.0000080078
54 0.0000078211
55 0.0000076420
56 0.0000074702
57 0.0000073052
58 0.0000071467
59 0.0000069943
60 0.0000068476
61 0.0000067064
62 0.0000065704
63 0.0000064392
64 0.0000063127
65 0.0000061906
66 0.0000060727
67 0.0000059588
68 0.0000058487
69 0.0000057422
70 0.0000056391
71 0.0000055394
72 0.0000054427
73 0.0000053491
74 0.0000052584
75 0.0000051703
76 0.0000050849
77 0.0000050020
78 0.0000049216
79 0.0000048434
80 0.0000047674
81 0.0000046936
82 0.0000046218
83 0.0000045519
84 0.0000044840
85 0.0000044178
86 0.0000043534
87 0.0000042907
88 0.0000042296
89 0.0000041700
90 0.0000041119
91 0.0000040553
92 0.0000040000
93 0.0000039462
94 0.0000038936
95 0.0000038422
96 0.0000037921
97 0.0000037431
98 0.0000036953
99 0.0000036485
100 0.0000036028
101 0.0000035582
102 0.0000035145
103 0.0000034718
104 0.0000034300
105 0.0000033891
106 0.0000033491
107 0.0000033099
108 0.0000032715
109 0.0000032340
110 0.0000031972
111 0.0000031611
112 0.0000031258
113 0.0000030912
114 0.0000030573
115 0.0000030240
116 0.0000029914
117 0.0000029594
118 0.0000029281
119 0.0000028973
120 0.0000028671
121 0.0000028375
122 0.0000028084
123 0.0000027798
124 0.0000027518
125 0.0000027243
126 0.0000026972
127 0.0000026707
128 0.0000026446
129 0.0000026190
130 0.0000025938
131 0.0000025690
132 0.0000025447
133 0.0000025208
134 0.0000024973
135 0.0000024741
136 0.0000024514
137 0.0000024290
138 0.0000024070
139 0.0000023854
140 0.0000023641
141 0.0000023432
142 0.0000023225
143 0.0000023022
144 0.0000022823
145 0.0000022626
146 0.0000022432
147 0.0000022242
148 0.0000022054
149 0.0000021869
150 0.0000021687
151 0.0000021507
152 0.0000021330
153 0.0000021156
154 0.0000020984
155 0.0000020815
156 0.0000020649
157 0.0000020484
158 0.0000020322
159 0.0000020162
160 0.0000020005
161 0.0000019850
162 0.0000019697
163 0.0000019546
164 0.0000019397
165 0.0000019250
166 0.0000019105
167 0.0000018962
168 0.0000018821
169 0.0000018682
170 0.0000018544
171 0.0000018409
172 0.0000018275
173 0.0000018143
174 0.0000018013
175 0.0000017884
176 0.0000017757
177 0.0000017632
178 0.0000017508
179 0.0000017386
180 0.0000017265
181 0.0000017146
182 0.0000017028
183 0.0000016911
184 0.0000016796
185 0.0000016683
186 0.0000016571
187 0.0000016460
188 0.0000016350
189 0.0000016242
190 0.0000016135
191 0.0000016030
192 0.0000015925
193 0.0000015822
194 0.0000015720
195 0.0000015619
196 0.0000015519
197 0.0000015421
198 0.0000015323
199 0.0000015227
200 0.0000015131
201 0.0000015037
202 0.0000014944
203 0.0000014852
204 0.0000014760
205 0.0000014670
206 0.0000014581
207 0.0000014493
208 0.0000014405
209 0.0000014319
210 0.0000014233
211 0.0000014149
212 0.0000014065
213 0.0000013982
214 0.0000013900
215 0.0000013819
216 0.0000013739
217 0.0000013659
218 0.0000013580
219 0.0000013503
220 0.0000013425
221 0.0000013349
222 0.0000013273
223 0.0000013198
224 0.0000013124
225 0.0000013051
226 0.0000012978
227 0.0000012906
228 0.0000012835
229 0.0000012764
230 0.0000012694
231 0.0000012625
232 0.0000012556
233 0.0000012488
234 0.0000012420
235 0.0000012353
236 0.0000012287
237 0.0000012221
238 0.0000012156
239 0.0000012092
240 0.0000012028
241 0.0000011964
242 0.0000011901
243 0.0000011839
244 0.0000011777
245 0.0000011716
246 0.0000011655
247 0.0000011595
248 0.0000011535
249 0.0000011475
250 0.0000011416
251 0.0000011358
252 0.0000011299
253 0.0000011242
254 0.0000011184
255 0.0000011127
256 0.0000011070
257 0.0000011014
258 0.0000010958
259 0.0000010902
260 0.0000010847
261 0.0000010792
262 0.0000010737
263 0.0000010682
264 0.0000010627
265 0.0000010572
266 0.0000010518
267 0.0000010463
268 0.0000010409
269 0.0000010354
270 0.0000010299
271 0.0000010243
272 0.0000010187
273 0.0000010131
274 0.0000010073
275 0.0000010014
276 0.0000009953
277 0.0000009890
278 0.0000009825
279 0.0000009755
280 0.0000009680
281 0.0000009598
282 0.0000009504
283 0.0000009394
284 0.0000009255
285 0.0000009066
286 0.0000008736
287 0.0000007744
288 0.0000000000
