0 990
0 0.9713405742
1 0.0059371550
2 0.0025078343
3 0.0017564022
4 0.0013014462
5 0.0010315273
6 0.0008543080
7 0.0007278126
8 0.0006327901
9 0.0005588595
10 0.0004997395
11 0.0004513956
12 0.0004111302
13 0.0003770770
14 0.0003479041
15 0.0003226352
16 0.0003005385
17 0.0002810540
18 0.0002637465
19 0.0002482721
20 0.0002343558
21 0.0002217749
22 0.0002103473
23 0.0001999224
24 0.0001903750
25 0.0001815996
26 0.0001735071
27 0.0001660216
28 0.0001590780
29 0.0001526202
30 0.0001465996
31 0.0001409738
32 0.0001357058
33 0.0001307630
34 0.0001261167
35 0.0001217415
36 0.0001176146
37 0.0001137160
38 0.0001100275
39 0.0001065331
40 0.0001032181
41 0.0001000693
42 0.0000970748
43 0.0000942239
44 0.0000915067
45 0.0000889144
46 0.0000864386
47 0.0000840720
48 0.0000818077
49 0.0000796395
50 0.0000775614
51 0.0000755683
52 0.0000736552
53 0.0000718175
54 0.0000700510
55 0.0000683519
56 0.0000667164
57 0.0000651413
58 0.0000636233
59 0.0000621596
60 0.0000607474
61 0.0000593842
62 0.0000580676
63 0.0000567954
64 0.0000555653
65 0.0000543756
66 0.0000532243
67 0.0000521097
68 0.0000510302
69 0.0000499842
70 0.0000489703
71 0.0000479871
72 0.0000470333
73 0.0000461076
74 0.0000452091
75 0.0000443364
76 0.0000434887
77 0.0000426649
78 0.0000418640
79 0.0000410853
80 0.0000403278
81 0.0000395908
82 0.0000388735
83 0.0000381752
84 0.0000374951
85 0.0000368327
86 0.0000361873
87 0.0000355583
88 0.0000349451
89 0.0000343472
90 0.0000337641
91 0.0000331952
92 0.0000326402
93 0.0000320985
94 0.0000315698
95 0.0000310535
96 0.0000305493
97 0.0000300568
98 0.0000295756
99 0.0000291055
100 0.0000286460
101 0.0000281968
102 0.0000277577
103 0.0000273282
104 0.0000269082
105 0.0000264974
106 0.0000260954
107 0.0000257020
108 0.0000253171
109 0.0000249402
110 0.0000245713
111 0.0000242101
112 0.0000238563
113 0.0000235098
114 0.0000231704
115 0.0000228379
116 0.0000225121
117 0.0000221927
118 0.0000218798
119 0.0000215730
120 0.0000212722
121 0.0000209773
122 0.0000206881
123 0.0000204045
124 0.0000201263
125 0.0000198534
126 0.0000195856
127 0.0000193229
128 0.0000190651
129 0.0000188121
130 0.0000185637
131 0.0000183199
132 0.0000180806
133 0.0000178456
134 0.0000176149
135 0.0000173883
136 0.0000171657
137 0.0000169471
138 0.0000167324
139 0.0000165214
140 0.0000163141
141 0.0000161105
142 0.0000159103
143 0.0000157136
144 0.0000155203
145 0.0000153302
146 0.0000151434
147 0.0000149598
148 0.0000147792
149 0.0000146017
150 0.0000144270
151 0.0000142553
152 0.0000140865
153 0.0000139204
154 0.0000137570
155 0.0000135962
156 0.0000134381
157 0.0000132825
158 0.0000131294
159 0.0000129788
160 0.0000128305
161 0.0000126846
162 0.0000125410
163 0.0000123997
164 0.0000122605
165 0.0000121236
166 0.0000119887
167 0.0000118560
168 0.0000117252
169 0.0000115965
170 0.0000114698
171 0.0000113449
172 0.0000112220
173 0.0000111009
174 0.0000109816
175 0.0000108641
176 0.0000107484
177 0.0000106344
178 0.0000105221
179 0.0000104114
180 0.0000103023
181 0.0000101949
182 0.0000100890
183 0.0000099846
184 0.0000098818
185 0.0000097804
186 0.0000096805
187 0.0000095820
188 0.0000094850
189 0.0000093893
190 0.0000092949
191 0.0000092019
192 0.0000091102
193 0.0000090198
194 0.0000089307
195 0.0000088428
196 0.0000087561
197 0.0000086706
198 0.0000085863
199 0.0000085032
200 0.0000084211
201 0.0000083403
202 0.0000082605
203 0.0000081818
204 0.0000081041
205 0.0000080275
206 0.0000079520
207 0.0000078774
208 0.0000078039
209 0.0000077313
210 0.0000076597
211 0.0000075890
212 0.0000075193
213 0.0000074505
214 0.0000073825
215 0.0000073155
216 0.0000072494
217 0.0000071841
218 0.0000071196
219 0.0000070560
220 0.0000069932
221 0.0000069312
222 0.0000068701
223 0.0000068097
224 0.0000067500
225 0.0000066911
226 0.0000066330
227 0.0000065756
228 0.0000065189
229 0.0000064630
230 0.0000064077
231 0.0000063532
232 0.0000062993
233 0.0000062460
234 0.0000061935
235 0.0000061416
236 0.0000060903
237 0.0000060397
238 0.0000059896
239 0.0000059402
240 0.0000058914
241 0.0000058432
242 0.0000057956
243 0.0000057485
244 0.0000057021
245 0.0000056561
246 0.0000056108
247 0.0000055660
248 0.0000055217
249 0.0000054779
250 0.0000054347
251 0.0000053919
252 0.0000053497
253 0.0000053080
254 0.0000052668
255 0.0000052260
256 0.0000051857
257 0.0000051460
258 0.0000051066
259 0.0000050677
260 0.0000050293
261 0.0000049913
262 0.0000049538
263 0.0000049167
264 0.0000048800
265 0.0000048437
266 0.0000048079
267 0.0000047725
268 0.0000047374
269 0.0000047028
270 0.0000046685
271 0.0000046347
272 0.0000046012
273 0.0000045681
274 0.0000045354
275 0.0000045030
276 0.0000044710
277 0.0000044394
278 0.0000044081
279 0.0000043771
280 0.0000043465
281 0.0000043163
282 0.0000042863
283 0.0000042567
284 0.0000042274
285 0.0000041985
286 0.0000041699
287 0.0000041415
288 0.0000041135
289 0.0000040858
290 0.0000040584
291 0.0000040312
292 0.0000040044
293 0.0000039779
294 0.0000039516
295 0.0000039257
296 0.0000038999
297 0.0000038745
298 0.0000038494
299 0.0000038245
300 0.0000037999
301 0.0000037755
302 0.0000037514
303 0.0000037275
304 0.0000037039
305 0.0000036806
306 0.0000036575
307 0.0000036346
308 0.0000036120
309 0.0000035896
310 0.0000035674
311 0.0000035454
312 0.0000035237
313 0.0000035022
314 0.0000034810
315 0.0000034599
316 0.0000034391
317 0.0000034185
318 0.0000033980
319 0.0000033778
320 0.0000033578
321 0.0000033380
322 0.0000033184
323 0.0000032990
324 0.0000032798
325 0.0000032608
326 0.0000032420
327 0.0000032233
328 0.0000032049
329 0.0000031866
330 0.0000031685
331 0.0000031506
332 0.0000031329
333 0.0000031153
334 0.0000030980
335 0.0000030807
336 0.0000030637
337 0.0000030468
338 0.0000030301
339 0.0000030135
340 0.0000029971
341 0.0000029809
342 0.0000029648
343 0.0000029489
344 0.0000029331
345 0.0000029175
346 0.0000029020
347 0.0000028867
348 0.0000028715
349 0.0000028565
350 0.0000028416
351 0.0000028269
352 0.0000028123
353 0.0000027978
354 0.0000027835
355 0.0000027693
356 0.0000027552
357 0.0000027412
358 0.0000027274
359 0.0000027138
360 0.0000027002
361 0.0000026868
362 0.0000026735
363 0.0000026603
364 0.0000026472
365 0.0000026343
366 0.0000026215
367 0.0000026088
368 0.0000025962
369 0.0000025837
370 0.0000025714
371 0.0000025591
372 0.0000025470
373 0.0000025350
374 0.0000025230
375 0.0000025112
376 0.0000024995
377 0.0000024879
378 0.0000024764
379 0.0000024650
380 0.0000024537
381 0.0000024425
382 0.0000024315
383 0.0000024204
384 0.0000024095
385 0.0000023987
386 0.0000023880
387 0.0000023774
388 0.0000023669
389 0.0000023565
390 0.0000023461
391 0.0000023359
392 0.0000023257
393 0.0000023156
394 0.0000023056
395 0.0000022957
396 0.0000022859
397 0.0000022762
398 0.0000022665
399 0.0000022569
400 0.0000022475
401 0.0000022381
402 0.0000022287
403 0.0000022195
404 0.0000022103
405 0.0000022012
406 0.0000021922
407 0.0000021832
408 0.0000021744
409 0.0000021656
410 0.0000021569
411 0.0000021482
412 0.0000021396
413 0.0000021311
414 0.0000021227
415 0.0000021143
416 0.0000021060
417 0.0000020978
418 0.0000020896
419 0.0000020815
420 0.0000020735
421 0.0000020655
422 0.0000020576
423 0.0000020497
424 0.0000020419
425 0.0000020342
426 0.0000020266
427 0.0000020190
428 0.0000020115
429 0.0000020040
430 0.0000019966
431 0.0000019892
432 0.0000019819
433 0.0000019747
434 0.0000019675
435 0.0000019603
436 0.0000019533
437 0.0000019462
438 0.0000019393
439 0.0000019324
440 0.0000019255
441 0.0000019187
442 0.0000019120
443 0.0000019053
444 0.0000018986
445 0.0000018920
446 0.0000018854
447 0.0000018790
448 0.0000018725
449 0.0000018661
450 0.0000018597
451 0.0000018534
452 0.0000018472
453 0.0000018410
454 0.0000018348
455 0.0000018287
456 0.0000018226
457 0.0000018166
458 0.0000018106
459 0.0000018047
460 0.0000017988
461 0.0000017929
462 0.0000017871
463 0.0000017813
464 0.0000017756
465 0.0000017699
466 0.0000017643
467 0.0000017587
468 0.0000017531
469 0.0000017476
470 0.0000017421
471 0.0000017366
472 0.0000017312
473 0.0000017259
474 0.0000017205
475 0.0000017152
476 0.0000017100
477 0.0000017048
478 0.0000016996
479 0.0000016944
480 0.0000016893
481 0.0000016842
482 0.0000016792
483 0.0000016742
484 0.0000016692
485 0.0000016643
486 0.0000016594
487 0.0000016545
488 0.0000016497
489 0.0000016449
490 0.0000016401
491 0.0000016354
492 0.0000016306
493 0.0000016260
494 0.0000016213
495 0.0000016167
496 0.0000016121
497 0.0000016076
498 0.0000016031
499 0.0000015986
500 0.0000015941
501 0.0000015897
502 0.0000015853
503 0.0000015809
504 0.0000015765
505 0.0000015722
506 0.0000015679
507 0.0000015637
508 0.0000015594
509 0.0000015552
510 0.0000015510
511 0.0000015469
512 0.0000015428
513 0.0000015387
514 0.0000015346
515 0.0000015305
516 0.0000015265
517 0.0000015225
518 0.0000015185
519 0.0000015146
520 0.0000015107
521 0.0000015068
522 0.0000015029
523 0.0000014990
524 0.0000014952
525 0.0000014914
526 0.0000014876
527 0.0000014839
528 0.0000014801
529 0.0000014764
530 0.0000014727
531 0.0000014691
532 0.0000014654
533 0.0000014618
534 0.0000014582
535 0.0000014546
536 0.0000014510
537 0.0000014475
538 0.0000014440
539 0.0000014405
540 0.0000014370
541 0.0000014336
542 0.0000014301
543 0.0000014267
544 0.0000014233
545 0.0000014199
546 0.0000014166
547 0.0000014132
548 0.0000014099
549 0.0000014066
550 0.0000014033
551 0.0000014001
552 0.0000013968
553 0.0000013936
554 0.0000013904
555 0.0000013872
556 0.0000013840
557 0.0000013809
558 0.0000013778
559 0.0000013746
560 0.0000013715
561 0.0000013684
562 0.0000013654
563 0.0000013623
564 0.0000013593
565 0.0000013563
566 0.0000013533
567 0.0000013503
568 0.0000013473
569 0.0000013444
570 0.0000013415
571 0.0000013385
572 0.0000013356
573 0.0000013327
574 0.0000013299
575 0.0000013270
576 0.0000013242
577 0.0000013213
578 0.0000013185
579 0.0000013157
580 0.0000013129
581 0.0000013102
582 0.0000013074
583 0.0000013047
584 0.0000013019
585 0.0000012992
586 0.0000012965
587 0.0000012939
588 0.0000012912
589 0.0000012885
590 0.0000012859
591 0.0000012833
592 0.0000012806
593 0.0000012780
594 0.0000012755
595 0.0000012729
596 0.0000012703
597 0.0000012677
598 0.0000012652
599 0.0000012627
600 0.0000012602
601 0.0000012577
602 0.0000012552
603 0.0000012527
604 0.0000012502
605 0.0000012478
606 0.0000012453
607 0.0000012429
608 0.0000012405
609 0.0000012381
610 0.0000012357
611 0.0000012333
612 0.0000012309
613 0.0000012286
614 0.0000012262
615 0.0000012239
616 0.0000012215
617 0.0000012192
618 0.0000012169
619 0.0000012146
620 0.0000012123
621 0.0000012101
622 0.0000012078
623 0.0000012056
624 0.0000012033
625 0.0000012011
626 0.0000011988
627 0.0000011966
628 0.0000011944
629 0.0000011922
630 0.0000011900
631 0.0000011879
632 0.0000011857
633 0.0000011836
634 0.0000011814
635 0.0000011793
636 0.0000011772
637 0.0000011750
638 0.0000011729
639 0.0000011708
640 0.0000011687
641 0.0000011667
642 0.0000011646
643 0.0000011625
644 0.0000011605
645 0.0000011584
646 0.0000011564
647 0.0000011544
648 0.0000011523
649 0.0000011503
650 0.0000011484
651 0.0000011463
652 0.0000011444
653 0.0000011424
654 0.0000011404
655 0.0000011385
656 0.0000011365
657 0.0000011346
658 0.0000011326
659 0.0000011307
660 0.0000011288
661 0.0000011269
662 0.0000011250
663 0.0000011231
664 0.0000011212
665 0.0000011193
666 0.0000011174
667 0.0000011156
668 0.0000011137
669 0.0000011119
670 0.0000011100
671 0.0000011082
672 0.0000011064
673 0.0000011045
674 0.0000011027
675 0.0000011009
676 0.0000010991
677 0.0000010973
678 0.0000010955
679 0.0000010938
680 0.0000010920
681 0.0000010902
682 0.0000010885
683 0.0000010867
684 0.0000010850
685 0.0000010832
686 0.0000010815
687 0.0000010798
688 0.0000010781
689 0.0000010764
690 0.0000010746
691 0.0000010729
692 0.0000010713
693 0.0000010696
694 0.0000010679
695 0.0000010662
696 0.0000010646
697 0.0000010629
698 0.0000010612
699 0.0000010596
700 0.0000010579
701 0.0000010563
702 0.0000010547
703 0.0000010530
704 0.0000010514
705 0.0000010498
706 0.0000010482
707 0.0000010466
708 0.0000010450
709 0.0000010434
710 0.0000010418
711 0.0000010403
712 0.0000010387
713 0.0000010371
714 0.0000010356
715 0.0000010340
716 0.0000010324
717 0.0000010309
718 0.0000010294
719 0.0000010278
720 0.0000010263
721 0.0000010248
722 0.0000010233
723 0.0000010217
724 0.0000010202
725 0.0000010187
726 0.0000010172
727 0.0000010157
728 0.0000010143
729 0.0000010128
730 0.0000010113
731 0.0000010098
732 0.0000010083
733 0.0000010069
734 0.0000010054
735 0.0000010040
736 0.0000010025
737 0.0000010011
738 0.0000009997
739 0.0000009982
740 0.0000009968
741 0.0000009954
742 0.0000009939
743 0.0000009925
744 0.0000009911
745 0.0000009897
746 0.0000009883
747 0.0000009869
748 0.0000009855
749 0.0000009841
750 0.0000009827
751 0.0000009814
752 0.0000009800
753 0.0000009786
754 0.0000009772
755 0.0000009759
756 0.0000009745
757 0.0000009732
758 0.0000009718
759 0.0000009705
760 0.0000009691
761 0.0000009678
762 0.0000009665
763 0.0000009652
764 0.0000009638
765 0.0000009625
766 0.0000009612
767 0.0000009599
768 0.0000009586
769 0.0000009573
770 0.0000009560
771 0.0000009547
772 0.0000009534
773 0.0000009521
774 0.0000009508
775 0.0000009495
776 0.0000009483
777 0.0000009470
778 0.0000009457
779 0.0000009444
780 0.0000009432
781 0.0000009419
782 0.0000009407
783 0.0000009394
784 0.0000009382
785 0.0000009369
786 0.0000009357
787 0.0000009345
788 0.0000009332
789 0.0000009320
790 0.0000009308
791 0.0000009296
792 0.0000009283
793 0.0000009271
794 0.0000009259
795 0.0000009247
796 0.0000009235
797 0.0000009223
798 0.0000009211
799 0.0000009199
800 0.0000009187
801 0.0000009175
802 0.0000009164
803 0.0000009152
804 0.0000009140
805 0.0000009128
806 0.0000009116
807 0.0000009105
808 0.0000009093
809 0.0000009082
810 0.0000009070
811 0.0000009059
812 0.0000009047
813 0.0000009036
814 0.0000009024
815 0.0000009013
816 0.0000009002
817 0.0000008990
818 0.0000008979
819 0.0000008968
820 0.0000008956
821 0.0000008945
822 0.0000008934
823 0.0000008923
824 0.0000008912
825 0.0000008900
826 0.0000008889
827 0.0000008878
828 0.0000008867
829 0.0000008856
830 0.0000008845
831 0.0000008835
832 0.0000008824
833 0.0000008813
834 0.0000008802
835 0.0000008791
836 0.0000008780
837 0.0000008770
838 0.0000008759
839 0.0000008748
840 0.0000008737
841 0.0000008727
842 0.0000008716
843 0.0000008706
844 0.0000008695
845 0.0000008685
846 0.0000008674
847 0.0000008664
848 0.0000008653
849 0.0000008643
850 0.0000008632
851 0.0000008622
852 0.0000008612
853 0.0000008601
854 0.0000008591
855 0.0000008581
856 0.0000008571
857 0.0000008560
858 0.0000008550
859 0.0000008540
860 0.0000008530
861 0.0000008520
862 0.0000008510
863 0.0000008500
864 0.0000008490
865 0.0000008480
866 0.0000008470
867 0.0000008460
868 0.0000008450
869 0.0000008440
870 0.0000008430
871 0.0000008420
872 0.0000008410
873 0.0000008400
874 0.0000008391
875 0.0000008381
876 0.0000008371
877 0.0000008361
878 0.0000008352
879 0.0000008342
880 0.0000008333
881 0.0000008323
882 0.0000008313
883 0.0000008304
884 0.0000008294
885 0.0000008285
886 0.0000008275
887 0.0000008266
888 0.0000008256
889 0.0000008247
890 0.0000008237
891 0.0000008228
892 0.0000008219
893 0.0000008209
894 0.0000008200
895 0.0000008191
896 0.0000008181
897 0.0000008172
898 0.0000008163
899 0.0000008154
900 0.0000008144
901 0.0000008135
902 0.0000008126
903 0.0000008117
904 0.0000008108
905 0.0000008099
906 0.0000008090
907 0.0000008081
908 0.0000008072
909 0.0000008063
910 0.0000008054
911 0.0000008045
912 0.0000008036
913 0.0000008027
914 0.0000008018
915 0.0000008009
916 0.0000008000
917 0.0000007992
918 0.0000007983
919 0.0000007974
920 0.0000007965
921 0.0000007956
922 0.0000007948
923 0.0000007939
924 0.0000007930
925 0.0000007922
926 0.0000007913
927 0.0000007904
928 0.0000007896
929 0.0000007887
930 0.0000007878
931 0.0000007870
932 0.0000007861
933 0.0000007853
934 0.0000007844
935 0.0000007836
936 0.0000007827
937 0.0000007819
938 0.0000007810
939 0.0000007802
940 0.0000007794
941 0.0000007785
942 0.0000007777
943 0.0000007769
944 0.0000007760
945 0.0000007752
946 0.0000007744
947 0.0000007735
948 0.0000007727
949 0.0000007719
950 0.0000007711
951 0.0000007703
952 0.0000007694
953 0.0000007686
954 0.0000007678
955 0.0000007670
956 0.0000007662
957 0.0000007654
958 0.0000007646
959 0.0000007638
960 0.0000007630
961 0.0000007622
962 0.0000007614
963 0.0000007606
964 0.0000007598
965 0.0000007590
966 0.0000007582
967 0.0000007574
968 0.0000007566
969 0.0000007558
970 0.0000007550
971 0.0000007542
972 0.0000007535
973 0.0000007527
974 0.0000007519
975 0.0000007511
976 0.0000007503
977 0.0000007496
978 0.0000007488
979 0.0000007480
980 0.0000007472
981 0.0000007465
982 0.0000007457
983 0.0000007449
984 0.0000007442
985 0.0000007434
986 0.0000007426
987 0.0000007419
988 0.0000007411
989 0.0000007404
990 0.0000007396
