0 316
0 0.9625019977
1 0.0099095707
2 0.0033587776
3 0.0020904185
4 0.0013903164
5 0.0010218362
6 0.0008071628
7 0.0006684274
8 0.0005721166
9 0.0005016226
10 0.0004477406
11 0.0004050573
12 0.0003702569
13 0.0003412272
14 0.0003165685
15 0.0002953168
16 0.0002767843
17 0.0002604647
18 0.0002459751
19 0.0002330192
20 0.0002213631
21 0.0002108192
22 0.0002012348
23 0.0001924844
24 0.0001844634
25 0.0001770843
26 0.0001702729
27 0.0001639661
28 0.0001581098
29 0.0001526574
30 0.0001475685
31 0.0001428079
32 0.0001383449
33 0.0001341523
34 0.0001302064
35 0.0001264860
36 0.0001229722
37 0.0001196484
38 0.0001164995
39 0.0001135121
40 0.0001106740
41 0.0001079744
42 0.0001054034
43 0.0001029519
44 0.0001006119
45 0.0000983759
46 0.0000962370
47 0.0000941892
48 0.0000922268
49 0.0000903444
50 0.0000885373
51 0.0000868011
52 0.0000851316
53 0.0000835252
54 0.0000819782
55 0.0000804875
56 0.0000790501
57 0.0000776630
58 0.0000763238
59 0.0000750300
60 0.0000737794
61 0.0000725697
62 0.0000713990
63 0.0000702656
64 0.0000691675
65 0.0000681032
66 0.0000670712
67 0.0000660699
68 0.0000650982
69 0.0000641546
70 0.0000632379
71 0.0000623471
72 0.0000614810
73 0.0000606386
74 0.0000598190
75 0.0000590213
76 0.0000582445
77 0.0000574880
78 0.0000567508
79 0.0000560323
80 0.0000553317
81 0.0000546485
82 0.0000539819
83 0.0000533314
84 0.0000526963
85 0.0000520762
86 0.0000514706
87 0.0000508788
88 0.0000503005
89 0.0000497352
90 0.0000491824
91 0.0000486418
92 0.0000481130
93 0.0000475955
94 0.0000470890
95 0.0000465932
96 0.0000461077
97 0.0000456323
98 0.0000451665
99 0.0000447102
100 0.0000442629
101 0.0000438246
102 0.0000433948
103 0.0000429733
104 0.0000425600
105 0.0000421545
106 0.0000417567
107 0.0000413664
108 0.0000409832
109 0.0000406071
110 0.0000402378
111 0.0000398752
112 0.0000395190
113 0.0000391692
114 0.0000388255
115 0.0000384877
116 0.0000381558
117 0.0000378296
118 0.0000375089
119 0.0000371936
120 0.0000368835
121 0.0000365785
122 0.0000362786
123 0.0000359835
124 0.0000356932
125 0.0000354076
126 0.0000351264
127 0.0000348497
128 0.0000345773
129 0.0000343092
130 0.0000340451
131 0.0000337851
132 0.0000335291
133 0.0000332768
134 0.0000330284
135 0.0000327836
136 0.0000325424
137 0.0000323048
138 0.0000320706
139 0.0000318397
140 0.0000316122
141 0.0000313879
142 0.0000311667
143 0.0000309487
144 0.0000307336
145 0.0000305216
146 0.0000303124
147 0.0000301061
148 0.0000299025
149 0.0000297017
150 0.0000295036
151 0.0000293081
152 0.0000291152
153 0.0000289247
154 0.0000287368
155 0.0000285513
156 0.0000283682
157 0.0000281873
158 0.0000280088
159 0.0000278325
160 0.0000276585
161 0.0000274866
162 0.0000273168
163 0.0000271491
164 0.0000269834
165 0.0000268198
166 0.0000266581
167 0.0000264984
168 0.0000263405
169 0.0000261845
170 0.0000260304
171 0.0000258780
172 0.0000257275
173 0.0000255786
174 0.0000254315
175 0.0000252861
176 0.0000251423
177 0.0000250001
178 0.0000248595
179 0.0000247205
180 0.0000245831
181 0.0000244472
182 0.0000243127
183 0.0000241797
184 0.0000240482
185 0.0000239181
186 0.0000237894
187 0.0000236620
188 0.0000235361
189 0.0000234114
190 0.0000232881
191 0.0000231660
192 0.0000230452
193 0.0000229257
194 0.0000228074
195 0.0000226904
196 0.0000225744
197 0.0000224597
198 0.0000223462
199 0.0000222338
200 0.0000221225
201 0.0000220123
202 0.0000219032
203 0.0000217952
204 0.0000216882
205 0.0000215823
206 0.0000214774
207 0.0000213735
208 0.0000212706
209 0.0000211687
210 0.0000210678
211 0.0000209678
212 0.0000208688
213 0.0000207707
214 0.0000206735
215 0.0000205772
216 0.0000204818
217 0.0000203873
218 0.0000202937
219 0.0000202009
220 0.0000201089
221 0.0000200178
222 0.0000199275
223 0.0000198380
224 0.0000197493
225 0.0000196614
226 0.0000195742
227 0.0000194879
228 0.0000194023
229 0.0000193174
230 0.0000192333
231 0.0000191499
232 0.0000190672
233 0.0000189852
234 0.0000189039
235 0.0000188234
236 0.0000187435
237 0.0000186642
238 0.0000185857
239 0.0000185078
240 0.0000184305
241 0.0000183539
242 0.0000182779
243 0.0000182025
244 0.0000181278
245 0.0000180537
246 0.0000179801
247 0.0000179072
248 0.0000178348
249 0.0000177630
250 0.0000176918
251 0.0000176212
252 0.0000175511
253 0.0000174816
254 0.0000174126
255 0.0000173442
256 0.0000172763
257 0.0000172089
258 0.0000171420
259 0.0000170757
260 0.0000170099
261 0.0000169445
262 0.0000168797
263 0.0000168153
264 0.0000167515
265 0.0000166881
266 0.0000166252
267 0.0000165628
268 0.0000165008
269 0.0000164393
270 0.0000163782
271 0.0000163176
272 0.0000162575
273 0.0000161977
274 0.0000161384
275 0.0000160796
276 0.0000160211
277 0.0000159631
278 0.0000159055
279 0.0000158483
280 0.0000157915
281 0.0000157352
282 0.0000156792
283 0.0000156236
284 0.0000155684
285 0.0000155136
286 0.0000154591
287 0.0000154051
288 0.0000153514
289 0.0000152981
290 0.0000152452
291 0.0000151926
292 0.0000151403
293 0.0000150884
294 0.0000150369
295 0.0000149858
296 0.0000149349
297 0.0000148844
298 0.0000148343
299 0.0000147844
300 0.0000147349
301 0.0000146858
302 0.0000146369
303 0.0000145884
304 0.0000145402
305 0.0000144923
306 0.0000144447
307 0.0000143974
308 0.0000143504
309 0.0000143037
310 0.0000142574
311 0.0000142113
312 0.0000141655
313 0.0000141200
314 0.0000140748
315 0.0000140299
316 0.0000139852
