1 2000
0 0.9954763270
1 0.0012272517
2 0.0005054999
3 0.0003472519
4 0.0002518687
5 0.0001954588
6 0.0001585662
7 0.0001323546
8 0.0001127657
9 0.0000976102
10 0.0000855638
11 0.0000757766
12 0.0000676805
13 0.0000608825
14 0.0000551023
15 0.0000501348
16 0.0000458259
17 0.0000420582
18 0.0000387403
19 0.0000358000
20 0.0000331798
21 0.0000308331
22 0.0000287217
23 0.0000268143
24 0.0000250847
25 0.0000235109
26 0.0000220744
27 0.0000207595
28 0.0000195526
29 0.0000184421
30 0.0000174180
31 0.0000164715
32 0.0000155951
33 0.0000147819
34 0.0000140261
35 0.0000133225
36 0.0000126666
37 0.0000120540
38 0.0000114813
39 0.0000109451
40 0.0000104424
41 0.0000099707
42 0.0000095274
43 0.0000091106
44 0.0000087180
45 0.0000083481
46 0.0000079992
47 0.0000076697
48 0.0000073584
49 0.0000070640
50 0.0000067854
51 0.0000065215
52 0.0000062714
53 0.0000060341
54 0.0000058089
55 0.0000055951
56 0.0000053918
57 0.0000051986
58 0.0000050147
59 0.0000048396
60 0.0000046729
61 0.0000045140
62 0.0000043625
63 0.0000042179
64 0.0000040800
65 0.0000039483
66 0.0000038224
67 0.0000037021
68 0.0000035871
69 0.0000034771
70 0.0000033718
71 0.0000032711
72 0.0000031745
73 0.0000030820
74 0.0000029934
75 0.0000029084
76 0.0000028269
77 0.0000027487
78 0.0000026736
79 0.0000026015
80 0.0000025322
81 0.0000024657
82 0.0000024018
83 0.0000023403
84 0.0000022811
85 0.0000022243
86 0.0000021695
87 0.0000021168
88 0.0000020661
89 0.0000020172
90 0.0000019701
91 0.0000019247
92 0.0000018810
93 0.0000018388
94 0.0000017981
95 0.0000017588
96 0.0000017209
97 0.0000016843
98 0.0000016490
99 0.0000016149
100 0.0000015819
101 0.0000015501
102 0.0000015193
103 0.0000014895
104 0.0000014607
105 0.0000014329
106 0.0000014060
107 0.0000013799
108 0.0000013546
109 0.0000013302
110 0.0000013065
111 0.0000012836
112 0.0000012614
113 0.0000012398
114 0.0000012189
115 0.0000011987
116 0.0000011791
117 0.0000011600
118 0.0000011415
119 0.0000011236
120 0.0000011061
121 0.0000010892
122 0.0000010728
123 0.0000010568
124 0.0000010413
125 0.0000010263
126 0.0000010116
127 0.0000009974
128 0.0000009835
129 0.0000009700
130 0.0000009569
131 0.0000009441
132 0.0000009317
133 0.0000009196
134 0.0000009078
135 0.0000008964
136 0.0000008852
137 0.0000008743
138 0.0000008637
139 0.0000008533
140 0.0000008432
141 0.0000008334
142 0.0000008238
143 0.0000008144
144 0.0000008052
145 0.0000007963
146 0.0000007876
147 0.0000007791
148 0.0000007708
149 0.0000007626
150 0.0000007547
151 0.0000007469
152 0.0000007394
153 0.0000007319
154 0.0000007247
155 0.0000007176
156 0.0000007107
157 0.0000007039
158 0.0000006972
159 0.0000006907
160 0.0000006844
161 0.0000006781
162 0.0000006720
163 0.0000006660
164 0.0000006602
165 0.0000006544
166 0.0000006488
167 0.0000006433
168 0.0000006379
169 0.0000006325
170 0.0000006273
171 0.0000006222
172 0.0000006172
173 0.0000006123
174 0.0000006075
175 0.0000006027
176 0.0000005981
177 0.0000005935
178 0.0000005890
179 0.0000005846
180 0.0000005803
181 0.0000005760
182 0.0000005718
183 0.0000005677
184 0.0000005636
185 0.0000005597
186 0.0000005557
187 0.0000005519
188 0.0000005481
189 0.0000005444
190 0.0000005407
191 0.0000005371
192 0.0000005335
193 0.0000005300
194 0.0000005266
195 0.0000005232
196 0.0000005199
197 0.0000005166
198 0.0000005133
199 0.0000005101
200 0.0000005070
201 0.0000005039
202 0.0000005008
203 0.0000004978
204 0.0000004948
205 0.0000004919
206 0.0000004890
207 0.0000004861
208 0.0000004833
209 0.0000004805
210 0.0000004778
211 0.0000004751
212 0.0000004724
213 0.0000004698
214 0.0000004672
215 0.0000004646
216 0.0000004620
217 0.0000004595
218 0.0000004571
219 0.0000004546
220 0.0000004522
221 0.0000004498
222 0.0000004475
223 0.0000004451
224 0.0000004428
225 0.0000004405
226 0.0000004383
227 0.0000004361
228 0.0000004339
229 0.0000004317
230 0.0000004295
231 0.0000004274
232 0.0000004253
233 0.0000004232
234 0.0000004212
235 0.0000004192
236 0.0000004171
237 0.0000004151
238 0.0000004132
239 0.0000004112
240 0.0000004093
241 0.0000004074
242 0.0000004055
243 0.0000004036
244 0.0000004018
245 0.0000003999
246 0.0000003981
247 0.0000003963
248 0.0000003945
249 0.0000003928
250 0.0000003910
251 0.0000003893
252 0.0000003876
253 0.0000003859
254 0.0000003842
255 0.0000003826
256 0.0000003809
257 0.0000003793
258 0.0000003776
259 0.0000003760
260 0.0000003745
261 0.0000003729
262 0.0000003713
263 0.0000003698
264 0.0000003682
265 0.0000003667
266 0.0000003652
267 0.0000003637
268 0.0000003622
269 0.0000003608
270 0.0000003593
271 0.0000003579
272 0.0000003564
273 0.0000003550
274 0.0000003536
275 0.0000003522
276 0.0000003508
277 0.0000003494
278 0.0000003481
279 0.0000003467
280 0.0000003454
281 0.0000003440
282 0.0000003427
283 0.0000003414
284 0.0000003401
285 0.0000003388
286 0.0000003376
287 0.0000003363
288 0.0000003350
289 0.0000003338
290 0.0000003325
291 0.0000003313
292 0.0000003301
293 0.0000003289
294 0.0000003277
295 0.0000003265
296 0.0000003253
297 0.0000003241
298 0.0000003229
299 0.0000003218
300 0.0000003206
301 0.0000003195
302 0.0000003183
303 0.0000003172
304 0.0000003161
305 0.0000003150
306 0.0000003139
307 0.0000003128
308 0.0000003117
309 0.0000003106
310 0.0000003095
311 0.0000003085
312 0.0000003074
313 0.0000003064
314 0.0000003053
315 0.0000003043
316 0.0000003033
317 0.0000003022
318 0.0000003012
319 0.0000003002
320 0.0000002992
321 0.0000002982
322 0.0000002972
323 0.0000002962
324 0.0000002953
325 0.0000002943
326 0.0000002933
327 0.0000002924
328 0.0000002914
329 0.0000002905
330 0.0000002895
331 0.0000002886
332 0.0000002877
333 0.0000002868
334 0.0000002859
335 0.0000002849
336 0.0000002840
337 0.0000002831
338 0.0000002822
339 0.0000002814
340 0.0000002805
341 0.0000002796
342 0.0000002787
343 0.0000002779
344 0.0000002770
345 0.0000002761
346 0.0000002753
347 0.0000002745
348 0.0000002736
349 0.0000002728
350 0.0000002719
351 0.0000002711
352 0.0000002703
353 0.0000002695
354 0.0000002687
355 0.0000002679
356 0.0000002671
357 0.0000002663
358 0.0000002655
359 0.0000002647
360 0.0000002639
361 0.0000002631
362 0.0000002624
363 0.0000002616
364 0.0000002608
365 0.0000002601
366 0.0000002593
367 0.0000002586
368 0.0000002578
369 0.0000002571
370 0.0000002563
371 0.0000002556
372 0.0000002549
373 0.0000002541
374 0.0000002534
375 0.0000002527
376 0.0000002520
377 0.0000002513
378 0.0000002506
379 0.0000002499
380 0.0000002492
381 0.0000002485
382 0.0000002478
383 0.0000002471
384 0.0000002464
385 0.0000002457
386 0.0000002451
387 0.0000002444
388 0.0000002437
389 0.0000002430
390 0.0000002424
391 0.0000002417
392 0.0000002411
393 0.0000002404
394 0.0000002398
395 0.0000002391
396 0.0000002385
397 0.0000002378
398 0.0000002372
399 0.0000002366
400 0.0000002359
401 0.0000002353
402 0.0000002347
403 0.0000002341
404 0.0000002335
405 0.0000002328
406 0.0000002322
407 0.0000002316
408 0.0000002310
409 0.0000002304
410 0.0000002298
411 0.0000002292
412 0.0000002286
413 0.0000002280
414 0.0000002275
415 0.0000002269
416 0.0000002263
417 0.0000002257
418 0.0000002251
419 0.0000002246
420 0.0000002240
421 0.0000002234
422 0.0000002229
423 0.0000002223
424 0.0000002218
425 0.0000002212
426 0.0000002207
427 0.0000002201
428 0.0000002196
429 0.0000002190
430 0.0000002185
431 0.0000002179
432 0.0000002174
433 0.0000002169
434 0.0000002163
435 0.0000002158
436 0.0000002153
437 0.0000002147
438 0.0000002142
439 0.0000002137
440 0.0000002132
441 0.0000002127
442 0.0000002122
443 0.0000002117
444 0.0000002111
445 0.0000002106
446 0.0000002101
447 0.0000002096
448 0.0000002091
449 0.0000002086
450 0.0000002082
451 0.0000002077
452 0.0000002072
453 0.0000002067
454 0.0000002062
455 0.0000002057
456 0.0000002052
457 0.0000002048
458 0.0000002043
459 0.0000002038
460 0.0000002033
461 0.0000002029
462 0.0000002024
463 0.0000002019
464 0.0000002015
465 0.0000002010
466 0.0000002006
467 0.0000002001
468 0.0000001996
469 0.0000001992
470 0.0000001987
471 0.0000001983
472 0.0000001978
473 0.0000001974
474 0.0000001969
475 0.0000001965
476 0.0000001961
477 0.0000001956
478 0.0000001952
479 0.0000001948
480 0.0000001943
481 0.0000001939
482 0.0000001935
483 0.0000001930
484 0.0000001926
485 0.0000001922
486 0.0000001918
487 0.0000001914
488 0.0000001909
489 0.0000001905
490 0.0000001901
491 0.0000001897
492 0.0000001893
493 0.0000001889
494 0.0000001885
495 0.0000001881
496 0.0000001877
497 0.0000001873
498 0.0000001869
499 0.0000001865
500 0.0000001861
501 0.0000001857
502 0.0000001853
503 0.0000001849
504 0.0000001845
505 0.0000001841
506 0.0000001837
507 0.0000001833
508 0.0000001829
509 0.0000001826
510 0.0000001822
511 0.0000001818
512 0.0000001814
513 0.0000001810
514 0.0000001807
515 0.0000001803
516 0.0000001799
517 0.0000001795
518 0.0000001792
519 0.0000001788
520 0.0000001784
521 0.0000001781
522 0.0000001777
523 0.0000001773
524 0.0000001770
525 0.0000001766
526 0.0000001763
527 0.0000001759
528 0.0000001756
529 0.0000001752
530 0.0000001748
531 0.0000001745
532 0.0000001741
533 0.0000001738
534 0.0000001735
535 0.0000001731
536 0.0000001728
537 0.0000001724
538 0.0000001721
539 0.0000001717
540 0.0000001714
541 0.0000001711
542 0.0000001707
543 0.0000001704
544 0.0000001701
545 0.0000001697
546 0.0000001694
547 0.0000001691
548 0.0000001687
549 0.0000001684
550 0.0000001681
551 0.0000001677
552 0.0000001674
553 0.0000001671
554 0.0000001668
555 0.0000001665
556 0.0000001661
557 0.0000001658
558 0.0000001655
559 0.0000001652
560 0.0000001649
561 0.0000001646
562 0.0000001642
563 0.0000001639
564 0.0000001636
565 0.0000001633
566 0.0000001630
567 0.0000001627
568 0.0000001624
569 0.0000001621
570 0.0000001618
571 0.0000001615
572 0.0000001612
573 0.0000001609
574 0.0000001606
575 0.0000001603
576 0.0000001600
577 0.0000001597
578 0.0000001594
579 0.0000001591
580 0.0000001588
581 0.0000001585
582 0.0000001582
583 0.0000001579
584 0.0000001576
585 0.0000001574
586 0.0000001571
587 0.0000001568
588 0.0000001565
589 0.0000001562
590 0.0000001559
591 0.0000001557
592 0.0000001554
593 0.0000001551
594 0.0000001548
595 0.0000001545
596 0.0000001543
597 0.0000001540
598 0.0000001537
599 0.0000001534
600 0.0000001532
601 0.0000001529
602 0.0000001526
603 0.0000001523
604 0.0000001521
605 0.0000001518
606 0.0000001515
607 0.0000001513
608 0.0000001510
609 0.0000001507
610 0.0000001505
611 0.0000001502
612 0.0000001500
613 0.0000001497
614 0.0000001494
615 0.0000001492
616 0.0000001489
617 0.0000001487
618 0.0000001484
619 0.0000001481
620 0.0000001479
621 0.0000001476
622 0.0000001474
623 0.0000001471
624 0.0000001469
625 0.0000001466
626 0.0000001464
627 0.0000001461
628 0.0000001459
629 0.0000001456
630 0.0000001454
631 0.0000001451
632 0.0000001449
633 0.0000001446
634 0.0000001444
635 0.0000001442
636 0.0000001439
637 0.0000001437
638 0.0000001434
639 0.0000001432
640 0.0000001430
641 0.0000001427
642 0.0000001425
643 0.0000001422
644 0.0000001420
645 0.0000001418
646 0.0000001415
647 0.0000001413
648 0.0000001411
649 0.0000001408
650 0.0000001406
651 0.0000001404
652 0.0000001401
653 0.0000001399
654 0.0000001397
655 0.0000001395
656 0.0000001392
657 0.0000001390
658 0.0000001388
659 0.0000001385
660 0.0000001383
661 0.0000001381
662 0.0000001379
663 0.0000001377
664 0.0000001374
665 0.0000001372
666 0.0000001370
667 0.0000001368
668 0.0000001366
669 0.0000001363
670 0.0000001361
671 0.0000001359
672 0.0000001357
673 0.0000001355
674 0.0000001353
675 0.0000001350
676 0.0000001348
677 0.0000001346
678 0.0000001344
679 0.0000001342
680 0.0000001340
681 0.0000001338
682 0.0000001336
683 0.0000001333
684 0.0000001331
685 0.0000001329
686 0.0000001327
687 0.0000001325
688 0.0000001323
689 0.0000001321
690 0.0000001319
691 0.0000001317
692 0.0000001315
693 0.0000001313
694 0.0000001311
695 0.0000001309
696 0.0000001307
697 0.0000001305
698 0.0000001303
699 0.0000001301
700 0.0000001299
701 0.0000001297
702 0.0000001295
703 0.0000001293
704 0.0000001291
705 0.0000001289
706 0.0000001287
707 0.0000001285
708 0.0000001283
709 0.0000001281
710 0.0000001279
711 0.0000001277
712 0.0000001275
713 0.0000001273
714 0.0000001272
715 0.0000001270
716 0.0000001268
717 0.0000001266
718 0.0000001264
719 0.0000001262
720 0.0000001260
721 0.0000001258
722 0.0000001256
723 0.0000001255
724 0.0000001253
725 0.0000001251
726 0.0000001249
727 0.0000001247
728 0.0000001245
729 0.0000001244
730 0.0000001242
731 0.0000001240
732 0.0000001238
733 0.0000001236
734 0.0000001234
735 0.0000001233
736 0.0000001231
737 0.0000001229
738 0.0000001227
739 0.0000001226
740 0.0000001224
741 0.0000001222
742 0.0000001220
743 0.0000001218
744 0.0000001217
745 0.0000001215
746 0.0000001213
747 0.0000001211
748 0.0000001210
749 0.0000001208
750 0.0000001206
751 0.0000001205
752 0.0000001203
753 0.0000001201
754 0.0000001199
755 0.0000001198
756 0.0000001196
757 0.0000001194
758 0.0000001193
759 0.0000001191
760 0.0000001189
761 0.0000001188
762 0.0000001186
763 0.0000001184
764 0.0000001183
765 0.0000001181
766 0.0000001179
767 0.0000001178
768 0.0000001176
769 0.0000001174
770 0.0000001173
771 0.0000001171
772 0.0000001169
773 0.0000001168
774 0.0000001166
775 0.0000001165
776 0.0000001163
777 0.0000001161
778 0.0000001160
779 0.0000001158
780 0.0000001157
781 0.0000001155
782 0.0000001153
783 0.0000001152
784 0.0000001150
785 0.0000001149
786 0.0000001147
787 0.0000001146
788 0.0000001144
789 0.0000001142
790 0.0000001141
791 0.0000001139
792 0.0000001138
793 0.0000001136
794 0.0000001135
795 0.0000001133
796 0.0000001132
797 0.0000001130
798 0.0000001129
799 0.0000001127
800 0.0000001126
801 0.0000001124
802 0.0000001123
803 0.0000001121
804 0.0000001120
805 0.0000001118
806 0.0000001117
807 0.0000001115
808 0.0000001114
809 0.0000001112
810 0.0000001111
811 0.0000001109
812 0.0000001108
813 0.0000001106
814 0.0000001105
815 0.0000001103
816 0.0000001102
817 0.0000001101
818 0.0000001099
819 0.0000001098
820 0.0000001096
821 0.0000001095
822 0.0000001093
823 0.0000001092
824 0.0000001090
825 0.0000001089
826 0.0000001088
827 0.0000001086
828 0.0000001085
829 0.0000001083
830 0.0000001082
831 0.0000001081
832 0.0000001079
833 0.0000001078
834 0.0000001076
835 0.0000001075
836 0.0000001074
837 0.0000001072
838 0.0000001071
839 0.0000001070
840 0.0000001068
841 0.0000001067
842 0.0000001065
843 0.0000001064
844 0.0000001063
845 0.0000001061
846 0.0000001060
847 0.0000001059
848 0.0000001057
849 0.0000001056
850 0.0000001055
851 0.0000001053
852 0.0000001052
853 0.0000001051
854 0.0000001049
855 0.0000001048
856 0.0000001047
857 0.0000001045
858 0.0000001044
859 0.0000001043
860 0.0000001042
861 0.0000001040
862 0.0000001039
863 0.0000001038
864 0.0000001036
865 0.0000001035
866 0.0000001034
867 0.0000001033
868 0.0000001031
869 0.0000001030
870 0.0000001029
871 0.0000001027
872 0.0000001026
873 0.0000001025
874 0.0000001024
875 0.0000001022
876 0.0000001021
877 0.0000001020
878 0.0000001019
879 0.0000001017
880 0.0000001016
881 0.0000001015
882 0.0000001014
883 0.0000001012
884 0.0000001011
885 0.0000001010
886 0.0000001009
887 0.0000001008
888 0.0000001006
889 0.0000001005
890 0.0000001004
891 0.0000001003
892 0.0000001001
893 0.0000001000
894 0.0000000999
895 0.0000000998
896 0.0000000997
897 0.0000000995
898 0.0000000994
899 0.0000000993
900 0.0000000992
901 0.0000000991
902 0.0000000990
903 0.0000000988
904 0.0000000987
905 0.0000000986
906 0.0000000985
907 0.0000000984
908 0.0000000982
909 0.0000000981
910 0.0000000980
911 0.0000000979
912 0.0000000978
913 0.0000000977
914 0.0000000976
915 0.0000000974
916 0.0000000973
917 0.0000000972
918 0.0000000971
919 0.0000000970
920 0.0000000969
921 0.0000000968
922 0.0000000966
923 0.0000000965
924 0.0000000964
925 0.0000000963
926 0.0000000962
927 0.0000000961
928 0.0000000960
929 0.0000000959
930 0.0000000958
931 0.0000000956
932 0.0000000955
933 0.0000000954
934 0.0000000953
935 0.0000000952
936 0.0000000951
937 0.0000000950
938 0.0000000949
939 0.0000000948
940 0.0000000947
941 0.0000000945
942 0.0000000944
943 0.0000000943
944 0.0000000942
945 0.0000000941
946 0.0000000940
947 0.0000000939
948 0.0000000938
949 0.0000000937
950 0.0000000936
951 0.0000000935
952 0.0000000934
953 0.0000000933
954 0.0000000932
955 0.0000000931
956 0.0000000930
957 0.0000000929
958 0.0000000927
959 0.0000000926
960 0.0000000925
961 0.0000000924
962 0.0000000923
963 0.0000000922
964 0.0000000921
965 0.0000000920
966 0.0000000919
967 0.0000000918
968 0.0000000917
969 0.0000000916
970 0.0000000915
971 0.0000000914
972 0.0000000913
973 0.0000000912
974 0.0000000911
975 0.0000000910
976 0.0000000909
977 0.0000000908
978 0.0000000907
979 0.0000000906
980 0.0000000905
981 0.0000000904
982 0.0000000903
983 0.0000000902
984 0.0000000901
985 0.0000000900
986 0.0000000899
987 0.0000000898
988 0.0000000897
989 0.0000000896
990 0.0000000895
991 0.0000000894
992 0.0000000893
993 0.0000000892
994 0.0000000891
995 0.0000000890
996 0.0000000889
997 0.0000000888
998 0.0000000888
999 0.0000000887
1000 0.0000000886
1001 0.0000000885
1002 0.0000000884
1003 0.0000000883
1004 0.0000000882
1005 0.0000000881
1006 0.0000000880
1007 0.0000000879
1008 0.0000000878
1009 0.0000000877
1010 0.0000000876
1011 0.0000000875
1012 0.0000000874
1013 0.0000000873
1014 0.0000000872
1015 0.0000000872
1016 0.0000000871
1017 0.0000000870
1018 0.0000000869
1019 0.0000000868
1020 0.0000000867
1021 0.0000000866
1022 0.0000000865
1023 0.0000000864
1024 0.0000000863
1025 0.0000000862
1026 0.0000000861
1027 0.0000000861
1028 0.0000000860
1029 0.0000000859
1030 0.0000000858
1031 0.0000000857
1032 0.0000000856
1033 0.0000000855
1034 0.0000000854
1035 0.0000000853
1036 0.0000000852
1037 0.0000000852
1038 0.0000000851
1039 0.0000000850
1040 0.0000000849
1041 0.0000000848
1042 0.0000000847
1043 0.0000000846
1044 0.0000000845
1045 0.0000000845
1046 0.0000000844
1047 0.0000000843
1048 0.0000000842
1049 0.0000000841
1050 0.0000000840
1051 0.0000000839
1052 0.0000000839
1053 0.0000000838
1054 0.0000000837
1055 0.0000000836
1056 0.0000000835
1057 0.0000000834
1058 0.0000000833
1059 0.0000000833
1060 0.0000000832
1061 0.0000000831
1062 0.0000000830
1063 0.0000000829
1064 0.0000000828
1065 0.0000000828
1066 0.0000000827
1067 0.0000000826
1068 0.0000000825
1069 0.0000000824
1070 0.0000000823
1071 0.0000000823
1072 0.0000000822
1073 0.0000000821
1074 0.0000000820
1075 0.0000000819
1076 0.0000000818
1077 0.0000000818
1078 0.0000000817
1079 0.0000000816
1080 0.0000000815
1081 0.0000000814
1082 0.0000000813
1083 0.0000000813
1084 0.0000000812
1085 0.0000000811
1086 0.0000000810
1087 0.0000000809
1088 0.0000000809
1089 0.0000000808
1090 0.0000000807
1091 0.0000000806
1092 0.0000000805
1093 0.0000000805
1094 0.0000000804
1095 0.0000000803
1096 0.0000000802
1097 0.0000000802
1098 0.0000000801
1099 0.0000000800
1100 0.0000000799
1101 0.0000000798
1102 0.0000000798
1103 0.0000000797
1104 0.0000000796
1105 0.0000000795
1106 0.0000000794
1107 0.0000000794
1108 0.0000000793
1109 0.0000000792
1110 0.0000000791
1111 0.0000000791
1112 0.0000000790
1113 0.0000000789
1114 0.0000000788
1115 0.0000000788
1116 0.0000000787
1117 0.0000000786
1118 0.0000000785
1119 0.0000000785
1120 0.0000000784
1121 0.0000000783
1122 0.0000000782
1123 0.0000000782
1124 0.0000000781
1125 0.0000000780
1126 0.0000000779
1127 0.0000000779
1128 0.0000000778
1129 0.0000000777
1130 0.0000000776
1131 0.0000000776
1132 0.0000000775
1133 0.0000000774
1134 0.0000000773
1135 0.0000000773
1136 0.0000000772
1137 0.0000000771
1138 0.0000000770
1139 0.0000000770
1140 0.0000000769
1141 0.0000000768
1142 0.0000000767
1143 0.0000000767
1144 0.0000000766
1145 0.0000000765
1146 0.0000000765
1147 0.0000000764
1148 0.0000000763
1149 0.0000000762
1150 0.0000000762
1151 0.0000000761
1152 0.0000000760
1153 0.0000000760
1154 0.0000000759
1155 0.0000000758
1156 0.0000000757
1157 0.0000000757
1158 0.0000000756
1159 0.0000000755
1160 0.0000000755
1161 0.0000000754
1162 0.0000000753
1163 0.0000000753
1164 0.0000000752
1165 0.0000000751
1166 0.0000000750
1167 0.0000000750
1168 0.0000000749
1169 0.0000000748
1170 0.0000000748
1171 0.0000000747
1172 0.0000000746
1173 0.0000000746
1174 0.0000000745
1175 0.0000000744
1176 0.0000000744
1177 0.0000000743
1178 0.0000000742
1179 0.0000000742
1180 0.0000000741
1181 0.0000000740
1182 0.0000000739
1183 0.0000000739
1184 0.0000000738
1185 0.0000000737
1186 0.0000000737
1187 0.0000000736
1188 0.0000000735
1189 0.0000000735
1190 0.0000000734
1191 0.0000000733
1192 0.0000000733
1193 0.0000000732
1194 0.0000000731
1195 0.0000000731
1196 0.0000000730
1197 0.0000000729
1198 0.0000000729
1199 0.0000000728
1200 0.0000000727
1201 0.0000000727
1202 0.0000000726
1203 0.0000000726
1204 0.0000000725
1205 0.0000000724
1206 0.0000000724
1207 0.0000000723
1208 0.0000000722
1209 0.0000000722
1210 0.0000000721
1211 0.0000000720
1212 0.0000000720
1213 0.0000000719
1214 0.0000000718
1215 0.0000000718
1216 0.0000000717
1217 0.0000000717
1218 0.0000000716
1219 0.0000000715
1220 0.0000000715
1221 0.0000000714
1222 0.0000000713
1223 0.0000000713
1224 0.0000000712
1225 0.0000000711
1226 0.0000000711
1227 0.0000000710
1228 0.0000000710
1229 0.0000000709
1230 0.0000000708
1231 0.0000000708
1232 0.0000000707
1233 0.0000000706
1234 0.0000000706
1235 0.0000000705
1236 0.0000000705
1237 0.0000000704
1238 0.0000000703
1239 0.0000000703
1240 0.0000000702
1241 0.0000000702
1242 0.0000000701
1243 0.0000000700
1244 0.0000000700
1245 0.0000000699
1246 0.0000000699
1247 0.0000000698
1248 0.0000000697
1249 0.0000000697
1250 0.0000000696
1251 0.0000000695
1252 0.0000000695
1253 0.0000000694
1254 0.0000000694
1255 0.0000000693
1256 0.0000000692
1257 0.0000000692
1258 0.0000000691
1259 0.0000000691
1260 0.0000000690
1261 0.0000000690
1262 0.0000000689
1263 0.0000000688
1264 0.0000000688
1265 0.0000000687
1266 0.0000000687
1267 0.0000000686
1268 0.0000000685
1269 0.0000000685
1270 0.0000000684
1271 0.0000000684
1272 0.0000000683
1273 0.0000000682
1274 0.0000000682
1275 0.0000000681
1276 0.0000000681
1277 0.0000000680
1278 0.0000000680
1279 0.0000000679
1280 0.0000000678
1281 0.0000000678
1282 0.0000000677
1283 0.0000000677
1284 0.0000000676
1285 0.0000000676
1286 0.0000000675
1287 0.0000000674
1288 0.0000000674
1289 0.0000000673
1290 0.0000000673
1291 0.0000000672
1292 0.0000000672
1293 0.0000000671
1294 0.0000000671
1295 0.0000000670
1296 0.0000000669
1297 0.0000000669
1298 0.0000000668
1299 0.0000000668
1300 0.0000000667
1301 0.0000000667
1302 0.0000000666
1303 0.0000000665
1304 0.0000000665
1305 0.0000000664
1306 0.0000000664
1307 0.0000000663
1308 0.0000000663
1309 0.0000000662
1310 0.0000000662
1311 0.0000000661
1312 0.0000000661
1313 0.0000000660
1314 0.0000000659
1315 0.0000000659
1316 0.0000000658
1317 0.0000000658
1318 0.0000000657
1319 0.0000000657
1320 0.0000000656
1321 0.0000000656
1322 0.0000000655
1323 0.0000000655
1324 0.0000000654
1325 0.0000000654
1326 0.0000000653
1327 0.0000000652
1328 0.0000000652
1329 0.0000000651
1330 0.0000000651
1331 0.0000000650
1332 0.0000000650
1333 0.0000000649
1334 0.0000000649
1335 0.0000000648
1336 0.0000000648
1337 0.0000000647
1338 0.0000000647
1339 0.0000000646
1340 0.0000000646
1341 0.0000000645
1342 0.0000000645
1343 0.0000000644
1344 0.0000000644
1345 0.0000000643
1346 0.0000000642
1347 0.0000000642
1348 0.0000000641
1349 0.0000000641
1350 0.0000000640
1351 0.0000000640
1352 0.0000000639
1353 0.0000000639
1354 0.0000000638
1355 0.0000000638
1356 0.0000000637
1357 0.0000000637
1358 0.0000000636
1359 0.0000000636
1360 0.0000000635
1361 0.0000000635
1362 0.0000000634
1363 0.0000000634
1364 0.0000000633
1365 0.0000000633
1366 0.0000000632
1367 0.0000000632
1368 0.0000000631
1369 0.0000000631
1370 0.0000000630
1371 0.0000000630
1372 0.0000000629
1373 0.0000000629
1374 0.0000000628
1375 0.0000000628
1376 0.0000000627
1377 0.0000000627
1378 0.0000000626
1379 0.0000000626
1380 0.0000000625
1381 0.0000000625
1382 0.0000000624
1383 0.0000000624
1384 0.0000000623
1385 0.0000000623
1386 0.0000000622
1387 0.0000000622
1388 0.0000000621
1389 0.0000000621
1390 0.0000000620
1391 0.0000000620
1392 0.0000000619
1393 0.0000000619
1394 0.0000000619
1395 0.0000000618
1396 0.0000000618
1397 0.0000000617
1398 0.0000000617
1399 0.0000000616
1400 0.0000000616
1401 0.0000000615
1402 0.0000000615
1403 0.0000000614
1404 0.0000000614
1405 0.0000000613
1406 0.0000000613
1407 0.0000000612
1408 0.0000000612
1409 0.0000000611
1410 0.0000000611
1411 0.0000000610
1412 0.0000000610
1413 0.0000000609
1414 0.0000000609
1415 0.0000000609
1416 0.0000000608
1417 0.0000000608
1418 0.0000000607
1419 0.0000000607
1420 0.0000000606
1421 0.0000000606
1422 0.0000000605
1423 0.0000000605
1424 0.0000000604
1425 0.0000000604
1426 0.0000000603
1427 0.0000000603
1428 0.0000000603
1429 0.0000000602
1430 0.0000000602
1431 0.0000000601
1432 0.0000000601
1433 0.0000000600
1434 0.0000000600
1435 0.0000000599
1436 0.0000000599
1437 0.0000000598
1438 0.0000000598
1439 0.0000000598
1440 0.0000000597
1441 0.0000000597
1442 0.0000000596
1443 0.0000000596
1444 0.0000000595
1445 0.0000000595
1446 0.0000000594
1447 0.0000000594
1448 0.0000000593
1449 0.0000000593
1450 0.0000000593
1451 0.0000000592
1452 0.0000000592
1453 0.0000000591
1454 0.0000000591
1455 0.0000000590
1456 0.0000000590
1457 0.0000000589
1458 0.0000000589
1459 0.0000000589
1460 0.0000000588
1461 0.0000000588
1462 0.0000000587
1463 0.0000000587
1464 0.0000000586
1465 0.0000000586
1466 0.0000000586
1467 0.0000000585
1468 0.0000000585
1469 0.0000000584
1470 0.0000000584
1471 0.0000000583
1472 0.0000000583
1473 0.0000000583
1474 0.0000000582
1475 0.0000000582
1476 0.0000000581
1477 0.0000000581
1478 0.0000000580
1479 0.0000000580
1480 0.0000000580
1481 0.0000000579
1482 0.0000000579
1483 0.0000000578
1484 0.0000000578
1485 0.0000000577
1486 0.0000000577
1487 0.0000000577
1488 0.0000000576
1489 0.0000000576
1490 0.0000000575
1491 0.0000000575
1492 0.0000000574
1493 0.0000000574
1494 0.0000000574
1495 0.0000000573
1496 0.0000000573
1497 0.0000000572
1498 0.0000000572
1499 0.0000000572
1500 0.0000000571
1501 0.0000000571
1502 0.0000000570
1503 0.0000000570
1504 0.0000000569
1505 0.0000000569
1506 0.0000000569
1507 0.0000000568
1508 0.0000000568
1509 0.0000000567
1510 0.0000000567
1511 0.0000000567
1512 0.0000000566
1513 0.0000000566
1514 0.0000000565
1515 0.0000000565
1516 0.0000000565
1517 0.0000000564
1518 0.0000000564
1519 0.0000000563
1520 0.0000000563
1521 0.0000000562
1522 0.0000000562
1523 0.0000000562
1524 0.0000000561
1525 0.0000000561
1526 0.0000000560
1527 0.0000000560
1528 0.0000000560
1529 0.0000000559
1530 0.0000000559
1531 0.0000000558
1532 0.0000000558
1533 0.0000000558
1534 0.0000000557
1535 0.0000000557
1536 0.0000000556
1537 0.0000000556
1538 0.0000000556
1539 0.0000000555
1540 0.0000000555
1541 0.0000000555
1542 0.0000000554
1543 0.0000000554
1544 0.0000000553
1545 0.0000000553
1546 0.0000000553
1547 0.0000000552
1548 0.0000000552
1549 0.0000000551
1550 0.0000000551
1551 0.0000000551
1552 0.0000000550
1553 0.0000000550
1554 0.0000000549
1555 0.0000000549
1556 0.0000000549
1557 0.0000000548
1558 0.0000000548
1559 0.0000000548
1560 0.0000000547
1561 0.0000000547
1562 0.0000000546
1563 0.0000000546
1564 0.0000000546
1565 0.0000000545
1566 0.0000000545
1567 0.0000000544
1568 0.0000000544
1569 0.0000000544
1570 0.0000000543
1571 0.0000000543
1572 0.0000000543
1573 0.0000000542
1574 0.0000000542
1575 0.0000000541
1576 0.0000000541
1577 0.0000000541
1578 0.0000000540
1579 0.0000000540
1580 0.0000000540
1581 0.0000000539
1582 0.0000000539
1583 0.0000000538
1584 0.0000000538
1585 0.0000000538
1586 0.0000000537
1587 0.0000000537
1588 0.0000000537
1589 0.0000000536
1590 0.0000000536
1591 0.0000000535
1592 0.0000000535
1593 0.0000000535
1594 0.0000000534
1595 0.0000000534
1596 0.0000000534
1597 0.0000000533
1598 0.0000000533
1599 0.0000000533
1600 0.0000000532
1601 0.0000000532
1602 0.0000000531
1603 0.0000000531
1604 0.0000000531
1605 0.0000000530
1606 0.0000000530
1607 0.0000000530
1608 0.0000000529
1609 0.0000000529
1610 0.0000000529
1611 0.0000000528
1612 0.0000000528
1613 0.0000000527
1614 0.0000000527
1615 0.0000000527
1616 0.0000000526
1617 0.0000000526
1618 0.0000000526
1619 0.0000000525
1620 0.0000000525
1621 0.0000000525
1622 0.0000000524
1623 0.0000000524
1624 0.0000000524
1625 0.0000000523
1626 0.0000000523
1627 0.0000000522
1628 0.0000000522
1629 0.0000000522
1630 0.0000000521
1631 0.0000000521
1632 0.0000000521
1633 0.0000000520
1634 0.0000000520
1635 0.0000000520
1636 0.0000000519
1637 0.0000000519
1638 0.0000000519
1639 0.0000000518
1640 0.0000000518
1641 0.0000000518
1642 0.0000000517
1643 0.0000000517
1644 0.0000000516
1645 0.0000000516
1646 0.0000000516
1647 0.0000000515
1648 0.0000000515
1649 0.0000000515
1650 0.0000000514
1651 0.0000000514
1652 0.0000000514
1653 0.0000000513
1654 0.0000000513
1655 0.0000000513
1656 0.0000000512
1657 0.0000000512
1658 0.0000000512
1659 0.0000000511
1660 0.0000000511
1661 0.0000000511
1662 0.0000000510
1663 0.0000000510
1664 0.0000000510
1665 0.0000000509
1666 0.0000000509
1667 0.0000000509
1668 0.0000000508
1669 0.0000000508
1670 0.0000000508
1671 0.0000000507
1672 0.0000000507
1673 0.0000000507
1674 0.0000000506
1675 0.0000000506
1676 0.0000000506
1677 0.0000000505
1678 0.0000000505
1679 0.0000000505
1680 0.0000000504
1681 0.0000000504
1682 0.0000000504
1683 0.0000000503
1684 0.0000000503
1685 0.0000000503
1686 0.0000000502
1687 0.0000000502
1688 0.0000000502
1689 0.0000000501
1690 0.0000000501
1691 0.0000000501
1692 0.0000000500
1693 0.0000000500
1694 0.0000000500
1695 0.0000000499
1696 0.0000000499
1697 0.0000000499
1698 0.0000000498
1699 0.0000000498
1700 0.0000000498
1701 0.0000000497
1702 0.0000000497
1703 0.0000000497
1704 0.0000000496
1705 0.0000000496
1706 0.0000000496
1707 0.0000000495
1708 0.0000000495
1709 0.0000000495
1710 0.0000000494
1711 0.0000000494
1712 0.0000000494
1713 0.0000000493
1714 0.0000000493
1715 0.0000000493
1716 0.0000000492
1717 0.0000000492
1718 0.0000000492
1719 0.0000000492
1720 0.0000000491
1721 0.0000000491
1722 0.0000000491
1723 0.0000000490
1724 0.0000000490
1725 0.0000000490
1726 0.0000000489
1727 0.0000000489
1728 0.0000000489
1729 0.0000000488
1730 0.0000000488
1731 0.0000000488
1732 0.0000000487
1733 0.0000000487
1734 0.0000000487
1735 0.0000000486
1736 0.0000000486
1737 0.0000000486
1738 0.0000000485
1739 0.0000000485
1740 0.0000000485
1741 0.0000000485
1742 0.0000000484
1743 0.0000000484
1744 0.0000000484
1745 0.0000000483
1746 0.0000000483
1747 0.0000000483
1748 0.0000000482
1749 0.0000000482
1750 0.0000000482
1751 0.0000000481
1752 0.0000000481
1753 0.0000000481
1754 0.0000000480
1755 0.0000000480
1756 0.0000000480
1757 0.0000000480
1758 0.0000000479
1759 0.0000000479
1760 0.0000000479
1761 0.0000000478
1762 0.0000000478
1763 0.0000000478
1764 0.0000000477
1765 0.0000000477
1766 0.0000000477
1767 0.0000000476
1768 0.0000000476
1769 0.0000000476
1770 0.0000000476
1771 0.0000000475
1772 0.0000000475
1773 0.0000000475
1774 0.0000000474
1775 0.0000000474
1776 0.0000000474
1777 0.0000000473
1778 0.0000000473
1779 0.0000000473
1780 0.0000000473
1781 0.0000000472
1782 0.0000000472
1783 0.0000000472
1784 0.0000000471
1785 0.0000000471
1786 0.0000000471
1787 0.0000000470
1788 0.0000000470
1789 0.0000000470
1790 0.0000000469
1791 0.0000000469
1792 0.0000000469
1793 0.0000000469
1794 0.0000000468
1795 0.0000000468
1796 0.0000000468
1797 0.0000000467
1798 0.0000000467
1799 0.0000000467
1800 0.0000000466
1801 0.0000000466
1802 0.0000000466
1803 0.0000000466
1804 0.0000000465
1805 0.0000000465
1806 0.0000000465
1807 0.0000000464
1808 0.0000000464
1809 0.0000000464
1810 0.0000000463
1811 0.0000000463
1812 0.0000000463
1813 0.0000000463
1814 0.0000000462
1815 0.0000000462
1816 0.0000000462
1817 0.0000000461
1818 0.0000000461
1819 0.0000000461
1820 0.0000000460
1821 0.0000000460
1822 0.0000000460
1823 0.0000000460
1824 0.0000000459
1825 0.0000000459
1826 0.0000000459
1827 0.0000000458
1828 0.0000000458
1829 0.0000000458
1830 0.0000000458
1831 0.0000000457
1832 0.0000000457
1833 0.0000000457
1834 0.0000000456
1835 0.0000000456
1836 0.0000000456
1837 0.0000000455
1838 0.0000000455
1839 0.0000000455
1840 0.0000000455
1841 0.0000000454
1842 0.0000000454
1843 0.0000000454
1844 0.0000000453
1845 0.0000000453
1846 0.0000000453
1847 0.0000000452
1848 0.0000000452
1849 0.0000000452
1850 0.0000000452
1851 0.0000000451
1852 0.0000000451
1853 0.0000000451
1854 0.0000000450
1855 0.0000000450
1856 0.0000000450
1857 0.0000000450
1858 0.0000000449
1859 0.0000000449
1860 0.0000000449
1861 0.0000000448
1862 0.0000000448
1863 0.0000000448
1864 0.0000000447
1865 0.0000000447
1866 0.0000000447
1867 0.0000000447
1868 0.0000000446
1869 0.0000000446
1870 0.0000000446
1871 0.0000000445
1872 0.0000000445
1873 0.0000000445
1874 0.0000000444
1875 0.0000000444
1876 0.0000000444
1877 0.0000000444
1878 0.0000000443
1879 0.0000000443
1880 0.0000000443
1881 0.0000000442
1882 0.0000000442
1883 0.0000000442
1884 0.0000000441
1885 0.0000000441
1886 0.0000000441
1887 0.0000000441
1888 0.0000000440
1889 0.0000000440
1890 0.0000000440
1891 0.0000000439
1892 0.0000000439
1893 0.0000000439
1894 0.0000000438
1895 0.0000000438
1896 0.0000000438
1897 0.0000000437
1898 0.0000000437
1899 0.0000000437
1900 0.0000000437
1901 0.0000000436
1902 0.0000000436
1903 0.0000000436
1904 0.0000000435
1905 0.0000000435
1906 0.0000000435
1907 0.0000000434
1908 0.0000000434
1909 0.0000000434
1910 0.0000000433
1911 0.0000000433
1912 0.0000000433
1913 0.0000000432
1914 0.0000000432
1915 0.0000000432
1916 0.0000000432
1917 0.0000000431
1918 0.0000000431
1919 0.0000000431
1920 0.0000000430
1921 0.0000000430
1922 0.0000000430
1923 0.0000000429
1924 0.0000000429
1925 0.0000000429
1926 0.0000000428
1927 0.0000000428
1928 0.0000000428
1929 0.0000000427
1930 0.0000000427
1931 0.0000000427
1932 0.0000000426
1933 0.0000000426
1934 0.0000000426
1935 0.0000000425
1936 0.0000000425
1937 0.0000000425
1938 0.0000000424
1939 0.0000000424
1940 0.0000000424
1941 0.0000000423
1942 0.0000000423
1943 0.0000000423
1944 0.0000000422
1945 0.0000000422
1946 0.0000000421
1947 0.0000000421
1948 0.0000000421
1949 0.0000000420
1950 0.0000000420
1951 0.0000000420
1952 0.0000000419
1953 0.0000000419
1954 0.0000000419
1955 0.0000000418
1956 0.0000000418
1957 0.0000000417
1958 0.0000000417
1959 0.0000000417
1960 0.0000000416
1961 0.0000000416
1962 0.0000000415
1963 0.0000000415
1964 0.0000000415
1965 0.0000000414
1966 0.0000000414
1967 0.0000000413
1968 0.0000000413
1969 0.0000000412
1970 0.0000000412
1971 0.0000000412
1972 0.0000000411
1973 0.0000000411
1974 0.0000000410
1975 0.0000000410
1976 0.0000000409
1977 0.0000000409
1978 0.0000000408
1979 0.0000000408
1980 0.0000000407
1981 0.0000000407
1982 0.0000000406
1983 0.0000000405
1984 0.0000000405
1985 0.0000000404
1986 0.0000000403
1987 0.0000000402
1988 0.0000000402
1989 0.0000000401
1990 0.0000000400
1991 0.0000000399
1992 0.0000000397
1993 0.0000000396
1994 0.0000000394
1995 0.0000000391
1996 0.0000000387
1997 0.0000000381
1998 0.0000000370
1999 0.0000000329
2000 0.0000000000
