0 558
0 0.9610691017
1 0.0073263664
2 0.0031067735
3 0.0021820587
4 0.0016221168
5 0.0012899003
6 0.0010717390
7 0.0009159865
8 0.0007989605
9 0.0007078881
10 0.0006350401
11 0.0005754517
12 0.0005258040
13 0.0004838004
14 0.0004478021
15 0.0004166079
16 0.0003893174
17 0.0003652416
18 0.0003438448
19 0.0003247040
20 0.0003074807
21 0.0002919011
22 0.0002777411
23 0.0002648153
24 0.0002529695
25 0.0002420742
26 0.0002320197
27 0.0002227125
28 0.0002140725
29 0.0002060308
30 0.0001985275
31 0.0001915104
32 0.0001849341
33 0.0001787583
34 0.0001729478
35 0.0001674713
36 0.0001623009
37 0.0001574118
38 0.0001527818
39 0.0001483909
40 0.0001442213
41 0.0001402566
42 0.0001364824
43 0.0001328852
44 0.0001294530
45 0.0001261748
46 0.0001230406
47 0.0001200411
48 0.0001171680
49 0.0001144135
50 0.0001117704
51 0.0001092323
52 0.0001067930
53 0.0001044470
54 0.0001021890
55 0.0001000143
56 0.0000979185
57 0.0000958973
58 0.0000939468
59 0.0000920636
60 0.0000902442
61 0.0000884854
62 0.0000867844
63 0.0000851384
64 0.0000835448
65 0.0000820012
66 0.0000805053
67 0.0000790550
68 0.0000776483
69 0.0000762832
70 0.0000749579
71 0.0000736709
72 0.0000724205
73 0.0000712052
74 0.0000700235
75 0.0000688741
76 0.0000677558
77 0.0000666673
78 0.0000656075
79 0.0000645752
80 0.0000635696
81 0.0000625894
82 0.0000616339
83 0.0000607022
84 0.0000597933
85 0.0000589065
86 0.0000580410
87 0.0000571961
88 0.0000563710
89 0.0000555651
90 0.0000547778
91 0.0000540084
92 0.0000532563
93 0.0000525210
94 0.0000518020
95 0.0000510987
96 0.0000504107
97 0.0000497374
98 0.0000490785
99 0.0000484334
100 0.0000478018
101 0.0000471832
102 0.0000465773
103 0.0000459838
104 0.0000454021
105 0.0000448321
106 0.0000442734
107 0.0000437255
108 0.0000431884
109 0.0000426616
110 0.0000421449
111 0.0000416380
112 0.0000411406
113 0.0000406525
114 0.0000401734
115 0.0000397031
116 0.0000392414
117 0.0000387880
118 0.0000383428
119 0.0000379055
120 0.0000374759
121 0.0000370539
122 0.0000366392
123 0.0000362316
124 0.0000358311
125 0.0000354374
126 0.0000350503
127 0.0000346698
128 0.0000342956
129 0.0000339276
130 0.0000335656
131 0.0000332096
132 0.0000328593
133 0.0000325147
134 0.0000321756
135 0.0000318419
136 0.0000315135
137 0.0000311903
138 0.0000308720
139 0.0000305588
140 0.0000302503
141 0.0000299466
142 0.0000296475
143 0.0000293529
144 0.0000290628
145 0.0000287770
146 0.0000284954
147 0.0000282180
148 0.0000279447
149 0.0000276754
150 0.0000274099
151 0.0000271483
152 0.0000268905
153 0.0000266364
154 0.0000263858
155 0.0000261388
156 0.0000258953
157 0.0000256551
158 0.0000254183
159 0.0000251848
160 0.0000249545
161 0.0000247273
162 0.0000245032
163 0.0000242822
164 0.0000240641
165 0.0000238490
166 0.0000236367
167 0.0000234272
168 0.0000232205
169 0.0000230165
170 0.0000228152
171 0.0000226165
172 0.0000224203
173 0.0000222267
174 0.0000220356
175 0.0000218469
176 0.0000216606
177 0.0000214766
178 0.0000212950
179 0.0000211156
180 0.0000209385
181 0.0000207635
182 0.0000205908
183 0.0000204202
184 0.0000202516
185 0.0000200851
186 0.0000199206
187 0.0000197581
188 0.0000195976
189 0.0000194389
190 0.0000192822
191 0.0000191274
192 0.0000189743
193 0.0000188231
194 0.0000186736
195 0.0000185259
196 0.0000183799
197 0.0000182356
198 0.0000180930
199 0.0000179520
200 0.0000178126
201 0.0000176748
202 0.0000175386
203 0.0000174039
204 0.0000172708
205 0.0000171391
206 0.0000170089
207 0.0000168801
208 0.0000167528
209 0.0000166269
210 0.0000165024
211 0.0000163792
212 0.0000162574
213 0.0000161369
214 0.0000160178
215 0.0000158999
216 0.0000157833
217 0.0000156679
218 0.0000155538
219 0.0000154409
220 0.0000153292
221 0.0000152187
222 0.0000151093
223 0.0000150011
224 0.0000148940
225 0.0000147880
226 0.0000146832
227 0.0000145795
228 0.0000144768
229 0.0000143751
230 0.0000142745
231 0.0000141750
232 0.0000140764
233 0.0000139789
234 0.0000138824
235 0.0000137868
236 0.0000136922
237 0.0000135985
238 0.0000135059
239 0.0000134141
240 0.0000133232
241 0.0000132332
242 0.0000131441
243 0.0000130559
244 0.0000129686
245 0.0000128821
246 0.0000127965
247 0.0000127117
248 0.0000126277
249 0.0000125446
250 0.0000124622
251 0.0000123806
252 0.0000122998
253 0.0000122198
254 0.0000121406
255 0.0000120621
256 0.0000119844
257 0.0000119074
258 0.0000118311
259 0.0000117555
260 0.0000116807
261 0.0000116065
262 0.0000115331
263 0.0000114603
264 0.0000113882
265 0.0000113168
266 0.0000112460
267 0.0000111759
268 0.0000111064
269 0.0000110376
270 0.0000109694
271 0.0000109018
272 0.0000108348
273 0.0000107685
274 0.0000107027
275 0.0000106376
276 0.0000105730
277 0.0000105090
278 0.0000104456
279 0.0000103827
280 0.0000103204
281 0.0000102587
282 0.0000101975
283 0.0000101368
284 0.0000100767
285 0.0000100171
286 0.0000099581
287 0.0000098995
288 0.0000098415
289 0.0000097839
290 0.0000097269
291 0.0000096704
292 0.0000096143
293 0.0000095588
294 0.0000095037
295 0.0000094491
296 0.0000093950
297 0.0000093413
298 0.0000092881
299 0.0000092353
300 0.0000091830
301 0.0000091311
302 0.0000090797
303 0.0000090287
304 0.0000089781
305 0.0000089280
306 0.0000088782
307 0.0000088290
308 0.0000087800
309 0.0000087316
310 0.0000086835
311 0.0000086358
312 0.0000085885
313 0.0000085416
314 0.0000084951
315 0.0000084490
316 0.0000084032
317 0.0000083579
318 0.0000083129
319 0.0000082682
320 0.0000082239
321 0.0000081800
322 0.0000081365
323 0.0000080933
324 0.0000080504
325 0.0000080079
326 0.0000079657
327 0.0000079239
328 0.0000078824
329 0.0000078413
330 0.0000078004
331 0.0000077599
332 0.0000077198
333 0.0000076799
334 0.0000076403
335 0.0000076011
336 0.0000075622
337 0.0000075236
338 0.0000074852
339 0.0000074472
340 0.0000074095
341 0.0000073721
342 0.0000073349
343 0.0000072981
344 0.0000072615
345 0.0000072253
346 0.0000071893
347 0.0000071536
348 0.0000071181
349 0.0000070830
350 0.0000070481
351 0.0000070134
352 0.0000069791
353 0.0000069450
354 0.0000069111
355 0.0000068775
356 0.0000068442
357 0.0000068111
358 0.0000067783
359 0.0000067457
360 0.0000067134
361 0.0000066813
362 0.0000066495
363 0.0000066179
364 0.0000065865
365 0.0000065554
366 0.0000065245
367 0.0000064938
368 0.0000064634
369 0.0000064331
370 0.0000064031
371 0.0000063734
372 0.0000063438
373 0.0000063145
374 0.0000062854
375 0.0000062565
376 0.0000062278
377 0.0000061993
378 0.0000061711
379 0.0000061430
380 0.0000061151
381 0.0000060875
382 0.0000060600
383 0.0000060328
384 0.0000060057
385 0.0000059789
386 0.0000059522
387 0.0000059257
388 0.0000058994
389 0.0000058733
390 0.0000058474
391 0.0000058217
392 0.0000057961
393 0.0000057708
394 0.0000057456
395 0.0000057206
396 0.0000056958
397 0.0000056712
398 0.0000056467
399 0.0000056224
400 0.0000055983
401 0.0000055743
402 0.0000055505
403 0.0000055269
404 0.0000055035
405 0.0000054802
406 0.0000054571
407 0.0000054341
408 0.0000054113
409 0.0000053887
410 0.0000053662
411 0.0000053438
412 0.0000053217
413 0.0000052997
414 0.0000052778
415 0.0000052561
416 0.0000052345
417 0.0000052131
418 0.0000051918
419 0.0000051707
420 0.0000051497
421 0.0000051289
422 0.0000051082
423 0.0000050876
424 0.0000050672
425 0.0000050469
426 0.0000050268
427 0.0000050068
428 0.0000049869
429 0.0000049672
430 0.0000049476
431 0.0000049282
432 0.0000049088
433 0.0000048896
434 0.0000048705
435 0.0000048516
436 0.0000048328
437 0.0000048141
438 0.0000047955
439 0.0000047771
440 0.0000047588
441 0.0000047406
442 0.0000047225
443 0.0000047045
444 0.0000046867
445 0.0000046689
446 0.0000046513
447 0.0000046339
448 0.0000046165
449 0.0000045992
450 0.0000045821
451 0.0000045650
452 0.0000045481
453 0.0000045313
454 0.0000045146
455 0.0000044980
456 0.0000044815
457 0.0000044652
458 0.0000044489
459 0.0000044327
460 0.0000044166
461 0.0000044007
462 0.0000043848
463 0.0000043691
464 0.0000043534
465 0.0000043379
466 0.0000043224
467 0.0000043071
468 0.0000042918
469 0.0000042767
470 0.0000042616
471 0.0000042466
472 0.0000042318
473 0.0000042170
474 0.0000042023
475 0.0000041877
476 0.0000041732
477 0.0000041588
478 0.0000041445
479 0.0000041303
480 0.0000041162
481 0.0000041021
482 0.0000040882
483 0.0000040743
484 0.0000040605
485 0.0000040468
486 0.0000040332
487 0.0000040197
488 0.0000040063
489 0.0000039929
490 0.0000039796
491 0.0000039664
492 0.0000039533
493 0.0000039403
494 0.0000039274
495 0.0000039145
496 0.0000039017
497 0.0000038890
498 0.0000038763
499 0.0000038638
500 0.0000038513
501 0.0000038389
502 0.0000038266
503 0.0000038144
504 0.0000038022
505 0.0000037901
506 0.0000037780
507 0.0000037661
508 0.0000037542
509 0.0000037424
510 0.0000037307
511 0.0000037190
512 0.0000037074
513 0.0000036959
514 0.0000036844
515 0.0000036730
516 0.0000036617
517 0.0000036505
518 0.0000036393
519 0.0000036281
520 0.0000036171
521 0.0000036061
522 0.0000035952
523 0.0000035843
524 0.0000035735
525 0.0000035628
526 0.0000035521
527 0.0000035415
528 0.0000035310
529 0.0000035205
530 0.0000035101
531 0.0000034998
532 0.0000034894
533 0.0000034792
534 0.0000034691
535 0.0000034589
536 0.0000034489
537 0.0000034389
538 0.0000034290
539 0.0000034191
540 0.0000034092
541 0.0000033995
542 0.0000033898
543 0.0000033801
544 0.0000033705
545 0.0000033610
546 0.0000033515
547 0.0000033420
548 0.0000033327
549 0.0000033233
550 0.0000033141
551 0.0000033049
552 0.0000032957
553 0.0000032866
554 0.0000032775
555 0.0000032685
556 0.0000032595
557 0.0000032506
558 0.0000032418
