1 614
0 0.9949655927
1 0.0022546496
2 0.0006333281
3 0.0003707208
4 0.0002345309
5 0.0001627958
6 0.0001203689
7 0.0000928223
8 0.0000738749
9 0.0000603143
10 0.0000503010
11 0.0000427131
12 0.0000368357
13 0.0000321969
14 0.0000284749
15 0.0000254448
16 0.0000229453
17 0.0000208587
18 0.0000190977
19 0.0000175965
20 0.0000163047
21 0.0000151837
22 0.0000142030
23 0.0000133387
24 0.0000125718
25 0.0000118871
26 0.0000112720
27 0.0000107166
28 0.0000102126
29 0.0000097530
30 0.0000093322
31 0.0000089454
32 0.0000085885
33 0.0000082582
34 0.0000079515
35 0.0000076659
36 0.0000073992
37 0.0000071496
38 0.0000069155
39 0.0000066954
40 0.0000064881
41 0.0000062925
42 0.0000061077
43 0.0000059326
44 0.0000057667
45 0.0000056091
46 0.0000054593
47 0.0000053167
48 0.0000051809
49 0.0000050512
50 0.0000049274
51 0.0000048090
52 0.0000046957
53 0.0000045872
54 0.0000044832
55 0.0000043834
56 0.0000042876
57 0.0000041956
58 0.0000041070
59 0.0000040218
60 0.0000039398
61 0.0000038608
62 0.0000037846
63 0.0000037110
64 0.0000036401
65 0.0000035715
66 0.0000035053
67 0.0000034413
68 0.0000033793
69 0.0000033194
70 0.0000032613
71 0.0000032051
72 0.0000031506
73 0.0000030977
74 0.0000030465
75 0.0000029967
76 0.0000029485
77 0.0000029016
78 0.0000028560
79 0.0000028117
80 0.0000027687
81 0.0000027268
82 0.0000026861
83 0.0000026464
84 0.0000026079
85 0.0000025703
86 0.0000025337
87 0.0000024980
88 0.0000024632
89 0.0000024293
90 0.0000023962
91 0.0000023639
92 0.0000023325
93 0.0000023017
94 0.0000022717
95 0.0000022424
96 0.0000022138
97 0.0000021858
98 0.0000021585
99 0.0000021318
100 0.0000021056
101 0.0000020801
102 0.0000020551
103 0.0000020306
104 0.0000020067
105 0.0000019833
106 0.0000019603
107 0.0000019379
108 0.0000019159
109 0.0000018943
110 0.0000018732
111 0.0000018525
112 0.0000018323
113 0.0000018124
114 0.0000017929
115 0.0000017738
116 0.0000017550
117 0.0000017366
118 0.0000017186
119 0.0000017009
120 0.0000016835
121 0.0000016665
122 0.0000016497
123 0.0000016333
124 0.0000016171
125 0.0000016012
126 0.0000015857
127 0.0000015704
128 0.0000015553
129 0.0000015405
130 0.0000015260
131 0.0000015117
132 0.0000014977
133 0.0000014839
134 0.0000014703
135 0.0000014569
136 0.0000014438
137 0.0000014309
138 0.0000014182
139 0.0000014056
140 0.0000013933
141 0.0000013812
142 0.0000013693
143 0.0000013575
144 0.0000013460
145 0.0000013346
146 0.0000013234
147 0.0000013123
148 0.0000013015
149 0.0000012908
150 0.0000012802
151 0.0000012698
152 0.0000012596
153 0.0000012495
154 0.0000012395
155 0.0000012297
156 0.0000012200
157 0.0000012105
158 0.0000012011
159 0.0000011918
160 0.0000011827
161 0.0000011737
162 0.0000011648
163 0.0000011560
164 0.0000011474
165 0.0000011389
166 0.0000011305
167 0.0000011222
168 0.0000011140
169 0.0000011059
170 0.0000010979
171 0.0000010900
172 0.0000010822
173 0.0000010746
174 0.0000010670
175 0.0000010595
176 0.0000010521
177 0.0000010448
178 0.0000010376
179 0.0000010305
180 0.0000010235
181 0.0000010166
182 0.0000010097
183 0.0000010030
184 0.0000009963
185 0.0000009897
186 0.0000009831
187 0.0000009767
188 0.0000009703
189 0.0000009640
190 0.0000009578
191 0.0000009516
192 0.0000009456
193 0.0000009396
194 0.0000009336
195 0.0000009277
196 0.0000009219
197 0.0000009162
198 0.0000009105
199 0.0000009049
200 0.0000008994
201 0.0000008939
202 0.0000008884
203 0.0000008831
204 0.0000008778
205 0.0000008725
206 0.0000008673
207 0.0000008622
208 0.0000008571
209 0.0000008521
210 0.0000008471
211 0.0000008422
212 0.0000008373
213 0.0000008325
214 0.0000008277
215 0.0000008230
216 0.0000008183
217 0.0000008137
218 0.0000008091
219 0.0000008045
220 0.0000008001
221 0.0000007956
222 0.0000007912
223 0.0000007869
224 0.0000007826
225 0.0000007783
226 0.0000007741
227 0.0000007699
228 0.0000007657
229 0.0000007616
230 0.0000007576
231 0.0000007536
232 0.0000007496
233 0.0000007456
234 0.0000007417
235 0.0000007378
236 0.0000007340
237 0.0000007302
238 0.0000007264
239 0.0000007227
240 0.0000007190
241 0.0000007154
242 0.0000007117
243 0.0000007081
244 0.0000007046
245 0.0000007010
246 0.0000006975
247 0.0000006941
248 0.0000006906
249 0.0000006872
250 0.0000006839
251 0.0000006805
252 0.0000006772
253 0.0000006739
254 0.0000006707
255 0.0000006674
256 0.0000006642
257 0.0000006611
258 0.0000006579
259 0.0000006548
260 0.0000006517
261 0.0000006487
262 0.0000006456
263 0.0000006426
264 0.0000006396
265 0.0000006367
266 0.0000006337
267 0.0000006308
268 0.0000006279
269 0.0000006250
270 0.0000006222
271 0.0000006194
272 0.0000006166
273 0.0000006138
274 0.0000006111
275 0.0000006083
276 0.0000006056
277 0.0000006030
278 0.0000006003
279 0.0000005976
280 0.0000005950
281 0.0000005924
282 0.0000005899
283 0.0000005873
284 0.0000005848
285 0.0000005822
286 0.0000005797
287 0.0000005773
288 0.0000005748
289 0.0000005724
290 0.0000005699
291 0.0000005675
292 0.0000005651
293 0.0000005628
294 0.0000005604
295 0.0000005581
296 0.0000005558
297 0.0000005535
298 0.0000005512
299 0.0000005489
300 0.0000005467
301 0.0000005445
302 0.0000005422
303 0.0000005400
304 0.0000005379
305 0.0000005357
306 0.0000005335
307 0.0000005314
308 0.0000005293
309 0.0000005272
310 0.0000005251
311 0.0000005230
312 0.0000005210
313 0.0000005189
314 0.0000005169
315 0.0000005149
316 0.0000005129
317 0.0000005109
318 0.0000005089
319 0.0000005070
320 0.0000005050
321 0.0000005031
322 0.0000005012
323 0.0000004993
324 0.0000004974
325 0.0000004955
326 0.0000004936
327 0.0000004918
328 0.0000004899
329 0.0000004881
330 0.0000004863
331 0.0000004845
332 0.0000004827
333 0.0000004809
334 0.0000004791
335 0.0000004774
336 0.0000004756
337 0.0000004739
338 0.0000004722
339 0.0000004705
340 0.0000004688
341 0.0000004671
342 0.0000004654
343 0.0000004637
344 0.0000004621
345 0.0000004604
346 0.0000004588
347 0.0000004572
348 0.0000004555
349 0.0000004539
350 0.0000004523
351 0.0000004508
352 0.0000004492
353 0.0000004476
354 0.0000004461
355 0.0000004445
356 0.0000004430
357 0.0000004415
358 0.0000004399
359 0.0000004384
360 0.0000004369
361 0.0000004355
362 0.0000004340
363 0.0000004325
364 0.0000004310
365 0.0000004296
366 0.0000004282
367 0.0000004267
368 0.0000004253
369 0.0000004239
370 0.0000004225
371 0.0000004211
372 0.0000004197
373 0.0000004183
374 0.0000004169
375 0.0000004155
376 0.0000004142
377 0.0000004128
378 0.0000004115
379 0.0000004102
380 0.0000004088
381 0.0000004075
382 0.0000004062
383 0.0000004049
384 0.0000004036
385 0.0000004023
386 0.0000004010
387 0.0000003997
388 0.0000003985
389 0.0000003972
390 0.0000003960
391 0.0000003947
392 0.0000003935
393 0.0000003922
394 0.0000003910
395 0.0000003898
396 0.0000003886
397 0.0000003874
398 0.0000003862
399 0.0000003850
400 0.0000003838
401 0.0000003826
402 0.0000003815
403 0.0000003803
404 0.0000003791
405 0.0000003780
406 0.0000003768
407 0.0000003757
408 0.0000003746
409 0.0000003734
410 0.0000003723
411 0.0000003712
412 0.0000003701
413 0.0000003690
414 0.0000003679
415 0.0000003668
416 0.0000003657
417 0.0000003646
418 0.0000003635
419 0.0000003625
420 0.0000003614
421 0.0000003604
422 0.0000003593
423 0.0000003583
424 0.0000003572
425 0.0000003562
426 0.0000003551
427 0.0000003541
428 0.0000003531
429 0.0000003521
430 0.0000003511
431 0.0000003501
432 0.0000003491
433 0.0000003481
434 0.0000003471
435 0.0000003461
436 0.0000003451
437 0.0000003441
438 0.0000003432
439 0.0000003422
440 0.0000003412
441 0.0000003403
442 0.0000003393
443 0.0000003384
444 0.0000003375
445 0.0000003365
446 0.0000003356
447 0.0000003347
448 0.0000003337
449 0.0000003328
450 0.0000003319
451 0.0000003310
452 0.0000003301
453 0.0000003292
454 0.0000003283
455 0.0000003274
456 0.0000003265
457 0.0000003256
458 0.0000003247
459 0.0000003239
460 0.0000003230
461 0.0000003221
462 0.0000003213
463 0.0000003204
464 0.0000003196
465 0.0000003187
466 0.0000003179
467 0.0000003170
468 0.0000003162
469 0.0000003153
470 0.0000003145
471 0.0000003137
472 0.0000003129
473 0.0000003120
474 0.0000003112
475 0.0000003104
476 0.0000003096
477 0.0000003088
478 0.0000003080
479 0.0000003072
480 0.0000003064
481 0.0000003056
482 0.0000003048
483 0.0000003040
484 0.0000003033
485 0.0000003025
486 0.0000003017
487 0.0000003009
488 0.0000003002
489 0.0000002994
490 0.0000002986
491 0.0000002979
492 0.0000002971
493 0.0000002964
494 0.0000002956
495 0.0000002949
496 0.0000002942
497 0.0000002934
498 0.0000002927
499 0.0000002920
500 0.0000002912
501 0.0000002905
502 0.0000002898
503 0.0000002891
504 0.0000002883
505 0.0000002876
506 0.0000002869
507 0.0000002862
508 0.0000002855
509 0.0000002848
510 0.0000002841
511 0.0000002834
512 0.0000002827
513 0.0000002820
514 0.0000002813
515 0.0000002806
516 0.0000002800
517 0.0000002793
518 0.0000002786
519 0.0000002779
520 0.0000002773
521 0.0000002766
522 0.0000002759
523 0.0000002753
524 0.0000002746
525 0.0000002739
526 0.0000002733
527 0.0000002726
528 0.0000002720
529 0.0000002713
530 0.0000002707
531 0.0000002700
532 0.0000002694
533 0.0000002687
534 0.0000002681
535 0.0000002675
536 0.0000002668
537 0.0000002662
538 0.0000002656
539 0.0000002649
540 0.0000002643
541 0.0000002637
542 0.0000002631
543 0.0000002624
544 0.0000002618
545 0.0000002612
546 0.0000002606
547 0.0000002600
548 0.0000002594
549 0.0000002587
550 0.0000002581
551 0.0000002575
552 0.0000002569
553 0.0000002563
554 0.0000002557
555 0.0000002551
556 0.0000002545
557 0.0000002539
558 0.0000002533
559 0.0000002527
560 0.0000002521
561 0.0000002515
562 0.0000002509
563 0.0000002503
564 0.0000002497
565 0.0000002491
566 0.0000002485
567 0.0000002479
568 0.0000002473
569 0.0000002467
570 0.0000002461
571 0.0000002455
572 0.0000002449
573 0.0000002443
574 0.0000002437
575 0.0000002431
576 0.0000002425
577 0.0000002419
578 0.0000002413
579 0.0000002407
580 0.0000002401
581 0.0000002395
582 0.0000002389
583 0.0000002382
584 0.0000002376
585 0.0000002370
586 0.0000002363
587 0.0000002357
588 0.0000002350
589 0.0000002343
590 0.0000002336
591 0.0000002330
592 0.0000002322
593 0.0000002315
594 0.0000002308
595 0.0000002300
596 0.0000002292
597 0.0000002284
598 0.0000002276
599 0.0000002267
600 0.0000002258
601 0.0000002248
602 0.0000002238
603 0.0000002227
604 0.0000002216
605 0.0000002203
606 0.0000002189
607 0.0000002173
608 0.0000002154
609 0.0000002132
610 0.0000002103
611 0.0000002064
612 0.0000001992
613 0.0000001769
614 0.0000000000
