1 1200
0 0.9783822799
1 0.0058606397
2 0.0023751712
3 0.0016119448
4 0.0011589316
5 0.0008937602
6 0.0007219663
7 0.0006010434
8 0.0005114620
9 0.0004427059
10 0.0003884473
11 0.0003446477
12 0.0003086230
13 0.0002785266
14 0.0002530487
15 0.0002312346
16 0.0002123731
17 0.0001959233
18 0.0001814670
19 0.0001686763
20 0.0001572903
21 0.0001470989
22 0.0001379315
23 0.0001296479
24 0.0001221319
25 0.0001152865
26 0.0001090300
27 0.0001032934
28 0.0000980178
29 0.0000931526
30 0.0000886543
31 0.0000844852
32 0.0000806125
33 0.0000770074
34 0.0000736449
35 0.0000705026
36 0.0000675611
37 0.0000648028
38 0.0000622124
39 0.0000597758
40 0.0000574808
41 0.0000553162
42 0.0000532720
43 0.0000513392
44 0.0000495095
45 0.0000477755
46 0.0000461304
47 0.0000445682
48 0.0000430832
49 0.0000416703
50 0.0000403248
51 0.0000390424
52 0.0000378191
53 0.0000366512
54 0.0000355355
55 0.0000344688
56 0.0000334482
57 0.0000324711
58 0.0000315350
59 0.0000306376
60 0.0000297768
61 0.0000289507
62 0.0000281573
63 0.0000273949
64 0.0000266620
65 0.0000259571
66 0.0000252787
67 0.0000246255
68 0.0000239963
69 0.0000233900
70 0.0000228054
71 0.0000222415
72 0.0000216973
73 0.0000211720
74 0.0000206648
75 0.0000201747
76 0.0000197010
77 0.0000192431
78 0.0000188002
79 0.0000183717
80 0.0000179569
81 0.0000175554
82 0.0000171666
83 0.0000167899
84 0.0000164248
85 0.0000160710
86 0.0000157279
87 0.0000153951
88 0.0000150723
89 0.0000147590
90 0.0000144549
91 0.0000141596
92 0.0000138728
93 0.0000135942
94 0.0000133236
95 0.0000130605
96 0.0000128047
97 0.0000125561
98 0.0000123142
99 0.0000120790
100 0.0000118500
101 0.0000116273
102 0.0000114104
103 0.0000111993
104 0.0000109937
105 0.0000107935
106 0.0000105984
107 0.0000104084
108 0.0000102232
109 0.0000100426
110 0.0000098666
111 0.0000096950
112 0.0000095277
113 0.0000093645
114 0.0000092052
115 0.0000090499
116 0.0000088982
117 0.0000087503
118 0.0000086058
119 0.0000084648
120 0.0000083271
121 0.0000081926
122 0.0000080612
123 0.0000079329
124 0.0000078075
125 0.0000076850
126 0.0000075653
127 0.0000074483
128 0.0000073338
129 0.0000072220
130 0.0000071126
131 0.0000070057
132 0.0000069010
133 0.0000067987
134 0.0000066986
135 0.0000066006
136 0.0000065048
137 0.0000064110
138 0.0000063191
139 0.0000062293
140 0.0000061413
141 0.0000060551
142 0.0000059707
143 0.0000058881
144 0.0000058072
145 0.0000057279
146 0.0000056503
147 0.0000055742
148 0.0000054996
149 0.0000054266
150 0.0000053550
151 0.0000052848
152 0.0000052160
153 0.0000051486
154 0.0000050824
155 0.0000050176
156 0.0000049540
157 0.0000048917
158 0.0000048305
159 0.0000047705
160 0.0000047117
161 0.0000046539
162 0.0000045973
163 0.0000045417
164 0.0000044872
165 0.0000044336
166 0.0000043811
167 0.0000043295
168 0.0000042788
169 0.0000042291
170 0.0000041803
171 0.0000041324
172 0.0000040853
173 0.0000040391
174 0.0000039937
175 0.0000039491
176 0.0000039053
177 0.0000038623
178 0.0000038200
179 0.0000037784
180 0.0000037376
181 0.0000036975
182 0.0000036581
183 0.0000036193
184 0.0000035812
185 0.0000035438
186 0.0000035070
187 0.0000034708
188 0.0000034352
189 0.0000034002
190 0.0000033658
191 0.0000033320
192 0.0000032987
193 0.0000032660
194 0.0000032338
195 0.0000032021
196 0.0000031710
197 0.0000031403
198 0.0000031101
199 0.0000030805
200 0.0000030513
201 0.0000030225
202 0.0000029942
203 0.0000029664
204 0.0000029390
205 0.0000029120
206 0.0000028855
207 0.0000028593
208 0.0000028336
209 0.0000028082
210 0.0000027833
211 0.0000027587
212 0.0000027345
213 0.0000027107
214 0.0000026872
215 0.0000026641
216 0.0000026413
217 0.0000026188
218 0.0000025967
219 0.0000025750
220 0.0000025535
221 0.0000025323
222 0.0000025115
223 0.0000024910
224 0.0000024707
225 0.0000024508
226 0.0000024311
227 0.0000024117
228 0.0000023926
229 0.0000023738
230 0.0000023552
231 0.0000023369
232 0.0000023189
233 0.0000023011
234 0.0000022835
235 0.0000022662
236 0.0000022491
237 0.0000022323
238 0.0000022157
239 0.0000021993
240 0.0000021831
241 0.0000021672
242 0.0000021515
243 0.0000021359
244 0.0000021206
245 0.0000021055
246 0.0000020906
247 0.0000020759
248 0.0000020614
249 0.0000020471
250 0.0000020329
251 0.0000020190
252 0.0000020052
253 0.0000019916
254 0.0000019782
255 0.0000019649
256 0.0000019518
257 0.0000019389
258 0.0000019261
259 0.0000019135
260 0.0000019011
261 0.0000018888
262 0.0000018767
263 0.0000018647
264 0.0000018528
265 0.0000018411
266 0.0000018296
267 0.0000018182
268 0.0000018069
269 0.0000017958
270 0.0000017848
271 0.0000017739
272 0.0000017632
273 0.0000017525
274 0.0000017420
275 0.0000017317
276 0.0000017214
277 0.0000017113
278 0.0000017013
279 0.0000016914
280 0.0000016816
281 0.0000016720
282 0.0000016624
283 0.0000016529
284 0.0000016436
285 0.0000016344
286 0.0000016252
287 0.0000016162
288 0.0000016073
289 0.0000015984
290 0.0000015897
291 0.0000015811
292 0.0000015725
293 0.0000015641
294 0.0000015557
295 0.0000015474
296 0.0000015393
297 0.0000015312
298 0.0000015232
299 0.0000015152
300 0.0000015074
301 0.0000014996
302 0.0000014920
303 0.0000014844
304 0.0000014769
305 0.0000014694
306 0.0000014621
307 0.0000014548
308 0.0000014476
309 0.0000014404
310 0.0000014334
311 0.0000014264
312 0.0000014194
313 0.0000014126
314 0.0000014058
315 0.0000013991
316 0.0000013924
317 0.0000013859
318 0.0000013793
319 0.0000013729
320 0.0000013665
321 0.0000013601
322 0.0000013539
323 0.0000013477
324 0.0000013415
325 0.0000013354
326 0.0000013294
327 0.0000013234
328 0.0000013175
329 0.0000013116
330 0.0000013058
331 0.0000013000
332 0.0000012943
333 0.0000012887
334 0.0000012831
335 0.0000012775
336 0.0000012720
337 0.0000012666
338 0.0000012612
339 0.0000012558
340 0.0000012505
341 0.0000012453
342 0.0000012400
343 0.0000012349
344 0.0000012298
345 0.0000012247
346 0.0000012196
347 0.0000012147
348 0.0000012097
349 0.0000012048
350 0.0000012000
351 0.0000011951
352 0.0000011904
353 0.0000011856
354 0.0000011809
355 0.0000011763
356 0.0000011716
357 0.0000011671
358 0.0000011625
359 0.0000011580
360 0.0000011535
361 0.0000011491
362 0.0000011447
363 0.0000011403
364 0.0000011360
365 0.0000011317
366 0.0000011275
367 0.0000011232
368 0.0000011191
369 0.0000011149
370 0.0000011108
371 0.0000011067
372 0.0000011026
373 0.0000010986
374 0.0000010946
375 0.0000010906
376 0.0000010867
377 0.0000010828
378 0.0000010789
379 0.0000010751
380 0.0000010712
381 0.0000010675
382 0.0000010637
383 0.0000010600
384 0.0000010563
385 0.0000010526
386 0.0000010489
387 0.0000010453
388 0.0000010417
389 0.0000010381
390 0.0000010346
391 0.0000010311
392 0.0000010276
393 0.0000010241
394 0.0000010206
395 0.0000010172
396 0.0000010138
397 0.0000010105
398 0.0000010071
399 0.0000010038
400 0.0000010005
401 0.0000009972
402 0.0000009939
403 0.0000009907
404 0.0000009875
405 0.0000009843
406 0.0000009811
407 0.0000009780
408 0.0000009749
409 0.0000009717
410 0.0000009687
411 0.0000009656
412 0.0000009626
413 0.0000009595
414 0.0000009565
415 0.0000009535
416 0.0000009506
417 0.0000009476
418 0.0000009447
419 0.0000009418
420 0.0000009389
421 0.0000009360
422 0.0000009332
423 0.0000009303
424 0.0000009275
425 0.0000009247
426 0.0000009219
427 0.0000009192
428 0.0000009164
429 0.0000009137
430 0.0000009110
431 0.0000009083
432 0.0000009056
433 0.0000009029
434 0.0000009003
435 0.0000008977
436 0.0000008950
437 0.0000008924
438 0.0000008899
439 0.0000008873
440 0.0000008847
441 0.0000008822
442 0.0000008797
443 0.0000008772
444 0.0000008747
445 0.0000008722
446 0.0000008697
447 0.0000008673
448 0.0000008648
449 0.0000008624
450 0.0000008600
451 0.0000008576
452 0.0000008552
453 0.0000008529
454 0.0000008505
455 0.0000008482
456 0.0000008458
457 0.0000008435
458 0.0000008412
459 0.0000008389
460 0.0000008366
461 0.0000008344
462 0.0000008321
463 0.0000008299
464 0.0000008277
465 0.0000008254
466 0.0000008232
467 0.0000008211
468 0.0000008189
469 0.0000008167
470 0.0000008145
471 0.0000008124
472 0.0000008103
473 0.0000008081
474 0.0000008060
475 0.0000008039
476 0.0000008018
477 0.0000007998
478 0.0000007977
479 0.0000007956
480 0.0000007936
481 0.0000007916
482 0.0000007895
483 0.0000007875
484 0.0000007855
485 0.0000007835
486 0.0000007815
487 0.0000007796
488 0.0000007776
489 0.0000007756
490 0.0000007737
491 0.0000007718
492 0.0000007698
493 0.0000007679
494 0.0000007660
495 0.0000007641
496 0.0000007622
497 0.0000007604
498 0.0000007585
499 0.0000007566
500 0.0000007548
501 0.0000007529
502 0.0000007511
503 0.0000007493
504 0.0000007475
505 0.0000007457
506 0.0000007439
507 0.0000007421
508 0.0000007403
509 0.0000007385
510 0.0000007367
511 0.0000007350
512 0.0000007332
513 0.0000007315
514 0.0000007298
515 0.0000007280
516 0.0000007263
517 0.0000007246
518 0.0000007229
519 0.0000007212
520 0.0000007195
521 0.0000007179
522 0.0000007162
523 0.0000007145
524 0.0000007129
525 0.0000007112
526 0.0000007096
527 0.0000007080
528 0.0000007063
529 0.0000007047
530 0.0000007031
531 0.0000007015
532 0.0000006999
533 0.0000006983
534 0.0000006967
535 0.0000006952
536 0.0000006936
537 0.0000006920
538 0.0000006905
539 0.0000006889
540 0.0000006874
541 0.0000006859
542 0.0000006843
543 0.0000006828
544 0.0000006813
545 0.0000006798
546 0.0000006783
547 0.0000006768
548 0.0000006753
549 0.0000006738
550 0.0000006723
551 0.0000006709
552 0.0000006694
553 0.0000006679
554 0.0000006665
555 0.0000006650
556 0.0000006636
557 0.0000006622
558 0.0000006607
559 0.0000006593
560 0.0000006579
561 0.0000006565
562 0.0000006551
563 0.0000006537
564 0.0000006523
565 0.0000006509
566 0.0000006495
567 0.0000006481
568 0.0000006468
569 0.0000006454
570 0.0000006440
571 0.0000006427
572 0.0000006413
573 0.0000006400
574 0.0000006387
575 0.0000006373
576 0.0000006360
577 0.0000006347
578 0.0000006334
579 0.0000006320
580 0.0000006307
581 0.0000006294
582 0.0000006281
583 0.0000006268
584 0.0000006256
585 0.0000006243
586 0.0000006230
587 0.0000006217
588 0.0000006205
589 0.0000006192
590 0.0000006179
591 0.0000006167
592 0.0000006154
593 0.0000006142
594 0.0000006130
595 0.0000006117
596 0.0000006105
597 0.0000006093
598 0.0000006080
599 0.0000006068
600 0.0000006056
601 0.0000006044
602 0.0000006032
603 0.0000006020
604 0.0000006008
605 0.0000005996
606 0.0000005985
607 0.0000005973
608 0.0000005961
609 0.0000005949
610 0.0000005938
611 0.0000005926
612 0.0000005914
613 0.0000005903
614 0.0000005891
615 0.0000005880
616 0.0000005868
617 0.0000005857
618 0.0000005846
619 0.0000005834
620 0.0000005823
621 0.0000005812
622 0.0000005801
623 0.0000005790
624 0.0000005779
625 0.0000005768
626 0.0000005757
627 0.0000005746
628 0.0000005735
629 0.0000005724
630 0.0000005713
631 0.0000005702
632 0.0000005691
633 0.0000005681
634 0.0000005670
635 0.0000005659
636 0.0000005649
637 0.0000005638
638 0.0000005627
639 0.0000005617
640 0.0000005606
641 0.0000005596
642 0.0000005586
643 0.0000005575
644 0.0000005565
645 0.0000005554
646 0.0000005544
647 0.0000005534
648 0.0000005524
649 0.0000005514
650 0.0000005503
651 0.0000005493
652 0.0000005483
653 0.0000005473
654 0.0000005463
655 0.0000005453
656 0.0000005443
657 0.0000005433
658 0.0000005424
659 0.0000005414
660 0.0000005404
661 0.0000005394
662 0.0000005385
663 0.0000005375
664 0.0000005365
665 0.0000005356
666 0.0000005346
667 0.0000005336
668 0.0000005327
669 0.0000005317
670 0.0000005308
671 0.0000005298
672 0.0000005289
673 0.0000005280
674 0.0000005270
675 0.0000005261
676 0.0000005252
677 0.0000005242
678 0.0000005233
679 0.0000005224
680 0.0000005215
681 0.0000005206
682 0.0000005196
683 0.0000005187
684 0.0000005178
685 0.0000005169
686 0.0000005160
687 0.0000005151
688 0.0000005142
689 0.0000005133
690 0.0000005125
691 0.0000005116
692 0.0000005107
693 0.0000005098
694 0.0000005089
695 0.0000005081
696 0.0000005072
697 0.0000005063
698 0.0000005055
699 0.0000005046
700 0.0000005037
701 0.0000005029
702 0.0000005020
703 0.0000005012
704 0.0000005003
705 0.0000004995
706 0.0000004986
707 0.0000004978
708 0.0000004969
709 0.0000004961
710 0.0000004953
711 0.0000004944
712 0.0000004936
713 0.0000004928
714 0.0000004920
715 0.0000004911
716 0.0000004903
717 0.0000004895
718 0.0000004887
719 0.0000004879
720 0.0000004871
721 0.0000004862
722 0.0000004854
723 0.0000004846
724 0.0000004838
725 0.0000004830
726 0.0000004823
727 0.0000004815
728 0.0000004807
729 0.0000004799
730 0.0000004791
731 0.0000004783
732 0.0000004775
733 0.0000004768
734 0.0000004760
735 0.0000004752
736 0.0000004744
737 0.0000004737
738 0.0000004729
739 0.0000004721
740 0.0000004714
741 0.0000004706
742 0.0000004698
743 0.0000004691
744 0.0000004683
745 0.0000004676
746 0.0000004668
747 0.0000004661
748 0.0000004653
749 0.0000004646
750 0.0000004639
751 0.0000004631
752 0.0000004624
753 0.0000004616
754 0.0000004609
755 0.0000004602
756 0.0000004595
757 0.0000004587
758 0.0000004580
759 0.0000004573
760 0.0000004566
761 0.0000004558
762 0.0000004551
763 0.0000004544
764 0.0000004537
765 0.0000004530
766 0.0000004523
767 0.0000004516
768 0.0000004509
769 0.0000004502
770 0.0000004495
771 0.0000004488
772 0.0000004481
773 0.0000004474
774 0.0000004467
775 0.0000004460
776 0.0000004453
777 0.0000004446
778 0.0000004439
779 0.0000004433
780 0.0000004426
781 0.0000004419
782 0.0000004412
783 0.0000004406
784 0.0000004399
785 0.0000004392
786 0.0000004385
787 0.0000004379
788 0.0000004372
789 0.0000004365
790 0.0000004359
791 0.0000004352
792 0.0000004346
793 0.0000004339
794 0.0000004333
795 0.0000004326
796 0.0000004320
797 0.0000004313
798 0.0000004307
799 0.0000004300
800 0.0000004294
801 0.0000004287
802 0.0000004281
803 0.0000004274
804 0.0000004268
805 0.0000004262
806 0.0000004255
807 0.0000004249
808 0.0000004243
809 0.0000004236
810 0.0000004230
811 0.0000004224
812 0.0000004218
813 0.0000004211
814 0.0000004205
815 0.0000004199
816 0.0000004193
817 0.0000004187
818 0.0000004181
819 0.0000004174
820 0.0000004168
821 0.0000004162
822 0.0000004156
823 0.0000004150
824 0.0000004144
825 0.0000004138
826 0.0000004132
827 0.0000004126
828 0.0000004120
829 0.0000004114
830 0.0000004108
831 0.0000004102
832 0.0000004096
833 0.0000004090
834 0.0000004084
835 0.0000004079
836 0.0000004073
837 0.0000004067
838 0.0000004061
839 0.0000004055
840 0.0000004049
841 0.0000004044
842 0.0000004038
843 0.0000004032
844 0.0000004026
845 0.0000004021
846 0.0000004015
847 0.0000004009
848 0.0000004004
849 0.0000003998
850 0.0000003992
851 0.0000003987
852 0.0000003981
853 0.0000003975
854 0.0000003970
855 0.0000003964
856 0.0000003959
857 0.0000003953
858 0.0000003948
859 0.0000003942
860 0.0000003937
861 0.0000003931
862 0.0000003926
863 0.0000003920
864 0.0000003915
865 0.0000003909
866 0.0000003904
867 0.0000003898
868 0.0000003893
869 0.0000003888
870 0.0000003882
871 0.0000003877
872 0.0000003871
873 0.0000003866
874 0.0000003861
875 0.0000003855
876 0.0000003850
877 0.0000003845
878 0.0000003840
879 0.0000003834
880 0.0000003829
881 0.0000003824
882 0.0000003819
883 0.0000003813
884 0.0000003808
885 0.0000003803
886 0.0000003798
887 0.0000003793
888 0.0000003788
889 0.0000003782
890 0.0000003777
891 0.0000003772
892 0.0000003767
893 0.0000003762
894 0.0000003757
895 0.0000003752
896 0.0000003747
897 0.0000003742
898 0.0000003737
899 0.0000003732
900 0.0000003727
901 0.0000003722
902 0.0000003717
903 0.0000003712
904 0.0000003707
905 0.0000003702
906 0.0000003697
907 0.0000003692
908 0.0000003687
909 0.0000003682
910 0.0000003677
911 0.0000003673
912 0.0000003668
913 0.0000003663
914 0.0000003658
915 0.0000003653
916 0.0000003648
917 0.0000003644
918 0.0000003639
919 0.0000003634
920 0.0000003629
921 0.0000003624
922 0.0000003620
923 0.0000003615
924 0.0000003610
925 0.0000003606
926 0.0000003601
927 0.0000003596
928 0.0000003591
929 0.0000003587
930 0.0000003582
931 0.0000003577
932 0.0000003573
933 0.0000003568
934 0.0000003564
935 0.0000003559
936 0.0000003554
937 0.0000003550
938 0.0000003545
939 0.0000003541
940 0.0000003536
941 0.0000003531
942 0.0000003527
943 0.0000003522
944 0.0000003518
945 0.0000003513
946 0.0000003509
947 0.0000003504
948 0.0000003500
949 0.0000003495
950 0.0000003491
951 0.0000003487
952 0.0000003482
953 0.0000003478
954 0.0000003473
955 0.0000003469
956 0.0000003464
957 0.0000003460
958 0.0000003456
959 0.0000003451
960 0.0000003447
961 0.0000003443
962 0.0000003438
963 0.0000003434
964 0.0000003430
965 0.0000003425
966 0.0000003421
967 0.0000003417
968 0.0000003412
969 0.0000003408
970 0.0000003404
971 0.0000003400
972 0.0000003395
973 0.0000003391
974 0.0000003387
975 0.0000003383
976 0.0000003378
977 0.0000003374
978 0.0000003370
979 0.0000003366
980 0.0000003362
981 0.0000003358
982 0.0000003353
983 0.0000003349
984 0.0000003345
985 0.0000003341
986 0.0000003337
987 0.0000003333
988 0.0000003329
989 0.0000003325
990 0.0000003320
991 0.0000003316
992 0.0000003312
993 0.0000003308
994 0.0000003304
995 0.0000003300
996 0.0000003296
997 0.0000003292
998 0.0000003288
999 0.0000003284
1000 0.0000003280
1001 0.0000003276
1002 0.0000003272
1003 0.0000003268
1004 0.0000003264
1005 0.0000003260
1006 0.0000003256
1007 0.0000003252
1008 0.0000003248
1009 0.0000003244
1010 0.0000003240
1011 0.0000003236
1012 0.0000003233
1013 0.0000003229
1014 0.0000003225
1015 0.0000003221
1016 0.0000003217
1017 0.0000003213
1018 0.0000003209
1019 0.0000003205
1020 0.0000003202
1021 0.0000003198
1022 0.0000003194
1023 0.0000003190
1024 0.0000003186
1025 0.0000003182
1026 0.0000003179
1027 0.0000003175
1028 0.0000003171
1029 0.0000003167
1030 0.0000003164
1031 0.0000003160
1032 0.0000003156
1033 0.0000003152
1034 0.0000003149
1035 0.0000003145
1036 0.0000003141
1037 0.0000003137
1038 0.0000003134
1039 0.0000003130
1040 0.0000003126
1041 0.0000003123
1042 0.0000003119
1043 0.0000003115
1044 0.0000003112
1045 0.0000003108
1046 0.0000003104
1047 0.0000003101
1048 0.0000003097
1049 0.0000003093
1050 0.0000003090
1051 0.0000003086
1052 0.0000003082
1053 0.0000003079
1054 0.0000003075
1055 0.0000003072
1056 0.0000003068
1057 0.0000003064
1058 0.0000003061
1059 0.0000003057
1060 0.0000003054
1061 0.0000003050
1062 0.0000003047
1063 0.0000003043
1064 0.0000003040
1065 0.0000003036
1066 0.0000003033
1067 0.0000003029
1068 0.0000003026
1069 0.0000003022
1070 0.0000003019
1071 0.0000003015
1072 0.0000003012
1073 0.0000003008
1074 0.0000003005
1075 0.0000003001
1076 0.0000002998
1077 0.0000002994
1078 0.0000002991
1079 0.0000002987
1080 0.0000002984
1081 0.0000002980
1082 0.0000002977
1083 0.0000002974
1084 0.0000002970
1085 0.0000002967
1086 0.0000002963
1087 0.0000002960
1088 0.0000002957
1089 0.0000002953
1090 0.0000002950
1091 0.0000002946
1092 0.0000002943
1093 0.0000002940
1094 0.0000002936
1095 0.0000002933
1096 0.0000002930
1097 0.0000002926
1098 0.0000002923
1099 0.0000002920
1100 0.0000002916
1101 0.0000002913
1102 0.0000002910
1103 0.0000002906
1104 0.0000002903
1105 0.0000002900
1106 0.0000002896
1107 0.0000002893
1108 0.0000002890
1109 0.0000002887
1110 0.0000002883
1111 0.0000002880
1112 0.0000002877
1113 0.0000002874
1114 0.0000002870
1115 0.0000002867
1116 0.0000002864
1117 0.0000002860
1118 0.0000002857
1119 0.0000002854
1120 0.0000002851
1121 0.0000002848
1122 0.0000002844
1123 0.0000002841
1124 0.0000002838
1125 0.0000002835
1126 0.0000002831
1127 0.0000002828
1128 0.0000002825
1129 0.0000002822
1130 0.0000002819
1131 0.0000002815
1132 0.0000002812
1133 0.0000002809
1134 0.0000002806
1135 0.0000002803
1136 0.0000002799
1137 0.0000002796
1138 0.0000002793
1139 0.0000002790
1140 0.0000002787
1141 0.0000002783
1142 0.0000002780
1143 0.0000002777
1144 0.0000002774
1145 0.0000002771
1146 0.0000002768
1147 0.0000002764
1148 0.0000002761
1149 0.0000002758
1150 0.0000002755
1151 0.0000002752
1152 0.0000002748
1153 0.0000002745
1154 0.0000002742
1155 0.0000002739
1156 0.0000002736
1157 0.0000002732
1158 0.0000002729
1159 0.0000002726
1160 0.0000002723
1161 0.0000002719
1162 0.0000002716
1163 0.0000002713
1164 0.0000002710
1165 0.0000002706
1166 0.0000002703
1167 0.0000002700
1168 0.0000002696
1169 0.0000002693
1170 0.0000002690
1171 0.0000002686
1172 0.0000002683
1173 0.0000002679
1174 0.0000002676
1175 0.0000002672
1176 0.0000002669
1177 0.0000002665
1178 0.0000002661
1179 0.0000002657
1180 0.0000002653
1181 0.0000002649
1182 0.0000002645
1183 0.0000002641
1184 0.0000002636
1185 0.0000002632
1186 0.0000002627
1187 0.0000002621
1188 0.0000002616
1189 0.0000002610
1190 0.0000002603
1191 0.0000002595
1192 0.0000002586
1193 0.0000002575
1194 0.0000002562
1195 0.0000002545
1196 0.0000002520
1197 0.0000002482
1198 0.0000002405
1199 0.0000002144
1200 0.0000000000
