0 2000
0 0.9935605386
1 0.0018897970
2 0.0007650687
3 0.0005192909
4 0.0003712595
5 0.0002839527
6 0.0002270725
7 0.0001868331
8 0.0001569053
9 0.0001338763
10 0.0001156818
11 0.0001009962
12 0.0000889334
13 0.0000788803
14 0.0000704000
15 0.0000631723
16 0.0000569572
17 0.0000515716
18 0.0000468730
19 0.0000427492
20 0.0000391106
21 0.0000358848
22 0.0000330125
23 0.0000304451
24 0.0000281420
25 0.0000260694
26 0.0000241986
27 0.0000225053
28 0.0000209688
29 0.0000195713
30 0.0000182974
31 0.0000171339
32 0.0000160690
33 0.0000150927
34 0.0000141961
35 0.0000133714
36 0.0000126116
37 0.0000119107
38 0.0000112631
39 0.0000106640
40 0.0000101091
41 0.0000095946
42 0.0000091169
43 0.0000086729
44 0.0000082597
45 0.0000078749
46 0.0000075162
47 0.0000071813
48 0.0000068686
49 0.0000065761
50 0.0000063025
51 0.0000060462
52 0.0000058059
53 0.0000055804
54 0.0000053687
55 0.0000051698
56 0.0000049827
57 0.0000048065
58 0.0000046406
59 0.0000044843
60 0.0000043367
61 0.0000041975
62 0.0000040659
63 0.0000039415
64 0.0000038237
65 0.0000037123
66 0.0000036067
67 0.0000035066
68 0.0000034116
69 0.0000033214
70 0.0000032357
71 0.0000031543
72 0.0000030768
73 0.0000030030
74 0.0000029327
75 0.0000028657
76 0.0000028017
77 0.0000027407
78 0.0000026824
79 0.0000026267
80 0.0000025734
81 0.0000025224
82 0.0000024736
83 0.0000024268
84 0.0000023819
85 0.0000023389
86 0.0000022975
87 0.0000022578
88 0.0000022196
89 0.0000021829
90 0.0000021476
91 0.0000021136
92 0.0000020808
93 0.0000020491
94 0.0000020186
95 0.0000019892
96 0.0000019608
97 0.0000019333
98 0.0000019067
99 0.0000018810
100 0.0000018561
101 0.0000018320
102 0.0000018087
103 0.0000017861
104 0.0000017641
105 0.0000017428
106 0.0000017221
107 0.0000017020
108 0.0000016825
109 0.0000016635
110 0.0000016450
111 0.0000016271
112 0.0000016096
113 0.0000015925
114 0.0000015759
115 0.0000015597
116 0.0000015439
117 0.0000015285
118 0.0000015135
119 0.0000014988
120 0.0000014844
121 0.0000014704
122 0.0000014567
123 0.0000014433
124 0.0000014302
125 0.0000014174
126 0.0000014048
127 0.0000013925
128 0.0000013805
129 0.0000013687
130 0.0000013571
131 0.0000013458
132 0.0000013346
133 0.0000013237
134 0.0000013130
135 0.0000013025
136 0.0000012922
137 0.0000012821
138 0.0000012722
139 0.0000012624
140 0.0000012528
141 0.0000012434
142 0.0000012341
143 0.0000012250
144 0.0000012160
145 0.0000012072
146 0.0000011985
147 0.0000011900
148 0.0000011816
149 0.0000011733
150 0.0000011651
151 0.0000011571
152 0.0000011492
153 0.0000011414
154 0.0000011337
155 0.0000011262
156 0.0000011187
157 0.0000011114
158 0.0000011042
159 0.0000010970
160 0.0000010900
161 0.0000010830
162 0.0000010762
163 0.0000010694
164 0.0000010628
165 0.0000010562
166 0.0000010497
167 0.0000010433
168 0.0000010370
169 0.0000010307
170 0.0000010245
171 0.0000010185
172 0.0000010124
173 0.0000010065
174 0.0000010006
175 0.0000009948
176 0.0000009891
177 0.0000009835
178 0.0000009779
179 0.0000009723
180 0.0000009669
181 0.0000009615
182 0.0000009561
183 0.0000009509
184 0.0000009457
185 0.0000009405
186 0.0000009354
187 0.0000009304
188 0.0000009254
189 0.0000009204
190 0.0000009156
191 0.0000009107
192 0.0000009060
193 0.0000009012
194 0.0000008966
195 0.0000008920
196 0.0000008874
197 0.0000008828
198 0.0000008784
199 0.0000008739
200 0.0000008695
201 0.0000008652
202 0.0000008609
203 0.0000008566
204 0.0000008524
205 0.0000008483
206 0.0000008441
207 0.0000008400
208 0.0000008360
209 0.0000008320
210 0.0000008280
211 0.0000008241
212 0.0000008202
213 0.0000008163
214 0.0000008125
215 0.0000008087
216 0.0000008049
217 0.0000008012
218 0.0000007975
219 0.0000007939
220 0.0000007903
221 0.0000007867
222 0.0000007832
223 0.0000007796
224 0.0000007761
225 0.0000007727
226 0.0000007693
227 0.0000007659
228 0.0000007625
229 0.0000007592
230 0.0000007559
231 0.0000007526
232 0.0000007494
233 0.0000007461
234 0.0000007429
235 0.0000007398
236 0.0000007366
237 0.0000007335
238 0.0000007305
239 0.0000007274
240 0.0000007244
241 0.0000007213
242 0.0000007184
243 0.0000007154
244 0.0000007125
245 0.0000007096
246 0.0000007067
247 0.0000007038
248 0.0000007010
249 0.0000006982
250 0.0000006954
251 0.0000006926
252 0.0000006898
253 0.0000006871
254 0.0000006844
255 0.0000006817
256 0.0000006791
257 0.0000006764
258 0.0000006738
259 0.0000006712
260 0.0000006686
261 0.0000006660
262 0.0000006635
263 0.0000006610
264 0.0000006585
265 0.0000006560
266 0.0000006535
267 0.0000006511
268 0.0000006486
269 0.0000006462
270 0.0000006438
271 0.0000006415
272 0.0000006391
273 0.0000006368
274 0.0000006344
275 0.0000006321
276 0.0000006298
277 0.0000006276
278 0.0000006253
279 0.0000006231
280 0.0000006208
281 0.0000006186
282 0.0000006164
283 0.0000006143
284 0.0000006121
285 0.0000006099
286 0.0000006078
287 0.0000006057
288 0.0000006036
289 0.0000006015
290 0.0000005994
291 0.0000005974
292 0.0000005953
293 0.0000005933
294 0.0000005913
295 0.0000005893
296 0.0000005873
297 0.0000005853
298 0.0000005833
299 0.0000005814
300 0.0000005794
301 0.0000005775
302 0.0000005756
303 0.0000005737
304 0.0000005718
305 0.0000005699
306 0.0000005681
307 0.0000005662
308 0.0000005644
309 0.0000005626
310 0.0000005607
311 0.0000005589
312 0.0000005571
313 0.0000005554
314 0.0000005536
315 0.0000005518
316 0.0000005501
317 0.0000005484
318 0.0000005466
319 0.0000005449
320 0.0000005432
321 0.0000005415
322 0.0000005398
323 0.0000005382
324 0.0000005365
325 0.0000005349
326 0.0000005332
327 0.0000005316
328 0.0000005300
329 0.0000005284
330 0.0000005268
331 0.0000005252
332 0.0000005236
333 0.0000005220
334 0.0000005204
335 0.0000005189
336 0.0000005173
337 0.0000005158
338 0.0000005143
339 0.0000005128
340 0.0000005113
341 0.0000005098
342 0.0000005083
343 0.0000005068
344 0.0000005053
345 0.0000005038
346 0.0000005024
347 0.0000005009
348 0.0000004995
349 0.0000004981
350 0.0000004966
351 0.0000004952
352 0.0000004938
353 0.0000004924
354 0.0000004910
355 0.0000004896
356 0.0000004883
357 0.0000004869
358 0.0000004855
359 0.0000004842
360 0.0000004828
361 0.0000004815
362 0.0000004802
363 0.0000004789
364 0.0000004775
365 0.0000004762
366 0.0000004749
367 0.0000004736
368 0.0000004723
369 0.0000004711
370 0.0000004698
371 0.0000004685
372 0.0000004673
373 0.0000004660
374 0.0000004648
375 0.0000004635
376 0.0000004623
377 0.0000004611
378 0.0000004598
379 0.0000004586
380 0.0000004574
381 0.0000004562
382 0.0000004550
383 0.0000004538
384 0.0000004527
385 0.0000004515
386 0.0000004503
387 0.0000004492
388 0.0000004480
389 0.0000004468
390 0.0000004457
391 0.0000004446
392 0.0000004434
393 0.0000004423
394 0.0000004412
395 0.0000004401
396 0.0000004389
397 0.0000004378
398 0.0000004367
399 0.0000004356
400 0.0000004346
401 0.0000004335
402 0.0000004324
403 0.0000004313
404 0.0000004302
405 0.0000004292
406 0.0000004281
407 0.0000004271
408 0.0000004260
409 0.0000004250
410 0.0000004239
411 0.0000004229
412 0.0000004219
413 0.0000004209
414 0.0000004199
415 0.0000004188
416 0.0000004178
417 0.0000004168
418 0.0000004158
419 0.0000004148
420 0.0000004139
421 0.0000004129
422 0.0000004119
423 0.0000004109
424 0.0000004099
425 0.0000004090
426 0.0000004080
427 0.0000004071
428 0.0000004061
429 0.0000004052
430 0.0000004042
431 0.0000004033
432 0.0000004024
433 0.0000004014
434 0.0000004005
435 0.0000003996
436 0.0000003987
437 0.0000003977
438 0.0000003968
439 0.0000003959
440 0.0000003950
441 0.0000003941
442 0.0000003932
443 0.0000003924
444 0.0000003915
445 0.0000003906
446 0.0000003897
447 0.0000003888
448 0.0000003880
449 0.0000003871
450 0.0000003863
451 0.0000003854
452 0.0000003845
453 0.0000003837
454 0.0000003828
455 0.0000003820
456 0.0000003812
457 0.0000003803
458 0.0000003795
459 0.0000003787
460 0.0000003779
461 0.0000003770
462 0.0000003762
463 0.0000003754
464 0.0000003746
465 0.0000003738
466 0.0000003730
467 0.0000003722
468 0.0000003714
469 0.0000003706
470 0.0000003698
471 0.0000003690
472 0.0000003682
473 0.0000003675
474 0.0000003667
475 0.0000003659
476 0.0000003651
477 0.0000003644
478 0.0000003636
479 0.0000003629
480 0.0000003621
481 0.0000003614
482 0.0000003606
483 0.0000003599
484 0.0000003591
485 0.0000003584
486 0.0000003576
487 0.0000003569
488 0.0000003562
489 0.0000003554
490 0.0000003547
491 0.0000003540
492 0.0000003533
493 0.0000003526
494 0.0000003518
495 0.0000003511
496 0.0000003504
497 0.0000003497
498 0.0000003490
499 0.0000003483
500 0.0000003476
501 0.0000003469
502 0.0000003462
503 0.0000003455
504 0.0000003449
505 0.0000003442
506 0.0000003435
507 0.0000003428
508 0.0000003421
509 0.0000003415
510 0.0000003408
511 0.0000003401
512 0.0000003395
513 0.0000003388
514 0.0000003381
515 0.0000003375
516 0.0000003368
517 0.0000003362
518 0.0000003355
519 0.0000003349
520 0.0000003342
521 0.0000003336
522 0.0000003330
523 0.0000003323
524 0.0000003317
525 0.0000003311
526 0.0000003304
527 0.0000003298
528 0.0000003292
529 0.0000003286
530 0.0000003279
531 0.0000003273
532 0.0000003267
533 0.0000003261
534 0.0000003255
535 0.0000003249
536 0.0000003243
537 0.0000003237
538 0.0000003231
539 0.0000003225
540 0.0000003219
541 0.0000003213
542 0.0000003207
543 0.0000003201
544 0.0000003195
545 0.0000003189
546 0.0000003183
547 0.0000003177
548 0.0000003172
549 0.0000003166
550 0.0000003160
551 0.0000003154
552 0.0000003149
553 0.0000003143
554 0.0000003137
555 0.0000003132
556 0.0000003126
557 0.0000003120
558 0.0000003115
559 0.0000003109
560 0.0000003104
561 0.0000003098
562 0.0000003093
563 0.0000003087
564 0.0000003082
565 0.0000003076
566 0.0000003071
567 0.0000003065
568 0.0000003060
569 0.0000003054
570 0.0000003049
571 0.0000003044
572 0.0000003038
573 0.0000003033
574 0.0000003028
575 0.0000003023
576 0.0000003017
577 0.0000003012
578 0.0000003007
579 0.0000003002
580 0.0000002996
581 0.0000002991
582 0.0000002986
583 0.0000002981
584 0.0000002976
585 0.0000002971
586 0.0000002966
587 0.0000002961
588 0.0000002956
589 0.0000002951
590 0.0000002946
591 0.0000002941
592 0.0000002936
593 0.0000002931
594 0.0000002926
595 0.0000002921
596 0.0000002916
597 0.0000002911
598 0.0000002906
599 0.0000002901
600 0.0000002897
601 0.0000002892
602 0.0000002887
603 0.0000002882
604 0.0000002877
605 0.0000002873
606 0.0000002868
607 0.0000002863
608 0.0000002858
609 0.0000002854
610 0.0000002849
611 0.0000002844
612 0.0000002840
613 0.0000002835
614 0.0000002830
615 0.0000002826
616 0.0000002821
617 0.0000002817
618 0.0000002812
619 0.0000002808
620 0.0000002803
621 0.0000002799
622 0.0000002794
623 0.0000002790
624 0.0000002785
625 0.0000002781
626 0.0000002776
627 0.0000002772
628 0.0000002767
629 0.0000002763
630 0.0000002759
631 0.0000002754
632 0.0000002750
633 0.0000002745
634 0.0000002741
635 0.0000002737
636 0.0000002733
637 0.0000002728
638 0.0000002724
639 0.0000002720
640 0.0000002715
641 0.0000002711
642 0.0000002707
643 0.0000002703
644 0.0000002699
645 0.0000002694
646 0.0000002690
647 0.0000002686
648 0.0000002682
649 0.0000002678
650 0.0000002674
651 0.0000002670
652 0.0000002665
653 0.0000002661
654 0.0000002657
655 0.0000002653
656 0.0000002649
657 0.0000002645
658 0.0000002641
659 0.0000002637
660 0.0000002633
661 0.0000002629
662 0.0000002625
663 0.0000002621
664 0.0000002617
665 0.0000002613
666 0.0000002609
667 0.0000002605
668 0.0000002602
669 0.0000002598
670 0.0000002594
671 0.0000002590
672 0.0000002586
673 0.0000002582
674 0.0000002578
675 0.0000002575
676 0.0000002571
677 0.0000002567
678 0.0000002563
679 0.0000002559
680 0.0000002556
681 0.0000002552
682 0.0000002548
683 0.0000002544
684 0.0000002541
685 0.0000002537
686 0.0000002533
687 0.0000002530
688 0.0000002526
689 0.0000002522
690 0.0000002519
691 0.0000002515
692 0.0000002511
693 0.0000002508
694 0.0000002504
695 0.0000002500
696 0.0000002497
697 0.0000002493
698 0.0000002490
699 0.0000002486
700 0.0000002483
701 0.0000002479
702 0.0000002475
703 0.0000002472
704 0.0000002468
705 0.0000002465
706 0.0000002461
707 0.0000002458
708 0.0000002454
709 0.0000002451
710 0.0000002448
711 0.0000002444
712 0.0000002441
713 0.0000002437
714 0.0000002434
715 0.0000002430
716 0.0000002427
717 0.0000002424
718 0.0000002420
719 0.0000002417
720 0.0000002414
721 0.0000002410
722 0.0000002407
723 0.0000002404
724 0.0000002400
725 0.0000002397
726 0.0000002394
727 0.0000002390
728 0.0000002387
729 0.0000002384
730 0.0000002380
731 0.0000002377
732 0.0000002374
733 0.0000002371
734 0.0000002367
735 0.0000002364
736 0.0000002361
737 0.0000002358
738 0.0000002355
739 0.0000002351
740 0.0000002348
741 0.0000002345
742 0.0000002342
743 0.0000002339
744 0.0000002336
745 0.0000002332
746 0.0000002329
747 0.0000002326
748 0.0000002323
749 0.0000002320
750 0.0000002317
751 0.0000002314
752 0.0000002311
753 0.0000002308
754 0.0000002305
755 0.0000002302
756 0.0000002299
757 0.0000002295
758 0.0000002292
759 0.0000002289
760 0.0000002286
761 0.0000002283
762 0.0000002280
763 0.0000002277
764 0.0000002274
765 0.0000002271
766 0.0000002268
767 0.0000002266
768 0.0000002263
769 0.0000002260
770 0.0000002257
771 0.0000002254
772 0.0000002251
773 0.0000002248
774 0.0000002245
775 0.0000002242
776 0.0000002239
777 0.0000002236
778 0.0000002233
779 0.0000002231
780 0.0000002228
781 0.0000002225
782 0.0000002222
783 0.0000002219
784 0.0000002216
785 0.0000002214
786 0.0000002211
787 0.0000002208
788 0.0000002205
789 0.0000002202
790 0.0000002200
791 0.0000002197
792 0.0000002194
793 0.0000002191
794 0.0000002188
795 0.0000002186
796 0.0000002183
797 0.0000002180
798 0.0000002177
799 0.0000002175
800 0.0000002172
801 0.0000002169
802 0.0000002167
803 0.0000002164
804 0.0000002161
805 0.0000002158
806 0.0000002156
807 0.0000002153
808 0.0000002150
809 0.0000002148
810 0.0000002145
811 0.0000002143
812 0.0000002140
813 0.0000002137
814 0.0000002135
815 0.0000002132
816 0.0000002129
817 0.0000002127
818 0.0000002124
819 0.0000002122
820 0.0000002119
821 0.0000002116
822 0.0000002114
823 0.0000002111
824 0.0000002109
825 0.0000002106
826 0.0000002104
827 0.0000002101
828 0.0000002098
829 0.0000002096
830 0.0000002093
831 0.0000002091
832 0.0000002088
833 0.0000002086
834 0.0000002083
835 0.0000002081
836 0.0000002078
837 0.0000002076
838 0.0000002073
839 0.0000002071
840 0.0000002068
841 0.0000002066
842 0.0000002064
843 0.0000002061
844 0.0000002059
845 0.0000002056
846 0.0000002054
847 0.0000002051
848 0.0000002049
849 0.0000002047
850 0.0000002044
851 0.0000002042
852 0.0000002039
853 0.0000002037
854 0.0000002035
855 0.0000002032
856 0.0000002030
857 0.0000002027
858 0.0000002025
859 0.0000002023
860 0.0000002020
861 0.0000002018
862 0.0000002016
863 0.0000002013
864 0.0000002011
865 0.0000002009
866 0.0000002006
867 0.0000002004
868 0.0000002002
869 0.0000001999
870 0.0000001997
871 0.0000001995
872 0.0000001992
873 0.0000001990
874 0.0000001988
875 0.0000001986
876 0.0000001983
877 0.0000001981
878 0.0000001979
879 0.0000001977
880 0.0000001974
881 0.0000001972
882 0.0000001970
883 0.0000001968
884 0.0000001965
885 0.0000001963
886 0.0000001961
887 0.0000001959
888 0.0000001957
889 0.0000001954
890 0.0000001952
891 0.0000001950
892 0.0000001948
893 0.0000001946
894 0.0000001943
895 0.0000001941
896 0.0000001939
897 0.0000001937
898 0.0000001935
899 0.0000001933
900 0.0000001930
901 0.0000001928
902 0.0000001926
903 0.0000001924
904 0.0000001922
905 0.0000001920
906 0.0000001918
907 0.0000001916
908 0.0000001913
909 0.0000001911
910 0.0000001909
911 0.0000001907
912 0.0000001905
913 0.0000001903
914 0.0000001901
915 0.0000001899
916 0.0000001897
917 0.0000001895
918 0.0000001893
919 0.0000001890
920 0.0000001888
921 0.0000001886
922 0.0000001884
923 0.0000001882
924 0.0000001880
925 0.0000001878
926 0.0000001876
927 0.0000001874
928 0.0000001872
929 0.0000001870
930 0.0000001868
931 0.0000001866
932 0.0000001864
933 0.0000001862
934 0.0000001860
935 0.0000001858
936 0.0000001856
937 0.0000001854
938 0.0000001852
939 0.0000001850
940 0.0000001848
941 0.0000001846
942 0.0000001844
943 0.0000001842
944 0.0000001840
945 0.0000001838
946 0.0000001836
947 0.0000001834
948 0.0000001833
949 0.0000001831
950 0.0000001829
951 0.0000001827
952 0.0000001825
953 0.0000001823
954 0.0000001821
955 0.0000001819
956 0.0000001817
957 0.0000001815
958 0.0000001813
959 0.0000001812
960 0.0000001810
961 0.0000001808
962 0.0000001806
963 0.0000001804
964 0.0000001802
965 0.0000001800
966 0.0000001798
967 0.0000001796
968 0.0000001795
969 0.0000001793
970 0.0000001791
971 0.0000001789
972 0.0000001787
973 0.0000001785
974 0.0000001784
975 0.0000001782
976 0.0000001780
977 0.0000001778
978 0.0000001776
979 0.0000001774
980 0.0000001773
981 0.0000001771
982 0.0000001769
983 0.0000001767
984 0.0000001765
985 0.0000001764
986 0.0000001762
987 0.0000001760
988 0.0000001758
989 0.0000001756
990 0.0000001755
991 0.0000001753
992 0.0000001751
993 0.0000001749
994 0.0000001748
995 0.0000001746
996 0.0000001744
997 0.0000001742
998 0.0000001741
999 0.0000001739
1000 0.0000001737
1001 0.0000001735
1002 0.0000001734
1003 0.0000001732
1004 0.0000001730
1005 0.0000001728
1006 0.0000001727
1007 0.0000001725
1008 0.0000001723
1009 0.0000001722
1010 0.0000001720
1011 0.0000001718
1012 0.0000001716
1013 0.0000001715
1014 0.0000001713
1015 0.0000001711
1016 0.0000001710
1017 0.0000001708
1018 0.0000001706
1019 0.0000001705
1020 0.0000001703
1021 0.0000001701
1022 0.0000001700
1023 0.0000001698
1024 0.0000001696
1025 0.0000001695
1026 0.0000001693
1027 0.0000001691
1028 0.0000001690
1029 0.0000001688
1030 0.0000001686
1031 0.0000001685
1032 0.0000001683
1033 0.0000001682
1034 0.0000001680
1035 0.0000001678
1036 0.0000001677
1037 0.0000001675
1038 0.0000001673
1039 0.0000001672
1040 0.0000001670
1041 0.0000001669
1042 0.0000001667
1043 0.0000001665
1044 0.0000001664
1045 0.0000001662
1046 0.0000001661
1047 0.0000001659
1048 0.0000001657
1049 0.0000001656
1050 0.0000001654
1051 0.0000001653
1052 0.0000001651
1053 0.0000001650
1054 0.0000001648
1055 0.0000001646
1056 0.0000001645
1057 0.0000001643
1058 0.0000001642
1059 0.0000001640
1060 0.0000001639
1061 0.0000001637
1062 0.0000001636
1063 0.0000001634
1064 0.0000001632
1065 0.0000001631
1066 0.0000001629
1067 0.0000001628
1068 0.0000001626
1069 0.0000001625
1070 0.0000001623
1071 0.0000001622
1072 0.0000001620
1073 0.0000001619
1074 0.0000001617
1075 0.0000001616
1076 0.0000001614
1077 0.0000001613
1078 0.0000001611
1079 0.0000001610
1080 0.0000001608
1081 0.0000001607
1082 0.0000001605
1083 0.0000001604
1084 0.0000001602
1085 0.0000001601
1086 0.0000001599
1087 0.0000001598
1088 0.0000001596
1089 0.0000001595
1090 0.0000001593
1091 0.0000001592
1092 0.0000001590
1093 0.0000001589
1094 0.0000001588
1095 0.0000001586
1096 0.0000001585
1097 0.0000001583
1098 0.0000001582
1099 0.0000001580
1100 0.0000001579
1101 0.0000001577
1102 0.0000001576
1103 0.0000001575
1104 0.0000001573
1105 0.0000001572
1106 0.0000001570
1107 0.0000001569
1108 0.0000001567
1109 0.0000001566
1110 0.0000001565
1111 0.0000001563
1112 0.0000001562
1113 0.0000001560
1114 0.0000001559
1115 0.0000001558
1116 0.0000001556
1117 0.0000001555
1118 0.0000001553
1119 0.0000001552
1120 0.0000001551
1121 0.0000001549
1122 0.0000001548
1123 0.0000001546
1124 0.0000001545
1125 0.0000001544
1126 0.0000001542
1127 0.0000001541
1128 0.0000001540
1129 0.0000001538
1130 0.0000001537
1131 0.0000001536
1132 0.0000001534
1133 0.0000001533
1134 0.0000001531
1135 0.0000001530
1136 0.0000001529
1137 0.0000001527
1138 0.0000001526
1139 0.0000001525
1140 0.0000001523
1141 0.0000001522
1142 0.0000001521
1143 0.0000001519
1144 0.0000001518
1145 0.0000001517
1146 0.0000001515
1147 0.0000001514
1148 0.0000001513
1149 0.0000001511
1150 0.0000001510
1151 0.0000001509
1152 0.0000001507
1153 0.0000001506
1154 0.0000001505
1155 0.0000001504
1156 0.0000001502
1157 0.0000001501
1158 0.0000001500
1159 0.0000001498
1160 0.0000001497
1161 0.0000001496
1162 0.0000001494
1163 0.0000001493
1164 0.0000001492
1165 0.0000001491
1166 0.0000001489
1167 0.0000001488
1168 0.0000001487
1169 0.0000001485
1170 0.0000001484
1171 0.0000001483
1172 0.0000001482
1173 0.0000001480
1174 0.0000001479
1175 0.0000001478
1176 0.0000001477
1177 0.0000001475
1178 0.0000001474
1179 0.0000001473
1180 0.0000001472
1181 0.0000001470
1182 0.0000001469
1183 0.0000001468
1184 0.0000001467
1185 0.0000001465
1186 0.0000001464
1187 0.0000001463
1188 0.0000001462
1189 0.0000001460
1190 0.0000001459
1191 0.0000001458
1192 0.0000001457
1193 0.0000001456
1194 0.0000001454
1195 0.0000001453
1196 0.0000001452
1197 0.0000001451
1198 0.0000001449
1199 0.0000001448
1200 0.0000001447
1201 0.0000001446
1202 0.0000001445
1203 0.0000001443
1204 0.0000001442
1205 0.0000001441
1206 0.0000001440
1207 0.0000001439
1208 0.0000001437
1209 0.0000001436
1210 0.0000001435
1211 0.0000001434
1212 0.0000001433
1213 0.0000001431
1214 0.0000001430
1215 0.0000001429
1216 0.0000001428
1217 0.0000001427
1218 0.0000001426
1219 0.0000001424
1220 0.0000001423
1221 0.0000001422
1222 0.0000001421
1223 0.0000001420
1224 0.0000001419
1225 0.0000001417
1226 0.0000001416
1227 0.0000001415
1228 0.0000001414
1229 0.0000001413
1230 0.0000001412
1231 0.0000001410
1232 0.0000001409
1233 0.0000001408
1234 0.0000001407
1235 0.0000001406
1236 0.0000001405
1237 0.0000001404
1238 0.0000001402
1239 0.0000001401
1240 0.0000001400
1241 0.0000001399
1242 0.0000001398
1243 0.0000001397
1244 0.0000001396
1245 0.0000001395
1246 0.0000001393
1247 0.0000001392
1248 0.0000001391
1249 0.0000001390
1250 0.0000001389
1251 0.0000001388
1252 0.0000001387
1253 0.0000001386
1254 0.0000001384
1255 0.0000001383
1256 0.0000001382
1257 0.0000001381
1258 0.0000001380
1259 0.0000001379
1260 0.0000001378
1261 0.0000001377
1262 0.0000001376
1263 0.0000001375
1264 0.0000001373
1265 0.0000001372
1266 0.0000001371
1267 0.0000001370
1268 0.0000001369
1269 0.0000001368
1270 0.0000001367
1271 0.0000001366
1272 0.0000001365
1273 0.0000001364
1274 0.0000001363
1275 0.0000001362
1276 0.0000001361
1277 0.0000001359
1278 0.0000001358
1279 0.0000001357
1280 0.0000001356
1281 0.0000001355
1282 0.0000001354
1283 0.0000001353
1284 0.0000001352
1285 0.0000001351
1286 0.0000001350
1287 0.0000001349
1288 0.0000001348
1289 0.0000001347
1290 0.0000001346
1291 0.0000001345
1292 0.0000001344
1293 0.0000001343
1294 0.0000001342
1295 0.0000001340
1296 0.0000001339
1297 0.0000001338
1298 0.0000001337
1299 0.0000001336
1300 0.0000001335
1301 0.0000001334
1302 0.0000001333
1303 0.0000001332
1304 0.0000001331
1305 0.0000001330
1306 0.0000001329
1307 0.0000001328
1308 0.0000001327
1309 0.0000001326
1310 0.0000001325
1311 0.0000001324
1312 0.0000001323
1313 0.0000001322
1314 0.0000001321
1315 0.0000001320
1316 0.0000001319
1317 0.0000001318
1318 0.0000001317
1319 0.0000001316
1320 0.0000001315
1321 0.0000001314
1322 0.0000001313
1323 0.0000001312
1324 0.0000001311
1325 0.0000001310
1326 0.0000001309
1327 0.0000001308
1328 0.0000001307
1329 0.0000001306
1330 0.0000001305
1331 0.0000001304
1332 0.0000001303
1333 0.0000001302
1334 0.0000001301
1335 0.0000001300
1336 0.0000001299
1337 0.0000001298
1338 0.0000001297
1339 0.0000001296
1340 0.0000001295
1341 0.0000001294
1342 0.0000001293
1343 0.0000001292
1344 0.0000001291
1345 0.0000001290
1346 0.0000001289
1347 0.0000001288
1348 0.0000001288
1349 0.0000001287
1350 0.0000001286
1351 0.0000001285
1352 0.0000001284
1353 0.0000001283
1354 0.0000001282
1355 0.0000001281
1356 0.0000001280
1357 0.0000001279
1358 0.0000001278
1359 0.0000001277
1360 0.0000001276
1361 0.0000001275
1362 0.0000001274
1363 0.0000001273
1364 0.0000001272
1365 0.0000001271
1366 0.0000001270
1367 0.0000001270
1368 0.0000001269
1369 0.0000001268
1370 0.0000001267
1371 0.0000001266
1372 0.0000001265
1373 0.0000001264
1374 0.0000001263
1375 0.0000001262
1376 0.0000001261
1377 0.0000001260
1378 0.0000001259
1379 0.0000001258
1380 0.0000001257
1381 0.0000001257
1382 0.0000001256
1383 0.0000001255
1384 0.0000001254
1385 0.0000001253
1386 0.0000001252
1387 0.0000001251
1388 0.0000001250
1389 0.0000001249
1390 0.0000001248
1391 0.0000001247
1392 0.0000001247
1393 0.0000001246
1394 0.0000001245
1395 0.0000001244
1396 0.0000001243
1397 0.0000001242
1398 0.0000001241
1399 0.0000001240
1400 0.0000001239
1401 0.0000001239
1402 0.0000001238
1403 0.0000001237
1404 0.0000001236
1405 0.0000001235
1406 0.0000001234
1407 0.0000001233
1408 0.0000001232
1409 0.0000001231
1410 0.0000001231
1411 0.0000001230
1412 0.0000001229
1413 0.0000001228
1414 0.0000001227
1415 0.0000001226
1416 0.0000001225
1417 0.0000001224
1418 0.0000001224
1419 0.0000001223
1420 0.0000001222
1421 0.0000001221
1422 0.0000001220
1423 0.0000001219
1424 0.0000001218
1425 0.0000001218
1426 0.0000001217
1427 0.0000001216
1428 0.0000001215
1429 0.0000001214
1430 0.0000001213
1431 0.0000001212
1432 0.0000001212
1433 0.0000001211
1434 0.0000001210
1435 0.0000001209
1436 0.0000001208
1437 0.0000001207
1438 0.0000001206
1439 0.0000001206
1440 0.0000001205
1441 0.0000001204
1442 0.0000001203
1443 0.0000001202
1444 0.0000001201
1445 0.0000001201
1446 0.0000001200
1447 0.0000001199
1448 0.0000001198
1449 0.0000001197
1450 0.0000001196
1451 0.0000001196
1452 0.0000001195
1453 0.0000001194
1454 0.0000001193
1455 0.0000001192
1456 0.0000001191
1457 0.0000001191
1458 0.0000001190
1459 0.0000001189
1460 0.0000001188
1461 0.0000001187
1462 0.0000001186
1463 0.0000001186
1464 0.0000001185
1465 0.0000001184
1466 0.0000001183
1467 0.0000001182
1468 0.0000001182
1469 0.0000001181
1470 0.0000001180
1471 0.0000001179
1472 0.0000001178
1473 0.0000001178
1474 0.0000001177
1475 0.0000001176
1476 0.0000001175
1477 0.0000001174
1478 0.0000001174
1479 0.0000001173
1480 0.0000001172
1481 0.0000001171
1482 0.0000001170
1483 0.0000001170
1484 0.0000001169
1485 0.0000001168
1486 0.0000001167
1487 0.0000001166
1488 0.0000001166
1489 0.0000001165
1490 0.0000001164
1491 0.0000001163
1492 0.0000001162
1493 0.0000001162
1494 0.0000001161
1495 0.0000001160
1496 0.0000001159
1497 0.0000001158
1498 0.0000001158
1499 0.0000001157
1500 0.0000001156
1501 0.0000001155
1502 0.0000001155
1503 0.0000001154
1504 0.0000001153
1505 0.0000001152
1506 0.0000001151
1507 0.0000001151
1508 0.0000001150
1509 0.0000001149
1510 0.0000001148
1511 0.0000001148
1512 0.0000001147
1513 0.0000001146
1514 0.0000001145
1515 0.0000001145
1516 0.0000001144
1517 0.0000001143
1518 0.0000001142
1519 0.0000001142
1520 0.0000001141
1521 0.0000001140
1522 0.0000001139
1523 0.0000001138
1524 0.0000001138
1525 0.0000001137
1526 0.0000001136
1527 0.0000001135
1528 0.0000001135
1529 0.0000001134
1530 0.0000001133
1531 0.0000001132
1532 0.0000001132
1533 0.0000001131
1534 0.0000001130
1535 0.0000001130
1536 0.0000001129
1537 0.0000001128
1538 0.0000001127
1539 0.0000001127
1540 0.0000001126
1541 0.0000001125
1542 0.0000001124
1543 0.0000001124
1544 0.0000001123
1545 0.0000001122
1546 0.0000001121
1547 0.0000001121
1548 0.0000001120
1549 0.0000001119
1550 0.0000001118
1551 0.0000001118
1552 0.0000001117
1553 0.0000001116
1554 0.0000001116
1555 0.0000001115
1556 0.0000001114
1557 0.0000001113
1558 0.0000001113
1559 0.0000001112
1560 0.0000001111
1561 0.0000001110
1562 0.0000001110
1563 0.0000001109
1564 0.0000001108
1565 0.0000001108
1566 0.0000001107
1567 0.0000001106
1568 0.0000001105
1569 0.0000001105
1570 0.0000001104
1571 0.0000001103
1572 0.0000001103
1573 0.0000001102
1574 0.0000001101
1575 0.0000001100
1576 0.0000001100
1577 0.0000001099
1578 0.0000001098
1579 0.0000001098
1580 0.0000001097
1581 0.0000001096
1582 0.0000001096
1583 0.0000001095
1584 0.0000001094
1585 0.0000001093
1586 0.0000001093
1587 0.0000001092
1588 0.0000001091
1589 0.0000001091
1590 0.0000001090
1591 0.0000001089
1592 0.0000001089
1593 0.0000001088
1594 0.0000001087
1595 0.0000001086
1596 0.0000001086
1597 0.0000001085
1598 0.0000001084
1599 0.0000001084
1600 0.0000001083
1601 0.0000001082
1602 0.0000001082
1603 0.0000001081
1604 0.0000001080
1605 0.0000001080
1606 0.0000001079
1607 0.0000001078
1608 0.0000001078
1609 0.0000001077
1610 0.0000001076
1611 0.0000001075
1612 0.0000001075
1613 0.0000001074
1614 0.0000001073
1615 0.0000001073
1616 0.0000001072
1617 0.0000001071
1618 0.0000001071
1619 0.0000001070
1620 0.0000001069
1621 0.0000001069
1622 0.0000001068
1623 0.0000001067
1624 0.0000001067
1625 0.0000001066
1626 0.0000001065
1627 0.0000001065
1628 0.0000001064
1629 0.0000001063
1630 0.0000001063
1631 0.0000001062
1632 0.0000001061
1633 0.0000001061
1634 0.0000001060
1635 0.0000001059
1636 0.0000001059
1637 0.0000001058
1638 0.0000001057
1639 0.0000001057
1640 0.0000001056
1641 0.0000001055
1642 0.0000001055
1643 0.0000001054
1644 0.0000001053
1645 0.0000001053
1646 0.0000001052
1647 0.0000001051
1648 0.0000001051
1649 0.0000001050
1650 0.0000001050
1651 0.0000001049
1652 0.0000001048
1653 0.0000001048
1654 0.0000001047
1655 0.0000001046
1656 0.0000001046
1657 0.0000001045
1658 0.0000001044
1659 0.0000001044
1660 0.0000001043
1661 0.0000001042
1662 0.0000001042
1663 0.0000001041
1664 0.0000001040
1665 0.0000001040
1666 0.0000001039
1667 0.0000001039
1668 0.0000001038
1669 0.0000001037
1670 0.0000001037
1671 0.0000001036
1672 0.0000001035
1673 0.0000001035
1674 0.0000001034
1675 0.0000001033
1676 0.0000001033
1677 0.0000001032
1678 0.0000001032
1679 0.0000001031
1680 0.0000001030
1681 0.0000001030
1682 0.0000001029
1683 0.0000001028
1684 0.0000001028
1685 0.0000001027
1686 0.0000001027
1687 0.0000001026
1688 0.0000001025
1689 0.0000001025
1690 0.0000001024
1691 0.0000001023
1692 0.0000001023
1693 0.0000001022
1694 0.0000001022
1695 0.0000001021
1696 0.0000001020
1697 0.0000001020
1698 0.0000001019
1699 0.0000001018
1700 0.0000001018
1701 0.0000001017
1702 0.0000001017
1703 0.0000001016
1704 0.0000001015
1705 0.0000001015
1706 0.0000001014
1707 0.0000001014
1708 0.0000001013
1709 0.0000001012
1710 0.0000001012
1711 0.0000001011
1712 0.0000001010
1713 0.0000001010
1714 0.0000001009
1715 0.0000001009
1716 0.0000001008
1717 0.0000001007
1718 0.0000001007
1719 0.0000001006
1720 0.0000001006
1721 0.0000001005
1722 0.0000001004
1723 0.0000001004
1724 0.0000001003
1725 0.0000001003
1726 0.0000001002
1727 0.0000001001
1728 0.0000001001
1729 0.0000001000
1730 0.0000001000
1731 0.0000000999
1732 0.0000000998
1733 0.0000000998
1734 0.0000000997
1735 0.0000000997
1736 0.0000000996
1737 0.0000000995
1738 0.0000000995
1739 0.0000000994
1740 0.0000000994
1741 0.0000000993
1742 0.0000000992
1743 0.0000000992
1744 0.0000000991
1745 0.0000000991
1746 0.0000000990
1747 0.0000000989
1748 0.0000000989
1749 0.0000000988
1750 0.0000000988
1751 0.0000000987
1752 0.0000000986
1753 0.0000000986
1754 0.0000000985
1755 0.0000000985
1756 0.0000000984
1757 0.0000000984
1758 0.0000000983
1759 0.0000000982
1760 0.0000000982
1761 0.0000000981
1762 0.0000000981
1763 0.0000000980
1764 0.0000000979
1765 0.0000000979
1766 0.0000000978
1767 0.0000000978
1768 0.0000000977
1769 0.0000000977
1770 0.0000000976
1771 0.0000000975
1772 0.0000000975
1773 0.0000000974
1774 0.0000000974
1775 0.0000000973
1776 0.0000000972
1777 0.0000000972
1778 0.0000000971
1779 0.0000000971
1780 0.0000000970
1781 0.0000000970
1782 0.0000000969
1783 0.0000000968
1784 0.0000000968
1785 0.0000000967
1786 0.0000000967
1787 0.0000000966
1788 0.0000000966
1789 0.0000000965
1790 0.0000000964
1791 0.0000000964
1792 0.0000000963
1793 0.0000000963
1794 0.0000000962
1795 0.0000000961
1796 0.0000000961
1797 0.0000000960
1798 0.0000000960
1799 0.0000000959
1800 0.0000000959
1801 0.0000000958
1802 0.0000000957
1803 0.0000000957
1804 0.0000000956
1805 0.0000000956
1806 0.0000000955
1807 0.0000000955
1808 0.0000000954
1809 0.0000000953
1810 0.0000000953
1811 0.0000000952
1812 0.0000000952
1813 0.0000000951
1814 0.0000000951
1815 0.0000000950
1816 0.0000000949
1817 0.0000000949
1818 0.0000000948
1819 0.0000000948
1820 0.0000000947
1821 0.0000000947
1822 0.0000000946
1823 0.0000000945
1824 0.0000000945
1825 0.0000000944
1826 0.0000000944
1827 0.0000000943
1828 0.0000000943
1829 0.0000000942
1830 0.0000000942
1831 0.0000000941
1832 0.0000000940
1833 0.0000000940
1834 0.0000000939
1835 0.0000000939
1836 0.0000000938
1837 0.0000000938
1838 0.0000000937
1839 0.0000000936
1840 0.0000000936
1841 0.0000000935
1842 0.0000000935
1843 0.0000000934
1844 0.0000000934
1845 0.0000000933
1846 0.0000000932
1847 0.0000000932
1848 0.0000000931
1849 0.0000000931
1850 0.0000000930
1851 0.0000000930
1852 0.0000000929
1853 0.0000000928
1854 0.0000000928
1855 0.0000000927
1856 0.0000000927
1857 0.0000000926
1858 0.0000000926
1859 0.0000000925
1860 0.0000000924
1861 0.0000000924
1862 0.0000000923
1863 0.0000000923
1864 0.0000000922
1865 0.0000000921
1866 0.0000000921
1867 0.0000000920
1868 0.0000000920
1869 0.0000000919
1870 0.0000000919
1871 0.0000000918
1872 0.0000000917
1873 0.0000000917
1874 0.0000000916
1875 0.0000000916
1876 0.0000000915
1877 0.0000000914
1878 0.0000000914
1879 0.0000000913
1880 0.0000000913
1881 0.0000000912
1882 0.0000000912
1883 0.0000000911
1884 0.0000000910
1885 0.0000000910
1886 0.0000000909
1887 0.0000000909
1888 0.0000000908
1889 0.0000000907
1890 0.0000000907
1891 0.0000000906
1892 0.0000000906
1893 0.0000000905
1894 0.0000000904
1895 0.0000000904
1896 0.0000000903
1897 0.0000000902
1898 0.0000000902
1899 0.0000000901
1900 0.0000000901
1901 0.0000000900
1902 0.0000000899
1903 0.0000000899
1904 0.0000000898
1905 0.0000000897
1906 0.0000000897
1907 0.0000000896
1908 0.0000000896
1909 0.0000000895
1910 0.0000000894
1911 0.0000000894
1912 0.0000000893
1913 0.0000000892
1914 0.0000000892
1915 0.0000000891
1916 0.0000000890
1917 0.0000000890
1918 0.0000000889
1919 0.0000000888
1920 0.0000000888
1921 0.0000000887
1922 0.0000000886
1923 0.0000000886
1924 0.0000000885
1925 0.0000000884
1926 0.0000000884
1927 0.0000000883
1928 0.0000000882
1929 0.0000000881
1930 0.0000000881
1931 0.0000000880
1932 0.0000000879
1933 0.0000000878
1934 0.0000000878
1935 0.0000000877
1936 0.0000000876
1937 0.0000000875
1938 0.0000000875
1939 0.0000000874
1940 0.0000000873
1941 0.0000000872
1942 0.0000000871
1943 0.0000000871
1944 0.0000000870
1945 0.0000000869
1946 0.0000000868
1947 0.0000000867
1948 0.0000000866
1949 0.0000000866
1950 0.0000000865
1951 0.0000000864
1952 0.0000000863
1953 0.0000000862
1954 0.0000000861
1955 0.0000000860
1956 0.0000000859
1957 0.0000000858
1958 0.0000000857
1959 0.0000000856
1960 0.0000000855
1961 0.0000000854
1962 0.0000000853
1963 0.0000000852
1964 0.0000000851
1965 0.0000000850
1966 0.0000000849
1967 0.0000000848
1968 0.0000000846
1969 0.0000000845
1970 0.0000000844
1971 0.0000000843
1972 0.0000000841
1973 0.0000000840
1974 0.0000000839
1975 0.0000000837
1976 0.0000000836
1977 0.0000000835
1978 0.0000000833
1979 0.0000000831
1980 0.0000000830
1981 0.0000000828
1982 0.0000000826
1983 0.0000000825
1984 0.0000000823
1985 0.0000000821
1986 0.0000000819
1987 0.0000000817
1988 0.0000000814
1989 0.0000000812
1990 0.0000000809
1991 0.0000000806
1992 0.0000000802
1993 0.0000000798
1994 0.0000000793
1995 0.0000000787
1996 0.0000000779
1997 0.0000000766
1998 0.0000000742
1999 0.0000000661
2000 0.0000000000
