1 2000
0 0.9959018913
1 0.0011835782
2 0.0004864678
3 0.0003331840
4 0.0002409613
5 0.0001864190
6 0.0001507417
7 0.0001253986
8 0.0001064665
9 0.0000918269
10 0.0000801982
11 0.0000707580
12 0.0000629562
13 0.0000564125
14 0.0000508554
15 0.0000460861
16 0.0000419554
17 0.0000383494
18 0.0000351795
19 0.0000323756
20 0.0000298819
21 0.0000276531
22 0.0000256523
23 0.0000238489
24 0.0000222175
25 0.0000207368
26 0.0000193887
27 0.0000181580
28 0.0000170314
29 0.0000159978
30 0.0000150473
31 0.0000141713
32 0.0000133626
33 0.0000126146
34 0.0000119216
35 0.0000112784
36 0.0000106807
37 0.0000101243
38 0.0000096058
39 0.0000091220
40 0.0000086700
41 0.0000082472
42 0.0000078513
43 0.0000074802
44 0.0000071320
45 0.0000068050
46 0.0000064977
47 0.0000062085
48 0.0000059362
49 0.0000056796
50 0.0000054376
51 0.0000052092
52 0.0000049935
53 0.0000047896
54 0.0000045968
55 0.0000044143
56 0.0000042415
57 0.0000040778
58 0.0000039225
59 0.0000037753
60 0.0000036355
61 0.0000035027
62 0.0000033766
63 0.0000032567
64 0.0000031426
65 0.0000030341
66 0.0000029307
67 0.0000028323
68 0.0000027384
69 0.0000026490
70 0.0000025636
71 0.0000024822
72 0.0000024045
73 0.0000023302
74 0.0000022593
75 0.0000021914
76 0.0000021266
77 0.0000020645
78 0.0000020051
79 0.0000019483
80 0.0000018938
81 0.0000018416
82 0.0000017916
83 0.0000017437
84 0.0000016977
85 0.0000016535
86 0.0000016111
87 0.0000015704
88 0.0000015313
89 0.0000014938
90 0.0000014576
91 0.0000014229
92 0.0000013895
93 0.0000013573
94 0.0000013264
95 0.0000012965
96 0.0000012678
97 0.0000012402
98 0.0000012135
99 0.0000011877
100 0.0000011629
101 0.0000011390
102 0.0000011159
103 0.0000010935
104 0.0000010720
105 0.0000010511
106 0.0000010310
107 0.0000010115
108 0.0000009927
109 0.0000009745
110 0.0000009569
111 0.0000009398
112 0.0000009233
113 0.0000009073
114 0.0000008918
115 0.0000008767
116 0.0000008621
117 0.0000008480
118 0.0000008343
119 0.0000008210
120 0.0000008080
121 0.0000007955
122 0.0000007833
123 0.0000007714
124 0.0000007599
125 0.0000007487
126 0.0000007378
127 0.0000007273
128 0.0000007169
129 0.0000007069
130 0.0000006971
131 0.0000006876
132 0.0000006784
133 0.0000006693
134 0.0000006605
135 0.0000006519
136 0.0000006436
137 0.0000006354
138 0.0000006274
139 0.0000006197
140 0.0000006121
141 0.0000006046
142 0.0000005974
143 0.0000005903
144 0.0000005834
145 0.0000005766
146 0.0000005700
147 0.0000005636
148 0.0000005572
149 0.0000005510
150 0.0000005450
151 0.0000005390
152 0.0000005332
153 0.0000005275
154 0.0000005220
155 0.0000005165
156 0.0000005112
157 0.0000005059
158 0.0000005008
159 0.0000004957
160 0.0000004908
161 0.0000004859
162 0.0000004811
163 0.0000004765
164 0.0000004719
165 0.0000004674
166 0.0000004629
167 0.0000004586
168 0.0000004543
169 0.0000004501
170 0.0000004460
171 0.0000004419
172 0.0000004379
173 0.0000004340
174 0.0000004301
175 0.0000004263
176 0.0000004226
177 0.0000004189
178 0.0000004153
179 0.0000004118
180 0.0000004083
181 0.0000004048
182 0.0000004014
183 0.0000003981
184 0.0000003948
185 0.0000003915
186 0.0000003883
187 0.0000003852
188 0.0000003821
189 0.0000003790
190 0.0000003760
191 0.0000003730
192 0.0000003701
193 0.0000003672
194 0.0000003643
195 0.0000003615
196 0.0000003587
197 0.0000003560
198 0.0000003533
199 0.0000003506
200 0.0000003480
201 0.0000003454
202 0.0000003428
203 0.0000003402
204 0.0000003377
205 0.0000003353
206 0.0000003328
207 0.0000003304
208 0.0000003280
209 0.0000003257
210 0.0000003233
211 0.0000003210
212 0.0000003188
213 0.0000003165
214 0.0000003143
215 0.0000003121
216 0.0000003100
217 0.0000003078
218 0.0000003057
219 0.0000003036
220 0.0000003015
221 0.0000002995
222 0.0000002974
223 0.0000002954
224 0.0000002935
225 0.0000002915
226 0.0000002896
227 0.0000002876
228 0.0000002857
229 0.0000002839
230 0.0000002820
231 0.0000002802
232 0.0000002784
233 0.0000002766
234 0.0000002748
235 0.0000002730
236 0.0000002713
237 0.0000002695
238 0.0000002678
239 0.0000002661
240 0.0000002644
241 0.0000002628
242 0.0000002611
243 0.0000002595
244 0.0000002579
245 0.0000002563
246 0.0000002547
247 0.0000002532
248 0.0000002516
249 0.0000002501
250 0.0000002485
251 0.0000002470
252 0.0000002455
253 0.0000002441
254 0.0000002426
255 0.0000002411
256 0.0000002397
257 0.0000002383
258 0.0000002369
259 0.0000002355
260 0.0000002341
261 0.0000002327
262 0.0000002313
263 0.0000002300
264 0.0000002286
265 0.0000002273
266 0.0000002260
267 0.0000002247
268 0.0000002234
269 0.0000002221
270 0.0000002208
271 0.0000002196
272 0.0000002183
273 0.0000002171
274 0.0000002159
275 0.0000002147
276 0.0000002134
277 0.0000002122
278 0.0000002111
279 0.0000002099
280 0.0000002087
281 0.0000002076
282 0.0000002064
283 0.0000002053
284 0.0000002041
285 0.0000002030
286 0.0000002019
287 0.0000002008
288 0.0000001997
289 0.0000001986
290 0.0000001976
291 0.0000001965
292 0.0000001954
293 0.0000001944
294 0.0000001933
295 0.0000001923
296 0.0000001913
297 0.0000001903
298 0.0000001892
299 0.0000001882
300 0.0000001873
301 0.0000001863
302 0.0000001853
303 0.0000001843
304 0.0000001834
305 0.0000001824
306 0.0000001814
307 0.0000001805
308 0.0000001796
309 0.0000001786
310 0.0000001777
311 0.0000001768
312 0.0000001759
313 0.0000001750
314 0.0000001741
315 0.0000001732
316 0.0000001723
317 0.0000001715
318 0.0000001706
319 0.0000001697
320 0.0000001689
321 0.0000001680
322 0.0000001672
323 0.0000001664
324 0.0000001655
325 0.0000001647
326 0.0000001639
327 0.0000001631
328 0.0000001623
329 0.0000001615
330 0.0000001607
331 0.0000001599
332 0.0000001591
333 0.0000001583
334 0.0000001575
335 0.0000001568
336 0.0000001560
337 0.0000001553
338 0.0000001545
339 0.0000001538
340 0.0000001530
341 0.0000001523
342 0.0000001516
343 0.0000001508
344 0.0000001501
345 0.0000001494
346 0.0000001487
347 0.0000001480
348 0.0000001473
349 0.0000001466
350 0.0000001459
351 0.0000001452
352 0.0000001445
353 0.0000001438
354 0.0000001432
355 0.0000001425
356 0.0000001418
357 0.0000001412
358 0.0000001405
359 0.0000001399
360 0.0000001392
361 0.0000001386
362 0.0000001379
363 0.0000001373
364 0.0000001367
365 0.0000001360
366 0.0000001354
367 0.0000001348
368 0.0000001342
369 0.0000001336
370 0.0000001330
371 0.0000001324
372 0.0000001318
373 0.0000001312
374 0.0000001306
375 0.0000001300
376 0.0000001294
377 0.0000001288
378 0.0000001283
379 0.0000001277
380 0.0000001271
381 0.0000001266
382 0.0000001260
383 0.0000001254
384 0.0000001249
385 0.0000001243
386 0.0000001238
387 0.0000001232
388 0.0000001227
389 0.0000001222
390 0.0000001216
391 0.0000001211
392 0.0000001206
393 0.0000001201
394 0.0000001195
395 0.0000001190
396 0.0000001185
397 0.0000001180
398 0.0000001175
399 0.0000001170
400 0.0000001165
401 0.0000001160
402 0.0000001155
403 0.0000001150
404 0.0000001145
405 0.0000001140
406 0.0000001135
407 0.0000001130
408 0.0000001126
409 0.0000001121
410 0.0000001116
411 0.0000001111
412 0.0000001107
413 0.0000001102
414 0.0000001098
415 0.0000001093
416 0.0000001088
417 0.0000001084
418 0.0000001079
419 0.0000001075
420 0.0000001070
421 0.0000001066
422 0.0000001062
423 0.0000001057
424 0.0000001053
425 0.0000001048
426 0.0000001044
427 0.0000001040
428 0.0000001036
429 0.0000001031
430 0.0000001027
431 0.0000001023
432 0.0000001019
433 0.0000001015
434 0.0000001011
435 0.0000001007
436 0.0000001002
437 0.0000000998
438 0.0000000994
439 0.0000000990
440 0.0000000986
441 0.0000000982
442 0.0000000979
443 0.0000000975
444 0.0000000971
445 0.0000000967
446 0.0000000963
447 0.0000000959
448 0.0000000955
449 0.0000000952
450 0.0000000948
451 0.0000000944
452 0.0000000940
453 0.0000000937
454 0.0000000933
455 0.0000000929
456 0.0000000926
457 0.0000000922
458 0.0000000919
459 0.0000000915
460 0.0000000911
461 0.0000000908
462 0.0000000904
463 0.0000000901
464 0.0000000897
465 0.0000000894
466 0.0000000891
467 0.0000000887
468 0.0000000884
469 0.0000000880
470 0.0000000877
471 0.0000000874
472 0.0000000870
473 0.0000000867
474 0.0000000864
475 0.0000000860
476 0.0000000857
477 0.0000000854
478 0.0000000851
479 0.0000000847
480 0.0000000844
481 0.0000000841
482 0.0000000838
483 0.0000000835
484 0.0000000832
485 0.0000000828
486 0.0000000825
487 0.0000000822
488 0.0000000819
489 0.0000000816
490 0.0000000813
491 0.0000000810
492 0.0000000807
493 0.0000000804
494 0.0000000801
495 0.0000000798
496 0.0000000795
497 0.0000000792
498 0.0000000789
499 0.0000000787
500 0.0000000784
501 0.0000000781
502 0.0000000778
503 0.0000000775
504 0.0000000772
505 0.0000000769
506 0.0000000767
507 0.0000000764
508 0.0000000761
509 0.0000000758
510 0.0000000756
511 0.0000000753
512 0.0000000750
513 0.0000000747
514 0.0000000745
515 0.0000000742
516 0.0000000739
517 0.0000000737
518 0.0000000734
519 0.0000000732
520 0.0000000729
521 0.0000000726
522 0.0000000724
523 0.0000000721
524 0.0000000719
525 0.0000000716
526 0.0000000714
527 0.0000000711
528 0.0000000709
529 0.0000000706
530 0.0000000704
531 0.0000000701
532 0.0000000699
533 0.0000000696
534 0.0000000694
535 0.0000000691
536 0.0000000689
537 0.0000000687
538 0.0000000684
539 0.0000000682
540 0.0000000679
541 0.0000000677
542 0.0000000675
543 0.0000000672
544 0.0000000670
545 0.0000000668
546 0.0000000665
547 0.0000000663
548 0.0000000661
549 0.0000000659
550 0.0000000656
551 0.0000000654
552 0.0000000652
553 0.0000000650
554 0.0000000647
555 0.0000000645
556 0.0000000643
557 0.0000000641
558 0.0000000639
559 0.0000000637
560 0.0000000634
561 0.0000000632
562 0.0000000630
563 0.0000000628
564 0.0000000626
565 0.0000000624
566 0.0000000622
567 0.0000000620
568 0.0000000618
569 0.0000000615
570 0.0000000613
571 0.0000000611
572 0.0000000609
573 0.0000000607
574 0.0000000605
575 0.0000000603
576 0.0000000601
577 0.0000000599
578 0.0000000597
579 0.0000000595
580 0.0000000593
581 0.0000000591
582 0.0000000590
583 0.0000000588
584 0.0000000586
585 0.0000000584
586 0.0000000582
587 0.0000000580
588 0.0000000578
589 0.0000000576
590 0.0000000574
591 0.0000000572
592 0.0000000571
593 0.0000000569
594 0.0000000567
595 0.0000000565
596 0.0000000563
597 0.0000000561
598 0.0000000560
599 0.0000000558
600 0.0000000556
601 0.0000000554
602 0.0000000552
603 0.0000000551
604 0.0000000549
605 0.0000000547
606 0.0000000545
607 0.0000000544
608 0.0000000542
609 0.0000000540
610 0.0000000538
611 0.0000000537
612 0.0000000535
613 0.0000000533
614 0.0000000532
615 0.0000000530
616 0.0000000528
617 0.0000000527
618 0.0000000525
619 0.0000000523
620 0.0000000522
621 0.0000000520
622 0.0000000518
623 0.0000000517
624 0.0000000515
625 0.0000000514
626 0.0000000512
627 0.0000000510
628 0.0000000509
629 0.0000000507
630 0.0000000506
631 0.0000000504
632 0.0000000503
633 0.0000000501
634 0.0000000499
635 0.0000000498
636 0.0000000496
637 0.0000000495
638 0.0000000493
639 0.0000000492
640 0.0000000490
641 0.0000000489
642 0.0000000487
643 0.0000000486
644 0.0000000484
645 0.0000000483
646 0.0000000481
647 0.0000000480
648 0.0000000478
649 0.0000000477
650 0.0000000476
651 0.0000000474
652 0.0000000473
653 0.0000000471
654 0.0000000470
655 0.0000000468
656 0.0000000467
657 0.0000000466
658 0.0000000464
659 0.0000000463
660 0.0000000461
661 0.0000000460
662 0.0000000459
663 0.0000000457
664 0.0000000456
665 0.0000000455
666 0.0000000453
667 0.0000000452
668 0.0000000451
669 0.0000000449
670 0.0000000448
671 0.0000000447
672 0.0000000445
673 0.0000000444
674 0.0000000443
675 0.0000000441
676 0.0000000440
677 0.0000000439
678 0.0000000437
679 0.0000000436
680 0.0000000435
681 0.0000000434
682 0.0000000432
683 0.0000000431
684 0.0000000430
685 0.0000000429
686 0.0000000427
687 0.0000000426
688 0.0000000425
689 0.0000000424
690 0.0000000422
691 0.0000000421
692 0.0000000420
693 0.0000000419
694 0.0000000417
695 0.0000000416
696 0.0000000415
697 0.0000000414
698 0.0000000413
699 0.0000000411
700 0.0000000410
701 0.0000000409
702 0.0000000408
703 0.0000000407
704 0.0000000406
705 0.0000000404
706 0.0000000403
707 0.0000000402
708 0.0000000401
709 0.0000000400
710 0.0000000399
711 0.0000000398
712 0.0000000396
713 0.0000000395
714 0.0000000394
715 0.0000000393
716 0.0000000392
717 0.0000000391
718 0.0000000390
719 0.0000000389
720 0.0000000388
721 0.0000000386
722 0.0000000385
723 0.0000000384
724 0.0000000383
725 0.0000000382
726 0.0000000381
727 0.0000000380
728 0.0000000379
729 0.0000000378
730 0.0000000377
731 0.0000000376
732 0.0000000375
733 0.0000000374
734 0.0000000373
735 0.0000000372
736 0.0000000371
737 0.0000000370
738 0.0000000369
739 0.0000000368
740 0.0000000367
741 0.0000000366
742 0.0000000365
743 0.0000000364
744 0.0000000363
745 0.0000000362
746 0.0000000361
747 0.0000000360
748 0.0000000359
749 0.0000000358
750 0.0000000357
751 0.0000000356
752 0.0000000355
753 0.0000000354
754 0.0000000353
755 0.0000000352
756 0.0000000351
757 0.0000000350
758 0.0000000349
759 0.0000000348
760 0.0000000347
761 0.0000000346
762 0.0000000345
763 0.0000000344
764 0.0000000343
765 0.0000000342
766 0.0000000342
767 0.0000000341
768 0.0000000340
769 0.0000000339
770 0.0000000338
771 0.0000000337
772 0.0000000336
773 0.0000000335
774 0.0000000334
775 0.0000000333
776 0.0000000333
777 0.0000000332
778 0.0000000331
779 0.0000000330
780 0.0000000329
781 0.0000000328
782 0.0000000327
783 0.0000000326
784 0.0000000326
785 0.0000000325
786 0.0000000324
787 0.0000000323
788 0.0000000322
789 0.0000000321
790 0.0000000320
791 0.0000000320
792 0.0000000319
793 0.0000000318
794 0.0000000317
795 0.0000000316
796 0.0000000315
797 0.0000000315
798 0.0000000314
799 0.0000000313
800 0.0000000312
801 0.0000000311
802 0.0000000311
803 0.0000000310
804 0.0000000309
805 0.0000000308
806 0.0000000307
807 0.0000000307
808 0.0000000306
809 0.0000000305
810 0.0000000304
811 0.0000000303
812 0.0000000303
813 0.0000000302
814 0.0000000301
815 0.0000000300
816 0.0000000300
817 0.0000000299
818 0.0000000298
819 0.0000000297
820 0.0000000297
821 0.0000000296
822 0.0000000295
823 0.0000000294
824 0.0000000294
825 0.0000000293
826 0.0000000292
827 0.0000000291
828 0.0000000291
829 0.0000000290
830 0.0000000289
831 0.0000000288
832 0.0000000288
833 0.0000000287
834 0.0000000286
835 0.0000000285
836 0.0000000285
837 0.0000000284
838 0.0000000283
839 0.0000000283
840 0.0000000282
841 0.0000000281
842 0.0000000280
843 0.0000000280
844 0.0000000279
845 0.0000000278
846 0.0000000278
847 0.0000000277
848 0.0000000276
849 0.0000000276
850 0.0000000275
851 0.0000000274
852 0.0000000274
853 0.0000000273
854 0.0000000272
855 0.0000000272
856 0.0000000271
857 0.0000000270
858 0.0000000270
859 0.0000000269
860 0.0000000268
861 0.0000000268
862 0.0000000267
863 0.0000000266
864 0.0000000266
865 0.0000000265
866 0.0000000264
867 0.0000000264
868 0.0000000263
869 0.0000000262
870 0.0000000262
871 0.0000000261
872 0.0000000260
873 0.0000000260
874 0.0000000259
875 0.0000000259
876 0.0000000258
877 0.0000000257
878 0.0000000257
879 0.0000000256
880 0.0000000255
881 0.0000000255
882 0.0000000254
883 0.0000000254
884 0.0000000253
885 0.0000000252
886 0.0000000252
887 0.0000000251
888 0.0000000251
889 0.0000000250
890 0.0000000249
891 0.0000000249
892 0.0000000248
893 0.0000000248
894 0.0000000247
895 0.0000000246
896 0.0000000246
897 0.0000000245
898 0.0000000245
899 0.0000000244
900 0.0000000244
901 0.0000000243
902 0.0000000242
903 0.0000000242
904 0.0000000241
905 0.0000000241
906 0.0000000240
907 0.0000000240
908 0.0000000239
909 0.0000000238
910 0.0000000238
911 0.0000000237
912 0.0000000237
913 0.0000000236
914 0.0000000236
915 0.0000000235
916 0.0000000235
917 0.0000000234
918 0.0000000233
919 0.0000000233
920 0.0000000232
921 0.0000000232
922 0.0000000231
923 0.0000000231
924 0.0000000230
925 0.0000000230
926 0.0000000229
927 0.0000000229
928 0.0000000228
929 0.0000000228
930 0.0000000227
931 0.0000000226
932 0.0000000226
933 0.0000000225
934 0.0000000225
935 0.0000000224
936 0.0000000224
937 0.0000000223
938 0.0000000223
939 0.0000000222
940 0.0000000222
941 0.0000000221
942 0.0000000221
943 0.0000000220
944 0.0000000220
945 0.0000000219
946 0.0000000219
947 0.0000000218
948 0.0000000218
949 0.0000000217
950 0.0000000217
951 0.0000000216
952 0.0000000216
953 0.0000000215
954 0.0000000215
955 0.0000000214
956 0.0000000214
957 0.0000000213
958 0.0000000213
959 0.0000000212
960 0.0000000212
961 0.0000000211
962 0.0000000211
963 0.0000000211
964 0.0000000210
965 0.0000000210
966 0.0000000209
967 0.0000000209
968 0.0000000208
969 0.0000000208
970 0.0000000207
971 0.0000000207
972 0.0000000206
973 0.0000000206
974 0.0000000205
975 0.0000000205
976 0.0000000204
977 0.0000000204
978 0.0000000204
979 0.0000000203
980 0.0000000203
981 0.0000000202
982 0.0000000202
983 0.0000000201
984 0.0000000201
985 0.0000000200
986 0.0000000200
987 0.0000000200
988 0.0000000199
989 0.0000000199
990 0.0000000198
991 0.0000000198
992 0.0000000197
993 0.0000000197
994 0.0000000196
995 0.0000000196
996 0.0000000196
997 0.0000000195
998 0.0000000195
999 0.0000000194
1000 0.0000000194
1001 0.0000000194
1002 0.0000000193
1003 0.0000000193
1004 0.0000000192
1005 0.0000000192
1006 0.0000000191
1007 0.0000000191
1008 0.0000000191
1009 0.0000000190
1010 0.0000000190
1011 0.0000000189
1012 0.0000000189
1013 0.0000000189
1014 0.0000000188
1015 0.0000000188
1016 0.0000000187
1017 0.0000000187
1018 0.0000000187
1019 0.0000000186
1020 0.0000000186
1021 0.0000000185
1022 0.0000000185
1023 0.0000000185
1024 0.0000000184
1025 0.0000000184
1026 0.0000000183
1027 0.0000000183
1028 0.0000000183
1029 0.0000000182
1030 0.0000000182
1031 0.0000000181
1032 0.0000000181
1033 0.0000000181
1034 0.0000000180
1035 0.0000000180
1036 0.0000000179
1037 0.0000000179
1038 0.0000000179
1039 0.0000000178
1040 0.0000000178
1041 0.0000000178
1042 0.0000000177
1043 0.0000000177
1044 0.0000000176
1045 0.0000000176
1046 0.0000000176
1047 0.0000000175
1048 0.0000000175
1049 0.0000000175
1050 0.0000000174
1051 0.0000000174
1052 0.0000000174
1053 0.0000000173
1054 0.0000000173
1055 0.0000000172
1056 0.0000000172
1057 0.0000000172
1058 0.0000000171
1059 0.0000000171
1060 0.0000000171
1061 0.0000000170
1062 0.0000000170
1063 0.0000000170
1064 0.0000000169
1065 0.0000000169
1066 0.0000000169
1067 0.0000000168
1068 0.0000000168
1069 0.0000000167
1070 0.0000000167
1071 0.0000000167
1072 0.0000000166
1073 0.0000000166
1074 0.0000000166
1075 0.0000000165
1076 0.0000000165
1077 0.0000000165
1078 0.0000000164
1079 0.0000000164
1080 0.0000000164
1081 0.0000000163
1082 0.0000000163
1083 0.0000000163
1084 0.0000000162
1085 0.0000000162
1086 0.0000000162
1087 0.0000000161
1088 0.0000000161
1089 0.0000000161
1090 0.0000000160
1091 0.0000000160
1092 0.0000000160
1093 0.0000000159
1094 0.0000000159
1095 0.0000000159
1096 0.0000000158
1097 0.0000000158
1098 0.0000000158
1099 0.0000000157
1100 0.0000000157
1101 0.0000000157
1102 0.0000000157
1103 0.0000000156
1104 0.0000000156
1105 0.0000000156
1106 0.0000000155
1107 0.0000000155
1108 0.0000000155
1109 0.0000000154
1110 0.0000000154
1111 0.0000000154
1112 0.0000000153
1113 0.0000000153
1114 0.0000000153
1115 0.0000000152
1116 0.0000000152
1117 0.0000000152
1118 0.0000000152
1119 0.0000000151
1120 0.0000000151
1121 0.0000000151
1122 0.0000000150
1123 0.0000000150
1124 0.0000000150
1125 0.0000000149
1126 0.0000000149
1127 0.0000000149
1128 0.0000000149
1129 0.0000000148
1130 0.0000000148
1131 0.0000000148
1132 0.0000000147
1133 0.0000000147
1134 0.0000000147
1135 0.0000000147
1136 0.0000000146
1137 0.0000000146
1138 0.0000000146
1139 0.0000000145
1140 0.0000000145
1141 0.0000000145
1142 0.0000000145
1143 0.0000000144
1144 0.0000000144
1145 0.0000000144
1146 0.0000000143
1147 0.0000000143
1148 0.0000000143
1149 0.0000000143
1150 0.0000000142
1151 0.0000000142
1152 0.0000000142
1153 0.0000000141
1154 0.0000000141
1155 0.0000000141
1156 0.0000000141
1157 0.0000000140
1158 0.0000000140
1159 0.0000000140
1160 0.0000000140
1161 0.0000000139
1162 0.0000000139
1163 0.0000000139
1164 0.0000000139
1165 0.0000000138
1166 0.0000000138
1167 0.0000000138
1168 0.0000000137
1169 0.0000000137
1170 0.0000000137
1171 0.0000000137
1172 0.0000000136
1173 0.0000000136
1174 0.0000000136
1175 0.0000000136
1176 0.0000000135
1177 0.0000000135
1178 0.0000000135
1179 0.0000000135
1180 0.0000000134
1181 0.0000000134
1182 0.0000000134
1183 0.0000000134
1184 0.0000000133
1185 0.0000000133
1186 0.0000000133
1187 0.0000000133
1188 0.0000000132
1189 0.0000000132
1190 0.0000000132
1191 0.0000000132
1192 0.0000000131
1193 0.0000000131
1194 0.0000000131
1195 0.0000000131
1196 0.0000000130
1197 0.0000000130
1198 0.0000000130
1199 0.0000000130
1200 0.0000000129
1201 0.0000000129
1202 0.0000000129
1203 0.0000000129
1204 0.0000000128
1205 0.0000000128
1206 0.0000000128
1207 0.0000000128
1208 0.0000000127
1209 0.0000000127
1210 0.0000000127
1211 0.0000000127
1212 0.0000000126
1213 0.0000000126
1214 0.0000000126
1215 0.0000000126
1216 0.0000000126
1217 0.0000000125
1218 0.0000000125
1219 0.0000000125
1220 0.0000000125
1221 0.0000000124
1222 0.0000000124
1223 0.0000000124
1224 0.0000000124
1225 0.0000000123
1226 0.0000000123
1227 0.0000000123
1228 0.0000000123
1229 0.0000000123
1230 0.0000000122
1231 0.0000000122
1232 0.0000000122
1233 0.0000000122
1234 0.0000000121
1235 0.0000000121
1236 0.0000000121
1237 0.0000000121
1238 0.0000000121
1239 0.0000000120
1240 0.0000000120
1241 0.0000000120
1242 0.0000000120
1243 0.0000000119
1244 0.0000000119
1245 0.0000000119
1246 0.0000000119
1247 0.0000000119
1248 0.0000000118
1249 0.0000000118
1250 0.0000000118
1251 0.0000000118
1252 0.0000000117
1253 0.0000000117
1254 0.0000000117
1255 0.0000000117
1256 0.0000000117
1257 0.0000000116
1258 0.0000000116
1259 0.0000000116
1260 0.0000000116
1261 0.0000000116
1262 0.0000000115
1263 0.0000000115
1264 0.0000000115
1265 0.0000000115
1266 0.0000000115
1267 0.0000000114
1268 0.0000000114
1269 0.0000000114
1270 0.0000000114
1271 0.0000000114
1272 0.0000000113
1273 0.0000000113
1274 0.0000000113
1275 0.0000000113
1276 0.0000000112
1277 0.0000000112
1278 0.0000000112
1279 0.0000000112
1280 0.0000000112
1281 0.0000000111
1282 0.0000000111
1283 0.0000000111
1284 0.0000000111
1285 0.0000000111
1286 0.0000000111
1287 0.0000000110
1288 0.0000000110
1289 0.0000000110
1290 0.0000000110
1291 0.0000000110
1292 0.0000000109
1293 0.0000000109
1294 0.0000000109
1295 0.0000000109
1296 0.0000000109
1297 0.0000000108
1298 0.0000000108
1299 0.0000000108
1300 0.0000000108
1301 0.0000000108
1302 0.0000000107
1303 0.0000000107
1304 0.0000000107
1305 0.0000000107
1306 0.0000000107
1307 0.0000000106
1308 0.0000000106
1309 0.0000000106
1310 0.0000000106
1311 0.0000000106
1312 0.0000000106
1313 0.0000000105
1314 0.0000000105
1315 0.0000000105
1316 0.0000000105
1317 0.0000000105
1318 0.0000000104
1319 0.0000000104
1320 0.0000000104
1321 0.0000000104
1322 0.0000000104
1323 0.0000000104
1324 0.0000000103
1325 0.0000000103
1326 0.0000000103
1327 0.0000000103
1328 0.0000000103
1329 0.0000000102
1330 0.0000000102
1331 0.0000000102
1332 0.0000000102
1333 0.0000000102
1334 0.0000000102
1335 0.0000000101
1336 0.0000000101
1337 0.0000000101
1338 0.0000000101
1339 0.0000000101
1340 0.0000000101
1341 0.0000000100
1342 0.0000000100
1343 0.0000000100
1344 0.0000000100
1345 0.0000000100
1346 0.0000000100
1347 0.0000000099
1348 0.0000000099
1349 0.0000000099
1350 0.0000000099
1351 0.0000000099
1352 0.0000000099
1353 0.0000000098
1354 0.0000000098
1355 0.0000000098
1356 0.0000000098
1357 0.0000000098
1358 0.0000000098
1359 0.0000000097
1360 0.0000000097
1361 0.0000000097
1362 0.0000000097
1363 0.0000000097
1364 0.0000000097
1365 0.0000000096
1366 0.0000000096
1367 0.0000000096
1368 0.0000000096
1369 0.0000000096
1370 0.0000000096
1371 0.0000000095
1372 0.0000000095
1373 0.0000000095
1374 0.0000000095
1375 0.0000000095
1376 0.0000000095
1377 0.0000000094
1378 0.0000000094
1379 0.0000000094
1380 0.0000000094
1381 0.0000000094
1382 0.0000000094
1383 0.0000000094
1384 0.0000000093
1385 0.0000000093
1386 0.0000000093
1387 0.0000000093
1388 0.0000000093
1389 0.0000000093
1390 0.0000000092
1391 0.0000000092
1392 0.0000000092
1393 0.0000000092
1394 0.0000000092
1395 0.0000000092
1396 0.0000000092
1397 0.0000000091
1398 0.0000000091
1399 0.0000000091
1400 0.0000000091
1401 0.0000000091
1402 0.0000000091
1403 0.0000000090
1404 0.0000000090
1405 0.0000000090
1406 0.0000000090
1407 0.0000000090
1408 0.0000000090
1409 0.0000000090
1410 0.0000000089
1411 0.0000000089
1412 0.0000000089
1413 0.0000000089
1414 0.0000000089
1415 0.0000000089
1416 0.0000000089
1417 0.0000000088
1418 0.0000000088
1419 0.0000000088
1420 0.0000000088
1421 0.0000000088
1422 0.0000000088
1423 0.0000000088
1424 0.0000000087
1425 0.0000000087
1426 0.0000000087
1427 0.0000000087
1428 0.0000000087
1429 0.0000000087
1430 0.0000000087
1431 0.0000000086
1432 0.0000000086
1433 0.0000000086
1434 0.0000000086
1435 0.0000000086
1436 0.0000000086
1437 0.0000000086
1438 0.0000000085
1439 0.0000000085
1440 0.0000000085
1441 0.0000000085
1442 0.0000000085
1443 0.0000000085
1444 0.0000000085
1445 0.0000000084
1446 0.0000000084
1447 0.0000000084
1448 0.0000000084
1449 0.0000000084
1450 0.0000000084
1451 0.0000000084
1452 0.0000000084
1453 0.0000000083
1454 0.0000000083
1455 0.0000000083
1456 0.0000000083
1457 0.0000000083
1458 0.0000000083
1459 0.0000000083
1460 0.0000000082
1461 0.0000000082
1462 0.0000000082
1463 0.0000000082
1464 0.0000000082
1465 0.0000000082
1466 0.0000000082
1467 0.0000000082
1468 0.0000000081
1469 0.0000000081
1470 0.0000000081
1471 0.0000000081
1472 0.0000000081
1473 0.0000000081
1474 0.0000000081
1475 0.0000000081
1476 0.0000000080
1477 0.0000000080
1478 0.0000000080
1479 0.0000000080
1480 0.0000000080
1481 0.0000000080
1482 0.0000000080
1483 0.0000000080
1484 0.0000000079
1485 0.0000000079
1486 0.0000000079
1487 0.0000000079
1488 0.0000000079
1489 0.0000000079
1490 0.0000000079
1491 0.0000000079
1492 0.0000000078
1493 0.0000000078
1494 0.0000000078
1495 0.0000000078
1496 0.0000000078
1497 0.0000000078
1498 0.0000000078
1499 0.0000000078
1500 0.0000000077
1501 0.0000000077
1502 0.0000000077
1503 0.0000000077
1504 0.0000000077
1505 0.0000000077
1506 0.0000000077
1507 0.0000000077
1508 0.0000000076
1509 0.0000000076
1510 0.0000000076
1511 0.0000000076
1512 0.0000000076
1513 0.0000000076
1514 0.0000000076
1515 0.0000000076
1516 0.0000000076
1517 0.0000000075
1518 0.0000000075
1519 0.0000000075
1520 0.0000000075
1521 0.0000000075
1522 0.0000000075
1523 0.0000000075
1524 0.0000000075
1525 0.0000000075
1526 0.0000000074
1527 0.0000000074
1528 0.0000000074
1529 0.0000000074
1530 0.0000000074
1531 0.0000000074
1532 0.0000000074
1533 0.0000000074
1534 0.0000000073
1535 0.0000000073
1536 0.0000000073
1537 0.0000000073
1538 0.0000000073
1539 0.0000000073
1540 0.0000000073
1541 0.0000000073
1542 0.0000000073
1543 0.0000000072
1544 0.0000000072
1545 0.0000000072
1546 0.0000000072
1547 0.0000000072
1548 0.0000000072
1549 0.0000000072
1550 0.0000000072
1551 0.0000000072
1552 0.0000000072
1553 0.0000000071
1554 0.0000000071
1555 0.0000000071
1556 0.0000000071
1557 0.0000000071
1558 0.0000000071
1559 0.0000000071
1560 0.0000000071
1561 0.0000000071
1562 0.0000000070
1563 0.0000000070
1564 0.0000000070
1565 0.0000000070
1566 0.0000000070
1567 0.0000000070
1568 0.0000000070
1569 0.0000000070
1570 0.0000000070
1571 0.0000000069
1572 0.0000000069
1573 0.0000000069
1574 0.0000000069
1575 0.0000000069
1576 0.0000000069
1577 0.0000000069
1578 0.0000000069
1579 0.0000000069
1580 0.0000000069
1581 0.0000000068
1582 0.0000000068
1583 0.0000000068
1584 0.0000000068
1585 0.0000000068
1586 0.0000000068
1587 0.0000000068
1588 0.0000000068
1589 0.0000000068
1590 0.0000000068
1591 0.0000000067
1592 0.0000000067
1593 0.0000000067
1594 0.0000000067
1595 0.0000000067
1596 0.0000000067
1597 0.0000000067
1598 0.0000000067
1599 0.0000000067
1600 0.0000000067
1601 0.0000000066
1602 0.0000000066
1603 0.0000000066
1604 0.0000000066
1605 0.0000000066
1606 0.0000000066
1607 0.0000000066
1608 0.0000000066
1609 0.0000000066
1610 0.0000000066
1611 0.0000000065
1612 0.0000000065
1613 0.0000000065
1614 0.0000000065
1615 0.0000000065
1616 0.0000000065
1617 0.0000000065
1618 0.0000000065
1619 0.0000000065
1620 0.0000000065
1621 0.0000000065
1622 0.0000000064
1623 0.0000000064
1624 0.0000000064
1625 0.0000000064
1626 0.0000000064
1627 0.0000000064
1628 0.0000000064
1629 0.0000000064
1630 0.0000000064
1631 0.0000000064
1632 0.0000000064
1633 0.0000000063
1634 0.0000000063
1635 0.0000000063
1636 0.0000000063
1637 0.0000000063
1638 0.0000000063
1639 0.0000000063
1640 0.0000000063
1641 0.0000000063
1642 0.0000000063
1643 0.0000000063
1644 0.0000000062
1645 0.0000000062
1646 0.0000000062
1647 0.0000000062
1648 0.0000000062
1649 0.0000000062
1650 0.0000000062
1651 0.0000000062
1652 0.0000000062
1653 0.0000000062
1654 0.0000000062
1655 0.0000000061
1656 0.0000000061
1657 0.0000000061
1658 0.0000000061
1659 0.0000000061
1660 0.0000000061
1661 0.0000000061
1662 0.0000000061
1663 0.0000000061
1664 0.0000000061
1665 0.0000000061
1666 0.0000000060
1667 0.0000000060
1668 0.0000000060
1669 0.0000000060
1670 0.0000000060
1671 0.0000000060
1672 0.0000000060
1673 0.0000000060
1674 0.0000000060
1675 0.0000000060
1676 0.0000000060
1677 0.0000000060
1678 0.0000000059
1679 0.0000000059
1680 0.0000000059
1681 0.0000000059
1682 0.0000000059
1683 0.0000000059
1684 0.0000000059
1685 0.0000000059
1686 0.0000000059
1687 0.0000000059
1688 0.0000000059
1689 0.0000000059
1690 0.0000000058
1691 0.0000000058
1692 0.0000000058
1693 0.0000000058
1694 0.0000000058
1695 0.0000000058
1696 0.0000000058
1697 0.0000000058
1698 0.0000000058
1699 0.0000000058
1700 0.0000000058
1701 0.0000000058
1702 0.0000000057
1703 0.0000000057
1704 0.0000000057
1705 0.0000000057
1706 0.0000000057
1707 0.0000000057
1708 0.0000000057
1709 0.0000000057
1710 0.0000000057
1711 0.0000000057
1712 0.0000000057
1713 0.0000000057
1714 0.0000000056
1715 0.0000000056
1716 0.0000000056
1717 0.0000000056
1718 0.0000000056
1719 0.0000000056
1720 0.0000000056
1721 0.0000000056
1722 0.0000000056
1723 0.0000000056
1724 0.0000000056
1725 0.0000000056
1726 0.0000000056
1727 0.0000000055
1728 0.0000000055
1729 0.0000000055
1730 0.0000000055
1731 0.0000000055
1732 0.0000000055
1733 0.0000000055
1734 0.0000000055
1735 0.0000000055
1736 0.0000000055
1737 0.0000000055
1738 0.0000000055
1739 0.0000000055
1740 0.0000000054
1741 0.0000000054
1742 0.0000000054
1743 0.0000000054
1744 0.0000000054
1745 0.0000000054
1746 0.0000000054
1747 0.0000000054
1748 0.0000000054
1749 0.0000000054
1750 0.0000000054
1751 0.0000000054
1752 0.0000000054
1753 0.0000000054
1754 0.0000000053
1755 0.0000000053
1756 0.0000000053
1757 0.0000000053
1758 0.0000000053
1759 0.0000000053
1760 0.0000000053
1761 0.0000000053
1762 0.0000000053
1763 0.0000000053
1764 0.0000000053
1765 0.0000000053
1766 0.0000000053
1767 0.0000000052
1768 0.0000000052
1769 0.0000000052
1770 0.0000000052
1771 0.0000000052
1772 0.0000000052
1773 0.0000000052
1774 0.0000000052
1775 0.0000000052
1776 0.0000000052
1777 0.0000000052
1778 0.0000000052
1779 0.0000000052
1780 0.0000000052
1781 0.0000000051
1782 0.0000000051
1783 0.0000000051
1784 0.0000000051
1785 0.0000000051
1786 0.0000000051
1787 0.0000000051
1788 0.0000000051
1789 0.0000000051
1790 0.0000000051
1791 0.0000000051
1792 0.0000000051
1793 0.0000000051
1794 0.0000000051
1795 0.0000000050
1796 0.0000000050
1797 0.0000000050
1798 0.0000000050
1799 0.0000000050
1800 0.0000000050
1801 0.0000000050
1802 0.0000000050
1803 0.0000000050
1804 0.0000000050
1805 0.0000000050
1806 0.0000000050
1807 0.0000000050
1808 0.0000000050
1809 0.0000000050
1810 0.0000000049
1811 0.0000000049
1812 0.0000000049
1813 0.0000000049
1814 0.0000000049
1815 0.0000000049
1816 0.0000000049
1817 0.0000000049
1818 0.0000000049
1819 0.0000000049
1820 0.0000000049
1821 0.0000000049
1822 0.0000000049
1823 0.0000000049
1824 0.0000000049
1825 0.0000000048
1826 0.0000000048
1827 0.0000000048
1828 0.0000000048
1829 0.0000000048
1830 0.0000000048
1831 0.0000000048
1832 0.0000000048
1833 0.0000000048
1834 0.0000000048
1835 0.0000000048
1836 0.0000000048
1837 0.0000000048
1838 0.0000000048
1839 0.0000000048
1840 0.0000000047
1841 0.0000000047
1842 0.0000000047
1843 0.0000000047
1844 0.0000000047
1845 0.0000000047
1846 0.0000000047
1847 0.0000000047
1848 0.0000000047
1849 0.0000000047
1850 0.0000000047
1851 0.0000000047
1852 0.0000000047
1853 0.0000000047
1854 0.0000000047
1855 0.0000000046
1856 0.0000000046
1857 0.0000000046
1858 0.0000000046
1859 0.0000000046
1860 0.0000000046
1861 0.0000000046
1862 0.0000000046
1863 0.0000000046
1864 0.0000000046
1865 0.0000000046
1866 0.0000000046
1867 0.0000000046
1868 0.0000000046
1869 0.0000000046
1870 0.0000000046
1871 0.0000000045
1872 0.0000000045
1873 0.0000000045
1874 0.0000000045
1875 0.0000000045
1876 0.0000000045
1877 0.0000000045
1878 0.0000000045
1879 0.0000000045
1880 0.0000000045
1881 0.0000000045
1882 0.0000000045
1883 0.0000000045
1884 0.0000000045
1885 0.0000000045
1886 0.0000000045
1887 0.0000000044
1888 0.0000000044
1889 0.0000000044
1890 0.0000000044
1891 0.0000000044
1892 0.0000000044
1893 0.0000000044
1894 0.0000000044
1895 0.0000000044
1896 0.0000000044
1897 0.0000000044
1898 0.0000000044
1899 0.0000000044
1900 0.0000000044
1901 0.0000000044
1902 0.0000000044
1903 0.0000000043
1904 0.0000000043
1905 0.0000000043
1906 0.0000000043
1907 0.0000000043
1908 0.0000000043
1909 0.0000000043
1910 0.0000000043
1911 0.0000000043
1912 0.0000000043
1913 0.0000000043
1914 0.0000000043
1915 0.0000000043
1916 0.0000000043
1917 0.0000000043
1918 0.0000000043
1919 0.0000000042
1920 0.0000000042
1921 0.0000000042
1922 0.0000000042
1923 0.0000000042
1924 0.0000000042
1925 0.0000000042
1926 0.0000000042
1927 0.0000000042
1928 0.0000000042
1929 0.0000000042
1930 0.0000000042
1931 0.0000000042
1932 0.0000000042
1933 0.0000000042
1934 0.0000000042
1935 0.0000000041
1936 0.0000000041
1937 0.0000000041
1938 0.0000000041
1939 0.0000000041
1940 0.0000000041
1941 0.0000000041
1942 0.0000000041
1943 0.0000000041
1944 0.0000000041
1945 0.0000000041
1946 0.0000000041
1947 0.0000000041
1948 0.0000000041
1949 0.0000000041
1950 0.0000000040
1951 0.0000000040
1952 0.0000000040
1953 0.0000000040
1954 0.0000000040
1955 0.0000000040
1956 0.0000000040
1957 0.0000000040
1958 0.0000000040
1959 0.0000000040
1960 0.0000000040
1961 0.0000000040
1962 0.0000000040
1963 0.0000000040
1964 0.0000000040
1965 0.0000000040
1966 0.0000000039
1967 0.0000000039
1968 0.0000000039
1969 0.0000000039
1970 0.0000000039
1971 0.0000000039
1972 0.0000000039
1973 0.0000000039
1974 0.0000000039
1975 0.0000000039
1976 0.0000000039
1977 0.0000000039
1978 0.0000000039
1979 0.0000000038
1980 0.0000000038
1981 0.0000000038
1982 0.0000000038
1983 0.0000000038
1984 0.0000000038
1985 0.0000000038
1986 0.0000000038
1987 0.0000000038
1988 0.0000000038
1989 0.0000000038
1990 0.0000000037
1991 0.0000000037
1992 0.0000000037
1993 0.0000000037
1994 0.0000000037
1995 0.0000000036
1996 0.0000000036
1997 0.0000000035
1998 0.0000000034
1999 0.0000000031
2000 0.0000000000
