1 348
0 0.9860521282
1 0.0054151690
2 0.0017209101
3 0.0010227304
4 0.0006581871
5 0.0004691307
6 0.0003590114
7 0.0002878256
8 0.0002384960
9 0.0002025566
10 0.0001753151
11 0.0001539962
12 0.0001368779
13 0.0001228447
14 0.0001111446
15 0.0001012525
16 0.0000927900
17 0.0000854775
18 0.0000791033
19 0.0000735046
20 0.0000685534
21 0.0000641484
22 0.0000602077
23 0.0000566649
24 0.0000534653
25 0.0000505637
26 0.0000479222
27 0.0000455091
28 0.0000432972
29 0.0000412637
30 0.0000393889
31 0.0000376557
32 0.0000360495
33 0.0000345575
34 0.0000331685
35 0.0000318728
36 0.0000306617
37 0.0000295277
38 0.0000284638
39 0.0000274643
40 0.0000265236
41 0.0000256370
42 0.0000248002
43 0.0000240093
44 0.0000232609
45 0.0000225517
46 0.0000218790
47 0.0000212401
48 0.0000206326
49 0.0000200545
50 0.0000195038
51 0.0000189786
52 0.0000184773
53 0.0000179984
54 0.0000175405
55 0.0000171023
56 0.0000166827
57 0.0000162805
58 0.0000158947
59 0.0000155245
60 0.0000151689
61 0.0000148271
62 0.0000144984
63 0.0000141820
64 0.0000138774
65 0.0000135840
66 0.0000133010
67 0.0000130281
68 0.0000127648
69 0.0000125104
70 0.0000122648
71 0.0000120273
72 0.0000117977
73 0.0000115755
74 0.0000113605
75 0.0000111523
76 0.0000109505
77 0.0000107551
78 0.0000105655
79 0.0000103817
80 0.0000102033
81 0.0000100302
82 0.0000098621
83 0.0000096988
84 0.0000095401
85 0.0000093859
86 0.0000092359
87 0.0000090900
88 0.0000089481
89 0.0000088100
90 0.0000086755
91 0.0000085445
92 0.0000084169
93 0.0000082925
94 0.0000081714
95 0.0000080532
96 0.0000079380
97 0.0000078256
98 0.0000077159
99 0.0000076088
100 0.0000075043
101 0.0000074023
102 0.0000073026
103 0.0000072053
104 0.0000071102
105 0.0000070172
106 0.0000069263
107 0.0000068374
108 0.0000067505
109 0.0000066655
110 0.0000065823
111 0.0000065009
112 0.0000064212
113 0.0000063432
114 0.0000062669
115 0.0000061921
116 0.0000061188
117 0.0000060471
118 0.0000059767
119 0.0000059078
120 0.0000058403
121 0.0000057740
122 0.0000057091
123 0.0000056454
124 0.0000055830
125 0.0000055217
126 0.0000054616
127 0.0000054026
128 0.0000053447
129 0.0000052879
130 0.0000052321
131 0.0000051773
132 0.0000051235
133 0.0000050707
134 0.0000050188
135 0.0000049678
136 0.0000049177
137 0.0000048685
138 0.0000048201
139 0.0000047726
140 0.0000047259
141 0.0000046799
142 0.0000046347
143 0.0000045903
144 0.0000045466
145 0.0000045036
146 0.0000044613
147 0.0000044197
148 0.0000043788
149 0.0000043385
150 0.0000042989
151 0.0000042599
152 0.0000042215
153 0.0000041837
154 0.0000041464
155 0.0000041098
156 0.0000040737
157 0.0000040381
158 0.0000040031
159 0.0000039686
160 0.0000039346
161 0.0000039011
162 0.0000038681
163 0.0000038356
164 0.0000038036
165 0.0000037720
166 0.0000037409
167 0.0000037102
168 0.0000036799
169 0.0000036501
170 0.0000036207
171 0.0000035917
172 0.0000035631
173 0.0000035349
174 0.0000035070
175 0.0000034796
176 0.0000034525
177 0.0000034258
178 0.0000033994
179 0.0000033734
180 0.0000033477
181 0.0000033224
182 0.0000032974
183 0.0000032727
184 0.0000032484
185 0.0000032243
186 0.0000032006
187 0.0000031771
188 0.0000031540
189 0.0000031311
190 0.0000031085
191 0.0000030863
192 0.0000030642
193 0.0000030425
194 0.0000030210
195 0.0000029998
196 0.0000029788
197 0.0000029581
198 0.0000029376
199 0.0000029174
200 0.0000028974
201 0.0000028777
202 0.0000028582
203 0.0000028389
204 0.0000028198
205 0.0000028010
206 0.0000027824
207 0.0000027640
208 0.0000027458
209 0.0000027278
210 0.0000027100
211 0.0000026924
212 0.0000026750
213 0.0000026578
214 0.0000026407
215 0.0000026239
216 0.0000026073
217 0.0000025908
218 0.0000025745
219 0.0000025584
220 0.0000025425
221 0.0000025267
222 0.0000025111
223 0.0000024957
224 0.0000024804
225 0.0000024653
226 0.0000024504
227 0.0000024356
228 0.0000024209
229 0.0000024064
230 0.0000023921
231 0.0000023779
232 0.0000023638
233 0.0000023499
234 0.0000023361
235 0.0000023225
236 0.0000023090
237 0.0000022956
238 0.0000022824
239 0.0000022693
240 0.0000022563
241 0.0000022435
242 0.0000022308
243 0.0000022182
244 0.0000022057
245 0.0000021933
246 0.0000021811
247 0.0000021690
248 0.0000021570
249 0.0000021451
250 0.0000021333
251 0.0000021216
252 0.0000021101
253 0.0000020986
254 0.0000020872
255 0.0000020760
256 0.0000020648
257 0.0000020538
258 0.0000020429
259 0.0000020320
260 0.0000020213
261 0.0000020106
262 0.0000020001
263 0.0000019896
264 0.0000019792
265 0.0000019689
266 0.0000019587
267 0.0000019486
268 0.0000019386
269 0.0000019287
270 0.0000019188
271 0.0000019091
272 0.0000018994
273 0.0000018898
274 0.0000018803
275 0.0000018708
276 0.0000018615
277 0.0000018522
278 0.0000018430
279 0.0000018339
280 0.0000018248
281 0.0000018158
282 0.0000018069
283 0.0000017981
284 0.0000017893
285 0.0000017806
286 0.0000017720
287 0.0000017634
288 0.0000017549
289 0.0000017465
290 0.0000017381
291 0.0000017298
292 0.0000017215
293 0.0000017134
294 0.0000017052
295 0.0000016972
296 0.0000016892
297 0.0000016812
298 0.0000016733
299 0.0000016655
300 0.0000016577
301 0.0000016499
302 0.0000016423
303 0.0000016346
304 0.0000016271
305 0.0000016195
306 0.0000016120
307 0.0000016046
308 0.0000015972
309 0.0000015898
310 0.0000015825
311 0.0000015752
312 0.0000015680
313 0.0000015608
314 0.0000015536
315 0.0000015465
316 0.0000015394
317 0.0000015323
318 0.0000015252
319 0.0000015182
320 0.0000015112
321 0.0000015042
322 0.0000014972
323 0.0000014902
324 0.0000014831
325 0.0000014761
326 0.0000014691
327 0.0000014620
328 0.0000014549
329 0.0000014477
330 0.0000014405
331 0.0000014332
332 0.0000014257
333 0.0000014181
334 0.0000014103
335 0.0000014023
336 0.0000013940
337 0.0000013852
338 0.0000013759
339 0.0000013659
340 0.0000013549
341 0.0000013425
342 0.0000013283
343 0.0000013111
344 0.0000012893
345 0.0000012599
346 0.0000012102
347 0.0000010690
348 0.0000000000
