0 288
0 0.9860047933
1 0.0035540103
2 0.0012314295
3 0.0007772459
4 0.0005244809
5 0.0003898687
6 0.0003103973
7 0.0002584055
8 0.0002219306
9 0.0001950008
10 0.0001742785
11 0.0001577829
12 0.0001442889
13 0.0001330078
14 0.0001234122
15 0.0001151354
16 0.0001079141
17 0.0001015533
18 0.0000959049
19 0.0000908540
20 0.0000863095
21 0.0000821986
22 0.0000784618
23 0.0000750500
24 0.0000719227
25 0.0000690455
26 0.0000663898
27 0.0000639307
28 0.0000616473
29 0.0000595214
30 0.0000575372
31 0.0000556811
32 0.0000539409
33 0.0000523062
34 0.0000507677
35 0.0000493171
36 0.0000479470
37 0.0000466510
38 0.0000454233
39 0.0000442585
40 0.0000431519
41 0.0000420993
42 0.0000410969
43 0.0000401410
44 0.0000392286
45 0.0000383568
46 0.0000375228
47 0.0000367244
48 0.0000359592
49 0.0000352253
50 0.0000345207
51 0.0000338437
52 0.0000331928
53 0.0000325664
54 0.0000319633
55 0.0000313820
56 0.0000308215
57 0.0000302807
58 0.0000297586
59 0.0000292541
60 0.0000287665
61 0.0000282948
62 0.0000278384
63 0.0000273964
64 0.0000269683
65 0.0000265533
66 0.0000261509
67 0.0000257605
68 0.0000253816
69 0.0000250137
70 0.0000246563
71 0.0000243089
72 0.0000239713
73 0.0000236428
74 0.0000233232
75 0.0000230122
76 0.0000227093
77 0.0000224143
78 0.0000221269
79 0.0000218468
80 0.0000215736
81 0.0000213072
82 0.0000210473
83 0.0000207937
84 0.0000205460
85 0.0000203043
86 0.0000200681
87 0.0000198374
88 0.0000196119
89 0.0000193915
90 0.0000191760
91 0.0000189652
92 0.0000187590
93 0.0000185572
94 0.0000183597
95 0.0000181664
96 0.0000179771
97 0.0000177917
98 0.0000176101
99 0.0000174322
100 0.0000172578
101 0.0000170869
102 0.0000169193
103 0.0000167550
104 0.0000165938
105 0.0000164357
106 0.0000162806
107 0.0000161284
108 0.0000159790
109 0.0000158323
110 0.0000156883
111 0.0000155469
112 0.0000154081
113 0.0000152717
114 0.0000151377
115 0.0000150060
116 0.0000148765
117 0.0000147493
118 0.0000146243
119 0.0000145013
120 0.0000143804
121 0.0000142615
122 0.0000141446
123 0.0000140295
124 0.0000139163
125 0.0000138049
126 0.0000136953
127 0.0000135874
128 0.0000134812
129 0.0000133767
130 0.0000132737
131 0.0000131723
132 0.0000130725
133 0.0000129741
134 0.0000128773
135 0.0000127818
136 0.0000126878
137 0.0000125951
138 0.0000125038
139 0.0000124138
140 0.0000123251
141 0.0000122376
142 0.0000121514
143 0.0000120663
144 0.0000119825
145 0.0000118998
146 0.0000118182
147 0.0000117378
148 0.0000116584
149 0.0000115801
150 0.0000115029
151 0.0000114266
152 0.0000113514
153 0.0000112771
154 0.0000112039
155 0.0000111315
156 0.0000110601
157 0.0000109896
158 0.0000109200
159 0.0000108513
160 0.0000107834
161 0.0000107164
162 0.0000106502
163 0.0000105848
164 0.0000105202
165 0.0000104563
166 0.0000103933
167 0.0000103310
168 0.0000102695
169 0.0000102086
170 0.0000101485
171 0.0000100891
172 0.0000100304
173 0.0000099724
174 0.0000099150
175 0.0000098583
176 0.0000098022
177 0.0000097468
178 0.0000096920
179 0.0000096378
180 0.0000095842
181 0.0000095312
182 0.0000094787
183 0.0000094269
184 0.0000093756
185 0.0000093248
186 0.0000092746
187 0.0000092250
188 0.0000091759
189 0.0000091273
190 0.0000090792
191 0.0000090316
192 0.0000089845
193 0.0000089378
194 0.0000088917
195 0.0000088461
196 0.0000088009
197 0.0000087561
198 0.0000087118
199 0.0000086680
200 0.0000086246
201 0.0000085816
202 0.0000085391
203 0.0000084970
204 0.0000084552
205 0.0000084139
206 0.0000083730
207 0.0000083325
208 0.0000082924
209 0.0000082526
210 0.0000082133
211 0.0000081743
212 0.0000081357
213 0.0000080974
214 0.0000080595
215 0.0000080219
216 0.0000079847
217 0.0000079479
218 0.0000079114
219 0.0000078752
220 0.0000078393
221 0.0000078038
222 0.0000077685
223 0.0000077336
224 0.0000076990
225 0.0000076647
226 0.0000076308
227 0.0000075971
228 0.0000075637
229 0.0000075306
230 0.0000074978
231 0.0000074652
232 0.0000074330
233 0.0000074010
234 0.0000073693
235 0.0000073379
236 0.0000073067
237 0.0000072758
238 0.0000072452
239 0.0000072148
240 0.0000071846
241 0.0000071547
242 0.0000071251
243 0.0000070957
244 0.0000070665
245 0.0000070376
246 0.0000070089
247 0.0000069805
248 0.0000069522
249 0.0000069242
250 0.0000068964
251 0.0000068689
252 0.0000068415
253 0.0000068144
254 0.0000067875
255 0.0000067608
256 0.0000067343
257 0.0000067080
258 0.0000066819
259 0.0000066560
260 0.0000066303
261 0.0000066049
262 0.0000065795
263 0.0000065544
264 0.0000065295
265 0.0000065048
266 0.0000064802
267 0.0000064559
268 0.0000064317
269 0.0000064077
270 0.0000063838
271 0.0000063602
272 0.0000063367
273 0.0000063134
274 0.0000062902
275 0.0000062673
276 0.0000062445
277 0.0000062218
278 0.0000061993
279 0.0000061770
280 0.0000061548
281 0.0000061328
282 0.0000061110
283 0.0000060892
284 0.0000060677
285 0.0000060463
286 0.0000060250
287 0.0000060039
288 0.0000059829
