0 990
0 0.9828426468
1 0.0035321410
2 0.0014924354
3 0.0010454969
4 0.0007748920
5 0.0006143440
6 0.0005089320
7 0.0004336896
8 0.0003771666
9 0.0003331887
10 0.0002980199
11 0.0002692605
12 0.0002453060
13 0.0002250465
14 0.0002076896
15 0.0001926549
16 0.0001795069
17 0.0001679127
18 0.0001576133
19 0.0001484042
20 0.0001401219
21 0.0001326338
22 0.0001258318
23 0.0001196262
24 0.0001139425
25 0.0001087180
26 0.0001038998
27 0.0000994426
28 0.0000953077
29 0.0000914619
30 0.0000878760
31 0.0000845251
32 0.0000813870
33 0.0000784423
34 0.0000756740
35 0.0000730670
36 0.0000706077
37 0.0000682842
38 0.0000660858
39 0.0000640027
40 0.0000620264
41 0.0000601490
42 0.0000583635
43 0.0000566633
44 0.0000550427
45 0.0000534964
46 0.0000520195
47 0.0000506075
48 0.0000492564
49 0.0000479624
50 0.0000467222
51 0.0000455325
52 0.0000443903
53 0.0000432931
54 0.0000422383
55 0.0000412235
56 0.0000402466
57 0.0000393057
58 0.0000383988
59 0.0000375242
60 0.0000366802
61 0.0000358654
62 0.0000350784
63 0.0000343177
64 0.0000335822
65 0.0000328707
66 0.0000321821
67 0.0000315153
68 0.0000308694
69 0.0000302435
70 0.0000296367
71 0.0000290482
72 0.0000284772
73 0.0000279230
74 0.0000273849
75 0.0000268622
76 0.0000263544
77 0.0000258608
78 0.0000253810
79 0.0000249143
80 0.0000244602
81 0.0000240184
82 0.0000235883
83 0.0000231695
84 0.0000227616
85 0.0000223642
86 0.0000219770
87 0.0000215995
88 0.0000212315
89 0.0000208726
90 0.0000205225
91 0.0000201809
92 0.0000198476
93 0.0000195222
94 0.0000192045
95 0.0000188943
96 0.0000185912
97 0.0000182952
98 0.0000180059
99 0.0000177232
100 0.0000174469
101 0.0000171767
102 0.0000169125
103 0.0000166541
104 0.0000164013
105 0.0000161540
106 0.0000159119
107 0.0000156751
108 0.0000154432
109 0.0000152162
110 0.0000149939
111 0.0000147762
112 0.0000145630
113 0.0000143541
114 0.0000141495
115 0.0000139490
116 0.0000137524
117 0.0000135598
118 0.0000133710
119 0.0000131858
120 0.0000130043
121 0.0000128262
122 0.0000126516
123 0.0000124803
124 0.0000123123
125 0.0000121474
126 0.0000119856
127 0.0000118268
128 0.0000116709
129 0.0000115180
130 0.0000113678
131 0.0000112203
132 0.0000110755
133 0.0000109333
134 0.0000107937
135 0.0000106565
136 0.0000105218
137 0.0000103894
138 0.0000102593
139 0.0000101315
140 0.0000100059
141 0.0000098825
142 0.0000097612
143 0.0000096419
144 0.0000095247
145 0.0000094094
146 0.0000092961
147 0.0000091847
148 0.0000090751
149 0.0000089673
150 0.0000088613
151 0.0000087571
152 0.0000086545
153 0.0000085536
154 0.0000084544
155 0.0000083567
156 0.0000082606
157 0.0000081660
158 0.0000080729
159 0.0000079813
160 0.0000078911
161 0.0000078023
162 0.0000077150
163 0.0000076289
164 0.0000075442
165 0.0000074608
166 0.0000073787
167 0.0000072978
168 0.0000072182
169 0.0000071398
170 0.0000070625
171 0.0000069864
172 0.0000069115
173 0.0000068376
174 0.0000067649
175 0.0000066932
176 0.0000066226
177 0.0000065530
178 0.0000064844
179 0.0000064169
180 0.0000063503
181 0.0000062846
182 0.0000062199
183 0.0000061562
184 0.0000060933
185 0.0000060314
186 0.0000059703
187 0.0000059101
188 0.0000058507
189 0.0000057922
190 0.0000057344
191 0.0000056775
192 0.0000056214
193 0.0000055661
194 0.0000055115
195 0.0000054576
196 0.0000054045
197 0.0000053522
198 0.0000053005
199 0.0000052495
200 0.0000051993
201 0.0000051497
202 0.0000051007
203 0.0000050524
204 0.0000050048
205 0.0000049578
206 0.0000049114
207 0.0000048657
208 0.0000048205
209 0.0000047759
210 0.0000047320
211 0.0000046885
212 0.0000046457
213 0.0000046034
214 0.0000045617
215 0.0000045205
216 0.0000044798
217 0.0000044396
218 0.0000044000
219 0.0000043609
220 0.0000043222
221 0.0000042841
222 0.0000042464
223 0.0000042092
224 0.0000041725
225 0.0000041362
226 0.0000041004
227 0.0000040650
228 0.0000040301
229 0.0000039956
230 0.0000039615
231 0.0000039279
232 0.0000038947
233 0.0000038618
234 0.0000038294
235 0.0000037974
236 0.0000037657
237 0.0000037345
238 0.0000037036
239 0.0000036731
240 0.0000036430
241 0.0000036132
242 0.0000035838
243 0.0000035547
244 0.0000035259
245 0.0000034976
246 0.0000034695
247 0.0000034418
248 0.0000034144
249 0.0000033873
250 0.0000033606
251 0.0000033341
252 0.0000033080
253 0.0000032822
254 0.0000032567
255 0.0000032314
256 0.0000032065
257 0.0000031818
258 0.0000031575
259 0.0000031334
260 0.0000031096
261 0.0000030860
262 0.0000030628
263 0.0000030397
264 0.0000030170
265 0.0000029945
266 0.0000029723
267 0.0000029503
268 0.0000029285
269 0.0000029070
270 0.0000028858
271 0.0000028648
272 0.0000028440
273 0.0000028234
274 0.0000028031
275 0.0000027830
276 0.0000027631
277 0.0000027434
278 0.0000027240
279 0.0000027048
280 0.0000026857
281 0.0000026669
282 0.0000026483
283 0.0000026299
284 0.0000026117
285 0.0000025937
286 0.0000025758
287 0.0000025582
288 0.0000025408
289 0.0000025235
290 0.0000025064
291 0.0000024896
292 0.0000024728
293 0.0000024563
294 0.0000024400
295 0.0000024238
296 0.0000024078
297 0.0000023919
298 0.0000023762
299 0.0000023607
300 0.0000023454
301 0.0000023302
302 0.0000023152
303 0.0000023003
304 0.0000022855
305 0.0000022710
306 0.0000022565
307 0.0000022423
308 0.0000022281
309 0.0000022142
310 0.0000022003
311 0.0000021866
312 0.0000021731
313 0.0000021597
314 0.0000021464
315 0.0000021332
316 0.0000021202
317 0.0000021073
318 0.0000020946
319 0.0000020819
320 0.0000020694
321 0.0000020571
322 0.0000020448
323 0.0000020327
324 0.0000020207
325 0.0000020088
326 0.0000019970
327 0.0000019853
328 0.0000019738
329 0.0000019624
330 0.0000019510
331 0.0000019398
332 0.0000019287
333 0.0000019177
334 0.0000019069
335 0.0000018961
336 0.0000018854
337 0.0000018748
338 0.0000018644
339 0.0000018540
340 0.0000018437
341 0.0000018336
342 0.0000018235
343 0.0000018135
344 0.0000018036
345 0.0000017938
346 0.0000017841
347 0.0000017745
348 0.0000017650
349 0.0000017556
350 0.0000017463
351 0.0000017370
352 0.0000017279
353 0.0000017188
354 0.0000017098
355 0.0000017009
356 0.0000016921
357 0.0000016833
358 0.0000016747
359 0.0000016661
360 0.0000016576
361 0.0000016492
362 0.0000016408
363 0.0000016325
364 0.0000016244
365 0.0000016162
366 0.0000016082
367 0.0000016002
368 0.0000015923
369 0.0000015845
370 0.0000015767
371 0.0000015690
372 0.0000015614
373 0.0000015539
374 0.0000015464
375 0.0000015390
376 0.0000015316
377 0.0000015243
378 0.0000015171
379 0.0000015100
380 0.0000015029
381 0.0000014958
382 0.0000014889
383 0.0000014819
384 0.0000014751
385 0.0000014683
386 0.0000014616
387 0.0000014549
388 0.0000014483
389 0.0000014417
390 0.0000014352
391 0.0000014288
392 0.0000014224
393 0.0000014161
394 0.0000014098
395 0.0000014036
396 0.0000013974
397 0.0000013913
398 0.0000013852
399 0.0000013792
400 0.0000013732
401 0.0000013673
402 0.0000013615
403 0.0000013557
404 0.0000013499
405 0.0000013442
406 0.0000013385
407 0.0000013329
408 0.0000013273
409 0.0000013218
410 0.0000013163
411 0.0000013109
412 0.0000013055
413 0.0000013001
414 0.0000012948
415 0.0000012895
416 0.0000012843
417 0.0000012792
418 0.0000012740
419 0.0000012689
420 0.0000012639
421 0.0000012589
422 0.0000012539
423 0.0000012490
424 0.0000012441
425 0.0000012392
426 0.0000012344
427 0.0000012296
428 0.0000012249
429 0.0000012202
430 0.0000012155
431 0.0000012109
432 0.0000012063
433 0.0000012018
434 0.0000011973
435 0.0000011928
436 0.0000011883
437 0.0000011839
438 0.0000011796
439 0.0000011752
440 0.0000011709
441 0.0000011666
442 0.0000011624
443 0.0000011582
444 0.0000011540
445 0.0000011498
446 0.0000011457
447 0.0000011417
448 0.0000011376
449 0.0000011336
450 0.0000011296
451 0.0000011256
452 0.0000011217
453 0.0000011178
454 0.0000011139
455 0.0000011101
456 0.0000011063
457 0.0000011025
458 0.0000010987
459 0.0000010950
460 0.0000010913
461 0.0000010876
462 0.0000010840
463 0.0000010803
464 0.0000010767
465 0.0000010732
466 0.0000010696
467 0.0000010661
468 0.0000010626
469 0.0000010592
470 0.0000010557
471 0.0000010523
472 0.0000010489
473 0.0000010455
474 0.0000010422
475 0.0000010389
476 0.0000010356
477 0.0000010323
478 0.0000010291
479 0.0000010258
480 0.0000010226
481 0.0000010194
482 0.0000010163
483 0.0000010131
484 0.0000010100
485 0.0000010069
486 0.0000010039
487 0.0000010008
488 0.0000009978
489 0.0000009948
490 0.0000009918
491 0.0000009888
492 0.0000009859
493 0.0000009829
494 0.0000009800
495 0.0000009771
496 0.0000009743
497 0.0000009714
498 0.0000009686
499 0.0000009658
500 0.0000009630
501 0.0000009602
502 0.0000009575
503 0.0000009547
504 0.0000009520
505 0.0000009493
506 0.0000009466
507 0.0000009440
508 0.0000009413
509 0.0000009387
510 0.0000009361
511 0.0000009335
512 0.0000009309
513 0.0000009283
514 0.0000009258
515 0.0000009232
516 0.0000009207
517 0.0000009182
518 0.0000009158
519 0.0000009133
520 0.0000009108
521 0.0000009084
522 0.0000009060
523 0.0000009036
524 0.0000009012
525 0.0000008988
526 0.0000008964
527 0.0000008941
528 0.0000008918
529 0.0000008895
530 0.0000008872
531 0.0000008849
532 0.0000008826
533 0.0000008803
534 0.0000008781
535 0.0000008759
536 0.0000008736
537 0.0000008714
538 0.0000008693
539 0.0000008671
540 0.0000008649
541 0.0000008628
542 0.0000008606
543 0.0000008585
544 0.0000008564
545 0.0000008543
546 0.0000008522
547 0.0000008501
548 0.0000008480
549 0.0000008460
550 0.0000008440
551 0.0000008419
552 0.0000008399
553 0.0000008379
554 0.0000008359
555 0.0000008339
556 0.0000008320
557 0.0000008300
558 0.0000008281
559 0.0000008261
560 0.0000008242
561 0.0000008223
562 0.0000008204
563 0.0000008185
564 0.0000008166
565 0.0000008147
566 0.0000008129
567 0.0000008110
568 0.0000008092
569 0.0000008073
570 0.0000008055
571 0.0000008037
572 0.0000008019
573 0.0000008001
574 0.0000007983
575 0.0000007966
576 0.0000007948
577 0.0000007930
578 0.0000007913
579 0.0000007896
580 0.0000007879
581 0.0000007861
582 0.0000007844
583 0.0000007827
584 0.0000007810
585 0.0000007794
586 0.0000007777
587 0.0000007760
588 0.0000007744
589 0.0000007727
590 0.0000007711
591 0.0000007695
592 0.0000007679
593 0.0000007663
594 0.0000007647
595 0.0000007631
596 0.0000007615
597 0.0000007599
598 0.0000007583
599 0.0000007568
600 0.0000007552
601 0.0000007537
602 0.0000007521
603 0.0000007506
604 0.0000007491
605 0.0000007476
606 0.0000007461
607 0.0000007446
608 0.0000007431
609 0.0000007416
610 0.0000007401
611 0.0000007387
612 0.0000007372
613 0.0000007357
614 0.0000007343
615 0.0000007328
616 0.0000007314
617 0.0000007300
618 0.0000007286
619 0.0000007272
620 0.0000007258
621 0.0000007243
622 0.0000007230
623 0.0000007216
624 0.0000007202
625 0.0000007188
626 0.0000007174
627 0.0000007161
628 0.0000007147
629 0.0000007134
630 0.0000007120
631 0.0000007107
632 0.0000007094
633 0.0000007081
634 0.0000007067
635 0.0000007054
636 0.0000007041
637 0.0000007028
638 0.0000007015
639 0.0000007002
640 0.0000006990
641 0.0000006977
642 0.0000006964
643 0.0000006952
644 0.0000006939
645 0.0000006926
646 0.0000006914
647 0.0000006901
648 0.0000006889
649 0.0000006877
650 0.0000006865
651 0.0000006852
652 0.0000006840
653 0.0000006828
654 0.0000006816
655 0.0000006804
656 0.0000006792
657 0.0000006780
658 0.0000006768
659 0.0000006757
660 0.0000006745
661 0.0000006733
662 0.0000006722
663 0.0000006710
664 0.0000006698
665 0.0000006687
666 0.0000006676
667 0.0000006664
668 0.0000006653
669 0.0000006642
670 0.0000006630
671 0.0000006619
672 0.0000006608
673 0.0000006597
674 0.0000006586
675 0.0000006575
676 0.0000006564
677 0.0000006553
678 0.0000006542
679 0.0000006531
680 0.0000006520
681 0.0000006509
682 0.0000006499
683 0.0000006488
684 0.0000006477
685 0.0000006467
686 0.0000006456
687 0.0000006446
688 0.0000006435
689 0.0000006425
690 0.0000006415
691 0.0000006404
692 0.0000006394
693 0.0000006384
694 0.0000006373
695 0.0000006363
696 0.0000006353
697 0.0000006343
698 0.0000006333
699 0.0000006323
700 0.0000006313
701 0.0000006303
702 0.0000006293
703 0.0000006283
704 0.0000006273
705 0.0000006264
706 0.0000006254
707 0.0000006244
708 0.0000006234
709 0.0000006225
710 0.0000006215
711 0.0000006205
712 0.0000006196
713 0.0000006186
714 0.0000006177
715 0.0000006167
716 0.0000006158
717 0.0000006149
718 0.0000006139
719 0.0000006130
720 0.0000006121
721 0.0000006111
722 0.0000006102
723 0.0000006093
724 0.0000006084
725 0.0000006075
726 0.0000006066
727 0.0000006057
728 0.0000006048
729 0.0000006039
730 0.0000006030
731 0.0000006021
732 0.0000006012
733 0.0000006003
734 0.0000005994
735 0.0000005986
736 0.0000005977
737 0.0000005968
738 0.0000005959
739 0.0000005951
740 0.0000005942
741 0.0000005933
742 0.0000005925
743 0.0000005916
744 0.0000005908
745 0.0000005899
746 0.0000005891
747 0.0000005882
748 0.0000005874
749 0.0000005865
750 0.0000005857
751 0.0000005849
752 0.0000005840
753 0.0000005832
754 0.0000005824
755 0.0000005816
756 0.0000005807
757 0.0000005799
758 0.0000005791
759 0.0000005783
760 0.0000005775
761 0.0000005767
762 0.0000005759
763 0.0000005751
764 0.0000005743
765 0.0000005735
766 0.0000005727
767 0.0000005719
768 0.0000005711
769 0.0000005703
770 0.0000005696
771 0.0000005688
772 0.0000005680
773 0.0000005672
774 0.0000005664
775 0.0000005657
776 0.0000005649
777 0.0000005641
778 0.0000005634
779 0.0000005626
780 0.0000005618
781 0.0000005611
782 0.0000005603
783 0.0000005596
784 0.0000005588
785 0.0000005581
786 0.0000005573
787 0.0000005566
788 0.0000005559
789 0.0000005551
790 0.0000005544
791 0.0000005536
792 0.0000005529
793 0.0000005522
794 0.0000005515
795 0.0000005507
796 0.0000005500
797 0.0000005493
798 0.0000005486
799 0.0000005478
800 0.0000005471
801 0.0000005464
802 0.0000005457
803 0.0000005450
804 0.0000005443
805 0.0000005436
806 0.0000005429
807 0.0000005422
808 0.0000005415
809 0.0000005408
810 0.0000005401
811 0.0000005394
812 0.0000005387
813 0.0000005380
814 0.0000005373
815 0.0000005366
816 0.0000005360
817 0.0000005353
818 0.0000005346
819 0.0000005339
820 0.0000005332
821 0.0000005326
822 0.0000005319
823 0.0000005312
824 0.0000005306
825 0.0000005299
826 0.0000005292
827 0.0000005286
828 0.0000005279
829 0.0000005273
830 0.0000005266
831 0.0000005259
832 0.0000005253
833 0.0000005246
834 0.0000005240
835 0.0000005233
836 0.0000005227
837 0.0000005221
838 0.0000005214
839 0.0000005208
840 0.0000005201
841 0.0000005195
842 0.0000005189
843 0.0000005182
844 0.0000005176
845 0.0000005170
846 0.0000005163
847 0.0000005157
848 0.0000005151
849 0.0000005144
850 0.0000005138
851 0.0000005132
852 0.0000005126
853 0.0000005120
854 0.0000005113
855 0.0000005107
856 0.0000005101
857 0.0000005095
858 0.0000005089
859 0.0000005083
860 0.0000005077
861 0.0000005071
862 0.0000005065
863 0.0000005059
864 0.0000005053
865 0.0000005047
866 0.0000005041
867 0.0000005035
868 0.0000005029
869 0.0000005023
870 0.0000005017
871 0.0000005011
872 0.0000005005
873 0.0000004999
874 0.0000004993
875 0.0000004988
876 0.0000004982
877 0.0000004976
878 0.0000004970
879 0.0000004965
880 0.0000004959
881 0.0000004953
882 0.0000004947
883 0.0000004942
884 0.0000004936
885 0.0000004930
886 0.0000004925
887 0.0000004919
888 0.0000004913
889 0.0000004908
890 0.0000004902
891 0.0000004896
892 0.0000004891
893 0.0000004885
894 0.0000004880
895 0.0000004874
896 0.0000004868
897 0.0000004863
898 0.0000004857
899 0.0000004852
900 0.0000004846
901 0.0000004841
902 0.0000004835
903 0.0000004830
904 0.0000004825
905 0.0000004819
906 0.0000004814
907 0.0000004808
908 0.0000004803
909 0.0000004798
910 0.0000004792
911 0.0000004787
912 0.0000004781
913 0.0000004776
914 0.0000004771
915 0.0000004766
916 0.0000004760
917 0.0000004755
918 0.0000004750
919 0.0000004744
920 0.0000004739
921 0.0000004734
922 0.0000004729
923 0.0000004724
924 0.0000004718
925 0.0000004713
926 0.0000004708
927 0.0000004703
928 0.0000004698
929 0.0000004693
930 0.0000004687
931 0.0000004682
932 0.0000004677
933 0.0000004672
934 0.0000004667
935 0.0000004662
936 0.0000004657
937 0.0000004652
938 0.0000004647
939 0.0000004642
940 0.0000004637
941 0.0000004632
942 0.0000004627
943 0.0000004622
944 0.0000004617
945 0.0000004612
946 0.0000004607
947 0.0000004602
948 0.0000004597
949 0.0000004592
950 0.0000004587
951 0.0000004583
952 0.0000004578
953 0.0000004573
954 0.0000004568
955 0.0000004563
956 0.0000004558
957 0.0000004553
958 0.0000004549
959 0.0000004544
960 0.0000004539
961 0.0000004534
962 0.0000004530
963 0.0000004525
964 0.0000004520
965 0.0000004515
966 0.0000004510
967 0.0000004506
968 0.0000004501
969 0.0000004496
970 0.0000004492
971 0.0000004487
972 0.0000004482
973 0.0000004478
974 0.0000004473
975 0.0000004468
976 0.0000004464
977 0.0000004459
978 0.0000004455
979 0.0000004450
980 0.0000004445
981 0.0000004441
982 0.0000004436
983 0.0000004432
984 0.0000004427
985 0.0000004423
986 0.0000004418
987 0.0000004413
988 0.0000004409
989 0.0000004404
990 0.0000004400
