1 316
0 0.9814566023
1 0.0051439464
2 0.0020395017
3 0.0013631522
4 0.0009627458
5 0.0007302159
6 0.0005811425
7 0.0004774440
8 0.0004016124
9 0.0003442110
10 0.0002995586
11 0.0002640321
12 0.0002352282
13 0.0002114987
14 0.0001916791
15 0.0001749256
16 0.0001606131
17 0.0001482699
18 0.0001375342
19 0.0001281247
20 0.0001198198
21 0.0001124431
22 0.0001058523
23 0.0000999323
24 0.0000945883
25 0.0000897424
26 0.0000853297
27 0.0000812957
28 0.0000775946
29 0.0000741875
30 0.0000710414
31 0.0000681277
32 0.0000654221
33 0.0000629032
34 0.0000605528
35 0.0000583547
36 0.0000562947
37 0.0000543605
38 0.0000525411
39 0.0000508267
40 0.0000492086
41 0.0000476791
42 0.0000462314
43 0.0000448591
44 0.0000435566
45 0.0000423189
46 0.0000411414
47 0.0000400199
48 0.0000389507
49 0.0000379302
50 0.0000369553
51 0.0000360232
52 0.0000351312
53 0.0000342768
54 0.0000334578
55 0.0000326721
56 0.0000319178
57 0.0000311932
58 0.0000304965
59 0.0000298263
60 0.0000291811
61 0.0000285597
62 0.0000279608
63 0.0000273832
64 0.0000268259
65 0.0000262878
66 0.0000257682
67 0.0000252659
68 0.0000247803
69 0.0000243106
70 0.0000238560
71 0.0000234158
72 0.0000229894
73 0.0000225763
74 0.0000221757
75 0.0000217872
76 0.0000214103
77 0.0000210445
78 0.0000206893
79 0.0000203442
80 0.0000200090
81 0.0000196831
82 0.0000193663
83 0.0000190581
84 0.0000187583
85 0.0000184665
86 0.0000181824
87 0.0000179057
88 0.0000176362
89 0.0000173736
90 0.0000171176
91 0.0000168680
92 0.0000166247
93 0.0000163873
94 0.0000161556
95 0.0000159295
96 0.0000157089
97 0.0000154934
98 0.0000152829
99 0.0000150773
100 0.0000148764
101 0.0000146800
102 0.0000144881
103 0.0000143004
104 0.0000141169
105 0.0000139374
106 0.0000137617
107 0.0000135898
108 0.0000134216
109 0.0000132569
110 0.0000130957
111 0.0000129378
112 0.0000127831
113 0.0000126315
114 0.0000124831
115 0.0000123376
116 0.0000121949
117 0.0000120551
118 0.0000119180
119 0.0000117836
120 0.0000116517
121 0.0000115224
122 0.0000113955
123 0.0000112710
124 0.0000111488
125 0.0000110288
126 0.0000109110
127 0.0000107954
128 0.0000106819
129 0.0000105704
130 0.0000104608
131 0.0000103532
132 0.0000102475
133 0.0000101437
134 0.0000100416
135 0.0000099412
136 0.0000098426
137 0.0000097456
138 0.0000096503
139 0.0000095565
140 0.0000094643
141 0.0000093736
142 0.0000092844
143 0.0000091967
144 0.0000091103
145 0.0000090253
146 0.0000089417
147 0.0000088594
148 0.0000087783
149 0.0000086986
150 0.0000086200
151 0.0000085427
152 0.0000084666
153 0.0000083916
154 0.0000083177
155 0.0000082450
156 0.0000081733
157 0.0000081027
158 0.0000080331
159 0.0000079645
160 0.0000078970
161 0.0000078304
162 0.0000077647
163 0.0000077000
164 0.0000076362
165 0.0000075733
166 0.0000075113
167 0.0000074502
168 0.0000073899
169 0.0000073304
170 0.0000072718
171 0.0000072139
172 0.0000071568
173 0.0000071005
174 0.0000070449
175 0.0000069901
176 0.0000069360
177 0.0000068826
178 0.0000068300
179 0.0000067780
180 0.0000067266
181 0.0000066760
182 0.0000066259
183 0.0000065765
184 0.0000065278
185 0.0000064796
186 0.0000064321
187 0.0000063851
188 0.0000063388
189 0.0000062930
190 0.0000062477
191 0.0000062030
192 0.0000061589
193 0.0000061153
194 0.0000060722
195 0.0000060296
196 0.0000059875
197 0.0000059459
198 0.0000059049
199 0.0000058643
200 0.0000058241
201 0.0000057845
202 0.0000057452
203 0.0000057065
204 0.0000056682
205 0.0000056303
206 0.0000055928
207 0.0000055558
208 0.0000055192
209 0.0000054830
210 0.0000054471
211 0.0000054117
212 0.0000053767
213 0.0000053421
214 0.0000053078
215 0.0000052739
216 0.0000052404
217 0.0000052072
218 0.0000051744
219 0.0000051419
220 0.0000051098
221 0.0000050780
222 0.0000050465
223 0.0000050154
224 0.0000049846
225 0.0000049541
226 0.0000049239
227 0.0000048940
228 0.0000048645
229 0.0000048352
230 0.0000048062
231 0.0000047775
232 0.0000047491
233 0.0000047210
234 0.0000046932
235 0.0000046656
236 0.0000046383
237 0.0000046113
238 0.0000045845
239 0.0000045580
240 0.0000045318
241 0.0000045058
242 0.0000044800
243 0.0000044545
244 0.0000044292
245 0.0000044042
246 0.0000043794
247 0.0000043548
248 0.0000043304
249 0.0000043063
250 0.0000042824
251 0.0000042587
252 0.0000042352
253 0.0000042120
254 0.0000041889
255 0.0000041660
256 0.0000041434
257 0.0000041209
258 0.0000040986
259 0.0000040766
260 0.0000040547
261 0.0000040330
262 0.0000040114
263 0.0000039901
264 0.0000039689
265 0.0000039479
266 0.0000039271
267 0.0000039065
268 0.0000038860
269 0.0000038657
270 0.0000038455
271 0.0000038255
272 0.0000038056
273 0.0000037859
274 0.0000037663
275 0.0000037469
276 0.0000037276
277 0.0000037084
278 0.0000036894
279 0.0000036705
280 0.0000036517
281 0.0000036331
282 0.0000036145
283 0.0000035961
284 0.0000035777
285 0.0000035595
286 0.0000035414
287 0.0000035233
288 0.0000035053
289 0.0000034874
290 0.0000034696
291 0.0000034518
292 0.0000034340
293 0.0000034163
294 0.0000033985
295 0.0000033808
296 0.0000033631
297 0.0000033453
298 0.0000033274
299 0.0000033095
300 0.0000032914
301 0.0000032731
302 0.0000032546
303 0.0000032357
304 0.0000032164
305 0.0000031966
306 0.0000031760
307 0.0000031544
308 0.0000031314
309 0.0000031063
310 0.0000030782
311 0.0000030451
312 0.0000030035
313 0.0000029466
314 0.0000028442
315 0.0000025255
316 0.0000000000
