1 558
0 0.9624977190
1 0.0079240360
2 0.0033360859
3 0.0023304193
4 0.0017218245
5 0.0013608978
6 0.0011239988
7 0.0009549714
8 0.0008280628
9 0.0007293806
10 0.0006505176
11 0.0005860737
12 0.0005324392
13 0.0004871159
14 0.0004483217
15 0.0004147501
16 0.0003854214
17 0.0003595867
18 0.0003366629
19 0.0003161902
20 0.0002978004
21 0.0002811956
22 0.0002661319
23 0.0002524080
24 0.0002398561
25 0.0002283352
26 0.0002177260
27 0.0002079269
28 0.0001988509
29 0.0001904228
30 0.0001825777
31 0.0001752588
32 0.0001684165
33 0.0001620074
34 0.0001559929
35 0.0001503390
36 0.0001450155
37 0.0001399954
38 0.0001352545
39 0.0001307712
40 0.0001265259
41 0.0001225011
42 0.0001186809
43 0.0001150508
44 0.0001115978
45 0.0001083098
46 0.0001051760
47 0.0001021863
48 0.0000993316
49 0.0000966036
50 0.0000939945
51 0.0000914971
52 0.0000891050
53 0.0000868120
54 0.0000846125
55 0.0000825014
56 0.0000804737
57 0.0000785250
58 0.0000766510
59 0.0000748480
60 0.0000731122
61 0.0000714403
62 0.0000698290
63 0.0000682754
64 0.0000667768
65 0.0000653303
66 0.0000639338
67 0.0000625848
68 0.0000612811
69 0.0000600207
70 0.0000588017
71 0.0000576222
72 0.0000564806
73 0.0000553752
74 0.0000543045
75 0.0000532670
76 0.0000522614
77 0.0000512863
78 0.0000503405
79 0.0000494229
80 0.0000485324
81 0.0000476678
82 0.0000468282
83 0.0000460126
84 0.0000452201
85 0.0000444499
86 0.0000437012
87 0.0000429730
88 0.0000422647
89 0.0000415757
90 0.0000409051
91 0.0000402523
92 0.0000396168
93 0.0000389978
94 0.0000383950
95 0.0000378076
96 0.0000372352
97 0.0000366773
98 0.0000361333
99 0.0000356030
100 0.0000350857
101 0.0000345811
102 0.0000340887
103 0.0000336082
104 0.0000331393
105 0.0000326814
106 0.0000322344
107 0.0000317979
108 0.0000313714
109 0.0000309548
110 0.0000305478
111 0.0000301500
112 0.0000297612
113 0.0000293811
114 0.0000290095
115 0.0000286460
116 0.0000282906
117 0.0000279429
118 0.0000276027
119 0.0000272699
120 0.0000269441
121 0.0000266253
122 0.0000263132
123 0.0000260076
124 0.0000257084
125 0.0000254154
126 0.0000251283
127 0.0000248472
128 0.0000245717
129 0.0000243018
130 0.0000240373
131 0.0000237780
132 0.0000235239
133 0.0000232747
134 0.0000230304
135 0.0000227909
136 0.0000225559
137 0.0000223255
138 0.0000220994
139 0.0000218776
140 0.0000216600
141 0.0000214465
142 0.0000212369
143 0.0000210312
144 0.0000208292
145 0.0000206310
146 0.0000204363
147 0.0000202452
148 0.0000200574
149 0.0000198731
150 0.0000196919
151 0.0000195140
152 0.0000193392
153 0.0000191674
154 0.0000189986
155 0.0000188326
156 0.0000186696
157 0.0000185092
158 0.0000183516
159 0.0000181967
160 0.0000180443
161 0.0000178944
162 0.0000177471
163 0.0000176021
164 0.0000174595
165 0.0000173192
166 0.0000171812
167 0.0000170454
168 0.0000169118
169 0.0000167802
170 0.0000166508
171 0.0000165233
172 0.0000163979
173 0.0000162744
174 0.0000161528
175 0.0000160331
176 0.0000159151
177 0.0000157990
178 0.0000156846
179 0.0000155719
180 0.0000154609
181 0.0000153515
182 0.0000152438
183 0.0000151376
184 0.0000150330
185 0.0000149298
186 0.0000148282
187 0.0000147280
188 0.0000146292
189 0.0000145319
190 0.0000144359
191 0.0000143412
192 0.0000142479
193 0.0000141558
194 0.0000140650
195 0.0000139755
196 0.0000138871
197 0.0000138000
198 0.0000137140
199 0.0000136292
200 0.0000135455
201 0.0000134629
202 0.0000133813
203 0.0000133009
204 0.0000132215
205 0.0000131431
206 0.0000130657
207 0.0000129893
208 0.0000129139
209 0.0000128395
210 0.0000127659
211 0.0000126933
212 0.0000126216
213 0.0000125507
214 0.0000124808
215 0.0000124117
216 0.0000123434
217 0.0000122759
218 0.0000122093
219 0.0000121434
220 0.0000120784
221 0.0000120140
222 0.0000119505
223 0.0000118877
224 0.0000118256
225 0.0000117642
226 0.0000117036
227 0.0000116436
228 0.0000115843
229 0.0000115257
230 0.0000114677
231 0.0000114104
232 0.0000113537
233 0.0000112976
234 0.0000112422
235 0.0000111873
236 0.0000111331
237 0.0000110794
238 0.0000110263
239 0.0000109738
240 0.0000109218
241 0.0000108704
242 0.0000108195
243 0.0000107692
244 0.0000107193
245 0.0000106700
246 0.0000106212
247 0.0000105729
248 0.0000105251
249 0.0000104777
250 0.0000104308
251 0.0000103844
252 0.0000103385
253 0.0000102930
254 0.0000102480
255 0.0000102033
256 0.0000101592
257 0.0000101154
258 0.0000100721
259 0.0000100292
260 0.0000099867
261 0.0000099446
262 0.0000099029
263 0.0000098615
264 0.0000098206
265 0.0000097800
266 0.0000097398
267 0.0000097000
268 0.0000096606
269 0.0000096215
270 0.0000095827
271 0.0000095443
272 0.0000095062
273 0.0000094685
274 0.0000094311
275 0.0000093940
276 0.0000093573
277 0.0000093209
278 0.0000092847
279 0.0000092490
280 0.0000092135
281 0.0000091783
282 0.0000091434
283 0.0000091088
284 0.0000090744
285 0.0000090404
286 0.0000090067
287 0.0000089732
288 0.0000089400
289 0.0000089070
290 0.0000088744
291 0.0000088420
292 0.0000088098
293 0.0000087780
294 0.0000087464
295 0.0000087150
296 0.0000086838
297 0.0000086530
298 0.0000086223
299 0.0000085919
300 0.0000085617
301 0.0000085318
302 0.0000085020
303 0.0000084725
304 0.0000084433
305 0.0000084142
306 0.0000083854
307 0.0000083568
308 0.0000083284
309 0.0000083002
310 0.0000082722
311 0.0000082444
312 0.0000082168
313 0.0000081894
314 0.0000081622
315 0.0000081353
316 0.0000081085
317 0.0000080819
318 0.0000080554
319 0.0000080292
320 0.0000080032
321 0.0000079773
322 0.0000079516
323 0.0000079261
324 0.0000079007
325 0.0000078756
326 0.0000078506
327 0.0000078258
328 0.0000078011
329 0.0000077766
330 0.0000077523
331 0.0000077281
332 0.0000077041
333 0.0000076803
334 0.0000076566
335 0.0000076331
336 0.0000076097
337 0.0000075865
338 0.0000075634
339 0.0000075405
340 0.0000075177
341 0.0000074951
342 0.0000074726
343 0.0000074502
344 0.0000074280
345 0.0000074059
346 0.0000073840
347 0.0000073622
348 0.0000073406
349 0.0000073190
350 0.0000072976
351 0.0000072764
352 0.0000072552
353 0.0000072342
354 0.0000072134
355 0.0000071926
356 0.0000071720
357 0.0000071515
358 0.0000071311
359 0.0000071108
360 0.0000070907
361 0.0000070707
362 0.0000070508
363 0.0000070310
364 0.0000070113
365 0.0000069917
366 0.0000069723
367 0.0000069530
368 0.0000069337
369 0.0000069146
370 0.0000068956
371 0.0000068767
372 0.0000068579
373 0.0000068392
374 0.0000068206
375 0.0000068022
376 0.0000067838
377 0.0000067655
378 0.0000067474
379 0.0000067293
380 0.0000067113
381 0.0000066934
382 0.0000066757
383 0.0000066580
384 0.0000066404
385 0.0000066229
386 0.0000066055
387 0.0000065882
388 0.0000065710
389 0.0000065539
390 0.0000065368
391 0.0000065199
392 0.0000065030
393 0.0000064863
394 0.0000064696
395 0.0000064530
396 0.0000064365
397 0.0000064201
398 0.0000064037
399 0.0000063875
400 0.0000063713
401 0.0000063552
402 0.0000063392
403 0.0000063233
404 0.0000063075
405 0.0000062917
406 0.0000062760
407 0.0000062604
408 0.0000062449
409 0.0000062294
410 0.0000062141
411 0.0000061988
412 0.0000061835
413 0.0000061684
414 0.0000061533
415 0.0000061383
416 0.0000061234
417 0.0000061085
418 0.0000060938
419 0.0000060790
420 0.0000060644
421 0.0000060498
422 0.0000060353
423 0.0000060209
424 0.0000060065
425 0.0000059922
426 0.0000059779
427 0.0000059638
428 0.0000059497
429 0.0000059357
430 0.0000059217
431 0.0000059078
432 0.0000058939
433 0.0000058801
434 0.0000058664
435 0.0000058528
436 0.0000058392
437 0.0000058257
438 0.0000058122
439 0.0000057988
440 0.0000057854
441 0.0000057721
442 0.0000057589
443 0.0000057457
444 0.0000057326
445 0.0000057195
446 0.0000057066
447 0.0000056936
448 0.0000056807
449 0.0000056679
450 0.0000056551
451 0.0000056424
452 0.0000056297
453 0.0000056171
454 0.0000056046
455 0.0000055921
456 0.0000055796
457 0.0000055672
458 0.0000055549
459 0.0000055426
460 0.0000055303
461 0.0000055181
462 0.0000055060
463 0.0000054939
464 0.0000054819
465 0.0000054699
466 0.0000054579
467 0.0000054460
468 0.0000054342
469 0.0000054224
470 0.0000054106
471 0.0000053989
472 0.0000053873
473 0.0000053757
474 0.0000053641
475 0.0000053526
476 0.0000053411
477 0.0000053297
478 0.0000053183
479 0.0000053069
480 0.0000052956
481 0.0000052844
482 0.0000052731
483 0.0000052620
484 0.0000052508
485 0.0000052397
486 0.0000052287
487 0.0000052177
488 0.0000052067
489 0.0000051958
490 0.0000051849
491 0.0000051740
492 0.0000051632
493 0.0000051524
494 0.0000051417
495 0.0000051309
496 0.0000051203
497 0.0000051096
498 0.0000050990
499 0.0000050885
500 0.0000050779
501 0.0000050674
502 0.0000050569
503 0.0000050465
504 0.0000050361
505 0.0000050257
506 0.0000050153
507 0.0000050050
508 0.0000049947
509 0.0000049844
510 0.0000049742
511 0.0000049640
512 0.0000049538
513 0.0000049436
514 0.0000049334
515 0.0000049233
516 0.0000049132
517 0.0000049031
518 0.0000048930
519 0.0000048829
520 0.0000048728
521 0.0000048627
522 0.0000048527
523 0.0000048426
524 0.0000048326
525 0.0000048225
526 0.0000048125
527 0.0000048024
528 0.0000047923
529 0.0000047822
530 0.0000047720
531 0.0000047618
532 0.0000047516
533 0.0000047413
534 0.0000047310
535 0.0000047206
536 0.0000047100
537 0.0000046994
538 0.0000046887
539 0.0000046778
540 0.0000046666
541 0.0000046553
542 0.0000046437
543 0.0000046318
544 0.0000046194
545 0.0000046065
546 0.0000045929
547 0.0000045785
548 0.0000045630
549 0.0000045459
550 0.0000045268
551 0.0000045047
552 0.0000044781
553 0.0000044442
554 0.0000043976
555 0.0000043284
556 0.0000041919
557 0.0000037345
558 0.0000000000
