0 1200
0 0.9709804299
1 0.0059819346
2 0.0025278051
3 0.0017709729
4 0.0013127256
5 0.0010408451
6 0.0008623342
7 0.0007349134
8 0.0006391921
9 0.0005647146
10 0.0005051544
11 0.0004564479
12 0.0004158784
13 0.0003815657
14 0.0003521685
15 0.0003267036
16 0.0003044337
17 0.0002847950
18 0.0002673490
19 0.0002517494
20 0.0002377192
21 0.0002250341
22 0.0002135106
23 0.0002029973
24 0.0001933677
25 0.0001845158
26 0.0001763518
27 0.0001687992
28 0.0001617926
29 0.0001552753
30 0.0001491984
31 0.0001435193
32 0.0001382007
33 0.0001332096
34 0.0001285173
35 0.0001240980
36 0.0001199290
37 0.0001159899
38 0.0001122626
39 0.0001087308
40 0.0001053798
41 0.0001021963
42 0.0000991683
43 0.0000962850
44 0.0000935364
45 0.0000909137
46 0.0000884084
47 0.0000860132
48 0.0000837211
49 0.0000815258
50 0.0000794214
51 0.0000774026
52 0.0000754645
53 0.0000736025
54 0.0000718122
55 0.0000700898
56 0.0000684316
57 0.0000668343
58 0.0000652946
59 0.0000638097
60 0.0000623767
61 0.0000609931
62 0.0000596565
63 0.0000583646
64 0.0000571154
65 0.0000559068
66 0.0000547370
67 0.0000536042
68 0.0000525068
69 0.0000514433
70 0.0000504121
71 0.0000494119
72 0.0000484414
73 0.0000474994
74 0.0000465846
75 0.0000456961
76 0.0000448327
77 0.0000439934
78 0.0000431774
79 0.0000423837
80 0.0000416115
81 0.0000408599
82 0.0000401282
83 0.0000394157
84 0.0000387217
85 0.0000380455
86 0.0000373865
87 0.0000367441
88 0.0000361177
89 0.0000355068
90 0.0000349108
91 0.0000343292
92 0.0000337616
93 0.0000332075
94 0.0000326665
95 0.0000321381
96 0.0000316219
97 0.0000311176
98 0.0000306247
99 0.0000301430
100 0.0000296721
101 0.0000292116
102 0.0000287613
103 0.0000283208
104 0.0000278899
105 0.0000274683
106 0.0000270556
107 0.0000266517
108 0.0000262563
109 0.0000258691
110 0.0000254899
111 0.0000251186
112 0.0000247548
113 0.0000243984
114 0.0000240492
115 0.0000237070
116 0.0000233715
117 0.0000230427
118 0.0000227203
119 0.0000224042
120 0.0000220942
121 0.0000217902
122 0.0000214919
123 0.0000211994
124 0.0000209123
125 0.0000206306
126 0.0000203542
127 0.0000200829
128 0.0000198165
129 0.0000195550
130 0.0000192983
131 0.0000190463
132 0.0000187987
133 0.0000185556
134 0.0000183168
135 0.0000180822
136 0.0000178518
137 0.0000176253
138 0.0000174028
139 0.0000171842
140 0.0000169693
141 0.0000167581
142 0.0000165505
143 0.0000163464
144 0.0000161457
145 0.0000159484
146 0.0000157544
147 0.0000155636
148 0.0000153759
149 0.0000151913
150 0.0000150098
151 0.0000148312
152 0.0000146555
153 0.0000144826
154 0.0000143125
155 0.0000141451
156 0.0000139804
157 0.0000138183
158 0.0000136587
159 0.0000135016
160 0.0000133470
161 0.0000131948
162 0.0000130450
163 0.0000128974
164 0.0000127522
165 0.0000126091
166 0.0000124682
167 0.0000123294
168 0.0000121928
169 0.0000120582
170 0.0000119256
171 0.0000117950
172 0.0000116663
173 0.0000115395
174 0.0000114146
175 0.0000112916
176 0.0000111703
177 0.0000110508
178 0.0000109330
179 0.0000108169
180 0.0000107025
181 0.0000105898
182 0.0000104786
183 0.0000103690
184 0.0000102610
185 0.0000101545
186 0.0000100495
187 0.0000099460
188 0.0000098440
189 0.0000097433
190 0.0000096441
191 0.0000095462
192 0.0000094496
193 0.0000093544
194 0.0000092606
195 0.0000091679
196 0.0000090766
197 0.0000089865
198 0.0000088976
199 0.0000088099
200 0.0000087233
201 0.0000086379
202 0.0000085537
203 0.0000084706
204 0.0000083886
205 0.0000083077
206 0.0000082278
207 0.0000081490
208 0.0000080712
209 0.0000079945
210 0.0000079187
211 0.0000078439
212 0.0000077701
213 0.0000076972
214 0.0000076253
215 0.0000075543
216 0.0000074842
217 0.0000074150
218 0.0000073467
219 0.0000072792
220 0.0000072126
221 0.0000071468
222 0.0000070819
223 0.0000070178
224 0.0000069544
225 0.0000068919
226 0.0000068301
227 0.0000067691
228 0.0000067089
229 0.0000066494
230 0.0000065906
231 0.0000065326
232 0.0000064752
233 0.0000064186
234 0.0000063626
235 0.0000063074
236 0.0000062528
237 0.0000061988
238 0.0000061455
239 0.0000060928
240 0.0000060408
241 0.0000059894
242 0.0000059386
243 0.0000058884
244 0.0000058388
245 0.0000057898
246 0.0000057414
247 0.0000056935
248 0.0000056462
249 0.0000055995
250 0.0000055533
251 0.0000055076
252 0.0000054625
253 0.0000054179
254 0.0000053738
255 0.0000053302
256 0.0000052871
257 0.0000052445
258 0.0000052024
259 0.0000051608
260 0.0000051197
261 0.0000050790
262 0.0000050387
263 0.0000049990
264 0.0000049597
265 0.0000049208
266 0.0000048824
267 0.0000048444
268 0.0000048068
269 0.0000047697
270 0.0000047329
271 0.0000046966
272 0.0000046607
273 0.0000046251
274 0.0000045900
275 0.0000045552
276 0.0000045209
277 0.0000044869
278 0.0000044532
279 0.0000044200
280 0.0000043871
281 0.0000043546
282 0.0000043224
283 0.0000042905
284 0.0000042591
285 0.0000042279
286 0.0000041971
287 0.0000041666
288 0.0000041365
289 0.0000041066
290 0.0000040771
291 0.0000040479
292 0.0000040190
293 0.0000039905
294 0.0000039622
295 0.0000039342
296 0.0000039065
297 0.0000038791
298 0.0000038520
299 0.0000038252
300 0.0000037986
301 0.0000037724
302 0.0000037464
303 0.0000037207
304 0.0000036952
305 0.0000036700
306 0.0000036451
307 0.0000036204
308 0.0000035960
309 0.0000035718
310 0.0000035479
311 0.0000035242
312 0.0000035008
313 0.0000034776
314 0.0000034546
315 0.0000034319
316 0.0000034094
317 0.0000033871
318 0.0000033651
319 0.0000033433
320 0.0000033217
321 0.0000033003
322 0.0000032791
323 0.0000032581
324 0.0000032374
325 0.0000032168
326 0.0000031965
327 0.0000031764
328 0.0000031564
329 0.0000031367
330 0.0000031171
331 0.0000030978
332 0.0000030786
333 0.0000030596
334 0.0000030408
335 0.0000030222
336 0.0000030038
337 0.0000029855
338 0.0000029675
339 0.0000029496
340 0.0000029318
341 0.0000029143
342 0.0000028969
343 0.0000028797
344 0.0000028626
345 0.0000028457
346 0.0000028290
347 0.0000028125
348 0.0000027961
349 0.0000027798
350 0.0000027637
351 0.0000027477
352 0.0000027320
353 0.0000027163
354 0.0000027008
355 0.0000026855
356 0.0000026703
357 0.0000026552
358 0.0000026403
359 0.0000026255
360 0.0000026108
361 0.0000025963
362 0.0000025820
363 0.0000025677
364 0.0000025536
365 0.0000025396
366 0.0000025258
367 0.0000025120
368 0.0000024984
369 0.0000024850
370 0.0000024716
371 0.0000024584
372 0.0000024453
373 0.0000024323
374 0.0000024194
375 0.0000024067
376 0.0000023940
377 0.0000023815
378 0.0000023691
379 0.0000023568
380 0.0000023446
381 0.0000023325
382 0.0000023205
383 0.0000023087
384 0.0000022969
385 0.0000022852
386 0.0000022737
387 0.0000022622
388 0.0000022509
389 0.0000022397
390 0.0000022285
391 0.0000022174
392 0.0000022065
393 0.0000021956
394 0.0000021849
395 0.0000021742
396 0.0000021636
397 0.0000021531
398 0.0000021427
399 0.0000021325
400 0.0000021222
401 0.0000021121
402 0.0000021021
403 0.0000020921
404 0.0000020823
405 0.0000020725
406 0.0000020628
407 0.0000020531
408 0.0000020436
409 0.0000020342
410 0.0000020248
411 0.0000020155
412 0.0000020063
413 0.0000019972
414 0.0000019881
415 0.0000019791
416 0.0000019702
417 0.0000019614
418 0.0000019526
419 0.0000019439
420 0.0000019353
421 0.0000019268
422 0.0000019183
423 0.0000019099
424 0.0000019016
425 0.0000018933
426 0.0000018851
427 0.0000018770
428 0.0000018689
429 0.0000018609
430 0.0000018530
431 0.0000018451
432 0.0000018373
433 0.0000018296
434 0.0000018219
435 0.0000018143
436 0.0000018067
437 0.0000017992
438 0.0000017918
439 0.0000017844
440 0.0000017771
441 0.0000017699
442 0.0000017627
443 0.0000017555
444 0.0000017485
445 0.0000017414
446 0.0000017345
447 0.0000017276
448 0.0000017207
449 0.0000017139
450 0.0000017071
451 0.0000017004
452 0.0000016938
453 0.0000016872
454 0.0000016806
455 0.0000016741
456 0.0000016677
457 0.0000016613
458 0.0000016550
459 0.0000016487
460 0.0000016424
461 0.0000016362
462 0.0000016301
463 0.0000016240
464 0.0000016179
465 0.0000016119
466 0.0000016059
467 0.0000016000
468 0.0000015941
469 0.0000015883
470 0.0000015825
471 0.0000015768
472 0.0000015711
473 0.0000015654
474 0.0000015598
475 0.0000015542
476 0.0000015487
477 0.0000015432
478 0.0000015378
479 0.0000015324
480 0.0000015270
481 0.0000015216
482 0.0000015164
483 0.0000015111
484 0.0000015059
485 0.0000015007
486 0.0000014956
487 0.0000014905
488 0.0000014854
489 0.0000014804
490 0.0000014754
491 0.0000014704
492 0.0000014655
493 0.0000014606
494 0.0000014558
495 0.0000014510
496 0.0000014462
497 0.0000014414
498 0.0000014367
499 0.0000014321
500 0.0000014274
501 0.0000014228
502 0.0000014182
503 0.0000014137
504 0.0000014092
505 0.0000014047
506 0.0000014002
507 0.0000013958
508 0.0000013914
509 0.0000013870
510 0.0000013827
511 0.0000013784
512 0.0000013741
513 0.0000013699
514 0.0000013657
515 0.0000013615
516 0.0000013573
517 0.0000013532
518 0.0000013491
519 0.0000013451
520 0.0000013410
521 0.0000013370
522 0.0000013330
523 0.0000013290
524 0.0000013251
525 0.0000013212
526 0.0000013173
527 0.0000013134
528 0.0000013096
529 0.0000013058
530 0.0000013020
531 0.0000012983
532 0.0000012945
533 0.0000012908
534 0.0000012871
535 0.0000012835
536 0.0000012798
537 0.0000012762
538 0.0000012726
539 0.0000012691
540 0.0000012655
541 0.0000012620
542 0.0000012585
543 0.0000012550
544 0.0000012516
545 0.0000012482
546 0.0000012448
547 0.0000012414
548 0.0000012380
549 0.0000012346
550 0.0000012313
551 0.0000012280
552 0.0000012248
553 0.0000012215
554 0.0000012183
555 0.0000012150
556 0.0000012118
557 0.0000012087
558 0.0000012055
559 0.0000012023
560 0.0000011992
561 0.0000011961
562 0.0000011930
563 0.0000011900
564 0.0000011869
565 0.0000011839
566 0.0000011809
567 0.0000011779
568 0.0000011749
569 0.0000011720
570 0.0000011690
571 0.0000011661
572 0.0000011632
573 0.0000011603
574 0.0000011574
575 0.0000011546
576 0.0000011518
577 0.0000011489
578 0.0000011461
579 0.0000011434
580 0.0000011406
581 0.0000011378
582 0.0000011351
583 0.0000011324
584 0.0000011297
585 0.0000011270
586 0.0000011243
587 0.0000011217
588 0.0000011190
589 0.0000011164
590 0.0000011138
591 0.0000011112
592 0.0000011086
593 0.0000011060
594 0.0000011035
595 0.0000011009
596 0.0000010984
597 0.0000010959
598 0.0000010934
599 0.0000010909
600 0.0000010884
601 0.0000010860
602 0.0000010835
603 0.0000010811
604 0.0000010787
605 0.0000010763
606 0.0000010739
607 0.0000010715
608 0.0000010692
609 0.0000010668
610 0.0000010645
611 0.0000010621
612 0.0000010598
613 0.0000010575
614 0.0000010552
615 0.0000010530
616 0.0000010507
617 0.0000010485
618 0.0000010462
619 0.0000010440
620 0.0000010418
621 0.0000010396
622 0.0000010374
623 0.0000010352
624 0.0000010330
625 0.0000010309
626 0.0000010287
627 0.0000010266
628 0.0000010245
629 0.0000010223
630 0.0000010202
631 0.0000010181
632 0.0000010161
633 0.0000010140
634 0.0000010119
635 0.0000010099
636 0.0000010078
637 0.0000010058
638 0.0000010038
639 0.0000010018
640 0.0000009998
641 0.0000009978
642 0.0000009958
643 0.0000009938
644 0.0000009919
645 0.0000009899
646 0.0000009880
647 0.0000009861
648 0.0000009841
649 0.0000009822
650 0.0000009803
651 0.0000009784
652 0.0000009765
653 0.0000009747
654 0.0000009728
655 0.0000009709
656 0.0000009691
657 0.0000009672
658 0.0000009654
659 0.0000009636
660 0.0000009618
661 0.0000009600
662 0.0000009582
663 0.0000009564
664 0.0000009546
665 0.0000009528
666 0.0000009511
667 0.0000009493
668 0.0000009476
669 0.0000009458
670 0.0000009441
671 0.0000009424
672 0.0000009407
673 0.0000009389
674 0.0000009373
675 0.0000009356
676 0.0000009339
677 0.0000009322
678 0.0000009305
679 0.0000009289
680 0.0000009272
681 0.0000009256
682 0.0000009239
683 0.0000009223
684 0.0000009207
685 0.0000009190
686 0.0000009174
687 0.0000009158
688 0.0000009142
689 0.0000009126
690 0.0000009111
691 0.0000009095
692 0.0000009079
693 0.0000009064
694 0.0000009048
695 0.0000009032
696 0.0000009017
697 0.0000009002
698 0.0000008986
699 0.0000008971
700 0.0000008956
701 0.0000008941
702 0.0000008926
703 0.0000008911
704 0.0000008896
705 0.0000008881
706 0.0000008866
707 0.0000008852
708 0.0000008837
709 0.0000008822
710 0.0000008808
711 0.0000008793
712 0.0000008779
713 0.0000008764
714 0.0000008750
715 0.0000008736
716 0.0000008722
717 0.0000008707
718 0.0000008694
719 0.0000008679
720 0.0000008665
721 0.0000008652
722 0.0000008638
723 0.0000008624
724 0.0000008610
725 0.0000008596
726 0.0000008583
727 0.0000008569
728 0.0000008556
729 0.0000008542
730 0.0000008529
731 0.0000008515
732 0.0000008502
733 0.0000008489
734 0.0000008476
735 0.0000008462
736 0.0000008449
737 0.0000008436
738 0.0000008423
739 0.0000008410
740 0.0000008397
741 0.0000008384
742 0.0000008372
743 0.0000008359
744 0.0000008346
745 0.0000008334
746 0.0000008321
747 0.0000008308
748 0.0000008296
749 0.0000008283
750 0.0000008271
751 0.0000008258
752 0.0000008246
753 0.0000008234
754 0.0000008222
755 0.0000008209
756 0.0000008197
757 0.0000008185
758 0.0000008173
759 0.0000008161
760 0.0000008149
761 0.0000008137
762 0.0000008125
763 0.0000008113
764 0.0000008101
765 0.0000008089
766 0.0000008078
767 0.0000008066
768 0.0000008054
769 0.0000008043
770 0.0000008031
771 0.0000008020
772 0.0000008008
773 0.0000007997
774 0.0000007985
775 0.0000007974
776 0.0000007962
777 0.0000007951
778 0.0000007940
779 0.0000007929
780 0.0000007917
781 0.0000007906
782 0.0000007895
783 0.0000007884
784 0.0000007873
785 0.0000007862
786 0.0000007851
787 0.0000007840
788 0.0000007829
789 0.0000007818
790 0.0000007808
791 0.0000007797
792 0.0000007786
793 0.0000007775
794 0.0000007765
795 0.0000007754
796 0.0000007744
797 0.0000007733
798 0.0000007722
799 0.0000007712
800 0.0000007701
801 0.0000007691
802 0.0000007681
803 0.0000007670
804 0.0000007660
805 0.0000007650
806 0.0000007639
807 0.0000007629
808 0.0000007619
809 0.0000007609
810 0.0000007599
811 0.0000007588
812 0.0000007578
813 0.0000007568
814 0.0000007558
815 0.0000007548
816 0.0000007538
817 0.0000007529
818 0.0000007519
819 0.0000007509
820 0.0000007499
821 0.0000007489
822 0.0000007479
823 0.0000007470
824 0.0000007460
825 0.0000007450
826 0.0000007441
827 0.0000007431
828 0.0000007421
829 0.0000007412
830 0.0000007402
831 0.0000007393
832 0.0000007383
833 0.0000007374
834 0.0000007364
835 0.0000007355
836 0.0000007346
837 0.0000007336
838 0.0000007327
839 0.0000007318
840 0.0000007308
841 0.0000007299
842 0.0000007290
843 0.0000007281
844 0.0000007272
845 0.0000007263
846 0.0000007254
847 0.0000007244
848 0.0000007235
849 0.0000007226
850 0.0000007217
851 0.0000007208
852 0.0000007200
853 0.0000007191
854 0.0000007182
855 0.0000007173
856 0.0000007164
857 0.0000007155
858 0.0000007146
859 0.0000007138
860 0.0000007129
861 0.0000007120
862 0.0000007111
863 0.0000007103
864 0.0000007094
865 0.0000007086
866 0.0000007077
867 0.0000007068
868 0.0000007060
869 0.0000007051
870 0.0000007043
871 0.0000007034
872 0.0000007026
873 0.0000007018
874 0.0000007009
875 0.0000007001
876 0.0000006992
877 0.0000006984
878 0.0000006976
879 0.0000006967
880 0.0000006959
881 0.0000006951
882 0.0000006943
883 0.0000006934
884 0.0000006926
885 0.0000006918
886 0.0000006910
887 0.0000006902
888 0.0000006894
889 0.0000006886
890 0.0000006878
891 0.0000006869
892 0.0000006862
893 0.0000006854
894 0.0000006845
895 0.0000006838
896 0.0000006830
897 0.0000006822
898 0.0000006814
899 0.0000006806
900 0.0000006798
901 0.0000006790
902 0.0000006782
903 0.0000006775
904 0.0000006767
905 0.0000006759
906 0.0000006751
907 0.0000006744
908 0.0000006736
909 0.0000006728
910 0.0000006721
911 0.0000006713
912 0.0000006706
913 0.0000006698
914 0.0000006690
915 0.0000006683
916 0.0000006675
917 0.0000006668
918 0.0000006660
919 0.0000006653
920 0.0000006645
921 0.0000006638
922 0.0000006630
923 0.0000006623
924 0.0000006616
925 0.0000006608
926 0.0000006601
927 0.0000006594
928 0.0000006586
929 0.0000006579
930 0.0000006572
931 0.0000006564
932 0.0000006557
933 0.0000006550
934 0.0000006543
935 0.0000006536
936 0.0000006528
937 0.0000006521
938 0.0000006514
939 0.0000006507
940 0.0000006500
941 0.0000006493
942 0.0000006486
943 0.0000006478
944 0.0000006471
945 0.0000006464
946 0.0000006457
947 0.0000006451
948 0.0000006444
949 0.0000006436
950 0.0000006430
951 0.0000006423
952 0.0000006416
953 0.0000006409
954 0.0000006402
955 0.0000006395
956 0.0000006388
957 0.0000006381
958 0.0000006375
959 0.0000006368
960 0.0000006361
961 0.0000006354
962 0.0000006347
963 0.0000006341
964 0.0000006334
965 0.0000006327
966 0.0000006321
967 0.0000006314
968 0.0000006307
969 0.0000006301
970 0.0000006294
971 0.0000006287
972 0.0000006281
973 0.0000006274
974 0.0000006268
975 0.0000006261
976 0.0000006254
977 0.0000006248
978 0.0000006241
979 0.0000006235
980 0.0000006229
981 0.0000006222
982 0.0000006216
983 0.0000006209
984 0.0000006203
985 0.0000006196
986 0.0000006190
987 0.0000006183
988 0.0000006177
989 0.0000006171
990 0.0000006164
991 0.0000006158
992 0.0000006152
993 0.0000006145
994 0.0000006139
995 0.0000006133
996 0.0000006127
997 0.0000006120
998 0.0000006114
999 0.0000006108
1000 0.0000006102
1001 0.0000006096
1002 0.0000006089
1003 0.0000006083
1004 0.0000006077
1005 0.0000006071
1006 0.0000006065
1007 0.0000006059
1008 0.0000006053
1009 0.0000006046
1010 0.0000006040
1011 0.0000006034
1012 0.0000006028
1013 0.0000006022
1014 0.0000006016
1015 0.0000006010
1016 0.0000006004
1017 0.0000005998
1018 0.0000005992
1019 0.0000005986
1020 0.0000005980
1021 0.0000005974
1022 0.0000005968
1023 0.0000005962
1024 0.0000005956
1025 0.0000005951
1026 0.0000005945
1027 0.0000005939
1028 0.0000005933
1029 0.0000005927
1030 0.0000005921
1031 0.0000005916
1032 0.0000005910
1033 0.0000005904
1034 0.0000005898
1035 0.0000005892
1036 0.0000005887
1037 0.0000005881
1038 0.0000005875
1039 0.0000005869
1040 0.0000005864
1041 0.0000005858
1042 0.0000005852
1043 0.0000005847
1044 0.0000005841
1045 0.0000005835
1046 0.0000005830
1047 0.0000005824
1048 0.0000005818
1049 0.0000005813
1050 0.0000005807
1051 0.0000005802
1052 0.0000005796
1053 0.0000005790
1054 0.0000005785
1055 0.0000005779
1056 0.0000005774
1057 0.0000005768
1058 0.0000005763
1059 0.0000005757
1060 0.0000005752
1061 0.0000005746
1062 0.0000005741
1063 0.0000005735
1064 0.0000005730
1065 0.0000005725
1066 0.0000005719
1067 0.0000005714
1068 0.0000005708
1069 0.0000005703
1070 0.0000005697
1071 0.0000005692
1072 0.0000005687
1073 0.0000005681
1074 0.0000005676
1075 0.0000005671
1076 0.0000005665
1077 0.0000005660
1078 0.0000005655
1079 0.0000005649
1080 0.0000005644
1081 0.0000005639
1082 0.0000005634
1083 0.0000005628
1084 0.0000005623
1085 0.0000005618
1086 0.0000005613
1087 0.0000005608
1088 0.0000005602
1089 0.0000005597
1090 0.0000005592
1091 0.0000005587
1092 0.0000005582
1093 0.0000005576
1094 0.0000005571
1095 0.0000005566
1096 0.0000005561
1097 0.0000005556
1098 0.0000005551
1099 0.0000005546
1100 0.0000005541
1101 0.0000005536
1102 0.0000005530
1103 0.0000005525
1104 0.0000005520
1105 0.0000005515
1106 0.0000005510
1107 0.0000005505
1108 0.0000005500
1109 0.0000005495
1110 0.0000005490
1111 0.0000005485
1112 0.0000005480
1113 0.0000005475
1114 0.0000005470
1115 0.0000005465
1116 0.0000005461
1117 0.0000005456
1118 0.0000005451
1119 0.0000005446
1120 0.0000005441
1121 0.0000005436
1122 0.0000005431
1123 0.0000005426
1124 0.0000005421
1125 0.0000005417
1126 0.0000005412
1127 0.0000005407
1128 0.0000005402
1129 0.0000005397
1130 0.0000005392
1131 0.0000005388
1132 0.0000005383
1133 0.0000005378
1134 0.0000005373
1135 0.0000005368
1136 0.0000005364
1137 0.0000005359
1138 0.0000005354
1139 0.0000005349
1140 0.0000005345
1141 0.0000005340
1142 0.0000005335
1143 0.0000005331
1144 0.0000005326
1145 0.0000005321
1146 0.0000005316
1147 0.0000005312
1148 0.0000005307
1149 0.0000005303
1150 0.0000005298
1151 0.0000005293
1152 0.0000005289
1153 0.0000005284
1154 0.0000005279
1155 0.0000005275
1156 0.0000005270
1157 0.0000005266
1158 0.0000005261
1159 0.0000005256
1160 0.0000005252
1161 0.0000005247
1162 0.0000005243
1163 0.0000005238
1164 0.0000005234
1165 0.0000005229
1166 0.0000005225
1167 0.0000005220
1168 0.0000005216
1169 0.0000005211
1170 0.0000005207
1171 0.0000005202
1172 0.0000005198
1173 0.0000005193
1174 0.0000005189
1175 0.0000005184
1176 0.0000005180
1177 0.0000005175
1178 0.0000005171
1179 0.0000005167
1180 0.0000005162
1181 0.0000005158
1182 0.0000005154
1183 0.0000005149
1184 0.0000005145
1185 0.0000005140
1186 0.0000005136
1187 0.0000005132
1188 0.0000005127
1189 0.0000005123
1190 0.0000005119
1191 0.0000005114
1192 0.0000005110
1193 0.0000005106
1194 0.0000005101
1195 0.0000005097
1196 0.0000005093
1197 0.0000005088
1198 0.0000005084
1199 0.0000005080
1200 0.0000005076
