0 348
0 0.9844903379
1 0.0044321079
2 0.0014430192
3 0.0008740247
4 0.0005645129
5 0.0004051023
6 0.0003145656
7 0.0002574713
8 0.0002186935
9 0.0001908315
10 0.0001698450
11 0.0001533985
12 0.0001400883
13 0.0001290389
14 0.0001196812
15 0.0001116308
16 0.0001046175
17 0.0000984452
18 0.0000929667
19 0.0000880688
20 0.0000836626
21 0.0000796771
22 0.0000760544
23 0.0000727470
24 0.0000697154
25 0.0000669265
26 0.0000643521
27 0.0000619685
28 0.0000597553
29 0.0000576946
30 0.0000557714
31 0.0000539722
32 0.0000522855
33 0.0000507010
34 0.0000492098
35 0.0000478037
36 0.0000464757
37 0.0000452195
38 0.0000440295
39 0.0000429005
40 0.0000418279
41 0.0000408076
42 0.0000398359
43 0.0000389094
44 0.0000380251
45 0.0000371800
46 0.0000363717
47 0.0000355977
48 0.0000348561
49 0.0000341447
50 0.0000334617
51 0.0000328055
52 0.0000321746
53 0.0000315675
54 0.0000309828
55 0.0000304195
56 0.0000298762
57 0.0000293520
58 0.0000288459
59 0.0000283569
60 0.0000278842
61 0.0000274271
62 0.0000269846
63 0.0000265563
64 0.0000261413
65 0.0000257391
66 0.0000253490
67 0.0000249706
68 0.0000246034
69 0.0000242467
70 0.0000239003
71 0.0000235636
72 0.0000232363
73 0.0000229180
74 0.0000226082
75 0.0000223067
76 0.0000220132
77 0.0000217273
78 0.0000214487
79 0.0000211771
80 0.0000209124
81 0.0000206541
82 0.0000204022
83 0.0000201564
84 0.0000199164
85 0.0000196820
86 0.0000194531
87 0.0000192295
88 0.0000190109
89 0.0000187973
90 0.0000185884
91 0.0000183841
92 0.0000181842
93 0.0000179886
94 0.0000177972
95 0.0000176099
96 0.0000174264
97 0.0000172467
98 0.0000170707
99 0.0000168982
100 0.0000167292
101 0.0000165635
102 0.0000164011
103 0.0000162418
104 0.0000160856
105 0.0000159324
106 0.0000157820
107 0.0000156345
108 0.0000154897
109 0.0000153476
110 0.0000152080
111 0.0000150710
112 0.0000149364
113 0.0000148041
114 0.0000146743
115 0.0000145466
116 0.0000144212
117 0.0000142979
118 0.0000141767
119 0.0000140575
120 0.0000139403
121 0.0000138251
122 0.0000137117
123 0.0000136002
124 0.0000134905
125 0.0000133826
126 0.0000132763
127 0.0000131717
128 0.0000130688
129 0.0000129675
130 0.0000128677
131 0.0000127694
132 0.0000126727
133 0.0000125773
134 0.0000124834
135 0.0000123909
136 0.0000122998
137 0.0000122100
138 0.0000121215
139 0.0000120342
140 0.0000119483
141 0.0000118635
142 0.0000117799
143 0.0000116975
144 0.0000116162
145 0.0000115361
146 0.0000114570
147 0.0000113791
148 0.0000113022
149 0.0000112263
150 0.0000111514
151 0.0000110775
152 0.0000110046
153 0.0000109327
154 0.0000108616
155 0.0000107915
156 0.0000107223
157 0.0000106540
158 0.0000105865
159 0.0000105199
160 0.0000104541
161 0.0000103892
162 0.0000103250
163 0.0000102616
164 0.0000101990
165 0.0000101372
166 0.0000100761
167 0.0000100157
168 0.0000099561
169 0.0000098971
170 0.0000098389
171 0.0000097813
172 0.0000097244
173 0.0000096682
174 0.0000096126
175 0.0000095576
176 0.0000095033
177 0.0000094496
178 0.0000093965
179 0.0000093439
180 0.0000092920
181 0.0000092406
182 0.0000091898
183 0.0000091396
184 0.0000090899
185 0.0000090407
186 0.0000089921
187 0.0000089440
188 0.0000088964
189 0.0000088492
190 0.0000088026
191 0.0000087565
192 0.0000087109
193 0.0000086657
194 0.0000086210
195 0.0000085768
196 0.0000085330
197 0.0000084896
198 0.0000084467
199 0.0000084043
200 0.0000083622
201 0.0000083206
202 0.0000082794
203 0.0000082385
204 0.0000081981
205 0.0000081581
206 0.0000081185
207 0.0000080792
208 0.0000080404
209 0.0000080019
210 0.0000079637
211 0.0000079259
212 0.0000078885
213 0.0000078515
214 0.0000078147
215 0.0000077784
216 0.0000077423
217 0.0000077066
218 0.0000076712
219 0.0000076362
220 0.0000076014
221 0.0000075670
222 0.0000075329
223 0.0000074991
224 0.0000074656
225 0.0000074324
226 0.0000073994
227 0.0000073668
228 0.0000073345
229 0.0000073024
230 0.0000072706
231 0.0000072391
232 0.0000072079
233 0.0000071769
234 0.0000071462
235 0.0000071158
236 0.0000070856
237 0.0000070557
238 0.0000070260
239 0.0000069966
240 0.0000069674
241 0.0000069384
242 0.0000069097
243 0.0000068813
244 0.0000068530
245 0.0000068250
246 0.0000067973
247 0.0000067697
248 0.0000067424
249 0.0000067153
250 0.0000066884
251 0.0000066617
252 0.0000066352
253 0.0000066090
254 0.0000065829
255 0.0000065571
256 0.0000065314
257 0.0000065060
258 0.0000064807
259 0.0000064557
260 0.0000064308
261 0.0000064061
262 0.0000063816
263 0.0000063573
264 0.0000063332
265 0.0000063093
266 0.0000062855
267 0.0000062620
268 0.0000062386
269 0.0000062153
270 0.0000061923
271 0.0000061694
272 0.0000061467
273 0.0000061241
274 0.0000061017
275 0.0000060795
276 0.0000060575
277 0.0000060356
278 0.0000060138
279 0.0000059922
280 0.0000059708
281 0.0000059495
282 0.0000059284
283 0.0000059074
284 0.0000058865
285 0.0000058658
286 0.0000058453
287 0.0000058249
288 0.0000058046
289 0.0000057845
290 0.0000057645
291 0.0000057447
292 0.0000057250
293 0.0000057054
294 0.0000056859
295 0.0000056666
296 0.0000056475
297 0.0000056284
298 0.0000056095
299 0.0000055907
300 0.0000055720
301 0.0000055535
302 0.0000055350
303 0.0000055167
304 0.0000054985
305 0.0000054805
306 0.0000054625
307 0.0000054447
308 0.0000054270
309 0.0000054094
310 0.0000053919
311 0.0000053745
312 0.0000053572
313 0.0000053401
314 0.0000053230
315 0.0000053061
316 0.0000052892
317 0.0000052725
318 0.0000052559
319 0.0000052394
320 0.0000052230
321 0.0000052066
322 0.0000051904
323 0.0000051743
324 0.0000051583
325 0.0000051424
326 0.0000051266
327 0.0000051109
328 0.0000050952
329 0.0000050797
330 0.0000050643
331 0.0000050489
332 0.0000050337
333 0.0000050185
334 0.0000050034
335 0.0000049884
336 0.0000049735
337 0.0000049587
338 0.0000049440
339 0.0000049294
340 0.0000049148
341 0.0000049004
342 0.0000048860
343 0.0000048717
344 0.0000048575
345 0.0000048434
346 0.0000048293
347 0.0000048154
348 0.0000048015
