0 348
0 0.9611775563
1 0.0110940690
2 0.0036120409
3 0.0021877829
4 0.0014130398
5 0.0010140169
6 0.0007873934
7 0.0006444798
8 0.0005474145
9 0.0004776728
10 0.0004251413
11 0.0003839738
12 0.0003506570
13 0.0003229989
14 0.0002995755
15 0.0002794244
16 0.0002618696
17 0.0002464195
18 0.0002327061
19 0.0002204461
20 0.0002094170
21 0.0001994407
22 0.0001903727
23 0.0001820940
24 0.0001745056
25 0.0001675245
26 0.0001610807
27 0.0001551143
28 0.0001495742
29 0.0001444161
30 0.0001396021
31 0.0001350986
32 0.0001308765
33 0.0001269104
34 0.0001231776
35 0.0001196580
36 0.0001163340
37 0.0001131896
38 0.0001102108
39 0.0001073847
40 0.0001046999
41 0.0001021461
42 0.0000997138
43 0.0000973948
44 0.0000951811
45 0.0000930658
46 0.0000910424
47 0.0000891052
48 0.0000872487
49 0.0000854680
50 0.0000837584
51 0.0000821160
52 0.0000805367
53 0.0000790170
54 0.0000775536
55 0.0000761433
56 0.0000747835
57 0.0000734714
58 0.0000722045
59 0.0000709806
60 0.0000697974
61 0.0000686531
62 0.0000675456
63 0.0000664734
64 0.0000654346
65 0.0000644278
66 0.0000634515
67 0.0000625043
68 0.0000615850
69 0.0000606924
70 0.0000598252
71 0.0000589825
72 0.0000581632
73 0.0000573663
74 0.0000565910
75 0.0000558363
76 0.0000551015
77 0.0000543858
78 0.0000536884
79 0.0000530087
80 0.0000523460
81 0.0000516997
82 0.0000510691
83 0.0000504537
84 0.0000498529
85 0.0000492663
86 0.0000486934
87 0.0000481336
88 0.0000475865
89 0.0000470517
90 0.0000465288
91 0.0000460174
92 0.0000455171
93 0.0000450276
94 0.0000445485
95 0.0000440795
96 0.0000436202
97 0.0000431704
98 0.0000427298
99 0.0000422981
100 0.0000418750
101 0.0000414603
102 0.0000410538
103 0.0000406551
104 0.0000402641
105 0.0000398805
106 0.0000395042
107 0.0000391349
108 0.0000387725
109 0.0000384167
110 0.0000380673
111 0.0000377243
112 0.0000373874
113 0.0000370565
114 0.0000367313
115 0.0000364118
116 0.0000360978
117 0.0000357892
118 0.0000354859
119 0.0000351876
120 0.0000348942
121 0.0000346058
122 0.0000343220
123 0.0000340429
124 0.0000337683
125 0.0000334981
126 0.0000332321
127 0.0000329704
128 0.0000327127
129 0.0000324590
130 0.0000322093
131 0.0000319633
132 0.0000317211
133 0.0000314825
134 0.0000312475
135 0.0000310159
136 0.0000307878
137 0.0000305630
138 0.0000303415
139 0.0000301231
140 0.0000299078
141 0.0000296956
142 0.0000294864
143 0.0000292802
144 0.0000290767
145 0.0000288761
146 0.0000286783
147 0.0000284831
148 0.0000282906
149 0.0000281006
150 0.0000279132
151 0.0000277283
152 0.0000275458
153 0.0000273657
154 0.0000271879
155 0.0000270124
156 0.0000268392
157 0.0000266682
158 0.0000264993
159 0.0000263325
160 0.0000261679
161 0.0000260053
162 0.0000258447
163 0.0000256860
164 0.0000255293
165 0.0000253745
166 0.0000252216
167 0.0000250705
168 0.0000249212
169 0.0000247737
170 0.0000246279
171 0.0000244838
172 0.0000243413
173 0.0000242006
174 0.0000240614
175 0.0000239238
176 0.0000237878
177 0.0000236534
178 0.0000235204
179 0.0000233889
180 0.0000232589
181 0.0000231303
182 0.0000230032
183 0.0000228774
184 0.0000227530
185 0.0000226299
186 0.0000225082
187 0.0000223877
188 0.0000222686
189 0.0000221507
190 0.0000220340
191 0.0000219186
192 0.0000218043
193 0.0000216913
194 0.0000215794
195 0.0000214687
196 0.0000213590
197 0.0000212506
198 0.0000211432
199 0.0000210368
200 0.0000209316
201 0.0000208274
202 0.0000207242
203 0.0000206220
204 0.0000205209
205 0.0000204207
206 0.0000203215
207 0.0000202232
208 0.0000201259
209 0.0000200295
210 0.0000199341
211 0.0000198395
212 0.0000197459
213 0.0000196531
214 0.0000195612
215 0.0000194701
216 0.0000193799
217 0.0000192905
218 0.0000192020
219 0.0000191142
220 0.0000190272
221 0.0000189411
222 0.0000188557
223 0.0000187710
224 0.0000186872
225 0.0000186040
226 0.0000185216
227 0.0000184400
228 0.0000183590
229 0.0000182788
230 0.0000181992
231 0.0000181204
232 0.0000180422
233 0.0000179647
234 0.0000178878
235 0.0000178116
236 0.0000177361
237 0.0000176611
238 0.0000175869
239 0.0000175132
240 0.0000174401
241 0.0000173677
242 0.0000172958
243 0.0000172246
244 0.0000171539
245 0.0000170838
246 0.0000170143
247 0.0000169453
248 0.0000168769
249 0.0000168090
250 0.0000167417
251 0.0000166749
252 0.0000166087
253 0.0000165430
254 0.0000164778
255 0.0000164130
256 0.0000163489
257 0.0000162852
258 0.0000162220
259 0.0000161592
260 0.0000160970
261 0.0000160352
262 0.0000159739
263 0.0000159131
264 0.0000158528
265 0.0000157929
266 0.0000157334
267 0.0000156744
268 0.0000156158
269 0.0000155577
270 0.0000155000
271 0.0000154427
272 0.0000153858
273 0.0000153294
274 0.0000152734
275 0.0000152177
276 0.0000151625
277 0.0000151077
278 0.0000150532
279 0.0000149992
280 0.0000149455
281 0.0000148923
282 0.0000148393
283 0.0000147868
284 0.0000147347
285 0.0000146829
286 0.0000146314
287 0.0000145804
288 0.0000145297
289 0.0000144793
290 0.0000144293
291 0.0000143796
292 0.0000143302
293 0.0000142812
294 0.0000142326
295 0.0000141842
296 0.0000141362
297 0.0000140885
298 0.0000140412
299 0.0000139941
300 0.0000139474
301 0.0000139009
302 0.0000138548
303 0.0000138090
304 0.0000137634
305 0.0000137182
306 0.0000136733
307 0.0000136286
308 0.0000135843
309 0.0000135402
310 0.0000134965
311 0.0000134530
312 0.0000134097
313 0.0000133668
314 0.0000133241
315 0.0000132817
316 0.0000132396
317 0.0000131977
318 0.0000131561
319 0.0000131147
320 0.0000130737
321 0.0000130328
322 0.0000129922
323 0.0000129519
324 0.0000129118
325 0.0000128720
326 0.0000128324
327 0.0000127930
328 0.0000127539
329 0.0000127150
330 0.0000126764
331 0.0000126380
332 0.0000125998
333 0.0000125619
334 0.0000125241
335 0.0000124866
336 0.0000124494
337 0.0000124123
338 0.0000123755
339 0.0000123388
340 0.0000123024
341 0.0000122662
342 0.0000122302
343 0.0000121945
344 0.0000121589
345 0.0000121235
346 0.0000120884
347 0.0000120534
348 0.0000120186
