0 462
0 0.9737833210
1 0.0084094325
2 0.0025980338
3 0.0015133790
4 0.0009340596
5 0.0006441114
6 0.0004852795
7 0.0003887991
8 0.0003255711
9 0.0002815705
10 0.0002492878
11 0.0002244832
12 0.0002046804
13 0.0001883831
14 0.0001746519
15 0.0001628722
16 0.0001526246
17 0.0001436114
18 0.0001356134
19 0.0001284637
20 0.0001220323
21 0.0001162152
22 0.0001109283
23 0.0001061021
24 0.0001016788
25 0.0000976101
26 0.0000938549
27 0.0000903782
28 0.0000871501
29 0.0000841449
30 0.0000813400
31 0.0000787162
32 0.0000762564
33 0.0000739457
34 0.0000717709
35 0.0000697203
36 0.0000677836
37 0.0000659516
38 0.0000642160
39 0.0000625694
40 0.0000610051
41 0.0000595171
42 0.0000580999
43 0.0000567487
44 0.0000554588
45 0.0000542263
46 0.0000530474
47 0.0000519187
48 0.0000508370
49 0.0000497994
50 0.0000488034
51 0.0000478464
52 0.0000469262
53 0.0000460407
54 0.0000451881
55 0.0000443664
56 0.0000435741
57 0.0000428096
58 0.0000420714
59 0.0000413583
60 0.0000406689
61 0.0000400022
62 0.0000393569
63 0.0000387322
64 0.0000381269
65 0.0000375403
66 0.0000369715
67 0.0000364196
68 0.0000358840
69 0.0000353639
70 0.0000348586
71 0.0000343676
72 0.0000338902
73 0.0000334259
74 0.0000329742
75 0.0000325345
76 0.0000321064
77 0.0000316894
78 0.0000312830
79 0.0000308870
80 0.0000305009
81 0.0000301243
82 0.0000297569
83 0.0000293983
84 0.0000290483
85 0.0000287065
86 0.0000283727
87 0.0000280465
88 0.0000277278
89 0.0000274162
90 0.0000271115
91 0.0000268135
92 0.0000265220
93 0.0000262368
94 0.0000259577
95 0.0000256844
96 0.0000254168
97 0.0000251547
98 0.0000248980
99 0.0000246465
100 0.0000244000
101 0.0000241584
102 0.0000239215
103 0.0000236892
104 0.0000234614
105 0.0000232379
106 0.0000230187
107 0.0000228035
108 0.0000225923
109 0.0000223850
110 0.0000221815
111 0.0000219816
112 0.0000217853
113 0.0000215925
114 0.0000214030
115 0.0000212169
116 0.0000210340
117 0.0000208541
118 0.0000206774
119 0.0000205036
120 0.0000203327
121 0.0000201646
122 0.0000199993
123 0.0000198367
124 0.0000196767
125 0.0000195192
126 0.0000193643
127 0.0000192118
128 0.0000190617
129 0.0000189139
130 0.0000187683
131 0.0000186250
132 0.0000184839
133 0.0000183449
134 0.0000182080
135 0.0000180731
136 0.0000179401
137 0.0000178092
138 0.0000176801
139 0.0000175529
140 0.0000174274
141 0.0000173038
142 0.0000171819
143 0.0000170618
144 0.0000169432
145 0.0000168264
146 0.0000167111
147 0.0000165974
148 0.0000164852
149 0.0000163745
150 0.0000162653
151 0.0000161576
152 0.0000160513
153 0.0000159463
154 0.0000158428
155 0.0000157405
156 0.0000156396
157 0.0000155399
158 0.0000154416
159 0.0000153444
160 0.0000152485
161 0.0000151537
162 0.0000150602
163 0.0000149678
164 0.0000148765
165 0.0000147863
166 0.0000146972
167 0.0000146091
168 0.0000145222
169 0.0000144362
170 0.0000143512
171 0.0000142673
172 0.0000141843
173 0.0000141023
174 0.0000140212
175 0.0000139411
176 0.0000138618
177 0.0000137835
178 0.0000137060
179 0.0000136294
180 0.0000135537
181 0.0000134788
182 0.0000134047
183 0.0000133314
184 0.0000132590
185 0.0000131873
186 0.0000131163
187 0.0000130462
188 0.0000129767
189 0.0000129081
190 0.0000128401
191 0.0000127728
192 0.0000127063
193 0.0000126404
194 0.0000125752
195 0.0000125107
196 0.0000124469
197 0.0000123837
198 0.0000123211
199 0.0000122592
200 0.0000121978
201 0.0000121371
202 0.0000120770
203 0.0000120175
204 0.0000119586
205 0.0000119002
206 0.0000118424
207 0.0000117852
208 0.0000117285
209 0.0000116723
210 0.0000116167
211 0.0000115617
212 0.0000115071
213 0.0000114530
214 0.0000113995
215 0.0000113465
216 0.0000112939
217 0.0000112418
218 0.0000111902
219 0.0000111391
220 0.0000110885
221 0.0000110383
222 0.0000109885
223 0.0000109392
224 0.0000108903
225 0.0000108419
226 0.0000107939
227 0.0000107464
228 0.0000106992
229 0.0000106524
230 0.0000106061
231 0.0000105602
232 0.0000105146
233 0.0000104695
234 0.0000104247
235 0.0000103803
236 0.0000103363
237 0.0000102927
238 0.0000102494
239 0.0000102065
240 0.0000101639
241 0.0000101217
242 0.0000100799
243 0.0000100384
244 0.0000099972
245 0.0000099564
246 0.0000099159
247 0.0000098757
248 0.0000098359
249 0.0000097964
250 0.0000097571
251 0.0000097182
252 0.0000096797
253 0.0000096414
254 0.0000096034
255 0.0000095657
256 0.0000095283
257 0.0000094912
258 0.0000094544
259 0.0000094179
260 0.0000093816
261 0.0000093457
262 0.0000093100
263 0.0000092745
264 0.0000092394
265 0.0000092045
266 0.0000091699
267 0.0000091355
268 0.0000091014
269 0.0000090675
270 0.0000090339
271 0.0000090006
272 0.0000089674
273 0.0000089346
274 0.0000089019
275 0.0000088695
276 0.0000088374
277 0.0000088054
278 0.0000087737
279 0.0000087423
280 0.0000087110
281 0.0000086800
282 0.0000086492
283 0.0000086186
284 0.0000085882
285 0.0000085581
286 0.0000085281
287 0.0000084984
288 0.0000084689
289 0.0000084395
290 0.0000084104
291 0.0000083815
292 0.0000083527
293 0.0000083242
294 0.0000082959
295 0.0000082677
296 0.0000082398
297 0.0000082120
298 0.0000081844
299 0.0000081570
300 0.0000081298
301 0.0000081028
302 0.0000080759
303 0.0000080492
304 0.0000080227
305 0.0000079964
306 0.0000079702
307 0.0000079443
308 0.0000079184
309 0.0000078928
310 0.0000078673
311 0.0000078420
312 0.0000078168
313 0.0000077918
314 0.0000077670
315 0.0000077423
316 0.0000077178
317 0.0000076934
318 0.0000076692
319 0.0000076451
320 0.0000076212
321 0.0000075974
322 0.0000075738
323 0.0000075503
324 0.0000075270
325 0.0000075038
326 0.0000074808
327 0.0000074579
328 0.0000074351
329 0.0000074125
330 0.0000073900
331 0.0000073676
332 0.0000073454
333 0.0000073233
334 0.0000073014
335 0.0000072796
336 0.0000072579
337 0.0000072363
338 0.0000072149
339 0.0000071935
340 0.0000071724
341 0.0000071513
342 0.0000071304
343 0.0000071095
344 0.0000070889
345 0.0000070683
346 0.0000070478
347 0.0000070275
348 0.0000070073
349 0.0000069872
350 0.0000069672
351 0.0000069473
352 0.0000069275
353 0.0000069079
354 0.0000068883
355 0.0000068689
356 0.0000068496
357 0.0000068304
358 0.0000068113
359 0.0000067923
360 0.0000067734
361 0.0000067546
362 0.0000067359
363 0.0000067173
364 0.0000066988
365 0.0000066804
366 0.0000066622
367 0.0000066440
368 0.0000066259
369 0.0000066079
370 0.0000065900
371 0.0000065722
372 0.0000065545
373 0.0000065369
374 0.0000065194
375 0.0000065020
376 0.0000064847
377 0.0000064674
378 0.0000064503
379 0.0000064333
380 0.0000064163
381 0.0000063994
382 0.0000063826
383 0.0000063659
384 0.0000063493
385 0.0000063328
386 0.0000063164
387 0.0000063000
388 0.0000062838
389 0.0000062676
390 0.0000062515
391 0.0000062355
392 0.0000062195
393 0.0000062037
394 0.0000061879
395 0.0000061722
396 0.0000061566
397 0.0000061410
398 0.0000061256
399 0.0000061102
400 0.0000060949
401 0.0000060796
402 0.0000060645
403 0.0000060494
404 0.0000060344
405 0.0000060195
406 0.0000060046
407 0.0000059898
408 0.0000059751
409 0.0000059605
410 0.0000059459
411 0.0000059314
412 0.0000059170
413 0.0000059026
414 0.0000058883
415 0.0000058741
416 0.0000058599
417 0.0000058459
418 0.0000058318
419 0.0000058179
420 0.0000058040
421 0.0000057902
422 0.0000057764
423 0.0000057627
424 0.0000057491
425 0.0000057355
426 0.0000057220
427 0.0000057086
428 0.0000056952
429 0.0000056819
430 0.0000056687
431 0.0000056555
432 0.0000056424
433 0.0000056293
434 0.0000056163
435 0.0000056033
436 0.0000055905
437 0.0000055776
438 0.0000055649
439 0.0000055521
440 0.0000055395
441 0.0000055269
442 0.0000055143
443 0.0000055019
444 0.0000054894
445 0.0000054771
446 0.0000054647
447 0.0000054525
448 0.0000054403
449 0.0000054281
450 0.0000054160
451 0.0000054040
452 0.0000053920
453 0.0000053800
454 0.0000053681
455 0.0000053563
456 0.0000053445
457 0.0000053328
458 0.0000053211
459 0.0000053095
460 0.0000052979
461 0.0000052863
462 0.0000052749
