0 316
0 0.9704785445
1 0.0078016143
2 0.0026443010
3 0.0016457462
4 0.0010945694
5 0.0008044720
6 0.0006354638
7 0.0005262400
8 0.0004504164
9 0.0003949178
10 0.0003524976
11 0.0003188939
12 0.0002914961
13 0.0002686416
14 0.0002492283
15 0.0002324972
16 0.0002179069
17 0.0002050588
18 0.0001936515
19 0.0001834515
20 0.0001742749
21 0.0001659739
22 0.0001584283
23 0.0001515393
24 0.0001452245
25 0.0001394151
26 0.0001340526
27 0.0001290873
28 0.0001244768
29 0.0001201842
30 0.0001161778
31 0.0001124299
32 0.0001089163
33 0.0001056156
34 0.0001025090
35 0.0000995800
36 0.0000968137
37 0.0000941969
38 0.0000917178
39 0.0000893659
40 0.0000871315
41 0.0000850062
42 0.0000829821
43 0.0000810521
44 0.0000792098
45 0.0000774494
46 0.0000757656
47 0.0000741534
48 0.0000726083
49 0.0000711264
50 0.0000697037
51 0.0000683368
52 0.0000670225
53 0.0000657578
54 0.0000645399
55 0.0000633663
56 0.0000622346
57 0.0000611426
58 0.0000600883
59 0.0000590697
60 0.0000580851
61 0.0000571327
62 0.0000562111
63 0.0000553187
64 0.0000544542
65 0.0000536163
66 0.0000528038
67 0.0000520156
68 0.0000512505
69 0.0000505077
70 0.0000497860
71 0.0000490846
72 0.0000484028
73 0.0000477396
74 0.0000470944
75 0.0000464663
76 0.0000458548
77 0.0000452592
78 0.0000446788
79 0.0000441131
80 0.0000435616
81 0.0000430237
82 0.0000424989
83 0.0000419868
84 0.0000414868
85 0.0000409986
86 0.0000405218
87 0.0000400559
88 0.0000396006
89 0.0000391556
90 0.0000387204
91 0.0000382948
92 0.0000378784
93 0.0000374710
94 0.0000370723
95 0.0000366819
96 0.0000362997
97 0.0000359254
98 0.0000355587
99 0.0000351994
100 0.0000348474
101 0.0000345022
102 0.0000341639
103 0.0000338321
104 0.0000335067
105 0.0000331875
106 0.0000328743
107 0.0000325669
108 0.0000322653
109 0.0000319692
110 0.0000316785
111 0.0000313930
112 0.0000311126
113 0.0000308371
114 0.0000305665
115 0.0000303006
116 0.0000300393
117 0.0000297825
118 0.0000295300
119 0.0000292818
120 0.0000290377
121 0.0000287976
122 0.0000285614
123 0.0000283291
124 0.0000281006
125 0.0000278757
126 0.0000276544
127 0.0000274365
128 0.0000272221
129 0.0000270109
130 0.0000268031
131 0.0000265984
132 0.0000263968
133 0.0000261982
134 0.0000260026
135 0.0000258099
136 0.0000256200
137 0.0000254329
138 0.0000252486
139 0.0000250668
140 0.0000248877
141 0.0000247111
142 0.0000245370
143 0.0000243653
144 0.0000241960
145 0.0000240290
146 0.0000238644
147 0.0000237019
148 0.0000235417
149 0.0000233836
150 0.0000232276
151 0.0000230737
152 0.0000229218
153 0.0000227719
154 0.0000226239
155 0.0000224779
156 0.0000223337
157 0.0000221914
158 0.0000220508
159 0.0000219120
160 0.0000217750
161 0.0000216396
162 0.0000215060
163 0.0000213739
164 0.0000212435
165 0.0000211147
166 0.0000209874
167 0.0000208616
168 0.0000207374
169 0.0000206146
170 0.0000204932
171 0.0000203733
172 0.0000202547
173 0.0000201376
174 0.0000200217
175 0.0000199072
176 0.0000197940
177 0.0000196821
178 0.0000195714
179 0.0000194620
180 0.0000193538
181 0.0000192468
182 0.0000191409
183 0.0000190362
184 0.0000189327
185 0.0000188303
186 0.0000187289
187 0.0000186287
188 0.0000185295
189 0.0000184314
190 0.0000183343
191 0.0000182382
192 0.0000181431
193 0.0000180490
194 0.0000179559
195 0.0000178637
196 0.0000177724
197 0.0000176821
198 0.0000175927
199 0.0000175042
200 0.0000174166
201 0.0000173299
202 0.0000172440
203 0.0000171589
204 0.0000170747
205 0.0000169913
206 0.0000169087
207 0.0000168270
208 0.0000167460
209 0.0000166657
210 0.0000165863
211 0.0000165076
212 0.0000164296
213 0.0000163524
214 0.0000162758
215 0.0000162000
216 0.0000161249
217 0.0000160505
218 0.0000159768
219 0.0000159037
220 0.0000158314
221 0.0000157596
222 0.0000156885
223 0.0000156181
224 0.0000155482
225 0.0000154790
226 0.0000154104
227 0.0000153424
228 0.0000152750
229 0.0000152082
230 0.0000151420
231 0.0000150763
232 0.0000150112
233 0.0000149467
234 0.0000148827
235 0.0000148193
236 0.0000147564
237 0.0000146940
238 0.0000146322
239 0.0000145708
240 0.0000145100
241 0.0000144497
242 0.0000143898
243 0.0000143305
244 0.0000142717
245 0.0000142133
246 0.0000141554
247 0.0000140980
248 0.0000140410
249 0.0000139845
250 0.0000139284
251 0.0000138728
252 0.0000138177
253 0.0000137629
254 0.0000137086
255 0.0000136547
256 0.0000136013
257 0.0000135482
258 0.0000134956
259 0.0000134434
260 0.0000133915
261 0.0000133401
262 0.0000132891
263 0.0000132384
264 0.0000131881
265 0.0000131382
266 0.0000130887
267 0.0000130395
268 0.0000129908
269 0.0000129423
270 0.0000128943
271 0.0000128465
272 0.0000127992
273 0.0000127522
274 0.0000127055
275 0.0000126591
276 0.0000126131
277 0.0000125675
278 0.0000125221
279 0.0000124771
280 0.0000124324
281 0.0000123880
282 0.0000123439
283 0.0000123002
284 0.0000122567
285 0.0000122135
286 0.0000121707
287 0.0000121281
288 0.0000120859
289 0.0000120439
290 0.0000120022
291 0.0000119608
292 0.0000119197
293 0.0000118788
294 0.0000118383
295 0.0000117980
296 0.0000117580
297 0.0000117182
298 0.0000116787
299 0.0000116395
300 0.0000116005
301 0.0000115618
302 0.0000115234
303 0.0000114852
304 0.0000114472
305 0.0000114095
306 0.0000113720
307 0.0000113348
308 0.0000112978
309 0.0000112611
310 0.0000112246
311 0.0000111883
312 0.0000111522
313 0.0000111164
314 0.0000110808
315 0.0000110454
316 0.0000110103
