0 990
0 0.9831548657
1 0.0036962967
2 0.0015558866
3 0.0010868752
4 0.0008029788
5 0.0006345748
6 0.0005240329
7 0.0004451531
8 0.0003859186
9 0.0003398493
10 0.0003030245
11 0.0002729257
12 0.0002478692
13 0.0002266897
14 0.0002085560
15 0.0001928588
16 0.0001791410
17 0.0001670534
18 0.0001563240
19 0.0001467383
20 0.0001381246
21 0.0001303439
22 0.0001232826
23 0.0001168466
24 0.0001109577
25 0.0001055502
26 0.0001005684
27 0.0000959649
28 0.0000916992
29 0.0000877361
30 0.0000840453
31 0.0000806005
32 0.0000773784
33 0.0000743588
34 0.0000715237
35 0.0000688572
36 0.0000663453
37 0.0000639753
38 0.0000617360
39 0.0000596172
40 0.0000576099
41 0.0000557058
42 0.0000538976
43 0.0000521784
44 0.0000505423
45 0.0000489835
46 0.0000474970
47 0.0000460781
48 0.0000447226
49 0.0000434265
50 0.0000421863
51 0.0000409986
52 0.0000398604
53 0.0000387687
54 0.0000377210
55 0.0000367149
56 0.0000357481
57 0.0000348185
58 0.0000339240
59 0.0000330631
60 0.0000322338
61 0.0000314346
62 0.0000306640
63 0.0000299207
64 0.0000292033
65 0.0000285107
66 0.0000278416
67 0.0000271950
68 0.0000265698
69 0.0000259651
70 0.0000253801
71 0.0000248138
72 0.0000242654
73 0.0000237343
74 0.0000232196
75 0.0000227206
76 0.0000222369
77 0.0000217676
78 0.0000213124
79 0.0000208705
80 0.0000204415
81 0.0000200249
82 0.0000196202
83 0.0000192270
84 0.0000188448
85 0.0000184732
86 0.0000181119
87 0.0000177605
88 0.0000174186
89 0.0000170859
90 0.0000167620
91 0.0000164467
92 0.0000161397
93 0.0000158406
94 0.0000155493
95 0.0000152654
96 0.0000149887
97 0.0000147190
98 0.0000144561
99 0.0000141997
100 0.0000139496
101 0.0000137056
102 0.0000134675
103 0.0000132352
104 0.0000130085
105 0.0000127871
106 0.0000125710
107 0.0000123600
108 0.0000121539
109 0.0000119525
110 0.0000117558
111 0.0000115637
112 0.0000113758
113 0.0000111923
114 0.0000110128
115 0.0000108373
116 0.0000106658
117 0.0000104980
118 0.0000103339
119 0.0000101734
120 0.0000100164
121 0.0000098627
122 0.0000097124
123 0.0000095652
124 0.0000094212
125 0.0000092802
126 0.0000091422
127 0.0000090071
128 0.0000088747
129 0.0000087451
130 0.0000086181
131 0.0000084938
132 0.0000083720
133 0.0000082526
134 0.0000081356
135 0.0000080210
136 0.0000079087
137 0.0000077986
138 0.0000076907
139 0.0000075849
140 0.0000074811
141 0.0000073794
142 0.0000072796
143 0.0000071818
144 0.0000070859
145 0.0000069918
146 0.0000068994
147 0.0000068089
148 0.0000067200
149 0.0000066328
150 0.0000065472
151 0.0000064633
152 0.0000063809
153 0.0000063000
154 0.0000062206
155 0.0000061426
156 0.0000060661
157 0.0000059909
158 0.0000059171
159 0.0000058447
160 0.0000057735
161 0.0000057036
162 0.0000056350
163 0.0000055676
164 0.0000055013
165 0.0000054363
166 0.0000053723
167 0.0000053095
168 0.0000052478
169 0.0000051871
170 0.0000051275
171 0.0000050689
172 0.0000050114
173 0.0000049548
174 0.0000048991
175 0.0000048444
176 0.0000047906
177 0.0000047378
178 0.0000046858
179 0.0000046347
180 0.0000045844
181 0.0000045350
182 0.0000044863
183 0.0000044385
184 0.0000043915
185 0.0000043452
186 0.0000042997
187 0.0000042549
188 0.0000042108
189 0.0000041675
190 0.0000041249
191 0.0000040829
192 0.0000040416
193 0.0000040009
194 0.0000039609
195 0.0000039216
196 0.0000038828
197 0.0000038447
198 0.0000038071
199 0.0000037701
200 0.0000037338
201 0.0000036979
202 0.0000036626
203 0.0000036279
204 0.0000035937
205 0.0000035600
206 0.0000035268
207 0.0000034942
208 0.0000034620
209 0.0000034303
210 0.0000033991
211 0.0000033683
212 0.0000033381
213 0.0000033082
214 0.0000032788
215 0.0000032498
216 0.0000032213
217 0.0000031932
218 0.0000031655
219 0.0000031382
220 0.0000031113
221 0.0000030847
222 0.0000030586
223 0.0000030328
224 0.0000030074
225 0.0000029824
226 0.0000029577
227 0.0000029334
228 0.0000029094
229 0.0000028858
230 0.0000028625
231 0.0000028395
232 0.0000028168
233 0.0000027945
234 0.0000027724
235 0.0000027507
236 0.0000027293
237 0.0000027082
238 0.0000026873
239 0.0000026667
240 0.0000026465
241 0.0000026265
242 0.0000026067
243 0.0000025872
244 0.0000025680
245 0.0000025491
246 0.0000025304
247 0.0000025119
248 0.0000024937
249 0.0000024758
250 0.0000024580
251 0.0000024406
252 0.0000024233
253 0.0000024063
254 0.0000023894
255 0.0000023728
256 0.0000023564
257 0.0000023403
258 0.0000023243
259 0.0000023086
260 0.0000022930
261 0.0000022776
262 0.0000022625
263 0.0000022475
264 0.0000022327
265 0.0000022181
266 0.0000022037
267 0.0000021895
268 0.0000021754
269 0.0000021615
270 0.0000021478
271 0.0000021342
272 0.0000021209
273 0.0000021076
274 0.0000020946
275 0.0000020817
276 0.0000020689
277 0.0000020564
278 0.0000020439
279 0.0000020316
280 0.0000020195
281 0.0000020075
282 0.0000019957
283 0.0000019839
284 0.0000019724
285 0.0000019609
286 0.0000019496
287 0.0000019385
288 0.0000019274
289 0.0000019165
290 0.0000019057
291 0.0000018950
292 0.0000018845
293 0.0000018741
294 0.0000018638
295 0.0000018536
296 0.0000018435
297 0.0000018336
298 0.0000018237
299 0.0000018140
300 0.0000018044
301 0.0000017949
302 0.0000017854
303 0.0000017761
304 0.0000017669
305 0.0000017578
306 0.0000017488
307 0.0000017399
308 0.0000017311
309 0.0000017224
310 0.0000017138
311 0.0000017052
312 0.0000016968
313 0.0000016884
314 0.0000016802
315 0.0000016720
316 0.0000016639
317 0.0000016559
318 0.0000016480
319 0.0000016402
320 0.0000016324
321 0.0000016248
322 0.0000016172
323 0.0000016096
324 0.0000016022
325 0.0000015948
326 0.0000015876
327 0.0000015803
328 0.0000015732
329 0.0000015661
330 0.0000015591
331 0.0000015522
332 0.0000015453
333 0.0000015386
334 0.0000015318
335 0.0000015252
336 0.0000015186
337 0.0000015120
338 0.0000015056
339 0.0000014992
340 0.0000014928
341 0.0000014866
342 0.0000014803
343 0.0000014742
344 0.0000014681
345 0.0000014620
346 0.0000014560
347 0.0000014501
348 0.0000014442
349 0.0000014384
350 0.0000014327
351 0.0000014269
352 0.0000014213
353 0.0000014157
354 0.0000014101
355 0.0000014046
356 0.0000013991
357 0.0000013937
358 0.0000013884
359 0.0000013831
360 0.0000013778
361 0.0000013726
362 0.0000013674
363 0.0000013623
364 0.0000013572
365 0.0000013522
366 0.0000013472
367 0.0000013422
368 0.0000013373
369 0.0000013325
370 0.0000013277
371 0.0000013229
372 0.0000013181
373 0.0000013134
374 0.0000013088
375 0.0000013042
376 0.0000012996
377 0.0000012950
378 0.0000012905
379 0.0000012861
380 0.0000012816
381 0.0000012773
382 0.0000012729
383 0.0000012686
384 0.0000012643
385 0.0000012600
386 0.0000012558
387 0.0000012516
388 0.0000012475
389 0.0000012434
390 0.0000012393
391 0.0000012352
392 0.0000012312
393 0.0000012272
394 0.0000012233
395 0.0000012193
396 0.0000012154
397 0.0000012116
398 0.0000012077
399 0.0000012039
400 0.0000012001
401 0.0000011964
402 0.0000011927
403 0.0000011890
404 0.0000011853
405 0.0000011817
406 0.0000011780
407 0.0000011745
408 0.0000011709
409 0.0000011674
410 0.0000011639
411 0.0000011604
412 0.0000011569
413 0.0000011535
414 0.0000011501
415 0.0000011467
416 0.0000011433
417 0.0000011400
418 0.0000011367
419 0.0000011334
420 0.0000011301
421 0.0000011269
422 0.0000011237
423 0.0000011205
424 0.0000011173
425 0.0000011142
426 0.0000011110
427 0.0000011079
428 0.0000011048
429 0.0000011018
430 0.0000010987
431 0.0000010957
432 0.0000010927
433 0.0000010897
434 0.0000010867
435 0.0000010838
436 0.0000010808
437 0.0000010779
438 0.0000010750
439 0.0000010722
440 0.0000010693
441 0.0000010665
442 0.0000010637
443 0.0000010609
444 0.0000010581
445 0.0000010553
446 0.0000010526
447 0.0000010499
448 0.0000010471
449 0.0000010445
450 0.0000010418
451 0.0000010391
452 0.0000010365
453 0.0000010338
454 0.0000010312
455 0.0000010286
456 0.0000010261
457 0.0000010235
458 0.0000010209
459 0.0000010184
460 0.0000010159
461 0.0000010134
462 0.0000010109
463 0.0000010084
464 0.0000010059
465 0.0000010035
466 0.0000010011
467 0.0000009987
468 0.0000009962
469 0.0000009939
470 0.0000009915
471 0.0000009891
472 0.0000009868
473 0.0000009844
474 0.0000009821
475 0.0000009798
476 0.0000009775
477 0.0000009752
478 0.0000009730
479 0.0000009707
480 0.0000009684
481 0.0000009662
482 0.0000009640
483 0.0000009618
484 0.0000009596
485 0.0000009574
486 0.0000009552
487 0.0000009531
488 0.0000009509
489 0.0000009488
490 0.0000009466
491 0.0000009445
492 0.0000009424
493 0.0000009403
494 0.0000009382
495 0.0000009362
496 0.0000009341
497 0.0000009320
498 0.0000009300
499 0.0000009280
500 0.0000009260
501 0.0000009240
502 0.0000009220
503 0.0000009200
504 0.0000009180
505 0.0000009160
506 0.0000009140
507 0.0000009121
508 0.0000009102
509 0.0000009082
510 0.0000009063
511 0.0000009044
512 0.0000009025
513 0.0000009006
514 0.0000008987
515 0.0000008968
516 0.0000008950
517 0.0000008931
518 0.0000008913
519 0.0000008894
520 0.0000008876
521 0.0000008858
522 0.0000008840
523 0.0000008822
524 0.0000008804
525 0.0000008786
526 0.0000008768
527 0.0000008750
528 0.0000008733
529 0.0000008715
530 0.0000008697
531 0.0000008680
532 0.0000008663
533 0.0000008646
534 0.0000008628
535 0.0000008611
536 0.0000008594
537 0.0000008577
538 0.0000008561
539 0.0000008544
540 0.0000008527
541 0.0000008510
542 0.0000008494
543 0.0000008477
544 0.0000008461
545 0.0000008445
546 0.0000008428
547 0.0000008412
548 0.0000008396
549 0.0000008380
550 0.0000008364
551 0.0000008348
552 0.0000008332
553 0.0000008316
554 0.0000008301
555 0.0000008285
556 0.0000008269
557 0.0000008254
558 0.0000008239
559 0.0000008223
560 0.0000008208
561 0.0000008193
562 0.0000008177
563 0.0000008162
564 0.0000008147
565 0.0000008132
566 0.0000008117
567 0.0000008102
568 0.0000008087
569 0.0000008073
570 0.0000008058
571 0.0000008043
572 0.0000008029
573 0.0000008014
574 0.0000008000
575 0.0000007985
576 0.0000007971
577 0.0000007957
578 0.0000007942
579 0.0000007928
580 0.0000007914
581 0.0000007900
582 0.0000007886
583 0.0000007872
584 0.0000007858
585 0.0000007844
586 0.0000007830
587 0.0000007817
588 0.0000007803
589 0.0000007789
590 0.0000007776
591 0.0000007762
592 0.0000007749
593 0.0000007735
594 0.0000007722
595 0.0000007708
596 0.0000007695
597 0.0000007682
598 0.0000007669
599 0.0000007655
600 0.0000007642
601 0.0000007629
602 0.0000007616
603 0.0000007603
604 0.0000007590
605 0.0000007578
606 0.0000007565
607 0.0000007552
608 0.0000007539
609 0.0000007527
610 0.0000007514
611 0.0000007501
612 0.0000007489
613 0.0000007476
614 0.0000007464
615 0.0000007451
616 0.0000007439
617 0.0000007427
618 0.0000007414
619 0.0000007402
620 0.0000007390
621 0.0000007378
622 0.0000007366
623 0.0000007354
624 0.0000007342
625 0.0000007330
626 0.0000007318
627 0.0000007306
628 0.0000007294
629 0.0000007282
630 0.0000007270
631 0.0000007259
632 0.0000007247
633 0.0000007235
634 0.0000007224
635 0.0000007212
636 0.0000007201
637 0.0000007189
638 0.0000007178
639 0.0000007166
640 0.0000007155
641 0.0000007144
642 0.0000007132
643 0.0000007121
644 0.0000007110
645 0.0000007099
646 0.0000007087
647 0.0000007076
648 0.0000007065
649 0.0000007054
650 0.0000007043
651 0.0000007032
652 0.0000007021
653 0.0000007010
654 0.0000006999
655 0.0000006989
656 0.0000006978
657 0.0000006967
658 0.0000006956
659 0.0000006946
660 0.0000006935
661 0.0000006924
662 0.0000006914
663 0.0000006903
664 0.0000006893
665 0.0000006882
666 0.0000006872
667 0.0000006861
668 0.0000006851
669 0.0000006841
670 0.0000006830
671 0.0000006820
672 0.0000006810
673 0.0000006799
674 0.0000006789
675 0.0000006779
676 0.0000006769
677 0.0000006759
678 0.0000006749
679 0.0000006739
680 0.0000006729
681 0.0000006719
682 0.0000006709
683 0.0000006699
684 0.0000006689
685 0.0000006679
686 0.0000006669
687 0.0000006659
688 0.0000006650
689 0.0000006640
690 0.0000006630
691 0.0000006621
692 0.0000006611
693 0.0000006601
694 0.0000006592
695 0.0000006582
696 0.0000006573
697 0.0000006563
698 0.0000006554
699 0.0000006544
700 0.0000006535
701 0.0000006525
702 0.0000006516
703 0.0000006507
704 0.0000006497
705 0.0000006488
706 0.0000006479
707 0.0000006470
708 0.0000006460
709 0.0000006451
710 0.0000006442
711 0.0000006433
712 0.0000006424
713 0.0000006415
714 0.0000006406
715 0.0000006397
716 0.0000006388
717 0.0000006379
718 0.0000006370
719 0.0000006361
720 0.0000006352
721 0.0000006343
722 0.0000006334
723 0.0000006325
724 0.0000006317
725 0.0000006308
726 0.0000006299
727 0.0000006290
728 0.0000006282
729 0.0000006273
730 0.0000006264
731 0.0000006256
732 0.0000006247
733 0.0000006239
734 0.0000006230
735 0.0000006221
736 0.0000006213
737 0.0000006205
738 0.0000006196
739 0.0000006188
740 0.0000006179
741 0.0000006171
742 0.0000006163
743 0.0000006154
744 0.0000006146
745 0.0000006138
746 0.0000006129
747 0.0000006121
748 0.0000006113
749 0.0000006105
750 0.0000006096
751 0.0000006088
752 0.0000006080
753 0.0000006072
754 0.0000006064
755 0.0000006056
756 0.0000006048
757 0.0000006040
758 0.0000006032
759 0.0000006024
760 0.0000006016
761 0.0000006008
762 0.0000006000
763 0.0000005992
764 0.0000005984
765 0.0000005976
766 0.0000005968
767 0.0000005961
768 0.0000005953
769 0.0000005945
770 0.0000005937
771 0.0000005930
772 0.0000005922
773 0.0000005914
774 0.0000005906
775 0.0000005899
776 0.0000005891
777 0.0000005884
778 0.0000005876
779 0.0000005868
780 0.0000005861
781 0.0000005853
782 0.0000005846
783 0.0000005838
784 0.0000005831
785 0.0000005823
786 0.0000005816
787 0.0000005809
788 0.0000005801
789 0.0000005794
790 0.0000005786
791 0.0000005779
792 0.0000005772
793 0.0000005764
794 0.0000005757
795 0.0000005750
796 0.0000005743
797 0.0000005735
798 0.0000005728
799 0.0000005721
800 0.0000005714
801 0.0000005707
802 0.0000005699
803 0.0000005692
804 0.0000005685
805 0.0000005678
806 0.0000005671
807 0.0000005664
808 0.0000005657
809 0.0000005650
810 0.0000005643
811 0.0000005636
812 0.0000005629
813 0.0000005622
814 0.0000005615
815 0.0000005608
816 0.0000005601
817 0.0000005594
818 0.0000005588
819 0.0000005581
820 0.0000005574
821 0.0000005567
822 0.0000005560
823 0.0000005554
824 0.0000005547
825 0.0000005540
826 0.0000005533
827 0.0000005527
828 0.0000005520
829 0.0000005513
830 0.0000005507
831 0.0000005500
832 0.0000005493
833 0.0000005487
834 0.0000005480
835 0.0000005473
836 0.0000005467
837 0.0000005460
838 0.0000005454
839 0.0000005447
840 0.0000005441
841 0.0000005434
842 0.0000005428
843 0.0000005421
844 0.0000005415
845 0.0000005408
846 0.0000005402
847 0.0000005396
848 0.0000005389
849 0.0000005383
850 0.0000005377
851 0.0000005370
852 0.0000005364
853 0.0000005358
854 0.0000005351
855 0.0000005345
856 0.0000005339
857 0.0000005332
858 0.0000005326
859 0.0000005320
860 0.0000005314
861 0.0000005308
862 0.0000005301
863 0.0000005295
864 0.0000005289
865 0.0000005283
866 0.0000005277
867 0.0000005271
868 0.0000005265
869 0.0000005259
870 0.0000005252
871 0.0000005246
872 0.0000005240
873 0.0000005234
874 0.0000005228
875 0.0000005222
876 0.0000005216
877 0.0000005210
878 0.0000005204
879 0.0000005199
880 0.0000005193
881 0.0000005187
882 0.0000005181
883 0.0000005175
884 0.0000005169
885 0.0000005163
886 0.0000005157
887 0.0000005152
888 0.0000005146
889 0.0000005140
890 0.0000005134
891 0.0000005128
892 0.0000005122
893 0.0000005117
894 0.0000005111
895 0.0000005105
896 0.0000005100
897 0.0000005094
898 0.0000005088
899 0.0000005082
900 0.0000005077
901 0.0000005071
902 0.0000005065
903 0.0000005060
904 0.0000005054
905 0.0000005049
906 0.0000005043
907 0.0000005037
908 0.0000005032
909 0.0000005026
910 0.0000005021
911 0.0000005015
912 0.0000005010
913 0.0000005004
914 0.0000004999
915 0.0000004993
916 0.0000004988
917 0.0000004982
918 0.0000004977
919 0.0000004971
920 0.0000004966
921 0.0000004961
922 0.0000004955
923 0.0000004950
924 0.0000004944
925 0.0000004939
926 0.0000004934
927 0.0000004928
928 0.0000004923
929 0.0000004918
930 0.0000004912
931 0.0000004907
932 0.0000004902
933 0.0000004896
934 0.0000004891
935 0.0000004886
936 0.0000004881
937 0.0000004875
938 0.0000004870
939 0.0000004865
940 0.0000004860
941 0.0000004855
942 0.0000004849
943 0.0000004844
944 0.0000004839
945 0.0000004834
946 0.0000004829
947 0.0000004824
948 0.0000004819
949 0.0000004814
950 0.0000004808
951 0.0000004803
952 0.0000004798
953 0.0000004793
954 0.0000004788
955 0.0000004783
956 0.0000004778
957 0.0000004773
958 0.0000004768
959 0.0000004763
960 0.0000004758
961 0.0000004753
962 0.0000004748
963 0.0000004743
964 0.0000004738
965 0.0000004733
966 0.0000004728
967 0.0000004724
968 0.0000004719
969 0.0000004714
970 0.0000004709
971 0.0000004704
972 0.0000004699
973 0.0000004694
974 0.0000004689
975 0.0000004685
976 0.0000004680
977 0.0000004675
978 0.0000004670
979 0.0000004665
980 0.0000004661
981 0.0000004656
982 0.0000004651
983 0.0000004646
984 0.0000004642
985 0.0000004637
986 0.0000004632
987 0.0000004627
988 0.0000004623
989 0.0000004618
990 0.0000004613
