0 1320
0 0.9882735451
1 0.0039219544
2 0.0015198184
3 0.0009993415
4 0.0006889518
5 0.0005083213
6 0.0003925711
7 0.0003121649
8 0.0002535339
9 0.0002093696
10 0.0001752586
11 0.0001483727
12 0.0001268271
13 0.0001093225
14 0.0000949368
15 0.0000829978
16 0.0000730053
17 0.0000645798
18 0.0000574289
19 0.0000513241
20 0.0000460847
21 0.0000415664
22 0.0000376527
23 0.0000342487
24 0.0000312769
25 0.0000286729
26 0.0000263837
27 0.0000243646
28 0.0000225783
29 0.0000209932
30 0.0000195828
31 0.0000183241
32 0.0000171980
33 0.0000161877
34 0.0000152790
35 0.0000144596
36 0.0000137189
37 0.0000130475
38 0.0000124376
39 0.0000118822
40 0.0000113751
41 0.0000109112
42 0.0000104856
43 0.0000100943
44 0.0000097337
45 0.0000094006
46 0.0000090923
47 0.0000088063
48 0.0000085403
49 0.0000082925
50 0.0000080611
51 0.0000078446
52 0.0000076415
53 0.0000074508
54 0.0000072712
55 0.0000071019
56 0.0000069419
57 0.0000067905
58 0.0000066470
59 0.0000065106
60 0.0000063810
61 0.0000062574
62 0.0000061396
63 0.0000060270
64 0.0000059193
65 0.0000058161
66 0.0000057171
67 0.0000056221
68 0.0000055307
69 0.0000054427
70 0.0000053580
71 0.0000052763
72 0.0000051974
73 0.0000051212
74 0.0000050475
75 0.0000049762
76 0.0000049071
77 0.0000048401
78 0.0000047751
79 0.0000047121
80 0.0000046509
81 0.0000045913
82 0.0000045335
83 0.0000044772
84 0.0000044223
85 0.0000043690
86 0.0000043169
87 0.0000042662
88 0.0000042168
89 0.0000041685
90 0.0000041214
91 0.0000040754
92 0.0000040305
93 0.0000039865
94 0.0000039436
95 0.0000039016
96 0.0000038606
97 0.0000038204
98 0.0000037811
99 0.0000037426
100 0.0000037049
101 0.0000036680
102 0.0000036318
103 0.0000035963
104 0.0000035616
105 0.0000035275
106 0.0000034941
107 0.0000034613
108 0.0000034291
109 0.0000033976
110 0.0000033666
111 0.0000033362
112 0.0000033063
113 0.0000032770
114 0.0000032482
115 0.0000032199
116 0.0000031921
117 0.0000031647
118 0.0000031379
119 0.0000031115
120 0.0000030855
121 0.0000030600
122 0.0000030349
123 0.0000030102
124 0.0000029859
125 0.0000029620
126 0.0000029384
127 0.0000029153
128 0.0000028925
129 0.0000028701
130 0.0000028480
131 0.0000028262
132 0.0000028048
133 0.0000027837
134 0.0000027629
135 0.0000027424
136 0.0000027223
137 0.0000027024
138 0.0000026828
139 0.0000026635
140 0.0000026445
141 0.0000026257
142 0.0000026072
143 0.0000025890
144 0.0000025710
145 0.0000025533
146 0.0000025358
147 0.0000025185
148 0.0000025015
149 0.0000024847
150 0.0000024681
151 0.0000024518
152 0.0000024357
153 0.0000024197
154 0.0000024040
155 0.0000023885
156 0.0000023732
157 0.0000023581
158 0.0000023432
159 0.0000023284
160 0.0000023139
161 0.0000022995
162 0.0000022853
163 0.0000022713
164 0.0000022574
165 0.0000022437
166 0.0000022302
167 0.0000022169
168 0.0000022037
169 0.0000021906
170 0.0000021777
171 0.0000021650
172 0.0000021524
173 0.0000021400
174 0.0000021277
175 0.0000021155
176 0.0000021035
177 0.0000020916
178 0.0000020799
179 0.0000020682
180 0.0000020567
181 0.0000020454
182 0.0000020341
183 0.0000020230
184 0.0000020120
185 0.0000020011
186 0.0000019904
187 0.0000019797
188 0.0000019692
189 0.0000019588
190 0.0000019485
191 0.0000019383
192 0.0000019282
193 0.0000019182
194 0.0000019083
195 0.0000018985
196 0.0000018888
197 0.0000018792
198 0.0000018697
199 0.0000018604
200 0.0000018510
201 0.0000018418
202 0.0000018327
203 0.0000018237
204 0.0000018148
205 0.0000018059
206 0.0000017971
207 0.0000017884
208 0.0000017798
209 0.0000017713
210 0.0000017629
211 0.0000017545
212 0.0000017463
213 0.0000017381
214 0.0000017299
215 0.0000017219
216 0.0000017139
217 0.0000017060
218 0.0000016982
219 0.0000016904
220 0.0000016828
221 0.0000016751
222 0.0000016676
223 0.0000016601
224 0.0000016527
225 0.0000016454
226 0.0000016381
227 0.0000016309
228 0.0000016237
229 0.0000016166
230 0.0000016096
231 0.0000016026
232 0.0000015957
233 0.0000015889
234 0.0000015821
235 0.0000015753
236 0.0000015687
237 0.0000015620
238 0.0000015555
239 0.0000015490
240 0.0000015425
241 0.0000015361
242 0.0000015298
243 0.0000015235
244 0.0000015172
245 0.0000015110
246 0.0000015049
247 0.0000014988
248 0.0000014927
249 0.0000014867
250 0.0000014808
251 0.0000014749
252 0.0000014690
253 0.0000014632
254 0.0000014575
255 0.0000014518
256 0.0000014461
257 0.0000014405
258 0.0000014349
259 0.0000014293
260 0.0000014238
261 0.0000014184
262 0.0000014130
263 0.0000014076
264 0.0000014023
265 0.0000013970
266 0.0000013917
267 0.0000013865
268 0.0000013813
269 0.0000013762
270 0.0000013711
271 0.0000013660
272 0.0000013610
273 0.0000013560
274 0.0000013511
275 0.0000013462
276 0.0000013413
277 0.0000013364
278 0.0000013316
279 0.0000013269
280 0.0000013221
281 0.0000013174
282 0.0000013127
283 0.0000013081
284 0.0000013035
285 0.0000012989
286 0.0000012944
287 0.0000012899
288 0.0000012854
289 0.0000012809
290 0.0000012765
291 0.0000012721
292 0.0000012678
293 0.0000012635
294 0.0000012592
295 0.0000012549
296 0.0000012506
297 0.0000012464
298 0.0000012422
299 0.0000012381
300 0.0000012340
301 0.0000012299
302 0.0000012258
303 0.0000012217
304 0.0000012177
305 0.0000012137
306 0.0000012098
307 0.0000012058
308 0.0000012019
309 0.0000011980
310 0.0000011942
311 0.0000011903
312 0.0000011865
313 0.0000011827
314 0.0000011789
315 0.0000011752
316 0.0000011715
317 0.0000011678
318 0.0000011641
319 0.0000011605
320 0.0000011568
321 0.0000011532
322 0.0000011496
323 0.0000011461
324 0.0000011425
325 0.0000011390
326 0.0000011355
327 0.0000011321
328 0.0000011286
329 0.0000011252
330 0.0000011218
331 0.0000011184
332 0.0000011150
333 0.0000011117
334 0.0000011083
335 0.0000011050
336 0.0000011017
337 0.0000010985
338 0.0000010952
339 0.0000010920
340 0.0000010888
341 0.0000010856
342 0.0000010824
343 0.0000010792
344 0.0000010761
345 0.0000010730
346 0.0000010699
347 0.0000010668
348 0.0000010637
349 0.0000010607
350 0.0000010577
351 0.0000010546
352 0.0000010516
353 0.0000010487
354 0.0000010457
355 0.0000010428
356 0.0000010398
357 0.0000010369
358 0.0000010340
359 0.0000010311
360 0.0000010283
361 0.0000010254
362 0.0000010226
363 0.0000010198
364 0.0000010170
365 0.0000010142
366 0.0000010114
367 0.0000010086
368 0.0000010059
369 0.0000010032
370 0.0000010005
371 0.0000009978
372 0.0000009951
373 0.0000009924
374 0.0000009898
375 0.0000009871
376 0.0000009845
377 0.0000009819
378 0.0000009793
379 0.0000009767
380 0.0000009741
381 0.0000009716
382 0.0000009690
383 0.0000009665
384 0.0000009640
385 0.0000009615
386 0.0000009590
387 0.0000009565
388 0.0000009540
389 0.0000009516
390 0.0000009492
391 0.0000009467
392 0.0000009443
393 0.0000009419
394 0.0000009395
395 0.0000009371
396 0.0000009348
397 0.0000009324
398 0.0000009301
399 0.0000009277
400 0.0000009254
401 0.0000009231
402 0.0000009208
403 0.0000009185
404 0.0000009163
405 0.0000009140
406 0.0000009117
407 0.0000009095
408 0.0000009073
409 0.0000009050
410 0.0000009028
411 0.0000009006
412 0.0000008985
413 0.0000008963
414 0.0000008941
415 0.0000008920
416 0.0000008898
417 0.0000008877
418 0.0000008856
419 0.0000008834
420 0.0000008813
421 0.0000008792
422 0.0000008772
423 0.0000008751
424 0.0000008730
425 0.0000008710
426 0.0000008689
427 0.0000008669
428 0.0000008649
429 0.0000008628
430 0.0000008608
431 0.0000008588
432 0.0000008568
433 0.0000008549
434 0.0000008529
435 0.0000008509
436 0.0000008490
437 0.0000008470
438 0.0000008451
439 0.0000008432
440 0.0000008413
441 0.0000008394
442 0.0000008375
443 0.0000008356
444 0.0000008337
445 0.0000008318
446 0.0000008299
447 0.0000008281
448 0.0000008262
449 0.0000008244
450 0.0000008226
451 0.0000008207
452 0.0000008189
453 0.0000008171
454 0.0000008153
455 0.0000008135
456 0.0000008117
457 0.0000008100
458 0.0000008082
459 0.0000008064
460 0.0000008047
461 0.0000008029
462 0.0000008012
463 0.0000007995
464 0.0000007977
465 0.0000007960
466 0.0000007943
467 0.0000007926
468 0.0000007909
469 0.0000007892
470 0.0000007876
471 0.0000007859
472 0.0000007842
473 0.0000007826
474 0.0000007809
475 0.0000007793
476 0.0000007776
477 0.0000007760
478 0.0000007744
479 0.0000007727
480 0.0000007711
481 0.0000007695
482 0.0000007679
483 0.0000007663
484 0.0000007648
485 0.0000007632
486 0.0000007616
487 0.0000007601
488 0.0000007585
489 0.0000007569
490 0.0000007554
491 0.0000007539
492 0.0000007523
493 0.0000007508
494 0.0000007493
495 0.0000007478
496 0.0000007463
497 0.0000007448
498 0.0000007433
499 0.0000007418
500 0.0000007403
501 0.0000007388
502 0.0000007373
503 0.0000007359
504 0.0000007344
505 0.0000007329
506 0.0000007315
507 0.0000007301
508 0.0000007286
509 0.0000007272
510 0.0000007258
511 0.0000007243
512 0.0000007229
513 0.0000007215
514 0.0000007201
515 0.0000007187
516 0.0000007173
517 0.0000007159
518 0.0000007145
519 0.0000007132
520 0.0000007118
521 0.0000007104
522 0.0000007091
523 0.0000007077
524 0.0000007064
525 0.0000007050
526 0.0000007037
527 0.0000007023
528 0.0000007010
529 0.0000006997
530 0.0000006984
531 0.0000006970
532 0.0000006957
533 0.0000006944
534 0.0000006931
535 0.0000006918
536 0.0000006905
537 0.0000006893
538 0.0000006880
539 0.0000006867
540 0.0000006854
541 0.0000006842
542 0.0000006829
543 0.0000006816
544 0.0000006804
545 0.0000006791
546 0.0000006779
547 0.0000006767
548 0.0000006754
549 0.0000006742
550 0.0000006730
551 0.0000006717
552 0.0000006705
553 0.0000006693
554 0.0000006681
555 0.0000006669
556 0.0000006657
557 0.0000006645
558 0.0000006633
559 0.0000006621
560 0.0000006609
561 0.0000006598
562 0.0000006586
563 0.0000006574
564 0.0000006562
565 0.0000006551
566 0.0000006539
567 0.0000006528
568 0.0000006516
569 0.0000006505
570 0.0000006493
571 0.0000006482
572 0.0000006471
573 0.0000006459
574 0.0000006448
575 0.0000006437
576 0.0000006426
577 0.0000006415
578 0.0000006403
579 0.0000006392
580 0.0000006381
581 0.0000006370
582 0.0000006359
583 0.0000006348
584 0.0000006338
585 0.0000006327
586 0.0000006316
587 0.0000006305
588 0.0000006294
589 0.0000006284
590 0.0000006273
591 0.0000006263
592 0.0000006252
593 0.0000006241
594 0.0000006231
595 0.0000006220
596 0.0000006210
597 0.0000006200
598 0.0000006189
599 0.0000006179
600 0.0000006169
601 0.0000006158
602 0.0000006148
603 0.0000006138
604 0.0000006128
605 0.0000006118
606 0.0000006107
607 0.0000006097
608 0.0000006087
609 0.0000006077
610 0.0000006067
611 0.0000006057
612 0.0000006048
613 0.0000006038
614 0.0000006028
615 0.0000006018
616 0.0000006008
617 0.0000005998
618 0.0000005989
619 0.0000005979
620 0.0000005969
621 0.0000005960
622 0.0000005950
623 0.0000005941
624 0.0000005931
625 0.0000005922
626 0.0000005912
627 0.0000005903
628 0.0000005893
629 0.0000005884
630 0.0000005875
631 0.0000005865
632 0.0000005856
633 0.0000005847
634 0.0000005838
635 0.0000005828
636 0.0000005819
637 0.0000005810
638 0.0000005801
639 0.0000005792
640 0.0000005783
641 0.0000005774
642 0.0000005765
643 0.0000005756
644 0.0000005747
645 0.0000005738
646 0.0000005729
647 0.0000005720
648 0.0000005711
649 0.0000005703
650 0.0000005694
651 0.0000005685
652 0.0000005676
653 0.0000005668
654 0.0000005659
655 0.0000005650
656 0.0000005642
657 0.0000005633
658 0.0000005625
659 0.0000005616
660 0.0000005607
661 0.0000005599
662 0.0000005590
663 0.0000005582
664 0.0000005574
665 0.0000005565
666 0.0000005557
667 0.0000005549
668 0.0000005540
669 0.0000005532
670 0.0000005524
671 0.0000005515
672 0.0000005507
673 0.0000005499
674 0.0000005491
675 0.0000005483
676 0.0000005475
677 0.0000005467
678 0.0000005458
679 0.0000005450
680 0.0000005442
681 0.0000005434
682 0.0000005426
683 0.0000005419
684 0.0000005411
685 0.0000005403
686 0.0000005395
687 0.0000005387
688 0.0000005379
689 0.0000005371
690 0.0000005364
691 0.0000005356
692 0.0000005348
693 0.0000005340
694 0.0000005333
695 0.0000005325
696 0.0000005317
697 0.0000005310
698 0.0000005302
699 0.0000005294
700 0.0000005287
701 0.0000005279
702 0.0000005272
703 0.0000005264
704 0.0000005257
705 0.0000005249
706 0.0000005242
707 0.0000005234
708 0.0000005227
709 0.0000005220
710 0.0000005212
711 0.0000005205
712 0.0000005198
713 0.0000005190
714 0.0000005183
715 0.0000005176
716 0.0000005169
717 0.0000005161
718 0.0000005154
719 0.0000005147
720 0.0000005140
721 0.0000005133
722 0.0000005126
723 0.0000005119
724 0.0000005111
725 0.0000005104
726 0.0000005097
727 0.0000005090
728 0.0000005083
729 0.0000005076
730 0.0000005069
731 0.0000005062
732 0.0000005056
733 0.0000005049
734 0.0000005042
735 0.0000005035
736 0.0000005028
737 0.0000005021
738 0.0000005014
739 0.0000005008
740 0.0000005001
741 0.0000004994
742 0.0000004987
743 0.0000004981
744 0.0000004974
745 0.0000004967
746 0.0000004961
747 0.0000004954
748 0.0000004947
749 0.0000004941
750 0.0000004934
751 0.0000004928
752 0.0000004921
753 0.0000004914
754 0.0000004908
755 0.0000004901
756 0.0000004895
757 0.0000004888
758 0.0000004882
759 0.0000004876
760 0.0000004869
761 0.0000004863
762 0.0000004856
763 0.0000004850
764 0.0000004844
765 0.0000004837
766 0.0000004831
767 0.0000004825
768 0.0000004818
769 0.0000004812
770 0.0000004806
771 0.0000004800
772 0.0000004793
773 0.0000004787
774 0.0000004781
775 0.0000004775
776 0.0000004769
777 0.0000004763
778 0.0000004756
779 0.0000004750
780 0.0000004744
781 0.0000004738
782 0.0000004732
783 0.0000004726
784 0.0000004720
785 0.0000004714
786 0.0000004708
787 0.0000004702
788 0.0000004696
789 0.0000004690
790 0.0000004684
791 0.0000004678
792 0.0000004672
793 0.0000004666
794 0.0000004660
795 0.0000004655
796 0.0000004649
797 0.0000004643
798 0.0000004637
799 0.0000004631
800 0.0000004625
801 0.0000004620
802 0.0000004614
803 0.0000004608
804 0.0000004602
805 0.0000004597
806 0.0000004591
807 0.0000004585
808 0.0000004580
809 0.0000004574
810 0.0000004568
811 0.0000004563
812 0.0000004557
813 0.0000004551
814 0.0000004546
815 0.0000004540
816 0.0000004535
817 0.0000004529
818 0.0000004524
819 0.0000004518
820 0.0000004513
821 0.0000004507
822 0.0000004502
823 0.0000004496
824 0.0000004491
825 0.0000004485
826 0.0000004480
827 0.0000004474
828 0.0000004469
829 0.0000004464
830 0.0000004458
831 0.0000004453
832 0.0000004447
833 0.0000004442
834 0.0000004437
835 0.0000004431
836 0.0000004426
837 0.0000004421
838 0.0000004416
839 0.0000004410
840 0.0000004405
841 0.0000004400
842 0.0000004395
843 0.0000004389
844 0.0000004384
845 0.0000004379
846 0.0000004374
847 0.0000004369
848 0.0000004363
849 0.0000004358
850 0.0000004353
851 0.0000004348
852 0.0000004343
853 0.0000004338
854 0.0000004333
855 0.0000004328
856 0.0000004323
857 0.0000004318
858 0.0000004312
859 0.0000004307
860 0.0000004302
861 0.0000004297
862 0.0000004292
863 0.0000004287
864 0.0000004283
865 0.0000004278
866 0.0000004273
867 0.0000004268
868 0.0000004263
869 0.0000004258
870 0.0000004253
871 0.0000004248
872 0.0000004243
873 0.0000004238
874 0.0000004233
875 0.0000004229
876 0.0000004224
877 0.0000004219
878 0.0000004214
879 0.0000004209
880 0.0000004205
881 0.0000004200
882 0.0000004195
883 0.0000004190
884 0.0000004186
885 0.0000004181
886 0.0000004176
887 0.0000004171
888 0.0000004167
889 0.0000004162
890 0.0000004157
891 0.0000004153
892 0.0000004148
893 0.0000004143
894 0.0000004139
895 0.0000004134
896 0.0000004129
897 0.0000004125
898 0.0000004120
899 0.0000004116
900 0.0000004111
901 0.0000004106
902 0.0000004102
903 0.0000004097
904 0.0000004093
905 0.0000004088
906 0.0000004084
907 0.0000004079
908 0.0000004075
909 0.0000004070
910 0.0000004066
911 0.0000004061
912 0.0000004057
913 0.0000004052
914 0.0000004048
915 0.0000004044
916 0.0000004039
917 0.0000004035
918 0.0000004030
919 0.0000004026
920 0.0000004022
921 0.0000004017
922 0.0000004013
923 0.0000004008
924 0.0000004004
925 0.0000004000
926 0.0000003995
927 0.0000003991
928 0.0000003987
929 0.0000003983
930 0.0000003978
931 0.0000003974
932 0.0000003970
933 0.0000003965
934 0.0000003961
935 0.0000003957
936 0.0000003953
937 0.0000003948
938 0.0000003944
939 0.0000003940
940 0.0000003936
941 0.0000003932
942 0.0000003927
943 0.0000003923
944 0.0000003919
945 0.0000003915
946 0.0000003911
947 0.0000003907
948 0.0000003903
949 0.0000003898
950 0.0000003894
951 0.0000003890
952 0.0000003886
953 0.0000003882
954 0.0000003878
955 0.0000003874
956 0.0000003870
957 0.0000003866
958 0.0000003862
959 0.0000003858
960 0.0000003854
961 0.0000003850
962 0.0000003846
963 0.0000003842
964 0.0000003838
965 0.0000003834
966 0.0000003830
967 0.0000003826
968 0.0000003822
969 0.0000003818
970 0.0000003814
971 0.0000003810
972 0.0000003806
973 0.0000003802
974 0.0000003798
975 0.0000003794
976 0.0000003790
977 0.0000003787
978 0.0000003783
979 0.0000003779
980 0.0000003775
981 0.0000003771
982 0.0000003767
983 0.0000003763
984 0.0000003760
985 0.0000003756
986 0.0000003752
987 0.0000003748
988 0.0000003744
989 0.0000003741
990 0.0000003737
991 0.0000003733
992 0.0000003729
993 0.0000003725
994 0.0000003722
995 0.0000003718
996 0.0000003714
997 0.0000003711
998 0.0000003707
999 0.0000003703
1000 0.0000003699
1001 0.0000003696
1002 0.0000003692
1003 0.0000003688
1004 0.0000003685
1005 0.0000003681
1006 0.0000003677
1007 0.0000003674
1008 0.0000003670
1009 0.0000003666
1010 0.0000003663
1011 0.0000003659
1012 0.0000003655
1013 0.0000003652
1014 0.0000003648
1015 0.0000003645
1016 0.0000003641
1017 0.0000003637
1018 0.0000003634
1019 0.0000003630
1020 0.0000003627
1021 0.0000003623
1022 0.0000003620
1023 0.0000003616
1024 0.0000003613
1025 0.0000003609
1026 0.0000003605
1027 0.0000003602
1028 0.0000003598
1029 0.0000003595
1030 0.0000003591
1031 0.0000003588
1032 0.0000003584
1033 0.0000003581
1034 0.0000003578
1035 0.0000003574
1036 0.0000003571
1037 0.0000003567
1038 0.0000003564
1039 0.0000003560
1040 0.0000003557
1041 0.0000003553
1042 0.0000003550
1043 0.0000003547
1044 0.0000003543
1045 0.0000003540
1046 0.0000003536
1047 0.0000003533
1048 0.0000003530
1049 0.0000003526
1050 0.0000003523
1051 0.0000003520
1052 0.0000003516
1053 0.0000003513
1054 0.0000003509
1055 0.0000003506
1056 0.0000003503
1057 0.0000003500
1058 0.0000003496
1059 0.0000003493
1060 0.0000003490
1061 0.0000003486
1062 0.0000003483
1063 0.0000003480
1064 0.0000003476
1065 0.0000003473
1066 0.0000003470
1067 0.0000003467
1068 0.0000003463
1069 0.0000003460
1070 0.0000003457
1071 0.0000003454
1072 0.0000003450
1073 0.0000003447
1074 0.0000003444
1075 0.0000003441
1076 0.0000003438
1077 0.0000003434
1078 0.0000003431
1079 0.0000003428
1080 0.0000003425
1081 0.0000003422
1082 0.0000003418
1083 0.0000003415
1084 0.0000003412
1085 0.0000003409
1086 0.0000003406
1087 0.0000003403
1088 0.0000003400
1089 0.0000003396
1090 0.0000003393
1091 0.0000003390
1092 0.0000003387
1093 0.0000003384
1094 0.0000003381
1095 0.0000003378
1096 0.0000003375
1097 0.0000003372
1098 0.0000003369
1099 0.0000003365
1100 0.0000003362
1101 0.0000003359
1102 0.0000003356
1103 0.0000003353
1104 0.0000003350
1105 0.0000003347
1106 0.0000003344
1107 0.0000003341
1108 0.0000003338
1109 0.0000003335
1110 0.0000003332
1111 0.0000003329
1112 0.0000003326
1113 0.0000003323
1114 0.0000003320
1115 0.0000003317
1116 0.0000003314
1117 0.0000003311
1118 0.0000003308
1119 0.0000003305
1120 0.0000003302
1121 0.0000003299
1122 0.0000003296
1123 0.0000003293
1124 0.0000003290
1125 0.0000003288
1126 0.0000003285
1127 0.0000003282
1128 0.0000003279
1129 0.0000003276
1130 0.0000003273
1131 0.0000003270
1132 0.0000003267
1133 0.0000003264
1134 0.0000003261
1135 0.0000003258
1136 0.0000003256
1137 0.0000003253
1138 0.0000003250
1139 0.0000003247
1140 0.0000003244
1141 0.0000003241
1142 0.0000003238
1143 0.0000003236
1144 0.0000003233
1145 0.0000003230
1146 0.0000003227
1147 0.0000003224
1148 0.0000003222
1149 0.0000003219
1150 0.0000003216
1151 0.0000003213
1152 0.0000003210
1153 0.0000003207
1154 0.0000003205
1155 0.0000003202
1156 0.0000003199
1157 0.0000003196
1158 0.0000003194
1159 0.0000003191
1160 0.0000003188
1161 0.0000003185
1162 0.0000003183
1163 0.0000003180
1164 0.0000003177
1165 0.0000003174
1166 0.0000003172
1167 0.0000003169
1168 0.0000003166
1169 0.0000003163
1170 0.0000003161
1171 0.0000003158
1172 0.0000003155
1173 0.0000003153
1174 0.0000003150
1175 0.0000003147
1176 0.0000003145
1177 0.0000003142
1178 0.0000003139
1179 0.0000003137
1180 0.0000003134
1181 0.0000003131
1182 0.0000003129
1183 0.0000003126
1184 0.0000003123
1185 0.0000003121
1186 0.0000003118
1187 0.0000003115
1188 0.0000003113
1189 0.0000003110
1190 0.0000003107
1191 0.0000003105
1192 0.0000003102
1193 0.0000003100
1194 0.0000003097
1195 0.0000003094
1196 0.0000003092
1197 0.0000003089
1198 0.0000003087
1199 0.0000003084
1200 0.0000003082
1201 0.0000003079
1202 0.0000003076
1203 0.0000003074
1204 0.0000003071
1205 0.0000003069
1206 0.0000003066
1207 0.0000003064
1208 0.0000003061
1209 0.0000003058
1210 0.0000003056
1211 0.0000003053
1212 0.0000003051
1213 0.0000003048
1214 0.0000003046
1215 0.0000003043
1216 0.0000003041
1217 0.0000003038
1218 0.0000003036
1219 0.0000003033
1220 0.0000003031
1221 0.0000003028
1222 0.0000003026
1223 0.0000003023
1224 0.0000003021
1225 0.0000003018
1226 0.0000003016
1227 0.0000003013
1228 0.0000003011
1229 0.0000003009
1230 0.0000003006
1231 0.0000003004
1232 0.0000003001
1233 0.0000002999
1234 0.0000002996
1235 0.0000002994
1236 0.0000002991
1237 0.0000002989
1238 0.0000002987
1239 0.0000002984
1240 0.0000002982
1241 0.0000002979
1242 0.0000002977
1243 0.0000002975
1244 0.0000002972
1245 0.0000002970
1246 0.0000002967
1247 0.0000002965
1248 0.0000002963
1249 0.0000002960
1250 0.0000002958
1251 0.0000002955
1252 0.0000002953
1253 0.0000002951
1254 0.0000002948
1255 0.0000002946
1256 0.0000002944
1257 0.0000002941
1258 0.0000002939
1259 0.0000002937
1260 0.0000002934
1261 0.0000002932
1262 0.0000002930
1263 0.0000002927
1264 0.0000002925
1265 0.0000002923
1266 0.0000002920
1267 0.0000002918
1268 0.0000002916
1269 0.0000002913
1270 0.0000002911
1271 0.0000002909
1272 0.0000002906
1273 0.0000002904
1274 0.0000002902
1275 0.0000002900
1276 0.0000002897
1277 0.0000002895
1278 0.0000002893
1279 0.0000002891
1280 0.0000002888
1281 0.0000002886
1282 0.0000002884
1283 0.0000002881
1284 0.0000002879
1285 0.0000002877
1286 0.0000002875
1287 0.0000002872
1288 0.0000002870
1289 0.0000002868
1290 0.0000002866
1291 0.0000002864
1292 0.0000002861
1293 0.0000002859
1294 0.0000002857
1295 0.0000002855
1296 0.0000002852
1297 0.0000002850
1298 0.0000002848
1299 0.0000002846
1300 0.0000002844
1301 0.0000002841
1302 0.0000002839
1303 0.0000002837
1304 0.0000002835
1305 0.0000002833
1306 0.0000002830
1307 0.0000002828
1308 0.0000002826
1309 0.0000002824
1310 0.0000002822
1311 0.0000002820
1312 0.0000002818
1313 0.0000002815
1314 0.0000002813
1315 0.0000002811
1316 0.0000002809
1317 0.0000002807
1318 0.0000002805
1319 0.0000002802
1320 0.0000002800
