1 1090
0 0.9837625663
1 0.0038545068
2 0.0016106012
3 0.0011178046
4 0.0008204648
5 0.0006443258
6 0.0005288649
7 0.0004466233
8 0.0003849902
9 0.0003371593
10 0.0002990131
11 0.0002679084
12 0.0002420783
13 0.0002203006
14 0.0002017036
15 0.0001856482
16 0.0001716558
17 0.0001593601
18 0.0001484766
19 0.0001387806
20 0.0001300927
21 0.0001222674
22 0.0001151861
23 0.0001087505
24 0.0001028790
25 0.0000975031
26 0.0000925649
27 0.0000880148
28 0.0000838108
29 0.0000799164
30 0.0000763000
31 0.0000729344
32 0.0000697954
33 0.0000668621
34 0.0000641159
35 0.0000615403
36 0.0000591209
37 0.0000568446
38 0.0000546998
39 0.0000526761
40 0.0000507642
41 0.0000489557
42 0.0000472428
43 0.0000456188
44 0.0000440773
45 0.0000426127
46 0.0000412198
47 0.0000398937
48 0.0000386302
49 0.0000374253
50 0.0000362753
51 0.0000351768
52 0.0000341268
53 0.0000331223
54 0.0000321607
55 0.0000312396
56 0.0000303566
57 0.0000295097
58 0.0000286969
59 0.0000279164
60 0.0000271665
61 0.0000264455
62 0.0000257520
63 0.0000250846
64 0.0000244419
65 0.0000238229
66 0.0000232263
67 0.0000226511
68 0.0000220962
69 0.0000215608
70 0.0000210438
71 0.0000205446
72 0.0000200622
73 0.0000195960
74 0.0000191451
75 0.0000187091
76 0.0000182872
77 0.0000178788
78 0.0000174835
79 0.0000171005
80 0.0000167295
81 0.0000163699
82 0.0000160214
83 0.0000156833
84 0.0000153555
85 0.0000150373
86 0.0000147286
87 0.0000144289
88 0.0000141378
89 0.0000138552
90 0.0000135805
91 0.0000133137
92 0.0000130543
93 0.0000128021
94 0.0000125569
95 0.0000123183
96 0.0000120863
97 0.0000118605
98 0.0000116407
99 0.0000114268
100 0.0000112185
101 0.0000110156
102 0.0000108180
103 0.0000106255
104 0.0000104379
105 0.0000102551
106 0.0000100769
107 0.0000099032
108 0.0000097338
109 0.0000095685
110 0.0000094074
111 0.0000092501
112 0.0000090967
113 0.0000089470
114 0.0000088008
115 0.0000086582
116 0.0000085189
117 0.0000083828
118 0.0000082500
119 0.0000081202
120 0.0000079934
121 0.0000078695
122 0.0000077484
123 0.0000076301
124 0.0000075145
125 0.0000074014
126 0.0000072908
127 0.0000071827
128 0.0000070770
129 0.0000069736
130 0.0000068724
131 0.0000067735
132 0.0000066766
133 0.0000065818
134 0.0000064891
135 0.0000063983
136 0.0000063094
137 0.0000062224
138 0.0000061372
139 0.0000060537
140 0.0000059720
141 0.0000058920
142 0.0000058136
143 0.0000057367
144 0.0000056615
145 0.0000055877
146 0.0000055154
147 0.0000054446
148 0.0000053752
149 0.0000053071
150 0.0000052404
151 0.0000051749
152 0.0000051108
153 0.0000050478
154 0.0000049861
155 0.0000049256
156 0.0000048662
157 0.0000048080
158 0.0000047508
159 0.0000046947
160 0.0000046397
161 0.0000045857
162 0.0000045327
163 0.0000044806
164 0.0000044296
165 0.0000043794
166 0.0000043302
167 0.0000042818
168 0.0000042344
169 0.0000041877
170 0.0000041419
171 0.0000040970
172 0.0000040528
173 0.0000040094
174 0.0000039667
175 0.0000039248
176 0.0000038837
177 0.0000038432
178 0.0000038035
179 0.0000037644
180 0.0000037260
181 0.0000036882
182 0.0000036511
183 0.0000036146
184 0.0000035787
185 0.0000035434
186 0.0000035087
187 0.0000034746
188 0.0000034410
189 0.0000034080
190 0.0000033756
191 0.0000033436
192 0.0000033122
193 0.0000032813
194 0.0000032509
195 0.0000032209
196 0.0000031915
197 0.0000031625
198 0.0000031339
199 0.0000031059
200 0.0000030782
201 0.0000030510
202 0.0000030242
203 0.0000029978
204 0.0000029719
205 0.0000029463
206 0.0000029211
207 0.0000028963
208 0.0000028719
209 0.0000028478
210 0.0000028241
211 0.0000028008
212 0.0000027778
213 0.0000027551
214 0.0000027328
215 0.0000027108
216 0.0000026891
217 0.0000026678
218 0.0000026467
219 0.0000026260
220 0.0000026056
221 0.0000025854
222 0.0000025655
223 0.0000025460
224 0.0000025267
225 0.0000025076
226 0.0000024889
227 0.0000024704
228 0.0000024521
229 0.0000024341
230 0.0000024164
231 0.0000023989
232 0.0000023816
233 0.0000023646
234 0.0000023478
235 0.0000023312
236 0.0000023148
237 0.0000022987
238 0.0000022828
239 0.0000022671
240 0.0000022516
241 0.0000022363
242 0.0000022212
243 0.0000022063
244 0.0000021916
245 0.0000021771
246 0.0000021628
247 0.0000021486
248 0.0000021346
249 0.0000021209
250 0.0000021072
251 0.0000020938
252 0.0000020805
253 0.0000020674
254 0.0000020545
255 0.0000020417
256 0.0000020291
257 0.0000020166
258 0.0000020043
259 0.0000019921
260 0.0000019801
261 0.0000019682
262 0.0000019565
263 0.0000019449
264 0.0000019334
265 0.0000019221
266 0.0000019109
267 0.0000018999
268 0.0000018889
269 0.0000018781
270 0.0000018675
271 0.0000018569
272 0.0000018465
273 0.0000018362
274 0.0000018260
275 0.0000018159
276 0.0000018059
277 0.0000017961
278 0.0000017863
279 0.0000017767
280 0.0000017672
281 0.0000017578
282 0.0000017485
283 0.0000017392
284 0.0000017301
285 0.0000017211
286 0.0000017122
287 0.0000017034
288 0.0000016946
289 0.0000016860
290 0.0000016775
291 0.0000016690
292 0.0000016606
293 0.0000016524
294 0.0000016442
295 0.0000016361
296 0.0000016280
297 0.0000016201
298 0.0000016122
299 0.0000016045
300 0.0000015968
301 0.0000015891
302 0.0000015816
303 0.0000015741
304 0.0000015667
305 0.0000015594
306 0.0000015522
307 0.0000015450
308 0.0000015379
309 0.0000015308
310 0.0000015239
311 0.0000015170
312 0.0000015101
313 0.0000015033
314 0.0000014966
315 0.0000014900
316 0.0000014834
317 0.0000014769
318 0.0000014704
319 0.0000014640
320 0.0000014577
321 0.0000014514
322 0.0000014452
323 0.0000014390
324 0.0000014329
325 0.0000014269
326 0.0000014209
327 0.0000014149
328 0.0000014090
329 0.0000014032
330 0.0000013974
331 0.0000013917
332 0.0000013860
333 0.0000013803
334 0.0000013748
335 0.0000013692
336 0.0000013637
337 0.0000013583
338 0.0000013529
339 0.0000013475
340 0.0000013422
341 0.0000013370
342 0.0000013318
343 0.0000013266
344 0.0000013214
345 0.0000013164
346 0.0000013113
347 0.0000013063
348 0.0000013013
349 0.0000012964
350 0.0000012915
351 0.0000012867
352 0.0000012819
353 0.0000012771
354 0.0000012724
355 0.0000012677
356 0.0000012630
357 0.0000012584
358 0.0000012538
359 0.0000012493
360 0.0000012448
361 0.0000012403
362 0.0000012359
363 0.0000012315
364 0.0000012271
365 0.0000012228
366 0.0000012184
367 0.0000012142
368 0.0000012099
369 0.0000012057
370 0.0000012015
371 0.0000011974
372 0.0000011933
373 0.0000011892
374 0.0000011851
375 0.0000011811
376 0.0000011771
377 0.0000011731
378 0.0000011692
379 0.0000011653
380 0.0000011614
381 0.0000011575
382 0.0000011537
383 0.0000011499
384 0.0000011461
385 0.0000011424
386 0.0000011386
387 0.0000011349
388 0.0000011313
389 0.0000011276
390 0.0000011240
391 0.0000011204
392 0.0000011168
393 0.0000011133
394 0.0000011097
395 0.0000011062
396 0.0000011027
397 0.0000010993
398 0.0000010958
399 0.0000010924
400 0.0000010890
401 0.0000010857
402 0.0000010823
403 0.0000010790
404 0.0000010757
405 0.0000010724
406 0.0000010692
407 0.0000010659
408 0.0000010627
409 0.0000010595
410 0.0000010563
411 0.0000010532
412 0.0000010500
413 0.0000010469
414 0.0000010438
415 0.0000010407
416 0.0000010377
417 0.0000010346
418 0.0000010316
419 0.0000010286
420 0.0000010256
421 0.0000010226
422 0.0000010197
423 0.0000010167
424 0.0000010138
425 0.0000010109
426 0.0000010080
427 0.0000010052
428 0.0000010023
429 0.0000009995
430 0.0000009967
431 0.0000009939
432 0.0000009911
433 0.0000009883
434 0.0000009856
435 0.0000009828
436 0.0000009801
437 0.0000009774
438 0.0000009747
439 0.0000009720
440 0.0000009694
441 0.0000009667
442 0.0000009641
443 0.0000009615
444 0.0000009589
445 0.0000009563
446 0.0000009537
447 0.0000009512
448 0.0000009486
449 0.0000009461
450 0.0000009436
451 0.0000009411
452 0.0000009386
453 0.0000009361
454 0.0000009337
455 0.0000009312
456 0.0000009288
457 0.0000009263
458 0.0000009239
459 0.0000009215
460 0.0000009191
461 0.0000009168
462 0.0000009144
463 0.0000009121
464 0.0000009097
465 0.0000009074
466 0.0000009051
467 0.0000009028
468 0.0000009005
469 0.0000008982
470 0.0000008959
471 0.0000008937
472 0.0000008915
473 0.0000008892
474 0.0000008870
475 0.0000008848
476 0.0000008826
477 0.0000008804
478 0.0000008782
479 0.0000008761
480 0.0000008739
481 0.0000008718
482 0.0000008696
483 0.0000008675
484 0.0000008654
485 0.0000008633
486 0.0000008612
487 0.0000008591
488 0.0000008570
489 0.0000008550
490 0.0000008529
491 0.0000008509
492 0.0000008488
493 0.0000008468
494 0.0000008448
495 0.0000008428
496 0.0000008408
497 0.0000008388
498 0.0000008368
499 0.0000008348
500 0.0000008329
501 0.0000008309
502 0.0000008290
503 0.0000008271
504 0.0000008251
505 0.0000008232
506 0.0000008213
507 0.0000008194
508 0.0000008175
509 0.0000008156
510 0.0000008138
511 0.0000008119
512 0.0000008100
513 0.0000008082
514 0.0000008064
515 0.0000008045
516 0.0000008027
517 0.0000008009
518 0.0000007991
519 0.0000007973
520 0.0000007955
521 0.0000007937
522 0.0000007919
523 0.0000007902
524 0.0000007884
525 0.0000007866
526 0.0000007849
527 0.0000007832
528 0.0000007814
529 0.0000007797
530 0.0000007780
531 0.0000007763
532 0.0000007746
533 0.0000007729
534 0.0000007712
535 0.0000007695
536 0.0000007678
537 0.0000007662
538 0.0000007645
539 0.0000007629
540 0.0000007612
541 0.0000007596
542 0.0000007579
543 0.0000007563
544 0.0000007547
545 0.0000007531
546 0.0000007515
547 0.0000007499
548 0.0000007483
549 0.0000007467
550 0.0000007451
551 0.0000007435
552 0.0000007420
553 0.0000007404
554 0.0000007389
555 0.0000007373
556 0.0000007358
557 0.0000007342
558 0.0000007327
559 0.0000007312
560 0.0000007297
561 0.0000007282
562 0.0000007266
563 0.0000007251
564 0.0000007237
565 0.0000007222
566 0.0000007207
567 0.0000007192
568 0.0000007177
569 0.0000007163
570 0.0000007148
571 0.0000007134
572 0.0000007119
573 0.0000007105
574 0.0000007090
575 0.0000007076
576 0.0000007062
577 0.0000007047
578 0.0000007033
579 0.0000007019
580 0.0000007005
581 0.0000006991
582 0.0000006977
583 0.0000006963
584 0.0000006949
585 0.0000006936
586 0.0000006922
587 0.0000006908
588 0.0000006895
589 0.0000006881
590 0.0000006868
591 0.0000006854
592 0.0000006841
593 0.0000006827
594 0.0000006814
595 0.0000006801
596 0.0000006787
597 0.0000006774
598 0.0000006761
599 0.0000006748
600 0.0000006735
601 0.0000006722
602 0.0000006709
603 0.0000006696
604 0.0000006683
605 0.0000006670
606 0.0000006658
607 0.0000006645
608 0.0000006632
609 0.0000006620
610 0.0000006607
611 0.0000006594
612 0.0000006582
613 0.0000006569
614 0.0000006557
615 0.0000006545
616 0.0000006532
617 0.0000006520
618 0.0000006508
619 0.0000006496
620 0.0000006484
621 0.0000006471
622 0.0000006459
623 0.0000006447
624 0.0000006435
625 0.0000006423
626 0.0000006411
627 0.0000006400
628 0.0000006388
629 0.0000006376
630 0.0000006364
631 0.0000006353
632 0.0000006341
633 0.0000006329
634 0.0000006318
635 0.0000006306
636 0.0000006295
637 0.0000006283
638 0.0000006272
639 0.0000006260
640 0.0000006249
641 0.0000006238
642 0.0000006227
643 0.0000006215
644 0.0000006204
645 0.0000006193
646 0.0000006182
647 0.0000006171
648 0.0000006160
649 0.0000006149
650 0.0000006138
651 0.0000006127
652 0.0000006116
653 0.0000006105
654 0.0000006094
655 0.0000006083
656 0.0000006073
657 0.0000006062
658 0.0000006051
659 0.0000006041
660 0.0000006030
661 0.0000006019
662 0.0000006009
663 0.0000005998
664 0.0000005988
665 0.0000005977
666 0.0000005967
667 0.0000005957
668 0.0000005946
669 0.0000005936
670 0.0000005926
671 0.0000005915
672 0.0000005905
673 0.0000005895
674 0.0000005885
675 0.0000005875
676 0.0000005865
677 0.0000005854
678 0.0000005844
679 0.0000005834
680 0.0000005825
681 0.0000005815
682 0.0000005805
683 0.0000005795
684 0.0000005785
685 0.0000005775
686 0.0000005765
687 0.0000005756
688 0.0000005746
689 0.0000005736
690 0.0000005727
691 0.0000005717
692 0.0000005707
693 0.0000005698
694 0.0000005688
695 0.0000005679
696 0.0000005669
697 0.0000005660
698 0.0000005650
699 0.0000005641
700 0.0000005632
701 0.0000005622
702 0.0000005613
703 0.0000005604
704 0.0000005594
705 0.0000005585
706 0.0000005576
707 0.0000005567
708 0.0000005558
709 0.0000005549
710 0.0000005540
711 0.0000005530
712 0.0000005521
713 0.0000005512
714 0.0000005503
715 0.0000005494
716 0.0000005486
717 0.0000005477
718 0.0000005468
719 0.0000005459
720 0.0000005450
721 0.0000005441
722 0.0000005433
723 0.0000005424
724 0.0000005415
725 0.0000005406
726 0.0000005398
727 0.0000005389
728 0.0000005380
729 0.0000005372
730 0.0000005363
731 0.0000005355
732 0.0000005346
733 0.0000005338
734 0.0000005329
735 0.0000005321
736 0.0000005312
737 0.0000005304
738 0.0000005296
739 0.0000005287
740 0.0000005279
741 0.0000005271
742 0.0000005262
743 0.0000005254
744 0.0000005246
745 0.0000005238
746 0.0000005230
747 0.0000005221
748 0.0000005213
749 0.0000005205
750 0.0000005197
751 0.0000005189
752 0.0000005181
753 0.0000005173
754 0.0000005165
755 0.0000005157
756 0.0000005149
757 0.0000005141
758 0.0000005133
759 0.0000005125
760 0.0000005117
761 0.0000005110
762 0.0000005102
763 0.0000005094
764 0.0000005086
765 0.0000005078
766 0.0000005071
767 0.0000005063
768 0.0000005055
769 0.0000005048
770 0.0000005040
771 0.0000005032
772 0.0000005025
773 0.0000005017
774 0.0000005010
775 0.0000005002
776 0.0000004995
777 0.0000004987
778 0.0000004980
779 0.0000004972
780 0.0000004965
781 0.0000004957
782 0.0000004950
783 0.0000004942
784 0.0000004935
785 0.0000004928
786 0.0000004920
787 0.0000004913
788 0.0000004906
789 0.0000004899
790 0.0000004891
791 0.0000004884
792 0.0000004877
793 0.0000004870
794 0.0000004863
795 0.0000004855
796 0.0000004848
797 0.0000004841
798 0.0000004834
799 0.0000004827
800 0.0000004820
801 0.0000004813
802 0.0000004806
803 0.0000004799
804 0.0000004792
805 0.0000004785
806 0.0000004778
807 0.0000004771
808 0.0000004764
809 0.0000004757
810 0.0000004750
811 0.0000004743
812 0.0000004737
813 0.0000004730
814 0.0000004723
815 0.0000004716
816 0.0000004709
817 0.0000004703
818 0.0000004696
819 0.0000004689
820 0.0000004683
821 0.0000004676
822 0.0000004669
823 0.0000004663
824 0.0000004656
825 0.0000004649
826 0.0000004643
827 0.0000004636
828 0.0000004630
829 0.0000004623
830 0.0000004616
831 0.0000004610
832 0.0000004603
833 0.0000004597
834 0.0000004591
835 0.0000004584
836 0.0000004578
837 0.0000004571
838 0.0000004565
839 0.0000004558
840 0.0000004552
841 0.0000004546
842 0.0000004539
843 0.0000004533
844 0.0000004527
845 0.0000004520
846 0.0000004514
847 0.0000004508
848 0.0000004502
849 0.0000004495
850 0.0000004489
851 0.0000004483
852 0.0000004477
853 0.0000004471
854 0.0000004465
855 0.0000004458
856 0.0000004452
857 0.0000004446
858 0.0000004440
859 0.0000004434
860 0.0000004428
861 0.0000004422
862 0.0000004416
863 0.0000004410
864 0.0000004404
865 0.0000004398
866 0.0000004392
867 0.0000004386
868 0.0000004380
869 0.0000004374
870 0.0000004368
871 0.0000004362
872 0.0000004356
873 0.0000004350
874 0.0000004344
875 0.0000004339
876 0.0000004333
877 0.0000004327
878 0.0000004321
879 0.0000004315
880 0.0000004310
881 0.0000004304
882 0.0000004298
883 0.0000004292
884 0.0000004287
885 0.0000004281
886 0.0000004275
887 0.0000004269
888 0.0000004264
889 0.0000004258
890 0.0000004252
891 0.0000004247
892 0.0000004241
893 0.0000004236
894 0.0000004230
895 0.0000004224
896 0.0000004219
897 0.0000004213
898 0.0000004208
899 0.0000004202
900 0.0000004197
901 0.0000004191
902 0.0000004186
903 0.0000004180
904 0.0000004175
905 0.0000004169
906 0.0000004164
907 0.0000004158
908 0.0000004153
909 0.0000004148
910 0.0000004142
911 0.0000004137
912 0.0000004131
913 0.0000004126
914 0.0000004121
915 0.0000004115
916 0.0000004110
917 0.0000004105
918 0.0000004099
919 0.0000004094
920 0.0000004089
921 0.0000004084
922 0.0000004078
923 0.0000004073
924 0.0000004068
925 0.0000004063
926 0.0000004057
927 0.0000004052
928 0.0000004047
929 0.0000004042
930 0.0000004037
931 0.0000004031
932 0.0000004026
933 0.0000004021
934 0.0000004016
935 0.0000004011
936 0.0000004006
937 0.0000004001
938 0.0000003996
939 0.0000003991
940 0.0000003985
941 0.0000003980
942 0.0000003975
943 0.0000003970
944 0.0000003965
945 0.0000003960
946 0.0000003955
947 0.0000003950
948 0.0000003945
949 0.0000003940
950 0.0000003935
951 0.0000003931
952 0.0000003926
953 0.0000003921
954 0.0000003916
955 0.0000003911
956 0.0000003906
957 0.0000003901
958 0.0000003896
959 0.0000003891
960 0.0000003886
961 0.0000003882
962 0.0000003877
963 0.0000003872
964 0.0000003867
965 0.0000003862
966 0.0000003857
967 0.0000003853
968 0.0000003848
969 0.0000003843
970 0.0000003838
971 0.0000003834
972 0.0000003829
973 0.0000003824
974 0.0000003819
975 0.0000003815
976 0.0000003810
977 0.0000003805
978 0.0000003801
979 0.0000003796
980 0.0000003791
981 0.0000003787
982 0.0000003782
983 0.0000003777
984 0.0000003773
985 0.0000003768
986 0.0000003763
987 0.0000003759
988 0.0000003754
989 0.0000003750
990 0.0000003745
991 0.0000003740
992 0.0000003736
993 0.0000003731
994 0.0000003727
995 0.0000003722
996 0.0000003718
997 0.0000003713
998 0.0000003708
999 0.0000003704
1000 0.0000003699
1001 0.0000003695
1002 0.0000003690
1003 0.0000003686
1004 0.0000003681
1005 0.0000003677
1006 0.0000003672
1007 0.0000003668
1008 0.0000003664
1009 0.0000003659
1010 0.0000003655
1011 0.0000003650
1012 0.0000003646
1013 0.0000003641
1014 0.0000003637
1015 0.0000003632
1016 0.0000003628
1017 0.0000003624
1018 0.0000003619
1019 0.0000003615
1020 0.0000003610
1021 0.0000003606
1022 0.0000003602
1023 0.0000003597
1024 0.0000003593
1025 0.0000003589
1026 0.0000003584
1027 0.0000003580
1028 0.0000003575
1029 0.0000003571
1030 0.0000003567
1031 0.0000003562
1032 0.0000003558
1033 0.0000003554
1034 0.0000003549
1035 0.0000003545
1036 0.0000003541
1037 0.0000003536
1038 0.0000003532
1039 0.0000003528
1040 0.0000003523
1041 0.0000003519
1042 0.0000003515
1043 0.0000003510
1044 0.0000003506
1045 0.0000003502
1046 0.0000003497
1047 0.0000003493
1048 0.0000003488
1049 0.0000003484
1050 0.0000003480
1051 0.0000003475
1052 0.0000003471
1053 0.0000003466
1054 0.0000003462
1055 0.0000003457
1056 0.0000003453
1057 0.0000003448
1058 0.0000003444
1059 0.0000003439
1060 0.0000003435
1061 0.0000003430
1062 0.0000003426
1063 0.0000003421
1064 0.0000003416
1065 0.0000003411
1066 0.0000003406
1067 0.0000003401
1068 0.0000003396
1069 0.0000003391
1070 0.0000003386
1071 0.0000003381
1072 0.0000003375
1073 0.0000003369
1074 0.0000003363
1075 0.0000003357
1076 0.0000003351
1077 0.0000003344
1078 0.0000003336
1079 0.0000003328
1080 0.0000003319
1081 0.0000003309
1082 0.0000003297
1083 0.0000003284
1084 0.0000003267
1085 0.0000003244
1086 0.0000003212
1087 0.0000003164
1088 0.0000003066
1089 0.0000002733
1090 0.0000000000
