0 2000
0 0.9953041550
1 0.0012281824
2 0.0005083374
3 0.0003506976
4 0.0002554315
5 0.0001990121
6 0.0001620596
7 0.0001357595
8 0.0001160672
9 0.0001008016
10 0.0000886433
11 0.0000787449
12 0.0000705395
13 0.0000636352
14 0.0000577522
15 0.0000526854
16 0.0000482810
17 0.0000444217
18 0.0000410158
19 0.0000379912
20 0.0000352902
21 0.0000328661
22 0.0000306806
23 0.0000287022
24 0.0000269046
25 0.0000252658
26 0.0000237669
27 0.0000223922
28 0.0000211281
29 0.0000199627
30 0.0000188860
31 0.0000178890
32 0.0000169641
33 0.0000161045
34 0.0000153041
35 0.0000145578
36 0.0000138607
37 0.0000132087
38 0.0000125980
39 0.0000120254
40 0.0000114877
41 0.0000109823
42 0.0000105067
43 0.0000100587
44 0.0000096362
45 0.0000092375
46 0.0000088608
47 0.0000085047
48 0.0000081676
49 0.0000078485
50 0.0000075460
51 0.0000072592
52 0.0000069869
53 0.0000067284
54 0.0000064826
55 0.0000062490
56 0.0000060266
57 0.0000058150
58 0.0000056133
59 0.0000054212
60 0.0000052379
61 0.0000050631
62 0.0000048962
63 0.0000047368
64 0.0000045845
65 0.0000044390
66 0.0000042998
67 0.0000041666
68 0.0000040392
69 0.0000039171
70 0.0000038002
71 0.0000036882
72 0.0000035809
73 0.0000034779
74 0.0000033791
75 0.0000032843
76 0.0000031934
77 0.0000031060
78 0.0000030221
79 0.0000029414
80 0.0000028639
81 0.0000027894
82 0.0000027177
83 0.0000026487
84 0.0000025823
85 0.0000025184
86 0.0000024569
87 0.0000023976
88 0.0000023405
89 0.0000022855
90 0.0000022325
91 0.0000021813
92 0.0000021320
93 0.0000020844
94 0.0000020384
95 0.0000019941
96 0.0000019513
97 0.0000019099
98 0.0000018700
99 0.0000018314
100 0.0000017941
101 0.0000017581
102 0.0000017232
103 0.0000016895
104 0.0000016569
105 0.0000016253
106 0.0000015948
107 0.0000015652
108 0.0000015366
109 0.0000015089
110 0.0000014820
111 0.0000014560
112 0.0000014308
113 0.0000014063
114 0.0000013826
115 0.0000013596
116 0.0000013373
117 0.0000013157
118 0.0000012947
119 0.0000012743
120 0.0000012545
121 0.0000012353
122 0.0000012166
123 0.0000011985
124 0.0000011809
125 0.0000011638
126 0.0000011471
127 0.0000011310
128 0.0000011152
129 0.0000010999
130 0.0000010850
131 0.0000010705
132 0.0000010564
133 0.0000010427
134 0.0000010293
135 0.0000010163
136 0.0000010036
137 0.0000009913
138 0.0000009792
139 0.0000009675
140 0.0000009560
141 0.0000009449
142 0.0000009340
143 0.0000009234
144 0.0000009130
145 0.0000009029
146 0.0000008930
147 0.0000008834
148 0.0000008740
149 0.0000008648
150 0.0000008558
151 0.0000008471
152 0.0000008385
153 0.0000008301
154 0.0000008219
155 0.0000008139
156 0.0000008061
157 0.0000007984
158 0.0000007910
159 0.0000007836
160 0.0000007764
161 0.0000007694
162 0.0000007625
163 0.0000007558
164 0.0000007492
165 0.0000007427
166 0.0000007364
167 0.0000007302
168 0.0000007241
169 0.0000007182
170 0.0000007123
171 0.0000007066
172 0.0000007009
173 0.0000006954
174 0.0000006900
175 0.0000006847
176 0.0000006795
177 0.0000006744
178 0.0000006693
179 0.0000006644
180 0.0000006596
181 0.0000006548
182 0.0000006501
183 0.0000006455
184 0.0000006410
185 0.0000006365
186 0.0000006322
187 0.0000006279
188 0.0000006236
189 0.0000006195
190 0.0000006154
191 0.0000006114
192 0.0000006074
193 0.0000006035
194 0.0000005997
195 0.0000005959
196 0.0000005922
197 0.0000005885
198 0.0000005849
199 0.0000005814
200 0.0000005779
201 0.0000005744
202 0.0000005710
203 0.0000005677
204 0.0000005644
205 0.0000005611
206 0.0000005579
207 0.0000005547
208 0.0000005516
209 0.0000005485
210 0.0000005455
211 0.0000005425
212 0.0000005395
213 0.0000005366
214 0.0000005337
215 0.0000005309
216 0.0000005281
217 0.0000005253
218 0.0000005226
219 0.0000005199
220 0.0000005172
221 0.0000005146
222 0.0000005120
223 0.0000005094
224 0.0000005068
225 0.0000005043
226 0.0000005019
227 0.0000004994
228 0.0000004970
229 0.0000004946
230 0.0000004922
231 0.0000004899
232 0.0000004875
233 0.0000004853
234 0.0000004830
235 0.0000004807
236 0.0000004785
237 0.0000004763
238 0.0000004742
239 0.0000004720
240 0.0000004699
241 0.0000004678
242 0.0000004657
243 0.0000004636
244 0.0000004616
245 0.0000004596
246 0.0000004576
247 0.0000004556
248 0.0000004536
249 0.0000004517
250 0.0000004498
251 0.0000004479
252 0.0000004460
253 0.0000004441
254 0.0000004423
255 0.0000004405
256 0.0000004386
257 0.0000004368
258 0.0000004351
259 0.0000004333
260 0.0000004315
261 0.0000004298
262 0.0000004281
263 0.0000004264
264 0.0000004247
265 0.0000004230
266 0.0000004214
267 0.0000004197
268 0.0000004181
269 0.0000004165
270 0.0000004149
271 0.0000004133
272 0.0000004117
273 0.0000004102
274 0.0000004086
275 0.0000004071
276 0.0000004056
277 0.0000004040
278 0.0000004025
279 0.0000004011
280 0.0000003996
281 0.0000003981
282 0.0000003967
283 0.0000003952
284 0.0000003938
285 0.0000003924
286 0.0000003910
287 0.0000003896
288 0.0000003882
289 0.0000003868
290 0.0000003854
291 0.0000003841
292 0.0000003828
293 0.0000003814
294 0.0000003801
295 0.0000003788
296 0.0000003775
297 0.0000003762
298 0.0000003749
299 0.0000003736
300 0.0000003723
301 0.0000003711
302 0.0000003698
303 0.0000003686
304 0.0000003674
305 0.0000003661
306 0.0000003649
307 0.0000003637
308 0.0000003625
309 0.0000003613
310 0.0000003601
311 0.0000003590
312 0.0000003578
313 0.0000003566
314 0.0000003555
315 0.0000003544
316 0.0000003532
317 0.0000003521
318 0.0000003510
319 0.0000003499
320 0.0000003488
321 0.0000003477
322 0.0000003466
323 0.0000003455
324 0.0000003444
325 0.0000003433
326 0.0000003423
327 0.0000003412
328 0.0000003402
329 0.0000003391
330 0.0000003381
331 0.0000003371
332 0.0000003360
333 0.0000003350
334 0.0000003340
335 0.0000003330
336 0.0000003320
337 0.0000003310
338 0.0000003300
339 0.0000003291
340 0.0000003281
341 0.0000003271
342 0.0000003262
343 0.0000003252
344 0.0000003242
345 0.0000003233
346 0.0000003224
347 0.0000003214
348 0.0000003205
349 0.0000003196
350 0.0000003187
351 0.0000003177
352 0.0000003168
353 0.0000003159
354 0.0000003150
355 0.0000003141
356 0.0000003133
357 0.0000003124
358 0.0000003115
359 0.0000003106
360 0.0000003098
361 0.0000003089
362 0.0000003080
363 0.0000003072
364 0.0000003064
365 0.0000003055
366 0.0000003047
367 0.0000003038
368 0.0000003030
369 0.0000003022
370 0.0000003014
371 0.0000003006
372 0.0000002997
373 0.0000002989
374 0.0000002981
375 0.0000002973
376 0.0000002965
377 0.0000002958
378 0.0000002950
379 0.0000002942
380 0.0000002934
381 0.0000002926
382 0.0000002919
383 0.0000002911
384 0.0000002904
385 0.0000002896
386 0.0000002888
387 0.0000002881
388 0.0000002874
389 0.0000002866
390 0.0000002859
391 0.0000002851
392 0.0000002844
393 0.0000002837
394 0.0000002830
395 0.0000002823
396 0.0000002815
397 0.0000002808
398 0.0000002801
399 0.0000002794
400 0.0000002787
401 0.0000002780
402 0.0000002773
403 0.0000002766
404 0.0000002760
405 0.0000002753
406 0.0000002746
407 0.0000002739
408 0.0000002732
409 0.0000002726
410 0.0000002719
411 0.0000002712
412 0.0000002706
413 0.0000002699
414 0.0000002693
415 0.0000002686
416 0.0000002680
417 0.0000002673
418 0.0000002667
419 0.0000002661
420 0.0000002654
421 0.0000002648
422 0.0000002642
423 0.0000002635
424 0.0000002629
425 0.0000002623
426 0.0000002617
427 0.0000002611
428 0.0000002605
429 0.0000002599
430 0.0000002593
431 0.0000002586
432 0.0000002581
433 0.0000002575
434 0.0000002569
435 0.0000002563
436 0.0000002557
437 0.0000002551
438 0.0000002545
439 0.0000002539
440 0.0000002534
441 0.0000002528
442 0.0000002522
443 0.0000002516
444 0.0000002511
445 0.0000002505
446 0.0000002499
447 0.0000002494
448 0.0000002488
449 0.0000002483
450 0.0000002477
451 0.0000002472
452 0.0000002466
453 0.0000002461
454 0.0000002455
455 0.0000002450
456 0.0000002445
457 0.0000002439
458 0.0000002434
459 0.0000002429
460 0.0000002423
461 0.0000002418
462 0.0000002413
463 0.0000002408
464 0.0000002402
465 0.0000002397
466 0.0000002392
467 0.0000002387
468 0.0000002382
469 0.0000002377
470 0.0000002372
471 0.0000002367
472 0.0000002362
473 0.0000002357
474 0.0000002352
475 0.0000002347
476 0.0000002342
477 0.0000002337
478 0.0000002332
479 0.0000002327
480 0.0000002322
481 0.0000002317
482 0.0000002313
483 0.0000002308
484 0.0000002303
485 0.0000002298
486 0.0000002294
487 0.0000002289
488 0.0000002284
489 0.0000002280
490 0.0000002275
491 0.0000002270
492 0.0000002266
493 0.0000002261
494 0.0000002256
495 0.0000002252
496 0.0000002247
497 0.0000002243
498 0.0000002238
499 0.0000002234
500 0.0000002229
501 0.0000002225
502 0.0000002220
503 0.0000002216
504 0.0000002212
505 0.0000002207
506 0.0000002203
507 0.0000002199
508 0.0000002194
509 0.0000002190
510 0.0000002186
511 0.0000002181
512 0.0000002177
513 0.0000002173
514 0.0000002169
515 0.0000002164
516 0.0000002160
517 0.0000002156
518 0.0000002152
519 0.0000002148
520 0.0000002144
521 0.0000002139
522 0.0000002135
523 0.0000002131
524 0.0000002127
525 0.0000002123
526 0.0000002119
527 0.0000002115
528 0.0000002111
529 0.0000002107
530 0.0000002103
531 0.0000002099
532 0.0000002095
533 0.0000002091
534 0.0000002087
535 0.0000002083
536 0.0000002080
537 0.0000002076
538 0.0000002072
539 0.0000002068
540 0.0000002064
541 0.0000002060
542 0.0000002057
543 0.0000002053
544 0.0000002049
545 0.0000002045
546 0.0000002041
547 0.0000002038
548 0.0000002034
549 0.0000002030
550 0.0000002027
551 0.0000002023
552 0.0000002019
553 0.0000002016
554 0.0000002012
555 0.0000002008
556 0.0000002005
557 0.0000002001
558 0.0000001998
559 0.0000001994
560 0.0000001990
561 0.0000001987
562 0.0000001983
563 0.0000001980
564 0.0000001976
565 0.0000001973
566 0.0000001969
567 0.0000001966
568 0.0000001962
569 0.0000001959
570 0.0000001955
571 0.0000001952
572 0.0000001949
573 0.0000001945
574 0.0000001942
575 0.0000001938
576 0.0000001935
577 0.0000001932
578 0.0000001928
579 0.0000001925
580 0.0000001922
581 0.0000001918
582 0.0000001915
583 0.0000001912
584 0.0000001909
585 0.0000001905
586 0.0000001902
587 0.0000001899
588 0.0000001896
589 0.0000001892
590 0.0000001889
591 0.0000001886
592 0.0000001883
593 0.0000001880
594 0.0000001876
595 0.0000001873
596 0.0000001870
597 0.0000001867
598 0.0000001864
599 0.0000001861
600 0.0000001858
601 0.0000001855
602 0.0000001851
603 0.0000001848
604 0.0000001845
605 0.0000001842
606 0.0000001839
607 0.0000001836
608 0.0000001833
609 0.0000001830
610 0.0000001827
611 0.0000001824
612 0.0000001821
613 0.0000001818
614 0.0000001815
615 0.0000001812
616 0.0000001809
617 0.0000001806
618 0.0000001804
619 0.0000001801
620 0.0000001798
621 0.0000001795
622 0.0000001792
623 0.0000001789
624 0.0000001786
625 0.0000001783
626 0.0000001780
627 0.0000001778
628 0.0000001775
629 0.0000001772
630 0.0000001769
631 0.0000001766
632 0.0000001764
633 0.0000001761
634 0.0000001758
635 0.0000001755
636 0.0000001752
637 0.0000001750
638 0.0000001747
639 0.0000001744
640 0.0000001742
641 0.0000001739
642 0.0000001736
643 0.0000001733
644 0.0000001731
645 0.0000001728
646 0.0000001725
647 0.0000001723
648 0.0000001720
649 0.0000001717
650 0.0000001715
651 0.0000001712
652 0.0000001709
653 0.0000001707
654 0.0000001704
655 0.0000001702
656 0.0000001699
657 0.0000001696
658 0.0000001694
659 0.0000001691
660 0.0000001689
661 0.0000001686
662 0.0000001684
663 0.0000001681
664 0.0000001679
665 0.0000001676
666 0.0000001673
667 0.0000001671
668 0.0000001668
669 0.0000001666
670 0.0000001663
671 0.0000001661
672 0.0000001659
673 0.0000001656
674 0.0000001654
675 0.0000001651
676 0.0000001649
677 0.0000001646
678 0.0000001644
679 0.0000001641
680 0.0000001639
681 0.0000001637
682 0.0000001634
683 0.0000001632
684 0.0000001629
685 0.0000001627
686 0.0000001625
687 0.0000001622
688 0.0000001620
689 0.0000001618
690 0.0000001615
691 0.0000001613
692 0.0000001611
693 0.0000001608
694 0.0000001606
695 0.0000001604
696 0.0000001601
697 0.0000001599
698 0.0000001597
699 0.0000001594
700 0.0000001592
701 0.0000001590
702 0.0000001588
703 0.0000001585
704 0.0000001583
705 0.0000001581
706 0.0000001579
707 0.0000001576
708 0.0000001574
709 0.0000001572
710 0.0000001570
711 0.0000001567
712 0.0000001565
713 0.0000001563
714 0.0000001561
715 0.0000001559
716 0.0000001557
717 0.0000001554
718 0.0000001552
719 0.0000001550
720 0.0000001548
721 0.0000001546
722 0.0000001544
723 0.0000001541
724 0.0000001539
725 0.0000001537
726 0.0000001535
727 0.0000001533
728 0.0000001531
729 0.0000001529
730 0.0000001527
731 0.0000001525
732 0.0000001522
733 0.0000001520
734 0.0000001518
735 0.0000001516
736 0.0000001514
737 0.0000001512
738 0.0000001510
739 0.0000001508
740 0.0000001506
741 0.0000001504
742 0.0000001502
743 0.0000001500
744 0.0000001498
745 0.0000001496
746 0.0000001494
747 0.0000001492
748 0.0000001490
749 0.0000001488
750 0.0000001486
751 0.0000001484
752 0.0000001482
753 0.0000001480
754 0.0000001478
755 0.0000001476
756 0.0000001474
757 0.0000001472
758 0.0000001470
759 0.0000001468
760 0.0000001466
761 0.0000001464
762 0.0000001463
763 0.0000001461
764 0.0000001459
765 0.0000001457
766 0.0000001455
767 0.0000001453
768 0.0000001451
769 0.0000001449
770 0.0000001447
771 0.0000001445
772 0.0000001444
773 0.0000001442
774 0.0000001440
775 0.0000001438
776 0.0000001436
777 0.0000001434
778 0.0000001432
779 0.0000001431
780 0.0000001429
781 0.0000001427
782 0.0000001425
783 0.0000001423
784 0.0000001421
785 0.0000001420
786 0.0000001418
787 0.0000001416
788 0.0000001414
789 0.0000001412
790 0.0000001411
791 0.0000001409
792 0.0000001407
793 0.0000001405
794 0.0000001404
795 0.0000001402
796 0.0000001400
797 0.0000001398
798 0.0000001396
799 0.0000001395
800 0.0000001393
801 0.0000001391
802 0.0000001389
803 0.0000001388
804 0.0000001386
805 0.0000001384
806 0.0000001383
807 0.0000001381
808 0.0000001379
809 0.0000001377
810 0.0000001376
811 0.0000001374
812 0.0000001372
813 0.0000001371
814 0.0000001369
815 0.0000001367
816 0.0000001366
817 0.0000001364
818 0.0000001362
819 0.0000001361
820 0.0000001359
821 0.0000001357
822 0.0000001356
823 0.0000001354
824 0.0000001352
825 0.0000001351
826 0.0000001349
827 0.0000001347
828 0.0000001346
829 0.0000001344
830 0.0000001343
831 0.0000001341
832 0.0000001339
833 0.0000001338
834 0.0000001336
835 0.0000001335
836 0.0000001333
837 0.0000001331
838 0.0000001330
839 0.0000001328
840 0.0000001327
841 0.0000001325
842 0.0000001323
843 0.0000001322
844 0.0000001320
845 0.0000001319
846 0.0000001317
847 0.0000001316
848 0.0000001314
849 0.0000001313
850 0.0000001311
851 0.0000001309
852 0.0000001308
853 0.0000001306
854 0.0000001305
855 0.0000001303
856 0.0000001302
857 0.0000001300
858 0.0000001299
859 0.0000001297
860 0.0000001296
861 0.0000001294
862 0.0000001293
863 0.0000001291
864 0.0000001290
865 0.0000001288
866 0.0000001287
867 0.0000001285
868 0.0000001284
869 0.0000001282
870 0.0000001281
871 0.0000001279
872 0.0000001278
873 0.0000001276
874 0.0000001275
875 0.0000001273
876 0.0000001272
877 0.0000001271
878 0.0000001269
879 0.0000001268
880 0.0000001266
881 0.0000001265
882 0.0000001263
883 0.0000001262
884 0.0000001260
885 0.0000001259
886 0.0000001258
887 0.0000001256
888 0.0000001255
889 0.0000001253
890 0.0000001252
891 0.0000001251
892 0.0000001249
893 0.0000001248
894 0.0000001246
895 0.0000001245
896 0.0000001244
897 0.0000001242
898 0.0000001241
899 0.0000001239
900 0.0000001238
901 0.0000001237
902 0.0000001235
903 0.0000001234
904 0.0000001233
905 0.0000001231
906 0.0000001230
907 0.0000001228
908 0.0000001227
909 0.0000001226
910 0.0000001224
911 0.0000001223
912 0.0000001222
913 0.0000001220
914 0.0000001219
915 0.0000001218
916 0.0000001216
917 0.0000001215
918 0.0000001214
919 0.0000001212
920 0.0000001211
921 0.0000001210
922 0.0000001208
923 0.0000001207
924 0.0000001206
925 0.0000001205
926 0.0000001203
927 0.0000001202
928 0.0000001201
929 0.0000001199
930 0.0000001198
931 0.0000001197
932 0.0000001195
933 0.0000001194
934 0.0000001193
935 0.0000001192
936 0.0000001190
937 0.0000001189
938 0.0000001188
939 0.0000001187
940 0.0000001185
941 0.0000001184
942 0.0000001183
943 0.0000001182
944 0.0000001180
945 0.0000001179
946 0.0000001178
947 0.0000001177
948 0.0000001175
949 0.0000001174
950 0.0000001173
951 0.0000001172
952 0.0000001170
953 0.0000001169
954 0.0000001168
955 0.0000001167
956 0.0000001165
957 0.0000001164
958 0.0000001163
959 0.0000001162
960 0.0000001161
961 0.0000001159
962 0.0000001158
963 0.0000001157
964 0.0000001156
965 0.0000001155
966 0.0000001153
967 0.0000001152
968 0.0000001151
969 0.0000001150
970 0.0000001149
971 0.0000001147
972 0.0000001146
973 0.0000001145
974 0.0000001144
975 0.0000001143
976 0.0000001142
977 0.0000001140
978 0.0000001139
979 0.0000001138
980 0.0000001137
981 0.0000001136
982 0.0000001135
983 0.0000001133
984 0.0000001132
985 0.0000001131
986 0.0000001130
987 0.0000001129
988 0.0000001128
989 0.0000001126
990 0.0000001125
991 0.0000001124
992 0.0000001123
993 0.0000001122
994 0.0000001121
995 0.0000001120
996 0.0000001119
997 0.0000001117
998 0.0000001116
999 0.0000001115
1000 0.0000001114
1001 0.0000001113
1002 0.0000001112
1003 0.0000001111
1004 0.0000001110
1005 0.0000001109
1006 0.0000001107
1007 0.0000001106
1008 0.0000001105
1009 0.0000001104
1010 0.0000001103
1011 0.0000001102
1012 0.0000001101
1013 0.0000001100
1014 0.0000001099
1015 0.0000001098
1016 0.0000001096
1017 0.0000001095
1018 0.0000001094
1019 0.0000001093
1020 0.0000001092
1021 0.0000001091
1022 0.0000001090
1023 0.0000001089
1024 0.0000001088
1025 0.0000001087
1026 0.0000001086
1027 0.0000001085
1028 0.0000001084
1029 0.0000001083
1030 0.0000001082
1031 0.0000001081
1032 0.0000001079
1033 0.0000001078
1034 0.0000001077
1035 0.0000001076
1036 0.0000001075
1037 0.0000001074
1038 0.0000001073
1039 0.0000001072
1040 0.0000001071
1041 0.0000001070
1042 0.0000001069
1043 0.0000001068
1044 0.0000001067
1045 0.0000001066
1046 0.0000001065
1047 0.0000001064
1048 0.0000001063
1049 0.0000001062
1050 0.0000001061
1051 0.0000001060
1052 0.0000001059
1053 0.0000001058
1054 0.0000001057
1055 0.0000001056
1056 0.0000001055
1057 0.0000001054
1058 0.0000001053
1059 0.0000001052
1060 0.0000001051
1061 0.0000001050
1062 0.0000001049
1063 0.0000001048
1064 0.0000001047
1065 0.0000001046
1066 0.0000001045
1067 0.0000001044
1068 0.0000001043
1069 0.0000001042
1070 0.0000001041
1071 0.0000001040
1072 0.0000001039
1073 0.0000001038
1074 0.0000001037
1075 0.0000001036
1076 0.0000001035
1077 0.0000001034
1078 0.0000001033
1079 0.0000001032
1080 0.0000001031
1081 0.0000001030
1082 0.0000001029
1083 0.0000001029
1084 0.0000001028
1085 0.0000001027
1086 0.0000001026
1087 0.0000001025
1088 0.0000001024
1089 0.0000001023
1090 0.0000001022
1091 0.0000001021
1092 0.0000001020
1093 0.0000001019
1094 0.0000001018
1095 0.0000001017
1096 0.0000001016
1097 0.0000001015
1098 0.0000001014
1099 0.0000001014
1100 0.0000001013
1101 0.0000001012
1102 0.0000001011
1103 0.0000001010
1104 0.0000001009
1105 0.0000001008
1106 0.0000001007
1107 0.0000001006
1108 0.0000001005
1109 0.0000001004
1110 0.0000001003
1111 0.0000001003
1112 0.0000001002
1113 0.0000001001
1114 0.0000001000
1115 0.0000000999
1116 0.0000000998
1117 0.0000000997
1118 0.0000000996
1119 0.0000000995
1120 0.0000000994
1121 0.0000000994
1122 0.0000000993
1123 0.0000000992
1124 0.0000000991
1125 0.0000000990
1126 0.0000000989
1127 0.0000000988
1128 0.0000000987
1129 0.0000000987
1130 0.0000000986
1131 0.0000000985
1132 0.0000000984
1133 0.0000000983
1134 0.0000000982
1135 0.0000000981
1136 0.0000000980
1137 0.0000000980
1138 0.0000000979
1139 0.0000000978
1140 0.0000000977
1141 0.0000000976
1142 0.0000000975
1143 0.0000000974
1144 0.0000000974
1145 0.0000000973
1146 0.0000000972
1147 0.0000000971
1148 0.0000000970
1149 0.0000000969
1150 0.0000000968
1151 0.0000000968
1152 0.0000000967
1153 0.0000000966
1154 0.0000000965
1155 0.0000000964
1156 0.0000000963
1157 0.0000000963
1158 0.0000000962
1159 0.0000000961
1160 0.0000000960
1161 0.0000000959
1162 0.0000000958
1163 0.0000000958
1164 0.0000000957
1165 0.0000000956
1166 0.0000000955
1167 0.0000000954
1168 0.0000000954
1169 0.0000000953
1170 0.0000000952
1171 0.0000000951
1172 0.0000000950
1173 0.0000000949
1174 0.0000000949
1175 0.0000000948
1176 0.0000000947
1177 0.0000000946
1178 0.0000000945
1179 0.0000000945
1180 0.0000000944
1181 0.0000000943
1182 0.0000000942
1183 0.0000000941
1184 0.0000000941
1185 0.0000000940
1186 0.0000000939
1187 0.0000000938
1188 0.0000000937
1189 0.0000000937
1190 0.0000000936
1191 0.0000000935
1192 0.0000000934
1193 0.0000000933
1194 0.0000000933
1195 0.0000000932
1196 0.0000000931
1197 0.0000000930
1198 0.0000000930
1199 0.0000000929
1200 0.0000000928
1201 0.0000000927
1202 0.0000000926
1203 0.0000000926
1204 0.0000000925
1205 0.0000000924
1206 0.0000000923
1207 0.0000000923
1208 0.0000000922
1209 0.0000000921
1210 0.0000000920
1211 0.0000000920
1212 0.0000000919
1213 0.0000000918
1214 0.0000000917
1215 0.0000000917
1216 0.0000000916
1217 0.0000000915
1218 0.0000000914
1219 0.0000000913
1220 0.0000000913
1221 0.0000000912
1222 0.0000000911
1223 0.0000000910
1224 0.0000000910
1225 0.0000000909
1226 0.0000000908
1227 0.0000000908
1228 0.0000000907
1229 0.0000000906
1230 0.0000000905
1231 0.0000000905
1232 0.0000000904
1233 0.0000000903
1234 0.0000000902
1235 0.0000000902
1236 0.0000000901
1237 0.0000000900
1238 0.0000000899
1239 0.0000000899
1240 0.0000000898
1241 0.0000000897
1242 0.0000000897
1243 0.0000000896
1244 0.0000000895
1245 0.0000000894
1246 0.0000000894
1247 0.0000000893
1248 0.0000000892
1249 0.0000000891
1250 0.0000000891
1251 0.0000000890
1252 0.0000000889
1253 0.0000000889
1254 0.0000000888
1255 0.0000000887
1256 0.0000000886
1257 0.0000000886
1258 0.0000000885
1259 0.0000000884
1260 0.0000000884
1261 0.0000000883
1262 0.0000000882
1263 0.0000000882
1264 0.0000000881
1265 0.0000000880
1266 0.0000000879
1267 0.0000000879
1268 0.0000000878
1269 0.0000000877
1270 0.0000000877
1271 0.0000000876
1272 0.0000000875
1273 0.0000000875
1274 0.0000000874
1275 0.0000000873
1276 0.0000000873
1277 0.0000000872
1278 0.0000000871
1279 0.0000000870
1280 0.0000000870
1281 0.0000000869
1282 0.0000000868
1283 0.0000000868
1284 0.0000000867
1285 0.0000000866
1286 0.0000000866
1287 0.0000000865
1288 0.0000000864
1289 0.0000000864
1290 0.0000000863
1291 0.0000000862
1292 0.0000000862
1293 0.0000000861
1294 0.0000000860
1295 0.0000000860
1296 0.0000000859
1297 0.0000000858
1298 0.0000000858
1299 0.0000000857
1300 0.0000000856
1301 0.0000000856
1302 0.0000000855
1303 0.0000000854
1304 0.0000000854
1305 0.0000000853
1306 0.0000000852
1307 0.0000000852
1308 0.0000000851
1309 0.0000000850
1310 0.0000000850
1311 0.0000000849
1312 0.0000000848
1313 0.0000000848
1314 0.0000000847
1315 0.0000000847
1316 0.0000000846
1317 0.0000000845
1318 0.0000000845
1319 0.0000000844
1320 0.0000000843
1321 0.0000000843
1322 0.0000000842
1323 0.0000000841
1324 0.0000000841
1325 0.0000000840
1326 0.0000000839
1327 0.0000000839
1328 0.0000000838
1329 0.0000000838
1330 0.0000000837
1331 0.0000000836
1332 0.0000000836
1333 0.0000000835
1334 0.0000000834
1335 0.0000000834
1336 0.0000000833
1337 0.0000000833
1338 0.0000000832
1339 0.0000000831
1340 0.0000000831
1341 0.0000000830
1342 0.0000000829
1343 0.0000000829
1344 0.0000000828
1345 0.0000000828
1346 0.0000000827
1347 0.0000000826
1348 0.0000000826
1349 0.0000000825
1350 0.0000000824
1351 0.0000000824
1352 0.0000000823
1353 0.0000000823
1354 0.0000000822
1355 0.0000000821
1356 0.0000000821
1357 0.0000000820
1358 0.0000000820
1359 0.0000000819
1360 0.0000000818
1361 0.0000000818
1362 0.0000000817
1363 0.0000000817
1364 0.0000000816
1365 0.0000000815
1366 0.0000000815
1367 0.0000000814
1368 0.0000000814
1369 0.0000000813
1370 0.0000000812
1371 0.0000000812
1372 0.0000000811
1373 0.0000000811
1374 0.0000000810
1375 0.0000000809
1376 0.0000000809
1377 0.0000000808
1378 0.0000000808
1379 0.0000000807
1380 0.0000000806
1381 0.0000000806
1382 0.0000000805
1383 0.0000000805
1384 0.0000000804
1385 0.0000000804
1386 0.0000000803
1387 0.0000000802
1388 0.0000000802
1389 0.0000000801
1390 0.0000000801
1391 0.0000000800
1392 0.0000000799
1393 0.0000000799
1394 0.0000000798
1395 0.0000000798
1396 0.0000000797
1397 0.0000000797
1398 0.0000000796
1399 0.0000000795
1400 0.0000000795
1401 0.0000000794
1402 0.0000000794
1403 0.0000000793
1404 0.0000000793
1405 0.0000000792
1406 0.0000000791
1407 0.0000000791
1408 0.0000000790
1409 0.0000000790
1410 0.0000000789
1411 0.0000000789
1412 0.0000000788
1413 0.0000000788
1414 0.0000000787
1415 0.0000000786
1416 0.0000000786
1417 0.0000000785
1418 0.0000000785
1419 0.0000000784
1420 0.0000000784
1421 0.0000000783
1422 0.0000000782
1423 0.0000000782
1424 0.0000000781
1425 0.0000000781
1426 0.0000000780
1427 0.0000000780
1428 0.0000000779
1429 0.0000000779
1430 0.0000000778
1431 0.0000000778
1432 0.0000000777
1433 0.0000000776
1434 0.0000000776
1435 0.0000000775
1436 0.0000000775
1437 0.0000000774
1438 0.0000000774
1439 0.0000000773
1440 0.0000000773
1441 0.0000000772
1442 0.0000000772
1443 0.0000000771
1444 0.0000000770
1445 0.0000000770
1446 0.0000000769
1447 0.0000000769
1448 0.0000000768
1449 0.0000000768
1450 0.0000000767
1451 0.0000000767
1452 0.0000000766
1453 0.0000000766
1454 0.0000000765
1455 0.0000000765
1456 0.0000000764
1457 0.0000000764
1458 0.0000000763
1459 0.0000000763
1460 0.0000000762
1461 0.0000000761
1462 0.0000000761
1463 0.0000000760
1464 0.0000000760
1465 0.0000000759
1466 0.0000000759
1467 0.0000000758
1468 0.0000000758
1469 0.0000000757
1470 0.0000000757
1471 0.0000000756
1472 0.0000000756
1473 0.0000000755
1474 0.0000000755
1475 0.0000000754
1476 0.0000000754
1477 0.0000000753
1478 0.0000000753
1479 0.0000000752
1480 0.0000000752
1481 0.0000000751
1482 0.0000000751
1483 0.0000000750
1484 0.0000000750
1485 0.0000000749
1486 0.0000000749
1487 0.0000000748
1488 0.0000000748
1489 0.0000000747
1490 0.0000000746
1491 0.0000000746
1492 0.0000000745
1493 0.0000000745
1494 0.0000000744
1495 0.0000000744
1496 0.0000000743
1497 0.0000000743
1498 0.0000000742
1499 0.0000000742
1500 0.0000000741
1501 0.0000000741
1502 0.0000000740
1503 0.0000000740
1504 0.0000000739
1505 0.0000000739
1506 0.0000000738
1507 0.0000000738
1508 0.0000000737
1509 0.0000000737
1510 0.0000000737
1511 0.0000000736
1512 0.0000000736
1513 0.0000000735
1514 0.0000000735
1515 0.0000000734
1516 0.0000000734
1517 0.0000000733
1518 0.0000000733
1519 0.0000000732
1520 0.0000000732
1521 0.0000000731
1522 0.0000000731
1523 0.0000000730
1524 0.0000000730
1525 0.0000000729
1526 0.0000000729
1527 0.0000000728
1528 0.0000000728
1529 0.0000000727
1530 0.0000000727
1531 0.0000000726
1532 0.0000000726
1533 0.0000000725
1534 0.0000000725
1535 0.0000000724
1536 0.0000000724
1537 0.0000000723
1538 0.0000000723
1539 0.0000000722
1540 0.0000000722
1541 0.0000000722
1542 0.0000000721
1543 0.0000000721
1544 0.0000000720
1545 0.0000000720
1546 0.0000000719
1547 0.0000000719
1548 0.0000000718
1549 0.0000000718
1550 0.0000000717
1551 0.0000000717
1552 0.0000000716
1553 0.0000000716
1554 0.0000000715
1555 0.0000000715
1556 0.0000000714
1557 0.0000000714
1558 0.0000000714
1559 0.0000000713
1560 0.0000000713
1561 0.0000000712
1562 0.0000000712
1563 0.0000000711
1564 0.0000000711
1565 0.0000000710
1566 0.0000000710
1567 0.0000000709
1568 0.0000000709
1569 0.0000000708
1570 0.0000000708
1571 0.0000000708
1572 0.0000000707
1573 0.0000000707
1574 0.0000000706
1575 0.0000000706
1576 0.0000000705
1577 0.0000000705
1578 0.0000000704
1579 0.0000000704
1580 0.0000000703
1581 0.0000000703
1582 0.0000000703
1583 0.0000000702
1584 0.0000000702
1585 0.0000000701
1586 0.0000000701
1587 0.0000000700
1588 0.0000000700
1589 0.0000000699
1590 0.0000000699
1591 0.0000000699
1592 0.0000000698
1593 0.0000000698
1594 0.0000000697
1595 0.0000000697
1596 0.0000000696
1597 0.0000000696
1598 0.0000000695
1599 0.0000000695
1600 0.0000000695
1601 0.0000000694
1602 0.0000000694
1603 0.0000000693
1604 0.0000000693
1605 0.0000000692
1606 0.0000000692
1607 0.0000000691
1608 0.0000000691
1609 0.0000000691
1610 0.0000000690
1611 0.0000000690
1612 0.0000000689
1613 0.0000000689
1614 0.0000000688
1615 0.0000000688
1616 0.0000000688
1617 0.0000000687
1618 0.0000000687
1619 0.0000000686
1620 0.0000000686
1621 0.0000000685
1622 0.0000000685
1623 0.0000000685
1624 0.0000000684
1625 0.0000000684
1626 0.0000000683
1627 0.0000000683
1628 0.0000000682
1629 0.0000000682
1630 0.0000000682
1631 0.0000000681
1632 0.0000000681
1633 0.0000000680
1634 0.0000000680
1635 0.0000000679
1636 0.0000000679
1637 0.0000000679
1638 0.0000000678
1639 0.0000000678
1640 0.0000000677
1641 0.0000000677
1642 0.0000000676
1643 0.0000000676
1644 0.0000000676
1645 0.0000000675
1646 0.0000000675
1647 0.0000000674
1648 0.0000000674
1649 0.0000000674
1650 0.0000000673
1651 0.0000000673
1652 0.0000000672
1653 0.0000000672
1654 0.0000000671
1655 0.0000000671
1656 0.0000000671
1657 0.0000000670
1658 0.0000000670
1659 0.0000000669
1660 0.0000000669
1661 0.0000000669
1662 0.0000000668
1663 0.0000000668
1664 0.0000000667
1665 0.0000000667
1666 0.0000000666
1667 0.0000000666
1668 0.0000000666
1669 0.0000000665
1670 0.0000000665
1671 0.0000000664
1672 0.0000000664
1673 0.0000000664
1674 0.0000000663
1675 0.0000000663
1676 0.0000000662
1677 0.0000000662
1678 0.0000000662
1679 0.0000000661
1680 0.0000000661
1681 0.0000000660
1682 0.0000000660
1683 0.0000000660
1684 0.0000000659
1685 0.0000000659
1686 0.0000000658
1687 0.0000000658
1688 0.0000000658
1689 0.0000000657
1690 0.0000000657
1691 0.0000000656
1692 0.0000000656
1693 0.0000000656
1694 0.0000000655
1695 0.0000000655
1696 0.0000000654
1697 0.0000000654
1698 0.0000000654
1699 0.0000000653
1700 0.0000000653
1701 0.0000000652
1702 0.0000000652
1703 0.0000000652
1704 0.0000000651
1705 0.0000000651
1706 0.0000000650
1707 0.0000000650
1708 0.0000000650
1709 0.0000000649
1710 0.0000000649
1711 0.0000000648
1712 0.0000000648
1713 0.0000000648
1714 0.0000000647
1715 0.0000000647
1716 0.0000000646
1717 0.0000000646
1718 0.0000000646
1719 0.0000000645
1720 0.0000000645
1721 0.0000000645
1722 0.0000000644
1723 0.0000000644
1724 0.0000000643
1725 0.0000000643
1726 0.0000000643
1727 0.0000000642
1728 0.0000000642
1729 0.0000000641
1730 0.0000000641
1731 0.0000000641
1732 0.0000000640
1733 0.0000000640
1734 0.0000000640
1735 0.0000000639
1736 0.0000000639
1737 0.0000000638
1738 0.0000000638
1739 0.0000000638
1740 0.0000000637
1741 0.0000000637
1742 0.0000000636
1743 0.0000000636
1744 0.0000000636
1745 0.0000000635
1746 0.0000000635
1747 0.0000000635
1748 0.0000000634
1749 0.0000000634
1750 0.0000000633
1751 0.0000000633
1752 0.0000000633
1753 0.0000000632
1754 0.0000000632
1755 0.0000000632
1756 0.0000000631
1757 0.0000000631
1758 0.0000000630
1759 0.0000000630
1760 0.0000000630
1761 0.0000000629
1762 0.0000000629
1763 0.0000000629
1764 0.0000000628
1765 0.0000000628
1766 0.0000000627
1767 0.0000000627
1768 0.0000000627
1769 0.0000000626
1770 0.0000000626
1771 0.0000000626
1772 0.0000000625
1773 0.0000000625
1774 0.0000000624
1775 0.0000000624
1776 0.0000000624
1777 0.0000000623
1778 0.0000000623
1779 0.0000000623
1780 0.0000000622
1781 0.0000000622
1782 0.0000000621
1783 0.0000000621
1784 0.0000000621
1785 0.0000000620
1786 0.0000000620
1787 0.0000000620
1788 0.0000000619
1789 0.0000000619
1790 0.0000000618
1791 0.0000000618
1792 0.0000000618
1793 0.0000000617
1794 0.0000000617
1795 0.0000000617
1796 0.0000000616
1797 0.0000000616
1798 0.0000000616
1799 0.0000000615
1800 0.0000000615
1801 0.0000000614
1802 0.0000000614
1803 0.0000000614
1804 0.0000000613
1805 0.0000000613
1806 0.0000000613
1807 0.0000000612
1808 0.0000000612
1809 0.0000000612
1810 0.0000000611
1811 0.0000000611
1812 0.0000000610
1813 0.0000000610
1814 0.0000000610
1815 0.0000000609
1816 0.0000000609
1817 0.0000000609
1818 0.0000000608
1819 0.0000000608
1820 0.0000000608
1821 0.0000000607
1822 0.0000000607
1823 0.0000000606
1824 0.0000000606
1825 0.0000000606
1826 0.0000000605
1827 0.0000000605
1828 0.0000000605
1829 0.0000000604
1830 0.0000000604
1831 0.0000000604
1832 0.0000000603
1833 0.0000000603
1834 0.0000000602
1835 0.0000000602
1836 0.0000000602
1837 0.0000000601
1838 0.0000000601
1839 0.0000000601
1840 0.0000000600
1841 0.0000000600
1842 0.0000000600
1843 0.0000000599
1844 0.0000000599
1845 0.0000000598
1846 0.0000000598
1847 0.0000000598
1848 0.0000000597
1849 0.0000000597
1850 0.0000000597
1851 0.0000000596
1852 0.0000000596
1853 0.0000000595
1854 0.0000000595
1855 0.0000000595
1856 0.0000000594
1857 0.0000000594
1858 0.0000000594
1859 0.0000000593
1860 0.0000000593
1861 0.0000000593
1862 0.0000000592
1863 0.0000000592
1864 0.0000000591
1865 0.0000000591
1866 0.0000000591
1867 0.0000000590
1868 0.0000000590
1869 0.0000000590
1870 0.0000000589
1871 0.0000000589
1872 0.0000000589
1873 0.0000000588
1874 0.0000000588
1875 0.0000000587
1876 0.0000000587
1877 0.0000000587
1878 0.0000000586
1879 0.0000000586
1880 0.0000000586
1881 0.0000000585
1882 0.0000000585
1883 0.0000000584
1884 0.0000000584
1885 0.0000000584
1886 0.0000000583
1887 0.0000000583
1888 0.0000000583
1889 0.0000000582
1890 0.0000000582
1891 0.0000000581
1892 0.0000000581
1893 0.0000000581
1894 0.0000000580
1895 0.0000000580
1896 0.0000000580
1897 0.0000000579
1898 0.0000000579
1899 0.0000000578
1900 0.0000000578
1901 0.0000000578
1902 0.0000000577
1903 0.0000000577
1904 0.0000000577
1905 0.0000000576
1906 0.0000000576
1907 0.0000000575
1908 0.0000000575
1909 0.0000000575
1910 0.0000000574
1911 0.0000000574
1912 0.0000000573
1913 0.0000000573
1914 0.0000000573
1915 0.0000000572
1916 0.0000000572
1917 0.0000000571
1918 0.0000000571
1919 0.0000000571
1920 0.0000000570
1921 0.0000000570
1922 0.0000000569
1923 0.0000000569
1924 0.0000000569
1925 0.0000000568
1926 0.0000000568
1927 0.0000000567
1928 0.0000000567
1929 0.0000000567
1930 0.0000000566
1931 0.0000000566
1932 0.0000000565
1933 0.0000000565
1934 0.0000000565
1935 0.0000000564
1936 0.0000000564
1937 0.0000000563
1938 0.0000000563
1939 0.0000000562
1940 0.0000000562
1941 0.0000000562
1942 0.0000000561
1943 0.0000000561
1944 0.0000000560
1945 0.0000000560
1946 0.0000000559
1947 0.0000000559
1948 0.0000000558
1949 0.0000000558
1950 0.0000000557
1951 0.0000000557
1952 0.0000000557
1953 0.0000000556
1954 0.0000000556
1955 0.0000000555
1956 0.0000000555
1957 0.0000000554
1958 0.0000000554
1959 0.0000000553
1960 0.0000000553
1961 0.0000000552
1962 0.0000000552
1963 0.0000000551
1964 0.0000000551
1965 0.0000000550
1966 0.0000000550
1967 0.0000000549
1968 0.0000000549
1969 0.0000000548
1970 0.0000000547
1971 0.0000000547
1972 0.0000000546
1973 0.0000000546
1974 0.0000000545
1975 0.0000000544
1976 0.0000000544
1977 0.0000000543
1978 0.0000000542
1979 0.0000000542
1980 0.0000000541
1981 0.0000000540
1982 0.0000000540
1983 0.0000000539
1984 0.0000000538
1985 0.0000000537
1986 0.0000000536
1987 0.0000000535
1988 0.0000000534
1989 0.0000000533
1990 0.0000000532
1991 0.0000000530
1992 0.0000000528
1993 0.0000000526
1994 0.0000000523
1995 0.0000000520
1996 0.0000000515
1997 0.0000000507
1998 0.0000000492
1999 0.0000000438
2000 0.0000000000
