0 382
0 0.9776176037
1 0.0066504872
2 0.0021253389
3 0.0012702438
4 0.0008081641
5 0.0005725703
6 0.0004404149
7 0.0003581075
8 0.0003028483
9 0.0002635435
10 0.0002341790
11 0.0002113062
12 0.0001928729
13 0.0001776117
14 0.0001647084
15 0.0001536182
16 0.0001439618
17 0.0001354654
18 0.0001279250
19 0.0001211842
20 0.0001151204
21 0.0001096356
22 0.0001046503
23 0.0001000989
24 0.0000959273
25 0.0000920895
26 0.0000885472
27 0.0000852674
28 0.0000822220
29 0.0000793866
30 0.0000767402
31 0.0000742647
32 0.0000719438
33 0.0000697637
34 0.0000677117
35 0.0000657770
36 0.0000639498
37 0.0000622213
38 0.0000605838
39 0.0000590303
40 0.0000575545
41 0.0000561506
42 0.0000548136
43 0.0000535388
44 0.0000523219
45 0.0000511591
46 0.0000500469
47 0.0000489820
48 0.0000479614
49 0.0000469826
50 0.0000460428
51 0.0000451400
52 0.0000442718
53 0.0000434364
54 0.0000426320
55 0.0000418568
56 0.0000411093
57 0.0000403880
58 0.0000396916
59 0.0000390188
60 0.0000383684
61 0.0000377393
62 0.0000371306
63 0.0000365412
64 0.0000359701
65 0.0000354167
66 0.0000348800
67 0.0000343594
68 0.0000338540
69 0.0000333633
70 0.0000328866
71 0.0000324234
72 0.0000319730
73 0.0000315350
74 0.0000311088
75 0.0000306939
76 0.0000302900
77 0.0000298966
78 0.0000295132
79 0.0000291396
80 0.0000287753
81 0.0000284200
82 0.0000280734
83 0.0000277351
84 0.0000274049
85 0.0000270824
86 0.0000267674
87 0.0000264597
88 0.0000261590
89 0.0000258650
90 0.0000255776
91 0.0000252965
92 0.0000250215
93 0.0000247524
94 0.0000244890
95 0.0000242312
96 0.0000239787
97 0.0000237315
98 0.0000234893
99 0.0000232520
100 0.0000230194
101 0.0000227914
102 0.0000225679
103 0.0000223488
104 0.0000221338
105 0.0000219230
106 0.0000217162
107 0.0000215131
108 0.0000213139
109 0.0000211183
110 0.0000209263
111 0.0000207377
112 0.0000205525
113 0.0000203706
114 0.0000201919
115 0.0000200163
116 0.0000198437
117 0.0000196740
118 0.0000195072
119 0.0000193433
120 0.0000191820
121 0.0000190235
122 0.0000188675
123 0.0000187141
124 0.0000185631
125 0.0000184146
126 0.0000182684
127 0.0000181245
128 0.0000179829
129 0.0000178434
130 0.0000177061
131 0.0000175709
132 0.0000174378
133 0.0000173066
134 0.0000171774
135 0.0000170502
136 0.0000169248
137 0.0000168012
138 0.0000166794
139 0.0000165594
140 0.0000164410
141 0.0000163244
142 0.0000162094
143 0.0000160960
144 0.0000159842
145 0.0000158739
146 0.0000157652
147 0.0000156579
148 0.0000155520
149 0.0000154476
150 0.0000153446
151 0.0000152430
152 0.0000151426
153 0.0000150436
154 0.0000149459
155 0.0000148494
156 0.0000147542
157 0.0000146602
158 0.0000145674
159 0.0000144757
160 0.0000143852
161 0.0000142958
162 0.0000142076
163 0.0000141204
164 0.0000140342
165 0.0000139491
166 0.0000138651
167 0.0000137820
168 0.0000136999
169 0.0000136188
170 0.0000135387
171 0.0000134595
172 0.0000133812
173 0.0000133038
174 0.0000132273
175 0.0000131517
176 0.0000130769
177 0.0000130030
178 0.0000129299
179 0.0000128577
180 0.0000127862
181 0.0000127155
182 0.0000126456
183 0.0000125765
184 0.0000125081
185 0.0000124405
186 0.0000123735
187 0.0000123073
188 0.0000122418
189 0.0000121770
190 0.0000121129
191 0.0000120495
192 0.0000119867
193 0.0000119245
194 0.0000118630
195 0.0000118022
196 0.0000117419
197 0.0000116823
198 0.0000116232
199 0.0000115648
200 0.0000115069
201 0.0000114496
202 0.0000113929
203 0.0000113368
204 0.0000112812
205 0.0000112261
206 0.0000111716
207 0.0000111176
208 0.0000110641
209 0.0000110111
210 0.0000109586
211 0.0000109067
212 0.0000108552
213 0.0000108042
214 0.0000107537
215 0.0000107036
216 0.0000106540
217 0.0000106049
218 0.0000105562
219 0.0000105080
220 0.0000104602
221 0.0000104128
222 0.0000103659
223 0.0000103194
224 0.0000102733
225 0.0000102276
226 0.0000101823
227 0.0000101374
228 0.0000100929
229 0.0000100488
230 0.0000100051
231 0.0000099617
232 0.0000099187
233 0.0000098761
234 0.0000098339
235 0.0000097920
236 0.0000097505
237 0.0000097093
238 0.0000096685
239 0.0000096280
240 0.0000095878
241 0.0000095480
242 0.0000095085
243 0.0000094694
244 0.0000094305
245 0.0000093920
246 0.0000093538
247 0.0000093159
248 0.0000092783
249 0.0000092410
250 0.0000092040
251 0.0000091673
252 0.0000091309
253 0.0000090947
254 0.0000090589
255 0.0000090233
256 0.0000089880
257 0.0000089530
258 0.0000089183
259 0.0000088838
260 0.0000088496
261 0.0000088157
262 0.0000087820
263 0.0000087486
264 0.0000087154
265 0.0000086825
266 0.0000086498
267 0.0000086174
268 0.0000085852
269 0.0000085532
270 0.0000085215
271 0.0000084900
272 0.0000084588
273 0.0000084277
274 0.0000083970
275 0.0000083664
276 0.0000083360
277 0.0000083059
278 0.0000082760
279 0.0000082463
280 0.0000082168
281 0.0000081875
282 0.0000081584
283 0.0000081296
284 0.0000081009
285 0.0000080725
286 0.0000080442
287 0.0000080161
288 0.0000079883
289 0.0000079606
290 0.0000079331
291 0.0000079058
292 0.0000078787
293 0.0000078517
294 0.0000078250
295 0.0000077984
296 0.0000077720
297 0.0000077458
298 0.0000077198
299 0.0000076940
300 0.0000076683
301 0.0000076427
302 0.0000076174
303 0.0000075922
304 0.0000075672
305 0.0000075424
306 0.0000075177
307 0.0000074931
308 0.0000074688
309 0.0000074446
310 0.0000074205
311 0.0000073966
312 0.0000073728
313 0.0000073493
314 0.0000073258
315 0.0000073025
316 0.0000072794
317 0.0000072564
318 0.0000072335
319 0.0000072108
320 0.0000071882
321 0.0000071658
322 0.0000071435
323 0.0000071213
324 0.0000070993
325 0.0000070774
326 0.0000070556
327 0.0000070340
328 0.0000070125
329 0.0000069912
330 0.0000069699
331 0.0000069488
332 0.0000069279
333 0.0000069070
334 0.0000068863
335 0.0000068657
336 0.0000068452
337 0.0000068249
338 0.0000068046
339 0.0000067845
340 0.0000067645
341 0.0000067446
342 0.0000067249
343 0.0000067052
344 0.0000066857
345 0.0000066662
346 0.0000066469
347 0.0000066277
348 0.0000066086
349 0.0000065896
350 0.0000065708
351 0.0000065520
352 0.0000065333
353 0.0000065148
354 0.0000064963
355 0.0000064780
356 0.0000064597
357 0.0000064416
358 0.0000064236
359 0.0000064056
360 0.0000063878
361 0.0000063700
362 0.0000063524
363 0.0000063348
364 0.0000063174
365 0.0000063000
366 0.0000062827
367 0.0000062656
368 0.0000062485
369 0.0000062315
370 0.0000062146
371 0.0000061978
372 0.0000061811
373 0.0000061645
374 0.0000061479
375 0.0000061315
376 0.0000061151
377 0.0000060988
378 0.0000060826
379 0.0000060665
380 0.0000060505
381 0.0000060346
382 0.0000060187
