0 900
0 0.9766569347
1 0.0073544007
2 0.0028574528
3 0.0018832171
4 0.0013022554
5 0.0009642163
6 0.0007476067
7 0.0005971312
8 0.0004873922
9 0.0004047089
10 0.0003408213
11 0.0002904372
12 0.0002500302
13 0.0002171704
14 0.0001901334
15 0.0001676632
16 0.0001488251
17 0.0001329104
18 0.0001193732
19 0.0001077872
20 0.0000978155
21 0.0000891889
22 0.0000816906
23 0.0000751438
24 0.0000694041
25 0.0000643520
26 0.0000598885
27 0.0000559309
28 0.0000524097
29 0.0000492663
30 0.0000464512
31 0.0000439222
32 0.0000416432
33 0.0000395835
34 0.0000377164
35 0.0000360192
36 0.0000344721
37 0.0000330579
38 0.0000317617
39 0.0000305706
40 0.0000294732
41 0.0000284596
42 0.0000275211
43 0.0000266501
44 0.0000258397
45 0.0000250840
46 0.0000243779
47 0.0000237165
48 0.0000230958
49 0.0000225121
50 0.0000219620
51 0.0000214428
52 0.0000209517
53 0.0000204864
54 0.0000200448
55 0.0000196251
56 0.0000192255
57 0.0000188444
58 0.0000184806
59 0.0000181327
60 0.0000177997
61 0.0000174804
62 0.0000171740
63 0.0000168797
64 0.0000165965
65 0.0000163239
66 0.0000160612
67 0.0000158078
68 0.0000155631
69 0.0000153266
70 0.0000150980
71 0.0000148767
72 0.0000146623
73 0.0000144546
74 0.0000142531
75 0.0000140576
76 0.0000138677
77 0.0000136832
78 0.0000135039
79 0.0000133295
80 0.0000131598
81 0.0000129946
82 0.0000128336
83 0.0000126768
84 0.0000125239
85 0.0000123748
86 0.0000122293
87 0.0000120873
88 0.0000119487
89 0.0000118134
90 0.0000116811
91 0.0000115518
92 0.0000114255
93 0.0000113019
94 0.0000111810
95 0.0000110628
96 0.0000109470
97 0.0000108337
98 0.0000107228
99 0.0000106141
100 0.0000105076
101 0.0000104033
102 0.0000103010
103 0.0000102008
104 0.0000101025
105 0.0000100061
106 0.0000099115
107 0.0000098187
108 0.0000097277
109 0.0000096383
110 0.0000095506
111 0.0000094644
112 0.0000093798
113 0.0000092967
114 0.0000092151
115 0.0000091349
116 0.0000090561
117 0.0000089786
118 0.0000089025
119 0.0000088277
120 0.0000087540
121 0.0000086817
122 0.0000086105
123 0.0000085404
124 0.0000084715
125 0.0000084037
126 0.0000083370
127 0.0000082714
128 0.0000082067
129 0.0000081431
130 0.0000080804
131 0.0000080187
132 0.0000079580
133 0.0000078981
134 0.0000078392
135 0.0000077811
136 0.0000077239
137 0.0000076675
138 0.0000076119
139 0.0000075571
140 0.0000075031
141 0.0000074499
142 0.0000073974
143 0.0000073457
144 0.0000072947
145 0.0000072444
146 0.0000071947
147 0.0000071458
148 0.0000070975
149 0.0000070498
150 0.0000070028
151 0.0000069565
152 0.0000069107
153 0.0000068655
154 0.0000068209
155 0.0000067769
156 0.0000067335
157 0.0000066906
158 0.0000066482
159 0.0000066064
160 0.0000065651
161 0.0000065243
162 0.0000064840
163 0.0000064443
164 0.0000064050
165 0.0000063661
166 0.0000063278
167 0.0000062899
168 0.0000062524
169 0.0000062154
170 0.0000061789
171 0.0000061427
172 0.0000061070
173 0.0000060717
174 0.0000060368
175 0.0000060023
176 0.0000059682
177 0.0000059345
178 0.0000059011
179 0.0000058682
180 0.0000058356
181 0.0000058033
182 0.0000057714
183 0.0000057399
184 0.0000057087
185 0.0000056778
186 0.0000056473
187 0.0000056171
188 0.0000055872
189 0.0000055576
190 0.0000055284
191 0.0000054994
192 0.0000054708
193 0.0000054424
194 0.0000054144
195 0.0000053866
196 0.0000053591
197 0.0000053319
198 0.0000053050
199 0.0000052783
200 0.0000052519
201 0.0000052258
202 0.0000051999
203 0.0000051743
204 0.0000051489
205 0.0000051238
206 0.0000050989
207 0.0000050743
208 0.0000050499
209 0.0000050257
210 0.0000050018
211 0.0000049781
212 0.0000049546
213 0.0000049313
214 0.0000049083
215 0.0000048854
216 0.0000048628
217 0.0000048404
218 0.0000048182
219 0.0000047962
220 0.0000047744
221 0.0000047528
222 0.0000047314
223 0.0000047101
224 0.0000046891
225 0.0000046683
226 0.0000046476
227 0.0000046271
228 0.0000046068
229 0.0000045867
230 0.0000045668
231 0.0000045470
232 0.0000045274
233 0.0000045079
234 0.0000044887
235 0.0000044696
236 0.0000044506
237 0.0000044318
238 0.0000044132
239 0.0000043947
240 0.0000043764
241 0.0000043583
242 0.0000043403
243 0.0000043224
244 0.0000043047
245 0.0000042871
246 0.0000042697
247 0.0000042524
248 0.0000042352
249 0.0000042182
250 0.0000042013
251 0.0000041846
252 0.0000041680
253 0.0000041515
254 0.0000041352
255 0.0000041189
256 0.0000041028
257 0.0000040869
258 0.0000040710
259 0.0000040553
260 0.0000040397
261 0.0000040242
262 0.0000040089
263 0.0000039936
264 0.0000039785
265 0.0000039635
266 0.0000039486
267 0.0000039338
268 0.0000039191
269 0.0000039045
270 0.0000038900
271 0.0000038757
272 0.0000038614
273 0.0000038473
274 0.0000038332
275 0.0000038193
276 0.0000038055
277 0.0000037917
278 0.0000037781
279 0.0000037645
280 0.0000037511
281 0.0000037377
282 0.0000037245
283 0.0000037113
284 0.0000036982
285 0.0000036853
286 0.0000036724
287 0.0000036596
288 0.0000036468
289 0.0000036342
290 0.0000036217
291 0.0000036092
292 0.0000035969
293 0.0000035846
294 0.0000035724
295 0.0000035603
296 0.0000035483
297 0.0000035363
298 0.0000035244
299 0.0000035126
300 0.0000035009
301 0.0000034893
302 0.0000034777
303 0.0000034663
304 0.0000034549
305 0.0000034435
306 0.0000034323
307 0.0000034211
308 0.0000034100
309 0.0000033989
310 0.0000033880
311 0.0000033771
312 0.0000033662
313 0.0000033555
314 0.0000033448
315 0.0000033342
316 0.0000033236
317 0.0000033131
318 0.0000033027
319 0.0000032923
320 0.0000032821
321 0.0000032718
322 0.0000032617
323 0.0000032516
324 0.0000032415
325 0.0000032315
326 0.0000032216
327 0.0000032118
328 0.0000032020
329 0.0000031922
330 0.0000031826
331 0.0000031729
332 0.0000031634
333 0.0000031539
334 0.0000031444
335 0.0000031350
336 0.0000031257
337 0.0000031164
338 0.0000031072
339 0.0000030980
340 0.0000030889
341 0.0000030799
342 0.0000030709
343 0.0000030619
344 0.0000030530
345 0.0000030441
346 0.0000030353
347 0.0000030266
348 0.0000030179
349 0.0000030092
350 0.0000030006
351 0.0000029921
352 0.0000029836
353 0.0000029751
354 0.0000029667
355 0.0000029584
356 0.0000029500
357 0.0000029418
358 0.0000029336
359 0.0000029254
360 0.0000029172
361 0.0000029092
362 0.0000029011
363 0.0000028931
364 0.0000028852
365 0.0000028773
366 0.0000028694
367 0.0000028616
368 0.0000028538
369 0.0000028461
370 0.0000028384
371 0.0000028307
372 0.0000028231
373 0.0000028155
374 0.0000028080
375 0.0000028005
376 0.0000027931
377 0.0000027856
378 0.0000027783
379 0.0000027709
380 0.0000027636
381 0.0000027564
382 0.0000027492
383 0.0000027420
384 0.0000027348
385 0.0000027277
386 0.0000027207
387 0.0000027136
388 0.0000027066
389 0.0000026997
390 0.0000026927
391 0.0000026859
392 0.0000026790
393 0.0000026722
394 0.0000026654
395 0.0000026586
396 0.0000026519
397 0.0000026452
398 0.0000026386
399 0.0000026320
400 0.0000026254
401 0.0000026188
402 0.0000026123
403 0.0000026058
404 0.0000025994
405 0.0000025930
406 0.0000025866
407 0.0000025802
408 0.0000025739
409 0.0000025676
410 0.0000025613
411 0.0000025551
412 0.0000025489
413 0.0000025427
414 0.0000025366
415 0.0000025304
416 0.0000025244
417 0.0000025183
418 0.0000025123
419 0.0000025063
420 0.0000025003
421 0.0000024944
422 0.0000024884
423 0.0000024826
424 0.0000024767
425 0.0000024709
426 0.0000024651
427 0.0000024593
428 0.0000024535
429 0.0000024478
430 0.0000024421
431 0.0000024365
432 0.0000024308
433 0.0000024252
434 0.0000024196
435 0.0000024140
436 0.0000024085
437 0.0000024030
438 0.0000023975
439 0.0000023920
440 0.0000023866
441 0.0000023812
442 0.0000023758
443 0.0000023704
444 0.0000023651
445 0.0000023598
446 0.0000023545
447 0.0000023492
448 0.0000023439
449 0.0000023387
450 0.0000023335
451 0.0000023283
452 0.0000023232
453 0.0000023181
454 0.0000023129
455 0.0000023079
456 0.0000023028
457 0.0000022978
458 0.0000022927
459 0.0000022877
460 0.0000022828
461 0.0000022778
462 0.0000022729
463 0.0000022680
464 0.0000022631
465 0.0000022582
466 0.0000022533
467 0.0000022485
468 0.0000022437
469 0.0000022389
470 0.0000022342
471 0.0000022294
472 0.0000022247
473 0.0000022200
474 0.0000022153
475 0.0000022106
476 0.0000022060
477 0.0000022013
478 0.0000021967
479 0.0000021921
480 0.0000021876
481 0.0000021830
482 0.0000021785
483 0.0000021740
484 0.0000021695
485 0.0000021650
486 0.0000021605
487 0.0000021561
488 0.0000021517
489 0.0000021473
490 0.0000021429
491 0.0000021385
492 0.0000021342
493 0.0000021298
494 0.0000021255
495 0.0000021212
496 0.0000021170
497 0.0000021127
498 0.0000021084
499 0.0000021042
500 0.0000021000
501 0.0000020958
502 0.0000020916
503 0.0000020875
504 0.0000020833
505 0.0000020792
506 0.0000020751
507 0.0000020710
508 0.0000020669
509 0.0000020628
510 0.0000020588
511 0.0000020548
512 0.0000020507
513 0.0000020467
514 0.0000020428
515 0.0000020388
516 0.0000020348
517 0.0000020309
518 0.0000020270
519 0.0000020231
520 0.0000020192
521 0.0000020153
522 0.0000020114
523 0.0000020076
524 0.0000020037
525 0.0000019999
526 0.0000019961
527 0.0000019923
528 0.0000019886
529 0.0000019848
530 0.0000019810
531 0.0000019773
532 0.0000019736
533 0.0000019699
534 0.0000019662
535 0.0000019625
536 0.0000019588
537 0.0000019552
538 0.0000019516
539 0.0000019479
540 0.0000019443
541 0.0000019407
542 0.0000019371
543 0.0000019336
544 0.0000019300
545 0.0000019265
546 0.0000019229
547 0.0000019194
548 0.0000019159
549 0.0000019124
550 0.0000019089
551 0.0000019055
552 0.0000019020
553 0.0000018986
554 0.0000018951
555 0.0000018917
556 0.0000018883
557 0.0000018849
558 0.0000018815
559 0.0000018782
560 0.0000018748
561 0.0000018715
562 0.0000018681
563 0.0000018648
564 0.0000018615
565 0.0000018582
566 0.0000018549
567 0.0000018516
568 0.0000018484
569 0.0000018451
570 0.0000018419
571 0.0000018386
572 0.0000018354
573 0.0000018322
574 0.0000018290
575 0.0000018258
576 0.0000018227
577 0.0000018195
578 0.0000018164
579 0.0000018132
580 0.0000018101
581 0.0000018070
582 0.0000018039
583 0.0000018008
584 0.0000017977
585 0.0000017946
586 0.0000017915
587 0.0000017885
588 0.0000017854
589 0.0000017824
590 0.0000017794
591 0.0000017764
592 0.0000017734
593 0.0000017704
594 0.0000017674
595 0.0000017644
596 0.0000017614
597 0.0000017585
598 0.0000017555
599 0.0000017526
600 0.0000017497
601 0.0000017468
602 0.0000017439
603 0.0000017410
604 0.0000017381
605 0.0000017352
606 0.0000017323
607 0.0000017295
608 0.0000017266
609 0.0000017238
610 0.0000017210
611 0.0000017181
612 0.0000017153
613 0.0000017125
614 0.0000017097
615 0.0000017069
616 0.0000017042
617 0.0000017014
618 0.0000016986
619 0.0000016959
620 0.0000016932
621 0.0000016904
622 0.0000016877
623 0.0000016850
624 0.0000016823
625 0.0000016796
626 0.0000016769
627 0.0000016742
628 0.0000016716
629 0.0000016689
630 0.0000016663
631 0.0000016636
632 0.0000016610
633 0.0000016583
634 0.0000016557
635 0.0000016531
636 0.0000016505
637 0.0000016479
638 0.0000016453
639 0.0000016428
640 0.0000016402
641 0.0000016376
642 0.0000016351
643 0.0000016325
644 0.0000016300
645 0.0000016274
646 0.0000016249
647 0.0000016224
648 0.0000016199
649 0.0000016174
650 0.0000016149
651 0.0000016124
652 0.0000016099
653 0.0000016075
654 0.0000016050
655 0.0000016026
656 0.0000016001
657 0.0000015977
658 0.0000015952
659 0.0000015928
660 0.0000015904
661 0.0000015880
662 0.0000015856
663 0.0000015832
664 0.0000015808
665 0.0000015784
666 0.0000015760
667 0.0000015737
668 0.0000015713
669 0.0000015690
670 0.0000015666
671 0.0000015643
672 0.0000015619
673 0.0000015596
674 0.0000015573
675 0.0000015550
676 0.0000015527
677 0.0000015504
678 0.0000015481
679 0.0000015458
680 0.0000015435
681 0.0000015413
682 0.0000015390
683 0.0000015367
684 0.0000015345
685 0.0000015323
686 0.0000015300
687 0.0000015278
688 0.0000015256
689 0.0000015233
690 0.0000015211
691 0.0000015189
692 0.0000015167
693 0.0000015145
694 0.0000015123
695 0.0000015102
696 0.0000015080
697 0.0000015058
698 0.0000015037
699 0.0000015015
700 0.0000014994
701 0.0000014972
702 0.0000014951
703 0.0000014929
704 0.0000014908
705 0.0000014887
706 0.0000014866
707 0.0000014845
708 0.0000014824
709 0.0000014803
710 0.0000014782
711 0.0000014761
712 0.0000014740
713 0.0000014720
714 0.0000014699
715 0.0000014678
716 0.0000014658
717 0.0000014637
718 0.0000014617
719 0.0000014597
720 0.0000014576
721 0.0000014556
722 0.0000014536
723 0.0000014516
724 0.0000014496
725 0.0000014475
726 0.0000014455
727 0.0000014436
728 0.0000014416
729 0.0000014396
730 0.0000014376
731 0.0000014356
732 0.0000014337
733 0.0000014317
734 0.0000014298
735 0.0000014278
736 0.0000014259
737 0.0000014239
738 0.0000014220
739 0.0000014201
740 0.0000014181
741 0.0000014162
742 0.0000014143
743 0.0000014124
744 0.0000014105
745 0.0000014086
746 0.0000014067
747 0.0000014048
748 0.0000014029
749 0.0000014011
750 0.0000013992
751 0.0000013973
752 0.0000013954
753 0.0000013936
754 0.0000013917
755 0.0000013899
756 0.0000013880
757 0.0000013862
758 0.0000013844
759 0.0000013825
760 0.0000013807
761 0.0000013789
762 0.0000013771
763 0.0000013753
764 0.0000013735
765 0.0000013717
766 0.0000013699
767 0.0000013681
768 0.0000013663
769 0.0000013645
770 0.0000013627
771 0.0000013610
772 0.0000013592
773 0.0000013574
774 0.0000013557
775 0.0000013539
776 0.0000013522
777 0.0000013504
778 0.0000013487
779 0.0000013470
780 0.0000013452
781 0.0000013435
782 0.0000013418
783 0.0000013401
784 0.0000013383
785 0.0000013366
786 0.0000013349
787 0.0000013332
788 0.0000013315
789 0.0000013298
790 0.0000013281
791 0.0000013265
792 0.0000013248
793 0.0000013231
794 0.0000013214
795 0.0000013198
796 0.0000013181
797 0.0000013164
798 0.0000013148
799 0.0000013131
800 0.0000013115
801 0.0000013098
802 0.0000013082
803 0.0000013066
804 0.0000013049
805 0.0000013033
806 0.0000013017
807 0.0000013001
808 0.0000012985
809 0.0000012969
810 0.0000012952
811 0.0000012936
812 0.0000012920
813 0.0000012904
814 0.0000012889
815 0.0000012873
816 0.0000012857
817 0.0000012841
818 0.0000012825
819 0.0000012810
820 0.0000012794
821 0.0000012778
822 0.0000012763
823 0.0000012747
824 0.0000012732
825 0.0000012716
826 0.0000012701
827 0.0000012685
828 0.0000012670
829 0.0000012655
830 0.0000012639
831 0.0000012624
832 0.0000012609
833 0.0000012594
834 0.0000012578
835 0.0000012563
836 0.0000012548
837 0.0000012533
838 0.0000012518
839 0.0000012503
840 0.0000012488
841 0.0000012473
842 0.0000012458
843 0.0000012444
844 0.0000012429
845 0.0000012414
846 0.0000012399
847 0.0000012385
848 0.0000012370
849 0.0000012355
850 0.0000012341
851 0.0000012326
852 0.0000012312
853 0.0000012297
854 0.0000012283
855 0.0000012268
856 0.0000012254
857 0.0000012239
858 0.0000012225
859 0.0000012211
860 0.0000012197
861 0.0000012182
862 0.0000012168
863 0.0000012154
864 0.0000012140
865 0.0000012126
866 0.0000012112
867 0.0000012098
868 0.0000012084
869 0.0000012070
870 0.0000012056
871 0.0000012042
872 0.0000012028
873 0.0000012014
874 0.0000012000
875 0.0000011986
876 0.0000011973
877 0.0000011959
878 0.0000011945
879 0.0000011932
880 0.0000011918
881 0.0000011904
882 0.0000011891
883 0.0000011877
884 0.0000011864
885 0.0000011850
886 0.0000011837
887 0.0000011823
888 0.0000011810
889 0.0000011797
890 0.0000011783
891 0.0000011770
892 0.0000011757
893 0.0000011744
894 0.0000011730
895 0.0000011717
896 0.0000011704
897 0.0000011691
898 0.0000011678
899 0.0000011665
900 0.0000011652
