0 2000
0 0.9947374619
1 0.0014919785
2 0.0006087833
3 0.0004156041
4 0.0002990968
5 0.0002302654
6 0.0001853248
7 0.0001534542
8 0.0001296865
9 0.0001113433
10 0.0000968044
11 0.0000850291
12 0.0000753219
13 0.0000672014
14 0.0000603243
15 0.0000544391
16 0.0000493571
17 0.0000449343
18 0.0000410587
19 0.0000376419
20 0.0000346132
21 0.0000319155
22 0.0000295021
23 0.0000273346
24 0.0000253809
25 0.0000236140
26 0.0000220114
27 0.0000205538
28 0.0000192245
29 0.0000180095
30 0.0000168965
31 0.0000158748
32 0.0000149351
33 0.0000140694
34 0.0000132703
35 0.0000125317
36 0.0000118479
37 0.0000112140
38 0.0000106256
39 0.0000100786
40 0.0000095695
41 0.0000090952
42 0.0000086529
43 0.0000082398
44 0.0000078537
45 0.0000074925
46 0.0000071543
47 0.0000068373
48 0.0000065399
49 0.0000062607
50 0.0000059983
51 0.0000057516
52 0.0000055194
53 0.0000053008
54 0.0000050947
55 0.0000049004
56 0.0000047169
57 0.0000045437
58 0.0000043800
59 0.0000042252
60 0.0000040788
61 0.0000039401
62 0.0000038088
63 0.0000036843
64 0.0000035662
65 0.0000034541
66 0.0000033477
67 0.0000032466
68 0.0000031505
69 0.0000030591
70 0.0000029721
71 0.0000028893
72 0.0000028105
73 0.0000027353
74 0.0000026636
75 0.0000025952
76 0.0000025299
77 0.0000024676
78 0.0000024080
79 0.0000023511
80 0.0000022966
81 0.0000022445
82 0.0000021946
83 0.0000021468
84 0.0000021009
85 0.0000020570
86 0.0000020149
87 0.0000019745
88 0.0000019357
89 0.0000018984
90 0.0000018625
91 0.0000018281
92 0.0000017949
93 0.0000017630
94 0.0000017323
95 0.0000017027
96 0.0000016742
97 0.0000016467
98 0.0000016202
99 0.0000015946
100 0.0000015699
101 0.0000015461
102 0.0000015230
103 0.0000015007
104 0.0000014791
105 0.0000014583
106 0.0000014381
107 0.0000014185
108 0.0000013996
109 0.0000013812
110 0.0000013634
111 0.0000013462
112 0.0000013294
113 0.0000013131
114 0.0000012973
115 0.0000012820
116 0.0000012671
117 0.0000012526
118 0.0000012384
119 0.0000012247
120 0.0000012113
121 0.0000011983
122 0.0000011856
123 0.0000011733
124 0.0000011612
125 0.0000011495
126 0.0000011380
127 0.0000011268
128 0.0000011159
129 0.0000011053
130 0.0000010948
131 0.0000010847
132 0.0000010747
133 0.0000010650
134 0.0000010555
135 0.0000010461
136 0.0000010370
137 0.0000010281
138 0.0000010194
139 0.0000010108
140 0.0000010024
141 0.0000009942
142 0.0000009862
143 0.0000009782
144 0.0000009705
145 0.0000009629
146 0.0000009554
147 0.0000009481
148 0.0000009409
149 0.0000009339
150 0.0000009269
151 0.0000009201
152 0.0000009134
153 0.0000009068
154 0.0000009003
155 0.0000008940
156 0.0000008877
157 0.0000008816
158 0.0000008755
159 0.0000008695
160 0.0000008637
161 0.0000008579
162 0.0000008522
163 0.0000008466
164 0.0000008411
165 0.0000008356
166 0.0000008303
167 0.0000008250
168 0.0000008198
169 0.0000008147
170 0.0000008096
171 0.0000008046
172 0.0000007997
173 0.0000007948
174 0.0000007900
175 0.0000007853
176 0.0000007807
177 0.0000007761
178 0.0000007715
179 0.0000007670
180 0.0000007626
181 0.0000007582
182 0.0000007539
183 0.0000007497
184 0.0000007454
185 0.0000007413
186 0.0000007372
187 0.0000007331
188 0.0000007291
189 0.0000007251
190 0.0000007212
191 0.0000007174
192 0.0000007135
193 0.0000007097
194 0.0000007060
195 0.0000007023
196 0.0000006986
197 0.0000006950
198 0.0000006914
199 0.0000006879
200 0.0000006844
201 0.0000006809
202 0.0000006775
203 0.0000006741
204 0.0000006708
205 0.0000006674
206 0.0000006641
207 0.0000006609
208 0.0000006577
209 0.0000006545
210 0.0000006513
211 0.0000006482
212 0.0000006451
213 0.0000006421
214 0.0000006390
215 0.0000006360
216 0.0000006330
217 0.0000006301
218 0.0000006272
219 0.0000006243
220 0.0000006214
221 0.0000006186
222 0.0000006158
223 0.0000006130
224 0.0000006103
225 0.0000006075
226 0.0000006048
227 0.0000006021
228 0.0000005995
229 0.0000005968
230 0.0000005942
231 0.0000005916
232 0.0000005891
233 0.0000005865
234 0.0000005840
235 0.0000005815
236 0.0000005791
237 0.0000005766
238 0.0000005742
239 0.0000005718
240 0.0000005694
241 0.0000005670
242 0.0000005646
243 0.0000005623
244 0.0000005600
245 0.0000005577
246 0.0000005554
247 0.0000005532
248 0.0000005509
249 0.0000005487
250 0.0000005465
251 0.0000005443
252 0.0000005422
253 0.0000005400
254 0.0000005379
255 0.0000005358
256 0.0000005337
257 0.0000005316
258 0.0000005295
259 0.0000005275
260 0.0000005254
261 0.0000005234
262 0.0000005214
263 0.0000005194
264 0.0000005175
265 0.0000005155
266 0.0000005136
267 0.0000005117
268 0.0000005097
269 0.0000005078
270 0.0000005060
271 0.0000005041
272 0.0000005022
273 0.0000005004
274 0.0000004986
275 0.0000004968
276 0.0000004949
277 0.0000004932
278 0.0000004914
279 0.0000004896
280 0.0000004879
281 0.0000004861
282 0.0000004844
283 0.0000004827
284 0.0000004810
285 0.0000004793
286 0.0000004776
287 0.0000004760
288 0.0000004743
289 0.0000004727
290 0.0000004710
291 0.0000004694
292 0.0000004678
293 0.0000004662
294 0.0000004646
295 0.0000004630
296 0.0000004615
297 0.0000004599
298 0.0000004584
299 0.0000004568
300 0.0000004553
301 0.0000004538
302 0.0000004523
303 0.0000004508
304 0.0000004493
305 0.0000004479
306 0.0000004464
307 0.0000004449
308 0.0000004435
309 0.0000004421
310 0.0000004406
311 0.0000004392
312 0.0000004378
313 0.0000004364
314 0.0000004350
315 0.0000004336
316 0.0000004323
317 0.0000004309
318 0.0000004295
319 0.0000004282
320 0.0000004269
321 0.0000004255
322 0.0000004242
323 0.0000004229
324 0.0000004216
325 0.0000004203
326 0.0000004190
327 0.0000004177
328 0.0000004164
329 0.0000004152
330 0.0000004139
331 0.0000004127
332 0.0000004114
333 0.0000004102
334 0.0000004090
335 0.0000004077
336 0.0000004065
337 0.0000004053
338 0.0000004041
339 0.0000004029
340 0.0000004017
341 0.0000004006
342 0.0000003994
343 0.0000003982
344 0.0000003971
345 0.0000003959
346 0.0000003948
347 0.0000003936
348 0.0000003925
349 0.0000003914
350 0.0000003903
351 0.0000003891
352 0.0000003880
353 0.0000003869
354 0.0000003858
355 0.0000003848
356 0.0000003837
357 0.0000003826
358 0.0000003815
359 0.0000003805
360 0.0000003794
361 0.0000003784
362 0.0000003773
363 0.0000003763
364 0.0000003752
365 0.0000003742
366 0.0000003732
367 0.0000003722
368 0.0000003712
369 0.0000003702
370 0.0000003692
371 0.0000003682
372 0.0000003672
373 0.0000003662
374 0.0000003652
375 0.0000003642
376 0.0000003633
377 0.0000003623
378 0.0000003613
379 0.0000003604
380 0.0000003594
381 0.0000003585
382 0.0000003576
383 0.0000003566
384 0.0000003557
385 0.0000003548
386 0.0000003539
387 0.0000003529
388 0.0000003520
389 0.0000003511
390 0.0000003502
391 0.0000003493
392 0.0000003484
393 0.0000003475
394 0.0000003467
395 0.0000003458
396 0.0000003449
397 0.0000003440
398 0.0000003432
399 0.0000003423
400 0.0000003415
401 0.0000003406
402 0.0000003398
403 0.0000003389
404 0.0000003381
405 0.0000003372
406 0.0000003364
407 0.0000003356
408 0.0000003348
409 0.0000003339
410 0.0000003331
411 0.0000003323
412 0.0000003315
413 0.0000003307
414 0.0000003299
415 0.0000003291
416 0.0000003283
417 0.0000003275
418 0.0000003268
419 0.0000003260
420 0.0000003252
421 0.0000003244
422 0.0000003237
423 0.0000003229
424 0.0000003221
425 0.0000003214
426 0.0000003206
427 0.0000003199
428 0.0000003191
429 0.0000003184
430 0.0000003176
431 0.0000003169
432 0.0000003162
433 0.0000003154
434 0.0000003147
435 0.0000003140
436 0.0000003133
437 0.0000003125
438 0.0000003118
439 0.0000003111
440 0.0000003104
441 0.0000003097
442 0.0000003090
443 0.0000003083
444 0.0000003076
445 0.0000003069
446 0.0000003062
447 0.0000003056
448 0.0000003049
449 0.0000003042
450 0.0000003035
451 0.0000003028
452 0.0000003022
453 0.0000003015
454 0.0000003008
455 0.0000003002
456 0.0000002995
457 0.0000002989
458 0.0000002982
459 0.0000002976
460 0.0000002969
461 0.0000002963
462 0.0000002956
463 0.0000002950
464 0.0000002944
465 0.0000002937
466 0.0000002931
467 0.0000002925
468 0.0000002918
469 0.0000002912
470 0.0000002906
471 0.0000002900
472 0.0000002894
473 0.0000002888
474 0.0000002881
475 0.0000002875
476 0.0000002869
477 0.0000002863
478 0.0000002857
479 0.0000002851
480 0.0000002845
481 0.0000002839
482 0.0000002834
483 0.0000002828
484 0.0000002822
485 0.0000002816
486 0.0000002810
487 0.0000002804
488 0.0000002799
489 0.0000002793
490 0.0000002787
491 0.0000002782
492 0.0000002776
493 0.0000002770
494 0.0000002765
495 0.0000002759
496 0.0000002754
497 0.0000002748
498 0.0000002743
499 0.0000002737
500 0.0000002732
501 0.0000002726
502 0.0000002721
503 0.0000002715
504 0.0000002710
505 0.0000002704
506 0.0000002699
507 0.0000002694
508 0.0000002688
509 0.0000002683
510 0.0000002678
511 0.0000002673
512 0.0000002667
513 0.0000002662
514 0.0000002657
515 0.0000002652
516 0.0000002647
517 0.0000002642
518 0.0000002637
519 0.0000002631
520 0.0000002626
521 0.0000002621
522 0.0000002616
523 0.0000002611
524 0.0000002606
525 0.0000002601
526 0.0000002596
527 0.0000002592
528 0.0000002587
529 0.0000002582
530 0.0000002577
531 0.0000002572
532 0.0000002567
533 0.0000002562
534 0.0000002558
535 0.0000002553
536 0.0000002548
537 0.0000002543
538 0.0000002539
539 0.0000002534
540 0.0000002529
541 0.0000002524
542 0.0000002520
543 0.0000002515
544 0.0000002511
545 0.0000002506
546 0.0000002501
547 0.0000002497
548 0.0000002492
549 0.0000002488
550 0.0000002483
551 0.0000002479
552 0.0000002474
553 0.0000002470
554 0.0000002465
555 0.0000002461
556 0.0000002456
557 0.0000002452
558 0.0000002447
559 0.0000002443
560 0.0000002439
561 0.0000002434
562 0.0000002430
563 0.0000002426
564 0.0000002421
565 0.0000002417
566 0.0000002413
567 0.0000002409
568 0.0000002404
569 0.0000002400
570 0.0000002396
571 0.0000002392
572 0.0000002388
573 0.0000002383
574 0.0000002379
575 0.0000002375
576 0.0000002371
577 0.0000002367
578 0.0000002363
579 0.0000002359
580 0.0000002355
581 0.0000002351
582 0.0000002347
583 0.0000002342
584 0.0000002338
585 0.0000002334
586 0.0000002330
587 0.0000002327
588 0.0000002323
589 0.0000002319
590 0.0000002315
591 0.0000002311
592 0.0000002307
593 0.0000002303
594 0.0000002299
595 0.0000002295
596 0.0000002291
597 0.0000002288
598 0.0000002284
599 0.0000002280
600 0.0000002276
601 0.0000002272
602 0.0000002269
603 0.0000002265
604 0.0000002261
605 0.0000002257
606 0.0000002254
607 0.0000002250
608 0.0000002246
609 0.0000002242
610 0.0000002239
611 0.0000002235
612 0.0000002231
613 0.0000002228
614 0.0000002224
615 0.0000002221
616 0.0000002217
617 0.0000002213
618 0.0000002210
619 0.0000002206
620 0.0000002203
621 0.0000002199
622 0.0000002196
623 0.0000002192
624 0.0000002189
625 0.0000002185
626 0.0000002182
627 0.0000002178
628 0.0000002175
629 0.0000002171
630 0.0000002168
631 0.0000002164
632 0.0000002161
633 0.0000002157
634 0.0000002154
635 0.0000002151
636 0.0000002147
637 0.0000002144
638 0.0000002140
639 0.0000002137
640 0.0000002134
641 0.0000002130
642 0.0000002127
643 0.0000002124
644 0.0000002120
645 0.0000002117
646 0.0000002114
647 0.0000002111
648 0.0000002107
649 0.0000002104
650 0.0000002101
651 0.0000002098
652 0.0000002094
653 0.0000002091
654 0.0000002088
655 0.0000002085
656 0.0000002082
657 0.0000002079
658 0.0000002075
659 0.0000002072
660 0.0000002069
661 0.0000002066
662 0.0000002063
663 0.0000002060
664 0.0000002057
665 0.0000002053
666 0.0000002050
667 0.0000002047
668 0.0000002044
669 0.0000002041
670 0.0000002038
671 0.0000002035
672 0.0000002032
673 0.0000002029
674 0.0000002026
675 0.0000002023
676 0.0000002020
677 0.0000002017
678 0.0000002014
679 0.0000002011
680 0.0000002008
681 0.0000002005
682 0.0000002002
683 0.0000001999
684 0.0000001996
685 0.0000001994
686 0.0000001991
687 0.0000001988
688 0.0000001985
689 0.0000001982
690 0.0000001979
691 0.0000001976
692 0.0000001973
693 0.0000001970
694 0.0000001968
695 0.0000001965
696 0.0000001962
697 0.0000001959
698 0.0000001956
699 0.0000001954
700 0.0000001951
701 0.0000001948
702 0.0000001945
703 0.0000001942
704 0.0000001940
705 0.0000001937
706 0.0000001934
707 0.0000001931
708 0.0000001929
709 0.0000001926
710 0.0000001923
711 0.0000001921
712 0.0000001918
713 0.0000001915
714 0.0000001912
715 0.0000001910
716 0.0000001907
717 0.0000001904
718 0.0000001902
719 0.0000001899
720 0.0000001897
721 0.0000001894
722 0.0000001891
723 0.0000001889
724 0.0000001886
725 0.0000001883
726 0.0000001881
727 0.0000001878
728 0.0000001876
729 0.0000001873
730 0.0000001871
731 0.0000001868
732 0.0000001865
733 0.0000001863
734 0.0000001860
735 0.0000001858
736 0.0000001855
737 0.0000001853
738 0.0000001850
739 0.0000001848
740 0.0000001845
741 0.0000001843
742 0.0000001840
743 0.0000001838
744 0.0000001835
745 0.0000001833
746 0.0000001830
747 0.0000001828
748 0.0000001825
749 0.0000001823
750 0.0000001821
751 0.0000001818
752 0.0000001816
753 0.0000001813
754 0.0000001811
755 0.0000001809
756 0.0000001806
757 0.0000001804
758 0.0000001801
759 0.0000001799
760 0.0000001797
761 0.0000001794
762 0.0000001792
763 0.0000001790
764 0.0000001787
765 0.0000001785
766 0.0000001783
767 0.0000001780
768 0.0000001778
769 0.0000001776
770 0.0000001773
771 0.0000001771
772 0.0000001769
773 0.0000001766
774 0.0000001764
775 0.0000001762
776 0.0000001760
777 0.0000001757
778 0.0000001755
779 0.0000001753
780 0.0000001751
781 0.0000001748
782 0.0000001746
783 0.0000001744
784 0.0000001742
785 0.0000001739
786 0.0000001737
787 0.0000001735
788 0.0000001733
789 0.0000001731
790 0.0000001728
791 0.0000001726
792 0.0000001724
793 0.0000001722
794 0.0000001720
795 0.0000001717
796 0.0000001715
797 0.0000001713
798 0.0000001711
799 0.0000001709
800 0.0000001707
801 0.0000001705
802 0.0000001702
803 0.0000001700
804 0.0000001698
805 0.0000001696
806 0.0000001694
807 0.0000001692
808 0.0000001690
809 0.0000001688
810 0.0000001686
811 0.0000001684
812 0.0000001681
813 0.0000001679
814 0.0000001677
815 0.0000001675
816 0.0000001673
817 0.0000001671
818 0.0000001669
819 0.0000001667
820 0.0000001665
821 0.0000001663
822 0.0000001661
823 0.0000001659
824 0.0000001657
825 0.0000001655
826 0.0000001653
827 0.0000001651
828 0.0000001649
829 0.0000001647
830 0.0000001645
831 0.0000001643
832 0.0000001641
833 0.0000001639
834 0.0000001637
835 0.0000001635
836 0.0000001633
837 0.0000001631
838 0.0000001629
839 0.0000001627
840 0.0000001625
841 0.0000001623
842 0.0000001622
843 0.0000001620
844 0.0000001618
845 0.0000001616
846 0.0000001614
847 0.0000001612
848 0.0000001610
849 0.0000001608
850 0.0000001606
851 0.0000001604
852 0.0000001602
853 0.0000001601
854 0.0000001599
855 0.0000001597
856 0.0000001595
857 0.0000001593
858 0.0000001591
859 0.0000001589
860 0.0000001588
861 0.0000001586
862 0.0000001584
863 0.0000001582
864 0.0000001580
865 0.0000001578
866 0.0000001577
867 0.0000001575
868 0.0000001573
869 0.0000001571
870 0.0000001569
871 0.0000001567
872 0.0000001566
873 0.0000001564
874 0.0000001562
875 0.0000001560
876 0.0000001559
877 0.0000001557
878 0.0000001555
879 0.0000001553
880 0.0000001551
881 0.0000001550
882 0.0000001548
883 0.0000001546
884 0.0000001544
885 0.0000001543
886 0.0000001541
887 0.0000001539
888 0.0000001537
889 0.0000001536
890 0.0000001534
891 0.0000001532
892 0.0000001531
893 0.0000001529
894 0.0000001527
895 0.0000001525
896 0.0000001524
897 0.0000001522
898 0.0000001520
899 0.0000001519
900 0.0000001517
901 0.0000001515
902 0.0000001514
903 0.0000001512
904 0.0000001510
905 0.0000001509
906 0.0000001507
907 0.0000001505
908 0.0000001504
909 0.0000001502
910 0.0000001500
911 0.0000001499
912 0.0000001497
913 0.0000001495
914 0.0000001494
915 0.0000001492
916 0.0000001490
917 0.0000001489
918 0.0000001487
919 0.0000001486
920 0.0000001484
921 0.0000001482
922 0.0000001481
923 0.0000001479
924 0.0000001477
925 0.0000001476
926 0.0000001474
927 0.0000001473
928 0.0000001471
929 0.0000001469
930 0.0000001468
931 0.0000001466
932 0.0000001465
933 0.0000001463
934 0.0000001462
935 0.0000001460
936 0.0000001458
937 0.0000001457
938 0.0000001455
939 0.0000001454
940 0.0000001452
941 0.0000001451
942 0.0000001449
943 0.0000001448
944 0.0000001446
945 0.0000001445
946 0.0000001443
947 0.0000001442
948 0.0000001440
949 0.0000001438
950 0.0000001437
951 0.0000001435
952 0.0000001434
953 0.0000001432
954 0.0000001431
955 0.0000001429
956 0.0000001428
957 0.0000001426
958 0.0000001425
959 0.0000001423
960 0.0000001422
961 0.0000001420
962 0.0000001419
963 0.0000001418
964 0.0000001416
965 0.0000001415
966 0.0000001413
967 0.0000001412
968 0.0000001410
969 0.0000001409
970 0.0000001407
971 0.0000001406
972 0.0000001404
973 0.0000001403
974 0.0000001402
975 0.0000001400
976 0.0000001399
977 0.0000001397
978 0.0000001396
979 0.0000001394
980 0.0000001393
981 0.0000001391
982 0.0000001390
983 0.0000001389
984 0.0000001387
985 0.0000001386
986 0.0000001384
987 0.0000001383
988 0.0000001382
989 0.0000001380
990 0.0000001379
991 0.0000001377
992 0.0000001376
993 0.0000001375
994 0.0000001373
995 0.0000001372
996 0.0000001370
997 0.0000001369
998 0.0000001368
999 0.0000001366
1000 0.0000001365
1001 0.0000001364
1002 0.0000001362
1003 0.0000001361
1004 0.0000001360
1005 0.0000001358
1006 0.0000001357
1007 0.0000001355
1008 0.0000001354
1009 0.0000001353
1010 0.0000001351
1011 0.0000001350
1012 0.0000001349
1013 0.0000001347
1014 0.0000001346
1015 0.0000001345
1016 0.0000001343
1017 0.0000001342
1018 0.0000001341
1019 0.0000001340
1020 0.0000001338
1021 0.0000001337
1022 0.0000001336
1023 0.0000001334
1024 0.0000001333
1025 0.0000001332
1026 0.0000001330
1027 0.0000001329
1028 0.0000001328
1029 0.0000001326
1030 0.0000001325
1031 0.0000001324
1032 0.0000001323
1033 0.0000001321
1034 0.0000001320
1035 0.0000001319
1036 0.0000001317
1037 0.0000001316
1038 0.0000001315
1039 0.0000001314
1040 0.0000001312
1041 0.0000001311
1042 0.0000001310
1043 0.0000001309
1044 0.0000001307
1045 0.0000001306
1046 0.0000001305
1047 0.0000001304
1048 0.0000001302
1049 0.0000001301
1050 0.0000001300
1051 0.0000001299
1052 0.0000001297
1053 0.0000001296
1054 0.0000001295
1055 0.0000001294
1056 0.0000001292
1057 0.0000001291
1058 0.0000001290
1059 0.0000001289
1060 0.0000001288
1061 0.0000001286
1062 0.0000001285
1063 0.0000001284
1064 0.0000001283
1065 0.0000001282
1066 0.0000001280
1067 0.0000001279
1068 0.0000001278
1069 0.0000001277
1070 0.0000001276
1071 0.0000001274
1072 0.0000001273
1073 0.0000001272
1074 0.0000001271
1075 0.0000001270
1076 0.0000001268
1077 0.0000001267
1078 0.0000001266
1079 0.0000001265
1080 0.0000001264
1081 0.0000001263
1082 0.0000001261
1083 0.0000001260
1084 0.0000001259
1085 0.0000001258
1086 0.0000001257
1087 0.0000001256
1088 0.0000001254
1089 0.0000001253
1090 0.0000001252
1091 0.0000001251
1092 0.0000001250
1093 0.0000001249
1094 0.0000001248
1095 0.0000001246
1096 0.0000001245
1097 0.0000001244
1098 0.0000001243
1099 0.0000001242
1100 0.0000001241
1101 0.0000001240
1102 0.0000001238
1103 0.0000001237
1104 0.0000001236
1105 0.0000001235
1106 0.0000001234
1107 0.0000001233
1108 0.0000001232
1109 0.0000001231
1110 0.0000001229
1111 0.0000001228
1112 0.0000001227
1113 0.0000001226
1114 0.0000001225
1115 0.0000001224
1116 0.0000001223
1117 0.0000001222
1118 0.0000001221
1119 0.0000001220
1120 0.0000001218
1121 0.0000001217
1122 0.0000001216
1123 0.0000001215
1124 0.0000001214
1125 0.0000001213
1126 0.0000001212
1127 0.0000001211
1128 0.0000001210
1129 0.0000001209
1130 0.0000001208
1131 0.0000001207
1132 0.0000001206
1133 0.0000001204
1134 0.0000001203
1135 0.0000001202
1136 0.0000001201
1137 0.0000001200
1138 0.0000001199
1139 0.0000001198
1140 0.0000001197
1141 0.0000001196
1142 0.0000001195
1143 0.0000001194
1144 0.0000001193
1145 0.0000001192
1146 0.0000001191
1147 0.0000001190
1148 0.0000001189
1149 0.0000001188
1150 0.0000001187
1151 0.0000001186
1152 0.0000001185
1153 0.0000001184
1154 0.0000001182
1155 0.0000001181
1156 0.0000001180
1157 0.0000001179
1158 0.0000001178
1159 0.0000001177
1160 0.0000001176
1161 0.0000001175
1162 0.0000001174
1163 0.0000001173
1164 0.0000001172
1165 0.0000001171
1166 0.0000001170
1167 0.0000001169
1168 0.0000001168
1169 0.0000001167
1170 0.0000001166
1171 0.0000001165
1172 0.0000001164
1173 0.0000001163
1174 0.0000001162
1175 0.0000001161
1176 0.0000001160
1177 0.0000001159
1178 0.0000001158
1179 0.0000001157
1180 0.0000001156
1181 0.0000001155
1182 0.0000001154
1183 0.0000001153
1184 0.0000001152
1185 0.0000001151
1186 0.0000001150
1187 0.0000001150
1188 0.0000001149
1189 0.0000001148
1190 0.0000001147
1191 0.0000001146
1192 0.0000001145
1193 0.0000001144
1194 0.0000001143
1195 0.0000001142
1196 0.0000001141
1197 0.0000001140
1198 0.0000001139
1199 0.0000001138
1200 0.0000001137
1201 0.0000001136
1202 0.0000001135
1203 0.0000001134
1204 0.0000001133
1205 0.0000001132
1206 0.0000001131
1207 0.0000001130
1208 0.0000001129
1209 0.0000001129
1210 0.0000001128
1211 0.0000001127
1212 0.0000001126
1213 0.0000001125
1214 0.0000001124
1215 0.0000001123
1216 0.0000001122
1217 0.0000001121
1218 0.0000001120
1219 0.0000001119
1220 0.0000001118
1221 0.0000001117
1222 0.0000001116
1223 0.0000001116
1224 0.0000001115
1225 0.0000001114
1226 0.0000001113
1227 0.0000001112
1228 0.0000001111
1229 0.0000001110
1230 0.0000001109
1231 0.0000001108
1232 0.0000001107
1233 0.0000001106
1234 0.0000001106
1235 0.0000001105
1236 0.0000001104
1237 0.0000001103
1238 0.0000001102
1239 0.0000001101
1240 0.0000001100
1241 0.0000001099
1242 0.0000001098
1243 0.0000001098
1244 0.0000001097
1245 0.0000001096
1246 0.0000001095
1247 0.0000001094
1248 0.0000001093
1249 0.0000001092
1250 0.0000001091
1251 0.0000001091
1252 0.0000001090
1253 0.0000001089
1254 0.0000001088
1255 0.0000001087
1256 0.0000001086
1257 0.0000001085
1258 0.0000001084
1259 0.0000001084
1260 0.0000001083
1261 0.0000001082
1262 0.0000001081
1263 0.0000001080
1264 0.0000001079
1265 0.0000001078
1266 0.0000001078
1267 0.0000001077
1268 0.0000001076
1269 0.0000001075
1270 0.0000001074
1271 0.0000001073
1272 0.0000001072
1273 0.0000001072
1274 0.0000001071
1275 0.0000001070
1276 0.0000001069
1277 0.0000001068
1278 0.0000001067
1279 0.0000001067
1280 0.0000001066
1281 0.0000001065
1282 0.0000001064
1283 0.0000001063
1284 0.0000001062
1285 0.0000001062
1286 0.0000001061
1287 0.0000001060
1288 0.0000001059
1289 0.0000001058
1290 0.0000001057
1291 0.0000001057
1292 0.0000001056
1293 0.0000001055
1294 0.0000001054
1295 0.0000001053
1296 0.0000001053
1297 0.0000001052
1298 0.0000001051
1299 0.0000001050
1300 0.0000001049
1301 0.0000001048
1302 0.0000001048
1303 0.0000001047
1304 0.0000001046
1305 0.0000001045
1306 0.0000001044
1307 0.0000001044
1308 0.0000001043
1309 0.0000001042
1310 0.0000001041
1311 0.0000001040
1312 0.0000001040
1313 0.0000001039
1314 0.0000001038
1315 0.0000001037
1316 0.0000001036
1317 0.0000001036
1318 0.0000001035
1319 0.0000001034
1320 0.0000001033
1321 0.0000001032
1322 0.0000001032
1323 0.0000001031
1324 0.0000001030
1325 0.0000001029
1326 0.0000001029
1327 0.0000001028
1328 0.0000001027
1329 0.0000001026
1330 0.0000001025
1331 0.0000001025
1332 0.0000001024
1333 0.0000001023
1334 0.0000001022
1335 0.0000001022
1336 0.0000001021
1337 0.0000001020
1338 0.0000001019
1339 0.0000001019
1340 0.0000001018
1341 0.0000001017
1342 0.0000001016
1343 0.0000001016
1344 0.0000001015
1345 0.0000001014
1346 0.0000001013
1347 0.0000001012
1348 0.0000001012
1349 0.0000001011
1350 0.0000001010
1351 0.0000001009
1352 0.0000001009
1353 0.0000001008
1354 0.0000001007
1355 0.0000001006
1356 0.0000001006
1357 0.0000001005
1358 0.0000001004
1359 0.0000001003
1360 0.0000001003
1361 0.0000001002
1362 0.0000001001
1363 0.0000001001
1364 0.0000001000
1365 0.0000000999
1366 0.0000000998
1367 0.0000000998
1368 0.0000000997
1369 0.0000000996
1370 0.0000000995
1371 0.0000000995
1372 0.0000000994
1373 0.0000000993
1374 0.0000000992
1375 0.0000000992
1376 0.0000000991
1377 0.0000000990
1378 0.0000000990
1379 0.0000000989
1380 0.0000000988
1381 0.0000000987
1382 0.0000000987
1383 0.0000000986
1384 0.0000000985
1385 0.0000000985
1386 0.0000000984
1387 0.0000000983
1388 0.0000000982
1389 0.0000000982
1390 0.0000000981
1391 0.0000000980
1392 0.0000000980
1393 0.0000000979
1394 0.0000000978
1395 0.0000000977
1396 0.0000000977
1397 0.0000000976
1398 0.0000000975
1399 0.0000000975
1400 0.0000000974
1401 0.0000000973
1402 0.0000000973
1403 0.0000000972
1404 0.0000000971
1405 0.0000000970
1406 0.0000000970
1407 0.0000000969
1408 0.0000000968
1409 0.0000000968
1410 0.0000000967
1411 0.0000000966
1412 0.0000000966
1413 0.0000000965
1414 0.0000000964
1415 0.0000000964
1416 0.0000000963
1417 0.0000000962
1418 0.0000000961
1419 0.0000000961
1420 0.0000000960
1421 0.0000000959
1422 0.0000000959
1423 0.0000000958
1424 0.0000000957
1425 0.0000000957
1426 0.0000000956
1427 0.0000000955
1428 0.0000000955
1429 0.0000000954
1430 0.0000000953
1431 0.0000000953
1432 0.0000000952
1433 0.0000000951
1434 0.0000000951
1435 0.0000000950
1436 0.0000000949
1437 0.0000000949
1438 0.0000000948
1439 0.0000000947
1440 0.0000000947
1441 0.0000000946
1442 0.0000000945
1443 0.0000000945
1444 0.0000000944
1445 0.0000000943
1446 0.0000000943
1447 0.0000000942
1448 0.0000000941
1449 0.0000000941
1450 0.0000000940
1451 0.0000000939
1452 0.0000000939
1453 0.0000000938
1454 0.0000000937
1455 0.0000000937
1456 0.0000000936
1457 0.0000000936
1458 0.0000000935
1459 0.0000000934
1460 0.0000000934
1461 0.0000000933
1462 0.0000000932
1463 0.0000000932
1464 0.0000000931
1465 0.0000000930
1466 0.0000000930
1467 0.0000000929
1468 0.0000000928
1469 0.0000000928
1470 0.0000000927
1471 0.0000000927
1472 0.0000000926
1473 0.0000000925
1474 0.0000000925
1475 0.0000000924
1476 0.0000000923
1477 0.0000000923
1478 0.0000000922
1479 0.0000000922
1480 0.0000000921
1481 0.0000000920
1482 0.0000000920
1483 0.0000000919
1484 0.0000000918
1485 0.0000000918
1486 0.0000000917
1487 0.0000000917
1488 0.0000000916
1489 0.0000000915
1490 0.0000000915
1491 0.0000000914
1492 0.0000000913
1493 0.0000000913
1494 0.0000000912
1495 0.0000000912
1496 0.0000000911
1497 0.0000000910
1498 0.0000000910
1499 0.0000000909
1500 0.0000000908
1501 0.0000000908
1502 0.0000000907
1503 0.0000000907
1504 0.0000000906
1505 0.0000000905
1506 0.0000000905
1507 0.0000000904
1508 0.0000000904
1509 0.0000000903
1510 0.0000000902
1511 0.0000000902
1512 0.0000000901
1513 0.0000000901
1514 0.0000000900
1515 0.0000000899
1516 0.0000000899
1517 0.0000000898
1518 0.0000000898
1519 0.0000000897
1520 0.0000000896
1521 0.0000000896
1522 0.0000000895
1523 0.0000000895
1524 0.0000000894
1525 0.0000000893
1526 0.0000000893
1527 0.0000000892
1528 0.0000000892
1529 0.0000000891
1530 0.0000000890
1531 0.0000000890
1532 0.0000000889
1533 0.0000000889
1534 0.0000000888
1535 0.0000000888
1536 0.0000000887
1537 0.0000000886
1538 0.0000000886
1539 0.0000000885
1540 0.0000000885
1541 0.0000000884
1542 0.0000000883
1543 0.0000000883
1544 0.0000000882
1545 0.0000000882
1546 0.0000000881
1547 0.0000000881
1548 0.0000000880
1549 0.0000000879
1550 0.0000000879
1551 0.0000000878
1552 0.0000000878
1553 0.0000000877
1554 0.0000000877
1555 0.0000000876
1556 0.0000000875
1557 0.0000000875
1558 0.0000000874
1559 0.0000000874
1560 0.0000000873
1561 0.0000000873
1562 0.0000000872
1563 0.0000000871
1564 0.0000000871
1565 0.0000000870
1566 0.0000000870
1567 0.0000000869
1568 0.0000000869
1569 0.0000000868
1570 0.0000000868
1571 0.0000000867
1572 0.0000000866
1573 0.0000000866
1574 0.0000000865
1575 0.0000000865
1576 0.0000000864
1577 0.0000000864
1578 0.0000000863
1579 0.0000000862
1580 0.0000000862
1581 0.0000000861
1582 0.0000000861
1583 0.0000000860
1584 0.0000000860
1585 0.0000000859
1586 0.0000000859
1587 0.0000000858
1588 0.0000000858
1589 0.0000000857
1590 0.0000000856
1591 0.0000000856
1592 0.0000000855
1593 0.0000000855
1594 0.0000000854
1595 0.0000000854
1596 0.0000000853
1597 0.0000000853
1598 0.0000000852
1599 0.0000000852
1600 0.0000000851
1601 0.0000000850
1602 0.0000000850
1603 0.0000000849
1604 0.0000000849
1605 0.0000000848
1606 0.0000000848
1607 0.0000000847
1608 0.0000000847
1609 0.0000000846
1610 0.0000000846
1611 0.0000000845
1612 0.0000000845
1613 0.0000000844
1614 0.0000000843
1615 0.0000000843
1616 0.0000000842
1617 0.0000000842
1618 0.0000000841
1619 0.0000000841
1620 0.0000000840
1621 0.0000000840
1622 0.0000000839
1623 0.0000000839
1624 0.0000000838
1625 0.0000000838
1626 0.0000000837
1627 0.0000000837
1628 0.0000000836
1629 0.0000000836
1630 0.0000000835
1631 0.0000000835
1632 0.0000000834
1633 0.0000000833
1634 0.0000000833
1635 0.0000000832
1636 0.0000000832
1637 0.0000000831
1638 0.0000000831
1639 0.0000000830
1640 0.0000000830
1641 0.0000000829
1642 0.0000000829
1643 0.0000000828
1644 0.0000000828
1645 0.0000000827
1646 0.0000000827
1647 0.0000000826
1648 0.0000000826
1649 0.0000000825
1650 0.0000000825
1651 0.0000000824
1652 0.0000000824
1653 0.0000000823
1654 0.0000000823
1655 0.0000000822
1656 0.0000000822
1657 0.0000000821
1658 0.0000000821
1659 0.0000000820
1660 0.0000000820
1661 0.0000000819
1662 0.0000000819
1663 0.0000000818
1664 0.0000000818
1665 0.0000000817
1666 0.0000000817
1667 0.0000000816
1668 0.0000000816
1669 0.0000000815
1670 0.0000000815
1671 0.0000000814
1672 0.0000000814
1673 0.0000000813
1674 0.0000000813
1675 0.0000000812
1676 0.0000000812
1677 0.0000000811
1678 0.0000000811
1679 0.0000000810
1680 0.0000000810
1681 0.0000000809
1682 0.0000000809
1683 0.0000000808
1684 0.0000000808
1685 0.0000000807
1686 0.0000000807
1687 0.0000000806
1688 0.0000000806
1689 0.0000000805
1690 0.0000000805
1691 0.0000000804
1692 0.0000000804
1693 0.0000000803
1694 0.0000000803
1695 0.0000000802
1696 0.0000000802
1697 0.0000000801
1698 0.0000000801
1699 0.0000000800
1700 0.0000000800
1701 0.0000000799
1702 0.0000000799
1703 0.0000000798
1704 0.0000000798
1705 0.0000000797
1706 0.0000000797
1707 0.0000000796
1708 0.0000000796
1709 0.0000000795
1710 0.0000000795
1711 0.0000000795
1712 0.0000000794
1713 0.0000000794
1714 0.0000000793
1715 0.0000000793
1716 0.0000000792
1717 0.0000000792
1718 0.0000000791
1719 0.0000000791
1720 0.0000000790
1721 0.0000000790
1722 0.0000000789
1723 0.0000000789
1724 0.0000000788
1725 0.0000000788
1726 0.0000000787
1727 0.0000000787
1728 0.0000000786
1729 0.0000000786
1730 0.0000000785
1731 0.0000000785
1732 0.0000000785
1733 0.0000000784
1734 0.0000000784
1735 0.0000000783
1736 0.0000000783
1737 0.0000000782
1738 0.0000000782
1739 0.0000000781
1740 0.0000000781
1741 0.0000000780
1742 0.0000000780
1743 0.0000000779
1744 0.0000000779
1745 0.0000000778
1746 0.0000000778
1747 0.0000000777
1748 0.0000000777
1749 0.0000000777
1750 0.0000000776
1751 0.0000000776
1752 0.0000000775
1753 0.0000000775
1754 0.0000000774
1755 0.0000000774
1756 0.0000000773
1757 0.0000000773
1758 0.0000000772
1759 0.0000000772
1760 0.0000000771
1761 0.0000000771
1762 0.0000000771
1763 0.0000000770
1764 0.0000000770
1765 0.0000000769
1766 0.0000000769
1767 0.0000000768
1768 0.0000000768
1769 0.0000000767
1770 0.0000000767
1771 0.0000000766
1772 0.0000000766
1773 0.0000000766
1774 0.0000000765
1775 0.0000000765
1776 0.0000000764
1777 0.0000000764
1778 0.0000000763
1779 0.0000000763
1780 0.0000000762
1781 0.0000000762
1782 0.0000000761
1783 0.0000000761
1784 0.0000000761
1785 0.0000000760
1786 0.0000000760
1787 0.0000000759
1788 0.0000000759
1789 0.0000000758
1790 0.0000000758
1791 0.0000000757
1792 0.0000000757
1793 0.0000000756
1794 0.0000000756
1795 0.0000000756
1796 0.0000000755
1797 0.0000000755
1798 0.0000000754
1799 0.0000000754
1800 0.0000000753
1801 0.0000000753
1802 0.0000000752
1803 0.0000000752
1804 0.0000000751
1805 0.0000000751
1806 0.0000000751
1807 0.0000000750
1808 0.0000000750
1809 0.0000000749
1810 0.0000000749
1811 0.0000000748
1812 0.0000000748
1813 0.0000000747
1814 0.0000000747
1815 0.0000000747
1816 0.0000000746
1817 0.0000000746
1818 0.0000000745
1819 0.0000000745
1820 0.0000000744
1821 0.0000000744
1822 0.0000000743
1823 0.0000000743
1824 0.0000000743
1825 0.0000000742
1826 0.0000000742
1827 0.0000000741
1828 0.0000000741
1829 0.0000000740
1830 0.0000000740
1831 0.0000000739
1832 0.0000000739
1833 0.0000000738
1834 0.0000000738
1835 0.0000000738
1836 0.0000000737
1837 0.0000000737
1838 0.0000000736
1839 0.0000000736
1840 0.0000000735
1841 0.0000000735
1842 0.0000000734
1843 0.0000000734
1844 0.0000000734
1845 0.0000000733
1846 0.0000000733
1847 0.0000000732
1848 0.0000000732
1849 0.0000000731
1850 0.0000000731
1851 0.0000000730
1852 0.0000000730
1853 0.0000000730
1854 0.0000000729
1855 0.0000000729
1856 0.0000000728
1857 0.0000000728
1858 0.0000000727
1859 0.0000000727
1860 0.0000000726
1861 0.0000000726
1862 0.0000000725
1863 0.0000000725
1864 0.0000000725
1865 0.0000000724
1866 0.0000000724
1867 0.0000000723
1868 0.0000000723
1869 0.0000000722
1870 0.0000000722
1871 0.0000000721
1872 0.0000000721
1873 0.0000000720
1874 0.0000000720
1875 0.0000000720
1876 0.0000000719
1877 0.0000000719
1878 0.0000000718
1879 0.0000000718
1880 0.0000000717
1881 0.0000000717
1882 0.0000000716
1883 0.0000000716
1884 0.0000000715
1885 0.0000000715
1886 0.0000000714
1887 0.0000000714
1888 0.0000000714
1889 0.0000000713
1890 0.0000000713
1891 0.0000000712
1892 0.0000000712
1893 0.0000000711
1894 0.0000000711
1895 0.0000000710
1896 0.0000000710
1897 0.0000000709
1898 0.0000000709
1899 0.0000000708
1900 0.0000000708
1901 0.0000000707
1902 0.0000000707
1903 0.0000000706
1904 0.0000000706
1905 0.0000000705
1906 0.0000000705
1907 0.0000000704
1908 0.0000000704
1909 0.0000000703
1910 0.0000000703
1911 0.0000000702
1912 0.0000000702
1913 0.0000000701
1914 0.0000000701
1915 0.0000000700
1916 0.0000000700
1917 0.0000000699
1918 0.0000000699
1919 0.0000000698
1920 0.0000000698
1921 0.0000000697
1922 0.0000000697
1923 0.0000000696
1924 0.0000000696
1925 0.0000000695
1926 0.0000000695
1927 0.0000000694
1928 0.0000000693
1929 0.0000000693
1930 0.0000000692
1931 0.0000000692
1932 0.0000000691
1933 0.0000000691
1934 0.0000000690
1935 0.0000000690
1936 0.0000000689
1937 0.0000000688
1938 0.0000000688
1939 0.0000000687
1940 0.0000000687
1941 0.0000000686
1942 0.0000000685
1943 0.0000000685
1944 0.0000000684
1945 0.0000000684
1946 0.0000000683
1947 0.0000000682
1948 0.0000000682
1949 0.0000000681
1950 0.0000000680
1951 0.0000000680
1952 0.0000000679
1953 0.0000000678
1954 0.0000000678
1955 0.0000000677
1956 0.0000000676
1957 0.0000000676
1958 0.0000000675
1959 0.0000000674
1960 0.0000000673
1961 0.0000000673
1962 0.0000000672
1963 0.0000000671
1964 0.0000000670
1965 0.0000000670
1966 0.0000000669
1967 0.0000000668
1968 0.0000000667
1969 0.0000000666
1970 0.0000000665
1971 0.0000000664
1972 0.0000000664
1973 0.0000000663
1974 0.0000000662
1975 0.0000000661
1976 0.0000000660
1977 0.0000000659
1978 0.0000000658
1979 0.0000000657
1980 0.0000000655
1981 0.0000000654
1982 0.0000000653
1983 0.0000000652
1984 0.0000000651
1985 0.0000000649
1986 0.0000000648
1987 0.0000000646
1988 0.0000000645
1989 0.0000000643
1990 0.0000000641
1991 0.0000000639
1992 0.0000000636
1993 0.0000000633
1994 0.0000000630
1995 0.0000000625
1996 0.0000000619
1997 0.0000000609
1998 0.0000000590
1999 0.0000000526
2000 0.0000000000
