1 2000
0 0.9946426061
1 0.0015883773
2 0.0006481827
3 0.0004417722
4 0.0003176453
5 0.0002443317
6 0.0001964610
7 0.0001625224
8 0.0001372233
9 0.0001177064
10 0.0001022434
11 0.0000897249
12 0.0000794094
13 0.0000707838
14 0.0000634823
15 0.0000572367
16 0.0000518461
17 0.0000471570
18 0.0000430499
19 0.0000394307
20 0.0000362243
21 0.0000333696
22 0.0000308171
23 0.0000285257
24 0.0000264614
25 0.0000245954
26 0.0000229037
27 0.0000213657
28 0.0000199639
29 0.0000186832
30 0.0000175106
31 0.0000164346
32 0.0000154455
33 0.0000145347
34 0.0000136944
35 0.0000129180
36 0.0000121996
37 0.0000115339
38 0.0000109162
39 0.0000103422
40 0.0000098083
41 0.0000093111
42 0.0000088475
43 0.0000084148
44 0.0000080106
45 0.0000076325
46 0.0000072786
47 0.0000069471
48 0.0000066361
49 0.0000063443
50 0.0000060702
51 0.0000058126
52 0.0000055702
53 0.0000053420
54 0.0000051270
55 0.0000049243
56 0.0000047330
57 0.0000045525
58 0.0000043819
59 0.0000042206
60 0.0000040681
61 0.0000039237
62 0.0000037870
63 0.0000036574
64 0.0000035345
65 0.0000034180
66 0.0000033073
67 0.0000032022
68 0.0000031023
69 0.0000030073
70 0.0000029169
71 0.0000028309
72 0.0000027490
73 0.0000026709
74 0.0000025964
75 0.0000025254
76 0.0000024576
77 0.0000023929
78 0.0000023311
79 0.0000022720
80 0.0000022155
81 0.0000021614
82 0.0000021096
83 0.0000020600
84 0.0000020125
85 0.0000019669
86 0.0000019232
87 0.0000018813
88 0.0000018410
89 0.0000018024
90 0.0000017652
91 0.0000017295
92 0.0000016951
93 0.0000016620
94 0.0000016302
95 0.0000015995
96 0.0000015699
97 0.0000015414
98 0.0000015139
99 0.0000014874
100 0.0000014618
101 0.0000014370
102 0.0000014131
103 0.0000013900
104 0.0000013677
105 0.0000013460
106 0.0000013251
107 0.0000013048
108 0.0000012852
109 0.0000012661
110 0.0000012477
111 0.0000012298
112 0.0000012124
113 0.0000011955
114 0.0000011791
115 0.0000011632
116 0.0000011478
117 0.0000011327
118 0.0000011181
119 0.0000011038
120 0.0000010900
121 0.0000010765
122 0.0000010633
123 0.0000010505
124 0.0000010380
125 0.0000010259
126 0.0000010140
127 0.0000010024
128 0.0000009911
129 0.0000009800
130 0.0000009692
131 0.0000009587
132 0.0000009483
133 0.0000009383
134 0.0000009284
135 0.0000009187
136 0.0000009093
137 0.0000009001
138 0.0000008910
139 0.0000008822
140 0.0000008735
141 0.0000008650
142 0.0000008566
143 0.0000008484
144 0.0000008404
145 0.0000008326
146 0.0000008248
147 0.0000008173
148 0.0000008098
149 0.0000008025
150 0.0000007954
151 0.0000007883
152 0.0000007814
153 0.0000007746
154 0.0000007679
155 0.0000007613
156 0.0000007549
157 0.0000007485
158 0.0000007422
159 0.0000007361
160 0.0000007300
161 0.0000007241
162 0.0000007182
163 0.0000007124
164 0.0000007067
165 0.0000007011
166 0.0000006956
167 0.0000006902
168 0.0000006848
169 0.0000006795
170 0.0000006743
171 0.0000006692
172 0.0000006641
173 0.0000006592
174 0.0000006542
175 0.0000006494
176 0.0000006446
177 0.0000006399
178 0.0000006352
179 0.0000006306
180 0.0000006261
181 0.0000006216
182 0.0000006172
183 0.0000006128
184 0.0000006085
185 0.0000006042
186 0.0000006000
187 0.0000005959
188 0.0000005918
189 0.0000005877
190 0.0000005837
191 0.0000005798
192 0.0000005758
193 0.0000005720
194 0.0000005682
195 0.0000005644
196 0.0000005607
197 0.0000005570
198 0.0000005533
199 0.0000005497
200 0.0000005461
201 0.0000005426
202 0.0000005391
203 0.0000005357
204 0.0000005323
205 0.0000005289
206 0.0000005256
207 0.0000005223
208 0.0000005190
209 0.0000005157
210 0.0000005125
211 0.0000005094
212 0.0000005062
213 0.0000005031
214 0.0000005001
215 0.0000004970
216 0.0000004940
217 0.0000004911
218 0.0000004881
219 0.0000004852
220 0.0000004823
221 0.0000004794
222 0.0000004766
223 0.0000004738
224 0.0000004710
225 0.0000004683
226 0.0000004655
227 0.0000004628
228 0.0000004602
229 0.0000004575
230 0.0000004549
231 0.0000004523
232 0.0000004497
233 0.0000004472
234 0.0000004446
235 0.0000004421
236 0.0000004396
237 0.0000004372
238 0.0000004347
239 0.0000004323
240 0.0000004299
241 0.0000004276
242 0.0000004252
243 0.0000004229
244 0.0000004206
245 0.0000004183
246 0.0000004160
247 0.0000004138
248 0.0000004115
249 0.0000004093
250 0.0000004071
251 0.0000004049
252 0.0000004028
253 0.0000004007
254 0.0000003985
255 0.0000003964
256 0.0000003943
257 0.0000003923
258 0.0000003902
259 0.0000003882
260 0.0000003862
261 0.0000003842
262 0.0000003822
263 0.0000003802
264 0.0000003783
265 0.0000003763
266 0.0000003744
267 0.0000003725
268 0.0000003706
269 0.0000003688
270 0.0000003669
271 0.0000003651
272 0.0000003632
273 0.0000003614
274 0.0000003596
275 0.0000003578
276 0.0000003561
277 0.0000003543
278 0.0000003525
279 0.0000003508
280 0.0000003491
281 0.0000003474
282 0.0000003457
283 0.0000003440
284 0.0000003423
285 0.0000003407
286 0.0000003391
287 0.0000003374
288 0.0000003358
289 0.0000003342
290 0.0000003326
291 0.0000003310
292 0.0000003295
293 0.0000003279
294 0.0000003263
295 0.0000003248
296 0.0000003233
297 0.0000003218
298 0.0000003203
299 0.0000003188
300 0.0000003173
301 0.0000003158
302 0.0000003144
303 0.0000003129
304 0.0000003115
305 0.0000003100
306 0.0000003086
307 0.0000003072
308 0.0000003058
309 0.0000003044
310 0.0000003031
311 0.0000003017
312 0.0000003003
313 0.0000002990
314 0.0000002976
315 0.0000002963
316 0.0000002950
317 0.0000002937
318 0.0000002924
319 0.0000002911
320 0.0000002898
321 0.0000002885
322 0.0000002872
323 0.0000002860
324 0.0000002847
325 0.0000002835
326 0.0000002822
327 0.0000002810
328 0.0000002798
329 0.0000002786
330 0.0000002774
331 0.0000002762
332 0.0000002750
333 0.0000002738
334 0.0000002726
335 0.0000002715
336 0.0000002703
337 0.0000002691
338 0.0000002680
339 0.0000002669
340 0.0000002657
341 0.0000002646
342 0.0000002635
343 0.0000002624
344 0.0000002613
345 0.0000002602
346 0.0000002591
347 0.0000002580
348 0.0000002570
349 0.0000002559
350 0.0000002548
351 0.0000002538
352 0.0000002527
353 0.0000002517
354 0.0000002507
355 0.0000002496
356 0.0000002486
357 0.0000002476
358 0.0000002466
359 0.0000002456
360 0.0000002446
361 0.0000002436
362 0.0000002426
363 0.0000002417
364 0.0000002407
365 0.0000002397
366 0.0000002388
367 0.0000002378
368 0.0000002369
369 0.0000002359
370 0.0000002350
371 0.0000002341
372 0.0000002331
373 0.0000002322
374 0.0000002313
375 0.0000002304
376 0.0000002295
377 0.0000002286
378 0.0000002277
379 0.0000002268
380 0.0000002259
381 0.0000002250
382 0.0000002242
383 0.0000002233
384 0.0000002224
385 0.0000002216
386 0.0000002207
387 0.0000002199
388 0.0000002190
389 0.0000002182
390 0.0000002174
391 0.0000002165
392 0.0000002157
393 0.0000002149
394 0.0000002141
395 0.0000002133
396 0.0000002125
397 0.0000002117
398 0.0000002109
399 0.0000002101
400 0.0000002093
401 0.0000002085
402 0.0000002077
403 0.0000002070
404 0.0000002062
405 0.0000002054
406 0.0000002047
407 0.0000002039
408 0.0000002031
409 0.0000002024
410 0.0000002017
411 0.0000002009
412 0.0000002002
413 0.0000001994
414 0.0000001987
415 0.0000001980
416 0.0000001973
417 0.0000001965
418 0.0000001958
419 0.0000001951
420 0.0000001944
421 0.0000001937
422 0.0000001930
423 0.0000001923
424 0.0000001916
425 0.0000001909
426 0.0000001903
427 0.0000001896
428 0.0000001889
429 0.0000001882
430 0.0000001876
431 0.0000001869
432 0.0000001862
433 0.0000001856
434 0.0000001849
435 0.0000001843
436 0.0000001836
437 0.0000001830
438 0.0000001823
439 0.0000001817
440 0.0000001811
441 0.0000001804
442 0.0000001798
443 0.0000001792
444 0.0000001786
445 0.0000001779
446 0.0000001773
447 0.0000001767
448 0.0000001761
449 0.0000001755
450 0.0000001749
451 0.0000001743
452 0.0000001737
453 0.0000001731
454 0.0000001725
455 0.0000001719
456 0.0000001713
457 0.0000001707
458 0.0000001702
459 0.0000001696
460 0.0000001690
461 0.0000001684
462 0.0000001679
463 0.0000001673
464 0.0000001667
465 0.0000001662
466 0.0000001656
467 0.0000001651
468 0.0000001645
469 0.0000001640
470 0.0000001634
471 0.0000001629
472 0.0000001623
473 0.0000001618
474 0.0000001613
475 0.0000001607
476 0.0000001602
477 0.0000001597
478 0.0000001591
479 0.0000001586
480 0.0000001581
481 0.0000001576
482 0.0000001571
483 0.0000001565
484 0.0000001560
485 0.0000001555
486 0.0000001550
487 0.0000001545
488 0.0000001540
489 0.0000001535
490 0.0000001530
491 0.0000001525
492 0.0000001520
493 0.0000001515
494 0.0000001511
495 0.0000001506
496 0.0000001501
497 0.0000001496
498 0.0000001491
499 0.0000001487
500 0.0000001482
501 0.0000001477
502 0.0000001472
503 0.0000001468
504 0.0000001463
505 0.0000001458
506 0.0000001454
507 0.0000001449
508 0.0000001445
509 0.0000001440
510 0.0000001436
511 0.0000001431
512 0.0000001427
513 0.0000001422
514 0.0000001418
515 0.0000001413
516 0.0000001409
517 0.0000001404
518 0.0000001400
519 0.0000001396
520 0.0000001391
521 0.0000001387
522 0.0000001383
523 0.0000001379
524 0.0000001374
525 0.0000001370
526 0.0000001366
527 0.0000001362
528 0.0000001357
529 0.0000001353
530 0.0000001349
531 0.0000001345
532 0.0000001341
533 0.0000001337
534 0.0000001333
535 0.0000001329
536 0.0000001325
537 0.0000001321
538 0.0000001317
539 0.0000001313
540 0.0000001309
541 0.0000001305
542 0.0000001301
543 0.0000001297
544 0.0000001293
545 0.0000001289
546 0.0000001285
547 0.0000001282
548 0.0000001278
549 0.0000001274
550 0.0000001270
551 0.0000001266
552 0.0000001263
553 0.0000001259
554 0.0000001255
555 0.0000001251
556 0.0000001248
557 0.0000001244
558 0.0000001240
559 0.0000001237
560 0.0000001233
561 0.0000001229
562 0.0000001226
563 0.0000001222
564 0.0000001219
565 0.0000001215
566 0.0000001212
567 0.0000001208
568 0.0000001205
569 0.0000001201
570 0.0000001198
571 0.0000001194
572 0.0000001191
573 0.0000001187
574 0.0000001184
575 0.0000001180
576 0.0000001177
577 0.0000001174
578 0.0000001170
579 0.0000001167
580 0.0000001163
581 0.0000001160
582 0.0000001157
583 0.0000001153
584 0.0000001150
585 0.0000001147
586 0.0000001144
587 0.0000001140
588 0.0000001137
589 0.0000001134
590 0.0000001131
591 0.0000001128
592 0.0000001124
593 0.0000001121
594 0.0000001118
595 0.0000001115
596 0.0000001112
597 0.0000001109
598 0.0000001105
599 0.0000001102
600 0.0000001099
601 0.0000001096
602 0.0000001093
603 0.0000001090
604 0.0000001087
605 0.0000001084
606 0.0000001081
607 0.0000001078
608 0.0000001075
609 0.0000001072
610 0.0000001069
611 0.0000001066
612 0.0000001063
613 0.0000001060
614 0.0000001057
615 0.0000001054
616 0.0000001052
617 0.0000001049
618 0.0000001046
619 0.0000001043
620 0.0000001040
621 0.0000001037
622 0.0000001034
623 0.0000001032
624 0.0000001029
625 0.0000001026
626 0.0000001023
627 0.0000001020
628 0.0000001018
629 0.0000001015
630 0.0000001012
631 0.0000001009
632 0.0000001007
633 0.0000001004
634 0.0000001001
635 0.0000000999
636 0.0000000996
637 0.0000000993
638 0.0000000991
639 0.0000000988
640 0.0000000985
641 0.0000000983
642 0.0000000980
643 0.0000000977
644 0.0000000975
645 0.0000000972
646 0.0000000970
647 0.0000000967
648 0.0000000965
649 0.0000000962
650 0.0000000959
651 0.0000000957
652 0.0000000954
653 0.0000000952
654 0.0000000949
655 0.0000000947
656 0.0000000944
657 0.0000000942
658 0.0000000939
659 0.0000000937
660 0.0000000934
661 0.0000000932
662 0.0000000930
663 0.0000000927
664 0.0000000925
665 0.0000000922
666 0.0000000920
667 0.0000000918
668 0.0000000915
669 0.0000000913
670 0.0000000910
671 0.0000000908
672 0.0000000906
673 0.0000000903
674 0.0000000901
675 0.0000000899
676 0.0000000896
677 0.0000000894
678 0.0000000892
679 0.0000000890
680 0.0000000887
681 0.0000000885
682 0.0000000883
683 0.0000000881
684 0.0000000878
685 0.0000000876
686 0.0000000874
687 0.0000000872
688 0.0000000869
689 0.0000000867
690 0.0000000865
691 0.0000000863
692 0.0000000861
693 0.0000000858
694 0.0000000856
695 0.0000000854
696 0.0000000852
697 0.0000000850
698 0.0000000848
699 0.0000000846
700 0.0000000843
701 0.0000000841
702 0.0000000839
703 0.0000000837
704 0.0000000835
705 0.0000000833
706 0.0000000831
707 0.0000000829
708 0.0000000827
709 0.0000000825
710 0.0000000823
711 0.0000000821
712 0.0000000819
713 0.0000000817
714 0.0000000815
715 0.0000000812
716 0.0000000810
717 0.0000000808
718 0.0000000807
719 0.0000000805
720 0.0000000803
721 0.0000000801
722 0.0000000799
723 0.0000000797
724 0.0000000795
725 0.0000000793
726 0.0000000791
727 0.0000000789
728 0.0000000787
729 0.0000000785
730 0.0000000783
731 0.0000000781
732 0.0000000779
733 0.0000000777
734 0.0000000776
735 0.0000000774
736 0.0000000772
737 0.0000000770
738 0.0000000768
739 0.0000000766
740 0.0000000764
741 0.0000000763
742 0.0000000761
743 0.0000000759
744 0.0000000757
745 0.0000000755
746 0.0000000753
747 0.0000000752
748 0.0000000750
749 0.0000000748
750 0.0000000746
751 0.0000000744
752 0.0000000743
753 0.0000000741
754 0.0000000739
755 0.0000000737
756 0.0000000736
757 0.0000000734
758 0.0000000732
759 0.0000000730
760 0.0000000729
761 0.0000000727
762 0.0000000725
763 0.0000000724
764 0.0000000722
765 0.0000000720
766 0.0000000718
767 0.0000000717
768 0.0000000715
769 0.0000000713
770 0.0000000712
771 0.0000000710
772 0.0000000708
773 0.0000000707
774 0.0000000705
775 0.0000000703
776 0.0000000702
777 0.0000000700
778 0.0000000699
779 0.0000000697
780 0.0000000695
781 0.0000000694
782 0.0000000692
783 0.0000000690
784 0.0000000689
785 0.0000000687
786 0.0000000686
787 0.0000000684
788 0.0000000683
789 0.0000000681
790 0.0000000679
791 0.0000000678
792 0.0000000676
793 0.0000000675
794 0.0000000673
795 0.0000000672
796 0.0000000670
797 0.0000000669
798 0.0000000667
799 0.0000000666
800 0.0000000664
801 0.0000000663
802 0.0000000661
803 0.0000000660
804 0.0000000658
805 0.0000000657
806 0.0000000655
807 0.0000000654
808 0.0000000652
809 0.0000000651
810 0.0000000649
811 0.0000000648
812 0.0000000646
813 0.0000000645
814 0.0000000643
815 0.0000000642
816 0.0000000640
817 0.0000000639
818 0.0000000638
819 0.0000000636
820 0.0000000635
821 0.0000000633
822 0.0000000632
823 0.0000000630
824 0.0000000629
825 0.0000000628
826 0.0000000626
827 0.0000000625
828 0.0000000623
829 0.0000000622
830 0.0000000621
831 0.0000000619
832 0.0000000618
833 0.0000000617
834 0.0000000615
835 0.0000000614
836 0.0000000612
837 0.0000000611
838 0.0000000610
839 0.0000000608
840 0.0000000607
841 0.0000000606
842 0.0000000604
843 0.0000000603
844 0.0000000602
845 0.0000000600
846 0.0000000599
847 0.0000000598
848 0.0000000596
849 0.0000000595
850 0.0000000594
851 0.0000000593
852 0.0000000591
853 0.0000000590
854 0.0000000589
855 0.0000000587
856 0.0000000586
857 0.0000000585
858 0.0000000584
859 0.0000000582
860 0.0000000581
861 0.0000000580
862 0.0000000579
863 0.0000000577
864 0.0000000576
865 0.0000000575
866 0.0000000574
867 0.0000000572
868 0.0000000571
869 0.0000000570
870 0.0000000569
871 0.0000000567
872 0.0000000566
873 0.0000000565
874 0.0000000564
875 0.0000000563
876 0.0000000561
877 0.0000000560
878 0.0000000559
879 0.0000000558
880 0.0000000557
881 0.0000000555
882 0.0000000554
883 0.0000000553
884 0.0000000552
885 0.0000000551
886 0.0000000550
887 0.0000000548
888 0.0000000547
889 0.0000000546
890 0.0000000545
891 0.0000000544
892 0.0000000543
893 0.0000000542
894 0.0000000540
895 0.0000000539
896 0.0000000538
897 0.0000000537
898 0.0000000536
899 0.0000000535
900 0.0000000534
901 0.0000000533
902 0.0000000531
903 0.0000000530
904 0.0000000529
905 0.0000000528
906 0.0000000527
907 0.0000000526
908 0.0000000525
909 0.0000000524
910 0.0000000523
911 0.0000000522
912 0.0000000520
913 0.0000000519
914 0.0000000518
915 0.0000000517
916 0.0000000516
917 0.0000000515
918 0.0000000514
919 0.0000000513
920 0.0000000512
921 0.0000000511
922 0.0000000510
923 0.0000000509
924 0.0000000508
925 0.0000000507
926 0.0000000506
927 0.0000000505
928 0.0000000504
929 0.0000000503
930 0.0000000501
931 0.0000000500
932 0.0000000499
933 0.0000000498
934 0.0000000497
935 0.0000000496
936 0.0000000495
937 0.0000000494
938 0.0000000493
939 0.0000000492
940 0.0000000491
941 0.0000000490
942 0.0000000489
943 0.0000000488
944 0.0000000487
945 0.0000000486
946 0.0000000485
947 0.0000000484
948 0.0000000483
949 0.0000000483
950 0.0000000482
951 0.0000000481
952 0.0000000480
953 0.0000000479
954 0.0000000478
955 0.0000000477
956 0.0000000476
957 0.0000000475
958 0.0000000474
959 0.0000000473
960 0.0000000472
961 0.0000000471
962 0.0000000470
963 0.0000000469
964 0.0000000468
965 0.0000000467
966 0.0000000466
967 0.0000000465
968 0.0000000464
969 0.0000000464
970 0.0000000463
971 0.0000000462
972 0.0000000461
973 0.0000000460
974 0.0000000459
975 0.0000000458
976 0.0000000457
977 0.0000000456
978 0.0000000455
979 0.0000000454
980 0.0000000454
981 0.0000000453
982 0.0000000452
983 0.0000000451
984 0.0000000450
985 0.0000000449
986 0.0000000448
987 0.0000000447
988 0.0000000447
989 0.0000000446
990 0.0000000445
991 0.0000000444
992 0.0000000443
993 0.0000000442
994 0.0000000441
995 0.0000000440
996 0.0000000440
997 0.0000000439
998 0.0000000438
999 0.0000000437
1000 0.0000000436
1001 0.0000000435
1002 0.0000000435
1003 0.0000000434
1004 0.0000000433
1005 0.0000000432
1006 0.0000000431
1007 0.0000000430
1008 0.0000000429
1009 0.0000000429
1010 0.0000000428
1011 0.0000000427
1012 0.0000000426
1013 0.0000000425
1014 0.0000000425
1015 0.0000000424
1016 0.0000000423
1017 0.0000000422
1018 0.0000000421
1019 0.0000000421
1020 0.0000000420
1021 0.0000000419
1022 0.0000000418
1023 0.0000000417
1024 0.0000000417
1025 0.0000000416
1026 0.0000000415
1027 0.0000000414
1028 0.0000000413
1029 0.0000000413
1030 0.0000000412
1031 0.0000000411
1032 0.0000000410
1033 0.0000000409
1034 0.0000000409
1035 0.0000000408
1036 0.0000000407
1037 0.0000000406
1038 0.0000000406
1039 0.0000000405
1040 0.0000000404
1041 0.0000000403
1042 0.0000000403
1043 0.0000000402
1044 0.0000000401
1045 0.0000000400
1046 0.0000000400
1047 0.0000000399
1048 0.0000000398
1049 0.0000000397
1050 0.0000000397
1051 0.0000000396
1052 0.0000000395
1053 0.0000000394
1054 0.0000000394
1055 0.0000000393
1056 0.0000000392
1057 0.0000000391
1058 0.0000000391
1059 0.0000000390
1060 0.0000000389
1061 0.0000000388
1062 0.0000000388
1063 0.0000000387
1064 0.0000000386
1065 0.0000000386
1066 0.0000000385
1067 0.0000000384
1068 0.0000000383
1069 0.0000000383
1070 0.0000000382
1071 0.0000000381
1072 0.0000000381
1073 0.0000000380
1074 0.0000000379
1075 0.0000000379
1076 0.0000000378
1077 0.0000000377
1078 0.0000000376
1079 0.0000000376
1080 0.0000000375
1081 0.0000000374
1082 0.0000000374
1083 0.0000000373
1084 0.0000000372
1085 0.0000000372
1086 0.0000000371
1087 0.0000000370
1088 0.0000000370
1089 0.0000000369
1090 0.0000000368
1091 0.0000000368
1092 0.0000000367
1093 0.0000000366
1094 0.0000000366
1095 0.0000000365
1096 0.0000000364
1097 0.0000000364
1098 0.0000000363
1099 0.0000000362
1100 0.0000000362
1101 0.0000000361
1102 0.0000000360
1103 0.0000000360
1104 0.0000000359
1105 0.0000000358
1106 0.0000000358
1107 0.0000000357
1108 0.0000000356
1109 0.0000000356
1110 0.0000000355
1111 0.0000000355
1112 0.0000000354
1113 0.0000000353
1114 0.0000000353
1115 0.0000000352
1116 0.0000000351
1117 0.0000000351
1118 0.0000000350
1119 0.0000000350
1120 0.0000000349
1121 0.0000000348
1122 0.0000000348
1123 0.0000000347
1124 0.0000000346
1125 0.0000000346
1126 0.0000000345
1127 0.0000000345
1128 0.0000000344
1129 0.0000000343
1130 0.0000000343
1131 0.0000000342
1132 0.0000000342
1133 0.0000000341
1134 0.0000000340
1135 0.0000000340
1136 0.0000000339
1137 0.0000000339
1138 0.0000000338
1139 0.0000000337
1140 0.0000000337
1141 0.0000000336
1142 0.0000000336
1143 0.0000000335
1144 0.0000000334
1145 0.0000000334
1146 0.0000000333
1147 0.0000000333
1148 0.0000000332
1149 0.0000000331
1150 0.0000000331
1151 0.0000000330
1152 0.0000000330
1153 0.0000000329
1154 0.0000000329
1155 0.0000000328
1156 0.0000000327
1157 0.0000000327
1158 0.0000000326
1159 0.0000000326
1160 0.0000000325
1161 0.0000000325
1162 0.0000000324
1163 0.0000000323
1164 0.0000000323
1165 0.0000000322
1166 0.0000000322
1167 0.0000000321
1168 0.0000000321
1169 0.0000000320
1170 0.0000000320
1171 0.0000000319
1172 0.0000000318
1173 0.0000000318
1174 0.0000000317
1175 0.0000000317
1176 0.0000000316
1177 0.0000000316
1178 0.0000000315
1179 0.0000000315
1180 0.0000000314
1181 0.0000000314
1182 0.0000000313
1183 0.0000000313
1184 0.0000000312
1185 0.0000000311
1186 0.0000000311
1187 0.0000000310
1188 0.0000000310
1189 0.0000000309
1190 0.0000000309
1191 0.0000000308
1192 0.0000000308
1193 0.0000000307
1194 0.0000000307
1195 0.0000000306
1196 0.0000000306
1197 0.0000000305
1198 0.0000000305
1199 0.0000000304
1200 0.0000000304
1201 0.0000000303
1202 0.0000000303
1203 0.0000000302
1204 0.0000000302
1205 0.0000000301
1206 0.0000000301
1207 0.0000000300
1208 0.0000000300
1209 0.0000000299
1210 0.0000000298
1211 0.0000000298
1212 0.0000000297
1213 0.0000000297
1214 0.0000000296
1215 0.0000000296
1216 0.0000000296
1217 0.0000000295
1218 0.0000000295
1219 0.0000000294
1220 0.0000000294
1221 0.0000000293
1222 0.0000000293
1223 0.0000000292
1224 0.0000000292
1225 0.0000000291
1226 0.0000000291
1227 0.0000000290
1228 0.0000000290
1229 0.0000000289
1230 0.0000000289
1231 0.0000000288
1232 0.0000000288
1233 0.0000000287
1234 0.0000000287
1235 0.0000000286
1236 0.0000000286
1237 0.0000000285
1238 0.0000000285
1239 0.0000000284
1240 0.0000000284
1241 0.0000000283
1242 0.0000000283
1243 0.0000000283
1244 0.0000000282
1245 0.0000000282
1246 0.0000000281
1247 0.0000000281
1248 0.0000000280
1249 0.0000000280
1250 0.0000000279
1251 0.0000000279
1252 0.0000000278
1253 0.0000000278
1254 0.0000000277
1255 0.0000000277
1256 0.0000000277
1257 0.0000000276
1258 0.0000000276
1259 0.0000000275
1260 0.0000000275
1261 0.0000000274
1262 0.0000000274
1263 0.0000000273
1264 0.0000000273
1265 0.0000000273
1266 0.0000000272
1267 0.0000000272
1268 0.0000000271
1269 0.0000000271
1270 0.0000000270
1271 0.0000000270
1272 0.0000000269
1273 0.0000000269
1274 0.0000000269
1275 0.0000000268
1276 0.0000000268
1277 0.0000000267
1278 0.0000000267
1279 0.0000000266
1280 0.0000000266
1281 0.0000000266
1282 0.0000000265
1283 0.0000000265
1284 0.0000000264
1285 0.0000000264
1286 0.0000000263
1287 0.0000000263
1288 0.0000000263
1289 0.0000000262
1290 0.0000000262
1291 0.0000000261
1292 0.0000000261
1293 0.0000000260
1294 0.0000000260
1295 0.0000000260
1296 0.0000000259
1297 0.0000000259
1298 0.0000000258
1299 0.0000000258
1300 0.0000000258
1301 0.0000000257
1302 0.0000000257
1303 0.0000000256
1304 0.0000000256
1305 0.0000000256
1306 0.0000000255
1307 0.0000000255
1308 0.0000000254
1309 0.0000000254
1310 0.0000000253
1311 0.0000000253
1312 0.0000000253
1313 0.0000000252
1314 0.0000000252
1315 0.0000000251
1316 0.0000000251
1317 0.0000000251
1318 0.0000000250
1319 0.0000000250
1320 0.0000000250
1321 0.0000000249
1322 0.0000000249
1323 0.0000000248
1324 0.0000000248
1325 0.0000000248
1326 0.0000000247
1327 0.0000000247
1328 0.0000000246
1329 0.0000000246
1330 0.0000000246
1331 0.0000000245
1332 0.0000000245
1333 0.0000000244
1334 0.0000000244
1335 0.0000000244
1336 0.0000000243
1337 0.0000000243
1338 0.0000000243
1339 0.0000000242
1340 0.0000000242
1341 0.0000000241
1342 0.0000000241
1343 0.0000000241
1344 0.0000000240
1345 0.0000000240
1346 0.0000000240
1347 0.0000000239
1348 0.0000000239
1349 0.0000000238
1350 0.0000000238
1351 0.0000000238
1352 0.0000000237
1353 0.0000000237
1354 0.0000000237
1355 0.0000000236
1356 0.0000000236
1357 0.0000000236
1358 0.0000000235
1359 0.0000000235
1360 0.0000000234
1361 0.0000000234
1362 0.0000000234
1363 0.0000000233
1364 0.0000000233
1365 0.0000000233
1366 0.0000000232
1367 0.0000000232
1368 0.0000000232
1369 0.0000000231
1370 0.0000000231
1371 0.0000000230
1372 0.0000000230
1373 0.0000000230
1374 0.0000000229
1375 0.0000000229
1376 0.0000000229
1377 0.0000000228
1378 0.0000000228
1379 0.0000000228
1380 0.0000000227
1381 0.0000000227
1382 0.0000000227
1383 0.0000000226
1384 0.0000000226
1385 0.0000000226
1386 0.0000000225
1387 0.0000000225
1388 0.0000000225
1389 0.0000000224
1390 0.0000000224
1391 0.0000000224
1392 0.0000000223
1393 0.0000000223
1394 0.0000000223
1395 0.0000000222
1396 0.0000000222
1397 0.0000000222
1398 0.0000000221
1399 0.0000000221
1400 0.0000000221
1401 0.0000000220
1402 0.0000000220
1403 0.0000000220
1404 0.0000000219
1405 0.0000000219
1406 0.0000000219
1407 0.0000000218
1408 0.0000000218
1409 0.0000000218
1410 0.0000000217
1411 0.0000000217
1412 0.0000000217
1413 0.0000000216
1414 0.0000000216
1415 0.0000000216
1416 0.0000000215
1417 0.0000000215
1418 0.0000000215
1419 0.0000000214
1420 0.0000000214
1421 0.0000000214
1422 0.0000000213
1423 0.0000000213
1424 0.0000000213
1425 0.0000000212
1426 0.0000000212
1427 0.0000000212
1428 0.0000000212
1429 0.0000000211
1430 0.0000000211
1431 0.0000000211
1432 0.0000000210
1433 0.0000000210
1434 0.0000000210
1435 0.0000000209
1436 0.0000000209
1437 0.0000000209
1438 0.0000000208
1439 0.0000000208
1440 0.0000000208
1441 0.0000000207
1442 0.0000000207
1443 0.0000000207
1444 0.0000000207
1445 0.0000000206
1446 0.0000000206
1447 0.0000000206
1448 0.0000000205
1449 0.0000000205
1450 0.0000000205
1451 0.0000000204
1452 0.0000000204
1453 0.0000000204
1454 0.0000000204
1455 0.0000000203
1456 0.0000000203
1457 0.0000000203
1458 0.0000000202
1459 0.0000000202
1460 0.0000000202
1461 0.0000000201
1462 0.0000000201
1463 0.0000000201
1464 0.0000000201
1465 0.0000000200
1466 0.0000000200
1467 0.0000000200
1468 0.0000000199
1469 0.0000000199
1470 0.0000000199
1471 0.0000000199
1472 0.0000000198
1473 0.0000000198
1474 0.0000000198
1475 0.0000000197
1476 0.0000000197
1477 0.0000000197
1478 0.0000000197
1479 0.0000000196
1480 0.0000000196
1481 0.0000000196
1482 0.0000000195
1483 0.0000000195
1484 0.0000000195
1485 0.0000000195
1486 0.0000000194
1487 0.0000000194
1488 0.0000000194
1489 0.0000000193
1490 0.0000000193
1491 0.0000000193
1492 0.0000000193
1493 0.0000000192
1494 0.0000000192
1495 0.0000000192
1496 0.0000000192
1497 0.0000000191
1498 0.0000000191
1499 0.0000000191
1500 0.0000000190
1501 0.0000000190
1502 0.0000000190
1503 0.0000000190
1504 0.0000000189
1505 0.0000000189
1506 0.0000000189
1507 0.0000000189
1508 0.0000000188
1509 0.0000000188
1510 0.0000000188
1511 0.0000000187
1512 0.0000000187
1513 0.0000000187
1514 0.0000000187
1515 0.0000000186
1516 0.0000000186
1517 0.0000000186
1518 0.0000000186
1519 0.0000000185
1520 0.0000000185
1521 0.0000000185
1522 0.0000000185
1523 0.0000000184
1524 0.0000000184
1525 0.0000000184
1526 0.0000000184
1527 0.0000000183
1528 0.0000000183
1529 0.0000000183
1530 0.0000000182
1531 0.0000000182
1532 0.0000000182
1533 0.0000000182
1534 0.0000000181
1535 0.0000000181
1536 0.0000000181
1537 0.0000000181
1538 0.0000000180
1539 0.0000000180
1540 0.0000000180
1541 0.0000000180
1542 0.0000000179
1543 0.0000000179
1544 0.0000000179
1545 0.0000000179
1546 0.0000000178
1547 0.0000000178
1548 0.0000000178
1549 0.0000000178
1550 0.0000000177
1551 0.0000000177
1552 0.0000000177
1553 0.0000000177
1554 0.0000000176
1555 0.0000000176
1556 0.0000000176
1557 0.0000000176
1558 0.0000000175
1559 0.0000000175
1560 0.0000000175
1561 0.0000000175
1562 0.0000000175
1563 0.0000000174
1564 0.0000000174
1565 0.0000000174
1566 0.0000000174
1567 0.0000000173
1568 0.0000000173
1569 0.0000000173
1570 0.0000000173
1571 0.0000000172
1572 0.0000000172
1573 0.0000000172
1574 0.0000000172
1575 0.0000000171
1576 0.0000000171
1577 0.0000000171
1578 0.0000000171
1579 0.0000000170
1580 0.0000000170
1581 0.0000000170
1582 0.0000000170
1583 0.0000000170
1584 0.0000000169
1585 0.0000000169
1586 0.0000000169
1587 0.0000000169
1588 0.0000000168
1589 0.0000000168
1590 0.0000000168
1591 0.0000000168
1592 0.0000000167
1593 0.0000000167
1594 0.0000000167
1595 0.0000000167
1596 0.0000000167
1597 0.0000000166
1598 0.0000000166
1599 0.0000000166
1600 0.0000000166
1601 0.0000000165
1602 0.0000000165
1603 0.0000000165
1604 0.0000000165
1605 0.0000000164
1606 0.0000000164
1607 0.0000000164
1608 0.0000000164
1609 0.0000000164
1610 0.0000000163
1611 0.0000000163
1612 0.0000000163
1613 0.0000000163
1614 0.0000000162
1615 0.0000000162
1616 0.0000000162
1617 0.0000000162
1618 0.0000000162
1619 0.0000000161
1620 0.0000000161
1621 0.0000000161
1622 0.0000000161
1623 0.0000000161
1624 0.0000000160
1625 0.0000000160
1626 0.0000000160
1627 0.0000000160
1628 0.0000000159
1629 0.0000000159
1630 0.0000000159
1631 0.0000000159
1632 0.0000000159
1633 0.0000000158
1634 0.0000000158
1635 0.0000000158
1636 0.0000000158
1637 0.0000000158
1638 0.0000000157
1639 0.0000000157
1640 0.0000000157
1641 0.0000000157
1642 0.0000000156
1643 0.0000000156
1644 0.0000000156
1645 0.0000000156
1646 0.0000000156
1647 0.0000000155
1648 0.0000000155
1649 0.0000000155
1650 0.0000000155
1651 0.0000000155
1652 0.0000000154
1653 0.0000000154
1654 0.0000000154
1655 0.0000000154
1656 0.0000000154
1657 0.0000000153
1658 0.0000000153
1659 0.0000000153
1660 0.0000000153
1661 0.0000000153
1662 0.0000000152
1663 0.0000000152
1664 0.0000000152
1665 0.0000000152
1666 0.0000000152
1667 0.0000000151
1668 0.0000000151
1669 0.0000000151
1670 0.0000000151
1671 0.0000000151
1672 0.0000000150
1673 0.0000000150
1674 0.0000000150
1675 0.0000000150
1676 0.0000000150
1677 0.0000000149
1678 0.0000000149
1679 0.0000000149
1680 0.0000000149
1681 0.0000000149
1682 0.0000000148
1683 0.0000000148
1684 0.0000000148
1685 0.0000000148
1686 0.0000000148
1687 0.0000000147
1688 0.0000000147
1689 0.0000000147
1690 0.0000000147
1691 0.0000000147
1692 0.0000000146
1693 0.0000000146
1694 0.0000000146
1695 0.0000000146
1696 0.0000000146
1697 0.0000000145
1698 0.0000000145
1699 0.0000000145
1700 0.0000000145
1701 0.0000000145
1702 0.0000000145
1703 0.0000000144
1704 0.0000000144
1705 0.0000000144
1706 0.0000000144
1707 0.0000000144
1708 0.0000000143
1709 0.0000000143
1710 0.0000000143
1711 0.0000000143
1712 0.0000000143
1713 0.0000000142
1714 0.0000000142
1715 0.0000000142
1716 0.0000000142
1717 0.0000000142
1718 0.0000000142
1719 0.0000000141
1720 0.0000000141
1721 0.0000000141
1722 0.0000000141
1723 0.0000000141
1724 0.0000000140
1725 0.0000000140
1726 0.0000000140
1727 0.0000000140
1728 0.0000000140
1729 0.0000000140
1730 0.0000000139
1731 0.0000000139
1732 0.0000000139
1733 0.0000000139
1734 0.0000000139
1735 0.0000000138
1736 0.0000000138
1737 0.0000000138
1738 0.0000000138
1739 0.0000000138
1740 0.0000000138
1741 0.0000000137
1742 0.0000000137
1743 0.0000000137
1744 0.0000000137
1745 0.0000000137
1746 0.0000000136
1747 0.0000000136
1748 0.0000000136
1749 0.0000000136
1750 0.0000000136
1751 0.0000000136
1752 0.0000000135
1753 0.0000000135
1754 0.0000000135
1755 0.0000000135
1756 0.0000000135
1757 0.0000000135
1758 0.0000000134
1759 0.0000000134
1760 0.0000000134
1761 0.0000000134
1762 0.0000000134
1763 0.0000000134
1764 0.0000000133
1765 0.0000000133
1766 0.0000000133
1767 0.0000000133
1768 0.0000000133
1769 0.0000000133
1770 0.0000000132
1771 0.0000000132
1772 0.0000000132
1773 0.0000000132
1774 0.0000000132
1775 0.0000000131
1776 0.0000000131
1777 0.0000000131
1778 0.0000000131
1779 0.0000000131
1780 0.0000000131
1781 0.0000000130
1782 0.0000000130
1783 0.0000000130
1784 0.0000000130
1785 0.0000000130
1786 0.0000000130
1787 0.0000000129
1788 0.0000000129
1789 0.0000000129
1790 0.0000000129
1791 0.0000000129
1792 0.0000000129
1793 0.0000000128
1794 0.0000000128
1795 0.0000000128
1796 0.0000000128
1797 0.0000000128
1798 0.0000000128
1799 0.0000000128
1800 0.0000000127
1801 0.0000000127
1802 0.0000000127
1803 0.0000000127
1804 0.0000000127
1805 0.0000000127
1806 0.0000000126
1807 0.0000000126
1808 0.0000000126
1809 0.0000000126
1810 0.0000000126
1811 0.0000000126
1812 0.0000000125
1813 0.0000000125
1814 0.0000000125
1815 0.0000000125
1816 0.0000000125
1817 0.0000000125
1818 0.0000000124
1819 0.0000000124
1820 0.0000000124
1821 0.0000000124
1822 0.0000000124
1823 0.0000000124
1824 0.0000000123
1825 0.0000000123
1826 0.0000000123
1827 0.0000000123
1828 0.0000000123
1829 0.0000000123
1830 0.0000000123
1831 0.0000000122
1832 0.0000000122
1833 0.0000000122
1834 0.0000000122
1835 0.0000000122
1836 0.0000000122
1837 0.0000000121
1838 0.0000000121
1839 0.0000000121
1840 0.0000000121
1841 0.0000000121
1842 0.0000000121
1843 0.0000000120
1844 0.0000000120
1845 0.0000000120
1846 0.0000000120
1847 0.0000000120
1848 0.0000000120
1849 0.0000000120
1850 0.0000000119
1851 0.0000000119
1852 0.0000000119
1853 0.0000000119
1854 0.0000000119
1855 0.0000000119
1856 0.0000000118
1857 0.0000000118
1858 0.0000000118
1859 0.0000000118
1860 0.0000000118
1861 0.0000000118
1862 0.0000000118
1863 0.0000000117
1864 0.0000000117
1865 0.0000000117
1866 0.0000000117
1867 0.0000000117
1868 0.0000000117
1869 0.0000000116
1870 0.0000000116
1871 0.0000000116
1872 0.0000000116
1873 0.0000000116
1874 0.0000000116
1875 0.0000000116
1876 0.0000000115
1877 0.0000000115
1878 0.0000000115
1879 0.0000000115
1880 0.0000000115
1881 0.0000000115
1882 0.0000000114
1883 0.0000000114
1884 0.0000000114
1885 0.0000000114
1886 0.0000000114
1887 0.0000000114
1888 0.0000000114
1889 0.0000000113
1890 0.0000000113
1891 0.0000000113
1892 0.0000000113
1893 0.0000000113
1894 0.0000000113
1895 0.0000000113
1896 0.0000000112
1897 0.0000000112
1898 0.0000000112
1899 0.0000000112
1900 0.0000000112
1901 0.0000000112
1902 0.0000000111
1903 0.0000000111
1904 0.0000000111
1905 0.0000000111
1906 0.0000000111
1907 0.0000000111
1908 0.0000000111
1909 0.0000000110
1910 0.0000000110
1911 0.0000000110
1912 0.0000000110
1913 0.0000000110
1914 0.0000000110
1915 0.0000000109
1916 0.0000000109
1917 0.0000000109
1918 0.0000000109
1919 0.0000000109
1920 0.0000000109
1921 0.0000000109
1922 0.0000000108
1923 0.0000000108
1924 0.0000000108
1925 0.0000000108
1926 0.0000000108
1927 0.0000000108
1928 0.0000000107
1929 0.0000000107
1930 0.0000000107
1931 0.0000000107
1932 0.0000000107
1933 0.0000000107
1934 0.0000000106
1935 0.0000000106
1936 0.0000000106
1937 0.0000000106
1938 0.0000000106
1939 0.0000000106
1940 0.0000000105
1941 0.0000000105
1942 0.0000000105
1943 0.0000000105
1944 0.0000000105
1945 0.0000000105
1946 0.0000000105
1947 0.0000000104
1948 0.0000000104
1949 0.0000000104
1950 0.0000000104
1951 0.0000000104
1952 0.0000000104
1953 0.0000000103
1954 0.0000000103
1955 0.0000000103
1956 0.0000000103
1957 0.0000000103
1958 0.0000000102
1959 0.0000000102
1960 0.0000000102
1961 0.0000000102
1962 0.0000000102
1963 0.0000000102
1964 0.0000000101
1965 0.0000000101
1966 0.0000000101
1967 0.0000000101
1968 0.0000000101
1969 0.0000000100
1970 0.0000000100
1971 0.0000000100
1972 0.0000000100
1973 0.0000000100
1974 0.0000000099
1975 0.0000000099
1976 0.0000000099
1977 0.0000000099
1978 0.0000000099
1979 0.0000000098
1980 0.0000000098
1981 0.0000000098
1982 0.0000000098
1983 0.0000000098
1984 0.0000000097
1985 0.0000000097
1986 0.0000000097
1987 0.0000000096
1988 0.0000000096
1989 0.0000000096
1990 0.0000000096
1991 0.0000000095
1992 0.0000000095
1993 0.0000000094
1994 0.0000000094
1995 0.0000000093
1996 0.0000000092
1997 0.0000000090
1998 0.0000000087
1999 0.0000000078
2000 0.0000000000
