0 316
0 0.9487188241
1 0.0135520404
2 0.0045933665
3 0.0028587954
4 0.0019013563
5 0.0013974334
6 0.0011038524
7 0.0009141218
8 0.0007824100
9 0.0006860044
10 0.0006123170
11 0.0005539446
12 0.0005063526
13 0.0004666524
14 0.0004329299
15 0.0004038666
16 0.0003785221
17 0.0003562039
18 0.0003363884
19 0.0003186703
20 0.0003027297
21 0.0002883101
22 0.0002752029
23 0.0002632361
24 0.0002522668
25 0.0002421753
26 0.0002328603
27 0.0002242352
28 0.0002162263
29 0.0002087698
30 0.0002018104
31 0.0001952999
32 0.0001891964
33 0.0001834628
34 0.0001780665
35 0.0001729785
36 0.0001681733
37 0.0001636276
38 0.0001593213
39 0.0001552358
40 0.0001513546
41 0.0001476627
42 0.0001441466
43 0.0001407941
44 0.0001375939
45 0.0001345360
46 0.0001316110
47 0.0001288104
48 0.0001261266
49 0.0001235523
50 0.0001210810
51 0.0001187066
52 0.0001164235
53 0.0001142266
54 0.0001121110
55 0.0001100724
56 0.0001081066
57 0.0001062097
58 0.0001043783
59 0.0001026089
60 0.0001008985
61 0.0000992442
62 0.0000976432
63 0.0000960931
64 0.0000945914
65 0.0000931359
66 0.0000917246
67 0.0000903553
68 0.0000890263
69 0.0000877359
70 0.0000864823
71 0.0000852640
72 0.0000840796
73 0.0000829276
74 0.0000818068
75 0.0000807158
76 0.0000796535
77 0.0000786189
78 0.0000776107
79 0.0000766281
80 0.0000756701
81 0.0000747357
82 0.0000738241
83 0.0000729344
84 0.0000720660
85 0.0000712180
86 0.0000703896
87 0.0000695804
88 0.0000687895
89 0.0000680164
90 0.0000672605
91 0.0000665211
92 0.0000657979
93 0.0000650902
94 0.0000643976
95 0.0000637195
96 0.0000630556
97 0.0000624054
98 0.0000617684
99 0.0000611443
100 0.0000605327
101 0.0000599332
102 0.0000593454
103 0.0000587691
104 0.0000582038
105 0.0000576493
106 0.0000571053
107 0.0000565714
108 0.0000560474
109 0.0000555331
110 0.0000550281
111 0.0000545321
112 0.0000540451
113 0.0000535666
114 0.0000530966
115 0.0000526347
116 0.0000521808
117 0.0000517346
118 0.0000512960
119 0.0000508648
120 0.0000504408
121 0.0000500237
122 0.0000496135
123 0.0000492100
124 0.0000488130
125 0.0000484223
126 0.0000480379
127 0.0000476595
128 0.0000472869
129 0.0000469202
130 0.0000465591
131 0.0000462036
132 0.0000458534
133 0.0000455084
134 0.0000451687
135 0.0000448339
136 0.0000445041
137 0.0000441791
138 0.0000438588
139 0.0000435431
140 0.0000432319
141 0.0000429252
142 0.0000426227
143 0.0000423245
144 0.0000420304
145 0.0000417404
146 0.0000414543
147 0.0000411722
148 0.0000408938
149 0.0000406192
150 0.0000403482
151 0.0000400809
152 0.0000398170
153 0.0000395566
154 0.0000392996
155 0.0000390459
156 0.0000387955
157 0.0000385482
158 0.0000383040
159 0.0000380630
160 0.0000378249
161 0.0000375898
162 0.0000373576
163 0.0000371283
164 0.0000369018
165 0.0000366779
166 0.0000364568
167 0.0000362384
168 0.0000360225
169 0.0000358092
170 0.0000355984
171 0.0000353901
172 0.0000351841
173 0.0000349806
174 0.0000347794
175 0.0000345805
176 0.0000343839
177 0.0000341894
178 0.0000339972
179 0.0000338071
180 0.0000336191
181 0.0000334332
182 0.0000332494
183 0.0000330675
184 0.0000328876
185 0.0000327097
186 0.0000325337
187 0.0000323595
188 0.0000321872
189 0.0000320168
190 0.0000318481
191 0.0000316812
192 0.0000315160
193 0.0000313526
194 0.0000311908
195 0.0000310307
196 0.0000308722
197 0.0000307153
198 0.0000305600
199 0.0000304063
200 0.0000302541
201 0.0000301034
202 0.0000299542
203 0.0000298064
204 0.0000296602
205 0.0000295153
206 0.0000293718
207 0.0000292298
208 0.0000290891
209 0.0000289497
210 0.0000288117
211 0.0000286750
212 0.0000285395
213 0.0000284054
214 0.0000282725
215 0.0000281408
216 0.0000280103
217 0.0000278811
218 0.0000277530
219 0.0000276261
220 0.0000275003
221 0.0000273757
222 0.0000272522
223 0.0000271298
224 0.0000270085
225 0.0000268883
226 0.0000267692
227 0.0000266511
228 0.0000265340
229 0.0000264179
230 0.0000263029
231 0.0000261888
232 0.0000260758
233 0.0000259636
234 0.0000258525
235 0.0000257423
236 0.0000256330
237 0.0000255247
238 0.0000254172
239 0.0000253107
240 0.0000252050
241 0.0000251003
242 0.0000249963
243 0.0000248933
244 0.0000247910
245 0.0000246897
246 0.0000245891
247 0.0000244893
248 0.0000243904
249 0.0000242922
250 0.0000241948
251 0.0000240982
252 0.0000240024
253 0.0000239073
254 0.0000238130
255 0.0000237194
256 0.0000236265
257 0.0000235344
258 0.0000234429
259 0.0000233522
260 0.0000232622
261 0.0000231728
262 0.0000230842
263 0.0000229962
264 0.0000229089
265 0.0000228222
266 0.0000227362
267 0.0000226507
268 0.0000225660
269 0.0000224819
270 0.0000223984
271 0.0000223155
272 0.0000222332
273 0.0000221515
274 0.0000220705
275 0.0000219900
276 0.0000219101
277 0.0000218307
278 0.0000217519
279 0.0000216737
280 0.0000215961
281 0.0000215190
282 0.0000214424
283 0.0000213664
284 0.0000212909
285 0.0000212159
286 0.0000211415
287 0.0000210675
288 0.0000209941
289 0.0000209212
290 0.0000208488
291 0.0000207769
292 0.0000207055
293 0.0000206345
294 0.0000205641
295 0.0000204941
296 0.0000204245
297 0.0000203555
298 0.0000202869
299 0.0000202187
300 0.0000201511
301 0.0000200838
302 0.0000200170
303 0.0000199506
304 0.0000198847
305 0.0000198192
306 0.0000197541
307 0.0000196895
308 0.0000196252
309 0.0000195614
310 0.0000194980
311 0.0000194350
312 0.0000193723
313 0.0000193101
314 0.0000192483
315 0.0000191868
316 0.0000191258
