1 316
0 0.9758708449
1 0.0094517983
2 0.0029630891
3 0.0017594076
4 0.0011355337
5 0.0008115709
6 0.0006220399
7 0.0004989993
8 0.0004134561
9 0.0003509948
10 0.0003035937
11 0.0002664861
12 0.0002366991
13 0.0002122976
14 0.0001919718
15 0.0001748044
16 0.0001601331
17 0.0001474680
18 0.0001364384
19 0.0001267587
20 0.0001182052
21 0.0001106003
22 0.0001038014
23 0.0000976922
24 0.0000921777
25 0.0000871788
26 0.0000826299
27 0.0000784755
28 0.0000746688
29 0.0000711701
30 0.0000679450
31 0.0000649642
32 0.0000622023
33 0.0000596372
34 0.0000572496
35 0.0000550224
36 0.0000529410
37 0.0000509920
38 0.0000491639
39 0.0000474462
40 0.0000458298
41 0.0000443064
42 0.0000428686
43 0.0000415096
44 0.0000402236
45 0.0000390050
46 0.0000378490
47 0.0000367511
48 0.0000357073
49 0.0000347137
50 0.0000337672
51 0.0000328645
52 0.0000320028
53 0.0000311796
54 0.0000303924
55 0.0000296391
56 0.0000289176
57 0.0000282260
58 0.0000275627
59 0.0000269259
60 0.0000263143
61 0.0000257264
62 0.0000251609
63 0.0000246167
64 0.0000240926
65 0.0000235875
66 0.0000231006
67 0.0000226309
68 0.0000221775
69 0.0000217397
70 0.0000213167
71 0.0000209078
72 0.0000205124
73 0.0000201297
74 0.0000197594
75 0.0000194007
76 0.0000190531
77 0.0000187163
78 0.0000183897
79 0.0000180729
80 0.0000177654
81 0.0000174669
82 0.0000171771
83 0.0000168955
84 0.0000166219
85 0.0000163559
86 0.0000160972
87 0.0000158455
88 0.0000156006
89 0.0000153622
90 0.0000151301
91 0.0000149040
92 0.0000146838
93 0.0000144691
94 0.0000142599
95 0.0000140559
96 0.0000138569
97 0.0000136627
98 0.0000134733
99 0.0000132883
100 0.0000131078
101 0.0000129315
102 0.0000127592
103 0.0000125909
104 0.0000124265
105 0.0000122657
106 0.0000121086
107 0.0000119549
108 0.0000118046
109 0.0000116575
110 0.0000115136
111 0.0000113728
112 0.0000112350
113 0.0000111000
114 0.0000109678
115 0.0000108384
116 0.0000107116
117 0.0000105873
118 0.0000104656
119 0.0000103462
120 0.0000102292
121 0.0000101145
122 0.0000100021
123 0.0000098917
124 0.0000097835
125 0.0000096774
126 0.0000095732
127 0.0000094709
128 0.0000093706
129 0.0000092721
130 0.0000091753
131 0.0000090804
132 0.0000089871
133 0.0000088955
134 0.0000088055
135 0.0000087170
136 0.0000086301
137 0.0000085447
138 0.0000084608
139 0.0000083783
140 0.0000082972
141 0.0000082174
142 0.0000081390
143 0.0000080618
144 0.0000079859
145 0.0000079113
146 0.0000078379
147 0.0000077656
148 0.0000076945
149 0.0000076245
150 0.0000075557
151 0.0000074879
152 0.0000074211
153 0.0000073554
154 0.0000072907
155 0.0000072270
156 0.0000071642
157 0.0000071024
158 0.0000070415
159 0.0000069815
160 0.0000069224
161 0.0000068641
162 0.0000068067
163 0.0000067502
164 0.0000066944
165 0.0000066395
166 0.0000065853
167 0.0000065319
168 0.0000064792
169 0.0000064273
170 0.0000063761
171 0.0000063256
172 0.0000062758
173 0.0000062266
174 0.0000061782
175 0.0000061304
176 0.0000060832
177 0.0000060366
178 0.0000059907
179 0.0000059454
180 0.0000059006
181 0.0000058565
182 0.0000058129
183 0.0000057699
184 0.0000057274
185 0.0000056855
186 0.0000056441
187 0.0000056032
188 0.0000055628
189 0.0000055230
190 0.0000054836
191 0.0000054447
192 0.0000054063
193 0.0000053684
194 0.0000053309
195 0.0000052938
196 0.0000052572
197 0.0000052211
198 0.0000051854
199 0.0000051501
200 0.0000051152
201 0.0000050807
202 0.0000050466
203 0.0000050129
204 0.0000049796
205 0.0000049467
206 0.0000049142
207 0.0000048820
208 0.0000048502
209 0.0000048187
210 0.0000047876
211 0.0000047569
212 0.0000047264
213 0.0000046964
214 0.0000046666
215 0.0000046372
216 0.0000046080
217 0.0000045792
218 0.0000045508
219 0.0000045226
220 0.0000044947
221 0.0000044671
222 0.0000044398
223 0.0000044128
224 0.0000043860
225 0.0000043596
226 0.0000043334
227 0.0000043075
228 0.0000042818
229 0.0000042564
230 0.0000042313
231 0.0000042064
232 0.0000041818
233 0.0000041574
234 0.0000041332
235 0.0000041093
236 0.0000040856
237 0.0000040622
238 0.0000040390
239 0.0000040160
240 0.0000039932
241 0.0000039707
242 0.0000039483
243 0.0000039262
244 0.0000039043
245 0.0000038826
246 0.0000038611
247 0.0000038398
248 0.0000038186
249 0.0000037977
250 0.0000037770
251 0.0000037564
252 0.0000037361
253 0.0000037159
254 0.0000036959
255 0.0000036761
256 0.0000036564
257 0.0000036370
258 0.0000036177
259 0.0000035985
260 0.0000035795
261 0.0000035607
262 0.0000035421
263 0.0000035236
264 0.0000035052
265 0.0000034870
266 0.0000034690
267 0.0000034511
268 0.0000034333
269 0.0000034157
270 0.0000033982
271 0.0000033808
272 0.0000033636
273 0.0000033465
274 0.0000033295
275 0.0000033127
276 0.0000032959
277 0.0000032793
278 0.0000032628
279 0.0000032464
280 0.0000032301
281 0.0000032139
282 0.0000031978
283 0.0000031818
284 0.0000031659
285 0.0000031501
286 0.0000031343
287 0.0000031186
288 0.0000031030
289 0.0000030874
290 0.0000030719
291 0.0000030564
292 0.0000030409
293 0.0000030254
294 0.0000030100
295 0.0000029945
296 0.0000029789
297 0.0000029633
298 0.0000029476
299 0.0000029317
300 0.0000029156
301 0.0000028993
302 0.0000028827
303 0.0000028656
304 0.0000028480
305 0.0000028296
306 0.0000028102
307 0.0000027896
308 0.0000027672
309 0.0000027423
310 0.0000027137
311 0.0000026797
312 0.0000026366
313 0.0000025785
314 0.0000024793
315 0.0000021925
316 0.0000000000
