0 420
0 0.9773886993
1 0.0069834089
2 0.0021929255
3 0.0012936268
4 0.0008106209
5 0.0005667057
6 0.0004315268
7 0.0003483853
8 0.0002932291
9 0.0002544143
10 0.0002256691
11 0.0002034257
12 0.0001855808
13 0.0001708496
14 0.0001584160
15 0.0001477396
16 0.0001384479
17 0.0001302744
18 0.0001230211
19 0.0001165373
20 0.0001107048
21 0.0001054293
22 0.0001006344
23 0.0000962571
24 0.0000922451
25 0.0000885544
26 0.0000851479
27 0.0000819938
28 0.0000790653
29 0.0000763388
30 0.0000737941
31 0.0000714136
32 0.0000691819
33 0.0000670855
34 0.0000651124
35 0.0000632520
36 0.0000614949
37 0.0000598328
38 0.0000582582
39 0.0000567644
40 0.0000553452
41 0.0000539952
42 0.0000527095
43 0.0000514837
44 0.0000503135
45 0.0000491953
46 0.0000481258
47 0.0000471018
48 0.0000461204
49 0.0000451791
50 0.0000442755
51 0.0000434073
52 0.0000425725
53 0.0000417691
54 0.0000409956
55 0.0000402502
56 0.0000395313
57 0.0000388378
58 0.0000381681
59 0.0000375211
60 0.0000368957
61 0.0000362908
62 0.0000357054
63 0.0000351386
64 0.0000345895
65 0.0000340573
66 0.0000335412
67 0.0000330406
68 0.0000325546
69 0.0000320828
70 0.0000316244
71 0.0000311789
72 0.0000307459
73 0.0000303246
74 0.0000299148
75 0.0000295159
76 0.0000291275
77 0.0000287491
78 0.0000283805
79 0.0000280212
80 0.0000276709
81 0.0000273293
82 0.0000269959
83 0.0000266706
84 0.0000263531
85 0.0000260430
86 0.0000257402
87 0.0000254442
88 0.0000251551
89 0.0000248724
90 0.0000245960
91 0.0000243257
92 0.0000240612
93 0.0000238024
94 0.0000235492
95 0.0000233013
96 0.0000230585
97 0.0000228207
98 0.0000225878
99 0.0000223597
100 0.0000221360
101 0.0000219168
102 0.0000217019
103 0.0000214912
104 0.0000212845
105 0.0000210817
106 0.0000208828
107 0.0000206876
108 0.0000204960
109 0.0000203080
110 0.0000201233
111 0.0000199420
112 0.0000197639
113 0.0000195890
114 0.0000194171
115 0.0000192482
116 0.0000190822
117 0.0000189191
118 0.0000187587
119 0.0000186011
120 0.0000184460
121 0.0000182935
122 0.0000181436
123 0.0000179960
124 0.0000178509
125 0.0000177080
126 0.0000175675
127 0.0000174291
128 0.0000172929
129 0.0000171588
130 0.0000170268
131 0.0000168968
132 0.0000167687
133 0.0000166426
134 0.0000165184
135 0.0000163960
136 0.0000162754
137 0.0000161566
138 0.0000160395
139 0.0000159241
140 0.0000158103
141 0.0000156981
142 0.0000155875
143 0.0000154785
144 0.0000153710
145 0.0000152649
146 0.0000151604
147 0.0000150572
148 0.0000149554
149 0.0000148550
150 0.0000147560
151 0.0000146582
152 0.0000145618
153 0.0000144666
154 0.0000143726
155 0.0000142798
156 0.0000141883
157 0.0000140979
158 0.0000140086
159 0.0000139205
160 0.0000138334
161 0.0000137475
162 0.0000136626
163 0.0000135787
164 0.0000134959
165 0.0000134141
166 0.0000133333
167 0.0000132534
168 0.0000131745
169 0.0000130965
170 0.0000130194
171 0.0000129433
172 0.0000128680
173 0.0000127936
174 0.0000127200
175 0.0000126473
176 0.0000125754
177 0.0000125043
178 0.0000124341
179 0.0000123646
180 0.0000122958
181 0.0000122279
182 0.0000121607
183 0.0000120942
184 0.0000120284
185 0.0000119634
186 0.0000118990
187 0.0000118354
188 0.0000117724
189 0.0000117101
190 0.0000116484
191 0.0000115874
192 0.0000115270
193 0.0000114673
194 0.0000114081
195 0.0000113496
196 0.0000112917
197 0.0000112343
198 0.0000111776
199 0.0000111214
200 0.0000110657
201 0.0000110107
202 0.0000109561
203 0.0000109021
204 0.0000108487
205 0.0000107957
206 0.0000107433
207 0.0000106913
208 0.0000106399
209 0.0000105890
210 0.0000105385
211 0.0000104886
212 0.0000104391
213 0.0000103900
214 0.0000103414
215 0.0000102933
216 0.0000102456
217 0.0000101984
218 0.0000101516
219 0.0000101052
220 0.0000100592
221 0.0000100137
222 0.0000099686
223 0.0000099238
224 0.0000098795
225 0.0000098356
226 0.0000097920
227 0.0000097489
228 0.0000097061
229 0.0000096637
230 0.0000096216
231 0.0000095799
232 0.0000095386
233 0.0000094976
234 0.0000094570
235 0.0000094168
236 0.0000093768
237 0.0000093372
238 0.0000092980
239 0.0000092590
240 0.0000092204
241 0.0000091822
242 0.0000091442
243 0.0000091065
244 0.0000090692
245 0.0000090321
246 0.0000089954
247 0.0000089589
248 0.0000089228
249 0.0000088869
250 0.0000088514
251 0.0000088161
252 0.0000087811
253 0.0000087463
254 0.0000087119
255 0.0000086777
256 0.0000086437
257 0.0000086101
258 0.0000085767
259 0.0000085435
260 0.0000085107
261 0.0000084780
262 0.0000084456
263 0.0000084135
264 0.0000083816
265 0.0000083499
266 0.0000083185
267 0.0000082873
268 0.0000082564
269 0.0000082257
270 0.0000081952
271 0.0000081649
272 0.0000081349
273 0.0000081050
274 0.0000080754
275 0.0000080460
276 0.0000080168
277 0.0000079879
278 0.0000079591
279 0.0000079306
280 0.0000079022
281 0.0000078741
282 0.0000078461
283 0.0000078183
284 0.0000077908
285 0.0000077634
286 0.0000077363
287 0.0000077093
288 0.0000076825
289 0.0000076559
290 0.0000076294
291 0.0000076032
292 0.0000075771
293 0.0000075512
294 0.0000075255
295 0.0000075000
296 0.0000074746
297 0.0000074494
298 0.0000074244
299 0.0000073995
300 0.0000073748
301 0.0000073503
302 0.0000073259
303 0.0000073017
304 0.0000072777
305 0.0000072538
306 0.0000072301
307 0.0000072065
308 0.0000071830
309 0.0000071598
310 0.0000071366
311 0.0000071137
312 0.0000070908
313 0.0000070682
314 0.0000070456
315 0.0000070232
316 0.0000070010
317 0.0000069788
318 0.0000069569
319 0.0000069350
320 0.0000069133
321 0.0000068918
322 0.0000068703
323 0.0000068490
324 0.0000068279
325 0.0000068068
326 0.0000067859
327 0.0000067651
328 0.0000067445
329 0.0000067239
330 0.0000067035
331 0.0000066832
332 0.0000066631
333 0.0000066430
334 0.0000066231
335 0.0000066033
336 0.0000065836
337 0.0000065641
338 0.0000065446
339 0.0000065253
340 0.0000065060
341 0.0000064869
342 0.0000064679
343 0.0000064490
344 0.0000064303
345 0.0000064116
346 0.0000063930
347 0.0000063746
348 0.0000063562
349 0.0000063380
350 0.0000063198
351 0.0000063018
352 0.0000062839
353 0.0000062660
354 0.0000062483
355 0.0000062306
356 0.0000062131
357 0.0000061957
358 0.0000061783
359 0.0000061611
360 0.0000061439
361 0.0000061269
362 0.0000061099
363 0.0000060931
364 0.0000060763
365 0.0000060596
366 0.0000060430
367 0.0000060265
368 0.0000060101
369 0.0000059938
370 0.0000059775
371 0.0000059614
372 0.0000059453
373 0.0000059294
374 0.0000059135
375 0.0000058977
376 0.0000058819
377 0.0000058663
378 0.0000058507
379 0.0000058353
380 0.0000058199
381 0.0000058046
382 0.0000057893
383 0.0000057742
384 0.0000057591
385 0.0000057441
386 0.0000057292
387 0.0000057143
388 0.0000056996
389 0.0000056849
390 0.0000056703
391 0.0000056557
392 0.0000056413
393 0.0000056269
394 0.0000056126
395 0.0000055983
396 0.0000055841
397 0.0000055700
398 0.0000055560
399 0.0000055420
400 0.0000055281
401 0.0000055143
402 0.0000055005
403 0.0000054868
404 0.0000054732
405 0.0000054597
406 0.0000054462
407 0.0000054328
408 0.0000054194
409 0.0000054061
410 0.0000053929
411 0.0000053797
412 0.0000053666
413 0.0000053536
414 0.0000053406
415 0.0000053277
416 0.0000053148
417 0.0000053020
418 0.0000052893
419 0.0000052766
420 0.0000052640
