1 990
0 0.9915496596
1 0.0030373022
2 0.0009792625
3 0.0006211317
4 0.0004264451
5 0.0003187423
6 0.0002516840
7 0.0002058461
8 0.0001726494
9 0.0001476291
10 0.0001281785
11 0.0001126745
12 0.0001000600
13 0.0000896203
14 0.0000808557
15 0.0000734070
16 0.0000670094
17 0.0000614637
18 0.0000566175
19 0.0000523518
20 0.0000485730
21 0.0000452062
22 0.0000421909
23 0.0000394775
24 0.0000370254
25 0.0000348006
26 0.0000327748
27 0.0000309241
28 0.0000292281
29 0.0000276695
30 0.0000262333
31 0.0000249067
32 0.0000236785
33 0.0000225390
34 0.0000214796
35 0.0000204927
36 0.0000195719
37 0.0000187112
38 0.0000179054
39 0.0000171500
40 0.0000164406
41 0.0000157737
42 0.0000151459
43 0.0000145541
44 0.0000139956
45 0.0000134681
46 0.0000129692
47 0.0000124969
48 0.0000120493
49 0.0000116249
50 0.0000112219
51 0.0000108391
52 0.0000104750
53 0.0000101286
54 0.0000097986
55 0.0000094842
56 0.0000091843
57 0.0000088980
58 0.0000086247
59 0.0000083635
60 0.0000081137
61 0.0000078747
62 0.0000076459
63 0.0000074268
64 0.0000072168
65 0.0000070154
66 0.0000068222
67 0.0000066368
68 0.0000064588
69 0.0000062877
70 0.0000061233
71 0.0000059652
72 0.0000058131
73 0.0000056668
74 0.0000055259
75 0.0000053901
76 0.0000052594
77 0.0000051333
78 0.0000050118
79 0.0000048945
80 0.0000047814
81 0.0000046722
82 0.0000045667
83 0.0000044649
84 0.0000043665
85 0.0000042714
86 0.0000041794
87 0.0000040905
88 0.0000040044
89 0.0000039212
90 0.0000038406
91 0.0000037626
92 0.0000036870
93 0.0000036138
94 0.0000035428
95 0.0000034741
96 0.0000034074
97 0.0000033428
98 0.0000032800
99 0.0000032192
100 0.0000031602
101 0.0000031028
102 0.0000030472
103 0.0000029931
104 0.0000029406
105 0.0000028896
106 0.0000028400
107 0.0000027918
108 0.0000027450
109 0.0000026994
110 0.0000026551
111 0.0000026120
112 0.0000025701
113 0.0000025292
114 0.0000024895
115 0.0000024508
116 0.0000024131
117 0.0000023764
118 0.0000023406
119 0.0000023058
120 0.0000022718
121 0.0000022387
122 0.0000022065
123 0.0000021750
124 0.0000021443
125 0.0000021144
126 0.0000020852
127 0.0000020567
128 0.0000020289
129 0.0000020017
130 0.0000019752
131 0.0000019493
132 0.0000019241
133 0.0000018994
134 0.0000018753
135 0.0000018517
136 0.0000018286
137 0.0000018061
138 0.0000017841
139 0.0000017626
140 0.0000017416
141 0.0000017210
142 0.0000017009
143 0.0000016812
144 0.0000016619
145 0.0000016430
146 0.0000016246
147 0.0000016065
148 0.0000015888
149 0.0000015715
150 0.0000015545
151 0.0000015379
152 0.0000015216
153 0.0000015057
154 0.0000014900
155 0.0000014747
156 0.0000014597
157 0.0000014450
158 0.0000014305
159 0.0000014164
160 0.0000014025
161 0.0000013889
162 0.0000013755
163 0.0000013624
164 0.0000013496
165 0.0000013370
166 0.0000013246
167 0.0000013124
168 0.0000013005
169 0.0000012888
170 0.0000012773
171 0.0000012660
172 0.0000012548
173 0.0000012439
174 0.0000012332
175 0.0000012227
176 0.0000012124
177 0.0000012022
178 0.0000011922
179 0.0000011824
180 0.0000011727
181 0.0000011632
182 0.0000011538
183 0.0000011447
184 0.0000011356
185 0.0000011267
186 0.0000011180
187 0.0000011094
188 0.0000011009
189 0.0000010925
190 0.0000010843
191 0.0000010763
192 0.0000010683
193 0.0000010605
194 0.0000010527
195 0.0000010451
196 0.0000010377
197 0.0000010303
198 0.0000010230
199 0.0000010159
200 0.0000010088
201 0.0000010019
202 0.0000009950
203 0.0000009883
204 0.0000009816
205 0.0000009750
206 0.0000009686
207 0.0000009622
208 0.0000009559
209 0.0000009497
210 0.0000009436
211 0.0000009376
212 0.0000009316
213 0.0000009257
214 0.0000009199
215 0.0000009142
216 0.0000009086
217 0.0000009030
218 0.0000008975
219 0.0000008921
220 0.0000008867
221 0.0000008814
222 0.0000008762
223 0.0000008710
224 0.0000008659
225 0.0000008609
226 0.0000008559
227 0.0000008510
228 0.0000008462
229 0.0000008414
230 0.0000008366
231 0.0000008320
232 0.0000008273
233 0.0000008228
234 0.0000008182
235 0.0000008138
236 0.0000008094
237 0.0000008050
238 0.0000008007
239 0.0000007964
240 0.0000007922
241 0.0000007880
242 0.0000007839
243 0.0000007798
244 0.0000007758
245 0.0000007718
246 0.0000007679
247 0.0000007640
248 0.0000007601
249 0.0000007563
250 0.0000007525
251 0.0000007487
252 0.0000007450
253 0.0000007414
254 0.0000007377
255 0.0000007342
256 0.0000007306
257 0.0000007271
258 0.0000007236
259 0.0000007202
260 0.0000007167
261 0.0000007134
262 0.0000007100
263 0.0000007067
264 0.0000007034
265 0.0000007002
266 0.0000006969
267 0.0000006937
268 0.0000006906
269 0.0000006875
270 0.0000006844
271 0.0000006813
272 0.0000006782
273 0.0000006752
274 0.0000006722
275 0.0000006693
276 0.0000006663
277 0.0000006634
278 0.0000006605
279 0.0000006577
280 0.0000006549
281 0.0000006520
282 0.0000006493
283 0.0000006465
284 0.0000006438
285 0.0000006411
286 0.0000006384
287 0.0000006357
288 0.0000006331
289 0.0000006304
290 0.0000006278
291 0.0000006253
292 0.0000006227
293 0.0000006202
294 0.0000006177
295 0.0000006152
296 0.0000006127
297 0.0000006102
298 0.0000006078
299 0.0000006054
300 0.0000006030
301 0.0000006006
302 0.0000005983
303 0.0000005959
304 0.0000005936
305 0.0000005913
306 0.0000005890
307 0.0000005868
308 0.0000005845
309 0.0000005823
310 0.0000005801
311 0.0000005779
312 0.0000005757
313 0.0000005735
314 0.0000005714
315 0.0000005692
316 0.0000005671
317 0.0000005650
318 0.0000005629
319 0.0000005609
320 0.0000005588
321 0.0000005568
322 0.0000005547
323 0.0000005527
324 0.0000005507
325 0.0000005487
326 0.0000005468
327 0.0000005448
328 0.0000005429
329 0.0000005409
330 0.0000005390
331 0.0000005371
332 0.0000005352
333 0.0000005334
334 0.0000005315
335 0.0000005296
336 0.0000005278
337 0.0000005260
338 0.0000005242
339 0.0000005224
340 0.0000005206
341 0.0000005188
342 0.0000005170
343 0.0000005153
344 0.0000005135
345 0.0000005118
346 0.0000005101
347 0.0000005084
348 0.0000005067
349 0.0000005050
350 0.0000005033
351 0.0000005016
352 0.0000005000
353 0.0000004983
354 0.0000004967
355 0.0000004951
356 0.0000004935
357 0.0000004919
358 0.0000004903
359 0.0000004887
360 0.0000004871
361 0.0000004856
362 0.0000004840
363 0.0000004825
364 0.0000004809
365 0.0000004794
366 0.0000004779
367 0.0000004764
368 0.0000004749
369 0.0000004734
370 0.0000004719
371 0.0000004704
372 0.0000004690
373 0.0000004675
374 0.0000004661
375 0.0000004646
376 0.0000004632
377 0.0000004618
378 0.0000004604
379 0.0000004590
380 0.0000004576
381 0.0000004562
382 0.0000004548
383 0.0000004534
384 0.0000004521
385 0.0000004507
386 0.0000004494
387 0.0000004480
388 0.0000004467
389 0.0000004454
390 0.0000004440
391 0.0000004427
392 0.0000004414
393 0.0000004401
394 0.0000004388
395 0.0000004376
396 0.0000004363
397 0.0000004350
398 0.0000004338
399 0.0000004325
400 0.0000004313
401 0.0000004300
402 0.0000004288
403 0.0000004276
404 0.0000004263
405 0.0000004251
406 0.0000004239
407 0.0000004227
408 0.0000004215
409 0.0000004203
410 0.0000004191
411 0.0000004180
412 0.0000004168
413 0.0000004156
414 0.0000004145
415 0.0000004133
416 0.0000004122
417 0.0000004110
418 0.0000004099
419 0.0000004088
420 0.0000004077
421 0.0000004065
422 0.0000004054
423 0.0000004043
424 0.0000004032
425 0.0000004021
426 0.0000004011
427 0.0000004000
428 0.0000003989
429 0.0000003978
430 0.0000003968
431 0.0000003957
432 0.0000003946
433 0.0000003936
434 0.0000003925
435 0.0000003915
436 0.0000003905
437 0.0000003894
438 0.0000003884
439 0.0000003874
440 0.0000003864
441 0.0000003854
442 0.0000003844
443 0.0000003834
444 0.0000003824
445 0.0000003814
446 0.0000003804
447 0.0000003794
448 0.0000003784
449 0.0000003775
450 0.0000003765
451 0.0000003755
452 0.0000003746
453 0.0000003736
454 0.0000003727
455 0.0000003717
456 0.0000003708
457 0.0000003699
458 0.0000003689
459 0.0000003680
460 0.0000003671
461 0.0000003662
462 0.0000003653
463 0.0000003643
464 0.0000003634
465 0.0000003625
466 0.0000003616
467 0.0000003608
468 0.0000003599
469 0.0000003590
470 0.0000003581
471 0.0000003572
472 0.0000003563
473 0.0000003555
474 0.0000003546
475 0.0000003538
476 0.0000003529
477 0.0000003520
478 0.0000003512
479 0.0000003504
480 0.0000003495
481 0.0000003487
482 0.0000003478
483 0.0000003470
484 0.0000003462
485 0.0000003454
486 0.0000003445
487 0.0000003437
488 0.0000003429
489 0.0000003421
490 0.0000003413
491 0.0000003405
492 0.0000003397
493 0.0000003389
494 0.0000003381
495 0.0000003373
496 0.0000003365
497 0.0000003358
498 0.0000003350
499 0.0000003342
500 0.0000003334
501 0.0000003327
502 0.0000003319
503 0.0000003311
504 0.0000003304
505 0.0000003296
506 0.0000003289
507 0.0000003281
508 0.0000003274
509 0.0000003266
510 0.0000003259
511 0.0000003252
512 0.0000003244
513 0.0000003237
514 0.0000003230
515 0.0000003223
516 0.0000003215
517 0.0000003208
518 0.0000003201
519 0.0000003194
520 0.0000003187
521 0.0000003180
522 0.0000003173
523 0.0000003166
524 0.0000003159
525 0.0000003152
526 0.0000003145
527 0.0000003138
528 0.0000003131
529 0.0000003124
530 0.0000003118
531 0.0000003111
532 0.0000003104
533 0.0000003097
534 0.0000003091
535 0.0000003084
536 0.0000003077
537 0.0000003071
538 0.0000003064
539 0.0000003058
540 0.0000003051
541 0.0000003045
542 0.0000003038
543 0.0000003032
544 0.0000003025
545 0.0000003019
546 0.0000003012
547 0.0000003006
548 0.0000003000
549 0.0000002993
550 0.0000002987
551 0.0000002981
552 0.0000002975
553 0.0000002968
554 0.0000002962
555 0.0000002956
556 0.0000002950
557 0.0000002944
558 0.0000002938
559 0.0000002932
560 0.0000002925
561 0.0000002919
562 0.0000002913
563 0.0000002907
564 0.0000002902
565 0.0000002896
566 0.0000002890
567 0.0000002884
568 0.0000002878
569 0.0000002872
570 0.0000002866
571 0.0000002860
572 0.0000002855
573 0.0000002849
574 0.0000002843
575 0.0000002837
576 0.0000002832
577 0.0000002826
578 0.0000002820
579 0.0000002815
580 0.0000002809
581 0.0000002804
582 0.0000002798
583 0.0000002792
584 0.0000002787
585 0.0000002781
586 0.0000002776
587 0.0000002770
588 0.0000002765
589 0.0000002760
590 0.0000002754
591 0.0000002749
592 0.0000002743
593 0.0000002738
594 0.0000002733
595 0.0000002727
596 0.0000002722
597 0.0000002717
598 0.0000002712
599 0.0000002706
600 0.0000002701
601 0.0000002696
602 0.0000002691
603 0.0000002686
604 0.0000002680
605 0.0000002675
606 0.0000002670
607 0.0000002665
608 0.0000002660
609 0.0000002655
610 0.0000002650
611 0.0000002645
612 0.0000002640
613 0.0000002635
614 0.0000002630
615 0.0000002625
616 0.0000002620
617 0.0000002615
618 0.0000002610
619 0.0000002605
620 0.0000002600
621 0.0000002596
622 0.0000002591
623 0.0000002586
624 0.0000002581
625 0.0000002576
626 0.0000002572
627 0.0000002567
628 0.0000002562
629 0.0000002557
630 0.0000002553
631 0.0000002548
632 0.0000002543
633 0.0000002539
634 0.0000002534
635 0.0000002529
636 0.0000002525
637 0.0000002520
638 0.0000002516
639 0.0000002511
640 0.0000002506
641 0.0000002502
642 0.0000002497
643 0.0000002493
644 0.0000002488
645 0.0000002484
646 0.0000002480
647 0.0000002475
648 0.0000002471
649 0.0000002466
650 0.0000002462
651 0.0000002457
652 0.0000002453
653 0.0000002449
654 0.0000002444
655 0.0000002440
656 0.0000002436
657 0.0000002431
658 0.0000002427
659 0.0000002423
660 0.0000002419
661 0.0000002414
662 0.0000002410
663 0.0000002406
664 0.0000002402
665 0.0000002397
666 0.0000002393
667 0.0000002389
668 0.0000002385
669 0.0000002381
670 0.0000002377
671 0.0000002373
672 0.0000002368
673 0.0000002364
674 0.0000002360
675 0.0000002356
676 0.0000002352
677 0.0000002348
678 0.0000002344
679 0.0000002340
680 0.0000002336
681 0.0000002332
682 0.0000002328
683 0.0000002324
684 0.0000002320
685 0.0000002316
686 0.0000002312
687 0.0000002308
688 0.0000002305
689 0.0000002301
690 0.0000002297
691 0.0000002293
692 0.0000002289
693 0.0000002285
694 0.0000002281
695 0.0000002278
696 0.0000002274
697 0.0000002270
698 0.0000002266
699 0.0000002262
700 0.0000002259
701 0.0000002255
702 0.0000002251
703 0.0000002247
704 0.0000002244
705 0.0000002240
706 0.0000002236
707 0.0000002233
708 0.0000002229
709 0.0000002225
710 0.0000002222
711 0.0000002218
712 0.0000002214
713 0.0000002211
714 0.0000002207
715 0.0000002204
716 0.0000002200
717 0.0000002196
718 0.0000002193
719 0.0000002189
720 0.0000002186
721 0.0000002182
722 0.0000002179
723 0.0000002175
724 0.0000002172
725 0.0000002168
726 0.0000002165
727 0.0000002161
728 0.0000002158
729 0.0000002154
730 0.0000002151
731 0.0000002147
732 0.0000002144
733 0.0000002141
734 0.0000002137
735 0.0000002134
736 0.0000002130
737 0.0000002127
738 0.0000002124
739 0.0000002120
740 0.0000002117
741 0.0000002114
742 0.0000002110
743 0.0000002107
744 0.0000002104
745 0.0000002100
746 0.0000002097
747 0.0000002094
748 0.0000002091
749 0.0000002087
750 0.0000002084
751 0.0000002081
752 0.0000002078
753 0.0000002074
754 0.0000002071
755 0.0000002068
756 0.0000002065
757 0.0000002062
758 0.0000002058
759 0.0000002055
760 0.0000002052
761 0.0000002049
762 0.0000002046
763 0.0000002043
764 0.0000002039
765 0.0000002036
766 0.0000002033
767 0.0000002030
768 0.0000002027
769 0.0000002024
770 0.0000002021
771 0.0000002018
772 0.0000002015
773 0.0000002012
774 0.0000002009
775 0.0000002006
776 0.0000002003
777 0.0000002000
778 0.0000001997
779 0.0000001994
780 0.0000001991
781 0.0000001988
782 0.0000001985
783 0.0000001982
784 0.0000001979
785 0.0000001976
786 0.0000001973
787 0.0000001970
788 0.0000001967
789 0.0000001964
790 0.0000001961
791 0.0000001958
792 0.0000001955
793 0.0000001952
794 0.0000001949
795 0.0000001946
796 0.0000001944
797 0.0000001941
798 0.0000001938
799 0.0000001935
800 0.0000001932
801 0.0000001929
802 0.0000001927
803 0.0000001924
804 0.0000001921
805 0.0000001918
806 0.0000001915
807 0.0000001912
808 0.0000001910
809 0.0000001907
810 0.0000001904
811 0.0000001901
812 0.0000001899
813 0.0000001896
814 0.0000001893
815 0.0000001890
816 0.0000001888
817 0.0000001885
818 0.0000001882
819 0.0000001879
820 0.0000001877
821 0.0000001874
822 0.0000001871
823 0.0000001869
824 0.0000001866
825 0.0000001863
826 0.0000001861
827 0.0000001858
828 0.0000001855
829 0.0000001853
830 0.0000001850
831 0.0000001847
832 0.0000001845
833 0.0000001842
834 0.0000001840
835 0.0000001837
836 0.0000001834
837 0.0000001832
838 0.0000001829
839 0.0000001827
840 0.0000001824
841 0.0000001821
842 0.0000001819
843 0.0000001816
844 0.0000001814
845 0.0000001811
846 0.0000001809
847 0.0000001806
848 0.0000001804
849 0.0000001801
850 0.0000001798
851 0.0000001796
852 0.0000001793
853 0.0000001791
854 0.0000001788
855 0.0000001786
856 0.0000001783
857 0.0000001781
858 0.0000001778
859 0.0000001776
860 0.0000001774
861 0.0000001771
862 0.0000001769
863 0.0000001766
864 0.0000001764
865 0.0000001761
866 0.0000001759
867 0.0000001756
868 0.0000001754
869 0.0000001752
870 0.0000001749
871 0.0000001747
872 0.0000001744
873 0.0000001742
874 0.0000001740
875 0.0000001737
876 0.0000001735
877 0.0000001732
878 0.0000001730
879 0.0000001728
880 0.0000001725
881 0.0000001723
882 0.0000001721
883 0.0000001718
884 0.0000001716
885 0.0000001714
886 0.0000001711
887 0.0000001709
888 0.0000001706
889 0.0000001704
890 0.0000001702
891 0.0000001700
892 0.0000001697
893 0.0000001695
894 0.0000001693
895 0.0000001690
896 0.0000001688
897 0.0000001686
898 0.0000001683
899 0.0000001681
900 0.0000001679
901 0.0000001677
902 0.0000001674
903 0.0000001672
904 0.0000001670
905 0.0000001668
906 0.0000001665
907 0.0000001663
908 0.0000001661
909 0.0000001659
910 0.0000001656
911 0.0000001654
912 0.0000001652
913 0.0000001650
914 0.0000001647
915 0.0000001645
916 0.0000001643
917 0.0000001641
918 0.0000001638
919 0.0000001636
920 0.0000001634
921 0.0000001632
922 0.0000001630
923 0.0000001627
924 0.0000001625
925 0.0000001623
926 0.0000001621
927 0.0000001619
928 0.0000001616
929 0.0000001614
930 0.0000001612
931 0.0000001610
932 0.0000001608
933 0.0000001605
934 0.0000001603
935 0.0000001601
936 0.0000001599
937 0.0000001597
938 0.0000001594
939 0.0000001592
940 0.0000001590
941 0.0000001588
942 0.0000001586
943 0.0000001584
944 0.0000001581
945 0.0000001579
946 0.0000001577
947 0.0000001575
948 0.0000001573
949 0.0000001570
950 0.0000001568
951 0.0000001566
952 0.0000001564
953 0.0000001561
954 0.0000001559
955 0.0000001557
956 0.0000001555
957 0.0000001552
958 0.0000001550
959 0.0000001548
960 0.0000001546
961 0.0000001543
962 0.0000001541
963 0.0000001539
964 0.0000001536
965 0.0000001534
966 0.0000001531
967 0.0000001529
968 0.0000001526
969 0.0000001524
970 0.0000001521
971 0.0000001519
972 0.0000001516
973 0.0000001513
974 0.0000001510
975 0.0000001507
976 0.0000001504
977 0.0000001501
978 0.0000001497
979 0.0000001493
980 0.0000001489
981 0.0000001484
982 0.0000001479
983 0.0000001472
984 0.0000001464
985 0.0000001454
986 0.0000001440
987 0.0000001418
988 0.0000001374
989 0.0000001224
990 0.0000000000
