0 348
0 0.9613702521
1 0.0110390034
2 0.0035941125
3 0.0021769238
4 0.0014060262
5 0.0010089839
6 0.0007834852
7 0.0006412809
8 0.0005446974
9 0.0004753018
10 0.0004230311
11 0.0003820679
12 0.0003489165
13 0.0003213957
14 0.0002980886
15 0.0002780375
16 0.0002605698
17 0.0002451964
18 0.0002315511
19 0.0002193519
20 0.0002083775
21 0.0001984508
22 0.0001894278
23 0.0001811902
24 0.0001736394
25 0.0001666930
26 0.0001602812
27 0.0001543444
28 0.0001488318
29 0.0001436993
30 0.0001389092
31 0.0001344280
32 0.0001302269
33 0.0001262805
34 0.0001225662
35 0.0001190641
36 0.0001157566
37 0.0001126278
38 0.0001096638
39 0.0001068517
40 0.0001041802
41 0.0001016391
42 0.0000992189
43 0.0000969113
44 0.0000947086
45 0.0000926038
46 0.0000905906
47 0.0000886629
48 0.0000868156
49 0.0000850437
50 0.0000833427
51 0.0000817084
52 0.0000801369
53 0.0000786248
54 0.0000771686
55 0.0000757654
56 0.0000744123
57 0.0000731067
58 0.0000718461
59 0.0000706282
60 0.0000694510
61 0.0000683123
62 0.0000672104
63 0.0000661434
64 0.0000651098
65 0.0000641080
66 0.0000631365
67 0.0000621941
68 0.0000612793
69 0.0000603911
70 0.0000595283
71 0.0000586897
72 0.0000578745
73 0.0000570816
74 0.0000563101
75 0.0000555592
76 0.0000548280
77 0.0000541159
78 0.0000534220
79 0.0000527456
80 0.0000520862
81 0.0000514431
82 0.0000508156
83 0.0000502032
84 0.0000496055
85 0.0000490218
86 0.0000484517
87 0.0000478947
88 0.0000473503
89 0.0000468182
90 0.0000462979
91 0.0000457890
92 0.0000452912
93 0.0000448041
94 0.0000443274
95 0.0000438607
96 0.0000434037
97 0.0000429562
98 0.0000425177
99 0.0000420882
100 0.0000416672
101 0.0000412546
102 0.0000408500
103 0.0000404533
104 0.0000400642
105 0.0000396826
106 0.0000393081
107 0.0000389407
108 0.0000385800
109 0.0000382260
110 0.0000378784
111 0.0000375371
112 0.0000372018
113 0.0000368725
114 0.0000365490
115 0.0000362311
116 0.0000359187
117 0.0000356116
118 0.0000353097
119 0.0000350129
120 0.0000347210
121 0.0000344340
122 0.0000341517
123 0.0000338739
124 0.0000336007
125 0.0000333318
126 0.0000330672
127 0.0000328067
128 0.0000325503
129 0.0000322979
130 0.0000320494
131 0.0000318047
132 0.0000315636
133 0.0000313262
134 0.0000310924
135 0.0000308620
136 0.0000306350
137 0.0000304113
138 0.0000301909
139 0.0000299736
140 0.0000297594
141 0.0000295482
142 0.0000293401
143 0.0000291348
144 0.0000289324
145 0.0000287328
146 0.0000285359
147 0.0000283417
148 0.0000281502
149 0.0000279611
150 0.0000277747
151 0.0000275907
152 0.0000274091
153 0.0000272298
154 0.0000270530
155 0.0000268783
156 0.0000267060
157 0.0000265358
158 0.0000263678
159 0.0000262018
160 0.0000260380
161 0.0000258762
162 0.0000257164
163 0.0000255586
164 0.0000254026
165 0.0000252486
166 0.0000250964
167 0.0000249461
168 0.0000247975
169 0.0000246507
170 0.0000245056
171 0.0000243622
172 0.0000242205
173 0.0000240804
174 0.0000239420
175 0.0000238051
176 0.0000236698
177 0.0000235360
178 0.0000234037
179 0.0000232728
180 0.0000231435
181 0.0000230155
182 0.0000228890
183 0.0000227638
184 0.0000226401
185 0.0000225176
186 0.0000223965
187 0.0000222766
188 0.0000221580
189 0.0000220407
190 0.0000219246
191 0.0000218098
192 0.0000216961
193 0.0000215836
194 0.0000214723
195 0.0000213621
196 0.0000212530
197 0.0000211451
198 0.0000210382
199 0.0000209324
200 0.0000208277
201 0.0000207240
202 0.0000206213
203 0.0000205197
204 0.0000204190
205 0.0000203193
206 0.0000202206
207 0.0000201228
208 0.0000200260
209 0.0000199301
210 0.0000198352
211 0.0000197411
212 0.0000196479
213 0.0000195556
214 0.0000194641
215 0.0000193735
216 0.0000192837
217 0.0000191948
218 0.0000191067
219 0.0000190193
220 0.0000189328
221 0.0000188470
222 0.0000187621
223 0.0000186779
224 0.0000185944
225 0.0000185117
226 0.0000184297
227 0.0000183484
228 0.0000182679
229 0.0000181880
230 0.0000181089
231 0.0000180304
232 0.0000179526
233 0.0000178755
234 0.0000177990
235 0.0000177232
236 0.0000176480
237 0.0000175735
238 0.0000174996
239 0.0000174263
240 0.0000173536
241 0.0000172815
242 0.0000172100
243 0.0000171391
244 0.0000170688
245 0.0000169990
246 0.0000169298
247 0.0000168612
248 0.0000167931
249 0.0000167256
250 0.0000166586
251 0.0000165922
252 0.0000165263
253 0.0000164609
254 0.0000163960
255 0.0000163316
256 0.0000162677
257 0.0000162043
258 0.0000161414
259 0.0000160790
260 0.0000160171
261 0.0000159557
262 0.0000158947
263 0.0000158342
264 0.0000157741
265 0.0000157145
266 0.0000156553
267 0.0000155966
268 0.0000155383
269 0.0000154805
270 0.0000154231
271 0.0000153660
272 0.0000153095
273 0.0000152533
274 0.0000151975
275 0.0000151422
276 0.0000150872
277 0.0000150327
278 0.0000149785
279 0.0000149247
280 0.0000148714
281 0.0000148184
282 0.0000147657
283 0.0000147134
284 0.0000146615
285 0.0000146100
286 0.0000145588
287 0.0000145080
288 0.0000144576
289 0.0000144074
290 0.0000143577
291 0.0000143082
292 0.0000142591
293 0.0000142104
294 0.0000141619
295 0.0000141138
296 0.0000140661
297 0.0000140186
298 0.0000139715
299 0.0000139246
300 0.0000138781
301 0.0000138319
302 0.0000137860
303 0.0000137404
304 0.0000136951
305 0.0000136501
306 0.0000136054
307 0.0000135610
308 0.0000135169
309 0.0000134730
310 0.0000134295
311 0.0000133862
312 0.0000133432
313 0.0000133005
314 0.0000132580
315 0.0000132158
316 0.0000131739
317 0.0000131322
318 0.0000130908
319 0.0000130497
320 0.0000130088
321 0.0000129681
322 0.0000129278
323 0.0000128876
324 0.0000128477
325 0.0000128081
326 0.0000127687
327 0.0000127296
328 0.0000126906
329 0.0000126519
330 0.0000126135
331 0.0000125753
332 0.0000125373
333 0.0000124995
334 0.0000124620
335 0.0000124247
336 0.0000123876
337 0.0000123507
338 0.0000123140
339 0.0000122776
340 0.0000122414
341 0.0000122053
342 0.0000121695
343 0.0000121339
344 0.0000120985
345 0.0000120633
346 0.0000120284
347 0.0000119936
348 0.0000119590
