1 900
0 0.9883561920
1 0.0034587609
2 0.0013767786
3 0.0009219099
4 0.0006540832
5 0.0004982671
6 0.0003979271
7 0.0003277301
8 0.0002760406
9 0.0002366019
10 0.0002056593
11 0.0001808235
12 0.0001605108
13 0.0001436345
14 0.0001294258
15 0.0001173260
16 0.0001069197
17 0.0000978918
18 0.0000899997
19 0.0000830532
20 0.0000769015
21 0.0000714236
22 0.0000665212
23 0.0000621141
24 0.0000581356
25 0.0000545304
26 0.0000512520
27 0.0000482610
28 0.0000455243
29 0.0000430130
30 0.0000407027
31 0.0000385721
32 0.0000366028
33 0.0000347787
34 0.0000330857
35 0.0000315115
36 0.0000300450
37 0.0000286767
38 0.0000273979
39 0.0000262010
40 0.0000250791
41 0.0000240261
42 0.0000230365
43 0.0000221054
44 0.0000212282
45 0.0000204009
46 0.0000196198
47 0.0000188816
48 0.0000181832
49 0.0000175219
50 0.0000168951
51 0.0000163005
52 0.0000157360
53 0.0000151997
54 0.0000146897
55 0.0000142043
56 0.0000137421
57 0.0000133016
58 0.0000128815
59 0.0000124807
60 0.0000120979
61 0.0000117323
62 0.0000113826
63 0.0000110482
64 0.0000107282
65 0.0000104217
66 0.0000101280
67 0.0000098465
68 0.0000095765
69 0.0000093174
70 0.0000090687
71 0.0000088298
72 0.0000086003
73 0.0000083796
74 0.0000081674
75 0.0000079633
76 0.0000077667
77 0.0000075775
78 0.0000073953
79 0.0000072196
80 0.0000070503
81 0.0000068870
82 0.0000067295
83 0.0000065775
84 0.0000064307
85 0.0000062890
86 0.0000061521
87 0.0000060199
88 0.0000058920
89 0.0000057684
90 0.0000056488
91 0.0000055331
92 0.0000054211
93 0.0000053127
94 0.0000052077
95 0.0000051060
96 0.0000050075
97 0.0000049120
98 0.0000048195
99 0.0000047297
100 0.0000046426
101 0.0000045582
102 0.0000044762
103 0.0000043966
104 0.0000043194
105 0.0000042444
106 0.0000041715
107 0.0000041007
108 0.0000040319
109 0.0000039650
110 0.0000038999
111 0.0000038367
112 0.0000037751
113 0.0000037153
114 0.0000036570
115 0.0000036003
116 0.0000035451
117 0.0000034913
118 0.0000034390
119 0.0000033880
120 0.0000033383
121 0.0000032898
122 0.0000032426
123 0.0000031966
124 0.0000031517
125 0.0000031079
126 0.0000030652
127 0.0000030235
128 0.0000029828
129 0.0000029431
130 0.0000029044
131 0.0000028665
132 0.0000028295
133 0.0000027934
134 0.0000027582
135 0.0000027237
136 0.0000026900
137 0.0000026571
138 0.0000026249
139 0.0000025934
140 0.0000025626
141 0.0000025325
142 0.0000025031
143 0.0000024742
144 0.0000024460
145 0.0000024184
146 0.0000023914
147 0.0000023649
148 0.0000023390
149 0.0000023136
150 0.0000022887
151 0.0000022644
152 0.0000022405
153 0.0000022171
154 0.0000021942
155 0.0000021717
156 0.0000021497
157 0.0000021280
158 0.0000021069
159 0.0000020861
160 0.0000020657
161 0.0000020457
162 0.0000020260
163 0.0000020067
164 0.0000019878
165 0.0000019692
166 0.0000019510
167 0.0000019331
168 0.0000019155
169 0.0000018982
170 0.0000018813
171 0.0000018646
172 0.0000018482
173 0.0000018321
174 0.0000018163
175 0.0000018007
176 0.0000017854
177 0.0000017704
178 0.0000017556
179 0.0000017411
180 0.0000017267
181 0.0000017127
182 0.0000016988
183 0.0000016852
184 0.0000016718
185 0.0000016586
186 0.0000016456
187 0.0000016328
188 0.0000016202
189 0.0000016078
190 0.0000015956
191 0.0000015836
192 0.0000015718
193 0.0000015601
194 0.0000015486
195 0.0000015373
196 0.0000015261
197 0.0000015151
198 0.0000015043
199 0.0000014936
200 0.0000014831
201 0.0000014727
202 0.0000014625
203 0.0000014524
204 0.0000014424
205 0.0000014326
206 0.0000014229
207 0.0000014134
208 0.0000014039
209 0.0000013946
210 0.0000013855
211 0.0000013764
212 0.0000013675
213 0.0000013586
214 0.0000013499
215 0.0000013413
216 0.0000013328
217 0.0000013245
218 0.0000013162
219 0.0000013080
220 0.0000013000
221 0.0000012920
222 0.0000012841
223 0.0000012763
224 0.0000012686
225 0.0000012611
226 0.0000012536
227 0.0000012461
228 0.0000012388
229 0.0000012316
230 0.0000012244
231 0.0000012173
232 0.0000012103
233 0.0000012034
234 0.0000011966
235 0.0000011898
236 0.0000011832
237 0.0000011766
238 0.0000011700
239 0.0000011636
240 0.0000011572
241 0.0000011508
242 0.0000011446
243 0.0000011384
244 0.0000011323
245 0.0000011262
246 0.0000011202
247 0.0000011143
248 0.0000011084
249 0.0000011026
250 0.0000010968
251 0.0000010912
252 0.0000010855
253 0.0000010799
254 0.0000010744
255 0.0000010690
256 0.0000010635
257 0.0000010582
258 0.0000010529
259 0.0000010476
260 0.0000010424
261 0.0000010373
262 0.0000010322
263 0.0000010271
264 0.0000010221
265 0.0000010171
266 0.0000010122
267 0.0000010074
268 0.0000010025
269 0.0000009978
270 0.0000009930
271 0.0000009883
272 0.0000009837
273 0.0000009791
274 0.0000009745
275 0.0000009700
276 0.0000009655
277 0.0000009611
278 0.0000009567
279 0.0000009523
280 0.0000009480
281 0.0000009437
282 0.0000009394
283 0.0000009352
284 0.0000009310
285 0.0000009269
286 0.0000009228
287 0.0000009187
288 0.0000009146
289 0.0000009106
290 0.0000009067
291 0.0000009027
292 0.0000008988
293 0.0000008949
294 0.0000008911
295 0.0000008873
296 0.0000008835
297 0.0000008797
298 0.0000008760
299 0.0000008723
300 0.0000008686
301 0.0000008650
302 0.0000008614
303 0.0000008578
304 0.0000008543
305 0.0000008507
306 0.0000008472
307 0.0000008438
308 0.0000008403
309 0.0000008369
310 0.0000008335
311 0.0000008302
312 0.0000008268
313 0.0000008235
314 0.0000008202
315 0.0000008169
316 0.0000008137
317 0.0000008105
318 0.0000008073
319 0.0000008041
320 0.0000008010
321 0.0000007978
322 0.0000007947
323 0.0000007917
324 0.0000007886
325 0.0000007856
326 0.0000007826
327 0.0000007796
328 0.0000007766
329 0.0000007736
330 0.0000007707
331 0.0000007678
332 0.0000007649
333 0.0000007620
334 0.0000007592
335 0.0000007564
336 0.0000007535
337 0.0000007507
338 0.0000007480
339 0.0000007452
340 0.0000007425
341 0.0000007398
342 0.0000007371
343 0.0000007344
344 0.0000007317
345 0.0000007291
346 0.0000007265
347 0.0000007238
348 0.0000007212
349 0.0000007187
350 0.0000007161
351 0.0000007136
352 0.0000007110
353 0.0000007085
354 0.0000007060
355 0.0000007036
356 0.0000007011
357 0.0000006987
358 0.0000006962
359 0.0000006938
360 0.0000006914
361 0.0000006890
362 0.0000006866
363 0.0000006843
364 0.0000006820
365 0.0000006796
366 0.0000006773
367 0.0000006750
368 0.0000006727
369 0.0000006705
370 0.0000006682
371 0.0000006660
372 0.0000006637
373 0.0000006615
374 0.0000006593
375 0.0000006571
376 0.0000006550
377 0.0000006528
378 0.0000006506
379 0.0000006485
380 0.0000006464
381 0.0000006443
382 0.0000006422
383 0.0000006401
384 0.0000006380
385 0.0000006359
386 0.0000006339
387 0.0000006319
388 0.0000006298
389 0.0000006278
390 0.0000006258
391 0.0000006238
392 0.0000006218
393 0.0000006199
394 0.0000006179
395 0.0000006160
396 0.0000006140
397 0.0000006121
398 0.0000006102
399 0.0000006083
400 0.0000006064
401 0.0000006045
402 0.0000006026
403 0.0000006008
404 0.0000005989
405 0.0000005971
406 0.0000005953
407 0.0000005934
408 0.0000005916
409 0.0000005898
410 0.0000005880
411 0.0000005863
412 0.0000005845
413 0.0000005827
414 0.0000005810
415 0.0000005792
416 0.0000005775
417 0.0000005758
418 0.0000005741
419 0.0000005724
420 0.0000005707
421 0.0000005690
422 0.0000005673
423 0.0000005656
424 0.0000005640
425 0.0000005623
426 0.0000005607
427 0.0000005590
428 0.0000005574
429 0.0000005558
430 0.0000005542
431 0.0000005526
432 0.0000005510
433 0.0000005494
434 0.0000005478
435 0.0000005463
436 0.0000005447
437 0.0000005431
438 0.0000005416
439 0.0000005401
440 0.0000005385
441 0.0000005370
442 0.0000005355
443 0.0000005340
444 0.0000005325
445 0.0000005310
446 0.0000005295
447 0.0000005280
448 0.0000005266
449 0.0000005251
450 0.0000005237
451 0.0000005222
452 0.0000005208
453 0.0000005193
454 0.0000005179
455 0.0000005165
456 0.0000005151
457 0.0000005137
458 0.0000005123
459 0.0000005109
460 0.0000005095
461 0.0000005081
462 0.0000005067
463 0.0000005054
464 0.0000005040
465 0.0000005027
466 0.0000005013
467 0.0000005000
468 0.0000004987
469 0.0000004973
470 0.0000004960
471 0.0000004947
472 0.0000004934
473 0.0000004921
474 0.0000004908
475 0.0000004895
476 0.0000004882
477 0.0000004869
478 0.0000004857
479 0.0000004844
480 0.0000004831
481 0.0000004819
482 0.0000004806
483 0.0000004794
484 0.0000004782
485 0.0000004769
486 0.0000004757
487 0.0000004745
488 0.0000004733
489 0.0000004721
490 0.0000004709
491 0.0000004697
492 0.0000004685
493 0.0000004673
494 0.0000004661
495 0.0000004649
496 0.0000004638
497 0.0000004626
498 0.0000004614
499 0.0000004603
500 0.0000004591
501 0.0000004580
502 0.0000004568
503 0.0000004557
504 0.0000004546
505 0.0000004534
506 0.0000004523
507 0.0000004512
508 0.0000004501
509 0.0000004490
510 0.0000004479
511 0.0000004468
512 0.0000004457
513 0.0000004446
514 0.0000004435
515 0.0000004425
516 0.0000004414
517 0.0000004403
518 0.0000004393
519 0.0000004382
520 0.0000004371
521 0.0000004361
522 0.0000004350
523 0.0000004340
524 0.0000004330
525 0.0000004319
526 0.0000004309
527 0.0000004299
528 0.0000004289
529 0.0000004279
530 0.0000004268
531 0.0000004258
532 0.0000004248
533 0.0000004238
534 0.0000004228
535 0.0000004219
536 0.0000004209
537 0.0000004199
538 0.0000004189
539 0.0000004179
540 0.0000004170
541 0.0000004160
542 0.0000004150
543 0.0000004141
544 0.0000004131
545 0.0000004122
546 0.0000004112
547 0.0000004103
548 0.0000004093
549 0.0000004084
550 0.0000004075
551 0.0000004066
552 0.0000004056
553 0.0000004047
554 0.0000004038
555 0.0000004029
556 0.0000004020
557 0.0000004011
558 0.0000004002
559 0.0000003993
560 0.0000003984
561 0.0000003975
562 0.0000003966
563 0.0000003957
564 0.0000003948
565 0.0000003940
566 0.0000003931
567 0.0000003922
568 0.0000003914
569 0.0000003905
570 0.0000003896
571 0.0000003888
572 0.0000003879
573 0.0000003871
574 0.0000003862
575 0.0000003854
576 0.0000003845
577 0.0000003837
578 0.0000003829
579 0.0000003820
580 0.0000003812
581 0.0000003804
582 0.0000003796
583 0.0000003787
584 0.0000003779
585 0.0000003771
586 0.0000003763
587 0.0000003755
588 0.0000003747
589 0.0000003739
590 0.0000003731
591 0.0000003723
592 0.0000003715
593 0.0000003707
594 0.0000003700
595 0.0000003692
596 0.0000003684
597 0.0000003676
598 0.0000003668
599 0.0000003661
600 0.0000003653
601 0.0000003645
602 0.0000003638
603 0.0000003630
604 0.0000003623
605 0.0000003615
606 0.0000003608
607 0.0000003600
608 0.0000003593
609 0.0000003585
610 0.0000003578
611 0.0000003570
612 0.0000003563
613 0.0000003556
614 0.0000003549
615 0.0000003541
616 0.0000003534
617 0.0000003527
618 0.0000003520
619 0.0000003512
620 0.0000003505
621 0.0000003498
622 0.0000003491
623 0.0000003484
624 0.0000003477
625 0.0000003470
626 0.0000003463
627 0.0000003456
628 0.0000003449
629 0.0000003442
630 0.0000003435
631 0.0000003428
632 0.0000003422
633 0.0000003415
634 0.0000003408
635 0.0000003401
636 0.0000003394
637 0.0000003388
638 0.0000003381
639 0.0000003374
640 0.0000003368
641 0.0000003361
642 0.0000003354
643 0.0000003348
644 0.0000003341
645 0.0000003335
646 0.0000003328
647 0.0000003322
648 0.0000003315
649 0.0000003309
650 0.0000003302
651 0.0000003296
652 0.0000003290
653 0.0000003283
654 0.0000003277
655 0.0000003271
656 0.0000003264
657 0.0000003258
658 0.0000003252
659 0.0000003246
660 0.0000003239
661 0.0000003233
662 0.0000003227
663 0.0000003221
664 0.0000003215
665 0.0000003209
666 0.0000003202
667 0.0000003196
668 0.0000003190
669 0.0000003184
670 0.0000003178
671 0.0000003172
672 0.0000003166
673 0.0000003160
674 0.0000003154
675 0.0000003148
676 0.0000003143
677 0.0000003137
678 0.0000003131
679 0.0000003125
680 0.0000003119
681 0.0000003113
682 0.0000003108
683 0.0000003102
684 0.0000003096
685 0.0000003090
686 0.0000003085
687 0.0000003079
688 0.0000003073
689 0.0000003068
690 0.0000003062
691 0.0000003056
692 0.0000003051
693 0.0000003045
694 0.0000003040
695 0.0000003034
696 0.0000003028
697 0.0000003023
698 0.0000003017
699 0.0000003012
700 0.0000003007
701 0.0000003001
702 0.0000002996
703 0.0000002990
704 0.0000002985
705 0.0000002979
706 0.0000002974
707 0.0000002969
708 0.0000002963
709 0.0000002958
710 0.0000002953
711 0.0000002947
712 0.0000002942
713 0.0000002937
714 0.0000002932
715 0.0000002926
716 0.0000002921
717 0.0000002916
718 0.0000002911
719 0.0000002906
720 0.0000002901
721 0.0000002895
722 0.0000002890
723 0.0000002885
724 0.0000002880
725 0.0000002875
726 0.0000002870
727 0.0000002865
728 0.0000002860
729 0.0000002855
730 0.0000002850
731 0.0000002845
732 0.0000002840
733 0.0000002835
734 0.0000002830
735 0.0000002825
736 0.0000002820
737 0.0000002815
738 0.0000002811
739 0.0000002806
740 0.0000002801
741 0.0000002796
742 0.0000002791
743 0.0000002786
744 0.0000002782
745 0.0000002777
746 0.0000002772
747 0.0000002767
748 0.0000002763
749 0.0000002758
750 0.0000002753
751 0.0000002748
752 0.0000002744
753 0.0000002739
754 0.0000002734
755 0.0000002730
756 0.0000002725
757 0.0000002720
758 0.0000002716
759 0.0000002711
760 0.0000002707
761 0.0000002702
762 0.0000002698
763 0.0000002693
764 0.0000002688
765 0.0000002684
766 0.0000002679
767 0.0000002675
768 0.0000002670
769 0.0000002666
770 0.0000002661
771 0.0000002657
772 0.0000002653
773 0.0000002648
774 0.0000002644
775 0.0000002639
776 0.0000002635
777 0.0000002631
778 0.0000002626
779 0.0000002622
780 0.0000002617
781 0.0000002613
782 0.0000002609
783 0.0000002604
784 0.0000002600
785 0.0000002596
786 0.0000002592
787 0.0000002587
788 0.0000002583
789 0.0000002579
790 0.0000002575
791 0.0000002570
792 0.0000002566
793 0.0000002562
794 0.0000002558
795 0.0000002553
796 0.0000002549
797 0.0000002545
798 0.0000002541
799 0.0000002537
800 0.0000002533
801 0.0000002529
802 0.0000002524
803 0.0000002520
804 0.0000002516
805 0.0000002512
806 0.0000002508
807 0.0000002504
808 0.0000002500
809 0.0000002496
810 0.0000002492
811 0.0000002488
812 0.0000002484
813 0.0000002480
814 0.0000002476
815 0.0000002472
816 0.0000002468
817 0.0000002464
818 0.0000002460
819 0.0000002456
820 0.0000002452
821 0.0000002448
822 0.0000002444
823 0.0000002440
824 0.0000002436
825 0.0000002432
826 0.0000002428
827 0.0000002424
828 0.0000002420
829 0.0000002416
830 0.0000002413
831 0.0000002409
832 0.0000002405
833 0.0000002401
834 0.0000002397
835 0.0000002393
836 0.0000002389
837 0.0000002386
838 0.0000002382
839 0.0000002378
840 0.0000002374
841 0.0000002370
842 0.0000002366
843 0.0000002363
844 0.0000002359
845 0.0000002355
846 0.0000002351
847 0.0000002347
848 0.0000002344
849 0.0000002340
850 0.0000002336
851 0.0000002332
852 0.0000002328
853 0.0000002325
854 0.0000002321
855 0.0000002317
856 0.0000002313
857 0.0000002309
858 0.0000002306
859 0.0000002302
860 0.0000002298
861 0.0000002294
862 0.0000002290
863 0.0000002287
864 0.0000002283
865 0.0000002279
866 0.0000002275
867 0.0000002271
868 0.0000002267
869 0.0000002263
870 0.0000002260
871 0.0000002256
872 0.0000002252
873 0.0000002248
874 0.0000002244
875 0.0000002240
876 0.0000002236
877 0.0000002232
878 0.0000002227
879 0.0000002223
880 0.0000002219
881 0.0000002214
882 0.0000002210
883 0.0000002205
884 0.0000002200
885 0.0000002196
886 0.0000002190
887 0.0000002185
888 0.0000002179
889 0.0000002173
890 0.0000002166
891 0.0000002159
892 0.0000002151
893 0.0000002141
894 0.0000002129
895 0.0000002113
896 0.0000002091
897 0.0000002059
898 0.0000001994
899 0.0000001777
900 0.0000000000
