0 2000
0 0.9943348663
1 0.0015862150
2 0.0006488932
3 0.0004438207
4 0.0003200906
5 0.0002469554
6 0.0001991742
7 0.0001652644
8 0.0001399555
9 0.0001204054
10 0.0001048949
11 0.0000923197
12 0.0000819417
13 0.0000732501
14 0.0000658804
15 0.0000595657
16 0.0000541059
17 0.0000493479
18 0.0000451729
19 0.0000414869
20 0.0000382150
21 0.0000352964
22 0.0000326816
23 0.0000303296
24 0.0000282063
25 0.0000262833
26 0.0000245362
27 0.0000229447
28 0.0000214911
29 0.0000201603
30 0.0000189393
31 0.0000178167
32 0.0000167826
33 0.0000158282
34 0.0000149460
35 0.0000141292
36 0.0000133718
37 0.0000126686
38 0.0000120147
39 0.0000114059
40 0.0000108384
41 0.0000103089
42 0.0000098142
43 0.0000093516
44 0.0000089186
45 0.0000085128
46 0.0000081322
47 0.0000077750
48 0.0000074394
49 0.0000071239
50 0.0000068269
51 0.0000065473
52 0.0000062838
53 0.0000060352
54 0.0000058007
55 0.0000055792
56 0.0000053699
57 0.0000051719
58 0.0000049847
59 0.0000048073
60 0.0000046394
61 0.0000044802
62 0.0000043292
63 0.0000041859
64 0.0000040498
65 0.0000039206
66 0.0000037977
67 0.0000036809
68 0.0000035697
69 0.0000034639
70 0.0000033632
71 0.0000032671
72 0.0000031756
73 0.0000030883
74 0.0000030050
75 0.0000029254
76 0.0000028494
77 0.0000027768
78 0.0000027074
79 0.0000026410
80 0.0000025775
81 0.0000025167
82 0.0000024585
83 0.0000024027
84 0.0000023492
85 0.0000022979
86 0.0000022486
87 0.0000022014
88 0.0000021560
89 0.0000021125
90 0.0000020706
91 0.0000020303
92 0.0000019916
93 0.0000019543
94 0.0000019185
95 0.0000018839
96 0.0000018506
97 0.0000018186
98 0.0000017876
99 0.0000017578
100 0.0000017290
101 0.0000017012
102 0.0000016743
103 0.0000016484
104 0.0000016233
105 0.0000015990
106 0.0000015756
107 0.0000015529
108 0.0000015309
109 0.0000015096
110 0.0000014890
111 0.0000014690
112 0.0000014496
113 0.0000014308
114 0.0000014126
115 0.0000013949
116 0.0000013777
117 0.0000013610
118 0.0000013447
119 0.0000013290
120 0.0000013136
121 0.0000012987
122 0.0000012842
123 0.0000012700
124 0.0000012562
125 0.0000012428
126 0.0000012298
127 0.0000012170
128 0.0000012046
129 0.0000011925
130 0.0000011806
131 0.0000011691
132 0.0000011578
133 0.0000011468
134 0.0000011360
135 0.0000011255
136 0.0000011153
137 0.0000011052
138 0.0000010954
139 0.0000010858
140 0.0000010763
141 0.0000010671
142 0.0000010581
143 0.0000010492
144 0.0000010406
145 0.0000010321
146 0.0000010238
147 0.0000010156
148 0.0000010076
149 0.0000009998
150 0.0000009920
151 0.0000009845
152 0.0000009771
153 0.0000009698
154 0.0000009626
155 0.0000009556
156 0.0000009487
157 0.0000009419
158 0.0000009352
159 0.0000009286
160 0.0000009222
161 0.0000009158
162 0.0000009096
163 0.0000009034
164 0.0000008974
165 0.0000008914
166 0.0000008855
167 0.0000008798
168 0.0000008741
169 0.0000008685
170 0.0000008629
171 0.0000008575
172 0.0000008521
173 0.0000008469
174 0.0000008416
175 0.0000008365
176 0.0000008314
177 0.0000008264
178 0.0000008215
179 0.0000008167
180 0.0000008119
181 0.0000008071
182 0.0000008024
183 0.0000007978
184 0.0000007933
185 0.0000007888
186 0.0000007843
187 0.0000007800
188 0.0000007756
189 0.0000007714
190 0.0000007671
191 0.0000007630
192 0.0000007588
193 0.0000007548
194 0.0000007507
195 0.0000007467
196 0.0000007428
197 0.0000007389
198 0.0000007351
199 0.0000007313
200 0.0000007275
201 0.0000007238
202 0.0000007201
203 0.0000007165
204 0.0000007129
205 0.0000007093
206 0.0000007058
207 0.0000007023
208 0.0000006989
209 0.0000006954
210 0.0000006921
211 0.0000006887
212 0.0000006854
213 0.0000006821
214 0.0000006789
215 0.0000006757
216 0.0000006725
217 0.0000006694
218 0.0000006662
219 0.0000006632
220 0.0000006601
221 0.0000006571
222 0.0000006541
223 0.0000006511
224 0.0000006482
225 0.0000006453
226 0.0000006424
227 0.0000006395
228 0.0000006367
229 0.0000006339
230 0.0000006311
231 0.0000006283
232 0.0000006256
233 0.0000006229
234 0.0000006202
235 0.0000006175
236 0.0000006149
237 0.0000006123
238 0.0000006097
239 0.0000006071
240 0.0000006046
241 0.0000006021
242 0.0000005995
243 0.0000005971
244 0.0000005946
245 0.0000005922
246 0.0000005897
247 0.0000005873
248 0.0000005850
249 0.0000005826
250 0.0000005803
251 0.0000005779
252 0.0000005756
253 0.0000005734
254 0.0000005711
255 0.0000005688
256 0.0000005666
257 0.0000005644
258 0.0000005622
259 0.0000005600
260 0.0000005579
261 0.0000005557
262 0.0000005536
263 0.0000005515
264 0.0000005494
265 0.0000005473
266 0.0000005452
267 0.0000005432
268 0.0000005412
269 0.0000005391
270 0.0000005371
271 0.0000005352
272 0.0000005332
273 0.0000005312
274 0.0000005293
275 0.0000005274
276 0.0000005254
277 0.0000005235
278 0.0000005217
279 0.0000005198
280 0.0000005179
281 0.0000005161
282 0.0000005142
283 0.0000005124
284 0.0000005106
285 0.0000005088
286 0.0000005070
287 0.0000005053
288 0.0000005035
289 0.0000005018
290 0.0000005000
291 0.0000004983
292 0.0000004966
293 0.0000004949
294 0.0000004932
295 0.0000004916
296 0.0000004899
297 0.0000004882
298 0.0000004866
299 0.0000004850
300 0.0000004834
301 0.0000004818
302 0.0000004801
303 0.0000004786
304 0.0000004770
305 0.0000004754
306 0.0000004739
307 0.0000004723
308 0.0000004708
309 0.0000004693
310 0.0000004678
311 0.0000004662
312 0.0000004648
313 0.0000004633
314 0.0000004618
315 0.0000004603
316 0.0000004589
317 0.0000004574
318 0.0000004560
319 0.0000004545
320 0.0000004531
321 0.0000004517
322 0.0000004503
323 0.0000004489
324 0.0000004475
325 0.0000004462
326 0.0000004448
327 0.0000004434
328 0.0000004421
329 0.0000004407
330 0.0000004394
331 0.0000004381
332 0.0000004367
333 0.0000004354
334 0.0000004341
335 0.0000004328
336 0.0000004315
337 0.0000004303
338 0.0000004290
339 0.0000004277
340 0.0000004265
341 0.0000004252
342 0.0000004240
343 0.0000004227
344 0.0000004215
345 0.0000004203
346 0.0000004191
347 0.0000004179
348 0.0000004167
349 0.0000004155
350 0.0000004143
351 0.0000004131
352 0.0000004119
353 0.0000004107
354 0.0000004096
355 0.0000004084
356 0.0000004073
357 0.0000004061
358 0.0000004050
359 0.0000004039
360 0.0000004028
361 0.0000004016
362 0.0000004005
363 0.0000003994
364 0.0000003983
365 0.0000003972
366 0.0000003962
367 0.0000003951
368 0.0000003940
369 0.0000003929
370 0.0000003919
371 0.0000003908
372 0.0000003898
373 0.0000003887
374 0.0000003877
375 0.0000003866
376 0.0000003856
377 0.0000003846
378 0.0000003836
379 0.0000003826
380 0.0000003816
381 0.0000003806
382 0.0000003796
383 0.0000003786
384 0.0000003776
385 0.0000003766
386 0.0000003756
387 0.0000003747
388 0.0000003737
389 0.0000003727
390 0.0000003718
391 0.0000003708
392 0.0000003699
393 0.0000003689
394 0.0000003680
395 0.0000003671
396 0.0000003661
397 0.0000003652
398 0.0000003643
399 0.0000003634
400 0.0000003625
401 0.0000003616
402 0.0000003607
403 0.0000003598
404 0.0000003589
405 0.0000003580
406 0.0000003571
407 0.0000003562
408 0.0000003554
409 0.0000003545
410 0.0000003536
411 0.0000003528
412 0.0000003519
413 0.0000003511
414 0.0000003502
415 0.0000003494
416 0.0000003485
417 0.0000003477
418 0.0000003469
419 0.0000003460
420 0.0000003452
421 0.0000003444
422 0.0000003436
423 0.0000003428
424 0.0000003420
425 0.0000003411
426 0.0000003403
427 0.0000003395
428 0.0000003388
429 0.0000003380
430 0.0000003372
431 0.0000003364
432 0.0000003356
433 0.0000003348
434 0.0000003341
435 0.0000003333
436 0.0000003325
437 0.0000003318
438 0.0000003310
439 0.0000003303
440 0.0000003295
441 0.0000003288
442 0.0000003280
443 0.0000003273
444 0.0000003265
445 0.0000003258
446 0.0000003251
447 0.0000003244
448 0.0000003236
449 0.0000003229
450 0.0000003222
451 0.0000003215
452 0.0000003208
453 0.0000003201
454 0.0000003194
455 0.0000003186
456 0.0000003179
457 0.0000003173
458 0.0000003166
459 0.0000003159
460 0.0000003152
461 0.0000003145
462 0.0000003138
463 0.0000003131
464 0.0000003125
465 0.0000003118
466 0.0000003111
467 0.0000003105
468 0.0000003098
469 0.0000003091
470 0.0000003085
471 0.0000003078
472 0.0000003072
473 0.0000003065
474 0.0000003059
475 0.0000003052
476 0.0000003046
477 0.0000003039
478 0.0000003033
479 0.0000003027
480 0.0000003020
481 0.0000003014
482 0.0000003008
483 0.0000003002
484 0.0000002995
485 0.0000002989
486 0.0000002983
487 0.0000002977
488 0.0000002971
489 0.0000002965
490 0.0000002959
491 0.0000002953
492 0.0000002947
493 0.0000002941
494 0.0000002935
495 0.0000002929
496 0.0000002923
497 0.0000002917
498 0.0000002911
499 0.0000002905
500 0.0000002900
501 0.0000002894
502 0.0000002888
503 0.0000002882
504 0.0000002877
505 0.0000002871
506 0.0000002865
507 0.0000002860
508 0.0000002854
509 0.0000002848
510 0.0000002843
511 0.0000002837
512 0.0000002832
513 0.0000002826
514 0.0000002821
515 0.0000002815
516 0.0000002810
517 0.0000002804
518 0.0000002799
519 0.0000002793
520 0.0000002788
521 0.0000002783
522 0.0000002777
523 0.0000002772
524 0.0000002767
525 0.0000002761
526 0.0000002756
527 0.0000002751
528 0.0000002746
529 0.0000002741
530 0.0000002735
531 0.0000002730
532 0.0000002725
533 0.0000002720
534 0.0000002715
535 0.0000002710
536 0.0000002705
537 0.0000002700
538 0.0000002695
539 0.0000002690
540 0.0000002685
541 0.0000002680
542 0.0000002675
543 0.0000002670
544 0.0000002665
545 0.0000002660
546 0.0000002655
547 0.0000002650
548 0.0000002646
549 0.0000002641
550 0.0000002636
551 0.0000002631
552 0.0000002626
553 0.0000002622
554 0.0000002617
555 0.0000002612
556 0.0000002607
557 0.0000002603
558 0.0000002598
559 0.0000002593
560 0.0000002589
561 0.0000002584
562 0.0000002580
563 0.0000002575
564 0.0000002570
565 0.0000002566
566 0.0000002561
567 0.0000002557
568 0.0000002552
569 0.0000002548
570 0.0000002543
571 0.0000002539
572 0.0000002534
573 0.0000002530
574 0.0000002526
575 0.0000002521
576 0.0000002517
577 0.0000002513
578 0.0000002508
579 0.0000002504
580 0.0000002499
581 0.0000002495
582 0.0000002491
583 0.0000002487
584 0.0000002482
585 0.0000002478
586 0.0000002474
587 0.0000002470
588 0.0000002465
589 0.0000002461
590 0.0000002457
591 0.0000002453
592 0.0000002449
593 0.0000002445
594 0.0000002441
595 0.0000002436
596 0.0000002432
597 0.0000002428
598 0.0000002424
599 0.0000002420
600 0.0000002416
601 0.0000002412
602 0.0000002408
603 0.0000002404
604 0.0000002400
605 0.0000002396
606 0.0000002392
607 0.0000002388
608 0.0000002384
609 0.0000002380
610 0.0000002377
611 0.0000002373
612 0.0000002369
613 0.0000002365
614 0.0000002361
615 0.0000002357
616 0.0000002353
617 0.0000002350
618 0.0000002346
619 0.0000002342
620 0.0000002338
621 0.0000002334
622 0.0000002331
623 0.0000002327
624 0.0000002323
625 0.0000002319
626 0.0000002316
627 0.0000002312
628 0.0000002308
629 0.0000002305
630 0.0000002301
631 0.0000002297
632 0.0000002294
633 0.0000002290
634 0.0000002287
635 0.0000002283
636 0.0000002279
637 0.0000002276
638 0.0000002272
639 0.0000002269
640 0.0000002265
641 0.0000002262
642 0.0000002258
643 0.0000002254
644 0.0000002251
645 0.0000002247
646 0.0000002244
647 0.0000002241
648 0.0000002237
649 0.0000002234
650 0.0000002230
651 0.0000002227
652 0.0000002223
653 0.0000002220
654 0.0000002217
655 0.0000002213
656 0.0000002210
657 0.0000002206
658 0.0000002203
659 0.0000002200
660 0.0000002196
661 0.0000002193
662 0.0000002190
663 0.0000002186
664 0.0000002183
665 0.0000002180
666 0.0000002177
667 0.0000002173
668 0.0000002170
669 0.0000002167
670 0.0000002164
671 0.0000002160
672 0.0000002157
673 0.0000002154
674 0.0000002151
675 0.0000002148
676 0.0000002144
677 0.0000002141
678 0.0000002138
679 0.0000002135
680 0.0000002132
681 0.0000002129
682 0.0000002125
683 0.0000002122
684 0.0000002119
685 0.0000002116
686 0.0000002113
687 0.0000002110
688 0.0000002107
689 0.0000002104
690 0.0000002101
691 0.0000002098
692 0.0000002095
693 0.0000002092
694 0.0000002089
695 0.0000002086
696 0.0000002083
697 0.0000002080
698 0.0000002077
699 0.0000002074
700 0.0000002071
701 0.0000002068
702 0.0000002065
703 0.0000002062
704 0.0000002059
705 0.0000002056
706 0.0000002053
707 0.0000002050
708 0.0000002047
709 0.0000002044
710 0.0000002042
711 0.0000002039
712 0.0000002036
713 0.0000002033
714 0.0000002030
715 0.0000002027
716 0.0000002024
717 0.0000002022
718 0.0000002019
719 0.0000002016
720 0.0000002013
721 0.0000002010
722 0.0000002008
723 0.0000002005
724 0.0000002002
725 0.0000001999
726 0.0000001997
727 0.0000001994
728 0.0000001991
729 0.0000001988
730 0.0000001986
731 0.0000001983
732 0.0000001980
733 0.0000001977
734 0.0000001975
735 0.0000001972
736 0.0000001969
737 0.0000001967
738 0.0000001964
739 0.0000001961
740 0.0000001959
741 0.0000001956
742 0.0000001953
743 0.0000001951
744 0.0000001948
745 0.0000001946
746 0.0000001943
747 0.0000001940
748 0.0000001938
749 0.0000001935
750 0.0000001933
751 0.0000001930
752 0.0000001927
753 0.0000001925
754 0.0000001922
755 0.0000001920
756 0.0000001917
757 0.0000001915
758 0.0000001912
759 0.0000001910
760 0.0000001907
761 0.0000001905
762 0.0000001902
763 0.0000001900
764 0.0000001897
765 0.0000001895
766 0.0000001892
767 0.0000001890
768 0.0000001887
769 0.0000001885
770 0.0000001882
771 0.0000001880
772 0.0000001878
773 0.0000001875
774 0.0000001873
775 0.0000001870
776 0.0000001868
777 0.0000001865
778 0.0000001863
779 0.0000001861
780 0.0000001858
781 0.0000001856
782 0.0000001853
783 0.0000001851
784 0.0000001849
785 0.0000001846
786 0.0000001844
787 0.0000001842
788 0.0000001839
789 0.0000001837
790 0.0000001835
791 0.0000001832
792 0.0000001830
793 0.0000001828
794 0.0000001825
795 0.0000001823
796 0.0000001821
797 0.0000001819
798 0.0000001816
799 0.0000001814
800 0.0000001812
801 0.0000001809
802 0.0000001807
803 0.0000001805
804 0.0000001803
805 0.0000001800
806 0.0000001798
807 0.0000001796
808 0.0000001794
809 0.0000001792
810 0.0000001789
811 0.0000001787
812 0.0000001785
813 0.0000001783
814 0.0000001781
815 0.0000001778
816 0.0000001776
817 0.0000001774
818 0.0000001772
819 0.0000001770
820 0.0000001768
821 0.0000001765
822 0.0000001763
823 0.0000001761
824 0.0000001759
825 0.0000001757
826 0.0000001755
827 0.0000001753
828 0.0000001750
829 0.0000001748
830 0.0000001746
831 0.0000001744
832 0.0000001742
833 0.0000001740
834 0.0000001738
835 0.0000001736
836 0.0000001734
837 0.0000001732
838 0.0000001730
839 0.0000001727
840 0.0000001725
841 0.0000001723
842 0.0000001721
843 0.0000001719
844 0.0000001717
845 0.0000001715
846 0.0000001713
847 0.0000001711
848 0.0000001709
849 0.0000001707
850 0.0000001705
851 0.0000001703
852 0.0000001701
853 0.0000001699
854 0.0000001697
855 0.0000001695
856 0.0000001693
857 0.0000001691
858 0.0000001689
859 0.0000001687
860 0.0000001685
861 0.0000001683
862 0.0000001681
863 0.0000001679
864 0.0000001677
865 0.0000001675
866 0.0000001674
867 0.0000001672
868 0.0000001670
869 0.0000001668
870 0.0000001666
871 0.0000001664
872 0.0000001662
873 0.0000001660
874 0.0000001658
875 0.0000001656
876 0.0000001654
877 0.0000001653
878 0.0000001651
879 0.0000001649
880 0.0000001647
881 0.0000001645
882 0.0000001643
883 0.0000001641
884 0.0000001639
885 0.0000001638
886 0.0000001636
887 0.0000001634
888 0.0000001632
889 0.0000001630
890 0.0000001628
891 0.0000001627
892 0.0000001625
893 0.0000001623
894 0.0000001621
895 0.0000001619
896 0.0000001617
897 0.0000001616
898 0.0000001614
899 0.0000001612
900 0.0000001610
901 0.0000001608
902 0.0000001607
903 0.0000001605
904 0.0000001603
905 0.0000001601
906 0.0000001600
907 0.0000001598
908 0.0000001596
909 0.0000001594
910 0.0000001593
911 0.0000001591
912 0.0000001589
913 0.0000001587
914 0.0000001586
915 0.0000001584
916 0.0000001582
917 0.0000001580
918 0.0000001579
919 0.0000001577
920 0.0000001575
921 0.0000001573
922 0.0000001572
923 0.0000001570
924 0.0000001568
925 0.0000001567
926 0.0000001565
927 0.0000001563
928 0.0000001562
929 0.0000001560
930 0.0000001558
931 0.0000001557
932 0.0000001555
933 0.0000001553
934 0.0000001552
935 0.0000001550
936 0.0000001548
937 0.0000001547
938 0.0000001545
939 0.0000001543
940 0.0000001542
941 0.0000001540
942 0.0000001538
943 0.0000001537
944 0.0000001535
945 0.0000001533
946 0.0000001532
947 0.0000001530
948 0.0000001529
949 0.0000001527
950 0.0000001525
951 0.0000001524
952 0.0000001522
953 0.0000001521
954 0.0000001519
955 0.0000001517
956 0.0000001516
957 0.0000001514
958 0.0000001513
959 0.0000001511
960 0.0000001509
961 0.0000001508
962 0.0000001506
963 0.0000001505
964 0.0000001503
965 0.0000001502
966 0.0000001500
967 0.0000001499
968 0.0000001497
969 0.0000001495
970 0.0000001494
971 0.0000001492
972 0.0000001491
973 0.0000001489
974 0.0000001488
975 0.0000001486
976 0.0000001485
977 0.0000001483
978 0.0000001482
979 0.0000001480
980 0.0000001479
981 0.0000001477
982 0.0000001476
983 0.0000001474
984 0.0000001473
985 0.0000001471
986 0.0000001470
987 0.0000001468
988 0.0000001467
989 0.0000001465
990 0.0000001464
991 0.0000001462
992 0.0000001461
993 0.0000001459
994 0.0000001458
995 0.0000001456
996 0.0000001455
997 0.0000001453
998 0.0000001452
999 0.0000001450
1000 0.0000001449
1001 0.0000001448
1002 0.0000001446
1003 0.0000001445
1004 0.0000001443
1005 0.0000001442
1006 0.0000001440
1007 0.0000001439
1008 0.0000001437
1009 0.0000001436
1010 0.0000001435
1011 0.0000001433
1012 0.0000001432
1013 0.0000001430
1014 0.0000001429
1015 0.0000001428
1016 0.0000001426
1017 0.0000001425
1018 0.0000001423
1019 0.0000001422
1020 0.0000001421
1021 0.0000001419
1022 0.0000001418
1023 0.0000001416
1024 0.0000001415
1025 0.0000001414
1026 0.0000001412
1027 0.0000001411
1028 0.0000001409
1029 0.0000001408
1030 0.0000001407
1031 0.0000001405
1032 0.0000001404
1033 0.0000001403
1034 0.0000001401
1035 0.0000001400
1036 0.0000001399
1037 0.0000001397
1038 0.0000001396
1039 0.0000001395
1040 0.0000001393
1041 0.0000001392
1042 0.0000001390
1043 0.0000001389
1044 0.0000001388
1045 0.0000001386
1046 0.0000001385
1047 0.0000001384
1048 0.0000001383
1049 0.0000001381
1050 0.0000001380
1051 0.0000001379
1052 0.0000001377
1053 0.0000001376
1054 0.0000001375
1055 0.0000001373
1056 0.0000001372
1057 0.0000001371
1058 0.0000001369
1059 0.0000001368
1060 0.0000001367
1061 0.0000001366
1062 0.0000001364
1063 0.0000001363
1064 0.0000001362
1065 0.0000001360
1066 0.0000001359
1067 0.0000001358
1068 0.0000001357
1069 0.0000001355
1070 0.0000001354
1071 0.0000001353
1072 0.0000001352
1073 0.0000001350
1074 0.0000001349
1075 0.0000001348
1076 0.0000001346
1077 0.0000001345
1078 0.0000001344
1079 0.0000001343
1080 0.0000001341
1081 0.0000001340
1082 0.0000001339
1083 0.0000001338
1084 0.0000001337
1085 0.0000001335
1086 0.0000001334
1087 0.0000001333
1088 0.0000001332
1089 0.0000001330
1090 0.0000001329
1091 0.0000001328
1092 0.0000001327
1093 0.0000001325
1094 0.0000001324
1095 0.0000001323
1096 0.0000001322
1097 0.0000001321
1098 0.0000001319
1099 0.0000001318
1100 0.0000001317
1101 0.0000001316
1102 0.0000001315
1103 0.0000001313
1104 0.0000001312
1105 0.0000001311
1106 0.0000001310
1107 0.0000001309
1108 0.0000001307
1109 0.0000001306
1110 0.0000001305
1111 0.0000001304
1112 0.0000001303
1113 0.0000001302
1114 0.0000001300
1115 0.0000001299
1116 0.0000001298
1117 0.0000001297
1118 0.0000001296
1119 0.0000001295
1120 0.0000001293
1121 0.0000001292
1122 0.0000001291
1123 0.0000001290
1124 0.0000001289
1125 0.0000001288
1126 0.0000001287
1127 0.0000001285
1128 0.0000001284
1129 0.0000001283
1130 0.0000001282
1131 0.0000001281
1132 0.0000001280
1133 0.0000001279
1134 0.0000001277
1135 0.0000001276
1136 0.0000001275
1137 0.0000001274
1138 0.0000001273
1139 0.0000001272
1140 0.0000001271
1141 0.0000001270
1142 0.0000001268
1143 0.0000001267
1144 0.0000001266
1145 0.0000001265
1146 0.0000001264
1147 0.0000001263
1148 0.0000001262
1149 0.0000001261
1150 0.0000001260
1151 0.0000001259
1152 0.0000001257
1153 0.0000001256
1154 0.0000001255
1155 0.0000001254
1156 0.0000001253
1157 0.0000001252
1158 0.0000001251
1159 0.0000001250
1160 0.0000001249
1161 0.0000001248
1162 0.0000001247
1163 0.0000001246
1164 0.0000001244
1165 0.0000001243
1166 0.0000001242
1167 0.0000001241
1168 0.0000001240
1169 0.0000001239
1170 0.0000001238
1171 0.0000001237
1172 0.0000001236
1173 0.0000001235
1174 0.0000001234
1175 0.0000001233
1176 0.0000001232
1177 0.0000001231
1178 0.0000001230
1179 0.0000001229
1180 0.0000001228
1181 0.0000001226
1182 0.0000001225
1183 0.0000001224
1184 0.0000001223
1185 0.0000001222
1186 0.0000001221
1187 0.0000001220
1188 0.0000001219
1189 0.0000001218
1190 0.0000001217
1191 0.0000001216
1192 0.0000001215
1193 0.0000001214
1194 0.0000001213
1195 0.0000001212
1196 0.0000001211
1197 0.0000001210
1198 0.0000001209
1199 0.0000001208
1200 0.0000001207
1201 0.0000001206
1202 0.0000001205
1203 0.0000001204
1204 0.0000001203
1205 0.0000001202
1206 0.0000001201
1207 0.0000001200
1208 0.0000001199
1209 0.0000001198
1210 0.0000001197
1211 0.0000001196
1212 0.0000001195
1213 0.0000001194
1214 0.0000001193
1215 0.0000001192
1216 0.0000001191
1217 0.0000001190
1218 0.0000001189
1219 0.0000001188
1220 0.0000001187
1221 0.0000001186
1222 0.0000001185
1223 0.0000001184
1224 0.0000001183
1225 0.0000001182
1226 0.0000001181
1227 0.0000001180
1228 0.0000001179
1229 0.0000001178
1230 0.0000001177
1231 0.0000001176
1232 0.0000001176
1233 0.0000001175
1234 0.0000001174
1235 0.0000001173
1236 0.0000001172
1237 0.0000001171
1238 0.0000001170
1239 0.0000001169
1240 0.0000001168
1241 0.0000001167
1242 0.0000001166
1243 0.0000001165
1244 0.0000001164
1245 0.0000001163
1246 0.0000001162
1247 0.0000001161
1248 0.0000001160
1249 0.0000001159
1250 0.0000001159
1251 0.0000001158
1252 0.0000001157
1253 0.0000001156
1254 0.0000001155
1255 0.0000001154
1256 0.0000001153
1257 0.0000001152
1258 0.0000001151
1259 0.0000001150
1260 0.0000001149
1261 0.0000001148
1262 0.0000001147
1263 0.0000001147
1264 0.0000001146
1265 0.0000001145
1266 0.0000001144
1267 0.0000001143
1268 0.0000001142
1269 0.0000001141
1270 0.0000001140
1271 0.0000001139
1272 0.0000001138
1273 0.0000001138
1274 0.0000001137
1275 0.0000001136
1276 0.0000001135
1277 0.0000001134
1278 0.0000001133
1279 0.0000001132
1280 0.0000001131
1281 0.0000001130
1282 0.0000001130
1283 0.0000001129
1284 0.0000001128
1285 0.0000001127
1286 0.0000001126
1287 0.0000001125
1288 0.0000001124
1289 0.0000001123
1290 0.0000001122
1291 0.0000001122
1292 0.0000001121
1293 0.0000001120
1294 0.0000001119
1295 0.0000001118
1296 0.0000001117
1297 0.0000001116
1298 0.0000001116
1299 0.0000001115
1300 0.0000001114
1301 0.0000001113
1302 0.0000001112
1303 0.0000001111
1304 0.0000001110
1305 0.0000001110
1306 0.0000001109
1307 0.0000001108
1308 0.0000001107
1309 0.0000001106
1310 0.0000001105
1311 0.0000001104
1312 0.0000001104
1313 0.0000001103
1314 0.0000001102
1315 0.0000001101
1316 0.0000001100
1317 0.0000001099
1318 0.0000001099
1319 0.0000001098
1320 0.0000001097
1321 0.0000001096
1322 0.0000001095
1323 0.0000001094
1324 0.0000001094
1325 0.0000001093
1326 0.0000001092
1327 0.0000001091
1328 0.0000001090
1329 0.0000001089
1330 0.0000001089
1331 0.0000001088
1332 0.0000001087
1333 0.0000001086
1334 0.0000001085
1335 0.0000001084
1336 0.0000001084
1337 0.0000001083
1338 0.0000001082
1339 0.0000001081
1340 0.0000001080
1341 0.0000001080
1342 0.0000001079
1343 0.0000001078
1344 0.0000001077
1345 0.0000001076
1346 0.0000001076
1347 0.0000001075
1348 0.0000001074
1349 0.0000001073
1350 0.0000001072
1351 0.0000001072
1352 0.0000001071
1353 0.0000001070
1354 0.0000001069
1355 0.0000001068
1356 0.0000001068
1357 0.0000001067
1358 0.0000001066
1359 0.0000001065
1360 0.0000001064
1361 0.0000001064
1362 0.0000001063
1363 0.0000001062
1364 0.0000001061
1365 0.0000001061
1366 0.0000001060
1367 0.0000001059
1368 0.0000001058
1369 0.0000001057
1370 0.0000001057
1371 0.0000001056
1372 0.0000001055
1373 0.0000001054
1374 0.0000001054
1375 0.0000001053
1376 0.0000001052
1377 0.0000001051
1378 0.0000001050
1379 0.0000001050
1380 0.0000001049
1381 0.0000001048
1382 0.0000001047
1383 0.0000001047
1384 0.0000001046
1385 0.0000001045
1386 0.0000001044
1387 0.0000001044
1388 0.0000001043
1389 0.0000001042
1390 0.0000001041
1391 0.0000001041
1392 0.0000001040
1393 0.0000001039
1394 0.0000001038
1395 0.0000001038
1396 0.0000001037
1397 0.0000001036
1398 0.0000001035
1399 0.0000001035
1400 0.0000001034
1401 0.0000001033
1402 0.0000001032
1403 0.0000001032
1404 0.0000001031
1405 0.0000001030
1406 0.0000001029
1407 0.0000001029
1408 0.0000001028
1409 0.0000001027
1410 0.0000001026
1411 0.0000001026
1412 0.0000001025
1413 0.0000001024
1414 0.0000001024
1415 0.0000001023
1416 0.0000001022
1417 0.0000001021
1418 0.0000001021
1419 0.0000001020
1420 0.0000001019
1421 0.0000001018
1422 0.0000001018
1423 0.0000001017
1424 0.0000001016
1425 0.0000001016
1426 0.0000001015
1427 0.0000001014
1428 0.0000001013
1429 0.0000001013
1430 0.0000001012
1431 0.0000001011
1432 0.0000001011
1433 0.0000001010
1434 0.0000001009
1435 0.0000001008
1436 0.0000001008
1437 0.0000001007
1438 0.0000001006
1439 0.0000001006
1440 0.0000001005
1441 0.0000001004
1442 0.0000001004
1443 0.0000001003
1444 0.0000001002
1445 0.0000001001
1446 0.0000001001
1447 0.0000001000
1448 0.0000000999
1449 0.0000000999
1450 0.0000000998
1451 0.0000000997
1452 0.0000000997
1453 0.0000000996
1454 0.0000000995
1455 0.0000000994
1456 0.0000000994
1457 0.0000000993
1458 0.0000000992
1459 0.0000000992
1460 0.0000000991
1461 0.0000000990
1462 0.0000000990
1463 0.0000000989
1464 0.0000000988
1465 0.0000000988
1466 0.0000000987
1467 0.0000000986
1468 0.0000000986
1469 0.0000000985
1470 0.0000000984
1471 0.0000000984
1472 0.0000000983
1473 0.0000000982
1474 0.0000000982
1475 0.0000000981
1476 0.0000000980
1477 0.0000000980
1478 0.0000000979
1479 0.0000000978
1480 0.0000000978
1481 0.0000000977
1482 0.0000000976
1483 0.0000000976
1484 0.0000000975
1485 0.0000000974
1486 0.0000000974
1487 0.0000000973
1488 0.0000000972
1489 0.0000000972
1490 0.0000000971
1491 0.0000000970
1492 0.0000000970
1493 0.0000000969
1494 0.0000000968
1495 0.0000000968
1496 0.0000000967
1497 0.0000000966
1498 0.0000000966
1499 0.0000000965
1500 0.0000000964
1501 0.0000000964
1502 0.0000000963
1503 0.0000000962
1504 0.0000000962
1505 0.0000000961
1506 0.0000000961
1507 0.0000000960
1508 0.0000000959
1509 0.0000000959
1510 0.0000000958
1511 0.0000000957
1512 0.0000000957
1513 0.0000000956
1514 0.0000000955
1515 0.0000000955
1516 0.0000000954
1517 0.0000000953
1518 0.0000000953
1519 0.0000000952
1520 0.0000000952
1521 0.0000000951
1522 0.0000000950
1523 0.0000000950
1524 0.0000000949
1525 0.0000000948
1526 0.0000000948
1527 0.0000000947
1528 0.0000000947
1529 0.0000000946
1530 0.0000000945
1531 0.0000000945
1532 0.0000000944
1533 0.0000000943
1534 0.0000000943
1535 0.0000000942
1536 0.0000000942
1537 0.0000000941
1538 0.0000000940
1539 0.0000000940
1540 0.0000000939
1541 0.0000000938
1542 0.0000000938
1543 0.0000000937
1544 0.0000000937
1545 0.0000000936
1546 0.0000000935
1547 0.0000000935
1548 0.0000000934
1549 0.0000000934
1550 0.0000000933
1551 0.0000000932
1552 0.0000000932
1553 0.0000000931
1554 0.0000000931
1555 0.0000000930
1556 0.0000000929
1557 0.0000000929
1558 0.0000000928
1559 0.0000000927
1560 0.0000000927
1561 0.0000000926
1562 0.0000000926
1563 0.0000000925
1564 0.0000000924
1565 0.0000000924
1566 0.0000000923
1567 0.0000000923
1568 0.0000000922
1569 0.0000000921
1570 0.0000000921
1571 0.0000000920
1572 0.0000000920
1573 0.0000000919
1574 0.0000000919
1575 0.0000000918
1576 0.0000000917
1577 0.0000000917
1578 0.0000000916
1579 0.0000000916
1580 0.0000000915
1581 0.0000000914
1582 0.0000000914
1583 0.0000000913
1584 0.0000000913
1585 0.0000000912
1586 0.0000000911
1587 0.0000000911
1588 0.0000000910
1589 0.0000000910
1590 0.0000000909
1591 0.0000000909
1592 0.0000000908
1593 0.0000000907
1594 0.0000000907
1595 0.0000000906
1596 0.0000000906
1597 0.0000000905
1598 0.0000000905
1599 0.0000000904
1600 0.0000000903
1601 0.0000000903
1602 0.0000000902
1603 0.0000000902
1604 0.0000000901
1605 0.0000000900
1606 0.0000000900
1607 0.0000000899
1608 0.0000000899
1609 0.0000000898
1610 0.0000000898
1611 0.0000000897
1612 0.0000000897
1613 0.0000000896
1614 0.0000000895
1615 0.0000000895
1616 0.0000000894
1617 0.0000000894
1618 0.0000000893
1619 0.0000000893
1620 0.0000000892
1621 0.0000000891
1622 0.0000000891
1623 0.0000000890
1624 0.0000000890
1625 0.0000000889
1626 0.0000000889
1627 0.0000000888
1628 0.0000000888
1629 0.0000000887
1630 0.0000000886
1631 0.0000000886
1632 0.0000000885
1633 0.0000000885
1634 0.0000000884
1635 0.0000000884
1636 0.0000000883
1637 0.0000000883
1638 0.0000000882
1639 0.0000000881
1640 0.0000000881
1641 0.0000000880
1642 0.0000000880
1643 0.0000000879
1644 0.0000000879
1645 0.0000000878
1646 0.0000000878
1647 0.0000000877
1648 0.0000000877
1649 0.0000000876
1650 0.0000000875
1651 0.0000000875
1652 0.0000000874
1653 0.0000000874
1654 0.0000000873
1655 0.0000000873
1656 0.0000000872
1657 0.0000000872
1658 0.0000000871
1659 0.0000000871
1660 0.0000000870
1661 0.0000000870
1662 0.0000000869
1663 0.0000000868
1664 0.0000000868
1665 0.0000000867
1666 0.0000000867
1667 0.0000000866
1668 0.0000000866
1669 0.0000000865
1670 0.0000000865
1671 0.0000000864
1672 0.0000000864
1673 0.0000000863
1674 0.0000000863
1675 0.0000000862
1676 0.0000000862
1677 0.0000000861
1678 0.0000000860
1679 0.0000000860
1680 0.0000000859
1681 0.0000000859
1682 0.0000000858
1683 0.0000000858
1684 0.0000000857
1685 0.0000000857
1686 0.0000000856
1687 0.0000000856
1688 0.0000000855
1689 0.0000000855
1690 0.0000000854
1691 0.0000000854
1692 0.0000000853
1693 0.0000000853
1694 0.0000000852
1695 0.0000000852
1696 0.0000000851
1697 0.0000000851
1698 0.0000000850
1699 0.0000000850
1700 0.0000000849
1701 0.0000000849
1702 0.0000000848
1703 0.0000000847
1704 0.0000000847
1705 0.0000000846
1706 0.0000000846
1707 0.0000000845
1708 0.0000000845
1709 0.0000000844
1710 0.0000000844
1711 0.0000000843
1712 0.0000000843
1713 0.0000000842
1714 0.0000000842
1715 0.0000000841
1716 0.0000000841
1717 0.0000000840
1718 0.0000000840
1719 0.0000000839
1720 0.0000000839
1721 0.0000000838
1722 0.0000000838
1723 0.0000000837
1724 0.0000000837
1725 0.0000000836
1726 0.0000000836
1727 0.0000000835
1728 0.0000000835
1729 0.0000000834
1730 0.0000000834
1731 0.0000000833
1732 0.0000000833
1733 0.0000000832
1734 0.0000000832
1735 0.0000000831
1736 0.0000000831
1737 0.0000000830
1738 0.0000000830
1739 0.0000000829
1740 0.0000000829
1741 0.0000000828
1742 0.0000000828
1743 0.0000000827
1744 0.0000000827
1745 0.0000000826
1746 0.0000000826
1747 0.0000000825
1748 0.0000000825
1749 0.0000000824
1750 0.0000000824
1751 0.0000000823
1752 0.0000000823
1753 0.0000000822
1754 0.0000000822
1755 0.0000000821
1756 0.0000000821
1757 0.0000000820
1758 0.0000000820
1759 0.0000000819
1760 0.0000000819
1761 0.0000000818
1762 0.0000000818
1763 0.0000000817
1764 0.0000000817
1765 0.0000000817
1766 0.0000000816
1767 0.0000000816
1768 0.0000000815
1769 0.0000000815
1770 0.0000000814
1771 0.0000000814
1772 0.0000000813
1773 0.0000000813
1774 0.0000000812
1775 0.0000000812
1776 0.0000000811
1777 0.0000000811
1778 0.0000000810
1779 0.0000000810
1780 0.0000000809
1781 0.0000000809
1782 0.0000000808
1783 0.0000000808
1784 0.0000000807
1785 0.0000000807
1786 0.0000000806
1787 0.0000000806
1788 0.0000000805
1789 0.0000000805
1790 0.0000000804
1791 0.0000000804
1792 0.0000000803
1793 0.0000000803
1794 0.0000000802
1795 0.0000000802
1796 0.0000000802
1797 0.0000000801
1798 0.0000000801
1799 0.0000000800
1800 0.0000000800
1801 0.0000000799
1802 0.0000000799
1803 0.0000000798
1804 0.0000000798
1805 0.0000000797
1806 0.0000000797
1807 0.0000000796
1808 0.0000000796
1809 0.0000000795
1810 0.0000000795
1811 0.0000000794
1812 0.0000000794
1813 0.0000000793
1814 0.0000000793
1815 0.0000000792
1816 0.0000000792
1817 0.0000000792
1818 0.0000000791
1819 0.0000000791
1820 0.0000000790
1821 0.0000000790
1822 0.0000000789
1823 0.0000000789
1824 0.0000000788
1825 0.0000000788
1826 0.0000000787
1827 0.0000000787
1828 0.0000000786
1829 0.0000000786
1830 0.0000000785
1831 0.0000000785
1832 0.0000000784
1833 0.0000000784
1834 0.0000000783
1835 0.0000000783
1836 0.0000000783
1837 0.0000000782
1838 0.0000000782
1839 0.0000000781
1840 0.0000000781
1841 0.0000000780
1842 0.0000000780
1843 0.0000000779
1844 0.0000000779
1845 0.0000000778
1846 0.0000000778
1847 0.0000000777
1848 0.0000000777
1849 0.0000000776
1850 0.0000000776
1851 0.0000000775
1852 0.0000000775
1853 0.0000000774
1854 0.0000000774
1855 0.0000000773
1856 0.0000000773
1857 0.0000000773
1858 0.0000000772
1859 0.0000000772
1860 0.0000000771
1861 0.0000000771
1862 0.0000000770
1863 0.0000000770
1864 0.0000000769
1865 0.0000000769
1866 0.0000000768
1867 0.0000000768
1868 0.0000000767
1869 0.0000000767
1870 0.0000000766
1871 0.0000000766
1872 0.0000000765
1873 0.0000000765
1874 0.0000000764
1875 0.0000000764
1876 0.0000000763
1877 0.0000000763
1878 0.0000000762
1879 0.0000000762
1880 0.0000000761
1881 0.0000000761
1882 0.0000000760
1883 0.0000000760
1884 0.0000000759
1885 0.0000000759
1886 0.0000000758
1887 0.0000000758
1888 0.0000000757
1889 0.0000000757
1890 0.0000000756
1891 0.0000000756
1892 0.0000000755
1893 0.0000000755
1894 0.0000000754
1895 0.0000000754
1896 0.0000000753
1897 0.0000000753
1898 0.0000000752
1899 0.0000000752
1900 0.0000000751
1901 0.0000000751
1902 0.0000000750
1903 0.0000000750
1904 0.0000000749
1905 0.0000000749
1906 0.0000000748
1907 0.0000000748
1908 0.0000000747
1909 0.0000000747
1910 0.0000000746
1911 0.0000000746
1912 0.0000000745
1913 0.0000000745
1914 0.0000000744
1915 0.0000000744
1916 0.0000000743
1917 0.0000000742
1918 0.0000000742
1919 0.0000000741
1920 0.0000000741
1921 0.0000000740
1922 0.0000000740
1923 0.0000000739
1924 0.0000000739
1925 0.0000000738
1926 0.0000000737
1927 0.0000000737
1928 0.0000000736
1929 0.0000000736
1930 0.0000000735
1931 0.0000000735
1932 0.0000000734
1933 0.0000000733
1934 0.0000000733
1935 0.0000000732
1936 0.0000000732
1937 0.0000000731
1938 0.0000000730
1939 0.0000000730
1940 0.0000000729
1941 0.0000000728
1942 0.0000000728
1943 0.0000000727
1944 0.0000000727
1945 0.0000000726
1946 0.0000000725
1947 0.0000000725
1948 0.0000000724
1949 0.0000000723
1950 0.0000000723
1951 0.0000000722
1952 0.0000000721
1953 0.0000000720
1954 0.0000000720
1955 0.0000000719
1956 0.0000000718
1957 0.0000000718
1958 0.0000000717
1959 0.0000000716
1960 0.0000000715
1961 0.0000000715
1962 0.0000000714
1963 0.0000000713
1964 0.0000000712
1965 0.0000000711
1966 0.0000000711
1967 0.0000000710
1968 0.0000000709
1969 0.0000000708
1970 0.0000000707
1971 0.0000000706
1972 0.0000000705
1973 0.0000000704
1974 0.0000000703
1975 0.0000000702
1976 0.0000000701
1977 0.0000000700
1978 0.0000000699
1979 0.0000000698
1980 0.0000000697
1981 0.0000000696
1982 0.0000000695
1983 0.0000000693
1984 0.0000000692
1985 0.0000000691
1986 0.0000000689
1987 0.0000000688
1988 0.0000000686
1989 0.0000000684
1990 0.0000000682
1991 0.0000000680
1992 0.0000000677
1993 0.0000000674
1994 0.0000000671
1995 0.0000000666
1996 0.0000000659
1997 0.0000000649
1998 0.0000000629
1999 0.0000000560
2000 0.0000000000
