1 2000
0 0.9940271513
1 0.0022841465
2 0.0008322381
3 0.0005265140
4 0.0003551292
5 0.0002591034
6 0.0001993060
7 0.0001587277
8 0.0001296644
9 0.0001080457
10 0.0000914789
11 0.0000784707
12 0.0000680490
13 0.0000595580
14 0.0000525408
15 0.0000466701
16 0.0000417063
17 0.0000374700
18 0.0000338249
19 0.0000306653
20 0.0000279087
21 0.0000254894
22 0.0000233547
23 0.0000214621
24 0.0000197766
25 0.0000182694
26 0.0000169166
27 0.0000156981
28 0.0000145972
29 0.0000135996
30 0.0000126929
31 0.0000118669
32 0.0000111124
33 0.0000104218
34 0.0000097883
35 0.0000092060
36 0.0000086697
37 0.0000081749
38 0.0000077176
39 0.0000072944
40 0.0000069020
41 0.0000065377
42 0.0000061990
43 0.0000058836
44 0.0000055897
45 0.0000053154
46 0.0000050591
47 0.0000048194
48 0.0000045949
49 0.0000043845
50 0.0000041871
51 0.0000040017
52 0.0000038274
53 0.0000036634
54 0.0000035089
55 0.0000033634
56 0.0000032261
57 0.0000030966
58 0.0000029741
59 0.0000028584
60 0.0000027489
61 0.0000026453
62 0.0000025471
63 0.0000024541
64 0.0000023658
65 0.0000022820
66 0.0000022024
67 0.0000021268
68 0.0000020549
69 0.0000019865
70 0.0000019214
71 0.0000018594
72 0.0000018003
73 0.0000017440
74 0.0000016902
75 0.0000016389
76 0.0000015900
77 0.0000015432
78 0.0000014984
79 0.0000014557
80 0.0000014148
81 0.0000013756
82 0.0000013381
83 0.0000013022
84 0.0000012678
85 0.0000012348
86 0.0000012032
87 0.0000011728
88 0.0000011436
89 0.0000011156
90 0.0000010887
91 0.0000010629
92 0.0000010380
93 0.0000010141
94 0.0000009911
95 0.0000009690
96 0.0000009476
97 0.0000009271
98 0.0000009073
99 0.0000008882
100 0.0000008698
101 0.0000008520
102 0.0000008349
103 0.0000008184
104 0.0000008024
105 0.0000007870
106 0.0000007720
107 0.0000007576
108 0.0000007437
109 0.0000007302
110 0.0000007171
111 0.0000007045
112 0.0000006923
113 0.0000006804
114 0.0000006689
115 0.0000006578
116 0.0000006470
117 0.0000006365
118 0.0000006264
119 0.0000006165
120 0.0000006070
121 0.0000005977
122 0.0000005887
123 0.0000005799
124 0.0000005714
125 0.0000005631
126 0.0000005551
127 0.0000005472
128 0.0000005396
129 0.0000005322
130 0.0000005250
131 0.0000005179
132 0.0000005111
133 0.0000005044
134 0.0000004979
135 0.0000004916
136 0.0000004854
137 0.0000004794
138 0.0000004735
139 0.0000004678
140 0.0000004622
141 0.0000004567
142 0.0000004513
143 0.0000004461
144 0.0000004410
145 0.0000004361
146 0.0000004312
147 0.0000004264
148 0.0000004218
149 0.0000004172
150 0.0000004128
151 0.0000004084
152 0.0000004041
153 0.0000004000
154 0.0000003959
155 0.0000003919
156 0.0000003879
157 0.0000003841
158 0.0000003803
159 0.0000003766
160 0.0000003730
161 0.0000003695
162 0.0000003660
163 0.0000003626
164 0.0000003592
165 0.0000003559
166 0.0000003527
167 0.0000003495
168 0.0000003464
169 0.0000003433
170 0.0000003403
171 0.0000003374
172 0.0000003345
173 0.0000003316
174 0.0000003288
175 0.0000003261
176 0.0000003234
177 0.0000003207
178 0.0000003181
179 0.0000003155
180 0.0000003130
181 0.0000003105
182 0.0000003080
183 0.0000003056
184 0.0000003032
185 0.0000003009
186 0.0000002986
187 0.0000002963
188 0.0000002941
189 0.0000002919
190 0.0000002897
191 0.0000002876
192 0.0000002854
193 0.0000002834
194 0.0000002813
195 0.0000002793
196 0.0000002773
197 0.0000002753
198 0.0000002734
199 0.0000002715
200 0.0000002696
201 0.0000002678
202 0.0000002659
203 0.0000002641
204 0.0000002623
205 0.0000002606
206 0.0000002588
207 0.0000002571
208 0.0000002554
209 0.0000002537
210 0.0000002521
211 0.0000002505
212 0.0000002488
213 0.0000002473
214 0.0000002457
215 0.0000002441
216 0.0000002426
217 0.0000002411
218 0.0000002396
219 0.0000002381
220 0.0000002366
221 0.0000002352
222 0.0000002338
223 0.0000002323
224 0.0000002309
225 0.0000002296
226 0.0000002282
227 0.0000002268
228 0.0000002255
229 0.0000002242
230 0.0000002229
231 0.0000002216
232 0.0000002203
233 0.0000002190
234 0.0000002178
235 0.0000002166
236 0.0000002153
237 0.0000002141
238 0.0000002129
239 0.0000002117
240 0.0000002106
241 0.0000002094
242 0.0000002082
243 0.0000002071
244 0.0000002060
245 0.0000002049
246 0.0000002038
247 0.0000002027
248 0.0000002016
249 0.0000002005
250 0.0000001994
251 0.0000001984
252 0.0000001973
253 0.0000001963
254 0.0000001953
255 0.0000001943
256 0.0000001933
257 0.0000001923
258 0.0000001913
259 0.0000001903
260 0.0000001893
261 0.0000001884
262 0.0000001874
263 0.0000001865
264 0.0000001856
265 0.0000001846
266 0.0000001837
267 0.0000001828
268 0.0000001819
269 0.0000001810
270 0.0000001801
271 0.0000001793
272 0.0000001784
273 0.0000001775
274 0.0000001767
275 0.0000001758
276 0.0000001750
277 0.0000001742
278 0.0000001733
279 0.0000001725
280 0.0000001717
281 0.0000001709
282 0.0000001701
283 0.0000001693
284 0.0000001685
285 0.0000001678
286 0.0000001670
287 0.0000001662
288 0.0000001655
289 0.0000001647
290 0.0000001640
291 0.0000001632
292 0.0000001625
293 0.0000001618
294 0.0000001610
295 0.0000001603
296 0.0000001596
297 0.0000001589
298 0.0000001582
299 0.0000001575
300 0.0000001568
301 0.0000001561
302 0.0000001555
303 0.0000001548
304 0.0000001541
305 0.0000001535
306 0.0000001528
307 0.0000001521
308 0.0000001515
309 0.0000001509
310 0.0000001502
311 0.0000001496
312 0.0000001489
313 0.0000001483
314 0.0000001477
315 0.0000001471
316 0.0000001465
317 0.0000001459
318 0.0000001453
319 0.0000001447
320 0.0000001441
321 0.0000001435
322 0.0000001429
323 0.0000001423
324 0.0000001417
325 0.0000001412
326 0.0000001406
327 0.0000001400
328 0.0000001395
329 0.0000001389
330 0.0000001384
331 0.0000001378
332 0.0000001373
333 0.0000001367
334 0.0000001362
335 0.0000001357
336 0.0000001351
337 0.0000001346
338 0.0000001341
339 0.0000001336
340 0.0000001330
341 0.0000001325
342 0.0000001320
343 0.0000001315
344 0.0000001310
345 0.0000001305
346 0.0000001300
347 0.0000001295
348 0.0000001290
349 0.0000001286
350 0.0000001281
351 0.0000001276
352 0.0000001271
353 0.0000001266
354 0.0000001262
355 0.0000001257
356 0.0000001252
357 0.0000001248
358 0.0000001243
359 0.0000001239
360 0.0000001234
361 0.0000001230
362 0.0000001225
363 0.0000001221
364 0.0000001216
365 0.0000001212
366 0.0000001208
367 0.0000001203
368 0.0000001199
369 0.0000001195
370 0.0000001190
371 0.0000001186
372 0.0000001182
373 0.0000001178
374 0.0000001174
375 0.0000001170
376 0.0000001165
377 0.0000001161
378 0.0000001157
379 0.0000001153
380 0.0000001149
381 0.0000001145
382 0.0000001141
383 0.0000001137
384 0.0000001134
385 0.0000001130
386 0.0000001126
387 0.0000001122
388 0.0000001118
389 0.0000001114
390 0.0000001111
391 0.0000001107
392 0.0000001103
393 0.0000001100
394 0.0000001096
395 0.0000001092
396 0.0000001089
397 0.0000001085
398 0.0000001081
399 0.0000001078
400 0.0000001074
401 0.0000001071
402 0.0000001067
403 0.0000001064
404 0.0000001060
405 0.0000001057
406 0.0000001053
407 0.0000001050
408 0.0000001047
409 0.0000001043
410 0.0000001040
411 0.0000001036
412 0.0000001033
413 0.0000001030
414 0.0000001027
415 0.0000001023
416 0.0000001020
417 0.0000001017
418 0.0000001014
419 0.0000001010
420 0.0000001007
421 0.0000001004
422 0.0000001001
423 0.0000000998
424 0.0000000995
425 0.0000000992
426 0.0000000989
427 0.0000000985
428 0.0000000982
429 0.0000000979
430 0.0000000976
431 0.0000000973
432 0.0000000970
433 0.0000000967
434 0.0000000965
435 0.0000000962
436 0.0000000959
437 0.0000000956
438 0.0000000953
439 0.0000000950
440 0.0000000947
441 0.0000000944
442 0.0000000942
443 0.0000000939
444 0.0000000936
445 0.0000000933
446 0.0000000930
447 0.0000000928
448 0.0000000925
449 0.0000000922
450 0.0000000919
451 0.0000000917
452 0.0000000914
453 0.0000000911
454 0.0000000909
455 0.0000000906
456 0.0000000903
457 0.0000000901
458 0.0000000898
459 0.0000000896
460 0.0000000893
461 0.0000000891
462 0.0000000888
463 0.0000000885
464 0.0000000883
465 0.0000000880
466 0.0000000878
467 0.0000000875
468 0.0000000873
469 0.0000000870
470 0.0000000868
471 0.0000000866
472 0.0000000863
473 0.0000000861
474 0.0000000858
475 0.0000000856
476 0.0000000854
477 0.0000000851
478 0.0000000849
479 0.0000000846
480 0.0000000844
481 0.0000000842
482 0.0000000839
483 0.0000000837
484 0.0000000835
485 0.0000000833
486 0.0000000830
487 0.0000000828
488 0.0000000826
489 0.0000000824
490 0.0000000821
491 0.0000000819
492 0.0000000817
493 0.0000000815
494 0.0000000813
495 0.0000000810
496 0.0000000808
497 0.0000000806
498 0.0000000804
499 0.0000000802
500 0.0000000800
501 0.0000000798
502 0.0000000795
503 0.0000000793
504 0.0000000791
505 0.0000000789
506 0.0000000787
507 0.0000000785
508 0.0000000783
509 0.0000000781
510 0.0000000779
511 0.0000000777
512 0.0000000775
513 0.0000000773
514 0.0000000771
515 0.0000000769
516 0.0000000767
517 0.0000000765
518 0.0000000763
519 0.0000000761
520 0.0000000759
521 0.0000000757
522 0.0000000755
523 0.0000000753
524 0.0000000751
525 0.0000000749
526 0.0000000748
527 0.0000000746
528 0.0000000744
529 0.0000000742
530 0.0000000740
531 0.0000000738
532 0.0000000736
533 0.0000000735
534 0.0000000733
535 0.0000000731
536 0.0000000729
537 0.0000000727
538 0.0000000726
539 0.0000000724
540 0.0000000722
541 0.0000000720
542 0.0000000718
543 0.0000000717
544 0.0000000715
545 0.0000000713
546 0.0000000711
547 0.0000000710
548 0.0000000708
549 0.0000000706
550 0.0000000705
551 0.0000000703
552 0.0000000701
553 0.0000000699
554 0.0000000698
555 0.0000000696
556 0.0000000694
557 0.0000000693
558 0.0000000691
559 0.0000000689
560 0.0000000688
561 0.0000000686
562 0.0000000685
563 0.0000000683
564 0.0000000681
565 0.0000000680
566 0.0000000678
567 0.0000000677
568 0.0000000675
569 0.0000000673
570 0.0000000672
571 0.0000000670
572 0.0000000669
573 0.0000000667
574 0.0000000666
575 0.0000000664
576 0.0000000663
577 0.0000000661
578 0.0000000659
579 0.0000000658
580 0.0000000656
581 0.0000000655
582 0.0000000653
583 0.0000000652
584 0.0000000650
585 0.0000000649
586 0.0000000647
587 0.0000000646
588 0.0000000645
589 0.0000000643
590 0.0000000642
591 0.0000000640
592 0.0000000639
593 0.0000000637
594 0.0000000636
595 0.0000000634
596 0.0000000633
597 0.0000000632
598 0.0000000630
599 0.0000000629
600 0.0000000627
601 0.0000000626
602 0.0000000625
603 0.0000000623
604 0.0000000622
605 0.0000000621
606 0.0000000619
607 0.0000000618
608 0.0000000616
609 0.0000000615
610 0.0000000614
611 0.0000000612
612 0.0000000611
613 0.0000000610
614 0.0000000608
615 0.0000000607
616 0.0000000606
617 0.0000000604
618 0.0000000603
619 0.0000000602
620 0.0000000601
621 0.0000000599
622 0.0000000598
623 0.0000000597
624 0.0000000595
625 0.0000000594
626 0.0000000593
627 0.0000000592
628 0.0000000590
629 0.0000000589
630 0.0000000588
631 0.0000000587
632 0.0000000585
633 0.0000000584
634 0.0000000583
635 0.0000000582
636 0.0000000580
637 0.0000000579
638 0.0000000578
639 0.0000000577
640 0.0000000576
641 0.0000000574
642 0.0000000573
643 0.0000000572
644 0.0000000571
645 0.0000000570
646 0.0000000568
647 0.0000000567
648 0.0000000566
649 0.0000000565
650 0.0000000564
651 0.0000000563
652 0.0000000561
653 0.0000000560
654 0.0000000559
655 0.0000000558
656 0.0000000557
657 0.0000000556
658 0.0000000555
659 0.0000000554
660 0.0000000552
661 0.0000000551
662 0.0000000550
663 0.0000000549
664 0.0000000548
665 0.0000000547
666 0.0000000546
667 0.0000000545
668 0.0000000544
669 0.0000000542
670 0.0000000541
671 0.0000000540
672 0.0000000539
673 0.0000000538
674 0.0000000537
675 0.0000000536
676 0.0000000535
677 0.0000000534
678 0.0000000533
679 0.0000000532
680 0.0000000531
681 0.0000000530
682 0.0000000529
683 0.0000000528
684 0.0000000527
685 0.0000000526
686 0.0000000525
687 0.0000000524
688 0.0000000523
689 0.0000000522
690 0.0000000520
691 0.0000000519
692 0.0000000518
693 0.0000000517
694 0.0000000516
695 0.0000000515
696 0.0000000514
697 0.0000000513
698 0.0000000513
699 0.0000000512
700 0.0000000511
701 0.0000000510
702 0.0000000509
703 0.0000000508
704 0.0000000507
705 0.0000000506
706 0.0000000505
707 0.0000000504
708 0.0000000503
709 0.0000000502
710 0.0000000501
711 0.0000000500
712 0.0000000499
713 0.0000000498
714 0.0000000497
715 0.0000000496
716 0.0000000495
717 0.0000000494
718 0.0000000493
719 0.0000000493
720 0.0000000492
721 0.0000000491
722 0.0000000490
723 0.0000000489
724 0.0000000488
725 0.0000000487
726 0.0000000486
727 0.0000000485
728 0.0000000484
729 0.0000000484
730 0.0000000483
731 0.0000000482
732 0.0000000481
733 0.0000000480
734 0.0000000479
735 0.0000000478
736 0.0000000477
737 0.0000000476
738 0.0000000476
739 0.0000000475
740 0.0000000474
741 0.0000000473
742 0.0000000472
743 0.0000000471
744 0.0000000470
745 0.0000000470
746 0.0000000469
747 0.0000000468
748 0.0000000467
749 0.0000000466
750 0.0000000465
751 0.0000000465
752 0.0000000464
753 0.0000000463
754 0.0000000462
755 0.0000000461
756 0.0000000460
757 0.0000000460
758 0.0000000459
759 0.0000000458
760 0.0000000457
761 0.0000000456
762 0.0000000456
763 0.0000000455
764 0.0000000454
765 0.0000000453
766 0.0000000452
767 0.0000000452
768 0.0000000451
769 0.0000000450
770 0.0000000449
771 0.0000000448
772 0.0000000448
773 0.0000000447
774 0.0000000446
775 0.0000000445
776 0.0000000445
777 0.0000000444
778 0.0000000443
779 0.0000000442
780 0.0000000442
781 0.0000000441
782 0.0000000440
783 0.0000000439
784 0.0000000439
785 0.0000000438
786 0.0000000437
787 0.0000000436
788 0.0000000436
789 0.0000000435
790 0.0000000434
791 0.0000000433
792 0.0000000433
793 0.0000000432
794 0.0000000431
795 0.0000000430
796 0.0000000430
797 0.0000000429
798 0.0000000428
799 0.0000000427
800 0.0000000427
801 0.0000000426
802 0.0000000425
803 0.0000000425
804 0.0000000424
805 0.0000000423
806 0.0000000422
807 0.0000000422
808 0.0000000421
809 0.0000000420
810 0.0000000420
811 0.0000000419
812 0.0000000418
813 0.0000000418
814 0.0000000417
815 0.0000000416
816 0.0000000416
817 0.0000000415
818 0.0000000414
819 0.0000000413
820 0.0000000413
821 0.0000000412
822 0.0000000411
823 0.0000000411
824 0.0000000410
825 0.0000000409
826 0.0000000409
827 0.0000000408
828 0.0000000407
829 0.0000000407
830 0.0000000406
831 0.0000000405
832 0.0000000405
833 0.0000000404
834 0.0000000403
835 0.0000000403
836 0.0000000402
837 0.0000000402
838 0.0000000401
839 0.0000000400
840 0.0000000400
841 0.0000000399
842 0.0000000398
843 0.0000000398
844 0.0000000397
845 0.0000000396
846 0.0000000396
847 0.0000000395
848 0.0000000395
849 0.0000000394
850 0.0000000393
851 0.0000000393
852 0.0000000392
853 0.0000000391
854 0.0000000391
855 0.0000000390
856 0.0000000390
857 0.0000000389
858 0.0000000388
859 0.0000000388
860 0.0000000387
861 0.0000000387
862 0.0000000386
863 0.0000000385
864 0.0000000385
865 0.0000000384
866 0.0000000384
867 0.0000000383
868 0.0000000382
869 0.0000000382
870 0.0000000381
871 0.0000000381
872 0.0000000380
873 0.0000000379
874 0.0000000379
875 0.0000000378
876 0.0000000378
877 0.0000000377
878 0.0000000376
879 0.0000000376
880 0.0000000375
881 0.0000000375
882 0.0000000374
883 0.0000000374
884 0.0000000373
885 0.0000000372
886 0.0000000372
887 0.0000000371
888 0.0000000371
889 0.0000000370
890 0.0000000370
891 0.0000000369
892 0.0000000369
893 0.0000000368
894 0.0000000367
895 0.0000000367
896 0.0000000366
897 0.0000000366
898 0.0000000365
899 0.0000000365
900 0.0000000364
901 0.0000000364
902 0.0000000363
903 0.0000000362
904 0.0000000362
905 0.0000000361
906 0.0000000361
907 0.0000000360
908 0.0000000360
909 0.0000000359
910 0.0000000359
911 0.0000000358
912 0.0000000358
913 0.0000000357
914 0.0000000357
915 0.0000000356
916 0.0000000356
917 0.0000000355
918 0.0000000354
919 0.0000000354
920 0.0000000353
921 0.0000000353
922 0.0000000352
923 0.0000000352
924 0.0000000351
925 0.0000000351
926 0.0000000350
927 0.0000000350
928 0.0000000349
929 0.0000000349
930 0.0000000348
931 0.0000000348
932 0.0000000347
933 0.0000000347
934 0.0000000346
935 0.0000000346
936 0.0000000345
937 0.0000000345
938 0.0000000344
939 0.0000000344
940 0.0000000343
941 0.0000000343
942 0.0000000342
943 0.0000000342
944 0.0000000341
945 0.0000000341
946 0.0000000340
947 0.0000000340
948 0.0000000339
949 0.0000000339
950 0.0000000338
951 0.0000000338
952 0.0000000337
953 0.0000000337
954 0.0000000337
955 0.0000000336
956 0.0000000336
957 0.0000000335
958 0.0000000335
959 0.0000000334
960 0.0000000334
961 0.0000000333
962 0.0000000333
963 0.0000000332
964 0.0000000332
965 0.0000000331
966 0.0000000331
967 0.0000000330
968 0.0000000330
969 0.0000000329
970 0.0000000329
971 0.0000000329
972 0.0000000328
973 0.0000000328
974 0.0000000327
975 0.0000000327
976 0.0000000326
977 0.0000000326
978 0.0000000325
979 0.0000000325
980 0.0000000324
981 0.0000000324
982 0.0000000324
983 0.0000000323
984 0.0000000323
985 0.0000000322
986 0.0000000322
987 0.0000000321
988 0.0000000321
989 0.0000000320
990 0.0000000320
991 0.0000000320
992 0.0000000319
993 0.0000000319
994 0.0000000318
995 0.0000000318
996 0.0000000317
997 0.0000000317
998 0.0000000317
999 0.0000000316
1000 0.0000000316
1001 0.0000000315
1002 0.0000000315
1003 0.0000000314
1004 0.0000000314
1005 0.0000000314
1006 0.0000000313
1007 0.0000000313
1008 0.0000000312
1009 0.0000000312
1010 0.0000000312
1011 0.0000000311
1012 0.0000000311
1013 0.0000000310
1014 0.0000000310
1015 0.0000000309
1016 0.0000000309
1017 0.0000000309
1018 0.0000000308
1019 0.0000000308
1020 0.0000000307
1021 0.0000000307
1022 0.0000000307
1023 0.0000000306
1024 0.0000000306
1025 0.0000000305
1026 0.0000000305
1027 0.0000000305
1028 0.0000000304
1029 0.0000000304
1030 0.0000000303
1031 0.0000000303
1032 0.0000000303
1033 0.0000000302
1034 0.0000000302
1035 0.0000000301
1036 0.0000000301
1037 0.0000000301
1038 0.0000000300
1039 0.0000000300
1040 0.0000000299
1041 0.0000000299
1042 0.0000000299
1043 0.0000000298
1044 0.0000000298
1045 0.0000000297
1046 0.0000000297
1047 0.0000000297
1048 0.0000000296
1049 0.0000000296
1050 0.0000000296
1051 0.0000000295
1052 0.0000000295
1053 0.0000000294
1054 0.0000000294
1055 0.0000000294
1056 0.0000000293
1057 0.0000000293
1058 0.0000000292
1059 0.0000000292
1060 0.0000000292
1061 0.0000000291
1062 0.0000000291
1063 0.0000000291
1064 0.0000000290
1065 0.0000000290
1066 0.0000000290
1067 0.0000000289
1068 0.0000000289
1069 0.0000000288
1070 0.0000000288
1071 0.0000000288
1072 0.0000000287
1073 0.0000000287
1074 0.0000000287
1075 0.0000000286
1076 0.0000000286
1077 0.0000000286
1078 0.0000000285
1079 0.0000000285
1080 0.0000000284
1081 0.0000000284
1082 0.0000000284
1083 0.0000000283
1084 0.0000000283
1085 0.0000000283
1086 0.0000000282
1087 0.0000000282
1088 0.0000000282
1089 0.0000000281
1090 0.0000000281
1091 0.0000000281
1092 0.0000000280
1093 0.0000000280
1094 0.0000000279
1095 0.0000000279
1096 0.0000000279
1097 0.0000000278
1098 0.0000000278
1099 0.0000000278
1100 0.0000000277
1101 0.0000000277
1102 0.0000000277
1103 0.0000000276
1104 0.0000000276
1105 0.0000000276
1106 0.0000000275
1107 0.0000000275
1108 0.0000000275
1109 0.0000000274
1110 0.0000000274
1111 0.0000000274
1112 0.0000000273
1113 0.0000000273
1114 0.0000000273
1115 0.0000000272
1116 0.0000000272
1117 0.0000000272
1118 0.0000000271
1119 0.0000000271
1120 0.0000000271
1121 0.0000000270
1122 0.0000000270
1123 0.0000000270
1124 0.0000000269
1125 0.0000000269
1126 0.0000000269
1127 0.0000000268
1128 0.0000000268
1129 0.0000000268
1130 0.0000000267
1131 0.0000000267
1132 0.0000000267
1133 0.0000000266
1134 0.0000000266
1135 0.0000000266
1136 0.0000000266
1137 0.0000000265
1138 0.0000000265
1139 0.0000000265
1140 0.0000000264
1141 0.0000000264
1142 0.0000000264
1143 0.0000000263
1144 0.0000000263
1145 0.0000000263
1146 0.0000000262
1147 0.0000000262
1148 0.0000000262
1149 0.0000000261
1150 0.0000000261
1151 0.0000000261
1152 0.0000000261
1153 0.0000000260
1154 0.0000000260
1155 0.0000000260
1156 0.0000000259
1157 0.0000000259
1158 0.0000000259
1159 0.0000000258
1160 0.0000000258
1161 0.0000000258
1162 0.0000000257
1163 0.0000000257
1164 0.0000000257
1165 0.0000000257
1166 0.0000000256
1167 0.0000000256
1168 0.0000000256
1169 0.0000000255
1170 0.0000000255
1171 0.0000000255
1172 0.0000000254
1173 0.0000000254
1174 0.0000000254
1175 0.0000000254
1176 0.0000000253
1177 0.0000000253
1178 0.0000000253
1179 0.0000000252
1180 0.0000000252
1181 0.0000000252
1182 0.0000000252
1183 0.0000000251
1184 0.0000000251
1185 0.0000000251
1186 0.0000000250
1187 0.0000000250
1188 0.0000000250
1189 0.0000000250
1190 0.0000000249
1191 0.0000000249
1192 0.0000000249
1193 0.0000000248
1194 0.0000000248
1195 0.0000000248
1196 0.0000000248
1197 0.0000000247
1198 0.0000000247
1199 0.0000000247
1200 0.0000000246
1201 0.0000000246
1202 0.0000000246
1203 0.0000000246
1204 0.0000000245
1205 0.0000000245
1206 0.0000000245
1207 0.0000000244
1208 0.0000000244
1209 0.0000000244
1210 0.0000000244
1211 0.0000000243
1212 0.0000000243
1213 0.0000000243
1214 0.0000000243
1215 0.0000000242
1216 0.0000000242
1217 0.0000000242
1218 0.0000000241
1219 0.0000000241
1220 0.0000000241
1221 0.0000000241
1222 0.0000000240
1223 0.0000000240
1224 0.0000000240
1225 0.0000000240
1226 0.0000000239
1227 0.0000000239
1228 0.0000000239
1229 0.0000000239
1230 0.0000000238
1231 0.0000000238
1232 0.0000000238
1233 0.0000000237
1234 0.0000000237
1235 0.0000000237
1236 0.0000000237
1237 0.0000000236
1238 0.0000000236
1239 0.0000000236
1240 0.0000000236
1241 0.0000000235
1242 0.0000000235
1243 0.0000000235
1244 0.0000000235
1245 0.0000000234
1246 0.0000000234
1247 0.0000000234
1248 0.0000000234
1249 0.0000000233
1250 0.0000000233
1251 0.0000000233
1252 0.0000000233
1253 0.0000000232
1254 0.0000000232
1255 0.0000000232
1256 0.0000000232
1257 0.0000000231
1258 0.0000000231
1259 0.0000000231
1260 0.0000000231
1261 0.0000000230
1262 0.0000000230
1263 0.0000000230
1264 0.0000000230
1265 0.0000000229
1266 0.0000000229
1267 0.0000000229
1268 0.0000000229
1269 0.0000000228
1270 0.0000000228
1271 0.0000000228
1272 0.0000000228
1273 0.0000000227
1274 0.0000000227
1275 0.0000000227
1276 0.0000000227
1277 0.0000000226
1278 0.0000000226
1279 0.0000000226
1280 0.0000000226
1281 0.0000000225
1282 0.0000000225
1283 0.0000000225
1284 0.0000000225
1285 0.0000000224
1286 0.0000000224
1287 0.0000000224
1288 0.0000000224
1289 0.0000000223
1290 0.0000000223
1291 0.0000000223
1292 0.0000000223
1293 0.0000000223
1294 0.0000000222
1295 0.0000000222
1296 0.0000000222
1297 0.0000000222
1298 0.0000000221
1299 0.0000000221
1300 0.0000000221
1301 0.0000000221
1302 0.0000000220
1303 0.0000000220
1304 0.0000000220
1305 0.0000000220
1306 0.0000000220
1307 0.0000000219
1308 0.0000000219
1309 0.0000000219
1310 0.0000000219
1311 0.0000000218
1312 0.0000000218
1313 0.0000000218
1314 0.0000000218
1315 0.0000000217
1316 0.0000000217
1317 0.0000000217
1318 0.0000000217
1319 0.0000000217
1320 0.0000000216
1321 0.0000000216
1322 0.0000000216
1323 0.0000000216
1324 0.0000000215
1325 0.0000000215
1326 0.0000000215
1327 0.0000000215
1328 0.0000000215
1329 0.0000000214
1330 0.0000000214
1331 0.0000000214
1332 0.0000000214
1333 0.0000000213
1334 0.0000000213
1335 0.0000000213
1336 0.0000000213
1337 0.0000000213
1338 0.0000000212
1339 0.0000000212
1340 0.0000000212
1341 0.0000000212
1342 0.0000000211
1343 0.0000000211
1344 0.0000000211
1345 0.0000000211
1346 0.0000000211
1347 0.0000000210
1348 0.0000000210
1349 0.0000000210
1350 0.0000000210
1351 0.0000000210
1352 0.0000000209
1353 0.0000000209
1354 0.0000000209
1355 0.0000000209
1356 0.0000000209
1357 0.0000000208
1358 0.0000000208
1359 0.0000000208
1360 0.0000000208
1361 0.0000000207
1362 0.0000000207
1363 0.0000000207
1364 0.0000000207
1365 0.0000000207
1366 0.0000000206
1367 0.0000000206
1368 0.0000000206
1369 0.0000000206
1370 0.0000000206
1371 0.0000000205
1372 0.0000000205
1373 0.0000000205
1374 0.0000000205
1375 0.0000000205
1376 0.0000000204
1377 0.0000000204
1378 0.0000000204
1379 0.0000000204
1380 0.0000000204
1381 0.0000000203
1382 0.0000000203
1383 0.0000000203
1384 0.0000000203
1385 0.0000000203
1386 0.0000000202
1387 0.0000000202
1388 0.0000000202
1389 0.0000000202
1390 0.0000000202
1391 0.0000000201
1392 0.0000000201
1393 0.0000000201
1394 0.0000000201
1395 0.0000000201
1396 0.0000000200
1397 0.0000000200
1398 0.0000000200
1399 0.0000000200
1400 0.0000000200
1401 0.0000000199
1402 0.0000000199
1403 0.0000000199
1404 0.0000000199
1405 0.0000000199
1406 0.0000000198
1407 0.0000000198
1408 0.0000000198
1409 0.0000000198
1410 0.0000000198
1411 0.0000000197
1412 0.0000000197
1413 0.0000000197
1414 0.0000000197
1415 0.0000000197
1416 0.0000000196
1417 0.0000000196
1418 0.0000000196
1419 0.0000000196
1420 0.0000000196
1421 0.0000000196
1422 0.0000000195
1423 0.0000000195
1424 0.0000000195
1425 0.0000000195
1426 0.0000000195
1427 0.0000000194
1428 0.0000000194
1429 0.0000000194
1430 0.0000000194
1431 0.0000000194
1432 0.0000000193
1433 0.0000000193
1434 0.0000000193
1435 0.0000000193
1436 0.0000000193
1437 0.0000000193
1438 0.0000000192
1439 0.0000000192
1440 0.0000000192
1441 0.0000000192
1442 0.0000000192
1443 0.0000000191
1444 0.0000000191
1445 0.0000000191
1446 0.0000000191
1447 0.0000000191
1448 0.0000000191
1449 0.0000000190
1450 0.0000000190
1451 0.0000000190
1452 0.0000000190
1453 0.0000000190
1454 0.0000000189
1455 0.0000000189
1456 0.0000000189
1457 0.0000000189
1458 0.0000000189
1459 0.0000000189
1460 0.0000000188
1461 0.0000000188
1462 0.0000000188
1463 0.0000000188
1464 0.0000000188
1465 0.0000000187
1466 0.0000000187
1467 0.0000000187
1468 0.0000000187
1469 0.0000000187
1470 0.0000000187
1471 0.0000000186
1472 0.0000000186
1473 0.0000000186
1474 0.0000000186
1475 0.0000000186
1476 0.0000000186
1477 0.0000000185
1478 0.0000000185
1479 0.0000000185
1480 0.0000000185
1481 0.0000000185
1482 0.0000000185
1483 0.0000000184
1484 0.0000000184
1485 0.0000000184
1486 0.0000000184
1487 0.0000000184
1488 0.0000000183
1489 0.0000000183
1490 0.0000000183
1491 0.0000000183
1492 0.0000000183
1493 0.0000000183
1494 0.0000000182
1495 0.0000000182
1496 0.0000000182
1497 0.0000000182
1498 0.0000000182
1499 0.0000000182
1500 0.0000000181
1501 0.0000000181
1502 0.0000000181
1503 0.0000000181
1504 0.0000000181
1505 0.0000000181
1506 0.0000000180
1507 0.0000000180
1508 0.0000000180
1509 0.0000000180
1510 0.0000000180
1511 0.0000000180
1512 0.0000000179
1513 0.0000000179
1514 0.0000000179
1515 0.0000000179
1516 0.0000000179
1517 0.0000000179
1518 0.0000000179
1519 0.0000000178
1520 0.0000000178
1521 0.0000000178
1522 0.0000000178
1523 0.0000000178
1524 0.0000000178
1525 0.0000000177
1526 0.0000000177
1527 0.0000000177
1528 0.0000000177
1529 0.0000000177
1530 0.0000000177
1531 0.0000000176
1532 0.0000000176
1533 0.0000000176
1534 0.0000000176
1535 0.0000000176
1536 0.0000000176
1537 0.0000000175
1538 0.0000000175
1539 0.0000000175
1540 0.0000000175
1541 0.0000000175
1542 0.0000000175
1543 0.0000000175
1544 0.0000000174
1545 0.0000000174
1546 0.0000000174
1547 0.0000000174
1548 0.0000000174
1549 0.0000000174
1550 0.0000000173
1551 0.0000000173
1552 0.0000000173
1553 0.0000000173
1554 0.0000000173
1555 0.0000000173
1556 0.0000000173
1557 0.0000000172
1558 0.0000000172
1559 0.0000000172
1560 0.0000000172
1561 0.0000000172
1562 0.0000000172
1563 0.0000000171
1564 0.0000000171
1565 0.0000000171
1566 0.0000000171
1567 0.0000000171
1568 0.0000000171
1569 0.0000000171
1570 0.0000000170
1571 0.0000000170
1572 0.0000000170
1573 0.0000000170
1574 0.0000000170
1575 0.0000000170
1576 0.0000000169
1577 0.0000000169
1578 0.0000000169
1579 0.0000000169
1580 0.0000000169
1581 0.0000000169
1582 0.0000000169
1583 0.0000000168
1584 0.0000000168
1585 0.0000000168
1586 0.0000000168
1587 0.0000000168
1588 0.0000000168
1589 0.0000000168
1590 0.0000000167
1591 0.0000000167
1592 0.0000000167
1593 0.0000000167
1594 0.0000000167
1595 0.0000000167
1596 0.0000000167
1597 0.0000000166
1598 0.0000000166
1599 0.0000000166
1600 0.0000000166
1601 0.0000000166
1602 0.0000000166
1603 0.0000000166
1604 0.0000000165
1605 0.0000000165
1606 0.0000000165
1607 0.0000000165
1608 0.0000000165
1609 0.0000000165
1610 0.0000000165
1611 0.0000000164
1612 0.0000000164
1613 0.0000000164
1614 0.0000000164
1615 0.0000000164
1616 0.0000000164
1617 0.0000000164
1618 0.0000000163
1619 0.0000000163
1620 0.0000000163
1621 0.0000000163
1622 0.0000000163
1623 0.0000000163
1624 0.0000000163
1625 0.0000000162
1626 0.0000000162
1627 0.0000000162
1628 0.0000000162
1629 0.0000000162
1630 0.0000000162
1631 0.0000000162
1632 0.0000000161
1633 0.0000000161
1634 0.0000000161
1635 0.0000000161
1636 0.0000000161
1637 0.0000000161
1638 0.0000000161
1639 0.0000000160
1640 0.0000000160
1641 0.0000000160
1642 0.0000000160
1643 0.0000000160
1644 0.0000000160
1645 0.0000000160
1646 0.0000000160
1647 0.0000000159
1648 0.0000000159
1649 0.0000000159
1650 0.0000000159
1651 0.0000000159
1652 0.0000000159
1653 0.0000000159
1654 0.0000000158
1655 0.0000000158
1656 0.0000000158
1657 0.0000000158
1658 0.0000000158
1659 0.0000000158
1660 0.0000000158
1661 0.0000000158
1662 0.0000000157
1663 0.0000000157
1664 0.0000000157
1665 0.0000000157
1666 0.0000000157
1667 0.0000000157
1668 0.0000000157
1669 0.0000000156
1670 0.0000000156
1671 0.0000000156
1672 0.0000000156
1673 0.0000000156
1674 0.0000000156
1675 0.0000000156
1676 0.0000000156
1677 0.0000000155
1678 0.0000000155
1679 0.0000000155
1680 0.0000000155
1681 0.0000000155
1682 0.0000000155
1683 0.0000000155
1684 0.0000000155
1685 0.0000000154
1686 0.0000000154
1687 0.0000000154
1688 0.0000000154
1689 0.0000000154
1690 0.0000000154
1691 0.0000000154
1692 0.0000000153
1693 0.0000000153
1694 0.0000000153
1695 0.0000000153
1696 0.0000000153
1697 0.0000000153
1698 0.0000000153
1699 0.0000000153
1700 0.0000000152
1701 0.0000000152
1702 0.0000000152
1703 0.0000000152
1704 0.0000000152
1705 0.0000000152
1706 0.0000000152
1707 0.0000000152
1708 0.0000000151
1709 0.0000000151
1710 0.0000000151
1711 0.0000000151
1712 0.0000000151
1713 0.0000000151
1714 0.0000000151
1715 0.0000000151
1716 0.0000000150
1717 0.0000000150
1718 0.0000000150
1719 0.0000000150
1720 0.0000000150
1721 0.0000000150
1722 0.0000000150
1723 0.0000000150
1724 0.0000000149
1725 0.0000000149
1726 0.0000000149
1727 0.0000000149
1728 0.0000000149
1729 0.0000000149
1730 0.0000000149
1731 0.0000000149
1732 0.0000000148
1733 0.0000000148
1734 0.0000000148
1735 0.0000000148
1736 0.0000000148
1737 0.0000000148
1738 0.0000000148
1739 0.0000000148
1740 0.0000000148
1741 0.0000000147
1742 0.0000000147
1743 0.0000000147
1744 0.0000000147
1745 0.0000000147
1746 0.0000000147
1747 0.0000000147
1748 0.0000000147
1749 0.0000000146
1750 0.0000000146
1751 0.0000000146
1752 0.0000000146
1753 0.0000000146
1754 0.0000000146
1755 0.0000000146
1756 0.0000000146
1757 0.0000000145
1758 0.0000000145
1759 0.0000000145
1760 0.0000000145
1761 0.0000000145
1762 0.0000000145
1763 0.0000000145
1764 0.0000000145
1765 0.0000000145
1766 0.0000000144
1767 0.0000000144
1768 0.0000000144
1769 0.0000000144
1770 0.0000000144
1771 0.0000000144
1772 0.0000000144
1773 0.0000000144
1774 0.0000000143
1775 0.0000000143
1776 0.0000000143
1777 0.0000000143
1778 0.0000000143
1779 0.0000000143
1780 0.0000000143
1781 0.0000000143
1782 0.0000000143
1783 0.0000000142
1784 0.0000000142
1785 0.0000000142
1786 0.0000000142
1787 0.0000000142
1788 0.0000000142
1789 0.0000000142
1790 0.0000000142
1791 0.0000000142
1792 0.0000000141
1793 0.0000000141
1794 0.0000000141
1795 0.0000000141
1796 0.0000000141
1797 0.0000000141
1798 0.0000000141
1799 0.0000000141
1800 0.0000000140
1801 0.0000000140
1802 0.0000000140
1803 0.0000000140
1804 0.0000000140
1805 0.0000000140
1806 0.0000000140
1807 0.0000000140
1808 0.0000000140
1809 0.0000000139
1810 0.0000000139
1811 0.0000000139
1812 0.0000000139
1813 0.0000000139
1814 0.0000000139
1815 0.0000000139
1816 0.0000000139
1817 0.0000000139
1818 0.0000000138
1819 0.0000000138
1820 0.0000000138
1821 0.0000000138
1822 0.0000000138
1823 0.0000000138
1824 0.0000000138
1825 0.0000000138
1826 0.0000000138
1827 0.0000000137
1828 0.0000000137
1829 0.0000000137
1830 0.0000000137
1831 0.0000000137
1832 0.0000000137
1833 0.0000000137
1834 0.0000000137
1835 0.0000000137
1836 0.0000000136
1837 0.0000000136
1838 0.0000000136
1839 0.0000000136
1840 0.0000000136
1841 0.0000000136
1842 0.0000000136
1843 0.0000000136
1844 0.0000000136
1845 0.0000000135
1846 0.0000000135
1847 0.0000000135
1848 0.0000000135
1849 0.0000000135
1850 0.0000000135
1851 0.0000000135
1852 0.0000000135
1853 0.0000000135
1854 0.0000000134
1855 0.0000000134
1856 0.0000000134
1857 0.0000000134
1858 0.0000000134
1859 0.0000000134
1860 0.0000000134
1861 0.0000000134
1862 0.0000000134
1863 0.0000000133
1864 0.0000000133
1865 0.0000000133
1866 0.0000000133
1867 0.0000000133
1868 0.0000000133
1869 0.0000000133
1870 0.0000000133
1871 0.0000000133
1872 0.0000000132
1873 0.0000000132
1874 0.0000000132
1875 0.0000000132
1876 0.0000000132
1877 0.0000000132
1878 0.0000000132
1879 0.0000000132
1880 0.0000000132
1881 0.0000000131
1882 0.0000000131
1883 0.0000000131
1884 0.0000000131
1885 0.0000000131
1886 0.0000000131
1887 0.0000000131
1888 0.0000000131
1889 0.0000000131
1890 0.0000000130
1891 0.0000000130
1892 0.0000000130
1893 0.0000000130
1894 0.0000000130
1895 0.0000000130
1896 0.0000000130
1897 0.0000000130
1898 0.0000000130
1899 0.0000000129
1900 0.0000000129
1901 0.0000000129
1902 0.0000000129
1903 0.0000000129
1904 0.0000000129
1905 0.0000000129
1906 0.0000000129
1907 0.0000000129
1908 0.0000000128
1909 0.0000000128
1910 0.0000000128
1911 0.0000000128
1912 0.0000000128
1913 0.0000000128
1914 0.0000000128
1915 0.0000000128
1916 0.0000000127
1917 0.0000000127
1918 0.0000000127
1919 0.0000000127
1920 0.0000000127
1921 0.0000000127
1922 0.0000000127
1923 0.0000000127
1924 0.0000000127
1925 0.0000000126
1926 0.0000000126
1927 0.0000000126
1928 0.0000000126
1929 0.0000000126
1930 0.0000000126
1931 0.0000000126
1932 0.0000000126
1933 0.0000000125
1934 0.0000000125
1935 0.0000000125
1936 0.0000000125
1937 0.0000000125
1938 0.0000000125
1939 0.0000000125
1940 0.0000000125
1941 0.0000000124
1942 0.0000000124
1943 0.0000000124
1944 0.0000000124
1945 0.0000000124
1946 0.0000000124
1947 0.0000000124
1948 0.0000000124
1949 0.0000000123
1950 0.0000000123
1951 0.0000000123
1952 0.0000000123
1953 0.0000000123
1954 0.0000000123
1955 0.0000000123
1956 0.0000000123
1957 0.0000000122
1958 0.0000000122
1959 0.0000000122
1960 0.0000000122
1961 0.0000000122
1962 0.0000000122
1963 0.0000000122
1964 0.0000000121
1965 0.0000000121
1966 0.0000000121
1967 0.0000000121
1968 0.0000000121
1969 0.0000000121
1970 0.0000000121
1971 0.0000000120
1972 0.0000000120
1973 0.0000000120
1974 0.0000000120
1975 0.0000000120
1976 0.0000000120
1977 0.0000000119
1978 0.0000000119
1979 0.0000000119
1980 0.0000000119
1981 0.0000000119
1982 0.0000000118
1983 0.0000000118
1984 0.0000000118
1985 0.0000000118
1986 0.0000000118
1987 0.0000000117
1988 0.0000000117
1989 0.0000000117
1990 0.0000000116
1991 0.0000000116
1992 0.0000000116
1993 0.0000000115
1994 0.0000000115
1995 0.0000000114
1996 0.0000000113
1997 0.0000000111
1998 0.0000000107
1999 0.0000000096
2000 0.0000000000
