1 990
0 0.9846581559
1 0.0037353604
2 0.0015540537
3 0.0010752812
4 0.0007865786
5 0.0006156876
6 0.0005037687
7 0.0004241265
8 0.0003645011
9 0.0003182770
10 0.0002814528
11 0.0002514599
12 0.0002265821
13 0.0002056324
14 0.0001877641
15 0.0001723570
16 0.0001589466
17 0.0001471776
18 0.0001367740
19 0.0001275179
20 0.0001192355
21 0.0001117857
22 0.0001050537
23 0.0000989443
24 0.0000933785
25 0.0000882900
26 0.0000836227
27 0.0000793289
28 0.0000753677
29 0.0000717039
30 0.0000683071
31 0.0000651509
32 0.0000622120
33 0.0000594701
34 0.0000569074
35 0.0000545081
36 0.0000522579
37 0.0000501446
38 0.0000481568
39 0.0000462845
40 0.0000445187
41 0.0000428514
42 0.0000412752
43 0.0000397834
44 0.0000383701
45 0.0000370296
46 0.0000357572
47 0.0000345481
48 0.0000333982
49 0.0000323038
50 0.0000312612
51 0.0000302672
52 0.0000293189
53 0.0000284135
54 0.0000275484
55 0.0000267214
56 0.0000259302
57 0.0000251729
58 0.0000244474
59 0.0000237522
60 0.0000230855
61 0.0000224458
62 0.0000218318
63 0.0000212420
64 0.0000206753
65 0.0000201305
66 0.0000196066
67 0.0000191024
68 0.0000186170
69 0.0000181496
70 0.0000176992
71 0.0000172651
72 0.0000168466
73 0.0000164429
74 0.0000160533
75 0.0000156773
76 0.0000153142
77 0.0000149635
78 0.0000146246
79 0.0000142970
80 0.0000139802
81 0.0000136739
82 0.0000133775
83 0.0000130906
84 0.0000128130
85 0.0000125441
86 0.0000122836
87 0.0000120313
88 0.0000117868
89 0.0000115497
90 0.0000113199
91 0.0000110970
92 0.0000108807
93 0.0000106709
94 0.0000104672
95 0.0000102695
96 0.0000100775
97 0.0000098910
98 0.0000097099
99 0.0000095338
100 0.0000093628
101 0.0000091965
102 0.0000090348
103 0.0000088776
104 0.0000087246
105 0.0000085758
106 0.0000084311
107 0.0000082902
108 0.0000081530
109 0.0000080194
110 0.0000078894
111 0.0000077627
112 0.0000076393
113 0.0000075191
114 0.0000074020
115 0.0000072878
116 0.0000071765
117 0.0000070680
118 0.0000069621
119 0.0000068589
120 0.0000067582
121 0.0000066600
122 0.0000065641
123 0.0000064706
124 0.0000063793
125 0.0000062901
126 0.0000062031
127 0.0000061181
128 0.0000060351
129 0.0000059540
130 0.0000058747
131 0.0000057973
132 0.0000057217
133 0.0000056477
134 0.0000055754
135 0.0000055048
136 0.0000054357
137 0.0000053681
138 0.0000053020
139 0.0000052373
140 0.0000051740
141 0.0000051121
142 0.0000050515
143 0.0000049923
144 0.0000049342
145 0.0000048774
146 0.0000048218
147 0.0000047673
148 0.0000047139
149 0.0000046616
150 0.0000046104
151 0.0000045603
152 0.0000045111
153 0.0000044629
154 0.0000044157
155 0.0000043694
156 0.0000043241
157 0.0000042796
158 0.0000042360
159 0.0000041932
160 0.0000041512
161 0.0000041100
162 0.0000040697
163 0.0000040300
164 0.0000039912
165 0.0000039530
166 0.0000039155
167 0.0000038788
168 0.0000038427
169 0.0000038072
170 0.0000037724
171 0.0000037383
172 0.0000037047
173 0.0000036717
174 0.0000036393
175 0.0000036075
176 0.0000035763
177 0.0000035455
178 0.0000035153
179 0.0000034856
180 0.0000034565
181 0.0000034278
182 0.0000033996
183 0.0000033718
184 0.0000033446
185 0.0000033177
186 0.0000032913
187 0.0000032654
188 0.0000032398
189 0.0000032147
190 0.0000031900
191 0.0000031656
192 0.0000031417
193 0.0000031181
194 0.0000030949
195 0.0000030721
196 0.0000030496
197 0.0000030274
198 0.0000030056
199 0.0000029841
200 0.0000029629
201 0.0000029421
202 0.0000029216
203 0.0000029013
204 0.0000028814
205 0.0000028617
206 0.0000028424
207 0.0000028233
208 0.0000028045
209 0.0000027859
210 0.0000027676
211 0.0000027496
212 0.0000027318
213 0.0000027143
214 0.0000026970
215 0.0000026799
216 0.0000026631
217 0.0000026465
218 0.0000026301
219 0.0000026140
220 0.0000025980
221 0.0000025823
222 0.0000025668
223 0.0000025514
224 0.0000025363
225 0.0000025214
226 0.0000025066
227 0.0000024921
228 0.0000024777
229 0.0000024635
230 0.0000024495
231 0.0000024357
232 0.0000024220
233 0.0000024085
234 0.0000023951
235 0.0000023820
236 0.0000023689
237 0.0000023561
238 0.0000023434
239 0.0000023308
240 0.0000023184
241 0.0000023061
242 0.0000022940
243 0.0000022820
244 0.0000022701
245 0.0000022584
246 0.0000022468
247 0.0000022354
248 0.0000022240
249 0.0000022128
250 0.0000022017
251 0.0000021908
252 0.0000021799
253 0.0000021692
254 0.0000021586
255 0.0000021481
256 0.0000021377
257 0.0000021274
258 0.0000021173
259 0.0000021072
260 0.0000020972
261 0.0000020874
262 0.0000020776
263 0.0000020680
264 0.0000020584
265 0.0000020490
266 0.0000020396
267 0.0000020303
268 0.0000020211
269 0.0000020120
270 0.0000020030
271 0.0000019941
272 0.0000019853
273 0.0000019765
274 0.0000019679
275 0.0000019593
276 0.0000019508
277 0.0000019424
278 0.0000019340
279 0.0000019258
280 0.0000019176
281 0.0000019095
282 0.0000019014
283 0.0000018935
284 0.0000018856
285 0.0000018777
286 0.0000018700
287 0.0000018623
288 0.0000018547
289 0.0000018471
290 0.0000018397
291 0.0000018322
292 0.0000018249
293 0.0000018176
294 0.0000018103
295 0.0000018032
296 0.0000017961
297 0.0000017890
298 0.0000017820
299 0.0000017751
300 0.0000017682
301 0.0000017614
302 0.0000017546
303 0.0000017479
304 0.0000017413
305 0.0000017347
306 0.0000017281
307 0.0000017216
308 0.0000017152
309 0.0000017088
310 0.0000017024
311 0.0000016961
312 0.0000016899
313 0.0000016837
314 0.0000016776
315 0.0000016715
316 0.0000016654
317 0.0000016594
318 0.0000016534
319 0.0000016475
320 0.0000016416
321 0.0000016358
322 0.0000016300
323 0.0000016243
324 0.0000016186
325 0.0000016129
326 0.0000016073
327 0.0000016017
328 0.0000015961
329 0.0000015906
330 0.0000015852
331 0.0000015798
332 0.0000015744
333 0.0000015690
334 0.0000015637
335 0.0000015584
336 0.0000015532
337 0.0000015480
338 0.0000015428
339 0.0000015377
340 0.0000015326
341 0.0000015275
342 0.0000015225
343 0.0000015175
344 0.0000015126
345 0.0000015076
346 0.0000015027
347 0.0000014979
348 0.0000014931
349 0.0000014883
350 0.0000014835
351 0.0000014788
352 0.0000014740
353 0.0000014694
354 0.0000014647
355 0.0000014601
356 0.0000014555
357 0.0000014510
358 0.0000014464
359 0.0000014419
360 0.0000014375
361 0.0000014330
362 0.0000014286
363 0.0000014242
364 0.0000014199
365 0.0000014155
366 0.0000014112
367 0.0000014069
368 0.0000014027
369 0.0000013985
370 0.0000013942
371 0.0000013901
372 0.0000013859
373 0.0000013818
374 0.0000013777
375 0.0000013736
376 0.0000013695
377 0.0000013655
378 0.0000013615
379 0.0000013575
380 0.0000013535
381 0.0000013496
382 0.0000013457
383 0.0000013418
384 0.0000013379
385 0.0000013341
386 0.0000013302
387 0.0000013264
388 0.0000013226
389 0.0000013189
390 0.0000013151
391 0.0000013114
392 0.0000013077
393 0.0000013040
394 0.0000013004
395 0.0000012967
396 0.0000012931
397 0.0000012895
398 0.0000012859
399 0.0000012824
400 0.0000012788
401 0.0000012753
402 0.0000012718
403 0.0000012683
404 0.0000012649
405 0.0000012614
406 0.0000012580
407 0.0000012546
408 0.0000012512
409 0.0000012478
410 0.0000012444
411 0.0000012411
412 0.0000012378
413 0.0000012345
414 0.0000012312
415 0.0000012279
416 0.0000012246
417 0.0000012214
418 0.0000012182
419 0.0000012150
420 0.0000012118
421 0.0000012086
422 0.0000012055
423 0.0000012023
424 0.0000011992
425 0.0000011961
426 0.0000011930
427 0.0000011899
428 0.0000011869
429 0.0000011838
430 0.0000011808
431 0.0000011778
432 0.0000011748
433 0.0000011718
434 0.0000011688
435 0.0000011659
436 0.0000011629
437 0.0000011600
438 0.0000011571
439 0.0000011542
440 0.0000011513
441 0.0000011484
442 0.0000011456
443 0.0000011427
444 0.0000011399
445 0.0000011371
446 0.0000011343
447 0.0000011315
448 0.0000011287
449 0.0000011259
450 0.0000011232
451 0.0000011204
452 0.0000011177
453 0.0000011150
454 0.0000011123
455 0.0000011096
456 0.0000011069
457 0.0000011043
458 0.0000011016
459 0.0000010990
460 0.0000010963
461 0.0000010937
462 0.0000010911
463 0.0000010885
464 0.0000010860
465 0.0000010834
466 0.0000010808
467 0.0000010783
468 0.0000010758
469 0.0000010732
470 0.0000010707
471 0.0000010682
472 0.0000010657
473 0.0000010633
474 0.0000010608
475 0.0000010583
476 0.0000010559
477 0.0000010535
478 0.0000010510
479 0.0000010486
480 0.0000010462
481 0.0000010438
482 0.0000010415
483 0.0000010391
484 0.0000010367
485 0.0000010344
486 0.0000010320
487 0.0000010297
488 0.0000010274
489 0.0000010251
490 0.0000010228
491 0.0000010205
492 0.0000010182
493 0.0000010159
494 0.0000010137
495 0.0000010114
496 0.0000010092
497 0.0000010069
498 0.0000010047
499 0.0000010025
500 0.0000010003
501 0.0000009981
502 0.0000009959
503 0.0000009937
504 0.0000009916
505 0.0000009894
506 0.0000009873
507 0.0000009851
508 0.0000009830
509 0.0000009809
510 0.0000009788
511 0.0000009767
512 0.0000009746
513 0.0000009725
514 0.0000009704
515 0.0000009683
516 0.0000009662
517 0.0000009642
518 0.0000009621
519 0.0000009601
520 0.0000009581
521 0.0000009561
522 0.0000009540
523 0.0000009520
524 0.0000009500
525 0.0000009480
526 0.0000009461
527 0.0000009441
528 0.0000009421
529 0.0000009402
530 0.0000009382
531 0.0000009363
532 0.0000009343
533 0.0000009324
534 0.0000009305
535 0.0000009286
536 0.0000009267
537 0.0000009248
538 0.0000009229
539 0.0000009210
540 0.0000009191
541 0.0000009172
542 0.0000009154
543 0.0000009135
544 0.0000009117
545 0.0000009098
546 0.0000009080
547 0.0000009062
548 0.0000009043
549 0.0000009025
550 0.0000009007
551 0.0000008989
552 0.0000008971
553 0.0000008953
554 0.0000008936
555 0.0000008918
556 0.0000008900
557 0.0000008883
558 0.0000008865
559 0.0000008848
560 0.0000008830
561 0.0000008813
562 0.0000008796
563 0.0000008778
564 0.0000008761
565 0.0000008744
566 0.0000008727
567 0.0000008710
568 0.0000008693
569 0.0000008677
570 0.0000008660
571 0.0000008643
572 0.0000008626
573 0.0000008610
574 0.0000008593
575 0.0000008577
576 0.0000008560
577 0.0000008544
578 0.0000008528
579 0.0000008512
580 0.0000008495
581 0.0000008479
582 0.0000008463
583 0.0000008447
584 0.0000008431
585 0.0000008415
586 0.0000008400
587 0.0000008384
588 0.0000008368
589 0.0000008352
590 0.0000008337
591 0.0000008321
592 0.0000008306
593 0.0000008290
594 0.0000008275
595 0.0000008260
596 0.0000008244
597 0.0000008229
598 0.0000008214
599 0.0000008199
600 0.0000008184
601 0.0000008169
602 0.0000008154
603 0.0000008139
604 0.0000008124
605 0.0000008109
606 0.0000008094
607 0.0000008080
608 0.0000008065
609 0.0000008050
610 0.0000008036
611 0.0000008021
612 0.0000008007
613 0.0000007992
614 0.0000007978
615 0.0000007964
616 0.0000007949
617 0.0000007935
618 0.0000007921
619 0.0000007907
620 0.0000007893
621 0.0000007879
622 0.0000007865
623 0.0000007851
624 0.0000007837
625 0.0000007823
626 0.0000007809
627 0.0000007796
628 0.0000007782
629 0.0000007768
630 0.0000007755
631 0.0000007741
632 0.0000007727
633 0.0000007714
634 0.0000007701
635 0.0000007687
636 0.0000007674
637 0.0000007661
638 0.0000007647
639 0.0000007634
640 0.0000007621
641 0.0000007608
642 0.0000007595
643 0.0000007582
644 0.0000007569
645 0.0000007556
646 0.0000007543
647 0.0000007530
648 0.0000007517
649 0.0000007504
650 0.0000007491
651 0.0000007479
652 0.0000007466
653 0.0000007453
654 0.0000007441
655 0.0000007428
656 0.0000007416
657 0.0000007403
658 0.0000007391
659 0.0000007378
660 0.0000007366
661 0.0000007354
662 0.0000007341
663 0.0000007329
664 0.0000007317
665 0.0000007305
666 0.0000007292
667 0.0000007280
668 0.0000007268
669 0.0000007256
670 0.0000007244
671 0.0000007232
672 0.0000007220
673 0.0000007209
674 0.0000007197
675 0.0000007185
676 0.0000007173
677 0.0000007161
678 0.0000007150
679 0.0000007138
680 0.0000007126
681 0.0000007115
682 0.0000007103
683 0.0000007092
684 0.0000007080
685 0.0000007069
686 0.0000007057
687 0.0000007046
688 0.0000007035
689 0.0000007023
690 0.0000007012
691 0.0000007001
692 0.0000006990
693 0.0000006978
694 0.0000006967
695 0.0000006956
696 0.0000006945
697 0.0000006934
698 0.0000006923
699 0.0000006912
700 0.0000006901
701 0.0000006890
702 0.0000006879
703 0.0000006868
704 0.0000006858
705 0.0000006847
706 0.0000006836
707 0.0000006825
708 0.0000006815
709 0.0000006804
710 0.0000006793
711 0.0000006783
712 0.0000006772
713 0.0000006762
714 0.0000006751
715 0.0000006741
716 0.0000006730
717 0.0000006720
718 0.0000006709
719 0.0000006699
720 0.0000006689
721 0.0000006678
722 0.0000006668
723 0.0000006658
724 0.0000006648
725 0.0000006637
726 0.0000006627
727 0.0000006617
728 0.0000006607
729 0.0000006597
730 0.0000006587
731 0.0000006577
732 0.0000006567
733 0.0000006557
734 0.0000006547
735 0.0000006537
736 0.0000006527
737 0.0000006517
738 0.0000006507
739 0.0000006498
740 0.0000006488
741 0.0000006478
742 0.0000006468
743 0.0000006459
744 0.0000006449
745 0.0000006439
746 0.0000006430
747 0.0000006420
748 0.0000006411
749 0.0000006401
750 0.0000006392
751 0.0000006382
752 0.0000006373
753 0.0000006363
754 0.0000006354
755 0.0000006345
756 0.0000006335
757 0.0000006326
758 0.0000006317
759 0.0000006307
760 0.0000006298
761 0.0000006289
762 0.0000006280
763 0.0000006270
764 0.0000006261
765 0.0000006252
766 0.0000006243
767 0.0000006234
768 0.0000006225
769 0.0000006216
770 0.0000006207
771 0.0000006198
772 0.0000006189
773 0.0000006180
774 0.0000006171
775 0.0000006162
776 0.0000006153
777 0.0000006144
778 0.0000006136
779 0.0000006127
780 0.0000006118
781 0.0000006109
782 0.0000006100
783 0.0000006092
784 0.0000006083
785 0.0000006074
786 0.0000006066
787 0.0000006057
788 0.0000006048
789 0.0000006040
790 0.0000006031
791 0.0000006023
792 0.0000006014
793 0.0000006006
794 0.0000005997
795 0.0000005989
796 0.0000005980
797 0.0000005972
798 0.0000005964
799 0.0000005955
800 0.0000005947
801 0.0000005939
802 0.0000005930
803 0.0000005922
804 0.0000005914
805 0.0000005905
806 0.0000005897
807 0.0000005889
808 0.0000005881
809 0.0000005873
810 0.0000005865
811 0.0000005856
812 0.0000005848
813 0.0000005840
814 0.0000005832
815 0.0000005824
816 0.0000005816
817 0.0000005808
818 0.0000005800
819 0.0000005792
820 0.0000005784
821 0.0000005776
822 0.0000005768
823 0.0000005760
824 0.0000005753
825 0.0000005745
826 0.0000005737
827 0.0000005729
828 0.0000005721
829 0.0000005713
830 0.0000005706
831 0.0000005698
832 0.0000005690
833 0.0000005682
834 0.0000005675
835 0.0000005667
836 0.0000005659
837 0.0000005652
838 0.0000005644
839 0.0000005637
840 0.0000005629
841 0.0000005621
842 0.0000005614
843 0.0000005606
844 0.0000005599
845 0.0000005591
846 0.0000005584
847 0.0000005576
848 0.0000005569
849 0.0000005561
850 0.0000005554
851 0.0000005547
852 0.0000005539
853 0.0000005532
854 0.0000005525
855 0.0000005517
856 0.0000005510
857 0.0000005503
858 0.0000005495
859 0.0000005488
860 0.0000005481
861 0.0000005473
862 0.0000005466
863 0.0000005459
864 0.0000005452
865 0.0000005445
866 0.0000005437
867 0.0000005430
868 0.0000005423
869 0.0000005416
870 0.0000005409
871 0.0000005402
872 0.0000005395
873 0.0000005388
874 0.0000005381
875 0.0000005374
876 0.0000005366
877 0.0000005359
878 0.0000005352
879 0.0000005345
880 0.0000005339
881 0.0000005332
882 0.0000005325
883 0.0000005318
884 0.0000005311
885 0.0000005304
886 0.0000005297
887 0.0000005290
888 0.0000005283
889 0.0000005276
890 0.0000005270
891 0.0000005263
892 0.0000005256
893 0.0000005249
894 0.0000005242
895 0.0000005235
896 0.0000005229
897 0.0000005222
898 0.0000005215
899 0.0000005208
900 0.0000005202
901 0.0000005195
902 0.0000005188
903 0.0000005182
904 0.0000005175
905 0.0000005168
906 0.0000005162
907 0.0000005155
908 0.0000005148
909 0.0000005142
910 0.0000005135
911 0.0000005128
912 0.0000005122
913 0.0000005115
914 0.0000005109
915 0.0000005102
916 0.0000005096
917 0.0000005089
918 0.0000005082
919 0.0000005076
920 0.0000005069
921 0.0000005063
922 0.0000005056
923 0.0000005050
924 0.0000005043
925 0.0000005037
926 0.0000005030
927 0.0000005024
928 0.0000005017
929 0.0000005011
930 0.0000005004
931 0.0000004998
932 0.0000004991
933 0.0000004985
934 0.0000004978
935 0.0000004972
936 0.0000004966
937 0.0000004959
938 0.0000004953
939 0.0000004946
940 0.0000004940
941 0.0000004933
942 0.0000004927
943 0.0000004920
944 0.0000004914
945 0.0000004907
946 0.0000004901
947 0.0000004894
948 0.0000004888
949 0.0000004881
950 0.0000004875
951 0.0000004868
952 0.0000004862
953 0.0000004855
954 0.0000004849
955 0.0000004842
956 0.0000004835
957 0.0000004829
958 0.0000004822
959 0.0000004815
960 0.0000004808
961 0.0000004802
962 0.0000004795
963 0.0000004788
964 0.0000004781
965 0.0000004773
966 0.0000004766
967 0.0000004759
968 0.0000004752
969 0.0000004744
970 0.0000004736
971 0.0000004728
972 0.0000004720
973 0.0000004712
974 0.0000004703
975 0.0000004694
976 0.0000004684
977 0.0000004674
978 0.0000004664
979 0.0000004652
980 0.0000004639
981 0.0000004625
982 0.0000004608
983 0.0000004588
984 0.0000004564
985 0.0000004532
986 0.0000004487
987 0.0000004419
988 0.0000004282
989 0.0000003817
990 0.0000000000
