0 1090
0 0.9717222186
1 0.0057927797
2 0.0024484019
3 0.0017156042
4 0.0012719082
5 0.0010086613
6 0.0008358170
7 0.0007124393
8 0.0006197541
9 0.0005476378
10 0.0004899650
11 0.0004428012
12 0.0004035157
13 0.0003702884
14 0.0003418204
15 0.0003171598
16 0.0002955927
17 0.0002765733
18 0.0002596770
19 0.0002445684
20 0.0002309793
21 0.0002186926
22 0.0002075308
23 0.0001973469
24 0.0001880188
25 0.0001794437
26 0.0001715347
27 0.0001642177
28 0.0001574293
29 0.0001511147
30 0.0001452266
31 0.0001397236
32 0.0001345697
33 0.0001297330
34 0.0001251855
35 0.0001209024
36 0.0001168617
37 0.0001130437
38 0.0001094308
39 0.0001060071
40 0.0001027584
41 0.0000996720
42 0.0000967363
43 0.0000939406
44 0.0000912754
45 0.0000887320
46 0.0000863025
47 0.0000839795
48 0.0000817563
49 0.0000796269
50 0.0000775856
51 0.0000756272
52 0.0000737469
53 0.0000719403
54 0.0000702032
55 0.0000685318
56 0.0000669227
57 0.0000653725
58 0.0000638781
59 0.0000624367
60 0.0000610457
61 0.0000597025
62 0.0000584048
63 0.0000571505
64 0.0000559375
65 0.0000547638
66 0.0000536278
67 0.0000525275
68 0.0000514616
69 0.0000504285
70 0.0000494267
71 0.0000484550
72 0.0000475120
73 0.0000465966
74 0.0000457077
75 0.0000448441
76 0.0000440049
77 0.0000431891
78 0.0000423958
79 0.0000416242
80 0.0000408733
81 0.0000401425
82 0.0000394310
83 0.0000387380
84 0.0000380630
85 0.0000374053
86 0.0000367642
87 0.0000361391
88 0.0000355297
89 0.0000349352
90 0.0000343551
91 0.0000337891
92 0.0000332366
93 0.0000326972
94 0.0000321705
95 0.0000316560
96 0.0000311534
97 0.0000306623
98 0.0000301823
99 0.0000297131
100 0.0000292544
101 0.0000288058
102 0.0000283671
103 0.0000279379
104 0.0000275179
105 0.0000271070
106 0.0000267048
107 0.0000263110
108 0.0000259256
109 0.0000255481
110 0.0000251784
111 0.0000248162
112 0.0000244614
113 0.0000241138
114 0.0000237732
115 0.0000234393
116 0.0000231120
117 0.0000227911
118 0.0000224765
119 0.0000221680
120 0.0000218654
121 0.0000215686
122 0.0000212775
123 0.0000209918
124 0.0000207115
125 0.0000204364
126 0.0000201664
127 0.0000199013
128 0.0000196412
129 0.0000193857
130 0.0000191349
131 0.0000188885
132 0.0000186466
133 0.0000184089
134 0.0000181755
135 0.0000179462
136 0.0000177208
137 0.0000174994
138 0.0000172818
139 0.0000170680
140 0.0000168577
141 0.0000166511
142 0.0000164480
143 0.0000162482
144 0.0000160519
145 0.0000158587
146 0.0000156688
147 0.0000154820
148 0.0000152983
149 0.0000151176
150 0.0000149398
151 0.0000147648
152 0.0000145927
153 0.0000144234
154 0.0000142567
155 0.0000140927
156 0.0000139313
157 0.0000137724
158 0.0000136160
159 0.0000134620
160 0.0000133104
161 0.0000131612
162 0.0000130142
163 0.0000128695
164 0.0000127270
165 0.0000125867
166 0.0000124484
167 0.0000123123
168 0.0000121782
169 0.0000120461
170 0.0000119159
171 0.0000117877
172 0.0000116613
173 0.0000115369
174 0.0000114142
175 0.0000112933
176 0.0000111742
177 0.0000110568
178 0.0000109411
179 0.0000108270
180 0.0000107146
181 0.0000106037
182 0.0000104945
183 0.0000103868
184 0.0000102806
185 0.0000101759
186 0.0000100726
187 0.0000099708
188 0.0000098704
189 0.0000097713
190 0.0000096737
191 0.0000095774
192 0.0000094824
193 0.0000093887
194 0.0000092962
195 0.0000092050
196 0.0000091151
197 0.0000090263
198 0.0000089388
199 0.0000088524
200 0.0000087671
201 0.0000086830
202 0.0000086000
203 0.0000085181
204 0.0000084373
205 0.0000083575
206 0.0000082788
207 0.0000082011
208 0.0000081244
209 0.0000080487
210 0.0000079739
211 0.0000079002
212 0.0000078273
213 0.0000077554
214 0.0000076845
215 0.0000076144
216 0.0000075452
217 0.0000074769
218 0.0000074094
219 0.0000073428
220 0.0000072770
221 0.0000072121
222 0.0000071479
223 0.0000070845
224 0.0000070220
225 0.0000069602
226 0.0000068991
227 0.0000068388
228 0.0000067793
229 0.0000067204
230 0.0000066623
231 0.0000066049
232 0.0000065482
233 0.0000064922
234 0.0000064368
235 0.0000063821
236 0.0000063281
237 0.0000062747
238 0.0000062219
239 0.0000061698
240 0.0000061183
241 0.0000060674
242 0.0000060171
243 0.0000059674
244 0.0000059182
245 0.0000058697
246 0.0000058217
247 0.0000057742
248 0.0000057274
249 0.0000056810
250 0.0000056352
251 0.0000055900
252 0.0000055452
253 0.0000055010
254 0.0000054572
255 0.0000054140
256 0.0000053712
257 0.0000053290
258 0.0000052872
259 0.0000052459
260 0.0000052050
261 0.0000051646
262 0.0000051247
263 0.0000050852
264 0.0000050462
265 0.0000050076
266 0.0000049694
267 0.0000049317
268 0.0000048943
269 0.0000048574
270 0.0000048209
271 0.0000047848
272 0.0000047490
273 0.0000047137
274 0.0000046788
275 0.0000046442
276 0.0000046100
277 0.0000045762
278 0.0000045427
279 0.0000045096
280 0.0000044769
281 0.0000044445
282 0.0000044125
283 0.0000043808
284 0.0000043494
285 0.0000043184
286 0.0000042877
287 0.0000042574
288 0.0000042273
289 0.0000041976
290 0.0000041682
291 0.0000041391
292 0.0000041103
293 0.0000040818
294 0.0000040536
295 0.0000040257
296 0.0000039981
297 0.0000039708
298 0.0000039437
299 0.0000039170
300 0.0000038905
301 0.0000038643
302 0.0000038383
303 0.0000038126
304 0.0000037872
305 0.0000037621
306 0.0000037372
307 0.0000037125
308 0.0000036881
309 0.0000036640
310 0.0000036401
311 0.0000036164
312 0.0000035930
313 0.0000035698
314 0.0000035469
315 0.0000035241
316 0.0000035016
317 0.0000034794
318 0.0000034573
319 0.0000034355
320 0.0000034139
321 0.0000033925
322 0.0000033713
323 0.0000033503
324 0.0000033295
325 0.0000033089
326 0.0000032886
327 0.0000032684
328 0.0000032484
329 0.0000032287
330 0.0000032091
331 0.0000031897
332 0.0000031705
333 0.0000031514
334 0.0000031326
335 0.0000031140
336 0.0000030955
337 0.0000030772
338 0.0000030591
339 0.0000030411
340 0.0000030233
341 0.0000030057
342 0.0000029883
343 0.0000029710
344 0.0000029539
345 0.0000029369
346 0.0000029201
347 0.0000029035
348 0.0000028870
349 0.0000028707
350 0.0000028545
351 0.0000028385
352 0.0000028226
353 0.0000028069
354 0.0000027913
355 0.0000027759
356 0.0000027606
357 0.0000027455
358 0.0000027305
359 0.0000027156
360 0.0000027009
361 0.0000026863
362 0.0000026718
363 0.0000026575
364 0.0000026433
365 0.0000026292
366 0.0000026152
367 0.0000026014
368 0.0000025877
369 0.0000025742
370 0.0000025607
371 0.0000025474
372 0.0000025342
373 0.0000025211
374 0.0000025081
375 0.0000024952
376 0.0000024825
377 0.0000024699
378 0.0000024574
379 0.0000024450
380 0.0000024327
381 0.0000024205
382 0.0000024084
383 0.0000023964
384 0.0000023846
385 0.0000023728
386 0.0000023611
387 0.0000023496
388 0.0000023381
389 0.0000023268
390 0.0000023155
391 0.0000023043
392 0.0000022933
393 0.0000022823
394 0.0000022714
395 0.0000022606
396 0.0000022500
397 0.0000022394
398 0.0000022289
399 0.0000022184
400 0.0000022081
401 0.0000021979
402 0.0000021877
403 0.0000021776
404 0.0000021676
405 0.0000021578
406 0.0000021479
407 0.0000021382
408 0.0000021285
409 0.0000021190
410 0.0000021095
411 0.0000021001
412 0.0000020907
413 0.0000020815
414 0.0000020723
415 0.0000020632
416 0.0000020542
417 0.0000020452
418 0.0000020363
419 0.0000020275
420 0.0000020188
421 0.0000020101
422 0.0000020015
423 0.0000019930
424 0.0000019846
425 0.0000019762
426 0.0000019679
427 0.0000019596
428 0.0000019514
429 0.0000019433
430 0.0000019353
431 0.0000019273
432 0.0000019193
433 0.0000019115
434 0.0000019037
435 0.0000018960
436 0.0000018883
437 0.0000018807
438 0.0000018731
439 0.0000018656
440 0.0000018582
441 0.0000018508
442 0.0000018435
443 0.0000018362
444 0.0000018290
445 0.0000018219
446 0.0000018148
447 0.0000018077
448 0.0000018008
449 0.0000017938
450 0.0000017870
451 0.0000017801
452 0.0000017734
453 0.0000017667
454 0.0000017600
455 0.0000017534
456 0.0000017468
457 0.0000017403
458 0.0000017338
459 0.0000017274
460 0.0000017210
461 0.0000017147
462 0.0000017084
463 0.0000017022
464 0.0000016960
465 0.0000016899
466 0.0000016838
467 0.0000016778
468 0.0000016718
469 0.0000016658
470 0.0000016599
471 0.0000016541
472 0.0000016482
473 0.0000016425
474 0.0000016367
475 0.0000016310
476 0.0000016254
477 0.0000016198
478 0.0000016142
479 0.0000016087
480 0.0000016032
481 0.0000015977
482 0.0000015923
483 0.0000015870
484 0.0000015816
485 0.0000015763
486 0.0000015711
487 0.0000015658
488 0.0000015607
489 0.0000015555
490 0.0000015504
491 0.0000015454
492 0.0000015403
493 0.0000015353
494 0.0000015303
495 0.0000015254
496 0.0000015205
497 0.0000015157
498 0.0000015108
499 0.0000015060
500 0.0000015013
501 0.0000014966
502 0.0000014918
503 0.0000014872
504 0.0000014826
505 0.0000014780
506 0.0000014734
507 0.0000014689
508 0.0000014643
509 0.0000014599
510 0.0000014554
511 0.0000014510
512 0.0000014466
513 0.0000014423
514 0.0000014380
515 0.0000014337
516 0.0000014294
517 0.0000014252
518 0.0000014210
519 0.0000014168
520 0.0000014126
521 0.0000014085
522 0.0000014044
523 0.0000014003
524 0.0000013963
525 0.0000013922
526 0.0000013882
527 0.0000013843
528 0.0000013804
529 0.0000013764
530 0.0000013725
531 0.0000013687
532 0.0000013648
533 0.0000013610
534 0.0000013572
535 0.0000013535
536 0.0000013497
537 0.0000013460
538 0.0000013423
539 0.0000013386
540 0.0000013350
541 0.0000013313
542 0.0000013278
543 0.0000013242
544 0.0000013206
545 0.0000013171
546 0.0000013136
547 0.0000013101
548 0.0000013066
549 0.0000013031
550 0.0000012997
551 0.0000012963
552 0.0000012929
553 0.0000012896
554 0.0000012862
555 0.0000012829
556 0.0000012796
557 0.0000012763
558 0.0000012731
559 0.0000012698
560 0.0000012666
561 0.0000012634
562 0.0000012602
563 0.0000012570
564 0.0000012539
565 0.0000012508
566 0.0000012476
567 0.0000012445
568 0.0000012415
569 0.0000012384
570 0.0000012354
571 0.0000012324
572 0.0000012294
573 0.0000012264
574 0.0000012234
575 0.0000012205
576 0.0000012175
577 0.0000012146
578 0.0000012117
579 0.0000012088
580 0.0000012060
581 0.0000012031
582 0.0000012003
583 0.0000011975
584 0.0000011947
585 0.0000011919
586 0.0000011891
587 0.0000011864
588 0.0000011836
589 0.0000011809
590 0.0000011782
591 0.0000011755
592 0.0000011728
593 0.0000011702
594 0.0000011675
595 0.0000011649
596 0.0000011623
597 0.0000011597
598 0.0000011571
599 0.0000011545
600 0.0000011519
601 0.0000011494
602 0.0000011468
603 0.0000011443
604 0.0000011418
605 0.0000011393
606 0.0000011368
607 0.0000011344
608 0.0000011319
609 0.0000011295
610 0.0000011271
611 0.0000011247
612 0.0000011222
613 0.0000011198
614 0.0000011175
615 0.0000011151
616 0.0000011127
617 0.0000011104
618 0.0000011081
619 0.0000011058
620 0.0000011035
621 0.0000011012
622 0.0000010989
623 0.0000010966
624 0.0000010944
625 0.0000010921
626 0.0000010899
627 0.0000010877
628 0.0000010855
629 0.0000010833
630 0.0000010811
631 0.0000010789
632 0.0000010767
633 0.0000010746
634 0.0000010724
635 0.0000010703
636 0.0000010682
637 0.0000010660
638 0.0000010640
639 0.0000010619
640 0.0000010598
641 0.0000010577
642 0.0000010556
643 0.0000010536
644 0.0000010515
645 0.0000010495
646 0.0000010475
647 0.0000010455
648 0.0000010435
649 0.0000010415
650 0.0000010395
651 0.0000010375
652 0.0000010355
653 0.0000010336
654 0.0000010316
655 0.0000010297
656 0.0000010278
657 0.0000010259
658 0.0000010239
659 0.0000010220
660 0.0000010201
661 0.0000010183
662 0.0000010164
663 0.0000010145
664 0.0000010127
665 0.0000010108
666 0.0000010090
667 0.0000010071
668 0.0000010053
669 0.0000010035
670 0.0000010017
671 0.0000009999
672 0.0000009981
673 0.0000009963
674 0.0000009945
675 0.0000009928
676 0.0000009910
677 0.0000009892
678 0.0000009875
679 0.0000009858
680 0.0000009840
681 0.0000009823
682 0.0000009806
683 0.0000009789
684 0.0000009772
685 0.0000009755
686 0.0000009738
687 0.0000009721
688 0.0000009704
689 0.0000009688
690 0.0000009671
691 0.0000009655
692 0.0000009638
693 0.0000009622
694 0.0000009606
695 0.0000009589
696 0.0000009573
697 0.0000009557
698 0.0000009541
699 0.0000009525
700 0.0000009509
701 0.0000009494
702 0.0000009478
703 0.0000009462
704 0.0000009447
705 0.0000009431
706 0.0000009415
707 0.0000009400
708 0.0000009385
709 0.0000009369
710 0.0000009354
711 0.0000009339
712 0.0000009324
713 0.0000009309
714 0.0000009294
715 0.0000009279
716 0.0000009264
717 0.0000009249
718 0.0000009234
719 0.0000009219
720 0.0000009205
721 0.0000009190
722 0.0000009176
723 0.0000009161
724 0.0000009147
725 0.0000009132
726 0.0000009118
727 0.0000009104
728 0.0000009090
729 0.0000009075
730 0.0000009061
731 0.0000009047
732 0.0000009033
733 0.0000009019
734 0.0000009006
735 0.0000008992
736 0.0000008978
737 0.0000008964
738 0.0000008950
739 0.0000008937
740 0.0000008923
741 0.0000008910
742 0.0000008896
743 0.0000008883
744 0.0000008869
745 0.0000008856
746 0.0000008843
747 0.0000008830
748 0.0000008816
749 0.0000008803
750 0.0000008790
751 0.0000008777
752 0.0000008764
753 0.0000008751
754 0.0000008738
755 0.0000008725
756 0.0000008713
757 0.0000008700
758 0.0000008687
759 0.0000008675
760 0.0000008662
761 0.0000008649
762 0.0000008637
763 0.0000008624
764 0.0000008612
765 0.0000008599
766 0.0000008587
767 0.0000008575
768 0.0000008562
769 0.0000008550
770 0.0000008538
771 0.0000008526
772 0.0000008514
773 0.0000008502
774 0.0000008490
775 0.0000008478
776 0.0000008466
777 0.0000008454
778 0.0000008442
779 0.0000008430
780 0.0000008418
781 0.0000008407
782 0.0000008395
783 0.0000008383
784 0.0000008371
785 0.0000008360
786 0.0000008348
787 0.0000008337
788 0.0000008325
789 0.0000008314
790 0.0000008302
791 0.0000008291
792 0.0000008280
793 0.0000008269
794 0.0000008257
795 0.0000008246
796 0.0000008235
797 0.0000008224
798 0.0000008213
799 0.0000008201
800 0.0000008190
801 0.0000008180
802 0.0000008169
803 0.0000008158
804 0.0000008147
805 0.0000008136
806 0.0000008125
807 0.0000008114
808 0.0000008103
809 0.0000008093
810 0.0000008082
811 0.0000008071
812 0.0000008061
813 0.0000008050
814 0.0000008039
815 0.0000008029
816 0.0000008018
817 0.0000008008
818 0.0000007998
819 0.0000007987
820 0.0000007977
821 0.0000007966
822 0.0000007956
823 0.0000007946
824 0.0000007936
825 0.0000007925
826 0.0000007915
827 0.0000007905
828 0.0000007895
829 0.0000007885
830 0.0000007875
831 0.0000007865
832 0.0000007855
833 0.0000007845
834 0.0000007835
835 0.0000007825
836 0.0000007815
837 0.0000007805
838 0.0000007795
839 0.0000007785
840 0.0000007775
841 0.0000007766
842 0.0000007756
843 0.0000007746
844 0.0000007737
845 0.0000007727
846 0.0000007717
847 0.0000007708
848 0.0000007698
849 0.0000007689
850 0.0000007679
851 0.0000007670
852 0.0000007660
853 0.0000007651
854 0.0000007641
855 0.0000007632
856 0.0000007623
857 0.0000007613
858 0.0000007604
859 0.0000007595
860 0.0000007585
861 0.0000007576
862 0.0000007567
863 0.0000007558
864 0.0000007549
865 0.0000007540
866 0.0000007531
867 0.0000007521
868 0.0000007512
869 0.0000007503
870 0.0000007494
871 0.0000007485
872 0.0000007476
873 0.0000007467
874 0.0000007459
875 0.0000007450
876 0.0000007441
877 0.0000007432
878 0.0000007423
879 0.0000007415
880 0.0000007406
881 0.0000007397
882 0.0000007388
883 0.0000007380
884 0.0000007371
885 0.0000007362
886 0.0000007354
887 0.0000007345
888 0.0000007337
889 0.0000007328
890 0.0000007319
891 0.0000007311
892 0.0000007302
893 0.0000007294
894 0.0000007285
895 0.0000007277
896 0.0000007269
897 0.0000007260
898 0.0000007252
899 0.0000007244
900 0.0000007235
901 0.0000007227
902 0.0000007219
903 0.0000007210
904 0.0000007202
905 0.0000007194
906 0.0000007186
907 0.0000007178
908 0.0000007169
909 0.0000007161
910 0.0000007153
911 0.0000007145
912 0.0000007137
913 0.0000007129
914 0.0000007121
915 0.0000007113
916 0.0000007105
917 0.0000007097
918 0.0000007089
919 0.0000007081
920 0.0000007073
921 0.0000007065
922 0.0000007057
923 0.0000007049
924 0.0000007042
925 0.0000007034
926 0.0000007026
927 0.0000007018
928 0.0000007011
929 0.0000007003
930 0.0000006995
931 0.0000006987
932 0.0000006980
933 0.0000006972
934 0.0000006964
935 0.0000006957
936 0.0000006949
937 0.0000006941
938 0.0000006934
939 0.0000006926
940 0.0000006919
941 0.0000006911
942 0.0000006904
943 0.0000006896
944 0.0000006889
945 0.0000006881
946 0.0000006874
947 0.0000006866
948 0.0000006859
949 0.0000006852
950 0.0000006844
951 0.0000006837
952 0.0000006830
953 0.0000006822
954 0.0000006815
955 0.0000006808
956 0.0000006800
957 0.0000006793
958 0.0000006786
959 0.0000006779
960 0.0000006771
961 0.0000006764
962 0.0000006757
963 0.0000006750
964 0.0000006743
965 0.0000006736
966 0.0000006728
967 0.0000006722
968 0.0000006714
969 0.0000006707
970 0.0000006700
971 0.0000006693
972 0.0000006686
973 0.0000006679
974 0.0000006672
975 0.0000006665
976 0.0000006658
977 0.0000006651
978 0.0000006644
979 0.0000006638
980 0.0000006631
981 0.0000006624
982 0.0000006617
983 0.0000006610
984 0.0000006603
985 0.0000006596
986 0.0000006590
987 0.0000006583
988 0.0000006576
989 0.0000006569
990 0.0000006562
991 0.0000006556
992 0.0000006549
993 0.0000006542
994 0.0000006536
995 0.0000006529
996 0.0000006522
997 0.0000006516
998 0.0000006509
999 0.0000006502
1000 0.0000006496
1001 0.0000006489
1002 0.0000006483
1003 0.0000006476
1004 0.0000006470
1005 0.0000006463
1006 0.0000006457
1007 0.0000006450
1008 0.0000006444
1009 0.0000006437
1010 0.0000006431
1011 0.0000006424
1012 0.0000006418
1013 0.0000006411
1014 0.0000006405
1015 0.0000006398
1016 0.0000006392
1017 0.0000006386
1018 0.0000006379
1019 0.0000006373
1020 0.0000006367
1021 0.0000006360
1022 0.0000006354
1023 0.0000006348
1024 0.0000006341
1025 0.0000006335
1026 0.0000006329
1027 0.0000006323
1028 0.0000006316
1029 0.0000006310
1030 0.0000006304
1031 0.0000006298
1032 0.0000006292
1033 0.0000006286
1034 0.0000006279
1035 0.0000006273
1036 0.0000006267
1037 0.0000006261
1038 0.0000006255
1039 0.0000006249
1040 0.0000006243
1041 0.0000006237
1042 0.0000006231
1043 0.0000006225
1044 0.0000006219
1045 0.0000006213
1046 0.0000006207
1047 0.0000006200
1048 0.0000006195
1049 0.0000006189
1050 0.0000006183
1051 0.0000006177
1052 0.0000006171
1053 0.0000006165
1054 0.0000006159
1055 0.0000006153
1056 0.0000006147
1057 0.0000006141
1058 0.0000006135
1059 0.0000006129
1060 0.0000006124
1061 0.0000006118
1062 0.0000006112
1063 0.0000006106
1064 0.0000006100
1065 0.0000006095
1066 0.0000006089
1067 0.0000006083
1068 0.0000006077
1069 0.0000006072
1070 0.0000006066
1071 0.0000006060
1072 0.0000006054
1073 0.0000006049
1074 0.0000006043
1075 0.0000006037
1076 0.0000006032
1077 0.0000006026
1078 0.0000006020
1079 0.0000006015
1080 0.0000006009
1081 0.0000006003
1082 0.0000005998
1083 0.0000005992
1084 0.0000005987
1085 0.0000005981
1086 0.0000005976
1087 0.0000005970
1088 0.0000005964
1089 0.0000005959
1090 0.0000005953
