1 2000
0 0.9954419006
1 0.0014103118
2 0.0005714321
3 0.0003871669
4 0.0002766283
5 0.0002114546
6 0.0001689855
7 0.0001389497
8 0.0001166204
9 0.0000994451
10 0.0000858800
11 0.0000749344
12 0.0000659464
13 0.0000584580
14 0.0000521429
15 0.0000467619
16 0.0000421360
17 0.0000381282
18 0.0000346324
19 0.0000315647
20 0.0000288584
21 0.0000264593
22 0.0000243234
23 0.0000224143
24 0.0000207019
25 0.0000191608
26 0.0000177698
27 0.0000165108
28 0.0000153683
29 0.0000143290
30 0.0000133816
31 0.0000125162
32 0.0000117240
33 0.0000109976
34 0.0000103304
35 0.0000097166
36 0.0000091509
37 0.0000086289
38 0.0000081466
39 0.0000077003
40 0.0000072868
41 0.0000069032
42 0.0000065469
43 0.0000062157
44 0.0000059074
45 0.0000056202
46 0.0000053523
47 0.0000051022
48 0.0000048685
49 0.0000046499
50 0.0000044453
51 0.0000042535
52 0.0000040737
53 0.0000039049
54 0.0000037464
55 0.0000035973
56 0.0000034571
57 0.0000033251
58 0.0000032007
59 0.0000030834
60 0.0000029727
61 0.0000028681
62 0.0000027693
63 0.0000026759
64 0.0000025874
65 0.0000025037
66 0.0000024243
67 0.0000023491
68 0.0000022777
69 0.0000022099
70 0.0000021454
71 0.0000020842
72 0.0000020259
73 0.0000019704
74 0.0000019175
75 0.0000018671
76 0.0000018190
77 0.0000017731
78 0.0000017293
79 0.0000016874
80 0.0000016474
81 0.0000016091
82 0.0000015724
83 0.0000015372
84 0.0000015035
85 0.0000014712
86 0.0000014402
87 0.0000014105
88 0.0000013819
89 0.0000013544
90 0.0000013279
91 0.0000013025
92 0.0000012779
93 0.0000012543
94 0.0000012316
95 0.0000012096
96 0.0000011884
97 0.0000011680
98 0.0000011482
99 0.0000011291
100 0.0000011106
101 0.0000010927
102 0.0000010754
103 0.0000010587
104 0.0000010425
105 0.0000010267
106 0.0000010115
107 0.0000009967
108 0.0000009823
109 0.0000009683
110 0.0000009548
111 0.0000009416
112 0.0000009288
113 0.0000009163
114 0.0000009041
115 0.0000008923
116 0.0000008808
117 0.0000008696
118 0.0000008587
119 0.0000008480
120 0.0000008376
121 0.0000008275
122 0.0000008176
123 0.0000008079
124 0.0000007984
125 0.0000007892
126 0.0000007802
127 0.0000007713
128 0.0000007627
129 0.0000007543
130 0.0000007460
131 0.0000007379
132 0.0000007300
133 0.0000007222
134 0.0000007146
135 0.0000007072
136 0.0000006999
137 0.0000006927
138 0.0000006857
139 0.0000006788
140 0.0000006720
141 0.0000006654
142 0.0000006589
143 0.0000006525
144 0.0000006462
145 0.0000006400
146 0.0000006340
147 0.0000006280
148 0.0000006222
149 0.0000006164
150 0.0000006107
151 0.0000006052
152 0.0000005997
153 0.0000005943
154 0.0000005890
155 0.0000005838
156 0.0000005787
157 0.0000005736
158 0.0000005686
159 0.0000005637
160 0.0000005589
161 0.0000005541
162 0.0000005494
163 0.0000005448
164 0.0000005403
165 0.0000005358
166 0.0000005314
167 0.0000005270
168 0.0000005227
169 0.0000005185
170 0.0000005143
171 0.0000005102
172 0.0000005061
173 0.0000005021
174 0.0000004982
175 0.0000004943
176 0.0000004904
177 0.0000004866
178 0.0000004829
179 0.0000004792
180 0.0000004755
181 0.0000004719
182 0.0000004684
183 0.0000004648
184 0.0000004614
185 0.0000004579
186 0.0000004545
187 0.0000004512
188 0.0000004479
189 0.0000004446
190 0.0000004414
191 0.0000004382
192 0.0000004351
193 0.0000004319
194 0.0000004289
195 0.0000004258
196 0.0000004228
197 0.0000004198
198 0.0000004169
199 0.0000004140
200 0.0000004111
201 0.0000004083
202 0.0000004055
203 0.0000004027
204 0.0000004000
205 0.0000003972
206 0.0000003946
207 0.0000003919
208 0.0000003893
209 0.0000003867
210 0.0000003841
211 0.0000003816
212 0.0000003790
213 0.0000003765
214 0.0000003741
215 0.0000003716
216 0.0000003692
217 0.0000003668
218 0.0000003645
219 0.0000003621
220 0.0000003598
221 0.0000003575
222 0.0000003553
223 0.0000003530
224 0.0000003508
225 0.0000003486
226 0.0000003464
227 0.0000003442
228 0.0000003421
229 0.0000003400
230 0.0000003379
231 0.0000003358
232 0.0000003338
233 0.0000003317
234 0.0000003297
235 0.0000003277
236 0.0000003257
237 0.0000003238
238 0.0000003218
239 0.0000003199
240 0.0000003180
241 0.0000003161
242 0.0000003143
243 0.0000003124
244 0.0000003106
245 0.0000003088
246 0.0000003070
247 0.0000003052
248 0.0000003034
249 0.0000003016
250 0.0000002999
251 0.0000002982
252 0.0000002965
253 0.0000002948
254 0.0000002931
255 0.0000002915
256 0.0000002898
257 0.0000002882
258 0.0000002866
259 0.0000002850
260 0.0000002834
261 0.0000002818
262 0.0000002802
263 0.0000002787
264 0.0000002771
265 0.0000002756
266 0.0000002741
267 0.0000002726
268 0.0000002711
269 0.0000002697
270 0.0000002682
271 0.0000002668
272 0.0000002653
273 0.0000002639
274 0.0000002625
275 0.0000002611
276 0.0000002597
277 0.0000002583
278 0.0000002570
279 0.0000002556
280 0.0000002543
281 0.0000002529
282 0.0000002516
283 0.0000002503
284 0.0000002490
285 0.0000002477
286 0.0000002464
287 0.0000002452
288 0.0000002439
289 0.0000002427
290 0.0000002414
291 0.0000002402
292 0.0000002390
293 0.0000002378
294 0.0000002366
295 0.0000002354
296 0.0000002342
297 0.0000002330
298 0.0000002318
299 0.0000002307
300 0.0000002295
301 0.0000002284
302 0.0000002273
303 0.0000002261
304 0.0000002250
305 0.0000002239
306 0.0000002228
307 0.0000002217
308 0.0000002207
309 0.0000002196
310 0.0000002185
311 0.0000002175
312 0.0000002164
313 0.0000002154
314 0.0000002144
315 0.0000002133
316 0.0000002123
317 0.0000002113
318 0.0000002103
319 0.0000002093
320 0.0000002083
321 0.0000002073
322 0.0000002064
323 0.0000002054
324 0.0000002044
325 0.0000002035
326 0.0000002025
327 0.0000002016
328 0.0000002007
329 0.0000001997
330 0.0000001988
331 0.0000001979
332 0.0000001970
333 0.0000001961
334 0.0000001952
335 0.0000001943
336 0.0000001934
337 0.0000001926
338 0.0000001917
339 0.0000001908
340 0.0000001900
341 0.0000001891
342 0.0000001883
343 0.0000001874
344 0.0000001866
345 0.0000001858
346 0.0000001849
347 0.0000001841
348 0.0000001833
349 0.0000001825
350 0.0000001817
351 0.0000001809
352 0.0000001801
353 0.0000001793
354 0.0000001785
355 0.0000001778
356 0.0000001770
357 0.0000001762
358 0.0000001755
359 0.0000001747
360 0.0000001740
361 0.0000001732
362 0.0000001725
363 0.0000001717
364 0.0000001710
365 0.0000001703
366 0.0000001696
367 0.0000001688
368 0.0000001681
369 0.0000001674
370 0.0000001667
371 0.0000001660
372 0.0000001653
373 0.0000001646
374 0.0000001639
375 0.0000001633
376 0.0000001626
377 0.0000001619
378 0.0000001612
379 0.0000001606
380 0.0000001599
381 0.0000001593
382 0.0000001586
383 0.0000001580
384 0.0000001573
385 0.0000001567
386 0.0000001560
387 0.0000001554
388 0.0000001548
389 0.0000001542
390 0.0000001535
391 0.0000001529
392 0.0000001523
393 0.0000001517
394 0.0000001511
395 0.0000001505
396 0.0000001499
397 0.0000001493
398 0.0000001487
399 0.0000001481
400 0.0000001475
401 0.0000001469
402 0.0000001464
403 0.0000001458
404 0.0000001452
405 0.0000001447
406 0.0000001441
407 0.0000001435
408 0.0000001430
409 0.0000001424
410 0.0000001419
411 0.0000001413
412 0.0000001408
413 0.0000001402
414 0.0000001397
415 0.0000001392
416 0.0000001386
417 0.0000001381
418 0.0000001376
419 0.0000001370
420 0.0000001365
421 0.0000001360
422 0.0000001355
423 0.0000001350
424 0.0000001345
425 0.0000001340
426 0.0000001335
427 0.0000001330
428 0.0000001325
429 0.0000001320
430 0.0000001315
431 0.0000001310
432 0.0000001305
433 0.0000001300
434 0.0000001295
435 0.0000001291
436 0.0000001286
437 0.0000001281
438 0.0000001276
439 0.0000001272
440 0.0000001267
441 0.0000001262
442 0.0000001258
443 0.0000001253
444 0.0000001249
445 0.0000001244
446 0.0000001240
447 0.0000001235
448 0.0000001231
449 0.0000001226
450 0.0000001222
451 0.0000001217
452 0.0000001213
453 0.0000001209
454 0.0000001204
455 0.0000001200
456 0.0000001196
457 0.0000001192
458 0.0000001187
459 0.0000001183
460 0.0000001179
461 0.0000001175
462 0.0000001171
463 0.0000001167
464 0.0000001163
465 0.0000001159
466 0.0000001154
467 0.0000001150
468 0.0000001146
469 0.0000001142
470 0.0000001138
471 0.0000001135
472 0.0000001131
473 0.0000001127
474 0.0000001123
475 0.0000001119
476 0.0000001115
477 0.0000001111
478 0.0000001107
479 0.0000001104
480 0.0000001100
481 0.0000001096
482 0.0000001092
483 0.0000001089
484 0.0000001085
485 0.0000001081
486 0.0000001078
487 0.0000001074
488 0.0000001070
489 0.0000001067
490 0.0000001063
491 0.0000001060
492 0.0000001056
493 0.0000001053
494 0.0000001049
495 0.0000001046
496 0.0000001042
497 0.0000001039
498 0.0000001035
499 0.0000001032
500 0.0000001028
501 0.0000001025
502 0.0000001022
503 0.0000001018
504 0.0000001015
505 0.0000001012
506 0.0000001008
507 0.0000001005
508 0.0000001002
509 0.0000000999
510 0.0000000995
511 0.0000000992
512 0.0000000989
513 0.0000000986
514 0.0000000982
515 0.0000000979
516 0.0000000976
517 0.0000000973
518 0.0000000970
519 0.0000000967
520 0.0000000964
521 0.0000000961
522 0.0000000958
523 0.0000000954
524 0.0000000951
525 0.0000000948
526 0.0000000945
527 0.0000000942
528 0.0000000939
529 0.0000000936
530 0.0000000934
531 0.0000000931
532 0.0000000928
533 0.0000000925
534 0.0000000922
535 0.0000000919
536 0.0000000916
537 0.0000000913
538 0.0000000910
539 0.0000000908
540 0.0000000905
541 0.0000000902
542 0.0000000899
543 0.0000000896
544 0.0000000894
545 0.0000000891
546 0.0000000888
547 0.0000000885
548 0.0000000883
549 0.0000000880
550 0.0000000877
551 0.0000000875
552 0.0000000872
553 0.0000000869
554 0.0000000867
555 0.0000000864
556 0.0000000861
557 0.0000000859
558 0.0000000856
559 0.0000000854
560 0.0000000851
561 0.0000000848
562 0.0000000846
563 0.0000000843
564 0.0000000841
565 0.0000000838
566 0.0000000836
567 0.0000000833
568 0.0000000831
569 0.0000000828
570 0.0000000826
571 0.0000000823
572 0.0000000821
573 0.0000000819
574 0.0000000816
575 0.0000000814
576 0.0000000811
577 0.0000000809
578 0.0000000807
579 0.0000000804
580 0.0000000802
581 0.0000000800
582 0.0000000797
583 0.0000000795
584 0.0000000793
585 0.0000000790
586 0.0000000788
587 0.0000000786
588 0.0000000783
589 0.0000000781
590 0.0000000779
591 0.0000000777
592 0.0000000774
593 0.0000000772
594 0.0000000770
595 0.0000000768
596 0.0000000766
597 0.0000000763
598 0.0000000761
599 0.0000000759
600 0.0000000757
601 0.0000000755
602 0.0000000753
603 0.0000000750
604 0.0000000748
605 0.0000000746
606 0.0000000744
607 0.0000000742
608 0.0000000740
609 0.0000000738
610 0.0000000736
611 0.0000000734
612 0.0000000732
613 0.0000000730
614 0.0000000727
615 0.0000000725
616 0.0000000723
617 0.0000000721
618 0.0000000719
619 0.0000000717
620 0.0000000715
621 0.0000000713
622 0.0000000711
623 0.0000000709
624 0.0000000708
625 0.0000000706
626 0.0000000704
627 0.0000000702
628 0.0000000700
629 0.0000000698
630 0.0000000696
631 0.0000000694
632 0.0000000692
633 0.0000000690
634 0.0000000688
635 0.0000000687
636 0.0000000685
637 0.0000000683
638 0.0000000681
639 0.0000000679
640 0.0000000677
641 0.0000000675
642 0.0000000674
643 0.0000000672
644 0.0000000670
645 0.0000000668
646 0.0000000666
647 0.0000000665
648 0.0000000663
649 0.0000000661
650 0.0000000659
651 0.0000000658
652 0.0000000656
653 0.0000000654
654 0.0000000652
655 0.0000000651
656 0.0000000649
657 0.0000000647
658 0.0000000645
659 0.0000000644
660 0.0000000642
661 0.0000000640
662 0.0000000639
663 0.0000000637
664 0.0000000635
665 0.0000000634
666 0.0000000632
667 0.0000000630
668 0.0000000629
669 0.0000000627
670 0.0000000625
671 0.0000000624
672 0.0000000622
673 0.0000000621
674 0.0000000619
675 0.0000000617
676 0.0000000616
677 0.0000000614
678 0.0000000613
679 0.0000000611
680 0.0000000609
681 0.0000000608
682 0.0000000606
683 0.0000000605
684 0.0000000603
685 0.0000000602
686 0.0000000600
687 0.0000000599
688 0.0000000597
689 0.0000000595
690 0.0000000594
691 0.0000000592
692 0.0000000591
693 0.0000000589
694 0.0000000588
695 0.0000000586
696 0.0000000585
697 0.0000000584
698 0.0000000582
699 0.0000000581
700 0.0000000579
701 0.0000000578
702 0.0000000576
703 0.0000000575
704 0.0000000573
705 0.0000000572
706 0.0000000570
707 0.0000000569
708 0.0000000568
709 0.0000000566
710 0.0000000565
711 0.0000000563
712 0.0000000562
713 0.0000000561
714 0.0000000559
715 0.0000000558
716 0.0000000556
717 0.0000000555
718 0.0000000554
719 0.0000000552
720 0.0000000551
721 0.0000000550
722 0.0000000548
723 0.0000000547
724 0.0000000546
725 0.0000000544
726 0.0000000543
727 0.0000000542
728 0.0000000540
729 0.0000000539
730 0.0000000538
731 0.0000000536
732 0.0000000535
733 0.0000000534
734 0.0000000533
735 0.0000000531
736 0.0000000530
737 0.0000000529
738 0.0000000527
739 0.0000000526
740 0.0000000525
741 0.0000000524
742 0.0000000522
743 0.0000000521
744 0.0000000520
745 0.0000000519
746 0.0000000517
747 0.0000000516
748 0.0000000515
749 0.0000000514
750 0.0000000512
751 0.0000000511
752 0.0000000510
753 0.0000000509
754 0.0000000508
755 0.0000000506
756 0.0000000505
757 0.0000000504
758 0.0000000503
759 0.0000000502
760 0.0000000501
761 0.0000000499
762 0.0000000498
763 0.0000000497
764 0.0000000496
765 0.0000000495
766 0.0000000494
767 0.0000000492
768 0.0000000491
769 0.0000000490
770 0.0000000489
771 0.0000000488
772 0.0000000487
773 0.0000000486
774 0.0000000484
775 0.0000000483
776 0.0000000482
777 0.0000000481
778 0.0000000480
779 0.0000000479
780 0.0000000478
781 0.0000000477
782 0.0000000476
783 0.0000000474
784 0.0000000473
785 0.0000000472
786 0.0000000471
787 0.0000000470
788 0.0000000469
789 0.0000000468
790 0.0000000467
791 0.0000000466
792 0.0000000465
793 0.0000000464
794 0.0000000463
795 0.0000000462
796 0.0000000461
797 0.0000000460
798 0.0000000459
799 0.0000000458
800 0.0000000456
801 0.0000000455
802 0.0000000454
803 0.0000000453
804 0.0000000452
805 0.0000000451
806 0.0000000450
807 0.0000000449
808 0.0000000448
809 0.0000000447
810 0.0000000446
811 0.0000000445
812 0.0000000444
813 0.0000000443
814 0.0000000442
815 0.0000000441
816 0.0000000440
817 0.0000000439
818 0.0000000439
819 0.0000000438
820 0.0000000437
821 0.0000000436
822 0.0000000435
823 0.0000000434
824 0.0000000433
825 0.0000000432
826 0.0000000431
827 0.0000000430
828 0.0000000429
829 0.0000000428
830 0.0000000427
831 0.0000000426
832 0.0000000425
833 0.0000000424
834 0.0000000423
835 0.0000000422
836 0.0000000422
837 0.0000000421
838 0.0000000420
839 0.0000000419
840 0.0000000418
841 0.0000000417
842 0.0000000416
843 0.0000000415
844 0.0000000414
845 0.0000000413
846 0.0000000413
847 0.0000000412
848 0.0000000411
849 0.0000000410
850 0.0000000409
851 0.0000000408
852 0.0000000407
853 0.0000000406
854 0.0000000406
855 0.0000000405
856 0.0000000404
857 0.0000000403
858 0.0000000402
859 0.0000000401
860 0.0000000400
861 0.0000000400
862 0.0000000399
863 0.0000000398
864 0.0000000397
865 0.0000000396
866 0.0000000395
867 0.0000000394
868 0.0000000394
869 0.0000000393
870 0.0000000392
871 0.0000000391
872 0.0000000390
873 0.0000000390
874 0.0000000389
875 0.0000000388
876 0.0000000387
877 0.0000000386
878 0.0000000385
879 0.0000000385
880 0.0000000384
881 0.0000000383
882 0.0000000382
883 0.0000000381
884 0.0000000381
885 0.0000000380
886 0.0000000379
887 0.0000000378
888 0.0000000378
889 0.0000000377
890 0.0000000376
891 0.0000000375
892 0.0000000374
893 0.0000000374
894 0.0000000373
895 0.0000000372
896 0.0000000371
897 0.0000000371
898 0.0000000370
899 0.0000000369
900 0.0000000368
901 0.0000000368
902 0.0000000367
903 0.0000000366
904 0.0000000365
905 0.0000000365
906 0.0000000364
907 0.0000000363
908 0.0000000362
909 0.0000000362
910 0.0000000361
911 0.0000000360
912 0.0000000359
913 0.0000000359
914 0.0000000358
915 0.0000000357
916 0.0000000357
917 0.0000000356
918 0.0000000355
919 0.0000000354
920 0.0000000354
921 0.0000000353
922 0.0000000352
923 0.0000000352
924 0.0000000351
925 0.0000000350
926 0.0000000350
927 0.0000000349
928 0.0000000348
929 0.0000000347
930 0.0000000347
931 0.0000000346
932 0.0000000345
933 0.0000000345
934 0.0000000344
935 0.0000000343
936 0.0000000343
937 0.0000000342
938 0.0000000341
939 0.0000000341
940 0.0000000340
941 0.0000000339
942 0.0000000339
943 0.0000000338
944 0.0000000337
945 0.0000000337
946 0.0000000336
947 0.0000000335
948 0.0000000335
949 0.0000000334
950 0.0000000333
951 0.0000000333
952 0.0000000332
953 0.0000000331
954 0.0000000331
955 0.0000000330
956 0.0000000329
957 0.0000000329
958 0.0000000328
959 0.0000000328
960 0.0000000327
961 0.0000000326
962 0.0000000326
963 0.0000000325
964 0.0000000324
965 0.0000000324
966 0.0000000323
967 0.0000000323
968 0.0000000322
969 0.0000000321
970 0.0000000321
971 0.0000000320
972 0.0000000319
973 0.0000000319
974 0.0000000318
975 0.0000000318
976 0.0000000317
977 0.0000000316
978 0.0000000316
979 0.0000000315
980 0.0000000315
981 0.0000000314
982 0.0000000313
983 0.0000000313
984 0.0000000312
985 0.0000000312
986 0.0000000311
987 0.0000000310
988 0.0000000310
989 0.0000000309
990 0.0000000309
991 0.0000000308
992 0.0000000308
993 0.0000000307
994 0.0000000306
995 0.0000000306
996 0.0000000305
997 0.0000000305
998 0.0000000304
999 0.0000000304
1000 0.0000000303
1001 0.0000000302
1002 0.0000000302
1003 0.0000000301
1004 0.0000000301
1005 0.0000000300
1006 0.0000000300
1007 0.0000000299
1008 0.0000000298
1009 0.0000000298
1010 0.0000000297
1011 0.0000000297
1012 0.0000000296
1013 0.0000000296
1014 0.0000000295
1015 0.0000000295
1016 0.0000000294
1017 0.0000000294
1018 0.0000000293
1019 0.0000000292
1020 0.0000000292
1021 0.0000000291
1022 0.0000000291
1023 0.0000000290
1024 0.0000000290
1025 0.0000000289
1026 0.0000000289
1027 0.0000000288
1028 0.0000000288
1029 0.0000000287
1030 0.0000000287
1031 0.0000000286
1032 0.0000000286
1033 0.0000000285
1034 0.0000000285
1035 0.0000000284
1036 0.0000000283
1037 0.0000000283
1038 0.0000000282
1039 0.0000000282
1040 0.0000000281
1041 0.0000000281
1042 0.0000000280
1043 0.0000000280
1044 0.0000000279
1045 0.0000000279
1046 0.0000000278
1047 0.0000000278
1048 0.0000000277
1049 0.0000000277
1050 0.0000000276
1051 0.0000000276
1052 0.0000000275
1053 0.0000000275
1054 0.0000000274
1055 0.0000000274
1056 0.0000000273
1057 0.0000000273
1058 0.0000000272
1059 0.0000000272
1060 0.0000000272
1061 0.0000000271
1062 0.0000000271
1063 0.0000000270
1064 0.0000000270
1065 0.0000000269
1066 0.0000000269
1067 0.0000000268
1068 0.0000000268
1069 0.0000000267
1070 0.0000000267
1071 0.0000000266
1072 0.0000000266
1073 0.0000000265
1074 0.0000000265
1075 0.0000000264
1076 0.0000000264
1077 0.0000000263
1078 0.0000000263
1079 0.0000000263
1080 0.0000000262
1081 0.0000000262
1082 0.0000000261
1083 0.0000000261
1084 0.0000000260
1085 0.0000000260
1086 0.0000000259
1087 0.0000000259
1088 0.0000000258
1089 0.0000000258
1090 0.0000000258
1091 0.0000000257
1092 0.0000000257
1093 0.0000000256
1094 0.0000000256
1095 0.0000000255
1096 0.0000000255
1097 0.0000000254
1098 0.0000000254
1099 0.0000000254
1100 0.0000000253
1101 0.0000000253
1102 0.0000000252
1103 0.0000000252
1104 0.0000000251
1105 0.0000000251
1106 0.0000000251
1107 0.0000000250
1108 0.0000000250
1109 0.0000000249
1110 0.0000000249
1111 0.0000000248
1112 0.0000000248
1113 0.0000000248
1114 0.0000000247
1115 0.0000000247
1116 0.0000000246
1117 0.0000000246
1118 0.0000000245
1119 0.0000000245
1120 0.0000000245
1121 0.0000000244
1122 0.0000000244
1123 0.0000000243
1124 0.0000000243
1125 0.0000000243
1126 0.0000000242
1127 0.0000000242
1128 0.0000000241
1129 0.0000000241
1130 0.0000000240
1131 0.0000000240
1132 0.0000000240
1133 0.0000000239
1134 0.0000000239
1135 0.0000000238
1136 0.0000000238
1137 0.0000000238
1138 0.0000000237
1139 0.0000000237
1140 0.0000000236
1141 0.0000000236
1142 0.0000000236
1143 0.0000000235
1144 0.0000000235
1145 0.0000000235
1146 0.0000000234
1147 0.0000000234
1148 0.0000000233
1149 0.0000000233
1150 0.0000000233
1151 0.0000000232
1152 0.0000000232
1153 0.0000000231
1154 0.0000000231
1155 0.0000000231
1156 0.0000000230
1157 0.0000000230
1158 0.0000000229
1159 0.0000000229
1160 0.0000000229
1161 0.0000000228
1162 0.0000000228
1163 0.0000000228
1164 0.0000000227
1165 0.0000000227
1166 0.0000000226
1167 0.0000000226
1168 0.0000000226
1169 0.0000000225
1170 0.0000000225
1171 0.0000000225
1172 0.0000000224
1173 0.0000000224
1174 0.0000000224
1175 0.0000000223
1176 0.0000000223
1177 0.0000000222
1178 0.0000000222
1179 0.0000000222
1180 0.0000000221
1181 0.0000000221
1182 0.0000000221
1183 0.0000000220
1184 0.0000000220
1185 0.0000000220
1186 0.0000000219
1187 0.0000000219
1188 0.0000000219
1189 0.0000000218
1190 0.0000000218
1191 0.0000000217
1192 0.0000000217
1193 0.0000000217
1194 0.0000000216
1195 0.0000000216
1196 0.0000000216
1197 0.0000000215
1198 0.0000000215
1199 0.0000000215
1200 0.0000000214
1201 0.0000000214
1202 0.0000000214
1203 0.0000000213
1204 0.0000000213
1205 0.0000000213
1206 0.0000000212
1207 0.0000000212
1208 0.0000000212
1209 0.0000000211
1210 0.0000000211
1211 0.0000000211
1212 0.0000000210
1213 0.0000000210
1214 0.0000000210
1215 0.0000000209
1216 0.0000000209
1217 0.0000000209
1218 0.0000000208
1219 0.0000000208
1220 0.0000000208
1221 0.0000000207
1222 0.0000000207
1223 0.0000000207
1224 0.0000000206
1225 0.0000000206
1226 0.0000000206
1227 0.0000000205
1228 0.0000000205
1229 0.0000000205
1230 0.0000000204
1231 0.0000000204
1232 0.0000000204
1233 0.0000000203
1234 0.0000000203
1235 0.0000000203
1236 0.0000000202
1237 0.0000000202
1238 0.0000000202
1239 0.0000000201
1240 0.0000000201
1241 0.0000000201
1242 0.0000000201
1243 0.0000000200
1244 0.0000000200
1245 0.0000000200
1246 0.0000000199
1247 0.0000000199
1248 0.0000000199
1249 0.0000000198
1250 0.0000000198
1251 0.0000000198
1252 0.0000000197
1253 0.0000000197
1254 0.0000000197
1255 0.0000000197
1256 0.0000000196
1257 0.0000000196
1258 0.0000000196
1259 0.0000000195
1260 0.0000000195
1261 0.0000000195
1262 0.0000000194
1263 0.0000000194
1264 0.0000000194
1265 0.0000000194
1266 0.0000000193
1267 0.0000000193
1268 0.0000000193
1269 0.0000000192
1270 0.0000000192
1271 0.0000000192
1272 0.0000000191
1273 0.0000000191
1274 0.0000000191
1275 0.0000000191
1276 0.0000000190
1277 0.0000000190
1278 0.0000000190
1279 0.0000000189
1280 0.0000000189
1281 0.0000000189
1282 0.0000000189
1283 0.0000000188
1284 0.0000000188
1285 0.0000000188
1286 0.0000000187
1287 0.0000000187
1288 0.0000000187
1289 0.0000000187
1290 0.0000000186
1291 0.0000000186
1292 0.0000000186
1293 0.0000000185
1294 0.0000000185
1295 0.0000000185
1296 0.0000000185
1297 0.0000000184
1298 0.0000000184
1299 0.0000000184
1300 0.0000000184
1301 0.0000000183
1302 0.0000000183
1303 0.0000000183
1304 0.0000000182
1305 0.0000000182
1306 0.0000000182
1307 0.0000000182
1308 0.0000000181
1309 0.0000000181
1310 0.0000000181
1311 0.0000000181
1312 0.0000000180
1313 0.0000000180
1314 0.0000000180
1315 0.0000000179
1316 0.0000000179
1317 0.0000000179
1318 0.0000000179
1319 0.0000000178
1320 0.0000000178
1321 0.0000000178
1322 0.0000000178
1323 0.0000000177
1324 0.0000000177
1325 0.0000000177
1326 0.0000000177
1327 0.0000000176
1328 0.0000000176
1329 0.0000000176
1330 0.0000000176
1331 0.0000000175
1332 0.0000000175
1333 0.0000000175
1334 0.0000000175
1335 0.0000000174
1336 0.0000000174
1337 0.0000000174
1338 0.0000000174
1339 0.0000000173
1340 0.0000000173
1341 0.0000000173
1342 0.0000000173
1343 0.0000000172
1344 0.0000000172
1345 0.0000000172
1346 0.0000000172
1347 0.0000000171
1348 0.0000000171
1349 0.0000000171
1350 0.0000000171
1351 0.0000000170
1352 0.0000000170
1353 0.0000000170
1354 0.0000000170
1355 0.0000000169
1356 0.0000000169
1357 0.0000000169
1358 0.0000000169
1359 0.0000000168
1360 0.0000000168
1361 0.0000000168
1362 0.0000000168
1363 0.0000000167
1364 0.0000000167
1365 0.0000000167
1366 0.0000000167
1367 0.0000000166
1368 0.0000000166
1369 0.0000000166
1370 0.0000000166
1371 0.0000000165
1372 0.0000000165
1373 0.0000000165
1374 0.0000000165
1375 0.0000000164
1376 0.0000000164
1377 0.0000000164
1378 0.0000000164
1379 0.0000000164
1380 0.0000000163
1381 0.0000000163
1382 0.0000000163
1383 0.0000000163
1384 0.0000000162
1385 0.0000000162
1386 0.0000000162
1387 0.0000000162
1388 0.0000000161
1389 0.0000000161
1390 0.0000000161
1391 0.0000000161
1392 0.0000000161
1393 0.0000000160
1394 0.0000000160
1395 0.0000000160
1396 0.0000000160
1397 0.0000000159
1398 0.0000000159
1399 0.0000000159
1400 0.0000000159
1401 0.0000000159
1402 0.0000000158
1403 0.0000000158
1404 0.0000000158
1405 0.0000000158
1406 0.0000000157
1407 0.0000000157
1408 0.0000000157
1409 0.0000000157
1410 0.0000000157
1411 0.0000000156
1412 0.0000000156
1413 0.0000000156
1414 0.0000000156
1415 0.0000000155
1416 0.0000000155
1417 0.0000000155
1418 0.0000000155
1419 0.0000000155
1420 0.0000000154
1421 0.0000000154
1422 0.0000000154
1423 0.0000000154
1424 0.0000000154
1425 0.0000000153
1426 0.0000000153
1427 0.0000000153
1428 0.0000000153
1429 0.0000000152
1430 0.0000000152
1431 0.0000000152
1432 0.0000000152
1433 0.0000000152
1434 0.0000000151
1435 0.0000000151
1436 0.0000000151
1437 0.0000000151
1438 0.0000000151
1439 0.0000000150
1440 0.0000000150
1441 0.0000000150
1442 0.0000000150
1443 0.0000000150
1444 0.0000000149
1445 0.0000000149
1446 0.0000000149
1447 0.0000000149
1448 0.0000000149
1449 0.0000000148
1450 0.0000000148
1451 0.0000000148
1452 0.0000000148
1453 0.0000000148
1454 0.0000000147
1455 0.0000000147
1456 0.0000000147
1457 0.0000000147
1458 0.0000000147
1459 0.0000000146
1460 0.0000000146
1461 0.0000000146
1462 0.0000000146
1463 0.0000000146
1464 0.0000000145
1465 0.0000000145
1466 0.0000000145
1467 0.0000000145
1468 0.0000000145
1469 0.0000000144
1470 0.0000000144
1471 0.0000000144
1472 0.0000000144
1473 0.0000000144
1474 0.0000000143
1475 0.0000000143
1476 0.0000000143
1477 0.0000000143
1478 0.0000000143
1479 0.0000000142
1480 0.0000000142
1481 0.0000000142
1482 0.0000000142
1483 0.0000000142
1484 0.0000000141
1485 0.0000000141
1486 0.0000000141
1487 0.0000000141
1488 0.0000000141
1489 0.0000000141
1490 0.0000000140
1491 0.0000000140
1492 0.0000000140
1493 0.0000000140
1494 0.0000000140
1495 0.0000000139
1496 0.0000000139
1497 0.0000000139
1498 0.0000000139
1499 0.0000000139
1500 0.0000000138
1501 0.0000000138
1502 0.0000000138
1503 0.0000000138
1504 0.0000000138
1505 0.0000000138
1506 0.0000000137
1507 0.0000000137
1508 0.0000000137
1509 0.0000000137
1510 0.0000000137
1511 0.0000000136
1512 0.0000000136
1513 0.0000000136
1514 0.0000000136
1515 0.0000000136
1516 0.0000000136
1517 0.0000000135
1518 0.0000000135
1519 0.0000000135
1520 0.0000000135
1521 0.0000000135
1522 0.0000000135
1523 0.0000000134
1524 0.0000000134
1525 0.0000000134
1526 0.0000000134
1527 0.0000000134
1528 0.0000000133
1529 0.0000000133
1530 0.0000000133
1531 0.0000000133
1532 0.0000000133
1533 0.0000000133
1534 0.0000000132
1535 0.0000000132
1536 0.0000000132
1537 0.0000000132
1538 0.0000000132
1539 0.0000000132
1540 0.0000000131
1541 0.0000000131
1542 0.0000000131
1543 0.0000000131
1544 0.0000000131
1545 0.0000000131
1546 0.0000000130
1547 0.0000000130
1548 0.0000000130
1549 0.0000000130
1550 0.0000000130
1551 0.0000000130
1552 0.0000000129
1553 0.0000000129
1554 0.0000000129
1555 0.0000000129
1556 0.0000000129
1557 0.0000000129
1558 0.0000000128
1559 0.0000000128
1560 0.0000000128
1561 0.0000000128
1562 0.0000000128
1563 0.0000000128
1564 0.0000000127
1565 0.0000000127
1566 0.0000000127
1567 0.0000000127
1568 0.0000000127
1569 0.0000000127
1570 0.0000000126
1571 0.0000000126
1572 0.0000000126
1573 0.0000000126
1574 0.0000000126
1575 0.0000000126
1576 0.0000000125
1577 0.0000000125
1578 0.0000000125
1579 0.0000000125
1580 0.0000000125
1581 0.0000000125
1582 0.0000000125
1583 0.0000000124
1584 0.0000000124
1585 0.0000000124
1586 0.0000000124
1587 0.0000000124
1588 0.0000000124
1589 0.0000000123
1590 0.0000000123
1591 0.0000000123
1592 0.0000000123
1593 0.0000000123
1594 0.0000000123
1595 0.0000000122
1596 0.0000000122
1597 0.0000000122
1598 0.0000000122
1599 0.0000000122
1600 0.0000000122
1601 0.0000000122
1602 0.0000000121
1603 0.0000000121
1604 0.0000000121
1605 0.0000000121
1606 0.0000000121
1607 0.0000000121
1608 0.0000000120
1609 0.0000000120
1610 0.0000000120
1611 0.0000000120
1612 0.0000000120
1613 0.0000000120
1614 0.0000000120
1615 0.0000000119
1616 0.0000000119
1617 0.0000000119
1618 0.0000000119
1619 0.0000000119
1620 0.0000000119
1621 0.0000000119
1622 0.0000000118
1623 0.0000000118
1624 0.0000000118
1625 0.0000000118
1626 0.0000000118
1627 0.0000000118
1628 0.0000000118
1629 0.0000000117
1630 0.0000000117
1631 0.0000000117
1632 0.0000000117
1633 0.0000000117
1634 0.0000000117
1635 0.0000000117
1636 0.0000000116
1637 0.0000000116
1638 0.0000000116
1639 0.0000000116
1640 0.0000000116
1641 0.0000000116
1642 0.0000000115
1643 0.0000000115
1644 0.0000000115
1645 0.0000000115
1646 0.0000000115
1647 0.0000000115
1648 0.0000000115
1649 0.0000000115
1650 0.0000000114
1651 0.0000000114
1652 0.0000000114
1653 0.0000000114
1654 0.0000000114
1655 0.0000000114
1656 0.0000000114
1657 0.0000000113
1658 0.0000000113
1659 0.0000000113
1660 0.0000000113
1661 0.0000000113
1662 0.0000000113
1663 0.0000000113
1664 0.0000000112
1665 0.0000000112
1666 0.0000000112
1667 0.0000000112
1668 0.0000000112
1669 0.0000000112
1670 0.0000000112
1671 0.0000000111
1672 0.0000000111
1673 0.0000000111
1674 0.0000000111
1675 0.0000000111
1676 0.0000000111
1677 0.0000000111
1678 0.0000000111
1679 0.0000000110
1680 0.0000000110
1681 0.0000000110
1682 0.0000000110
1683 0.0000000110
1684 0.0000000110
1685 0.0000000110
1686 0.0000000109
1687 0.0000000109
1688 0.0000000109
1689 0.0000000109
1690 0.0000000109
1691 0.0000000109
1692 0.0000000109
1693 0.0000000109
1694 0.0000000108
1695 0.0000000108
1696 0.0000000108
1697 0.0000000108
1698 0.0000000108
1699 0.0000000108
1700 0.0000000108
1701 0.0000000107
1702 0.0000000107
1703 0.0000000107
1704 0.0000000107
1705 0.0000000107
1706 0.0000000107
1707 0.0000000107
1708 0.0000000107
1709 0.0000000106
1710 0.0000000106
1711 0.0000000106
1712 0.0000000106
1713 0.0000000106
1714 0.0000000106
1715 0.0000000106
1716 0.0000000106
1717 0.0000000105
1718 0.0000000105
1719 0.0000000105
1720 0.0000000105
1721 0.0000000105
1722 0.0000000105
1723 0.0000000105
1724 0.0000000105
1725 0.0000000104
1726 0.0000000104
1727 0.0000000104
1728 0.0000000104
1729 0.0000000104
1730 0.0000000104
1731 0.0000000104
1732 0.0000000104
1733 0.0000000103
1734 0.0000000103
1735 0.0000000103
1736 0.0000000103
1737 0.0000000103
1738 0.0000000103
1739 0.0000000103
1740 0.0000000103
1741 0.0000000102
1742 0.0000000102
1743 0.0000000102
1744 0.0000000102
1745 0.0000000102
1746 0.0000000102
1747 0.0000000102
1748 0.0000000102
1749 0.0000000101
1750 0.0000000101
1751 0.0000000101
1752 0.0000000101
1753 0.0000000101
1754 0.0000000101
1755 0.0000000101
1756 0.0000000101
1757 0.0000000101
1758 0.0000000100
1759 0.0000000100
1760 0.0000000100
1761 0.0000000100
1762 0.0000000100
1763 0.0000000100
1764 0.0000000100
1765 0.0000000100
1766 0.0000000099
1767 0.0000000099
1768 0.0000000099
1769 0.0000000099
1770 0.0000000099
1771 0.0000000099
1772 0.0000000099
1773 0.0000000099
1774 0.0000000099
1775 0.0000000098
1776 0.0000000098
1777 0.0000000098
1778 0.0000000098
1779 0.0000000098
1780 0.0000000098
1781 0.0000000098
1782 0.0000000098
1783 0.0000000098
1784 0.0000000097
1785 0.0000000097
1786 0.0000000097
1787 0.0000000097
1788 0.0000000097
1789 0.0000000097
1790 0.0000000097
1791 0.0000000097
1792 0.0000000096
1793 0.0000000096
1794 0.0000000096
1795 0.0000000096
1796 0.0000000096
1797 0.0000000096
1798 0.0000000096
1799 0.0000000096
1800 0.0000000096
1801 0.0000000095
1802 0.0000000095
1803 0.0000000095
1804 0.0000000095
1805 0.0000000095
1806 0.0000000095
1807 0.0000000095
1808 0.0000000095
1809 0.0000000095
1810 0.0000000094
1811 0.0000000094
1812 0.0000000094
1813 0.0000000094
1814 0.0000000094
1815 0.0000000094
1816 0.0000000094
1817 0.0000000094
1818 0.0000000094
1819 0.0000000093
1820 0.0000000093
1821 0.0000000093
1822 0.0000000093
1823 0.0000000093
1824 0.0000000093
1825 0.0000000093
1826 0.0000000093
1827 0.0000000093
1828 0.0000000092
1829 0.0000000092
1830 0.0000000092
1831 0.0000000092
1832 0.0000000092
1833 0.0000000092
1834 0.0000000092
1835 0.0000000092
1836 0.0000000092
1837 0.0000000091
1838 0.0000000091
1839 0.0000000091
1840 0.0000000091
1841 0.0000000091
1842 0.0000000091
1843 0.0000000091
1844 0.0000000091
1845 0.0000000091
1846 0.0000000091
1847 0.0000000090
1848 0.0000000090
1849 0.0000000090
1850 0.0000000090
1851 0.0000000090
1852 0.0000000090
1853 0.0000000090
1854 0.0000000090
1855 0.0000000090
1856 0.0000000089
1857 0.0000000089
1858 0.0000000089
1859 0.0000000089
1860 0.0000000089
1861 0.0000000089
1862 0.0000000089
1863 0.0000000089
1864 0.0000000089
1865 0.0000000088
1866 0.0000000088
1867 0.0000000088
1868 0.0000000088
1869 0.0000000088
1870 0.0000000088
1871 0.0000000088
1872 0.0000000088
1873 0.0000000088
1874 0.0000000088
1875 0.0000000087
1876 0.0000000087
1877 0.0000000087
1878 0.0000000087
1879 0.0000000087
1880 0.0000000087
1881 0.0000000087
1882 0.0000000087
1883 0.0000000087
1884 0.0000000086
1885 0.0000000086
1886 0.0000000086
1887 0.0000000086
1888 0.0000000086
1889 0.0000000086
1890 0.0000000086
1891 0.0000000086
1892 0.0000000086
1893 0.0000000086
1894 0.0000000085
1895 0.0000000085
1896 0.0000000085
1897 0.0000000085
1898 0.0000000085
1899 0.0000000085
1900 0.0000000085
1901 0.0000000085
1902 0.0000000085
1903 0.0000000084
1904 0.0000000084
1905 0.0000000084
1906 0.0000000084
1907 0.0000000084
1908 0.0000000084
1909 0.0000000084
1910 0.0000000084
1911 0.0000000084
1912 0.0000000083
1913 0.0000000083
1914 0.0000000083
1915 0.0000000083
1916 0.0000000083
1917 0.0000000083
1918 0.0000000083
1919 0.0000000083
1920 0.0000000083
1921 0.0000000082
1922 0.0000000082
1923 0.0000000082
1924 0.0000000082
1925 0.0000000082
1926 0.0000000082
1927 0.0000000082
1928 0.0000000082
1929 0.0000000082
1930 0.0000000081
1931 0.0000000081
1932 0.0000000081
1933 0.0000000081
1934 0.0000000081
1935 0.0000000081
1936 0.0000000081
1937 0.0000000081
1938 0.0000000081
1939 0.0000000080
1940 0.0000000080
1941 0.0000000080
1942 0.0000000080
1943 0.0000000080
1944 0.0000000080
1945 0.0000000080
1946 0.0000000080
1947 0.0000000080
1948 0.0000000079
1949 0.0000000079
1950 0.0000000079
1951 0.0000000079
1952 0.0000000079
1953 0.0000000079
1954 0.0000000079
1955 0.0000000079
1956 0.0000000078
1957 0.0000000078
1958 0.0000000078
1959 0.0000000078
1960 0.0000000078
1961 0.0000000078
1962 0.0000000078
1963 0.0000000077
1964 0.0000000077
1965 0.0000000077
1966 0.0000000077
1967 0.0000000077
1968 0.0000000077
1969 0.0000000077
1970 0.0000000077
1971 0.0000000076
1972 0.0000000076
1973 0.0000000076
1974 0.0000000076
1975 0.0000000076
1976 0.0000000076
1977 0.0000000075
1978 0.0000000075
1979 0.0000000075
1980 0.0000000075
1981 0.0000000075
1982 0.0000000075
1983 0.0000000074
1984 0.0000000074
1985 0.0000000074
1986 0.0000000074
1987 0.0000000074
1988 0.0000000073
1989 0.0000000073
1990 0.0000000073
1991 0.0000000073
1992 0.0000000072
1993 0.0000000072
1994 0.0000000071
1995 0.0000000071
1996 0.0000000070
1997 0.0000000069
1998 0.0000000067
1999 0.0000000059
2000 0.0000000000
