1 1090
0 0.9787740720
1 0.0059760614
2 0.0024038237
3 0.0016227835
4 0.0011607755
5 0.0008910430
6 0.0007167243
7 0.0005943157
8 0.0005038388
9 0.0004345447
10 0.0003799744
11 0.0003360104
12 0.0002999199
13 0.0002698250
14 0.0002443947
15 0.0002226605
16 0.0002039010
17 0.0001875686
18 0.0001732402
19 0.0001605843
20 0.0001493373
21 0.0001392875
22 0.0001302626
23 0.0001221214
24 0.0001147471
25 0.0001080420
26 0.0001019241
27 0.0000963241
28 0.0000911827
29 0.0000864493
30 0.0000820803
31 0.0000780379
32 0.0000742894
33 0.0000708059
34 0.0000675623
35 0.0000645365
36 0.0000617088
37 0.0000590620
38 0.0000565805
39 0.0000542505
40 0.0000520598
41 0.0000499971
42 0.0000480527
43 0.0000462174
44 0.0000444831
45 0.0000428425
46 0.0000412889
47 0.0000398161
48 0.0000384187
49 0.0000370915
50 0.0000358298
51 0.0000346295
52 0.0000334866
53 0.0000323975
54 0.0000313589
55 0.0000303678
56 0.0000294212
57 0.0000285166
58 0.0000276515
59 0.0000268238
60 0.0000260312
61 0.0000252720
62 0.0000245442
63 0.0000238461
64 0.0000231763
65 0.0000225331
66 0.0000219153
67 0.0000213216
68 0.0000207507
69 0.0000202015
70 0.0000196730
71 0.0000191642
72 0.0000186741
73 0.0000182018
74 0.0000177465
75 0.0000173074
76 0.0000168839
77 0.0000164751
78 0.0000160805
79 0.0000156993
80 0.0000153311
81 0.0000149753
82 0.0000146313
83 0.0000142986
84 0.0000139768
85 0.0000136654
86 0.0000133640
87 0.0000130722
88 0.0000127896
89 0.0000125158
90 0.0000122505
91 0.0000119934
92 0.0000117441
93 0.0000115023
94 0.0000112678
95 0.0000110402
96 0.0000108194
97 0.0000106050
98 0.0000103969
99 0.0000101947
100 0.0000099984
101 0.0000098076
102 0.0000096222
103 0.0000094419
104 0.0000092667
105 0.0000090963
106 0.0000089306
107 0.0000087694
108 0.0000086126
109 0.0000084599
110 0.0000083113
111 0.0000081666
112 0.0000080258
113 0.0000078886
114 0.0000077549
115 0.0000076247
116 0.0000074979
117 0.0000073742
118 0.0000072537
119 0.0000071362
120 0.0000070216
121 0.0000069099
122 0.0000068009
123 0.0000066945
124 0.0000065908
125 0.0000064895
126 0.0000063907
127 0.0000062943
128 0.0000062001
129 0.0000061081
130 0.0000060183
131 0.0000059306
132 0.0000058449
133 0.0000057612
134 0.0000056794
135 0.0000055995
136 0.0000055213
137 0.0000054449
138 0.0000053703
139 0.0000052972
140 0.0000052258
141 0.0000051560
142 0.0000050876
143 0.0000050208
144 0.0000049554
145 0.0000048914
146 0.0000048288
147 0.0000047675
148 0.0000047075
149 0.0000046487
150 0.0000045912
151 0.0000045348
152 0.0000044797
153 0.0000044256
154 0.0000043727
155 0.0000043208
156 0.0000042700
157 0.0000042201
158 0.0000041713
159 0.0000041235
160 0.0000040766
161 0.0000040306
162 0.0000039855
163 0.0000039413
164 0.0000038979
165 0.0000038554
166 0.0000038137
167 0.0000037727
168 0.0000037326
169 0.0000036932
170 0.0000036545
171 0.0000036166
172 0.0000035793
173 0.0000035428
174 0.0000035069
175 0.0000034716
176 0.0000034370
177 0.0000034030
178 0.0000033696
179 0.0000033369
180 0.0000033046
181 0.0000032730
182 0.0000032419
183 0.0000032114
184 0.0000031814
185 0.0000031519
186 0.0000031229
187 0.0000030944
188 0.0000030663
189 0.0000030388
190 0.0000030117
191 0.0000029851
192 0.0000029589
193 0.0000029331
194 0.0000029078
195 0.0000028828
196 0.0000028583
197 0.0000028342
198 0.0000028104
199 0.0000027871
200 0.0000027641
201 0.0000027415
202 0.0000027192
203 0.0000026973
204 0.0000026757
205 0.0000026544
206 0.0000026335
207 0.0000026129
208 0.0000025926
209 0.0000025726
210 0.0000025529
211 0.0000025335
212 0.0000025144
213 0.0000024956
214 0.0000024770
215 0.0000024588
216 0.0000024408
217 0.0000024230
218 0.0000024055
219 0.0000023883
220 0.0000023713
221 0.0000023545
222 0.0000023380
223 0.0000023217
224 0.0000023056
225 0.0000022898
226 0.0000022742
227 0.0000022588
228 0.0000022436
229 0.0000022286
230 0.0000022138
231 0.0000021992
232 0.0000021848
233 0.0000021706
234 0.0000021565
235 0.0000021427
236 0.0000021290
237 0.0000021156
238 0.0000021022
239 0.0000020891
240 0.0000020761
241 0.0000020633
242 0.0000020507
243 0.0000020382
244 0.0000020259
245 0.0000020137
246 0.0000020017
247 0.0000019898
248 0.0000019781
249 0.0000019665
250 0.0000019550
251 0.0000019437
252 0.0000019325
253 0.0000019215
254 0.0000019106
255 0.0000018998
256 0.0000018891
257 0.0000018786
258 0.0000018681
259 0.0000018579
260 0.0000018477
261 0.0000018376
262 0.0000018277
263 0.0000018178
264 0.0000018081
265 0.0000017985
266 0.0000017890
267 0.0000017795
268 0.0000017702
269 0.0000017610
270 0.0000017519
271 0.0000017429
272 0.0000017340
273 0.0000017252
274 0.0000017165
275 0.0000017078
276 0.0000016993
277 0.0000016908
278 0.0000016825
279 0.0000016742
280 0.0000016660
281 0.0000016579
282 0.0000016499
283 0.0000016419
284 0.0000016340
285 0.0000016262
286 0.0000016185
287 0.0000016109
288 0.0000016033
289 0.0000015959
290 0.0000015884
291 0.0000015811
292 0.0000015738
293 0.0000015666
294 0.0000015595
295 0.0000015524
296 0.0000015454
297 0.0000015385
298 0.0000015316
299 0.0000015248
300 0.0000015181
301 0.0000015114
302 0.0000015048
303 0.0000014982
304 0.0000014917
305 0.0000014853
306 0.0000014789
307 0.0000014725
308 0.0000014663
309 0.0000014601
310 0.0000014539
311 0.0000014478
312 0.0000014417
313 0.0000014357
314 0.0000014298
315 0.0000014239
316 0.0000014180
317 0.0000014122
318 0.0000014065
319 0.0000014008
320 0.0000013951
321 0.0000013895
322 0.0000013839
323 0.0000013784
324 0.0000013729
325 0.0000013675
326 0.0000013621
327 0.0000013568
328 0.0000013515
329 0.0000013462
330 0.0000013410
331 0.0000013358
332 0.0000013307
333 0.0000013256
334 0.0000013206
335 0.0000013156
336 0.0000013106
337 0.0000013056
338 0.0000013007
339 0.0000012959
340 0.0000012911
341 0.0000012863
342 0.0000012815
343 0.0000012768
344 0.0000012721
345 0.0000012675
346 0.0000012629
347 0.0000012583
348 0.0000012537
349 0.0000012492
350 0.0000012448
351 0.0000012403
352 0.0000012359
353 0.0000012315
354 0.0000012272
355 0.0000012228
356 0.0000012185
357 0.0000012143
358 0.0000012100
359 0.0000012058
360 0.0000012017
361 0.0000011975
362 0.0000011934
363 0.0000011893
364 0.0000011853
365 0.0000011812
366 0.0000011772
367 0.0000011733
368 0.0000011693
369 0.0000011654
370 0.0000011615
371 0.0000011576
372 0.0000011538
373 0.0000011499
374 0.0000011461
375 0.0000011424
376 0.0000011386
377 0.0000011349
378 0.0000011312
379 0.0000011275
380 0.0000011239
381 0.0000011202
382 0.0000011166
383 0.0000011131
384 0.0000011095
385 0.0000011060
386 0.0000011024
387 0.0000010989
388 0.0000010955
389 0.0000010920
390 0.0000010886
391 0.0000010852
392 0.0000010818
393 0.0000010784
394 0.0000010751
395 0.0000010718
396 0.0000010685
397 0.0000010652
398 0.0000010619
399 0.0000010586
400 0.0000010554
401 0.0000010522
402 0.0000010490
403 0.0000010458
404 0.0000010427
405 0.0000010396
406 0.0000010364
407 0.0000010333
408 0.0000010303
409 0.0000010272
410 0.0000010242
411 0.0000010211
412 0.0000010181
413 0.0000010151
414 0.0000010121
415 0.0000010092
416 0.0000010062
417 0.0000010033
418 0.0000010004
419 0.0000009975
420 0.0000009946
421 0.0000009918
422 0.0000009889
423 0.0000009861
424 0.0000009833
425 0.0000009805
426 0.0000009777
427 0.0000009749
428 0.0000009722
429 0.0000009694
430 0.0000009667
431 0.0000009640
432 0.0000009613
433 0.0000009586
434 0.0000009559
435 0.0000009533
436 0.0000009506
437 0.0000009480
438 0.0000009454
439 0.0000009428
440 0.0000009402
441 0.0000009376
442 0.0000009351
443 0.0000009325
444 0.0000009300
445 0.0000009275
446 0.0000009250
447 0.0000009225
448 0.0000009200
449 0.0000009175
450 0.0000009151
451 0.0000009126
452 0.0000009102
453 0.0000009078
454 0.0000009054
455 0.0000009030
456 0.0000009006
457 0.0000008982
458 0.0000008958
459 0.0000008935
460 0.0000008912
461 0.0000008888
462 0.0000008865
463 0.0000008842
464 0.0000008819
465 0.0000008796
466 0.0000008774
467 0.0000008751
468 0.0000008729
469 0.0000008706
470 0.0000008684
471 0.0000008662
472 0.0000008640
473 0.0000008618
474 0.0000008596
475 0.0000008574
476 0.0000008553
477 0.0000008531
478 0.0000008510
479 0.0000008488
480 0.0000008467
481 0.0000008446
482 0.0000008425
483 0.0000008404
484 0.0000008383
485 0.0000008362
486 0.0000008342
487 0.0000008321
488 0.0000008301
489 0.0000008280
490 0.0000008260
491 0.0000008240
492 0.0000008220
493 0.0000008200
494 0.0000008180
495 0.0000008160
496 0.0000008140
497 0.0000008121
498 0.0000008101
499 0.0000008081
500 0.0000008062
501 0.0000008043
502 0.0000008024
503 0.0000008004
504 0.0000007985
505 0.0000007966
506 0.0000007947
507 0.0000007929
508 0.0000007910
509 0.0000007891
510 0.0000007873
511 0.0000007854
512 0.0000007836
513 0.0000007818
514 0.0000007799
515 0.0000007781
516 0.0000007763
517 0.0000007745
518 0.0000007727
519 0.0000007709
520 0.0000007691
521 0.0000007674
522 0.0000007656
523 0.0000007639
524 0.0000007621
525 0.0000007604
526 0.0000007586
527 0.0000007569
528 0.0000007552
529 0.0000007535
530 0.0000007518
531 0.0000007501
532 0.0000007484
533 0.0000007467
534 0.0000007450
535 0.0000007434
536 0.0000007417
537 0.0000007400
538 0.0000007384
539 0.0000007367
540 0.0000007351
541 0.0000007335
542 0.0000007319
543 0.0000007302
544 0.0000007286
545 0.0000007270
546 0.0000007254
547 0.0000007238
548 0.0000007223
549 0.0000007207
550 0.0000007191
551 0.0000007175
552 0.0000007160
553 0.0000007144
554 0.0000007129
555 0.0000007113
556 0.0000007098
557 0.0000007083
558 0.0000007068
559 0.0000007052
560 0.0000007037
561 0.0000007022
562 0.0000007007
563 0.0000006992
564 0.0000006977
565 0.0000006963
566 0.0000006948
567 0.0000006933
568 0.0000006919
569 0.0000006904
570 0.0000006889
571 0.0000006875
572 0.0000006860
573 0.0000006846
574 0.0000006832
575 0.0000006818
576 0.0000006803
577 0.0000006789
578 0.0000006775
579 0.0000006761
580 0.0000006747
581 0.0000006733
582 0.0000006719
583 0.0000006705
584 0.0000006692
585 0.0000006678
586 0.0000006664
587 0.0000006651
588 0.0000006637
589 0.0000006623
590 0.0000006610
591 0.0000006597
592 0.0000006583
593 0.0000006570
594 0.0000006557
595 0.0000006543
596 0.0000006530
597 0.0000006517
598 0.0000006504
599 0.0000006491
600 0.0000006478
601 0.0000006465
602 0.0000006452
603 0.0000006439
604 0.0000006426
605 0.0000006414
606 0.0000006401
607 0.0000006388
608 0.0000006376
609 0.0000006363
610 0.0000006351
611 0.0000006338
612 0.0000006326
613 0.0000006313
614 0.0000006301
615 0.0000006289
616 0.0000006276
617 0.0000006264
618 0.0000006252
619 0.0000006240
620 0.0000006228
621 0.0000006216
622 0.0000006204
623 0.0000006192
624 0.0000006180
625 0.0000006168
626 0.0000006156
627 0.0000006144
628 0.0000006132
629 0.0000006121
630 0.0000006109
631 0.0000006097
632 0.0000006086
633 0.0000006074
634 0.0000006063
635 0.0000006051
636 0.0000006040
637 0.0000006028
638 0.0000006017
639 0.0000006006
640 0.0000005994
641 0.0000005983
642 0.0000005972
643 0.0000005961
644 0.0000005950
645 0.0000005938
646 0.0000005927
647 0.0000005916
648 0.0000005905
649 0.0000005894
650 0.0000005884
651 0.0000005873
652 0.0000005862
653 0.0000005851
654 0.0000005840
655 0.0000005830
656 0.0000005819
657 0.0000005808
658 0.0000005798
659 0.0000005787
660 0.0000005776
661 0.0000005766
662 0.0000005755
663 0.0000005745
664 0.0000005735
665 0.0000005724
666 0.0000005714
667 0.0000005703
668 0.0000005693
669 0.0000005683
670 0.0000005673
671 0.0000005663
672 0.0000005652
673 0.0000005642
674 0.0000005632
675 0.0000005622
676 0.0000005612
677 0.0000005602
678 0.0000005592
679 0.0000005582
680 0.0000005572
681 0.0000005562
682 0.0000005553
683 0.0000005543
684 0.0000005533
685 0.0000005523
686 0.0000005514
687 0.0000005504
688 0.0000005494
689 0.0000005485
690 0.0000005475
691 0.0000005466
692 0.0000005456
693 0.0000005447
694 0.0000005437
695 0.0000005428
696 0.0000005418
697 0.0000005409
698 0.0000005399
699 0.0000005390
700 0.0000005381
701 0.0000005372
702 0.0000005362
703 0.0000005353
704 0.0000005344
705 0.0000005335
706 0.0000005326
707 0.0000005317
708 0.0000005308
709 0.0000005299
710 0.0000005290
711 0.0000005281
712 0.0000005272
713 0.0000005263
714 0.0000005254
715 0.0000005245
716 0.0000005236
717 0.0000005227
718 0.0000005218
719 0.0000005210
720 0.0000005201
721 0.0000005192
722 0.0000005184
723 0.0000005175
724 0.0000005166
725 0.0000005158
726 0.0000005149
727 0.0000005140
728 0.0000005132
729 0.0000005123
730 0.0000005115
731 0.0000005107
732 0.0000005098
733 0.0000005090
734 0.0000005081
735 0.0000005073
736 0.0000005065
737 0.0000005056
738 0.0000005048
739 0.0000005040
740 0.0000005032
741 0.0000005023
742 0.0000005015
743 0.0000005007
744 0.0000004999
745 0.0000004991
746 0.0000004983
747 0.0000004975
748 0.0000004966
749 0.0000004958
750 0.0000004950
751 0.0000004942
752 0.0000004935
753 0.0000004927
754 0.0000004919
755 0.0000004911
756 0.0000004903
757 0.0000004895
758 0.0000004887
759 0.0000004879
760 0.0000004872
761 0.0000004864
762 0.0000004856
763 0.0000004849
764 0.0000004841
765 0.0000004833
766 0.0000004826
767 0.0000004818
768 0.0000004810
769 0.0000004803
770 0.0000004795
771 0.0000004788
772 0.0000004780
773 0.0000004773
774 0.0000004765
775 0.0000004758
776 0.0000004750
777 0.0000004743
778 0.0000004735
779 0.0000004728
780 0.0000004721
781 0.0000004713
782 0.0000004706
783 0.0000004699
784 0.0000004692
785 0.0000004684
786 0.0000004677
787 0.0000004670
788 0.0000004663
789 0.0000004655
790 0.0000004648
791 0.0000004641
792 0.0000004634
793 0.0000004627
794 0.0000004620
795 0.0000004613
796 0.0000004606
797 0.0000004599
798 0.0000004592
799 0.0000004585
800 0.0000004578
801 0.0000004571
802 0.0000004564
803 0.0000004557
804 0.0000004550
805 0.0000004543
806 0.0000004536
807 0.0000004530
808 0.0000004523
809 0.0000004516
810 0.0000004509
811 0.0000004503
812 0.0000004496
813 0.0000004489
814 0.0000004482
815 0.0000004476
816 0.0000004469
817 0.0000004462
818 0.0000004456
819 0.0000004449
820 0.0000004442
821 0.0000004436
822 0.0000004429
823 0.0000004423
824 0.0000004416
825 0.0000004410
826 0.0000004403
827 0.0000004397
828 0.0000004390
829 0.0000004384
830 0.0000004377
831 0.0000004371
832 0.0000004365
833 0.0000004358
834 0.0000004352
835 0.0000004345
836 0.0000004339
837 0.0000004333
838 0.0000004327
839 0.0000004320
840 0.0000004314
841 0.0000004308
842 0.0000004301
843 0.0000004295
844 0.0000004289
845 0.0000004283
846 0.0000004277
847 0.0000004271
848 0.0000004264
849 0.0000004258
850 0.0000004252
851 0.0000004246
852 0.0000004240
853 0.0000004234
854 0.0000004228
855 0.0000004222
856 0.0000004216
857 0.0000004210
858 0.0000004204
859 0.0000004198
860 0.0000004192
861 0.0000004186
862 0.0000004180
863 0.0000004174
864 0.0000004168
865 0.0000004162
866 0.0000004156
867 0.0000004150
868 0.0000004145
869 0.0000004139
870 0.0000004133
871 0.0000004127
872 0.0000004121
873 0.0000004116
874 0.0000004110
875 0.0000004104
876 0.0000004098
877 0.0000004093
878 0.0000004087
879 0.0000004081
880 0.0000004075
881 0.0000004070
882 0.0000004064
883 0.0000004059
884 0.0000004053
885 0.0000004047
886 0.0000004042
887 0.0000004036
888 0.0000004031
889 0.0000004025
890 0.0000004019
891 0.0000004014
892 0.0000004008
893 0.0000004003
894 0.0000003997
895 0.0000003992
896 0.0000003986
897 0.0000003981
898 0.0000003975
899 0.0000003970
900 0.0000003965
901 0.0000003959
902 0.0000003954
903 0.0000003948
904 0.0000003943
905 0.0000003938
906 0.0000003932
907 0.0000003927
908 0.0000003922
909 0.0000003916
910 0.0000003911
911 0.0000003906
912 0.0000003900
913 0.0000003895
914 0.0000003890
915 0.0000003885
916 0.0000003879
917 0.0000003874
918 0.0000003869
919 0.0000003864
920 0.0000003859
921 0.0000003854
922 0.0000003848
923 0.0000003843
924 0.0000003838
925 0.0000003833
926 0.0000003828
927 0.0000003823
928 0.0000003818
929 0.0000003813
930 0.0000003807
931 0.0000003802
932 0.0000003797
933 0.0000003792
934 0.0000003787
935 0.0000003782
936 0.0000003777
937 0.0000003772
938 0.0000003767
939 0.0000003762
940 0.0000003757
941 0.0000003752
942 0.0000003747
943 0.0000003743
944 0.0000003738
945 0.0000003733
946 0.0000003728
947 0.0000003723
948 0.0000003718
949 0.0000003713
950 0.0000003708
951 0.0000003703
952 0.0000003699
953 0.0000003694
954 0.0000003689
955 0.0000003684
956 0.0000003679
957 0.0000003675
958 0.0000003670
959 0.0000003665
960 0.0000003660
961 0.0000003655
962 0.0000003651
963 0.0000003646
964 0.0000003641
965 0.0000003637
966 0.0000003632
967 0.0000003627
968 0.0000003622
969 0.0000003618
970 0.0000003613
971 0.0000003608
972 0.0000003604
973 0.0000003599
974 0.0000003594
975 0.0000003590
976 0.0000003585
977 0.0000003581
978 0.0000003576
979 0.0000003571
980 0.0000003567
981 0.0000003562
982 0.0000003558
983 0.0000003553
984 0.0000003549
985 0.0000003544
986 0.0000003539
987 0.0000003535
988 0.0000003530
989 0.0000003526
990 0.0000003521
991 0.0000003517
992 0.0000003512
993 0.0000003508
994 0.0000003503
995 0.0000003499
996 0.0000003495
997 0.0000003490
998 0.0000003486
999 0.0000003481
1000 0.0000003477
1001 0.0000003472
1002 0.0000003468
1003 0.0000003464
1004 0.0000003459
1005 0.0000003455
1006 0.0000003450
1007 0.0000003446
1008 0.0000003442
1009 0.0000003437
1010 0.0000003433
1011 0.0000003428
1012 0.0000003424
1013 0.0000003420
1014 0.0000003415
1015 0.0000003411
1016 0.0000003407
1017 0.0000003402
1018 0.0000003398
1019 0.0000003394
1020 0.0000003389
1021 0.0000003385
1022 0.0000003381
1023 0.0000003377
1024 0.0000003372
1025 0.0000003368
1026 0.0000003364
1027 0.0000003359
1028 0.0000003355
1029 0.0000003351
1030 0.0000003347
1031 0.0000003342
1032 0.0000003338
1033 0.0000003334
1034 0.0000003329
1035 0.0000003325
1036 0.0000003321
1037 0.0000003317
1038 0.0000003312
1039 0.0000003308
1040 0.0000003304
1041 0.0000003300
1042 0.0000003295
1043 0.0000003291
1044 0.0000003287
1045 0.0000003282
1046 0.0000003278
1047 0.0000003274
1048 0.0000003270
1049 0.0000003265
1050 0.0000003261
1051 0.0000003257
1052 0.0000003252
1053 0.0000003248
1054 0.0000003244
1055 0.0000003239
1056 0.0000003235
1057 0.0000003230
1058 0.0000003226
1059 0.0000003221
1060 0.0000003217
1061 0.0000003212
1062 0.0000003208
1063 0.0000003203
1064 0.0000003199
1065 0.0000003194
1066 0.0000003189
1067 0.0000003184
1068 0.0000003179
1069 0.0000003174
1070 0.0000003169
1071 0.0000003164
1072 0.0000003159
1073 0.0000003153
1074 0.0000003147
1075 0.0000003141
1076 0.0000003135
1077 0.0000003128
1078 0.0000003121
1079 0.0000003113
1080 0.0000003104
1081 0.0000003095
1082 0.0000003084
1083 0.0000003071
1084 0.0000003054
1085 0.0000003033
1086 0.0000003003
1087 0.0000002958
1088 0.0000002866
1089 0.0000002554
1090 0.0000000000
