0 990
0 0.9826766449
1 0.0070223211
2 0.0020297763
3 0.0011079997
4 0.0006241483
5 0.0003897478
6 0.0002678700
7 0.0001987650
8 0.0001570525
9 0.0001305308
10 0.0001127388
11 0.0001001085
12 0.0000906314
13 0.0000831590
14 0.0000770224
15 0.0000718233
16 0.0000673176
17 0.0000633501
18 0.0000598177
19 0.0000566479
20 0.0000537874
21 0.0000511946
22 0.0000488356
23 0.0000466824
24 0.0000447109
25 0.0000429002
26 0.0000412325
27 0.0000396917
28 0.0000382643
29 0.0000369382
30 0.0000357028
31 0.0000345490
32 0.0000334686
33 0.0000324548
34 0.0000315013
35 0.0000306028
36 0.0000297544
37 0.0000289518
38 0.0000281916
39 0.0000274702
40 0.0000267847
41 0.0000261325
42 0.0000255112
43 0.0000249187
44 0.0000243529
45 0.0000238121
46 0.0000232948
47 0.0000227993
48 0.0000223244
49 0.0000218688
50 0.0000214314
51 0.0000210112
52 0.0000206070
53 0.0000202181
54 0.0000198436
55 0.0000194827
56 0.0000191347
57 0.0000187989
58 0.0000184747
59 0.0000181615
60 0.0000178587
61 0.0000175659
62 0.0000172825
63 0.0000170081
64 0.0000167423
65 0.0000164847
66 0.0000162349
67 0.0000159926
68 0.0000157574
69 0.0000155290
70 0.0000153071
71 0.0000150915
72 0.0000148819
73 0.0000146780
74 0.0000144797
75 0.0000142866
76 0.0000140986
77 0.0000139155
78 0.0000137371
79 0.0000135632
80 0.0000133937
81 0.0000132283
82 0.0000130670
83 0.0000129096
84 0.0000127559
85 0.0000126058
86 0.0000124592
87 0.0000123160
88 0.0000121760
89 0.0000120392
90 0.0000119054
91 0.0000117746
92 0.0000116466
93 0.0000115214
94 0.0000113988
95 0.0000112788
96 0.0000111613
97 0.0000110462
98 0.0000109335
99 0.0000108231
100 0.0000107148
101 0.0000106087
102 0.0000105047
103 0.0000104027
104 0.0000103027
105 0.0000102046
106 0.0000101083
107 0.0000100138
108 0.0000099211
109 0.0000098301
110 0.0000097407
111 0.0000096529
112 0.0000095667
113 0.0000094821
114 0.0000093989
115 0.0000093171
116 0.0000092368
117 0.0000091579
118 0.0000090802
119 0.0000090039
120 0.0000089289
121 0.0000088551
122 0.0000087825
123 0.0000087111
124 0.0000086408
125 0.0000085717
126 0.0000085037
127 0.0000084367
128 0.0000083708
129 0.0000083059
130 0.0000082420
131 0.0000081791
132 0.0000081171
133 0.0000080561
134 0.0000079960
135 0.0000079367
136 0.0000078784
137 0.0000078208
138 0.0000077642
139 0.0000077083
140 0.0000076532
141 0.0000075990
142 0.0000075454
143 0.0000074927
144 0.0000074406
145 0.0000073893
146 0.0000073387
147 0.0000072888
148 0.0000072395
149 0.0000071909
150 0.0000071430
151 0.0000070957
152 0.0000070490
153 0.0000070029
154 0.0000069574
155 0.0000069125
156 0.0000068682
157 0.0000068245
158 0.0000067813
159 0.0000067386
160 0.0000066965
161 0.0000066549
162 0.0000066138
163 0.0000065732
164 0.0000065331
165 0.0000064935
166 0.0000064544
167 0.0000064158
168 0.0000063776
169 0.0000063398
170 0.0000063025
171 0.0000062657
172 0.0000062292
173 0.0000061932
174 0.0000061576
175 0.0000061224
176 0.0000060876
177 0.0000060532
178 0.0000060192
179 0.0000059856
180 0.0000059523
181 0.0000059195
182 0.0000058869
183 0.0000058548
184 0.0000058229
185 0.0000057914
186 0.0000057603
187 0.0000057295
188 0.0000056990
189 0.0000056689
190 0.0000056390
191 0.0000056095
192 0.0000055803
193 0.0000055514
194 0.0000055227
195 0.0000054944
196 0.0000054664
197 0.0000054386
198 0.0000054111
199 0.0000053840
200 0.0000053570
201 0.0000053304
202 0.0000053040
203 0.0000052778
204 0.0000052520
205 0.0000052263
206 0.0000052010
207 0.0000051758
208 0.0000051510
209 0.0000051263
210 0.0000051019
211 0.0000050777
212 0.0000050538
213 0.0000050300
214 0.0000050065
215 0.0000049832
216 0.0000049602
217 0.0000049373
218 0.0000049146
219 0.0000048922
220 0.0000048699
221 0.0000048479
222 0.0000048261
223 0.0000048044
224 0.0000047830
225 0.0000047617
226 0.0000047406
227 0.0000047197
228 0.0000046990
229 0.0000046785
230 0.0000046582
231 0.0000046380
232 0.0000046180
233 0.0000045982
234 0.0000045785
235 0.0000045590
236 0.0000045397
237 0.0000045206
238 0.0000045016
239 0.0000044827
240 0.0000044640
241 0.0000044455
242 0.0000044271
243 0.0000044089
244 0.0000043909
245 0.0000043729
246 0.0000043551
247 0.0000043375
248 0.0000043200
249 0.0000043027
250 0.0000042855
251 0.0000042684
252 0.0000042514
253 0.0000042346
254 0.0000042179
255 0.0000042014
256 0.0000041850
257 0.0000041687
258 0.0000041525
259 0.0000041365
260 0.0000041206
261 0.0000041048
262 0.0000040891
263 0.0000040736
264 0.0000040581
265 0.0000040428
266 0.0000040276
267 0.0000040125
268 0.0000039976
269 0.0000039827
270 0.0000039679
271 0.0000039533
272 0.0000039388
273 0.0000039243
274 0.0000039100
275 0.0000038958
276 0.0000038817
277 0.0000038676
278 0.0000038537
279 0.0000038399
280 0.0000038262
281 0.0000038126
282 0.0000037991
283 0.0000037856
284 0.0000037723
285 0.0000037591
286 0.0000037459
287 0.0000037329
288 0.0000037199
289 0.0000037070
290 0.0000036942
291 0.0000036815
292 0.0000036689
293 0.0000036564
294 0.0000036440
295 0.0000036316
296 0.0000036193
297 0.0000036071
298 0.0000035950
299 0.0000035830
300 0.0000035710
301 0.0000035592
302 0.0000035474
303 0.0000035357
304 0.0000035241
305 0.0000035125
306 0.0000035010
307 0.0000034896
308 0.0000034783
309 0.0000034670
310 0.0000034558
311 0.0000034447
312 0.0000034337
313 0.0000034227
314 0.0000034118
315 0.0000034010
316 0.0000033902
317 0.0000033795
318 0.0000033689
319 0.0000033583
320 0.0000033478
321 0.0000033374
322 0.0000033270
323 0.0000033167
324 0.0000033065
325 0.0000032963
326 0.0000032862
327 0.0000032761
328 0.0000032661
329 0.0000032562
330 0.0000032463
331 0.0000032365
332 0.0000032268
333 0.0000032171
334 0.0000032074
335 0.0000031979
336 0.0000031883
337 0.0000031789
338 0.0000031695
339 0.0000031601
340 0.0000031508
341 0.0000031416
342 0.0000031324
343 0.0000031232
344 0.0000031142
345 0.0000031051
346 0.0000030962
347 0.0000030872
348 0.0000030784
349 0.0000030695
350 0.0000030608
351 0.0000030520
352 0.0000030434
353 0.0000030347
354 0.0000030262
355 0.0000030176
356 0.0000030092
357 0.0000030007
358 0.0000029923
359 0.0000029840
360 0.0000029757
361 0.0000029675
362 0.0000029593
363 0.0000029511
364 0.0000029430
365 0.0000029349
366 0.0000029269
367 0.0000029189
368 0.0000029110
369 0.0000029031
370 0.0000028953
371 0.0000028874
372 0.0000028797
373 0.0000028720
374 0.0000028643
375 0.0000028566
376 0.0000028490
377 0.0000028415
378 0.0000028340
379 0.0000028265
380 0.0000028190
381 0.0000028116
382 0.0000028043
383 0.0000027969
384 0.0000027897
385 0.0000027824
386 0.0000027752
387 0.0000027680
388 0.0000027609
389 0.0000027538
390 0.0000027467
391 0.0000027397
392 0.0000027327
393 0.0000027257
394 0.0000027188
395 0.0000027119
396 0.0000027051
397 0.0000026983
398 0.0000026915
399 0.0000026847
400 0.0000026780
401 0.0000026713
402 0.0000026647
403 0.0000026581
404 0.0000026515
405 0.0000026449
406 0.0000026384
407 0.0000026319
408 0.0000026255
409 0.0000026191
410 0.0000026127
411 0.0000026063
412 0.0000026000
413 0.0000025937
414 0.0000025874
415 0.0000025812
416 0.0000025750
417 0.0000025688
418 0.0000025626
419 0.0000025565
420 0.0000025504
421 0.0000025444
422 0.0000025383
423 0.0000025323
424 0.0000025264
425 0.0000025204
426 0.0000025145
427 0.0000025086
428 0.0000025027
429 0.0000024969
430 0.0000024911
431 0.0000024853
432 0.0000024796
433 0.0000024738
434 0.0000024681
435 0.0000024625
436 0.0000024568
437 0.0000024512
438 0.0000024456
439 0.0000024400
440 0.0000024345
441 0.0000024289
442 0.0000024234
443 0.0000024180
444 0.0000024125
445 0.0000024071
446 0.0000024017
447 0.0000023963
448 0.0000023910
449 0.0000023856
450 0.0000023803
451 0.0000023750
452 0.0000023698
453 0.0000023646
454 0.0000023593
455 0.0000023542
456 0.0000023490
457 0.0000023438
458 0.0000023387
459 0.0000023336
460 0.0000023286
461 0.0000023235
462 0.0000023185
463 0.0000023135
464 0.0000023085
465 0.0000023035
466 0.0000022986
467 0.0000022936
468 0.0000022887
469 0.0000022838
470 0.0000022790
471 0.0000022741
472 0.0000022693
473 0.0000022645
474 0.0000022597
475 0.0000022550
476 0.0000022502
477 0.0000022455
478 0.0000022408
479 0.0000022361
480 0.0000022315
481 0.0000022268
482 0.0000022222
483 0.0000022176
484 0.0000022130
485 0.0000022085
486 0.0000022039
487 0.0000021994
488 0.0000021949
489 0.0000021904
490 0.0000021859
491 0.0000021815
492 0.0000021770
493 0.0000021726
494 0.0000021682
495 0.0000021638
496 0.0000021594
497 0.0000021551
498 0.0000021508
499 0.0000021465
500 0.0000021422
501 0.0000021379
502 0.0000021336
503 0.0000021294
504 0.0000021251
505 0.0000021209
506 0.0000021167
507 0.0000021126
508 0.0000021084
509 0.0000021043
510 0.0000021001
511 0.0000020960
512 0.0000020919
513 0.0000020878
514 0.0000020838
515 0.0000020797
516 0.0000020757
517 0.0000020717
518 0.0000020677
519 0.0000020637
520 0.0000020597
521 0.0000020558
522 0.0000020518
523 0.0000020479
524 0.0000020440
525 0.0000020401
526 0.0000020362
527 0.0000020323
528 0.0000020285
529 0.0000020246
530 0.0000020208
531 0.0000020170
532 0.0000020132
533 0.0000020094
534 0.0000020057
535 0.0000020019
536 0.0000019982
537 0.0000019945
538 0.0000019907
539 0.0000019871
540 0.0000019834
541 0.0000019797
542 0.0000019760
543 0.0000019724
544 0.0000019688
545 0.0000019652
546 0.0000019616
547 0.0000019580
548 0.0000019544
549 0.0000019508
550 0.0000019473
551 0.0000019437
552 0.0000019402
553 0.0000019367
554 0.0000019332
555 0.0000019297
556 0.0000019262
557 0.0000019228
558 0.0000019193
559 0.0000019159
560 0.0000019125
561 0.0000019091
562 0.0000019057
563 0.0000019023
564 0.0000018989
565 0.0000018955
566 0.0000018922
567 0.0000018888
568 0.0000018855
569 0.0000018822
570 0.0000018789
571 0.0000018756
572 0.0000018723
573 0.0000018691
574 0.0000018658
575 0.0000018625
576 0.0000018593
577 0.0000018561
578 0.0000018529
579 0.0000018497
580 0.0000018465
581 0.0000018433
582 0.0000018401
583 0.0000018370
584 0.0000018338
585 0.0000018307
586 0.0000018276
587 0.0000018244
588 0.0000018213
589 0.0000018182
590 0.0000018151
591 0.0000018121
592 0.0000018090
593 0.0000018060
594 0.0000018029
595 0.0000017999
596 0.0000017969
597 0.0000017938
598 0.0000017908
599 0.0000017879
600 0.0000017849
601 0.0000017819
602 0.0000017789
603 0.0000017760
604 0.0000017730
605 0.0000017701
606 0.0000017672
607 0.0000017643
608 0.0000017614
609 0.0000017585
610 0.0000017556
611 0.0000017527
612 0.0000017498
613 0.0000017470
614 0.0000017441
615 0.0000017413
616 0.0000017385
617 0.0000017356
618 0.0000017328
619 0.0000017300
620 0.0000017272
621 0.0000017244
622 0.0000017217
623 0.0000017189
624 0.0000017161
625 0.0000017134
626 0.0000017107
627 0.0000017079
628 0.0000017052
629 0.0000017025
630 0.0000016998
631 0.0000016971
632 0.0000016944
633 0.0000016917
634 0.0000016890
635 0.0000016864
636 0.0000016837
637 0.0000016811
638 0.0000016784
639 0.0000016758
640 0.0000016732
641 0.0000016706
642 0.0000016680
643 0.0000016654
644 0.0000016628
645 0.0000016602
646 0.0000016576
647 0.0000016551
648 0.0000016525
649 0.0000016500
650 0.0000016474
651 0.0000016449
652 0.0000016424
653 0.0000016398
654 0.0000016373
655 0.0000016348
656 0.0000016323
657 0.0000016299
658 0.0000016274
659 0.0000016249
660 0.0000016224
661 0.0000016200
662 0.0000016175
663 0.0000016151
664 0.0000016126
665 0.0000016102
666 0.0000016078
667 0.0000016054
668 0.0000016030
669 0.0000016006
670 0.0000015982
671 0.0000015958
672 0.0000015934
673 0.0000015910
674 0.0000015887
675 0.0000015863
676 0.0000015840
677 0.0000015816
678 0.0000015793
679 0.0000015770
680 0.0000015746
681 0.0000015723
682 0.0000015700
683 0.0000015677
684 0.0000015654
685 0.0000015631
686 0.0000015609
687 0.0000015586
688 0.0000015563
689 0.0000015541
690 0.0000015518
691 0.0000015495
692 0.0000015473
693 0.0000015451
694 0.0000015428
695 0.0000015406
696 0.0000015384
697 0.0000015362
698 0.0000015340
699 0.0000015318
700 0.0000015296
701 0.0000015274
702 0.0000015252
703 0.0000015231
704 0.0000015209
705 0.0000015187
706 0.0000015166
707 0.0000015144
708 0.0000015123
709 0.0000015101
710 0.0000015080
711 0.0000015059
712 0.0000015038
713 0.0000015017
714 0.0000014996
715 0.0000014975
716 0.0000014954
717 0.0000014933
718 0.0000014912
719 0.0000014891
720 0.0000014870
721 0.0000014850
722 0.0000014829
723 0.0000014809
724 0.0000014788
725 0.0000014768
726 0.0000014747
727 0.0000014727
728 0.0000014707
729 0.0000014687
730 0.0000014666
731 0.0000014646
732 0.0000014626
733 0.0000014606
734 0.0000014586
735 0.0000014566
736 0.0000014547
737 0.0000014527
738 0.0000014507
739 0.0000014487
740 0.0000014468
741 0.0000014448
742 0.0000014429
743 0.0000014409
744 0.0000014390
745 0.0000014371
746 0.0000014351
747 0.0000014332
748 0.0000014313
749 0.0000014294
750 0.0000014275
751 0.0000014256
752 0.0000014237
753 0.0000014218
754 0.0000014199
755 0.0000014180
756 0.0000014161
757 0.0000014142
758 0.0000014124
759 0.0000014105
760 0.0000014086
761 0.0000014068
762 0.0000014049
763 0.0000014031
764 0.0000014013
765 0.0000013994
766 0.0000013976
767 0.0000013958
768 0.0000013939
769 0.0000013921
770 0.0000013903
771 0.0000013885
772 0.0000013867
773 0.0000013849
774 0.0000013831
775 0.0000013813
776 0.0000013795
777 0.0000013778
778 0.0000013760
779 0.0000013742
780 0.0000013724
781 0.0000013707
782 0.0000013689
783 0.0000013672
784 0.0000013654
785 0.0000013637
786 0.0000013620
787 0.0000013602
788 0.0000013585
789 0.0000013568
790 0.0000013550
791 0.0000013533
792 0.0000013516
793 0.0000013499
794 0.0000013482
795 0.0000013465
796 0.0000013448
797 0.0000013431
798 0.0000013414
799 0.0000013397
800 0.0000013381
801 0.0000013364
802 0.0000013347
803 0.0000013331
804 0.0000013314
805 0.0000013297
806 0.0000013281
807 0.0000013264
808 0.0000013248
809 0.0000013231
810 0.0000013215
811 0.0000013199
812 0.0000013182
813 0.0000013166
814 0.0000013150
815 0.0000013134
816 0.0000013118
817 0.0000013102
818 0.0000013086
819 0.0000013070
820 0.0000013054
821 0.0000013038
822 0.0000013022
823 0.0000013006
824 0.0000012990
825 0.0000012974
826 0.0000012958
827 0.0000012943
828 0.0000012927
829 0.0000012911
830 0.0000012896
831 0.0000012880
832 0.0000012865
833 0.0000012849
834 0.0000012834
835 0.0000012818
836 0.0000012803
837 0.0000012788
838 0.0000012772
839 0.0000012757
840 0.0000012742
841 0.0000012727
842 0.0000012712
843 0.0000012696
844 0.0000012681
845 0.0000012666
846 0.0000012651
847 0.0000012636
848 0.0000012621
849 0.0000012606
850 0.0000012592
851 0.0000012577
852 0.0000012562
853 0.0000012547
854 0.0000012532
855 0.0000012518
856 0.0000012503
857 0.0000012488
858 0.0000012474
859 0.0000012459
860 0.0000012445
861 0.0000012430
862 0.0000012416
863 0.0000012401
864 0.0000012387
865 0.0000012373
866 0.0000012358
867 0.0000012344
868 0.0000012330
869 0.0000012316
870 0.0000012301
871 0.0000012287
872 0.0000012273
873 0.0000012259
874 0.0000012245
875 0.0000012231
876 0.0000012217
877 0.0000012203
878 0.0000012189
879 0.0000012175
880 0.0000012161
881 0.0000012147
882 0.0000012133
883 0.0000012120
884 0.0000012106
885 0.0000012092
886 0.0000012078
887 0.0000012065
888 0.0000012051
889 0.0000012038
890 0.0000012024
891 0.0000012010
892 0.0000011997
893 0.0000011983
894 0.0000011970
895 0.0000011957
896 0.0000011943
897 0.0000011930
898 0.0000011916
899 0.0000011903
900 0.0000011890
901 0.0000011877
902 0.0000011863
903 0.0000011850
904 0.0000011837
905 0.0000011824
906 0.0000011811
907 0.0000011798
908 0.0000011785
909 0.0000011772
910 0.0000011759
911 0.0000011746
912 0.0000011733
913 0.0000011720
914 0.0000011707
915 0.0000011694
916 0.0000011681
917 0.0000011669
918 0.0000011656
919 0.0000011643
920 0.0000011630
921 0.0000011618
922 0.0000011605
923 0.0000011593
924 0.0000011580
925 0.0000011567
926 0.0000011555
927 0.0000011542
928 0.0000011530
929 0.0000011517
930 0.0000011505
931 0.0000011493
932 0.0000011480
933 0.0000011468
934 0.0000011455
935 0.0000011443
936 0.0000011431
937 0.0000011419
938 0.0000011406
939 0.0000011394
940 0.0000011382
941 0.0000011370
942 0.0000011358
943 0.0000011346
944 0.0000011334
945 0.0000011322
946 0.0000011309
947 0.0000011297
948 0.0000011286
949 0.0000011274
950 0.0000011262
951 0.0000011250
952 0.0000011238
953 0.0000011226
954 0.0000011214
955 0.0000011202
956 0.0000011191
957 0.0000011179
958 0.0000011167
959 0.0000011156
960 0.0000011144
961 0.0000011132
962 0.0000011121
963 0.0000011109
964 0.0000011097
965 0.0000011086
966 0.0000011074
967 0.0000011063
968 0.0000011051
969 0.0000011040
970 0.0000011028
971 0.0000011017
972 0.0000011006
973 0.0000010994
974 0.0000010983
975 0.0000010972
976 0.0000010960
977 0.0000010949
978 0.0000010938
979 0.0000010926
980 0.0000010915
981 0.0000010904
982 0.0000010893
983 0.0000010882
984 0.0000010871
985 0.0000010860
986 0.0000010848
987 0.0000010837
988 0.0000010826
989 0.0000010815
990 0.0000010804
