0 614
0 0.9802948398
1 0.0060169146
2 0.0022870243
3 0.0014858328
4 0.0010119872
5 0.0007394521
6 0.0005671672
7 0.0004491646
8 0.0003643506
9 0.0003013900
10 0.0002534614
11 0.0002162131
12 0.0001867611
13 0.0001631312
14 0.0001439324
15 0.0001281607
16 0.0001150757
17 0.0001041221
18 0.0000948767
19 0.0000870130
20 0.0000802765
21 0.0000744661
22 0.0000694221
23 0.0000650165
24 0.0000611457
25 0.0000577255
26 0.0000546870
27 0.0000519737
28 0.0000495385
29 0.0000473424
30 0.0000453530
31 0.0000435428
32 0.0000418888
33 0.0000403715
34 0.0000389745
35 0.0000376835
36 0.0000364864
37 0.0000353730
38 0.0000343342
39 0.0000333622
40 0.0000324505
41 0.0000315931
42 0.0000307849
43 0.0000300214
44 0.0000292987
45 0.0000286132
46 0.0000279620
47 0.0000273422
48 0.0000267515
49 0.0000261875
50 0.0000256485
51 0.0000251325
52 0.0000246381
53 0.0000241638
54 0.0000237083
55 0.0000232703
56 0.0000228489
57 0.0000224431
58 0.0000220519
59 0.0000216745
60 0.0000213102
61 0.0000209582
62 0.0000206179
63 0.0000202887
64 0.0000199700
65 0.0000196614
66 0.0000193623
67 0.0000190723
68 0.0000187910
69 0.0000185179
70 0.0000182527
71 0.0000179951
72 0.0000177447
73 0.0000175012
74 0.0000172643
75 0.0000170338
76 0.0000168094
77 0.0000165909
78 0.0000163780
79 0.0000161705
80 0.0000159683
81 0.0000157710
82 0.0000155785
83 0.0000153908
84 0.0000152074
85 0.0000150285
86 0.0000148536
87 0.0000146829
88 0.0000145160
89 0.0000143528
90 0.0000141933
91 0.0000140373
92 0.0000138847
93 0.0000137353
94 0.0000135892
95 0.0000134461
96 0.0000133060
97 0.0000131688
98 0.0000130344
99 0.0000129028
100 0.0000127737
101 0.0000126472
102 0.0000125232
103 0.0000124016
104 0.0000122823
105 0.0000121653
106 0.0000120506
107 0.0000119379
108 0.0000118274
109 0.0000117188
110 0.0000116123
111 0.0000115077
112 0.0000114049
113 0.0000113040
114 0.0000112048
115 0.0000111073
116 0.0000110116
117 0.0000109174
118 0.0000108249
119 0.0000107339
120 0.0000106445
121 0.0000105565
122 0.0000104699
123 0.0000103848
124 0.0000103010
125 0.0000102186
126 0.0000101375
127 0.0000100577
128 0.0000099791
129 0.0000099017
130 0.0000098255
131 0.0000097505
132 0.0000096766
133 0.0000096039
134 0.0000095322
135 0.0000094616
136 0.0000093920
137 0.0000093234
138 0.0000092559
139 0.0000091893
140 0.0000091236
141 0.0000090589
142 0.0000089951
143 0.0000089322
144 0.0000088701
145 0.0000088089
146 0.0000087486
147 0.0000086891
148 0.0000086303
149 0.0000085724
150 0.0000085152
151 0.0000084588
152 0.0000084032
153 0.0000083482
154 0.0000082940
155 0.0000082405
156 0.0000081877
157 0.0000081355
158 0.0000080840
159 0.0000080332
160 0.0000079829
161 0.0000079333
162 0.0000078844
163 0.0000078360
164 0.0000077882
165 0.0000077410
166 0.0000076943
167 0.0000076482
168 0.0000076027
169 0.0000075577
170 0.0000075132
171 0.0000074693
172 0.0000074259
173 0.0000073829
174 0.0000073405
175 0.0000072985
176 0.0000072571
177 0.0000072160
178 0.0000071755
179 0.0000071354
180 0.0000070957
181 0.0000070565
182 0.0000070178
183 0.0000069794
184 0.0000069415
185 0.0000069039
186 0.0000068668
187 0.0000068301
188 0.0000067937
189 0.0000067578
190 0.0000067222
191 0.0000066870
192 0.0000066521
193 0.0000066177
194 0.0000065835
195 0.0000065498
196 0.0000065163
197 0.0000064833
198 0.0000064505
199 0.0000064181
200 0.0000063860
201 0.0000063542
202 0.0000063227
203 0.0000062916
204 0.0000062607
205 0.0000062302
206 0.0000061999
207 0.0000061700
208 0.0000061403
209 0.0000061109
210 0.0000060818
211 0.0000060530
212 0.0000060244
213 0.0000059961
214 0.0000059681
215 0.0000059403
216 0.0000059128
217 0.0000058855
218 0.0000058585
219 0.0000058318
220 0.0000058053
221 0.0000057790
222 0.0000057529
223 0.0000057271
224 0.0000057015
225 0.0000056762
226 0.0000056511
227 0.0000056262
228 0.0000056015
229 0.0000055770
230 0.0000055528
231 0.0000055287
232 0.0000055049
233 0.0000054812
234 0.0000054578
235 0.0000054346
236 0.0000054115
237 0.0000053887
238 0.0000053660
239 0.0000053436
240 0.0000053213
241 0.0000052992
242 0.0000052773
243 0.0000052556
244 0.0000052340
245 0.0000052127
246 0.0000051915
247 0.0000051704
248 0.0000051496
249 0.0000051289
250 0.0000051084
251 0.0000050880
252 0.0000050678
253 0.0000050478
254 0.0000050279
255 0.0000050082
256 0.0000049886
257 0.0000049692
258 0.0000049499
259 0.0000049308
260 0.0000049118
261 0.0000048930
262 0.0000048743
263 0.0000048557
264 0.0000048373
265 0.0000048191
266 0.0000048010
267 0.0000047830
268 0.0000047651
269 0.0000047474
270 0.0000047298
271 0.0000047123
272 0.0000046950
273 0.0000046778
274 0.0000046607
275 0.0000046438
276 0.0000046269
277 0.0000046102
278 0.0000045936
279 0.0000045771
280 0.0000045608
281 0.0000045445
282 0.0000045284
283 0.0000045124
284 0.0000044965
285 0.0000044807
286 0.0000044651
287 0.0000044495
288 0.0000044340
289 0.0000044187
290 0.0000044034
291 0.0000043883
292 0.0000043733
293 0.0000043583
294 0.0000043435
295 0.0000043287
296 0.0000043141
297 0.0000042996
298 0.0000042851
299 0.0000042708
300 0.0000042566
301 0.0000042424
302 0.0000042284
303 0.0000042144
304 0.0000042005
305 0.0000041867
306 0.0000041730
307 0.0000041594
308 0.0000041459
309 0.0000041325
310 0.0000041192
311 0.0000041059
312 0.0000040927
313 0.0000040797
314 0.0000040667
315 0.0000040537
316 0.0000040409
317 0.0000040281
318 0.0000040155
319 0.0000040029
320 0.0000039904
321 0.0000039779
322 0.0000039655
323 0.0000039533
324 0.0000039411
325 0.0000039289
326 0.0000039169
327 0.0000039049
328 0.0000038930
329 0.0000038811
330 0.0000038693
331 0.0000038576
332 0.0000038460
333 0.0000038345
334 0.0000038230
335 0.0000038115
336 0.0000038002
337 0.0000037889
338 0.0000037777
339 0.0000037665
340 0.0000037555
341 0.0000037444
342 0.0000037335
343 0.0000037226
344 0.0000037117
345 0.0000037010
346 0.0000036903
347 0.0000036796
348 0.0000036690
349 0.0000036585
350 0.0000036481
351 0.0000036377
352 0.0000036273
353 0.0000036170
354 0.0000036068
355 0.0000035966
356 0.0000035865
357 0.0000035765
358 0.0000035665
359 0.0000035565
360 0.0000035466
361 0.0000035368
362 0.0000035270
363 0.0000035173
364 0.0000035076
365 0.0000034980
366 0.0000034884
367 0.0000034789
368 0.0000034695
369 0.0000034601
370 0.0000034507
371 0.0000034414
372 0.0000034321
373 0.0000034229
374 0.0000034138
375 0.0000034046
376 0.0000033956
377 0.0000033866
378 0.0000033776
379 0.0000033687
380 0.0000033598
381 0.0000033510
382 0.0000033422
383 0.0000033334
384 0.0000033248
385 0.0000033161
386 0.0000033075
387 0.0000032990
388 0.0000032904
389 0.0000032820
390 0.0000032736
391 0.0000032652
392 0.0000032568
393 0.0000032485
394 0.0000032403
395 0.0000032321
396 0.0000032239
397 0.0000032158
398 0.0000032077
399 0.0000031996
400 0.0000031916
401 0.0000031836
402 0.0000031757
403 0.0000031678
404 0.0000031600
405 0.0000031522
406 0.0000031444
407 0.0000031367
408 0.0000031290
409 0.0000031213
410 0.0000031137
411 0.0000031061
412 0.0000030985
413 0.0000030910
414 0.0000030836
415 0.0000030761
416 0.0000030687
417 0.0000030613
418 0.0000030540
419 0.0000030467
420 0.0000030395
421 0.0000030322
422 0.0000030250
423 0.0000030179
424 0.0000030107
425 0.0000030036
426 0.0000029966
427 0.0000029896
428 0.0000029826
429 0.0000029756
430 0.0000029687
431 0.0000029618
432 0.0000029549
433 0.0000029481
434 0.0000029413
435 0.0000029345
436 0.0000029278
437 0.0000029210
438 0.0000029144
439 0.0000029077
440 0.0000029011
441 0.0000028945
442 0.0000028879
443 0.0000028814
444 0.0000028749
445 0.0000028684
446 0.0000028620
447 0.0000028556
448 0.0000028492
449 0.0000028429
450 0.0000028365
451 0.0000028302
452 0.0000028240
453 0.0000028177
454 0.0000028115
455 0.0000028053
456 0.0000027991
457 0.0000027930
458 0.0000027869
459 0.0000027808
460 0.0000027748
461 0.0000027687
462 0.0000027627
463 0.0000027567
464 0.0000027508
465 0.0000027449
466 0.0000027390
467 0.0000027331
468 0.0000027272
469 0.0000027214
470 0.0000027156
471 0.0000027098
472 0.0000027041
473 0.0000026984
474 0.0000026926
475 0.0000026870
476 0.0000026813
477 0.0000026757
478 0.0000026701
479 0.0000026645
480 0.0000026589
481 0.0000026534
482 0.0000026479
483 0.0000026424
484 0.0000026369
485 0.0000026315
486 0.0000026260
487 0.0000026206
488 0.0000026152
489 0.0000026099
490 0.0000026045
491 0.0000025992
492 0.0000025939
493 0.0000025887
494 0.0000025834
495 0.0000025782
496 0.0000025730
497 0.0000025678
498 0.0000025626
499 0.0000025575
500 0.0000025523
501 0.0000025472
502 0.0000025421
503 0.0000025371
504 0.0000025320
505 0.0000025270
506 0.0000025220
507 0.0000025170
508 0.0000025120
509 0.0000025071
510 0.0000025022
511 0.0000024973
512 0.0000024924
513 0.0000024875
514 0.0000024827
515 0.0000024778
516 0.0000024730
517 0.0000024682
518 0.0000024634
519 0.0000024587
520 0.0000024539
521 0.0000024492
522 0.0000024445
523 0.0000024398
524 0.0000024351
525 0.0000024305
526 0.0000024259
527 0.0000024212
528 0.0000024166
529 0.0000024121
530 0.0000024075
531 0.0000024030
532 0.0000023984
533 0.0000023939
534 0.0000023894
535 0.0000023849
536 0.0000023805
537 0.0000023760
538 0.0000023716
539 0.0000023672
540 0.0000023628
541 0.0000023584
542 0.0000023540
543 0.0000023497
544 0.0000023454
545 0.0000023410
546 0.0000023367
547 0.0000023325
548 0.0000023282
549 0.0000023239
550 0.0000023197
551 0.0000023155
552 0.0000023113
553 0.0000023071
554 0.0000023029
555 0.0000022987
556 0.0000022946
557 0.0000022904
558 0.0000022863
559 0.0000022822
560 0.0000022781
561 0.0000022740
562 0.0000022700
563 0.0000022659
564 0.0000022619
565 0.0000022579
566 0.0000022539
567 0.0000022499
568 0.0000022459
569 0.0000022420
570 0.0000022380
571 0.0000022341
572 0.0000022301
573 0.0000022262
574 0.0000022223
575 0.0000022185
576 0.0000022146
577 0.0000022107
578 0.0000022069
579 0.0000022031
580 0.0000021993
581 0.0000021955
582 0.0000021917
583 0.0000021879
584 0.0000021841
585 0.0000021804
586 0.0000021766
587 0.0000021729
588 0.0000021692
589 0.0000021655
590 0.0000021618
591 0.0000021581
592 0.0000021545
593 0.0000021508
594 0.0000021472
595 0.0000021436
596 0.0000021400
597 0.0000021364
598 0.0000021328
599 0.0000021292
600 0.0000021256
601 0.0000021221
602 0.0000021185
603 0.0000021150
604 0.0000021115
605 0.0000021080
606 0.0000021045
607 0.0000021010
608 0.0000020975
609 0.0000020940
610 0.0000020906
611 0.0000020872
612 0.0000020837
613 0.0000020803
614 0.0000020769
