0 990
0 0.9830457985
1 0.0035984678
2 0.0015179580
3 0.0010620726
4 0.0007860797
5 0.0006223461
6 0.0005148530
7 0.0004381342
8 0.0003805101
9 0.0003356823
10 0.0002998400
11 0.0002705355
12 0.0002461322
13 0.0002254976
14 0.0002078237
15 0.0001925183
16 0.0001791373
17 0.0001673410
18 0.0001568654
19 0.0001475017
20 0.0001390831
21 0.0001314746
22 0.0001245656
23 0.0001182648
24 0.0001124962
25 0.0001071959
26 0.0001023097
27 0.0000977916
28 0.0000936021
29 0.0000897071
30 0.0000860773
31 0.0000826868
32 0.0000795133
33 0.0000765369
34 0.0000737402
35 0.0000711078
36 0.0000686259
37 0.0000662823
38 0.0000640662
39 0.0000619675
40 0.0000599775
41 0.0000580883
42 0.0000562925
43 0.0000545837
44 0.0000529558
45 0.0000514035
46 0.0000499218
47 0.0000485062
48 0.0000471525
49 0.0000458570
50 0.0000446160
51 0.0000434264
52 0.0000422851
53 0.0000411895
54 0.0000401370
55 0.0000391251
56 0.0000381518
57 0.0000372149
58 0.0000363125
59 0.0000354430
60 0.0000346046
61 0.0000337957
62 0.0000330150
63 0.0000322610
64 0.0000315325
65 0.0000308283
66 0.0000301474
67 0.0000294885
68 0.0000288508
69 0.0000282333
70 0.0000276352
71 0.0000270555
72 0.0000264936
73 0.0000259486
74 0.0000254199
75 0.0000249069
76 0.0000244088
77 0.0000239251
78 0.0000234552
79 0.0000229986
80 0.0000225548
81 0.0000221232
82 0.0000217035
83 0.0000212952
84 0.0000208979
85 0.0000205112
86 0.0000201346
87 0.0000197679
88 0.0000194107
89 0.0000190626
90 0.0000187234
91 0.0000183928
92 0.0000180704
93 0.0000177560
94 0.0000174493
95 0.0000171501
96 0.0000168581
97 0.0000165731
98 0.0000162949
99 0.0000160233
100 0.0000157580
101 0.0000154988
102 0.0000152457
103 0.0000149983
104 0.0000147565
105 0.0000145202
106 0.0000142892
107 0.0000140633
108 0.0000138424
109 0.0000136264
110 0.0000134150
111 0.0000132082
112 0.0000130059
113 0.0000128079
114 0.0000126140
115 0.0000124243
116 0.0000122385
117 0.0000120566
118 0.0000118784
119 0.0000117039
120 0.0000115329
121 0.0000113655
122 0.0000112014
123 0.0000110405
124 0.0000108829
125 0.0000107284
126 0.0000105770
127 0.0000104285
128 0.0000102829
129 0.0000101402
130 0.0000100001
131 0.0000098628
132 0.0000097281
133 0.0000095959
134 0.0000094663
135 0.0000093390
136 0.0000092142
137 0.0000090916
138 0.0000089713
139 0.0000088533
140 0.0000087373
141 0.0000086235
142 0.0000085118
143 0.0000084021
144 0.0000082943
145 0.0000081885
146 0.0000080845
147 0.0000079824
148 0.0000078821
149 0.0000077835
150 0.0000076867
151 0.0000075915
152 0.0000074980
153 0.0000074061
154 0.0000073158
155 0.0000072270
156 0.0000071397
157 0.0000070539
158 0.0000069695
159 0.0000068866
160 0.0000068050
161 0.0000067248
162 0.0000066460
163 0.0000065684
164 0.0000064921
165 0.0000064171
166 0.0000063432
167 0.0000062706
168 0.0000061992
169 0.0000061289
170 0.0000060597
171 0.0000059916
172 0.0000059247
173 0.0000058588
174 0.0000057939
175 0.0000057300
176 0.0000056672
177 0.0000056053
178 0.0000055444
179 0.0000054845
180 0.0000054254
181 0.0000053673
182 0.0000053101
183 0.0000052538
184 0.0000051983
185 0.0000051436
186 0.0000050898
187 0.0000050368
188 0.0000049846
189 0.0000049332
190 0.0000048825
191 0.0000048326
192 0.0000047835
193 0.0000047350
194 0.0000046873
195 0.0000046403
196 0.0000045940
197 0.0000045483
198 0.0000045033
199 0.0000044590
200 0.0000044153
201 0.0000043722
202 0.0000043298
203 0.0000042879
204 0.0000042467
205 0.0000042061
206 0.0000041660
207 0.0000041265
208 0.0000040875
209 0.0000040491
210 0.0000040112
211 0.0000039739
212 0.0000039371
213 0.0000039008
214 0.0000038650
215 0.0000038297
216 0.0000037949
217 0.0000037605
218 0.0000037266
219 0.0000036932
220 0.0000036603
221 0.0000036278
222 0.0000035957
223 0.0000035641
224 0.0000035329
225 0.0000035021
226 0.0000034717
227 0.0000034417
228 0.0000034121
229 0.0000033830
230 0.0000033542
231 0.0000033257
232 0.0000032977
233 0.0000032700
234 0.0000032427
235 0.0000032158
236 0.0000031892
237 0.0000031629
238 0.0000031370
239 0.0000031114
240 0.0000030861
241 0.0000030612
242 0.0000030366
243 0.0000030123
244 0.0000029883
245 0.0000029646
246 0.0000029412
247 0.0000029181
248 0.0000028953
249 0.0000028728
250 0.0000028506
251 0.0000028286
252 0.0000028069
253 0.0000027855
254 0.0000027644
255 0.0000027435
256 0.0000027229
257 0.0000027025
258 0.0000026824
259 0.0000026625
260 0.0000026429
261 0.0000026235
262 0.0000026043
263 0.0000025854
264 0.0000025667
265 0.0000025482
266 0.0000025299
267 0.0000025119
268 0.0000024941
269 0.0000024765
270 0.0000024591
271 0.0000024419
272 0.0000024249
273 0.0000024081
274 0.0000023915
275 0.0000023751
276 0.0000023589
277 0.0000023429
278 0.0000023271
279 0.0000023114
280 0.0000022960
281 0.0000022807
282 0.0000022656
283 0.0000022506
284 0.0000022359
285 0.0000022213
286 0.0000022068
287 0.0000021926
288 0.0000021785
289 0.0000021645
290 0.0000021508
291 0.0000021371
292 0.0000021237
293 0.0000021103
294 0.0000020971
295 0.0000020841
296 0.0000020712
297 0.0000020585
298 0.0000020459
299 0.0000020334
300 0.0000020211
301 0.0000020089
302 0.0000019968
303 0.0000019849
304 0.0000019731
305 0.0000019615
306 0.0000019499
307 0.0000019385
308 0.0000019272
309 0.0000019160
310 0.0000019050
311 0.0000018940
312 0.0000018832
313 0.0000018725
314 0.0000018619
315 0.0000018515
316 0.0000018411
317 0.0000018308
318 0.0000018207
319 0.0000018106
320 0.0000018007
321 0.0000017909
322 0.0000017811
323 0.0000017715
324 0.0000017620
325 0.0000017525
326 0.0000017432
327 0.0000017340
328 0.0000017248
329 0.0000017158
330 0.0000017068
331 0.0000016979
332 0.0000016892
333 0.0000016805
334 0.0000016719
335 0.0000016633
336 0.0000016549
337 0.0000016466
338 0.0000016383
339 0.0000016301
340 0.0000016220
341 0.0000016140
342 0.0000016060
343 0.0000015982
344 0.0000015904
345 0.0000015827
346 0.0000015750
347 0.0000015675
348 0.0000015600
349 0.0000015526
350 0.0000015452
351 0.0000015379
352 0.0000015307
353 0.0000015236
354 0.0000015165
355 0.0000015095
356 0.0000015026
357 0.0000014957
358 0.0000014889
359 0.0000014822
360 0.0000014755
361 0.0000014689
362 0.0000014623
363 0.0000014559
364 0.0000014494
365 0.0000014430
366 0.0000014367
367 0.0000014305
368 0.0000014243
369 0.0000014181
370 0.0000014121
371 0.0000014060
372 0.0000014000
373 0.0000013941
374 0.0000013883
375 0.0000013824
376 0.0000013767
377 0.0000013710
378 0.0000013653
379 0.0000013597
380 0.0000013541
381 0.0000013486
382 0.0000013432
383 0.0000013377
384 0.0000013324
385 0.0000013271
386 0.0000013218
387 0.0000013166
388 0.0000013114
389 0.0000013062
390 0.0000013011
391 0.0000012961
392 0.0000012911
393 0.0000012861
394 0.0000012812
395 0.0000012763
396 0.0000012715
397 0.0000012667
398 0.0000012619
399 0.0000012572
400 0.0000012525
401 0.0000012479
402 0.0000012433
403 0.0000012387
404 0.0000012342
405 0.0000012297
406 0.0000012252
407 0.0000012208
408 0.0000012164
409 0.0000012121
410 0.0000012078
411 0.0000012035
412 0.0000011993
413 0.0000011951
414 0.0000011909
415 0.0000011868
416 0.0000011827
417 0.0000011786
418 0.0000011745
419 0.0000011705
420 0.0000011665
421 0.0000011626
422 0.0000011587
423 0.0000011548
424 0.0000011509
425 0.0000011471
426 0.0000011433
427 0.0000011396
428 0.0000011358
429 0.0000011321
430 0.0000011284
431 0.0000011248
432 0.0000011212
433 0.0000011176
434 0.0000011140
435 0.0000011104
436 0.0000011069
437 0.0000011034
438 0.0000011000
439 0.0000010965
440 0.0000010931
441 0.0000010897
442 0.0000010864
443 0.0000010830
444 0.0000010797
445 0.0000010764
446 0.0000010731
447 0.0000010699
448 0.0000010667
449 0.0000010635
450 0.0000010603
451 0.0000010571
452 0.0000010540
453 0.0000010509
454 0.0000010478
455 0.0000010448
456 0.0000010417
457 0.0000010387
458 0.0000010357
459 0.0000010327
460 0.0000010297
461 0.0000010268
462 0.0000010239
463 0.0000010210
464 0.0000010181
465 0.0000010153
466 0.0000010124
467 0.0000010096
468 0.0000010068
469 0.0000010040
470 0.0000010012
471 0.0000009985
472 0.0000009958
473 0.0000009931
474 0.0000009904
475 0.0000009877
476 0.0000009850
477 0.0000009824
478 0.0000009798
479 0.0000009772
480 0.0000009746
481 0.0000009720
482 0.0000009694
483 0.0000009669
484 0.0000009644
485 0.0000009619
486 0.0000009594
487 0.0000009569
488 0.0000009544
489 0.0000009520
490 0.0000009496
491 0.0000009472
492 0.0000009447
493 0.0000009424
494 0.0000009400
495 0.0000009376
496 0.0000009353
497 0.0000009330
498 0.0000009307
499 0.0000009284
500 0.0000009261
501 0.0000009238
502 0.0000009215
503 0.0000009193
504 0.0000009171
505 0.0000009149
506 0.0000009126
507 0.0000009105
508 0.0000009083
509 0.0000009061
510 0.0000009040
511 0.0000009018
512 0.0000008997
513 0.0000008976
514 0.0000008955
515 0.0000008934
516 0.0000008913
517 0.0000008892
518 0.0000008872
519 0.0000008851
520 0.0000008831
521 0.0000008811
522 0.0000008791
523 0.0000008771
524 0.0000008751
525 0.0000008731
526 0.0000008711
527 0.0000008692
528 0.0000008672
529 0.0000008653
530 0.0000008634
531 0.0000008615
532 0.0000008596
533 0.0000008577
534 0.0000008558
535 0.0000008539
536 0.0000008520
537 0.0000008502
538 0.0000008484
539 0.0000008465
540 0.0000008447
541 0.0000008429
542 0.0000008411
543 0.0000008393
544 0.0000008375
545 0.0000008357
546 0.0000008340
547 0.0000008322
548 0.0000008305
549 0.0000008287
550 0.0000008270
551 0.0000008253
552 0.0000008235
553 0.0000008218
554 0.0000008201
555 0.0000008184
556 0.0000008168
557 0.0000008151
558 0.0000008134
559 0.0000008118
560 0.0000008101
561 0.0000008085
562 0.0000008069
563 0.0000008052
564 0.0000008036
565 0.0000008020
566 0.0000008004
567 0.0000007988
568 0.0000007972
569 0.0000007957
570 0.0000007941
571 0.0000007925
572 0.0000007910
573 0.0000007894
574 0.0000007879
575 0.0000007864
576 0.0000007848
577 0.0000007833
578 0.0000007818
579 0.0000007803
580 0.0000007788
581 0.0000007773
582 0.0000007758
583 0.0000007744
584 0.0000007729
585 0.0000007714
586 0.0000007700
587 0.0000007685
588 0.0000007671
589 0.0000007656
590 0.0000007642
591 0.0000007628
592 0.0000007614
593 0.0000007600
594 0.0000007586
595 0.0000007572
596 0.0000007558
597 0.0000007544
598 0.0000007530
599 0.0000007516
600 0.0000007502
601 0.0000007489
602 0.0000007475
603 0.0000007462
604 0.0000007448
605 0.0000007435
606 0.0000007421
607 0.0000007408
608 0.0000007395
609 0.0000007382
610 0.0000007369
611 0.0000007356
612 0.0000007343
613 0.0000007330
614 0.0000007317
615 0.0000007304
616 0.0000007291
617 0.0000007278
618 0.0000007266
619 0.0000007253
620 0.0000007240
621 0.0000007228
622 0.0000007215
623 0.0000007203
624 0.0000007190
625 0.0000007178
626 0.0000007166
627 0.0000007154
628 0.0000007141
629 0.0000007129
630 0.0000007117
631 0.0000007105
632 0.0000007093
633 0.0000007081
634 0.0000007069
635 0.0000007057
636 0.0000007046
637 0.0000007034
638 0.0000007022
639 0.0000007010
640 0.0000006999
641 0.0000006987
642 0.0000006976
643 0.0000006964
644 0.0000006953
645 0.0000006941
646 0.0000006930
647 0.0000006918
648 0.0000006907
649 0.0000006896
650 0.0000006885
651 0.0000006874
652 0.0000006862
653 0.0000006851
654 0.0000006840
655 0.0000006829
656 0.0000006818
657 0.0000006807
658 0.0000006796
659 0.0000006786
660 0.0000006775
661 0.0000006764
662 0.0000006753
663 0.0000006743
664 0.0000006732
665 0.0000006721
666 0.0000006711
667 0.0000006700
668 0.0000006690
669 0.0000006679
670 0.0000006669
671 0.0000006658
672 0.0000006648
673 0.0000006638
674 0.0000006627
675 0.0000006617
676 0.0000006607
677 0.0000006597
678 0.0000006587
679 0.0000006577
680 0.0000006566
681 0.0000006556
682 0.0000006546
683 0.0000006536
684 0.0000006527
685 0.0000006517
686 0.0000006507
687 0.0000006497
688 0.0000006487
689 0.0000006477
690 0.0000006468
691 0.0000006458
692 0.0000006448
693 0.0000006439
694 0.0000006429
695 0.0000006419
696 0.0000006410
697 0.0000006400
698 0.0000006391
699 0.0000006381
700 0.0000006372
701 0.0000006363
702 0.0000006353
703 0.0000006344
704 0.0000006335
705 0.0000006325
706 0.0000006316
707 0.0000006307
708 0.0000006298
709 0.0000006288
710 0.0000006279
711 0.0000006270
712 0.0000006261
713 0.0000006252
714 0.0000006243
715 0.0000006234
716 0.0000006225
717 0.0000006216
718 0.0000006207
719 0.0000006198
720 0.0000006190
721 0.0000006181
722 0.0000006172
723 0.0000006163
724 0.0000006154
725 0.0000006146
726 0.0000006137
727 0.0000006128
728 0.0000006120
729 0.0000006111
730 0.0000006103
731 0.0000006094
732 0.0000006085
733 0.0000006077
734 0.0000006069
735 0.0000006060
736 0.0000006052
737 0.0000006043
738 0.0000006035
739 0.0000006027
740 0.0000006018
741 0.0000006010
742 0.0000006002
743 0.0000005993
744 0.0000005985
745 0.0000005977
746 0.0000005969
747 0.0000005961
748 0.0000005953
749 0.0000005944
750 0.0000005936
751 0.0000005928
752 0.0000005920
753 0.0000005912
754 0.0000005904
755 0.0000005896
756 0.0000005888
757 0.0000005880
758 0.0000005872
759 0.0000005865
760 0.0000005857
761 0.0000005849
762 0.0000005841
763 0.0000005833
764 0.0000005825
765 0.0000005818
766 0.0000005810
767 0.0000005802
768 0.0000005795
769 0.0000005787
770 0.0000005779
771 0.0000005772
772 0.0000005764
773 0.0000005757
774 0.0000005749
775 0.0000005741
776 0.0000005734
777 0.0000005726
778 0.0000005719
779 0.0000005711
780 0.0000005704
781 0.0000005697
782 0.0000005689
783 0.0000005682
784 0.0000005675
785 0.0000005667
786 0.0000005660
787 0.0000005653
788 0.0000005645
789 0.0000005638
790 0.0000005631
791 0.0000005624
792 0.0000005616
793 0.0000005609
794 0.0000005602
795 0.0000005595
796 0.0000005588
797 0.0000005581
798 0.0000005574
799 0.0000005567
800 0.0000005560
801 0.0000005552
802 0.0000005545
803 0.0000005539
804 0.0000005532
805 0.0000005525
806 0.0000005518
807 0.0000005511
808 0.0000005504
809 0.0000005497
810 0.0000005490
811 0.0000005483
812 0.0000005476
813 0.0000005470
814 0.0000005463
815 0.0000005456
816 0.0000005449
817 0.0000005442
818 0.0000005436
819 0.0000005429
820 0.0000005422
821 0.0000005416
822 0.0000005409
823 0.0000005402
824 0.0000005396
825 0.0000005389
826 0.0000005383
827 0.0000005376
828 0.0000005370
829 0.0000005363
830 0.0000005356
831 0.0000005350
832 0.0000005343
833 0.0000005337
834 0.0000005331
835 0.0000005324
836 0.0000005318
837 0.0000005311
838 0.0000005305
839 0.0000005299
840 0.0000005292
841 0.0000005286
842 0.0000005279
843 0.0000005273
844 0.0000005267
845 0.0000005261
846 0.0000005254
847 0.0000005248
848 0.0000005242
849 0.0000005236
850 0.0000005229
851 0.0000005223
852 0.0000005217
853 0.0000005211
854 0.0000005205
855 0.0000005199
856 0.0000005192
857 0.0000005186
858 0.0000005180
859 0.0000005174
860 0.0000005168
861 0.0000005162
862 0.0000005156
863 0.0000005150
864 0.0000005144
865 0.0000005138
866 0.0000005132
867 0.0000005126
868 0.0000005120
869 0.0000005114
870 0.0000005108
871 0.0000005102
872 0.0000005096
873 0.0000005091
874 0.0000005085
875 0.0000005079
876 0.0000005073
877 0.0000005067
878 0.0000005061
879 0.0000005056
880 0.0000005050
881 0.0000005044
882 0.0000005038
883 0.0000005033
884 0.0000005027
885 0.0000005021
886 0.0000005015
887 0.0000005010
888 0.0000005004
889 0.0000004998
890 0.0000004993
891 0.0000004987
892 0.0000004981
893 0.0000004976
894 0.0000004970
895 0.0000004965
896 0.0000004959
897 0.0000004953
898 0.0000004948
899 0.0000004942
900 0.0000004937
901 0.0000004931
902 0.0000004926
903 0.0000004920
904 0.0000004915
905 0.0000004909
906 0.0000004904
907 0.0000004898
908 0.0000004893
909 0.0000004888
910 0.0000004882
911 0.0000004877
912 0.0000004871
913 0.0000004866
914 0.0000004861
915 0.0000004855
916 0.0000004850
917 0.0000004845
918 0.0000004839
919 0.0000004834
920 0.0000004829
921 0.0000004824
922 0.0000004818
923 0.0000004813
924 0.0000004808
925 0.0000004803
926 0.0000004797
927 0.0000004792
928 0.0000004787
929 0.0000004782
930 0.0000004777
931 0.0000004771
932 0.0000004766
933 0.0000004761
934 0.0000004756
935 0.0000004751
936 0.0000004746
937 0.0000004741
938 0.0000004736
939 0.0000004731
940 0.0000004725
941 0.0000004720
942 0.0000004715
943 0.0000004710
944 0.0000004705
945 0.0000004700
946 0.0000004695
947 0.0000004690
948 0.0000004685
949 0.0000004680
950 0.0000004676
951 0.0000004671
952 0.0000004666
953 0.0000004661
954 0.0000004656
955 0.0000004651
956 0.0000004646
957 0.0000004641
958 0.0000004636
959 0.0000004631
960 0.0000004627
961 0.0000004622
962 0.0000004617
963 0.0000004612
964 0.0000004607
965 0.0000004602
966 0.0000004598
967 0.0000004593
968 0.0000004588
969 0.0000004583
970 0.0000004579
971 0.0000004574
972 0.0000004569
973 0.0000004564
974 0.0000004560
975 0.0000004555
976 0.0000004550
977 0.0000004546
978 0.0000004541
979 0.0000004536
980 0.0000004532
981 0.0000004527
982 0.0000004522
983 0.0000004518
984 0.0000004513
985 0.0000004508
986 0.0000004504
987 0.0000004499
988 0.0000004495
989 0.0000004490
990 0.0000004486
