1 990
0 0.9844892411
1 0.0037311534
2 0.0015585137
3 0.0010817050
4 0.0007936660
5 0.0006229444
6 0.0005109779
7 0.0004311770
8 0.0003713354
9 0.0003248667
10 0.0002877860
11 0.0002575341
12 0.0002324002
13 0.0002112005
14 0.0001930904
15 0.0001774507
16 0.0001638173
17 0.0001518351
18 0.0001412281
19 0.0001317783
20 0.0001233112
21 0.0001156858
22 0.0001087866
23 0.0001025182
24 0.0000968011
25 0.0000915687
26 0.0000867645
27 0.0000823404
28 0.0000782551
29 0.0000744732
30 0.0000709640
31 0.0000677006
32 0.0000646595
33 0.0000618203
34 0.0000591648
35 0.0000566768
36 0.0000543422
37 0.0000521481
38 0.0000500833
39 0.0000481374
40 0.0000463014
41 0.0000445669
42 0.0000429264
43 0.0000413732
44 0.0000399011
45 0.0000385045
46 0.0000371782
47 0.0000359176
48 0.0000347184
49 0.0000335767
50 0.0000324888
51 0.0000314514
52 0.0000304615
53 0.0000295162
54 0.0000286129
55 0.0000277491
56 0.0000269227
57 0.0000261315
58 0.0000253736
59 0.0000246472
60 0.0000239505
61 0.0000232821
62 0.0000226404
63 0.0000220241
64 0.0000214319
65 0.0000208625
66 0.0000203149
67 0.0000197880
68 0.0000192808
69 0.0000187923
70 0.0000183217
71 0.0000178682
72 0.0000174309
73 0.0000170091
74 0.0000166021
75 0.0000162093
76 0.0000158300
77 0.0000154637
78 0.0000151098
79 0.0000147677
80 0.0000144370
81 0.0000141172
82 0.0000138078
83 0.0000135085
84 0.0000132187
85 0.0000129381
86 0.0000126664
87 0.0000124032
88 0.0000121482
89 0.0000119010
90 0.0000116613
91 0.0000114289
92 0.0000112035
93 0.0000109848
94 0.0000107726
95 0.0000105666
96 0.0000103666
97 0.0000101724
98 0.0000099837
99 0.0000098005
100 0.0000096224
101 0.0000094493
102 0.0000092810
103 0.0000091174
104 0.0000089583
105 0.0000088036
106 0.0000086530
107 0.0000085065
108 0.0000083639
109 0.0000082250
110 0.0000080899
111 0.0000079583
112 0.0000078301
113 0.0000077052
114 0.0000075835
115 0.0000074649
116 0.0000073493
117 0.0000072366
118 0.0000071268
119 0.0000070196
120 0.0000069151
121 0.0000068132
122 0.0000067137
123 0.0000066167
124 0.0000065220
125 0.0000064295
126 0.0000063393
127 0.0000062511
128 0.0000061651
129 0.0000060810
130 0.0000059989
131 0.0000059186
132 0.0000058402
133 0.0000057636
134 0.0000056887
135 0.0000056155
136 0.0000055439
137 0.0000054739
138 0.0000054054
139 0.0000053384
140 0.0000052729
141 0.0000052088
142 0.0000051461
143 0.0000050847
144 0.0000050246
145 0.0000049658
146 0.0000049082
147 0.0000048518
148 0.0000047966
149 0.0000047425
150 0.0000046895
151 0.0000046376
152 0.0000045867
153 0.0000045368
154 0.0000044880
155 0.0000044401
156 0.0000043931
157 0.0000043471
158 0.0000043020
159 0.0000042577
160 0.0000042143
161 0.0000041717
162 0.0000041299
163 0.0000040889
164 0.0000040486
165 0.0000040092
166 0.0000039704
167 0.0000039324
168 0.0000038950
169 0.0000038583
170 0.0000038223
171 0.0000037869
172 0.0000037522
173 0.0000037181
174 0.0000036846
175 0.0000036516
176 0.0000036193
177 0.0000035874
178 0.0000035562
179 0.0000035254
180 0.0000034952
181 0.0000034655
182 0.0000034363
183 0.0000034076
184 0.0000033794
185 0.0000033516
186 0.0000033242
187 0.0000032973
188 0.0000032709
189 0.0000032449
190 0.0000032192
191 0.0000031940
192 0.0000031692
193 0.0000031448
194 0.0000031207
195 0.0000030970
196 0.0000030737
197 0.0000030507
198 0.0000030281
199 0.0000030058
200 0.0000029839
201 0.0000029622
202 0.0000029409
203 0.0000029199
204 0.0000028993
205 0.0000028789
206 0.0000028588
207 0.0000028389
208 0.0000028194
209 0.0000028002
210 0.0000027812
211 0.0000027624
212 0.0000027440
213 0.0000027258
214 0.0000027078
215 0.0000026901
216 0.0000026726
217 0.0000026554
218 0.0000026383
219 0.0000026215
220 0.0000026050
221 0.0000025886
222 0.0000025725
223 0.0000025565
224 0.0000025408
225 0.0000025253
226 0.0000025099
227 0.0000024948
228 0.0000024798
229 0.0000024651
230 0.0000024505
231 0.0000024361
232 0.0000024218
233 0.0000024078
234 0.0000023939
235 0.0000023802
236 0.0000023666
237 0.0000023532
238 0.0000023399
239 0.0000023269
240 0.0000023139
241 0.0000023011
242 0.0000022885
243 0.0000022760
244 0.0000022636
245 0.0000022514
246 0.0000022393
247 0.0000022274
248 0.0000022155
249 0.0000022038
250 0.0000021923
251 0.0000021808
252 0.0000021695
253 0.0000021583
254 0.0000021473
255 0.0000021363
256 0.0000021255
257 0.0000021147
258 0.0000021041
259 0.0000020936
260 0.0000020832
261 0.0000020729
262 0.0000020627
263 0.0000020526
264 0.0000020426
265 0.0000020328
266 0.0000020230
267 0.0000020133
268 0.0000020037
269 0.0000019942
270 0.0000019848
271 0.0000019754
272 0.0000019662
273 0.0000019571
274 0.0000019480
275 0.0000019390
276 0.0000019301
277 0.0000019213
278 0.0000019126
279 0.0000019040
280 0.0000018954
281 0.0000018869
282 0.0000018785
283 0.0000018702
284 0.0000018619
285 0.0000018537
286 0.0000018456
287 0.0000018375
288 0.0000018296
289 0.0000018217
290 0.0000018138
291 0.0000018061
292 0.0000017984
293 0.0000017907
294 0.0000017832
295 0.0000017756
296 0.0000017682
297 0.0000017608
298 0.0000017535
299 0.0000017462
300 0.0000017390
301 0.0000017319
302 0.0000017248
303 0.0000017178
304 0.0000017108
305 0.0000017039
306 0.0000016970
307 0.0000016902
308 0.0000016835
309 0.0000016768
310 0.0000016701
311 0.0000016635
312 0.0000016570
313 0.0000016505
314 0.0000016441
315 0.0000016377
316 0.0000016313
317 0.0000016250
318 0.0000016188
319 0.0000016126
320 0.0000016064
321 0.0000016003
322 0.0000015943
323 0.0000015882
324 0.0000015823
325 0.0000015763
326 0.0000015704
327 0.0000015646
328 0.0000015588
329 0.0000015530
330 0.0000015473
331 0.0000015416
332 0.0000015360
333 0.0000015304
334 0.0000015248
335 0.0000015193
336 0.0000015138
337 0.0000015084
338 0.0000015029
339 0.0000014976
340 0.0000014922
341 0.0000014869
342 0.0000014817
343 0.0000014764
344 0.0000014712
345 0.0000014661
346 0.0000014610
347 0.0000014559
348 0.0000014508
349 0.0000014458
350 0.0000014408
351 0.0000014358
352 0.0000014309
353 0.0000014260
354 0.0000014212
355 0.0000014163
356 0.0000014115
357 0.0000014068
358 0.0000014020
359 0.0000013973
360 0.0000013926
361 0.0000013880
362 0.0000013834
363 0.0000013788
364 0.0000013742
365 0.0000013697
366 0.0000013652
367 0.0000013607
368 0.0000013562
369 0.0000013518
370 0.0000013474
371 0.0000013430
372 0.0000013387
373 0.0000013344
374 0.0000013301
375 0.0000013258
376 0.0000013216
377 0.0000013174
378 0.0000013132
379 0.0000013090
380 0.0000013049
381 0.0000013008
382 0.0000012967
383 0.0000012926
384 0.0000012885
385 0.0000012845
386 0.0000012805
387 0.0000012765
388 0.0000012726
389 0.0000012687
390 0.0000012648
391 0.0000012609
392 0.0000012570
393 0.0000012532
394 0.0000012493
395 0.0000012455
396 0.0000012418
397 0.0000012380
398 0.0000012343
399 0.0000012306
400 0.0000012269
401 0.0000012232
402 0.0000012195
403 0.0000012159
404 0.0000012123
405 0.0000012087
406 0.0000012051
407 0.0000012016
408 0.0000011980
409 0.0000011945
410 0.0000011910
411 0.0000011875
412 0.0000011841
413 0.0000011806
414 0.0000011772
415 0.0000011738
416 0.0000011704
417 0.0000011670
418 0.0000011637
419 0.0000011603
420 0.0000011570
421 0.0000011537
422 0.0000011504
423 0.0000011471
424 0.0000011439
425 0.0000011407
426 0.0000011374
427 0.0000011342
428 0.0000011311
429 0.0000011279
430 0.0000011247
431 0.0000011216
432 0.0000011185
433 0.0000011154
434 0.0000011123
435 0.0000011092
436 0.0000011061
437 0.0000011031
438 0.0000011001
439 0.0000010971
440 0.0000010941
441 0.0000010911
442 0.0000010881
443 0.0000010852
444 0.0000010822
445 0.0000010793
446 0.0000010764
447 0.0000010735
448 0.0000010706
449 0.0000010677
450 0.0000010649
451 0.0000010620
452 0.0000010592
453 0.0000010564
454 0.0000010536
455 0.0000010508
456 0.0000010480
457 0.0000010453
458 0.0000010425
459 0.0000010398
460 0.0000010370
461 0.0000010343
462 0.0000010316
463 0.0000010290
464 0.0000010263
465 0.0000010236
466 0.0000010210
467 0.0000010183
468 0.0000010157
469 0.0000010131
470 0.0000010105
471 0.0000010079
472 0.0000010053
473 0.0000010028
474 0.0000010002
475 0.0000009977
476 0.0000009952
477 0.0000009926
478 0.0000009901
479 0.0000009876
480 0.0000009852
481 0.0000009827
482 0.0000009802
483 0.0000009778
484 0.0000009753
485 0.0000009729
486 0.0000009705
487 0.0000009681
488 0.0000009657
489 0.0000009633
490 0.0000009609
491 0.0000009586
492 0.0000009562
493 0.0000009539
494 0.0000009515
495 0.0000009492
496 0.0000009469
497 0.0000009446
498 0.0000009423
499 0.0000009400
500 0.0000009377
501 0.0000009355
502 0.0000009332
503 0.0000009310
504 0.0000009287
505 0.0000009265
506 0.0000009243
507 0.0000009221
508 0.0000009199
509 0.0000009177
510 0.0000009155
511 0.0000009133
512 0.0000009112
513 0.0000009090
514 0.0000009069
515 0.0000009048
516 0.0000009026
517 0.0000009005
518 0.0000008984
519 0.0000008963
520 0.0000008942
521 0.0000008921
522 0.0000008901
523 0.0000008880
524 0.0000008859
525 0.0000008839
526 0.0000008819
527 0.0000008798
528 0.0000008778
529 0.0000008758
530 0.0000008738
531 0.0000008718
532 0.0000008698
533 0.0000008678
534 0.0000008658
535 0.0000008639
536 0.0000008619
537 0.0000008600
538 0.0000008580
539 0.0000008561
540 0.0000008542
541 0.0000008522
542 0.0000008503
543 0.0000008484
544 0.0000008465
545 0.0000008446
546 0.0000008428
547 0.0000008409
548 0.0000008390
549 0.0000008372
550 0.0000008353
551 0.0000008335
552 0.0000008316
553 0.0000008298
554 0.0000008280
555 0.0000008262
556 0.0000008243
557 0.0000008225
558 0.0000008207
559 0.0000008190
560 0.0000008172
561 0.0000008154
562 0.0000008136
563 0.0000008119
564 0.0000008101
565 0.0000008084
566 0.0000008066
567 0.0000008049
568 0.0000008032
569 0.0000008014
570 0.0000007997
571 0.0000007980
572 0.0000007963
573 0.0000007946
574 0.0000007929
575 0.0000007913
576 0.0000007896
577 0.0000007879
578 0.0000007862
579 0.0000007846
580 0.0000007829
581 0.0000007813
582 0.0000007796
583 0.0000007780
584 0.0000007764
585 0.0000007748
586 0.0000007732
587 0.0000007715
588 0.0000007699
589 0.0000007683
590 0.0000007667
591 0.0000007652
592 0.0000007636
593 0.0000007620
594 0.0000007604
595 0.0000007589
596 0.0000007573
597 0.0000007558
598 0.0000007542
599 0.0000007527
600 0.0000007511
601 0.0000007496
602 0.0000007481
603 0.0000007466
604 0.0000007451
605 0.0000007435
606 0.0000007420
607 0.0000007405
608 0.0000007391
609 0.0000007376
610 0.0000007361
611 0.0000007346
612 0.0000007331
613 0.0000007317
614 0.0000007302
615 0.0000007288
616 0.0000007273
617 0.0000007259
618 0.0000007244
619 0.0000007230
620 0.0000007215
621 0.0000007201
622 0.0000007187
623 0.0000007173
624 0.0000007159
625 0.0000007145
626 0.0000007131
627 0.0000007117
628 0.0000007103
629 0.0000007089
630 0.0000007075
631 0.0000007061
632 0.0000007048
633 0.0000007034
634 0.0000007020
635 0.0000007007
636 0.0000006993
637 0.0000006980
638 0.0000006966
639 0.0000006953
640 0.0000006939
641 0.0000006926
642 0.0000006913
643 0.0000006900
644 0.0000006886
645 0.0000006873
646 0.0000006860
647 0.0000006847
648 0.0000006834
649 0.0000006821
650 0.0000006808
651 0.0000006795
652 0.0000006783
653 0.0000006770
654 0.0000006757
655 0.0000006744
656 0.0000006732
657 0.0000006719
658 0.0000006706
659 0.0000006694
660 0.0000006681
661 0.0000006669
662 0.0000006656
663 0.0000006644
664 0.0000006632
665 0.0000006619
666 0.0000006607
667 0.0000006595
668 0.0000006583
669 0.0000006571
670 0.0000006558
671 0.0000006546
672 0.0000006534
673 0.0000006522
674 0.0000006510
675 0.0000006499
676 0.0000006487
677 0.0000006475
678 0.0000006463
679 0.0000006451
680 0.0000006440
681 0.0000006428
682 0.0000006416
683 0.0000006405
684 0.0000006393
685 0.0000006381
686 0.0000006370
687 0.0000006358
688 0.0000006347
689 0.0000006336
690 0.0000006324
691 0.0000006313
692 0.0000006302
693 0.0000006290
694 0.0000006279
695 0.0000006268
696 0.0000006257
697 0.0000006246
698 0.0000006235
699 0.0000006224
700 0.0000006213
701 0.0000006202
702 0.0000006191
703 0.0000006180
704 0.0000006169
705 0.0000006158
706 0.0000006147
707 0.0000006136
708 0.0000006126
709 0.0000006115
710 0.0000006104
711 0.0000006094
712 0.0000006083
713 0.0000006072
714 0.0000006062
715 0.0000006051
716 0.0000006041
717 0.0000006030
718 0.0000006020
719 0.0000006009
720 0.0000005999
721 0.0000005989
722 0.0000005978
723 0.0000005968
724 0.0000005958
725 0.0000005948
726 0.0000005937
727 0.0000005927
728 0.0000005917
729 0.0000005907
730 0.0000005897
731 0.0000005887
732 0.0000005877
733 0.0000005867
734 0.0000005857
735 0.0000005847
736 0.0000005837
737 0.0000005827
738 0.0000005817
739 0.0000005808
740 0.0000005798
741 0.0000005788
742 0.0000005778
743 0.0000005769
744 0.0000005759
745 0.0000005749
746 0.0000005740
747 0.0000005730
748 0.0000005721
749 0.0000005711
750 0.0000005702
751 0.0000005692
752 0.0000005683
753 0.0000005673
754 0.0000005664
755 0.0000005654
756 0.0000005645
757 0.0000005636
758 0.0000005626
759 0.0000005617
760 0.0000005608
761 0.0000005599
762 0.0000005590
763 0.0000005580
764 0.0000005571
765 0.0000005562
766 0.0000005553
767 0.0000005544
768 0.0000005535
769 0.0000005526
770 0.0000005517
771 0.0000005508
772 0.0000005499
773 0.0000005490
774 0.0000005481
775 0.0000005472
776 0.0000005464
777 0.0000005455
778 0.0000005446
779 0.0000005437
780 0.0000005428
781 0.0000005420
782 0.0000005411
783 0.0000005402
784 0.0000005394
785 0.0000005385
786 0.0000005376
787 0.0000005368
788 0.0000005359
789 0.0000005351
790 0.0000005342
791 0.0000005334
792 0.0000005325
793 0.0000005317
794 0.0000005308
795 0.0000005300
796 0.0000005292
797 0.0000005283
798 0.0000005275
799 0.0000005267
800 0.0000005258
801 0.0000005250
802 0.0000005242
803 0.0000005234
804 0.0000005225
805 0.0000005217
806 0.0000005209
807 0.0000005201
808 0.0000005193
809 0.0000005185
810 0.0000005177
811 0.0000005168
812 0.0000005160
813 0.0000005152
814 0.0000005144
815 0.0000005136
816 0.0000005128
817 0.0000005121
818 0.0000005113
819 0.0000005105
820 0.0000005097
821 0.0000005089
822 0.0000005081
823 0.0000005073
824 0.0000005066
825 0.0000005058
826 0.0000005050
827 0.0000005042
828 0.0000005035
829 0.0000005027
830 0.0000005019
831 0.0000005011
832 0.0000005004
833 0.0000004996
834 0.0000004989
835 0.0000004981
836 0.0000004973
837 0.0000004966
838 0.0000004958
839 0.0000004951
840 0.0000004943
841 0.0000004936
842 0.0000004928
843 0.0000004921
844 0.0000004913
845 0.0000004906
846 0.0000004899
847 0.0000004891
848 0.0000004884
849 0.0000004877
850 0.0000004869
851 0.0000004862
852 0.0000004855
853 0.0000004847
854 0.0000004840
855 0.0000004833
856 0.0000004826
857 0.0000004818
858 0.0000004811
859 0.0000004804
860 0.0000004797
861 0.0000004790
862 0.0000004783
863 0.0000004776
864 0.0000004768
865 0.0000004761
866 0.0000004754
867 0.0000004747
868 0.0000004740
869 0.0000004733
870 0.0000004726
871 0.0000004719
872 0.0000004712
873 0.0000004705
874 0.0000004698
875 0.0000004691
876 0.0000004685
877 0.0000004678
878 0.0000004671
879 0.0000004664
880 0.0000004657
881 0.0000004650
882 0.0000004643
883 0.0000004637
884 0.0000004630
885 0.0000004623
886 0.0000004616
887 0.0000004610
888 0.0000004603
889 0.0000004596
890 0.0000004589
891 0.0000004583
892 0.0000004576
893 0.0000004569
894 0.0000004563
895 0.0000004556
896 0.0000004549
897 0.0000004543
898 0.0000004536
899 0.0000004530
900 0.0000004523
901 0.0000004516
902 0.0000004510
903 0.0000004503
904 0.0000004497
905 0.0000004490
906 0.0000004484
907 0.0000004477
908 0.0000004471
909 0.0000004464
910 0.0000004458
911 0.0000004451
912 0.0000004445
913 0.0000004438
914 0.0000004432
915 0.0000004426
916 0.0000004419
917 0.0000004413
918 0.0000004406
919 0.0000004400
920 0.0000004394
921 0.0000004387
922 0.0000004381
923 0.0000004375
924 0.0000004368
925 0.0000004362
926 0.0000004356
927 0.0000004349
928 0.0000004343
929 0.0000004337
930 0.0000004330
931 0.0000004324
932 0.0000004318
933 0.0000004312
934 0.0000004305
935 0.0000004299
936 0.0000004293
937 0.0000004286
938 0.0000004280
939 0.0000004274
940 0.0000004268
941 0.0000004261
942 0.0000004255
943 0.0000004249
944 0.0000004243
945 0.0000004236
946 0.0000004230
947 0.0000004224
948 0.0000004218
949 0.0000004211
950 0.0000004205
951 0.0000004199
952 0.0000004192
953 0.0000004186
954 0.0000004180
955 0.0000004173
956 0.0000004167
957 0.0000004160
958 0.0000004154
959 0.0000004147
960 0.0000004141
961 0.0000004134
962 0.0000004128
963 0.0000004121
964 0.0000004114
965 0.0000004108
966 0.0000004101
967 0.0000004094
968 0.0000004087
969 0.0000004080
970 0.0000004072
971 0.0000004065
972 0.0000004057
973 0.0000004049
974 0.0000004041
975 0.0000004033
976 0.0000004024
977 0.0000004015
978 0.0000004005
979 0.0000003994
980 0.0000003982
981 0.0000003969
982 0.0000003954
983 0.0000003937
984 0.0000003915
985 0.0000003887
986 0.0000003848
987 0.0000003789
988 0.0000003671
989 0.0000003271
990 0.0000000000
