1 990
0 0.9792077918
1 0.0060368372
2 0.0023858873
3 0.0015951963
4 0.0011324549
5 0.0008644083
6 0.0006922916
7 0.0005720721
8 0.0004836065
9 0.0004161055
10 0.0003631156
11 0.0003205409
12 0.0002856731
13 0.0002566572
14 0.0002321830
15 0.0002112992
16 0.0001932995
17 0.0001776487
18 0.0001639344
19 0.0001518337
20 0.0001410907
21 0.0001314999
22 0.0001228946
23 0.0001151381
24 0.0001081174
25 0.0001017385
26 0.0000959223
27 0.0000906018
28 0.0000857202
29 0.0000812288
30 0.0000770856
31 0.0000732545
32 0.0000697038
33 0.0000664061
34 0.0000633373
35 0.0000604760
36 0.0000578037
37 0.0000553035
38 0.0000529608
39 0.0000507624
40 0.0000486965
41 0.0000467524
42 0.0000449207
43 0.0000431927
44 0.0000415607
45 0.0000400177
46 0.0000385573
47 0.0000371736
48 0.0000358614
49 0.0000346159
50 0.0000334325
51 0.0000323072
52 0.0000312364
53 0.0000302165
54 0.0000292444
55 0.0000283172
56 0.0000274322
57 0.0000265869
58 0.0000257790
59 0.0000250064
60 0.0000242670
61 0.0000235590
62 0.0000228808
63 0.0000222306
64 0.0000216071
65 0.0000210087
66 0.0000204342
67 0.0000198824
68 0.0000193521
69 0.0000188422
70 0.0000183518
71 0.0000178799
72 0.0000174256
73 0.0000169880
74 0.0000165664
75 0.0000161601
76 0.0000157683
77 0.0000153904
78 0.0000150257
79 0.0000146737
80 0.0000143338
81 0.0000140054
82 0.0000136882
83 0.0000133815
84 0.0000130851
85 0.0000127983
86 0.0000125209
87 0.0000122524
88 0.0000119925
89 0.0000117408
90 0.0000114971
91 0.0000112609
92 0.0000110321
93 0.0000108102
94 0.0000105951
95 0.0000103865
96 0.0000101841
97 0.0000099877
98 0.0000097972
99 0.0000096121
100 0.0000094325
101 0.0000092580
102 0.0000090884
103 0.0000089237
104 0.0000087636
105 0.0000086080
106 0.0000084567
107 0.0000083096
108 0.0000081665
109 0.0000080272
110 0.0000078917
111 0.0000077598
112 0.0000076315
113 0.0000075065
114 0.0000073847
115 0.0000072662
116 0.0000071507
117 0.0000070381
118 0.0000069284
119 0.0000068215
120 0.0000067173
121 0.0000066157
122 0.0000065166
123 0.0000064199
124 0.0000063256
125 0.0000062336
126 0.0000061438
127 0.0000060561
128 0.0000059706
129 0.0000058870
130 0.0000058055
131 0.0000057258
132 0.0000056480
133 0.0000055720
134 0.0000054977
135 0.0000054251
136 0.0000053541
137 0.0000052848
138 0.0000052170
139 0.0000051507
140 0.0000050858
141 0.0000050224
142 0.0000049603
143 0.0000048996
144 0.0000048402
145 0.0000047821
146 0.0000047252
147 0.0000046695
148 0.0000046150
149 0.0000045616
150 0.0000045093
151 0.0000044581
152 0.0000044079
153 0.0000043588
154 0.0000043106
155 0.0000042635
156 0.0000042172
157 0.0000041719
158 0.0000041274
159 0.0000040839
160 0.0000040412
161 0.0000039993
162 0.0000039582
163 0.0000039179
164 0.0000038783
165 0.0000038395
166 0.0000038015
167 0.0000037641
168 0.0000037274
169 0.0000036915
170 0.0000036561
171 0.0000036214
172 0.0000035874
173 0.0000035539
174 0.0000035211
175 0.0000034888
176 0.0000034571
177 0.0000034259
178 0.0000033953
179 0.0000033653
180 0.0000033357
181 0.0000033066
182 0.0000032781
183 0.0000032500
184 0.0000032224
185 0.0000031952
186 0.0000031685
187 0.0000031423
188 0.0000031165
189 0.0000030910
190 0.0000030661
191 0.0000030415
192 0.0000030172
193 0.0000029934
194 0.0000029700
195 0.0000029469
196 0.0000029242
197 0.0000029018
198 0.0000028798
199 0.0000028581
200 0.0000028367
201 0.0000028157
202 0.0000027950
203 0.0000027746
204 0.0000027545
205 0.0000027347
206 0.0000027151
207 0.0000026959
208 0.0000026769
209 0.0000026582
210 0.0000026398
211 0.0000026217
212 0.0000026038
213 0.0000025861
214 0.0000025687
215 0.0000025515
216 0.0000025346
217 0.0000025179
218 0.0000025014
219 0.0000024852
220 0.0000024691
221 0.0000024533
222 0.0000024377
223 0.0000024223
224 0.0000024071
225 0.0000023921
226 0.0000023773
227 0.0000023627
228 0.0000023482
229 0.0000023340
230 0.0000023199
231 0.0000023060
232 0.0000022923
233 0.0000022788
234 0.0000022654
235 0.0000022521
236 0.0000022391
237 0.0000022262
238 0.0000022134
239 0.0000022008
240 0.0000021884
241 0.0000021761
242 0.0000021639
243 0.0000021519
244 0.0000021401
245 0.0000021283
246 0.0000021167
247 0.0000021052
248 0.0000020939
249 0.0000020827
250 0.0000020716
251 0.0000020606
252 0.0000020498
253 0.0000020391
254 0.0000020285
255 0.0000020180
256 0.0000020076
257 0.0000019973
258 0.0000019872
259 0.0000019771
260 0.0000019672
261 0.0000019573
262 0.0000019476
263 0.0000019379
264 0.0000019284
265 0.0000019190
266 0.0000019096
267 0.0000019004
268 0.0000018912
269 0.0000018821
270 0.0000018732
271 0.0000018643
272 0.0000018555
273 0.0000018468
274 0.0000018381
275 0.0000018296
276 0.0000018211
277 0.0000018127
278 0.0000018044
279 0.0000017962
280 0.0000017881
281 0.0000017800
282 0.0000017720
283 0.0000017641
284 0.0000017562
285 0.0000017484
286 0.0000017407
287 0.0000017331
288 0.0000017255
289 0.0000017180
290 0.0000017106
291 0.0000017032
292 0.0000016959
293 0.0000016887
294 0.0000016815
295 0.0000016744
296 0.0000016673
297 0.0000016604
298 0.0000016534
299 0.0000016465
300 0.0000016397
301 0.0000016330
302 0.0000016263
303 0.0000016196
304 0.0000016130
305 0.0000016065
306 0.0000016000
307 0.0000015936
308 0.0000015872
309 0.0000015809
310 0.0000015746
311 0.0000015684
312 0.0000015622
313 0.0000015561
314 0.0000015500
315 0.0000015440
316 0.0000015380
317 0.0000015321
318 0.0000015262
319 0.0000015203
320 0.0000015145
321 0.0000015088
322 0.0000015031
323 0.0000014974
324 0.0000014918
325 0.0000014862
326 0.0000014806
327 0.0000014751
328 0.0000014697
329 0.0000014642
330 0.0000014589
331 0.0000014535
332 0.0000014482
333 0.0000014429
334 0.0000014377
335 0.0000014325
336 0.0000014274
337 0.0000014223
338 0.0000014172
339 0.0000014121
340 0.0000014071
341 0.0000014022
342 0.0000013972
343 0.0000013923
344 0.0000013874
345 0.0000013826
346 0.0000013778
347 0.0000013730
348 0.0000013683
349 0.0000013636
350 0.0000013589
351 0.0000013542
352 0.0000013496
353 0.0000013450
354 0.0000013405
355 0.0000013360
356 0.0000013315
357 0.0000013270
358 0.0000013226
359 0.0000013182
360 0.0000013138
361 0.0000013094
362 0.0000013051
363 0.0000013008
364 0.0000012966
365 0.0000012923
366 0.0000012881
367 0.0000012839
368 0.0000012797
369 0.0000012756
370 0.0000012715
371 0.0000012674
372 0.0000012634
373 0.0000012593
374 0.0000012553
375 0.0000012513
376 0.0000012474
377 0.0000012434
378 0.0000012395
379 0.0000012356
380 0.0000012318
381 0.0000012279
382 0.0000012241
383 0.0000012203
384 0.0000012165
385 0.0000012128
386 0.0000012091
387 0.0000012053
388 0.0000012017
389 0.0000011980
390 0.0000011944
391 0.0000011907
392 0.0000011871
393 0.0000011835
394 0.0000011800
395 0.0000011764
396 0.0000011729
397 0.0000011694
398 0.0000011659
399 0.0000011625
400 0.0000011590
401 0.0000011556
402 0.0000011522
403 0.0000011488
404 0.0000011455
405 0.0000011421
406 0.0000011388
407 0.0000011355
408 0.0000011322
409 0.0000011289
410 0.0000011257
411 0.0000011224
412 0.0000011192
413 0.0000011160
414 0.0000011128
415 0.0000011096
416 0.0000011065
417 0.0000011034
418 0.0000011002
419 0.0000010971
420 0.0000010940
421 0.0000010910
422 0.0000010879
423 0.0000010849
424 0.0000010819
425 0.0000010789
426 0.0000010759
427 0.0000010729
428 0.0000010699
429 0.0000010670
430 0.0000010641
431 0.0000010611
432 0.0000010582
433 0.0000010554
434 0.0000010525
435 0.0000010496
436 0.0000010468
437 0.0000010440
438 0.0000010412
439 0.0000010384
440 0.0000010356
441 0.0000010328
442 0.0000010300
443 0.0000010273
444 0.0000010246
445 0.0000010219
446 0.0000010192
447 0.0000010165
448 0.0000010138
449 0.0000010111
450 0.0000010085
451 0.0000010058
452 0.0000010032
453 0.0000010006
454 0.0000009980
455 0.0000009954
456 0.0000009929
457 0.0000009903
458 0.0000009877
459 0.0000009852
460 0.0000009827
461 0.0000009802
462 0.0000009777
463 0.0000009752
464 0.0000009727
465 0.0000009702
466 0.0000009678
467 0.0000009653
468 0.0000009629
469 0.0000009605
470 0.0000009581
471 0.0000009557
472 0.0000009533
473 0.0000009509
474 0.0000009485
475 0.0000009462
476 0.0000009438
477 0.0000009415
478 0.0000009392
479 0.0000009369
480 0.0000009346
481 0.0000009323
482 0.0000009300
483 0.0000009277
484 0.0000009255
485 0.0000009232
486 0.0000009210
487 0.0000009188
488 0.0000009165
489 0.0000009143
490 0.0000009121
491 0.0000009099
492 0.0000009078
493 0.0000009056
494 0.0000009034
495 0.0000009013
496 0.0000008991
497 0.0000008970
498 0.0000008949
499 0.0000008928
500 0.0000008907
501 0.0000008886
502 0.0000008865
503 0.0000008844
504 0.0000008823
505 0.0000008803
506 0.0000008782
507 0.0000008762
508 0.0000008741
509 0.0000008721
510 0.0000008701
511 0.0000008681
512 0.0000008661
513 0.0000008641
514 0.0000008621
515 0.0000008601
516 0.0000008582
517 0.0000008562
518 0.0000008543
519 0.0000008523
520 0.0000008504
521 0.0000008485
522 0.0000008466
523 0.0000008446
524 0.0000008427
525 0.0000008408
526 0.0000008390
527 0.0000008371
528 0.0000008352
529 0.0000008333
530 0.0000008315
531 0.0000008296
532 0.0000008278
533 0.0000008260
534 0.0000008241
535 0.0000008223
536 0.0000008205
537 0.0000008187
538 0.0000008169
539 0.0000008151
540 0.0000008133
541 0.0000008116
542 0.0000008098
543 0.0000008080
544 0.0000008063
545 0.0000008045
546 0.0000008028
547 0.0000008011
548 0.0000007993
549 0.0000007976
550 0.0000007959
551 0.0000007942
552 0.0000007925
553 0.0000007908
554 0.0000007891
555 0.0000007874
556 0.0000007858
557 0.0000007841
558 0.0000007824
559 0.0000007808
560 0.0000007791
561 0.0000007775
562 0.0000007759
563 0.0000007742
564 0.0000007726
565 0.0000007710
566 0.0000007694
567 0.0000007678
568 0.0000007662
569 0.0000007646
570 0.0000007630
571 0.0000007614
572 0.0000007599
573 0.0000007583
574 0.0000007567
575 0.0000007552
576 0.0000007536
577 0.0000007521
578 0.0000007506
579 0.0000007490
580 0.0000007475
581 0.0000007460
582 0.0000007445
583 0.0000007429
584 0.0000007414
585 0.0000007399
586 0.0000007384
587 0.0000007370
588 0.0000007355
589 0.0000007340
590 0.0000007325
591 0.0000007311
592 0.0000007296
593 0.0000007281
594 0.0000007267
595 0.0000007253
596 0.0000007238
597 0.0000007224
598 0.0000007209
599 0.0000007195
600 0.0000007181
601 0.0000007167
602 0.0000007153
603 0.0000007139
604 0.0000007125
605 0.0000007111
606 0.0000007097
607 0.0000007083
608 0.0000007069
609 0.0000007056
610 0.0000007042
611 0.0000007028
612 0.0000007015
613 0.0000007001
614 0.0000006988
615 0.0000006974
616 0.0000006961
617 0.0000006947
618 0.0000006934
619 0.0000006921
620 0.0000006908
621 0.0000006894
622 0.0000006881
623 0.0000006868
624 0.0000006855
625 0.0000006842
626 0.0000006829
627 0.0000006816
628 0.0000006803
629 0.0000006791
630 0.0000006778
631 0.0000006765
632 0.0000006752
633 0.0000006740
634 0.0000006727
635 0.0000006715
636 0.0000006702
637 0.0000006690
638 0.0000006677
639 0.0000006665
640 0.0000006652
641 0.0000006640
642 0.0000006628
643 0.0000006616
644 0.0000006603
645 0.0000006591
646 0.0000006579
647 0.0000006567
648 0.0000006555
649 0.0000006543
650 0.0000006531
651 0.0000006519
652 0.0000006507
653 0.0000006496
654 0.0000006484
655 0.0000006472
656 0.0000006460
657 0.0000006449
658 0.0000006437
659 0.0000006425
660 0.0000006414
661 0.0000006402
662 0.0000006391
663 0.0000006379
664 0.0000006368
665 0.0000006357
666 0.0000006345
667 0.0000006334
668 0.0000006323
669 0.0000006312
670 0.0000006300
671 0.0000006289
672 0.0000006278
673 0.0000006267
674 0.0000006256
675 0.0000006245
676 0.0000006234
677 0.0000006223
678 0.0000006212
679 0.0000006201
680 0.0000006190
681 0.0000006180
682 0.0000006169
683 0.0000006158
684 0.0000006147
685 0.0000006137
686 0.0000006126
687 0.0000006115
688 0.0000006105
689 0.0000006094
690 0.0000006084
691 0.0000006073
692 0.0000006063
693 0.0000006052
694 0.0000006042
695 0.0000006032
696 0.0000006021
697 0.0000006011
698 0.0000006001
699 0.0000005991
700 0.0000005980
701 0.0000005970
702 0.0000005960
703 0.0000005950
704 0.0000005940
705 0.0000005930
706 0.0000005920
707 0.0000005910
708 0.0000005900
709 0.0000005890
710 0.0000005880
711 0.0000005870
712 0.0000005861
713 0.0000005851
714 0.0000005841
715 0.0000005831
716 0.0000005822
717 0.0000005812
718 0.0000005802
719 0.0000005793
720 0.0000005783
721 0.0000005773
722 0.0000005764
723 0.0000005754
724 0.0000005745
725 0.0000005736
726 0.0000005726
727 0.0000005717
728 0.0000005707
729 0.0000005698
730 0.0000005689
731 0.0000005679
732 0.0000005670
733 0.0000005661
734 0.0000005652
735 0.0000005642
736 0.0000005633
737 0.0000005624
738 0.0000005615
739 0.0000005606
740 0.0000005597
741 0.0000005588
742 0.0000005579
743 0.0000005570
744 0.0000005561
745 0.0000005552
746 0.0000005543
747 0.0000005534
748 0.0000005526
749 0.0000005517
750 0.0000005508
751 0.0000005499
752 0.0000005490
753 0.0000005482
754 0.0000005473
755 0.0000005464
756 0.0000005456
757 0.0000005447
758 0.0000005438
759 0.0000005430
760 0.0000005421
761 0.0000005413
762 0.0000005404
763 0.0000005396
764 0.0000005387
765 0.0000005379
766 0.0000005370
767 0.0000005362
768 0.0000005354
769 0.0000005345
770 0.0000005337
771 0.0000005329
772 0.0000005320
773 0.0000005312
774 0.0000005304
775 0.0000005296
776 0.0000005288
777 0.0000005279
778 0.0000005271
779 0.0000005263
780 0.0000005255
781 0.0000005247
782 0.0000005239
783 0.0000005231
784 0.0000005223
785 0.0000005215
786 0.0000005207
787 0.0000005199
788 0.0000005191
789 0.0000005183
790 0.0000005175
791 0.0000005167
792 0.0000005160
793 0.0000005152
794 0.0000005144
795 0.0000005136
796 0.0000005128
797 0.0000005121
798 0.0000005113
799 0.0000005105
800 0.0000005098
801 0.0000005090
802 0.0000005082
803 0.0000005075
804 0.0000005067
805 0.0000005059
806 0.0000005052
807 0.0000005044
808 0.0000005037
809 0.0000005029
810 0.0000005022
811 0.0000005014
812 0.0000005007
813 0.0000005000
814 0.0000004992
815 0.0000004985
816 0.0000004977
817 0.0000004970
818 0.0000004963
819 0.0000004955
820 0.0000004948
821 0.0000004941
822 0.0000004933
823 0.0000004926
824 0.0000004919
825 0.0000004912
826 0.0000004905
827 0.0000004897
828 0.0000004890
829 0.0000004883
830 0.0000004876
831 0.0000004869
832 0.0000004862
833 0.0000004855
834 0.0000004848
835 0.0000004841
836 0.0000004834
837 0.0000004827
838 0.0000004820
839 0.0000004813
840 0.0000004806
841 0.0000004799
842 0.0000004792
843 0.0000004785
844 0.0000004778
845 0.0000004771
846 0.0000004764
847 0.0000004757
848 0.0000004751
849 0.0000004744
850 0.0000004737
851 0.0000004730
852 0.0000004724
853 0.0000004717
854 0.0000004710
855 0.0000004703
856 0.0000004697
857 0.0000004690
858 0.0000004683
859 0.0000004677
860 0.0000004670
861 0.0000004663
862 0.0000004657
863 0.0000004650
864 0.0000004644
865 0.0000004637
866 0.0000004630
867 0.0000004624
868 0.0000004617
869 0.0000004611
870 0.0000004604
871 0.0000004598
872 0.0000004591
873 0.0000004585
874 0.0000004579
875 0.0000004572
876 0.0000004566
877 0.0000004559
878 0.0000004553
879 0.0000004547
880 0.0000004540
881 0.0000004534
882 0.0000004528
883 0.0000004521
884 0.0000004515
885 0.0000004509
886 0.0000004502
887 0.0000004496
888 0.0000004490
889 0.0000004484
890 0.0000004477
891 0.0000004471
892 0.0000004465
893 0.0000004459
894 0.0000004453
895 0.0000004446
896 0.0000004440
897 0.0000004434
898 0.0000004428
899 0.0000004422
900 0.0000004416
901 0.0000004410
902 0.0000004403
903 0.0000004397
904 0.0000004391
905 0.0000004385
906 0.0000004379
907 0.0000004373
908 0.0000004367
909 0.0000004361
910 0.0000004355
911 0.0000004349
912 0.0000004343
913 0.0000004337
914 0.0000004331
915 0.0000004325
916 0.0000004319
917 0.0000004313
918 0.0000004307
919 0.0000004301
920 0.0000004295
921 0.0000004290
922 0.0000004284
923 0.0000004278
924 0.0000004272
925 0.0000004266
926 0.0000004260
927 0.0000004254
928 0.0000004248
929 0.0000004242
930 0.0000004237
931 0.0000004231
932 0.0000004225
933 0.0000004219
934 0.0000004213
935 0.0000004207
936 0.0000004202
937 0.0000004196
938 0.0000004190
939 0.0000004184
940 0.0000004178
941 0.0000004172
942 0.0000004167
943 0.0000004161
944 0.0000004155
945 0.0000004149
946 0.0000004143
947 0.0000004137
948 0.0000004131
949 0.0000004126
950 0.0000004120
951 0.0000004114
952 0.0000004108
953 0.0000004102
954 0.0000004096
955 0.0000004090
956 0.0000004084
957 0.0000004078
958 0.0000004072
959 0.0000004066
960 0.0000004060
961 0.0000004054
962 0.0000004048
963 0.0000004041
964 0.0000004035
965 0.0000004029
966 0.0000004022
967 0.0000004016
968 0.0000004009
969 0.0000004003
970 0.0000003996
971 0.0000003989
972 0.0000003981
973 0.0000003974
974 0.0000003966
975 0.0000003958
976 0.0000003950
977 0.0000003941
978 0.0000003932
979 0.0000003921
980 0.0000003910
981 0.0000003898
982 0.0000003883
983 0.0000003866
984 0.0000003846
985 0.0000003818
986 0.0000003780
987 0.0000003723
988 0.0000003607
989 0.0000003214
990 0.0000000000
