1 818
0 0.9864021102
1 0.0050561250
2 0.0018371516
3 0.0011566763
4 0.0007707848
5 0.0005540941
6 0.0004195075
7 0.0003286750
8 0.0002641483
9 0.0002166627
10 0.0001807381
11 0.0001529370
12 0.0001310137
13 0.0001134499
14 0.0000991870
15 0.0000874681
16 0.0000777393
17 0.0000695878
18 0.0000627007
19 0.0000568376
20 0.0000518114
21 0.0000474748
22 0.0000437105
23 0.0000404247
24 0.0000375413
25 0.0000349982
26 0.0000327447
27 0.0000307388
28 0.0000289455
29 0.0000273356
30 0.0000258848
31 0.0000245723
32 0.0000233807
33 0.0000222951
34 0.0000213027
35 0.0000203927
36 0.0000195557
37 0.0000187836
38 0.0000180694
39 0.0000174069
40 0.0000167908
41 0.0000162165
42 0.0000156800
43 0.0000151776
44 0.0000147061
45 0.0000142627
46 0.0000138451
47 0.0000134509
48 0.0000130782
49 0.0000127253
50 0.0000123905
51 0.0000120725
52 0.0000117700
53 0.0000114819
54 0.0000112071
55 0.0000109447
56 0.0000106938
57 0.0000104537
58 0.0000102237
59 0.0000100031
60 0.0000097913
61 0.0000095878
62 0.0000093922
63 0.0000092039
64 0.0000090225
65 0.0000088477
66 0.0000086790
67 0.0000085163
68 0.0000083591
69 0.0000082071
70 0.0000080602
71 0.0000079181
72 0.0000077804
73 0.0000076471
74 0.0000075179
75 0.0000073926
76 0.0000072711
77 0.0000071532
78 0.0000070387
79 0.0000069274
80 0.0000068194
81 0.0000067143
82 0.0000066121
83 0.0000065127
84 0.0000064160
85 0.0000063218
86 0.0000062301
87 0.0000061407
88 0.0000060536
89 0.0000059687
90 0.0000058860
91 0.0000058052
92 0.0000057265
93 0.0000056496
94 0.0000055746
95 0.0000055013
96 0.0000054298
97 0.0000053598
98 0.0000052915
99 0.0000052247
100 0.0000051595
101 0.0000050956
102 0.0000050332
103 0.0000049721
104 0.0000049123
105 0.0000048538
106 0.0000047966
107 0.0000047405
108 0.0000046856
109 0.0000046318
110 0.0000045791
111 0.0000045275
112 0.0000044769
113 0.0000044273
114 0.0000043787
115 0.0000043310
116 0.0000042842
117 0.0000042383
118 0.0000041933
119 0.0000041492
120 0.0000041059
121 0.0000040633
122 0.0000040216
123 0.0000039806
124 0.0000039403
125 0.0000039008
126 0.0000038619
127 0.0000038238
128 0.0000037863
129 0.0000037495
130 0.0000037133
131 0.0000036777
132 0.0000036427
133 0.0000036083
134 0.0000035745
135 0.0000035413
136 0.0000035086
137 0.0000034764
138 0.0000034448
139 0.0000034136
140 0.0000033830
141 0.0000033528
142 0.0000033232
143 0.0000032939
144 0.0000032652
145 0.0000032369
146 0.0000032090
147 0.0000031815
148 0.0000031545
149 0.0000031279
150 0.0000031016
151 0.0000030758
152 0.0000030503
153 0.0000030252
154 0.0000030005
155 0.0000029761
156 0.0000029521
157 0.0000029285
158 0.0000029051
159 0.0000028821
160 0.0000028594
161 0.0000028371
162 0.0000028150
163 0.0000027932
164 0.0000027718
165 0.0000027506
166 0.0000027297
167 0.0000027091
168 0.0000026888
169 0.0000026688
170 0.0000026490
171 0.0000026295
172 0.0000026102
173 0.0000025912
174 0.0000025724
175 0.0000025538
176 0.0000025355
177 0.0000025175
178 0.0000024996
179 0.0000024820
180 0.0000024646
181 0.0000024474
182 0.0000024305
183 0.0000024137
184 0.0000023972
185 0.0000023808
186 0.0000023646
187 0.0000023487
188 0.0000023329
189 0.0000023173
190 0.0000023019
191 0.0000022867
192 0.0000022717
193 0.0000022568
194 0.0000022421
195 0.0000022276
196 0.0000022132
197 0.0000021990
198 0.0000021850
199 0.0000021711
200 0.0000021574
201 0.0000021439
202 0.0000021305
203 0.0000021172
204 0.0000021041
205 0.0000020911
206 0.0000020783
207 0.0000020656
208 0.0000020530
209 0.0000020406
210 0.0000020283
211 0.0000020162
212 0.0000020041
213 0.0000019922
214 0.0000019805
215 0.0000019688
216 0.0000019573
217 0.0000019459
218 0.0000019346
219 0.0000019234
220 0.0000019124
221 0.0000019014
222 0.0000018906
223 0.0000018798
224 0.0000018692
225 0.0000018587
226 0.0000018483
227 0.0000018380
228 0.0000018278
229 0.0000018177
230 0.0000018077
231 0.0000017978
232 0.0000017880
233 0.0000017782
234 0.0000017686
235 0.0000017591
236 0.0000017497
237 0.0000017403
238 0.0000017310
239 0.0000017219
240 0.0000017128
241 0.0000017038
242 0.0000016949
243 0.0000016860
244 0.0000016773
245 0.0000016686
246 0.0000016600
247 0.0000016515
248 0.0000016431
249 0.0000016347
250 0.0000016264
251 0.0000016182
252 0.0000016101
253 0.0000016020
254 0.0000015940
255 0.0000015861
256 0.0000015782
257 0.0000015704
258 0.0000015627
259 0.0000015551
260 0.0000015475
261 0.0000015400
262 0.0000015325
263 0.0000015251
264 0.0000015178
265 0.0000015105
266 0.0000015033
267 0.0000014962
268 0.0000014891
269 0.0000014821
270 0.0000014751
271 0.0000014682
272 0.0000014614
273 0.0000014546
274 0.0000014479
275 0.0000014412
276 0.0000014345
277 0.0000014280
278 0.0000014215
279 0.0000014150
280 0.0000014086
281 0.0000014022
282 0.0000013959
283 0.0000013896
284 0.0000013834
285 0.0000013773
286 0.0000013712
287 0.0000013651
288 0.0000013591
289 0.0000013531
290 0.0000013472
291 0.0000013413
292 0.0000013355
293 0.0000013297
294 0.0000013239
295 0.0000013182
296 0.0000013126
297 0.0000013070
298 0.0000013014
299 0.0000012959
300 0.0000012904
301 0.0000012849
302 0.0000012795
303 0.0000012742
304 0.0000012689
305 0.0000012636
306 0.0000012583
307 0.0000012531
308 0.0000012479
309 0.0000012428
310 0.0000012377
311 0.0000012327
312 0.0000012276
313 0.0000012227
314 0.0000012177
315 0.0000012128
316 0.0000012079
317 0.0000012031
318 0.0000011983
319 0.0000011935
320 0.0000011888
321 0.0000011840
322 0.0000011794
323 0.0000011747
324 0.0000011701
325 0.0000011655
326 0.0000011610
327 0.0000011565
328 0.0000011520
329 0.0000011475
330 0.0000011431
331 0.0000011387
332 0.0000011344
333 0.0000011300
334 0.0000011257
335 0.0000011215
336 0.0000011172
337 0.0000011130
338 0.0000011088
339 0.0000011046
340 0.0000011005
341 0.0000010964
342 0.0000010923
343 0.0000010883
344 0.0000010843
345 0.0000010803
346 0.0000010763
347 0.0000010723
348 0.0000010684
349 0.0000010645
350 0.0000010606
351 0.0000010568
352 0.0000010530
353 0.0000010492
354 0.0000010454
355 0.0000010417
356 0.0000010379
357 0.0000010342
358 0.0000010306
359 0.0000010269
360 0.0000010233
361 0.0000010197
362 0.0000010161
363 0.0000010125
364 0.0000010090
365 0.0000010055
366 0.0000010020
367 0.0000009985
368 0.0000009950
369 0.0000009916
370 0.0000009882
371 0.0000009848
372 0.0000009814
373 0.0000009781
374 0.0000009747
375 0.0000009714
376 0.0000009681
377 0.0000009649
378 0.0000009616
379 0.0000009584
380 0.0000009552
381 0.0000009520
382 0.0000009488
383 0.0000009456
384 0.0000009425
385 0.0000009394
386 0.0000009363
387 0.0000009332
388 0.0000009301
389 0.0000009271
390 0.0000009241
391 0.0000009210
392 0.0000009181
393 0.0000009151
394 0.0000009121
395 0.0000009092
396 0.0000009062
397 0.0000009033
398 0.0000009004
399 0.0000008976
400 0.0000008947
401 0.0000008919
402 0.0000008890
403 0.0000008862
404 0.0000008834
405 0.0000008806
406 0.0000008779
407 0.0000008751
408 0.0000008724
409 0.0000008697
410 0.0000008670
411 0.0000008643
412 0.0000008616
413 0.0000008589
414 0.0000008563
415 0.0000008537
416 0.0000008510
417 0.0000008484
418 0.0000008458
419 0.0000008433
420 0.0000008407
421 0.0000008382
422 0.0000008356
423 0.0000008331
424 0.0000008306
425 0.0000008281
426 0.0000008256
427 0.0000008232
428 0.0000008207
429 0.0000008183
430 0.0000008158
431 0.0000008134
432 0.0000008110
433 0.0000008086
434 0.0000008062
435 0.0000008039
436 0.0000008015
437 0.0000007992
438 0.0000007969
439 0.0000007945
440 0.0000007922
441 0.0000007899
442 0.0000007877
443 0.0000007854
444 0.0000007831
445 0.0000007809
446 0.0000007786
447 0.0000007764
448 0.0000007742
449 0.0000007720
450 0.0000007698
451 0.0000007676
452 0.0000007655
453 0.0000007633
454 0.0000007612
455 0.0000007590
456 0.0000007569
457 0.0000007548
458 0.0000007527
459 0.0000007506
460 0.0000007485
461 0.0000007464
462 0.0000007444
463 0.0000007423
464 0.0000007403
465 0.0000007382
466 0.0000007362
467 0.0000007342
468 0.0000007322
469 0.0000007302
470 0.0000007282
471 0.0000007262
472 0.0000007243
473 0.0000007223
474 0.0000007204
475 0.0000007184
476 0.0000007165
477 0.0000007146
478 0.0000007127
479 0.0000007108
480 0.0000007089
481 0.0000007070
482 0.0000007051
483 0.0000007032
484 0.0000007014
485 0.0000006995
486 0.0000006977
487 0.0000006959
488 0.0000006940
489 0.0000006922
490 0.0000006904
491 0.0000006886
492 0.0000006868
493 0.0000006850
494 0.0000006833
495 0.0000006815
496 0.0000006797
497 0.0000006780
498 0.0000006762
499 0.0000006745
500 0.0000006728
501 0.0000006711
502 0.0000006694
503 0.0000006677
504 0.0000006660
505 0.0000006643
506 0.0000006626
507 0.0000006609
508 0.0000006593
509 0.0000006576
510 0.0000006559
511 0.0000006543
512 0.0000006527
513 0.0000006510
514 0.0000006494
515 0.0000006478
516 0.0000006462
517 0.0000006446
518 0.0000006430
519 0.0000006414
520 0.0000006398
521 0.0000006383
522 0.0000006367
523 0.0000006351
524 0.0000006336
525 0.0000006320
526 0.0000006305
527 0.0000006290
528 0.0000006274
529 0.0000006259
530 0.0000006244
531 0.0000006229
532 0.0000006214
533 0.0000006199
534 0.0000006184
535 0.0000006169
536 0.0000006155
537 0.0000006140
538 0.0000006125
539 0.0000006111
540 0.0000006096
541 0.0000006082
542 0.0000006067
543 0.0000006053
544 0.0000006039
545 0.0000006024
546 0.0000006010
547 0.0000005996
548 0.0000005982
549 0.0000005968
550 0.0000005954
551 0.0000005940
552 0.0000005927
553 0.0000005913
554 0.0000005899
555 0.0000005886
556 0.0000005872
557 0.0000005858
558 0.0000005845
559 0.0000005832
560 0.0000005818
561 0.0000005805
562 0.0000005792
563 0.0000005778
564 0.0000005765
565 0.0000005752
566 0.0000005739
567 0.0000005726
568 0.0000005713
569 0.0000005700
570 0.0000005687
571 0.0000005675
572 0.0000005662
573 0.0000005649
574 0.0000005637
575 0.0000005624
576 0.0000005611
577 0.0000005599
578 0.0000005586
579 0.0000005574
580 0.0000005562
581 0.0000005549
582 0.0000005537
583 0.0000005525
584 0.0000005513
585 0.0000005501
586 0.0000005489
587 0.0000005477
588 0.0000005465
589 0.0000005453
590 0.0000005441
591 0.0000005429
592 0.0000005417
593 0.0000005405
594 0.0000005394
595 0.0000005382
596 0.0000005370
597 0.0000005359
598 0.0000005347
599 0.0000005336
600 0.0000005324
601 0.0000005313
602 0.0000005302
603 0.0000005290
604 0.0000005279
605 0.0000005268
606 0.0000005257
607 0.0000005245
608 0.0000005234
609 0.0000005223
610 0.0000005212
611 0.0000005201
612 0.0000005190
613 0.0000005179
614 0.0000005168
615 0.0000005158
616 0.0000005147
617 0.0000005136
618 0.0000005125
619 0.0000005115
620 0.0000005104
621 0.0000005093
622 0.0000005083
623 0.0000005072
624 0.0000005062
625 0.0000005051
626 0.0000005041
627 0.0000005031
628 0.0000005020
629 0.0000005010
630 0.0000005000
631 0.0000004989
632 0.0000004979
633 0.0000004969
634 0.0000004959
635 0.0000004949
636 0.0000004939
637 0.0000004929
638 0.0000004919
639 0.0000004909
640 0.0000004899
641 0.0000004889
642 0.0000004879
643 0.0000004869
644 0.0000004859
645 0.0000004850
646 0.0000004840
647 0.0000004830
648 0.0000004821
649 0.0000004811
650 0.0000004801
651 0.0000004792
652 0.0000004782
653 0.0000004773
654 0.0000004763
655 0.0000004754
656 0.0000004745
657 0.0000004735
658 0.0000004726
659 0.0000004717
660 0.0000004707
661 0.0000004698
662 0.0000004689
663 0.0000004680
664 0.0000004670
665 0.0000004661
666 0.0000004652
667 0.0000004643
668 0.0000004634
669 0.0000004625
670 0.0000004616
671 0.0000004607
672 0.0000004598
673 0.0000004589
674 0.0000004580
675 0.0000004572
676 0.0000004563
677 0.0000004554
678 0.0000004545
679 0.0000004537
680 0.0000004528
681 0.0000004519
682 0.0000004510
683 0.0000004502
684 0.0000004493
685 0.0000004485
686 0.0000004476
687 0.0000004468
688 0.0000004459
689 0.0000004451
690 0.0000004442
691 0.0000004434
692 0.0000004425
693 0.0000004417
694 0.0000004409
695 0.0000004400
696 0.0000004392
697 0.0000004384
698 0.0000004375
699 0.0000004367
700 0.0000004359
701 0.0000004351
702 0.0000004343
703 0.0000004335
704 0.0000004326
705 0.0000004318
706 0.0000004310
707 0.0000004302
708 0.0000004294
709 0.0000004286
710 0.0000004278
711 0.0000004270
712 0.0000004262
713 0.0000004254
714 0.0000004246
715 0.0000004239
716 0.0000004231
717 0.0000004223
718 0.0000004215
719 0.0000004207
720 0.0000004199
721 0.0000004192
722 0.0000004184
723 0.0000004176
724 0.0000004168
725 0.0000004161
726 0.0000004153
727 0.0000004145
728 0.0000004138
729 0.0000004130
730 0.0000004122
731 0.0000004115
732 0.0000004107
733 0.0000004100
734 0.0000004092
735 0.0000004085
736 0.0000004077
737 0.0000004070
738 0.0000004062
739 0.0000004055
740 0.0000004047
741 0.0000004040
742 0.0000004032
743 0.0000004025
744 0.0000004017
745 0.0000004010
746 0.0000004002
747 0.0000003995
748 0.0000003988
749 0.0000003980
750 0.0000003973
751 0.0000003965
752 0.0000003958
753 0.0000003951
754 0.0000003943
755 0.0000003936
756 0.0000003928
757 0.0000003921
758 0.0000003914
759 0.0000003906
760 0.0000003899
761 0.0000003892
762 0.0000003884
763 0.0000003877
764 0.0000003869
765 0.0000003862
766 0.0000003855
767 0.0000003847
768 0.0000003840
769 0.0000003832
770 0.0000003825
771 0.0000003817
772 0.0000003810
773 0.0000003802
774 0.0000003794
775 0.0000003787
776 0.0000003779
777 0.0000003771
778 0.0000003764
779 0.0000003756
780 0.0000003748
781 0.0000003740
782 0.0000003732
783 0.0000003724
784 0.0000003716
785 0.0000003708
786 0.0000003700
787 0.0000003691
788 0.0000003683
789 0.0000003674
790 0.0000003666
791 0.0000003657
792 0.0000003648
793 0.0000003639
794 0.0000003629
795 0.0000003620
796 0.0000003610
797 0.0000003600
798 0.0000003590
799 0.0000003580
800 0.0000003569
801 0.0000003558
802 0.0000003547
803 0.0000003535
804 0.0000003522
805 0.0000003509
806 0.0000003495
807 0.0000003480
808 0.0000003465
809 0.0000003447
810 0.0000003428
811 0.0000003407
812 0.0000003381
813 0.0000003350
814 0.0000003309
815 0.0000003251
816 0.0000003143
817 0.0000002795
818 0.0000000000
