1 462
0 0.9879796908
1 0.0048203809
2 0.0014764328
3 0.0008566094
4 0.0005372202
5 0.0003758157
6 0.0002844812
7 0.0002268755
8 0.0001877160
9 0.0001595833
10 0.0001384541
11 0.0001220025
12 0.0001088182
13 0.0000980077
14 0.0000889801
15 0.0000813288
16 0.0000747647
17 0.0000690752
18 0.0000641006
19 0.0000597180
20 0.0000558310
21 0.0000523632
22 0.0000492526
23 0.0000464490
24 0.0000439110
25 0.0000416040
26 0.0000394992
27 0.0000375724
28 0.0000358027
29 0.0000341727
30 0.0000326670
31 0.0000312727
32 0.0000299783
33 0.0000287741
34 0.0000276512
35 0.0000266021
36 0.0000256202
37 0.0000246994
38 0.0000238344
39 0.0000230207
40 0.0000222539
41 0.0000215303
42 0.0000208465
43 0.0000201996
44 0.0000195866
45 0.0000190053
46 0.0000184532
47 0.0000179283
48 0.0000174288
49 0.0000169529
50 0.0000164992
51 0.0000160661
52 0.0000156523
53 0.0000152567
54 0.0000148781
55 0.0000145156
56 0.0000141681
57 0.0000138348
58 0.0000135148
59 0.0000132075
60 0.0000129122
61 0.0000126281
62 0.0000123547
63 0.0000120914
64 0.0000118377
65 0.0000115931
66 0.0000113572
67 0.0000111295
68 0.0000109096
69 0.0000106971
70 0.0000104918
71 0.0000102931
72 0.0000101010
73 0.0000099150
74 0.0000097348
75 0.0000095603
76 0.0000093912
77 0.0000092271
78 0.0000090680
79 0.0000089136
80 0.0000087638
81 0.0000086182
82 0.0000084768
83 0.0000083394
84 0.0000082059
85 0.0000080760
86 0.0000079496
87 0.0000078267
88 0.0000077070
89 0.0000075904
90 0.0000074769
91 0.0000073664
92 0.0000072586
93 0.0000071536
94 0.0000070511
95 0.0000069512
96 0.0000068538
97 0.0000067587
98 0.0000066658
99 0.0000065752
100 0.0000064867
101 0.0000064002
102 0.0000063158
103 0.0000062332
104 0.0000061525
105 0.0000060736
106 0.0000059965
107 0.0000059211
108 0.0000058473
109 0.0000057750
110 0.0000057044
111 0.0000056352
112 0.0000055675
113 0.0000055011
114 0.0000054362
115 0.0000053725
116 0.0000053102
117 0.0000052491
118 0.0000051892
119 0.0000051305
120 0.0000050729
121 0.0000050165
122 0.0000049611
123 0.0000049069
124 0.0000048536
125 0.0000048013
126 0.0000047500
127 0.0000046997
128 0.0000046503
129 0.0000046017
130 0.0000045541
131 0.0000045073
132 0.0000044613
133 0.0000044162
134 0.0000043718
135 0.0000043282
136 0.0000042854
137 0.0000042433
138 0.0000042019
139 0.0000041612
140 0.0000041212
141 0.0000040819
142 0.0000040432
143 0.0000040051
144 0.0000039677
145 0.0000039309
146 0.0000038947
147 0.0000038590
148 0.0000038239
149 0.0000037894
150 0.0000037554
151 0.0000037219
152 0.0000036890
153 0.0000036565
154 0.0000036246
155 0.0000035931
156 0.0000035621
157 0.0000035316
158 0.0000035015
159 0.0000034719
160 0.0000034427
161 0.0000034139
162 0.0000033856
163 0.0000033576
164 0.0000033301
165 0.0000033029
166 0.0000032762
167 0.0000032498
168 0.0000032237
169 0.0000031981
170 0.0000031728
171 0.0000031478
172 0.0000031232
173 0.0000030989
174 0.0000030750
175 0.0000030513
176 0.0000030280
177 0.0000030050
178 0.0000029823
179 0.0000029599
180 0.0000029378
181 0.0000029159
182 0.0000028944
183 0.0000028731
184 0.0000028521
185 0.0000028314
186 0.0000028109
187 0.0000027907
188 0.0000027707
189 0.0000027510
190 0.0000027315
191 0.0000027123
192 0.0000026933
193 0.0000026745
194 0.0000026560
195 0.0000026377
196 0.0000026196
197 0.0000026017
198 0.0000025840
199 0.0000025666
200 0.0000025493
201 0.0000025322
202 0.0000025154
203 0.0000024987
204 0.0000024822
205 0.0000024660
206 0.0000024499
207 0.0000024340
208 0.0000024182
209 0.0000024027
210 0.0000023873
211 0.0000023721
212 0.0000023570
213 0.0000023421
214 0.0000023274
215 0.0000023129
216 0.0000022985
217 0.0000022842
218 0.0000022701
219 0.0000022562
220 0.0000022424
221 0.0000022288
222 0.0000022153
223 0.0000022019
224 0.0000021887
225 0.0000021756
226 0.0000021627
227 0.0000021499
228 0.0000021372
229 0.0000021246
230 0.0000021122
231 0.0000020999
232 0.0000020877
233 0.0000020757
234 0.0000020638
235 0.0000020520
236 0.0000020403
237 0.0000020287
238 0.0000020172
239 0.0000020059
240 0.0000019946
241 0.0000019835
242 0.0000019725
243 0.0000019616
244 0.0000019508
245 0.0000019401
246 0.0000019295
247 0.0000019190
248 0.0000019086
249 0.0000018982
250 0.0000018880
251 0.0000018779
252 0.0000018679
253 0.0000018580
254 0.0000018481
255 0.0000018384
256 0.0000018287
257 0.0000018192
258 0.0000018097
259 0.0000018003
260 0.0000017910
261 0.0000017817
262 0.0000017726
263 0.0000017635
264 0.0000017545
265 0.0000017456
266 0.0000017368
267 0.0000017281
268 0.0000017194
269 0.0000017108
270 0.0000017023
271 0.0000016938
272 0.0000016854
273 0.0000016771
274 0.0000016689
275 0.0000016607
276 0.0000016526
277 0.0000016446
278 0.0000016367
279 0.0000016288
280 0.0000016209
281 0.0000016132
282 0.0000016055
283 0.0000015979
284 0.0000015903
285 0.0000015828
286 0.0000015753
287 0.0000015679
288 0.0000015606
289 0.0000015533
290 0.0000015461
291 0.0000015390
292 0.0000015319
293 0.0000015249
294 0.0000015179
295 0.0000015109
296 0.0000015041
297 0.0000014973
298 0.0000014905
299 0.0000014838
300 0.0000014771
301 0.0000014705
302 0.0000014640
303 0.0000014575
304 0.0000014510
305 0.0000014446
306 0.0000014382
307 0.0000014319
308 0.0000014257
309 0.0000014194
310 0.0000014133
311 0.0000014072
312 0.0000014011
313 0.0000013951
314 0.0000013891
315 0.0000013831
316 0.0000013772
317 0.0000013714
318 0.0000013656
319 0.0000013598
320 0.0000013541
321 0.0000013484
322 0.0000013427
323 0.0000013371
324 0.0000013316
325 0.0000013260
326 0.0000013206
327 0.0000013151
328 0.0000013097
329 0.0000013043
330 0.0000012990
331 0.0000012937
332 0.0000012884
333 0.0000012832
334 0.0000012780
335 0.0000012729
336 0.0000012678
337 0.0000012627
338 0.0000012576
339 0.0000012526
340 0.0000012477
341 0.0000012427
342 0.0000012378
343 0.0000012329
344 0.0000012281
345 0.0000012233
346 0.0000012185
347 0.0000012138
348 0.0000012090
349 0.0000012044
350 0.0000011997
351 0.0000011951
352 0.0000011905
353 0.0000011859
354 0.0000011814
355 0.0000011769
356 0.0000011724
357 0.0000011680
358 0.0000011635
359 0.0000011592
360 0.0000011548
361 0.0000011505
362 0.0000011461
363 0.0000011419
364 0.0000011376
365 0.0000011334
366 0.0000011292
367 0.0000011250
368 0.0000011209
369 0.0000011167
370 0.0000011126
371 0.0000011086
372 0.0000011045
373 0.0000011005
374 0.0000010965
375 0.0000010925
376 0.0000010885
377 0.0000010846
378 0.0000010807
379 0.0000010768
380 0.0000010730
381 0.0000010691
382 0.0000010653
383 0.0000010615
384 0.0000010577
385 0.0000010540
386 0.0000010502
387 0.0000010465
388 0.0000010428
389 0.0000010392
390 0.0000010355
391 0.0000010319
392 0.0000010283
393 0.0000010247
394 0.0000010211
395 0.0000010175
396 0.0000010140
397 0.0000010105
398 0.0000010070
399 0.0000010035
400 0.0000010000
401 0.0000009966
402 0.0000009932
403 0.0000009897
404 0.0000009863
405 0.0000009830
406 0.0000009796
407 0.0000009762
408 0.0000009729
409 0.0000009696
410 0.0000009663
411 0.0000009630
412 0.0000009597
413 0.0000009564
414 0.0000009532
415 0.0000009499
416 0.0000009467
417 0.0000009435
418 0.0000009402
419 0.0000009370
420 0.0000009338
421 0.0000009306
422 0.0000009275
423 0.0000009243
424 0.0000009211
425 0.0000009180
426 0.0000009148
427 0.0000009116
428 0.0000009085
429 0.0000009053
430 0.0000009022
431 0.0000008990
432 0.0000008958
433 0.0000008927
434 0.0000008895
435 0.0000008863
436 0.0000008830
437 0.0000008798
438 0.0000008765
439 0.0000008732
440 0.0000008699
441 0.0000008665
442 0.0000008631
443 0.0000008596
444 0.0000008560
445 0.0000008523
446 0.0000008485
447 0.0000008445
448 0.0000008404
449 0.0000008361
450 0.0000008315
451 0.0000008265
452 0.0000008211
453 0.0000008151
454 0.0000008083
455 0.0000008004
456 0.0000007910
457 0.0000007795
458 0.0000007647
459 0.0000007448
460 0.0000007124
461 0.0000006264
462 0.0000000000
