1 348
0 0.9858181407
1 0.0054945844
2 0.0017157066
3 0.0010170488
4 0.0006536847
5 0.0004648268
6 0.0003546477
7 0.0002835341
8 0.0002344623
9 0.0001989176
10 0.0001721460
11 0.0001513214
12 0.0001346872
13 0.0001211069
14 0.0001098179
15 0.0001002914
16 0.0000921496
17 0.0000851155
18 0.0000789818
19 0.0000735896
20 0.0000688157
21 0.0000645623
22 0.0000607515
23 0.0000573197
24 0.0000542151
25 0.0000513946
26 0.0000488225
27 0.0000464686
28 0.0000443072
29 0.0000423167
30 0.0000404783
31 0.0000387759
32 0.0000371957
33 0.0000357254
34 0.0000343544
35 0.0000330735
36 0.0000318743
37 0.0000307496
38 0.0000296930
39 0.0000286988
40 0.0000277617
41 0.0000268773
42 0.0000260414
43 0.0000252502
44 0.0000245004
45 0.0000237891
46 0.0000231133
47 0.0000224707
48 0.0000218590
49 0.0000212761
50 0.0000207200
51 0.0000201891
52 0.0000196817
53 0.0000191965
54 0.0000187319
55 0.0000182868
56 0.0000178601
57 0.0000174507
58 0.0000170575
59 0.0000166798
60 0.0000163165
61 0.0000159671
62 0.0000156306
63 0.0000153064
64 0.0000149940
65 0.0000146927
66 0.0000144018
67 0.0000141211
68 0.0000138498
69 0.0000135877
70 0.0000133341
71 0.0000130889
72 0.0000128515
73 0.0000126216
74 0.0000123989
75 0.0000121830
76 0.0000119737
77 0.0000117707
78 0.0000115737
79 0.0000113825
80 0.0000111967
81 0.0000110163
82 0.0000108410
83 0.0000106705
84 0.0000105047
85 0.0000103435
86 0.0000101865
87 0.0000100338
88 0.0000098850
89 0.0000097401
90 0.0000095989
91 0.0000094613
92 0.0000093272
93 0.0000091964
94 0.0000090688
95 0.0000089443
96 0.0000088228
97 0.0000087042
98 0.0000085883
99 0.0000084752
100 0.0000083647
101 0.0000082568
102 0.0000081512
103 0.0000080481
104 0.0000079472
105 0.0000078486
106 0.0000077520
107 0.0000076576
108 0.0000075652
109 0.0000074748
110 0.0000073862
111 0.0000072995
112 0.0000072146
113 0.0000071314
114 0.0000070499
115 0.0000069701
116 0.0000068918
117 0.0000068151
118 0.0000067398
119 0.0000066661
120 0.0000065937
121 0.0000065227
122 0.0000064531
123 0.0000063848
124 0.0000063177
125 0.0000062519
126 0.0000061873
127 0.0000061239
128 0.0000060616
129 0.0000060004
130 0.0000059403
131 0.0000058813
132 0.0000058233
133 0.0000057663
134 0.0000057103
135 0.0000056552
136 0.0000056011
137 0.0000055479
138 0.0000054955
139 0.0000054441
140 0.0000053935
141 0.0000053437
142 0.0000052947
143 0.0000052465
144 0.0000051991
145 0.0000051525
146 0.0000051066
147 0.0000050614
148 0.0000050169
149 0.0000049730
150 0.0000049299
151 0.0000048874
152 0.0000048456
153 0.0000048044
154 0.0000047638
155 0.0000047238
156 0.0000046844
157 0.0000046456
158 0.0000046074
159 0.0000045697
160 0.0000045325
161 0.0000044959
162 0.0000044598
163 0.0000044242
164 0.0000043891
165 0.0000043545
166 0.0000043204
167 0.0000042868
168 0.0000042536
169 0.0000042209
170 0.0000041886
171 0.0000041567
172 0.0000041253
173 0.0000040943
174 0.0000040637
175 0.0000040335
176 0.0000040037
177 0.0000039742
178 0.0000039452
179 0.0000039165
180 0.0000038882
181 0.0000038603
182 0.0000038327
183 0.0000038055
184 0.0000037786
185 0.0000037520
186 0.0000037258
187 0.0000036999
188 0.0000036743
189 0.0000036490
190 0.0000036240
191 0.0000035993
192 0.0000035750
193 0.0000035509
194 0.0000035271
195 0.0000035035
196 0.0000034803
197 0.0000034573
198 0.0000034346
199 0.0000034122
200 0.0000033900
201 0.0000033680
202 0.0000033463
203 0.0000033249
204 0.0000033037
205 0.0000032827
206 0.0000032620
207 0.0000032415
208 0.0000032212
209 0.0000032012
210 0.0000031813
211 0.0000031617
212 0.0000031423
213 0.0000031231
214 0.0000031041
215 0.0000030854
216 0.0000030668
217 0.0000030484
218 0.0000030302
219 0.0000030122
220 0.0000029944
221 0.0000029767
222 0.0000029593
223 0.0000029420
224 0.0000029249
225 0.0000029080
226 0.0000028912
227 0.0000028746
228 0.0000028582
229 0.0000028420
230 0.0000028259
231 0.0000028099
232 0.0000027942
233 0.0000027786
234 0.0000027631
235 0.0000027478
236 0.0000027326
237 0.0000027176
238 0.0000027027
239 0.0000026880
240 0.0000026734
241 0.0000026589
242 0.0000026446
243 0.0000026304
244 0.0000026163
245 0.0000026024
246 0.0000025886
247 0.0000025750
248 0.0000025614
249 0.0000025480
250 0.0000025347
251 0.0000025215
252 0.0000025085
253 0.0000024955
254 0.0000024827
255 0.0000024700
256 0.0000024574
257 0.0000024449
258 0.0000024325
259 0.0000024203
260 0.0000024081
261 0.0000023960
262 0.0000023841
263 0.0000023722
264 0.0000023605
265 0.0000023488
266 0.0000023373
267 0.0000023258
268 0.0000023144
269 0.0000023032
270 0.0000022920
271 0.0000022809
272 0.0000022699
273 0.0000022590
274 0.0000022482
275 0.0000022375
276 0.0000022269
277 0.0000022163
278 0.0000022058
279 0.0000021954
280 0.0000021851
281 0.0000021749
282 0.0000021648
283 0.0000021547
284 0.0000021447
285 0.0000021348
286 0.0000021250
287 0.0000021152
288 0.0000021055
289 0.0000020959
290 0.0000020863
291 0.0000020768
292 0.0000020674
293 0.0000020581
294 0.0000020488
295 0.0000020396
296 0.0000020304
297 0.0000020213
298 0.0000020123
299 0.0000020033
300 0.0000019944
301 0.0000019856
302 0.0000019768
303 0.0000019680
304 0.0000019594
305 0.0000019507
306 0.0000019421
307 0.0000019336
308 0.0000019251
309 0.0000019167
310 0.0000019083
311 0.0000018999
312 0.0000018916
313 0.0000018833
314 0.0000018751
315 0.0000018669
316 0.0000018587
317 0.0000018506
318 0.0000018424
319 0.0000018343
320 0.0000018262
321 0.0000018181
322 0.0000018101
323 0.0000018020
324 0.0000017939
325 0.0000017858
326 0.0000017776
327 0.0000017694
328 0.0000017612
329 0.0000017529
330 0.0000017445
331 0.0000017360
332 0.0000017273
333 0.0000017185
334 0.0000017094
335 0.0000017000
336 0.0000016903
337 0.0000016801
338 0.0000016692
339 0.0000016575
340 0.0000016447
341 0.0000016304
342 0.0000016139
343 0.0000015942
344 0.0000015691
345 0.0000015352
346 0.0000014769
347 0.0000013069
348 0.0000000000
