0 288
0 0.9701988556
1 0.0088548217
2 0.0028297922
3 0.0016912720
4 0.0010760338
5 0.0007623514
6 0.0005863924
7 0.0004768039
8 0.0004032287
9 0.0003508962
10 0.0003117987
11 0.0002813447
12 0.0002568015
13 0.0002364819
14 0.0002193018
15 0.0002045357
16 0.0001916786
17 0.0001803661
18 0.0001703264
19 0.0001613513
20 0.0001532776
21 0.0001459748
22 0.0001393371
23 0.0001332772
24 0.0001277228
25 0.0001226130
26 0.0001178966
27 0.0001135296
28 0.0001094748
29 0.0001056996
30 0.0001021762
31 0.0000988801
32 0.0000957899
33 0.0000928871
34 0.0000901551
35 0.0000875791
36 0.0000851463
37 0.0000828449
38 0.0000806646
39 0.0000785962
40 0.0000766312
41 0.0000747620
42 0.0000729818
43 0.0000712845
44 0.0000696643
45 0.0000681161
46 0.0000666352
47 0.0000652173
48 0.0000638585
49 0.0000625551
50 0.0000613039
51 0.0000601018
52 0.0000589459
53 0.0000578336
54 0.0000567626
55 0.0000557304
56 0.0000547351
57 0.0000537748
58 0.0000528475
59 0.0000519517
60 0.0000510858
61 0.0000502482
62 0.0000494377
63 0.0000486529
64 0.0000478926
65 0.0000471557
66 0.0000464412
67 0.0000457479
68 0.0000450751
69 0.0000444217
70 0.0000437871
71 0.0000431703
72 0.0000425706
73 0.0000419874
74 0.0000414199
75 0.0000408676
76 0.0000403298
77 0.0000398059
78 0.0000392955
79 0.0000387981
80 0.0000383130
81 0.0000378400
82 0.0000373784
83 0.0000369280
84 0.0000364883
85 0.0000360590
86 0.0000356396
87 0.0000352299
88 0.0000348295
89 0.0000344381
90 0.0000340554
91 0.0000336811
92 0.0000333149
93 0.0000329566
94 0.0000326060
95 0.0000322627
96 0.0000319266
97 0.0000315974
98 0.0000312749
99 0.0000309589
100 0.0000306493
101 0.0000303457
102 0.0000300482
103 0.0000297564
104 0.0000294702
105 0.0000291895
106 0.0000289141
107 0.0000286438
108 0.0000283785
109 0.0000281181
110 0.0000278624
111 0.0000276114
112 0.0000273648
113 0.0000271225
114 0.0000268846
115 0.0000266507
116 0.0000264209
117 0.0000261951
118 0.0000259730
119 0.0000257547
120 0.0000255400
121 0.0000253289
122 0.0000251212
123 0.0000249169
124 0.0000247159
125 0.0000245182
126 0.0000243235
127 0.0000241320
128 0.0000239434
129 0.0000237577
130 0.0000235749
131 0.0000233949
132 0.0000232176
133 0.0000230430
134 0.0000228710
135 0.0000227015
136 0.0000225345
137 0.0000223700
138 0.0000222078
139 0.0000220480
140 0.0000218905
141 0.0000217352
142 0.0000215821
143 0.0000214311
144 0.0000212822
145 0.0000211354
146 0.0000209906
147 0.0000208478
148 0.0000207068
149 0.0000205678
150 0.0000204307
151 0.0000202953
152 0.0000201617
153 0.0000200299
154 0.0000198998
155 0.0000197714
156 0.0000196446
157 0.0000195194
158 0.0000193958
159 0.0000192738
160 0.0000191533
161 0.0000190343
162 0.0000189167
163 0.0000188006
164 0.0000186859
165 0.0000185726
166 0.0000184607
167 0.0000183501
168 0.0000182408
169 0.0000181329
170 0.0000180262
171 0.0000179207
172 0.0000178164
173 0.0000177134
174 0.0000176116
175 0.0000175109
176 0.0000174114
177 0.0000173129
178 0.0000172156
179 0.0000171194
180 0.0000170242
181 0.0000169301
182 0.0000168371
183 0.0000167450
184 0.0000166540
185 0.0000165639
186 0.0000164748
187 0.0000163867
188 0.0000162994
189 0.0000162132
190 0.0000161278
191 0.0000160433
192 0.0000159597
193 0.0000158770
194 0.0000157951
195 0.0000157140
196 0.0000156338
197 0.0000155544
198 0.0000154758
199 0.0000153980
200 0.0000153209
201 0.0000152447
202 0.0000151692
203 0.0000150944
204 0.0000150204
205 0.0000149470
206 0.0000148744
207 0.0000148025
208 0.0000147313
209 0.0000146608
210 0.0000145909
211 0.0000145217
212 0.0000144532
213 0.0000143853
214 0.0000143180
215 0.0000142514
216 0.0000141854
217 0.0000141199
218 0.0000140551
219 0.0000139909
220 0.0000139273
221 0.0000138642
222 0.0000138017
223 0.0000137398
224 0.0000136784
225 0.0000136175
226 0.0000135572
227 0.0000134975
228 0.0000134382
229 0.0000133795
230 0.0000133213
231 0.0000132636
232 0.0000132063
233 0.0000131496
234 0.0000130934
235 0.0000130376
236 0.0000129823
237 0.0000129275
238 0.0000128731
239 0.0000128192
240 0.0000127658
241 0.0000127127
242 0.0000126602
243 0.0000126080
244 0.0000125563
245 0.0000125050
246 0.0000124541
247 0.0000124037
248 0.0000123536
249 0.0000123039
250 0.0000122547
251 0.0000122058
252 0.0000121573
253 0.0000121092
254 0.0000120615
255 0.0000120142
256 0.0000119672
257 0.0000119206
258 0.0000118743
259 0.0000118284
260 0.0000117829
261 0.0000117377
262 0.0000116928
263 0.0000116483
264 0.0000116042
265 0.0000115603
266 0.0000115168
267 0.0000114736
268 0.0000114308
269 0.0000113882
270 0.0000113460
271 0.0000113041
272 0.0000112625
273 0.0000112212
274 0.0000111802
275 0.0000111395
276 0.0000110990
277 0.0000110589
278 0.0000110191
279 0.0000109796
280 0.0000109403
281 0.0000109013
282 0.0000108626
283 0.0000108242
284 0.0000107860
285 0.0000107481
286 0.0000107105
287 0.0000106731
288 0.0000106360
