1 1200
0 0.9739402246
1 0.0058855693
2 0.0024737285
3 0.0017255001
4 0.0012729138
5 0.0010044823
6 0.0008282959
7 0.0007025974
8 0.0006082274
9 0.0005348514
10 0.0004762161
11 0.0004283055
12 0.0003884344
13 0.0003547451
14 0.0003259119
15 0.0003009629
16 0.0002791697
17 0.0002599750
18 0.0002429454
19 0.0002277387
20 0.0002140810
21 0.0002017509
22 0.0001905669
23 0.0001803794
24 0.0001710634
25 0.0001625142
26 0.0001546430
27 0.0001473742
28 0.0001406432
29 0.0001343939
30 0.0001285782
31 0.0001231538
32 0.0001180838
33 0.0001133359
34 0.0001088815
35 0.0001046952
36 0.0001007545
37 0.0000970394
38 0.0000935319
39 0.0000902160
40 0.0000870770
41 0.0000841020
42 0.0000812790
43 0.0000785974
44 0.0000760474
45 0.0000736201
46 0.0000713075
47 0.0000691019
48 0.0000669968
49 0.0000649858
50 0.0000630631
51 0.0000612236
52 0.0000594622
53 0.0000577745
54 0.0000561564
55 0.0000546039
56 0.0000531134
57 0.0000516816
58 0.0000503053
59 0.0000489818
60 0.0000477082
61 0.0000464821
62 0.0000453010
63 0.0000441628
64 0.0000430654
65 0.0000420068
66 0.0000409853
67 0.0000399991
68 0.0000390465
69 0.0000381261
70 0.0000372365
71 0.0000363762
72 0.0000355440
73 0.0000347387
74 0.0000339592
75 0.0000332043
76 0.0000324731
77 0.0000317646
78 0.0000310779
79 0.0000304120
80 0.0000297662
81 0.0000291397
82 0.0000285318
83 0.0000279417
84 0.0000273687
85 0.0000268122
86 0.0000262717
87 0.0000257464
88 0.0000252360
89 0.0000247397
90 0.0000242571
91 0.0000237878
92 0.0000233312
93 0.0000228870
94 0.0000224547
95 0.0000220338
96 0.0000216241
97 0.0000212250
98 0.0000208364
99 0.0000204578
100 0.0000200889
101 0.0000197294
102 0.0000193790
103 0.0000190373
104 0.0000187042
105 0.0000183794
106 0.0000180625
107 0.0000177534
108 0.0000174518
109 0.0000171575
110 0.0000168702
111 0.0000165898
112 0.0000163160
113 0.0000160487
114 0.0000157876
115 0.0000155326
116 0.0000152835
117 0.0000150401
118 0.0000148023
119 0.0000145699
120 0.0000143427
121 0.0000141207
122 0.0000139036
123 0.0000136913
124 0.0000134837
125 0.0000132807
126 0.0000130821
127 0.0000128879
128 0.0000126978
129 0.0000125119
130 0.0000123299
131 0.0000121518
132 0.0000119774
133 0.0000118068
134 0.0000116397
135 0.0000114761
136 0.0000113159
137 0.0000111590
138 0.0000110054
139 0.0000108548
140 0.0000107074
141 0.0000105629
142 0.0000104214
143 0.0000102826
144 0.0000101467
145 0.0000100135
146 0.0000098829
147 0.0000097548
148 0.0000096293
149 0.0000095063
150 0.0000093856
151 0.0000092672
152 0.0000091512
153 0.0000090373
154 0.0000089257
155 0.0000088161
156 0.0000087086
157 0.0000086032
158 0.0000084997
159 0.0000083981
160 0.0000082985
161 0.0000082007
162 0.0000081047
163 0.0000080104
164 0.0000079179
165 0.0000078270
166 0.0000077378
167 0.0000076502
168 0.0000075642
169 0.0000074797
170 0.0000073967
171 0.0000073152
172 0.0000072352
173 0.0000071565
174 0.0000070792
175 0.0000070033
176 0.0000069287
177 0.0000068553
178 0.0000067833
179 0.0000067124
180 0.0000066428
181 0.0000065743
182 0.0000065071
183 0.0000064409
184 0.0000063759
185 0.0000063119
186 0.0000062491
187 0.0000061872
188 0.0000061264
189 0.0000060666
190 0.0000060078
191 0.0000059499
192 0.0000058930
193 0.0000058369
194 0.0000057818
195 0.0000057276
196 0.0000056742
197 0.0000056217
198 0.0000055701
199 0.0000055192
200 0.0000054691
201 0.0000054199
202 0.0000053714
203 0.0000053236
204 0.0000052766
205 0.0000052303
206 0.0000051848
207 0.0000051399
208 0.0000050957
209 0.0000050522
210 0.0000050093
211 0.0000049671
212 0.0000049255
213 0.0000048845
214 0.0000048442
215 0.0000048044
216 0.0000047653
217 0.0000047266
218 0.0000046886
219 0.0000046511
220 0.0000046142
221 0.0000045778
222 0.0000045419
223 0.0000045066
224 0.0000044717
225 0.0000044374
226 0.0000044035
227 0.0000043701
228 0.0000043371
229 0.0000043047
230 0.0000042727
231 0.0000042411
232 0.0000042099
233 0.0000041792
234 0.0000041489
235 0.0000041191
236 0.0000040896
237 0.0000040605
238 0.0000040319
239 0.0000040036
240 0.0000039756
241 0.0000039481
242 0.0000039209
243 0.0000038941
244 0.0000038676
245 0.0000038415
246 0.0000038157
247 0.0000037903
248 0.0000037652
249 0.0000037404
250 0.0000037159
251 0.0000036917
252 0.0000036679
253 0.0000036443
254 0.0000036210
255 0.0000035980
256 0.0000035754
257 0.0000035530
258 0.0000035308
259 0.0000035090
260 0.0000034874
261 0.0000034661
262 0.0000034450
263 0.0000034242
264 0.0000034037
265 0.0000033834
266 0.0000033633
267 0.0000033435
268 0.0000033239
269 0.0000033045
270 0.0000032854
271 0.0000032664
272 0.0000032478
273 0.0000032293
274 0.0000032110
275 0.0000031930
276 0.0000031751
277 0.0000031575
278 0.0000031400
279 0.0000031228
280 0.0000031057
281 0.0000030889
282 0.0000030722
283 0.0000030557
284 0.0000030394
285 0.0000030233
286 0.0000030073
287 0.0000029916
288 0.0000029759
289 0.0000029605
290 0.0000029452
291 0.0000029301
292 0.0000029152
293 0.0000029004
294 0.0000028857
295 0.0000028713
296 0.0000028569
297 0.0000028427
298 0.0000028287
299 0.0000028148
300 0.0000028011
301 0.0000027875
302 0.0000027740
303 0.0000027607
304 0.0000027475
305 0.0000027344
306 0.0000027215
307 0.0000027086
308 0.0000026960
309 0.0000026834
310 0.0000026710
311 0.0000026587
312 0.0000026465
313 0.0000026344
314 0.0000026224
315 0.0000026106
316 0.0000025989
317 0.0000025872
318 0.0000025757
319 0.0000025643
320 0.0000025530
321 0.0000025418
322 0.0000025307
323 0.0000025198
324 0.0000025089
325 0.0000024981
326 0.0000024874
327 0.0000024768
328 0.0000024663
329 0.0000024559
330 0.0000024456
331 0.0000024354
332 0.0000024252
333 0.0000024152
334 0.0000024053
335 0.0000023954
336 0.0000023856
337 0.0000023759
338 0.0000023663
339 0.0000023568
340 0.0000023473
341 0.0000023380
342 0.0000023287
343 0.0000023195
344 0.0000023103
345 0.0000023013
346 0.0000022923
347 0.0000022834
348 0.0000022745
349 0.0000022658
350 0.0000022571
351 0.0000022485
352 0.0000022399
353 0.0000022314
354 0.0000022230
355 0.0000022147
356 0.0000022064
357 0.0000021982
358 0.0000021900
359 0.0000021819
360 0.0000021739
361 0.0000021659
362 0.0000021580
363 0.0000021502
364 0.0000021424
365 0.0000021347
366 0.0000021270
367 0.0000021194
368 0.0000021119
369 0.0000021044
370 0.0000020969
371 0.0000020895
372 0.0000020822
373 0.0000020749
374 0.0000020677
375 0.0000020605
376 0.0000020534
377 0.0000020463
378 0.0000020393
379 0.0000020323
380 0.0000020254
381 0.0000020185
382 0.0000020117
383 0.0000020050
384 0.0000019982
385 0.0000019915
386 0.0000019849
387 0.0000019783
388 0.0000019718
389 0.0000019653
390 0.0000019588
391 0.0000019524
392 0.0000019460
393 0.0000019397
394 0.0000019334
395 0.0000019272
396 0.0000019210
397 0.0000019148
398 0.0000019087
399 0.0000019026
400 0.0000018966
401 0.0000018906
402 0.0000018846
403 0.0000018787
404 0.0000018728
405 0.0000018669
406 0.0000018611
407 0.0000018554
408 0.0000018496
409 0.0000018439
410 0.0000018383
411 0.0000018326
412 0.0000018270
413 0.0000018215
414 0.0000018159
415 0.0000018104
416 0.0000018050
417 0.0000017995
418 0.0000017941
419 0.0000017888
420 0.0000017834
421 0.0000017781
422 0.0000017728
423 0.0000017676
424 0.0000017624
425 0.0000017572
426 0.0000017521
427 0.0000017470
428 0.0000017419
429 0.0000017368
430 0.0000017318
431 0.0000017268
432 0.0000017218
433 0.0000017169
434 0.0000017120
435 0.0000017071
436 0.0000017022
437 0.0000016974
438 0.0000016926
439 0.0000016878
440 0.0000016830
441 0.0000016783
442 0.0000016736
443 0.0000016689
444 0.0000016643
445 0.0000016596
446 0.0000016550
447 0.0000016505
448 0.0000016459
449 0.0000016414
450 0.0000016369
451 0.0000016324
452 0.0000016279
453 0.0000016235
454 0.0000016191
455 0.0000016147
456 0.0000016104
457 0.0000016060
458 0.0000016017
459 0.0000015974
460 0.0000015931
461 0.0000015889
462 0.0000015846
463 0.0000015804
464 0.0000015762
465 0.0000015721
466 0.0000015679
467 0.0000015638
468 0.0000015597
469 0.0000015556
470 0.0000015516
471 0.0000015475
472 0.0000015435
473 0.0000015395
474 0.0000015355
475 0.0000015315
476 0.0000015276
477 0.0000015237
478 0.0000015198
479 0.0000015159
480 0.0000015120
481 0.0000015081
482 0.0000015043
483 0.0000015005
484 0.0000014967
485 0.0000014929
486 0.0000014892
487 0.0000014854
488 0.0000014817
489 0.0000014780
490 0.0000014743
491 0.0000014706
492 0.0000014670
493 0.0000014633
494 0.0000014597
495 0.0000014561
496 0.0000014525
497 0.0000014489
498 0.0000014454
499 0.0000014418
500 0.0000014383
501 0.0000014348
502 0.0000014313
503 0.0000014278
504 0.0000014243
505 0.0000014209
506 0.0000014175
507 0.0000014140
508 0.0000014106
509 0.0000014073
510 0.0000014039
511 0.0000014005
512 0.0000013972
513 0.0000013938
514 0.0000013905
515 0.0000013872
516 0.0000013839
517 0.0000013807
518 0.0000013774
519 0.0000013742
520 0.0000013709
521 0.0000013677
522 0.0000013645
523 0.0000013613
524 0.0000013582
525 0.0000013550
526 0.0000013518
527 0.0000013487
528 0.0000013456
529 0.0000013425
530 0.0000013394
531 0.0000013363
532 0.0000013332
533 0.0000013302
534 0.0000013271
535 0.0000013241
536 0.0000013211
537 0.0000013180
538 0.0000013151
539 0.0000013121
540 0.0000013091
541 0.0000013061
542 0.0000013032
543 0.0000013002
544 0.0000012973
545 0.0000012944
546 0.0000012915
547 0.0000012886
548 0.0000012857
549 0.0000012829
550 0.0000012800
551 0.0000012772
552 0.0000012743
553 0.0000012715
554 0.0000012687
555 0.0000012659
556 0.0000012631
557 0.0000012603
558 0.0000012576
559 0.0000012548
560 0.0000012520
561 0.0000012493
562 0.0000012466
563 0.0000012439
564 0.0000012412
565 0.0000012385
566 0.0000012358
567 0.0000012331
568 0.0000012305
569 0.0000012278
570 0.0000012252
571 0.0000012225
572 0.0000012199
573 0.0000012173
574 0.0000012147
575 0.0000012121
576 0.0000012095
577 0.0000012069
578 0.0000012043
579 0.0000012018
580 0.0000011992
581 0.0000011967
582 0.0000011942
583 0.0000011916
584 0.0000011891
585 0.0000011866
586 0.0000011841
587 0.0000011817
588 0.0000011792
589 0.0000011767
590 0.0000011743
591 0.0000011718
592 0.0000011694
593 0.0000011669
594 0.0000011645
595 0.0000011621
596 0.0000011597
597 0.0000011573
598 0.0000011549
599 0.0000011526
600 0.0000011502
601 0.0000011478
602 0.0000011455
603 0.0000011431
604 0.0000011408
605 0.0000011385
606 0.0000011361
607 0.0000011338
608 0.0000011315
609 0.0000011292
610 0.0000011269
611 0.0000011247
612 0.0000011224
613 0.0000011201
614 0.0000011179
615 0.0000011156
616 0.0000011134
617 0.0000011111
618 0.0000011089
619 0.0000011067
620 0.0000011045
621 0.0000011023
622 0.0000011001
623 0.0000010979
624 0.0000010957
625 0.0000010936
626 0.0000010914
627 0.0000010892
628 0.0000010871
629 0.0000010849
630 0.0000010828
631 0.0000010807
632 0.0000010785
633 0.0000010764
634 0.0000010743
635 0.0000010722
636 0.0000010701
637 0.0000010680
638 0.0000010659
639 0.0000010639
640 0.0000010618
641 0.0000010597
642 0.0000010577
643 0.0000010556
644 0.0000010536
645 0.0000010516
646 0.0000010495
647 0.0000010475
648 0.0000010455
649 0.0000010435
650 0.0000010415
651 0.0000010395
652 0.0000010375
653 0.0000010355
654 0.0000010336
655 0.0000010316
656 0.0000010296
657 0.0000010277
658 0.0000010257
659 0.0000010238
660 0.0000010218
661 0.0000010199
662 0.0000010180
663 0.0000010161
664 0.0000010141
665 0.0000010122
666 0.0000010103
667 0.0000010084
668 0.0000010066
669 0.0000010047
670 0.0000010028
671 0.0000010009
672 0.0000009990
673 0.0000009972
674 0.0000009953
675 0.0000009935
676 0.0000009917
677 0.0000009898
678 0.0000009880
679 0.0000009861
680 0.0000009843
681 0.0000009825
682 0.0000009807
683 0.0000009789
684 0.0000009771
685 0.0000009753
686 0.0000009735
687 0.0000009718
688 0.0000009700
689 0.0000009682
690 0.0000009664
691 0.0000009647
692 0.0000009629
693 0.0000009612
694 0.0000009594
695 0.0000009577
696 0.0000009560
697 0.0000009542
698 0.0000009525
699 0.0000009508
700 0.0000009491
701 0.0000009474
702 0.0000009457
703 0.0000009440
704 0.0000009423
705 0.0000009406
706 0.0000009389
707 0.0000009372
708 0.0000009356
709 0.0000009339
710 0.0000009322
711 0.0000009306
712 0.0000009289
713 0.0000009273
714 0.0000009256
715 0.0000009240
716 0.0000009224
717 0.0000009207
718 0.0000009191
719 0.0000009175
720 0.0000009159
721 0.0000009143
722 0.0000009127
723 0.0000009111
724 0.0000009095
725 0.0000009079
726 0.0000009063
727 0.0000009047
728 0.0000009031
729 0.0000009016
730 0.0000009000
731 0.0000008984
732 0.0000008969
733 0.0000008953
734 0.0000008938
735 0.0000008922
736 0.0000008907
737 0.0000008891
738 0.0000008876
739 0.0000008861
740 0.0000008846
741 0.0000008830
742 0.0000008815
743 0.0000008800
744 0.0000008785
745 0.0000008770
746 0.0000008755
747 0.0000008740
748 0.0000008725
749 0.0000008710
750 0.0000008695
751 0.0000008681
752 0.0000008666
753 0.0000008651
754 0.0000008637
755 0.0000008622
756 0.0000008607
757 0.0000008593
758 0.0000008578
759 0.0000008564
760 0.0000008550
761 0.0000008535
762 0.0000008521
763 0.0000008507
764 0.0000008492
765 0.0000008478
766 0.0000008464
767 0.0000008450
768 0.0000008436
769 0.0000008422
770 0.0000008408
771 0.0000008394
772 0.0000008380
773 0.0000008366
774 0.0000008352
775 0.0000008338
776 0.0000008324
777 0.0000008310
778 0.0000008297
779 0.0000008283
780 0.0000008269
781 0.0000008256
782 0.0000008242
783 0.0000008229
784 0.0000008215
785 0.0000008202
786 0.0000008188
787 0.0000008175
788 0.0000008161
789 0.0000008148
790 0.0000008135
791 0.0000008122
792 0.0000008108
793 0.0000008095
794 0.0000008082
795 0.0000008069
796 0.0000008056
797 0.0000008043
798 0.0000008030
799 0.0000008017
800 0.0000008004
801 0.0000007991
802 0.0000007978
803 0.0000007965
804 0.0000007952
805 0.0000007940
806 0.0000007927
807 0.0000007914
808 0.0000007902
809 0.0000007889
810 0.0000007876
811 0.0000007864
812 0.0000007851
813 0.0000007839
814 0.0000007826
815 0.0000007814
816 0.0000007801
817 0.0000007789
818 0.0000007777
819 0.0000007764
820 0.0000007752
821 0.0000007740
822 0.0000007728
823 0.0000007715
824 0.0000007703
825 0.0000007691
826 0.0000007679
827 0.0000007667
828 0.0000007655
829 0.0000007643
830 0.0000007631
831 0.0000007619
832 0.0000007607
833 0.0000007595
834 0.0000007583
835 0.0000007571
836 0.0000007560
837 0.0000007548
838 0.0000007536
839 0.0000007524
840 0.0000007513
841 0.0000007501
842 0.0000007489
843 0.0000007478
844 0.0000007466
845 0.0000007455
846 0.0000007443
847 0.0000007432
848 0.0000007420
849 0.0000007409
850 0.0000007397
851 0.0000007386
852 0.0000007375
853 0.0000007363
854 0.0000007352
855 0.0000007341
856 0.0000007330
857 0.0000007318
858 0.0000007307
859 0.0000007296
860 0.0000007285
861 0.0000007274
862 0.0000007263
863 0.0000007252
864 0.0000007241
865 0.0000007230
866 0.0000007219
867 0.0000007208
868 0.0000007197
869 0.0000007186
870 0.0000007175
871 0.0000007164
872 0.0000007154
873 0.0000007143
874 0.0000007132
875 0.0000007121
876 0.0000007111
877 0.0000007100
878 0.0000007089
879 0.0000007079
880 0.0000007068
881 0.0000007058
882 0.0000007047
883 0.0000007037
884 0.0000007026
885 0.0000007016
886 0.0000007005
887 0.0000006995
888 0.0000006984
889 0.0000006974
890 0.0000006964
891 0.0000006953
892 0.0000006943
893 0.0000006933
894 0.0000006922
895 0.0000006912
896 0.0000006902
897 0.0000006892
898 0.0000006882
899 0.0000006872
900 0.0000006861
901 0.0000006851
902 0.0000006841
903 0.0000006831
904 0.0000006821
905 0.0000006811
906 0.0000006801
907 0.0000006791
908 0.0000006781
909 0.0000006772
910 0.0000006762
911 0.0000006752
912 0.0000006742
913 0.0000006732
914 0.0000006722
915 0.0000006713
916 0.0000006703
917 0.0000006693
918 0.0000006683
919 0.0000006674
920 0.0000006664
921 0.0000006655
922 0.0000006645
923 0.0000006635
924 0.0000006626
925 0.0000006616
926 0.0000006607
927 0.0000006597
928 0.0000006588
929 0.0000006578
930 0.0000006569
931 0.0000006559
932 0.0000006550
933 0.0000006541
934 0.0000006531
935 0.0000006522
936 0.0000006513
937 0.0000006503
938 0.0000006494
939 0.0000006485
940 0.0000006476
941 0.0000006466
942 0.0000006457
943 0.0000006448
944 0.0000006439
945 0.0000006430
946 0.0000006421
947 0.0000006412
948 0.0000006402
949 0.0000006393
950 0.0000006384
951 0.0000006375
952 0.0000006366
953 0.0000006357
954 0.0000006348
955 0.0000006340
956 0.0000006331
957 0.0000006322
958 0.0000006313
959 0.0000006304
960 0.0000006295
961 0.0000006286
962 0.0000006278
963 0.0000006269
964 0.0000006260
965 0.0000006251
966 0.0000006243
967 0.0000006234
968 0.0000006225
969 0.0000006217
970 0.0000006208
971 0.0000006199
972 0.0000006191
973 0.0000006182
974 0.0000006173
975 0.0000006165
976 0.0000006156
977 0.0000006148
978 0.0000006139
979 0.0000006131
980 0.0000006122
981 0.0000006114
982 0.0000006106
983 0.0000006097
984 0.0000006089
985 0.0000006080
986 0.0000006072
987 0.0000006064
988 0.0000006055
989 0.0000006047
990 0.0000006039
991 0.0000006030
992 0.0000006022
993 0.0000006014
994 0.0000006006
995 0.0000005998
996 0.0000005989
997 0.0000005981
998 0.0000005973
999 0.0000005965
1000 0.0000005957
1001 0.0000005949
1002 0.0000005941
1003 0.0000005933
1004 0.0000005924
1005 0.0000005916
1006 0.0000005908
1007 0.0000005900
1008 0.0000005892
1009 0.0000005884
1010 0.0000005876
1011 0.0000005869
1012 0.0000005861
1013 0.0000005853
1014 0.0000005845
1015 0.0000005837
1016 0.0000005829
1017 0.0000005821
1018 0.0000005813
1019 0.0000005806
1020 0.0000005798
1021 0.0000005790
1022 0.0000005782
1023 0.0000005774
1024 0.0000005767
1025 0.0000005759
1026 0.0000005751
1027 0.0000005744
1028 0.0000005736
1029 0.0000005728
1030 0.0000005721
1031 0.0000005713
1032 0.0000005705
1033 0.0000005698
1034 0.0000005690
1035 0.0000005683
1036 0.0000005675
1037 0.0000005668
1038 0.0000005660
1039 0.0000005652
1040 0.0000005645
1041 0.0000005637
1042 0.0000005630
1043 0.0000005623
1044 0.0000005615
1045 0.0000005608
1046 0.0000005600
1047 0.0000005593
1048 0.0000005585
1049 0.0000005578
1050 0.0000005571
1051 0.0000005563
1052 0.0000005556
1053 0.0000005549
1054 0.0000005541
1055 0.0000005534
1056 0.0000005527
1057 0.0000005520
1058 0.0000005512
1059 0.0000005505
1060 0.0000005498
1061 0.0000005491
1062 0.0000005484
1063 0.0000005476
1064 0.0000005469
1065 0.0000005462
1066 0.0000005455
1067 0.0000005448
1068 0.0000005441
1069 0.0000005433
1070 0.0000005426
1071 0.0000005419
1072 0.0000005412
1073 0.0000005405
1074 0.0000005398
1075 0.0000005391
1076 0.0000005384
1077 0.0000005377
1078 0.0000005370
1079 0.0000005363
1080 0.0000005356
1081 0.0000005349
1082 0.0000005342
1083 0.0000005335
1084 0.0000005328
1085 0.0000005321
1086 0.0000005315
1087 0.0000005308
1088 0.0000005301
1089 0.0000005294
1090 0.0000005287
1091 0.0000005280
1092 0.0000005273
1093 0.0000005267
1094 0.0000005260
1095 0.0000005253
1096 0.0000005246
1097 0.0000005239
1098 0.0000005233
1099 0.0000005226
1100 0.0000005219
1101 0.0000005212
1102 0.0000005206
1103 0.0000005199
1104 0.0000005192
1105 0.0000005186
1106 0.0000005179
1107 0.0000005172
1108 0.0000005166
1109 0.0000005159
1110 0.0000005152
1111 0.0000005146
1112 0.0000005139
1113 0.0000005132
1114 0.0000005126
1115 0.0000005119
1116 0.0000005113
1117 0.0000005106
1118 0.0000005099
1119 0.0000005093
1120 0.0000005086
1121 0.0000005080
1122 0.0000005073
1123 0.0000005067
1124 0.0000005060
1125 0.0000005054
1126 0.0000005047
1127 0.0000005041
1128 0.0000005034
1129 0.0000005028
1130 0.0000005021
1131 0.0000005015
1132 0.0000005008
1133 0.0000005002
1134 0.0000004995
1135 0.0000004989
1136 0.0000004982
1137 0.0000004976
1138 0.0000004969
1139 0.0000004963
1140 0.0000004957
1141 0.0000004950
1142 0.0000004944
1143 0.0000004937
1144 0.0000004931
1145 0.0000004924
1146 0.0000004918
1147 0.0000004912
1148 0.0000004905
1149 0.0000004899
1150 0.0000004892
1151 0.0000004886
1152 0.0000004879
1153 0.0000004873
1154 0.0000004867
1155 0.0000004860
1156 0.0000004854
1157 0.0000004847
1158 0.0000004841
1159 0.0000004834
1160 0.0000004828
1161 0.0000004821
1162 0.0000004815
1163 0.0000004808
1164 0.0000004802
1165 0.0000004795
1166 0.0000004788
1167 0.0000004782
1168 0.0000004775
1169 0.0000004768
1170 0.0000004761
1171 0.0000004755
1172 0.0000004748
1173 0.0000004741
1174 0.0000004734
1175 0.0000004727
1176 0.0000004720
1177 0.0000004712
1178 0.0000004705
1179 0.0000004697
1180 0.0000004690
1181 0.0000004682
1182 0.0000004674
1183 0.0000004665
1184 0.0000004657
1185 0.0000004647
1186 0.0000004638
1187 0.0000004628
1188 0.0000004617
1189 0.0000004605
1190 0.0000004593
1191 0.0000004578
1192 0.0000004562
1193 0.0000004542
1194 0.0000004518
1195 0.0000004486
1196 0.0000004442
1197 0.0000004374
1198 0.0000004238
1199 0.0000003777
1200 0.0000000000
