1 1200
0 0.9912914374
1 0.0029648499
2 0.0009810120
3 0.0006252828
4 0.0004313567
5 0.0003239024
6 0.0002569316
7 0.0002111191
8 0.0001779170
9 0.0001528731
10 0.0001333870
11 0.0001178390
12 0.0001051744
13 0.0000946800
14 0.0000858571
15 0.0000783475
16 0.0000718870
17 0.0000662768
18 0.0000613649
19 0.0000570329
20 0.0000531872
21 0.0000497532
22 0.0000466705
23 0.0000438899
24 0.0000413707
25 0.0000390792
26 0.0000369870
27 0.0000350704
28 0.0000333090
29 0.0000316856
30 0.0000301853
31 0.0000287952
32 0.0000275042
33 0.0000263026
34 0.0000251818
35 0.0000241344
36 0.0000231538
37 0.0000222341
38 0.0000213701
39 0.0000205572
40 0.0000197913
41 0.0000190686
42 0.0000183857
43 0.0000177398
44 0.0000171279
45 0.0000165478
46 0.0000159971
47 0.0000154737
48 0.0000149760
49 0.0000145020
50 0.0000140503
51 0.0000136195
52 0.0000132083
53 0.0000128154
54 0.0000124397
55 0.0000120802
56 0.0000117360
57 0.0000114062
58 0.0000110899
59 0.0000107865
60 0.0000104952
61 0.0000102153
62 0.0000099464
63 0.0000096877
64 0.0000094387
65 0.0000091991
66 0.0000089682
67 0.0000087457
68 0.0000085312
69 0.0000083243
70 0.0000081246
71 0.0000079318
72 0.0000077455
73 0.0000075656
74 0.0000073916
75 0.0000072234
76 0.0000070606
77 0.0000069031
78 0.0000067507
79 0.0000066030
80 0.0000064599
81 0.0000063213
82 0.0000061868
83 0.0000060565
84 0.0000059301
85 0.0000058074
86 0.0000056883
87 0.0000055727
88 0.0000054604
89 0.0000053514
90 0.0000052454
91 0.0000051424
92 0.0000050423
93 0.0000049449
94 0.0000048502
95 0.0000047580
96 0.0000046684
97 0.0000045811
98 0.0000044962
99 0.0000044134
100 0.0000043329
101 0.0000042544
102 0.0000041779
103 0.0000041034
104 0.0000040307
105 0.0000039599
106 0.0000038908
107 0.0000038235
108 0.0000037577
109 0.0000036936
110 0.0000036311
111 0.0000035700
112 0.0000035104
113 0.0000034522
114 0.0000033954
115 0.0000033399
116 0.0000032857
117 0.0000032327
118 0.0000031810
119 0.0000031304
120 0.0000030810
121 0.0000030327
122 0.0000029855
123 0.0000029393
124 0.0000028941
125 0.0000028499
126 0.0000028067
127 0.0000027644
128 0.0000027231
129 0.0000026826
130 0.0000026430
131 0.0000026042
132 0.0000025662
133 0.0000025290
134 0.0000024927
135 0.0000024570
136 0.0000024221
137 0.0000023879
138 0.0000023544
139 0.0000023216
140 0.0000022894
141 0.0000022579
142 0.0000022270
143 0.0000021968
144 0.0000021671
145 0.0000021380
146 0.0000021095
147 0.0000020815
148 0.0000020541
149 0.0000020272
150 0.0000020008
151 0.0000019749
152 0.0000019495
153 0.0000019246
154 0.0000019002
155 0.0000018762
156 0.0000018527
157 0.0000018296
158 0.0000018069
159 0.0000017846
160 0.0000017628
161 0.0000017413
162 0.0000017202
163 0.0000016996
164 0.0000016792
165 0.0000016593
166 0.0000016397
167 0.0000016204
168 0.0000016015
169 0.0000015829
170 0.0000015647
171 0.0000015467
172 0.0000015291
173 0.0000015118
174 0.0000014948
175 0.0000014780
176 0.0000014616
177 0.0000014454
178 0.0000014295
179 0.0000014139
180 0.0000013985
181 0.0000013834
182 0.0000013685
183 0.0000013539
184 0.0000013396
185 0.0000013254
186 0.0000013115
187 0.0000012978
188 0.0000012844
189 0.0000012711
190 0.0000012581
191 0.0000012453
192 0.0000012327
193 0.0000012203
194 0.0000012080
195 0.0000011960
196 0.0000011842
197 0.0000011725
198 0.0000011611
199 0.0000011498
200 0.0000011387
201 0.0000011277
202 0.0000011169
203 0.0000011063
204 0.0000010959
205 0.0000010856
206 0.0000010755
207 0.0000010655
208 0.0000010557
209 0.0000010460
210 0.0000010364
211 0.0000010270
212 0.0000010178
213 0.0000010086
214 0.0000009997
215 0.0000009908
216 0.0000009821
217 0.0000009735
218 0.0000009650
219 0.0000009566
220 0.0000009484
221 0.0000009403
222 0.0000009323
223 0.0000009244
224 0.0000009166
225 0.0000009090
226 0.0000009014
227 0.0000008940
228 0.0000008866
229 0.0000008794
230 0.0000008722
231 0.0000008652
232 0.0000008582
233 0.0000008514
234 0.0000008446
235 0.0000008380
236 0.0000008314
237 0.0000008249
238 0.0000008185
239 0.0000008122
240 0.0000008060
241 0.0000007998
242 0.0000007937
243 0.0000007878
244 0.0000007818
245 0.0000007760
246 0.0000007703
247 0.0000007646
248 0.0000007590
249 0.0000007535
250 0.0000007480
251 0.0000007426
252 0.0000007373
253 0.0000007320
254 0.0000007269
255 0.0000007217
256 0.0000007167
257 0.0000007117
258 0.0000007068
259 0.0000007019
260 0.0000006971
261 0.0000006923
262 0.0000006877
263 0.0000006830
264 0.0000006785
265 0.0000006739
266 0.0000006695
267 0.0000006651
268 0.0000006607
269 0.0000006564
270 0.0000006522
271 0.0000006480
272 0.0000006438
273 0.0000006397
274 0.0000006357
275 0.0000006317
276 0.0000006277
277 0.0000006238
278 0.0000006200
279 0.0000006161
280 0.0000006124
281 0.0000006086
282 0.0000006049
283 0.0000006013
284 0.0000005977
285 0.0000005941
286 0.0000005906
287 0.0000005871
288 0.0000005837
289 0.0000005803
290 0.0000005769
291 0.0000005736
292 0.0000005703
293 0.0000005671
294 0.0000005638
295 0.0000005607
296 0.0000005575
297 0.0000005544
298 0.0000005513
299 0.0000005483
300 0.0000005453
301 0.0000005423
302 0.0000005393
303 0.0000005364
304 0.0000005335
305 0.0000005307
306 0.0000005279
307 0.0000005251
308 0.0000005223
309 0.0000005196
310 0.0000005169
311 0.0000005142
312 0.0000005115
313 0.0000005089
314 0.0000005063
315 0.0000005037
316 0.0000005012
317 0.0000004987
318 0.0000004962
319 0.0000004937
320 0.0000004913
321 0.0000004888
322 0.0000004865
323 0.0000004841
324 0.0000004817
325 0.0000004794
326 0.0000004771
327 0.0000004748
328 0.0000004726
329 0.0000004703
330 0.0000004681
331 0.0000004659
332 0.0000004638
333 0.0000004616
334 0.0000004595
335 0.0000004574
336 0.0000004553
337 0.0000004532
338 0.0000004512
339 0.0000004491
340 0.0000004471
341 0.0000004451
342 0.0000004432
343 0.0000004412
344 0.0000004393
345 0.0000004374
346 0.0000004355
347 0.0000004336
348 0.0000004317
349 0.0000004298
350 0.0000004280
351 0.0000004262
352 0.0000004244
353 0.0000004226
354 0.0000004208
355 0.0000004191
356 0.0000004173
357 0.0000004156
358 0.0000004139
359 0.0000004122
360 0.0000004105
361 0.0000004089
362 0.0000004072
363 0.0000004056
364 0.0000004040
365 0.0000004024
366 0.0000004008
367 0.0000003992
368 0.0000003976
369 0.0000003961
370 0.0000003945
371 0.0000003930
372 0.0000003915
373 0.0000003900
374 0.0000003885
375 0.0000003870
376 0.0000003855
377 0.0000003841
378 0.0000003826
379 0.0000003812
380 0.0000003798
381 0.0000003784
382 0.0000003770
383 0.0000003756
384 0.0000003742
385 0.0000003729
386 0.0000003715
387 0.0000003702
388 0.0000003688
389 0.0000003675
390 0.0000003662
391 0.0000003649
392 0.0000003636
393 0.0000003623
394 0.0000003610
395 0.0000003598
396 0.0000003585
397 0.0000003573
398 0.0000003560
399 0.0000003548
400 0.0000003536
401 0.0000003524
402 0.0000003512
403 0.0000003500
404 0.0000003488
405 0.0000003477
406 0.0000003465
407 0.0000003453
408 0.0000003442
409 0.0000003430
410 0.0000003419
411 0.0000003408
412 0.0000003397
413 0.0000003386
414 0.0000003375
415 0.0000003364
416 0.0000003353
417 0.0000003342
418 0.0000003332
419 0.0000003321
420 0.0000003310
421 0.0000003300
422 0.0000003290
423 0.0000003279
424 0.0000003269
425 0.0000003259
426 0.0000003249
427 0.0000003239
428 0.0000003229
429 0.0000003219
430 0.0000003209
431 0.0000003199
432 0.0000003189
433 0.0000003180
434 0.0000003170
435 0.0000003161
436 0.0000003151
437 0.0000003142
438 0.0000003132
439 0.0000003123
440 0.0000003114
441 0.0000003105
442 0.0000003096
443 0.0000003087
444 0.0000003078
445 0.0000003069
446 0.0000003060
447 0.0000003051
448 0.0000003042
449 0.0000003034
450 0.0000003025
451 0.0000003016
452 0.0000003008
453 0.0000002999
454 0.0000002991
455 0.0000002982
456 0.0000002974
457 0.0000002966
458 0.0000002957
459 0.0000002949
460 0.0000002941
461 0.0000002933
462 0.0000002925
463 0.0000002917
464 0.0000002909
465 0.0000002901
466 0.0000002893
467 0.0000002885
468 0.0000002878
469 0.0000002870
470 0.0000002862
471 0.0000002855
472 0.0000002847
473 0.0000002839
474 0.0000002832
475 0.0000002824
476 0.0000002817
477 0.0000002810
478 0.0000002802
479 0.0000002795
480 0.0000002788
481 0.0000002780
482 0.0000002773
483 0.0000002766
484 0.0000002759
485 0.0000002752
486 0.0000002745
487 0.0000002738
488 0.0000002731
489 0.0000002724
490 0.0000002717
491 0.0000002710
492 0.0000002704
493 0.0000002697
494 0.0000002690
495 0.0000002683
496 0.0000002677
497 0.0000002670
498 0.0000002663
499 0.0000002657
500 0.0000002650
501 0.0000002644
502 0.0000002637
503 0.0000002631
504 0.0000002625
505 0.0000002618
506 0.0000002612
507 0.0000002606
508 0.0000002599
509 0.0000002593
510 0.0000002587
511 0.0000002581
512 0.0000002575
513 0.0000002568
514 0.0000002562
515 0.0000002556
516 0.0000002550
517 0.0000002544
518 0.0000002538
519 0.0000002532
520 0.0000002526
521 0.0000002521
522 0.0000002515
523 0.0000002509
524 0.0000002503
525 0.0000002497
526 0.0000002492
527 0.0000002486
528 0.0000002480
529 0.0000002475
530 0.0000002469
531 0.0000002463
532 0.0000002458
533 0.0000002452
534 0.0000002447
535 0.0000002441
536 0.0000002436
537 0.0000002430
538 0.0000002425
539 0.0000002419
540 0.0000002414
541 0.0000002409
542 0.0000002403
543 0.0000002398
544 0.0000002393
545 0.0000002388
546 0.0000002382
547 0.0000002377
548 0.0000002372
549 0.0000002367
550 0.0000002362
551 0.0000002357
552 0.0000002351
553 0.0000002346
554 0.0000002341
555 0.0000002336
556 0.0000002331
557 0.0000002326
558 0.0000002321
559 0.0000002316
560 0.0000002311
561 0.0000002307
562 0.0000002302
563 0.0000002297
564 0.0000002292
565 0.0000002287
566 0.0000002282
567 0.0000002278
568 0.0000002273
569 0.0000002268
570 0.0000002263
571 0.0000002259
572 0.0000002254
573 0.0000002249
574 0.0000002245
575 0.0000002240
576 0.0000002236
577 0.0000002231
578 0.0000002226
579 0.0000002222
580 0.0000002217
581 0.0000002213
582 0.0000002208
583 0.0000002204
584 0.0000002199
585 0.0000002195
586 0.0000002191
587 0.0000002186
588 0.0000002182
589 0.0000002177
590 0.0000002173
591 0.0000002169
592 0.0000002164
593 0.0000002160
594 0.0000002156
595 0.0000002152
596 0.0000002147
597 0.0000002143
598 0.0000002139
599 0.0000002135
600 0.0000002130
601 0.0000002126
602 0.0000002122
603 0.0000002118
604 0.0000002114
605 0.0000002110
606 0.0000002106
607 0.0000002102
608 0.0000002098
609 0.0000002094
610 0.0000002090
611 0.0000002086
612 0.0000002082
613 0.0000002078
614 0.0000002074
615 0.0000002070
616 0.0000002066
617 0.0000002062
618 0.0000002058
619 0.0000002054
620 0.0000002050
621 0.0000002046
622 0.0000002042
623 0.0000002039
624 0.0000002035
625 0.0000002031
626 0.0000002027
627 0.0000002023
628 0.0000002020
629 0.0000002016
630 0.0000002012
631 0.0000002008
632 0.0000002005
633 0.0000002001
634 0.0000001997
635 0.0000001994
636 0.0000001990
637 0.0000001986
638 0.0000001983
639 0.0000001979
640 0.0000001976
641 0.0000001972
642 0.0000001968
643 0.0000001965
644 0.0000001961
645 0.0000001958
646 0.0000001954
647 0.0000001951
648 0.0000001947
649 0.0000001944
650 0.0000001940
651 0.0000001937
652 0.0000001933
653 0.0000001930
654 0.0000001926
655 0.0000001923
656 0.0000001919
657 0.0000001916
658 0.0000001913
659 0.0000001909
660 0.0000001906
661 0.0000001903
662 0.0000001899
663 0.0000001896
664 0.0000001893
665 0.0000001889
666 0.0000001886
667 0.0000001883
668 0.0000001879
669 0.0000001876
670 0.0000001873
671 0.0000001870
672 0.0000001866
673 0.0000001863
674 0.0000001860
675 0.0000001857
676 0.0000001854
677 0.0000001850
678 0.0000001847
679 0.0000001844
680 0.0000001841
681 0.0000001838
682 0.0000001835
683 0.0000001832
684 0.0000001828
685 0.0000001825
686 0.0000001822
687 0.0000001819
688 0.0000001816
689 0.0000001813
690 0.0000001810
691 0.0000001807
692 0.0000001804
693 0.0000001801
694 0.0000001798
695 0.0000001795
696 0.0000001792
697 0.0000001789
698 0.0000001786
699 0.0000001783
700 0.0000001780
701 0.0000001777
702 0.0000001774
703 0.0000001771
704 0.0000001768
705 0.0000001765
706 0.0000001762
707 0.0000001760
708 0.0000001757
709 0.0000001754
710 0.0000001751
711 0.0000001748
712 0.0000001745
713 0.0000001742
714 0.0000001740
715 0.0000001737
716 0.0000001734
717 0.0000001731
718 0.0000001728
719 0.0000001726
720 0.0000001723
721 0.0000001720
722 0.0000001717
723 0.0000001714
724 0.0000001712
725 0.0000001709
726 0.0000001706
727 0.0000001704
728 0.0000001701
729 0.0000001698
730 0.0000001695
731 0.0000001693
732 0.0000001690
733 0.0000001687
734 0.0000001685
735 0.0000001682
736 0.0000001679
737 0.0000001677
738 0.0000001674
739 0.0000001672
740 0.0000001669
741 0.0000001666
742 0.0000001664
743 0.0000001661
744 0.0000001659
745 0.0000001656
746 0.0000001653
747 0.0000001651
748 0.0000001648
749 0.0000001646
750 0.0000001643
751 0.0000001641
752 0.0000001638
753 0.0000001636
754 0.0000001633
755 0.0000001631
756 0.0000001628
757 0.0000001626
758 0.0000001623
759 0.0000001621
760 0.0000001618
761 0.0000001616
762 0.0000001613
763 0.0000001611
764 0.0000001608
765 0.0000001606
766 0.0000001603
767 0.0000001601
768 0.0000001599
769 0.0000001596
770 0.0000001594
771 0.0000001591
772 0.0000001589
773 0.0000001587
774 0.0000001584
775 0.0000001582
776 0.0000001579
777 0.0000001577
778 0.0000001575
779 0.0000001572
780 0.0000001570
781 0.0000001568
782 0.0000001565
783 0.0000001563
784 0.0000001561
785 0.0000001559
786 0.0000001556
787 0.0000001554
788 0.0000001552
789 0.0000001549
790 0.0000001547
791 0.0000001545
792 0.0000001543
793 0.0000001540
794 0.0000001538
795 0.0000001536
796 0.0000001534
797 0.0000001531
798 0.0000001529
799 0.0000001527
800 0.0000001525
801 0.0000001522
802 0.0000001520
803 0.0000001518
804 0.0000001516
805 0.0000001514
806 0.0000001511
807 0.0000001509
808 0.0000001507
809 0.0000001505
810 0.0000001503
811 0.0000001501
812 0.0000001499
813 0.0000001496
814 0.0000001494
815 0.0000001492
816 0.0000001490
817 0.0000001488
818 0.0000001486
819 0.0000001484
820 0.0000001482
821 0.0000001479
822 0.0000001477
823 0.0000001475
824 0.0000001473
825 0.0000001471
826 0.0000001469
827 0.0000001467
828 0.0000001465
829 0.0000001463
830 0.0000001461
831 0.0000001459
832 0.0000001457
833 0.0000001455
834 0.0000001453
835 0.0000001451
836 0.0000001449
837 0.0000001447
838 0.0000001445
839 0.0000001443
840 0.0000001441
841 0.0000001439
842 0.0000001437
843 0.0000001435
844 0.0000001433
845 0.0000001431
846 0.0000001429
847 0.0000001427
848 0.0000001425
849 0.0000001423
850 0.0000001421
851 0.0000001419
852 0.0000001417
853 0.0000001415
854 0.0000001413
855 0.0000001411
856 0.0000001409
857 0.0000001408
858 0.0000001406
859 0.0000001404
860 0.0000001402
861 0.0000001400
862 0.0000001398
863 0.0000001396
864 0.0000001394
865 0.0000001392
866 0.0000001391
867 0.0000001389
868 0.0000001387
869 0.0000001385
870 0.0000001383
871 0.0000001381
872 0.0000001379
873 0.0000001378
874 0.0000001376
875 0.0000001374
876 0.0000001372
877 0.0000001370
878 0.0000001368
879 0.0000001367
880 0.0000001365
881 0.0000001363
882 0.0000001361
883 0.0000001359
884 0.0000001358
885 0.0000001356
886 0.0000001354
887 0.0000001352
888 0.0000001351
889 0.0000001349
890 0.0000001347
891 0.0000001345
892 0.0000001343
893 0.0000001342
894 0.0000001340
895 0.0000001338
896 0.0000001336
897 0.0000001335
898 0.0000001333
899 0.0000001331
900 0.0000001330
901 0.0000001328
902 0.0000001326
903 0.0000001324
904 0.0000001323
905 0.0000001321
906 0.0000001319
907 0.0000001318
908 0.0000001316
909 0.0000001314
910 0.0000001313
911 0.0000001311
912 0.0000001309
913 0.0000001307
914 0.0000001306
915 0.0000001304
916 0.0000001303
917 0.0000001301
918 0.0000001299
919 0.0000001298
920 0.0000001296
921 0.0000001294
922 0.0000001293
923 0.0000001291
924 0.0000001289
925 0.0000001288
926 0.0000001286
927 0.0000001284
928 0.0000001283
929 0.0000001281
930 0.0000001280
931 0.0000001278
932 0.0000001276
933 0.0000001275
934 0.0000001273
935 0.0000001272
936 0.0000001270
937 0.0000001268
938 0.0000001267
939 0.0000001265
940 0.0000001264
941 0.0000001262
942 0.0000001261
943 0.0000001259
944 0.0000001257
945 0.0000001256
946 0.0000001254
947 0.0000001253
948 0.0000001251
949 0.0000001250
950 0.0000001248
951 0.0000001247
952 0.0000001245
953 0.0000001244
954 0.0000001242
955 0.0000001241
956 0.0000001239
957 0.0000001238
958 0.0000001236
959 0.0000001234
960 0.0000001233
961 0.0000001231
962 0.0000001230
963 0.0000001228
964 0.0000001227
965 0.0000001226
966 0.0000001224
967 0.0000001223
968 0.0000001221
969 0.0000001220
970 0.0000001218
971 0.0000001217
972 0.0000001215
973 0.0000001214
974 0.0000001212
975 0.0000001211
976 0.0000001209
977 0.0000001208
978 0.0000001206
979 0.0000001205
980 0.0000001204
981 0.0000001202
982 0.0000001201
983 0.0000001199
984 0.0000001198
985 0.0000001196
986 0.0000001195
987 0.0000001194
988 0.0000001192
989 0.0000001191
990 0.0000001189
991 0.0000001188
992 0.0000001186
993 0.0000001185
994 0.0000001184
995 0.0000001182
996 0.0000001181
997 0.0000001179
998 0.0000001178
999 0.0000001177
1000 0.0000001175
1001 0.0000001174
1002 0.0000001173
1003 0.0000001171
1004 0.0000001170
1005 0.0000001168
1006 0.0000001167
1007 0.0000001166
1008 0.0000001164
1009 0.0000001163
1010 0.0000001162
1011 0.0000001160
1012 0.0000001159
1013 0.0000001158
1014 0.0000001156
1015 0.0000001155
1016 0.0000001154
1017 0.0000001152
1018 0.0000001151
1019 0.0000001150
1020 0.0000001148
1021 0.0000001147
1022 0.0000001146
1023 0.0000001144
1024 0.0000001143
1025 0.0000001142
1026 0.0000001140
1027 0.0000001139
1028 0.0000001138
1029 0.0000001136
1030 0.0000001135
1031 0.0000001134
1032 0.0000001132
1033 0.0000001131
1034 0.0000001130
1035 0.0000001129
1036 0.0000001127
1037 0.0000001126
1038 0.0000001125
1039 0.0000001123
1040 0.0000001122
1041 0.0000001121
1042 0.0000001120
1043 0.0000001118
1044 0.0000001117
1045 0.0000001116
1046 0.0000001114
1047 0.0000001113
1048 0.0000001112
1049 0.0000001111
1050 0.0000001109
1051 0.0000001108
1052 0.0000001107
1053 0.0000001106
1054 0.0000001104
1055 0.0000001103
1056 0.0000001102
1057 0.0000001101
1058 0.0000001099
1059 0.0000001098
1060 0.0000001097
1061 0.0000001096
1062 0.0000001095
1063 0.0000001093
1064 0.0000001092
1065 0.0000001091
1066 0.0000001090
1067 0.0000001088
1068 0.0000001087
1069 0.0000001086
1070 0.0000001085
1071 0.0000001084
1072 0.0000001082
1073 0.0000001081
1074 0.0000001080
1075 0.0000001079
1076 0.0000001078
1077 0.0000001076
1078 0.0000001075
1079 0.0000001074
1080 0.0000001073
1081 0.0000001072
1082 0.0000001070
1083 0.0000001069
1084 0.0000001068
1085 0.0000001067
1086 0.0000001066
1087 0.0000001065
1088 0.0000001063
1089 0.0000001062
1090 0.0000001061
1091 0.0000001060
1092 0.0000001059
1093 0.0000001058
1094 0.0000001056
1095 0.0000001055
1096 0.0000001054
1097 0.0000001053
1098 0.0000001052
1099 0.0000001051
1100 0.0000001049
1101 0.0000001048
1102 0.0000001047
1103 0.0000001046
1104 0.0000001045
1105 0.0000001044
1106 0.0000001043
1107 0.0000001041
1108 0.0000001040
1109 0.0000001039
1110 0.0000001038
1111 0.0000001037
1112 0.0000001036
1113 0.0000001035
1114 0.0000001033
1115 0.0000001032
1116 0.0000001031
1117 0.0000001030
1118 0.0000001029
1119 0.0000001028
1120 0.0000001027
1121 0.0000001026
1122 0.0000001024
1123 0.0000001023
1124 0.0000001022
1125 0.0000001021
1126 0.0000001020
1127 0.0000001019
1128 0.0000001018
1129 0.0000001017
1130 0.0000001016
1131 0.0000001014
1132 0.0000001013
1133 0.0000001012
1134 0.0000001011
1135 0.0000001010
1136 0.0000001009
1137 0.0000001008
1138 0.0000001007
1139 0.0000001006
1140 0.0000001004
1141 0.0000001003
1142 0.0000001002
1143 0.0000001001
1144 0.0000001000
1145 0.0000000999
1146 0.0000000998
1147 0.0000000997
1148 0.0000000996
1149 0.0000000995
1150 0.0000000993
1151 0.0000000992
1152 0.0000000991
1153 0.0000000990
1154 0.0000000989
1155 0.0000000988
1156 0.0000000987
1157 0.0000000986
1158 0.0000000985
1159 0.0000000983
1160 0.0000000982
1161 0.0000000981
1162 0.0000000980
1163 0.0000000979
1164 0.0000000978
1165 0.0000000977
1166 0.0000000975
1167 0.0000000974
1168 0.0000000973
1169 0.0000000972
1170 0.0000000971
1171 0.0000000970
1172 0.0000000968
1173 0.0000000967
1174 0.0000000966
1175 0.0000000965
1176 0.0000000963
1177 0.0000000962
1178 0.0000000961
1179 0.0000000960
1180 0.0000000958
1181 0.0000000957
1182 0.0000000955
1183 0.0000000954
1184 0.0000000952
1185 0.0000000951
1186 0.0000000949
1187 0.0000000947
1188 0.0000000945
1189 0.0000000943
1190 0.0000000940
1191 0.0000000938
1192 0.0000000934
1193 0.0000000931
1194 0.0000000926
1195 0.0000000920
1196 0.0000000911
1197 0.0000000897
1198 0.0000000869
1199 0.0000000775
1200 0.0000000000
