1 990
0 0.9720806730
1 0.0065502415
2 0.0027351052
3 0.0018991912
4 0.0013936120
5 0.0010939354
6 0.0008974127
7 0.0007573387
8 0.0006522878
9 0.0005707053
10 0.0005055997
11 0.0004524800
12 0.0004083441
13 0.0003711142
14 0.0003393081
15 0.0003118392
16 0.0002878928
17 0.0002668458
18 0.0002482137
19 0.0002316139
20 0.0002167402
21 0.0002033449
22 0.0001912253
23 0.0001802140
24 0.0001701715
25 0.0001609806
26 0.0001525422
27 0.0001447718
28 0.0001375972
29 0.0001309558
30 0.0001247938
31 0.0001190639
32 0.0001137252
33 0.0001087414
34 0.0001040805
35 0.0000997145
36 0.0000956181
37 0.0000917691
38 0.0000881474
39 0.0000847350
40 0.0000815158
41 0.0000784753
42 0.0000756003
43 0.0000728788
44 0.0000703000
45 0.0000678541
46 0.0000655319
47 0.0000633254
48 0.0000612269
49 0.0000592295
50 0.0000573269
51 0.0000555132
52 0.0000537829
53 0.0000521312
54 0.0000505534
55 0.0000490452
56 0.0000476027
57 0.0000462221
58 0.0000449001
59 0.0000436334
60 0.0000424192
61 0.0000412545
62 0.0000401368
63 0.0000390638
64 0.0000380331
65 0.0000370426
66 0.0000360903
67 0.0000351744
68 0.0000342930
69 0.0000334446
70 0.0000326275
71 0.0000318404
72 0.0000310818
73 0.0000303504
74 0.0000296451
75 0.0000289645
76 0.0000283077
77 0.0000276736
78 0.0000270612
79 0.0000264696
80 0.0000258979
81 0.0000253452
82 0.0000248108
83 0.0000242939
84 0.0000237938
85 0.0000233098
86 0.0000228413
87 0.0000223876
88 0.0000219482
89 0.0000215225
90 0.0000211099
91 0.0000207100
92 0.0000203223
93 0.0000199463
94 0.0000195815
95 0.0000192276
96 0.0000188842
97 0.0000185508
98 0.0000182271
99 0.0000179127
100 0.0000176074
101 0.0000173107
102 0.0000170224
103 0.0000167422
104 0.0000164697
105 0.0000162049
106 0.0000159472
107 0.0000156966
108 0.0000154527
109 0.0000152154
110 0.0000149844
111 0.0000147596
112 0.0000145406
113 0.0000143274
114 0.0000141197
115 0.0000139173
116 0.0000137201
117 0.0000135279
118 0.0000133406
119 0.0000131579
120 0.0000129798
121 0.0000128061
122 0.0000126366
123 0.0000124713
124 0.0000123100
125 0.0000121525
126 0.0000119988
127 0.0000118487
128 0.0000117022
129 0.0000115591
130 0.0000114193
131 0.0000112828
132 0.0000111493
133 0.0000110190
134 0.0000108915
135 0.0000107669
136 0.0000106451
137 0.0000105260
138 0.0000104095
139 0.0000102955
140 0.0000101840
141 0.0000100749
142 0.0000099682
143 0.0000098637
144 0.0000097614
145 0.0000096613
146 0.0000095632
147 0.0000094672
148 0.0000093731
149 0.0000092810
150 0.0000091907
151 0.0000091022
152 0.0000090155
153 0.0000089305
154 0.0000088472
155 0.0000087655
156 0.0000086854
157 0.0000086069
158 0.0000085298
159 0.0000084542
160 0.0000083801
161 0.0000083073
162 0.0000082359
163 0.0000081657
164 0.0000080969
165 0.0000080294
166 0.0000079630
167 0.0000078979
168 0.0000078339
169 0.0000077710
170 0.0000077092
171 0.0000076486
172 0.0000075889
173 0.0000075303
174 0.0000074727
175 0.0000074161
176 0.0000073604
177 0.0000073057
178 0.0000072518
179 0.0000071989
180 0.0000071468
181 0.0000070955
182 0.0000070451
183 0.0000069955
184 0.0000069467
185 0.0000068986
186 0.0000068513
187 0.0000068048
188 0.0000067589
189 0.0000067138
190 0.0000066693
191 0.0000066255
192 0.0000065824
193 0.0000065399
194 0.0000064980
195 0.0000064568
196 0.0000064161
197 0.0000063760
198 0.0000063366
199 0.0000062976
200 0.0000062592
201 0.0000062214
202 0.0000061841
203 0.0000061473
204 0.0000061110
205 0.0000060752
206 0.0000060399
207 0.0000060050
208 0.0000059706
209 0.0000059367
210 0.0000059032
211 0.0000058702
212 0.0000058376
213 0.0000058054
214 0.0000057736
215 0.0000057422
216 0.0000057112
217 0.0000056806
218 0.0000056504
219 0.0000056205
220 0.0000055910
221 0.0000055619
222 0.0000055331
223 0.0000055047
224 0.0000054766
225 0.0000054488
226 0.0000054214
227 0.0000053942
228 0.0000053674
229 0.0000053409
230 0.0000053147
231 0.0000052888
232 0.0000052632
233 0.0000052378
234 0.0000052128
235 0.0000051880
236 0.0000051635
237 0.0000051393
238 0.0000051153
239 0.0000050916
240 0.0000050681
241 0.0000050449
242 0.0000050219
243 0.0000049992
244 0.0000049767
245 0.0000049544
246 0.0000049323
247 0.0000049105
248 0.0000048889
249 0.0000048675
250 0.0000048463
251 0.0000048254
252 0.0000048046
253 0.0000047840
254 0.0000047637
255 0.0000047435
256 0.0000047235
257 0.0000047038
258 0.0000046841
259 0.0000046647
260 0.0000046455
261 0.0000046265
262 0.0000046076
263 0.0000045889
264 0.0000045703
265 0.0000045520
266 0.0000045338
267 0.0000045157
268 0.0000044978
269 0.0000044801
270 0.0000044625
271 0.0000044451
272 0.0000044278
273 0.0000044107
274 0.0000043938
275 0.0000043769
276 0.0000043602
277 0.0000043437
278 0.0000043273
279 0.0000043110
280 0.0000042949
281 0.0000042789
282 0.0000042630
283 0.0000042473
284 0.0000042317
285 0.0000042162
286 0.0000042008
287 0.0000041856
288 0.0000041704
289 0.0000041554
290 0.0000041406
291 0.0000041258
292 0.0000041111
293 0.0000040966
294 0.0000040821
295 0.0000040678
296 0.0000040536
297 0.0000040395
298 0.0000040255
299 0.0000040116
300 0.0000039978
301 0.0000039841
302 0.0000039705
303 0.0000039570
304 0.0000039436
305 0.0000039303
306 0.0000039171
307 0.0000039040
308 0.0000038910
309 0.0000038781
310 0.0000038653
311 0.0000038525
312 0.0000038399
313 0.0000038273
314 0.0000038148
315 0.0000038024
316 0.0000037902
317 0.0000037779
318 0.0000037658
319 0.0000037537
320 0.0000037418
321 0.0000037299
322 0.0000037181
323 0.0000037063
324 0.0000036947
325 0.0000036831
326 0.0000036716
327 0.0000036602
328 0.0000036488
329 0.0000036375
330 0.0000036263
331 0.0000036152
332 0.0000036041
333 0.0000035932
334 0.0000035822
335 0.0000035714
336 0.0000035606
337 0.0000035499
338 0.0000035392
339 0.0000035286
340 0.0000035181
341 0.0000035077
342 0.0000034973
343 0.0000034870
344 0.0000034767
345 0.0000034665
346 0.0000034564
347 0.0000034463
348 0.0000034363
349 0.0000034263
350 0.0000034164
351 0.0000034066
352 0.0000033968
353 0.0000033871
354 0.0000033774
355 0.0000033678
356 0.0000033583
357 0.0000033488
358 0.0000033393
359 0.0000033300
360 0.0000033206
361 0.0000033113
362 0.0000033021
363 0.0000032930
364 0.0000032838
365 0.0000032748
366 0.0000032658
367 0.0000032568
368 0.0000032479
369 0.0000032390
370 0.0000032302
371 0.0000032214
372 0.0000032127
373 0.0000032040
374 0.0000031954
375 0.0000031868
376 0.0000031783
377 0.0000031698
378 0.0000031614
379 0.0000031530
380 0.0000031447
381 0.0000031364
382 0.0000031281
383 0.0000031199
384 0.0000031117
385 0.0000031036
386 0.0000030955
387 0.0000030875
388 0.0000030795
389 0.0000030715
390 0.0000030636
391 0.0000030557
392 0.0000030479
393 0.0000030401
394 0.0000030324
395 0.0000030247
396 0.0000030170
397 0.0000030094
398 0.0000030018
399 0.0000029942
400 0.0000029867
401 0.0000029792
402 0.0000029718
403 0.0000029644
404 0.0000029570
405 0.0000029497
406 0.0000029424
407 0.0000029351
408 0.0000029279
409 0.0000029207
410 0.0000029136
411 0.0000029065
412 0.0000028994
413 0.0000028924
414 0.0000028854
415 0.0000028784
416 0.0000028714
417 0.0000028645
418 0.0000028577
419 0.0000028508
420 0.0000028440
421 0.0000028372
422 0.0000028305
423 0.0000028238
424 0.0000028171
425 0.0000028105
426 0.0000028039
427 0.0000027973
428 0.0000027907
429 0.0000027842
430 0.0000027777
431 0.0000027712
432 0.0000027648
433 0.0000027584
434 0.0000027520
435 0.0000027457
436 0.0000027394
437 0.0000027331
438 0.0000027268
439 0.0000027206
440 0.0000027144
441 0.0000027082
442 0.0000027021
443 0.0000026960
444 0.0000026899
445 0.0000026839
446 0.0000026778
447 0.0000026718
448 0.0000026658
449 0.0000026599
450 0.0000026540
451 0.0000026481
452 0.0000026422
453 0.0000026364
454 0.0000026305
455 0.0000026247
456 0.0000026190
457 0.0000026132
458 0.0000026075
459 0.0000026018
460 0.0000025962
461 0.0000025905
462 0.0000025849
463 0.0000025793
464 0.0000025737
465 0.0000025682
466 0.0000025627
467 0.0000025572
468 0.0000025517
469 0.0000025462
470 0.0000025408
471 0.0000025354
472 0.0000025300
473 0.0000025247
474 0.0000025193
475 0.0000025140
476 0.0000025087
477 0.0000025035
478 0.0000024982
479 0.0000024930
480 0.0000024878
481 0.0000024826
482 0.0000024774
483 0.0000024723
484 0.0000024672
485 0.0000024621
486 0.0000024570
487 0.0000024519
488 0.0000024469
489 0.0000024419
490 0.0000024369
491 0.0000024319
492 0.0000024270
493 0.0000024221
494 0.0000024172
495 0.0000024123
496 0.0000024074
497 0.0000024025
498 0.0000023977
499 0.0000023929
500 0.0000023881
501 0.0000023833
502 0.0000023786
503 0.0000023738
504 0.0000023691
505 0.0000023644
506 0.0000023597
507 0.0000023551
508 0.0000023504
509 0.0000023458
510 0.0000023412
511 0.0000023366
512 0.0000023320
513 0.0000023275
514 0.0000023229
515 0.0000023184
516 0.0000023139
517 0.0000023094
518 0.0000023049
519 0.0000023005
520 0.0000022961
521 0.0000022916
522 0.0000022872
523 0.0000022829
524 0.0000022785
525 0.0000022742
526 0.0000022698
527 0.0000022655
528 0.0000022612
529 0.0000022569
530 0.0000022527
531 0.0000022484
532 0.0000022442
533 0.0000022400
534 0.0000022357
535 0.0000022315
536 0.0000022274
537 0.0000022232
538 0.0000022191
539 0.0000022149
540 0.0000022108
541 0.0000022067
542 0.0000022027
543 0.0000021986
544 0.0000021945
545 0.0000021905
546 0.0000021865
547 0.0000021825
548 0.0000021785
549 0.0000021745
550 0.0000021705
551 0.0000021666
552 0.0000021627
553 0.0000021587
554 0.0000021548
555 0.0000021509
556 0.0000021471
557 0.0000021432
558 0.0000021394
559 0.0000021355
560 0.0000021317
561 0.0000021279
562 0.0000021241
563 0.0000021203
564 0.0000021165
565 0.0000021128
566 0.0000021090
567 0.0000021053
568 0.0000021016
569 0.0000020979
570 0.0000020942
571 0.0000020905
572 0.0000020869
573 0.0000020832
574 0.0000020796
575 0.0000020759
576 0.0000020723
577 0.0000020687
578 0.0000020651
579 0.0000020616
580 0.0000020580
581 0.0000020544
582 0.0000020509
583 0.0000020474
584 0.0000020439
585 0.0000020404
586 0.0000020369
587 0.0000020334
588 0.0000020299
589 0.0000020265
590 0.0000020230
591 0.0000020196
592 0.0000020162
593 0.0000020127
594 0.0000020093
595 0.0000020060
596 0.0000020026
597 0.0000019992
598 0.0000019959
599 0.0000019925
600 0.0000019892
601 0.0000019859
602 0.0000019826
603 0.0000019793
604 0.0000019760
605 0.0000019727
606 0.0000019694
607 0.0000019662
608 0.0000019629
609 0.0000019597
610 0.0000019565
611 0.0000019533
612 0.0000019501
613 0.0000019469
614 0.0000019437
615 0.0000019405
616 0.0000019373
617 0.0000019342
618 0.0000019311
619 0.0000019279
620 0.0000019248
621 0.0000019217
622 0.0000019186
623 0.0000019155
624 0.0000019124
625 0.0000019093
626 0.0000019063
627 0.0000019032
628 0.0000019002
629 0.0000018972
630 0.0000018941
631 0.0000018911
632 0.0000018881
633 0.0000018851
634 0.0000018821
635 0.0000018792
636 0.0000018762
637 0.0000018732
638 0.0000018703
639 0.0000018673
640 0.0000018644
641 0.0000018615
642 0.0000018586
643 0.0000018557
644 0.0000018528
645 0.0000018499
646 0.0000018470
647 0.0000018442
648 0.0000018413
649 0.0000018384
650 0.0000018356
651 0.0000018328
652 0.0000018299
653 0.0000018271
654 0.0000018243
655 0.0000018215
656 0.0000018187
657 0.0000018160
658 0.0000018132
659 0.0000018104
660 0.0000018077
661 0.0000018049
662 0.0000018022
663 0.0000017994
664 0.0000017967
665 0.0000017940
666 0.0000017913
667 0.0000017886
668 0.0000017859
669 0.0000017832
670 0.0000017805
671 0.0000017779
672 0.0000017752
673 0.0000017726
674 0.0000017699
675 0.0000017673
676 0.0000017647
677 0.0000017620
678 0.0000017594
679 0.0000017568
680 0.0000017542
681 0.0000017516
682 0.0000017490
683 0.0000017465
684 0.0000017439
685 0.0000017413
686 0.0000017388
687 0.0000017362
688 0.0000017337
689 0.0000017312
690 0.0000017286
691 0.0000017261
692 0.0000017236
693 0.0000017211
694 0.0000017186
695 0.0000017161
696 0.0000017136
697 0.0000017112
698 0.0000017087
699 0.0000017062
700 0.0000017038
701 0.0000017013
702 0.0000016989
703 0.0000016965
704 0.0000016940
705 0.0000016916
706 0.0000016892
707 0.0000016868
708 0.0000016844
709 0.0000016820
710 0.0000016796
711 0.0000016772
712 0.0000016749
713 0.0000016725
714 0.0000016701
715 0.0000016678
716 0.0000016654
717 0.0000016631
718 0.0000016608
719 0.0000016584
720 0.0000016561
721 0.0000016538
722 0.0000016515
723 0.0000016492
724 0.0000016469
725 0.0000016446
726 0.0000016423
727 0.0000016400
728 0.0000016378
729 0.0000016355
730 0.0000016332
731 0.0000016310
732 0.0000016287
733 0.0000016265
734 0.0000016242
735 0.0000016220
736 0.0000016198
737 0.0000016176
738 0.0000016154
739 0.0000016132
740 0.0000016110
741 0.0000016088
742 0.0000016066
743 0.0000016044
744 0.0000016022
745 0.0000016000
746 0.0000015979
747 0.0000015957
748 0.0000015936
749 0.0000015914
750 0.0000015893
751 0.0000015871
752 0.0000015850
753 0.0000015829
754 0.0000015807
755 0.0000015786
756 0.0000015765
757 0.0000015744
758 0.0000015723
759 0.0000015702
760 0.0000015681
761 0.0000015660
762 0.0000015640
763 0.0000015619
764 0.0000015598
765 0.0000015577
766 0.0000015557
767 0.0000015536
768 0.0000015516
769 0.0000015495
770 0.0000015475
771 0.0000015455
772 0.0000015434
773 0.0000015414
774 0.0000015394
775 0.0000015374
776 0.0000015354
777 0.0000015334
778 0.0000015314
779 0.0000015294
780 0.0000015274
781 0.0000015254
782 0.0000015234
783 0.0000015215
784 0.0000015195
785 0.0000015175
786 0.0000015156
787 0.0000015136
788 0.0000015117
789 0.0000015097
790 0.0000015078
791 0.0000015058
792 0.0000015039
793 0.0000015020
794 0.0000015001
795 0.0000014981
796 0.0000014962
797 0.0000014943
798 0.0000014924
799 0.0000014905
800 0.0000014886
801 0.0000014867
802 0.0000014849
803 0.0000014830
804 0.0000014811
805 0.0000014792
806 0.0000014773
807 0.0000014755
808 0.0000014736
809 0.0000014718
810 0.0000014699
811 0.0000014681
812 0.0000014662
813 0.0000014644
814 0.0000014626
815 0.0000014607
816 0.0000014589
817 0.0000014571
818 0.0000014553
819 0.0000014534
820 0.0000014516
821 0.0000014498
822 0.0000014480
823 0.0000014462
824 0.0000014444
825 0.0000014426
826 0.0000014408
827 0.0000014391
828 0.0000014373
829 0.0000014355
830 0.0000014337
831 0.0000014320
832 0.0000014302
833 0.0000014284
834 0.0000014267
835 0.0000014249
836 0.0000014232
837 0.0000014214
838 0.0000014197
839 0.0000014180
840 0.0000014162
841 0.0000014145
842 0.0000014128
843 0.0000014111
844 0.0000014093
845 0.0000014076
846 0.0000014059
847 0.0000014042
848 0.0000014025
849 0.0000014008
850 0.0000013991
851 0.0000013974
852 0.0000013957
853 0.0000013940
854 0.0000013923
855 0.0000013907
856 0.0000013890
857 0.0000013873
858 0.0000013856
859 0.0000013840
860 0.0000013823
861 0.0000013806
862 0.0000013790
863 0.0000013773
864 0.0000013757
865 0.0000013740
866 0.0000013724
867 0.0000013707
868 0.0000013691
869 0.0000013674
870 0.0000013658
871 0.0000013642
872 0.0000013626
873 0.0000013609
874 0.0000013593
875 0.0000013577
876 0.0000013561
877 0.0000013545
878 0.0000013528
879 0.0000013512
880 0.0000013496
881 0.0000013480
882 0.0000013464
883 0.0000013448
884 0.0000013432
885 0.0000013416
886 0.0000013401
887 0.0000013385
888 0.0000013369
889 0.0000013353
890 0.0000013337
891 0.0000013321
892 0.0000013306
893 0.0000013290
894 0.0000013274
895 0.0000013259
896 0.0000013243
897 0.0000013227
898 0.0000013212
899 0.0000013196
900 0.0000013181
901 0.0000013165
902 0.0000013150
903 0.0000013134
904 0.0000013118
905 0.0000013103
906 0.0000013088
907 0.0000013072
908 0.0000013057
909 0.0000013041
910 0.0000013026
911 0.0000013011
912 0.0000012995
913 0.0000012980
914 0.0000012965
915 0.0000012949
916 0.0000012934
917 0.0000012919
918 0.0000012904
919 0.0000012888
920 0.0000012873
921 0.0000012858
922 0.0000012843
923 0.0000012828
924 0.0000012812
925 0.0000012797
926 0.0000012782
927 0.0000012767
928 0.0000012752
929 0.0000012737
930 0.0000012721
931 0.0000012706
932 0.0000012691
933 0.0000012676
934 0.0000012661
935 0.0000012646
936 0.0000012630
937 0.0000012615
938 0.0000012600
939 0.0000012585
940 0.0000012570
941 0.0000012555
942 0.0000012539
943 0.0000012524
944 0.0000012509
945 0.0000012493
946 0.0000012478
947 0.0000012463
948 0.0000012447
949 0.0000012432
950 0.0000012417
951 0.0000012401
952 0.0000012386
953 0.0000012370
954 0.0000012354
955 0.0000012339
956 0.0000012323
957 0.0000012307
958 0.0000012291
959 0.0000012275
960 0.0000012259
961 0.0000012242
962 0.0000012226
963 0.0000012209
964 0.0000012192
965 0.0000012175
966 0.0000012158
967 0.0000012140
968 0.0000012122
969 0.0000012104
970 0.0000012085
971 0.0000012066
972 0.0000012046
973 0.0000012026
974 0.0000012005
975 0.0000011982
976 0.0000011959
977 0.0000011934
978 0.0000011908
979 0.0000011879
980 0.0000011847
981 0.0000011811
982 0.0000011770
983 0.0000011721
984 0.0000011660
985 0.0000011579
986 0.0000011466
987 0.0000011293
988 0.0000010944
989 0.0000009757
990 0.0000000000
