1 818
0 0.9834326779
1 0.0046640278
2 0.0018763670
3 0.0012670063
4 0.0009034559
5 0.0006902643
6 0.0005520471
7 0.0004547338
8 0.0003826767
9 0.0003274446
10 0.0002839530
11 0.0002489481
12 0.0002202627
13 0.0001964022
14 0.0001763042
15 0.0001591927
16 0.0001444884
17 0.0001317500
18 0.0001206356
19 0.0001108767
20 0.0001022591
21 0.0000946106
22 0.0000877908
23 0.0000816844
24 0.0000761956
25 0.0000712446
26 0.0000667643
27 0.0000626975
28 0.0000589958
29 0.0000556177
30 0.0000525273
31 0.0000496936
32 0.0000470898
33 0.0000446922
34 0.0000424803
35 0.0000404360
36 0.0000385434
37 0.0000367882
38 0.0000351579
39 0.0000336413
40 0.0000322285
41 0.0000309105
42 0.0000296793
43 0.0000285277
44 0.0000274492
45 0.0000264380
46 0.0000254887
47 0.0000245966
48 0.0000237572
49 0.0000229667
50 0.0000222213
51 0.0000215179
52 0.0000208534
53 0.0000202250
54 0.0000196302
55 0.0000190667
56 0.0000185324
57 0.0000180253
58 0.0000175436
59 0.0000170857
60 0.0000166500
61 0.0000162351
62 0.0000158397
63 0.0000154625
64 0.0000151025
65 0.0000147587
66 0.0000144300
67 0.0000141156
68 0.0000138146
69 0.0000135262
70 0.0000132497
71 0.0000129846
72 0.0000127300
73 0.0000124855
74 0.0000122504
75 0.0000120244
76 0.0000118068
77 0.0000115973
78 0.0000113954
79 0.0000112008
80 0.0000110130
81 0.0000108318
82 0.0000106567
83 0.0000104876
84 0.0000103240
85 0.0000101658
86 0.0000100127
87 0.0000098644
88 0.0000097208
89 0.0000095815
90 0.0000094465
91 0.0000093155
92 0.0000091883
93 0.0000090648
94 0.0000089448
95 0.0000088281
96 0.0000087147
97 0.0000086044
98 0.0000084970
99 0.0000083924
100 0.0000082906
101 0.0000081914
102 0.0000080947
103 0.0000080004
104 0.0000079084
105 0.0000078186
106 0.0000077310
107 0.0000076455
108 0.0000075619
109 0.0000074803
110 0.0000074005
111 0.0000073225
112 0.0000072462
113 0.0000071715
114 0.0000070985
115 0.0000070270
116 0.0000069570
117 0.0000068885
118 0.0000068213
119 0.0000067555
120 0.0000066910
121 0.0000066278
122 0.0000065658
123 0.0000065050
124 0.0000064454
125 0.0000063868
126 0.0000063294
127 0.0000062730
128 0.0000062176
129 0.0000061633
130 0.0000061098
131 0.0000060574
132 0.0000060058
133 0.0000059551
134 0.0000059053
135 0.0000058563
136 0.0000058082
137 0.0000057608
138 0.0000057142
139 0.0000056684
140 0.0000056233
141 0.0000055789
142 0.0000055352
143 0.0000054922
144 0.0000054499
145 0.0000054082
146 0.0000053671
147 0.0000053266
148 0.0000052868
149 0.0000052475
150 0.0000052088
151 0.0000051707
152 0.0000051331
153 0.0000050961
154 0.0000050596
155 0.0000050236
156 0.0000049881
157 0.0000049531
158 0.0000049185
159 0.0000048845
160 0.0000048509
161 0.0000048177
162 0.0000047850
163 0.0000047527
164 0.0000047209
165 0.0000046894
166 0.0000046584
167 0.0000046277
168 0.0000045975
169 0.0000045676
170 0.0000045381
171 0.0000045090
172 0.0000044803
173 0.0000044518
174 0.0000044238
175 0.0000043961
176 0.0000043687
177 0.0000043416
178 0.0000043149
179 0.0000042885
180 0.0000042624
181 0.0000042366
182 0.0000042111
183 0.0000041858
184 0.0000041609
185 0.0000041363
186 0.0000041119
187 0.0000040879
188 0.0000040640
189 0.0000040405
190 0.0000040172
191 0.0000039942
192 0.0000039714
193 0.0000039489
194 0.0000039266
195 0.0000039046
196 0.0000038828
197 0.0000038612
198 0.0000038398
199 0.0000038187
200 0.0000037978
201 0.0000037771
202 0.0000037567
203 0.0000037364
204 0.0000037164
205 0.0000036965
206 0.0000036769
207 0.0000036574
208 0.0000036382
209 0.0000036192
210 0.0000036003
211 0.0000035816
212 0.0000035631
213 0.0000035448
214 0.0000035267
215 0.0000035087
216 0.0000034909
217 0.0000034733
218 0.0000034559
219 0.0000034386
220 0.0000034215
221 0.0000034046
222 0.0000033878
223 0.0000033712
224 0.0000033547
225 0.0000033384
226 0.0000033222
227 0.0000033062
228 0.0000032903
229 0.0000032745
230 0.0000032590
231 0.0000032435
232 0.0000032282
233 0.0000032130
234 0.0000031980
235 0.0000031831
236 0.0000031683
237 0.0000031537
238 0.0000031392
239 0.0000031248
240 0.0000031105
241 0.0000030964
242 0.0000030824
243 0.0000030685
244 0.0000030547
245 0.0000030410
246 0.0000030275
247 0.0000030141
248 0.0000030008
249 0.0000029875
250 0.0000029745
251 0.0000029615
252 0.0000029486
253 0.0000029358
254 0.0000029232
255 0.0000029106
256 0.0000028981
257 0.0000028858
258 0.0000028735
259 0.0000028614
260 0.0000028493
261 0.0000028373
262 0.0000028255
263 0.0000028137
264 0.0000028020
265 0.0000027904
266 0.0000027789
267 0.0000027675
268 0.0000027562
269 0.0000027449
270 0.0000027338
271 0.0000027227
272 0.0000027117
273 0.0000027009
274 0.0000026900
275 0.0000026793
276 0.0000026687
277 0.0000026581
278 0.0000026476
279 0.0000026372
280 0.0000026269
281 0.0000026166
282 0.0000026064
283 0.0000025963
284 0.0000025863
285 0.0000025763
286 0.0000025665
287 0.0000025567
288 0.0000025469
289 0.0000025372
290 0.0000025276
291 0.0000025181
292 0.0000025086
293 0.0000024992
294 0.0000024899
295 0.0000024807
296 0.0000024715
297 0.0000024623
298 0.0000024533
299 0.0000024442
300 0.0000024353
301 0.0000024264
302 0.0000024176
303 0.0000024088
304 0.0000024001
305 0.0000023915
306 0.0000023829
307 0.0000023744
308 0.0000023659
309 0.0000023575
310 0.0000023492
311 0.0000023409
312 0.0000023326
313 0.0000023245
314 0.0000023163
315 0.0000023082
316 0.0000023002
317 0.0000022923
318 0.0000022843
319 0.0000022765
320 0.0000022687
321 0.0000022609
322 0.0000022532
323 0.0000022455
324 0.0000022379
325 0.0000022303
326 0.0000022228
327 0.0000022153
328 0.0000022079
329 0.0000022005
330 0.0000021932
331 0.0000021859
332 0.0000021787
333 0.0000021715
334 0.0000021644
335 0.0000021573
336 0.0000021502
337 0.0000021432
338 0.0000021362
339 0.0000021293
340 0.0000021224
341 0.0000021156
342 0.0000021088
343 0.0000021020
344 0.0000020953
345 0.0000020886
346 0.0000020820
347 0.0000020754
348 0.0000020688
349 0.0000020623
350 0.0000020558
351 0.0000020494
352 0.0000020430
353 0.0000020366
354 0.0000020303
355 0.0000020240
356 0.0000020177
357 0.0000020115
358 0.0000020053
359 0.0000019992
360 0.0000019931
361 0.0000019870
362 0.0000019810
363 0.0000019750
364 0.0000019690
365 0.0000019631
366 0.0000019572
367 0.0000019513
368 0.0000019455
369 0.0000019397
370 0.0000019339
371 0.0000019281
372 0.0000019224
373 0.0000019168
374 0.0000019111
375 0.0000019055
376 0.0000018999
377 0.0000018944
378 0.0000018889
379 0.0000018834
380 0.0000018779
381 0.0000018725
382 0.0000018671
383 0.0000018617
384 0.0000018564
385 0.0000018511
386 0.0000018458
387 0.0000018406
388 0.0000018353
389 0.0000018301
390 0.0000018250
391 0.0000018198
392 0.0000018147
393 0.0000018096
394 0.0000018046
395 0.0000017996
396 0.0000017945
397 0.0000017896
398 0.0000017846
399 0.0000017797
400 0.0000017748
401 0.0000017699
402 0.0000017651
403 0.0000017602
404 0.0000017554
405 0.0000017507
406 0.0000017459
407 0.0000017412
408 0.0000017365
409 0.0000017318
410 0.0000017271
411 0.0000017225
412 0.0000017179
413 0.0000017133
414 0.0000017088
415 0.0000017042
416 0.0000016997
417 0.0000016952
418 0.0000016907
419 0.0000016863
420 0.0000016819
421 0.0000016775
422 0.0000016731
423 0.0000016687
424 0.0000016644
425 0.0000016601
426 0.0000016558
427 0.0000016515
428 0.0000016472
429 0.0000016430
430 0.0000016388
431 0.0000016346
432 0.0000016304
433 0.0000016263
434 0.0000016221
435 0.0000016180
436 0.0000016139
437 0.0000016099
438 0.0000016058
439 0.0000016018
440 0.0000015978
441 0.0000015938
442 0.0000015898
443 0.0000015858
444 0.0000015819
445 0.0000015780
446 0.0000015741
447 0.0000015702
448 0.0000015663
449 0.0000015624
450 0.0000015586
451 0.0000015548
452 0.0000015510
453 0.0000015472
454 0.0000015435
455 0.0000015397
456 0.0000015360
457 0.0000015323
458 0.0000015286
459 0.0000015249
460 0.0000015213
461 0.0000015176
462 0.0000015140
463 0.0000015104
464 0.0000015068
465 0.0000015032
466 0.0000014996
467 0.0000014961
468 0.0000014926
469 0.0000014890
470 0.0000014856
471 0.0000014821
472 0.0000014786
473 0.0000014751
474 0.0000014717
475 0.0000014683
476 0.0000014649
477 0.0000014615
478 0.0000014581
479 0.0000014547
480 0.0000014514
481 0.0000014481
482 0.0000014447
483 0.0000014414
484 0.0000014381
485 0.0000014349
486 0.0000014316
487 0.0000014284
488 0.0000014251
489 0.0000014219
490 0.0000014187
491 0.0000014155
492 0.0000014123
493 0.0000014092
494 0.0000014060
495 0.0000014029
496 0.0000013997
497 0.0000013966
498 0.0000013935
499 0.0000013904
500 0.0000013874
501 0.0000013843
502 0.0000013812
503 0.0000013782
504 0.0000013752
505 0.0000013722
506 0.0000013692
507 0.0000013662
508 0.0000013632
509 0.0000013602
510 0.0000013573
511 0.0000013544
512 0.0000013514
513 0.0000013485
514 0.0000013456
515 0.0000013427
516 0.0000013398
517 0.0000013370
518 0.0000013341
519 0.0000013313
520 0.0000013284
521 0.0000013256
522 0.0000013228
523 0.0000013200
524 0.0000013172
525 0.0000013144
526 0.0000013117
527 0.0000013089
528 0.0000013062
529 0.0000013034
530 0.0000013007
531 0.0000012980
532 0.0000012953
533 0.0000012926
534 0.0000012899
535 0.0000012873
536 0.0000012846
537 0.0000012819
538 0.0000012793
539 0.0000012767
540 0.0000012741
541 0.0000012714
542 0.0000012688
543 0.0000012663
544 0.0000012637
545 0.0000012611
546 0.0000012585
547 0.0000012560
548 0.0000012535
549 0.0000012509
550 0.0000012484
551 0.0000012459
552 0.0000012434
553 0.0000012409
554 0.0000012384
555 0.0000012359
556 0.0000012335
557 0.0000012310
558 0.0000012286
559 0.0000012261
560 0.0000012237
561 0.0000012213
562 0.0000012189
563 0.0000012165
564 0.0000012141
565 0.0000012117
566 0.0000012093
567 0.0000012069
568 0.0000012046
569 0.0000012022
570 0.0000011999
571 0.0000011976
572 0.0000011952
573 0.0000011929
574 0.0000011906
575 0.0000011883
576 0.0000011860
577 0.0000011837
578 0.0000011815
579 0.0000011792
580 0.0000011769
581 0.0000011747
582 0.0000011724
583 0.0000011702
584 0.0000011680
585 0.0000011658
586 0.0000011636
587 0.0000011614
588 0.0000011592
589 0.0000011570
590 0.0000011548
591 0.0000011526
592 0.0000011504
593 0.0000011483
594 0.0000011461
595 0.0000011440
596 0.0000011419
597 0.0000011397
598 0.0000011376
599 0.0000011355
600 0.0000011334
601 0.0000011313
602 0.0000011292
603 0.0000011271
604 0.0000011250
605 0.0000011230
606 0.0000011209
607 0.0000011188
608 0.0000011168
609 0.0000011148
610 0.0000011127
611 0.0000011107
612 0.0000011087
613 0.0000011067
614 0.0000011046
615 0.0000011026
616 0.0000011006
617 0.0000010987
618 0.0000010967
619 0.0000010947
620 0.0000010927
621 0.0000010908
622 0.0000010888
623 0.0000010869
624 0.0000010849
625 0.0000010830
626 0.0000010810
627 0.0000010791
628 0.0000010772
629 0.0000010753
630 0.0000010734
631 0.0000010715
632 0.0000010696
633 0.0000010677
634 0.0000010658
635 0.0000010639
636 0.0000010621
637 0.0000010602
638 0.0000010583
639 0.0000010565
640 0.0000010546
641 0.0000010528
642 0.0000010510
643 0.0000010491
644 0.0000010473
645 0.0000010455
646 0.0000010437
647 0.0000010419
648 0.0000010401
649 0.0000010383
650 0.0000010365
651 0.0000010347
652 0.0000010329
653 0.0000010311
654 0.0000010294
655 0.0000010276
656 0.0000010259
657 0.0000010241
658 0.0000010224
659 0.0000010206
660 0.0000010189
661 0.0000010171
662 0.0000010154
663 0.0000010137
664 0.0000010120
665 0.0000010103
666 0.0000010086
667 0.0000010069
668 0.0000010052
669 0.0000010035
670 0.0000010018
671 0.0000010001
672 0.0000009984
673 0.0000009967
674 0.0000009951
675 0.0000009934
676 0.0000009918
677 0.0000009901
678 0.0000009885
679 0.0000009868
680 0.0000009852
681 0.0000009835
682 0.0000009819
683 0.0000009803
684 0.0000009787
685 0.0000009770
686 0.0000009754
687 0.0000009738
688 0.0000009722
689 0.0000009706
690 0.0000009690
691 0.0000009674
692 0.0000009658
693 0.0000009643
694 0.0000009627
695 0.0000009611
696 0.0000009595
697 0.0000009580
698 0.0000009564
699 0.0000009548
700 0.0000009533
701 0.0000009517
702 0.0000009502
703 0.0000009486
704 0.0000009471
705 0.0000009456
706 0.0000009440
707 0.0000009425
708 0.0000009410
709 0.0000009395
710 0.0000009379
711 0.0000009364
712 0.0000009349
713 0.0000009334
714 0.0000009319
715 0.0000009304
716 0.0000009289
717 0.0000009274
718 0.0000009259
719 0.0000009244
720 0.0000009230
721 0.0000009215
722 0.0000009200
723 0.0000009185
724 0.0000009170
725 0.0000009156
726 0.0000009141
727 0.0000009126
728 0.0000009112
729 0.0000009097
730 0.0000009083
731 0.0000009068
732 0.0000009054
733 0.0000009039
734 0.0000009025
735 0.0000009010
736 0.0000008996
737 0.0000008982
738 0.0000008967
739 0.0000008953
740 0.0000008939
741 0.0000008924
742 0.0000008910
743 0.0000008896
744 0.0000008882
745 0.0000008867
746 0.0000008853
747 0.0000008839
748 0.0000008825
749 0.0000008811
750 0.0000008796
751 0.0000008782
752 0.0000008768
753 0.0000008754
754 0.0000008740
755 0.0000008726
756 0.0000008712
757 0.0000008698
758 0.0000008684
759 0.0000008669
760 0.0000008655
761 0.0000008641
762 0.0000008627
763 0.0000008613
764 0.0000008599
765 0.0000008585
766 0.0000008571
767 0.0000008557
768 0.0000008543
769 0.0000008529
770 0.0000008514
771 0.0000008500
772 0.0000008486
773 0.0000008472
774 0.0000008458
775 0.0000008443
776 0.0000008429
777 0.0000008415
778 0.0000008400
779 0.0000008386
780 0.0000008371
781 0.0000008357
782 0.0000008342
783 0.0000008328
784 0.0000008313
785 0.0000008298
786 0.0000008283
787 0.0000008268
788 0.0000008253
789 0.0000008238
790 0.0000008223
791 0.0000008207
792 0.0000008192
793 0.0000008176
794 0.0000008160
795 0.0000008144
796 0.0000008127
797 0.0000008111
798 0.0000008094
799 0.0000008076
800 0.0000008058
801 0.0000008040
802 0.0000008021
803 0.0000008002
804 0.0000007981
805 0.0000007960
806 0.0000007937
807 0.0000007913
808 0.0000007887
809 0.0000007858
810 0.0000007825
811 0.0000007788
812 0.0000007742
813 0.0000007683
814 0.0000007603
815 0.0000007483
816 0.0000007247
817 0.0000006456
818 0.0000000000
