0 900
0 0.9835594896
1 0.0035198447
2 0.0014837749
3 0.0010376158
4 0.0007675275
5 0.0006073039
6 0.0005021201
7 0.0004270539
8 0.0003706751
9 0.0003268197
10 0.0002917580
11 0.0002630946
12 0.0002392276
13 0.0002190490
14 0.0002017677
15 0.0001868044
16 0.0001737242
17 0.0001621949
18 0.0001519579
19 0.0001428090
20 0.0001345850
21 0.0001271537
22 0.0001204068
23 0.0001142551
24 0.0001086241
25 0.0001034512
26 0.0000986835
27 0.0000942760
28 0.0000901899
29 0.0000863921
30 0.0000828535
31 0.0000795491
32 0.0000764569
33 0.0000735575
34 0.0000708338
35 0.0000682708
36 0.0000658551
37 0.0000635746
38 0.0000614186
39 0.0000593776
40 0.0000574428
41 0.0000556065
42 0.0000538616
43 0.0000522016
44 0.0000506208
45 0.0000491138
46 0.0000476759
47 0.0000463025
48 0.0000449896
49 0.0000437334
50 0.0000425306
51 0.0000413780
52 0.0000402726
53 0.0000392118
54 0.0000381930
55 0.0000372139
56 0.0000362725
57 0.0000353666
58 0.0000344944
59 0.0000336542
60 0.0000328444
61 0.0000320634
62 0.0000313099
63 0.0000305825
64 0.0000298799
65 0.0000292010
66 0.0000285448
67 0.0000279101
68 0.0000272960
69 0.0000267016
70 0.0000261260
71 0.0000255685
72 0.0000250282
73 0.0000245044
74 0.0000239965
75 0.0000235038
76 0.0000230256
77 0.0000225615
78 0.0000221108
79 0.0000216730
80 0.0000212476
81 0.0000208342
82 0.0000204323
83 0.0000200415
84 0.0000196613
85 0.0000192914
86 0.0000189314
87 0.0000185810
88 0.0000182398
89 0.0000179074
90 0.0000175837
91 0.0000172682
92 0.0000169608
93 0.0000166611
94 0.0000163689
95 0.0000160839
96 0.0000158060
97 0.0000155348
98 0.0000152702
99 0.0000150119
100 0.0000147598
101 0.0000145136
102 0.0000142732
103 0.0000140384
104 0.0000138091
105 0.0000135850
106 0.0000133660
107 0.0000131520
108 0.0000129428
109 0.0000127383
110 0.0000125383
111 0.0000123427
112 0.0000121514
113 0.0000119643
114 0.0000117812
115 0.0000116020
116 0.0000114267
117 0.0000112551
118 0.0000110871
119 0.0000109226
120 0.0000107616
121 0.0000106039
122 0.0000104494
123 0.0000102981
124 0.0000101499
125 0.0000100047
126 0.0000098624
127 0.0000097229
128 0.0000095862
129 0.0000094523
130 0.0000093209
131 0.0000091922
132 0.0000090659
133 0.0000089421
134 0.0000088207
135 0.0000087016
136 0.0000085848
137 0.0000084702
138 0.0000083578
139 0.0000082475
140 0.0000081392
141 0.0000080330
142 0.0000079287
143 0.0000078264
144 0.0000077259
145 0.0000076273
146 0.0000075304
147 0.0000074354
148 0.0000073420
149 0.0000072503
150 0.0000071602
151 0.0000070718
152 0.0000069849
153 0.0000068995
154 0.0000068157
155 0.0000067333
156 0.0000066523
157 0.0000065728
158 0.0000064946
159 0.0000064178
160 0.0000063422
161 0.0000062680
162 0.0000061950
163 0.0000061233
164 0.0000060527
165 0.0000059834
166 0.0000059152
167 0.0000058481
168 0.0000057822
169 0.0000057173
170 0.0000056535
171 0.0000055908
172 0.0000055290
173 0.0000054683
174 0.0000054086
175 0.0000053498
176 0.0000052920
177 0.0000052351
178 0.0000051791
179 0.0000051240
180 0.0000050697
181 0.0000050164
182 0.0000049638
183 0.0000049121
184 0.0000048612
185 0.0000048111
186 0.0000047618
187 0.0000047132
188 0.0000046654
189 0.0000046183
190 0.0000045719
191 0.0000045262
192 0.0000044812
193 0.0000044370
194 0.0000043933
195 0.0000043504
196 0.0000043080
197 0.0000042663
198 0.0000042253
199 0.0000041848
200 0.0000041450
201 0.0000041057
202 0.0000040670
203 0.0000040289
204 0.0000039913
205 0.0000039543
206 0.0000039178
207 0.0000038818
208 0.0000038464
209 0.0000038114
210 0.0000037770
211 0.0000037430
212 0.0000037096
213 0.0000036766
214 0.0000036441
215 0.0000036120
216 0.0000035804
217 0.0000035492
218 0.0000035185
219 0.0000034882
220 0.0000034583
221 0.0000034288
222 0.0000033998
223 0.0000033711
224 0.0000033428
225 0.0000033150
226 0.0000032875
227 0.0000032603
228 0.0000032336
229 0.0000032072
230 0.0000031811
231 0.0000031554
232 0.0000031301
233 0.0000031051
234 0.0000030804
235 0.0000030560
236 0.0000030320
237 0.0000030083
238 0.0000029849
239 0.0000029618
240 0.0000029390
241 0.0000029165
242 0.0000028943
243 0.0000028724
244 0.0000028507
245 0.0000028294
246 0.0000028083
247 0.0000027875
248 0.0000027669
249 0.0000027467
250 0.0000027266
251 0.0000027069
252 0.0000026873
253 0.0000026680
254 0.0000026490
255 0.0000026302
256 0.0000026117
257 0.0000025933
258 0.0000025752
259 0.0000025573
260 0.0000025397
261 0.0000025222
262 0.0000025050
263 0.0000024880
264 0.0000024712
265 0.0000024546
266 0.0000024382
267 0.0000024220
268 0.0000024059
269 0.0000023901
270 0.0000023745
271 0.0000023590
272 0.0000023438
273 0.0000023287
274 0.0000023138
275 0.0000022991
276 0.0000022845
277 0.0000022701
278 0.0000022559
279 0.0000022419
280 0.0000022280
281 0.0000022143
282 0.0000022007
283 0.0000021873
284 0.0000021740
285 0.0000021609
286 0.0000021480
287 0.0000021352
288 0.0000021225
289 0.0000021100
290 0.0000020976
291 0.0000020854
292 0.0000020733
293 0.0000020613
294 0.0000020495
295 0.0000020378
296 0.0000020262
297 0.0000020148
298 0.0000020035
299 0.0000019923
300 0.0000019812
301 0.0000019703
302 0.0000019594
303 0.0000019487
304 0.0000019381
305 0.0000019277
306 0.0000019173
307 0.0000019070
308 0.0000018969
309 0.0000018868
310 0.0000018769
311 0.0000018671
312 0.0000018574
313 0.0000018477
314 0.0000018382
315 0.0000018288
316 0.0000018195
317 0.0000018103
318 0.0000018011
319 0.0000017921
320 0.0000017832
321 0.0000017743
322 0.0000017656
323 0.0000017569
324 0.0000017483
325 0.0000017398
326 0.0000017314
327 0.0000017231
328 0.0000017148
329 0.0000017067
330 0.0000016986
331 0.0000016906
332 0.0000016827
333 0.0000016749
334 0.0000016671
335 0.0000016594
336 0.0000016518
337 0.0000016443
338 0.0000016368
339 0.0000016294
340 0.0000016221
341 0.0000016149
342 0.0000016077
343 0.0000016006
344 0.0000015935
345 0.0000015866
346 0.0000015797
347 0.0000015728
348 0.0000015661
349 0.0000015593
350 0.0000015527
351 0.0000015461
352 0.0000015396
353 0.0000015331
354 0.0000015267
355 0.0000015204
356 0.0000015141
357 0.0000015078
358 0.0000015017
359 0.0000014956
360 0.0000014895
361 0.0000014835
362 0.0000014775
363 0.0000014716
364 0.0000014658
365 0.0000014600
366 0.0000014542
367 0.0000014486
368 0.0000014429
369 0.0000014373
370 0.0000014318
371 0.0000014263
372 0.0000014208
373 0.0000014154
374 0.0000014101
375 0.0000014048
376 0.0000013995
377 0.0000013943
378 0.0000013891
379 0.0000013840
380 0.0000013789
381 0.0000013739
382 0.0000013689
383 0.0000013639
384 0.0000013590
385 0.0000013541
386 0.0000013493
387 0.0000013445
388 0.0000013397
389 0.0000013350
390 0.0000013303
391 0.0000013257
392 0.0000013211
393 0.0000013165
394 0.0000013120
395 0.0000013075
396 0.0000013031
397 0.0000012986
398 0.0000012942
399 0.0000012899
400 0.0000012856
401 0.0000012813
402 0.0000012770
403 0.0000012728
404 0.0000012687
405 0.0000012645
406 0.0000012604
407 0.0000012563
408 0.0000012522
409 0.0000012482
410 0.0000012442
411 0.0000012403
412 0.0000012363
413 0.0000012324
414 0.0000012285
415 0.0000012247
416 0.0000012209
417 0.0000012171
418 0.0000012133
419 0.0000012096
420 0.0000012059
421 0.0000012022
422 0.0000011986
423 0.0000011949
424 0.0000011914
425 0.0000011878
426 0.0000011842
427 0.0000011807
428 0.0000011772
429 0.0000011737
430 0.0000011703
431 0.0000011669
432 0.0000011635
433 0.0000011601
434 0.0000011568
435 0.0000011534
436 0.0000011501
437 0.0000011468
438 0.0000011436
439 0.0000011403
440 0.0000011371
441 0.0000011339
442 0.0000011308
443 0.0000011276
444 0.0000011245
445 0.0000011214
446 0.0000011183
447 0.0000011152
448 0.0000011122
449 0.0000011092
450 0.0000011061
451 0.0000011032
452 0.0000011002
453 0.0000010973
454 0.0000010943
455 0.0000010914
456 0.0000010885
457 0.0000010856
458 0.0000010828
459 0.0000010800
460 0.0000010771
461 0.0000010743
462 0.0000010716
463 0.0000010688
464 0.0000010660
465 0.0000010633
466 0.0000010606
467 0.0000010579
468 0.0000010552
469 0.0000010526
470 0.0000010499
471 0.0000010473
472 0.0000010447
473 0.0000010421
474 0.0000010395
475 0.0000010369
476 0.0000010344
477 0.0000010318
478 0.0000010293
479 0.0000010268
480 0.0000010243
481 0.0000010218
482 0.0000010193
483 0.0000010169
484 0.0000010145
485 0.0000010120
486 0.0000010096
487 0.0000010072
488 0.0000010049
489 0.0000010025
490 0.0000010001
491 0.0000009978
492 0.0000009955
493 0.0000009932
494 0.0000009909
495 0.0000009886
496 0.0000009863
497 0.0000009840
498 0.0000009818
499 0.0000009795
500 0.0000009773
501 0.0000009751
502 0.0000009729
503 0.0000009707
504 0.0000009685
505 0.0000009664
506 0.0000009642
507 0.0000009621
508 0.0000009599
509 0.0000009578
510 0.0000009557
511 0.0000009536
512 0.0000009515
513 0.0000009495
514 0.0000009474
515 0.0000009453
516 0.0000009433
517 0.0000009412
518 0.0000009392
519 0.0000009372
520 0.0000009352
521 0.0000009332
522 0.0000009312
523 0.0000009293
524 0.0000009273
525 0.0000009253
526 0.0000009234
527 0.0000009215
528 0.0000009195
529 0.0000009176
530 0.0000009157
531 0.0000009138
532 0.0000009119
533 0.0000009101
534 0.0000009082
535 0.0000009063
536 0.0000009045
537 0.0000009026
538 0.0000009008
539 0.0000008990
540 0.0000008972
541 0.0000008954
542 0.0000008936
543 0.0000008918
544 0.0000008900
545 0.0000008882
546 0.0000008865
547 0.0000008847
548 0.0000008830
549 0.0000008812
550 0.0000008795
551 0.0000008778
552 0.0000008760
553 0.0000008743
554 0.0000008726
555 0.0000008709
556 0.0000008692
557 0.0000008676
558 0.0000008659
559 0.0000008642
560 0.0000008626
561 0.0000008609
562 0.0000008593
563 0.0000008577
564 0.0000008560
565 0.0000008544
566 0.0000008528
567 0.0000008512
568 0.0000008496
569 0.0000008480
570 0.0000008464
571 0.0000008448
572 0.0000008433
573 0.0000008417
574 0.0000008401
575 0.0000008386
576 0.0000008371
577 0.0000008355
578 0.0000008340
579 0.0000008324
580 0.0000008309
581 0.0000008294
582 0.0000008279
583 0.0000008264
584 0.0000008249
585 0.0000008234
586 0.0000008219
587 0.0000008205
588 0.0000008190
589 0.0000008175
590 0.0000008161
591 0.0000008146
592 0.0000008132
593 0.0000008117
594 0.0000008103
595 0.0000008089
596 0.0000008074
597 0.0000008060
598 0.0000008046
599 0.0000008032
600 0.0000008018
601 0.0000008004
602 0.0000007990
603 0.0000007976
604 0.0000007962
605 0.0000007949
606 0.0000007935
607 0.0000007921
608 0.0000007908
609 0.0000007894
610 0.0000007881
611 0.0000007867
612 0.0000007854
613 0.0000007841
614 0.0000007827
615 0.0000007814
616 0.0000007801
617 0.0000007788
618 0.0000007775
619 0.0000007762
620 0.0000007749
621 0.0000007736
622 0.0000007723
623 0.0000007710
624 0.0000007697
625 0.0000007684
626 0.0000007672
627 0.0000007659
628 0.0000007646
629 0.0000007634
630 0.0000007621
631 0.0000007609
632 0.0000007596
633 0.0000007584
634 0.0000007572
635 0.0000007559
636 0.0000007547
637 0.0000007535
638 0.0000007523
639 0.0000007511
640 0.0000007499
641 0.0000007486
642 0.0000007474
643 0.0000007463
644 0.0000007451
645 0.0000007439
646 0.0000007427
647 0.0000007415
648 0.0000007403
649 0.0000007392
650 0.0000007380
651 0.0000007368
652 0.0000007357
653 0.0000007345
654 0.0000007334
655 0.0000007322
656 0.0000007311
657 0.0000007299
658 0.0000007288
659 0.0000007277
660 0.0000007265
661 0.0000007254
662 0.0000007243
663 0.0000007232
664 0.0000007221
665 0.0000007209
666 0.0000007198
667 0.0000007187
668 0.0000007176
669 0.0000007165
670 0.0000007154
671 0.0000007144
672 0.0000007133
673 0.0000007122
674 0.0000007111
675 0.0000007100
676 0.0000007090
677 0.0000007079
678 0.0000007068
679 0.0000007058
680 0.0000007047
681 0.0000007037
682 0.0000007026
683 0.0000007016
684 0.0000007005
685 0.0000006995
686 0.0000006984
687 0.0000006974
688 0.0000006964
689 0.0000006954
690 0.0000006943
691 0.0000006933
692 0.0000006923
693 0.0000006913
694 0.0000006903
695 0.0000006892
696 0.0000006882
697 0.0000006872
698 0.0000006862
699 0.0000006852
700 0.0000006842
701 0.0000006833
702 0.0000006823
703 0.0000006813
704 0.0000006803
705 0.0000006793
706 0.0000006783
707 0.0000006774
708 0.0000006764
709 0.0000006754
710 0.0000006745
711 0.0000006735
712 0.0000006725
713 0.0000006716
714 0.0000006706
715 0.0000006697
716 0.0000006687
717 0.0000006678
718 0.0000006669
719 0.0000006659
720 0.0000006650
721 0.0000006640
722 0.0000006631
723 0.0000006622
724 0.0000006613
725 0.0000006603
726 0.0000006594
727 0.0000006585
728 0.0000006576
729 0.0000006567
730 0.0000006558
731 0.0000006548
732 0.0000006539
733 0.0000006531
734 0.0000006521
735 0.0000006512
736 0.0000006504
737 0.0000006495
738 0.0000006486
739 0.0000006477
740 0.0000006468
741 0.0000006459
742 0.0000006450
743 0.0000006442
744 0.0000006433
745 0.0000006424
746 0.0000006415
747 0.0000006407
748 0.0000006398
749 0.0000006390
750 0.0000006381
751 0.0000006372
752 0.0000006364
753 0.0000006355
754 0.0000006347
755 0.0000006338
756 0.0000006330
757 0.0000006321
758 0.0000006313
759 0.0000006305
760 0.0000006296
761 0.0000006288
762 0.0000006280
763 0.0000006271
764 0.0000006263
765 0.0000006255
766 0.0000006247
767 0.0000006238
768 0.0000006230
769 0.0000006222
770 0.0000006214
771 0.0000006206
772 0.0000006198
773 0.0000006190
774 0.0000006181
775 0.0000006173
776 0.0000006165
777 0.0000006157
778 0.0000006149
779 0.0000006142
780 0.0000006134
781 0.0000006126
782 0.0000006118
783 0.0000006110
784 0.0000006102
785 0.0000006094
786 0.0000006086
787 0.0000006079
788 0.0000006071
789 0.0000006063
790 0.0000006055
791 0.0000006048
792 0.0000006040
793 0.0000006032
794 0.0000006025
795 0.0000006017
796 0.0000006009
797 0.0000006002
798 0.0000005994
799 0.0000005987
800 0.0000005979
801 0.0000005972
802 0.0000005964
803 0.0000005957
804 0.0000005949
805 0.0000005942
806 0.0000005934
807 0.0000005927
808 0.0000005920
809 0.0000005912
810 0.0000005905
811 0.0000005898
812 0.0000005890
813 0.0000005883
814 0.0000005876
815 0.0000005868
816 0.0000005861
817 0.0000005854
818 0.0000005847
819 0.0000005840
820 0.0000005832
821 0.0000005825
822 0.0000005818
823 0.0000005811
824 0.0000005804
825 0.0000005797
826 0.0000005790
827 0.0000005783
828 0.0000005776
829 0.0000005769
830 0.0000005762
831 0.0000005755
832 0.0000005748
833 0.0000005741
834 0.0000005734
835 0.0000005727
836 0.0000005720
837 0.0000005713
838 0.0000005706
839 0.0000005700
840 0.0000005693
841 0.0000005686
842 0.0000005679
843 0.0000005672
844 0.0000005666
845 0.0000005659
846 0.0000005652
847 0.0000005645
848 0.0000005639
849 0.0000005632
850 0.0000005625
851 0.0000005619
852 0.0000005612
853 0.0000005606
854 0.0000005599
855 0.0000005592
856 0.0000005586
857 0.0000005579
858 0.0000005573
859 0.0000005566
860 0.0000005560
861 0.0000005553
862 0.0000005547
863 0.0000005540
864 0.0000005534
865 0.0000005527
866 0.0000005521
867 0.0000005515
868 0.0000005508
869 0.0000005502
870 0.0000005495
871 0.0000005489
872 0.0000005483
873 0.0000005476
874 0.0000005470
875 0.0000005464
876 0.0000005458
877 0.0000005451
878 0.0000005445
879 0.0000005439
880 0.0000005433
881 0.0000005426
882 0.0000005420
883 0.0000005414
884 0.0000005408
885 0.0000005402
886 0.0000005395
887 0.0000005389
888 0.0000005383
889 0.0000005377
890 0.0000005371
891 0.0000005365
892 0.0000005359
893 0.0000005353
894 0.0000005347
895 0.0000005341
896 0.0000005335
897 0.0000005329
898 0.0000005323
899 0.0000005317
900 0.0000005311
