1 348
0 0.9888426304
1 0.0039728450
2 0.0014185079
3 0.0008930155
4 0.0006017648
5 0.0004398672
6 0.0003395644
7 0.0002717334
8 0.0002232797
9 0.0001873173
10 0.0001598116
11 0.0001382510
12 0.0001210039
13 0.0001069708
14 0.0000953868
15 0.0000857047
16 0.0000775241
17 0.0000705457
18 0.0000645419
19 0.0000593371
20 0.0000547936
21 0.0000508024
22 0.0000472764
23 0.0000441448
24 0.0000413500
25 0.0000388444
26 0.0000365888
27 0.0000345502
28 0.0000327009
29 0.0000310177
30 0.0000294807
31 0.0000280728
32 0.0000267796
33 0.0000255884
34 0.0000244883
35 0.0000234700
36 0.0000225250
37 0.0000216463
38 0.0000208274
39 0.0000200627
40 0.0000193473
41 0.0000186767
42 0.0000180471
43 0.0000174550
44 0.0000168972
45 0.0000163710
46 0.0000158738
47 0.0000154034
48 0.0000149578
49 0.0000145350
50 0.0000141335
51 0.0000137517
52 0.0000133882
53 0.0000130417
54 0.0000127113
55 0.0000123956
56 0.0000120939
57 0.0000118053
58 0.0000115289
59 0.0000112639
60 0.0000110097
61 0.0000107657
62 0.0000105313
63 0.0000103059
64 0.0000100891
65 0.0000098803
66 0.0000096791
67 0.0000094851
68 0.0000092981
69 0.0000091175
70 0.0000089431
71 0.0000087745
72 0.0000086116
73 0.0000084540
74 0.0000083014
75 0.0000081537
76 0.0000080105
77 0.0000078718
78 0.0000077373
79 0.0000076069
80 0.0000074802
81 0.0000073573
82 0.0000072379
83 0.0000071219
84 0.0000070091
85 0.0000068995
86 0.0000067928
87 0.0000066891
88 0.0000065880
89 0.0000064897
90 0.0000063939
91 0.0000063006
92 0.0000062096
93 0.0000061210
94 0.0000060345
95 0.0000059502
96 0.0000058679
97 0.0000057876
98 0.0000057093
99 0.0000056327
100 0.0000055580
101 0.0000054849
102 0.0000054136
103 0.0000053438
104 0.0000052757
105 0.0000052090
106 0.0000051438
107 0.0000050800
108 0.0000050176
109 0.0000049565
110 0.0000048968
111 0.0000048382
112 0.0000047809
113 0.0000047248
114 0.0000046698
115 0.0000046159
116 0.0000045631
117 0.0000045114
118 0.0000044607
119 0.0000044109
120 0.0000043622
121 0.0000043143
122 0.0000042674
123 0.0000042214
124 0.0000041762
125 0.0000041319
126 0.0000040883
127 0.0000040456
128 0.0000040037
129 0.0000039625
130 0.0000039220
131 0.0000038823
132 0.0000038433
133 0.0000038049
134 0.0000037672
135 0.0000037302
136 0.0000036938
137 0.0000036580
138 0.0000036228
139 0.0000035882
140 0.0000035542
141 0.0000035207
142 0.0000034878
143 0.0000034554
144 0.0000034236
145 0.0000033922
146 0.0000033614
147 0.0000033310
148 0.0000033011
149 0.0000032717
150 0.0000032427
151 0.0000032142
152 0.0000031861
153 0.0000031585
154 0.0000031312
155 0.0000031044
156 0.0000030780
157 0.0000030519
158 0.0000030263
159 0.0000030010
160 0.0000029761
161 0.0000029515
162 0.0000029273
163 0.0000029035
164 0.0000028799
165 0.0000028567
166 0.0000028339
167 0.0000028113
168 0.0000027891
169 0.0000027672
170 0.0000027455
171 0.0000027242
172 0.0000027031
173 0.0000026824
174 0.0000026619
175 0.0000026417
176 0.0000026217
177 0.0000026020
178 0.0000025826
179 0.0000025634
180 0.0000025445
181 0.0000025258
182 0.0000025073
183 0.0000024891
184 0.0000024711
185 0.0000024534
186 0.0000024358
187 0.0000024185
188 0.0000024014
189 0.0000023845
190 0.0000023678
191 0.0000023513
192 0.0000023350
193 0.0000023189
194 0.0000023030
195 0.0000022873
196 0.0000022718
197 0.0000022564
198 0.0000022413
199 0.0000022263
200 0.0000022115
201 0.0000021968
202 0.0000021824
203 0.0000021680
204 0.0000021539
205 0.0000021399
206 0.0000021261
207 0.0000021124
208 0.0000020989
209 0.0000020855
210 0.0000020723
211 0.0000020592
212 0.0000020463
213 0.0000020335
214 0.0000020208
215 0.0000020083
216 0.0000019959
217 0.0000019836
218 0.0000019715
219 0.0000019595
220 0.0000019477
221 0.0000019359
222 0.0000019243
223 0.0000019128
224 0.0000019014
225 0.0000018901
226 0.0000018790
227 0.0000018679
228 0.0000018570
229 0.0000018462
230 0.0000018355
231 0.0000018249
232 0.0000018144
233 0.0000018040
234 0.0000017937
235 0.0000017835
236 0.0000017735
237 0.0000017635
238 0.0000017536
239 0.0000017438
240 0.0000017341
241 0.0000017245
242 0.0000017149
243 0.0000017055
244 0.0000016962
245 0.0000016869
246 0.0000016778
247 0.0000016687
248 0.0000016597
249 0.0000016508
250 0.0000016420
251 0.0000016332
252 0.0000016245
253 0.0000016159
254 0.0000016074
255 0.0000015990
256 0.0000015906
257 0.0000015823
258 0.0000015741
259 0.0000015660
260 0.0000015579
261 0.0000015499
262 0.0000015420
263 0.0000015341
264 0.0000015263
265 0.0000015186
266 0.0000015110
267 0.0000015034
268 0.0000014958
269 0.0000014884
270 0.0000014810
271 0.0000014736
272 0.0000014663
273 0.0000014591
274 0.0000014520
275 0.0000014449
276 0.0000014378
277 0.0000014308
278 0.0000014239
279 0.0000014170
280 0.0000014102
281 0.0000014034
282 0.0000013967
283 0.0000013901
284 0.0000013834
285 0.0000013769
286 0.0000013704
287 0.0000013639
288 0.0000013575
289 0.0000013511
290 0.0000013448
291 0.0000013386
292 0.0000013323
293 0.0000013262
294 0.0000013200
295 0.0000013139
296 0.0000013079
297 0.0000013019
298 0.0000012959
299 0.0000012900
300 0.0000012841
301 0.0000012783
302 0.0000012725
303 0.0000012667
304 0.0000012610
305 0.0000012553
306 0.0000012497
307 0.0000012440
308 0.0000012385
309 0.0000012329
310 0.0000012274
311 0.0000012219
312 0.0000012164
313 0.0000012110
314 0.0000012056
315 0.0000012002
316 0.0000011949
317 0.0000011895
318 0.0000011842
319 0.0000011789
320 0.0000011736
321 0.0000011684
322 0.0000011631
323 0.0000011579
324 0.0000011527
325 0.0000011475
326 0.0000011422
327 0.0000011370
328 0.0000011318
329 0.0000011265
330 0.0000011212
331 0.0000011159
332 0.0000011105
333 0.0000011051
334 0.0000010996
335 0.0000010940
336 0.0000010882
337 0.0000010823
338 0.0000010761
339 0.0000010696
340 0.0000010626
341 0.0000010550
342 0.0000010463
343 0.0000010359
344 0.0000010226
345 0.0000010042
346 0.0000009702
347 0.0000008622
348 0.0000000000
