1 348
0 0.9816508064
1 0.0052588448
2 0.0019045773
3 0.0012279915
4 0.0008453782
5 0.0006359948
6 0.0005087209
7 0.0004234069
8 0.0003624078
9 0.0003167239
10 0.0002812184
11 0.0002527770
12 0.0002294309
13 0.0002098858
14 0.0001932592
15 0.0001789282
16 0.0001664397
17 0.0001554555
18 0.0001457173
19 0.0001370238
20 0.0001292158
21 0.0001221650
22 0.0001157674
23 0.0001099370
24 0.0001046026
25 0.0000997043
26 0.0000951915
27 0.0000910212
28 0.0000871566
29 0.0000835659
30 0.0000802215
31 0.0000770995
32 0.0000741790
33 0.0000714415
34 0.0000688707
35 0.0000664524
36 0.0000641736
37 0.0000620230
38 0.0000599904
39 0.0000580666
40 0.0000562434
41 0.0000545134
42 0.0000528698
43 0.0000513066
44 0.0000498181
45 0.0000483995
46 0.0000470459
47 0.0000457534
48 0.0000445179
49 0.0000433359
50 0.0000422042
51 0.0000411198
52 0.0000400798
53 0.0000390818
54 0.0000381234
55 0.0000372024
56 0.0000363166
57 0.0000354643
58 0.0000346437
59 0.0000338531
60 0.0000330910
61 0.0000323559
62 0.0000316466
63 0.0000309617
64 0.0000303001
65 0.0000296607
66 0.0000290425
67 0.0000284444
68 0.0000278656
69 0.0000273052
70 0.0000267623
71 0.0000262363
72 0.0000257264
73 0.0000252320
74 0.0000247523
75 0.0000242867
76 0.0000238348
77 0.0000233958
78 0.0000229694
79 0.0000225550
80 0.0000221522
81 0.0000217605
82 0.0000213795
83 0.0000210087
84 0.0000206479
85 0.0000202966
86 0.0000199545
87 0.0000196213
88 0.0000192966
89 0.0000189802
90 0.0000186717
91 0.0000183709
92 0.0000180775
93 0.0000177913
94 0.0000175121
95 0.0000172395
96 0.0000169734
97 0.0000167136
98 0.0000164599
99 0.0000162120
100 0.0000159698
101 0.0000157331
102 0.0000155018
103 0.0000152757
104 0.0000150545
105 0.0000148382
106 0.0000146267
107 0.0000144197
108 0.0000142172
109 0.0000140190
110 0.0000138250
111 0.0000136350
112 0.0000134490
113 0.0000132668
114 0.0000130884
115 0.0000129136
116 0.0000127424
117 0.0000125745
118 0.0000124100
119 0.0000122488
120 0.0000120907
121 0.0000119357
122 0.0000117837
123 0.0000116346
124 0.0000114884
125 0.0000113449
126 0.0000112041
127 0.0000110660
128 0.0000109304
129 0.0000107973
130 0.0000106666
131 0.0000105384
132 0.0000104124
133 0.0000102887
134 0.0000101672
135 0.0000100479
136 0.0000099307
137 0.0000098155
138 0.0000097023
139 0.0000095911
140 0.0000094818
141 0.0000093744
142 0.0000092688
143 0.0000091649
144 0.0000090628
145 0.0000089624
146 0.0000088637
147 0.0000087666
148 0.0000086711
149 0.0000085772
150 0.0000084847
151 0.0000083938
152 0.0000083043
153 0.0000082163
154 0.0000081296
155 0.0000080443
156 0.0000079604
157 0.0000078777
158 0.0000077963
159 0.0000077162
160 0.0000076373
161 0.0000075597
162 0.0000074831
163 0.0000074078
164 0.0000073336
165 0.0000072605
166 0.0000071884
167 0.0000071175
168 0.0000070476
169 0.0000069787
170 0.0000069108
171 0.0000068439
172 0.0000067779
173 0.0000067129
174 0.0000066488
175 0.0000065857
176 0.0000065234
177 0.0000064620
178 0.0000064015
179 0.0000063418
180 0.0000062829
181 0.0000062249
182 0.0000061676
183 0.0000061111
184 0.0000060554
185 0.0000060005
186 0.0000059463
187 0.0000058928
188 0.0000058400
189 0.0000057879
190 0.0000057366
191 0.0000056858
192 0.0000056358
193 0.0000055864
194 0.0000055377
195 0.0000054896
196 0.0000054421
197 0.0000053952
198 0.0000053489
199 0.0000053032
200 0.0000052581
201 0.0000052135
202 0.0000051695
203 0.0000051261
204 0.0000050832
205 0.0000050408
206 0.0000049990
207 0.0000049576
208 0.0000049168
209 0.0000048765
210 0.0000048366
211 0.0000047973
212 0.0000047584
213 0.0000047200
214 0.0000046820
215 0.0000046445
216 0.0000046074
217 0.0000045708
218 0.0000045346
219 0.0000044988
220 0.0000044635
221 0.0000044285
222 0.0000043940
223 0.0000043598
224 0.0000043261
225 0.0000042927
226 0.0000042597
227 0.0000042271
228 0.0000041948
229 0.0000041630
230 0.0000041314
231 0.0000041002
232 0.0000040694
233 0.0000040389
234 0.0000040088
235 0.0000039790
236 0.0000039495
237 0.0000039203
238 0.0000038914
239 0.0000038629
240 0.0000038346
241 0.0000038067
242 0.0000037791
243 0.0000037517
244 0.0000037247
245 0.0000036979
246 0.0000036714
247 0.0000036452
248 0.0000036193
249 0.0000035937
250 0.0000035683
251 0.0000035431
252 0.0000035183
253 0.0000034936
254 0.0000034693
255 0.0000034452
256 0.0000034213
257 0.0000033977
258 0.0000033743
259 0.0000033511
260 0.0000033282
261 0.0000033055
262 0.0000032830
263 0.0000032608
264 0.0000032388
265 0.0000032169
266 0.0000031953
267 0.0000031740
268 0.0000031528
269 0.0000031318
270 0.0000031110
271 0.0000030904
272 0.0000030701
273 0.0000030499
274 0.0000030299
275 0.0000030101
276 0.0000029905
277 0.0000029710
278 0.0000029518
279 0.0000029327
280 0.0000029138
281 0.0000028951
282 0.0000028765
283 0.0000028581
284 0.0000028399
285 0.0000028219
286 0.0000028040
287 0.0000027862
288 0.0000027686
289 0.0000027512
290 0.0000027340
291 0.0000027168
292 0.0000026999
293 0.0000026830
294 0.0000026664
295 0.0000026498
296 0.0000026334
297 0.0000026172
298 0.0000026010
299 0.0000025851
300 0.0000025692
301 0.0000025535
302 0.0000025379
303 0.0000025224
304 0.0000025070
305 0.0000024918
306 0.0000024766
307 0.0000024616
308 0.0000024467
309 0.0000024319
310 0.0000024172
311 0.0000024027
312 0.0000023882
313 0.0000023738
314 0.0000023595
315 0.0000023453
316 0.0000023312
317 0.0000023171
318 0.0000023031
319 0.0000022892
320 0.0000022754
321 0.0000022616
322 0.0000022479
323 0.0000022342
324 0.0000022206
325 0.0000022069
326 0.0000021933
327 0.0000021797
328 0.0000021661
329 0.0000021524
330 0.0000021386
331 0.0000021247
332 0.0000021107
333 0.0000020966
334 0.0000020821
335 0.0000020674
336 0.0000020522
337 0.0000020365
338 0.0000020200
339 0.0000020026
340 0.0000019837
341 0.0000019631
342 0.0000019397
343 0.0000019122
344 0.0000018781
345 0.0000018332
346 0.0000017589
347 0.0000015519
348 0.0000000000
