0 2000
0 0.9948852839
1 0.0014018903
2 0.0005758169
3 0.0003950160
4 0.0002858642
5 0.0002212985
6 0.0001790761
7 0.0001490789
8 0.0001266631
9 0.0001093248
10 0.0000955492
11 0.0000843633
12 0.0000751165
13 0.0000673588
14 0.0000607691
15 0.0000551120
16 0.0000502111
17 0.0000459316
18 0.0000421686
19 0.0000388392
20 0.0000358774
21 0.0000332295
22 0.0000308519
23 0.0000287082
24 0.0000267685
25 0.0000250075
26 0.0000234039
27 0.0000219394
28 0.0000205986
29 0.0000193681
30 0.0000182362
31 0.0000171930
32 0.0000162295
33 0.0000153381
34 0.0000145121
35 0.0000137453
36 0.0000130325
37 0.0000123690
38 0.0000117504
39 0.0000111731
40 0.0000106336
41 0.0000101289
42 0.0000096562
43 0.0000092131
44 0.0000087972
45 0.0000084065
46 0.0000080393
47 0.0000076936
48 0.0000073681
49 0.0000070613
50 0.0000067720
51 0.0000064988
52 0.0000062407
53 0.0000059968
54 0.0000057661
55 0.0000055477
56 0.0000053408
57 0.0000051448
58 0.0000049589
59 0.0000047825
60 0.0000046151
61 0.0000044560
62 0.0000043049
63 0.0000041612
64 0.0000040244
65 0.0000038943
66 0.0000037704
67 0.0000036523
68 0.0000035398
69 0.0000034325
70 0.0000033301
71 0.0000032324
72 0.0000031391
73 0.0000030500
74 0.0000029648
75 0.0000028833
76 0.0000028055
77 0.0000027309
78 0.0000026596
79 0.0000025913
80 0.0000025258
81 0.0000024631
82 0.0000024030
83 0.0000023453
84 0.0000022900
85 0.0000022369
86 0.0000021859
87 0.0000021369
88 0.0000020899
89 0.0000020446
90 0.0000020011
91 0.0000019593
92 0.0000019190
93 0.0000018803
94 0.0000018430
95 0.0000018070
96 0.0000017724
97 0.0000017390
98 0.0000017068
99 0.0000016758
100 0.0000016458
101 0.0000016169
102 0.0000015890
103 0.0000015620
104 0.0000015360
105 0.0000015108
106 0.0000014864
107 0.0000014629
108 0.0000014401
109 0.0000014180
110 0.0000013967
111 0.0000013760
112 0.0000013560
113 0.0000013366
114 0.0000013177
115 0.0000012995
116 0.0000012818
117 0.0000012646
118 0.0000012479
119 0.0000012318
120 0.0000012160
121 0.0000012008
122 0.0000011859
123 0.0000011715
124 0.0000011574
125 0.0000011438
126 0.0000011305
127 0.0000011176
128 0.0000011050
129 0.0000010927
130 0.0000010808
131 0.0000010691
132 0.0000010578
133 0.0000010467
134 0.0000010359
135 0.0000010254
136 0.0000010151
137 0.0000010051
138 0.0000009953
139 0.0000009857
140 0.0000009764
141 0.0000009672
142 0.0000009583
143 0.0000009496
144 0.0000009410
145 0.0000009327
146 0.0000009245
147 0.0000009165
148 0.0000009087
149 0.0000009010
150 0.0000008935
151 0.0000008861
152 0.0000008789
153 0.0000008718
154 0.0000008649
155 0.0000008581
156 0.0000008514
157 0.0000008448
158 0.0000008384
159 0.0000008321
160 0.0000008259
161 0.0000008198
162 0.0000008139
163 0.0000008080
164 0.0000008022
165 0.0000007966
166 0.0000007910
167 0.0000007855
168 0.0000007802
169 0.0000007749
170 0.0000007696
171 0.0000007645
172 0.0000007595
173 0.0000007545
174 0.0000007496
175 0.0000007448
176 0.0000007401
177 0.0000007354
178 0.0000007308
179 0.0000007263
180 0.0000007218
181 0.0000007174
182 0.0000007131
183 0.0000007088
184 0.0000007046
185 0.0000007004
186 0.0000006963
187 0.0000006923
188 0.0000006883
189 0.0000006844
190 0.0000006805
191 0.0000006766
192 0.0000006728
193 0.0000006691
194 0.0000006654
195 0.0000006618
196 0.0000006582
197 0.0000006546
198 0.0000006511
199 0.0000006477
200 0.0000006442
201 0.0000006408
202 0.0000006375
203 0.0000006342
204 0.0000006309
205 0.0000006277
206 0.0000006245
207 0.0000006213
208 0.0000006182
209 0.0000006151
210 0.0000006121
211 0.0000006091
212 0.0000006061
213 0.0000006031
214 0.0000006002
215 0.0000005973
216 0.0000005944
217 0.0000005916
218 0.0000005888
219 0.0000005860
220 0.0000005833
221 0.0000005806
222 0.0000005779
223 0.0000005752
224 0.0000005726
225 0.0000005700
226 0.0000005674
227 0.0000005648
228 0.0000005623
229 0.0000005598
230 0.0000005573
231 0.0000005548
232 0.0000005524
233 0.0000005499
234 0.0000005475
235 0.0000005452
236 0.0000005428
237 0.0000005405
238 0.0000005382
239 0.0000005359
240 0.0000005336
241 0.0000005314
242 0.0000005291
243 0.0000005269
244 0.0000005247
245 0.0000005226
246 0.0000005204
247 0.0000005183
248 0.0000005162
249 0.0000005141
250 0.0000005120
251 0.0000005099
252 0.0000005079
253 0.0000005059
254 0.0000005038
255 0.0000005018
256 0.0000004999
257 0.0000004979
258 0.0000004960
259 0.0000004940
260 0.0000004921
261 0.0000004902
262 0.0000004883
263 0.0000004865
264 0.0000004846
265 0.0000004828
266 0.0000004809
267 0.0000004791
268 0.0000004773
269 0.0000004755
270 0.0000004738
271 0.0000004720
272 0.0000004703
273 0.0000004685
274 0.0000004668
275 0.0000004651
276 0.0000004634
277 0.0000004617
278 0.0000004601
279 0.0000004584
280 0.0000004567
281 0.0000004551
282 0.0000004535
283 0.0000004519
284 0.0000004503
285 0.0000004487
286 0.0000004471
287 0.0000004456
288 0.0000004440
289 0.0000004425
290 0.0000004409
291 0.0000004394
292 0.0000004379
293 0.0000004364
294 0.0000004349
295 0.0000004334
296 0.0000004320
297 0.0000004305
298 0.0000004291
299 0.0000004276
300 0.0000004262
301 0.0000004248
302 0.0000004234
303 0.0000004220
304 0.0000004206
305 0.0000004192
306 0.0000004178
307 0.0000004165
308 0.0000004151
309 0.0000004138
310 0.0000004124
311 0.0000004111
312 0.0000004098
313 0.0000004085
314 0.0000004072
315 0.0000004059
316 0.0000004046
317 0.0000004033
318 0.0000004020
319 0.0000004008
320 0.0000003995
321 0.0000003983
322 0.0000003970
323 0.0000003958
324 0.0000003946
325 0.0000003934
326 0.0000003922
327 0.0000003910
328 0.0000003898
329 0.0000003886
330 0.0000003874
331 0.0000003862
332 0.0000003851
333 0.0000003839
334 0.0000003828
335 0.0000003816
336 0.0000003805
337 0.0000003794
338 0.0000003782
339 0.0000003771
340 0.0000003760
341 0.0000003749
342 0.0000003738
343 0.0000003727
344 0.0000003716
345 0.0000003706
346 0.0000003695
347 0.0000003684
348 0.0000003673
349 0.0000003663
350 0.0000003653
351 0.0000003642
352 0.0000003632
353 0.0000003621
354 0.0000003611
355 0.0000003601
356 0.0000003591
357 0.0000003581
358 0.0000003571
359 0.0000003561
360 0.0000003551
361 0.0000003541
362 0.0000003531
363 0.0000003522
364 0.0000003512
365 0.0000003502
366 0.0000003493
367 0.0000003483
368 0.0000003474
369 0.0000003464
370 0.0000003455
371 0.0000003446
372 0.0000003436
373 0.0000003427
374 0.0000003418
375 0.0000003409
376 0.0000003400
377 0.0000003391
378 0.0000003382
379 0.0000003373
380 0.0000003364
381 0.0000003355
382 0.0000003346
383 0.0000003338
384 0.0000003329
385 0.0000003320
386 0.0000003312
387 0.0000003303
388 0.0000003295
389 0.0000003286
390 0.0000003278
391 0.0000003269
392 0.0000003261
393 0.0000003253
394 0.0000003244
395 0.0000003236
396 0.0000003228
397 0.0000003220
398 0.0000003212
399 0.0000003204
400 0.0000003196
401 0.0000003188
402 0.0000003180
403 0.0000003172
404 0.0000003164
405 0.0000003156
406 0.0000003149
407 0.0000003141
408 0.0000003133
409 0.0000003125
410 0.0000003118
411 0.0000003110
412 0.0000003103
413 0.0000003095
414 0.0000003088
415 0.0000003080
416 0.0000003073
417 0.0000003065
418 0.0000003058
419 0.0000003051
420 0.0000003044
421 0.0000003036
422 0.0000003029
423 0.0000003022
424 0.0000003015
425 0.0000003008
426 0.0000003001
427 0.0000002994
428 0.0000002987
429 0.0000002980
430 0.0000002973
431 0.0000002966
432 0.0000002959
433 0.0000002952
434 0.0000002945
435 0.0000002939
436 0.0000002932
437 0.0000002925
438 0.0000002918
439 0.0000002912
440 0.0000002905
441 0.0000002899
442 0.0000002892
443 0.0000002885
444 0.0000002879
445 0.0000002873
446 0.0000002866
447 0.0000002860
448 0.0000002853
449 0.0000002847
450 0.0000002841
451 0.0000002834
452 0.0000002828
453 0.0000002822
454 0.0000002816
455 0.0000002809
456 0.0000002803
457 0.0000002797
458 0.0000002791
459 0.0000002785
460 0.0000002779
461 0.0000002773
462 0.0000002767
463 0.0000002761
464 0.0000002755
465 0.0000002749
466 0.0000002743
467 0.0000002737
468 0.0000002731
469 0.0000002725
470 0.0000002720
471 0.0000002714
472 0.0000002708
473 0.0000002702
474 0.0000002697
475 0.0000002691
476 0.0000002685
477 0.0000002680
478 0.0000002674
479 0.0000002669
480 0.0000002663
481 0.0000002657
482 0.0000002652
483 0.0000002646
484 0.0000002641
485 0.0000002636
486 0.0000002630
487 0.0000002625
488 0.0000002619
489 0.0000002614
490 0.0000002609
491 0.0000002603
492 0.0000002598
493 0.0000002593
494 0.0000002587
495 0.0000002582
496 0.0000002577
497 0.0000002572
498 0.0000002567
499 0.0000002562
500 0.0000002556
501 0.0000002551
502 0.0000002546
503 0.0000002541
504 0.0000002536
505 0.0000002531
506 0.0000002526
507 0.0000002521
508 0.0000002516
509 0.0000002511
510 0.0000002506
511 0.0000002501
512 0.0000002496
513 0.0000002492
514 0.0000002487
515 0.0000002482
516 0.0000002477
517 0.0000002472
518 0.0000002468
519 0.0000002463
520 0.0000002458
521 0.0000002453
522 0.0000002449
523 0.0000002444
524 0.0000002439
525 0.0000002435
526 0.0000002430
527 0.0000002425
528 0.0000002421
529 0.0000002416
530 0.0000002412
531 0.0000002407
532 0.0000002403
533 0.0000002398
534 0.0000002394
535 0.0000002389
536 0.0000002385
537 0.0000002380
538 0.0000002376
539 0.0000002371
540 0.0000002367
541 0.0000002363
542 0.0000002358
543 0.0000002354
544 0.0000002350
545 0.0000002345
546 0.0000002341
547 0.0000002337
548 0.0000002332
549 0.0000002328
550 0.0000002324
551 0.0000002320
552 0.0000002316
553 0.0000002311
554 0.0000002307
555 0.0000002303
556 0.0000002299
557 0.0000002295
558 0.0000002291
559 0.0000002287
560 0.0000002282
561 0.0000002278
562 0.0000002274
563 0.0000002270
564 0.0000002266
565 0.0000002262
566 0.0000002258
567 0.0000002254
568 0.0000002250
569 0.0000002246
570 0.0000002242
571 0.0000002238
572 0.0000002235
573 0.0000002231
574 0.0000002227
575 0.0000002223
576 0.0000002219
577 0.0000002215
578 0.0000002211
579 0.0000002207
580 0.0000002204
581 0.0000002200
582 0.0000002196
583 0.0000002192
584 0.0000002189
585 0.0000002185
586 0.0000002181
587 0.0000002177
588 0.0000002174
589 0.0000002170
590 0.0000002166
591 0.0000002163
592 0.0000002159
593 0.0000002155
594 0.0000002152
595 0.0000002148
596 0.0000002144
597 0.0000002141
598 0.0000002137
599 0.0000002134
600 0.0000002130
601 0.0000002127
602 0.0000002123
603 0.0000002120
604 0.0000002116
605 0.0000002113
606 0.0000002109
607 0.0000002106
608 0.0000002102
609 0.0000002099
610 0.0000002095
611 0.0000002092
612 0.0000002088
613 0.0000002085
614 0.0000002082
615 0.0000002078
616 0.0000002075
617 0.0000002071
618 0.0000002068
619 0.0000002065
620 0.0000002061
621 0.0000002058
622 0.0000002055
623 0.0000002052
624 0.0000002048
625 0.0000002045
626 0.0000002042
627 0.0000002038
628 0.0000002035
629 0.0000002032
630 0.0000002029
631 0.0000002025
632 0.0000002022
633 0.0000002019
634 0.0000002016
635 0.0000002013
636 0.0000002010
637 0.0000002006
638 0.0000002003
639 0.0000002000
640 0.0000001997
641 0.0000001994
642 0.0000001991
643 0.0000001988
644 0.0000001985
645 0.0000001981
646 0.0000001978
647 0.0000001975
648 0.0000001972
649 0.0000001969
650 0.0000001966
651 0.0000001963
652 0.0000001960
653 0.0000001957
654 0.0000001954
655 0.0000001951
656 0.0000001948
657 0.0000001945
658 0.0000001942
659 0.0000001939
660 0.0000001936
661 0.0000001934
662 0.0000001931
663 0.0000001928
664 0.0000001925
665 0.0000001922
666 0.0000001919
667 0.0000001916
668 0.0000001913
669 0.0000001910
670 0.0000001908
671 0.0000001905
672 0.0000001902
673 0.0000001899
674 0.0000001896
675 0.0000001893
676 0.0000001891
677 0.0000001888
678 0.0000001885
679 0.0000001882
680 0.0000001879
681 0.0000001877
682 0.0000001874
683 0.0000001871
684 0.0000001868
685 0.0000001866
686 0.0000001863
687 0.0000001860
688 0.0000001858
689 0.0000001855
690 0.0000001852
691 0.0000001850
692 0.0000001847
693 0.0000001844
694 0.0000001842
695 0.0000001839
696 0.0000001836
697 0.0000001834
698 0.0000001831
699 0.0000001828
700 0.0000001826
701 0.0000001823
702 0.0000001821
703 0.0000001818
704 0.0000001815
705 0.0000001813
706 0.0000001810
707 0.0000001808
708 0.0000001805
709 0.0000001803
710 0.0000001800
711 0.0000001797
712 0.0000001795
713 0.0000001792
714 0.0000001790
715 0.0000001787
716 0.0000001785
717 0.0000001782
718 0.0000001780
719 0.0000001777
720 0.0000001775
721 0.0000001772
722 0.0000001770
723 0.0000001768
724 0.0000001765
725 0.0000001763
726 0.0000001760
727 0.0000001758
728 0.0000001755
729 0.0000001753
730 0.0000001751
731 0.0000001748
732 0.0000001746
733 0.0000001743
734 0.0000001741
735 0.0000001739
736 0.0000001736
737 0.0000001734
738 0.0000001732
739 0.0000001729
740 0.0000001727
741 0.0000001725
742 0.0000001722
743 0.0000001720
744 0.0000001718
745 0.0000001715
746 0.0000001713
747 0.0000001711
748 0.0000001708
749 0.0000001706
750 0.0000001704
751 0.0000001702
752 0.0000001699
753 0.0000001697
754 0.0000001695
755 0.0000001693
756 0.0000001690
757 0.0000001688
758 0.0000001686
759 0.0000001684
760 0.0000001681
761 0.0000001679
762 0.0000001677
763 0.0000001675
764 0.0000001673
765 0.0000001670
766 0.0000001668
767 0.0000001666
768 0.0000001664
769 0.0000001662
770 0.0000001660
771 0.0000001657
772 0.0000001655
773 0.0000001653
774 0.0000001651
775 0.0000001649
776 0.0000001647
777 0.0000001645
778 0.0000001643
779 0.0000001640
780 0.0000001638
781 0.0000001636
782 0.0000001634
783 0.0000001632
784 0.0000001630
785 0.0000001628
786 0.0000001626
787 0.0000001624
788 0.0000001622
789 0.0000001620
790 0.0000001618
791 0.0000001616
792 0.0000001613
793 0.0000001611
794 0.0000001609
795 0.0000001607
796 0.0000001605
797 0.0000001603
798 0.0000001601
799 0.0000001599
800 0.0000001597
801 0.0000001595
802 0.0000001593
803 0.0000001591
804 0.0000001589
805 0.0000001587
806 0.0000001585
807 0.0000001583
808 0.0000001581
809 0.0000001580
810 0.0000001578
811 0.0000001576
812 0.0000001574
813 0.0000001572
814 0.0000001570
815 0.0000001568
816 0.0000001566
817 0.0000001564
818 0.0000001562
819 0.0000001560
820 0.0000001558
821 0.0000001556
822 0.0000001555
823 0.0000001553
824 0.0000001551
825 0.0000001549
826 0.0000001547
827 0.0000001545
828 0.0000001543
829 0.0000001541
830 0.0000001540
831 0.0000001538
832 0.0000001536
833 0.0000001534
834 0.0000001532
835 0.0000001530
836 0.0000001528
837 0.0000001527
838 0.0000001525
839 0.0000001523
840 0.0000001521
841 0.0000001519
842 0.0000001518
843 0.0000001516
844 0.0000001514
845 0.0000001512
846 0.0000001510
847 0.0000001509
848 0.0000001507
849 0.0000001505
850 0.0000001503
851 0.0000001502
852 0.0000001500
853 0.0000001498
854 0.0000001496
855 0.0000001494
856 0.0000001493
857 0.0000001491
858 0.0000001489
859 0.0000001488
860 0.0000001486
861 0.0000001484
862 0.0000001482
863 0.0000001481
864 0.0000001479
865 0.0000001477
866 0.0000001475
867 0.0000001474
868 0.0000001472
869 0.0000001470
870 0.0000001469
871 0.0000001467
872 0.0000001465
873 0.0000001464
874 0.0000001462
875 0.0000001460
876 0.0000001459
877 0.0000001457
878 0.0000001455
879 0.0000001454
880 0.0000001452
881 0.0000001450
882 0.0000001449
883 0.0000001447
884 0.0000001445
885 0.0000001444
886 0.0000001442
887 0.0000001441
888 0.0000001439
889 0.0000001437
890 0.0000001436
891 0.0000001434
892 0.0000001432
893 0.0000001431
894 0.0000001429
895 0.0000001428
896 0.0000001426
897 0.0000001424
898 0.0000001423
899 0.0000001421
900 0.0000001420
901 0.0000001418
902 0.0000001417
903 0.0000001415
904 0.0000001413
905 0.0000001412
906 0.0000001410
907 0.0000001409
908 0.0000001407
909 0.0000001406
910 0.0000001404
911 0.0000001403
912 0.0000001401
913 0.0000001399
914 0.0000001398
915 0.0000001396
916 0.0000001395
917 0.0000001393
918 0.0000001392
919 0.0000001390
920 0.0000001389
921 0.0000001387
922 0.0000001386
923 0.0000001384
924 0.0000001383
925 0.0000001381
926 0.0000001380
927 0.0000001378
928 0.0000001377
929 0.0000001375
930 0.0000001374
931 0.0000001372
932 0.0000001371
933 0.0000001369
934 0.0000001368
935 0.0000001366
936 0.0000001365
937 0.0000001364
938 0.0000001362
939 0.0000001361
940 0.0000001359
941 0.0000001358
942 0.0000001356
943 0.0000001355
944 0.0000001353
945 0.0000001352
946 0.0000001351
947 0.0000001349
948 0.0000001348
949 0.0000001346
950 0.0000001345
951 0.0000001343
952 0.0000001342
953 0.0000001341
954 0.0000001339
955 0.0000001338
956 0.0000001336
957 0.0000001335
958 0.0000001334
959 0.0000001332
960 0.0000001331
961 0.0000001329
962 0.0000001328
963 0.0000001327
964 0.0000001325
965 0.0000001324
966 0.0000001323
967 0.0000001321
968 0.0000001320
969 0.0000001318
970 0.0000001317
971 0.0000001316
972 0.0000001314
973 0.0000001313
974 0.0000001312
975 0.0000001310
976 0.0000001309
977 0.0000001308
978 0.0000001306
979 0.0000001305
980 0.0000001304
981 0.0000001302
982 0.0000001301
983 0.0000001300
984 0.0000001298
985 0.0000001297
986 0.0000001296
987 0.0000001294
988 0.0000001293
989 0.0000001292
990 0.0000001290
991 0.0000001289
992 0.0000001288
993 0.0000001287
994 0.0000001285
995 0.0000001284
996 0.0000001283
997 0.0000001281
998 0.0000001280
999 0.0000001279
1000 0.0000001278
1001 0.0000001276
1002 0.0000001275
1003 0.0000001274
1004 0.0000001272
1005 0.0000001271
1006 0.0000001270
1007 0.0000001269
1008 0.0000001267
1009 0.0000001266
1010 0.0000001265
1011 0.0000001264
1012 0.0000001262
1013 0.0000001261
1014 0.0000001260
1015 0.0000001259
1016 0.0000001257
1017 0.0000001256
1018 0.0000001255
1019 0.0000001254
1020 0.0000001252
1021 0.0000001251
1022 0.0000001250
1023 0.0000001249
1024 0.0000001248
1025 0.0000001246
1026 0.0000001245
1027 0.0000001244
1028 0.0000001243
1029 0.0000001241
1030 0.0000001240
1031 0.0000001239
1032 0.0000001238
1033 0.0000001237
1034 0.0000001235
1035 0.0000001234
1036 0.0000001233
1037 0.0000001232
1038 0.0000001231
1039 0.0000001229
1040 0.0000001228
1041 0.0000001227
1042 0.0000001226
1043 0.0000001225
1044 0.0000001224
1045 0.0000001222
1046 0.0000001221
1047 0.0000001220
1048 0.0000001219
1049 0.0000001218
1050 0.0000001217
1051 0.0000001215
1052 0.0000001214
1053 0.0000001213
1054 0.0000001212
1055 0.0000001211
1056 0.0000001210
1057 0.0000001208
1058 0.0000001207
1059 0.0000001206
1060 0.0000001205
1061 0.0000001204
1062 0.0000001203
1063 0.0000001202
1064 0.0000001201
1065 0.0000001199
1066 0.0000001198
1067 0.0000001197
1068 0.0000001196
1069 0.0000001195
1070 0.0000001194
1071 0.0000001193
1072 0.0000001192
1073 0.0000001190
1074 0.0000001189
1075 0.0000001188
1076 0.0000001187
1077 0.0000001186
1078 0.0000001185
1079 0.0000001184
1080 0.0000001183
1081 0.0000001182
1082 0.0000001181
1083 0.0000001179
1084 0.0000001178
1085 0.0000001177
1086 0.0000001176
1087 0.0000001175
1088 0.0000001174
1089 0.0000001173
1090 0.0000001172
1091 0.0000001171
1092 0.0000001170
1093 0.0000001169
1094 0.0000001168
1095 0.0000001166
1096 0.0000001165
1097 0.0000001164
1098 0.0000001163
1099 0.0000001162
1100 0.0000001161
1101 0.0000001160
1102 0.0000001159
1103 0.0000001158
1104 0.0000001157
1105 0.0000001156
1106 0.0000001155
1107 0.0000001154
1108 0.0000001153
1109 0.0000001152
1110 0.0000001151
1111 0.0000001150
1112 0.0000001149
1113 0.0000001148
1114 0.0000001147
1115 0.0000001145
1116 0.0000001144
1117 0.0000001143
1118 0.0000001142
1119 0.0000001141
1120 0.0000001140
1121 0.0000001139
1122 0.0000001138
1123 0.0000001137
1124 0.0000001136
1125 0.0000001135
1126 0.0000001134
1127 0.0000001133
1128 0.0000001132
1129 0.0000001131
1130 0.0000001130
1131 0.0000001129
1132 0.0000001128
1133 0.0000001127
1134 0.0000001126
1135 0.0000001125
1136 0.0000001124
1137 0.0000001123
1138 0.0000001122
1139 0.0000001121
1140 0.0000001120
1141 0.0000001119
1142 0.0000001118
1143 0.0000001117
1144 0.0000001116
1145 0.0000001115
1146 0.0000001114
1147 0.0000001113
1148 0.0000001112
1149 0.0000001112
1150 0.0000001111
1151 0.0000001110
1152 0.0000001109
1153 0.0000001108
1154 0.0000001107
1155 0.0000001106
1156 0.0000001105
1157 0.0000001104
1158 0.0000001103
1159 0.0000001102
1160 0.0000001101
1161 0.0000001100
1162 0.0000001099
1163 0.0000001098
1164 0.0000001097
1165 0.0000001096
1166 0.0000001095
1167 0.0000001094
1168 0.0000001093
1169 0.0000001092
1170 0.0000001092
1171 0.0000001091
1172 0.0000001090
1173 0.0000001089
1174 0.0000001088
1175 0.0000001087
1176 0.0000001086
1177 0.0000001085
1178 0.0000001084
1179 0.0000001083
1180 0.0000001082
1181 0.0000001081
1182 0.0000001080
1183 0.0000001079
1184 0.0000001079
1185 0.0000001078
1186 0.0000001077
1187 0.0000001076
1188 0.0000001075
1189 0.0000001074
1190 0.0000001073
1191 0.0000001072
1192 0.0000001071
1193 0.0000001070
1194 0.0000001070
1195 0.0000001069
1196 0.0000001068
1197 0.0000001067
1198 0.0000001066
1199 0.0000001065
1200 0.0000001064
1201 0.0000001063
1202 0.0000001062
1203 0.0000001061
1204 0.0000001061
1205 0.0000001060
1206 0.0000001059
1207 0.0000001058
1208 0.0000001057
1209 0.0000001056
1210 0.0000001055
1211 0.0000001054
1212 0.0000001054
1213 0.0000001053
1214 0.0000001052
1215 0.0000001051
1216 0.0000001050
1217 0.0000001049
1218 0.0000001048
1219 0.0000001048
1220 0.0000001047
1221 0.0000001046
1222 0.0000001045
1223 0.0000001044
1224 0.0000001043
1225 0.0000001042
1226 0.0000001042
1227 0.0000001041
1228 0.0000001040
1229 0.0000001039
1230 0.0000001038
1231 0.0000001037
1232 0.0000001036
1233 0.0000001036
1234 0.0000001035
1235 0.0000001034
1236 0.0000001033
1237 0.0000001032
1238 0.0000001031
1239 0.0000001031
1240 0.0000001030
1241 0.0000001029
1242 0.0000001028
1243 0.0000001027
1244 0.0000001026
1245 0.0000001026
1246 0.0000001025
1247 0.0000001024
1248 0.0000001023
1249 0.0000001022
1250 0.0000001021
1251 0.0000001021
1252 0.0000001020
1253 0.0000001019
1254 0.0000001018
1255 0.0000001017
1256 0.0000001017
1257 0.0000001016
1258 0.0000001015
1259 0.0000001014
1260 0.0000001013
1261 0.0000001012
1262 0.0000001012
1263 0.0000001011
1264 0.0000001010
1265 0.0000001009
1266 0.0000001008
1267 0.0000001008
1268 0.0000001007
1269 0.0000001006
1270 0.0000001005
1271 0.0000001004
1272 0.0000001004
1273 0.0000001003
1274 0.0000001002
1275 0.0000001001
1276 0.0000001001
1277 0.0000001000
1278 0.0000000999
1279 0.0000000998
1280 0.0000000997
1281 0.0000000997
1282 0.0000000996
1283 0.0000000995
1284 0.0000000994
1285 0.0000000994
1286 0.0000000993
1287 0.0000000992
1288 0.0000000991
1289 0.0000000990
1290 0.0000000990
1291 0.0000000989
1292 0.0000000988
1293 0.0000000987
1294 0.0000000987
1295 0.0000000986
1296 0.0000000985
1297 0.0000000984
1298 0.0000000984
1299 0.0000000983
1300 0.0000000982
1301 0.0000000981
1302 0.0000000980
1303 0.0000000980
1304 0.0000000979
1305 0.0000000978
1306 0.0000000977
1307 0.0000000977
1308 0.0000000976
1309 0.0000000975
1310 0.0000000974
1311 0.0000000974
1312 0.0000000973
1313 0.0000000972
1314 0.0000000971
1315 0.0000000971
1316 0.0000000970
1317 0.0000000969
1318 0.0000000969
1319 0.0000000968
1320 0.0000000967
1321 0.0000000966
1322 0.0000000966
1323 0.0000000965
1324 0.0000000964
1325 0.0000000963
1326 0.0000000963
1327 0.0000000962
1328 0.0000000961
1329 0.0000000960
1330 0.0000000960
1331 0.0000000959
1332 0.0000000958
1333 0.0000000958
1334 0.0000000957
1335 0.0000000956
1336 0.0000000955
1337 0.0000000955
1338 0.0000000954
1339 0.0000000953
1340 0.0000000953
1341 0.0000000952
1342 0.0000000951
1343 0.0000000950
1344 0.0000000950
1345 0.0000000949
1346 0.0000000948
1347 0.0000000948
1348 0.0000000947
1349 0.0000000946
1350 0.0000000945
1351 0.0000000945
1352 0.0000000944
1353 0.0000000943
1354 0.0000000943
1355 0.0000000942
1356 0.0000000941
1357 0.0000000941
1358 0.0000000940
1359 0.0000000939
1360 0.0000000938
1361 0.0000000938
1362 0.0000000937
1363 0.0000000936
1364 0.0000000936
1365 0.0000000935
1366 0.0000000934
1367 0.0000000934
1368 0.0000000933
1369 0.0000000932
1370 0.0000000932
1371 0.0000000931
1372 0.0000000930
1373 0.0000000930
1374 0.0000000929
1375 0.0000000928
1376 0.0000000927
1377 0.0000000927
1378 0.0000000926
1379 0.0000000925
1380 0.0000000925
1381 0.0000000924
1382 0.0000000923
1383 0.0000000923
1384 0.0000000922
1385 0.0000000921
1386 0.0000000921
1387 0.0000000920
1388 0.0000000919
1389 0.0000000919
1390 0.0000000918
1391 0.0000000917
1392 0.0000000917
1393 0.0000000916
1394 0.0000000915
1395 0.0000000915
1396 0.0000000914
1397 0.0000000913
1398 0.0000000913
1399 0.0000000912
1400 0.0000000911
1401 0.0000000911
1402 0.0000000910
1403 0.0000000910
1404 0.0000000909
1405 0.0000000908
1406 0.0000000908
1407 0.0000000907
1408 0.0000000906
1409 0.0000000906
1410 0.0000000905
1411 0.0000000904
1412 0.0000000904
1413 0.0000000903
1414 0.0000000902
1415 0.0000000902
1416 0.0000000901
1417 0.0000000900
1418 0.0000000900
1419 0.0000000899
1420 0.0000000899
1421 0.0000000898
1422 0.0000000897
1423 0.0000000897
1424 0.0000000896
1425 0.0000000895
1426 0.0000000895
1427 0.0000000894
1428 0.0000000893
1429 0.0000000893
1430 0.0000000892
1431 0.0000000892
1432 0.0000000891
1433 0.0000000890
1434 0.0000000890
1435 0.0000000889
1436 0.0000000888
1437 0.0000000888
1438 0.0000000887
1439 0.0000000887
1440 0.0000000886
1441 0.0000000885
1442 0.0000000885
1443 0.0000000884
1444 0.0000000884
1445 0.0000000883
1446 0.0000000882
1447 0.0000000882
1448 0.0000000881
1449 0.0000000880
1450 0.0000000880
1451 0.0000000879
1452 0.0000000879
1453 0.0000000878
1454 0.0000000877
1455 0.0000000877
1456 0.0000000876
1457 0.0000000876
1458 0.0000000875
1459 0.0000000874
1460 0.0000000874
1461 0.0000000873
1462 0.0000000873
1463 0.0000000872
1464 0.0000000871
1465 0.0000000871
1466 0.0000000870
1467 0.0000000870
1468 0.0000000869
1469 0.0000000868
1470 0.0000000868
1471 0.0000000867
1472 0.0000000867
1473 0.0000000866
1474 0.0000000865
1475 0.0000000865
1476 0.0000000864
1477 0.0000000864
1478 0.0000000863
1479 0.0000000862
1480 0.0000000862
1481 0.0000000861
1482 0.0000000861
1483 0.0000000860
1484 0.0000000860
1485 0.0000000859
1486 0.0000000858
1487 0.0000000858
1488 0.0000000857
1489 0.0000000857
1490 0.0000000856
1491 0.0000000855
1492 0.0000000855
1493 0.0000000854
1494 0.0000000854
1495 0.0000000853
1496 0.0000000853
1497 0.0000000852
1498 0.0000000851
1499 0.0000000851
1500 0.0000000850
1501 0.0000000850
1502 0.0000000849
1503 0.0000000849
1504 0.0000000848
1505 0.0000000847
1506 0.0000000847
1507 0.0000000846
1508 0.0000000846
1509 0.0000000845
1510 0.0000000845
1511 0.0000000844
1512 0.0000000843
1513 0.0000000843
1514 0.0000000842
1515 0.0000000842
1516 0.0000000841
1517 0.0000000841
1518 0.0000000840
1519 0.0000000840
1520 0.0000000839
1521 0.0000000838
1522 0.0000000838
1523 0.0000000837
1524 0.0000000837
1525 0.0000000836
1526 0.0000000836
1527 0.0000000835
1528 0.0000000835
1529 0.0000000834
1530 0.0000000833
1531 0.0000000833
1532 0.0000000832
1533 0.0000000832
1534 0.0000000831
1535 0.0000000831
1536 0.0000000830
1537 0.0000000830
1538 0.0000000829
1539 0.0000000828
1540 0.0000000828
1541 0.0000000827
1542 0.0000000827
1543 0.0000000826
1544 0.0000000826
1545 0.0000000825
1546 0.0000000825
1547 0.0000000824
1548 0.0000000824
1549 0.0000000823
1550 0.0000000823
1551 0.0000000822
1552 0.0000000821
1553 0.0000000821
1554 0.0000000820
1555 0.0000000820
1556 0.0000000819
1557 0.0000000819
1558 0.0000000818
1559 0.0000000818
1560 0.0000000817
1561 0.0000000817
1562 0.0000000816
1563 0.0000000816
1564 0.0000000815
1565 0.0000000815
1566 0.0000000814
1567 0.0000000813
1568 0.0000000813
1569 0.0000000812
1570 0.0000000812
1571 0.0000000811
1572 0.0000000811
1573 0.0000000810
1574 0.0000000810
1575 0.0000000809
1576 0.0000000809
1577 0.0000000808
1578 0.0000000808
1579 0.0000000807
1580 0.0000000807
1581 0.0000000806
1582 0.0000000806
1583 0.0000000805
1584 0.0000000805
1585 0.0000000804
1586 0.0000000804
1587 0.0000000803
1588 0.0000000803
1589 0.0000000802
1590 0.0000000802
1591 0.0000000801
1592 0.0000000801
1593 0.0000000800
1594 0.0000000799
1595 0.0000000799
1596 0.0000000798
1597 0.0000000798
1598 0.0000000797
1599 0.0000000797
1600 0.0000000796
1601 0.0000000796
1602 0.0000000795
1603 0.0000000795
1604 0.0000000794
1605 0.0000000794
1606 0.0000000793
1607 0.0000000793
1608 0.0000000792
1609 0.0000000792
1610 0.0000000791
1611 0.0000000791
1612 0.0000000790
1613 0.0000000790
1614 0.0000000789
1615 0.0000000789
1616 0.0000000788
1617 0.0000000788
1618 0.0000000787
1619 0.0000000787
1620 0.0000000786
1621 0.0000000786
1622 0.0000000785
1623 0.0000000785
1624 0.0000000784
1625 0.0000000784
1626 0.0000000783
1627 0.0000000783
1628 0.0000000782
1629 0.0000000782
1630 0.0000000782
1631 0.0000000781
1632 0.0000000781
1633 0.0000000780
1634 0.0000000780
1635 0.0000000779
1636 0.0000000779
1637 0.0000000778
1638 0.0000000778
1639 0.0000000777
1640 0.0000000777
1641 0.0000000776
1642 0.0000000776
1643 0.0000000775
1644 0.0000000775
1645 0.0000000774
1646 0.0000000774
1647 0.0000000773
1648 0.0000000773
1649 0.0000000772
1650 0.0000000772
1651 0.0000000771
1652 0.0000000771
1653 0.0000000770
1654 0.0000000770
1655 0.0000000769
1656 0.0000000769
1657 0.0000000769
1658 0.0000000768
1659 0.0000000768
1660 0.0000000767
1661 0.0000000767
1662 0.0000000766
1663 0.0000000766
1664 0.0000000765
1665 0.0000000765
1666 0.0000000764
1667 0.0000000764
1668 0.0000000763
1669 0.0000000763
1670 0.0000000762
1671 0.0000000762
1672 0.0000000761
1673 0.0000000761
1674 0.0000000761
1675 0.0000000760
1676 0.0000000760
1677 0.0000000759
1678 0.0000000759
1679 0.0000000758
1680 0.0000000758
1681 0.0000000757
1682 0.0000000757
1683 0.0000000756
1684 0.0000000756
1685 0.0000000755
1686 0.0000000755
1687 0.0000000754
1688 0.0000000754
1689 0.0000000754
1690 0.0000000753
1691 0.0000000753
1692 0.0000000752
1693 0.0000000752
1694 0.0000000751
1695 0.0000000751
1696 0.0000000750
1697 0.0000000750
1698 0.0000000749
1699 0.0000000749
1700 0.0000000749
1701 0.0000000748
1702 0.0000000748
1703 0.0000000747
1704 0.0000000747
1705 0.0000000746
1706 0.0000000746
1707 0.0000000745
1708 0.0000000745
1709 0.0000000744
1710 0.0000000744
1711 0.0000000744
1712 0.0000000743
1713 0.0000000743
1714 0.0000000742
1715 0.0000000742
1716 0.0000000741
1717 0.0000000741
1718 0.0000000740
1719 0.0000000740
1720 0.0000000740
1721 0.0000000739
1722 0.0000000739
1723 0.0000000738
1724 0.0000000738
1725 0.0000000737
1726 0.0000000737
1727 0.0000000736
1728 0.0000000736
1729 0.0000000736
1730 0.0000000735
1731 0.0000000735
1732 0.0000000734
1733 0.0000000734
1734 0.0000000733
1735 0.0000000733
1736 0.0000000732
1737 0.0000000732
1738 0.0000000732
1739 0.0000000731
1740 0.0000000731
1741 0.0000000730
1742 0.0000000730
1743 0.0000000729
1744 0.0000000729
1745 0.0000000729
1746 0.0000000728
1747 0.0000000728
1748 0.0000000727
1749 0.0000000727
1750 0.0000000726
1751 0.0000000726
1752 0.0000000725
1753 0.0000000725
1754 0.0000000725
1755 0.0000000724
1756 0.0000000724
1757 0.0000000723
1758 0.0000000723
1759 0.0000000722
1760 0.0000000722
1761 0.0000000722
1762 0.0000000721
1763 0.0000000721
1764 0.0000000720
1765 0.0000000720
1766 0.0000000719
1767 0.0000000719
1768 0.0000000719
1769 0.0000000718
1770 0.0000000718
1771 0.0000000717
1772 0.0000000717
1773 0.0000000716
1774 0.0000000716
1775 0.0000000716
1776 0.0000000715
1777 0.0000000715
1778 0.0000000714
1779 0.0000000714
1780 0.0000000713
1781 0.0000000713
1782 0.0000000713
1783 0.0000000712
1784 0.0000000712
1785 0.0000000711
1786 0.0000000711
1787 0.0000000710
1788 0.0000000710
1789 0.0000000710
1790 0.0000000709
1791 0.0000000709
1792 0.0000000708
1793 0.0000000708
1794 0.0000000708
1795 0.0000000707
1796 0.0000000707
1797 0.0000000706
1798 0.0000000706
1799 0.0000000705
1800 0.0000000705
1801 0.0000000705
1802 0.0000000704
1803 0.0000000704
1804 0.0000000703
1805 0.0000000703
1806 0.0000000702
1807 0.0000000702
1808 0.0000000702
1809 0.0000000701
1810 0.0000000701
1811 0.0000000700
1812 0.0000000700
1813 0.0000000700
1814 0.0000000699
1815 0.0000000699
1816 0.0000000698
1817 0.0000000698
1818 0.0000000697
1819 0.0000000697
1820 0.0000000697
1821 0.0000000696
1822 0.0000000696
1823 0.0000000695
1824 0.0000000695
1825 0.0000000695
1826 0.0000000694
1827 0.0000000694
1828 0.0000000693
1829 0.0000000693
1830 0.0000000692
1831 0.0000000692
1832 0.0000000692
1833 0.0000000691
1834 0.0000000691
1835 0.0000000690
1836 0.0000000690
1837 0.0000000689
1838 0.0000000689
1839 0.0000000689
1840 0.0000000688
1841 0.0000000688
1842 0.0000000687
1843 0.0000000687
1844 0.0000000687
1845 0.0000000686
1846 0.0000000686
1847 0.0000000685
1848 0.0000000685
1849 0.0000000684
1850 0.0000000684
1851 0.0000000684
1852 0.0000000683
1853 0.0000000683
1854 0.0000000682
1855 0.0000000682
1856 0.0000000682
1857 0.0000000681
1858 0.0000000681
1859 0.0000000680
1860 0.0000000680
1861 0.0000000679
1862 0.0000000679
1863 0.0000000679
1864 0.0000000678
1865 0.0000000678
1866 0.0000000677
1867 0.0000000677
1868 0.0000000676
1869 0.0000000676
1870 0.0000000676
1871 0.0000000675
1872 0.0000000675
1873 0.0000000674
1874 0.0000000674
1875 0.0000000673
1876 0.0000000673
1877 0.0000000673
1878 0.0000000672
1879 0.0000000672
1880 0.0000000671
1881 0.0000000671
1882 0.0000000670
1883 0.0000000670
1884 0.0000000670
1885 0.0000000669
1886 0.0000000669
1887 0.0000000668
1888 0.0000000668
1889 0.0000000667
1890 0.0000000667
1891 0.0000000667
1892 0.0000000666
1893 0.0000000666
1894 0.0000000665
1895 0.0000000665
1896 0.0000000664
1897 0.0000000664
1898 0.0000000663
1899 0.0000000663
1900 0.0000000663
1901 0.0000000662
1902 0.0000000662
1903 0.0000000661
1904 0.0000000661
1905 0.0000000660
1906 0.0000000660
1907 0.0000000659
1908 0.0000000659
1909 0.0000000658
1910 0.0000000658
1911 0.0000000658
1912 0.0000000657
1913 0.0000000657
1914 0.0000000656
1915 0.0000000656
1916 0.0000000655
1917 0.0000000655
1918 0.0000000654
1919 0.0000000654
1920 0.0000000653
1921 0.0000000653
1922 0.0000000652
1923 0.0000000652
1924 0.0000000651
1925 0.0000000651
1926 0.0000000650
1927 0.0000000650
1928 0.0000000649
1929 0.0000000649
1930 0.0000000648
1931 0.0000000648
1932 0.0000000647
1933 0.0000000647
1934 0.0000000646
1935 0.0000000646
1936 0.0000000645
1937 0.0000000645
1938 0.0000000644
1939 0.0000000644
1940 0.0000000643
1941 0.0000000643
1942 0.0000000642
1943 0.0000000642
1944 0.0000000641
1945 0.0000000641
1946 0.0000000640
1947 0.0000000639
1948 0.0000000639
1949 0.0000000638
1950 0.0000000638
1951 0.0000000637
1952 0.0000000637
1953 0.0000000636
1954 0.0000000635
1955 0.0000000635
1956 0.0000000634
1957 0.0000000634
1958 0.0000000633
1959 0.0000000632
1960 0.0000000632
1961 0.0000000631
1962 0.0000000630
1963 0.0000000630
1964 0.0000000629
1965 0.0000000628
1966 0.0000000628
1967 0.0000000627
1968 0.0000000626
1969 0.0000000626
1970 0.0000000625
1971 0.0000000624
1972 0.0000000623
1973 0.0000000622
1974 0.0000000622
1975 0.0000000621
1976 0.0000000620
1977 0.0000000619
1978 0.0000000618
1979 0.0000000617
1980 0.0000000617
1981 0.0000000616
1982 0.0000000615
1983 0.0000000614
1984 0.0000000612
1985 0.0000000611
1986 0.0000000610
1987 0.0000000609
1988 0.0000000607
1989 0.0000000606
1990 0.0000000604
1991 0.0000000602
1992 0.0000000600
1993 0.0000000598
1994 0.0000000594
1995 0.0000000590
1996 0.0000000584
1997 0.0000000575
1998 0.0000000558
1999 0.0000000497
2000 0.0000000000
