1 420
0 0.9878586423
1 0.0046959264
2 0.0014951098
3 0.0008852913
4 0.0005648937
5 0.0003999788
6 0.0003050733
7 0.0002443784
8 0.0002026629
9 0.0001724401
10 0.0001496014
11 0.0001317439
12 0.0001173947
13 0.0001056107
14 0.0000957625
15 0.0000874138
16 0.0000802519
17 0.0000740465
18 0.0000686233
19 0.0000638482
20 0.0000596158
21 0.0000558422
22 0.0000524598
23 0.0000494135
24 0.0000466576
25 0.0000441546
26 0.0000418726
27 0.0000397851
28 0.0000378693
29 0.0000361060
30 0.0000344785
31 0.0000329725
32 0.0000315755
33 0.0000302766
34 0.0000290665
35 0.0000279367
36 0.0000268800
37 0.0000258898
38 0.0000249603
39 0.0000240865
40 0.0000232636
41 0.0000224877
42 0.0000217550
43 0.0000210622
44 0.0000204063
45 0.0000197845
46 0.0000191945
47 0.0000186339
48 0.0000181007
49 0.0000175932
50 0.0000171094
51 0.0000166481
52 0.0000162076
53 0.0000157866
54 0.0000153841
55 0.0000149988
56 0.0000146297
57 0.0000142759
58 0.0000139365
59 0.0000136107
60 0.0000132977
61 0.0000129969
62 0.0000127075
63 0.0000124290
64 0.0000121608
65 0.0000119023
66 0.0000116531
67 0.0000114128
68 0.0000111808
69 0.0000109567
70 0.0000107403
71 0.0000105311
72 0.0000103287
73 0.0000101330
74 0.0000099435
75 0.0000097600
76 0.0000095823
77 0.0000094100
78 0.0000092430
79 0.0000090810
80 0.0000089238
81 0.0000087712
82 0.0000086231
83 0.0000084791
84 0.0000083393
85 0.0000082034
86 0.0000080712
87 0.0000079426
88 0.0000078176
89 0.0000076958
90 0.0000075773
91 0.0000074619
92 0.0000073495
93 0.0000072399
94 0.0000071331
95 0.0000070290
96 0.0000069275
97 0.0000068285
98 0.0000067319
99 0.0000066376
100 0.0000065455
101 0.0000064556
102 0.0000063679
103 0.0000062821
104 0.0000061983
105 0.0000061165
106 0.0000060364
107 0.0000059582
108 0.0000058816
109 0.0000058068
110 0.0000057336
111 0.0000056619
112 0.0000055918
113 0.0000055231
114 0.0000054559
115 0.0000053901
116 0.0000053256
117 0.0000052625
118 0.0000052006
119 0.0000051400
120 0.0000050805
121 0.0000050223
122 0.0000049652
123 0.0000049092
124 0.0000048542
125 0.0000048004
126 0.0000047475
127 0.0000046956
128 0.0000046447
129 0.0000045948
130 0.0000045457
131 0.0000044976
132 0.0000044503
133 0.0000044039
134 0.0000043583
135 0.0000043135
136 0.0000042695
137 0.0000042262
138 0.0000041837
139 0.0000041420
140 0.0000041009
141 0.0000040606
142 0.0000040209
143 0.0000039819
144 0.0000039435
145 0.0000039058
146 0.0000038687
147 0.0000038321
148 0.0000037962
149 0.0000037609
150 0.0000037261
151 0.0000036918
152 0.0000036581
153 0.0000036250
154 0.0000035923
155 0.0000035602
156 0.0000035285
157 0.0000034973
158 0.0000034666
159 0.0000034364
160 0.0000034066
161 0.0000033772
162 0.0000033483
163 0.0000033198
164 0.0000032917
165 0.0000032640
166 0.0000032367
167 0.0000032099
168 0.0000031833
169 0.0000031572
170 0.0000031314
171 0.0000031060
172 0.0000030810
173 0.0000030563
174 0.0000030319
175 0.0000030079
176 0.0000029842
177 0.0000029608
178 0.0000029377
179 0.0000029149
180 0.0000028925
181 0.0000028703
182 0.0000028484
183 0.0000028268
184 0.0000028055
185 0.0000027845
186 0.0000027637
187 0.0000027432
188 0.0000027230
189 0.0000027030
190 0.0000026833
191 0.0000026638
192 0.0000026445
193 0.0000026255
194 0.0000026067
195 0.0000025882
196 0.0000025699
197 0.0000025518
198 0.0000025339
199 0.0000025162
200 0.0000024988
201 0.0000024815
202 0.0000024645
203 0.0000024477
204 0.0000024310
205 0.0000024146
206 0.0000023983
207 0.0000023822
208 0.0000023663
209 0.0000023506
210 0.0000023351
211 0.0000023197
212 0.0000023046
213 0.0000022896
214 0.0000022747
215 0.0000022600
216 0.0000022455
217 0.0000022312
218 0.0000022170
219 0.0000022029
220 0.0000021890
221 0.0000021753
222 0.0000021617
223 0.0000021482
224 0.0000021349
225 0.0000021218
226 0.0000021088
227 0.0000020959
228 0.0000020831
229 0.0000020705
230 0.0000020580
231 0.0000020456
232 0.0000020334
233 0.0000020213
234 0.0000020093
235 0.0000019974
236 0.0000019857
237 0.0000019741
238 0.0000019626
239 0.0000019512
240 0.0000019399
241 0.0000019287
242 0.0000019177
243 0.0000019067
244 0.0000018959
245 0.0000018851
246 0.0000018745
247 0.0000018640
248 0.0000018535
249 0.0000018432
250 0.0000018330
251 0.0000018228
252 0.0000018128
253 0.0000018028
254 0.0000017930
255 0.0000017832
256 0.0000017735
257 0.0000017640
258 0.0000017545
259 0.0000017451
260 0.0000017358
261 0.0000017265
262 0.0000017174
263 0.0000017083
264 0.0000016993
265 0.0000016904
266 0.0000016816
267 0.0000016728
268 0.0000016642
269 0.0000016556
270 0.0000016471
271 0.0000016386
272 0.0000016302
273 0.0000016220
274 0.0000016137
275 0.0000016056
276 0.0000015975
277 0.0000015895
278 0.0000015815
279 0.0000015737
280 0.0000015658
281 0.0000015581
282 0.0000015504
283 0.0000015428
284 0.0000015353
285 0.0000015278
286 0.0000015203
287 0.0000015130
288 0.0000015057
289 0.0000014984
290 0.0000014912
291 0.0000014841
292 0.0000014770
293 0.0000014700
294 0.0000014631
295 0.0000014562
296 0.0000014493
297 0.0000014425
298 0.0000014358
299 0.0000014291
300 0.0000014225
301 0.0000014159
302 0.0000014094
303 0.0000014029
304 0.0000013965
305 0.0000013901
306 0.0000013838
307 0.0000013775
308 0.0000013713
309 0.0000013651
310 0.0000013590
311 0.0000013529
312 0.0000013468
313 0.0000013408
314 0.0000013349
315 0.0000013290
316 0.0000013231
317 0.0000013173
318 0.0000013115
319 0.0000013058
320 0.0000013001
321 0.0000012944
322 0.0000012888
323 0.0000012832
324 0.0000012777
325 0.0000012722
326 0.0000012667
327 0.0000012613
328 0.0000012560
329 0.0000012506
330 0.0000012453
331 0.0000012400
332 0.0000012348
333 0.0000012296
334 0.0000012245
335 0.0000012194
336 0.0000012143
337 0.0000012092
338 0.0000012042
339 0.0000011992
340 0.0000011943
341 0.0000011894
342 0.0000011845
343 0.0000011796
344 0.0000011748
345 0.0000011700
346 0.0000011653
347 0.0000011605
348 0.0000011558
349 0.0000011512
350 0.0000011465
351 0.0000011419
352 0.0000011374
353 0.0000011328
354 0.0000011283
355 0.0000011238
356 0.0000011193
357 0.0000011149
358 0.0000011105
359 0.0000011061
360 0.0000011017
361 0.0000010974
362 0.0000010931
363 0.0000010888
364 0.0000010845
365 0.0000010803
366 0.0000010761
367 0.0000010719
368 0.0000010677
369 0.0000010636
370 0.0000010594
371 0.0000010553
372 0.0000010513
373 0.0000010472
374 0.0000010431
375 0.0000010391
376 0.0000010351
377 0.0000010311
378 0.0000010271
379 0.0000010232
380 0.0000010192
381 0.0000010153
382 0.0000010114
383 0.0000010074
384 0.0000010035
385 0.0000009996
386 0.0000009958
387 0.0000009919
388 0.0000009880
389 0.0000009841
390 0.0000009803
391 0.0000009764
392 0.0000009725
393 0.0000009686
394 0.0000009648
395 0.0000009608
396 0.0000009569
397 0.0000009530
398 0.0000009490
399 0.0000009449
400 0.0000009409
401 0.0000009367
402 0.0000009325
403 0.0000009282
404 0.0000009238
405 0.0000009193
406 0.0000009146
407 0.0000009097
408 0.0000009045
409 0.0000008990
410 0.0000008930
411 0.0000008865
412 0.0000008792
413 0.0000008708
414 0.0000008610
415 0.0000008490
416 0.0000008336
417 0.0000008129
418 0.0000007787
419 0.0000006859
420 0.0000000000
