1 2000
0 0.9966793679
1 0.0010537459
2 0.0004283838
3 0.0002902515
4 0.0002077015
5 0.0001590231
6 0.0001272775
7 0.0001048162
8 0.0000881117
9 0.0000752558
10 0.0000650949
11 0.0000568892
12 0.0000501445
13 0.0000445191
14 0.0000397695
15 0.0000357171
16 0.0000322285
17 0.0000292015
18 0.0000265568
19 0.0000242321
20 0.0000221775
21 0.0000203527
22 0.0000187248
23 0.0000172668
24 0.0000159562
25 0.0000147741
26 0.0000137047
27 0.0000127345
28 0.0000118519
29 0.0000110472
30 0.0000103117
31 0.0000096382
32 0.0000090201
33 0.0000084518
34 0.0000079285
35 0.0000074457
36 0.0000069997
37 0.0000065870
38 0.0000062046
39 0.0000058498
40 0.0000055202
41 0.0000052137
42 0.0000049283
43 0.0000046622
44 0.0000044139
45 0.0000041820
46 0.0000039652
47 0.0000037623
48 0.0000035722
49 0.0000033940
50 0.0000032268
51 0.0000030698
52 0.0000029223
53 0.0000027835
54 0.0000026529
55 0.0000025299
56 0.0000024140
57 0.0000023047
58 0.0000022016
59 0.0000021042
60 0.0000020121
61 0.0000019251
62 0.0000018428
63 0.0000017649
64 0.0000016912
65 0.0000016213
66 0.0000015550
67 0.0000014921
68 0.0000014325
69 0.0000013759
70 0.0000013221
71 0.0000012710
72 0.0000012224
73 0.0000011761
74 0.0000011322
75 0.0000010903
76 0.0000010504
77 0.0000010124
78 0.0000009761
79 0.0000009416
80 0.0000009086
81 0.0000008771
82 0.0000008471
83 0.0000008184
84 0.0000007909
85 0.0000007647
86 0.0000007396
87 0.0000007157
88 0.0000006927
89 0.0000006707
90 0.0000006497
91 0.0000006295
92 0.0000006102
93 0.0000005917
94 0.0000005739
95 0.0000005569
96 0.0000005405
97 0.0000005248
98 0.0000005098
99 0.0000004953
100 0.0000004814
101 0.0000004680
102 0.0000004551
103 0.0000004428
104 0.0000004309
105 0.0000004194
106 0.0000004084
107 0.0000003978
108 0.0000003875
109 0.0000003777
110 0.0000003682
111 0.0000003590
112 0.0000003502
113 0.0000003417
114 0.0000003335
115 0.0000003255
116 0.0000003179
117 0.0000003104
118 0.0000003033
119 0.0000002964
120 0.0000002897
121 0.0000002833
122 0.0000002770
123 0.0000002710
124 0.0000002651
125 0.0000002595
126 0.0000002540
127 0.0000002487
128 0.0000002435
129 0.0000002386
130 0.0000002337
131 0.0000002290
132 0.0000002245
133 0.0000002201
134 0.0000002158
135 0.0000002117
136 0.0000002077
137 0.0000002038
138 0.0000002000
139 0.0000001963
140 0.0000001927
141 0.0000001892
142 0.0000001858
143 0.0000001826
144 0.0000001794
145 0.0000001763
146 0.0000001732
147 0.0000001703
148 0.0000001674
149 0.0000001646
150 0.0000001619
151 0.0000001593
152 0.0000001567
153 0.0000001542
154 0.0000001517
155 0.0000001493
156 0.0000001470
157 0.0000001447
158 0.0000001425
159 0.0000001403
160 0.0000001382
161 0.0000001362
162 0.0000001342
163 0.0000001322
164 0.0000001303
165 0.0000001284
166 0.0000001266
167 0.0000001248
168 0.0000001230
169 0.0000001213
170 0.0000001197
171 0.0000001180
172 0.0000001164
173 0.0000001149
174 0.0000001133
175 0.0000001118
176 0.0000001104
177 0.0000001089
178 0.0000001075
179 0.0000001061
180 0.0000001048
181 0.0000001035
182 0.0000001022
183 0.0000001009
184 0.0000000997
185 0.0000000985
186 0.0000000973
187 0.0000000961
188 0.0000000949
189 0.0000000938
190 0.0000000927
191 0.0000000916
192 0.0000000906
193 0.0000000895
194 0.0000000885
195 0.0000000875
196 0.0000000865
197 0.0000000855
198 0.0000000846
199 0.0000000836
200 0.0000000827
201 0.0000000818
202 0.0000000809
203 0.0000000800
204 0.0000000792
205 0.0000000783
206 0.0000000775
207 0.0000000767
208 0.0000000759
209 0.0000000751
210 0.0000000743
211 0.0000000736
212 0.0000000728
213 0.0000000721
214 0.0000000713
215 0.0000000706
216 0.0000000699
217 0.0000000692
218 0.0000000685
219 0.0000000679
220 0.0000000672
221 0.0000000666
222 0.0000000659
223 0.0000000653
224 0.0000000647
225 0.0000000641
226 0.0000000634
227 0.0000000629
228 0.0000000623
229 0.0000000617
230 0.0000000611
231 0.0000000606
232 0.0000000600
233 0.0000000595
234 0.0000000589
235 0.0000000584
236 0.0000000579
237 0.0000000573
238 0.0000000568
239 0.0000000563
240 0.0000000558
241 0.0000000554
242 0.0000000549
243 0.0000000544
244 0.0000000539
245 0.0000000535
246 0.0000000530
247 0.0000000526
248 0.0000000521
249 0.0000000517
250 0.0000000512
251 0.0000000508
252 0.0000000504
253 0.0000000500
254 0.0000000496
255 0.0000000491
256 0.0000000487
257 0.0000000483
258 0.0000000480
259 0.0000000476
260 0.0000000472
261 0.0000000468
262 0.0000000464
263 0.0000000461
264 0.0000000457
265 0.0000000453
266 0.0000000450
267 0.0000000446
268 0.0000000443
269 0.0000000439
270 0.0000000436
271 0.0000000433
272 0.0000000429
273 0.0000000426
274 0.0000000423
275 0.0000000420
276 0.0000000416
277 0.0000000413
278 0.0000000410
279 0.0000000407
280 0.0000000404
281 0.0000000401
282 0.0000000398
283 0.0000000395
284 0.0000000392
285 0.0000000389
286 0.0000000387
287 0.0000000384
288 0.0000000381
289 0.0000000378
290 0.0000000375
291 0.0000000373
292 0.0000000370
293 0.0000000367
294 0.0000000365
295 0.0000000362
296 0.0000000360
297 0.0000000357
298 0.0000000355
299 0.0000000352
300 0.0000000350
301 0.0000000347
302 0.0000000345
303 0.0000000343
304 0.0000000340
305 0.0000000338
306 0.0000000336
307 0.0000000333
308 0.0000000331
309 0.0000000329
310 0.0000000327
311 0.0000000324
312 0.0000000322
313 0.0000000320
314 0.0000000318
315 0.0000000316
316 0.0000000314
317 0.0000000312
318 0.0000000310
319 0.0000000308
320 0.0000000306
321 0.0000000304
322 0.0000000302
323 0.0000000300
324 0.0000000298
325 0.0000000296
326 0.0000000294
327 0.0000000292
328 0.0000000290
329 0.0000000288
330 0.0000000287
331 0.0000000285
332 0.0000000283
333 0.0000000281
334 0.0000000279
335 0.0000000278
336 0.0000000276
337 0.0000000274
338 0.0000000273
339 0.0000000271
340 0.0000000269
341 0.0000000268
342 0.0000000266
343 0.0000000264
344 0.0000000263
345 0.0000000261
346 0.0000000260
347 0.0000000258
348 0.0000000256
349 0.0000000255
350 0.0000000253
351 0.0000000252
352 0.0000000250
353 0.0000000249
354 0.0000000247
355 0.0000000246
356 0.0000000244
357 0.0000000243
358 0.0000000242
359 0.0000000240
360 0.0000000239
361 0.0000000237
362 0.0000000236
363 0.0000000235
364 0.0000000233
365 0.0000000232
366 0.0000000231
367 0.0000000229
368 0.0000000228
369 0.0000000227
370 0.0000000225
371 0.0000000224
372 0.0000000223
373 0.0000000222
374 0.0000000220
375 0.0000000219
376 0.0000000218
377 0.0000000217
378 0.0000000215
379 0.0000000214
380 0.0000000213
381 0.0000000212
382 0.0000000211
383 0.0000000210
384 0.0000000208
385 0.0000000207
386 0.0000000206
387 0.0000000205
388 0.0000000204
389 0.0000000203
390 0.0000000202
391 0.0000000201
392 0.0000000199
393 0.0000000198
394 0.0000000197
395 0.0000000196
396 0.0000000195
397 0.0000000194
398 0.0000000193
399 0.0000000192
400 0.0000000191
401 0.0000000190
402 0.0000000189
403 0.0000000188
404 0.0000000187
405 0.0000000186
406 0.0000000185
407 0.0000000184
408 0.0000000183
409 0.0000000182
410 0.0000000181
411 0.0000000180
412 0.0000000179
413 0.0000000179
414 0.0000000178
415 0.0000000177
416 0.0000000176
417 0.0000000175
418 0.0000000174
419 0.0000000173
420 0.0000000172
421 0.0000000171
422 0.0000000171
423 0.0000000170
424 0.0000000169
425 0.0000000168
426 0.0000000167
427 0.0000000166
428 0.0000000166
429 0.0000000165
430 0.0000000164
431 0.0000000163
432 0.0000000162
433 0.0000000161
434 0.0000000161
435 0.0000000160
436 0.0000000159
437 0.0000000158
438 0.0000000158
439 0.0000000157
440 0.0000000156
441 0.0000000155
442 0.0000000155
443 0.0000000154
444 0.0000000153
445 0.0000000152
446 0.0000000152
447 0.0000000151
448 0.0000000150
449 0.0000000149
450 0.0000000149
451 0.0000000148
452 0.0000000147
453 0.0000000147
454 0.0000000146
455 0.0000000145
456 0.0000000145
457 0.0000000144
458 0.0000000143
459 0.0000000143
460 0.0000000142
461 0.0000000141
462 0.0000000141
463 0.0000000140
464 0.0000000139
465 0.0000000139
466 0.0000000138
467 0.0000000137
468 0.0000000137
469 0.0000000136
470 0.0000000135
471 0.0000000135
472 0.0000000134
473 0.0000000134
474 0.0000000133
475 0.0000000132
476 0.0000000132
477 0.0000000131
478 0.0000000131
479 0.0000000130
480 0.0000000130
481 0.0000000129
482 0.0000000128
483 0.0000000128
484 0.0000000127
485 0.0000000127
486 0.0000000126
487 0.0000000126
488 0.0000000125
489 0.0000000124
490 0.0000000124
491 0.0000000123
492 0.0000000123
493 0.0000000122
494 0.0000000122
495 0.0000000121
496 0.0000000121
497 0.0000000120
498 0.0000000120
499 0.0000000119
500 0.0000000119
501 0.0000000118
502 0.0000000118
503 0.0000000117
504 0.0000000117
505 0.0000000116
506 0.0000000116
507 0.0000000115
508 0.0000000115
509 0.0000000114
510 0.0000000114
511 0.0000000113
512 0.0000000113
513 0.0000000112
514 0.0000000112
515 0.0000000111
516 0.0000000111
517 0.0000000110
518 0.0000000110
519 0.0000000109
520 0.0000000109
521 0.0000000109
522 0.0000000108
523 0.0000000108
524 0.0000000107
525 0.0000000107
526 0.0000000106
527 0.0000000106
528 0.0000000105
529 0.0000000105
530 0.0000000105
531 0.0000000104
532 0.0000000104
533 0.0000000103
534 0.0000000103
535 0.0000000102
536 0.0000000102
537 0.0000000102
538 0.0000000101
539 0.0000000101
540 0.0000000100
541 0.0000000100
542 0.0000000100
543 0.0000000099
544 0.0000000099
545 0.0000000098
546 0.0000000098
547 0.0000000098
548 0.0000000097
549 0.0000000097
550 0.0000000097
551 0.0000000096
552 0.0000000096
553 0.0000000095
554 0.0000000095
555 0.0000000095
556 0.0000000094
557 0.0000000094
558 0.0000000094
559 0.0000000093
560 0.0000000093
561 0.0000000092
562 0.0000000092
563 0.0000000092
564 0.0000000091
565 0.0000000091
566 0.0000000091
567 0.0000000090
568 0.0000000090
569 0.0000000090
570 0.0000000089
571 0.0000000089
572 0.0000000089
573 0.0000000088
574 0.0000000088
575 0.0000000088
576 0.0000000087
577 0.0000000087
578 0.0000000087
579 0.0000000086
580 0.0000000086
581 0.0000000086
582 0.0000000085
583 0.0000000085
584 0.0000000085
585 0.0000000084
586 0.0000000084
587 0.0000000084
588 0.0000000083
589 0.0000000083
590 0.0000000083
591 0.0000000083
592 0.0000000082
593 0.0000000082
594 0.0000000082
595 0.0000000081
596 0.0000000081
597 0.0000000081
598 0.0000000080
599 0.0000000080
600 0.0000000080
601 0.0000000080
602 0.0000000079
603 0.0000000079
604 0.0000000079
605 0.0000000078
606 0.0000000078
607 0.0000000078
608 0.0000000078
609 0.0000000077
610 0.0000000077
611 0.0000000077
612 0.0000000077
613 0.0000000076
614 0.0000000076
615 0.0000000076
616 0.0000000075
617 0.0000000075
618 0.0000000075
619 0.0000000075
620 0.0000000074
621 0.0000000074
622 0.0000000074
623 0.0000000074
624 0.0000000073
625 0.0000000073
626 0.0000000073
627 0.0000000073
628 0.0000000072
629 0.0000000072
630 0.0000000072
631 0.0000000072
632 0.0000000071
633 0.0000000071
634 0.0000000071
635 0.0000000071
636 0.0000000070
637 0.0000000070
638 0.0000000070
639 0.0000000070
640 0.0000000069
641 0.0000000069
642 0.0000000069
643 0.0000000069
644 0.0000000068
645 0.0000000068
646 0.0000000068
647 0.0000000068
648 0.0000000068
649 0.0000000067
650 0.0000000067
651 0.0000000067
652 0.0000000067
653 0.0000000066
654 0.0000000066
655 0.0000000066
656 0.0000000066
657 0.0000000066
658 0.0000000065
659 0.0000000065
660 0.0000000065
661 0.0000000065
662 0.0000000064
663 0.0000000064
664 0.0000000064
665 0.0000000064
666 0.0000000064
667 0.0000000063
668 0.0000000063
669 0.0000000063
670 0.0000000063
671 0.0000000063
672 0.0000000062
673 0.0000000062
674 0.0000000062
675 0.0000000062
676 0.0000000062
677 0.0000000061
678 0.0000000061
679 0.0000000061
680 0.0000000061
681 0.0000000061
682 0.0000000060
683 0.0000000060
684 0.0000000060
685 0.0000000060
686 0.0000000060
687 0.0000000059
688 0.0000000059
689 0.0000000059
690 0.0000000059
691 0.0000000059
692 0.0000000058
693 0.0000000058
694 0.0000000058
695 0.0000000058
696 0.0000000058
697 0.0000000058
698 0.0000000057
699 0.0000000057
700 0.0000000057
701 0.0000000057
702 0.0000000057
703 0.0000000056
704 0.0000000056
705 0.0000000056
706 0.0000000056
707 0.0000000056
708 0.0000000056
709 0.0000000055
710 0.0000000055
711 0.0000000055
712 0.0000000055
713 0.0000000055
714 0.0000000055
715 0.0000000054
716 0.0000000054
717 0.0000000054
718 0.0000000054
719 0.0000000054
720 0.0000000054
721 0.0000000053
722 0.0000000053
723 0.0000000053
724 0.0000000053
725 0.0000000053
726 0.0000000053
727 0.0000000052
728 0.0000000052
729 0.0000000052
730 0.0000000052
731 0.0000000052
732 0.0000000052
733 0.0000000052
734 0.0000000051
735 0.0000000051
736 0.0000000051
737 0.0000000051
738 0.0000000051
739 0.0000000051
740 0.0000000050
741 0.0000000050
742 0.0000000050
743 0.0000000050
744 0.0000000050
745 0.0000000050
746 0.0000000050
747 0.0000000049
748 0.0000000049
749 0.0000000049
750 0.0000000049
751 0.0000000049
752 0.0000000049
753 0.0000000049
754 0.0000000048
755 0.0000000048
756 0.0000000048
757 0.0000000048
758 0.0000000048
759 0.0000000048
760 0.0000000048
761 0.0000000047
762 0.0000000047
763 0.0000000047
764 0.0000000047
765 0.0000000047
766 0.0000000047
767 0.0000000047
768 0.0000000046
769 0.0000000046
770 0.0000000046
771 0.0000000046
772 0.0000000046
773 0.0000000046
774 0.0000000046
775 0.0000000046
776 0.0000000045
777 0.0000000045
778 0.0000000045
779 0.0000000045
780 0.0000000045
781 0.0000000045
782 0.0000000045
783 0.0000000045
784 0.0000000044
785 0.0000000044
786 0.0000000044
787 0.0000000044
788 0.0000000044
789 0.0000000044
790 0.0000000044
791 0.0000000044
792 0.0000000043
793 0.0000000043
794 0.0000000043
795 0.0000000043
796 0.0000000043
797 0.0000000043
798 0.0000000043
799 0.0000000043
800 0.0000000042
801 0.0000000042
802 0.0000000042
803 0.0000000042
804 0.0000000042
805 0.0000000042
806 0.0000000042
807 0.0000000042
808 0.0000000042
809 0.0000000041
810 0.0000000041
811 0.0000000041
812 0.0000000041
813 0.0000000041
814 0.0000000041
815 0.0000000041
816 0.0000000041
817 0.0000000041
818 0.0000000040
819 0.0000000040
820 0.0000000040
821 0.0000000040
822 0.0000000040
823 0.0000000040
824 0.0000000040
825 0.0000000040
826 0.0000000040
827 0.0000000039
828 0.0000000039
829 0.0000000039
830 0.0000000039
831 0.0000000039
832 0.0000000039
833 0.0000000039
834 0.0000000039
835 0.0000000039
836 0.0000000039
837 0.0000000038
838 0.0000000038
839 0.0000000038
840 0.0000000038
841 0.0000000038
842 0.0000000038
843 0.0000000038
844 0.0000000038
845 0.0000000038
846 0.0000000038
847 0.0000000037
848 0.0000000037
849 0.0000000037
850 0.0000000037
851 0.0000000037
852 0.0000000037
853 0.0000000037
854 0.0000000037
855 0.0000000037
856 0.0000000037
857 0.0000000036
858 0.0000000036
859 0.0000000036
860 0.0000000036
861 0.0000000036
862 0.0000000036
863 0.0000000036
864 0.0000000036
865 0.0000000036
866 0.0000000036
867 0.0000000036
868 0.0000000035
869 0.0000000035
870 0.0000000035
871 0.0000000035
872 0.0000000035
873 0.0000000035
874 0.0000000035
875 0.0000000035
876 0.0000000035
877 0.0000000035
878 0.0000000035
879 0.0000000034
880 0.0000000034
881 0.0000000034
882 0.0000000034
883 0.0000000034
884 0.0000000034
885 0.0000000034
886 0.0000000034
887 0.0000000034
888 0.0000000034
889 0.0000000034
890 0.0000000034
891 0.0000000033
892 0.0000000033
893 0.0000000033
894 0.0000000033
895 0.0000000033
896 0.0000000033
897 0.0000000033
898 0.0000000033
899 0.0000000033
900 0.0000000033
901 0.0000000033
902 0.0000000033
903 0.0000000032
904 0.0000000032
905 0.0000000032
906 0.0000000032
907 0.0000000032
908 0.0000000032
909 0.0000000032
910 0.0000000032
911 0.0000000032
912 0.0000000032
913 0.0000000032
914 0.0000000032
915 0.0000000032
916 0.0000000031
917 0.0000000031
918 0.0000000031
919 0.0000000031
920 0.0000000031
921 0.0000000031
922 0.0000000031
923 0.0000000031
924 0.0000000031
925 0.0000000031
926 0.0000000031
927 0.0000000031
928 0.0000000031
929 0.0000000031
930 0.0000000030
931 0.0000000030
932 0.0000000030
933 0.0000000030
934 0.0000000030
935 0.0000000030
936 0.0000000030
937 0.0000000030
938 0.0000000030
939 0.0000000030
940 0.0000000030
941 0.0000000030
942 0.0000000030
943 0.0000000030
944 0.0000000029
945 0.0000000029
946 0.0000000029
947 0.0000000029
948 0.0000000029
949 0.0000000029
950 0.0000000029
951 0.0000000029
952 0.0000000029
953 0.0000000029
954 0.0000000029
955 0.0000000029
956 0.0000000029
957 0.0000000029
958 0.0000000028
959 0.0000000028
960 0.0000000028
961 0.0000000028
962 0.0000000028
963 0.0000000028
964 0.0000000028
965 0.0000000028
966 0.0000000028
967 0.0000000028
968 0.0000000028
969 0.0000000028
970 0.0000000028
971 0.0000000028
972 0.0000000028
973 0.0000000028
974 0.0000000027
975 0.0000000027
976 0.0000000027
977 0.0000000027
978 0.0000000027
979 0.0000000027
980 0.0000000027
981 0.0000000027
982 0.0000000027
983 0.0000000027
984 0.0000000027
985 0.0000000027
986 0.0000000027
987 0.0000000027
988 0.0000000027
989 0.0000000027
990 0.0000000026
991 0.0000000026
992 0.0000000026
993 0.0000000026
994 0.0000000026
995 0.0000000026
996 0.0000000026
997 0.0000000026
998 0.0000000026
999 0.0000000026
1000 0.0000000026
1001 0.0000000026
1002 0.0000000026
1003 0.0000000026
1004 0.0000000026
1005 0.0000000026
1006 0.0000000026
1007 0.0000000025
1008 0.0000000025
1009 0.0000000025
1010 0.0000000025
1011 0.0000000025
1012 0.0000000025
1013 0.0000000025
1014 0.0000000025
1015 0.0000000025
1016 0.0000000025
1017 0.0000000025
1018 0.0000000025
1019 0.0000000025
1020 0.0000000025
1021 0.0000000025
1022 0.0000000025
1023 0.0000000025
1024 0.0000000025
1025 0.0000000025
1026 0.0000000024
1027 0.0000000024
1028 0.0000000024
1029 0.0000000024
1030 0.0000000024
1031 0.0000000024
1032 0.0000000024
1033 0.0000000024
1034 0.0000000024
1035 0.0000000024
1036 0.0000000024
1037 0.0000000024
1038 0.0000000024
1039 0.0000000024
1040 0.0000000024
1041 0.0000000024
1042 0.0000000024
1043 0.0000000024
1044 0.0000000024
1045 0.0000000023
1046 0.0000000023
1047 0.0000000023
1048 0.0000000023
1049 0.0000000023
1050 0.0000000023
1051 0.0000000023
1052 0.0000000023
1053 0.0000000023
1054 0.0000000023
1055 0.0000000023
1056 0.0000000023
1057 0.0000000023
1058 0.0000000023
1059 0.0000000023
1060 0.0000000023
1061 0.0000000023
1062 0.0000000023
1063 0.0000000023
1064 0.0000000023
1065 0.0000000023
1066 0.0000000022
1067 0.0000000022
1068 0.0000000022
1069 0.0000000022
1070 0.0000000022
1071 0.0000000022
1072 0.0000000022
1073 0.0000000022
1074 0.0000000022
1075 0.0000000022
1076 0.0000000022
1077 0.0000000022
1078 0.0000000022
1079 0.0000000022
1080 0.0000000022
1081 0.0000000022
1082 0.0000000022
1083 0.0000000022
1084 0.0000000022
1085 0.0000000022
1086 0.0000000022
1087 0.0000000022
1088 0.0000000021
1089 0.0000000021
1090 0.0000000021
1091 0.0000000021
1092 0.0000000021
1093 0.0000000021
1094 0.0000000021
1095 0.0000000021
1096 0.0000000021
1097 0.0000000021
1098 0.0000000021
1099 0.0000000021
1100 0.0000000021
1101 0.0000000021
1102 0.0000000021
1103 0.0000000021
1104 0.0000000021
1105 0.0000000021
1106 0.0000000021
1107 0.0000000021
1108 0.0000000021
1109 0.0000000021
1110 0.0000000021
1111 0.0000000020
1112 0.0000000020
1113 0.0000000020
1114 0.0000000020
1115 0.0000000020
1116 0.0000000020
1117 0.0000000020
1118 0.0000000020
1119 0.0000000020
1120 0.0000000020
1121 0.0000000020
1122 0.0000000020
1123 0.0000000020
1124 0.0000000020
1125 0.0000000020
1126 0.0000000020
1127 0.0000000020
1128 0.0000000020
1129 0.0000000020
1130 0.0000000020
1131 0.0000000020
1132 0.0000000020
1133 0.0000000020
1134 0.0000000020
1135 0.0000000020
1136 0.0000000019
1137 0.0000000019
1138 0.0000000019
1139 0.0000000019
1140 0.0000000019
1141 0.0000000019
1142 0.0000000019
1143 0.0000000019
1144 0.0000000019
1145 0.0000000019
1146 0.0000000019
1147 0.0000000019
1148 0.0000000019
1149 0.0000000019
1150 0.0000000019
1151 0.0000000019
1152 0.0000000019
1153 0.0000000019
1154 0.0000000019
1155 0.0000000019
1156 0.0000000019
1157 0.0000000019
1158 0.0000000019
1159 0.0000000019
1160 0.0000000019
1161 0.0000000019
1162 0.0000000019
1163 0.0000000018
1164 0.0000000018
1165 0.0000000018
1166 0.0000000018
1167 0.0000000018
1168 0.0000000018
1169 0.0000000018
1170 0.0000000018
1171 0.0000000018
1172 0.0000000018
1173 0.0000000018
1174 0.0000000018
1175 0.0000000018
1176 0.0000000018
1177 0.0000000018
1178 0.0000000018
1179 0.0000000018
1180 0.0000000018
1181 0.0000000018
1182 0.0000000018
1183 0.0000000018
1184 0.0000000018
1185 0.0000000018
1186 0.0000000018
1187 0.0000000018
1188 0.0000000018
1189 0.0000000018
1190 0.0000000018
1191 0.0000000018
1192 0.0000000018
1193 0.0000000017
1194 0.0000000017
1195 0.0000000017
1196 0.0000000017
1197 0.0000000017
1198 0.0000000017
1199 0.0000000017
1200 0.0000000017
1201 0.0000000017
1202 0.0000000017
1203 0.0000000017
1204 0.0000000017
1205 0.0000000017
1206 0.0000000017
1207 0.0000000017
1208 0.0000000017
1209 0.0000000017
1210 0.0000000017
1211 0.0000000017
1212 0.0000000017
1213 0.0000000017
1214 0.0000000017
1215 0.0000000017
1216 0.0000000017
1217 0.0000000017
1218 0.0000000017
1219 0.0000000017
1220 0.0000000017
1221 0.0000000017
1222 0.0000000017
1223 0.0000000017
1224 0.0000000016
1225 0.0000000016
1226 0.0000000016
1227 0.0000000016
1228 0.0000000016
1229 0.0000000016
1230 0.0000000016
1231 0.0000000016
1232 0.0000000016
1233 0.0000000016
1234 0.0000000016
1235 0.0000000016
1236 0.0000000016
1237 0.0000000016
1238 0.0000000016
1239 0.0000000016
1240 0.0000000016
1241 0.0000000016
1242 0.0000000016
1243 0.0000000016
1244 0.0000000016
1245 0.0000000016
1246 0.0000000016
1247 0.0000000016
1248 0.0000000016
1249 0.0000000016
1250 0.0000000016
1251 0.0000000016
1252 0.0000000016
1253 0.0000000016
1254 0.0000000016
1255 0.0000000016
1256 0.0000000016
1257 0.0000000016
1258 0.0000000016
1259 0.0000000015
1260 0.0000000015
1261 0.0000000015
1262 0.0000000015
1263 0.0000000015
1264 0.0000000015
1265 0.0000000015
1266 0.0000000015
1267 0.0000000015
1268 0.0000000015
1269 0.0000000015
1270 0.0000000015
1271 0.0000000015
1272 0.0000000015
1273 0.0000000015
1274 0.0000000015
1275 0.0000000015
1276 0.0000000015
1277 0.0000000015
1278 0.0000000015
1279 0.0000000015
1280 0.0000000015
1281 0.0000000015
1282 0.0000000015
1283 0.0000000015
1284 0.0000000015
1285 0.0000000015
1286 0.0000000015
1287 0.0000000015
1288 0.0000000015
1289 0.0000000015
1290 0.0000000015
1291 0.0000000015
1292 0.0000000015
1293 0.0000000015
1294 0.0000000015
1295 0.0000000015
1296 0.0000000015
1297 0.0000000014
1298 0.0000000014
1299 0.0000000014
1300 0.0000000014
1301 0.0000000014
1302 0.0000000014
1303 0.0000000014
1304 0.0000000014
1305 0.0000000014
1306 0.0000000014
1307 0.0000000014
1308 0.0000000014
1309 0.0000000014
1310 0.0000000014
1311 0.0000000014
1312 0.0000000014
1313 0.0000000014
1314 0.0000000014
1315 0.0000000014
1316 0.0000000014
1317 0.0000000014
1318 0.0000000014
1319 0.0000000014
1320 0.0000000014
1321 0.0000000014
1322 0.0000000014
1323 0.0000000014
1324 0.0000000014
1325 0.0000000014
1326 0.0000000014
1327 0.0000000014
1328 0.0000000014
1329 0.0000000014
1330 0.0000000014
1331 0.0000000014
1332 0.0000000014
1333 0.0000000014
1334 0.0000000014
1335 0.0000000014
1336 0.0000000014
1337 0.0000000014
1338 0.0000000014
1339 0.0000000013
1340 0.0000000013
1341 0.0000000013
1342 0.0000000013
1343 0.0000000013
1344 0.0000000013
1345 0.0000000013
1346 0.0000000013
1347 0.0000000013
1348 0.0000000013
1349 0.0000000013
1350 0.0000000013
1351 0.0000000013
1352 0.0000000013
1353 0.0000000013
1354 0.0000000013
1355 0.0000000013
1356 0.0000000013
1357 0.0000000013
1358 0.0000000013
1359 0.0000000013
1360 0.0000000013
1361 0.0000000013
1362 0.0000000013
1363 0.0000000013
1364 0.0000000013
1365 0.0000000013
1366 0.0000000013
1367 0.0000000013
1368 0.0000000013
1369 0.0000000013
1370 0.0000000013
1371 0.0000000013
1372 0.0000000013
1373 0.0000000013
1374 0.0000000013
1375 0.0000000013
1376 0.0000000013
1377 0.0000000013
1378 0.0000000013
1379 0.0000000013
1380 0.0000000013
1381 0.0000000013
1382 0.0000000013
1383 0.0000000013
1384 0.0000000013
1385 0.0000000013
1386 0.0000000012
1387 0.0000000012
1388 0.0000000012
1389 0.0000000012
1390 0.0000000012
1391 0.0000000012
1392 0.0000000012
1393 0.0000000012
1394 0.0000000012
1395 0.0000000012
1396 0.0000000012
1397 0.0000000012
1398 0.0000000012
1399 0.0000000012
1400 0.0000000012
1401 0.0000000012
1402 0.0000000012
1403 0.0000000012
1404 0.0000000012
1405 0.0000000012
1406 0.0000000012
1407 0.0000000012
1408 0.0000000012
1409 0.0000000012
1410 0.0000000012
1411 0.0000000012
1412 0.0000000012
1413 0.0000000012
1414 0.0000000012
1415 0.0000000012
1416 0.0000000012
1417 0.0000000012
1418 0.0000000012
1419 0.0000000012
1420 0.0000000012
1421 0.0000000012
1422 0.0000000012
1423 0.0000000012
1424 0.0000000012
1425 0.0000000012
1426 0.0000000012
1427 0.0000000012
1428 0.0000000012
1429 0.0000000012
1430 0.0000000012
1431 0.0000000012
1432 0.0000000012
1433 0.0000000012
1434 0.0000000012
1435 0.0000000012
1436 0.0000000012
1437 0.0000000012
1438 0.0000000011
1439 0.0000000011
1440 0.0000000011
1441 0.0000000011
1442 0.0000000011
1443 0.0000000011
1444 0.0000000011
1445 0.0000000011
1446 0.0000000011
1447 0.0000000011
1448 0.0000000011
1449 0.0000000011
1450 0.0000000011
1451 0.0000000011
1452 0.0000000011
1453 0.0000000011
1454 0.0000000011
1455 0.0000000011
1456 0.0000000011
1457 0.0000000011
1458 0.0000000011
1459 0.0000000011
1460 0.0000000011
1461 0.0000000011
1462 0.0000000011
1463 0.0000000011
1464 0.0000000011
1465 0.0000000011
1466 0.0000000011
1467 0.0000000011
1468 0.0000000011
1469 0.0000000011
1470 0.0000000011
1471 0.0000000011
1472 0.0000000011
1473 0.0000000011
1474 0.0000000011
1475 0.0000000011
1476 0.0000000011
1477 0.0000000011
1478 0.0000000011
1479 0.0000000011
1480 0.0000000011
1481 0.0000000011
1482 0.0000000011
1483 0.0000000011
1484 0.0000000011
1485 0.0000000011
1486 0.0000000011
1487 0.0000000011
1488 0.0000000011
1489 0.0000000011
1490 0.0000000011
1491 0.0000000011
1492 0.0000000011
1493 0.0000000011
1494 0.0000000011
1495 0.0000000011
1496 0.0000000011
1497 0.0000000011
1498 0.0000000010
1499 0.0000000010
1500 0.0000000010
1501 0.0000000010
1502 0.0000000010
1503 0.0000000010
1504 0.0000000010
1505 0.0000000010
1506 0.0000000010
1507 0.0000000010
1508 0.0000000010
1509 0.0000000010
1510 0.0000000010
1511 0.0000000010
1512 0.0000000010
1513 0.0000000010
1514 0.0000000010
1515 0.0000000010
1516 0.0000000010
1517 0.0000000010
1518 0.0000000010
1519 0.0000000010
1520 0.0000000010
1521 0.0000000010
1522 0.0000000010
1523 0.0000000010
1524 0.0000000010
1525 0.0000000010
1526 0.0000000010
1527 0.0000000010
1528 0.0000000010
1529 0.0000000010
1530 0.0000000010
1531 0.0000000010
1532 0.0000000010
1533 0.0000000010
1534 0.0000000010
1535 0.0000000010
1536 0.0000000010
1537 0.0000000010
1538 0.0000000010
1539 0.0000000010
1540 0.0000000010
1541 0.0000000010
1542 0.0000000010
1543 0.0000000010
1544 0.0000000010
1545 0.0000000010
1546 0.0000000010
1547 0.0000000010
1548 0.0000000010
1549 0.0000000010
1550 0.0000000010
1551 0.0000000010
1552 0.0000000010
1553 0.0000000010
1554 0.0000000010
1555 0.0000000010
1556 0.0000000010
1557 0.0000000010
1558 0.0000000010
1559 0.0000000010
1560 0.0000000010
1561 0.0000000010
1562 0.0000000010
1563 0.0000000010
1564 0.0000000010
1565 0.0000000009
1566 0.0000000009
1567 0.0000000009
1568 0.0000000009
1569 0.0000000009
1570 0.0000000009
1571 0.0000000009
1572 0.0000000009
1573 0.0000000009
1574 0.0000000009
1575 0.0000000009
1576 0.0000000009
1577 0.0000000009
1578 0.0000000009
1579 0.0000000009
1580 0.0000000009
1581 0.0000000009
1582 0.0000000009
1583 0.0000000009
1584 0.0000000009
1585 0.0000000009
1586 0.0000000009
1587 0.0000000009
1588 0.0000000009
1589 0.0000000009
1590 0.0000000009
1591 0.0000000009
1592 0.0000000009
1593 0.0000000009
1594 0.0000000009
1595 0.0000000009
1596 0.0000000009
1597 0.0000000009
1598 0.0000000009
1599 0.0000000009
1600 0.0000000009
1601 0.0000000009
1602 0.0000000009
1603 0.0000000009
1604 0.0000000009
1605 0.0000000009
1606 0.0000000009
1607 0.0000000009
1608 0.0000000009
1609 0.0000000009
1610 0.0000000009
1611 0.0000000009
1612 0.0000000009
1613 0.0000000009
1614 0.0000000009
1615 0.0000000009
1616 0.0000000009
1617 0.0000000009
1618 0.0000000009
1619 0.0000000009
1620 0.0000000009
1621 0.0000000009
1622 0.0000000009
1623 0.0000000009
1624 0.0000000009
1625 0.0000000009
1626 0.0000000009
1627 0.0000000009
1628 0.0000000009
1629 0.0000000009
1630 0.0000000009
1631 0.0000000009
1632 0.0000000009
1633 0.0000000009
1634 0.0000000009
1635 0.0000000009
1636 0.0000000009
1637 0.0000000009
1638 0.0000000009
1639 0.0000000009
1640 0.0000000009
1641 0.0000000009
1642 0.0000000009
1643 0.0000000009
1644 0.0000000008
1645 0.0000000008
1646 0.0000000008
1647 0.0000000008
1648 0.0000000008
1649 0.0000000008
1650 0.0000000008
1651 0.0000000008
1652 0.0000000008
1653 0.0000000008
1654 0.0000000008
1655 0.0000000008
1656 0.0000000008
1657 0.0000000008
1658 0.0000000008
1659 0.0000000008
1660 0.0000000008
1661 0.0000000008
1662 0.0000000008
1663 0.0000000008
1664 0.0000000008
1665 0.0000000008
1666 0.0000000008
1667 0.0000000008
1668 0.0000000008
1669 0.0000000008
1670 0.0000000008
1671 0.0000000008
1672 0.0000000008
1673 0.0000000008
1674 0.0000000008
1675 0.0000000008
1676 0.0000000008
1677 0.0000000008
1678 0.0000000008
1679 0.0000000008
1680 0.0000000008
1681 0.0000000008
1682 0.0000000008
1683 0.0000000008
1684 0.0000000008
1685 0.0000000008
1686 0.0000000008
1687 0.0000000008
1688 0.0000000008
1689 0.0000000008
1690 0.0000000008
1691 0.0000000008
1692 0.0000000008
1693 0.0000000008
1694 0.0000000008
1695 0.0000000008
1696 0.0000000008
1697 0.0000000008
1698 0.0000000008
1699 0.0000000008
1700 0.0000000008
1701 0.0000000008
1702 0.0000000008
1703 0.0000000008
1704 0.0000000008
1705 0.0000000008
1706 0.0000000008
1707 0.0000000008
1708 0.0000000008
1709 0.0000000008
1710 0.0000000008
1711 0.0000000008
1712 0.0000000008
1713 0.0000000008
1714 0.0000000008
1715 0.0000000008
1716 0.0000000008
1717 0.0000000008
1718 0.0000000008
1719 0.0000000008
1720 0.0000000008
1721 0.0000000008
1722 0.0000000008
1723 0.0000000008
1724 0.0000000008
1725 0.0000000008
1726 0.0000000008
1727 0.0000000008
1728 0.0000000008
1729 0.0000000008
1730 0.0000000008
1731 0.0000000008
1732 0.0000000008
1733 0.0000000008
1734 0.0000000008
1735 0.0000000008
1736 0.0000000007
1737 0.0000000007
1738 0.0000000007
1739 0.0000000007
1740 0.0000000007
1741 0.0000000007
1742 0.0000000007
1743 0.0000000007
1744 0.0000000007
1745 0.0000000007
1746 0.0000000007
1747 0.0000000007
1748 0.0000000007
1749 0.0000000007
1750 0.0000000007
1751 0.0000000007
1752 0.0000000007
1753 0.0000000007
1754 0.0000000007
1755 0.0000000007
1756 0.0000000007
1757 0.0000000007
1758 0.0000000007
1759 0.0000000007
1760 0.0000000007
1761 0.0000000007
1762 0.0000000007
1763 0.0000000007
1764 0.0000000007
1765 0.0000000007
1766 0.0000000007
1767 0.0000000007
1768 0.0000000007
1769 0.0000000007
1770 0.0000000007
1771 0.0000000007
1772 0.0000000007
1773 0.0000000007
1774 0.0000000007
1775 0.0000000007
1776 0.0000000007
1777 0.0000000007
1778 0.0000000007
1779 0.0000000007
1780 0.0000000007
1781 0.0000000007
1782 0.0000000007
1783 0.0000000007
1784 0.0000000007
1785 0.0000000007
1786 0.0000000007
1787 0.0000000007
1788 0.0000000007
1789 0.0000000007
1790 0.0000000007
1791 0.0000000007
1792 0.0000000007
1793 0.0000000007
1794 0.0000000007
1795 0.0000000007
1796 0.0000000007
1797 0.0000000007
1798 0.0000000007
1799 0.0000000007
1800 0.0000000007
1801 0.0000000007
1802 0.0000000007
1803 0.0000000007
1804 0.0000000007
1805 0.0000000007
1806 0.0000000007
1807 0.0000000007
1808 0.0000000007
1809 0.0000000007
1810 0.0000000007
1811 0.0000000007
1812 0.0000000007
1813 0.0000000007
1814 0.0000000007
1815 0.0000000007
1816 0.0000000007
1817 0.0000000007
1818 0.0000000007
1819 0.0000000007
1820 0.0000000007
1821 0.0000000007
1822 0.0000000007
1823 0.0000000007
1824 0.0000000007
1825 0.0000000007
1826 0.0000000007
1827 0.0000000007
1828 0.0000000007
1829 0.0000000007
1830 0.0000000007
1831 0.0000000007
1832 0.0000000007
1833 0.0000000007
1834 0.0000000007
1835 0.0000000007
1836 0.0000000007
1837 0.0000000007
1838 0.0000000007
1839 0.0000000007
1840 0.0000000007
1841 0.0000000007
1842 0.0000000007
1843 0.0000000007
1844 0.0000000007
1845 0.0000000006
1846 0.0000000006
1847 0.0000000006
1848 0.0000000006
1849 0.0000000006
1850 0.0000000006
1851 0.0000000006
1852 0.0000000006
1853 0.0000000006
1854 0.0000000006
1855 0.0000000006
1856 0.0000000006
1857 0.0000000006
1858 0.0000000006
1859 0.0000000006
1860 0.0000000006
1861 0.0000000006
1862 0.0000000006
1863 0.0000000006
1864 0.0000000006
1865 0.0000000006
1866 0.0000000006
1867 0.0000000006
1868 0.0000000006
1869 0.0000000006
1870 0.0000000006
1871 0.0000000006
1872 0.0000000006
1873 0.0000000006
1874 0.0000000006
1875 0.0000000006
1876 0.0000000006
1877 0.0000000006
1878 0.0000000006
1879 0.0000000006
1880 0.0000000006
1881 0.0000000006
1882 0.0000000006
1883 0.0000000006
1884 0.0000000006
1885 0.0000000006
1886 0.0000000006
1887 0.0000000006
1888 0.0000000006
1889 0.0000000006
1890 0.0000000006
1891 0.0000000006
1892 0.0000000006
1893 0.0000000006
1894 0.0000000006
1895 0.0000000006
1896 0.0000000006
1897 0.0000000006
1898 0.0000000006
1899 0.0000000006
1900 0.0000000006
1901 0.0000000006
1902 0.0000000006
1903 0.0000000006
1904 0.0000000006
1905 0.0000000006
1906 0.0000000006
1907 0.0000000006
1908 0.0000000006
1909 0.0000000006
1910 0.0000000006
1911 0.0000000006
1912 0.0000000006
1913 0.0000000006
1914 0.0000000006
1915 0.0000000006
1916 0.0000000006
1917 0.0000000006
1918 0.0000000006
1919 0.0000000006
1920 0.0000000006
1921 0.0000000006
1922 0.0000000006
1923 0.0000000006
1924 0.0000000006
1925 0.0000000006
1926 0.0000000006
1927 0.0000000006
1928 0.0000000006
1929 0.0000000006
1930 0.0000000006
1931 0.0000000006
1932 0.0000000006
1933 0.0000000006
1934 0.0000000006
1935 0.0000000006
1936 0.0000000006
1937 0.0000000006
1938 0.0000000006
1939 0.0000000006
1940 0.0000000006
1941 0.0000000006
1942 0.0000000006
1943 0.0000000006
1944 0.0000000006
1945 0.0000000006
1946 0.0000000006
1947 0.0000000006
1948 0.0000000006
1949 0.0000000006
1950 0.0000000006
1951 0.0000000006
1952 0.0000000006
1953 0.0000000006
1954 0.0000000006
1955 0.0000000006
1956 0.0000000006
1957 0.0000000006
1958 0.0000000006
1959 0.0000000006
1960 0.0000000006
1961 0.0000000006
1962 0.0000000006
1963 0.0000000006
1964 0.0000000006
1965 0.0000000006
1966 0.0000000006
1967 0.0000000006
1968 0.0000000006
1969 0.0000000005
1970 0.0000000005
1971 0.0000000005
1972 0.0000000005
1973 0.0000000005
1974 0.0000000005
1975 0.0000000005
1976 0.0000000005
1977 0.0000000005
1978 0.0000000005
1979 0.0000000005
1980 0.0000000005
1981 0.0000000005
1982 0.0000000005
1983 0.0000000005
1984 0.0000000005
1985 0.0000000005
1986 0.0000000005
1987 0.0000000005
1988 0.0000000005
1989 0.0000000005
1990 0.0000000005
1991 0.0000000005
1992 0.0000000005
1993 0.0000000005
1994 0.0000000005
1995 0.0000000005
1996 0.0000000005
1997 0.0000000005
1998 0.0000000005
1999 0.0000000004
2000 0.0000000000
