0 744
0 0.9824869345
1 0.0041285313
2 0.0017241584
3 0.0011973562
4 0.0008787203
5 0.0006898426
6 0.0005659741
7 0.0004776802
8 0.0004114584
9 0.0003600265
10 0.0003189787
11 0.0002854848
12 0.0002576528
13 0.0002341733
14 0.0002141122
15 0.0001967848
16 0.0001816776
17 0.0001683980
18 0.0001566405
19 0.0001461640
20 0.0001367758
21 0.0001283195
22 0.0001206675
23 0.0001137142
24 0.0001073718
25 0.0001015663
26 0.0000962354
27 0.0000913257
28 0.0000867917
29 0.0000825941
30 0.0000786989
31 0.0000750763
32 0.0000717004
33 0.0000685485
34 0.0000656003
35 0.0000628382
36 0.0000602463
37 0.0000578105
38 0.0000555182
39 0.0000533581
40 0.0000513199
41 0.0000493946
42 0.0000475737
43 0.0000458499
44 0.0000442162
45 0.0000426664
46 0.0000411949
47 0.0000397963
48 0.0000384661
49 0.0000371998
50 0.0000359934
51 0.0000348433
52 0.0000337459
53 0.0000326982
54 0.0000316972
55 0.0000307403
56 0.0000298249
57 0.0000289487
58 0.0000281096
59 0.0000273055
60 0.0000265347
61 0.0000257952
62 0.0000250855
63 0.0000244041
64 0.0000237495
65 0.0000231203
66 0.0000225154
67 0.0000219336
68 0.0000213736
69 0.0000208346
70 0.0000203154
71 0.0000198152
72 0.0000193332
73 0.0000188684
74 0.0000184201
75 0.0000179875
76 0.0000175701
77 0.0000171670
78 0.0000167777
79 0.0000164017
80 0.0000160383
81 0.0000156870
82 0.0000153473
83 0.0000150187
84 0.0000147008
85 0.0000143932
86 0.0000140953
87 0.0000138070
88 0.0000135277
89 0.0000132571
90 0.0000129949
91 0.0000127407
92 0.0000124944
93 0.0000122554
94 0.0000120237
95 0.0000117988
96 0.0000115806
97 0.0000113688
98 0.0000111633
99 0.0000109636
100 0.0000107697
101 0.0000105813
102 0.0000103983
103 0.0000102204
104 0.0000100475
105 0.0000098794
106 0.0000097160
107 0.0000095570
108 0.0000094023
109 0.0000092518
110 0.0000091054
111 0.0000089628
112 0.0000088240
113 0.0000086889
114 0.0000085573
115 0.0000084292
116 0.0000083043
117 0.0000081826
118 0.0000080640
119 0.0000079484
120 0.0000078358
121 0.0000077259
122 0.0000076188
123 0.0000075143
124 0.0000074123
125 0.0000073129
126 0.0000072158
127 0.0000071211
128 0.0000070286
129 0.0000069383
130 0.0000068502
131 0.0000067641
132 0.0000066800
133 0.0000065978
134 0.0000065176
135 0.0000064391
136 0.0000063625
137 0.0000062875
138 0.0000062143
139 0.0000061426
140 0.0000060726
141 0.0000060041
142 0.0000059371
143 0.0000058715
144 0.0000058073
145 0.0000057446
146 0.0000056831
147 0.0000056229
148 0.0000055640
149 0.0000055064
150 0.0000054499
151 0.0000053946
152 0.0000053404
153 0.0000052873
154 0.0000052353
155 0.0000051843
156 0.0000051344
157 0.0000050854
158 0.0000050374
159 0.0000049903
160 0.0000049442
161 0.0000048989
162 0.0000048545
163 0.0000048109
164 0.0000047682
165 0.0000047262
166 0.0000046851
167 0.0000046447
168 0.0000046050
169 0.0000045661
170 0.0000045279
171 0.0000044903
172 0.0000044535
173 0.0000044173
174 0.0000043817
175 0.0000043467
176 0.0000043124
177 0.0000042786
178 0.0000042455
179 0.0000042129
180 0.0000041808
181 0.0000041493
182 0.0000041183
183 0.0000040878
184 0.0000040579
185 0.0000040284
186 0.0000039994
187 0.0000039708
188 0.0000039428
189 0.0000039151
190 0.0000038879
191 0.0000038612
192 0.0000038348
193 0.0000038089
194 0.0000037833
195 0.0000037582
196 0.0000037334
197 0.0000037090
198 0.0000036849
199 0.0000036613
200 0.0000036379
201 0.0000036149
202 0.0000035923
203 0.0000035699
204 0.0000035479
205 0.0000035262
206 0.0000035048
207 0.0000034838
208 0.0000034630
209 0.0000034424
210 0.0000034222
211 0.0000034022
212 0.0000033826
213 0.0000033631
214 0.0000033440
215 0.0000033251
216 0.0000033064
217 0.0000032880
218 0.0000032698
219 0.0000032519
220 0.0000032341
221 0.0000032167
222 0.0000031994
223 0.0000031823
224 0.0000031655
225 0.0000031489
226 0.0000031324
227 0.0000031162
228 0.0000031002
229 0.0000030843
230 0.0000030687
231 0.0000030532
232 0.0000030379
233 0.0000030228
234 0.0000030079
235 0.0000029931
236 0.0000029785
237 0.0000029641
238 0.0000029498
239 0.0000029357
240 0.0000029218
241 0.0000029080
242 0.0000028943
243 0.0000028808
244 0.0000028675
245 0.0000028543
246 0.0000028412
247 0.0000028283
248 0.0000028155
249 0.0000028028
250 0.0000027903
251 0.0000027779
252 0.0000027657
253 0.0000027535
254 0.0000027415
255 0.0000027296
256 0.0000027178
257 0.0000027062
258 0.0000026946
259 0.0000026832
260 0.0000026718
261 0.0000026606
262 0.0000026495
263 0.0000026385
264 0.0000026276
265 0.0000026168
266 0.0000026061
267 0.0000025955
268 0.0000025850
269 0.0000025746
270 0.0000025643
271 0.0000025541
272 0.0000025440
273 0.0000025340
274 0.0000025241
275 0.0000025142
276 0.0000025044
277 0.0000024948
278 0.0000024852
279 0.0000024757
280 0.0000024662
281 0.0000024569
282 0.0000024476
283 0.0000024384
284 0.0000024293
285 0.0000024203
286 0.0000024113
287 0.0000024024
288 0.0000023936
289 0.0000023848
290 0.0000023762
291 0.0000023676
292 0.0000023590
293 0.0000023506
294 0.0000023422
295 0.0000023338
296 0.0000023256
297 0.0000023174
298 0.0000023092
299 0.0000023012
300 0.0000022931
301 0.0000022852
302 0.0000022773
303 0.0000022695
304 0.0000022617
305 0.0000022540
306 0.0000022463
307 0.0000022387
308 0.0000022312
309 0.0000022237
310 0.0000022162
311 0.0000022088
312 0.0000022015
313 0.0000021942
314 0.0000021870
315 0.0000021798
316 0.0000021727
317 0.0000021657
318 0.0000021586
319 0.0000021517
320 0.0000021447
321 0.0000021379
322 0.0000021310
323 0.0000021242
324 0.0000021175
325 0.0000021108
326 0.0000021042
327 0.0000020976
328 0.0000020910
329 0.0000020845
330 0.0000020780
331 0.0000020716
332 0.0000020652
333 0.0000020589
334 0.0000020526
335 0.0000020463
336 0.0000020401
337 0.0000020339
338 0.0000020278
339 0.0000020217
340 0.0000020156
341 0.0000020096
342 0.0000020036
343 0.0000019976
344 0.0000019917
345 0.0000019858
346 0.0000019800
347 0.0000019742
348 0.0000019684
349 0.0000019627
350 0.0000019570
351 0.0000019513
352 0.0000019457
353 0.0000019401
354 0.0000019345
355 0.0000019290
356 0.0000019235
357 0.0000019181
358 0.0000019126
359 0.0000019072
360 0.0000019019
361 0.0000018965
362 0.0000018912
363 0.0000018860
364 0.0000018807
365 0.0000018755
366 0.0000018703
367 0.0000018652
368 0.0000018600
369 0.0000018549
370 0.0000018499
371 0.0000018448
372 0.0000018398
373 0.0000018348
374 0.0000018299
375 0.0000018250
376 0.0000018201
377 0.0000018152
378 0.0000018104
379 0.0000018055
380 0.0000018007
381 0.0000017960
382 0.0000017912
383 0.0000017865
384 0.0000017818
385 0.0000017772
386 0.0000017725
387 0.0000017679
388 0.0000017633
389 0.0000017588
390 0.0000017542
391 0.0000017497
392 0.0000017452
393 0.0000017407
394 0.0000017363
395 0.0000017319
396 0.0000017275
397 0.0000017231
398 0.0000017187
399 0.0000017144
400 0.0000017101
401 0.0000017058
402 0.0000017015
403 0.0000016973
404 0.0000016931
405 0.0000016889
406 0.0000016847
407 0.0000016805
408 0.0000016764
409 0.0000016723
410 0.0000016682
411 0.0000016641
412 0.0000016600
413 0.0000016560
414 0.0000016520
415 0.0000016480
416 0.0000016440
417 0.0000016400
418 0.0000016361
419 0.0000016322
420 0.0000016283
421 0.0000016244
422 0.0000016205
423 0.0000016167
424 0.0000016129
425 0.0000016090
426 0.0000016053
427 0.0000016015
428 0.0000015977
429 0.0000015940
430 0.0000015903
431 0.0000015866
432 0.0000015829
433 0.0000015792
434 0.0000015756
435 0.0000015719
436 0.0000015683
437 0.0000015647
438 0.0000015611
439 0.0000015576
440 0.0000015540
441 0.0000015505
442 0.0000015470
443 0.0000015435
444 0.0000015400
445 0.0000015365
446 0.0000015330
447 0.0000015296
448 0.0000015262
449 0.0000015228
450 0.0000015194
451 0.0000015160
452 0.0000015126
453 0.0000015093
454 0.0000015060
455 0.0000015027
456 0.0000014993
457 0.0000014961
458 0.0000014928
459 0.0000014895
460 0.0000014863
461 0.0000014831
462 0.0000014798
463 0.0000014766
464 0.0000014734
465 0.0000014703
466 0.0000014671
467 0.0000014640
468 0.0000014608
469 0.0000014577
470 0.0000014546
471 0.0000014515
472 0.0000014484
473 0.0000014454
474 0.0000014423
475 0.0000014393
476 0.0000014362
477 0.0000014332
478 0.0000014302
479 0.0000014272
480 0.0000014242
481 0.0000014213
482 0.0000014183
483 0.0000014154
484 0.0000014124
485 0.0000014095
486 0.0000014066
487 0.0000014037
488 0.0000014008
489 0.0000013980
490 0.0000013951
491 0.0000013923
492 0.0000013894
493 0.0000013866
494 0.0000013838
495 0.0000013810
496 0.0000013782
497 0.0000013754
498 0.0000013727
499 0.0000013699
500 0.0000013672
501 0.0000013644
502 0.0000013617
503 0.0000013590
504 0.0000013563
505 0.0000013536
506 0.0000013509
507 0.0000013483
508 0.0000013456
509 0.0000013430
510 0.0000013403
511 0.0000013377
512 0.0000013351
513 0.0000013325
514 0.0000013299
515 0.0000013273
516 0.0000013247
517 0.0000013221
518 0.0000013196
519 0.0000013170
520 0.0000013145
521 0.0000013120
522 0.0000013094
523 0.0000013069
524 0.0000013044
525 0.0000013020
526 0.0000012995
527 0.0000012970
528 0.0000012945
529 0.0000012921
530 0.0000012897
531 0.0000012872
532 0.0000012848
533 0.0000012824
534 0.0000012800
535 0.0000012776
536 0.0000012752
537 0.0000012728
538 0.0000012704
539 0.0000012681
540 0.0000012657
541 0.0000012634
542 0.0000012611
543 0.0000012587
544 0.0000012564
545 0.0000012541
546 0.0000012518
547 0.0000012495
548 0.0000012472
549 0.0000012449
550 0.0000012427
551 0.0000012404
552 0.0000012382
553 0.0000012359
554 0.0000012337
555 0.0000012315
556 0.0000012292
557 0.0000012270
558 0.0000012248
559 0.0000012226
560 0.0000012204
561 0.0000012183
562 0.0000012161
563 0.0000012139
564 0.0000012118
565 0.0000012096
566 0.0000012075
567 0.0000012053
568 0.0000012032
569 0.0000012011
570 0.0000011990
571 0.0000011969
572 0.0000011948
573 0.0000011927
574 0.0000011906
575 0.0000011885
576 0.0000011865
577 0.0000011844
578 0.0000011824
579 0.0000011803
580 0.0000011783
581 0.0000011762
582 0.0000011742
583 0.0000011722
584 0.0000011702
585 0.0000011682
586 0.0000011662
587 0.0000011642
588 0.0000011622
589 0.0000011602
590 0.0000011583
591 0.0000011563
592 0.0000011543
593 0.0000011524
594 0.0000011504
595 0.0000011485
596 0.0000011466
597 0.0000011446
598 0.0000011427
599 0.0000011408
600 0.0000011389
601 0.0000011370
602 0.0000011351
603 0.0000011332
604 0.0000011314
605 0.0000011295
606 0.0000011276
607 0.0000011257
608 0.0000011239
609 0.0000011220
610 0.0000011202
611 0.0000011184
612 0.0000011165
613 0.0000011147
614 0.0000011129
615 0.0000011111
616 0.0000011093
617 0.0000011075
618 0.0000011057
619 0.0000011039
620 0.0000011021
621 0.0000011003
622 0.0000010985
623 0.0000010968
624 0.0000010950
625 0.0000010932
626 0.0000010915
627 0.0000010897
628 0.0000010880
629 0.0000010863
630 0.0000010845
631 0.0000010828
632 0.0000010811
633 0.0000010794
634 0.0000010777
635 0.0000010760
636 0.0000010743
637 0.0000010726
638 0.0000010709
639 0.0000010692
640 0.0000010676
641 0.0000010659
642 0.0000010642
643 0.0000010626
644 0.0000010609
645 0.0000010593
646 0.0000010576
647 0.0000010560
648 0.0000010543
649 0.0000010527
650 0.0000010511
651 0.0000010495
652 0.0000010478
653 0.0000010462
654 0.0000010446
655 0.0000010430
656 0.0000010414
657 0.0000010398
658 0.0000010383
659 0.0000010367
660 0.0000010351
661 0.0000010335
662 0.0000010320
663 0.0000010304
664 0.0000010289
665 0.0000010273
666 0.0000010258
667 0.0000010242
668 0.0000010227
669 0.0000010211
670 0.0000010196
671 0.0000010181
672 0.0000010166
673 0.0000010150
674 0.0000010135
675 0.0000010120
676 0.0000010105
677 0.0000010090
678 0.0000010075
679 0.0000010060
680 0.0000010046
681 0.0000010031
682 0.0000010016
683 0.0000010001
684 0.0000009987
685 0.0000009972
686 0.0000009957
687 0.0000009943
688 0.0000009928
689 0.0000009914
690 0.0000009899
691 0.0000009885
692 0.0000009871
693 0.0000009856
694 0.0000009842
695 0.0000009828
696 0.0000009814
697 0.0000009800
698 0.0000009786
699 0.0000009771
700 0.0000009757
701 0.0000009743
702 0.0000009730
703 0.0000009716
704 0.0000009702
705 0.0000009688
706 0.0000009674
707 0.0000009660
708 0.0000009647
709 0.0000009633
710 0.0000009619
711 0.0000009606
712 0.0000009592
713 0.0000009579
714 0.0000009565
715 0.0000009552
716 0.0000009538
717 0.0000009525
718 0.0000009512
719 0.0000009498
720 0.0000009485
721 0.0000009472
722 0.0000009459
723 0.0000009446
724 0.0000009433
725 0.0000009420
726 0.0000009406
727 0.0000009393
728 0.0000009380
729 0.0000009368
730 0.0000009355
731 0.0000009342
732 0.0000009329
733 0.0000009316
734 0.0000009303
735 0.0000009291
736 0.0000009278
737 0.0000009265
738 0.0000009253
739 0.0000009240
740 0.0000009228
741 0.0000009215
742 0.0000009203
743 0.0000009190
744 0.0000009178
