1 262
0 0.9913948546
1 0.0035734315
2 0.0009292127
3 0.0005532500
4 0.0003625698
5 0.0002634576
6 0.0002048183
7 0.0001662471
8 0.0001391033
9 0.0001190772
10 0.0001037505
11 0.0000916701
12 0.0000819194
13 0.0000738947
14 0.0000671835
15 0.0000614946
16 0.0000566164
17 0.0000523916
18 0.0000487007
19 0.0000454514
20 0.0000425715
21 0.0000400031
22 0.0000377001
23 0.0000356245
24 0.0000337455
25 0.0000320372
26 0.0000304782
27 0.0000290504
28 0.0000277384
29 0.0000265293
30 0.0000254117
31 0.0000243760
32 0.0000234138
33 0.0000225179
34 0.0000216818
35 0.0000209000
36 0.0000201674
37 0.0000194799
38 0.0000188334
39 0.0000182246
40 0.0000176503
41 0.0000171079
42 0.0000165947
43 0.0000161087
44 0.0000156477
45 0.0000152099
46 0.0000147938
47 0.0000143977
48 0.0000140203
49 0.0000136605
50 0.0000133169
51 0.0000129886
52 0.0000126747
53 0.0000123742
54 0.0000120863
55 0.0000118102
56 0.0000115453
57 0.0000112910
58 0.0000110466
59 0.0000108116
60 0.0000105855
61 0.0000103677
62 0.0000101579
63 0.0000099557
64 0.0000097606
65 0.0000095723
66 0.0000093905
67 0.0000092148
68 0.0000090450
69 0.0000088807
70 0.0000087218
71 0.0000085679
72 0.0000084188
73 0.0000082744
74 0.0000081344
75 0.0000079986
76 0.0000078669
77 0.0000077390
78 0.0000076148
79 0.0000074942
80 0.0000073770
81 0.0000072631
82 0.0000071523
83 0.0000070445
84 0.0000069396
85 0.0000068375
86 0.0000067381
87 0.0000066413
88 0.0000065469
89 0.0000064550
90 0.0000063654
91 0.0000062779
92 0.0000061927
93 0.0000061095
94 0.0000060283
95 0.0000059490
96 0.0000058716
97 0.0000057960
98 0.0000057221
99 0.0000056500
100 0.0000055794
101 0.0000055104
102 0.0000054430
103 0.0000053770
104 0.0000053125
105 0.0000052493
106 0.0000051875
107 0.0000051270
108 0.0000050678
109 0.0000050097
110 0.0000049529
111 0.0000048972
112 0.0000048427
113 0.0000047892
114 0.0000047368
115 0.0000046854
116 0.0000046350
117 0.0000045856
118 0.0000045372
119 0.0000044896
120 0.0000044429
121 0.0000043972
122 0.0000043522
123 0.0000043081
124 0.0000042648
125 0.0000042222
126 0.0000041804
127 0.0000041394
128 0.0000040991
129 0.0000040595
130 0.0000040205
131 0.0000039823
132 0.0000039446
133 0.0000039077
134 0.0000038713
135 0.0000038356
136 0.0000038004
137 0.0000037658
138 0.0000037318
139 0.0000036984
140 0.0000036654
141 0.0000036330
142 0.0000036011
143 0.0000035697
144 0.0000035388
145 0.0000035084
146 0.0000034785
147 0.0000034490
148 0.0000034199
149 0.0000033913
150 0.0000033631
151 0.0000033354
152 0.0000033080
153 0.0000032811
154 0.0000032545
155 0.0000032283
156 0.0000032025
157 0.0000031771
158 0.0000031520
159 0.0000031273
160 0.0000031029
161 0.0000030789
162 0.0000030552
163 0.0000030318
164 0.0000030088
165 0.0000029860
166 0.0000029636
167 0.0000029415
168 0.0000029196
169 0.0000028981
170 0.0000028768
171 0.0000028558
172 0.0000028351
173 0.0000028147
174 0.0000027945
175 0.0000027745
176 0.0000027549
177 0.0000027354
178 0.0000027162
179 0.0000026973
180 0.0000026786
181 0.0000026601
182 0.0000026419
183 0.0000026238
184 0.0000026060
185 0.0000025884
186 0.0000025710
187 0.0000025538
188 0.0000025369
189 0.0000025201
190 0.0000025035
191 0.0000024871
192 0.0000024709
193 0.0000024549
194 0.0000024390
195 0.0000024234
196 0.0000024079
197 0.0000023926
198 0.0000023774
199 0.0000023625
200 0.0000023477
201 0.0000023330
202 0.0000023185
203 0.0000023042
204 0.0000022900
205 0.0000022760
206 0.0000022621
207 0.0000022484
208 0.0000022348
209 0.0000022213
210 0.0000022080
211 0.0000021948
212 0.0000021818
213 0.0000021688
214 0.0000021560
215 0.0000021434
216 0.0000021308
217 0.0000021184
218 0.0000021061
219 0.0000020939
220 0.0000020818
221 0.0000020699
222 0.0000020580
223 0.0000020463
224 0.0000020346
225 0.0000020231
226 0.0000020116
227 0.0000020003
228 0.0000019890
229 0.0000019778
230 0.0000019667
231 0.0000019557
232 0.0000019448
233 0.0000019339
234 0.0000019231
235 0.0000019124
236 0.0000019018
237 0.0000018911
238 0.0000018806
239 0.0000018701
240 0.0000018596
241 0.0000018491
242 0.0000018386
243 0.0000018282
244 0.0000018177
245 0.0000018072
246 0.0000017966
247 0.0000017859
248 0.0000017751
249 0.0000017641
250 0.0000017528
251 0.0000017412
252 0.0000017291
253 0.0000017164
254 0.0000017028
255 0.0000016879
256 0.0000016712
257 0.0000016513
258 0.0000016265
259 0.0000015928
260 0.0000015343
261 0.0000013594
262 0.0000000000
