1 990
0 0.9873461062
1 0.0037411639
2 0.0014819494
3 0.0009906141
4 0.0007023592
5 0.0005351130
6 0.0004276260
7 0.0003525271
8 0.0002972717
9 0.0002551292
10 0.0002220686
11 0.0001955287
12 0.0001738148
13 0.0001557654
14 0.0001405594
15 0.0001276009
16 0.0001164470
17 0.0001067621
18 0.0000982877
19 0.0000908214
20 0.0000842028
21 0.0000783029
22 0.0000730175
23 0.0000682608
24 0.0000639622
25 0.0000600627
26 0.0000565128
27 0.0000532707
28 0.0000503008
29 0.0000475727
30 0.0000450601
31 0.0000427406
32 0.0000405943
33 0.0000386042
34 0.0000367552
35 0.0000350340
36 0.0000334291
37 0.0000319300
38 0.0000305276
39 0.0000292137
40 0.0000279809
41 0.0000268227
42 0.0000257332
43 0.0000247070
44 0.0000237394
45 0.0000228259
46 0.0000219627
47 0.0000211462
48 0.0000203731
49 0.0000196403
50 0.0000189452
51 0.0000182853
52 0.0000176582
53 0.0000170619
54 0.0000164944
55 0.0000159539
56 0.0000154388
57 0.0000149476
58 0.0000144787
59 0.0000140310
60 0.0000136032
61 0.0000131942
62 0.0000128029
63 0.0000124283
64 0.0000120696
65 0.0000117258
66 0.0000113962
67 0.0000110801
68 0.0000107767
69 0.0000104854
70 0.0000102056
71 0.0000099368
72 0.0000096782
73 0.0000094296
74 0.0000091904
75 0.0000089600
76 0.0000087383
77 0.0000085246
78 0.0000083187
79 0.0000081202
80 0.0000079287
81 0.0000077440
82 0.0000075658
83 0.0000073937
84 0.0000072275
85 0.0000070670
86 0.0000069118
87 0.0000067618
88 0.0000066168
89 0.0000064765
90 0.0000063408
91 0.0000062095
92 0.0000060823
93 0.0000059592
94 0.0000058399
95 0.0000057244
96 0.0000056124
97 0.0000055039
98 0.0000053986
99 0.0000052965
100 0.0000051975
101 0.0000051014
102 0.0000050081
103 0.0000049176
104 0.0000048296
105 0.0000047442
106 0.0000046613
107 0.0000045807
108 0.0000045023
109 0.0000044261
110 0.0000043521
111 0.0000042801
112 0.0000042100
113 0.0000041418
114 0.0000040755
115 0.0000040109
116 0.0000039480
117 0.0000038868
118 0.0000038272
119 0.0000037691
120 0.0000037125
121 0.0000036574
122 0.0000036036
123 0.0000035512
124 0.0000035002
125 0.0000034503
126 0.0000034017
127 0.0000033543
128 0.0000033081
129 0.0000032629
130 0.0000032188
131 0.0000031758
132 0.0000031338
133 0.0000030928
134 0.0000030527
135 0.0000030136
136 0.0000029753
137 0.0000029379
138 0.0000029014
139 0.0000028657
140 0.0000028308
141 0.0000027966
142 0.0000027632
143 0.0000027306
144 0.0000026986
145 0.0000026673
146 0.0000026367
147 0.0000026068
148 0.0000025775
149 0.0000025487
150 0.0000025206
151 0.0000024931
152 0.0000024661
153 0.0000024397
154 0.0000024138
155 0.0000023885
156 0.0000023636
157 0.0000023392
158 0.0000023153
159 0.0000022919
160 0.0000022689
161 0.0000022464
162 0.0000022243
163 0.0000022026
164 0.0000021813
165 0.0000021605
166 0.0000021400
167 0.0000021199
168 0.0000021001
169 0.0000020808
170 0.0000020617
171 0.0000020430
172 0.0000020247
173 0.0000020067
174 0.0000019890
175 0.0000019715
176 0.0000019544
177 0.0000019376
178 0.0000019211
179 0.0000019049
180 0.0000018889
181 0.0000018732
182 0.0000018578
183 0.0000018426
184 0.0000018277
185 0.0000018130
186 0.0000017985
187 0.0000017843
188 0.0000017703
189 0.0000017565
190 0.0000017430
191 0.0000017296
192 0.0000017165
193 0.0000017036
194 0.0000016908
195 0.0000016783
196 0.0000016659
197 0.0000016537
198 0.0000016418
199 0.0000016299
200 0.0000016183
201 0.0000016068
202 0.0000015955
203 0.0000015844
204 0.0000015734
205 0.0000015626
206 0.0000015519
207 0.0000015414
208 0.0000015310
209 0.0000015208
210 0.0000015107
211 0.0000015007
212 0.0000014909
213 0.0000014812
214 0.0000014717
215 0.0000014622
216 0.0000014529
217 0.0000014437
218 0.0000014347
219 0.0000014257
220 0.0000014169
221 0.0000014082
222 0.0000013995
223 0.0000013910
224 0.0000013826
225 0.0000013743
226 0.0000013662
227 0.0000013581
228 0.0000013501
229 0.0000013422
230 0.0000013344
231 0.0000013267
232 0.0000013190
233 0.0000013115
234 0.0000013041
235 0.0000012967
236 0.0000012894
237 0.0000012823
238 0.0000012752
239 0.0000012681
240 0.0000012612
241 0.0000012543
242 0.0000012475
243 0.0000012408
244 0.0000012342
245 0.0000012276
246 0.0000012211
247 0.0000012147
248 0.0000012083
249 0.0000012020
250 0.0000011958
251 0.0000011896
252 0.0000011835
253 0.0000011775
254 0.0000011715
255 0.0000011656
256 0.0000011598
257 0.0000011540
258 0.0000011483
259 0.0000011426
260 0.0000011370
261 0.0000011314
262 0.0000011259
263 0.0000011205
264 0.0000011151
265 0.0000011097
266 0.0000011044
267 0.0000010992
268 0.0000010940
269 0.0000010888
270 0.0000010837
271 0.0000010787
272 0.0000010737
273 0.0000010687
274 0.0000010638
275 0.0000010590
276 0.0000010541
277 0.0000010494
278 0.0000010446
279 0.0000010399
280 0.0000010353
281 0.0000010307
282 0.0000010261
283 0.0000010216
284 0.0000010171
285 0.0000010126
286 0.0000010082
287 0.0000010039
288 0.0000009995
289 0.0000009952
290 0.0000009910
291 0.0000009867
292 0.0000009825
293 0.0000009784
294 0.0000009743
295 0.0000009702
296 0.0000009661
297 0.0000009621
298 0.0000009581
299 0.0000009541
300 0.0000009502
301 0.0000009463
302 0.0000009425
303 0.0000009386
304 0.0000009348
305 0.0000009311
306 0.0000009273
307 0.0000009236
308 0.0000009199
309 0.0000009163
310 0.0000009126
311 0.0000009090
312 0.0000009055
313 0.0000009019
314 0.0000008984
315 0.0000008949
316 0.0000008914
317 0.0000008880
318 0.0000008846
319 0.0000008812
320 0.0000008778
321 0.0000008745
322 0.0000008712
323 0.0000008679
324 0.0000008646
325 0.0000008614
326 0.0000008582
327 0.0000008550
328 0.0000008518
329 0.0000008486
330 0.0000008455
331 0.0000008424
332 0.0000008393
333 0.0000008362
334 0.0000008332
335 0.0000008302
336 0.0000008272
337 0.0000008242
338 0.0000008212
339 0.0000008183
340 0.0000008154
341 0.0000008125
342 0.0000008096
343 0.0000008067
344 0.0000008039
345 0.0000008011
346 0.0000007982
347 0.0000007955
348 0.0000007927
349 0.0000007899
350 0.0000007872
351 0.0000007845
352 0.0000007818
353 0.0000007791
354 0.0000007765
355 0.0000007738
356 0.0000007712
357 0.0000007686
358 0.0000007660
359 0.0000007634
360 0.0000007608
361 0.0000007583
362 0.0000007557
363 0.0000007532
364 0.0000007507
365 0.0000007482
366 0.0000007458
367 0.0000007433
368 0.0000007409
369 0.0000007385
370 0.0000007361
371 0.0000007337
372 0.0000007313
373 0.0000007289
374 0.0000007266
375 0.0000007242
376 0.0000007219
377 0.0000007196
378 0.0000007173
379 0.0000007150
380 0.0000007127
381 0.0000007105
382 0.0000007082
383 0.0000007060
384 0.0000007038
385 0.0000007016
386 0.0000006994
387 0.0000006972
388 0.0000006951
389 0.0000006929
390 0.0000006908
391 0.0000006886
392 0.0000006865
393 0.0000006844
394 0.0000006823
395 0.0000006802
396 0.0000006782
397 0.0000006761
398 0.0000006741
399 0.0000006720
400 0.0000006700
401 0.0000006680
402 0.0000006660
403 0.0000006640
404 0.0000006620
405 0.0000006601
406 0.0000006581
407 0.0000006562
408 0.0000006542
409 0.0000006523
410 0.0000006504
411 0.0000006485
412 0.0000006466
413 0.0000006447
414 0.0000006428
415 0.0000006410
416 0.0000006391
417 0.0000006373
418 0.0000006354
419 0.0000006336
420 0.0000006318
421 0.0000006300
422 0.0000006282
423 0.0000006264
424 0.0000006246
425 0.0000006228
426 0.0000006211
427 0.0000006193
428 0.0000006176
429 0.0000006159
430 0.0000006141
431 0.0000006124
432 0.0000006107
433 0.0000006090
434 0.0000006073
435 0.0000006056
436 0.0000006040
437 0.0000006023
438 0.0000006006
439 0.0000005990
440 0.0000005974
441 0.0000005957
442 0.0000005941
443 0.0000005925
444 0.0000005909
445 0.0000005893
446 0.0000005877
447 0.0000005861
448 0.0000005845
449 0.0000005830
450 0.0000005814
451 0.0000005799
452 0.0000005783
453 0.0000005768
454 0.0000005752
455 0.0000005737
456 0.0000005722
457 0.0000005707
458 0.0000005692
459 0.0000005677
460 0.0000005662
461 0.0000005647
462 0.0000005633
463 0.0000005618
464 0.0000005603
465 0.0000005589
466 0.0000005575
467 0.0000005560
468 0.0000005546
469 0.0000005532
470 0.0000005517
471 0.0000005503
472 0.0000005489
473 0.0000005475
474 0.0000005461
475 0.0000005448
476 0.0000005434
477 0.0000005420
478 0.0000005406
479 0.0000005393
480 0.0000005379
481 0.0000005366
482 0.0000005352
483 0.0000005339
484 0.0000005326
485 0.0000005312
486 0.0000005299
487 0.0000005286
488 0.0000005273
489 0.0000005260
490 0.0000005247
491 0.0000005234
492 0.0000005221
493 0.0000005209
494 0.0000005196
495 0.0000005183
496 0.0000005171
497 0.0000005158
498 0.0000005146
499 0.0000005133
500 0.0000005121
501 0.0000005108
502 0.0000005096
503 0.0000005084
504 0.0000005072
505 0.0000005060
506 0.0000005048
507 0.0000005036
508 0.0000005024
509 0.0000005012
510 0.0000005000
511 0.0000004988
512 0.0000004976
513 0.0000004965
514 0.0000004953
515 0.0000004941
516 0.0000004930
517 0.0000004918
518 0.0000004907
519 0.0000004895
520 0.0000004884
521 0.0000004873
522 0.0000004861
523 0.0000004850
524 0.0000004839
525 0.0000004828
526 0.0000004817
527 0.0000004806
528 0.0000004795
529 0.0000004784
530 0.0000004773
531 0.0000004762
532 0.0000004751
533 0.0000004741
534 0.0000004730
535 0.0000004719
536 0.0000004709
537 0.0000004698
538 0.0000004687
539 0.0000004677
540 0.0000004666
541 0.0000004656
542 0.0000004646
543 0.0000004635
544 0.0000004625
545 0.0000004615
546 0.0000004605
547 0.0000004594
548 0.0000004584
549 0.0000004574
550 0.0000004564
551 0.0000004554
552 0.0000004544
553 0.0000004534
554 0.0000004524
555 0.0000004514
556 0.0000004505
557 0.0000004495
558 0.0000004485
559 0.0000004475
560 0.0000004466
561 0.0000004456
562 0.0000004446
563 0.0000004437
564 0.0000004427
565 0.0000004418
566 0.0000004409
567 0.0000004399
568 0.0000004390
569 0.0000004380
570 0.0000004371
571 0.0000004362
572 0.0000004353
573 0.0000004343
574 0.0000004334
575 0.0000004325
576 0.0000004316
577 0.0000004307
578 0.0000004298
579 0.0000004289
580 0.0000004280
581 0.0000004271
582 0.0000004262
583 0.0000004253
584 0.0000004245
585 0.0000004236
586 0.0000004227
587 0.0000004218
588 0.0000004210
589 0.0000004201
590 0.0000004192
591 0.0000004184
592 0.0000004175
593 0.0000004167
594 0.0000004158
595 0.0000004150
596 0.0000004141
597 0.0000004133
598 0.0000004124
599 0.0000004116
600 0.0000004108
601 0.0000004100
602 0.0000004091
603 0.0000004083
604 0.0000004075
605 0.0000004067
606 0.0000004059
607 0.0000004050
608 0.0000004042
609 0.0000004034
610 0.0000004026
611 0.0000004018
612 0.0000004010
613 0.0000004002
614 0.0000003995
615 0.0000003987
616 0.0000003979
617 0.0000003971
618 0.0000003963
619 0.0000003955
620 0.0000003948
621 0.0000003940
622 0.0000003932
623 0.0000003925
624 0.0000003917
625 0.0000003909
626 0.0000003902
627 0.0000003894
628 0.0000003887
629 0.0000003879
630 0.0000003872
631 0.0000003864
632 0.0000003857
633 0.0000003849
634 0.0000003842
635 0.0000003835
636 0.0000003827
637 0.0000003820
638 0.0000003813
639 0.0000003806
640 0.0000003798
641 0.0000003791
642 0.0000003784
643 0.0000003777
644 0.0000003770
645 0.0000003763
646 0.0000003756
647 0.0000003749
648 0.0000003742
649 0.0000003735
650 0.0000003728
651 0.0000003721
652 0.0000003714
653 0.0000003707
654 0.0000003700
655 0.0000003693
656 0.0000003686
657 0.0000003679
658 0.0000003672
659 0.0000003666
660 0.0000003659
661 0.0000003652
662 0.0000003646
663 0.0000003639
664 0.0000003632
665 0.0000003626
666 0.0000003619
667 0.0000003612
668 0.0000003606
669 0.0000003599
670 0.0000003593
671 0.0000003586
672 0.0000003580
673 0.0000003573
674 0.0000003567
675 0.0000003560
676 0.0000003554
677 0.0000003547
678 0.0000003541
679 0.0000003535
680 0.0000003528
681 0.0000003522
682 0.0000003516
683 0.0000003510
684 0.0000003503
685 0.0000003497
686 0.0000003491
687 0.0000003485
688 0.0000003478
689 0.0000003472
690 0.0000003466
691 0.0000003460
692 0.0000003454
693 0.0000003448
694 0.0000003442
695 0.0000003436
696 0.0000003430
697 0.0000003424
698 0.0000003418
699 0.0000003412
700 0.0000003406
701 0.0000003400
702 0.0000003394
703 0.0000003388
704 0.0000003382
705 0.0000003376
706 0.0000003371
707 0.0000003365
708 0.0000003359
709 0.0000003353
710 0.0000003347
711 0.0000003342
712 0.0000003336
713 0.0000003330
714 0.0000003325
715 0.0000003319
716 0.0000003313
717 0.0000003308
718 0.0000003302
719 0.0000003296
720 0.0000003291
721 0.0000003285
722 0.0000003280
723 0.0000003274
724 0.0000003269
725 0.0000003263
726 0.0000003258
727 0.0000003252
728 0.0000003247
729 0.0000003241
730 0.0000003236
731 0.0000003230
732 0.0000003225
733 0.0000003220
734 0.0000003214
735 0.0000003209
736 0.0000003204
737 0.0000003198
738 0.0000003193
739 0.0000003188
740 0.0000003182
741 0.0000003177
742 0.0000003172
743 0.0000003167
744 0.0000003161
745 0.0000003156
746 0.0000003151
747 0.0000003146
748 0.0000003141
749 0.0000003136
750 0.0000003130
751 0.0000003125
752 0.0000003120
753 0.0000003115
754 0.0000003110
755 0.0000003105
756 0.0000003100
757 0.0000003095
758 0.0000003090
759 0.0000003085
760 0.0000003080
761 0.0000003075
762 0.0000003070
763 0.0000003065
764 0.0000003060
765 0.0000003055
766 0.0000003050
767 0.0000003046
768 0.0000003041
769 0.0000003036
770 0.0000003031
771 0.0000003026
772 0.0000003021
773 0.0000003017
774 0.0000003012
775 0.0000003007
776 0.0000003002
777 0.0000002997
778 0.0000002993
779 0.0000002988
780 0.0000002983
781 0.0000002979
782 0.0000002974
783 0.0000002969
784 0.0000002965
785 0.0000002960
786 0.0000002955
787 0.0000002951
788 0.0000002946
789 0.0000002941
790 0.0000002937
791 0.0000002932
792 0.0000002928
793 0.0000002923
794 0.0000002919
795 0.0000002914
796 0.0000002910
797 0.0000002905
798 0.0000002901
799 0.0000002896
800 0.0000002892
801 0.0000002887
802 0.0000002883
803 0.0000002878
804 0.0000002874
805 0.0000002870
806 0.0000002865
807 0.0000002861
808 0.0000002856
809 0.0000002852
810 0.0000002848
811 0.0000002843
812 0.0000002839
813 0.0000002835
814 0.0000002830
815 0.0000002826
816 0.0000002822
817 0.0000002817
818 0.0000002813
819 0.0000002809
820 0.0000002805
821 0.0000002800
822 0.0000002796
823 0.0000002792
824 0.0000002788
825 0.0000002784
826 0.0000002779
827 0.0000002775
828 0.0000002771
829 0.0000002767
830 0.0000002763
831 0.0000002759
832 0.0000002755
833 0.0000002751
834 0.0000002746
835 0.0000002742
836 0.0000002738
837 0.0000002734
838 0.0000002730
839 0.0000002726
840 0.0000002722
841 0.0000002718
842 0.0000002714
843 0.0000002710
844 0.0000002706
845 0.0000002702
846 0.0000002698
847 0.0000002694
848 0.0000002690
849 0.0000002686
850 0.0000002682
851 0.0000002678
852 0.0000002674
853 0.0000002670
854 0.0000002666
855 0.0000002663
856 0.0000002659
857 0.0000002655
858 0.0000002651
859 0.0000002647
860 0.0000002643
861 0.0000002639
862 0.0000002636
863 0.0000002632
864 0.0000002628
865 0.0000002624
866 0.0000002620
867 0.0000002616
868 0.0000002613
869 0.0000002609
870 0.0000002605
871 0.0000002601
872 0.0000002598
873 0.0000002594
874 0.0000002590
875 0.0000002586
876 0.0000002583
877 0.0000002579
878 0.0000002575
879 0.0000002572
880 0.0000002568
881 0.0000002564
882 0.0000002560
883 0.0000002557
884 0.0000002553
885 0.0000002549
886 0.0000002546
887 0.0000002542
888 0.0000002539
889 0.0000002535
890 0.0000002531
891 0.0000002528
892 0.0000002524
893 0.0000002520
894 0.0000002517
895 0.0000002513
896 0.0000002510
897 0.0000002506
898 0.0000002503
899 0.0000002499
900 0.0000002495
901 0.0000002492
902 0.0000002488
903 0.0000002485
904 0.0000002481
905 0.0000002478
906 0.0000002474
907 0.0000002471
908 0.0000002467
909 0.0000002464
910 0.0000002460
911 0.0000002457
912 0.0000002453
913 0.0000002450
914 0.0000002446
915 0.0000002443
916 0.0000002439
917 0.0000002436
918 0.0000002433
919 0.0000002429
920 0.0000002426
921 0.0000002422
922 0.0000002419
923 0.0000002415
924 0.0000002412
925 0.0000002409
926 0.0000002405
927 0.0000002402
928 0.0000002398
929 0.0000002395
930 0.0000002391
931 0.0000002388
932 0.0000002385
933 0.0000002381
934 0.0000002378
935 0.0000002374
936 0.0000002371
937 0.0000002368
938 0.0000002364
939 0.0000002361
940 0.0000002357
941 0.0000002354
942 0.0000002351
943 0.0000002347
944 0.0000002344
945 0.0000002341
946 0.0000002337
947 0.0000002334
948 0.0000002330
949 0.0000002327
950 0.0000002323
951 0.0000002320
952 0.0000002317
953 0.0000002313
954 0.0000002310
955 0.0000002306
956 0.0000002303
957 0.0000002299
958 0.0000002296
959 0.0000002292
960 0.0000002289
961 0.0000002285
962 0.0000002282
963 0.0000002278
964 0.0000002274
965 0.0000002271
966 0.0000002267
967 0.0000002263
968 0.0000002259
969 0.0000002255
970 0.0000002251
971 0.0000002247
972 0.0000002243
973 0.0000002239
974 0.0000002234
975 0.0000002230
976 0.0000002225
977 0.0000002220
978 0.0000002214
979 0.0000002208
980 0.0000002202
981 0.0000002195
982 0.0000002187
983 0.0000002177
984 0.0000002165
985 0.0000002150
986 0.0000002128
987 0.0000002096
988 0.0000002030
989 0.0000001809
990 0.0000000000
