1 1090
0 0.9834249188
1 0.0038554215
2 0.0016132774
3 0.0011211280
4 0.0008240009
5 0.0006479536
6 0.0005325299
7 0.0004502909
8 0.0003886385
9 0.0003407745
10 0.0003025866
11 0.0002714342
12 0.0002455527
13 0.0002237211
14 0.0002050684
15 0.0001889566
16 0.0001749072
17 0.0001625546
18 0.0001516144
19 0.0001418622
20 0.0001331185
21 0.0001252383
22 0.0001181028
23 0.0001116139
24 0.0001056901
25 0.0001002627
26 0.0000952740
27 0.0000906745
28 0.0000864219
29 0.0000824800
30 0.0000788171
31 0.0000754059
32 0.0000722223
33 0.0000692454
34 0.0000664565
35 0.0000638391
36 0.0000613788
37 0.0000590625
38 0.0000568786
39 0.0000548167
40 0.0000528673
41 0.0000510222
42 0.0000492735
43 0.0000476144
44 0.0000460386
45 0.0000445405
46 0.0000431147
47 0.0000417565
48 0.0000404616
49 0.0000392259
50 0.0000380458
51 0.0000369179
52 0.0000358390
53 0.0000348063
54 0.0000338171
55 0.0000328689
56 0.0000319595
57 0.0000310867
58 0.0000302485
59 0.0000294431
60 0.0000286688
61 0.0000279239
62 0.0000272071
63 0.0000265168
64 0.0000258517
65 0.0000252107
66 0.0000245926
67 0.0000239963
68 0.0000234207
69 0.0000228650
70 0.0000223282
71 0.0000218095
72 0.0000213080
73 0.0000208231
74 0.0000203539
75 0.0000198999
76 0.0000194604
77 0.0000190347
78 0.0000186223
79 0.0000182228
80 0.0000178354
81 0.0000174598
82 0.0000170956
83 0.0000167421
84 0.0000163992
85 0.0000160662
86 0.0000157429
87 0.0000154289
88 0.0000151239
89 0.0000148274
90 0.0000145393
91 0.0000142592
92 0.0000139868
93 0.0000137218
94 0.0000134641
95 0.0000132132
96 0.0000129691
97 0.0000127314
98 0.0000125000
99 0.0000122746
100 0.0000120551
101 0.0000118412
102 0.0000116328
103 0.0000114296
104 0.0000112316
105 0.0000110385
106 0.0000108502
107 0.0000106666
108 0.0000104874
109 0.0000103126
110 0.0000101421
111 0.0000099756
112 0.0000098131
113 0.0000096544
114 0.0000094995
115 0.0000093482
116 0.0000092004
117 0.0000090561
118 0.0000089150
119 0.0000087772
120 0.0000086425
121 0.0000085108
122 0.0000083821
123 0.0000082563
124 0.0000081333
125 0.0000080129
126 0.0000078952
127 0.0000077801
128 0.0000076675
129 0.0000075573
130 0.0000074494
131 0.0000073439
132 0.0000072406
133 0.0000071394
134 0.0000070404
135 0.0000069435
136 0.0000068485
137 0.0000067556
138 0.0000066645
139 0.0000065753
140 0.0000064879
141 0.0000064023
142 0.0000063184
143 0.0000062362
144 0.0000061556
145 0.0000060766
146 0.0000059992
147 0.0000059233
148 0.0000058489
149 0.0000057759
150 0.0000057043
151 0.0000056341
152 0.0000055653
153 0.0000054978
154 0.0000054315
155 0.0000053665
156 0.0000053028
157 0.0000052402
158 0.0000051788
159 0.0000051185
160 0.0000050593
161 0.0000050013
162 0.0000049443
163 0.0000048883
164 0.0000048333
165 0.0000047794
166 0.0000047264
167 0.0000046743
168 0.0000046232
169 0.0000045730
170 0.0000045236
171 0.0000044752
172 0.0000044276
173 0.0000043808
174 0.0000043348
175 0.0000042896
176 0.0000042452
177 0.0000042016
178 0.0000041587
179 0.0000041165
180 0.0000040750
181 0.0000040343
182 0.0000039942
183 0.0000039548
184 0.0000039160
185 0.0000038779
186 0.0000038404
187 0.0000038035
188 0.0000037673
189 0.0000037316
190 0.0000036965
191 0.0000036619
192 0.0000036280
193 0.0000035945
194 0.0000035616
195 0.0000035292
196 0.0000034974
197 0.0000034660
198 0.0000034351
199 0.0000034047
200 0.0000033748
201 0.0000033453
202 0.0000033163
203 0.0000032877
204 0.0000032596
205 0.0000032319
206 0.0000032046
207 0.0000031778
208 0.0000031513
209 0.0000031252
210 0.0000030996
211 0.0000030743
212 0.0000030493
213 0.0000030248
214 0.0000030006
215 0.0000029767
216 0.0000029532
217 0.0000029301
218 0.0000029072
219 0.0000028847
220 0.0000028626
221 0.0000028407
222 0.0000028192
223 0.0000027979
224 0.0000027770
225 0.0000027563
226 0.0000027359
227 0.0000027159
228 0.0000026961
229 0.0000026765
230 0.0000026573
231 0.0000026383
232 0.0000026195
233 0.0000026010
234 0.0000025828
235 0.0000025648
236 0.0000025470
237 0.0000025295
238 0.0000025122
239 0.0000024952
240 0.0000024784
241 0.0000024618
242 0.0000024454
243 0.0000024292
244 0.0000024132
245 0.0000023974
246 0.0000023819
247 0.0000023665
248 0.0000023513
249 0.0000023364
250 0.0000023216
251 0.0000023070
252 0.0000022926
253 0.0000022783
254 0.0000022643
255 0.0000022504
256 0.0000022367
257 0.0000022231
258 0.0000022097
259 0.0000021965
260 0.0000021834
261 0.0000021705
262 0.0000021578
263 0.0000021452
264 0.0000021327
265 0.0000021204
266 0.0000021083
267 0.0000020963
268 0.0000020844
269 0.0000020727
270 0.0000020611
271 0.0000020496
272 0.0000020383
273 0.0000020271
274 0.0000020160
275 0.0000020051
276 0.0000019942
277 0.0000019835
278 0.0000019729
279 0.0000019625
280 0.0000019521
281 0.0000019419
282 0.0000019318
283 0.0000019218
284 0.0000019119
285 0.0000019021
286 0.0000018924
287 0.0000018828
288 0.0000018733
289 0.0000018639
290 0.0000018546
291 0.0000018455
292 0.0000018364
293 0.0000018274
294 0.0000018185
295 0.0000018097
296 0.0000018010
297 0.0000017924
298 0.0000017838
299 0.0000017754
300 0.0000017670
301 0.0000017587
302 0.0000017505
303 0.0000017424
304 0.0000017344
305 0.0000017264
306 0.0000017186
307 0.0000017108
308 0.0000017031
309 0.0000016954
310 0.0000016878
311 0.0000016804
312 0.0000016729
313 0.0000016656
314 0.0000016583
315 0.0000016511
316 0.0000016439
317 0.0000016369
318 0.0000016299
319 0.0000016229
320 0.0000016160
321 0.0000016092
322 0.0000016025
323 0.0000015958
324 0.0000015891
325 0.0000015826
326 0.0000015761
327 0.0000015696
328 0.0000015632
329 0.0000015569
330 0.0000015506
331 0.0000015444
332 0.0000015382
333 0.0000015321
334 0.0000015260
335 0.0000015200
336 0.0000015141
337 0.0000015082
338 0.0000015023
339 0.0000014965
340 0.0000014907
341 0.0000014850
342 0.0000014794
343 0.0000014738
344 0.0000014682
345 0.0000014627
346 0.0000014572
347 0.0000014518
348 0.0000014464
349 0.0000014411
350 0.0000014358
351 0.0000014305
352 0.0000014253
353 0.0000014201
354 0.0000014150
355 0.0000014099
356 0.0000014049
357 0.0000013999
358 0.0000013949
359 0.0000013900
360 0.0000013851
361 0.0000013802
362 0.0000013754
363 0.0000013706
364 0.0000013659
365 0.0000013612
366 0.0000013565
367 0.0000013519
368 0.0000013473
369 0.0000013427
370 0.0000013382
371 0.0000013337
372 0.0000013292
373 0.0000013248
374 0.0000013204
375 0.0000013160
376 0.0000013117
377 0.0000013074
378 0.0000013031
379 0.0000012989
380 0.0000012947
381 0.0000012905
382 0.0000012863
383 0.0000012822
384 0.0000012781
385 0.0000012741
386 0.0000012700
387 0.0000012660
388 0.0000012620
389 0.0000012581
390 0.0000012541
391 0.0000012502
392 0.0000012464
393 0.0000012425
394 0.0000012387
395 0.0000012349
396 0.0000012311
397 0.0000012274
398 0.0000012237
399 0.0000012200
400 0.0000012163
401 0.0000012126
402 0.0000012090
403 0.0000012054
404 0.0000012018
405 0.0000011983
406 0.0000011948
407 0.0000011912
408 0.0000011878
409 0.0000011843
410 0.0000011809
411 0.0000011774
412 0.0000011740
413 0.0000011707
414 0.0000011673
415 0.0000011640
416 0.0000011606
417 0.0000011573
418 0.0000011541
419 0.0000011508
420 0.0000011476
421 0.0000011443
422 0.0000011411
423 0.0000011380
424 0.0000011348
425 0.0000011317
426 0.0000011285
427 0.0000011254
428 0.0000011223
429 0.0000011193
430 0.0000011162
431 0.0000011132
432 0.0000011102
433 0.0000011072
434 0.0000011042
435 0.0000011012
436 0.0000010983
437 0.0000010954
438 0.0000010924
439 0.0000010895
440 0.0000010867
441 0.0000010838
442 0.0000010810
443 0.0000010781
444 0.0000010753
445 0.0000010725
446 0.0000010697
447 0.0000010669
448 0.0000010642
449 0.0000010614
450 0.0000010587
451 0.0000010560
452 0.0000010533
453 0.0000010506
454 0.0000010479
455 0.0000010453
456 0.0000010426
457 0.0000010400
458 0.0000010374
459 0.0000010348
460 0.0000010322
461 0.0000010296
462 0.0000010271
463 0.0000010245
464 0.0000010220
465 0.0000010195
466 0.0000010170
467 0.0000010145
468 0.0000010120
469 0.0000010095
470 0.0000010071
471 0.0000010046
472 0.0000010022
473 0.0000009998
474 0.0000009974
475 0.0000009950
476 0.0000009926
477 0.0000009902
478 0.0000009879
479 0.0000009855
480 0.0000009832
481 0.0000009808
482 0.0000009785
483 0.0000009762
484 0.0000009739
485 0.0000009716
486 0.0000009694
487 0.0000009671
488 0.0000009649
489 0.0000009626
490 0.0000009604
491 0.0000009582
492 0.0000009560
493 0.0000009538
494 0.0000009516
495 0.0000009494
496 0.0000009472
497 0.0000009451
498 0.0000009429
499 0.0000009408
500 0.0000009387
501 0.0000009366
502 0.0000009344
503 0.0000009323
504 0.0000009303
505 0.0000009282
506 0.0000009261
507 0.0000009240
508 0.0000009220
509 0.0000009200
510 0.0000009179
511 0.0000009159
512 0.0000009139
513 0.0000009119
514 0.0000009099
515 0.0000009079
516 0.0000009059
517 0.0000009039
518 0.0000009020
519 0.0000009000
520 0.0000008981
521 0.0000008961
522 0.0000008942
523 0.0000008923
524 0.0000008904
525 0.0000008885
526 0.0000008866
527 0.0000008847
528 0.0000008828
529 0.0000008809
530 0.0000008791
531 0.0000008772
532 0.0000008753
533 0.0000008735
534 0.0000008717
535 0.0000008698
536 0.0000008680
537 0.0000008662
538 0.0000008644
539 0.0000008626
540 0.0000008608
541 0.0000008590
542 0.0000008573
543 0.0000008555
544 0.0000008537
545 0.0000008520
546 0.0000008502
547 0.0000008485
548 0.0000008468
549 0.0000008450
550 0.0000008433
551 0.0000008416
552 0.0000008399
553 0.0000008382
554 0.0000008365
555 0.0000008348
556 0.0000008332
557 0.0000008315
558 0.0000008298
559 0.0000008282
560 0.0000008265
561 0.0000008249
562 0.0000008232
563 0.0000008216
564 0.0000008200
565 0.0000008184
566 0.0000008167
567 0.0000008151
568 0.0000008135
569 0.0000008119
570 0.0000008103
571 0.0000008088
572 0.0000008072
573 0.0000008056
574 0.0000008040
575 0.0000008025
576 0.0000008009
577 0.0000007994
578 0.0000007978
579 0.0000007963
580 0.0000007948
581 0.0000007933
582 0.0000007917
583 0.0000007902
584 0.0000007887
585 0.0000007872
586 0.0000007857
587 0.0000007842
588 0.0000007827
589 0.0000007813
590 0.0000007798
591 0.0000007783
592 0.0000007768
593 0.0000007754
594 0.0000007739
595 0.0000007725
596 0.0000007710
597 0.0000007696
598 0.0000007682
599 0.0000007667
600 0.0000007653
601 0.0000007639
602 0.0000007625
603 0.0000007611
604 0.0000007597
605 0.0000007583
606 0.0000007569
607 0.0000007555
608 0.0000007541
609 0.0000007527
610 0.0000007514
611 0.0000007500
612 0.0000007486
613 0.0000007473
614 0.0000007459
615 0.0000007446
616 0.0000007432
617 0.0000007419
618 0.0000007405
619 0.0000007392
620 0.0000007379
621 0.0000007366
622 0.0000007352
623 0.0000007339
624 0.0000007326
625 0.0000007313
626 0.0000007300
627 0.0000007287
628 0.0000007274
629 0.0000007261
630 0.0000007249
631 0.0000007236
632 0.0000007223
633 0.0000007210
634 0.0000007198
635 0.0000007185
636 0.0000007173
637 0.0000007160
638 0.0000007148
639 0.0000007135
640 0.0000007123
641 0.0000007110
642 0.0000007098
643 0.0000007086
644 0.0000007074
645 0.0000007061
646 0.0000007049
647 0.0000007037
648 0.0000007025
649 0.0000007013
650 0.0000007001
651 0.0000006989
652 0.0000006977
653 0.0000006965
654 0.0000006953
655 0.0000006942
656 0.0000006930
657 0.0000006918
658 0.0000006906
659 0.0000006895
660 0.0000006883
661 0.0000006871
662 0.0000006860
663 0.0000006848
664 0.0000006837
665 0.0000006825
666 0.0000006814
667 0.0000006803
668 0.0000006791
669 0.0000006780
670 0.0000006769
671 0.0000006758
672 0.0000006746
673 0.0000006735
674 0.0000006724
675 0.0000006713
676 0.0000006702
677 0.0000006691
678 0.0000006680
679 0.0000006669
680 0.0000006658
681 0.0000006647
682 0.0000006636
683 0.0000006626
684 0.0000006615
685 0.0000006604
686 0.0000006593
687 0.0000006583
688 0.0000006572
689 0.0000006561
690 0.0000006551
691 0.0000006540
692 0.0000006530
693 0.0000006519
694 0.0000006509
695 0.0000006498
696 0.0000006488
697 0.0000006478
698 0.0000006467
699 0.0000006457
700 0.0000006447
701 0.0000006436
702 0.0000006426
703 0.0000006416
704 0.0000006406
705 0.0000006396
706 0.0000006386
707 0.0000006376
708 0.0000006366
709 0.0000006356
710 0.0000006346
711 0.0000006336
712 0.0000006326
713 0.0000006316
714 0.0000006306
715 0.0000006296
716 0.0000006286
717 0.0000006277
718 0.0000006267
719 0.0000006257
720 0.0000006248
721 0.0000006238
722 0.0000006228
723 0.0000006219
724 0.0000006209
725 0.0000006199
726 0.0000006190
727 0.0000006180
728 0.0000006171
729 0.0000006162
730 0.0000006152
731 0.0000006143
732 0.0000006133
733 0.0000006124
734 0.0000006115
735 0.0000006106
736 0.0000006096
737 0.0000006087
738 0.0000006078
739 0.0000006069
740 0.0000006060
741 0.0000006050
742 0.0000006041
743 0.0000006032
744 0.0000006023
745 0.0000006014
746 0.0000006005
747 0.0000005996
748 0.0000005987
749 0.0000005978
750 0.0000005969
751 0.0000005961
752 0.0000005952
753 0.0000005943
754 0.0000005934
755 0.0000005925
756 0.0000005917
757 0.0000005908
758 0.0000005899
759 0.0000005890
760 0.0000005882
761 0.0000005873
762 0.0000005865
763 0.0000005856
764 0.0000005847
765 0.0000005839
766 0.0000005830
767 0.0000005822
768 0.0000005813
769 0.0000005805
770 0.0000005797
771 0.0000005788
772 0.0000005780
773 0.0000005771
774 0.0000005763
775 0.0000005755
776 0.0000005746
777 0.0000005738
778 0.0000005730
779 0.0000005722
780 0.0000005714
781 0.0000005705
782 0.0000005697
783 0.0000005689
784 0.0000005681
785 0.0000005673
786 0.0000005665
787 0.0000005657
788 0.0000005649
789 0.0000005641
790 0.0000005633
791 0.0000005625
792 0.0000005617
793 0.0000005609
794 0.0000005601
795 0.0000005593
796 0.0000005585
797 0.0000005577
798 0.0000005570
799 0.0000005562
800 0.0000005554
801 0.0000005546
802 0.0000005538
803 0.0000005531
804 0.0000005523
805 0.0000005515
806 0.0000005508
807 0.0000005500
808 0.0000005492
809 0.0000005485
810 0.0000005477
811 0.0000005470
812 0.0000005462
813 0.0000005455
814 0.0000005447
815 0.0000005440
816 0.0000005432
817 0.0000005425
818 0.0000005417
819 0.0000005410
820 0.0000005402
821 0.0000005395
822 0.0000005388
823 0.0000005380
824 0.0000005373
825 0.0000005366
826 0.0000005358
827 0.0000005351
828 0.0000005344
829 0.0000005337
830 0.0000005329
831 0.0000005322
832 0.0000005315
833 0.0000005308
834 0.0000005301
835 0.0000005294
836 0.0000005287
837 0.0000005279
838 0.0000005272
839 0.0000005265
840 0.0000005258
841 0.0000005251
842 0.0000005244
843 0.0000005237
844 0.0000005230
845 0.0000005223
846 0.0000005216
847 0.0000005209
848 0.0000005203
849 0.0000005196
850 0.0000005189
851 0.0000005182
852 0.0000005175
853 0.0000005168
854 0.0000005161
855 0.0000005155
856 0.0000005148
857 0.0000005141
858 0.0000005134
859 0.0000005128
860 0.0000005121
861 0.0000005114
862 0.0000005108
863 0.0000005101
864 0.0000005094
865 0.0000005088
866 0.0000005081
867 0.0000005074
868 0.0000005068
869 0.0000005061
870 0.0000005055
871 0.0000005048
872 0.0000005042
873 0.0000005035
874 0.0000005029
875 0.0000005022
876 0.0000005016
877 0.0000005009
878 0.0000005003
879 0.0000004996
880 0.0000004990
881 0.0000004984
882 0.0000004977
883 0.0000004971
884 0.0000004964
885 0.0000004958
886 0.0000004952
887 0.0000004946
888 0.0000004939
889 0.0000004933
890 0.0000004927
891 0.0000004920
892 0.0000004914
893 0.0000004908
894 0.0000004902
895 0.0000004896
896 0.0000004889
897 0.0000004883
898 0.0000004877
899 0.0000004871
900 0.0000004865
901 0.0000004859
902 0.0000004853
903 0.0000004847
904 0.0000004840
905 0.0000004834
906 0.0000004828
907 0.0000004822
908 0.0000004816
909 0.0000004810
910 0.0000004804
911 0.0000004798
912 0.0000004792
913 0.0000004786
914 0.0000004781
915 0.0000004775
916 0.0000004769
917 0.0000004763
918 0.0000004757
919 0.0000004751
920 0.0000004745
921 0.0000004739
922 0.0000004733
923 0.0000004728
924 0.0000004722
925 0.0000004716
926 0.0000004710
927 0.0000004704
928 0.0000004699
929 0.0000004693
930 0.0000004687
931 0.0000004681
932 0.0000004676
933 0.0000004670
934 0.0000004664
935 0.0000004659
936 0.0000004653
937 0.0000004647
938 0.0000004642
939 0.0000004636
940 0.0000004630
941 0.0000004625
942 0.0000004619
943 0.0000004614
944 0.0000004608
945 0.0000004602
946 0.0000004597
947 0.0000004591
948 0.0000004586
949 0.0000004580
950 0.0000004575
951 0.0000004569
952 0.0000004564
953 0.0000004558
954 0.0000004553
955 0.0000004547
956 0.0000004542
957 0.0000004537
958 0.0000004531
959 0.0000004526
960 0.0000004520
961 0.0000004515
962 0.0000004510
963 0.0000004504
964 0.0000004499
965 0.0000004493
966 0.0000004488
967 0.0000004483
968 0.0000004477
969 0.0000004472
970 0.0000004467
971 0.0000004462
972 0.0000004456
973 0.0000004451
974 0.0000004446
975 0.0000004440
976 0.0000004435
977 0.0000004430
978 0.0000004425
979 0.0000004420
980 0.0000004414
981 0.0000004409
982 0.0000004404
983 0.0000004399
984 0.0000004394
985 0.0000004388
986 0.0000004383
987 0.0000004378
988 0.0000004373
989 0.0000004368
990 0.0000004363
991 0.0000004358
992 0.0000004353
993 0.0000004347
994 0.0000004342
995 0.0000004337
996 0.0000004332
997 0.0000004327
998 0.0000004322
999 0.0000004317
1000 0.0000004312
1001 0.0000004307
1002 0.0000004302
1003 0.0000004297
1004 0.0000004292
1005 0.0000004287
1006 0.0000004282
1007 0.0000004277
1008 0.0000004272
1009 0.0000004267
1010 0.0000004262
1011 0.0000004257
1012 0.0000004252
1013 0.0000004247
1014 0.0000004242
1015 0.0000004237
1016 0.0000004232
1017 0.0000004227
1018 0.0000004223
1019 0.0000004218
1020 0.0000004213
1021 0.0000004208
1022 0.0000004203
1023 0.0000004198
1024 0.0000004193
1025 0.0000004188
1026 0.0000004183
1027 0.0000004179
1028 0.0000004174
1029 0.0000004169
1030 0.0000004164
1031 0.0000004159
1032 0.0000004154
1033 0.0000004149
1034 0.0000004144
1035 0.0000004140
1036 0.0000004135
1037 0.0000004130
1038 0.0000004125
1039 0.0000004120
1040 0.0000004115
1041 0.0000004110
1042 0.0000004106
1043 0.0000004101
1044 0.0000004096
1045 0.0000004091
1046 0.0000004086
1047 0.0000004081
1048 0.0000004076
1049 0.0000004071
1050 0.0000004066
1051 0.0000004061
1052 0.0000004056
1053 0.0000004052
1054 0.0000004047
1055 0.0000004042
1056 0.0000004036
1057 0.0000004031
1058 0.0000004026
1059 0.0000004021
1060 0.0000004016
1061 0.0000004011
1062 0.0000004006
1063 0.0000004000
1064 0.0000003995
1065 0.0000003990
1066 0.0000003984
1067 0.0000003978
1068 0.0000003973
1069 0.0000003967
1070 0.0000003961
1071 0.0000003955
1072 0.0000003949
1073 0.0000003942
1074 0.0000003935
1075 0.0000003928
1076 0.0000003921
1077 0.0000003913
1078 0.0000003904
1079 0.0000003895
1080 0.0000003885
1081 0.0000003873
1082 0.0000003860
1083 0.0000003844
1084 0.0000003824
1085 0.0000003798
1086 0.0000003761
1087 0.0000003704
1088 0.0000003590
1089 0.0000003200
1090 0.0000000000
