0 1200
0 0.9713672828
1 0.0056767564
2 0.0024028010
3 0.0016854647
4 0.0012510901
5 0.0009933609
6 0.0008241290
7 0.0007033204
8 0.0006125567
9 0.0005419280
10 0.0004854382
11 0.0004392357
12 0.0004007456
13 0.0003681859
14 0.0003402853
15 0.0003161118
16 0.0002949668
17 0.0002763158
18 0.0002597432
19 0.0002449208
20 0.0002315860
21 0.0002195263
22 0.0002085678
23 0.0001985669
24 0.0001894038
25 0.0001809779
26 0.0001732043
27 0.0001660103
28 0.0001593340
29 0.0001531216
30 0.0001473269
31 0.0001419093
32 0.0001368335
33 0.0001320684
34 0.0001275867
35 0.0001233639
36 0.0001193785
37 0.0001156113
38 0.0001120449
39 0.0001086640
40 0.0001054546
41 0.0001024042
42 0.0000995013
43 0.0000967358
44 0.0000940981
45 0.0000915799
46 0.0000891732
47 0.0000868710
48 0.0000846666
49 0.0000825542
50 0.0000805282
51 0.0000785835
52 0.0000767154
53 0.0000749195
54 0.0000731919
55 0.0000715287
56 0.0000699266
57 0.0000683824
58 0.0000668929
59 0.0000654555
60 0.0000640675
61 0.0000627265
62 0.0000614301
63 0.0000601764
64 0.0000589632
65 0.0000577887
66 0.0000566511
67 0.0000555488
68 0.0000544802
69 0.0000534438
70 0.0000524382
71 0.0000514622
72 0.0000505145
73 0.0000495939
74 0.0000486993
75 0.0000478298
76 0.0000469842
77 0.0000461616
78 0.0000453612
79 0.0000445821
80 0.0000438236
81 0.0000430847
82 0.0000423649
83 0.0000416634
84 0.0000409796
85 0.0000403128
86 0.0000396624
87 0.0000390279
88 0.0000384087
89 0.0000378043
90 0.0000372143
91 0.0000366380
92 0.0000360751
93 0.0000355252
94 0.0000349878
95 0.0000344625
96 0.0000339489
97 0.0000334467
98 0.0000329556
99 0.0000324751
100 0.0000320050
101 0.0000315449
102 0.0000310945
103 0.0000306537
104 0.0000302220
105 0.0000297992
106 0.0000293851
107 0.0000289794
108 0.0000285819
109 0.0000281924
110 0.0000278105
111 0.0000274363
112 0.0000270693
113 0.0000267094
114 0.0000263565
115 0.0000260103
116 0.0000256706
117 0.0000253374
118 0.0000250104
119 0.0000246895
120 0.0000243744
121 0.0000240652
122 0.0000237616
123 0.0000234634
124 0.0000231706
125 0.0000228831
126 0.0000226006
127 0.0000223230
128 0.0000220504
129 0.0000217824
130 0.0000215191
131 0.0000212603
132 0.0000210059
133 0.0000207558
134 0.0000205099
135 0.0000202681
136 0.0000200304
137 0.0000197966
138 0.0000195666
139 0.0000193403
140 0.0000191178
141 0.0000188988
142 0.0000186834
143 0.0000184714
144 0.0000182627
145 0.0000180574
146 0.0000178552
147 0.0000176563
148 0.0000174604
149 0.0000172676
150 0.0000170777
151 0.0000168907
152 0.0000167066
153 0.0000165252
154 0.0000163466
155 0.0000161706
156 0.0000159973
157 0.0000158266
158 0.0000156583
159 0.0000154926
160 0.0000153292
161 0.0000151683
162 0.0000150096
163 0.0000148533
164 0.0000146992
165 0.0000145473
166 0.0000143975
167 0.0000142499
168 0.0000141044
169 0.0000139609
170 0.0000138194
171 0.0000136798
172 0.0000135422
173 0.0000134065
174 0.0000132726
175 0.0000131406
176 0.0000130104
177 0.0000128819
178 0.0000127552
179 0.0000126301
180 0.0000125068
181 0.0000123851
182 0.0000122650
183 0.0000121465
184 0.0000120295
185 0.0000119141
186 0.0000118002
187 0.0000116877
188 0.0000115767
189 0.0000114672
190 0.0000113591
191 0.0000112523
192 0.0000111469
193 0.0000110429
194 0.0000109401
195 0.0000108387
196 0.0000107385
197 0.0000106396
198 0.0000105419
199 0.0000104455
200 0.0000103502
201 0.0000102561
202 0.0000101632
203 0.0000100714
204 0.0000099807
205 0.0000098912
206 0.0000098027
207 0.0000097153
208 0.0000096289
209 0.0000095436
210 0.0000094593
211 0.0000093760
212 0.0000092937
213 0.0000092124
214 0.0000091320
215 0.0000090526
216 0.0000089741
217 0.0000088966
218 0.0000088199
219 0.0000087442
220 0.0000086693
221 0.0000085952
222 0.0000085221
223 0.0000084497
224 0.0000083782
225 0.0000083076
226 0.0000082377
227 0.0000081686
228 0.0000081003
229 0.0000080328
230 0.0000079660
231 0.0000079000
232 0.0000078347
233 0.0000077701
234 0.0000077063
235 0.0000076431
236 0.0000075807
237 0.0000075190
238 0.0000074579
239 0.0000073975
240 0.0000073378
241 0.0000072787
242 0.0000072203
243 0.0000071625
244 0.0000071053
245 0.0000070487
246 0.0000069928
247 0.0000069374
248 0.0000068827
249 0.0000068285
250 0.0000067749
251 0.0000067218
252 0.0000066694
253 0.0000066175
254 0.0000065661
255 0.0000065153
256 0.0000064650
257 0.0000064152
258 0.0000063660
259 0.0000063173
260 0.0000062690
261 0.0000062213
262 0.0000061741
263 0.0000061273
264 0.0000060811
265 0.0000060353
266 0.0000059900
267 0.0000059451
268 0.0000059007
269 0.0000058567
270 0.0000058132
271 0.0000057702
272 0.0000057275
273 0.0000056854
274 0.0000056436
275 0.0000056022
276 0.0000055613
277 0.0000055207
278 0.0000054806
279 0.0000054409
280 0.0000054015
281 0.0000053626
282 0.0000053240
283 0.0000052858
284 0.0000052480
285 0.0000052106
286 0.0000051735
287 0.0000051368
288 0.0000051005
289 0.0000050645
290 0.0000050288
291 0.0000049935
292 0.0000049586
293 0.0000049239
294 0.0000048897
295 0.0000048557
296 0.0000048220
297 0.0000047887
298 0.0000047557
299 0.0000047231
300 0.0000046907
301 0.0000046586
302 0.0000046269
303 0.0000045954
304 0.0000045642
305 0.0000045334
306 0.0000045028
307 0.0000044725
308 0.0000044425
309 0.0000044127
310 0.0000043833
311 0.0000043541
312 0.0000043252
313 0.0000042966
314 0.0000042682
315 0.0000042401
316 0.0000042122
317 0.0000041846
318 0.0000041573
319 0.0000041302
320 0.0000041033
321 0.0000040767
322 0.0000040504
323 0.0000040243
324 0.0000039984
325 0.0000039727
326 0.0000039473
327 0.0000039221
328 0.0000038972
329 0.0000038724
330 0.0000038479
331 0.0000038236
332 0.0000037996
333 0.0000037757
334 0.0000037521
335 0.0000037286
336 0.0000037054
337 0.0000036824
338 0.0000036596
339 0.0000036369
340 0.0000036145
341 0.0000035923
342 0.0000035703
343 0.0000035484
344 0.0000035268
345 0.0000035054
346 0.0000034841
347 0.0000034630
348 0.0000034421
349 0.0000034214
350 0.0000034009
351 0.0000033805
352 0.0000033603
353 0.0000033403
354 0.0000033205
355 0.0000033008
356 0.0000032813
357 0.0000032620
358 0.0000032429
359 0.0000032239
360 0.0000032050
361 0.0000031864
362 0.0000031678
363 0.0000031495
364 0.0000031313
365 0.0000031132
366 0.0000030953
367 0.0000030776
368 0.0000030600
369 0.0000030425
370 0.0000030253
371 0.0000030081
372 0.0000029911
373 0.0000029742
374 0.0000029575
375 0.0000029409
376 0.0000029244
377 0.0000029081
378 0.0000028919
379 0.0000028759
380 0.0000028600
381 0.0000028442
382 0.0000028286
383 0.0000028130
384 0.0000027976
385 0.0000027824
386 0.0000027672
387 0.0000027522
388 0.0000027373
389 0.0000027225
390 0.0000027079
391 0.0000026933
392 0.0000026789
393 0.0000026646
394 0.0000026504
395 0.0000026364
396 0.0000026224
397 0.0000026086
398 0.0000025948
399 0.0000025812
400 0.0000025677
401 0.0000025543
402 0.0000025410
403 0.0000025278
404 0.0000025147
405 0.0000025017
406 0.0000024888
407 0.0000024761
408 0.0000024634
409 0.0000024508
410 0.0000024383
411 0.0000024260
412 0.0000024137
413 0.0000024015
414 0.0000023894
415 0.0000023774
416 0.0000023655
417 0.0000023537
418 0.0000023420
419 0.0000023304
420 0.0000023188
421 0.0000023074
422 0.0000022960
423 0.0000022848
424 0.0000022736
425 0.0000022625
426 0.0000022515
427 0.0000022406
428 0.0000022298
429 0.0000022190
430 0.0000022083
431 0.0000021977
432 0.0000021872
433 0.0000021768
434 0.0000021664
435 0.0000021562
436 0.0000021460
437 0.0000021359
438 0.0000021258
439 0.0000021159
440 0.0000021060
441 0.0000020962
442 0.0000020864
443 0.0000020768
444 0.0000020672
445 0.0000020577
446 0.0000020482
447 0.0000020388
448 0.0000020295
449 0.0000020203
450 0.0000020111
451 0.0000020020
452 0.0000019930
453 0.0000019840
454 0.0000019751
455 0.0000019663
456 0.0000019575
457 0.0000019488
458 0.0000019402
459 0.0000019316
460 0.0000019231
461 0.0000019147
462 0.0000019063
463 0.0000018980
464 0.0000018897
465 0.0000018815
466 0.0000018733
467 0.0000018652
468 0.0000018572
469 0.0000018493
470 0.0000018414
471 0.0000018335
472 0.0000018257
473 0.0000018180
474 0.0000018103
475 0.0000018027
476 0.0000017951
477 0.0000017876
478 0.0000017801
479 0.0000017727
480 0.0000017653
481 0.0000017580
482 0.0000017508
483 0.0000017436
484 0.0000017364
485 0.0000017293
486 0.0000017223
487 0.0000017153
488 0.0000017083
489 0.0000017014
490 0.0000016946
491 0.0000016878
492 0.0000016810
493 0.0000016743
494 0.0000016676
495 0.0000016610
496 0.0000016544
497 0.0000016479
498 0.0000016415
499 0.0000016350
500 0.0000016286
501 0.0000016223
502 0.0000016160
503 0.0000016097
504 0.0000016035
505 0.0000015974
506 0.0000015912
507 0.0000015852
508 0.0000015791
509 0.0000015731
510 0.0000015672
511 0.0000015612
512 0.0000015553
513 0.0000015495
514 0.0000015437
515 0.0000015380
516 0.0000015322
517 0.0000015265
518 0.0000015209
519 0.0000015153
520 0.0000015097
521 0.0000015042
522 0.0000014987
523 0.0000014933
524 0.0000014879
525 0.0000014825
526 0.0000014771
527 0.0000014718
528 0.0000014665
529 0.0000014613
530 0.0000014561
531 0.0000014509
532 0.0000014458
533 0.0000014407
534 0.0000014356
535 0.0000014306
536 0.0000014256
537 0.0000014206
538 0.0000014157
539 0.0000014108
540 0.0000014059
541 0.0000014011
542 0.0000013963
543 0.0000013915
544 0.0000013867
545 0.0000013820
546 0.0000013774
547 0.0000013727
548 0.0000013681
549 0.0000013635
550 0.0000013589
551 0.0000013544
552 0.0000013499
553 0.0000013454
554 0.0000013410
555 0.0000013365
556 0.0000013322
557 0.0000013278
558 0.0000013235
559 0.0000013192
560 0.0000013149
561 0.0000013106
562 0.0000013064
563 0.0000013022
564 0.0000012980
565 0.0000012939
566 0.0000012898
567 0.0000012857
568 0.0000012816
569 0.0000012776
570 0.0000012736
571 0.0000012696
572 0.0000012656
573 0.0000012617
574 0.0000012578
575 0.0000012539
576 0.0000012500
577 0.0000012462
578 0.0000012423
579 0.0000012386
580 0.0000012348
581 0.0000012310
582 0.0000012273
583 0.0000012236
584 0.0000012199
585 0.0000012163
586 0.0000012126
587 0.0000012090
588 0.0000012054
589 0.0000012019
590 0.0000011983
591 0.0000011948
592 0.0000011913
593 0.0000011878
594 0.0000011843
595 0.0000011809
596 0.0000011775
597 0.0000011741
598 0.0000011707
599 0.0000011673
600 0.0000011640
601 0.0000011607
602 0.0000011574
603 0.0000011541
604 0.0000011508
605 0.0000011476
606 0.0000011444
607 0.0000011412
608 0.0000011380
609 0.0000011348
610 0.0000011317
611 0.0000011286
612 0.0000011254
613 0.0000011224
614 0.0000011193
615 0.0000011162
616 0.0000011132
617 0.0000011102
618 0.0000011072
619 0.0000011042
620 0.0000011012
621 0.0000010983
622 0.0000010953
623 0.0000010924
624 0.0000010895
625 0.0000010867
626 0.0000010838
627 0.0000010809
628 0.0000010781
629 0.0000010753
630 0.0000010725
631 0.0000010697
632 0.0000010669
633 0.0000010642
634 0.0000010614
635 0.0000010587
636 0.0000010560
637 0.0000010533
638 0.0000010507
639 0.0000010480
640 0.0000010453
641 0.0000010427
642 0.0000010401
643 0.0000010375
644 0.0000010349
645 0.0000010323
646 0.0000010298
647 0.0000010272
648 0.0000010247
649 0.0000010222
650 0.0000010197
651 0.0000010172
652 0.0000010147
653 0.0000010122
654 0.0000010098
655 0.0000010074
656 0.0000010049
657 0.0000010025
658 0.0000010001
659 0.0000009978
660 0.0000009954
661 0.0000009930
662 0.0000009907
663 0.0000009884
664 0.0000009860
665 0.0000009837
666 0.0000009814
667 0.0000009791
668 0.0000009769
669 0.0000009746
670 0.0000009724
671 0.0000009701
672 0.0000009679
673 0.0000009657
674 0.0000009635
675 0.0000009613
676 0.0000009591
677 0.0000009570
678 0.0000009548
679 0.0000009527
680 0.0000009506
681 0.0000009484
682 0.0000009463
683 0.0000009442
684 0.0000009421
685 0.0000009401
686 0.0000009380
687 0.0000009359
688 0.0000009339
689 0.0000009319
690 0.0000009298
691 0.0000009278
692 0.0000009258
693 0.0000009238
694 0.0000009219
695 0.0000009199
696 0.0000009179
697 0.0000009160
698 0.0000009140
699 0.0000009121
700 0.0000009102
701 0.0000009082
702 0.0000009063
703 0.0000009045
704 0.0000009026
705 0.0000009007
706 0.0000008988
707 0.0000008970
708 0.0000008951
709 0.0000008933
710 0.0000008915
711 0.0000008896
712 0.0000008878
713 0.0000008860
714 0.0000008842
715 0.0000008824
716 0.0000008807
717 0.0000008789
718 0.0000008771
719 0.0000008754
720 0.0000008737
721 0.0000008719
722 0.0000008702
723 0.0000008685
724 0.0000008668
725 0.0000008651
726 0.0000008634
727 0.0000008617
728 0.0000008600
729 0.0000008583
730 0.0000008567
731 0.0000008550
732 0.0000008534
733 0.0000008517
734 0.0000008501
735 0.0000008485
736 0.0000008469
737 0.0000008453
738 0.0000008437
739 0.0000008421
740 0.0000008405
741 0.0000008389
742 0.0000008373
743 0.0000008358
744 0.0000008342
745 0.0000008327
746 0.0000008311
747 0.0000008296
748 0.0000008281
749 0.0000008265
750 0.0000008250
751 0.0000008235
752 0.0000008220
753 0.0000008205
754 0.0000008190
755 0.0000008176
756 0.0000008161
757 0.0000008146
758 0.0000008132
759 0.0000008117
760 0.0000008103
761 0.0000008088
762 0.0000008074
763 0.0000008060
764 0.0000008045
765 0.0000008031
766 0.0000008017
767 0.0000008003
768 0.0000007989
769 0.0000007975
770 0.0000007961
771 0.0000007948
772 0.0000007934
773 0.0000007920
774 0.0000007907
775 0.0000007893
776 0.0000007880
777 0.0000007866
778 0.0000007853
779 0.0000007839
780 0.0000007826
781 0.0000007813
782 0.0000007800
783 0.0000007787
784 0.0000007774
785 0.0000007761
786 0.0000007748
787 0.0000007735
788 0.0000007722
789 0.0000007709
790 0.0000007697
791 0.0000007684
792 0.0000007671
793 0.0000007659
794 0.0000007646
795 0.0000007634
796 0.0000007621
797 0.0000007609
798 0.0000007597
799 0.0000007585
800 0.0000007572
801 0.0000007560
802 0.0000007548
803 0.0000007536
804 0.0000007524
805 0.0000007512
806 0.0000007500
807 0.0000007488
808 0.0000007476
809 0.0000007465
810 0.0000007453
811 0.0000007441
812 0.0000007430
813 0.0000007418
814 0.0000007407
815 0.0000007395
816 0.0000007384
817 0.0000007372
818 0.0000007361
819 0.0000007350
820 0.0000007338
821 0.0000007327
822 0.0000007316
823 0.0000007305
824 0.0000007294
825 0.0000007283
826 0.0000007272
827 0.0000007261
828 0.0000007250
829 0.0000007239
830 0.0000007228
831 0.0000007217
832 0.0000007206
833 0.0000007196
834 0.0000007185
835 0.0000007175
836 0.0000007164
837 0.0000007153
838 0.0000007143
839 0.0000007132
840 0.0000007122
841 0.0000007112
842 0.0000007101
843 0.0000007091
844 0.0000007081
845 0.0000007070
846 0.0000007060
847 0.0000007050
848 0.0000007040
849 0.0000007030
850 0.0000007020
851 0.0000007010
852 0.0000007000
853 0.0000006990
854 0.0000006980
855 0.0000006970
856 0.0000006960
857 0.0000006950
858 0.0000006941
859 0.0000006931
860 0.0000006921
861 0.0000006912
862 0.0000006902
863 0.0000006892
864 0.0000006883
865 0.0000006873
866 0.0000006864
867 0.0000006854
868 0.0000006845
869 0.0000006835
870 0.0000006826
871 0.0000006817
872 0.0000006807
873 0.0000006798
874 0.0000006789
875 0.0000006780
876 0.0000006771
877 0.0000006761
878 0.0000006752
879 0.0000006743
880 0.0000006734
881 0.0000006725
882 0.0000006716
883 0.0000006707
884 0.0000006698
885 0.0000006689
886 0.0000006680
887 0.0000006672
888 0.0000006663
889 0.0000006654
890 0.0000006645
891 0.0000006637
892 0.0000006628
893 0.0000006619
894 0.0000006611
895 0.0000006602
896 0.0000006593
897 0.0000006585
898 0.0000006576
899 0.0000006568
900 0.0000006559
901 0.0000006551
902 0.0000006543
903 0.0000006534
904 0.0000006526
905 0.0000006518
906 0.0000006509
907 0.0000006501
908 0.0000006493
909 0.0000006485
910 0.0000006476
911 0.0000006468
912 0.0000006460
913 0.0000006452
914 0.0000006444
915 0.0000006436
916 0.0000006428
917 0.0000006420
918 0.0000006412
919 0.0000006404
920 0.0000006396
921 0.0000006388
922 0.0000006380
923 0.0000006372
924 0.0000006364
925 0.0000006356
926 0.0000006349
927 0.0000006341
928 0.0000006333
929 0.0000006325
930 0.0000006318
931 0.0000006310
932 0.0000006302
933 0.0000006295
934 0.0000006287
935 0.0000006280
936 0.0000006272
937 0.0000006264
938 0.0000006257
939 0.0000006249
940 0.0000006242
941 0.0000006234
942 0.0000006227
943 0.0000006220
944 0.0000006212
945 0.0000006205
946 0.0000006198
947 0.0000006190
948 0.0000006183
949 0.0000006176
950 0.0000006168
951 0.0000006161
952 0.0000006154
953 0.0000006147
954 0.0000006140
955 0.0000006132
956 0.0000006125
957 0.0000006118
958 0.0000006111
959 0.0000006104
960 0.0000006097
961 0.0000006090
962 0.0000006083
963 0.0000006076
964 0.0000006069
965 0.0000006062
966 0.0000006055
967 0.0000006048
968 0.0000006041
969 0.0000006034
970 0.0000006028
971 0.0000006021
972 0.0000006014
973 0.0000006007
974 0.0000006000
975 0.0000005994
976 0.0000005987
977 0.0000005980
978 0.0000005973
979 0.0000005967
980 0.0000005960
981 0.0000005953
982 0.0000005947
983 0.0000005940
984 0.0000005934
985 0.0000005927
986 0.0000005920
987 0.0000005914
988 0.0000005907
989 0.0000005901
990 0.0000005894
991 0.0000005888
992 0.0000005881
993 0.0000005875
994 0.0000005868
995 0.0000005862
996 0.0000005856
997 0.0000005849
998 0.0000005843
999 0.0000005837
1000 0.0000005830
1001 0.0000005824
1002 0.0000005818
1003 0.0000005812
1004 0.0000005805
1005 0.0000005799
1006 0.0000005793
1007 0.0000005786
1008 0.0000005780
1009 0.0000005774
1010 0.0000005768
1011 0.0000005762
1012 0.0000005756
1013 0.0000005750
1014 0.0000005743
1015 0.0000005737
1016 0.0000005731
1017 0.0000005725
1018 0.0000005719
1019 0.0000005713
1020 0.0000005707
1021 0.0000005701
1022 0.0000005695
1023 0.0000005689
1024 0.0000005683
1025 0.0000005677
1026 0.0000005671
1027 0.0000005666
1028 0.0000005660
1029 0.0000005654
1030 0.0000005648
1031 0.0000005642
1032 0.0000005636
1033 0.0000005630
1034 0.0000005625
1035 0.0000005619
1036 0.0000005613
1037 0.0000005607
1038 0.0000005602
1039 0.0000005596
1040 0.0000005590
1041 0.0000005584
1042 0.0000005579
1043 0.0000005573
1044 0.0000005567
1045 0.0000005562
1046 0.0000005556
1047 0.0000005550
1048 0.0000005545
1049 0.0000005539
1050 0.0000005534
1051 0.0000005528
1052 0.0000005523
1053 0.0000005517
1054 0.0000005511
1055 0.0000005506
1056 0.0000005500
1057 0.0000005495
1058 0.0000005489
1059 0.0000005484
1060 0.0000005478
1061 0.0000005473
1062 0.0000005468
1063 0.0000005462
1064 0.0000005457
1065 0.0000005451
1066 0.0000005446
1067 0.0000005441
1068 0.0000005435
1069 0.0000005430
1070 0.0000005425
1071 0.0000005419
1072 0.0000005414
1073 0.0000005409
1074 0.0000005403
1075 0.0000005398
1076 0.0000005393
1077 0.0000005388
1078 0.0000005382
1079 0.0000005377
1080 0.0000005372
1081 0.0000005367
1082 0.0000005361
1083 0.0000005356
1084 0.0000005351
1085 0.0000005346
1086 0.0000005341
1087 0.0000005336
1088 0.0000005330
1089 0.0000005325
1090 0.0000005320
1091 0.0000005315
1092 0.0000005310
1093 0.0000005305
1094 0.0000005300
1095 0.0000005295
1096 0.0000005290
1097 0.0000005285
1098 0.0000005280
1099 0.0000005275
1100 0.0000005270
1101 0.0000005265
1102 0.0000005260
1103 0.0000005255
1104 0.0000005250
1105 0.0000005245
1106 0.0000005240
1107 0.0000005235
1108 0.0000005230
1109 0.0000005225
1110 0.0000005220
1111 0.0000005215
1112 0.0000005211
1113 0.0000005206
1114 0.0000005201
1115 0.0000005196
1116 0.0000005191
1117 0.0000005186
1118 0.0000005182
1119 0.0000005177
1120 0.0000005172
1121 0.0000005167
1122 0.0000005162
1123 0.0000005158
1124 0.0000005153
1125 0.0000005148
1126 0.0000005144
1127 0.0000005139
1128 0.0000005134
1129 0.0000005129
1130 0.0000005125
1131 0.0000005120
1132 0.0000005115
1133 0.0000005111
1134 0.0000005106
1135 0.0000005101
1136 0.0000005097
1137 0.0000005092
1138 0.0000005087
1139 0.0000005083
1140 0.0000005078
1141 0.0000005074
1142 0.0000005069
1143 0.0000005065
1144 0.0000005060
1145 0.0000005055
1146 0.0000005051
1147 0.0000005046
1148 0.0000005042
1149 0.0000005037
1150 0.0000005033
1151 0.0000005028
1152 0.0000005024
1153 0.0000005019
1154 0.0000005015
1155 0.0000005010
1156 0.0000005006
1157 0.0000005002
1158 0.0000004997
1159 0.0000004993
1160 0.0000004988
1161 0.0000004984
1162 0.0000004979
1163 0.0000004975
1164 0.0000004970
1165 0.0000004966
1166 0.0000004962
1167 0.0000004957
1168 0.0000004953
1169 0.0000004949
1170 0.0000004944
1171 0.0000004940
1172 0.0000004936
1173 0.0000004931
1174 0.0000004927
1175 0.0000004923
1176 0.0000004919
1177 0.0000004914
1178 0.0000004910
1179 0.0000004906
1180 0.0000004901
1181 0.0000004897
1182 0.0000004893
1183 0.0000004889
1184 0.0000004884
1185 0.0000004880
1186 0.0000004876
1187 0.0000004872
1188 0.0000004868
1189 0.0000004863
1190 0.0000004859
1191 0.0000004855
1192 0.0000004851
1193 0.0000004847
1194 0.0000004843
1195 0.0000004838
1196 0.0000004834
1197 0.0000004830
1198 0.0000004826
1199 0.0000004822
1200 0.0000004818
