1 288
0 0.9954573828
1 0.0018256406
2 0.0005123872
3 0.0003104085
4 0.0002050516
5 0.0001487390
6 0.0001147295
7 0.0000921145
8 0.0000761505
9 0.0000644048
10 0.0000554777
11 0.0000485103
12 0.0000429510
13 0.0000384319
14 0.0000346996
15 0.0000315742
16 0.0000289252
17 0.0000266558
18 0.0000246930
19 0.0000229809
20 0.0000214758
21 0.0000201434
22 0.0000189565
23 0.0000178930
24 0.0000169351
25 0.0000160681
26 0.0000152800
27 0.0000145605
28 0.0000139013
29 0.0000132952
30 0.0000127361
31 0.0000122189
32 0.0000117391
33 0.0000112929
34 0.0000108768
35 0.0000104880
36 0.0000101239
37 0.0000097823
38 0.0000094612
39 0.0000091589
40 0.0000088737
41 0.0000086044
42 0.0000083495
43 0.0000081081
44 0.0000078791
45 0.0000076616
46 0.0000074548
47 0.0000072579
48 0.0000070702
49 0.0000068912
50 0.0000067203
51 0.0000065569
52 0.0000064005
53 0.0000062508
54 0.0000061074
55 0.0000059698
56 0.0000058377
57 0.0000057108
58 0.0000055889
59 0.0000054716
60 0.0000053586
61 0.0000052499
62 0.0000051451
63 0.0000050440
64 0.0000049464
65 0.0000048522
66 0.0000047613
67 0.0000046734
68 0.0000045883
69 0.0000045061
70 0.0000044264
71 0.0000043493
72 0.0000042746
73 0.0000042022
74 0.0000041320
75 0.0000040639
76 0.0000039978
77 0.0000039336
78 0.0000038713
79 0.0000038107
80 0.0000037518
81 0.0000036946
82 0.0000036389
83 0.0000035847
84 0.0000035320
85 0.0000034807
86 0.0000034307
87 0.0000033820
88 0.0000033345
89 0.0000032882
90 0.0000032431
91 0.0000031991
92 0.0000031561
93 0.0000031142
94 0.0000030733
95 0.0000030334
96 0.0000029944
97 0.0000029562
98 0.0000029190
99 0.0000028826
100 0.0000028470
101 0.0000028122
102 0.0000027782
103 0.0000027449
104 0.0000027123
105 0.0000026805
106 0.0000026493
107 0.0000026187
108 0.0000025888
109 0.0000025595
110 0.0000025308
111 0.0000025026
112 0.0000024751
113 0.0000024480
114 0.0000024215
115 0.0000023956
116 0.0000023701
117 0.0000023451
118 0.0000023206
119 0.0000022965
120 0.0000022729
121 0.0000022498
122 0.0000022270
123 0.0000022047
124 0.0000021827
125 0.0000021612
126 0.0000021401
127 0.0000021193
128 0.0000020988
129 0.0000020788
130 0.0000020591
131 0.0000020397
132 0.0000020206
133 0.0000020019
134 0.0000019835
135 0.0000019653
136 0.0000019475
137 0.0000019300
138 0.0000019127
139 0.0000018958
140 0.0000018791
141 0.0000018626
142 0.0000018465
143 0.0000018305
144 0.0000018149
145 0.0000017994
146 0.0000017842
147 0.0000017693
148 0.0000017545
149 0.0000017400
150 0.0000017257
151 0.0000017116
152 0.0000016977
153 0.0000016840
154 0.0000016705
155 0.0000016573
156 0.0000016441
157 0.0000016312
158 0.0000016185
159 0.0000016059
160 0.0000015936
161 0.0000015814
162 0.0000015693
163 0.0000015574
164 0.0000015457
165 0.0000015342
166 0.0000015228
167 0.0000015115
168 0.0000015004
169 0.0000014895
170 0.0000014787
171 0.0000014680
172 0.0000014575
173 0.0000014471
174 0.0000014368
175 0.0000014267
176 0.0000014167
177 0.0000014068
178 0.0000013970
179 0.0000013874
180 0.0000013779
181 0.0000013685
182 0.0000013592
183 0.0000013500
184 0.0000013410
185 0.0000013320
186 0.0000013232
187 0.0000013144
188 0.0000013058
189 0.0000012973
190 0.0000012888
191 0.0000012805
192 0.0000012723
193 0.0000012641
194 0.0000012561
195 0.0000012481
196 0.0000012402
197 0.0000012324
198 0.0000012247
199 0.0000012171
200 0.0000012096
201 0.0000012022
202 0.0000011948
203 0.0000011875
204 0.0000011803
205 0.0000011732
206 0.0000011661
207 0.0000011592
208 0.0000011523
209 0.0000011454
210 0.0000011387
211 0.0000011320
212 0.0000011254
213 0.0000011188
214 0.0000011124
215 0.0000011059
216 0.0000010996
217 0.0000010933
218 0.0000010871
219 0.0000010809
220 0.0000010748
221 0.0000010688
222 0.0000010628
223 0.0000010569
224 0.0000010510
225 0.0000010452
226 0.0000010394
227 0.0000010337
228 0.0000010281
229 0.0000010225
230 0.0000010169
231 0.0000010115
232 0.0000010060
233 0.0000010006
234 0.0000009953
235 0.0000009900
236 0.0000009847
237 0.0000009795
238 0.0000009744
239 0.0000009693
240 0.0000009642
241 0.0000009592
242 0.0000009542
243 0.0000009492
244 0.0000009443
245 0.0000009395
246 0.0000009347
247 0.0000009299
248 0.0000009251
249 0.0000009204
250 0.0000009157
251 0.0000009111
252 0.0000009065
253 0.0000009019
254 0.0000008973
255 0.0000008928
256 0.0000008883
257 0.0000008838
258 0.0000008794
259 0.0000008750
260 0.0000008706
261 0.0000008662
262 0.0000008618
263 0.0000008575
264 0.0000008532
265 0.0000008488
266 0.0000008445
267 0.0000008402
268 0.0000008359
269 0.0000008315
270 0.0000008272
271 0.0000008228
272 0.0000008184
273 0.0000008140
274 0.0000008095
275 0.0000008049
276 0.0000008002
277 0.0000007954
278 0.0000007904
279 0.0000007851
280 0.0000007795
281 0.0000007734
282 0.0000007665
283 0.0000007583
284 0.0000007481
285 0.0000007340
286 0.0000007086
287 0.0000006294
288 0.0000000000
