1 558
0 0.9950138731
1 0.0021172451
2 0.0006189056
3 0.0003739368
4 0.0002457089
5 0.0001768364
6 0.0001350405
7 0.0001071281
8 0.0000873509
9 0.0000727558
10 0.0000616411
11 0.0000529593
12 0.0000460356
13 0.0000404180
14 0.0000357936
15 0.0000319392
16 0.0000286920
17 0.0000259304
18 0.0000235622
19 0.0000215162
20 0.0000197367
21 0.0000181796
22 0.0000168096
23 0.0000155982
24 0.0000145219
25 0.0000135616
26 0.0000127014
27 0.0000119278
28 0.0000112299
29 0.0000105980
30 0.0000100242
31 0.0000095016
32 0.0000090243
33 0.0000085872
34 0.0000081859
35 0.0000078166
36 0.0000074759
37 0.0000071610
38 0.0000068692
39 0.0000065984
40 0.0000063465
41 0.0000061118
42 0.0000058926
43 0.0000056877
44 0.0000054957
45 0.0000053155
46 0.0000051462
47 0.0000049869
48 0.0000048367
49 0.0000046949
50 0.0000045609
51 0.0000044340
52 0.0000043138
53 0.0000041997
54 0.0000040913
55 0.0000039882
56 0.0000038901
57 0.0000037965
58 0.0000037072
59 0.0000036219
60 0.0000035404
61 0.0000034623
62 0.0000033876
63 0.0000033159
64 0.0000032471
65 0.0000031810
66 0.0000031175
67 0.0000030564
68 0.0000029976
69 0.0000029409
70 0.0000028863
71 0.0000028336
72 0.0000027828
73 0.0000027336
74 0.0000026861
75 0.0000026402
76 0.0000025957
77 0.0000025527
78 0.0000025110
79 0.0000024706
80 0.0000024314
81 0.0000023933
82 0.0000023564
83 0.0000023206
84 0.0000022858
85 0.0000022519
86 0.0000022190
87 0.0000021870
88 0.0000021558
89 0.0000021255
90 0.0000020959
91 0.0000020671
92 0.0000020391
93 0.0000020117
94 0.0000019850
95 0.0000019590
96 0.0000019336
97 0.0000019088
98 0.0000018846
99 0.0000018609
100 0.0000018378
101 0.0000018153
102 0.0000017932
103 0.0000017716
104 0.0000017505
105 0.0000017298
106 0.0000017096
107 0.0000016899
108 0.0000016705
109 0.0000016516
110 0.0000016330
111 0.0000016148
112 0.0000015970
113 0.0000015795
114 0.0000015624
115 0.0000015456
116 0.0000015292
117 0.0000015131
118 0.0000014972
119 0.0000014817
120 0.0000014665
121 0.0000014515
122 0.0000014368
123 0.0000014224
124 0.0000014083
125 0.0000013944
126 0.0000013807
127 0.0000013673
128 0.0000013542
129 0.0000013412
130 0.0000013285
131 0.0000013160
132 0.0000013037
133 0.0000012916
134 0.0000012797
135 0.0000012681
136 0.0000012566
137 0.0000012453
138 0.0000012341
139 0.0000012232
140 0.0000012124
141 0.0000012018
142 0.0000011914
143 0.0000011811
144 0.0000011710
145 0.0000011611
146 0.0000011513
147 0.0000011416
148 0.0000011321
149 0.0000011227
150 0.0000011135
151 0.0000011044
152 0.0000010955
153 0.0000010866
154 0.0000010779
155 0.0000010694
156 0.0000010609
157 0.0000010526
158 0.0000010444
159 0.0000010363
160 0.0000010283
161 0.0000010204
162 0.0000010126
163 0.0000010050
164 0.0000009974
165 0.0000009900
166 0.0000009826
167 0.0000009754
168 0.0000009682
169 0.0000009611
170 0.0000009542
171 0.0000009473
172 0.0000009405
173 0.0000009338
174 0.0000009272
175 0.0000009206
176 0.0000009142
177 0.0000009078
178 0.0000009015
179 0.0000008953
180 0.0000008892
181 0.0000008831
182 0.0000008771
183 0.0000008712
184 0.0000008654
185 0.0000008596
186 0.0000008539
187 0.0000008482
188 0.0000008427
189 0.0000008372
190 0.0000008317
191 0.0000008264
192 0.0000008211
193 0.0000008158
194 0.0000008106
195 0.0000008055
196 0.0000008004
197 0.0000007954
198 0.0000007904
199 0.0000007855
200 0.0000007807
201 0.0000007759
202 0.0000007711
203 0.0000007665
204 0.0000007618
205 0.0000007572
206 0.0000007527
207 0.0000007482
208 0.0000007438
209 0.0000007394
210 0.0000007350
211 0.0000007307
212 0.0000007265
213 0.0000007222
214 0.0000007181
215 0.0000007139
216 0.0000007099
217 0.0000007058
218 0.0000007018
219 0.0000006979
220 0.0000006939
221 0.0000006901
222 0.0000006862
223 0.0000006824
224 0.0000006787
225 0.0000006749
226 0.0000006712
227 0.0000006676
228 0.0000006640
229 0.0000006604
230 0.0000006568
231 0.0000006533
232 0.0000006498
233 0.0000006464
234 0.0000006430
235 0.0000006396
236 0.0000006362
237 0.0000006329
238 0.0000006296
239 0.0000006264
240 0.0000006232
241 0.0000006200
242 0.0000006168
243 0.0000006137
244 0.0000006105
245 0.0000006075
246 0.0000006044
247 0.0000006014
248 0.0000005984
249 0.0000005954
250 0.0000005925
251 0.0000005895
252 0.0000005867
253 0.0000005838
254 0.0000005809
255 0.0000005781
256 0.0000005753
257 0.0000005726
258 0.0000005698
259 0.0000005671
260 0.0000005644
261 0.0000005617
262 0.0000005591
263 0.0000005564
264 0.0000005538
265 0.0000005512
266 0.0000005487
267 0.0000005461
268 0.0000005436
269 0.0000005411
270 0.0000005386
271 0.0000005362
272 0.0000005337
273 0.0000005313
274 0.0000005289
275 0.0000005265
276 0.0000005242
277 0.0000005218
278 0.0000005195
279 0.0000005172
280 0.0000005149
281 0.0000005126
282 0.0000005104
283 0.0000005082
284 0.0000005059
285 0.0000005037
286 0.0000005016
287 0.0000004994
288 0.0000004973
289 0.0000004951
290 0.0000004930
291 0.0000004909
292 0.0000004888
293 0.0000004868
294 0.0000004847
295 0.0000004827
296 0.0000004807
297 0.0000004786
298 0.0000004767
299 0.0000004747
300 0.0000004727
301 0.0000004708
302 0.0000004688
303 0.0000004669
304 0.0000004650
305 0.0000004631
306 0.0000004613
307 0.0000004594
308 0.0000004575
309 0.0000004557
310 0.0000004539
311 0.0000004521
312 0.0000004503
313 0.0000004485
314 0.0000004467
315 0.0000004450
316 0.0000004432
317 0.0000004415
318 0.0000004398
319 0.0000004381
320 0.0000004364
321 0.0000004347
322 0.0000004330
323 0.0000004313
324 0.0000004297
325 0.0000004280
326 0.0000004264
327 0.0000004248
328 0.0000004232
329 0.0000004216
330 0.0000004200
331 0.0000004184
332 0.0000004169
333 0.0000004153
334 0.0000004138
335 0.0000004122
336 0.0000004107
337 0.0000004092
338 0.0000004077
339 0.0000004062
340 0.0000004047
341 0.0000004033
342 0.0000004018
343 0.0000004003
344 0.0000003989
345 0.0000003975
346 0.0000003960
347 0.0000003946
348 0.0000003932
349 0.0000003918
350 0.0000003904
351 0.0000003890
352 0.0000003877
353 0.0000003863
354 0.0000003849
355 0.0000003836
356 0.0000003823
357 0.0000003809
358 0.0000003796
359 0.0000003783
360 0.0000003770
361 0.0000003757
362 0.0000003744
363 0.0000003731
364 0.0000003718
365 0.0000003706
366 0.0000003693
367 0.0000003681
368 0.0000003668
369 0.0000003656
370 0.0000003643
371 0.0000003631
372 0.0000003619
373 0.0000003607
374 0.0000003595
375 0.0000003583
376 0.0000003571
377 0.0000003559
378 0.0000003548
379 0.0000003536
380 0.0000003525
381 0.0000003513
382 0.0000003502
383 0.0000003490
384 0.0000003479
385 0.0000003468
386 0.0000003456
387 0.0000003445
388 0.0000003434
389 0.0000003423
390 0.0000003412
391 0.0000003401
392 0.0000003391
393 0.0000003380
394 0.0000003369
395 0.0000003359
396 0.0000003348
397 0.0000003337
398 0.0000003327
399 0.0000003317
400 0.0000003306
401 0.0000003296
402 0.0000003286
403 0.0000003276
404 0.0000003265
405 0.0000003255
406 0.0000003245
407 0.0000003235
408 0.0000003226
409 0.0000003216
410 0.0000003206
411 0.0000003196
412 0.0000003186
413 0.0000003177
414 0.0000003167
415 0.0000003158
416 0.0000003148
417 0.0000003139
418 0.0000003129
419 0.0000003120
420 0.0000003111
421 0.0000003102
422 0.0000003092
423 0.0000003083
424 0.0000003074
425 0.0000003065
426 0.0000003056
427 0.0000003047
428 0.0000003038
429 0.0000003029
430 0.0000003020
431 0.0000003012
432 0.0000003003
433 0.0000002994
434 0.0000002986
435 0.0000002977
436 0.0000002968
437 0.0000002960
438 0.0000002951
439 0.0000002943
440 0.0000002935
441 0.0000002926
442 0.0000002918
443 0.0000002910
444 0.0000002901
445 0.0000002893
446 0.0000002885
447 0.0000002877
448 0.0000002869
449 0.0000002861
450 0.0000002853
451 0.0000002845
452 0.0000002837
453 0.0000002829
454 0.0000002821
455 0.0000002813
456 0.0000002806
457 0.0000002798
458 0.0000002790
459 0.0000002782
460 0.0000002775
461 0.0000002767
462 0.0000002760
463 0.0000002752
464 0.0000002745
465 0.0000002737
466 0.0000002730
467 0.0000002722
468 0.0000002715
469 0.0000002707
470 0.0000002700
471 0.0000002693
472 0.0000002686
473 0.0000002678
474 0.0000002671
475 0.0000002664
476 0.0000002657
477 0.0000002650
478 0.0000002643
479 0.0000002636
480 0.0000002629
481 0.0000002622
482 0.0000002615
483 0.0000002608
484 0.0000002601
485 0.0000002594
486 0.0000002587
487 0.0000002580
488 0.0000002574
489 0.0000002567
490 0.0000002560
491 0.0000002553
492 0.0000002547
493 0.0000002540
494 0.0000002533
495 0.0000002527
496 0.0000002520
497 0.0000002513
498 0.0000002507
499 0.0000002500
500 0.0000002494
501 0.0000002487
502 0.0000002481
503 0.0000002474
504 0.0000002468
505 0.0000002461
506 0.0000002455
507 0.0000002448
508 0.0000002442
509 0.0000002436
510 0.0000002429
511 0.0000002423
512 0.0000002416
513 0.0000002410
514 0.0000002404
515 0.0000002397
516 0.0000002391
517 0.0000002385
518 0.0000002379
519 0.0000002372
520 0.0000002366
521 0.0000002360
522 0.0000002353
523 0.0000002347
524 0.0000002341
525 0.0000002334
526 0.0000002328
527 0.0000002322
528 0.0000002315
529 0.0000002309
530 0.0000002303
531 0.0000002296
532 0.0000002290
533 0.0000002283
534 0.0000002277
535 0.0000002270
536 0.0000002263
537 0.0000002257
538 0.0000002250
539 0.0000002243
540 0.0000002236
541 0.0000002229
542 0.0000002222
543 0.0000002214
544 0.0000002207
545 0.0000002199
546 0.0000002190
547 0.0000002182
548 0.0000002172
549 0.0000002162
550 0.0000002151
551 0.0000002139
552 0.0000002124
553 0.0000002106
554 0.0000002082
555 0.0000002048
556 0.0000001981
557 0.0000001763
558 0.0000000000
