0 990
0 0.9701014231
1 0.0066733294
2 0.0028054854
3 0.0019579607
4 0.0014449965
5 0.0011407355
6 0.0009410371
7 0.0007985559
8 0.0006915758
9 0.0006083865
10 0.0005419025
11 0.0004875728
12 0.0004423545
13 0.0004041421
14 0.0003714332
15 0.0003431267
16 0.0003183968
17 0.0002966122
18 0.0002772815
19 0.0002600171
20 0.0002445086
21 0.0002305050
22 0.0002178006
23 0.0002062258
24 0.0001956392
25 0.0001859219
26 0.0001769733
27 0.0001687078
28 0.0001610521
29 0.0001539428
30 0.0001473251
31 0.0001411512
32 0.0001353794
33 0.0001299730
34 0.0001248994
35 0.0001201301
36 0.0001156394
37 0.0001114048
38 0.0001074058
39 0.0001036241
40 0.0001000434
41 0.0000966487
42 0.0000934267
43 0.0000903652
44 0.0000874532
45 0.0000846805
46 0.0000820380
47 0.0000795173
48 0.0000771106
49 0.0000748109
50 0.0000726116
51 0.0000705067
52 0.0000684908
53 0.0000665586
54 0.0000647055
55 0.0000629270
56 0.0000612191
57 0.0000595779
58 0.0000580001
59 0.0000564821
60 0.0000550211
61 0.0000536140
62 0.0000522583
63 0.0000509514
64 0.0000496910
65 0.0000484749
66 0.0000473009
67 0.0000461672
68 0.0000450718
69 0.0000440132
70 0.0000429896
71 0.0000419995
72 0.0000410414
73 0.0000401141
74 0.0000392162
75 0.0000383464
76 0.0000375037
77 0.0000366868
78 0.0000358949
79 0.0000351268
80 0.0000343817
81 0.0000336586
82 0.0000329567
83 0.0000322752
84 0.0000316133
85 0.0000309704
86 0.0000303456
87 0.0000297383
88 0.0000291480
89 0.0000285740
90 0.0000280156
91 0.0000274725
92 0.0000269440
93 0.0000264295
94 0.0000259288
95 0.0000254413
96 0.0000249664
97 0.0000245039
98 0.0000240533
99 0.0000236143
100 0.0000231864
101 0.0000227692
102 0.0000223625
103 0.0000219660
104 0.0000215792
105 0.0000212020
106 0.0000208339
107 0.0000204747
108 0.0000201242
109 0.0000197821
110 0.0000194481
111 0.0000191220
112 0.0000188036
113 0.0000184926
114 0.0000181888
115 0.0000178920
116 0.0000176021
117 0.0000173187
118 0.0000170418
119 0.0000167711
120 0.0000165065
121 0.0000162477
122 0.0000159947
123 0.0000157473
124 0.0000155054
125 0.0000152687
126 0.0000150371
127 0.0000148106
128 0.0000145889
129 0.0000143719
130 0.0000141596
131 0.0000139517
132 0.0000137483
133 0.0000135491
134 0.0000133540
135 0.0000131630
136 0.0000129760
137 0.0000127928
138 0.0000126133
139 0.0000124375
140 0.0000122652
141 0.0000120964
142 0.0000119311
143 0.0000117690
144 0.0000116101
145 0.0000114544
146 0.0000113018
147 0.0000111521
148 0.0000110054
149 0.0000108616
150 0.0000107205
151 0.0000105821
152 0.0000104464
153 0.0000103133
154 0.0000101828
155 0.0000100547
156 0.0000099290
157 0.0000098057
158 0.0000096847
159 0.0000095660
160 0.0000094495
161 0.0000093351
162 0.0000092228
163 0.0000091126
164 0.0000090044
165 0.0000088982
166 0.0000087939
167 0.0000086915
168 0.0000085910
169 0.0000084922
170 0.0000083952
171 0.0000082999
172 0.0000082064
173 0.0000081144
174 0.0000080241
175 0.0000079354
176 0.0000078482
177 0.0000077626
178 0.0000076784
179 0.0000075956
180 0.0000075143
181 0.0000074344
182 0.0000073559
183 0.0000072787
184 0.0000072027
185 0.0000071281
186 0.0000070547
187 0.0000069826
188 0.0000069117
189 0.0000068419
190 0.0000067733
191 0.0000067058
192 0.0000066395
193 0.0000065742
194 0.0000065100
195 0.0000064468
196 0.0000063847
197 0.0000063235
198 0.0000062634
199 0.0000062042
200 0.0000061459
201 0.0000060886
202 0.0000060322
203 0.0000059767
204 0.0000059221
205 0.0000058683
206 0.0000058153
207 0.0000057632
208 0.0000057119
209 0.0000056614
210 0.0000056116
211 0.0000055627
212 0.0000055144
213 0.0000054669
214 0.0000054202
215 0.0000053741
216 0.0000053288
217 0.0000052841
218 0.0000052401
219 0.0000051967
220 0.0000051540
221 0.0000051119
222 0.0000050705
223 0.0000050296
224 0.0000049894
225 0.0000049497
226 0.0000049106
227 0.0000048721
228 0.0000048341
229 0.0000047967
230 0.0000047598
231 0.0000047235
232 0.0000046877
233 0.0000046523
234 0.0000046175
235 0.0000045832
236 0.0000045493
237 0.0000045160
238 0.0000044830
239 0.0000044506
240 0.0000044186
241 0.0000043870
242 0.0000043559
243 0.0000043252
244 0.0000042949
245 0.0000042650
246 0.0000042355
247 0.0000042065
248 0.0000041778
249 0.0000041495
250 0.0000041216
251 0.0000040940
252 0.0000040668
253 0.0000040400
254 0.0000040135
255 0.0000039874
256 0.0000039616
257 0.0000039361
258 0.0000039110
259 0.0000038862
260 0.0000038617
261 0.0000038376
262 0.0000038137
263 0.0000037901
264 0.0000037669
265 0.0000037439
266 0.0000037212
267 0.0000036988
268 0.0000036767
269 0.0000036549
270 0.0000036333
271 0.0000036120
272 0.0000035910
273 0.0000035702
274 0.0000035497
275 0.0000035294
276 0.0000035093
277 0.0000034895
278 0.0000034700
279 0.0000034507
280 0.0000034316
281 0.0000034127
282 0.0000033940
283 0.0000033756
284 0.0000033574
285 0.0000033394
286 0.0000033216
287 0.0000033040
288 0.0000032866
289 0.0000032695
290 0.0000032525
291 0.0000032357
292 0.0000032191
293 0.0000032026
294 0.0000031864
295 0.0000031704
296 0.0000031545
297 0.0000031388
298 0.0000031233
299 0.0000031079
300 0.0000030927
301 0.0000030777
302 0.0000030629
303 0.0000030482
304 0.0000030337
305 0.0000030193
306 0.0000030051
307 0.0000029910
308 0.0000029771
309 0.0000029633
310 0.0000029496
311 0.0000029362
312 0.0000029228
313 0.0000029096
314 0.0000028965
315 0.0000028836
316 0.0000028708
317 0.0000028581
318 0.0000028456
319 0.0000028332
320 0.0000028208
321 0.0000028087
322 0.0000027966
323 0.0000027847
324 0.0000027729
325 0.0000027612
326 0.0000027496
327 0.0000027382
328 0.0000027268
329 0.0000027156
330 0.0000027044
331 0.0000026934
332 0.0000026825
333 0.0000026717
334 0.0000026610
335 0.0000026504
336 0.0000026398
337 0.0000026294
338 0.0000026191
339 0.0000026089
340 0.0000025988
341 0.0000025887
342 0.0000025788
343 0.0000025689
344 0.0000025592
345 0.0000025495
346 0.0000025399
347 0.0000025304
348 0.0000025210
349 0.0000025116
350 0.0000025024
351 0.0000024932
352 0.0000024841
353 0.0000024751
354 0.0000024662
355 0.0000024573
356 0.0000024486
357 0.0000024399
358 0.0000024312
359 0.0000024227
360 0.0000024142
361 0.0000024058
362 0.0000023974
363 0.0000023892
364 0.0000023810
365 0.0000023728
366 0.0000023647
367 0.0000023568
368 0.0000023488
369 0.0000023410
370 0.0000023331
371 0.0000023254
372 0.0000023177
373 0.0000023101
374 0.0000023025
375 0.0000022950
376 0.0000022876
377 0.0000022802
378 0.0000022729
379 0.0000022656
380 0.0000022584
381 0.0000022512
382 0.0000022441
383 0.0000022371
384 0.0000022301
385 0.0000022231
386 0.0000022163
387 0.0000022094
388 0.0000022026
389 0.0000021959
390 0.0000021892
391 0.0000021826
392 0.0000021760
393 0.0000021694
394 0.0000021629
395 0.0000021565
396 0.0000021501
397 0.0000021437
398 0.0000021374
399 0.0000021311
400 0.0000021249
401 0.0000021187
402 0.0000021126
403 0.0000021065
404 0.0000021005
405 0.0000020945
406 0.0000020885
407 0.0000020826
408 0.0000020767
409 0.0000020708
410 0.0000020650
411 0.0000020593
412 0.0000020535
413 0.0000020479
414 0.0000020422
415 0.0000020366
416 0.0000020310
417 0.0000020255
418 0.0000020200
419 0.0000020145
420 0.0000020091
421 0.0000020037
422 0.0000019983
423 0.0000019930
424 0.0000019877
425 0.0000019824
426 0.0000019772
427 0.0000019720
428 0.0000019668
429 0.0000019617
430 0.0000019566
431 0.0000019515
432 0.0000019465
433 0.0000019415
434 0.0000019365
435 0.0000019315
436 0.0000019266
437 0.0000019217
438 0.0000019169
439 0.0000019120
440 0.0000019073
441 0.0000019025
442 0.0000018977
443 0.0000018930
444 0.0000018883
445 0.0000018837
446 0.0000018791
447 0.0000018744
448 0.0000018699
449 0.0000018653
450 0.0000018608
451 0.0000018563
452 0.0000018518
453 0.0000018473
454 0.0000018429
455 0.0000018385
456 0.0000018341
457 0.0000018298
458 0.0000018255
459 0.0000018211
460 0.0000018169
461 0.0000018126
462 0.0000018084
463 0.0000018042
464 0.0000018000
465 0.0000017958
466 0.0000017916
467 0.0000017875
468 0.0000017834
469 0.0000017793
470 0.0000017753
471 0.0000017712
472 0.0000017672
473 0.0000017632
474 0.0000017593
475 0.0000017553
476 0.0000017514
477 0.0000017475
478 0.0000017436
479 0.0000017397
480 0.0000017358
481 0.0000017320
482 0.0000017282
483 0.0000017244
484 0.0000017206
485 0.0000017168
486 0.0000017131
487 0.0000017094
488 0.0000017057
489 0.0000017020
490 0.0000016983
491 0.0000016947
492 0.0000016911
493 0.0000016874
494 0.0000016838
495 0.0000016803
496 0.0000016767
497 0.0000016731
498 0.0000016696
499 0.0000016661
500 0.0000016626
501 0.0000016591
502 0.0000016557
503 0.0000016522
504 0.0000016488
505 0.0000016454
506 0.0000016420
507 0.0000016386
508 0.0000016352
509 0.0000016319
510 0.0000016285
511 0.0000016252
512 0.0000016219
513 0.0000016186
514 0.0000016153
515 0.0000016121
516 0.0000016088
517 0.0000016056
518 0.0000016024
519 0.0000015992
520 0.0000015960
521 0.0000015928
522 0.0000015896
523 0.0000015865
524 0.0000015833
525 0.0000015802
526 0.0000015771
527 0.0000015740
528 0.0000015709
529 0.0000015679
530 0.0000015648
531 0.0000015618
532 0.0000015587
533 0.0000015557
534 0.0000015527
535 0.0000015497
536 0.0000015467
537 0.0000015438
538 0.0000015408
539 0.0000015379
540 0.0000015349
541 0.0000015320
542 0.0000015291
543 0.0000015262
544 0.0000015233
545 0.0000015205
546 0.0000015176
547 0.0000015148
548 0.0000015119
549 0.0000015091
550 0.0000015063
551 0.0000015035
552 0.0000015007
553 0.0000014979
554 0.0000014951
555 0.0000014924
556 0.0000014896
557 0.0000014869
558 0.0000014842
559 0.0000014815
560 0.0000014787
561 0.0000014761
562 0.0000014734
563 0.0000014707
564 0.0000014680
565 0.0000014654
566 0.0000014627
567 0.0000014601
568 0.0000014575
569 0.0000014549
570 0.0000014523
571 0.0000014497
572 0.0000014471
573 0.0000014445
574 0.0000014420
575 0.0000014394
576 0.0000014369
577 0.0000014343
578 0.0000014318
579 0.0000014293
580 0.0000014268
581 0.0000014243
582 0.0000014218
583 0.0000014193
584 0.0000014169
585 0.0000014144
586 0.0000014119
587 0.0000014095
588 0.0000014071
589 0.0000014046
590 0.0000014022
591 0.0000013998
592 0.0000013974
593 0.0000013950
594 0.0000013927
595 0.0000013903
596 0.0000013879
597 0.0000013856
598 0.0000013832
599 0.0000013809
600 0.0000013785
601 0.0000013762
602 0.0000013739
603 0.0000013716
604 0.0000013693
605 0.0000013670
606 0.0000013647
607 0.0000013625
608 0.0000013602
609 0.0000013579
610 0.0000013557
611 0.0000013534
612 0.0000013512
613 0.0000013490
614 0.0000013467
615 0.0000013445
616 0.0000013423
617 0.0000013401
618 0.0000013379
619 0.0000013358
620 0.0000013336
621 0.0000013314
622 0.0000013293
623 0.0000013271
624 0.0000013249
625 0.0000013228
626 0.0000013207
627 0.0000013186
628 0.0000013164
629 0.0000013143
630 0.0000013122
631 0.0000013101
632 0.0000013080
633 0.0000013059
634 0.0000013039
635 0.0000013018
636 0.0000012997
637 0.0000012977
638 0.0000012956
639 0.0000012936
640 0.0000012915
641 0.0000012895
642 0.0000012875
643 0.0000012855
644 0.0000012835
645 0.0000012815
646 0.0000012795
647 0.0000012775
648 0.0000012755
649 0.0000012735
650 0.0000012715
651 0.0000012696
652 0.0000012676
653 0.0000012657
654 0.0000012637
655 0.0000012618
656 0.0000012598
657 0.0000012579
658 0.0000012560
659 0.0000012540
660 0.0000012521
661 0.0000012502
662 0.0000012483
663 0.0000012464
664 0.0000012446
665 0.0000012427
666 0.0000012408
667 0.0000012389
668 0.0000012371
669 0.0000012352
670 0.0000012333
671 0.0000012315
672 0.0000012296
673 0.0000012278
674 0.0000012260
675 0.0000012242
676 0.0000012223
677 0.0000012205
678 0.0000012187
679 0.0000012169
680 0.0000012151
681 0.0000012133
682 0.0000012115
683 0.0000012098
684 0.0000012080
685 0.0000012062
686 0.0000012044
687 0.0000012027
688 0.0000012009
689 0.0000011992
690 0.0000011974
691 0.0000011957
692 0.0000011939
693 0.0000011922
694 0.0000011905
695 0.0000011888
696 0.0000011871
697 0.0000011853
698 0.0000011836
699 0.0000011819
700 0.0000011803
701 0.0000011786
702 0.0000011769
703 0.0000011752
704 0.0000011735
705 0.0000011718
706 0.0000011702
707 0.0000011685
708 0.0000011669
709 0.0000011652
710 0.0000011636
711 0.0000011619
712 0.0000011603
713 0.0000011586
714 0.0000011570
715 0.0000011554
716 0.0000011538
717 0.0000011521
718 0.0000011505
719 0.0000011489
720 0.0000011473
721 0.0000011457
722 0.0000011442
723 0.0000011426
724 0.0000011410
725 0.0000011394
726 0.0000011378
727 0.0000011363
728 0.0000011347
729 0.0000011331
730 0.0000011316
731 0.0000011300
732 0.0000011285
733 0.0000011269
734 0.0000011254
735 0.0000011239
736 0.0000011223
737 0.0000011208
738 0.0000011193
739 0.0000011177
740 0.0000011162
741 0.0000011147
742 0.0000011132
743 0.0000011117
744 0.0000011102
745 0.0000011087
746 0.0000011072
747 0.0000011057
748 0.0000011043
749 0.0000011028
750 0.0000011013
751 0.0000010998
752 0.0000010984
753 0.0000010969
754 0.0000010955
755 0.0000010940
756 0.0000010925
757 0.0000010911
758 0.0000010896
759 0.0000010882
760 0.0000010868
761 0.0000010853
762 0.0000010839
763 0.0000010825
764 0.0000010811
765 0.0000010797
766 0.0000010782
767 0.0000010768
768 0.0000010754
769 0.0000010740
770 0.0000010726
771 0.0000010712
772 0.0000010698
773 0.0000010685
774 0.0000010671
775 0.0000010657
776 0.0000010643
777 0.0000010629
778 0.0000010616
779 0.0000010602
780 0.0000010588
781 0.0000010575
782 0.0000010561
783 0.0000010548
784 0.0000010534
785 0.0000010521
786 0.0000010507
787 0.0000010494
788 0.0000010480
789 0.0000010467
790 0.0000010454
791 0.0000010441
792 0.0000010427
793 0.0000010414
794 0.0000010401
795 0.0000010388
796 0.0000010375
797 0.0000010362
798 0.0000010349
799 0.0000010336
800 0.0000010323
801 0.0000010310
802 0.0000010297
803 0.0000010284
804 0.0000010271
805 0.0000010259
806 0.0000010246
807 0.0000010233
808 0.0000010220
809 0.0000010208
810 0.0000010195
811 0.0000010182
812 0.0000010170
813 0.0000010157
814 0.0000010145
815 0.0000010132
816 0.0000010120
817 0.0000010108
818 0.0000010095
819 0.0000010083
820 0.0000010070
821 0.0000010058
822 0.0000010046
823 0.0000010034
824 0.0000010021
825 0.0000010009
826 0.0000009997
827 0.0000009985
828 0.0000009973
829 0.0000009961
830 0.0000009949
831 0.0000009937
832 0.0000009925
833 0.0000009913
834 0.0000009901
835 0.0000009889
836 0.0000009877
837 0.0000009865
838 0.0000009853
839 0.0000009842
840 0.0000009830
841 0.0000009818
842 0.0000009807
843 0.0000009795
844 0.0000009783
845 0.0000009772
846 0.0000009760
847 0.0000009748
848 0.0000009737
849 0.0000009725
850 0.0000009714
851 0.0000009703
852 0.0000009691
853 0.0000009680
854 0.0000009668
855 0.0000009657
856 0.0000009646
857 0.0000009634
858 0.0000009623
859 0.0000009612
860 0.0000009601
861 0.0000009589
862 0.0000009578
863 0.0000009567
864 0.0000009556
865 0.0000009545
866 0.0000009534
867 0.0000009523
868 0.0000009512
869 0.0000009501
870 0.0000009490
871 0.0000009479
872 0.0000009468
873 0.0000009457
874 0.0000009446
875 0.0000009436
876 0.0000009425
877 0.0000009414
878 0.0000009403
879 0.0000009392
880 0.0000009382
881 0.0000009371
882 0.0000009360
883 0.0000009350
884 0.0000009339
885 0.0000009329
886 0.0000009318
887 0.0000009307
888 0.0000009297
889 0.0000009286
890 0.0000009276
891 0.0000009266
892 0.0000009255
893 0.0000009245
894 0.0000009234
895 0.0000009224
896 0.0000009214
897 0.0000009203
898 0.0000009193
899 0.0000009183
900 0.0000009173
901 0.0000009162
902 0.0000009152
903 0.0000009142
904 0.0000009132
905 0.0000009122
906 0.0000009112
907 0.0000009101
908 0.0000009091
909 0.0000009081
910 0.0000009071
911 0.0000009061
912 0.0000009051
913 0.0000009041
914 0.0000009032
915 0.0000009022
916 0.0000009012
917 0.0000009002
918 0.0000008992
919 0.0000008982
920 0.0000008972
921 0.0000008963
922 0.0000008953
923 0.0000008943
924 0.0000008933
925 0.0000008924
926 0.0000008914
927 0.0000008904
928 0.0000008895
929 0.0000008885
930 0.0000008876
931 0.0000008866
932 0.0000008856
933 0.0000008847
934 0.0000008837
935 0.0000008828
936 0.0000008818
937 0.0000008809
938 0.0000008800
939 0.0000008790
940 0.0000008781
941 0.0000008771
942 0.0000008762
943 0.0000008753
944 0.0000008743
945 0.0000008734
946 0.0000008725
947 0.0000008716
948 0.0000008706
949 0.0000008697
950 0.0000008688
951 0.0000008679
952 0.0000008670
953 0.0000008660
954 0.0000008651
955 0.0000008642
956 0.0000008633
957 0.0000008624
958 0.0000008615
959 0.0000008606
960 0.0000008597
961 0.0000008588
962 0.0000008579
963 0.0000008570
964 0.0000008561
965 0.0000008552
966 0.0000008543
967 0.0000008534
968 0.0000008526
969 0.0000008517
970 0.0000008508
971 0.0000008499
972 0.0000008490
973 0.0000008482
974 0.0000008473
975 0.0000008464
976 0.0000008455
977 0.0000008447
978 0.0000008438
979 0.0000008429
980 0.0000008421
981 0.0000008412
982 0.0000008403
983 0.0000008395
984 0.0000008386
985 0.0000008378
986 0.0000008369
987 0.0000008361
988 0.0000008352
989 0.0000008344
990 0.0000008335
