0 818
0 0.9810864103
1 0.0057738122
2 0.0022624745
3 0.0015002774
4 0.0010448058
5 0.0007790226
6 0.0006081130
7 0.0004889292
8 0.0004016533
9 0.0003356068
10 0.0002843384
11 0.0002437121
12 0.0002109698
13 0.0001842090
14 0.0001620775
15 0.0001435892
16 0.0001280090
17 0.0001147782
18 0.0001034658
19 0.0000937343
20 0.0000853163
21 0.0000779977
22 0.0000716050
23 0.0000659971
24 0.0000610578
25 0.0000566907
26 0.0000528159
27 0.0000493660
28 0.0000462845
29 0.0000435234
30 0.0000410420
31 0.0000388055
32 0.0000367841
33 0.0000349519
34 0.0000332870
35 0.0000317701
36 0.0000303845
37 0.0000291157
38 0.0000279511
39 0.0000268795
40 0.0000258912
41 0.0000249777
42 0.0000241313
43 0.0000233456
44 0.0000226145
45 0.0000219328
46 0.0000212959
47 0.0000206997
48 0.0000201404
49 0.0000196149
50 0.0000191201
51 0.0000186535
52 0.0000182126
53 0.0000177954
54 0.0000173999
55 0.0000170245
56 0.0000166675
57 0.0000163276
58 0.0000160035
59 0.0000156941
60 0.0000153982
61 0.0000151150
62 0.0000148436
63 0.0000145832
64 0.0000143331
65 0.0000140927
66 0.0000138612
67 0.0000136382
68 0.0000134231
69 0.0000132156
70 0.0000130151
71 0.0000128213
72 0.0000126338
73 0.0000124522
74 0.0000122763
75 0.0000121058
76 0.0000119403
77 0.0000117797
78 0.0000116237
79 0.0000114720
80 0.0000113246
81 0.0000111812
82 0.0000110415
83 0.0000109055
84 0.0000107731
85 0.0000106439
86 0.0000105180
87 0.0000103952
88 0.0000102753
89 0.0000101583
90 0.0000100440
91 0.0000099324
92 0.0000098233
93 0.0000097166
94 0.0000096123
95 0.0000095103
96 0.0000094105
97 0.0000093128
98 0.0000092171
99 0.0000091235
100 0.0000090318
101 0.0000089419
102 0.0000088538
103 0.0000087675
104 0.0000086828
105 0.0000085999
106 0.0000085185
107 0.0000084386
108 0.0000083602
109 0.0000082834
110 0.0000082079
111 0.0000081338
112 0.0000080610
113 0.0000079895
114 0.0000079193
115 0.0000078503
116 0.0000077826
117 0.0000077160
118 0.0000076505
119 0.0000075861
120 0.0000075228
121 0.0000074606
122 0.0000073994
123 0.0000073392
124 0.0000072800
125 0.0000072217
126 0.0000071643
127 0.0000071079
128 0.0000070523
129 0.0000069976
130 0.0000069438
131 0.0000068907
132 0.0000068385
133 0.0000067871
134 0.0000067364
135 0.0000066865
136 0.0000066373
137 0.0000065888
138 0.0000065411
139 0.0000064940
140 0.0000064476
141 0.0000064019
142 0.0000063568
143 0.0000063123
144 0.0000062685
145 0.0000062252
146 0.0000061826
147 0.0000061405
148 0.0000060990
149 0.0000060581
150 0.0000060177
151 0.0000059778
152 0.0000059385
153 0.0000058996
154 0.0000058613
155 0.0000058235
156 0.0000057862
157 0.0000057493
158 0.0000057129
159 0.0000056770
160 0.0000056415
161 0.0000056064
162 0.0000055718
163 0.0000055376
164 0.0000055039
165 0.0000054705
166 0.0000054376
167 0.0000054050
168 0.0000053728
169 0.0000053410
170 0.0000053096
171 0.0000052785
172 0.0000052478
173 0.0000052175
174 0.0000051875
175 0.0000051579
176 0.0000051285
177 0.0000050996
178 0.0000050709
179 0.0000050426
180 0.0000050146
181 0.0000049869
182 0.0000049594
183 0.0000049323
184 0.0000049055
185 0.0000048790
186 0.0000048528
187 0.0000048268
188 0.0000048011
189 0.0000047757
190 0.0000047506
191 0.0000047257
192 0.0000047011
193 0.0000046767
194 0.0000046526
195 0.0000046288
196 0.0000046051
197 0.0000045818
198 0.0000045586
199 0.0000045357
200 0.0000045130
201 0.0000044906
202 0.0000044683
203 0.0000044463
204 0.0000044245
205 0.0000044029
206 0.0000043815
207 0.0000043604
208 0.0000043394
209 0.0000043186
210 0.0000042981
211 0.0000042777
212 0.0000042575
213 0.0000042375
214 0.0000042177
215 0.0000041981
216 0.0000041787
217 0.0000041594
218 0.0000041403
219 0.0000041214
220 0.0000041027
221 0.0000040841
222 0.0000040657
223 0.0000040475
224 0.0000040294
225 0.0000040115
226 0.0000039937
227 0.0000039761
228 0.0000039587
229 0.0000039414
230 0.0000039242
231 0.0000039072
232 0.0000038904
233 0.0000038737
234 0.0000038571
235 0.0000038407
236 0.0000038244
237 0.0000038083
238 0.0000037923
239 0.0000037764
240 0.0000037607
241 0.0000037451
242 0.0000037296
243 0.0000037143
244 0.0000036990
245 0.0000036839
246 0.0000036689
247 0.0000036541
248 0.0000036393
249 0.0000036247
250 0.0000036102
251 0.0000035958
252 0.0000035816
253 0.0000035674
254 0.0000035534
255 0.0000035394
256 0.0000035256
257 0.0000035119
258 0.0000034982
259 0.0000034847
260 0.0000034713
261 0.0000034580
262 0.0000034448
263 0.0000034317
264 0.0000034187
265 0.0000034058
266 0.0000033930
267 0.0000033803
268 0.0000033677
269 0.0000033552
270 0.0000033427
271 0.0000033304
272 0.0000033181
273 0.0000033060
274 0.0000032939
275 0.0000032819
276 0.0000032700
277 0.0000032582
278 0.0000032465
279 0.0000032349
280 0.0000032233
281 0.0000032118
282 0.0000032004
283 0.0000031891
284 0.0000031779
285 0.0000031667
286 0.0000031557
287 0.0000031447
288 0.0000031337
289 0.0000031229
290 0.0000031121
291 0.0000031014
292 0.0000030908
293 0.0000030802
294 0.0000030698
295 0.0000030593
296 0.0000030490
297 0.0000030387
298 0.0000030285
299 0.0000030184
300 0.0000030083
301 0.0000029983
302 0.0000029884
303 0.0000029785
304 0.0000029687
305 0.0000029590
306 0.0000029493
307 0.0000029397
308 0.0000029302
309 0.0000029207
310 0.0000029113
311 0.0000029019
312 0.0000028926
313 0.0000028833
314 0.0000028742
315 0.0000028650
316 0.0000028560
317 0.0000028470
318 0.0000028380
319 0.0000028291
320 0.0000028203
321 0.0000028115
322 0.0000028027
323 0.0000027940
324 0.0000027854
325 0.0000027768
326 0.0000027683
327 0.0000027599
328 0.0000027514
329 0.0000027431
330 0.0000027348
331 0.0000027265
332 0.0000027183
333 0.0000027101
334 0.0000027020
335 0.0000026939
336 0.0000026859
337 0.0000026779
338 0.0000026700
339 0.0000026621
340 0.0000026543
341 0.0000026465
342 0.0000026388
343 0.0000026311
344 0.0000026234
345 0.0000026158
346 0.0000026082
347 0.0000026007
348 0.0000025932
349 0.0000025858
350 0.0000025784
351 0.0000025711
352 0.0000025638
353 0.0000025565
354 0.0000025493
355 0.0000025421
356 0.0000025349
357 0.0000025278
358 0.0000025208
359 0.0000025137
360 0.0000025068
361 0.0000024998
362 0.0000024929
363 0.0000024860
364 0.0000024792
365 0.0000024724
366 0.0000024656
367 0.0000024589
368 0.0000024522
369 0.0000024456
370 0.0000024390
371 0.0000024324
372 0.0000024259
373 0.0000024193
374 0.0000024129
375 0.0000024064
376 0.0000024000
377 0.0000023937
378 0.0000023873
379 0.0000023810
380 0.0000023748
381 0.0000023685
382 0.0000023623
383 0.0000023561
384 0.0000023500
385 0.0000023439
386 0.0000023378
387 0.0000023318
388 0.0000023258
389 0.0000023198
390 0.0000023138
391 0.0000023079
392 0.0000023020
393 0.0000022962
394 0.0000022903
395 0.0000022845
396 0.0000022787
397 0.0000022730
398 0.0000022673
399 0.0000022616
400 0.0000022559
401 0.0000022503
402 0.0000022447
403 0.0000022391
404 0.0000022336
405 0.0000022281
406 0.0000022226
407 0.0000022171
408 0.0000022117
409 0.0000022063
410 0.0000022009
411 0.0000021955
412 0.0000021902
413 0.0000021849
414 0.0000021796
415 0.0000021744
416 0.0000021691
417 0.0000021639
418 0.0000021587
419 0.0000021536
420 0.0000021484
421 0.0000021433
422 0.0000021383
423 0.0000021332
424 0.0000021282
425 0.0000021232
426 0.0000021182
427 0.0000021132
428 0.0000021083
429 0.0000021033
430 0.0000020985
431 0.0000020936
432 0.0000020887
433 0.0000020839
434 0.0000020791
435 0.0000020743
436 0.0000020696
437 0.0000020648
438 0.0000020601
439 0.0000020554
440 0.0000020507
441 0.0000020461
442 0.0000020414
443 0.0000020368
444 0.0000020322
445 0.0000020277
446 0.0000020231
447 0.0000020186
448 0.0000020141
449 0.0000020096
450 0.0000020051
451 0.0000020007
452 0.0000019962
453 0.0000019918
454 0.0000019874
455 0.0000019831
456 0.0000019787
457 0.0000019744
458 0.0000019701
459 0.0000019658
460 0.0000019615
461 0.0000019572
462 0.0000019530
463 0.0000019488
464 0.0000019446
465 0.0000019404
466 0.0000019362
467 0.0000019321
468 0.0000019279
469 0.0000019238
470 0.0000019197
471 0.0000019156
472 0.0000019116
473 0.0000019075
474 0.0000019035
475 0.0000018995
476 0.0000018955
477 0.0000018915
478 0.0000018876
479 0.0000018836
480 0.0000018797
481 0.0000018758
482 0.0000018719
483 0.0000018680
484 0.0000018641
485 0.0000018603
486 0.0000018565
487 0.0000018526
488 0.0000018488
489 0.0000018451
490 0.0000018413
491 0.0000018375
492 0.0000018338
493 0.0000018301
494 0.0000018264
495 0.0000018227
496 0.0000018190
497 0.0000018153
498 0.0000018117
499 0.0000018081
500 0.0000018044
501 0.0000018008
502 0.0000017972
503 0.0000017937
504 0.0000017901
505 0.0000017865
506 0.0000017830
507 0.0000017795
508 0.0000017760
509 0.0000017725
510 0.0000017690
511 0.0000017656
512 0.0000017621
513 0.0000017587
514 0.0000017552
515 0.0000017518
516 0.0000017484
517 0.0000017450
518 0.0000017417
519 0.0000017383
520 0.0000017350
521 0.0000017316
522 0.0000017283
523 0.0000017250
524 0.0000017217
525 0.0000017184
526 0.0000017151
527 0.0000017119
528 0.0000017086
529 0.0000017054
530 0.0000017022
531 0.0000016990
532 0.0000016958
533 0.0000016926
534 0.0000016894
535 0.0000016863
536 0.0000016831
537 0.0000016800
538 0.0000016768
539 0.0000016737
540 0.0000016706
541 0.0000016675
542 0.0000016645
543 0.0000016614
544 0.0000016583
545 0.0000016553
546 0.0000016522
547 0.0000016492
548 0.0000016462
549 0.0000016432
550 0.0000016402
551 0.0000016372
552 0.0000016343
553 0.0000016313
554 0.0000016284
555 0.0000016254
556 0.0000016225
557 0.0000016196
558 0.0000016167
559 0.0000016138
560 0.0000016109
561 0.0000016080
562 0.0000016051
563 0.0000016023
564 0.0000015994
565 0.0000015966
566 0.0000015938
567 0.0000015910
568 0.0000015882
569 0.0000015854
570 0.0000015826
571 0.0000015798
572 0.0000015770
573 0.0000015743
574 0.0000015715
575 0.0000015688
576 0.0000015661
577 0.0000015634
578 0.0000015606
579 0.0000015579
580 0.0000015553
581 0.0000015526
582 0.0000015499
583 0.0000015472
584 0.0000015446
585 0.0000015419
586 0.0000015393
587 0.0000015367
588 0.0000015341
589 0.0000015315
590 0.0000015289
591 0.0000015263
592 0.0000015237
593 0.0000015211
594 0.0000015185
595 0.0000015160
596 0.0000015134
597 0.0000015109
598 0.0000015084
599 0.0000015059
600 0.0000015033
601 0.0000015008
602 0.0000014983
603 0.0000014958
604 0.0000014934
605 0.0000014909
606 0.0000014884
607 0.0000014860
608 0.0000014835
609 0.0000014811
610 0.0000014787
611 0.0000014762
612 0.0000014738
613 0.0000014714
614 0.0000014690
615 0.0000014666
616 0.0000014642
617 0.0000014618
618 0.0000014595
619 0.0000014571
620 0.0000014548
621 0.0000014524
622 0.0000014501
623 0.0000014477
624 0.0000014454
625 0.0000014431
626 0.0000014408
627 0.0000014385
628 0.0000014362
629 0.0000014339
630 0.0000014316
631 0.0000014294
632 0.0000014271
633 0.0000014248
634 0.0000014226
635 0.0000014203
636 0.0000014181
637 0.0000014159
638 0.0000014136
639 0.0000014114
640 0.0000014092
641 0.0000014070
642 0.0000014048
643 0.0000014026
644 0.0000014004
645 0.0000013983
646 0.0000013961
647 0.0000013939
648 0.0000013918
649 0.0000013896
650 0.0000013875
651 0.0000013853
652 0.0000013832
653 0.0000013811
654 0.0000013790
655 0.0000013769
656 0.0000013748
657 0.0000013727
658 0.0000013706
659 0.0000013685
660 0.0000013664
661 0.0000013643
662 0.0000013623
663 0.0000013602
664 0.0000013582
665 0.0000013561
666 0.0000013541
667 0.0000013520
668 0.0000013500
669 0.0000013480
670 0.0000013460
671 0.0000013440
672 0.0000013420
673 0.0000013400
674 0.0000013380
675 0.0000013360
676 0.0000013340
677 0.0000013320
678 0.0000013301
679 0.0000013281
680 0.0000013261
681 0.0000013242
682 0.0000013222
683 0.0000013203
684 0.0000013184
685 0.0000013164
686 0.0000013145
687 0.0000013126
688 0.0000013107
689 0.0000013088
690 0.0000013069
691 0.0000013050
692 0.0000013031
693 0.0000013012
694 0.0000012993
695 0.0000012974
696 0.0000012956
697 0.0000012937
698 0.0000012918
699 0.0000012900
700 0.0000012881
701 0.0000012863
702 0.0000012845
703 0.0000012826
704 0.0000012808
705 0.0000012790
706 0.0000012772
707 0.0000012754
708 0.0000012735
709 0.0000012717
710 0.0000012699
711 0.0000012682
712 0.0000012664
713 0.0000012646
714 0.0000012628
715 0.0000012610
716 0.0000012593
717 0.0000012575
718 0.0000012558
719 0.0000012540
720 0.0000012523
721 0.0000012505
722 0.0000012488
723 0.0000012470
724 0.0000012453
725 0.0000012436
726 0.0000012419
727 0.0000012402
728 0.0000012385
729 0.0000012367
730 0.0000012350
731 0.0000012334
732 0.0000012317
733 0.0000012300
734 0.0000012283
735 0.0000012266
736 0.0000012249
737 0.0000012233
738 0.0000012216
739 0.0000012200
740 0.0000012183
741 0.0000012167
742 0.0000012150
743 0.0000012134
744 0.0000012117
745 0.0000012101
746 0.0000012085
747 0.0000012068
748 0.0000012052
749 0.0000012036
750 0.0000012020
751 0.0000012004
752 0.0000011988
753 0.0000011972
754 0.0000011956
755 0.0000011940
756 0.0000011924
757 0.0000011908
758 0.0000011893
759 0.0000011877
760 0.0000011861
761 0.0000011846
762 0.0000011830
763 0.0000011814
764 0.0000011799
765 0.0000011783
766 0.0000011768
767 0.0000011753
768 0.0000011737
769 0.0000011722
770 0.0000011707
771 0.0000011691
772 0.0000011676
773 0.0000011661
774 0.0000011646
775 0.0000011631
776 0.0000011616
777 0.0000011601
778 0.0000011586
779 0.0000011571
780 0.0000011556
781 0.0000011541
782 0.0000011526
783 0.0000011511
784 0.0000011497
785 0.0000011482
786 0.0000011467
787 0.0000011453
788 0.0000011438
789 0.0000011423
790 0.0000011409
791 0.0000011394
792 0.0000011380
793 0.0000011366
794 0.0000011351
795 0.0000011337
796 0.0000011323
797 0.0000011308
798 0.0000011294
799 0.0000011280
800 0.0000011266
801 0.0000011251
802 0.0000011237
803 0.0000011223
804 0.0000011209
805 0.0000011195
806 0.0000011181
807 0.0000011167
808 0.0000011154
809 0.0000011140
810 0.0000011126
811 0.0000011112
812 0.0000011098
813 0.0000011085
814 0.0000011071
815 0.0000011057
816 0.0000011044
817 0.0000011030
818 0.0000011016
