1 348
0 0.9826089748
1 0.0048442921
2 0.0018830250
3 0.0012476827
4 0.0008738579
5 0.0006594569
6 0.0005238997
7 0.0004307800
8 0.0003634406
9 0.0003129628
10 0.0002740128
11 0.0002432143
12 0.0002183482
13 0.0001979083
14 0.0001808426
15 0.0001663974
16 0.0001540211
17 0.0001433025
18 0.0001339298
19 0.0001256632
20 0.0001183155
21 0.0001117395
22 0.0001058171
23 0.0001004536
24 0.0000955715
25 0.0000911072
26 0.0000870080
27 0.0000832300
28 0.0000797358
29 0.0000764942
30 0.0000734781
31 0.0000706645
32 0.0000680334
33 0.0000655675
34 0.0000632516
35 0.0000610722
36 0.0000590178
37 0.0000570778
38 0.0000552431
39 0.0000535053
40 0.0000518570
41 0.0000502915
42 0.0000488029
43 0.0000473857
44 0.0000460350
45 0.0000447463
46 0.0000435155
47 0.0000423389
48 0.0000412131
49 0.0000401348
50 0.0000391014
51 0.0000381100
52 0.0000371583
53 0.0000362441
54 0.0000353651
55 0.0000345194
56 0.0000337054
57 0.0000329212
58 0.0000321654
59 0.0000314365
60 0.0000307330
61 0.0000300539
62 0.0000293978
63 0.0000287638
64 0.0000281506
65 0.0000275574
66 0.0000269833
67 0.0000264273
68 0.0000258887
69 0.0000253667
70 0.0000248607
71 0.0000243698
72 0.0000238935
73 0.0000234312
74 0.0000229823
75 0.0000225462
76 0.0000221224
77 0.0000217105
78 0.0000213100
79 0.0000209205
80 0.0000205415
81 0.0000201726
82 0.0000198135
83 0.0000194638
84 0.0000191231
85 0.0000187912
86 0.0000184677
87 0.0000181524
88 0.0000178449
89 0.0000175450
90 0.0000172524
91 0.0000169668
92 0.0000166881
93 0.0000164161
94 0.0000161504
95 0.0000158909
96 0.0000156374
97 0.0000153898
98 0.0000151477
99 0.0000149111
100 0.0000146798
101 0.0000144536
102 0.0000142323
103 0.0000140159
104 0.0000138042
105 0.0000135970
106 0.0000133942
107 0.0000131956
108 0.0000130013
109 0.0000128110
110 0.0000126245
111 0.0000124420
112 0.0000122631
113 0.0000120878
114 0.0000119161
115 0.0000117477
116 0.0000115827
117 0.0000114209
118 0.0000112623
119 0.0000111067
120 0.0000109541
121 0.0000108045
122 0.0000106577
123 0.0000105136
124 0.0000103722
125 0.0000102335
126 0.0000100973
127 0.0000099636
128 0.0000098324
129 0.0000097036
130 0.0000095770
131 0.0000094528
132 0.0000093307
133 0.0000092108
134 0.0000090930
135 0.0000089773
136 0.0000088636
137 0.0000087519
138 0.0000086420
139 0.0000085341
140 0.0000084280
141 0.0000083237
142 0.0000082211
143 0.0000081203
144 0.0000080211
145 0.0000079236
146 0.0000078277
147 0.0000077333
148 0.0000076405
149 0.0000075492
150 0.0000074594
151 0.0000073710
152 0.0000072840
153 0.0000071984
154 0.0000071142
155 0.0000070313
156 0.0000069497
157 0.0000068693
158 0.0000067902
159 0.0000067123
160 0.0000066356
161 0.0000065601
162 0.0000064858
163 0.0000064125
164 0.0000063404
165 0.0000062693
166 0.0000061994
167 0.0000061304
168 0.0000060625
169 0.0000059956
170 0.0000059296
171 0.0000058646
172 0.0000058006
173 0.0000057375
174 0.0000056753
175 0.0000056140
176 0.0000055536
177 0.0000054940
178 0.0000054353
179 0.0000053774
180 0.0000053204
181 0.0000052641
182 0.0000052086
183 0.0000051539
184 0.0000051000
185 0.0000050468
186 0.0000049943
187 0.0000049425
188 0.0000048915
189 0.0000048411
190 0.0000047914
191 0.0000047424
192 0.0000046941
193 0.0000046464
194 0.0000045993
195 0.0000045529
196 0.0000045070
197 0.0000044618
198 0.0000044172
199 0.0000043732
200 0.0000043297
201 0.0000042868
202 0.0000042444
203 0.0000042027
204 0.0000041614
205 0.0000041207
206 0.0000040804
207 0.0000040407
208 0.0000040016
209 0.0000039629
210 0.0000039246
211 0.0000038869
212 0.0000038497
213 0.0000038129
214 0.0000037765
215 0.0000037406
216 0.0000037052
217 0.0000036702
218 0.0000036356
219 0.0000036015
220 0.0000035677
221 0.0000035344
222 0.0000035015
223 0.0000034690
224 0.0000034368
225 0.0000034051
226 0.0000033737
227 0.0000033427
228 0.0000033121
229 0.0000032818
230 0.0000032519
231 0.0000032224
232 0.0000031932
233 0.0000031643
234 0.0000031358
235 0.0000031076
236 0.0000030797
237 0.0000030522
238 0.0000030249
239 0.0000029980
240 0.0000029714
241 0.0000029451
242 0.0000029191
243 0.0000028934
244 0.0000028680
245 0.0000028429
246 0.0000028181
247 0.0000027935
248 0.0000027692
249 0.0000027452
250 0.0000027214
251 0.0000026980
252 0.0000026747
253 0.0000026518
254 0.0000026290
255 0.0000026066
256 0.0000025844
257 0.0000025624
258 0.0000025406
259 0.0000025191
260 0.0000024979
261 0.0000024768
262 0.0000024560
263 0.0000024354
264 0.0000024151
265 0.0000023949
266 0.0000023750
267 0.0000023552
268 0.0000023357
269 0.0000023164
270 0.0000022973
271 0.0000022784
272 0.0000022597
273 0.0000022411
274 0.0000022228
275 0.0000022047
276 0.0000021867
277 0.0000021690
278 0.0000021514
279 0.0000021340
280 0.0000021168
281 0.0000020997
282 0.0000020828
283 0.0000020661
284 0.0000020496
285 0.0000020332
286 0.0000020170
287 0.0000020010
288 0.0000019851
289 0.0000019693
290 0.0000019538
291 0.0000019383
292 0.0000019231
293 0.0000019079
294 0.0000018929
295 0.0000018781
296 0.0000018634
297 0.0000018488
298 0.0000018344
299 0.0000018201
300 0.0000018060
301 0.0000017920
302 0.0000017781
303 0.0000017643
304 0.0000017507
305 0.0000017372
306 0.0000017238
307 0.0000017105
308 0.0000016973
309 0.0000016843
310 0.0000016713
311 0.0000016585
312 0.0000016458
313 0.0000016332
314 0.0000016206
315 0.0000016082
316 0.0000015959
317 0.0000015836
318 0.0000015715
319 0.0000015594
320 0.0000015475
321 0.0000015355
322 0.0000015237
323 0.0000015119
324 0.0000015002
325 0.0000014885
326 0.0000014769
327 0.0000014653
328 0.0000014538
329 0.0000014422
330 0.0000014307
331 0.0000014191
332 0.0000014075
333 0.0000013958
334 0.0000013841
335 0.0000013722
336 0.0000013601
337 0.0000013478
338 0.0000013352
339 0.0000013222
340 0.0000013085
341 0.0000012939
342 0.0000012781
343 0.0000012601
344 0.0000012386
345 0.0000012107
346 0.0000011642
347 0.0000010296
348 0.0000000000
