0 348
0 0.9766172820
1 0.0066819464
2 0.0021755285
3 0.0013176994
4 0.0008510724
5 0.0006107414
6 0.0004742463
7 0.0003881695
8 0.0003297072
9 0.0002877018
10 0.0002560622
11 0.0002312670
12 0.0002112003
13 0.0001945419
14 0.0001804340
15 0.0001682971
16 0.0001577238
17 0.0001484182
18 0.0001401587
19 0.0001327744
20 0.0001261316
21 0.0001201230
22 0.0001146613
23 0.0001096750
24 0.0001051045
25 0.0001008998
26 0.0000970187
27 0.0000934252
28 0.0000900884
29 0.0000869817
30 0.0000840822
31 0.0000813697
32 0.0000788268
33 0.0000764380
34 0.0000741897
35 0.0000720699
36 0.0000700679
37 0.0000681740
38 0.0000663799
39 0.0000646777
40 0.0000630606
41 0.0000615225
42 0.0000600575
43 0.0000586608
44 0.0000573275
45 0.0000560534
46 0.0000548348
47 0.0000536680
48 0.0000525498
49 0.0000514773
50 0.0000504476
51 0.0000494584
52 0.0000485072
53 0.0000475918
54 0.0000467104
55 0.0000458611
56 0.0000450420
57 0.0000442517
58 0.0000434887
59 0.0000427515
60 0.0000420389
61 0.0000413497
62 0.0000406827
63 0.0000400368
64 0.0000394112
65 0.0000388048
66 0.0000382168
67 0.0000376463
68 0.0000370926
69 0.0000365549
70 0.0000360327
71 0.0000355251
72 0.0000350316
73 0.0000345517
74 0.0000340847
75 0.0000336301
76 0.0000331876
77 0.0000327565
78 0.0000323365
79 0.0000319271
80 0.0000315280
81 0.0000311387
82 0.0000307589
83 0.0000303882
84 0.0000300264
85 0.0000296731
86 0.0000293280
87 0.0000289908
88 0.0000286613
89 0.0000283392
90 0.0000280243
91 0.0000277162
92 0.0000274149
93 0.0000271201
94 0.0000268315
95 0.0000265490
96 0.0000262724
97 0.0000260015
98 0.0000257361
99 0.0000254761
100 0.0000252213
101 0.0000249715
102 0.0000247266
103 0.0000244865
104 0.0000242510
105 0.0000240200
106 0.0000237933
107 0.0000235709
108 0.0000233526
109 0.0000231383
110 0.0000229279
111 0.0000227213
112 0.0000225184
113 0.0000223191
114 0.0000221232
115 0.0000219308
116 0.0000217417
117 0.0000215558
118 0.0000213731
119 0.0000211934
120 0.0000210168
121 0.0000208430
122 0.0000206721
123 0.0000205040
124 0.0000203386
125 0.0000201758
126 0.0000200157
127 0.0000198580
128 0.0000197028
129 0.0000195500
130 0.0000193996
131 0.0000192515
132 0.0000191056
133 0.0000189619
134 0.0000188203
135 0.0000186809
136 0.0000185435
137 0.0000184081
138 0.0000182746
139 0.0000181431
140 0.0000180135
141 0.0000178857
142 0.0000177597
143 0.0000176354
144 0.0000175129
145 0.0000173921
146 0.0000172729
147 0.0000171554
148 0.0000170394
149 0.0000169250
150 0.0000168121
151 0.0000167007
152 0.0000165908
153 0.0000164823
154 0.0000163752
155 0.0000162695
156 0.0000161652
157 0.0000160622
158 0.0000159605
159 0.0000158601
160 0.0000157609
161 0.0000156630
162 0.0000155662
163 0.0000154707
164 0.0000153763
165 0.0000152831
166 0.0000151910
167 0.0000150999
168 0.0000150100
169 0.0000149211
170 0.0000148333
171 0.0000147465
172 0.0000146608
173 0.0000145760
174 0.0000144922
175 0.0000144093
176 0.0000143274
177 0.0000142464
178 0.0000141663
179 0.0000140871
180 0.0000140088
181 0.0000139314
182 0.0000138548
183 0.0000137790
184 0.0000137041
185 0.0000136300
186 0.0000135567
187 0.0000134841
188 0.0000134123
189 0.0000133413
190 0.0000132711
191 0.0000132015
192 0.0000131327
193 0.0000130647
194 0.0000129973
195 0.0000129306
196 0.0000128645
197 0.0000127992
198 0.0000127345
199 0.0000126705
200 0.0000126071
201 0.0000125443
202 0.0000124822
203 0.0000124206
204 0.0000123597
205 0.0000122993
206 0.0000122396
207 0.0000121804
208 0.0000121218
209 0.0000120638
210 0.0000120063
211 0.0000119493
212 0.0000118929
213 0.0000118370
214 0.0000117817
215 0.0000117268
216 0.0000116725
217 0.0000116187
218 0.0000115653
219 0.0000115125
220 0.0000114601
221 0.0000114082
222 0.0000113568
223 0.0000113058
224 0.0000112553
225 0.0000112052
226 0.0000111556
227 0.0000111064
228 0.0000110576
229 0.0000110093
230 0.0000109614
231 0.0000109139
232 0.0000108668
233 0.0000108201
234 0.0000107738
235 0.0000107279
236 0.0000106824
237 0.0000106373
238 0.0000105925
239 0.0000105482
240 0.0000105042
241 0.0000104605
242 0.0000104173
243 0.0000103744
244 0.0000103318
245 0.0000102896
246 0.0000102477
247 0.0000102061
248 0.0000101650
249 0.0000101241
250 0.0000100835
251 0.0000100433
252 0.0000100034
253 0.0000099638
254 0.0000099245
255 0.0000098856
256 0.0000098469
257 0.0000098085
258 0.0000097705
259 0.0000097327
260 0.0000096952
261 0.0000096580
262 0.0000096211
263 0.0000095845
264 0.0000095481
265 0.0000095120
266 0.0000094762
267 0.0000094407
268 0.0000094054
269 0.0000093704
270 0.0000093356
271 0.0000093011
272 0.0000092669
273 0.0000092329
274 0.0000091991
275 0.0000091656
276 0.0000091324
277 0.0000090993
278 0.0000090666
279 0.0000090340
280 0.0000090017
281 0.0000089696
282 0.0000089377
283 0.0000089061
284 0.0000088747
285 0.0000088435
286 0.0000088125
287 0.0000087818
288 0.0000087512
289 0.0000087209
290 0.0000086907
291 0.0000086608
292 0.0000086311
293 0.0000086016
294 0.0000085723
295 0.0000085432
296 0.0000085142
297 0.0000084855
298 0.0000084570
299 0.0000084286
300 0.0000084005
301 0.0000083725
302 0.0000083447
303 0.0000083171
304 0.0000082897
305 0.0000082625
306 0.0000082354
307 0.0000082085
308 0.0000081818
309 0.0000081553
310 0.0000081289
311 0.0000081027
312 0.0000080767
313 0.0000080508
314 0.0000080251
315 0.0000079996
316 0.0000079742
317 0.0000079490
318 0.0000079239
319 0.0000078990
320 0.0000078743
321 0.0000078497
322 0.0000078252
323 0.0000078009
324 0.0000077768
325 0.0000077528
326 0.0000077289
327 0.0000077052
328 0.0000076817
329 0.0000076583
330 0.0000076350
331 0.0000076119
332 0.0000075889
333 0.0000075660
334 0.0000075433
335 0.0000075207
336 0.0000074982
337 0.0000074759
338 0.0000074537
339 0.0000074317
340 0.0000074097
341 0.0000073879
342 0.0000073663
343 0.0000073447
344 0.0000073233
345 0.0000073020
346 0.0000072808
347 0.0000072597
348 0.0000072388
