0 990
0 0.9824644353
1 0.0036893803
2 0.0015570905
3 0.0010898604
4 0.0008069900
5 0.0006391725
6 0.0005289948
7 0.0004503570
8 0.0003912888
9 0.0003453353
10 0.0003085909
11 0.0002785470
12 0.0002535262
13 0.0002323679
14 0.0002142441
15 0.0001985478
16 0.0001848237
17 0.0001727239
18 0.0001619776
19 0.0001523710
20 0.0001437332
21 0.0001359256
22 0.0001288349
23 0.0001223678
24 0.0001164460
25 0.0001110043
26 0.0001059870
27 0.0001013471
28 0.0000970441
29 0.0000930430
30 0.0000893136
31 0.0000858297
32 0.0000825681
33 0.0000795087
34 0.0000766335
35 0.0000739267
36 0.0000713743
37 0.0000689638
38 0.0000666838
39 0.0000645243
40 0.0000624763
41 0.0000605316
42 0.0000586828
43 0.0000569231
44 0.0000552465
45 0.0000536474
46 0.0000521207
47 0.0000506618
48 0.0000492664
49 0.0000479307
50 0.0000466509
51 0.0000454239
52 0.0000442465
53 0.0000431159
54 0.0000420296
55 0.0000409850
56 0.0000399799
57 0.0000390123
58 0.0000380801
59 0.0000371815
60 0.0000363149
61 0.0000354787
62 0.0000346714
63 0.0000338915
64 0.0000331379
65 0.0000324092
66 0.0000317044
67 0.0000310222
68 0.0000303618
69 0.0000297222
70 0.0000291025
71 0.0000285017
72 0.0000279192
73 0.0000273541
74 0.0000268057
75 0.0000262734
76 0.0000257565
77 0.0000252544
78 0.0000247666
79 0.0000242923
80 0.0000238313
81 0.0000233829
82 0.0000229466
83 0.0000225221
84 0.0000221089
85 0.0000217066
86 0.0000213147
87 0.0000209330
88 0.0000205611
89 0.0000201987
90 0.0000198453
91 0.0000195007
92 0.0000191647
93 0.0000188369
94 0.0000185170
95 0.0000182049
96 0.0000179002
97 0.0000176027
98 0.0000173122
99 0.0000170285
100 0.0000167513
101 0.0000164805
102 0.0000162159
103 0.0000159572
104 0.0000157044
105 0.0000154571
106 0.0000152154
107 0.0000149789
108 0.0000147476
109 0.0000145212
110 0.0000142998
111 0.0000140830
112 0.0000138709
113 0.0000136632
114 0.0000134598
115 0.0000132607
116 0.0000130656
117 0.0000128746
118 0.0000126875
119 0.0000125041
120 0.0000123245
121 0.0000121484
122 0.0000119758
123 0.0000118066
124 0.0000116408
125 0.0000114781
126 0.0000113187
127 0.0000111623
128 0.0000110089
129 0.0000108584
130 0.0000107108
131 0.0000105660
132 0.0000104239
133 0.0000102844
134 0.0000101476
135 0.0000100132
136 0.0000098813
137 0.0000097518
138 0.0000096247
139 0.0000094999
140 0.0000093773
141 0.0000092569
142 0.0000091387
143 0.0000090226
144 0.0000089085
145 0.0000087964
146 0.0000086862
147 0.0000085780
148 0.0000084717
149 0.0000083671
150 0.0000082644
151 0.0000081634
152 0.0000080642
153 0.0000079666
154 0.0000078707
155 0.0000077763
156 0.0000076836
157 0.0000075924
158 0.0000075027
159 0.0000074144
160 0.0000073277
161 0.0000072423
162 0.0000071583
163 0.0000070757
164 0.0000069944
165 0.0000069145
166 0.0000068358
167 0.0000067583
168 0.0000066821
169 0.0000066071
170 0.0000065333
171 0.0000064607
172 0.0000063891
173 0.0000063187
174 0.0000062494
175 0.0000061812
176 0.0000061140
177 0.0000060478
178 0.0000059826
179 0.0000059185
180 0.0000058553
181 0.0000057931
182 0.0000057318
183 0.0000056714
184 0.0000056119
185 0.0000055534
186 0.0000054956
187 0.0000054388
188 0.0000053828
189 0.0000053276
190 0.0000052732
191 0.0000052196
192 0.0000051668
193 0.0000051147
194 0.0000050634
195 0.0000050129
196 0.0000049631
197 0.0000049139
198 0.0000048655
199 0.0000048178
200 0.0000047708
201 0.0000047244
202 0.0000046786
203 0.0000046336
204 0.0000045891
205 0.0000045453
206 0.0000045021
207 0.0000044594
208 0.0000044174
209 0.0000043759
210 0.0000043351
211 0.0000042947
212 0.0000042550
213 0.0000042157
214 0.0000041770
215 0.0000041389
216 0.0000041012
217 0.0000040640
218 0.0000040274
219 0.0000039912
220 0.0000039556
221 0.0000039204
222 0.0000038856
223 0.0000038513
224 0.0000038175
225 0.0000037841
226 0.0000037512
227 0.0000037187
228 0.0000036866
229 0.0000036549
230 0.0000036237
231 0.0000035928
232 0.0000035624
233 0.0000035323
234 0.0000035026
235 0.0000034733
236 0.0000034444
237 0.0000034159
238 0.0000033877
239 0.0000033598
240 0.0000033324
241 0.0000033052
242 0.0000032784
243 0.0000032520
244 0.0000032258
245 0.0000032000
246 0.0000031746
247 0.0000031494
248 0.0000031245
249 0.0000031000
250 0.0000030757
251 0.0000030518
252 0.0000030281
253 0.0000030048
254 0.0000029817
255 0.0000029589
256 0.0000029364
257 0.0000029141
258 0.0000028921
259 0.0000028704
260 0.0000028490
261 0.0000028277
262 0.0000028068
263 0.0000027861
264 0.0000027656
265 0.0000027454
266 0.0000027255
267 0.0000027057
268 0.0000026862
269 0.0000026669
270 0.0000026479
271 0.0000026290
272 0.0000026104
273 0.0000025920
274 0.0000025739
275 0.0000025559
276 0.0000025381
277 0.0000025206
278 0.0000025032
279 0.0000024861
280 0.0000024691
281 0.0000024523
282 0.0000024357
283 0.0000024193
284 0.0000024031
285 0.0000023871
286 0.0000023713
287 0.0000023556
288 0.0000023401
289 0.0000023248
290 0.0000023096
291 0.0000022947
292 0.0000022799
293 0.0000022652
294 0.0000022507
295 0.0000022364
296 0.0000022222
297 0.0000022082
298 0.0000021943
299 0.0000021806
300 0.0000021671
301 0.0000021536
302 0.0000021404
303 0.0000021272
304 0.0000021142
305 0.0000021014
306 0.0000020887
307 0.0000020761
308 0.0000020637
309 0.0000020514
310 0.0000020392
311 0.0000020272
312 0.0000020152
313 0.0000020034
314 0.0000019918
315 0.0000019802
316 0.0000019688
317 0.0000019575
318 0.0000019463
319 0.0000019352
320 0.0000019243
321 0.0000019134
322 0.0000019027
323 0.0000018921
324 0.0000018815
325 0.0000018711
326 0.0000018608
327 0.0000018506
328 0.0000018405
329 0.0000018306
330 0.0000018207
331 0.0000018109
332 0.0000018012
333 0.0000017916
334 0.0000017821
335 0.0000017727
336 0.0000017634
337 0.0000017542
338 0.0000017450
339 0.0000017360
340 0.0000017270
341 0.0000017182
342 0.0000017094
343 0.0000017007
344 0.0000016921
345 0.0000016836
346 0.0000016752
347 0.0000016668
348 0.0000016585
349 0.0000016504
350 0.0000016422
351 0.0000016342
352 0.0000016262
353 0.0000016184
354 0.0000016106
355 0.0000016028
356 0.0000015952
357 0.0000015876
358 0.0000015801
359 0.0000015726
360 0.0000015652
361 0.0000015579
362 0.0000015507
363 0.0000015435
364 0.0000015364
365 0.0000015294
366 0.0000015224
367 0.0000015155
368 0.0000015086
369 0.0000015019
370 0.0000014951
371 0.0000014885
372 0.0000014819
373 0.0000014753
374 0.0000014689
375 0.0000014624
376 0.0000014561
377 0.0000014498
378 0.0000014435
379 0.0000014373
380 0.0000014312
381 0.0000014251
382 0.0000014191
383 0.0000014131
384 0.0000014072
385 0.0000014013
386 0.0000013955
387 0.0000013897
388 0.0000013840
389 0.0000013783
390 0.0000013727
391 0.0000013671
392 0.0000013616
393 0.0000013561
394 0.0000013507
395 0.0000013453
396 0.0000013399
397 0.0000013346
398 0.0000013294
399 0.0000013242
400 0.0000013190
401 0.0000013139
402 0.0000013088
403 0.0000013038
404 0.0000012988
405 0.0000012939
406 0.0000012890
407 0.0000012841
408 0.0000012793
409 0.0000012745
410 0.0000012697
411 0.0000012651
412 0.0000012604
413 0.0000012557
414 0.0000012511
415 0.0000012466
416 0.0000012421
417 0.0000012376
418 0.0000012331
419 0.0000012287
420 0.0000012244
421 0.0000012200
422 0.0000012157
423 0.0000012114
424 0.0000012072
425 0.0000012030
426 0.0000011988
427 0.0000011947
428 0.0000011906
429 0.0000011865
430 0.0000011824
431 0.0000011784
432 0.0000011745
433 0.0000011705
434 0.0000011666
435 0.0000011627
436 0.0000011588
437 0.0000011550
438 0.0000011512
439 0.0000011474
440 0.0000011437
441 0.0000011400
442 0.0000011363
443 0.0000011326
444 0.0000011290
445 0.0000011254
446 0.0000011218
447 0.0000011182
448 0.0000011147
449 0.0000011112
450 0.0000011077
451 0.0000011043
452 0.0000011008
453 0.0000010974
454 0.0000010941
455 0.0000010907
456 0.0000010874
457 0.0000010841
458 0.0000010808
459 0.0000010775
460 0.0000010743
461 0.0000010711
462 0.0000010679
463 0.0000010647
464 0.0000010616
465 0.0000010585
466 0.0000010554
467 0.0000010523
468 0.0000010492
469 0.0000010462
470 0.0000010432
471 0.0000010402
472 0.0000010372
473 0.0000010342
474 0.0000010313
475 0.0000010284
476 0.0000010255
477 0.0000010226
478 0.0000010198
479 0.0000010169
480 0.0000010141
481 0.0000010113
482 0.0000010085
483 0.0000010058
484 0.0000010030
485 0.0000010003
486 0.0000009976
487 0.0000009949
488 0.0000009922
489 0.0000009895
490 0.0000009869
491 0.0000009843
492 0.0000009817
493 0.0000009791
494 0.0000009765
495 0.0000009740
496 0.0000009714
497 0.0000009689
498 0.0000009664
499 0.0000009639
500 0.0000009614
501 0.0000009590
502 0.0000009565
503 0.0000009541
504 0.0000009517
505 0.0000009493
506 0.0000009469
507 0.0000009445
508 0.0000009422
509 0.0000009398
510 0.0000009375
511 0.0000009352
512 0.0000009329
513 0.0000009306
514 0.0000009283
515 0.0000009261
516 0.0000009238
517 0.0000009216
518 0.0000009194
519 0.0000009172
520 0.0000009150
521 0.0000009128
522 0.0000009106
523 0.0000009085
524 0.0000009063
525 0.0000009042
526 0.0000009021
527 0.0000009000
528 0.0000008979
529 0.0000008958
530 0.0000008937
531 0.0000008917
532 0.0000008896
533 0.0000008876
534 0.0000008856
535 0.0000008835
536 0.0000008815
537 0.0000008795
538 0.0000008776
539 0.0000008756
540 0.0000008736
541 0.0000008717
542 0.0000008698
543 0.0000008678
544 0.0000008659
545 0.0000008640
546 0.0000008621
547 0.0000008602
548 0.0000008584
549 0.0000008565
550 0.0000008546
551 0.0000008528
552 0.0000008510
553 0.0000008491
554 0.0000008473
555 0.0000008455
556 0.0000008437
557 0.0000008419
558 0.0000008402
559 0.0000008384
560 0.0000008366
561 0.0000008349
562 0.0000008331
563 0.0000008314
564 0.0000008297
565 0.0000008280
566 0.0000008263
567 0.0000008246
568 0.0000008229
569 0.0000008212
570 0.0000008195
571 0.0000008179
572 0.0000008162
573 0.0000008146
574 0.0000008129
575 0.0000008113
576 0.0000008097
577 0.0000008080
578 0.0000008064
579 0.0000008048
580 0.0000008032
581 0.0000008017
582 0.0000008001
583 0.0000007985
584 0.0000007970
585 0.0000007954
586 0.0000007939
587 0.0000007923
588 0.0000007908
589 0.0000007893
590 0.0000007877
591 0.0000007862
592 0.0000007847
593 0.0000007832
594 0.0000007817
595 0.0000007802
596 0.0000007788
597 0.0000007773
598 0.0000007758
599 0.0000007744
600 0.0000007729
601 0.0000007715
602 0.0000007700
603 0.0000007686
604 0.0000007672
605 0.0000007658
606 0.0000007644
607 0.0000007630
608 0.0000007616
609 0.0000007602
610 0.0000007588
611 0.0000007574
612 0.0000007560
613 0.0000007547
614 0.0000007533
615 0.0000007519
616 0.0000007506
617 0.0000007492
618 0.0000007479
619 0.0000007466
620 0.0000007452
621 0.0000007439
622 0.0000007426
623 0.0000007413
624 0.0000007400
625 0.0000007387
626 0.0000007374
627 0.0000007361
628 0.0000007348
629 0.0000007335
630 0.0000007323
631 0.0000007310
632 0.0000007297
633 0.0000007285
634 0.0000007272
635 0.0000007260
636 0.0000007247
637 0.0000007235
638 0.0000007223
639 0.0000007210
640 0.0000007198
641 0.0000007186
642 0.0000007174
643 0.0000007162
644 0.0000007150
645 0.0000007138
646 0.0000007126
647 0.0000007114
648 0.0000007102
649 0.0000007090
650 0.0000007078
651 0.0000007067
652 0.0000007055
653 0.0000007043
654 0.0000007032
655 0.0000007020
656 0.0000007009
657 0.0000006997
658 0.0000006986
659 0.0000006975
660 0.0000006963
661 0.0000006952
662 0.0000006941
663 0.0000006930
664 0.0000006918
665 0.0000006907
666 0.0000006896
667 0.0000006885
668 0.0000006874
669 0.0000006863
670 0.0000006852
671 0.0000006842
672 0.0000006831
673 0.0000006820
674 0.0000006809
675 0.0000006798
676 0.0000006788
677 0.0000006777
678 0.0000006767
679 0.0000006756
680 0.0000006745
681 0.0000006735
682 0.0000006725
683 0.0000006714
684 0.0000006704
685 0.0000006693
686 0.0000006683
687 0.0000006673
688 0.0000006663
689 0.0000006652
690 0.0000006642
691 0.0000006632
692 0.0000006622
693 0.0000006612
694 0.0000006602
695 0.0000006592
696 0.0000006582
697 0.0000006572
698 0.0000006562
699 0.0000006552
700 0.0000006543
701 0.0000006533
702 0.0000006523
703 0.0000006513
704 0.0000006504
705 0.0000006494
706 0.0000006485
707 0.0000006475
708 0.0000006465
709 0.0000006456
710 0.0000006446
711 0.0000006437
712 0.0000006428
713 0.0000006418
714 0.0000006409
715 0.0000006399
716 0.0000006390
717 0.0000006381
718 0.0000006372
719 0.0000006362
720 0.0000006353
721 0.0000006344
722 0.0000006335
723 0.0000006326
724 0.0000006317
725 0.0000006308
726 0.0000006299
727 0.0000006290
728 0.0000006281
729 0.0000006272
730 0.0000006263
731 0.0000006254
732 0.0000006245
733 0.0000006236
734 0.0000006228
735 0.0000006219
736 0.0000006210
737 0.0000006201
738 0.0000006193
739 0.0000006184
740 0.0000006175
741 0.0000006167
742 0.0000006158
743 0.0000006150
744 0.0000006141
745 0.0000006133
746 0.0000006124
747 0.0000006116
748 0.0000006107
749 0.0000006099
750 0.0000006091
751 0.0000006082
752 0.0000006074
753 0.0000006066
754 0.0000006057
755 0.0000006049
756 0.0000006041
757 0.0000006033
758 0.0000006025
759 0.0000006016
760 0.0000006008
761 0.0000006000
762 0.0000005992
763 0.0000005984
764 0.0000005976
765 0.0000005968
766 0.0000005960
767 0.0000005952
768 0.0000005944
769 0.0000005936
770 0.0000005928
771 0.0000005920
772 0.0000005913
773 0.0000005905
774 0.0000005897
775 0.0000005889
776 0.0000005881
777 0.0000005874
778 0.0000005866
779 0.0000005858
780 0.0000005850
781 0.0000005843
782 0.0000005835
783 0.0000005828
784 0.0000005820
785 0.0000005813
786 0.0000005805
787 0.0000005797
788 0.0000005790
789 0.0000005782
790 0.0000005775
791 0.0000005768
792 0.0000005760
793 0.0000005753
794 0.0000005745
795 0.0000005738
796 0.0000005731
797 0.0000005723
798 0.0000005716
799 0.0000005709
800 0.0000005701
801 0.0000005694
802 0.0000005687
803 0.0000005680
804 0.0000005673
805 0.0000005665
806 0.0000005658
807 0.0000005651
808 0.0000005644
809 0.0000005637
810 0.0000005630
811 0.0000005623
812 0.0000005616
813 0.0000005609
814 0.0000005602
815 0.0000005595
816 0.0000005588
817 0.0000005581
818 0.0000005574
819 0.0000005567
820 0.0000005560
821 0.0000005553
822 0.0000005546
823 0.0000005540
824 0.0000005533
825 0.0000005526
826 0.0000005519
827 0.0000005512
828 0.0000005506
829 0.0000005499
830 0.0000005492
831 0.0000005485
832 0.0000005479
833 0.0000005472
834 0.0000005466
835 0.0000005459
836 0.0000005452
837 0.0000005446
838 0.0000005439
839 0.0000005433
840 0.0000005426
841 0.0000005420
842 0.0000005413
843 0.0000005406
844 0.0000005400
845 0.0000005393
846 0.0000005387
847 0.0000005381
848 0.0000005374
849 0.0000005368
850 0.0000005361
851 0.0000005355
852 0.0000005349
853 0.0000005342
854 0.0000005336
855 0.0000005330
856 0.0000005323
857 0.0000005317
858 0.0000005311
859 0.0000005305
860 0.0000005298
861 0.0000005292
862 0.0000005286
863 0.0000005280
864 0.0000005274
865 0.0000005267
866 0.0000005261
867 0.0000005255
868 0.0000005249
869 0.0000005243
870 0.0000005237
871 0.0000005231
872 0.0000005225
873 0.0000005219
874 0.0000005213
875 0.0000005207
876 0.0000005201
877 0.0000005195
878 0.0000005189
879 0.0000005183
880 0.0000005177
881 0.0000005171
882 0.0000005165
883 0.0000005159
884 0.0000005153
885 0.0000005147
886 0.0000005141
887 0.0000005136
888 0.0000005130
889 0.0000005124
890 0.0000005118
891 0.0000005112
892 0.0000005107
893 0.0000005101
894 0.0000005095
895 0.0000005089
896 0.0000005084
897 0.0000005078
898 0.0000005072
899 0.0000005066
900 0.0000005061
901 0.0000005055
902 0.0000005049
903 0.0000005044
904 0.0000005038
905 0.0000005033
906 0.0000005027
907 0.0000005021
908 0.0000005016
909 0.0000005010
910 0.0000005005
911 0.0000004999
912 0.0000004994
913 0.0000004988
914 0.0000004983
915 0.0000004977
916 0.0000004972
917 0.0000004966
918 0.0000004961
919 0.0000004955
920 0.0000004950
921 0.0000004944
922 0.0000004939
923 0.0000004934
924 0.0000004928
925 0.0000004923
926 0.0000004918
927 0.0000004912
928 0.0000004907
929 0.0000004902
930 0.0000004896
931 0.0000004891
932 0.0000004886
933 0.0000004881
934 0.0000004875
935 0.0000004870
936 0.0000004865
937 0.0000004859
938 0.0000004854
939 0.0000004849
940 0.0000004844
941 0.0000004839
942 0.0000004833
943 0.0000004828
944 0.0000004823
945 0.0000004818
946 0.0000004813
947 0.0000004808
948 0.0000004803
949 0.0000004798
950 0.0000004792
951 0.0000004787
952 0.0000004782
953 0.0000004777
954 0.0000004772
955 0.0000004767
956 0.0000004762
957 0.0000004757
958 0.0000004752
959 0.0000004747
960 0.0000004742
961 0.0000004737
962 0.0000004732
963 0.0000004727
964 0.0000004722
965 0.0000004718
966 0.0000004713
967 0.0000004708
968 0.0000004703
969 0.0000004698
970 0.0000004693
971 0.0000004688
972 0.0000004683
973 0.0000004678
974 0.0000004674
975 0.0000004669
976 0.0000004664
977 0.0000004659
978 0.0000004654
979 0.0000004650
980 0.0000004645
981 0.0000004640
982 0.0000004635
983 0.0000004631
984 0.0000004626
985 0.0000004621
986 0.0000004616
987 0.0000004612
988 0.0000004607
989 0.0000004602
990 0.0000004598
