0 1200
0 0.9716431032
1 0.0056555653
2 0.0023932848
3 0.0016785035
4 0.0012456815
5 0.0009888751
6 0.0008202506
7 0.0006998769
8 0.0006094412
9 0.0005390688
10 0.0004827849
11 0.0004367517
12 0.0003984033
13 0.0003659642
14 0.0003381676
15 0.0003140849
16 0.0002930198
17 0.0002744399
18 0.0002579309
19 0.0002431658
20 0.0002298831
21 0.0002178709
22 0.0002069560
23 0.0001969952
24 0.0001878692
25 0.0001794778
26 0.0001717363
27 0.0001645724
28 0.0001579242
29 0.0001517384
30 0.0001459686
31 0.0001405747
32 0.0001355213
33 0.0001307776
34 0.0001263160
35 0.0001221126
36 0.0001181456
37 0.0001143960
38 0.0001108466
39 0.0001074820
40 0.0001042882
41 0.0001012527
42 0.0000983644
43 0.0000956128
44 0.0000929886
45 0.0000904834
46 0.0000880894
47 0.0000857994
48 0.0000836069
49 0.0000815061
50 0.0000794912
51 0.0000775574
52 0.0000756999
53 0.0000739143
54 0.0000721968
55 0.0000705434
56 0.0000689509
57 0.0000674160
58 0.0000659357
59 0.0000645072
60 0.0000631279
61 0.0000617955
62 0.0000605075
63 0.0000592620
64 0.0000580568
65 0.0000568902
66 0.0000557604
67 0.0000546657
68 0.0000536045
69 0.0000525754
70 0.0000515771
71 0.0000506081
72 0.0000496674
73 0.0000487536
74 0.0000478658
75 0.0000470028
76 0.0000461638
77 0.0000453476
78 0.0000445536
79 0.0000437807
80 0.0000430283
81 0.0000422955
82 0.0000415817
83 0.0000408861
84 0.0000402080
85 0.0000395470
86 0.0000389023
87 0.0000382733
88 0.0000376597
89 0.0000370608
90 0.0000364761
91 0.0000359051
92 0.0000353475
93 0.0000348028
94 0.0000342705
95 0.0000337502
96 0.0000332417
97 0.0000327445
98 0.0000322582
99 0.0000317825
100 0.0000313172
101 0.0000308619
102 0.0000304162
103 0.0000299800
104 0.0000295529
105 0.0000291347
106 0.0000287251
107 0.0000283238
108 0.0000279308
109 0.0000275456
110 0.0000271681
111 0.0000267981
112 0.0000264353
113 0.0000260797
114 0.0000257309
115 0.0000253888
116 0.0000250533
117 0.0000247241
118 0.0000244011
119 0.0000240841
120 0.0000237731
121 0.0000234677
122 0.0000231680
123 0.0000228737
124 0.0000225847
125 0.0000223009
126 0.0000220221
127 0.0000217483
128 0.0000214793
129 0.0000212150
130 0.0000209553
131 0.0000207001
132 0.0000204492
133 0.0000202027
134 0.0000199603
135 0.0000197220
136 0.0000194877
137 0.0000192573
138 0.0000190307
139 0.0000188078
140 0.0000185886
141 0.0000183730
142 0.0000181608
143 0.0000179521
144 0.0000177467
145 0.0000175445
146 0.0000173456
147 0.0000171498
148 0.0000169571
149 0.0000167673
150 0.0000165806
151 0.0000163966
152 0.0000162156
153 0.0000160372
154 0.0000158616
155 0.0000156887
156 0.0000155183
157 0.0000153505
158 0.0000151852
159 0.0000150223
160 0.0000148619
161 0.0000147038
162 0.0000145480
163 0.0000143945
164 0.0000142432
165 0.0000140940
166 0.0000139471
167 0.0000138022
168 0.0000136594
169 0.0000135185
170 0.0000133797
171 0.0000132429
172 0.0000131079
173 0.0000129748
174 0.0000128436
175 0.0000127142
176 0.0000125865
177 0.0000124606
178 0.0000123364
179 0.0000122139
180 0.0000120931
181 0.0000119738
182 0.0000118562
183 0.0000117402
184 0.0000116257
185 0.0000115127
186 0.0000114012
187 0.0000112912
188 0.0000111826
189 0.0000110754
190 0.0000109696
191 0.0000108652
192 0.0000107621
193 0.0000106604
194 0.0000105599
195 0.0000104608
196 0.0000103629
197 0.0000102662
198 0.0000101708
199 0.0000100765
200 0.0000099835
201 0.0000098916
202 0.0000098008
203 0.0000097112
204 0.0000096227
205 0.0000095353
206 0.0000094489
207 0.0000093636
208 0.0000092794
209 0.0000091961
210 0.0000091139
211 0.0000090327
212 0.0000089524
213 0.0000088731
214 0.0000087948
215 0.0000087174
216 0.0000086409
217 0.0000085653
218 0.0000084906
219 0.0000084168
220 0.0000083439
221 0.0000082718
222 0.0000082006
223 0.0000081301
224 0.0000080605
225 0.0000079918
226 0.0000079237
227 0.0000078565
228 0.0000077901
229 0.0000077244
230 0.0000076595
231 0.0000075953
232 0.0000075318
233 0.0000074690
234 0.0000074070
235 0.0000073456
236 0.0000072849
237 0.0000072250
238 0.0000071656
239 0.0000071070
240 0.0000070490
241 0.0000069916
242 0.0000069349
243 0.0000068788
244 0.0000068233
245 0.0000067684
246 0.0000067141
247 0.0000066604
248 0.0000066073
249 0.0000065548
250 0.0000065028
251 0.0000064514
252 0.0000064005
253 0.0000063502
254 0.0000063004
255 0.0000062512
256 0.0000062025
257 0.0000061542
258 0.0000061066
259 0.0000060593
260 0.0000060127
261 0.0000059665
262 0.0000059207
263 0.0000058755
264 0.0000058307
265 0.0000057864
266 0.0000057426
267 0.0000056992
268 0.0000056563
269 0.0000056138
270 0.0000055717
271 0.0000055301
272 0.0000054889
273 0.0000054481
274 0.0000054077
275 0.0000053678
276 0.0000053282
277 0.0000052891
278 0.0000052503
279 0.0000052120
280 0.0000051740
281 0.0000051364
282 0.0000050992
283 0.0000050623
284 0.0000050258
285 0.0000049897
286 0.0000049540
287 0.0000049186
288 0.0000048835
289 0.0000048488
290 0.0000048144
291 0.0000047804
292 0.0000047467
293 0.0000047133
294 0.0000046803
295 0.0000046476
296 0.0000046152
297 0.0000045831
298 0.0000045514
299 0.0000045199
300 0.0000044887
301 0.0000044578
302 0.0000044273
303 0.0000043970
304 0.0000043670
305 0.0000043373
306 0.0000043079
307 0.0000042788
308 0.0000042499
309 0.0000042214
310 0.0000041930
311 0.0000041650
312 0.0000041372
313 0.0000041097
314 0.0000040824
315 0.0000040554
316 0.0000040287
317 0.0000040022
318 0.0000039759
319 0.0000039499
320 0.0000039241
321 0.0000038986
322 0.0000038733
323 0.0000038483
324 0.0000038234
325 0.0000037988
326 0.0000037745
327 0.0000037503
328 0.0000037264
329 0.0000037027
330 0.0000036792
331 0.0000036559
332 0.0000036328
333 0.0000036099
334 0.0000035873
335 0.0000035648
336 0.0000035426
337 0.0000035205
338 0.0000034987
339 0.0000034770
340 0.0000034556
341 0.0000034343
342 0.0000034132
343 0.0000033923
344 0.0000033717
345 0.0000033511
346 0.0000033308
347 0.0000033106
348 0.0000032906
349 0.0000032708
350 0.0000032512
351 0.0000032318
352 0.0000032125
353 0.0000031934
354 0.0000031744
355 0.0000031556
356 0.0000031370
357 0.0000031186
358 0.0000031003
359 0.0000030821
360 0.0000030641
361 0.0000030463
362 0.0000030286
363 0.0000030111
364 0.0000029937
365 0.0000029765
366 0.0000029595
367 0.0000029425
368 0.0000029257
369 0.0000029091
370 0.0000028926
371 0.0000028763
372 0.0000028600
373 0.0000028440
374 0.0000028280
375 0.0000028122
376 0.0000027965
377 0.0000027810
378 0.0000027656
379 0.0000027503
380 0.0000027351
381 0.0000027201
382 0.0000027052
383 0.0000026904
384 0.0000026758
385 0.0000026612
386 0.0000026468
387 0.0000026326
388 0.0000026184
389 0.0000026043
390 0.0000025904
391 0.0000025766
392 0.0000025628
393 0.0000025492
394 0.0000025358
395 0.0000025224
396 0.0000025091
397 0.0000024960
398 0.0000024829
399 0.0000024700
400 0.0000024571
401 0.0000024444
402 0.0000024317
403 0.0000024192
404 0.0000024068
405 0.0000023945
406 0.0000023822
407 0.0000023701
408 0.0000023581
409 0.0000023462
410 0.0000023343
411 0.0000023225
412 0.0000023109
413 0.0000022993
414 0.0000022879
415 0.0000022765
416 0.0000022652
417 0.0000022540
418 0.0000022429
419 0.0000022319
420 0.0000022210
421 0.0000022101
422 0.0000021993
423 0.0000021887
424 0.0000021781
425 0.0000021676
426 0.0000021571
427 0.0000021468
428 0.0000021365
429 0.0000021264
430 0.0000021162
431 0.0000021062
432 0.0000020963
433 0.0000020864
434 0.0000020766
435 0.0000020669
436 0.0000020572
437 0.0000020477
438 0.0000020382
439 0.0000020288
440 0.0000020194
441 0.0000020101
442 0.0000020009
443 0.0000019918
444 0.0000019827
445 0.0000019737
446 0.0000019648
447 0.0000019559
448 0.0000019471
449 0.0000019384
450 0.0000019297
451 0.0000019211
452 0.0000019126
453 0.0000019041
454 0.0000018957
455 0.0000018873
456 0.0000018791
457 0.0000018708
458 0.0000018627
459 0.0000018546
460 0.0000018465
461 0.0000018386
462 0.0000018306
463 0.0000018228
464 0.0000018150
465 0.0000018072
466 0.0000017996
467 0.0000017919
468 0.0000017843
469 0.0000017768
470 0.0000017694
471 0.0000017619
472 0.0000017546
473 0.0000017473
474 0.0000017401
475 0.0000017328
476 0.0000017257
477 0.0000017186
478 0.0000017116
479 0.0000017046
480 0.0000016977
481 0.0000016908
482 0.0000016839
483 0.0000016771
484 0.0000016704
485 0.0000016637
486 0.0000016571
487 0.0000016505
488 0.0000016439
489 0.0000016374
490 0.0000016310
491 0.0000016245
492 0.0000016182
493 0.0000016119
494 0.0000016056
495 0.0000015993
496 0.0000015932
497 0.0000015870
498 0.0000015809
499 0.0000015749
500 0.0000015688
501 0.0000015629
502 0.0000015569
503 0.0000015511
504 0.0000015452
505 0.0000015394
506 0.0000015336
507 0.0000015279
508 0.0000015222
509 0.0000015166
510 0.0000015110
511 0.0000015054
512 0.0000014999
513 0.0000014944
514 0.0000014889
515 0.0000014835
516 0.0000014781
517 0.0000014728
518 0.0000014675
519 0.0000014622
520 0.0000014569
521 0.0000014518
522 0.0000014466
523 0.0000014414
524 0.0000014364
525 0.0000014313
526 0.0000014263
527 0.0000014213
528 0.0000014163
529 0.0000014114
530 0.0000014065
531 0.0000014016
532 0.0000013968
533 0.0000013920
534 0.0000013872
535 0.0000013825
536 0.0000013778
537 0.0000013731
538 0.0000013685
539 0.0000013639
540 0.0000013593
541 0.0000013548
542 0.0000013502
543 0.0000013458
544 0.0000013413
545 0.0000013369
546 0.0000013325
547 0.0000013281
548 0.0000013237
549 0.0000013194
550 0.0000013151
551 0.0000013109
552 0.0000013067
553 0.0000013025
554 0.0000012983
555 0.0000012941
556 0.0000012900
557 0.0000012859
558 0.0000012818
559 0.0000012778
560 0.0000012738
561 0.0000012698
562 0.0000012658
563 0.0000012619
564 0.0000012579
565 0.0000012540
566 0.0000012502
567 0.0000012463
568 0.0000012425
569 0.0000012387
570 0.0000012350
571 0.0000012312
572 0.0000012275
573 0.0000012238
574 0.0000012201
575 0.0000012164
576 0.0000012128
577 0.0000012092
578 0.0000012056
579 0.0000012021
580 0.0000011985
581 0.0000011950
582 0.0000011915
583 0.0000011880
584 0.0000011845
585 0.0000011811
586 0.0000011777
587 0.0000011743
588 0.0000011709
589 0.0000011676
590 0.0000011642
591 0.0000011609
592 0.0000011576
593 0.0000011544
594 0.0000011511
595 0.0000011479
596 0.0000011447
597 0.0000011415
598 0.0000011383
599 0.0000011352
600 0.0000011320
601 0.0000011289
602 0.0000011258
603 0.0000011227
604 0.0000011197
605 0.0000011166
606 0.0000011136
607 0.0000011106
608 0.0000011076
609 0.0000011046
610 0.0000011017
611 0.0000010987
612 0.0000010958
613 0.0000010929
614 0.0000010900
615 0.0000010871
616 0.0000010843
617 0.0000010814
618 0.0000010786
619 0.0000010758
620 0.0000010730
621 0.0000010702
622 0.0000010675
623 0.0000010648
624 0.0000010620
625 0.0000010593
626 0.0000010566
627 0.0000010539
628 0.0000010513
629 0.0000010486
630 0.0000010460
631 0.0000010434
632 0.0000010408
633 0.0000010382
634 0.0000010356
635 0.0000010330
636 0.0000010305
637 0.0000010280
638 0.0000010254
639 0.0000010229
640 0.0000010205
641 0.0000010180
642 0.0000010155
643 0.0000010131
644 0.0000010106
645 0.0000010082
646 0.0000010058
647 0.0000010034
648 0.0000010010
649 0.0000009987
650 0.0000009963
651 0.0000009940
652 0.0000009916
653 0.0000009893
654 0.0000009870
655 0.0000009847
656 0.0000009824
657 0.0000009802
658 0.0000009779
659 0.0000009757
660 0.0000009734
661 0.0000009712
662 0.0000009690
663 0.0000009668
664 0.0000009646
665 0.0000009624
666 0.0000009603
667 0.0000009581
668 0.0000009560
669 0.0000009539
670 0.0000009518
671 0.0000009496
672 0.0000009475
673 0.0000009455
674 0.0000009434
675 0.0000009413
676 0.0000009393
677 0.0000009372
678 0.0000009352
679 0.0000009332
680 0.0000009312
681 0.0000009292
682 0.0000009272
683 0.0000009252
684 0.0000009232
685 0.0000009213
686 0.0000009193
687 0.0000009174
688 0.0000009155
689 0.0000009135
690 0.0000009116
691 0.0000009097
692 0.0000009079
693 0.0000009060
694 0.0000009041
695 0.0000009022
696 0.0000009004
697 0.0000008985
698 0.0000008967
699 0.0000008949
700 0.0000008931
701 0.0000008913
702 0.0000008895
703 0.0000008877
704 0.0000008859
705 0.0000008841
706 0.0000008823
707 0.0000008806
708 0.0000008788
709 0.0000008771
710 0.0000008754
711 0.0000008737
712 0.0000008720
713 0.0000008702
714 0.0000008685
715 0.0000008668
716 0.0000008652
717 0.0000008635
718 0.0000008618
719 0.0000008602
720 0.0000008585
721 0.0000008569
722 0.0000008552
723 0.0000008536
724 0.0000008520
725 0.0000008504
726 0.0000008488
727 0.0000008472
728 0.0000008456
729 0.0000008440
730 0.0000008425
731 0.0000008409
732 0.0000008393
733 0.0000008378
734 0.0000008362
735 0.0000008347
736 0.0000008332
737 0.0000008316
738 0.0000008301
739 0.0000008286
740 0.0000008271
741 0.0000008256
742 0.0000008241
743 0.0000008227
744 0.0000008212
745 0.0000008197
746 0.0000008182
747 0.0000008168
748 0.0000008153
749 0.0000008139
750 0.0000008125
751 0.0000008110
752 0.0000008096
753 0.0000008082
754 0.0000008068
755 0.0000008054
756 0.0000008040
757 0.0000008026
758 0.0000008012
759 0.0000007998
760 0.0000007984
761 0.0000007971
762 0.0000007957
763 0.0000007943
764 0.0000007930
765 0.0000007916
766 0.0000007903
767 0.0000007890
768 0.0000007876
769 0.0000007863
770 0.0000007850
771 0.0000007837
772 0.0000007824
773 0.0000007811
774 0.0000007798
775 0.0000007785
776 0.0000007772
777 0.0000007759
778 0.0000007747
779 0.0000007734
780 0.0000007721
781 0.0000007709
782 0.0000007696
783 0.0000007684
784 0.0000007671
785 0.0000007659
786 0.0000007647
787 0.0000007634
788 0.0000007622
789 0.0000007610
790 0.0000007598
791 0.0000007586
792 0.0000007574
793 0.0000007562
794 0.0000007550
795 0.0000007538
796 0.0000007526
797 0.0000007514
798 0.0000007502
799 0.0000007491
800 0.0000007479
801 0.0000007467
802 0.0000007456
803 0.0000007444
804 0.0000007433
805 0.0000007421
806 0.0000007410
807 0.0000007399
808 0.0000007387
809 0.0000007376
810 0.0000007365
811 0.0000007354
812 0.0000007343
813 0.0000007332
814 0.0000007321
815 0.0000007310
816 0.0000007299
817 0.0000007288
818 0.0000007277
819 0.0000007266
820 0.0000007255
821 0.0000007244
822 0.0000007234
823 0.0000007223
824 0.0000007213
825 0.0000007202
826 0.0000007191
827 0.0000007181
828 0.0000007171
829 0.0000007160
830 0.0000007150
831 0.0000007139
832 0.0000007129
833 0.0000007119
834 0.0000007108
835 0.0000007098
836 0.0000007088
837 0.0000007078
838 0.0000007068
839 0.0000007058
840 0.0000007048
841 0.0000007038
842 0.0000007028
843 0.0000007018
844 0.0000007008
845 0.0000006998
846 0.0000006989
847 0.0000006979
848 0.0000006969
849 0.0000006959
850 0.0000006950
851 0.0000006940
852 0.0000006930
853 0.0000006921
854 0.0000006911
855 0.0000006902
856 0.0000006892
857 0.0000006883
858 0.0000006874
859 0.0000006864
860 0.0000006855
861 0.0000006846
862 0.0000006836
863 0.0000006827
864 0.0000006818
865 0.0000006809
866 0.0000006799
867 0.0000006790
868 0.0000006781
869 0.0000006772
870 0.0000006763
871 0.0000006754
872 0.0000006745
873 0.0000006736
874 0.0000006727
875 0.0000006719
876 0.0000006710
877 0.0000006701
878 0.0000006692
879 0.0000006683
880 0.0000006675
881 0.0000006666
882 0.0000006657
883 0.0000006649
884 0.0000006640
885 0.0000006631
886 0.0000006623
887 0.0000006614
888 0.0000006606
889 0.0000006597
890 0.0000006589
891 0.0000006580
892 0.0000006572
893 0.0000006564
894 0.0000006555
895 0.0000006547
896 0.0000006539
897 0.0000006530
898 0.0000006522
899 0.0000006514
900 0.0000006506
901 0.0000006498
902 0.0000006490
903 0.0000006481
904 0.0000006473
905 0.0000006465
906 0.0000006457
907 0.0000006449
908 0.0000006441
909 0.0000006433
910 0.0000006425
911 0.0000006417
912 0.0000006410
913 0.0000006402
914 0.0000006394
915 0.0000006386
916 0.0000006378
917 0.0000006370
918 0.0000006363
919 0.0000006355
920 0.0000006347
921 0.0000006340
922 0.0000006332
923 0.0000006324
924 0.0000006317
925 0.0000006309
926 0.0000006301
927 0.0000006294
928 0.0000006286
929 0.0000006279
930 0.0000006272
931 0.0000006264
932 0.0000006257
933 0.0000006249
934 0.0000006242
935 0.0000006234
936 0.0000006227
937 0.0000006220
938 0.0000006213
939 0.0000006205
940 0.0000006198
941 0.0000006191
942 0.0000006183
943 0.0000006176
944 0.0000006169
945 0.0000006162
946 0.0000006155
947 0.0000006147
948 0.0000006140
949 0.0000006133
950 0.0000006126
951 0.0000006119
952 0.0000006112
953 0.0000006105
954 0.0000006098
955 0.0000006091
956 0.0000006084
957 0.0000006078
958 0.0000006071
959 0.0000006064
960 0.0000006057
961 0.0000006050
962 0.0000006043
963 0.0000006036
964 0.0000006029
965 0.0000006023
966 0.0000006016
967 0.0000006009
968 0.0000006002
969 0.0000005996
970 0.0000005989
971 0.0000005982
972 0.0000005976
973 0.0000005969
974 0.0000005963
975 0.0000005956
976 0.0000005949
977 0.0000005943
978 0.0000005936
979 0.0000005930
980 0.0000005923
981 0.0000005917
982 0.0000005910
983 0.0000005904
984 0.0000005897
985 0.0000005891
986 0.0000005884
987 0.0000005878
988 0.0000005872
989 0.0000005865
990 0.0000005859
991 0.0000005853
992 0.0000005846
993 0.0000005840
994 0.0000005834
995 0.0000005828
996 0.0000005821
997 0.0000005815
998 0.0000005809
999 0.0000005803
1000 0.0000005796
1001 0.0000005790
1002 0.0000005784
1003 0.0000005778
1004 0.0000005772
1005 0.0000005766
1006 0.0000005760
1007 0.0000005753
1008 0.0000005747
1009 0.0000005742
1010 0.0000005735
1011 0.0000005729
1012 0.0000005723
1013 0.0000005717
1014 0.0000005711
1015 0.0000005705
1016 0.0000005700
1017 0.0000005693
1018 0.0000005688
1019 0.0000005682
1020 0.0000005676
1021 0.0000005670
1022 0.0000005664
1023 0.0000005658
1024 0.0000005652
1025 0.0000005647
1026 0.0000005641
1027 0.0000005635
1028 0.0000005629
1029 0.0000005623
1030 0.0000005618
1031 0.0000005612
1032 0.0000005606
1033 0.0000005601
1034 0.0000005595
1035 0.0000005589
1036 0.0000005584
1037 0.0000005578
1038 0.0000005572
1039 0.0000005566
1040 0.0000005561
1041 0.0000005555
1042 0.0000005550
1043 0.0000005544
1044 0.0000005539
1045 0.0000005533
1046 0.0000005527
1047 0.0000005522
1048 0.0000005517
1049 0.0000005511
1050 0.0000005505
1051 0.0000005500
1052 0.0000005495
1053 0.0000005489
1054 0.0000005484
1055 0.0000005478
1056 0.0000005473
1057 0.0000005467
1058 0.0000005462
1059 0.0000005456
1060 0.0000005451
1061 0.0000005446
1062 0.0000005440
1063 0.0000005435
1064 0.0000005430
1065 0.0000005425
1066 0.0000005419
1067 0.0000005414
1068 0.0000005409
1069 0.0000005403
1070 0.0000005398
1071 0.0000005393
1072 0.0000005388
1073 0.0000005383
1074 0.0000005377
1075 0.0000005372
1076 0.0000005367
1077 0.0000005362
1078 0.0000005357
1079 0.0000005351
1080 0.0000005346
1081 0.0000005341
1082 0.0000005336
1083 0.0000005331
1084 0.0000005326
1085 0.0000005321
1086 0.0000005316
1087 0.0000005311
1088 0.0000005305
1089 0.0000005300
1090 0.0000005295
1091 0.0000005290
1092 0.0000005285
1093 0.0000005280
1094 0.0000005275
1095 0.0000005270
1096 0.0000005265
1097 0.0000005260
1098 0.0000005256
1099 0.0000005251
1100 0.0000005246
1101 0.0000005241
1102 0.0000005236
1103 0.0000005231
1104 0.0000005226
1105 0.0000005221
1106 0.0000005216
1107 0.0000005211
1108 0.0000005207
1109 0.0000005202
1110 0.0000005197
1111 0.0000005192
1112 0.0000005187
1113 0.0000005182
1114 0.0000005178
1115 0.0000005173
1116 0.0000005168
1117 0.0000005163
1118 0.0000005159
1119 0.0000005154
1120 0.0000005149
1121 0.0000005144
1122 0.0000005140
1123 0.0000005135
1124 0.0000005130
1125 0.0000005126
1126 0.0000005121
1127 0.0000005116
1128 0.0000005112
1129 0.0000005107
1130 0.0000005102
1131 0.0000005098
1132 0.0000005093
1133 0.0000005088
1134 0.0000005084
1135 0.0000005079
1136 0.0000005075
1137 0.0000005070
1138 0.0000005065
1139 0.0000005061
1140 0.0000005056
1141 0.0000005052
1142 0.0000005047
1143 0.0000005043
1144 0.0000005038
1145 0.0000005034
1146 0.0000005029
1147 0.0000005025
1148 0.0000005020
1149 0.0000005016
1150 0.0000005011
1151 0.0000005007
1152 0.0000005003
1153 0.0000004998
1154 0.0000004994
1155 0.0000004989
1156 0.0000004985
1157 0.0000004980
1158 0.0000004976
1159 0.0000004972
1160 0.0000004967
1161 0.0000004963
1162 0.0000004959
1163 0.0000004954
1164 0.0000004950
1165 0.0000004946
1166 0.0000004941
1167 0.0000004937
1168 0.0000004933
1169 0.0000004928
1170 0.0000004924
1171 0.0000004920
1172 0.0000004915
1173 0.0000004911
1174 0.0000004907
1175 0.0000004903
1176 0.0000004898
1177 0.0000004894
1178 0.0000004890
1179 0.0000004886
1180 0.0000004881
1181 0.0000004877
1182 0.0000004873
1183 0.0000004869
1184 0.0000004865
1185 0.0000004860
1186 0.0000004856
1187 0.0000004852
1188 0.0000004848
1189 0.0000004844
1190 0.0000004840
1191 0.0000004836
1192 0.0000004831
1193 0.0000004827
1194 0.0000004823
1195 0.0000004819
1196 0.0000004815
1197 0.0000004811
1198 0.0000004807
1199 0.0000004803
1200 0.0000004799
