1 288
0 0.9877002114
1 0.0045765059
2 0.0015380474
3 0.0009386099
4 0.0006167596
5 0.0004437202
6 0.0003398010
7 0.0002713402
8 0.0002234690
9 0.0001885310
10 0.0001621377
11 0.0001416182
12 0.0001252766
13 0.0001119959
14 0.0001010152
15 0.0000918016
16 0.0000839719
17 0.0000772444
18 0.0000714079
19 0.0000663013
20 0.0000617997
21 0.0000578049
22 0.0000542386
23 0.0000510376
24 0.0000481506
25 0.0000455353
26 0.0000431564
27 0.0000409846
28 0.0000389951
29 0.0000371669
30 0.0000354819
31 0.0000339247
32 0.0000324819
33 0.0000311419
34 0.0000298947
35 0.0000287314
36 0.0000276441
37 0.0000266261
38 0.0000256711
39 0.0000247739
40 0.0000239296
41 0.0000231338
42 0.0000223827
43 0.0000216729
44 0.0000210011
45 0.0000203645
46 0.0000197606
47 0.0000191871
48 0.0000186418
49 0.0000181227
50 0.0000176282
51 0.0000171567
52 0.0000167065
53 0.0000162765
54 0.0000158652
55 0.0000154717
56 0.0000150948
57 0.0000147335
58 0.0000143869
59 0.0000140542
60 0.0000137347
61 0.0000134276
62 0.0000131321
63 0.0000128478
64 0.0000125740
65 0.0000123101
66 0.0000120558
67 0.0000118104
68 0.0000115735
69 0.0000113448
70 0.0000111238
71 0.0000109102
72 0.0000107036
73 0.0000105037
74 0.0000103102
75 0.0000101228
76 0.0000099412
77 0.0000097652
78 0.0000095946
79 0.0000094291
80 0.0000092685
81 0.0000091125
82 0.0000089611
83 0.0000088140
84 0.0000086710
85 0.0000085321
86 0.0000083969
87 0.0000082654
88 0.0000081375
89 0.0000080130
90 0.0000078917
91 0.0000077736
92 0.0000076586
93 0.0000075464
94 0.0000074371
95 0.0000073305
96 0.0000072266
97 0.0000071251
98 0.0000070262
99 0.0000069296
100 0.0000068352
101 0.0000067431
102 0.0000066531
103 0.0000065652
104 0.0000064793
105 0.0000063954
106 0.0000063133
107 0.0000062330
108 0.0000061545
109 0.0000060776
110 0.0000060025
111 0.0000059289
112 0.0000058569
113 0.0000057864
114 0.0000057174
115 0.0000056497
116 0.0000055835
117 0.0000055186
118 0.0000054550
119 0.0000053927
120 0.0000053316
121 0.0000052716
122 0.0000052129
123 0.0000051553
124 0.0000050987
125 0.0000050433
126 0.0000049889
127 0.0000049355
128 0.0000048831
129 0.0000048316
130 0.0000047811
131 0.0000047315
132 0.0000046827
133 0.0000046349
134 0.0000045879
135 0.0000045417
136 0.0000044963
137 0.0000044517
138 0.0000044079
139 0.0000043648
140 0.0000043224
141 0.0000042807
142 0.0000042398
143 0.0000041995
144 0.0000041598
145 0.0000041209
146 0.0000040825
147 0.0000040448
148 0.0000040076
149 0.0000039711
150 0.0000039351
151 0.0000038997
152 0.0000038648
153 0.0000038305
154 0.0000037967
155 0.0000037634
156 0.0000037307
157 0.0000036984
158 0.0000036666
159 0.0000036352
160 0.0000036044
161 0.0000035739
162 0.0000035440
163 0.0000035144
164 0.0000034853
165 0.0000034566
166 0.0000034283
167 0.0000034004
168 0.0000033729
169 0.0000033458
170 0.0000033190
171 0.0000032927
172 0.0000032667
173 0.0000032410
174 0.0000032157
175 0.0000031907
176 0.0000031661
177 0.0000031418
178 0.0000031178
179 0.0000030941
180 0.0000030707
181 0.0000030477
182 0.0000030249
183 0.0000030024
184 0.0000029802
185 0.0000029583
186 0.0000029367
187 0.0000029153
188 0.0000028943
189 0.0000028734
190 0.0000028529
191 0.0000028325
192 0.0000028125
193 0.0000027927
194 0.0000027731
195 0.0000027537
196 0.0000027346
197 0.0000027157
198 0.0000026970
199 0.0000026786
200 0.0000026604
201 0.0000026423
202 0.0000026245
203 0.0000026069
204 0.0000025895
205 0.0000025723
206 0.0000025553
207 0.0000025385
208 0.0000025219
209 0.0000025054
210 0.0000024892
211 0.0000024731
212 0.0000024572
213 0.0000024414
214 0.0000024259
215 0.0000024105
216 0.0000023952
217 0.0000023802
218 0.0000023653
219 0.0000023505
220 0.0000023359
221 0.0000023215
222 0.0000023072
223 0.0000022930
224 0.0000022790
225 0.0000022652
226 0.0000022515
227 0.0000022379
228 0.0000022244
229 0.0000022111
230 0.0000021979
231 0.0000021849
232 0.0000021720
233 0.0000021592
234 0.0000021465
235 0.0000021339
236 0.0000021215
237 0.0000021092
238 0.0000020970
239 0.0000020849
240 0.0000020729
241 0.0000020610
242 0.0000020493
243 0.0000020376
244 0.0000020261
245 0.0000020146
246 0.0000020032
247 0.0000019920
248 0.0000019808
249 0.0000019697
250 0.0000019587
251 0.0000019478
252 0.0000019370
253 0.0000019262
254 0.0000019156
255 0.0000019050
256 0.0000018945
257 0.0000018840
258 0.0000018737
259 0.0000018633
260 0.0000018531
261 0.0000018429
262 0.0000018327
263 0.0000018226
264 0.0000018125
265 0.0000018024
266 0.0000017924
267 0.0000017824
268 0.0000017723
269 0.0000017623
270 0.0000017522
271 0.0000017421
272 0.0000017318
273 0.0000017215
274 0.0000017111
275 0.0000017004
276 0.0000016895
277 0.0000016782
278 0.0000016665
279 0.0000016542
280 0.0000016411
281 0.0000016268
282 0.0000016107
283 0.0000015919
284 0.0000015684
285 0.0000015368
286 0.0000014813
287 0.0000013136
288 0.0000000000
