0 1090
0 0.9823235127
1 0.0036035318
2 0.0015234252
3 0.0010676475
4 0.0007916785
5 0.0006279437
6 0.0005204364
7 0.0004436958
8 0.0003860449
9 0.0003411873
10 0.0003053131
11 0.0002759751
12 0.0002515372
13 0.0002308673
14 0.0002131576
15 0.0001978160
16 0.0001843984
17 0.0001725655
18 0.0001620530
19 0.0001526525
20 0.0001441971
21 0.0001365518
22 0.0001296060
23 0.0001232686
24 0.0001174635
25 0.0001121267
26 0.0001072042
27 0.0001026499
28 0.0000984245
29 0.0000944937
30 0.0000908283
31 0.0000874024
32 0.0000841935
33 0.0000811821
34 0.0000783505
35 0.0000756834
36 0.0000731671
37 0.0000707892
38 0.0000685390
39 0.0000664065
40 0.0000643829
41 0.0000624602
42 0.0000606312
43 0.0000588893
44 0.0000572287
45 0.0000556438
46 0.0000541297
47 0.0000526819
48 0.0000512963
49 0.0000499690
50 0.0000486964
51 0.0000474755
52 0.0000463031
53 0.0000451766
54 0.0000440934
55 0.0000430510
56 0.0000420474
57 0.0000410804
58 0.0000401482
59 0.0000392490
60 0.0000383811
61 0.0000375430
62 0.0000367332
63 0.0000359503
64 0.0000351932
65 0.0000344606
66 0.0000337513
67 0.0000330644
68 0.0000323989
69 0.0000317537
70 0.0000311281
71 0.0000305212
72 0.0000299321
73 0.0000293602
74 0.0000288048
75 0.0000282652
76 0.0000277408
77 0.0000272310
78 0.0000267351
79 0.0000262527
80 0.0000257833
81 0.0000253264
82 0.0000248814
83 0.0000244481
84 0.0000240259
85 0.0000236145
86 0.0000232134
87 0.0000228223
88 0.0000224410
89 0.0000220689
90 0.0000217059
91 0.0000213516
92 0.0000210057
93 0.0000206680
94 0.0000203382
95 0.0000200160
96 0.0000197012
97 0.0000193936
98 0.0000190929
99 0.0000187989
100 0.0000185115
101 0.0000182304
102 0.0000179554
103 0.0000176863
104 0.0000174231
105 0.0000171654
106 0.0000169132
107 0.0000166662
108 0.0000164245
109 0.0000161877
110 0.0000159557
111 0.0000157285
112 0.0000155058
113 0.0000152877
114 0.0000150738
115 0.0000148642
116 0.0000146588
117 0.0000144573
118 0.0000142597
119 0.0000140659
120 0.0000138758
121 0.0000136894
122 0.0000135064
123 0.0000133269
124 0.0000131507
125 0.0000129778
126 0.0000128081
127 0.0000126414
128 0.0000124778
129 0.0000123171
130 0.0000121594
131 0.0000120044
132 0.0000118522
133 0.0000117026
134 0.0000115557
135 0.0000114114
136 0.0000112695
137 0.0000111301
138 0.0000109931
139 0.0000108584
140 0.0000107260
141 0.0000105959
142 0.0000104679
143 0.0000103420
144 0.0000102183
145 0.0000100966
146 0.0000099768
147 0.0000098591
148 0.0000097432
149 0.0000096293
150 0.0000095171
151 0.0000094068
152 0.0000092982
153 0.0000091914
154 0.0000090862
155 0.0000089827
156 0.0000088808
157 0.0000087805
158 0.0000086817
159 0.0000085845
160 0.0000084887
161 0.0000083945
162 0.0000083016
163 0.0000082102
164 0.0000081201
165 0.0000080314
166 0.0000079441
167 0.0000078580
168 0.0000077732
169 0.0000076897
170 0.0000076074
171 0.0000075262
172 0.0000074463
173 0.0000073676
174 0.0000072899
175 0.0000072134
176 0.0000071380
177 0.0000070637
178 0.0000069904
179 0.0000069182
180 0.0000068470
181 0.0000067768
182 0.0000067076
183 0.0000066393
184 0.0000065720
185 0.0000065056
186 0.0000064402
187 0.0000063757
188 0.0000063120
189 0.0000062492
190 0.0000061872
191 0.0000061262
192 0.0000060659
193 0.0000060064
194 0.0000059478
195 0.0000058899
196 0.0000058328
197 0.0000057764
198 0.0000057209
199 0.0000056660
200 0.0000056118
201 0.0000055584
202 0.0000055057
203 0.0000054536
204 0.0000054023
205 0.0000053516
206 0.0000053015
207 0.0000052521
208 0.0000052034
209 0.0000051552
210 0.0000051077
211 0.0000050607
212 0.0000050144
213 0.0000049687
214 0.0000049235
215 0.0000048789
216 0.0000048349
217 0.0000047914
218 0.0000047484
219 0.0000047060
220 0.0000046641
221 0.0000046227
222 0.0000045818
223 0.0000045415
224 0.0000045016
225 0.0000044622
226 0.0000044233
227 0.0000043848
228 0.0000043469
229 0.0000043093
230 0.0000042723
231 0.0000042357
232 0.0000041995
233 0.0000041637
234 0.0000041284
235 0.0000040935
236 0.0000040590
237 0.0000040249
238 0.0000039912
239 0.0000039579
240 0.0000039250
241 0.0000038925
242 0.0000038604
243 0.0000038286
244 0.0000037972
245 0.0000037662
246 0.0000037355
247 0.0000037052
248 0.0000036752
249 0.0000036456
250 0.0000036163
251 0.0000035873
252 0.0000035587
253 0.0000035304
254 0.0000035024
255 0.0000034747
256 0.0000034474
257 0.0000034203
258 0.0000033936
259 0.0000033671
260 0.0000033410
261 0.0000033151
262 0.0000032895
263 0.0000032642
264 0.0000032392
265 0.0000032145
266 0.0000031900
267 0.0000031658
268 0.0000031419
269 0.0000031182
270 0.0000030948
271 0.0000030716
272 0.0000030487
273 0.0000030261
274 0.0000030036
275 0.0000029815
276 0.0000029595
277 0.0000029378
278 0.0000029163
279 0.0000028951
280 0.0000028741
281 0.0000028533
282 0.0000028327
283 0.0000028124
284 0.0000027922
285 0.0000027723
286 0.0000027526
287 0.0000027331
288 0.0000027138
289 0.0000026947
290 0.0000026758
291 0.0000026570
292 0.0000026385
293 0.0000026202
294 0.0000026021
295 0.0000025841
296 0.0000025664
297 0.0000025488
298 0.0000025314
299 0.0000025142
300 0.0000024971
301 0.0000024802
302 0.0000024635
303 0.0000024470
304 0.0000024306
305 0.0000024144
306 0.0000023984
307 0.0000023825
308 0.0000023668
309 0.0000023513
310 0.0000023359
311 0.0000023206
312 0.0000023055
313 0.0000022906
314 0.0000022758
315 0.0000022611
316 0.0000022466
317 0.0000022323
318 0.0000022180
319 0.0000022040
320 0.0000021900
321 0.0000021762
322 0.0000021625
323 0.0000021490
324 0.0000021356
325 0.0000021223
326 0.0000021092
327 0.0000020962
328 0.0000020833
329 0.0000020705
330 0.0000020579
331 0.0000020453
332 0.0000020329
333 0.0000020206
334 0.0000020085
335 0.0000019964
336 0.0000019845
337 0.0000019727
338 0.0000019609
339 0.0000019493
340 0.0000019378
341 0.0000019265
342 0.0000019152
343 0.0000019040
344 0.0000018929
345 0.0000018820
346 0.0000018711
347 0.0000018604
348 0.0000018497
349 0.0000018391
350 0.0000018287
351 0.0000018183
352 0.0000018081
353 0.0000017979
354 0.0000017878
355 0.0000017778
356 0.0000017679
357 0.0000017581
358 0.0000017484
359 0.0000017388
360 0.0000017292
361 0.0000017198
362 0.0000017104
363 0.0000017011
364 0.0000016919
365 0.0000016828
366 0.0000016738
367 0.0000016648
368 0.0000016559
369 0.0000016472
370 0.0000016384
371 0.0000016298
372 0.0000016212
373 0.0000016128
374 0.0000016044
375 0.0000015960
376 0.0000015877
377 0.0000015796
378 0.0000015714
379 0.0000015634
380 0.0000015554
381 0.0000015475
382 0.0000015397
383 0.0000015319
384 0.0000015242
385 0.0000015166
386 0.0000015090
387 0.0000015015
388 0.0000014941
389 0.0000014867
390 0.0000014794
391 0.0000014722
392 0.0000014650
393 0.0000014579
394 0.0000014508
395 0.0000014438
396 0.0000014369
397 0.0000014300
398 0.0000014232
399 0.0000014164
400 0.0000014097
401 0.0000014031
402 0.0000013965
403 0.0000013899
404 0.0000013834
405 0.0000013770
406 0.0000013706
407 0.0000013643
408 0.0000013580
409 0.0000013518
410 0.0000013456
411 0.0000013395
412 0.0000013335
413 0.0000013275
414 0.0000013215
415 0.0000013156
416 0.0000013097
417 0.0000013039
418 0.0000012981
419 0.0000012924
420 0.0000012867
421 0.0000012811
422 0.0000012755
423 0.0000012700
424 0.0000012645
425 0.0000012590
426 0.0000012536
427 0.0000012482
428 0.0000012429
429 0.0000012376
430 0.0000012324
431 0.0000012272
432 0.0000012221
433 0.0000012169
434 0.0000012119
435 0.0000012068
436 0.0000012019
437 0.0000011969
438 0.0000011920
439 0.0000011871
440 0.0000011823
441 0.0000011775
442 0.0000011727
443 0.0000011680
444 0.0000011633
445 0.0000011587
446 0.0000011541
447 0.0000011495
448 0.0000011449
449 0.0000011404
450 0.0000011360
451 0.0000011315
452 0.0000011271
453 0.0000011228
454 0.0000011184
455 0.0000011141
456 0.0000011098
457 0.0000011056
458 0.0000011014
459 0.0000010972
460 0.0000010931
461 0.0000010890
462 0.0000010849
463 0.0000010808
464 0.0000010768
465 0.0000010728
466 0.0000010689
467 0.0000010649
468 0.0000010610
469 0.0000010572
470 0.0000010533
471 0.0000010495
472 0.0000010457
473 0.0000010420
474 0.0000010382
475 0.0000010345
476 0.0000010309
477 0.0000010272
478 0.0000010236
479 0.0000010200
480 0.0000010164
481 0.0000010129
482 0.0000010094
483 0.0000010059
484 0.0000010024
485 0.0000009990
486 0.0000009955
487 0.0000009921
488 0.0000009888
489 0.0000009854
490 0.0000009821
491 0.0000009788
492 0.0000009755
493 0.0000009723
494 0.0000009690
495 0.0000009658
496 0.0000009627
497 0.0000009595
498 0.0000009563
499 0.0000009532
500 0.0000009501
501 0.0000009471
502 0.0000009440
503 0.0000009410
504 0.0000009380
505 0.0000009350
506 0.0000009320
507 0.0000009291
508 0.0000009261
509 0.0000009232
510 0.0000009203
511 0.0000009175
512 0.0000009146
513 0.0000009118
514 0.0000009090
515 0.0000009062
516 0.0000009034
517 0.0000009007
518 0.0000008979
519 0.0000008952
520 0.0000008925
521 0.0000008898
522 0.0000008872
523 0.0000008845
524 0.0000008819
525 0.0000008793
526 0.0000008767
527 0.0000008741
528 0.0000008715
529 0.0000008690
530 0.0000008665
531 0.0000008640
532 0.0000008615
533 0.0000008590
534 0.0000008565
535 0.0000008541
536 0.0000008516
537 0.0000008492
538 0.0000008468
539 0.0000008445
540 0.0000008421
541 0.0000008397
542 0.0000008374
543 0.0000008351
544 0.0000008328
545 0.0000008305
546 0.0000008282
547 0.0000008259
548 0.0000008237
549 0.0000008214
550 0.0000008192
551 0.0000008170
552 0.0000008148
553 0.0000008126
554 0.0000008105
555 0.0000008083
556 0.0000008062
557 0.0000008040
558 0.0000008019
559 0.0000007998
560 0.0000007977
561 0.0000007957
562 0.0000007936
563 0.0000007915
564 0.0000007895
565 0.0000007875
566 0.0000007855
567 0.0000007834
568 0.0000007815
569 0.0000007795
570 0.0000007775
571 0.0000007756
572 0.0000007736
573 0.0000007717
574 0.0000007698
575 0.0000007678
576 0.0000007659
577 0.0000007641
578 0.0000007622
579 0.0000007603
580 0.0000007585
581 0.0000007566
582 0.0000007548
583 0.0000007530
584 0.0000007512
585 0.0000007494
586 0.0000007476
587 0.0000007458
588 0.0000007440
589 0.0000007423
590 0.0000007405
591 0.0000007388
592 0.0000007370
593 0.0000007353
594 0.0000007336
595 0.0000007319
596 0.0000007302
597 0.0000007285
598 0.0000007269
599 0.0000007252
600 0.0000007235
601 0.0000007219
602 0.0000007202
603 0.0000007186
604 0.0000007170
605 0.0000007154
606 0.0000007138
607 0.0000007122
608 0.0000007106
609 0.0000007090
610 0.0000007075
611 0.0000007059
612 0.0000007044
613 0.0000007028
614 0.0000007013
615 0.0000006998
616 0.0000006982
617 0.0000006967
618 0.0000006952
619 0.0000006937
620 0.0000006923
621 0.0000006908
622 0.0000006893
623 0.0000006879
624 0.0000006864
625 0.0000006850
626 0.0000006835
627 0.0000006821
628 0.0000006807
629 0.0000006792
630 0.0000006778
631 0.0000006764
632 0.0000006750
633 0.0000006736
634 0.0000006723
635 0.0000006709
636 0.0000006695
637 0.0000006682
638 0.0000006668
639 0.0000006655
640 0.0000006641
641 0.0000006628
642 0.0000006615
643 0.0000006601
644 0.0000006588
645 0.0000006575
646 0.0000006562
647 0.0000006549
648 0.0000006536
649 0.0000006524
650 0.0000006511
651 0.0000006498
652 0.0000006485
653 0.0000006473
654 0.0000006460
655 0.0000006448
656 0.0000006436
657 0.0000006423
658 0.0000006411
659 0.0000006399
660 0.0000006387
661 0.0000006374
662 0.0000006362
663 0.0000006350
664 0.0000006339
665 0.0000006327
666 0.0000006315
667 0.0000006303
668 0.0000006291
669 0.0000006280
670 0.0000006268
671 0.0000006257
672 0.0000006245
673 0.0000006234
674 0.0000006222
675 0.0000006211
676 0.0000006200
677 0.0000006188
678 0.0000006177
679 0.0000006166
680 0.0000006155
681 0.0000006144
682 0.0000006133
683 0.0000006122
684 0.0000006111
685 0.0000006100
686 0.0000006090
687 0.0000006079
688 0.0000006068
689 0.0000006058
690 0.0000006047
691 0.0000006036
692 0.0000006026
693 0.0000006015
694 0.0000006005
695 0.0000005995
696 0.0000005984
697 0.0000005974
698 0.0000005964
699 0.0000005954
700 0.0000005943
701 0.0000005933
702 0.0000005923
703 0.0000005913
704 0.0000005903
705 0.0000005893
706 0.0000005883
707 0.0000005874
708 0.0000005864
709 0.0000005854
710 0.0000005844
711 0.0000005835
712 0.0000005825
713 0.0000005815
714 0.0000005806
715 0.0000005796
716 0.0000005787
717 0.0000005777
718 0.0000005768
719 0.0000005758
720 0.0000005749
721 0.0000005740
722 0.0000005731
723 0.0000005721
724 0.0000005712
725 0.0000005703
726 0.0000005694
727 0.0000005685
728 0.0000005676
729 0.0000005667
730 0.0000005658
731 0.0000005649
732 0.0000005640
733 0.0000005631
734 0.0000005622
735 0.0000005613
736 0.0000005605
737 0.0000005596
738 0.0000005587
739 0.0000005579
740 0.0000005570
741 0.0000005561
742 0.0000005553
743 0.0000005544
744 0.0000005536
745 0.0000005527
746 0.0000005519
747 0.0000005510
748 0.0000005502
749 0.0000005494
750 0.0000005485
751 0.0000005477
752 0.0000005469
753 0.0000005461
754 0.0000005452
755 0.0000005444
756 0.0000005436
757 0.0000005428
758 0.0000005420
759 0.0000005412
760 0.0000005404
761 0.0000005396
762 0.0000005388
763 0.0000005380
764 0.0000005372
765 0.0000005364
766 0.0000005356
767 0.0000005349
768 0.0000005341
769 0.0000005333
770 0.0000005325
771 0.0000005318
772 0.0000005310
773 0.0000005302
774 0.0000005295
775 0.0000005287
776 0.0000005280
777 0.0000005272
778 0.0000005264
779 0.0000005257
780 0.0000005250
781 0.0000005242
782 0.0000005235
783 0.0000005227
784 0.0000005220
785 0.0000005213
786 0.0000005205
787 0.0000005198
788 0.0000005191
789 0.0000005183
790 0.0000005176
791 0.0000005169
792 0.0000005162
793 0.0000005155
794 0.0000005148
795 0.0000005141
796 0.0000005133
797 0.0000005126
798 0.0000005119
799 0.0000005112
800 0.0000005105
801 0.0000005098
802 0.0000005092
803 0.0000005085
804 0.0000005078
805 0.0000005071
806 0.0000005064
807 0.0000005057
808 0.0000005050
809 0.0000005044
810 0.0000005037
811 0.0000005030
812 0.0000005023
813 0.0000005017
814 0.0000005010
815 0.0000005003
816 0.0000004997
817 0.0000004990
818 0.0000004984
819 0.0000004977
820 0.0000004970
821 0.0000004964
822 0.0000004957
823 0.0000004951
824 0.0000004944
825 0.0000004938
826 0.0000004932
827 0.0000004925
828 0.0000004919
829 0.0000004912
830 0.0000004906
831 0.0000004900
832 0.0000004893
833 0.0000004887
834 0.0000004881
835 0.0000004875
836 0.0000004868
837 0.0000004862
838 0.0000004856
839 0.0000004850
840 0.0000004844
841 0.0000004837
842 0.0000004831
843 0.0000004825
844 0.0000004819
845 0.0000004813
846 0.0000004807
847 0.0000004801
848 0.0000004795
849 0.0000004789
850 0.0000004783
851 0.0000004777
852 0.0000004771
853 0.0000004765
854 0.0000004759
855 0.0000004753
856 0.0000004747
857 0.0000004742
858 0.0000004736
859 0.0000004730
860 0.0000004724
861 0.0000004718
862 0.0000004712
863 0.0000004707
864 0.0000004701
865 0.0000004695
866 0.0000004690
867 0.0000004684
868 0.0000004678
869 0.0000004673
870 0.0000004667
871 0.0000004661
872 0.0000004656
873 0.0000004650
874 0.0000004644
875 0.0000004639
876 0.0000004633
877 0.0000004628
878 0.0000004622
879 0.0000004617
880 0.0000004611
881 0.0000004606
882 0.0000004600
883 0.0000004595
884 0.0000004589
885 0.0000004584
886 0.0000004578
887 0.0000004573
888 0.0000004568
889 0.0000004562
890 0.0000004557
891 0.0000004552
892 0.0000004546
893 0.0000004541
894 0.0000004536
895 0.0000004530
896 0.0000004525
897 0.0000004520
898 0.0000004515
899 0.0000004509
900 0.0000004504
901 0.0000004499
902 0.0000004494
903 0.0000004489
904 0.0000004483
905 0.0000004478
906 0.0000004473
907 0.0000004468
908 0.0000004463
909 0.0000004458
910 0.0000004453
911 0.0000004448
912 0.0000004443
913 0.0000004438
914 0.0000004433
915 0.0000004428
916 0.0000004423
917 0.0000004417
918 0.0000004412
919 0.0000004408
920 0.0000004403
921 0.0000004398
922 0.0000004393
923 0.0000004388
924 0.0000004383
925 0.0000004378
926 0.0000004373
927 0.0000004368
928 0.0000004363
929 0.0000004358
930 0.0000004354
931 0.0000004349
932 0.0000004344
933 0.0000004339
934 0.0000004334
935 0.0000004330
936 0.0000004325
937 0.0000004320
938 0.0000004315
939 0.0000004311
940 0.0000004306
941 0.0000004301
942 0.0000004296
943 0.0000004292
944 0.0000004287
945 0.0000004282
946 0.0000004278
947 0.0000004273
948 0.0000004269
949 0.0000004264
950 0.0000004259
951 0.0000004255
952 0.0000004250
953 0.0000004246
954 0.0000004241
955 0.0000004236
956 0.0000004232
957 0.0000004227
958 0.0000004223
959 0.0000004218
960 0.0000004214
961 0.0000004209
962 0.0000004205
963 0.0000004200
964 0.0000004196
965 0.0000004191
966 0.0000004187
967 0.0000004183
968 0.0000004178
969 0.0000004174
970 0.0000004169
971 0.0000004165
972 0.0000004161
973 0.0000004156
974 0.0000004152
975 0.0000004147
976 0.0000004143
977 0.0000004139
978 0.0000004134
979 0.0000004130
980 0.0000004126
981 0.0000004122
982 0.0000004117
983 0.0000004113
984 0.0000004109
985 0.0000004104
986 0.0000004100
987 0.0000004096
988 0.0000004092
989 0.0000004087
990 0.0000004083
991 0.0000004079
992 0.0000004075
993 0.0000004071
994 0.0000004066
995 0.0000004062
996 0.0000004058
997 0.0000004054
998 0.0000004050
999 0.0000004046
1000 0.0000004042
1001 0.0000004037
1002 0.0000004033
1003 0.0000004029
1004 0.0000004025
1005 0.0000004021
1006 0.0000004017
1007 0.0000004013
1008 0.0000004009
1009 0.0000004005
1010 0.0000004001
1011 0.0000003997
1012 0.0000003993
1013 0.0000003989
1014 0.0000003985
1015 0.0000003981
1016 0.0000003977
1017 0.0000003973
1018 0.0000003969
1019 0.0000003965
1020 0.0000003961
1021 0.0000003957
1022 0.0000003953
1023 0.0000003949
1024 0.0000003945
1025 0.0000003941
1026 0.0000003938
1027 0.0000003934
1028 0.0000003930
1029 0.0000003926
1030 0.0000003922
1031 0.0000003918
1032 0.0000003914
1033 0.0000003910
1034 0.0000003907
1035 0.0000003903
1036 0.0000003899
1037 0.0000003895
1038 0.0000003891
1039 0.0000003887
1040 0.0000003884
1041 0.0000003880
1042 0.0000003876
1043 0.0000003872
1044 0.0000003869
1045 0.0000003865
1046 0.0000003861
1047 0.0000003857
1048 0.0000003854
1049 0.0000003850
1050 0.0000003846
1051 0.0000003842
1052 0.0000003839
1053 0.0000003835
1054 0.0000003831
1055 0.0000003828
1056 0.0000003824
1057 0.0000003820
1058 0.0000003817
1059 0.0000003813
1060 0.0000003810
1061 0.0000003806
1062 0.0000003802
1063 0.0000003799
1064 0.0000003795
1065 0.0000003791
1066 0.0000003788
1067 0.0000003784
1068 0.0000003781
1069 0.0000003777
1070 0.0000003773
1071 0.0000003770
1072 0.0000003766
1073 0.0000003763
1074 0.0000003759
1075 0.0000003756
1076 0.0000003752
1077 0.0000003749
1078 0.0000003745
1079 0.0000003742
1080 0.0000003738
1081 0.0000003735
1082 0.0000003731
1083 0.0000003728
1084 0.0000003724
1085 0.0000003721
1086 0.0000003717
1087 0.0000003714
1088 0.0000003710
1089 0.0000003707
1090 0.0000003703
