0 462
0 0.9819760614
1 0.0057814758
2 0.0017861454
3 0.0010404464
4 0.0006421650
5 0.0004428259
6 0.0003336291
7 0.0002672990
8 0.0002238298
9 0.0001935794
10 0.0001713851
11 0.0001543320
12 0.0001407176
13 0.0001295132
14 0.0001200730
15 0.0001119745
16 0.0001049293
17 0.0000987327
18 0.0000932340
19 0.0000883187
20 0.0000838971
21 0.0000798979
22 0.0000762631
23 0.0000729451
24 0.0000699041
25 0.0000671068
26 0.0000645251
27 0.0000621349
28 0.0000599156
29 0.0000578495
30 0.0000559212
31 0.0000541173
32 0.0000524262
33 0.0000508376
34 0.0000493424
35 0.0000479326
36 0.0000466012
37 0.0000453416
38 0.0000441484
39 0.0000430164
40 0.0000419409
41 0.0000409179
42 0.0000399436
43 0.0000390146
44 0.0000381279
45 0.0000372806
46 0.0000364700
47 0.0000356940
48 0.0000349504
49 0.0000342370
50 0.0000335523
51 0.0000328943
52 0.0000322617
53 0.0000316530
54 0.0000310667
55 0.0000305019
56 0.0000299571
57 0.0000294315
58 0.0000289241
59 0.0000284338
60 0.0000279599
61 0.0000275015
62 0.0000270578
63 0.0000266283
64 0.0000262122
65 0.0000258089
66 0.0000254178
67 0.0000250384
68 0.0000246702
69 0.0000243126
70 0.0000239653
71 0.0000236277
72 0.0000232995
73 0.0000229803
74 0.0000226697
75 0.0000223674
76 0.0000220731
77 0.0000217864
78 0.0000215071
79 0.0000212348
80 0.0000209693
81 0.0000207104
82 0.0000204578
83 0.0000202113
84 0.0000199707
85 0.0000197357
86 0.0000195062
87 0.0000192819
88 0.0000190628
89 0.0000188486
90 0.0000186391
91 0.0000184343
92 0.0000182339
93 0.0000180378
94 0.0000178459
95 0.0000176580
96 0.0000174740
97 0.0000172939
98 0.0000171174
99 0.0000169444
100 0.0000167750
101 0.0000166089
102 0.0000164460
103 0.0000162863
104 0.0000161297
105 0.0000159760
106 0.0000158253
107 0.0000156774
108 0.0000155322
109 0.0000153897
110 0.0000152497
111 0.0000151123
112 0.0000149774
113 0.0000148448
114 0.0000147146
115 0.0000145866
116 0.0000144608
117 0.0000143372
118 0.0000142157
119 0.0000140962
120 0.0000139787
121 0.0000138632
122 0.0000137495
123 0.0000136377
124 0.0000135277
125 0.0000134195
126 0.0000133129
127 0.0000132081
128 0.0000131049
129 0.0000130033
130 0.0000129032
131 0.0000128047
132 0.0000127077
133 0.0000126121
134 0.0000125180
135 0.0000124252
136 0.0000123338
137 0.0000122438
138 0.0000121550
139 0.0000120676
140 0.0000119814
141 0.0000118964
142 0.0000118126
143 0.0000117299
144 0.0000116485
145 0.0000115681
146 0.0000114889
147 0.0000114107
148 0.0000113336
149 0.0000112575
150 0.0000111824
151 0.0000111083
152 0.0000110352
153 0.0000109631
154 0.0000108919
155 0.0000108216
156 0.0000107522
157 0.0000106837
158 0.0000106161
159 0.0000105493
160 0.0000104833
161 0.0000104182
162 0.0000103539
163 0.0000102903
164 0.0000102276
165 0.0000101655
166 0.0000101043
167 0.0000100438
168 0.0000099840
169 0.0000099249
170 0.0000098665
171 0.0000098088
172 0.0000097517
173 0.0000096953
174 0.0000096396
175 0.0000095845
176 0.0000095300
177 0.0000094761
178 0.0000094229
179 0.0000093702
180 0.0000093181
181 0.0000092667
182 0.0000092157
183 0.0000091653
184 0.0000091155
185 0.0000090662
186 0.0000090175
187 0.0000089692
188 0.0000089215
189 0.0000088743
190 0.0000088275
191 0.0000087813
192 0.0000087356
193 0.0000086903
194 0.0000086455
195 0.0000086011
196 0.0000085572
197 0.0000085138
198 0.0000084707
199 0.0000084282
200 0.0000083860
201 0.0000083443
202 0.0000083029
203 0.0000082620
204 0.0000082215
205 0.0000081814
206 0.0000081416
207 0.0000081023
208 0.0000080633
209 0.0000080247
210 0.0000079865
211 0.0000079486
212 0.0000079111
213 0.0000078740
214 0.0000078371
215 0.0000078007
216 0.0000077645
217 0.0000077287
218 0.0000076933
219 0.0000076581
220 0.0000076233
221 0.0000075888
222 0.0000075546
223 0.0000075207
224 0.0000074871
225 0.0000074538
226 0.0000074208
227 0.0000073881
228 0.0000073557
229 0.0000073235
230 0.0000072917
231 0.0000072601
232 0.0000072288
233 0.0000071978
234 0.0000071670
235 0.0000071365
236 0.0000071062
237 0.0000070762
238 0.0000070465
239 0.0000070170
240 0.0000069877
241 0.0000069587
242 0.0000069299
243 0.0000069014
244 0.0000068731
245 0.0000068450
246 0.0000068172
247 0.0000067896
248 0.0000067622
249 0.0000067350
250 0.0000067080
251 0.0000066813
252 0.0000066548
253 0.0000066284
254 0.0000066023
255 0.0000065764
256 0.0000065507
257 0.0000065252
258 0.0000064999
259 0.0000064748
260 0.0000064499
261 0.0000064251
262 0.0000064006
263 0.0000063762
264 0.0000063521
265 0.0000063281
266 0.0000063043
267 0.0000062806
268 0.0000062572
269 0.0000062339
270 0.0000062108
271 0.0000061879
272 0.0000061651
273 0.0000061425
274 0.0000061201
275 0.0000060978
276 0.0000060757
277 0.0000060537
278 0.0000060319
279 0.0000060103
280 0.0000059888
281 0.0000059675
282 0.0000059463
283 0.0000059253
284 0.0000059044
285 0.0000058837
286 0.0000058631
287 0.0000058426
288 0.0000058223
289 0.0000058022
290 0.0000057821
291 0.0000057623
292 0.0000057425
293 0.0000057229
294 0.0000057034
295 0.0000056840
296 0.0000056648
297 0.0000056457
298 0.0000056268
299 0.0000056079
300 0.0000055892
301 0.0000055706
302 0.0000055522
303 0.0000055338
304 0.0000055156
305 0.0000054975
306 0.0000054795
307 0.0000054617
308 0.0000054439
309 0.0000054263
310 0.0000054088
311 0.0000053913
312 0.0000053740
313 0.0000053569
314 0.0000053398
315 0.0000053228
316 0.0000053060
317 0.0000052892
318 0.0000052725
319 0.0000052560
320 0.0000052396
321 0.0000052232
322 0.0000052070
323 0.0000051908
324 0.0000051748
325 0.0000051589
326 0.0000051430
327 0.0000051273
328 0.0000051116
329 0.0000050961
330 0.0000050806
331 0.0000050652
332 0.0000050500
333 0.0000050348
334 0.0000050197
335 0.0000050047
336 0.0000049898
337 0.0000049749
338 0.0000049602
339 0.0000049456
340 0.0000049310
341 0.0000049165
342 0.0000049021
343 0.0000048878
344 0.0000048736
345 0.0000048594
346 0.0000048454
347 0.0000048314
348 0.0000048175
349 0.0000048037
350 0.0000047899
351 0.0000047763
352 0.0000047627
353 0.0000047492
354 0.0000047357
355 0.0000047224
356 0.0000047091
357 0.0000046959
358 0.0000046827
359 0.0000046697
360 0.0000046567
361 0.0000046438
362 0.0000046309
363 0.0000046181
364 0.0000046054
365 0.0000045928
366 0.0000045802
367 0.0000045677
368 0.0000045553
369 0.0000045429
370 0.0000045306
371 0.0000045184
372 0.0000045062
373 0.0000044941
374 0.0000044821
375 0.0000044701
376 0.0000044582
377 0.0000044464
378 0.0000044346
379 0.0000044229
380 0.0000044112
381 0.0000043996
382 0.0000043881
383 0.0000043766
384 0.0000043652
385 0.0000043538
386 0.0000043425
387 0.0000043313
388 0.0000043201
389 0.0000043090
390 0.0000042979
391 0.0000042869
392 0.0000042759
393 0.0000042650
394 0.0000042542
395 0.0000042434
396 0.0000042326
397 0.0000042219
398 0.0000042113
399 0.0000042007
400 0.0000041902
401 0.0000041798
402 0.0000041693
403 0.0000041590
404 0.0000041486
405 0.0000041384
406 0.0000041282
407 0.0000041180
408 0.0000041079
409 0.0000040978
410 0.0000040878
411 0.0000040778
412 0.0000040679
413 0.0000040580
414 0.0000040482
415 0.0000040384
416 0.0000040287
417 0.0000040190
418 0.0000040094
419 0.0000039998
420 0.0000039902
421 0.0000039807
422 0.0000039713
423 0.0000039619
424 0.0000039525
425 0.0000039432
426 0.0000039339
427 0.0000039247
428 0.0000039155
429 0.0000039063
430 0.0000038972
431 0.0000038881
432 0.0000038791
433 0.0000038701
434 0.0000038612
435 0.0000038523
436 0.0000038434
437 0.0000038346
438 0.0000038258
439 0.0000038171
440 0.0000038084
441 0.0000037997
442 0.0000037911
443 0.0000037825
444 0.0000037740
445 0.0000037655
446 0.0000037570
447 0.0000037486
448 0.0000037402
449 0.0000037318
450 0.0000037235
451 0.0000037152
452 0.0000037070
453 0.0000036988
454 0.0000036906
455 0.0000036824
456 0.0000036743
457 0.0000036663
458 0.0000036582
459 0.0000036502
460 0.0000036423
461 0.0000036344
462 0.0000036265
