1 348
0 0.9867559893
1 0.0056177344
2 0.0014047115
3 0.0008180961
4 0.0005240550
5 0.0003749824
6 0.0002891355
7 0.0002338877
8 0.0001956317
9 0.0001677242
10 0.0001465165
11 0.0001298626
12 0.0001164361
13 0.0001053805
14 0.0000961195
15 0.0000882515
16 0.0000814872
17 0.0000756130
18 0.0000704670
19 0.0000659247
20 0.0000618882
21 0.0000582795
22 0.0000550359
23 0.0000521061
24 0.0000494480
25 0.0000470265
26 0.0000448123
27 0.0000427807
28 0.0000409106
29 0.0000391841
30 0.0000375858
31 0.0000361022
32 0.0000347219
33 0.0000334348
34 0.0000322319
35 0.0000311056
36 0.0000300490
37 0.0000290560
38 0.0000281212
39 0.0000272398
40 0.0000264075
41 0.0000256203
42 0.0000248750
43 0.0000241682
44 0.0000234972
45 0.0000228595
46 0.0000222526
47 0.0000216745
48 0.0000211231
49 0.0000205969
50 0.0000200941
51 0.0000196132
52 0.0000191530
53 0.0000187121
54 0.0000182893
55 0.0000178837
56 0.0000174942
57 0.0000171200
58 0.0000167600
59 0.0000164137
60 0.0000160802
61 0.0000157589
62 0.0000154492
63 0.0000151503
64 0.0000148619
65 0.0000145833
66 0.0000143142
67 0.0000140540
68 0.0000138022
69 0.0000135587
70 0.0000133228
71 0.0000130944
72 0.0000128730
73 0.0000126583
74 0.0000124501
75 0.0000122481
76 0.0000120520
77 0.0000118616
78 0.0000116765
79 0.0000114967
80 0.0000113219
81 0.0000111519
82 0.0000109865
83 0.0000108256
84 0.0000106689
85 0.0000105163
86 0.0000103676
87 0.0000102228
88 0.0000100816
89 0.0000099439
90 0.0000098096
91 0.0000096786
92 0.0000095508
93 0.0000094260
94 0.0000093042
95 0.0000091852
96 0.0000090690
97 0.0000089554
98 0.0000088444
99 0.0000087359
100 0.0000086299
101 0.0000085261
102 0.0000084246
103 0.0000083253
104 0.0000082281
105 0.0000081330
106 0.0000080399
107 0.0000079487
108 0.0000078593
109 0.0000077718
110 0.0000076861
111 0.0000076021
112 0.0000075197
113 0.0000074389
114 0.0000073598
115 0.0000072821
116 0.0000072060
117 0.0000071313
118 0.0000070580
119 0.0000069860
120 0.0000069154
121 0.0000068461
122 0.0000067780
123 0.0000067112
124 0.0000066456
125 0.0000065811
126 0.0000065178
127 0.0000064555
128 0.0000063944
129 0.0000063343
130 0.0000062752
131 0.0000062172
132 0.0000061601
133 0.0000061039
134 0.0000060487
135 0.0000059944
136 0.0000059410
137 0.0000058884
138 0.0000058367
139 0.0000057858
140 0.0000057357
141 0.0000056864
142 0.0000056379
143 0.0000055901
144 0.0000055431
145 0.0000054968
146 0.0000054511
147 0.0000054062
148 0.0000053619
149 0.0000053183
150 0.0000052754
151 0.0000052331
152 0.0000051914
153 0.0000051502
154 0.0000051097
155 0.0000050698
156 0.0000050304
157 0.0000049916
158 0.0000049533
159 0.0000049156
160 0.0000048784
161 0.0000048417
162 0.0000048055
163 0.0000047698
164 0.0000047345
165 0.0000046998
166 0.0000046655
167 0.0000046317
168 0.0000045983
169 0.0000045653
170 0.0000045328
171 0.0000045007
172 0.0000044690
173 0.0000044377
174 0.0000044068
175 0.0000043763
176 0.0000043462
177 0.0000043165
178 0.0000042871
179 0.0000042581
180 0.0000042294
181 0.0000042011
182 0.0000041732
183 0.0000041456
184 0.0000041183
185 0.0000040913
186 0.0000040647
187 0.0000040383
188 0.0000040123
189 0.0000039866
190 0.0000039612
191 0.0000039361
192 0.0000039112
193 0.0000038867
194 0.0000038624
195 0.0000038384
196 0.0000038147
197 0.0000037913
198 0.0000037681
199 0.0000037451
200 0.0000037224
201 0.0000037000
202 0.0000036778
203 0.0000036559
204 0.0000036341
205 0.0000036127
206 0.0000035914
207 0.0000035704
208 0.0000035496
209 0.0000035290
210 0.0000035087
211 0.0000034885
212 0.0000034686
213 0.0000034488
214 0.0000034293
215 0.0000034100
216 0.0000033908
217 0.0000033719
218 0.0000033531
219 0.0000033346
220 0.0000033162
221 0.0000032980
222 0.0000032800
223 0.0000032622
224 0.0000032445
225 0.0000032270
226 0.0000032097
227 0.0000031926
228 0.0000031756
229 0.0000031588
230 0.0000031421
231 0.0000031256
232 0.0000031093
233 0.0000030931
234 0.0000030770
235 0.0000030611
236 0.0000030454
237 0.0000030298
238 0.0000030143
239 0.0000029990
240 0.0000029839
241 0.0000029688
242 0.0000029539
243 0.0000029392
244 0.0000029245
245 0.0000029100
246 0.0000028957
247 0.0000028814
248 0.0000028673
249 0.0000028533
250 0.0000028394
251 0.0000028257
252 0.0000028120
253 0.0000027985
254 0.0000027851
255 0.0000027718
256 0.0000027587
257 0.0000027456
258 0.0000027327
259 0.0000027198
260 0.0000027071
261 0.0000026944
262 0.0000026819
263 0.0000026695
264 0.0000026572
265 0.0000026449
266 0.0000026328
267 0.0000026208
268 0.0000026089
269 0.0000025970
270 0.0000025853
271 0.0000025736
272 0.0000025621
273 0.0000025506
274 0.0000025392
275 0.0000025279
276 0.0000025167
277 0.0000025056
278 0.0000024946
279 0.0000024836
280 0.0000024728
281 0.0000024620
282 0.0000024513
283 0.0000024406
284 0.0000024301
285 0.0000024196
286 0.0000024092
287 0.0000023989
288 0.0000023886
289 0.0000023785
290 0.0000023684
291 0.0000023583
292 0.0000023483
293 0.0000023384
294 0.0000023286
295 0.0000023188
296 0.0000023091
297 0.0000022995
298 0.0000022899
299 0.0000022804
300 0.0000022709
301 0.0000022615
302 0.0000022522
303 0.0000022429
304 0.0000022336
305 0.0000022244
306 0.0000022153
307 0.0000022062
308 0.0000021972
309 0.0000021882
310 0.0000021792
311 0.0000021703
312 0.0000021614
313 0.0000021526
314 0.0000021438
315 0.0000021350
316 0.0000021262
317 0.0000021175
318 0.0000021088
319 0.0000021001
320 0.0000020914
321 0.0000020827
322 0.0000020741
323 0.0000020654
324 0.0000020567
325 0.0000020479
326 0.0000020391
327 0.0000020303
328 0.0000020214
329 0.0000020124
330 0.0000020033
331 0.0000019941
332 0.0000019847
333 0.0000019751
334 0.0000019651
335 0.0000019549
336 0.0000019441
337 0.0000019328
338 0.0000019208
339 0.0000019077
340 0.0000018932
341 0.0000018769
342 0.0000018578
343 0.0000018347
344 0.0000018051
345 0.0000017647
346 0.0000016959
347 0.0000014988
348 0.0000000000
