1 382
0 0.9886600858
1 0.0044504859
2 0.0014120733
3 0.0008347845
4 0.0005328575
5 0.0003764744
6 0.0002858321
7 0.0002276778
8 0.0001877363
9 0.0001589027
10 0.0001372337
11 0.0001204007
12 0.0001069651
13 0.0000960011
14 0.0000868900
15 0.0000792040
16 0.0000726377
17 0.0000669678
18 0.0000620266
19 0.0000576859
20 0.0000538459
21 0.0000504276
22 0.0000473677
23 0.0000446148
24 0.0000421268
25 0.0000398688
26 0.0000378117
27 0.0000359310
28 0.0000342060
29 0.0000326190
30 0.0000311548
31 0.0000298004
32 0.0000285444
33 0.0000273770
34 0.0000262896
35 0.0000252746
36 0.0000243254
37 0.0000234360
38 0.0000226013
39 0.0000218166
40 0.0000210778
41 0.0000203812
42 0.0000197234
43 0.0000191014
44 0.0000185125
45 0.0000179543
46 0.0000174245
47 0.0000169212
48 0.0000164425
49 0.0000159867
50 0.0000155524
51 0.0000151380
52 0.0000147423
53 0.0000143643
54 0.0000140026
55 0.0000136564
56 0.0000133248
57 0.0000130069
58 0.0000127018
59 0.0000124090
60 0.0000121276
61 0.0000118571
62 0.0000115969
63 0.0000113464
64 0.0000111051
65 0.0000108726
66 0.0000106483
67 0.0000104320
68 0.0000102232
69 0.0000100215
70 0.0000098266
71 0.0000096381
72 0.0000094559
73 0.0000092795
74 0.0000091088
75 0.0000089434
76 0.0000087832
77 0.0000086279
78 0.0000084773
79 0.0000083312
80 0.0000081894
81 0.0000080517
82 0.0000079180
83 0.0000077881
84 0.0000076619
85 0.0000075391
86 0.0000074198
87 0.0000073036
88 0.0000071906
89 0.0000070806
90 0.0000069735
91 0.0000068692
92 0.0000067675
93 0.0000066684
94 0.0000065719
95 0.0000064777
96 0.0000063858
97 0.0000062962
98 0.0000062087
99 0.0000061234
100 0.0000060400
101 0.0000059586
102 0.0000058791
103 0.0000058014
104 0.0000057255
105 0.0000056512
106 0.0000055787
107 0.0000055077
108 0.0000054383
109 0.0000053704
110 0.0000053040
111 0.0000052390
112 0.0000051753
113 0.0000051130
114 0.0000050519
115 0.0000049922
116 0.0000049336
117 0.0000048762
118 0.0000048200
119 0.0000047649
120 0.0000047109
121 0.0000046579
122 0.0000046060
123 0.0000045550
124 0.0000045051
125 0.0000044561
126 0.0000044080
127 0.0000043607
128 0.0000043144
129 0.0000042689
130 0.0000042243
131 0.0000041804
132 0.0000041373
133 0.0000040950
134 0.0000040535
135 0.0000040126
136 0.0000039725
137 0.0000039331
138 0.0000038943
139 0.0000038562
140 0.0000038188
141 0.0000037820
142 0.0000037458
143 0.0000037102
144 0.0000036751
145 0.0000036407
146 0.0000036068
147 0.0000035734
148 0.0000035406
149 0.0000035083
150 0.0000034765
151 0.0000034452
152 0.0000034144
153 0.0000033841
154 0.0000033542
155 0.0000033248
156 0.0000032958
157 0.0000032673
158 0.0000032392
159 0.0000032115
160 0.0000031842
161 0.0000031574
162 0.0000031309
163 0.0000031048
164 0.0000030790
165 0.0000030537
166 0.0000030287
167 0.0000030041
168 0.0000029798
169 0.0000029558
170 0.0000029322
171 0.0000029089
172 0.0000028859
173 0.0000028632
174 0.0000028409
175 0.0000028188
176 0.0000027971
177 0.0000027756
178 0.0000027544
179 0.0000027335
180 0.0000027129
181 0.0000026925
182 0.0000026724
183 0.0000026526
184 0.0000026330
185 0.0000026137
186 0.0000025946
187 0.0000025757
188 0.0000025571
189 0.0000025387
190 0.0000025206
191 0.0000025027
192 0.0000024850
193 0.0000024675
194 0.0000024502
195 0.0000024331
196 0.0000024163
197 0.0000023996
198 0.0000023831
199 0.0000023669
200 0.0000023508
201 0.0000023349
202 0.0000023192
203 0.0000023037
204 0.0000022884
205 0.0000022732
206 0.0000022582
207 0.0000022434
208 0.0000022287
209 0.0000022143
210 0.0000021999
211 0.0000021858
212 0.0000021718
213 0.0000021579
214 0.0000021442
215 0.0000021307
216 0.0000021173
217 0.0000021040
218 0.0000020909
219 0.0000020779
220 0.0000020651
221 0.0000020524
222 0.0000020398
223 0.0000020274
224 0.0000020151
225 0.0000020030
226 0.0000019909
227 0.0000019790
228 0.0000019672
229 0.0000019555
230 0.0000019440
231 0.0000019325
232 0.0000019212
233 0.0000019100
234 0.0000018989
235 0.0000018879
236 0.0000018771
237 0.0000018663
238 0.0000018557
239 0.0000018451
240 0.0000018347
241 0.0000018243
242 0.0000018141
243 0.0000018039
244 0.0000017939
245 0.0000017839
246 0.0000017740
247 0.0000017643
248 0.0000017546
249 0.0000017450
250 0.0000017355
251 0.0000017261
252 0.0000017168
253 0.0000017076
254 0.0000016984
255 0.0000016894
256 0.0000016804
257 0.0000016715
258 0.0000016627
259 0.0000016540
260 0.0000016453
261 0.0000016367
262 0.0000016282
263 0.0000016198
264 0.0000016115
265 0.0000016032
266 0.0000015950
267 0.0000015868
268 0.0000015788
269 0.0000015708
270 0.0000015629
271 0.0000015550
272 0.0000015472
273 0.0000015395
274 0.0000015318
275 0.0000015243
276 0.0000015167
277 0.0000015093
278 0.0000015019
279 0.0000014945
280 0.0000014873
281 0.0000014800
282 0.0000014729
283 0.0000014658
284 0.0000014587
285 0.0000014518
286 0.0000014448
287 0.0000014380
288 0.0000014311
289 0.0000014244
290 0.0000014177
291 0.0000014110
292 0.0000014044
293 0.0000013979
294 0.0000013914
295 0.0000013849
296 0.0000013785
297 0.0000013722
298 0.0000013659
299 0.0000013596
300 0.0000013534
301 0.0000013473
302 0.0000013412
303 0.0000013351
304 0.0000013291
305 0.0000013231
306 0.0000013172
307 0.0000013113
308 0.0000013054
309 0.0000012996
310 0.0000012939
311 0.0000012882
312 0.0000012825
313 0.0000012768
314 0.0000012712
315 0.0000012657
316 0.0000012602
317 0.0000012547
318 0.0000012493
319 0.0000012439
320 0.0000012385
321 0.0000012332
322 0.0000012279
323 0.0000012226
324 0.0000012174
325 0.0000012122
326 0.0000012070
327 0.0000012019
328 0.0000011968
329 0.0000011917
330 0.0000011867
331 0.0000011817
332 0.0000011767
333 0.0000011718
334 0.0000011669
335 0.0000011620
336 0.0000011571
337 0.0000011523
338 0.0000011475
339 0.0000011427
340 0.0000011380
341 0.0000011332
342 0.0000011285
343 0.0000011238
344 0.0000011192
345 0.0000011145
346 0.0000011099
347 0.0000011053
348 0.0000011007
349 0.0000010961
350 0.0000010915
351 0.0000010869
352 0.0000010824
353 0.0000010778
354 0.0000010733
355 0.0000010687
356 0.0000010642
357 0.0000010596
358 0.0000010550
359 0.0000010504
360 0.0000010458
361 0.0000010411
362 0.0000010364
363 0.0000010317
364 0.0000010269
365 0.0000010220
366 0.0000010170
367 0.0000010118
368 0.0000010066
369 0.0000010011
370 0.0000009953
371 0.0000009893
372 0.0000009828
373 0.0000009758
374 0.0000009680
375 0.0000009593
376 0.0000009491
377 0.0000009369
378 0.0000009213
379 0.0000009003
380 0.0000008648
381 0.0000007640
382 0.0000000000
