1 288
0 0.9801722537
1 0.0054249458
2 0.0020662898
3 0.0013625943
4 0.0009558148
5 0.0007265118
6 0.0005832290
7 0.0004852302
8 0.0004142102
9 0.0003605779
10 0.0003187201
11 0.0002851546
12 0.0002576325
13 0.0002346483
14 0.0002151597
15 0.0001984235
16 0.0001838950
17 0.0001711660
18 0.0001599241
19 0.0001499261
20 0.0001409794
21 0.0001329296
22 0.0001256510
23 0.0001190407
24 0.0001130130
25 0.0001074964
26 0.0001024306
27 0.0000977641
28 0.0000934532
29 0.0000894601
30 0.0000857522
31 0.0000823011
32 0.0000790821
33 0.0000760733
34 0.0000732557
35 0.0000706124
36 0.0000681282
37 0.0000657900
38 0.0000635856
39 0.0000615045
40 0.0000595370
41 0.0000576746
42 0.0000559093
43 0.0000542341
44 0.0000526426
45 0.0000511290
46 0.0000496880
47 0.0000483146
48 0.0000470046
49 0.0000457538
50 0.0000445584
51 0.0000434151
52 0.0000423207
53 0.0000412723
54 0.0000402672
55 0.0000393029
56 0.0000383770
57 0.0000374875
58 0.0000366324
59 0.0000358098
60 0.0000350179
61 0.0000342552
62 0.0000335202
63 0.0000328115
64 0.0000321278
65 0.0000314678
66 0.0000308304
67 0.0000302145
68 0.0000296191
69 0.0000290433
70 0.0000284861
71 0.0000279468
72 0.0000274244
73 0.0000269183
74 0.0000264278
75 0.0000259522
76 0.0000254909
77 0.0000250432
78 0.0000246086
79 0.0000241866
80 0.0000237767
81 0.0000233783
82 0.0000229910
83 0.0000226145
84 0.0000222482
85 0.0000218918
86 0.0000215450
87 0.0000212073
88 0.0000208784
89 0.0000205580
90 0.0000202458
91 0.0000199415
92 0.0000196449
93 0.0000193556
94 0.0000190734
95 0.0000187980
96 0.0000185293
97 0.0000182670
98 0.0000180109
99 0.0000177607
100 0.0000175164
101 0.0000172777
102 0.0000170444
103 0.0000168163
104 0.0000165933
105 0.0000163753
106 0.0000161620
107 0.0000159534
108 0.0000157492
109 0.0000155494
110 0.0000153539
111 0.0000151624
112 0.0000149749
113 0.0000147913
114 0.0000146115
115 0.0000144352
116 0.0000142626
117 0.0000140933
118 0.0000139275
119 0.0000137648
120 0.0000136054
121 0.0000134490
122 0.0000132956
123 0.0000131452
124 0.0000129975
125 0.0000128527
126 0.0000127105
127 0.0000125709
128 0.0000124340
129 0.0000122994
130 0.0000121674
131 0.0000120377
132 0.0000119102
133 0.0000117851
134 0.0000116621
135 0.0000115413
136 0.0000114225
137 0.0000113058
138 0.0000111911
139 0.0000110783
140 0.0000109675
141 0.0000108584
142 0.0000107512
143 0.0000106457
144 0.0000105420
145 0.0000104399
146 0.0000103395
147 0.0000102407
148 0.0000101435
149 0.0000100478
150 0.0000099536
151 0.0000098609
152 0.0000097696
153 0.0000096798
154 0.0000095913
155 0.0000095041
156 0.0000094183
157 0.0000093338
158 0.0000092505
159 0.0000091685
160 0.0000090877
161 0.0000090080
162 0.0000089295
163 0.0000088522
164 0.0000087760
165 0.0000087009
166 0.0000086268
167 0.0000085538
168 0.0000084818
169 0.0000084108
170 0.0000083408
171 0.0000082718
172 0.0000082038
173 0.0000081366
174 0.0000080704
175 0.0000080051
176 0.0000079406
177 0.0000078770
178 0.0000078143
179 0.0000077524
180 0.0000076913
181 0.0000076310
182 0.0000075715
183 0.0000075127
184 0.0000074547
185 0.0000073975
186 0.0000073410
187 0.0000072852
188 0.0000072301
189 0.0000071757
190 0.0000071220
191 0.0000070689
192 0.0000070165
193 0.0000069647
194 0.0000069136
195 0.0000068631
196 0.0000068132
197 0.0000067639
198 0.0000067152
199 0.0000066671
200 0.0000066195
201 0.0000065725
202 0.0000065260
203 0.0000064801
204 0.0000064348
205 0.0000063899
206 0.0000063456
207 0.0000063017
208 0.0000062584
209 0.0000062156
210 0.0000061732
211 0.0000061313
212 0.0000060899
213 0.0000060489
214 0.0000060084
215 0.0000059683
216 0.0000059287
217 0.0000058895
218 0.0000058507
219 0.0000058123
220 0.0000057744
221 0.0000057368
222 0.0000056997
223 0.0000056629
224 0.0000056265
225 0.0000055905
226 0.0000055549
227 0.0000055196
228 0.0000054847
229 0.0000054501
230 0.0000054159
231 0.0000053820
232 0.0000053485
233 0.0000053153
234 0.0000052824
235 0.0000052499
236 0.0000052176
237 0.0000051857
238 0.0000051540
239 0.0000051227
240 0.0000050917
241 0.0000050609
242 0.0000050304
243 0.0000050003
244 0.0000049703
245 0.0000049407
246 0.0000049113
247 0.0000048821
248 0.0000048532
249 0.0000048246
250 0.0000047962
251 0.0000047680
252 0.0000047400
253 0.0000047123
254 0.0000046848
255 0.0000046575
256 0.0000046303
257 0.0000046034
258 0.0000045766
259 0.0000045500
260 0.0000045236
261 0.0000044973
262 0.0000044711
263 0.0000044451
264 0.0000044192
265 0.0000043933
266 0.0000043675
267 0.0000043418
268 0.0000043160
269 0.0000042902
270 0.0000042644
271 0.0000042384
272 0.0000042123
273 0.0000041859
274 0.0000041591
275 0.0000041318
276 0.0000041040
277 0.0000040752
278 0.0000040453
279 0.0000040138
280 0.0000039801
281 0.0000039434
282 0.0000039022
283 0.0000038538
284 0.0000037937
285 0.0000037134
286 0.0000035750
287 0.0000031661
288 0.0000000000
