0 348
0 0.9735172027
1 0.0075678384
2 0.0024639600
3 0.0014923999
4 0.0009639076
5 0.0006917134
6 0.0005371218
7 0.0004396330
8 0.0003734198
9 0.0003258453
10 0.0002900109
11 0.0002619284
12 0.0002392013
13 0.0002203342
14 0.0002043560
15 0.0001906099
16 0.0001786348
17 0.0001680955
18 0.0001587409
19 0.0001503777
20 0.0001428541
21 0.0001360488
22 0.0001298631
23 0.0001242157
24 0.0001190393
25 0.0001142771
26 0.0001098815
27 0.0001058115
28 0.0001020323
29 0.0000985137
30 0.0000952298
31 0.0000921577
32 0.0000892777
33 0.0000865722
34 0.0000840258
35 0.0000816249
36 0.0000793575
37 0.0000772125
38 0.0000751805
39 0.0000732527
40 0.0000714212
41 0.0000696791
42 0.0000680200
43 0.0000664380
44 0.0000649279
45 0.0000634850
46 0.0000621048
47 0.0000607833
48 0.0000595168
49 0.0000583021
50 0.0000571360
51 0.0000560156
52 0.0000549382
53 0.0000539016
54 0.0000529033
55 0.0000519413
56 0.0000510137
57 0.0000501186
58 0.0000492544
59 0.0000484195
60 0.0000476124
61 0.0000468318
62 0.0000460764
63 0.0000453449
64 0.0000446363
65 0.0000439495
66 0.0000432835
67 0.0000426374
68 0.0000420103
69 0.0000414014
70 0.0000408099
71 0.0000402350
72 0.0000396761
73 0.0000391325
74 0.0000386036
75 0.0000380888
76 0.0000375876
77 0.0000370994
78 0.0000366237
79 0.0000361600
80 0.0000357079
81 0.0000352670
82 0.0000348369
83 0.0000344171
84 0.0000340073
85 0.0000336071
86 0.0000332163
87 0.0000328344
88 0.0000324612
89 0.0000320964
90 0.0000317397
91 0.0000313909
92 0.0000310496
93 0.0000307157
94 0.0000303888
95 0.0000300689
96 0.0000297556
97 0.0000294488
98 0.0000291482
99 0.0000288537
100 0.0000285651
101 0.0000282822
102 0.0000280049
103 0.0000277330
104 0.0000274662
105 0.0000272046
106 0.0000269479
107 0.0000266960
108 0.0000264487
109 0.0000262060
110 0.0000259677
111 0.0000257337
112 0.0000255039
113 0.0000252781
114 0.0000250563
115 0.0000248384
116 0.0000246242
117 0.0000244137
118 0.0000242067
119 0.0000240033
120 0.0000238032
121 0.0000236064
122 0.0000234128
123 0.0000232224
124 0.0000230351
125 0.0000228508
126 0.0000226694
127 0.0000224908
128 0.0000223150
129 0.0000221420
130 0.0000219716
131 0.0000218038
132 0.0000216386
133 0.0000214758
134 0.0000213155
135 0.0000211576
136 0.0000210019
137 0.0000208486
138 0.0000206975
139 0.0000205485
140 0.0000204017
141 0.0000202569
142 0.0000201142
143 0.0000199735
144 0.0000198347
145 0.0000196979
146 0.0000195629
147 0.0000194298
148 0.0000192985
149 0.0000191689
150 0.0000190411
151 0.0000189149
152 0.0000187904
153 0.0000186675
154 0.0000185463
155 0.0000184266
156 0.0000183084
157 0.0000181917
158 0.0000180765
159 0.0000179628
160 0.0000178505
161 0.0000177395
162 0.0000176300
163 0.0000175218
164 0.0000174149
165 0.0000173093
166 0.0000172050
167 0.0000171019
168 0.0000170000
169 0.0000168994
170 0.0000167999
171 0.0000167016
172 0.0000166045
173 0.0000165085
174 0.0000164135
175 0.0000163197
176 0.0000162269
177 0.0000161352
178 0.0000160445
179 0.0000159548
180 0.0000158661
181 0.0000157784
182 0.0000156917
183 0.0000156059
184 0.0000155210
185 0.0000154370
186 0.0000153540
187 0.0000152718
188 0.0000151905
189 0.0000151101
190 0.0000150305
191 0.0000149518
192 0.0000148739
193 0.0000147968
194 0.0000147204
195 0.0000146449
196 0.0000145701
197 0.0000144961
198 0.0000144228
199 0.0000143503
200 0.0000142785
201 0.0000142074
202 0.0000141370
203 0.0000140673
204 0.0000139983
205 0.0000139300
206 0.0000138623
207 0.0000137953
208 0.0000137289
209 0.0000136632
210 0.0000135981
211 0.0000135336
212 0.0000134697
213 0.0000134064
214 0.0000133437
215 0.0000132816
216 0.0000132200
217 0.0000131591
218 0.0000130987
219 0.0000130388
220 0.0000129795
221 0.0000129207
222 0.0000128624
223 0.0000128047
224 0.0000127475
225 0.0000126908
226 0.0000126346
227 0.0000125788
228 0.0000125236
229 0.0000124689
230 0.0000124146
231 0.0000123608
232 0.0000123075
233 0.0000122546
234 0.0000122022
235 0.0000121502
236 0.0000120987
237 0.0000120476
238 0.0000119969
239 0.0000119466
240 0.0000118968
241 0.0000118474
242 0.0000117984
243 0.0000117498
244 0.0000117016
245 0.0000116538
246 0.0000116063
247 0.0000115593
248 0.0000115126
249 0.0000114663
250 0.0000114204
251 0.0000113748
252 0.0000113297
253 0.0000112848
254 0.0000112403
255 0.0000111962
256 0.0000111524
257 0.0000111089
258 0.0000110658
259 0.0000110231
260 0.0000109806
261 0.0000109385
262 0.0000108967
263 0.0000108552
264 0.0000108140
265 0.0000107731
266 0.0000107326
267 0.0000106923
268 0.0000106524
269 0.0000106127
270 0.0000105733
271 0.0000105343
272 0.0000104955
273 0.0000104570
274 0.0000104187
275 0.0000103808
276 0.0000103431
277 0.0000103057
278 0.0000102686
279 0.0000102317
280 0.0000101951
281 0.0000101588
282 0.0000101227
283 0.0000100869
284 0.0000100513
285 0.0000100159
286 0.0000099809
287 0.0000099460
288 0.0000099114
289 0.0000098771
290 0.0000098430
291 0.0000098091
292 0.0000097754
293 0.0000097420
294 0.0000097088
295 0.0000096758
296 0.0000096430
297 0.0000096105
298 0.0000095782
299 0.0000095461
300 0.0000095142
301 0.0000094825
302 0.0000094511
303 0.0000094198
304 0.0000093888
305 0.0000093579
306 0.0000093273
307 0.0000092968
308 0.0000092666
309 0.0000092365
310 0.0000092066
311 0.0000091770
312 0.0000091475
313 0.0000091182
314 0.0000090891
315 0.0000090601
316 0.0000090314
317 0.0000090028
318 0.0000089745
319 0.0000089462
320 0.0000089182
321 0.0000088904
322 0.0000088627
323 0.0000088352
324 0.0000088078
325 0.0000087807
326 0.0000087536
327 0.0000087268
328 0.0000087001
329 0.0000086736
330 0.0000086472
331 0.0000086210
332 0.0000085950
333 0.0000085691
334 0.0000085434
335 0.0000085178
336 0.0000084924
337 0.0000084671
338 0.0000084419
339 0.0000084170
340 0.0000083921
341 0.0000083674
342 0.0000083429
343 0.0000083185
344 0.0000082942
345 0.0000082701
346 0.0000082461
347 0.0000082222
348 0.0000081985
