0 558
0 0.9877237144
1 0.0038543898
2 0.0013894671
3 0.0008729059
4 0.0005738899
5 0.0004069970
6 0.0003050362
7 0.0002375432
8 0.0001906303
9 0.0001569201
10 0.0001320369
11 0.0001132374
12 0.0000987404
13 0.0000873545
14 0.0000782621
15 0.0000708889
16 0.0000648240
17 0.0000597681
18 0.0000555004
19 0.0000518558
20 0.0000487092
21 0.0000459652
22 0.0000435499
23 0.0000414059
24 0.0000394878
25 0.0000377597
26 0.0000361929
27 0.0000347639
28 0.0000334541
29 0.0000322476
30 0.0000311319
31 0.0000300960
32 0.0000291310
33 0.0000282293
34 0.0000273843
35 0.0000265905
36 0.0000258430
37 0.0000251376
38 0.0000244708
39 0.0000238391
40 0.0000232399
41 0.0000226706
42 0.0000221288
43 0.0000216127
44 0.0000211203
45 0.0000206500
46 0.0000202003
47 0.0000197700
48 0.0000193576
49 0.0000189622
50 0.0000185827
51 0.0000182181
52 0.0000178676
53 0.0000175303
54 0.0000172056
55 0.0000168926
56 0.0000165909
57 0.0000162998
58 0.0000160187
59 0.0000157471
60 0.0000154847
61 0.0000152308
62 0.0000149851
63 0.0000147472
64 0.0000145167
65 0.0000142934
66 0.0000140768
67 0.0000138667
68 0.0000136627
69 0.0000134647
70 0.0000132723
71 0.0000130854
72 0.0000129036
73 0.0000127268
74 0.0000125548
75 0.0000123874
76 0.0000122244
77 0.0000120656
78 0.0000119109
79 0.0000117602
80 0.0000116131
81 0.0000114698
82 0.0000113299
83 0.0000111933
84 0.0000110601
85 0.0000109299
86 0.0000108028
87 0.0000106787
88 0.0000105573
89 0.0000104387
90 0.0000103227
91 0.0000102092
92 0.0000100982
93 0.0000099896
94 0.0000098834
95 0.0000097793
96 0.0000096774
97 0.0000095776
98 0.0000094799
99 0.0000093841
100 0.0000092903
101 0.0000091983
102 0.0000091081
103 0.0000090197
104 0.0000089329
105 0.0000088478
106 0.0000087643
107 0.0000086824
108 0.0000086020
109 0.0000085231
110 0.0000084456
111 0.0000083695
112 0.0000082948
113 0.0000082213
114 0.0000081492
115 0.0000080783
116 0.0000080087
117 0.0000079402
118 0.0000078729
119 0.0000078068
120 0.0000077417
121 0.0000076777
122 0.0000076148
123 0.0000075528
124 0.0000074919
125 0.0000074320
126 0.0000073730
127 0.0000073149
128 0.0000072578
129 0.0000072015
130 0.0000071461
131 0.0000070915
132 0.0000070378
133 0.0000069849
134 0.0000069327
135 0.0000068813
136 0.0000068307
137 0.0000067809
138 0.0000067317
139 0.0000066833
140 0.0000066355
141 0.0000065885
142 0.0000065421
143 0.0000064963
144 0.0000064512
145 0.0000064067
146 0.0000063628
147 0.0000063195
148 0.0000062768
149 0.0000062347
150 0.0000061931
151 0.0000061521
152 0.0000061116
153 0.0000060716
154 0.0000060322
155 0.0000059933
156 0.0000059548
157 0.0000059169
158 0.0000058794
159 0.0000058424
160 0.0000058059
161 0.0000057698
162 0.0000057342
163 0.0000056990
164 0.0000056643
165 0.0000056299
166 0.0000055960
167 0.0000055625
168 0.0000055294
169 0.0000054967
170 0.0000054643
171 0.0000054323
172 0.0000054008
173 0.0000053695
174 0.0000053387
175 0.0000053081
176 0.0000052780
177 0.0000052481
178 0.0000052187
179 0.0000051895
180 0.0000051607
181 0.0000051321
182 0.0000051039
183 0.0000050760
184 0.0000050484
185 0.0000050211
186 0.0000049941
187 0.0000049674
188 0.0000049410
189 0.0000049148
190 0.0000048890
191 0.0000048633
192 0.0000048380
193 0.0000048129
194 0.0000047881
195 0.0000047636
196 0.0000047392
197 0.0000047152
198 0.0000046914
199 0.0000046678
200 0.0000046444
201 0.0000046213
202 0.0000045984
203 0.0000045758
204 0.0000045533
205 0.0000045311
206 0.0000045091
207 0.0000044873
208 0.0000044657
209 0.0000044444
210 0.0000044232
211 0.0000044022
212 0.0000043814
213 0.0000043609
214 0.0000043405
215 0.0000043203
216 0.0000043003
217 0.0000042804
218 0.0000042608
219 0.0000042413
220 0.0000042220
221 0.0000042029
222 0.0000041840
223 0.0000041652
224 0.0000041466
225 0.0000041282
226 0.0000041099
227 0.0000040918
228 0.0000040738
229 0.0000040560
230 0.0000040384
231 0.0000040209
232 0.0000040036
233 0.0000039864
234 0.0000039693
235 0.0000039524
236 0.0000039357
237 0.0000039191
238 0.0000039026
239 0.0000038863
240 0.0000038701
241 0.0000038540
242 0.0000038381
243 0.0000038223
244 0.0000038066
245 0.0000037910
246 0.0000037756
247 0.0000037603
248 0.0000037452
249 0.0000037301
250 0.0000037152
251 0.0000037004
252 0.0000036857
253 0.0000036711
254 0.0000036566
255 0.0000036423
256 0.0000036281
257 0.0000036139
258 0.0000035999
259 0.0000035860
260 0.0000035722
261 0.0000035585
262 0.0000035449
263 0.0000035314
264 0.0000035181
265 0.0000035048
266 0.0000034916
267 0.0000034785
268 0.0000034655
269 0.0000034526
270 0.0000034398
271 0.0000034271
272 0.0000034145
273 0.0000034020
274 0.0000033896
275 0.0000033772
276 0.0000033650
277 0.0000033528
278 0.0000033408
279 0.0000033288
280 0.0000033169
281 0.0000033051
282 0.0000032934
283 0.0000032817
284 0.0000032702
285 0.0000032587
286 0.0000032473
287 0.0000032359
288 0.0000032247
289 0.0000032135
290 0.0000032024
291 0.0000031914
292 0.0000031805
293 0.0000031696
294 0.0000031588
295 0.0000031481
296 0.0000031375
297 0.0000031269
298 0.0000031164
299 0.0000031060
300 0.0000030956
301 0.0000030853
302 0.0000030751
303 0.0000030650
304 0.0000030549
305 0.0000030448
306 0.0000030349
307 0.0000030250
308 0.0000030152
309 0.0000030054
310 0.0000029957
311 0.0000029860
312 0.0000029765
313 0.0000029670
314 0.0000029575
315 0.0000029481
316 0.0000029388
317 0.0000029295
318 0.0000029203
319 0.0000029111
320 0.0000029020
321 0.0000028929
322 0.0000028840
323 0.0000028750
324 0.0000028661
325 0.0000028573
326 0.0000028485
327 0.0000028398
328 0.0000028311
329 0.0000028225
330 0.0000028140
331 0.0000028055
332 0.0000027970
333 0.0000027886
334 0.0000027802
335 0.0000027719
336 0.0000027637
337 0.0000027555
338 0.0000027473
339 0.0000027392
340 0.0000027311
341 0.0000027231
342 0.0000027151
343 0.0000027072
344 0.0000026993
345 0.0000026915
346 0.0000026837
347 0.0000026760
348 0.0000026683
349 0.0000026606
350 0.0000026530
351 0.0000026455
352 0.0000026379
353 0.0000026304
354 0.0000026230
355 0.0000026156
356 0.0000026083
357 0.0000026009
358 0.0000025937
359 0.0000025864
360 0.0000025792
361 0.0000025721
362 0.0000025650
363 0.0000025579
364 0.0000025509
365 0.0000025439
366 0.0000025369
367 0.0000025300
368 0.0000025231
369 0.0000025163
370 0.0000025094
371 0.0000025027
372 0.0000024959
373 0.0000024892
374 0.0000024826
375 0.0000024759
376 0.0000024694
377 0.0000024628
378 0.0000024563
379 0.0000024498
380 0.0000024433
381 0.0000024369
382 0.0000024305
383 0.0000024242
384 0.0000024178
385 0.0000024116
386 0.0000024053
387 0.0000023991
388 0.0000023929
389 0.0000023867
390 0.0000023806
391 0.0000023745
392 0.0000023684
393 0.0000023624
394 0.0000023564
395 0.0000023504
396 0.0000023445
397 0.0000023386
398 0.0000023327
399 0.0000023268
400 0.0000023210
401 0.0000023152
402 0.0000023094
403 0.0000023037
404 0.0000022980
405 0.0000022923
406 0.0000022866
407 0.0000022810
408 0.0000022754
409 0.0000022698
410 0.0000022643
411 0.0000022588
412 0.0000022533
413 0.0000022478
414 0.0000022424
415 0.0000022370
416 0.0000022316
417 0.0000022262
418 0.0000022209
419 0.0000022156
420 0.0000022103
421 0.0000022050
422 0.0000021998
423 0.0000021946
424 0.0000021894
425 0.0000021842
426 0.0000021791
427 0.0000021740
428 0.0000021689
429 0.0000021638
430 0.0000021588
431 0.0000021538
432 0.0000021488
433 0.0000021438
434 0.0000021388
435 0.0000021339
436 0.0000021290
437 0.0000021241
438 0.0000021193
439 0.0000021144
440 0.0000021096
441 0.0000021048
442 0.0000021001
443 0.0000020953
444 0.0000020906
445 0.0000020859
446 0.0000020812
447 0.0000020765
448 0.0000020719
449 0.0000020672
450 0.0000020626
451 0.0000020581
452 0.0000020535
453 0.0000020490
454 0.0000020444
455 0.0000020399
456 0.0000020354
457 0.0000020310
458 0.0000020265
459 0.0000020221
460 0.0000020177
461 0.0000020133
462 0.0000020089
463 0.0000020046
464 0.0000020003
465 0.0000019959
466 0.0000019917
467 0.0000019874
468 0.0000019831
469 0.0000019789
470 0.0000019747
471 0.0000019705
472 0.0000019663
473 0.0000019621
474 0.0000019580
475 0.0000019538
476 0.0000019497
477 0.0000019456
478 0.0000019415
479 0.0000019375
480 0.0000019334
481 0.0000019294
482 0.0000019254
483 0.0000019214
484 0.0000019174
485 0.0000019134
486 0.0000019095
487 0.0000019055
488 0.0000019016
489 0.0000018977
490 0.0000018938
491 0.0000018900
492 0.0000018861
493 0.0000018823
494 0.0000018785
495 0.0000018746
496 0.0000018709
497 0.0000018671
498 0.0000018633
499 0.0000018596
500 0.0000018558
501 0.0000018521
502 0.0000018484
503 0.0000018447
504 0.0000018411
505 0.0000018374
506 0.0000018338
507 0.0000018301
508 0.0000018265
509 0.0000018229
510 0.0000018193
511 0.0000018157
512 0.0000018122
513 0.0000018086
514 0.0000018051
515 0.0000018016
516 0.0000017981
517 0.0000017946
518 0.0000017911
519 0.0000017877
520 0.0000017842
521 0.0000017808
522 0.0000017773
523 0.0000017739
524 0.0000017705
525 0.0000017671
526 0.0000017638
527 0.0000017604
528 0.0000017571
529 0.0000017537
530 0.0000017504
531 0.0000017471
532 0.0000017438
533 0.0000017405
534 0.0000017372
535 0.0000017340
536 0.0000017307
537 0.0000017275
538 0.0000017243
539 0.0000017210
540 0.0000017178
541 0.0000017146
542 0.0000017115
543 0.0000017083
544 0.0000017051
545 0.0000017020
546 0.0000016989
547 0.0000016957
548 0.0000016926
549 0.0000016895
550 0.0000016864
551 0.0000016834
552 0.0000016803
553 0.0000016773
554 0.0000016742
555 0.0000016712
556 0.0000016682
557 0.0000016651
558 0.0000016621
