1 316
0 0.9795361644
1 0.0055726774
2 0.0020623010
3 0.0013492902
4 0.0009428440
5 0.0007181055
6 0.0005798791
7 0.0004861571
8 0.0004184412
9 0.0003672570
10 0.0003271654
11 0.0002948462
12 0.0002681832
13 0.0002457734
14 0.0002266516
15 0.0002101303
16 0.0001957059
17 0.0001829994
18 0.0001717198
19 0.0001616391
20 0.0001525761
21 0.0001443846
22 0.0001369455
23 0.0001301603
24 0.0001239471
25 0.0001182372
26 0.0001129725
27 0.0001081034
28 0.0001035875
29 0.0000993882
30 0.0000954738
31 0.0000918167
32 0.0000883926
33 0.0000851805
34 0.0000821614
35 0.0000793190
36 0.0000766383
37 0.0000741062
38 0.0000717111
39 0.0000694422
40 0.0000672902
41 0.0000652463
42 0.0000633030
43 0.0000614530
44 0.0000596901
45 0.0000580084
46 0.0000564026
47 0.0000548678
48 0.0000533995
49 0.0000519937
50 0.0000506465
51 0.0000493546
52 0.0000481146
53 0.0000469237
54 0.0000457791
55 0.0000446783
56 0.0000436188
57 0.0000425985
58 0.0000416153
59 0.0000406674
60 0.0000397529
61 0.0000388702
62 0.0000380177
63 0.0000371941
64 0.0000363978
65 0.0000356277
66 0.0000348825
67 0.0000341612
68 0.0000334625
69 0.0000327856
70 0.0000321295
71 0.0000314933
72 0.0000308762
73 0.0000302773
74 0.0000296959
75 0.0000291313
76 0.0000285828
77 0.0000280499
78 0.0000275318
79 0.0000270280
80 0.0000265379
81 0.0000260611
82 0.0000255970
83 0.0000251452
84 0.0000247053
85 0.0000242767
86 0.0000238591
87 0.0000234521
88 0.0000230553
89 0.0000226685
90 0.0000222911
91 0.0000219230
92 0.0000215638
93 0.0000212132
94 0.0000208709
95 0.0000205367
96 0.0000202103
97 0.0000198914
98 0.0000195798
99 0.0000192754
100 0.0000189778
101 0.0000186868
102 0.0000184023
103 0.0000181241
104 0.0000178519
105 0.0000175856
106 0.0000173251
107 0.0000170701
108 0.0000168205
109 0.0000165761
110 0.0000163368
111 0.0000161025
112 0.0000158729
113 0.0000156481
114 0.0000154278
115 0.0000152119
116 0.0000150003
117 0.0000147929
118 0.0000145896
119 0.0000143903
120 0.0000141948
121 0.0000140031
122 0.0000138150
123 0.0000136305
124 0.0000134495
125 0.0000132719
126 0.0000130977
127 0.0000129266
128 0.0000127587
129 0.0000125939
130 0.0000124320
131 0.0000122731
132 0.0000121170
133 0.0000119638
134 0.0000118132
135 0.0000116653
136 0.0000115200
137 0.0000113772
138 0.0000112369
139 0.0000110990
140 0.0000109635
141 0.0000108303
142 0.0000106993
143 0.0000105706
144 0.0000104440
145 0.0000103195
146 0.0000101971
147 0.0000100767
148 0.0000099582
149 0.0000098418
150 0.0000097271
151 0.0000096144
152 0.0000095034
153 0.0000093943
154 0.0000092868
155 0.0000091811
156 0.0000090770
157 0.0000089746
158 0.0000088737
159 0.0000087745
160 0.0000086767
161 0.0000085805
162 0.0000084857
163 0.0000083923
164 0.0000083004
165 0.0000082099
166 0.0000081207
167 0.0000080329
168 0.0000079463
169 0.0000078610
170 0.0000077770
171 0.0000076943
172 0.0000076127
173 0.0000075323
174 0.0000074531
175 0.0000073750
176 0.0000072980
177 0.0000072222
178 0.0000071474
179 0.0000070737
180 0.0000070010
181 0.0000069293
182 0.0000068586
183 0.0000067890
184 0.0000067202
185 0.0000066525
186 0.0000065856
187 0.0000065197
188 0.0000064547
189 0.0000063905
190 0.0000063273
191 0.0000062648
192 0.0000062033
193 0.0000061425
194 0.0000060825
195 0.0000060234
196 0.0000059650
197 0.0000059074
198 0.0000058505
199 0.0000057944
200 0.0000057390
201 0.0000056844
202 0.0000056304
203 0.0000055771
204 0.0000055246
205 0.0000054726
206 0.0000054214
207 0.0000053708
208 0.0000053208
209 0.0000052715
210 0.0000052227
211 0.0000051746
212 0.0000051271
213 0.0000050802
214 0.0000050338
215 0.0000049881
216 0.0000049428
217 0.0000048982
218 0.0000048541
219 0.0000048105
220 0.0000047674
221 0.0000047249
222 0.0000046828
223 0.0000046413
224 0.0000046003
225 0.0000045597
226 0.0000045196
227 0.0000044801
228 0.0000044409
229 0.0000044022
230 0.0000043640
231 0.0000043263
232 0.0000042889
233 0.0000042520
234 0.0000042155
235 0.0000041794
236 0.0000041438
237 0.0000041085
238 0.0000040737
239 0.0000040392
240 0.0000040052
241 0.0000039715
242 0.0000039382
243 0.0000039052
244 0.0000038727
245 0.0000038404
246 0.0000038086
247 0.0000037771
248 0.0000037459
249 0.0000037151
250 0.0000036846
251 0.0000036544
252 0.0000036246
253 0.0000035951
254 0.0000035659
255 0.0000035370
256 0.0000035084
257 0.0000034801
258 0.0000034521
259 0.0000034245
260 0.0000033970
261 0.0000033699
262 0.0000033431
263 0.0000033165
264 0.0000032902
265 0.0000032642
266 0.0000032384
267 0.0000032129
268 0.0000031877
269 0.0000031627
270 0.0000031379
271 0.0000031134
272 0.0000030891
273 0.0000030651
274 0.0000030413
275 0.0000030177
276 0.0000029943
277 0.0000029712
278 0.0000029482
279 0.0000029255
280 0.0000029030
281 0.0000028806
282 0.0000028585
283 0.0000028365
284 0.0000028148
285 0.0000027932
286 0.0000027717
287 0.0000027505
288 0.0000027294
289 0.0000027084
290 0.0000026876
291 0.0000026669
292 0.0000026463
293 0.0000026258
294 0.0000026055
295 0.0000025851
296 0.0000025649
297 0.0000025447
298 0.0000025245
299 0.0000025042
300 0.0000024839
301 0.0000024635
302 0.0000024428
303 0.0000024220
304 0.0000024007
305 0.0000023789
306 0.0000023564
307 0.0000023329
308 0.0000023081
309 0.0000022812
310 0.0000022515
311 0.0000022173
312 0.0000021759
313 0.0000021221
314 0.0000020348
315 0.0000017941
316 0.0000000000
