1 1090
0 0.9792669881
1 0.0057441166
2 0.0023119503
3 0.0015626337
4 0.0011194572
5 0.0008607610
6 0.0006935580
7 0.0005761020
8 0.0004892372
9 0.0004226643
10 0.0003701962
11 0.0003278902
12 0.0002931298
13 0.0002641168
14 0.0002395772
15 0.0002185837
16 0.0002004456
17 0.0001846386
18 0.0001707572
19 0.0001584840
20 0.0001475662
21 0.0001378009
22 0.0001290229
23 0.0001210968
24 0.0001139104
25 0.0001073699
26 0.0001013966
27 0.0000959237
28 0.0000908945
29 0.0000862602
30 0.0000819789
31 0.0000780141
32 0.0000743342
33 0.0000709116
34 0.0000677220
35 0.0000647440
36 0.0000619587
37 0.0000593494
38 0.0000569011
39 0.0000546005
40 0.0000524356
41 0.0000503958
42 0.0000484713
43 0.0000466535
44 0.0000449345
45 0.0000433071
46 0.0000417648
47 0.0000403018
48 0.0000389126
49 0.0000375923
50 0.0000363363
51 0.0000351406
52 0.0000340013
53 0.0000329149
54 0.0000318782
55 0.0000308881
56 0.0000299420
57 0.0000290373
58 0.0000281716
59 0.0000273427
60 0.0000265486
61 0.0000257873
62 0.0000250571
63 0.0000243564
64 0.0000236836
65 0.0000230372
66 0.0000224160
67 0.0000218186
68 0.0000212439
69 0.0000206907
70 0.0000201580
71 0.0000196449
72 0.0000191504
73 0.0000186737
74 0.0000182138
75 0.0000177702
76 0.0000173419
77 0.0000169284
78 0.0000165290
79 0.0000161431
80 0.0000157701
81 0.0000154094
82 0.0000150606
83 0.0000147231
84 0.0000143964
85 0.0000140802
86 0.0000137740
87 0.0000134774
88 0.0000131900
89 0.0000129115
90 0.0000126415
91 0.0000123797
92 0.0000121257
93 0.0000118793
94 0.0000116402
95 0.0000114081
96 0.0000111828
97 0.0000109640
98 0.0000107514
99 0.0000105449
100 0.0000103443
101 0.0000101492
102 0.0000099596
103 0.0000097752
104 0.0000095959
105 0.0000094214
106 0.0000092517
107 0.0000090865
108 0.0000089257
109 0.0000087692
110 0.0000086168
111 0.0000084684
112 0.0000083238
113 0.0000081830
114 0.0000080457
115 0.0000079120
116 0.0000077816
117 0.0000076545
118 0.0000075305
119 0.0000074096
120 0.0000072918
121 0.0000071767
122 0.0000070645
123 0.0000069550
124 0.0000068482
125 0.0000067438
126 0.0000066420
127 0.0000065425
128 0.0000064454
129 0.0000063506
130 0.0000062579
131 0.0000061674
132 0.0000060789
133 0.0000059925
134 0.0000059080
135 0.0000058254
136 0.0000057447
137 0.0000056657
138 0.0000055885
139 0.0000055130
140 0.0000054392
141 0.0000053669
142 0.0000052962
143 0.0000052271
144 0.0000051594
145 0.0000050931
146 0.0000050283
147 0.0000049648
148 0.0000049026
149 0.0000048417
150 0.0000047821
151 0.0000047237
152 0.0000046665
153 0.0000046105
154 0.0000045556
155 0.0000045018
156 0.0000044491
157 0.0000043974
158 0.0000043468
159 0.0000042971
160 0.0000042484
161 0.0000042007
162 0.0000041539
163 0.0000041080
164 0.0000040630
165 0.0000040188
166 0.0000039755
167 0.0000039329
168 0.0000038912
169 0.0000038503
170 0.0000038101
171 0.0000037707
172 0.0000037320
173 0.0000036939
174 0.0000036566
175 0.0000036200
176 0.0000035840
177 0.0000035487
178 0.0000035139
179 0.0000034799
180 0.0000034464
181 0.0000034134
182 0.0000033811
183 0.0000033493
184 0.0000033181
185 0.0000032874
186 0.0000032572
187 0.0000032276
188 0.0000031984
189 0.0000031698
190 0.0000031416
191 0.0000031138
192 0.0000030866
193 0.0000030598
194 0.0000030334
195 0.0000030074
196 0.0000029819
197 0.0000029568
198 0.0000029321
199 0.0000029078
200 0.0000028838
201 0.0000028603
202 0.0000028371
203 0.0000028142
204 0.0000027918
205 0.0000027696
206 0.0000027478
207 0.0000027264
208 0.0000027053
209 0.0000026845
210 0.0000026640
211 0.0000026438
212 0.0000026239
213 0.0000026043
214 0.0000025850
215 0.0000025659
216 0.0000025472
217 0.0000025287
218 0.0000025105
219 0.0000024925
220 0.0000024749
221 0.0000024574
222 0.0000024402
223 0.0000024233
224 0.0000024065
225 0.0000023900
226 0.0000023738
227 0.0000023577
228 0.0000023419
229 0.0000023263
230 0.0000023109
231 0.0000022957
232 0.0000022807
233 0.0000022660
234 0.0000022514
235 0.0000022370
236 0.0000022228
237 0.0000022087
238 0.0000021949
239 0.0000021812
240 0.0000021677
241 0.0000021544
242 0.0000021413
243 0.0000021283
244 0.0000021154
245 0.0000021028
246 0.0000020903
247 0.0000020779
248 0.0000020657
249 0.0000020537
250 0.0000020418
251 0.0000020300
252 0.0000020184
253 0.0000020069
254 0.0000019955
255 0.0000019843
256 0.0000019732
257 0.0000019623
258 0.0000019515
259 0.0000019408
260 0.0000019302
261 0.0000019197
262 0.0000019094
263 0.0000018992
264 0.0000018891
265 0.0000018791
266 0.0000018692
267 0.0000018594
268 0.0000018498
269 0.0000018402
270 0.0000018307
271 0.0000018214
272 0.0000018121
273 0.0000018030
274 0.0000017939
275 0.0000017850
276 0.0000017761
277 0.0000017673
278 0.0000017586
279 0.0000017500
280 0.0000017415
281 0.0000017331
282 0.0000017248
283 0.0000017166
284 0.0000017084
285 0.0000017003
286 0.0000016923
287 0.0000016844
288 0.0000016766
289 0.0000016688
290 0.0000016611
291 0.0000016535
292 0.0000016460
293 0.0000016385
294 0.0000016311
295 0.0000016238
296 0.0000016165
297 0.0000016093
298 0.0000016022
299 0.0000015951
300 0.0000015882
301 0.0000015812
302 0.0000015744
303 0.0000015676
304 0.0000015608
305 0.0000015542
306 0.0000015476
307 0.0000015410
308 0.0000015345
309 0.0000015281
310 0.0000015217
311 0.0000015154
312 0.0000015091
313 0.0000015029
314 0.0000014967
315 0.0000014906
316 0.0000014845
317 0.0000014785
318 0.0000014726
319 0.0000014667
320 0.0000014608
321 0.0000014550
322 0.0000014493
323 0.0000014435
324 0.0000014379
325 0.0000014323
326 0.0000014267
327 0.0000014212
328 0.0000014157
329 0.0000014103
330 0.0000014049
331 0.0000013995
332 0.0000013942
333 0.0000013889
334 0.0000013837
335 0.0000013785
336 0.0000013734
337 0.0000013683
338 0.0000013632
339 0.0000013582
340 0.0000013532
341 0.0000013482
342 0.0000013433
343 0.0000013384
344 0.0000013336
345 0.0000013288
346 0.0000013240
347 0.0000013193
348 0.0000013146
349 0.0000013099
350 0.0000013053
351 0.0000013007
352 0.0000012962
353 0.0000012916
354 0.0000012871
355 0.0000012827
356 0.0000012782
357 0.0000012738
358 0.0000012694
359 0.0000012651
360 0.0000012608
361 0.0000012565
362 0.0000012523
363 0.0000012480
364 0.0000012438
365 0.0000012397
366 0.0000012355
367 0.0000012314
368 0.0000012273
369 0.0000012233
370 0.0000012193
371 0.0000012153
372 0.0000012113
373 0.0000012073
374 0.0000012034
375 0.0000011995
376 0.0000011957
377 0.0000011918
378 0.0000011880
379 0.0000011842
380 0.0000011804
381 0.0000011767
382 0.0000011729
383 0.0000011692
384 0.0000011656
385 0.0000011619
386 0.0000011583
387 0.0000011547
388 0.0000011511
389 0.0000011475
390 0.0000011440
391 0.0000011405
392 0.0000011370
393 0.0000011335
394 0.0000011300
395 0.0000011266
396 0.0000011232
397 0.0000011198
398 0.0000011164
399 0.0000011131
400 0.0000011097
401 0.0000011064
402 0.0000011031
403 0.0000010998
404 0.0000010966
405 0.0000010933
406 0.0000010901
407 0.0000010869
408 0.0000010837
409 0.0000010806
410 0.0000010774
411 0.0000010743
412 0.0000010712
413 0.0000010681
414 0.0000010650
415 0.0000010620
416 0.0000010589
417 0.0000010559
418 0.0000010529
419 0.0000010499
420 0.0000010469
421 0.0000010440
422 0.0000010410
423 0.0000010381
424 0.0000010352
425 0.0000010323
426 0.0000010294
427 0.0000010266
428 0.0000010237
429 0.0000010209
430 0.0000010181
431 0.0000010153
432 0.0000010125
433 0.0000010097
434 0.0000010070
435 0.0000010042
436 0.0000010015
437 0.0000009988
438 0.0000009961
439 0.0000009934
440 0.0000009907
441 0.0000009881
442 0.0000009854
443 0.0000009828
444 0.0000009802
445 0.0000009776
446 0.0000009750
447 0.0000009724
448 0.0000009698
449 0.0000009673
450 0.0000009647
451 0.0000009622
452 0.0000009597
453 0.0000009572
454 0.0000009547
455 0.0000009522
456 0.0000009498
457 0.0000009473
458 0.0000009449
459 0.0000009425
460 0.0000009400
461 0.0000009376
462 0.0000009352
463 0.0000009329
464 0.0000009305
465 0.0000009281
466 0.0000009258
467 0.0000009235
468 0.0000009211
469 0.0000009188
470 0.0000009165
471 0.0000009142
472 0.0000009119
473 0.0000009097
474 0.0000009074
475 0.0000009052
476 0.0000009029
477 0.0000009007
478 0.0000008985
479 0.0000008963
480 0.0000008941
481 0.0000008919
482 0.0000008897
483 0.0000008876
484 0.0000008854
485 0.0000008833
486 0.0000008811
487 0.0000008790
488 0.0000008769
489 0.0000008748
490 0.0000008727
491 0.0000008706
492 0.0000008685
493 0.0000008664
494 0.0000008644
495 0.0000008623
496 0.0000008603
497 0.0000008582
498 0.0000008562
499 0.0000008542
500 0.0000008522
501 0.0000008502
502 0.0000008482
503 0.0000008462
504 0.0000008443
505 0.0000008423
506 0.0000008403
507 0.0000008384
508 0.0000008365
509 0.0000008345
510 0.0000008326
511 0.0000008307
512 0.0000008288
513 0.0000008269
514 0.0000008250
515 0.0000008231
516 0.0000008212
517 0.0000008194
518 0.0000008175
519 0.0000008157
520 0.0000008138
521 0.0000008120
522 0.0000008102
523 0.0000008084
524 0.0000008065
525 0.0000008047
526 0.0000008029
527 0.0000008012
528 0.0000007994
529 0.0000007976
530 0.0000007958
531 0.0000007941
532 0.0000007923
533 0.0000007906
534 0.0000007889
535 0.0000007871
536 0.0000007854
537 0.0000007837
538 0.0000007820
539 0.0000007803
540 0.0000007786
541 0.0000007769
542 0.0000007752
543 0.0000007735
544 0.0000007719
545 0.0000007702
546 0.0000007685
547 0.0000007669
548 0.0000007653
549 0.0000007636
550 0.0000007620
551 0.0000007604
552 0.0000007588
553 0.0000007571
554 0.0000007555
555 0.0000007539
556 0.0000007524
557 0.0000007508
558 0.0000007492
559 0.0000007476
560 0.0000007461
561 0.0000007445
562 0.0000007429
563 0.0000007414
564 0.0000007398
565 0.0000007383
566 0.0000007368
567 0.0000007353
568 0.0000007337
569 0.0000007322
570 0.0000007307
571 0.0000007292
572 0.0000007277
573 0.0000007262
574 0.0000007247
575 0.0000007233
576 0.0000007218
577 0.0000007203
578 0.0000007189
579 0.0000007174
580 0.0000007159
581 0.0000007145
582 0.0000007131
583 0.0000007116
584 0.0000007102
585 0.0000007088
586 0.0000007073
587 0.0000007059
588 0.0000007045
589 0.0000007031
590 0.0000007017
591 0.0000007003
592 0.0000006989
593 0.0000006976
594 0.0000006962
595 0.0000006948
596 0.0000006934
597 0.0000006921
598 0.0000006907
599 0.0000006894
600 0.0000006880
601 0.0000006867
602 0.0000006853
603 0.0000006840
604 0.0000006827
605 0.0000006813
606 0.0000006800
607 0.0000006787
608 0.0000006774
609 0.0000006761
610 0.0000006748
611 0.0000006735
612 0.0000006722
613 0.0000006709
614 0.0000006696
615 0.0000006683
616 0.0000006671
617 0.0000006658
618 0.0000006645
619 0.0000006633
620 0.0000006620
621 0.0000006608
622 0.0000006595
623 0.0000006583
624 0.0000006570
625 0.0000006558
626 0.0000006546
627 0.0000006533
628 0.0000006521
629 0.0000006509
630 0.0000006497
631 0.0000006485
632 0.0000006473
633 0.0000006461
634 0.0000006449
635 0.0000006437
636 0.0000006425
637 0.0000006413
638 0.0000006401
639 0.0000006389
640 0.0000006378
641 0.0000006366
642 0.0000006354
643 0.0000006343
644 0.0000006331
645 0.0000006319
646 0.0000006308
647 0.0000006296
648 0.0000006285
649 0.0000006274
650 0.0000006262
651 0.0000006251
652 0.0000006240
653 0.0000006228
654 0.0000006217
655 0.0000006206
656 0.0000006195
657 0.0000006184
658 0.0000006173
659 0.0000006162
660 0.0000006151
661 0.0000006140
662 0.0000006129
663 0.0000006118
664 0.0000006107
665 0.0000006096
666 0.0000006086
667 0.0000006075
668 0.0000006064
669 0.0000006053
670 0.0000006043
671 0.0000006032
672 0.0000006022
673 0.0000006011
674 0.0000006001
675 0.0000005990
676 0.0000005980
677 0.0000005969
678 0.0000005959
679 0.0000005949
680 0.0000005938
681 0.0000005928
682 0.0000005918
683 0.0000005908
684 0.0000005897
685 0.0000005887
686 0.0000005877
687 0.0000005867
688 0.0000005857
689 0.0000005847
690 0.0000005837
691 0.0000005827
692 0.0000005817
693 0.0000005807
694 0.0000005797
695 0.0000005788
696 0.0000005778
697 0.0000005768
698 0.0000005758
699 0.0000005749
700 0.0000005739
701 0.0000005729
702 0.0000005720
703 0.0000005710
704 0.0000005700
705 0.0000005691
706 0.0000005681
707 0.0000005672
708 0.0000005662
709 0.0000005653
710 0.0000005644
711 0.0000005634
712 0.0000005625
713 0.0000005616
714 0.0000005606
715 0.0000005597
716 0.0000005588
717 0.0000005579
718 0.0000005569
719 0.0000005560
720 0.0000005551
721 0.0000005542
722 0.0000005533
723 0.0000005524
724 0.0000005515
725 0.0000005506
726 0.0000005497
727 0.0000005488
728 0.0000005479
729 0.0000005470
730 0.0000005462
731 0.0000005453
732 0.0000005444
733 0.0000005435
734 0.0000005426
735 0.0000005418
736 0.0000005409
737 0.0000005400
738 0.0000005392
739 0.0000005383
740 0.0000005374
741 0.0000005366
742 0.0000005357
743 0.0000005349
744 0.0000005340
745 0.0000005332
746 0.0000005323
747 0.0000005315
748 0.0000005307
749 0.0000005298
750 0.0000005290
751 0.0000005282
752 0.0000005273
753 0.0000005265
754 0.0000005257
755 0.0000005248
756 0.0000005240
757 0.0000005232
758 0.0000005224
759 0.0000005216
760 0.0000005208
761 0.0000005200
762 0.0000005191
763 0.0000005183
764 0.0000005175
765 0.0000005167
766 0.0000005159
767 0.0000005151
768 0.0000005143
769 0.0000005136
770 0.0000005128
771 0.0000005120
772 0.0000005112
773 0.0000005104
774 0.0000005096
775 0.0000005088
776 0.0000005081
777 0.0000005073
778 0.0000005065
779 0.0000005058
780 0.0000005050
781 0.0000005042
782 0.0000005035
783 0.0000005027
784 0.0000005019
785 0.0000005012
786 0.0000005004
787 0.0000004997
788 0.0000004989
789 0.0000004982
790 0.0000004974
791 0.0000004967
792 0.0000004959
793 0.0000004952
794 0.0000004944
795 0.0000004937
796 0.0000004930
797 0.0000004922
798 0.0000004915
799 0.0000004908
800 0.0000004901
801 0.0000004893
802 0.0000004886
803 0.0000004879
804 0.0000004872
805 0.0000004864
806 0.0000004857
807 0.0000004850
808 0.0000004843
809 0.0000004836
810 0.0000004829
811 0.0000004822
812 0.0000004815
813 0.0000004808
814 0.0000004801
815 0.0000004794
816 0.0000004787
817 0.0000004780
818 0.0000004773
819 0.0000004766
820 0.0000004759
821 0.0000004752
822 0.0000004745
823 0.0000004738
824 0.0000004731
825 0.0000004725
826 0.0000004718
827 0.0000004711
828 0.0000004704
829 0.0000004697
830 0.0000004691
831 0.0000004684
832 0.0000004677
833 0.0000004671
834 0.0000004664
835 0.0000004657
836 0.0000004651
837 0.0000004644
838 0.0000004638
839 0.0000004631
840 0.0000004624
841 0.0000004618
842 0.0000004611
843 0.0000004605
844 0.0000004598
845 0.0000004592
846 0.0000004585
847 0.0000004579
848 0.0000004572
849 0.0000004566
850 0.0000004560
851 0.0000004553
852 0.0000004547
853 0.0000004540
854 0.0000004534
855 0.0000004528
856 0.0000004521
857 0.0000004515
858 0.0000004509
859 0.0000004503
860 0.0000004496
861 0.0000004490
862 0.0000004484
863 0.0000004478
864 0.0000004472
865 0.0000004465
866 0.0000004459
867 0.0000004453
868 0.0000004447
869 0.0000004441
870 0.0000004435
871 0.0000004429
872 0.0000004423
873 0.0000004417
874 0.0000004410
875 0.0000004404
876 0.0000004398
877 0.0000004392
878 0.0000004386
879 0.0000004380
880 0.0000004375
881 0.0000004369
882 0.0000004363
883 0.0000004357
884 0.0000004351
885 0.0000004345
886 0.0000004339
887 0.0000004333
888 0.0000004327
889 0.0000004322
890 0.0000004316
891 0.0000004310
892 0.0000004304
893 0.0000004298
894 0.0000004293
895 0.0000004287
896 0.0000004281
897 0.0000004275
898 0.0000004270
899 0.0000004264
900 0.0000004258
901 0.0000004253
902 0.0000004247
903 0.0000004241
904 0.0000004236
905 0.0000004230
906 0.0000004224
907 0.0000004219
908 0.0000004213
909 0.0000004208
910 0.0000004202
911 0.0000004196
912 0.0000004191
913 0.0000004185
914 0.0000004180
915 0.0000004174
916 0.0000004169
917 0.0000004163
918 0.0000004158
919 0.0000004153
920 0.0000004147
921 0.0000004142
922 0.0000004136
923 0.0000004131
924 0.0000004125
925 0.0000004120
926 0.0000004115
927 0.0000004109
928 0.0000004104
929 0.0000004099
930 0.0000004093
931 0.0000004088
932 0.0000004083
933 0.0000004077
934 0.0000004072
935 0.0000004067
936 0.0000004062
937 0.0000004056
938 0.0000004051
939 0.0000004046
940 0.0000004041
941 0.0000004035
942 0.0000004030
943 0.0000004025
944 0.0000004020
945 0.0000004015
946 0.0000004010
947 0.0000004004
948 0.0000003999
949 0.0000003994
950 0.0000003989
951 0.0000003984
952 0.0000003979
953 0.0000003974
954 0.0000003969
955 0.0000003964
956 0.0000003959
957 0.0000003954
958 0.0000003949
959 0.0000003944
960 0.0000003939
961 0.0000003934
962 0.0000003929
963 0.0000003924
964 0.0000003919
965 0.0000003914
966 0.0000003909
967 0.0000003904
968 0.0000003899
969 0.0000003894
970 0.0000003889
971 0.0000003884
972 0.0000003879
973 0.0000003874
974 0.0000003870
975 0.0000003865
976 0.0000003860
977 0.0000003855
978 0.0000003850
979 0.0000003845
980 0.0000003840
981 0.0000003836
982 0.0000003831
983 0.0000003826
984 0.0000003821
985 0.0000003816
986 0.0000003812
987 0.0000003807
988 0.0000003802
989 0.0000003797
990 0.0000003793
991 0.0000003788
992 0.0000003783
993 0.0000003779
994 0.0000003774
995 0.0000003769
996 0.0000003764
997 0.0000003760
998 0.0000003755
999 0.0000003750
1000 0.0000003746
1001 0.0000003741
1002 0.0000003736
1003 0.0000003732
1004 0.0000003727
1005 0.0000003723
1006 0.0000003718
1007 0.0000003713
1008 0.0000003709
1009 0.0000003704
1010 0.0000003699
1011 0.0000003695
1012 0.0000003690
1013 0.0000003686
1014 0.0000003681
1015 0.0000003677
1016 0.0000003672
1017 0.0000003667
1018 0.0000003663
1019 0.0000003658
1020 0.0000003654
1021 0.0000003649
1022 0.0000003645
1023 0.0000003640
1024 0.0000003636
1025 0.0000003631
1026 0.0000003627
1027 0.0000003622
1028 0.0000003618
1029 0.0000003613
1030 0.0000003609
1031 0.0000003604
1032 0.0000003600
1033 0.0000003595
1034 0.0000003591
1035 0.0000003586
1036 0.0000003582
1037 0.0000003577
1038 0.0000003573
1039 0.0000003568
1040 0.0000003564
1041 0.0000003559
1042 0.0000003555
1043 0.0000003550
1044 0.0000003546
1045 0.0000003541
1046 0.0000003537
1047 0.0000003532
1048 0.0000003528
1049 0.0000003523
1050 0.0000003518
1051 0.0000003514
1052 0.0000003509
1053 0.0000003505
1054 0.0000003500
1055 0.0000003495
1056 0.0000003491
1057 0.0000003486
1058 0.0000003481
1059 0.0000003477
1060 0.0000003472
1061 0.0000003467
1062 0.0000003462
1063 0.0000003458
1064 0.0000003453
1065 0.0000003448
1066 0.0000003443
1067 0.0000003437
1068 0.0000003432
1069 0.0000003427
1070 0.0000003421
1071 0.0000003416
1072 0.0000003410
1073 0.0000003404
1074 0.0000003398
1075 0.0000003392
1076 0.0000003385
1077 0.0000003378
1078 0.0000003370
1079 0.0000003362
1080 0.0000003353
1081 0.0000003342
1082 0.0000003330
1083 0.0000003316
1084 0.0000003299
1085 0.0000003276
1086 0.0000003244
1087 0.0000003195
1088 0.0000003096
1089 0.0000002759
1090 0.0000000000
