0 2000
0 0.9956416102
1 0.0010587692
2 0.0004422499
3 0.0003071816
4 0.0002254738
5 0.0001770320
6 0.0001452593
7 0.0001226083
8 0.0001056165
9 0.0000924167
10 0.0000818796
11 0.0000732794
12 0.0000661310
13 0.0000600989
14 0.0000549434
15 0.0000504890
16 0.0000466041
17 0.0000431880
18 0.0000401624
19 0.0000374654
20 0.0000350477
21 0.0000328691
22 0.0000308970
23 0.0000291042
24 0.0000274683
25 0.0000259702
26 0.0000245940
27 0.0000233260
28 0.0000221546
29 0.0000210695
30 0.0000200622
31 0.0000191250
32 0.0000182513
33 0.0000174351
34 0.0000166714
35 0.0000159556
36 0.0000152835
37 0.0000146517
38 0.0000140568
39 0.0000134960
40 0.0000129666
41 0.0000124664
42 0.0000119930
43 0.0000115447
44 0.0000111197
45 0.0000107163
46 0.0000103331
47 0.0000099688
48 0.0000096222
49 0.0000092921
50 0.0000089775
51 0.0000086774
52 0.0000083910
53 0.0000081175
54 0.0000078561
55 0.0000076061
56 0.0000073668
57 0.0000071378
58 0.0000069184
59 0.0000067081
60 0.0000065064
61 0.0000063128
62 0.0000061270
63 0.0000059486
64 0.0000057771
65 0.0000056123
66 0.0000054538
67 0.0000053013
68 0.0000051546
69 0.0000050132
70 0.0000048771
71 0.0000047460
72 0.0000046195
73 0.0000044976
74 0.0000043800
75 0.0000042665
76 0.0000041570
77 0.0000040513
78 0.0000039491
79 0.0000038505
80 0.0000037551
81 0.0000036630
82 0.0000035739
83 0.0000034877
84 0.0000034043
85 0.0000033236
86 0.0000032455
87 0.0000031699
88 0.0000030967
89 0.0000030258
90 0.0000029571
91 0.0000028905
92 0.0000028260
93 0.0000027634
94 0.0000027028
95 0.0000026440
96 0.0000025869
97 0.0000025315
98 0.0000024778
99 0.0000024256
100 0.0000023750
101 0.0000023259
102 0.0000022781
103 0.0000022317
104 0.0000021867
105 0.0000021429
106 0.0000021004
107 0.0000020590
108 0.0000020188
109 0.0000019797
110 0.0000019417
111 0.0000019048
112 0.0000018688
113 0.0000018338
114 0.0000017998
115 0.0000017666
116 0.0000017344
117 0.0000017030
118 0.0000016724
119 0.0000016427
120 0.0000016137
121 0.0000015854
122 0.0000015579
123 0.0000015311
124 0.0000015050
125 0.0000014796
126 0.0000014547
127 0.0000014306
128 0.0000014070
129 0.0000013840
130 0.0000013616
131 0.0000013397
132 0.0000013184
133 0.0000012976
134 0.0000012773
135 0.0000012575
136 0.0000012381
137 0.0000012193
138 0.0000012009
139 0.0000011829
140 0.0000011653
141 0.0000011482
142 0.0000011314
143 0.0000011151
144 0.0000010991
145 0.0000010835
146 0.0000010683
147 0.0000010534
148 0.0000010388
149 0.0000010246
150 0.0000010107
151 0.0000009971
152 0.0000009838
153 0.0000009708
154 0.0000009581
155 0.0000009457
156 0.0000009335
157 0.0000009217
158 0.0000009100
159 0.0000008987
160 0.0000008875
161 0.0000008766
162 0.0000008660
163 0.0000008555
164 0.0000008453
165 0.0000008353
166 0.0000008255
167 0.0000008159
168 0.0000008066
169 0.0000007974
170 0.0000007884
171 0.0000007795
172 0.0000007709
173 0.0000007624
174 0.0000007541
175 0.0000007460
176 0.0000007380
177 0.0000007302
178 0.0000007226
179 0.0000007151
180 0.0000007077
181 0.0000007005
182 0.0000006934
183 0.0000006865
184 0.0000006797
185 0.0000006730
186 0.0000006664
187 0.0000006600
188 0.0000006537
189 0.0000006475
190 0.0000006415
191 0.0000006355
192 0.0000006297
193 0.0000006239
194 0.0000006183
195 0.0000006128
196 0.0000006073
197 0.0000006020
198 0.0000005967
199 0.0000005916
200 0.0000005865
201 0.0000005816
202 0.0000005767
203 0.0000005719
204 0.0000005672
205 0.0000005626
206 0.0000005580
207 0.0000005535
208 0.0000005491
209 0.0000005448
210 0.0000005406
211 0.0000005364
212 0.0000005323
213 0.0000005282
214 0.0000005243
215 0.0000005204
216 0.0000005165
217 0.0000005127
218 0.0000005090
219 0.0000005053
220 0.0000005017
221 0.0000004982
222 0.0000004947
223 0.0000004913
224 0.0000004879
225 0.0000004845
226 0.0000004813
227 0.0000004780
228 0.0000004748
229 0.0000004717
230 0.0000004686
231 0.0000004656
232 0.0000004626
233 0.0000004596
234 0.0000004567
235 0.0000004539
236 0.0000004510
237 0.0000004482
238 0.0000004455
239 0.0000004428
240 0.0000004401
241 0.0000004375
242 0.0000004349
243 0.0000004324
244 0.0000004298
245 0.0000004273
246 0.0000004249
247 0.0000004225
248 0.0000004201
249 0.0000004177
250 0.0000004154
251 0.0000004131
252 0.0000004109
253 0.0000004086
254 0.0000004064
255 0.0000004043
256 0.0000004021
257 0.0000004000
258 0.0000003979
259 0.0000003958
260 0.0000003938
261 0.0000003918
262 0.0000003898
263 0.0000003878
264 0.0000003859
265 0.0000003840
266 0.0000003821
267 0.0000003802
268 0.0000003783
269 0.0000003765
270 0.0000003747
271 0.0000003729
272 0.0000003712
273 0.0000003694
274 0.0000003677
275 0.0000003660
276 0.0000003643
277 0.0000003626
278 0.0000003610
279 0.0000003594
280 0.0000003578
281 0.0000003562
282 0.0000003546
283 0.0000003530
284 0.0000003515
285 0.0000003500
286 0.0000003485
287 0.0000003470
288 0.0000003455
289 0.0000003440
290 0.0000003426
291 0.0000003411
292 0.0000003397
293 0.0000003383
294 0.0000003369
295 0.0000003356
296 0.0000003342
297 0.0000003329
298 0.0000003315
299 0.0000003302
300 0.0000003289
301 0.0000003276
302 0.0000003263
303 0.0000003250
304 0.0000003238
305 0.0000003225
306 0.0000003213
307 0.0000003201
308 0.0000003189
309 0.0000003177
310 0.0000003165
311 0.0000003153
312 0.0000003141
313 0.0000003130
314 0.0000003118
315 0.0000003107
316 0.0000003096
317 0.0000003084
318 0.0000003073
319 0.0000003062
320 0.0000003052
321 0.0000003041
322 0.0000003030
323 0.0000003019
324 0.0000003009
325 0.0000002998
326 0.0000002988
327 0.0000002978
328 0.0000002968
329 0.0000002958
330 0.0000002948
331 0.0000002938
332 0.0000002928
333 0.0000002918
334 0.0000002908
335 0.0000002899
336 0.0000002889
337 0.0000002880
338 0.0000002870
339 0.0000002861
340 0.0000002852
341 0.0000002843
342 0.0000002834
343 0.0000002824
344 0.0000002815
345 0.0000002807
346 0.0000002798
347 0.0000002789
348 0.0000002780
349 0.0000002772
350 0.0000002763
351 0.0000002755
352 0.0000002746
353 0.0000002738
354 0.0000002729
355 0.0000002721
356 0.0000002713
357 0.0000002705
358 0.0000002696
359 0.0000002688
360 0.0000002680
361 0.0000002672
362 0.0000002665
363 0.0000002657
364 0.0000002649
365 0.0000002641
366 0.0000002634
367 0.0000002626
368 0.0000002618
369 0.0000002611
370 0.0000002603
371 0.0000002596
372 0.0000002589
373 0.0000002581
374 0.0000002574
375 0.0000002567
376 0.0000002560
377 0.0000002552
378 0.0000002545
379 0.0000002538
380 0.0000002531
381 0.0000002524
382 0.0000002517
383 0.0000002510
384 0.0000002504
385 0.0000002497
386 0.0000002490
387 0.0000002483
388 0.0000002477
389 0.0000002470
390 0.0000002463
391 0.0000002457
392 0.0000002450
393 0.0000002444
394 0.0000002437
395 0.0000002431
396 0.0000002425
397 0.0000002418
398 0.0000002412
399 0.0000002406
400 0.0000002399
401 0.0000002393
402 0.0000002387
403 0.0000002381
404 0.0000002375
405 0.0000002369
406 0.0000002363
407 0.0000002357
408 0.0000002351
409 0.0000002345
410 0.0000002339
411 0.0000002333
412 0.0000002327
413 0.0000002322
414 0.0000002316
415 0.0000002310
416 0.0000002304
417 0.0000002299
418 0.0000002293
419 0.0000002287
420 0.0000002282
421 0.0000002276
422 0.0000002271
423 0.0000002265
424 0.0000002260
425 0.0000002254
426 0.0000002249
427 0.0000002244
428 0.0000002238
429 0.0000002233
430 0.0000002228
431 0.0000002222
432 0.0000002217
433 0.0000002212
434 0.0000002207
435 0.0000002201
436 0.0000002196
437 0.0000002191
438 0.0000002186
439 0.0000002181
440 0.0000002176
441 0.0000002171
442 0.0000002166
443 0.0000002161
444 0.0000002156
445 0.0000002151
446 0.0000002146
447 0.0000002141
448 0.0000002136
449 0.0000002132
450 0.0000002127
451 0.0000002122
452 0.0000002117
453 0.0000002113
454 0.0000002108
455 0.0000002103
456 0.0000002098
457 0.0000002094
458 0.0000002089
459 0.0000002085
460 0.0000002080
461 0.0000002075
462 0.0000002071
463 0.0000002066
464 0.0000002062
465 0.0000002057
466 0.0000002053
467 0.0000002048
468 0.0000002044
469 0.0000002040
470 0.0000002035
471 0.0000002031
472 0.0000002027
473 0.0000002022
474 0.0000002018
475 0.0000002014
476 0.0000002009
477 0.0000002005
478 0.0000002001
479 0.0000001997
480 0.0000001992
481 0.0000001988
482 0.0000001984
483 0.0000001980
484 0.0000001976
485 0.0000001972
486 0.0000001968
487 0.0000001964
488 0.0000001960
489 0.0000001956
490 0.0000001951
491 0.0000001948
492 0.0000001944
493 0.0000001940
494 0.0000001936
495 0.0000001932
496 0.0000001928
497 0.0000001924
498 0.0000001920
499 0.0000001916
500 0.0000001912
501 0.0000001908
502 0.0000001905
503 0.0000001901
504 0.0000001897
505 0.0000001893
506 0.0000001889
507 0.0000001886
508 0.0000001882
509 0.0000001878
510 0.0000001875
511 0.0000001871
512 0.0000001867
513 0.0000001864
514 0.0000001860
515 0.0000001856
516 0.0000001853
517 0.0000001849
518 0.0000001845
519 0.0000001842
520 0.0000001838
521 0.0000001835
522 0.0000001831
523 0.0000001828
524 0.0000001824
525 0.0000001821
526 0.0000001817
527 0.0000001814
528 0.0000001810
529 0.0000001807
530 0.0000001803
531 0.0000001800
532 0.0000001797
533 0.0000001793
534 0.0000001790
535 0.0000001787
536 0.0000001783
537 0.0000001780
538 0.0000001777
539 0.0000001773
540 0.0000001770
541 0.0000001767
542 0.0000001763
543 0.0000001760
544 0.0000001757
545 0.0000001754
546 0.0000001750
547 0.0000001747
548 0.0000001744
549 0.0000001741
550 0.0000001738
551 0.0000001735
552 0.0000001731
553 0.0000001728
554 0.0000001725
555 0.0000001722
556 0.0000001719
557 0.0000001716
558 0.0000001713
559 0.0000001710
560 0.0000001707
561 0.0000001704
562 0.0000001701
563 0.0000001698
564 0.0000001694
565 0.0000001691
566 0.0000001688
567 0.0000001686
568 0.0000001683
569 0.0000001680
570 0.0000001677
571 0.0000001674
572 0.0000001671
573 0.0000001668
574 0.0000001665
575 0.0000001662
576 0.0000001659
577 0.0000001656
578 0.0000001653
579 0.0000001651
580 0.0000001648
581 0.0000001645
582 0.0000001642
583 0.0000001639
584 0.0000001636
585 0.0000001634
586 0.0000001631
587 0.0000001628
588 0.0000001625
589 0.0000001622
590 0.0000001620
591 0.0000001617
592 0.0000001614
593 0.0000001612
594 0.0000001609
595 0.0000001606
596 0.0000001603
597 0.0000001601
598 0.0000001598
599 0.0000001595
600 0.0000001593
601 0.0000001590
602 0.0000001587
603 0.0000001585
604 0.0000001582
605 0.0000001579
606 0.0000001577
607 0.0000001574
608 0.0000001572
609 0.0000001569
610 0.0000001567
611 0.0000001564
612 0.0000001561
613 0.0000001559
614 0.0000001556
615 0.0000001554
616 0.0000001551
617 0.0000001549
618 0.0000001546
619 0.0000001544
620 0.0000001541
621 0.0000001539
622 0.0000001536
623 0.0000001534
624 0.0000001531
625 0.0000001529
626 0.0000001526
627 0.0000001524
628 0.0000001522
629 0.0000001519
630 0.0000001517
631 0.0000001514
632 0.0000001512
633 0.0000001510
634 0.0000001507
635 0.0000001505
636 0.0000001502
637 0.0000001500
638 0.0000001498
639 0.0000001495
640 0.0000001493
641 0.0000001491
642 0.0000001488
643 0.0000001486
644 0.0000001484
645 0.0000001481
646 0.0000001479
647 0.0000001477
648 0.0000001475
649 0.0000001472
650 0.0000001470
651 0.0000001468
652 0.0000001466
653 0.0000001463
654 0.0000001461
655 0.0000001459
656 0.0000001457
657 0.0000001454
658 0.0000001452
659 0.0000001450
660 0.0000001448
661 0.0000001446
662 0.0000001443
663 0.0000001441
664 0.0000001439
665 0.0000001437
666 0.0000001435
667 0.0000001433
668 0.0000001430
669 0.0000001428
670 0.0000001426
671 0.0000001424
672 0.0000001422
673 0.0000001420
674 0.0000001418
675 0.0000001416
676 0.0000001413
677 0.0000001411
678 0.0000001409
679 0.0000001407
680 0.0000001405
681 0.0000001403
682 0.0000001401
683 0.0000001399
684 0.0000001397
685 0.0000001395
686 0.0000001393
687 0.0000001391
688 0.0000001389
689 0.0000001387
690 0.0000001385
691 0.0000001383
692 0.0000001381
693 0.0000001379
694 0.0000001377
695 0.0000001375
696 0.0000001373
697 0.0000001371
698 0.0000001369
699 0.0000001367
700 0.0000001365
701 0.0000001363
702 0.0000001361
703 0.0000001359
704 0.0000001357
705 0.0000001355
706 0.0000001353
707 0.0000001351
708 0.0000001350
709 0.0000001348
710 0.0000001346
711 0.0000001344
712 0.0000001342
713 0.0000001340
714 0.0000001338
715 0.0000001336
716 0.0000001334
717 0.0000001333
718 0.0000001331
719 0.0000001329
720 0.0000001327
721 0.0000001325
722 0.0000001323
723 0.0000001321
724 0.0000001320
725 0.0000001318
726 0.0000001316
727 0.0000001314
728 0.0000001312
729 0.0000001311
730 0.0000001309
731 0.0000001307
732 0.0000001305
733 0.0000001303
734 0.0000001302
735 0.0000001300
736 0.0000001298
737 0.0000001296
738 0.0000001295
739 0.0000001293
740 0.0000001291
741 0.0000001289
742 0.0000001288
743 0.0000001286
744 0.0000001284
745 0.0000001282
746 0.0000001281
747 0.0000001279
748 0.0000001277
749 0.0000001276
750 0.0000001274
751 0.0000001272
752 0.0000001270
753 0.0000001269
754 0.0000001267
755 0.0000001265
756 0.0000001264
757 0.0000001262
758 0.0000001260
759 0.0000001259
760 0.0000001257
761 0.0000001255
762 0.0000001254
763 0.0000001252
764 0.0000001251
765 0.0000001249
766 0.0000001247
767 0.0000001246
768 0.0000001244
769 0.0000001242
770 0.0000001241
771 0.0000001239
772 0.0000001238
773 0.0000001236
774 0.0000001234
775 0.0000001233
776 0.0000001231
777 0.0000001230
778 0.0000001228
779 0.0000001226
780 0.0000001225
781 0.0000001223
782 0.0000001222
783 0.0000001220
784 0.0000001219
785 0.0000001217
786 0.0000001215
787 0.0000001214
788 0.0000001212
789 0.0000001211
790 0.0000001209
791 0.0000001208
792 0.0000001206
793 0.0000001205
794 0.0000001203
795 0.0000001202
796 0.0000001200
797 0.0000001199
798 0.0000001197
799 0.0000001196
800 0.0000001194
801 0.0000001193
802 0.0000001191
803 0.0000001190
804 0.0000001188
805 0.0000001187
806 0.0000001185
807 0.0000001184
808 0.0000001182
809 0.0000001181
810 0.0000001179
811 0.0000001178
812 0.0000001177
813 0.0000001175
814 0.0000001174
815 0.0000001172
816 0.0000001171
817 0.0000001169
818 0.0000001168
819 0.0000001166
820 0.0000001165
821 0.0000001164
822 0.0000001162
823 0.0000001161
824 0.0000001159
825 0.0000001158
826 0.0000001157
827 0.0000001155
828 0.0000001154
829 0.0000001152
830 0.0000001151
831 0.0000001150
832 0.0000001148
833 0.0000001147
834 0.0000001145
835 0.0000001144
836 0.0000001143
837 0.0000001141
838 0.0000001140
839 0.0000001139
840 0.0000001137
841 0.0000001136
842 0.0000001135
843 0.0000001133
844 0.0000001132
845 0.0000001131
846 0.0000001129
847 0.0000001128
848 0.0000001127
849 0.0000001125
850 0.0000001124
851 0.0000001123
852 0.0000001121
853 0.0000001120
854 0.0000001119
855 0.0000001117
856 0.0000001116
857 0.0000001115
858 0.0000001113
859 0.0000001112
860 0.0000001111
861 0.0000001110
862 0.0000001108
863 0.0000001107
864 0.0000001106
865 0.0000001104
866 0.0000001103
867 0.0000001102
868 0.0000001101
869 0.0000001099
870 0.0000001098
871 0.0000001097
872 0.0000001095
873 0.0000001094
874 0.0000001093
875 0.0000001092
876 0.0000001090
877 0.0000001089
878 0.0000001088
879 0.0000001087
880 0.0000001086
881 0.0000001084
882 0.0000001083
883 0.0000001082
884 0.0000001081
885 0.0000001079
886 0.0000001078
887 0.0000001077
888 0.0000001076
889 0.0000001075
890 0.0000001073
891 0.0000001072
892 0.0000001071
893 0.0000001070
894 0.0000001069
895 0.0000001067
896 0.0000001066
897 0.0000001065
898 0.0000001064
899 0.0000001063
900 0.0000001061
901 0.0000001060
902 0.0000001059
903 0.0000001058
904 0.0000001057
905 0.0000001055
906 0.0000001054
907 0.0000001053
908 0.0000001052
909 0.0000001051
910 0.0000001050
911 0.0000001049
912 0.0000001047
913 0.0000001046
914 0.0000001045
915 0.0000001044
916 0.0000001043
917 0.0000001042
918 0.0000001041
919 0.0000001039
920 0.0000001038
921 0.0000001037
922 0.0000001036
923 0.0000001035
924 0.0000001034
925 0.0000001033
926 0.0000001032
927 0.0000001030
928 0.0000001029
929 0.0000001028
930 0.0000001027
931 0.0000001026
932 0.0000001025
933 0.0000001024
934 0.0000001023
935 0.0000001022
936 0.0000001020
937 0.0000001019
938 0.0000001018
939 0.0000001017
940 0.0000001016
941 0.0000001015
942 0.0000001014
943 0.0000001013
944 0.0000001012
945 0.0000001011
946 0.0000001010
947 0.0000001009
948 0.0000001008
949 0.0000001006
950 0.0000001005
951 0.0000001004
952 0.0000001003
953 0.0000001002
954 0.0000001001
955 0.0000001000
956 0.0000000999
957 0.0000000998
958 0.0000000997
959 0.0000000996
960 0.0000000995
961 0.0000000994
962 0.0000000993
963 0.0000000992
964 0.0000000991
965 0.0000000990
966 0.0000000989
967 0.0000000988
968 0.0000000987
969 0.0000000986
970 0.0000000985
971 0.0000000984
972 0.0000000983
973 0.0000000982
974 0.0000000981
975 0.0000000980
976 0.0000000979
977 0.0000000978
978 0.0000000977
979 0.0000000976
980 0.0000000975
981 0.0000000974
982 0.0000000973
983 0.0000000972
984 0.0000000971
985 0.0000000970
986 0.0000000969
987 0.0000000968
988 0.0000000967
989 0.0000000966
990 0.0000000965
991 0.0000000964
992 0.0000000963
993 0.0000000962
994 0.0000000961
995 0.0000000960
996 0.0000000959
997 0.0000000958
998 0.0000000957
999 0.0000000956
1000 0.0000000955
1001 0.0000000954
1002 0.0000000953
1003 0.0000000952
1004 0.0000000951
1005 0.0000000950
1006 0.0000000949
1007 0.0000000948
1008 0.0000000947
1009 0.0000000947
1010 0.0000000946
1011 0.0000000945
1012 0.0000000944
1013 0.0000000943
1014 0.0000000942
1015 0.0000000941
1016 0.0000000940
1017 0.0000000939
1018 0.0000000938
1019 0.0000000937
1020 0.0000000936
1021 0.0000000935
1022 0.0000000934
1023 0.0000000934
1024 0.0000000933
1025 0.0000000932
1026 0.0000000931
1027 0.0000000930
1028 0.0000000929
1029 0.0000000928
1030 0.0000000927
1031 0.0000000926
1032 0.0000000925
1033 0.0000000925
1034 0.0000000924
1035 0.0000000923
1036 0.0000000922
1037 0.0000000921
1038 0.0000000920
1039 0.0000000919
1040 0.0000000918
1041 0.0000000917
1042 0.0000000917
1043 0.0000000916
1044 0.0000000915
1045 0.0000000914
1046 0.0000000913
1047 0.0000000912
1048 0.0000000911
1049 0.0000000910
1050 0.0000000910
1051 0.0000000909
1052 0.0000000908
1053 0.0000000907
1054 0.0000000906
1055 0.0000000905
1056 0.0000000904
1057 0.0000000903
1058 0.0000000903
1059 0.0000000902
1060 0.0000000901
1061 0.0000000900
1062 0.0000000899
1063 0.0000000898
1064 0.0000000898
1065 0.0000000897
1066 0.0000000896
1067 0.0000000895
1068 0.0000000894
1069 0.0000000893
1070 0.0000000892
1071 0.0000000892
1072 0.0000000891
1073 0.0000000890
1074 0.0000000889
1075 0.0000000888
1076 0.0000000888
1077 0.0000000887
1078 0.0000000886
1079 0.0000000885
1080 0.0000000884
1081 0.0000000883
1082 0.0000000883
1083 0.0000000882
1084 0.0000000881
1085 0.0000000880
1086 0.0000000879
1087 0.0000000879
1088 0.0000000878
1089 0.0000000877
1090 0.0000000876
1091 0.0000000875
1092 0.0000000874
1093 0.0000000874
1094 0.0000000873
1095 0.0000000872
1096 0.0000000871
1097 0.0000000870
1098 0.0000000870
1099 0.0000000869
1100 0.0000000868
1101 0.0000000867
1102 0.0000000867
1103 0.0000000866
1104 0.0000000865
1105 0.0000000864
1106 0.0000000863
1107 0.0000000863
1108 0.0000000862
1109 0.0000000861
1110 0.0000000860
1111 0.0000000859
1112 0.0000000859
1113 0.0000000858
1114 0.0000000857
1115 0.0000000856
1116 0.0000000856
1117 0.0000000855
1118 0.0000000854
1119 0.0000000853
1120 0.0000000853
1121 0.0000000852
1122 0.0000000851
1123 0.0000000850
1124 0.0000000850
1125 0.0000000849
1126 0.0000000848
1127 0.0000000847
1128 0.0000000847
1129 0.0000000846
1130 0.0000000845
1131 0.0000000844
1132 0.0000000844
1133 0.0000000843
1134 0.0000000842
1135 0.0000000841
1136 0.0000000841
1137 0.0000000840
1138 0.0000000839
1139 0.0000000838
1140 0.0000000838
1141 0.0000000837
1142 0.0000000836
1143 0.0000000835
1144 0.0000000835
1145 0.0000000834
1146 0.0000000833
1147 0.0000000832
1148 0.0000000832
1149 0.0000000831
1150 0.0000000830
1151 0.0000000830
1152 0.0000000829
1153 0.0000000828
1154 0.0000000827
1155 0.0000000827
1156 0.0000000826
1157 0.0000000825
1158 0.0000000825
1159 0.0000000824
1160 0.0000000823
1161 0.0000000822
1162 0.0000000822
1163 0.0000000821
1164 0.0000000820
1165 0.0000000820
1166 0.0000000819
1167 0.0000000818
1168 0.0000000817
1169 0.0000000817
1170 0.0000000816
1171 0.0000000815
1172 0.0000000815
1173 0.0000000814
1174 0.0000000813
1175 0.0000000813
1176 0.0000000812
1177 0.0000000811
1178 0.0000000810
1179 0.0000000810
1180 0.0000000809
1181 0.0000000808
1182 0.0000000808
1183 0.0000000807
1184 0.0000000806
1185 0.0000000806
1186 0.0000000805
1187 0.0000000804
1188 0.0000000804
1189 0.0000000803
1190 0.0000000802
1191 0.0000000802
1192 0.0000000801
1193 0.0000000800
1194 0.0000000800
1195 0.0000000799
1196 0.0000000798
1197 0.0000000798
1198 0.0000000797
1199 0.0000000796
1200 0.0000000796
1201 0.0000000795
1202 0.0000000794
1203 0.0000000794
1204 0.0000000793
1205 0.0000000792
1206 0.0000000792
1207 0.0000000791
1208 0.0000000790
1209 0.0000000790
1210 0.0000000789
1211 0.0000000788
1212 0.0000000788
1213 0.0000000787
1214 0.0000000786
1215 0.0000000786
1216 0.0000000785
1217 0.0000000784
1218 0.0000000784
1219 0.0000000783
1220 0.0000000782
1221 0.0000000782
1222 0.0000000781
1223 0.0000000781
1224 0.0000000780
1225 0.0000000779
1226 0.0000000779
1227 0.0000000778
1228 0.0000000777
1229 0.0000000777
1230 0.0000000776
1231 0.0000000775
1232 0.0000000775
1233 0.0000000774
1234 0.0000000774
1235 0.0000000773
1236 0.0000000772
1237 0.0000000772
1238 0.0000000771
1239 0.0000000770
1240 0.0000000770
1241 0.0000000769
1242 0.0000000769
1243 0.0000000768
1244 0.0000000767
1245 0.0000000767
1246 0.0000000766
1247 0.0000000765
1248 0.0000000765
1249 0.0000000764
1250 0.0000000764
1251 0.0000000763
1252 0.0000000762
1253 0.0000000762
1254 0.0000000761
1255 0.0000000761
1256 0.0000000760
1257 0.0000000759
1258 0.0000000759
1259 0.0000000758
1260 0.0000000758
1261 0.0000000757
1262 0.0000000756
1263 0.0000000756
1264 0.0000000755
1265 0.0000000755
1266 0.0000000754
1267 0.0000000753
1268 0.0000000753
1269 0.0000000752
1270 0.0000000752
1271 0.0000000751
1272 0.0000000750
1273 0.0000000750
1274 0.0000000749
1275 0.0000000749
1276 0.0000000748
1277 0.0000000747
1278 0.0000000747
1279 0.0000000746
1280 0.0000000746
1281 0.0000000745
1282 0.0000000745
1283 0.0000000744
1284 0.0000000743
1285 0.0000000743
1286 0.0000000742
1287 0.0000000742
1288 0.0000000741
1289 0.0000000740
1290 0.0000000740
1291 0.0000000739
1292 0.0000000739
1293 0.0000000738
1294 0.0000000738
1295 0.0000000737
1296 0.0000000736
1297 0.0000000736
1298 0.0000000735
1299 0.0000000735
1300 0.0000000734
1301 0.0000000734
1302 0.0000000733
1303 0.0000000732
1304 0.0000000732
1305 0.0000000731
1306 0.0000000731
1307 0.0000000730
1308 0.0000000730
1309 0.0000000729
1310 0.0000000729
1311 0.0000000728
1312 0.0000000727
1313 0.0000000727
1314 0.0000000726
1315 0.0000000726
1316 0.0000000725
1317 0.0000000725
1318 0.0000000724
1319 0.0000000724
1320 0.0000000723
1321 0.0000000722
1322 0.0000000722
1323 0.0000000721
1324 0.0000000721
1325 0.0000000720
1326 0.0000000720
1327 0.0000000719
1328 0.0000000719
1329 0.0000000718
1330 0.0000000718
1331 0.0000000717
1332 0.0000000716
1333 0.0000000716
1334 0.0000000715
1335 0.0000000715
1336 0.0000000714
1337 0.0000000714
1338 0.0000000713
1339 0.0000000713
1340 0.0000000712
1341 0.0000000712
1342 0.0000000711
1343 0.0000000711
1344 0.0000000710
1345 0.0000000709
1346 0.0000000709
1347 0.0000000708
1348 0.0000000708
1349 0.0000000707
1350 0.0000000707
1351 0.0000000706
1352 0.0000000706
1353 0.0000000705
1354 0.0000000705
1355 0.0000000704
1356 0.0000000704
1357 0.0000000703
1358 0.0000000703
1359 0.0000000702
1360 0.0000000702
1361 0.0000000701
1362 0.0000000701
1363 0.0000000700
1364 0.0000000700
1365 0.0000000699
1366 0.0000000699
1367 0.0000000698
1368 0.0000000697
1369 0.0000000697
1370 0.0000000696
1371 0.0000000696
1372 0.0000000695
1373 0.0000000695
1374 0.0000000694
1375 0.0000000694
1376 0.0000000693
1377 0.0000000693
1378 0.0000000692
1379 0.0000000692
1380 0.0000000691
1381 0.0000000691
1382 0.0000000690
1383 0.0000000690
1384 0.0000000689
1385 0.0000000689
1386 0.0000000688
1387 0.0000000688
1388 0.0000000687
1389 0.0000000687
1390 0.0000000686
1391 0.0000000686
1392 0.0000000685
1393 0.0000000685
1394 0.0000000684
1395 0.0000000684
1396 0.0000000683
1397 0.0000000683
1398 0.0000000682
1399 0.0000000682
1400 0.0000000681
1401 0.0000000681
1402 0.0000000680
1403 0.0000000680
1404 0.0000000679
1405 0.0000000679
1406 0.0000000679
1407 0.0000000678
1408 0.0000000678
1409 0.0000000677
1410 0.0000000677
1411 0.0000000676
1412 0.0000000676
1413 0.0000000675
1414 0.0000000675
1415 0.0000000674
1416 0.0000000674
1417 0.0000000673
1418 0.0000000673
1419 0.0000000672
1420 0.0000000672
1421 0.0000000671
1422 0.0000000671
1423 0.0000000670
1424 0.0000000670
1425 0.0000000669
1426 0.0000000669
1427 0.0000000668
1428 0.0000000668
1429 0.0000000668
1430 0.0000000667
1431 0.0000000667
1432 0.0000000666
1433 0.0000000666
1434 0.0000000665
1435 0.0000000665
1436 0.0000000664
1437 0.0000000664
1438 0.0000000663
1439 0.0000000663
1440 0.0000000662
1441 0.0000000662
1442 0.0000000661
1443 0.0000000661
1444 0.0000000661
1445 0.0000000660
1446 0.0000000660
1447 0.0000000659
1448 0.0000000659
1449 0.0000000658
1450 0.0000000658
1451 0.0000000657
1452 0.0000000657
1453 0.0000000656
1454 0.0000000656
1455 0.0000000656
1456 0.0000000655
1457 0.0000000655
1458 0.0000000654
1459 0.0000000654
1460 0.0000000653
1461 0.0000000653
1462 0.0000000652
1463 0.0000000652
1464 0.0000000651
1465 0.0000000651
1466 0.0000000651
1467 0.0000000650
1468 0.0000000650
1469 0.0000000649
1470 0.0000000649
1471 0.0000000648
1472 0.0000000648
1473 0.0000000647
1474 0.0000000647
1475 0.0000000647
1476 0.0000000646
1477 0.0000000646
1478 0.0000000645
1479 0.0000000645
1480 0.0000000644
1481 0.0000000644
1482 0.0000000643
1483 0.0000000643
1484 0.0000000643
1485 0.0000000642
1486 0.0000000642
1487 0.0000000641
1488 0.0000000641
1489 0.0000000640
1490 0.0000000640
1491 0.0000000640
1492 0.0000000639
1493 0.0000000639
1494 0.0000000638
1495 0.0000000638
1496 0.0000000637
1497 0.0000000637
1498 0.0000000637
1499 0.0000000636
1500 0.0000000636
1501 0.0000000635
1502 0.0000000635
1503 0.0000000634
1504 0.0000000634
1505 0.0000000634
1506 0.0000000633
1507 0.0000000633
1508 0.0000000632
1509 0.0000000632
1510 0.0000000631
1511 0.0000000631
1512 0.0000000631
1513 0.0000000630
1514 0.0000000630
1515 0.0000000629
1516 0.0000000629
1517 0.0000000628
1518 0.0000000628
1519 0.0000000628
1520 0.0000000627
1521 0.0000000627
1522 0.0000000626
1523 0.0000000626
1524 0.0000000626
1525 0.0000000625
1526 0.0000000625
1527 0.0000000624
1528 0.0000000624
1529 0.0000000623
1530 0.0000000623
1531 0.0000000623
1532 0.0000000622
1533 0.0000000622
1534 0.0000000621
1535 0.0000000621
1536 0.0000000621
1537 0.0000000620
1538 0.0000000620
1539 0.0000000619
1540 0.0000000619
1541 0.0000000619
1542 0.0000000618
1543 0.0000000618
1544 0.0000000617
1545 0.0000000617
1546 0.0000000617
1547 0.0000000616
1548 0.0000000616
1549 0.0000000615
1550 0.0000000615
1551 0.0000000615
1552 0.0000000614
1553 0.0000000614
1554 0.0000000613
1555 0.0000000613
1556 0.0000000613
1557 0.0000000612
1558 0.0000000612
1559 0.0000000611
1560 0.0000000611
1561 0.0000000611
1562 0.0000000610
1563 0.0000000610
1564 0.0000000609
1565 0.0000000609
1566 0.0000000609
1567 0.0000000608
1568 0.0000000608
1569 0.0000000607
1570 0.0000000607
1571 0.0000000607
1572 0.0000000606
1573 0.0000000606
1574 0.0000000605
1575 0.0000000605
1576 0.0000000605
1577 0.0000000604
1578 0.0000000604
1579 0.0000000603
1580 0.0000000603
1581 0.0000000603
1582 0.0000000602
1583 0.0000000602
1584 0.0000000602
1585 0.0000000601
1586 0.0000000601
1587 0.0000000600
1588 0.0000000600
1589 0.0000000600
1590 0.0000000599
1591 0.0000000599
1592 0.0000000598
1593 0.0000000598
1594 0.0000000598
1595 0.0000000597
1596 0.0000000597
1597 0.0000000597
1598 0.0000000596
1599 0.0000000596
1600 0.0000000595
1601 0.0000000595
1602 0.0000000595
1603 0.0000000594
1604 0.0000000594
1605 0.0000000594
1606 0.0000000593
1607 0.0000000593
1608 0.0000000592
1609 0.0000000592
1610 0.0000000592
1611 0.0000000591
1612 0.0000000591
1613 0.0000000591
1614 0.0000000590
1615 0.0000000590
1616 0.0000000589
1617 0.0000000589
1618 0.0000000589
1619 0.0000000588
1620 0.0000000588
1621 0.0000000588
1622 0.0000000587
1623 0.0000000587
1624 0.0000000586
1625 0.0000000586
1626 0.0000000586
1627 0.0000000585
1628 0.0000000585
1629 0.0000000585
1630 0.0000000584
1631 0.0000000584
1632 0.0000000584
1633 0.0000000583
1634 0.0000000583
1635 0.0000000582
1636 0.0000000582
1637 0.0000000582
1638 0.0000000581
1639 0.0000000581
1640 0.0000000581
1641 0.0000000580
1642 0.0000000580
1643 0.0000000580
1644 0.0000000579
1645 0.0000000579
1646 0.0000000578
1647 0.0000000578
1648 0.0000000578
1649 0.0000000577
1650 0.0000000577
1651 0.0000000577
1652 0.0000000576
1653 0.0000000576
1654 0.0000000576
1655 0.0000000575
1656 0.0000000575
1657 0.0000000575
1658 0.0000000574
1659 0.0000000574
1660 0.0000000573
1661 0.0000000573
1662 0.0000000573
1663 0.0000000572
1664 0.0000000572
1665 0.0000000572
1666 0.0000000571
1667 0.0000000571
1668 0.0000000571
1669 0.0000000570
1670 0.0000000570
1671 0.0000000570
1672 0.0000000569
1673 0.0000000569
1674 0.0000000569
1675 0.0000000568
1676 0.0000000568
1677 0.0000000568
1678 0.0000000567
1679 0.0000000567
1680 0.0000000566
1681 0.0000000566
1682 0.0000000566
1683 0.0000000565
1684 0.0000000565
1685 0.0000000565
1686 0.0000000564
1687 0.0000000564
1688 0.0000000564
1689 0.0000000563
1690 0.0000000563
1691 0.0000000563
1692 0.0000000562
1693 0.0000000562
1694 0.0000000562
1695 0.0000000561
1696 0.0000000561
1697 0.0000000561
1698 0.0000000560
1699 0.0000000560
1700 0.0000000560
1701 0.0000000559
1702 0.0000000559
1703 0.0000000559
1704 0.0000000558
1705 0.0000000558
1706 0.0000000558
1707 0.0000000557
1708 0.0000000557
1709 0.0000000557
1710 0.0000000556
1711 0.0000000556
1712 0.0000000556
1713 0.0000000555
1714 0.0000000555
1715 0.0000000555
1716 0.0000000554
1717 0.0000000554
1718 0.0000000554
1719 0.0000000553
1720 0.0000000553
1721 0.0000000553
1722 0.0000000552
1723 0.0000000552
1724 0.0000000552
1725 0.0000000551
1726 0.0000000551
1727 0.0000000551
1728 0.0000000550
1729 0.0000000550
1730 0.0000000550
1731 0.0000000549
1732 0.0000000549
1733 0.0000000549
1734 0.0000000548
1735 0.0000000548
1736 0.0000000548
1737 0.0000000547
1738 0.0000000547
1739 0.0000000547
1740 0.0000000546
1741 0.0000000546
1742 0.0000000546
1743 0.0000000545
1744 0.0000000545
1745 0.0000000545
1746 0.0000000544
1747 0.0000000544
1748 0.0000000544
1749 0.0000000543
1750 0.0000000543
1751 0.0000000543
1752 0.0000000542
1753 0.0000000542
1754 0.0000000542
1755 0.0000000541
1756 0.0000000541
1757 0.0000000541
1758 0.0000000540
1759 0.0000000540
1760 0.0000000540
1761 0.0000000540
1762 0.0000000539
1763 0.0000000539
1764 0.0000000539
1765 0.0000000538
1766 0.0000000538
1767 0.0000000538
1768 0.0000000537
1769 0.0000000537
1770 0.0000000537
1771 0.0000000536
1772 0.0000000536
1773 0.0000000536
1774 0.0000000535
1775 0.0000000535
1776 0.0000000535
1777 0.0000000534
1778 0.0000000534
1779 0.0000000534
1780 0.0000000533
1781 0.0000000533
1782 0.0000000533
1783 0.0000000532
1784 0.0000000532
1785 0.0000000532
1786 0.0000000532
1787 0.0000000531
1788 0.0000000531
1789 0.0000000531
1790 0.0000000530
1791 0.0000000530
1792 0.0000000530
1793 0.0000000529
1794 0.0000000529
1795 0.0000000529
1796 0.0000000528
1797 0.0000000528
1798 0.0000000528
1799 0.0000000527
1800 0.0000000527
1801 0.0000000527
1802 0.0000000527
1803 0.0000000526
1804 0.0000000526
1805 0.0000000526
1806 0.0000000525
1807 0.0000000525
1808 0.0000000525
1809 0.0000000524
1810 0.0000000524
1811 0.0000000524
1812 0.0000000523
1813 0.0000000523
1814 0.0000000523
1815 0.0000000522
1816 0.0000000522
1817 0.0000000522
1818 0.0000000522
1819 0.0000000521
1820 0.0000000521
1821 0.0000000521
1822 0.0000000520
1823 0.0000000520
1824 0.0000000520
1825 0.0000000519
1826 0.0000000519
1827 0.0000000519
1828 0.0000000518
1829 0.0000000518
1830 0.0000000518
1831 0.0000000518
1832 0.0000000517
1833 0.0000000517
1834 0.0000000517
1835 0.0000000516
1836 0.0000000516
1837 0.0000000516
1838 0.0000000515
1839 0.0000000515
1840 0.0000000515
1841 0.0000000514
1842 0.0000000514
1843 0.0000000514
1844 0.0000000514
1845 0.0000000513
1846 0.0000000513
1847 0.0000000513
1848 0.0000000512
1849 0.0000000512
1850 0.0000000512
1851 0.0000000511
1852 0.0000000511
1853 0.0000000511
1854 0.0000000510
1855 0.0000000510
1856 0.0000000510
1857 0.0000000510
1858 0.0000000509
1859 0.0000000509
1860 0.0000000509
1861 0.0000000508
1862 0.0000000508
1863 0.0000000508
1864 0.0000000507
1865 0.0000000507
1866 0.0000000507
1867 0.0000000506
1868 0.0000000506
1869 0.0000000506
1870 0.0000000506
1871 0.0000000505
1872 0.0000000505
1873 0.0000000505
1874 0.0000000504
1875 0.0000000504
1876 0.0000000504
1877 0.0000000503
1878 0.0000000503
1879 0.0000000503
1880 0.0000000502
1881 0.0000000502
1882 0.0000000502
1883 0.0000000502
1884 0.0000000501
1885 0.0000000501
1886 0.0000000501
1887 0.0000000500
1888 0.0000000500
1889 0.0000000500
1890 0.0000000499
1891 0.0000000499
1892 0.0000000499
1893 0.0000000498
1894 0.0000000498
1895 0.0000000498
1896 0.0000000498
1897 0.0000000497
1898 0.0000000497
1899 0.0000000497
1900 0.0000000496
1901 0.0000000496
1902 0.0000000496
1903 0.0000000495
1904 0.0000000495
1905 0.0000000495
1906 0.0000000494
1907 0.0000000494
1908 0.0000000494
1909 0.0000000493
1910 0.0000000493
1911 0.0000000493
1912 0.0000000493
1913 0.0000000492
1914 0.0000000492
1915 0.0000000492
1916 0.0000000491
1917 0.0000000491
1918 0.0000000491
1919 0.0000000490
1920 0.0000000490
1921 0.0000000490
1922 0.0000000489
1923 0.0000000489
1924 0.0000000489
1925 0.0000000488
1926 0.0000000488
1927 0.0000000488
1928 0.0000000487
1929 0.0000000487
1930 0.0000000487
1931 0.0000000486
1932 0.0000000486
1933 0.0000000486
1934 0.0000000485
1935 0.0000000485
1936 0.0000000485
1937 0.0000000484
1938 0.0000000484
1939 0.0000000484
1940 0.0000000483
1941 0.0000000483
1942 0.0000000483
1943 0.0000000482
1944 0.0000000482
1945 0.0000000482
1946 0.0000000481
1947 0.0000000481
1948 0.0000000481
1949 0.0000000480
1950 0.0000000480
1951 0.0000000480
1952 0.0000000479
1953 0.0000000479
1954 0.0000000479
1955 0.0000000478
1956 0.0000000478
1957 0.0000000478
1958 0.0000000477
1959 0.0000000477
1960 0.0000000476
1961 0.0000000476
1962 0.0000000476
1963 0.0000000475
1964 0.0000000475
1965 0.0000000475
1966 0.0000000474
1967 0.0000000474
1968 0.0000000473
1969 0.0000000473
1970 0.0000000473
1971 0.0000000472
1972 0.0000000472
1973 0.0000000471
1974 0.0000000471
1975 0.0000000470
1976 0.0000000470
1977 0.0000000470
1978 0.0000000469
1979 0.0000000469
1980 0.0000000468
1981 0.0000000467
1982 0.0000000467
1983 0.0000000466
1984 0.0000000466
1985 0.0000000465
1986 0.0000000464
1987 0.0000000464
1988 0.0000000463
1989 0.0000000462
1990 0.0000000461
1991 0.0000000460
1992 0.0000000458
1993 0.0000000456
1994 0.0000000454
1995 0.0000000451
1996 0.0000000447
1997 0.0000000441
1998 0.0000000427
1999 0.0000000381
2000 0.0000000000
