0 2000
0 0.9954286455
1 0.0011837474
2 0.0004906462
3 0.0003388505
4 0.0002471002
5 0.0001927524
6 0.0001571477
7 0.0001317994
8 0.0001128134
9 0.0000980900
10 0.0000863588
11 0.0000768038
12 0.0000688795
13 0.0000622083
14 0.0000565209
15 0.0000516199
16 0.0000473572
17 0.0000436198
18 0.0000403194
19 0.0000373867
20 0.0000347660
21 0.0000324123
22 0.0000302889
23 0.0000283653
24 0.0000266163
25 0.0000250205
26 0.0000235599
27 0.0000222193
28 0.0000209856
29 0.0000198473
30 0.0000187948
31 0.0000178195
32 0.0000169139
33 0.0000160716
34 0.0000152867
35 0.0000145541
36 0.0000138693
37 0.0000132282
38 0.0000126273
39 0.0000120633
40 0.0000115333
41 0.0000110346
42 0.0000105650
43 0.0000101222
44 0.0000097043
45 0.0000093095
46 0.0000089362
47 0.0000085830
48 0.0000082484
49 0.0000079313
50 0.0000076305
51 0.0000073450
52 0.0000070737
53 0.0000068159
54 0.0000065707
55 0.0000063372
56 0.0000061150
57 0.0000059031
58 0.0000057012
59 0.0000055085
60 0.0000053247
61 0.0000051491
62 0.0000049813
63 0.0000048210
64 0.0000046677
65 0.0000045210
66 0.0000043806
67 0.0000042462
68 0.0000041174
69 0.0000039940
70 0.0000038757
71 0.0000037623
72 0.0000036534
73 0.0000035490
74 0.0000034487
75 0.0000033524
76 0.0000032598
77 0.0000031709
78 0.0000030854
79 0.0000030032
80 0.0000029241
81 0.0000028481
82 0.0000027748
83 0.0000027043
84 0.0000026364
85 0.0000025710
86 0.0000025079
87 0.0000024471
88 0.0000023886
89 0.0000023321
90 0.0000022775
91 0.0000022250
92 0.0000021742
93 0.0000021252
94 0.0000020779
95 0.0000020322
96 0.0000019880
97 0.0000019454
98 0.0000019041
99 0.0000018643
100 0.0000018257
101 0.0000017884
102 0.0000017524
103 0.0000017175
104 0.0000016837
105 0.0000016510
106 0.0000016193
107 0.0000015886
108 0.0000015589
109 0.0000015302
110 0.0000015023
111 0.0000014752
112 0.0000014490
113 0.0000014236
114 0.0000013989
115 0.0000013750
116 0.0000013518
117 0.0000013293
118 0.0000013074
119 0.0000012862
120 0.0000012656
121 0.0000012456
122 0.0000012261
123 0.0000012072
124 0.0000011889
125 0.0000011710
126 0.0000011536
127 0.0000011368
128 0.0000011203
129 0.0000011044
130 0.0000010888
131 0.0000010737
132 0.0000010590
133 0.0000010447
134 0.0000010307
135 0.0000010171
136 0.0000010039
137 0.0000009910
138 0.0000009784
139 0.0000009662
140 0.0000009542
141 0.0000009426
142 0.0000009313
143 0.0000009202
144 0.0000009094
145 0.0000008988
146 0.0000008885
147 0.0000008785
148 0.0000008687
149 0.0000008591
150 0.0000008498
151 0.0000008407
152 0.0000008317
153 0.0000008230
154 0.0000008145
155 0.0000008062
156 0.0000007981
157 0.0000007901
158 0.0000007823
159 0.0000007747
160 0.0000007672
161 0.0000007600
162 0.0000007528
163 0.0000007458
164 0.0000007390
165 0.0000007323
166 0.0000007257
167 0.0000007193
168 0.0000007130
169 0.0000007069
170 0.0000007008
171 0.0000006949
172 0.0000006891
173 0.0000006834
174 0.0000006778
175 0.0000006723
176 0.0000006670
177 0.0000006617
178 0.0000006565
179 0.0000006514
180 0.0000006465
181 0.0000006416
182 0.0000006368
183 0.0000006320
184 0.0000006274
185 0.0000006228
186 0.0000006184
187 0.0000006140
188 0.0000006096
189 0.0000006054
190 0.0000006012
191 0.0000005971
192 0.0000005931
193 0.0000005891
194 0.0000005852
195 0.0000005813
196 0.0000005776
197 0.0000005738
198 0.0000005702
199 0.0000005666
200 0.0000005630
201 0.0000005595
202 0.0000005561
203 0.0000005527
204 0.0000005493
205 0.0000005460
206 0.0000005428
207 0.0000005396
208 0.0000005364
209 0.0000005333
210 0.0000005302
211 0.0000005272
212 0.0000005242
213 0.0000005213
214 0.0000005184
215 0.0000005155
216 0.0000005127
217 0.0000005099
218 0.0000005072
219 0.0000005045
220 0.0000005018
221 0.0000004992
222 0.0000004966
223 0.0000004940
224 0.0000004914
225 0.0000004889
226 0.0000004864
227 0.0000004840
228 0.0000004816
229 0.0000004792
230 0.0000004768
231 0.0000004745
232 0.0000004722
233 0.0000004699
234 0.0000004676
235 0.0000004654
236 0.0000004632
237 0.0000004610
238 0.0000004589
239 0.0000004567
240 0.0000004546
241 0.0000004526
242 0.0000004505
243 0.0000004485
244 0.0000004464
245 0.0000004444
246 0.0000004425
247 0.0000004405
248 0.0000004386
249 0.0000004367
250 0.0000004348
251 0.0000004329
252 0.0000004310
253 0.0000004292
254 0.0000004274
255 0.0000004256
256 0.0000004238
257 0.0000004220
258 0.0000004202
259 0.0000004185
260 0.0000004168
261 0.0000004151
262 0.0000004134
263 0.0000004117
264 0.0000004101
265 0.0000004084
266 0.0000004068
267 0.0000004052
268 0.0000004036
269 0.0000004020
270 0.0000004005
271 0.0000003989
272 0.0000003974
273 0.0000003958
274 0.0000003943
275 0.0000003928
276 0.0000003913
277 0.0000003898
278 0.0000003884
279 0.0000003869
280 0.0000003855
281 0.0000003840
282 0.0000003826
283 0.0000003812
284 0.0000003798
285 0.0000003785
286 0.0000003771
287 0.0000003757
288 0.0000003744
289 0.0000003730
290 0.0000003717
291 0.0000003704
292 0.0000003691
293 0.0000003678
294 0.0000003665
295 0.0000003652
296 0.0000003639
297 0.0000003627
298 0.0000003614
299 0.0000003602
300 0.0000003590
301 0.0000003577
302 0.0000003565
303 0.0000003553
304 0.0000003541
305 0.0000003529
306 0.0000003517
307 0.0000003506
308 0.0000003494
309 0.0000003483
310 0.0000003471
311 0.0000003460
312 0.0000003448
313 0.0000003437
314 0.0000003426
315 0.0000003415
316 0.0000003404
317 0.0000003393
318 0.0000003382
319 0.0000003371
320 0.0000003361
321 0.0000003350
322 0.0000003339
323 0.0000003329
324 0.0000003319
325 0.0000003308
326 0.0000003298
327 0.0000003288
328 0.0000003278
329 0.0000003267
330 0.0000003257
331 0.0000003247
332 0.0000003238
333 0.0000003228
334 0.0000003218
335 0.0000003208
336 0.0000003199
337 0.0000003189
338 0.0000003179
339 0.0000003170
340 0.0000003161
341 0.0000003151
342 0.0000003142
343 0.0000003133
344 0.0000003124
345 0.0000003114
346 0.0000003105
347 0.0000003096
348 0.0000003087
349 0.0000003078
350 0.0000003070
351 0.0000003061
352 0.0000003052
353 0.0000003043
354 0.0000003035
355 0.0000003026
356 0.0000003017
357 0.0000003009
358 0.0000003000
359 0.0000002992
360 0.0000002984
361 0.0000002975
362 0.0000002967
363 0.0000002959
364 0.0000002951
365 0.0000002943
366 0.0000002934
367 0.0000002926
368 0.0000002918
369 0.0000002911
370 0.0000002903
371 0.0000002895
372 0.0000002887
373 0.0000002879
374 0.0000002871
375 0.0000002864
376 0.0000002856
377 0.0000002848
378 0.0000002841
379 0.0000002833
380 0.0000002826
381 0.0000002819
382 0.0000002811
383 0.0000002804
384 0.0000002796
385 0.0000002789
386 0.0000002782
387 0.0000002775
388 0.0000002767
389 0.0000002760
390 0.0000002753
391 0.0000002746
392 0.0000002739
393 0.0000002732
394 0.0000002725
395 0.0000002718
396 0.0000002711
397 0.0000002705
398 0.0000002698
399 0.0000002691
400 0.0000002684
401 0.0000002677
402 0.0000002671
403 0.0000002664
404 0.0000002658
405 0.0000002651
406 0.0000002644
407 0.0000002638
408 0.0000002631
409 0.0000002625
410 0.0000002619
411 0.0000002612
412 0.0000002606
413 0.0000002600
414 0.0000002593
415 0.0000002587
416 0.0000002581
417 0.0000002575
418 0.0000002568
419 0.0000002562
420 0.0000002556
421 0.0000002550
422 0.0000002544
423 0.0000002538
424 0.0000002532
425 0.0000002526
426 0.0000002520
427 0.0000002514
428 0.0000002508
429 0.0000002502
430 0.0000002497
431 0.0000002491
432 0.0000002485
433 0.0000002479
434 0.0000002474
435 0.0000002468
436 0.0000002462
437 0.0000002457
438 0.0000002451
439 0.0000002445
440 0.0000002440
441 0.0000002434
442 0.0000002429
443 0.0000002423
444 0.0000002418
445 0.0000002412
446 0.0000002407
447 0.0000002402
448 0.0000002396
449 0.0000002391
450 0.0000002386
451 0.0000002380
452 0.0000002375
453 0.0000002370
454 0.0000002365
455 0.0000002359
456 0.0000002354
457 0.0000002349
458 0.0000002344
459 0.0000002339
460 0.0000002334
461 0.0000002329
462 0.0000002324
463 0.0000002319
464 0.0000002314
465 0.0000002309
466 0.0000002304
467 0.0000002299
468 0.0000002294
469 0.0000002289
470 0.0000002284
471 0.0000002279
472 0.0000002274
473 0.0000002270
474 0.0000002265
475 0.0000002260
476 0.0000002255
477 0.0000002250
478 0.0000002246
479 0.0000002241
480 0.0000002236
481 0.0000002232
482 0.0000002227
483 0.0000002222
484 0.0000002218
485 0.0000002213
486 0.0000002209
487 0.0000002204
488 0.0000002200
489 0.0000002195
490 0.0000002191
491 0.0000002186
492 0.0000002182
493 0.0000002177
494 0.0000002173
495 0.0000002169
496 0.0000002164
497 0.0000002160
498 0.0000002155
499 0.0000002151
500 0.0000002147
501 0.0000002143
502 0.0000002138
503 0.0000002134
504 0.0000002130
505 0.0000002126
506 0.0000002121
507 0.0000002117
508 0.0000002113
509 0.0000002109
510 0.0000002105
511 0.0000002101
512 0.0000002097
513 0.0000002092
514 0.0000002088
515 0.0000002084
516 0.0000002080
517 0.0000002076
518 0.0000002072
519 0.0000002068
520 0.0000002064
521 0.0000002060
522 0.0000002056
523 0.0000002052
524 0.0000002048
525 0.0000002045
526 0.0000002041
527 0.0000002037
528 0.0000002033
529 0.0000002029
530 0.0000002025
531 0.0000002021
532 0.0000002018
533 0.0000002014
534 0.0000002010
535 0.0000002006
536 0.0000002003
537 0.0000001999
538 0.0000001995
539 0.0000001991
540 0.0000001988
541 0.0000001984
542 0.0000001980
543 0.0000001977
544 0.0000001973
545 0.0000001970
546 0.0000001966
547 0.0000001962
548 0.0000001959
549 0.0000001955
550 0.0000001952
551 0.0000001948
552 0.0000001945
553 0.0000001941
554 0.0000001938
555 0.0000001934
556 0.0000001931
557 0.0000001927
558 0.0000001924
559 0.0000001920
560 0.0000001917
561 0.0000001913
562 0.0000001910
563 0.0000001907
564 0.0000001903
565 0.0000001900
566 0.0000001896
567 0.0000001893
568 0.0000001890
569 0.0000001886
570 0.0000001883
571 0.0000001880
572 0.0000001877
573 0.0000001873
574 0.0000001870
575 0.0000001867
576 0.0000001863
577 0.0000001860
578 0.0000001857
579 0.0000001854
580 0.0000001851
581 0.0000001847
582 0.0000001844
583 0.0000001841
584 0.0000001838
585 0.0000001835
586 0.0000001832
587 0.0000001829
588 0.0000001825
589 0.0000001822
590 0.0000001819
591 0.0000001816
592 0.0000001813
593 0.0000001810
594 0.0000001807
595 0.0000001804
596 0.0000001801
597 0.0000001798
598 0.0000001795
599 0.0000001792
600 0.0000001789
601 0.0000001786
602 0.0000001783
603 0.0000001780
604 0.0000001777
605 0.0000001774
606 0.0000001771
607 0.0000001768
608 0.0000001765
609 0.0000001762
610 0.0000001760
611 0.0000001757
612 0.0000001754
613 0.0000001751
614 0.0000001748
615 0.0000001745
616 0.0000001742
617 0.0000001740
618 0.0000001737
619 0.0000001734
620 0.0000001731
621 0.0000001728
622 0.0000001726
623 0.0000001723
624 0.0000001720
625 0.0000001717
626 0.0000001715
627 0.0000001712
628 0.0000001709
629 0.0000001706
630 0.0000001704
631 0.0000001701
632 0.0000001698
633 0.0000001696
634 0.0000001693
635 0.0000001690
636 0.0000001688
637 0.0000001685
638 0.0000001682
639 0.0000001680
640 0.0000001677
641 0.0000001674
642 0.0000001672
643 0.0000001669
644 0.0000001667
645 0.0000001664
646 0.0000001661
647 0.0000001659
648 0.0000001656
649 0.0000001654
650 0.0000001651
651 0.0000001649
652 0.0000001646
653 0.0000001644
654 0.0000001641
655 0.0000001639
656 0.0000001636
657 0.0000001634
658 0.0000001631
659 0.0000001629
660 0.0000001626
661 0.0000001624
662 0.0000001621
663 0.0000001619
664 0.0000001616
665 0.0000001614
666 0.0000001612
667 0.0000001609
668 0.0000001607
669 0.0000001604
670 0.0000001602
671 0.0000001600
672 0.0000001597
673 0.0000001595
674 0.0000001592
675 0.0000001590
676 0.0000001588
677 0.0000001585
678 0.0000001583
679 0.0000001581
680 0.0000001578
681 0.0000001576
682 0.0000001574
683 0.0000001571
684 0.0000001569
685 0.0000001567
686 0.0000001565
687 0.0000001562
688 0.0000001560
689 0.0000001558
690 0.0000001555
691 0.0000001553
692 0.0000001551
693 0.0000001549
694 0.0000001546
695 0.0000001544
696 0.0000001542
697 0.0000001540
698 0.0000001538
699 0.0000001535
700 0.0000001533
701 0.0000001531
702 0.0000001529
703 0.0000001527
704 0.0000001524
705 0.0000001522
706 0.0000001520
707 0.0000001518
708 0.0000001516
709 0.0000001514
710 0.0000001512
711 0.0000001509
712 0.0000001507
713 0.0000001505
714 0.0000001503
715 0.0000001501
716 0.0000001499
717 0.0000001497
718 0.0000001495
719 0.0000001493
720 0.0000001491
721 0.0000001489
722 0.0000001486
723 0.0000001484
724 0.0000001482
725 0.0000001480
726 0.0000001478
727 0.0000001476
728 0.0000001474
729 0.0000001472
730 0.0000001470
731 0.0000001468
732 0.0000001466
733 0.0000001464
734 0.0000001462
735 0.0000001460
736 0.0000001458
737 0.0000001456
738 0.0000001454
739 0.0000001452
740 0.0000001450
741 0.0000001448
742 0.0000001446
743 0.0000001444
744 0.0000001442
745 0.0000001441
746 0.0000001439
747 0.0000001437
748 0.0000001435
749 0.0000001433
750 0.0000001431
751 0.0000001429
752 0.0000001427
753 0.0000001425
754 0.0000001423
755 0.0000001421
756 0.0000001420
757 0.0000001418
758 0.0000001416
759 0.0000001414
760 0.0000001412
761 0.0000001410
762 0.0000001408
763 0.0000001407
764 0.0000001405
765 0.0000001403
766 0.0000001401
767 0.0000001399
768 0.0000001397
769 0.0000001396
770 0.0000001394
771 0.0000001392
772 0.0000001390
773 0.0000001388
774 0.0000001387
775 0.0000001385
776 0.0000001383
777 0.0000001381
778 0.0000001379
779 0.0000001378
780 0.0000001376
781 0.0000001374
782 0.0000001372
783 0.0000001371
784 0.0000001369
785 0.0000001367
786 0.0000001365
787 0.0000001364
788 0.0000001362
789 0.0000001360
790 0.0000001358
791 0.0000001357
792 0.0000001355
793 0.0000001353
794 0.0000001352
795 0.0000001350
796 0.0000001348
797 0.0000001346
798 0.0000001345
799 0.0000001343
800 0.0000001341
801 0.0000001340
802 0.0000001338
803 0.0000001336
804 0.0000001335
805 0.0000001333
806 0.0000001331
807 0.0000001330
808 0.0000001328
809 0.0000001326
810 0.0000001325
811 0.0000001323
812 0.0000001322
813 0.0000001320
814 0.0000001318
815 0.0000001317
816 0.0000001315
817 0.0000001313
818 0.0000001312
819 0.0000001310
820 0.0000001309
821 0.0000001307
822 0.0000001305
823 0.0000001304
824 0.0000001302
825 0.0000001301
826 0.0000001299
827 0.0000001298
828 0.0000001296
829 0.0000001294
830 0.0000001293
831 0.0000001291
832 0.0000001290
833 0.0000001288
834 0.0000001287
835 0.0000001285
836 0.0000001284
837 0.0000001282
838 0.0000001281
839 0.0000001279
840 0.0000001277
841 0.0000001276
842 0.0000001274
843 0.0000001273
844 0.0000001271
845 0.0000001270
846 0.0000001268
847 0.0000001267
848 0.0000001265
849 0.0000001264
850 0.0000001262
851 0.0000001261
852 0.0000001259
853 0.0000001258
854 0.0000001257
855 0.0000001255
856 0.0000001254
857 0.0000001252
858 0.0000001251
859 0.0000001249
860 0.0000001248
861 0.0000001246
862 0.0000001245
863 0.0000001243
864 0.0000001242
865 0.0000001241
866 0.0000001239
867 0.0000001238
868 0.0000001236
869 0.0000001235
870 0.0000001233
871 0.0000001232
872 0.0000001231
873 0.0000001229
874 0.0000001228
875 0.0000001226
876 0.0000001225
877 0.0000001224
878 0.0000001222
879 0.0000001221
880 0.0000001219
881 0.0000001218
882 0.0000001217
883 0.0000001215
884 0.0000001214
885 0.0000001212
886 0.0000001211
887 0.0000001210
888 0.0000001208
889 0.0000001207
890 0.0000001206
891 0.0000001204
892 0.0000001203
893 0.0000001202
894 0.0000001200
895 0.0000001199
896 0.0000001198
897 0.0000001196
898 0.0000001195
899 0.0000001194
900 0.0000001192
901 0.0000001191
902 0.0000001190
903 0.0000001188
904 0.0000001187
905 0.0000001186
906 0.0000001184
907 0.0000001183
908 0.0000001182
909 0.0000001180
910 0.0000001179
911 0.0000001178
912 0.0000001177
913 0.0000001175
914 0.0000001174
915 0.0000001173
916 0.0000001171
917 0.0000001170
918 0.0000001169
919 0.0000001168
920 0.0000001166
921 0.0000001165
922 0.0000001164
923 0.0000001162
924 0.0000001161
925 0.0000001160
926 0.0000001159
927 0.0000001157
928 0.0000001156
929 0.0000001155
930 0.0000001154
931 0.0000001152
932 0.0000001151
933 0.0000001150
934 0.0000001149
935 0.0000001148
936 0.0000001146
937 0.0000001145
938 0.0000001144
939 0.0000001143
940 0.0000001141
941 0.0000001140
942 0.0000001139
943 0.0000001138
944 0.0000001137
945 0.0000001135
946 0.0000001134
947 0.0000001133
948 0.0000001132
949 0.0000001131
950 0.0000001129
951 0.0000001128
952 0.0000001127
953 0.0000001126
954 0.0000001125
955 0.0000001123
956 0.0000001122
957 0.0000001121
958 0.0000001120
959 0.0000001119
960 0.0000001118
961 0.0000001116
962 0.0000001115
963 0.0000001114
964 0.0000001113
965 0.0000001112
966 0.0000001111
967 0.0000001110
968 0.0000001108
969 0.0000001107
970 0.0000001106
971 0.0000001105
972 0.0000001104
973 0.0000001103
974 0.0000001102
975 0.0000001100
976 0.0000001099
977 0.0000001098
978 0.0000001097
979 0.0000001096
980 0.0000001095
981 0.0000001094
982 0.0000001093
983 0.0000001091
984 0.0000001090
985 0.0000001089
986 0.0000001088
987 0.0000001087
988 0.0000001086
989 0.0000001085
990 0.0000001084
991 0.0000001083
992 0.0000001082
993 0.0000001080
994 0.0000001079
995 0.0000001078
996 0.0000001077
997 0.0000001076
998 0.0000001075
999 0.0000001074
1000 0.0000001073
1001 0.0000001072
1002 0.0000001071
1003 0.0000001070
1004 0.0000001069
1005 0.0000001067
1006 0.0000001066
1007 0.0000001065
1008 0.0000001064
1009 0.0000001063
1010 0.0000001062
1011 0.0000001061
1012 0.0000001060
1013 0.0000001059
1014 0.0000001058
1015 0.0000001057
1016 0.0000001056
1017 0.0000001055
1018 0.0000001054
1019 0.0000001053
1020 0.0000001052
1021 0.0000001051
1022 0.0000001050
1023 0.0000001049
1024 0.0000001048
1025 0.0000001047
1026 0.0000001046
1027 0.0000001045
1028 0.0000001044
1029 0.0000001043
1030 0.0000001042
1031 0.0000001041
1032 0.0000001040
1033 0.0000001039
1034 0.0000001037
1035 0.0000001036
1036 0.0000001035
1037 0.0000001034
1038 0.0000001033
1039 0.0000001032
1040 0.0000001032
1041 0.0000001031
1042 0.0000001030
1043 0.0000001029
1044 0.0000001028
1045 0.0000001027
1046 0.0000001026
1047 0.0000001025
1048 0.0000001024
1049 0.0000001023
1050 0.0000001022
1051 0.0000001021
1052 0.0000001020
1053 0.0000001019
1054 0.0000001018
1055 0.0000001017
1056 0.0000001016
1057 0.0000001015
1058 0.0000001014
1059 0.0000001013
1060 0.0000001012
1061 0.0000001011
1062 0.0000001010
1063 0.0000001009
1064 0.0000001008
1065 0.0000001007
1066 0.0000001006
1067 0.0000001005
1068 0.0000001004
1069 0.0000001003
1070 0.0000001003
1071 0.0000001002
1072 0.0000001001
1073 0.0000001000
1074 0.0000000999
1075 0.0000000998
1076 0.0000000997
1077 0.0000000996
1078 0.0000000995
1079 0.0000000994
1080 0.0000000993
1081 0.0000000992
1082 0.0000000991
1083 0.0000000990
1084 0.0000000990
1085 0.0000000989
1086 0.0000000988
1087 0.0000000987
1088 0.0000000986
1089 0.0000000985
1090 0.0000000984
1091 0.0000000983
1092 0.0000000982
1093 0.0000000981
1094 0.0000000980
1095 0.0000000980
1096 0.0000000979
1097 0.0000000978
1098 0.0000000977
1099 0.0000000976
1100 0.0000000975
1101 0.0000000974
1102 0.0000000973
1103 0.0000000972
1104 0.0000000972
1105 0.0000000971
1106 0.0000000970
1107 0.0000000969
1108 0.0000000968
1109 0.0000000967
1110 0.0000000966
1111 0.0000000965
1112 0.0000000965
1113 0.0000000964
1114 0.0000000963
1115 0.0000000962
1116 0.0000000961
1117 0.0000000960
1118 0.0000000959
1119 0.0000000959
1120 0.0000000958
1121 0.0000000957
1122 0.0000000956
1123 0.0000000955
1124 0.0000000954
1125 0.0000000953
1126 0.0000000953
1127 0.0000000952
1128 0.0000000951
1129 0.0000000950
1130 0.0000000949
1131 0.0000000948
1132 0.0000000947
1133 0.0000000947
1134 0.0000000946
1135 0.0000000945
1136 0.0000000944
1137 0.0000000943
1138 0.0000000942
1139 0.0000000942
1140 0.0000000941
1141 0.0000000940
1142 0.0000000939
1143 0.0000000938
1144 0.0000000938
1145 0.0000000937
1146 0.0000000936
1147 0.0000000935
1148 0.0000000934
1149 0.0000000933
1150 0.0000000933
1151 0.0000000932
1152 0.0000000931
1153 0.0000000930
1154 0.0000000929
1155 0.0000000929
1156 0.0000000928
1157 0.0000000927
1158 0.0000000926
1159 0.0000000925
1160 0.0000000925
1161 0.0000000924
1162 0.0000000923
1163 0.0000000922
1164 0.0000000921
1165 0.0000000921
1166 0.0000000920
1167 0.0000000919
1168 0.0000000918
1169 0.0000000917
1170 0.0000000917
1171 0.0000000916
1172 0.0000000915
1173 0.0000000914
1174 0.0000000914
1175 0.0000000913
1176 0.0000000912
1177 0.0000000911
1178 0.0000000910
1179 0.0000000910
1180 0.0000000909
1181 0.0000000908
1182 0.0000000907
1183 0.0000000907
1184 0.0000000906
1185 0.0000000905
1186 0.0000000904
1187 0.0000000903
1188 0.0000000903
1189 0.0000000902
1190 0.0000000901
1191 0.0000000900
1192 0.0000000900
1193 0.0000000899
1194 0.0000000898
1195 0.0000000897
1196 0.0000000897
1197 0.0000000896
1198 0.0000000895
1199 0.0000000894
1200 0.0000000894
1201 0.0000000893
1202 0.0000000892
1203 0.0000000891
1204 0.0000000891
1205 0.0000000890
1206 0.0000000889
1207 0.0000000888
1208 0.0000000888
1209 0.0000000887
1210 0.0000000886
1211 0.0000000886
1212 0.0000000885
1213 0.0000000884
1214 0.0000000883
1215 0.0000000883
1216 0.0000000882
1217 0.0000000881
1218 0.0000000880
1219 0.0000000880
1220 0.0000000879
1221 0.0000000878
1222 0.0000000878
1223 0.0000000877
1224 0.0000000876
1225 0.0000000875
1226 0.0000000875
1227 0.0000000874
1228 0.0000000873
1229 0.0000000873
1230 0.0000000872
1231 0.0000000871
1232 0.0000000870
1233 0.0000000870
1234 0.0000000869
1235 0.0000000868
1236 0.0000000868
1237 0.0000000867
1238 0.0000000866
1239 0.0000000865
1240 0.0000000865
1241 0.0000000864
1242 0.0000000863
1243 0.0000000863
1244 0.0000000862
1245 0.0000000861
1246 0.0000000861
1247 0.0000000860
1248 0.0000000859
1249 0.0000000858
1250 0.0000000858
1251 0.0000000857
1252 0.0000000856
1253 0.0000000856
1254 0.0000000855
1255 0.0000000854
1256 0.0000000854
1257 0.0000000853
1258 0.0000000852
1259 0.0000000852
1260 0.0000000851
1261 0.0000000850
1262 0.0000000850
1263 0.0000000849
1264 0.0000000848
1265 0.0000000848
1266 0.0000000847
1267 0.0000000846
1268 0.0000000846
1269 0.0000000845
1270 0.0000000844
1271 0.0000000844
1272 0.0000000843
1273 0.0000000842
1274 0.0000000842
1275 0.0000000841
1276 0.0000000840
1277 0.0000000840
1278 0.0000000839
1279 0.0000000838
1280 0.0000000838
1281 0.0000000837
1282 0.0000000836
1283 0.0000000836
1284 0.0000000835
1285 0.0000000834
1286 0.0000000834
1287 0.0000000833
1288 0.0000000832
1289 0.0000000832
1290 0.0000000831
1291 0.0000000830
1292 0.0000000830
1293 0.0000000829
1294 0.0000000829
1295 0.0000000828
1296 0.0000000827
1297 0.0000000827
1298 0.0000000826
1299 0.0000000825
1300 0.0000000825
1301 0.0000000824
1302 0.0000000823
1303 0.0000000823
1304 0.0000000822
1305 0.0000000821
1306 0.0000000821
1307 0.0000000820
1308 0.0000000820
1309 0.0000000819
1310 0.0000000818
1311 0.0000000818
1312 0.0000000817
1313 0.0000000816
1314 0.0000000816
1315 0.0000000815
1316 0.0000000815
1317 0.0000000814
1318 0.0000000813
1319 0.0000000813
1320 0.0000000812
1321 0.0000000811
1322 0.0000000811
1323 0.0000000810
1324 0.0000000810
1325 0.0000000809
1326 0.0000000808
1327 0.0000000808
1328 0.0000000807
1329 0.0000000807
1330 0.0000000806
1331 0.0000000805
1332 0.0000000805
1333 0.0000000804
1334 0.0000000804
1335 0.0000000803
1336 0.0000000802
1337 0.0000000802
1338 0.0000000801
1339 0.0000000801
1340 0.0000000800
1341 0.0000000799
1342 0.0000000799
1343 0.0000000798
1344 0.0000000798
1345 0.0000000797
1346 0.0000000796
1347 0.0000000796
1348 0.0000000795
1349 0.0000000795
1350 0.0000000794
1351 0.0000000793
1352 0.0000000793
1353 0.0000000792
1354 0.0000000792
1355 0.0000000791
1356 0.0000000790
1357 0.0000000790
1358 0.0000000789
1359 0.0000000789
1360 0.0000000788
1361 0.0000000788
1362 0.0000000787
1363 0.0000000786
1364 0.0000000786
1365 0.0000000785
1366 0.0000000785
1367 0.0000000784
1368 0.0000000783
1369 0.0000000783
1370 0.0000000782
1371 0.0000000782
1372 0.0000000781
1373 0.0000000781
1374 0.0000000780
1375 0.0000000779
1376 0.0000000779
1377 0.0000000778
1378 0.0000000778
1379 0.0000000777
1380 0.0000000777
1381 0.0000000776
1382 0.0000000775
1383 0.0000000775
1384 0.0000000774
1385 0.0000000774
1386 0.0000000773
1387 0.0000000773
1388 0.0000000772
1389 0.0000000772
1390 0.0000000771
1391 0.0000000770
1392 0.0000000770
1393 0.0000000769
1394 0.0000000769
1395 0.0000000768
1396 0.0000000768
1397 0.0000000767
1398 0.0000000767
1399 0.0000000766
1400 0.0000000765
1401 0.0000000765
1402 0.0000000764
1403 0.0000000764
1404 0.0000000763
1405 0.0000000763
1406 0.0000000762
1407 0.0000000762
1408 0.0000000761
1409 0.0000000761
1410 0.0000000760
1411 0.0000000759
1412 0.0000000759
1413 0.0000000758
1414 0.0000000758
1415 0.0000000757
1416 0.0000000757
1417 0.0000000756
1418 0.0000000756
1419 0.0000000755
1420 0.0000000755
1421 0.0000000754
1422 0.0000000754
1423 0.0000000753
1424 0.0000000752
1425 0.0000000752
1426 0.0000000751
1427 0.0000000751
1428 0.0000000750
1429 0.0000000750
1430 0.0000000749
1431 0.0000000749
1432 0.0000000748
1433 0.0000000748
1434 0.0000000747
1435 0.0000000747
1436 0.0000000746
1437 0.0000000746
1438 0.0000000745
1439 0.0000000745
1440 0.0000000744
1441 0.0000000744
1442 0.0000000743
1443 0.0000000742
1444 0.0000000742
1445 0.0000000741
1446 0.0000000741
1447 0.0000000740
1448 0.0000000740
1449 0.0000000739
1450 0.0000000739
1451 0.0000000738
1452 0.0000000738
1453 0.0000000737
1454 0.0000000737
1455 0.0000000736
1456 0.0000000736
1457 0.0000000735
1458 0.0000000735
1459 0.0000000734
1460 0.0000000734
1461 0.0000000733
1462 0.0000000733
1463 0.0000000732
1464 0.0000000732
1465 0.0000000731
1466 0.0000000731
1467 0.0000000730
1468 0.0000000730
1469 0.0000000729
1470 0.0000000729
1471 0.0000000728
1472 0.0000000728
1473 0.0000000727
1474 0.0000000727
1475 0.0000000726
1476 0.0000000726
1477 0.0000000725
1478 0.0000000725
1479 0.0000000724
1480 0.0000000724
1481 0.0000000723
1482 0.0000000723
1483 0.0000000722
1484 0.0000000722
1485 0.0000000721
1486 0.0000000721
1487 0.0000000720
1488 0.0000000720
1489 0.0000000719
1490 0.0000000719
1491 0.0000000718
1492 0.0000000718
1493 0.0000000717
1494 0.0000000717
1495 0.0000000716
1496 0.0000000716
1497 0.0000000715
1498 0.0000000715
1499 0.0000000715
1500 0.0000000714
1501 0.0000000714
1502 0.0000000713
1503 0.0000000713
1504 0.0000000712
1505 0.0000000712
1506 0.0000000711
1507 0.0000000711
1508 0.0000000710
1509 0.0000000710
1510 0.0000000709
1511 0.0000000709
1512 0.0000000708
1513 0.0000000708
1514 0.0000000707
1515 0.0000000707
1516 0.0000000706
1517 0.0000000706
1518 0.0000000705
1519 0.0000000705
1520 0.0000000705
1521 0.0000000704
1522 0.0000000704
1523 0.0000000703
1524 0.0000000703
1525 0.0000000702
1526 0.0000000702
1527 0.0000000701
1528 0.0000000701
1529 0.0000000700
1530 0.0000000700
1531 0.0000000699
1532 0.0000000699
1533 0.0000000698
1534 0.0000000698
1535 0.0000000698
1536 0.0000000697
1537 0.0000000697
1538 0.0000000696
1539 0.0000000696
1540 0.0000000695
1541 0.0000000695
1542 0.0000000694
1543 0.0000000694
1544 0.0000000693
1545 0.0000000693
1546 0.0000000693
1547 0.0000000692
1548 0.0000000692
1549 0.0000000691
1550 0.0000000691
1551 0.0000000690
1552 0.0000000690
1553 0.0000000689
1554 0.0000000689
1555 0.0000000688
1556 0.0000000688
1557 0.0000000688
1558 0.0000000687
1559 0.0000000687
1560 0.0000000686
1561 0.0000000686
1562 0.0000000685
1563 0.0000000685
1564 0.0000000684
1565 0.0000000684
1566 0.0000000684
1567 0.0000000683
1568 0.0000000683
1569 0.0000000682
1570 0.0000000682
1571 0.0000000681
1572 0.0000000681
1573 0.0000000681
1574 0.0000000680
1575 0.0000000680
1576 0.0000000679
1577 0.0000000679
1578 0.0000000678
1579 0.0000000678
1580 0.0000000677
1581 0.0000000677
1582 0.0000000677
1583 0.0000000676
1584 0.0000000676
1585 0.0000000675
1586 0.0000000675
1587 0.0000000674
1588 0.0000000674
1589 0.0000000674
1590 0.0000000673
1591 0.0000000673
1592 0.0000000672
1593 0.0000000672
1594 0.0000000671
1595 0.0000000671
1596 0.0000000671
1597 0.0000000670
1598 0.0000000670
1599 0.0000000669
1600 0.0000000669
1601 0.0000000668
1602 0.0000000668
1603 0.0000000668
1604 0.0000000667
1605 0.0000000667
1606 0.0000000666
1607 0.0000000666
1608 0.0000000665
1609 0.0000000665
1610 0.0000000665
1611 0.0000000664
1612 0.0000000664
1613 0.0000000663
1614 0.0000000663
1615 0.0000000663
1616 0.0000000662
1617 0.0000000662
1618 0.0000000661
1619 0.0000000661
1620 0.0000000660
1621 0.0000000660
1622 0.0000000660
1623 0.0000000659
1624 0.0000000659
1625 0.0000000658
1626 0.0000000658
1627 0.0000000658
1628 0.0000000657
1629 0.0000000657
1630 0.0000000656
1631 0.0000000656
1632 0.0000000655
1633 0.0000000655
1634 0.0000000655
1635 0.0000000654
1636 0.0000000654
1637 0.0000000653
1638 0.0000000653
1639 0.0000000653
1640 0.0000000652
1641 0.0000000652
1642 0.0000000651
1643 0.0000000651
1644 0.0000000651
1645 0.0000000650
1646 0.0000000650
1647 0.0000000649
1648 0.0000000649
1649 0.0000000649
1650 0.0000000648
1651 0.0000000648
1652 0.0000000647
1653 0.0000000647
1654 0.0000000647
1655 0.0000000646
1656 0.0000000646
1657 0.0000000645
1658 0.0000000645
1659 0.0000000645
1660 0.0000000644
1661 0.0000000644
1662 0.0000000643
1663 0.0000000643
1664 0.0000000643
1665 0.0000000642
1666 0.0000000642
1667 0.0000000641
1668 0.0000000641
1669 0.0000000641
1670 0.0000000640
1671 0.0000000640
1672 0.0000000639
1673 0.0000000639
1674 0.0000000639
1675 0.0000000638
1676 0.0000000638
1677 0.0000000638
1678 0.0000000637
1679 0.0000000637
1680 0.0000000636
1681 0.0000000636
1682 0.0000000636
1683 0.0000000635
1684 0.0000000635
1685 0.0000000634
1686 0.0000000634
1687 0.0000000634
1688 0.0000000633
1689 0.0000000633
1690 0.0000000632
1691 0.0000000632
1692 0.0000000632
1693 0.0000000631
1694 0.0000000631
1695 0.0000000631
1696 0.0000000630
1697 0.0000000630
1698 0.0000000629
1699 0.0000000629
1700 0.0000000629
1701 0.0000000628
1702 0.0000000628
1703 0.0000000627
1704 0.0000000627
1705 0.0000000627
1706 0.0000000626
1707 0.0000000626
1708 0.0000000626
1709 0.0000000625
1710 0.0000000625
1711 0.0000000624
1712 0.0000000624
1713 0.0000000624
1714 0.0000000623
1715 0.0000000623
1716 0.0000000623
1717 0.0000000622
1718 0.0000000622
1719 0.0000000621
1720 0.0000000621
1721 0.0000000621
1722 0.0000000620
1723 0.0000000620
1724 0.0000000620
1725 0.0000000619
1726 0.0000000619
1727 0.0000000618
1728 0.0000000618
1729 0.0000000618
1730 0.0000000617
1731 0.0000000617
1732 0.0000000617
1733 0.0000000616
1734 0.0000000616
1735 0.0000000615
1736 0.0000000615
1737 0.0000000615
1738 0.0000000614
1739 0.0000000614
1740 0.0000000614
1741 0.0000000613
1742 0.0000000613
1743 0.0000000613
1744 0.0000000612
1745 0.0000000612
1746 0.0000000611
1747 0.0000000611
1748 0.0000000611
1749 0.0000000610
1750 0.0000000610
1751 0.0000000610
1752 0.0000000609
1753 0.0000000609
1754 0.0000000609
1755 0.0000000608
1756 0.0000000608
1757 0.0000000607
1758 0.0000000607
1759 0.0000000607
1760 0.0000000606
1761 0.0000000606
1762 0.0000000606
1763 0.0000000605
1764 0.0000000605
1765 0.0000000605
1766 0.0000000604
1767 0.0000000604
1768 0.0000000603
1769 0.0000000603
1770 0.0000000603
1771 0.0000000602
1772 0.0000000602
1773 0.0000000602
1774 0.0000000601
1775 0.0000000601
1776 0.0000000601
1777 0.0000000600
1778 0.0000000600
1779 0.0000000600
1780 0.0000000599
1781 0.0000000599
1782 0.0000000598
1783 0.0000000598
1784 0.0000000598
1785 0.0000000597
1786 0.0000000597
1787 0.0000000597
1788 0.0000000596
1789 0.0000000596
1790 0.0000000596
1791 0.0000000595
1792 0.0000000595
1793 0.0000000595
1794 0.0000000594
1795 0.0000000594
1796 0.0000000593
1797 0.0000000593
1798 0.0000000593
1799 0.0000000592
1800 0.0000000592
1801 0.0000000592
1802 0.0000000591
1803 0.0000000591
1804 0.0000000591
1805 0.0000000590
1806 0.0000000590
1807 0.0000000590
1808 0.0000000589
1809 0.0000000589
1810 0.0000000589
1811 0.0000000588
1812 0.0000000588
1813 0.0000000587
1814 0.0000000587
1815 0.0000000587
1816 0.0000000586
1817 0.0000000586
1818 0.0000000586
1819 0.0000000585
1820 0.0000000585
1821 0.0000000585
1822 0.0000000584
1823 0.0000000584
1824 0.0000000584
1825 0.0000000583
1826 0.0000000583
1827 0.0000000583
1828 0.0000000582
1829 0.0000000582
1830 0.0000000582
1831 0.0000000581
1832 0.0000000581
1833 0.0000000580
1834 0.0000000580
1835 0.0000000580
1836 0.0000000579
1837 0.0000000579
1838 0.0000000579
1839 0.0000000578
1840 0.0000000578
1841 0.0000000578
1842 0.0000000577
1843 0.0000000577
1844 0.0000000577
1845 0.0000000576
1846 0.0000000576
1847 0.0000000576
1848 0.0000000575
1849 0.0000000575
1850 0.0000000575
1851 0.0000000574
1852 0.0000000574
1853 0.0000000573
1854 0.0000000573
1855 0.0000000573
1856 0.0000000572
1857 0.0000000572
1858 0.0000000572
1859 0.0000000571
1860 0.0000000571
1861 0.0000000571
1862 0.0000000570
1863 0.0000000570
1864 0.0000000570
1865 0.0000000569
1866 0.0000000569
1867 0.0000000569
1868 0.0000000568
1869 0.0000000568
1870 0.0000000568
1871 0.0000000567
1872 0.0000000567
1873 0.0000000566
1874 0.0000000566
1875 0.0000000566
1876 0.0000000565
1877 0.0000000565
1878 0.0000000565
1879 0.0000000564
1880 0.0000000564
1881 0.0000000564
1882 0.0000000563
1883 0.0000000563
1884 0.0000000563
1885 0.0000000562
1886 0.0000000562
1887 0.0000000561
1888 0.0000000561
1889 0.0000000561
1890 0.0000000560
1891 0.0000000560
1892 0.0000000560
1893 0.0000000559
1894 0.0000000559
1895 0.0000000559
1896 0.0000000558
1897 0.0000000558
1898 0.0000000557
1899 0.0000000557
1900 0.0000000557
1901 0.0000000556
1902 0.0000000556
1903 0.0000000556
1904 0.0000000555
1905 0.0000000555
1906 0.0000000555
1907 0.0000000554
1908 0.0000000554
1909 0.0000000553
1910 0.0000000553
1911 0.0000000553
1912 0.0000000552
1913 0.0000000552
1914 0.0000000552
1915 0.0000000551
1916 0.0000000551
1917 0.0000000550
1918 0.0000000550
1919 0.0000000550
1920 0.0000000549
1921 0.0000000549
1922 0.0000000549
1923 0.0000000548
1924 0.0000000548
1925 0.0000000547
1926 0.0000000547
1927 0.0000000547
1928 0.0000000546
1929 0.0000000546
1930 0.0000000545
1931 0.0000000545
1932 0.0000000545
1933 0.0000000544
1934 0.0000000544
1935 0.0000000543
1936 0.0000000543
1937 0.0000000543
1938 0.0000000542
1939 0.0000000542
1940 0.0000000541
1941 0.0000000541
1942 0.0000000541
1943 0.0000000540
1944 0.0000000540
1945 0.0000000539
1946 0.0000000539
1947 0.0000000538
1948 0.0000000538
1949 0.0000000538
1950 0.0000000537
1951 0.0000000537
1952 0.0000000536
1953 0.0000000536
1954 0.0000000535
1955 0.0000000535
1956 0.0000000534
1957 0.0000000534
1958 0.0000000534
1959 0.0000000533
1960 0.0000000533
1961 0.0000000532
1962 0.0000000532
1963 0.0000000531
1964 0.0000000531
1965 0.0000000530
1966 0.0000000530
1967 0.0000000529
1968 0.0000000529
1969 0.0000000528
1970 0.0000000528
1971 0.0000000527
1972 0.0000000527
1973 0.0000000526
1974 0.0000000525
1975 0.0000000525
1976 0.0000000524
1977 0.0000000524
1978 0.0000000523
1979 0.0000000522
1980 0.0000000522
1981 0.0000000521
1982 0.0000000520
1983 0.0000000520
1984 0.0000000519
1985 0.0000000518
1986 0.0000000517
1987 0.0000000516
1988 0.0000000515
1989 0.0000000514
1990 0.0000000513
1991 0.0000000511
1992 0.0000000510
1993 0.0000000508
1994 0.0000000505
1995 0.0000000502
1996 0.0000000497
1997 0.0000000489
1998 0.0000000474
1999 0.0000000423
2000 0.0000000000
