1 2000
0 0.9953985489
1 0.0013598328
2 0.0005538025
3 0.0003770767
4 0.0002707471
5 0.0002079666
6 0.0001669963
7 0.0001379648
8 0.0001163353
9 0.0000996594
10 0.0000864563
11 0.0000757751
12 0.0000669803
13 0.0000596322
14 0.0000534174
15 0.0000481060
16 0.0000435259
17 0.0000395454
18 0.0000360625
19 0.0000329963
20 0.0000302824
21 0.0000278689
22 0.0000257130
23 0.0000237797
24 0.0000220397
25 0.0000204688
26 0.0000190460
27 0.0000177540
28 0.0000165777
29 0.0000155042
30 0.0000145223
31 0.0000136225
32 0.0000127962
33 0.0000120361
34 0.0000113357
35 0.0000106893
36 0.0000100918
37 0.0000095387
38 0.0000090261
39 0.0000085503
40 0.0000081082
41 0.0000076970
42 0.0000073139
43 0.0000069568
44 0.0000066235
45 0.0000063122
46 0.0000060210
47 0.0000057485
48 0.0000054932
49 0.0000052538
50 0.0000050292
51 0.0000048182
52 0.0000046200
53 0.0000044335
54 0.0000042579
55 0.0000040926
56 0.0000039367
57 0.0000037897
58 0.0000036509
59 0.0000035197
60 0.0000033958
61 0.0000032786
62 0.0000031677
63 0.0000030626
64 0.0000029630
65 0.0000028687
66 0.0000027791
67 0.0000026941
68 0.0000026133
69 0.0000025366
70 0.0000024636
71 0.0000023941
72 0.0000023280
73 0.0000022650
74 0.0000022050
75 0.0000021477
76 0.0000020931
77 0.0000020409
78 0.0000019911
79 0.0000019435
80 0.0000018980
81 0.0000018544
82 0.0000018127
83 0.0000017727
84 0.0000017345
85 0.0000016978
86 0.0000016626
87 0.0000016288
88 0.0000015963
89 0.0000015652
90 0.0000015352
91 0.0000015064
92 0.0000014786
93 0.0000014519
94 0.0000014262
95 0.0000014014
96 0.0000013775
97 0.0000013545
98 0.0000013322
99 0.0000013108
100 0.0000012900
101 0.0000012700
102 0.0000012506
103 0.0000012318
104 0.0000012137
105 0.0000011961
106 0.0000011791
107 0.0000011626
108 0.0000011465
109 0.0000011310
110 0.0000011160
111 0.0000011013
112 0.0000010871
113 0.0000010733
114 0.0000010599
115 0.0000010469
116 0.0000010342
117 0.0000010218
118 0.0000010098
119 0.0000009981
120 0.0000009867
121 0.0000009755
122 0.0000009647
123 0.0000009541
124 0.0000009438
125 0.0000009337
126 0.0000009238
127 0.0000009142
128 0.0000009048
129 0.0000008956
130 0.0000008867
131 0.0000008779
132 0.0000008693
133 0.0000008609
134 0.0000008526
135 0.0000008446
136 0.0000008367
137 0.0000008289
138 0.0000008213
139 0.0000008139
140 0.0000008066
141 0.0000007994
142 0.0000007924
143 0.0000007855
144 0.0000007788
145 0.0000007721
146 0.0000007656
147 0.0000007592
148 0.0000007529
149 0.0000007467
150 0.0000007406
151 0.0000007346
152 0.0000007288
153 0.0000007230
154 0.0000007173
155 0.0000007117
156 0.0000007062
157 0.0000007007
158 0.0000006954
159 0.0000006901
160 0.0000006850
161 0.0000006799
162 0.0000006748
163 0.0000006699
164 0.0000006650
165 0.0000006602
166 0.0000006554
167 0.0000006508
168 0.0000006462
169 0.0000006416
170 0.0000006371
171 0.0000006327
172 0.0000006283
173 0.0000006240
174 0.0000006198
175 0.0000006156
176 0.0000006114
177 0.0000006074
178 0.0000006033
179 0.0000005993
180 0.0000005954
181 0.0000005915
182 0.0000005877
183 0.0000005839
184 0.0000005801
185 0.0000005764
186 0.0000005728
187 0.0000005692
188 0.0000005656
189 0.0000005621
190 0.0000005586
191 0.0000005551
192 0.0000005517
193 0.0000005483
194 0.0000005450
195 0.0000005417
196 0.0000005384
197 0.0000005352
198 0.0000005320
199 0.0000005289
200 0.0000005257
201 0.0000005227
202 0.0000005196
203 0.0000005166
204 0.0000005136
205 0.0000005106
206 0.0000005077
207 0.0000005048
208 0.0000005019
209 0.0000004991
210 0.0000004963
211 0.0000004935
212 0.0000004907
213 0.0000004880
214 0.0000004853
215 0.0000004826
216 0.0000004799
217 0.0000004773
218 0.0000004747
219 0.0000004721
220 0.0000004696
221 0.0000004671
222 0.0000004646
223 0.0000004621
224 0.0000004596
225 0.0000004572
226 0.0000004548
227 0.0000004524
228 0.0000004500
229 0.0000004477
230 0.0000004453
231 0.0000004430
232 0.0000004408
233 0.0000004385
234 0.0000004362
235 0.0000004340
236 0.0000004318
237 0.0000004296
238 0.0000004275
239 0.0000004253
240 0.0000004232
241 0.0000004211
242 0.0000004190
243 0.0000004169
244 0.0000004149
245 0.0000004128
246 0.0000004108
247 0.0000004088
248 0.0000004068
249 0.0000004048
250 0.0000004029
251 0.0000004009
252 0.0000003990
253 0.0000003971
254 0.0000003952
255 0.0000003933
256 0.0000003915
257 0.0000003896
258 0.0000003878
259 0.0000003860
260 0.0000003842
261 0.0000003824
262 0.0000003806
263 0.0000003789
264 0.0000003771
265 0.0000003754
266 0.0000003737
267 0.0000003720
268 0.0000003703
269 0.0000003686
270 0.0000003669
271 0.0000003653
272 0.0000003636
273 0.0000003620
274 0.0000003604
275 0.0000003588
276 0.0000003572
277 0.0000003556
278 0.0000003540
279 0.0000003525
280 0.0000003509
281 0.0000003494
282 0.0000003479
283 0.0000003463
284 0.0000003448
285 0.0000003434
286 0.0000003419
287 0.0000003404
288 0.0000003389
289 0.0000003375
290 0.0000003361
291 0.0000003346
292 0.0000003332
293 0.0000003318
294 0.0000003304
295 0.0000003290
296 0.0000003276
297 0.0000003263
298 0.0000003249
299 0.0000003236
300 0.0000003222
301 0.0000003209
302 0.0000003196
303 0.0000003183
304 0.0000003170
305 0.0000003157
306 0.0000003144
307 0.0000003131
308 0.0000003118
309 0.0000003106
310 0.0000003093
311 0.0000003081
312 0.0000003068
313 0.0000003056
314 0.0000003044
315 0.0000003032
316 0.0000003020
317 0.0000003008
318 0.0000002996
319 0.0000002984
320 0.0000002972
321 0.0000002961
322 0.0000002949
323 0.0000002938
324 0.0000002926
325 0.0000002915
326 0.0000002903
327 0.0000002892
328 0.0000002881
329 0.0000002870
330 0.0000002859
331 0.0000002848
332 0.0000002837
333 0.0000002826
334 0.0000002816
335 0.0000002805
336 0.0000002795
337 0.0000002784
338 0.0000002774
339 0.0000002763
340 0.0000002753
341 0.0000002743
342 0.0000002732
343 0.0000002722
344 0.0000002712
345 0.0000002702
346 0.0000002692
347 0.0000002682
348 0.0000002672
349 0.0000002663
350 0.0000002653
351 0.0000002643
352 0.0000002634
353 0.0000002624
354 0.0000002615
355 0.0000002605
356 0.0000002596
357 0.0000002586
358 0.0000002577
359 0.0000002568
360 0.0000002559
361 0.0000002550
362 0.0000002540
363 0.0000002531
364 0.0000002523
365 0.0000002514
366 0.0000002505
367 0.0000002496
368 0.0000002487
369 0.0000002478
370 0.0000002470
371 0.0000002461
372 0.0000002453
373 0.0000002444
374 0.0000002436
375 0.0000002427
376 0.0000002419
377 0.0000002411
378 0.0000002402
379 0.0000002394
380 0.0000002386
381 0.0000002378
382 0.0000002370
383 0.0000002362
384 0.0000002354
385 0.0000002346
386 0.0000002338
387 0.0000002330
388 0.0000002322
389 0.0000002314
390 0.0000002306
391 0.0000002299
392 0.0000002291
393 0.0000002283
394 0.0000002276
395 0.0000002268
396 0.0000002261
397 0.0000002253
398 0.0000002246
399 0.0000002238
400 0.0000002231
401 0.0000002224
402 0.0000002217
403 0.0000002209
404 0.0000002202
405 0.0000002195
406 0.0000002188
407 0.0000002181
408 0.0000002174
409 0.0000002167
410 0.0000002160
411 0.0000002153
412 0.0000002146
413 0.0000002139
414 0.0000002132
415 0.0000002125
416 0.0000002119
417 0.0000002112
418 0.0000002105
419 0.0000002098
420 0.0000002092
421 0.0000002085
422 0.0000002079
423 0.0000002072
424 0.0000002066
425 0.0000002059
426 0.0000002053
427 0.0000002046
428 0.0000002040
429 0.0000002034
430 0.0000002027
431 0.0000002021
432 0.0000002015
433 0.0000002009
434 0.0000002002
435 0.0000001996
436 0.0000001990
437 0.0000001984
438 0.0000001978
439 0.0000001972
440 0.0000001966
441 0.0000001960
442 0.0000001954
443 0.0000001948
444 0.0000001942
445 0.0000001936
446 0.0000001931
447 0.0000001925
448 0.0000001919
449 0.0000001913
450 0.0000001907
451 0.0000001902
452 0.0000001896
453 0.0000001890
454 0.0000001885
455 0.0000001879
456 0.0000001874
457 0.0000001868
458 0.0000001863
459 0.0000001857
460 0.0000001852
461 0.0000001846
462 0.0000001841
463 0.0000001835
464 0.0000001830
465 0.0000001825
466 0.0000001819
467 0.0000001814
468 0.0000001809
469 0.0000001804
470 0.0000001798
471 0.0000001793
472 0.0000001788
473 0.0000001783
474 0.0000001778
475 0.0000001773
476 0.0000001768
477 0.0000001762
478 0.0000001757
479 0.0000001752
480 0.0000001747
481 0.0000001742
482 0.0000001738
483 0.0000001733
484 0.0000001728
485 0.0000001723
486 0.0000001718
487 0.0000001713
488 0.0000001708
489 0.0000001704
490 0.0000001699
491 0.0000001694
492 0.0000001689
493 0.0000001685
494 0.0000001680
495 0.0000001675
496 0.0000001671
497 0.0000001666
498 0.0000001661
499 0.0000001657
500 0.0000001652
501 0.0000001648
502 0.0000001643
503 0.0000001639
504 0.0000001634
505 0.0000001630
506 0.0000001625
507 0.0000001621
508 0.0000001616
509 0.0000001612
510 0.0000001608
511 0.0000001603
512 0.0000001599
513 0.0000001595
514 0.0000001590
515 0.0000001586
516 0.0000001582
517 0.0000001577
518 0.0000001573
519 0.0000001569
520 0.0000001565
521 0.0000001561
522 0.0000001556
523 0.0000001552
524 0.0000001548
525 0.0000001544
526 0.0000001540
527 0.0000001536
528 0.0000001532
529 0.0000001528
530 0.0000001524
531 0.0000001520
532 0.0000001516
533 0.0000001512
534 0.0000001508
535 0.0000001504
536 0.0000001500
537 0.0000001496
538 0.0000001492
539 0.0000001488
540 0.0000001484
541 0.0000001480
542 0.0000001477
543 0.0000001473
544 0.0000001469
545 0.0000001465
546 0.0000001461
547 0.0000001458
548 0.0000001454
549 0.0000001450
550 0.0000001446
551 0.0000001443
552 0.0000001439
553 0.0000001435
554 0.0000001432
555 0.0000001428
556 0.0000001424
557 0.0000001421
558 0.0000001417
559 0.0000001414
560 0.0000001410
561 0.0000001406
562 0.0000001403
563 0.0000001399
564 0.0000001396
565 0.0000001392
566 0.0000001389
567 0.0000001385
568 0.0000001382
569 0.0000001378
570 0.0000001375
571 0.0000001372
572 0.0000001368
573 0.0000001365
574 0.0000001361
575 0.0000001358
576 0.0000001355
577 0.0000001351
578 0.0000001348
579 0.0000001345
580 0.0000001341
581 0.0000001338
582 0.0000001335
583 0.0000001331
584 0.0000001328
585 0.0000001325
586 0.0000001322
587 0.0000001319
588 0.0000001315
589 0.0000001312
590 0.0000001309
591 0.0000001306
592 0.0000001303
593 0.0000001299
594 0.0000001296
595 0.0000001293
596 0.0000001290
597 0.0000001287
598 0.0000001284
599 0.0000001281
600 0.0000001278
601 0.0000001275
602 0.0000001272
603 0.0000001268
604 0.0000001265
605 0.0000001262
606 0.0000001259
607 0.0000001256
608 0.0000001253
609 0.0000001250
610 0.0000001247
611 0.0000001245
612 0.0000001242
613 0.0000001239
614 0.0000001236
615 0.0000001233
616 0.0000001230
617 0.0000001227
618 0.0000001224
619 0.0000001221
620 0.0000001218
621 0.0000001216
622 0.0000001213
623 0.0000001210
624 0.0000001207
625 0.0000001204
626 0.0000001201
627 0.0000001199
628 0.0000001196
629 0.0000001193
630 0.0000001190
631 0.0000001188
632 0.0000001185
633 0.0000001182
634 0.0000001179
635 0.0000001177
636 0.0000001174
637 0.0000001171
638 0.0000001169
639 0.0000001166
640 0.0000001163
641 0.0000001161
642 0.0000001158
643 0.0000001155
644 0.0000001153
645 0.0000001150
646 0.0000001147
647 0.0000001145
648 0.0000001142
649 0.0000001140
650 0.0000001137
651 0.0000001135
652 0.0000001132
653 0.0000001129
654 0.0000001127
655 0.0000001124
656 0.0000001122
657 0.0000001119
658 0.0000001117
659 0.0000001114
660 0.0000001112
661 0.0000001109
662 0.0000001107
663 0.0000001104
664 0.0000001102
665 0.0000001099
666 0.0000001097
667 0.0000001095
668 0.0000001092
669 0.0000001090
670 0.0000001087
671 0.0000001085
672 0.0000001083
673 0.0000001080
674 0.0000001078
675 0.0000001075
676 0.0000001073
677 0.0000001071
678 0.0000001068
679 0.0000001066
680 0.0000001064
681 0.0000001061
682 0.0000001059
683 0.0000001057
684 0.0000001054
685 0.0000001052
686 0.0000001050
687 0.0000001048
688 0.0000001045
689 0.0000001043
690 0.0000001041
691 0.0000001039
692 0.0000001036
693 0.0000001034
694 0.0000001032
695 0.0000001030
696 0.0000001027
697 0.0000001025
698 0.0000001023
699 0.0000001021
700 0.0000001019
701 0.0000001016
702 0.0000001014
703 0.0000001012
704 0.0000001010
705 0.0000001008
706 0.0000001006
707 0.0000001004
708 0.0000001001
709 0.0000000999
710 0.0000000997
711 0.0000000995
712 0.0000000993
713 0.0000000991
714 0.0000000989
715 0.0000000987
716 0.0000000985
717 0.0000000983
718 0.0000000981
719 0.0000000978
720 0.0000000976
721 0.0000000974
722 0.0000000972
723 0.0000000970
724 0.0000000968
725 0.0000000966
726 0.0000000964
727 0.0000000962
728 0.0000000960
729 0.0000000958
730 0.0000000956
731 0.0000000954
732 0.0000000952
733 0.0000000950
734 0.0000000948
735 0.0000000946
736 0.0000000944
737 0.0000000943
738 0.0000000941
739 0.0000000939
740 0.0000000937
741 0.0000000935
742 0.0000000933
743 0.0000000931
744 0.0000000929
745 0.0000000927
746 0.0000000925
747 0.0000000923
748 0.0000000922
749 0.0000000920
750 0.0000000918
751 0.0000000916
752 0.0000000914
753 0.0000000912
754 0.0000000910
755 0.0000000909
756 0.0000000907
757 0.0000000905
758 0.0000000903
759 0.0000000901
760 0.0000000899
761 0.0000000898
762 0.0000000896
763 0.0000000894
764 0.0000000892
765 0.0000000890
766 0.0000000889
767 0.0000000887
768 0.0000000885
769 0.0000000883
770 0.0000000882
771 0.0000000880
772 0.0000000878
773 0.0000000876
774 0.0000000875
775 0.0000000873
776 0.0000000871
777 0.0000000869
778 0.0000000868
779 0.0000000866
780 0.0000000864
781 0.0000000862
782 0.0000000861
783 0.0000000859
784 0.0000000857
785 0.0000000856
786 0.0000000854
787 0.0000000852
788 0.0000000851
789 0.0000000849
790 0.0000000847
791 0.0000000846
792 0.0000000844
793 0.0000000842
794 0.0000000841
795 0.0000000839
796 0.0000000838
797 0.0000000836
798 0.0000000834
799 0.0000000833
800 0.0000000831
801 0.0000000829
802 0.0000000828
803 0.0000000826
804 0.0000000825
805 0.0000000823
806 0.0000000821
807 0.0000000820
808 0.0000000818
809 0.0000000817
810 0.0000000815
811 0.0000000814
812 0.0000000812
813 0.0000000810
814 0.0000000809
815 0.0000000807
816 0.0000000806
817 0.0000000804
818 0.0000000803
819 0.0000000801
820 0.0000000800
821 0.0000000798
822 0.0000000797
823 0.0000000795
824 0.0000000794
825 0.0000000792
826 0.0000000791
827 0.0000000789
828 0.0000000788
829 0.0000000786
830 0.0000000785
831 0.0000000783
832 0.0000000782
833 0.0000000780
834 0.0000000779
835 0.0000000777
836 0.0000000776
837 0.0000000774
838 0.0000000773
839 0.0000000771
840 0.0000000770
841 0.0000000769
842 0.0000000767
843 0.0000000766
844 0.0000000764
845 0.0000000763
846 0.0000000761
847 0.0000000760
848 0.0000000759
849 0.0000000757
850 0.0000000756
851 0.0000000754
852 0.0000000753
853 0.0000000752
854 0.0000000750
855 0.0000000749
856 0.0000000747
857 0.0000000746
858 0.0000000745
859 0.0000000743
860 0.0000000742
861 0.0000000741
862 0.0000000739
863 0.0000000738
864 0.0000000737
865 0.0000000735
866 0.0000000734
867 0.0000000733
868 0.0000000731
869 0.0000000730
870 0.0000000729
871 0.0000000727
872 0.0000000726
873 0.0000000725
874 0.0000000723
875 0.0000000722
876 0.0000000721
877 0.0000000719
878 0.0000000718
879 0.0000000717
880 0.0000000715
881 0.0000000714
882 0.0000000713
883 0.0000000712
884 0.0000000710
885 0.0000000709
886 0.0000000708
887 0.0000000706
888 0.0000000705
889 0.0000000704
890 0.0000000703
891 0.0000000701
892 0.0000000700
893 0.0000000699
894 0.0000000698
895 0.0000000696
896 0.0000000695
897 0.0000000694
898 0.0000000693
899 0.0000000691
900 0.0000000690
901 0.0000000689
902 0.0000000688
903 0.0000000687
904 0.0000000685
905 0.0000000684
906 0.0000000683
907 0.0000000682
908 0.0000000680
909 0.0000000679
910 0.0000000678
911 0.0000000677
912 0.0000000676
913 0.0000000674
914 0.0000000673
915 0.0000000672
916 0.0000000671
917 0.0000000670
918 0.0000000669
919 0.0000000667
920 0.0000000666
921 0.0000000665
922 0.0000000664
923 0.0000000663
924 0.0000000662
925 0.0000000660
926 0.0000000659
927 0.0000000658
928 0.0000000657
929 0.0000000656
930 0.0000000655
931 0.0000000654
932 0.0000000652
933 0.0000000651
934 0.0000000650
935 0.0000000649
936 0.0000000648
937 0.0000000647
938 0.0000000646
939 0.0000000645
940 0.0000000644
941 0.0000000642
942 0.0000000641
943 0.0000000640
944 0.0000000639
945 0.0000000638
946 0.0000000637
947 0.0000000636
948 0.0000000635
949 0.0000000634
950 0.0000000633
951 0.0000000631
952 0.0000000630
953 0.0000000629
954 0.0000000628
955 0.0000000627
956 0.0000000626
957 0.0000000625
958 0.0000000624
959 0.0000000623
960 0.0000000622
961 0.0000000621
962 0.0000000620
963 0.0000000619
964 0.0000000618
965 0.0000000617
966 0.0000000616
967 0.0000000615
968 0.0000000613
969 0.0000000612
970 0.0000000611
971 0.0000000610
972 0.0000000609
973 0.0000000608
974 0.0000000607
975 0.0000000606
976 0.0000000605
977 0.0000000604
978 0.0000000603
979 0.0000000602
980 0.0000000601
981 0.0000000600
982 0.0000000599
983 0.0000000598
984 0.0000000597
985 0.0000000596
986 0.0000000595
987 0.0000000594
988 0.0000000593
989 0.0000000592
990 0.0000000591
991 0.0000000590
992 0.0000000589
993 0.0000000588
994 0.0000000587
995 0.0000000586
996 0.0000000585
997 0.0000000585
998 0.0000000584
999 0.0000000583
1000 0.0000000582
1001 0.0000000581
1002 0.0000000580
1003 0.0000000579
1004 0.0000000578
1005 0.0000000577
1006 0.0000000576
1007 0.0000000575
1008 0.0000000574
1009 0.0000000573
1010 0.0000000572
1011 0.0000000571
1012 0.0000000570
1013 0.0000000569
1014 0.0000000568
1015 0.0000000567
1016 0.0000000567
1017 0.0000000566
1018 0.0000000565
1019 0.0000000564
1020 0.0000000563
1021 0.0000000562
1022 0.0000000561
1023 0.0000000560
1024 0.0000000559
1025 0.0000000558
1026 0.0000000557
1027 0.0000000557
1028 0.0000000556
1029 0.0000000555
1030 0.0000000554
1031 0.0000000553
1032 0.0000000552
1033 0.0000000551
1034 0.0000000550
1035 0.0000000549
1036 0.0000000549
1037 0.0000000548
1038 0.0000000547
1039 0.0000000546
1040 0.0000000545
1041 0.0000000544
1042 0.0000000543
1043 0.0000000542
1044 0.0000000542
1045 0.0000000541
1046 0.0000000540
1047 0.0000000539
1048 0.0000000538
1049 0.0000000537
1050 0.0000000536
1051 0.0000000536
1052 0.0000000535
1053 0.0000000534
1054 0.0000000533
1055 0.0000000532
1056 0.0000000531
1057 0.0000000530
1058 0.0000000530
1059 0.0000000529
1060 0.0000000528
1061 0.0000000527
1062 0.0000000526
1063 0.0000000525
1064 0.0000000525
1065 0.0000000524
1066 0.0000000523
1067 0.0000000522
1068 0.0000000521
1069 0.0000000521
1070 0.0000000520
1071 0.0000000519
1072 0.0000000518
1073 0.0000000517
1074 0.0000000516
1075 0.0000000516
1076 0.0000000515
1077 0.0000000514
1078 0.0000000513
1079 0.0000000512
1080 0.0000000512
1081 0.0000000511
1082 0.0000000510
1083 0.0000000509
1084 0.0000000508
1085 0.0000000508
1086 0.0000000507
1087 0.0000000506
1088 0.0000000505
1089 0.0000000505
1090 0.0000000504
1091 0.0000000503
1092 0.0000000502
1093 0.0000000501
1094 0.0000000501
1095 0.0000000500
1096 0.0000000499
1097 0.0000000498
1098 0.0000000498
1099 0.0000000497
1100 0.0000000496
1101 0.0000000495
1102 0.0000000495
1103 0.0000000494
1104 0.0000000493
1105 0.0000000492
1106 0.0000000492
1107 0.0000000491
1108 0.0000000490
1109 0.0000000489
1110 0.0000000489
1111 0.0000000488
1112 0.0000000487
1113 0.0000000486
1114 0.0000000486
1115 0.0000000485
1116 0.0000000484
1117 0.0000000483
1118 0.0000000483
1119 0.0000000482
1120 0.0000000481
1121 0.0000000480
1122 0.0000000480
1123 0.0000000479
1124 0.0000000478
1125 0.0000000478
1126 0.0000000477
1127 0.0000000476
1128 0.0000000475
1129 0.0000000475
1130 0.0000000474
1131 0.0000000473
1132 0.0000000472
1133 0.0000000472
1134 0.0000000471
1135 0.0000000470
1136 0.0000000470
1137 0.0000000469
1138 0.0000000468
1139 0.0000000468
1140 0.0000000467
1141 0.0000000466
1142 0.0000000465
1143 0.0000000465
1144 0.0000000464
1145 0.0000000463
1146 0.0000000463
1147 0.0000000462
1148 0.0000000461
1149 0.0000000461
1150 0.0000000460
1151 0.0000000459
1152 0.0000000459
1153 0.0000000458
1154 0.0000000457
1155 0.0000000457
1156 0.0000000456
1157 0.0000000455
1158 0.0000000454
1159 0.0000000454
1160 0.0000000453
1161 0.0000000452
1162 0.0000000452
1163 0.0000000451
1164 0.0000000450
1165 0.0000000450
1166 0.0000000449
1167 0.0000000448
1168 0.0000000448
1169 0.0000000447
1170 0.0000000447
1171 0.0000000446
1172 0.0000000445
1173 0.0000000445
1174 0.0000000444
1175 0.0000000443
1176 0.0000000443
1177 0.0000000442
1178 0.0000000441
1179 0.0000000441
1180 0.0000000440
1181 0.0000000439
1182 0.0000000439
1183 0.0000000438
1184 0.0000000437
1185 0.0000000437
1186 0.0000000436
1187 0.0000000436
1188 0.0000000435
1189 0.0000000434
1190 0.0000000434
1191 0.0000000433
1192 0.0000000432
1193 0.0000000432
1194 0.0000000431
1195 0.0000000431
1196 0.0000000430
1197 0.0000000429
1198 0.0000000429
1199 0.0000000428
1200 0.0000000427
1201 0.0000000427
1202 0.0000000426
1203 0.0000000426
1204 0.0000000425
1205 0.0000000424
1206 0.0000000424
1207 0.0000000423
1208 0.0000000423
1209 0.0000000422
1210 0.0000000421
1211 0.0000000421
1212 0.0000000420
1213 0.0000000420
1214 0.0000000419
1215 0.0000000418
1216 0.0000000418
1217 0.0000000417
1218 0.0000000417
1219 0.0000000416
1220 0.0000000415
1221 0.0000000415
1222 0.0000000414
1223 0.0000000414
1224 0.0000000413
1225 0.0000000412
1226 0.0000000412
1227 0.0000000411
1228 0.0000000411
1229 0.0000000410
1230 0.0000000409
1231 0.0000000409
1232 0.0000000408
1233 0.0000000408
1234 0.0000000407
1235 0.0000000407
1236 0.0000000406
1237 0.0000000405
1238 0.0000000405
1239 0.0000000404
1240 0.0000000404
1241 0.0000000403
1242 0.0000000403
1243 0.0000000402
1244 0.0000000401
1245 0.0000000401
1246 0.0000000400
1247 0.0000000400
1248 0.0000000399
1249 0.0000000399
1250 0.0000000398
1251 0.0000000398
1252 0.0000000397
1253 0.0000000396
1254 0.0000000396
1255 0.0000000395
1256 0.0000000395
1257 0.0000000394
1258 0.0000000394
1259 0.0000000393
1260 0.0000000393
1261 0.0000000392
1262 0.0000000391
1263 0.0000000391
1264 0.0000000390
1265 0.0000000390
1266 0.0000000389
1267 0.0000000389
1268 0.0000000388
1269 0.0000000388
1270 0.0000000387
1271 0.0000000387
1272 0.0000000386
1273 0.0000000386
1274 0.0000000385
1275 0.0000000384
1276 0.0000000384
1277 0.0000000383
1278 0.0000000383
1279 0.0000000382
1280 0.0000000382
1281 0.0000000381
1282 0.0000000381
1283 0.0000000380
1284 0.0000000380
1285 0.0000000379
1286 0.0000000379
1287 0.0000000378
1288 0.0000000378
1289 0.0000000377
1290 0.0000000377
1291 0.0000000376
1292 0.0000000376
1293 0.0000000375
1294 0.0000000375
1295 0.0000000374
1296 0.0000000374
1297 0.0000000373
1298 0.0000000373
1299 0.0000000372
1300 0.0000000372
1301 0.0000000371
1302 0.0000000371
1303 0.0000000370
1304 0.0000000370
1305 0.0000000369
1306 0.0000000369
1307 0.0000000368
1308 0.0000000368
1309 0.0000000367
1310 0.0000000367
1311 0.0000000366
1312 0.0000000366
1313 0.0000000365
1314 0.0000000365
1315 0.0000000364
1316 0.0000000364
1317 0.0000000363
1318 0.0000000363
1319 0.0000000362
1320 0.0000000362
1321 0.0000000361
1322 0.0000000361
1323 0.0000000360
1324 0.0000000360
1325 0.0000000359
1326 0.0000000359
1327 0.0000000358
1328 0.0000000358
1329 0.0000000357
1330 0.0000000357
1331 0.0000000356
1332 0.0000000356
1333 0.0000000355
1334 0.0000000355
1335 0.0000000354
1336 0.0000000354
1337 0.0000000353
1338 0.0000000353
1339 0.0000000353
1340 0.0000000352
1341 0.0000000352
1342 0.0000000351
1343 0.0000000351
1344 0.0000000350
1345 0.0000000350
1346 0.0000000349
1347 0.0000000349
1348 0.0000000348
1349 0.0000000348
1350 0.0000000347
1351 0.0000000347
1352 0.0000000346
1353 0.0000000346
1354 0.0000000346
1355 0.0000000345
1356 0.0000000345
1357 0.0000000344
1358 0.0000000344
1359 0.0000000343
1360 0.0000000343
1361 0.0000000342
1362 0.0000000342
1363 0.0000000341
1364 0.0000000341
1365 0.0000000341
1366 0.0000000340
1367 0.0000000340
1368 0.0000000339
1369 0.0000000339
1370 0.0000000338
1371 0.0000000338
1372 0.0000000337
1373 0.0000000337
1374 0.0000000337
1375 0.0000000336
1376 0.0000000336
1377 0.0000000335
1378 0.0000000335
1379 0.0000000334
1380 0.0000000334
1381 0.0000000334
1382 0.0000000333
1383 0.0000000333
1384 0.0000000332
1385 0.0000000332
1386 0.0000000331
1387 0.0000000331
1388 0.0000000330
1389 0.0000000330
1390 0.0000000330
1391 0.0000000329
1392 0.0000000329
1393 0.0000000328
1394 0.0000000328
1395 0.0000000328
1396 0.0000000327
1397 0.0000000327
1398 0.0000000326
1399 0.0000000326
1400 0.0000000325
1401 0.0000000325
1402 0.0000000325
1403 0.0000000324
1404 0.0000000324
1405 0.0000000323
1406 0.0000000323
1407 0.0000000322
1408 0.0000000322
1409 0.0000000322
1410 0.0000000321
1411 0.0000000321
1412 0.0000000320
1413 0.0000000320
1414 0.0000000320
1415 0.0000000319
1416 0.0000000319
1417 0.0000000318
1418 0.0000000318
1419 0.0000000318
1420 0.0000000317
1421 0.0000000317
1422 0.0000000316
1423 0.0000000316
1424 0.0000000316
1425 0.0000000315
1426 0.0000000315
1427 0.0000000314
1428 0.0000000314
1429 0.0000000314
1430 0.0000000313
1431 0.0000000313
1432 0.0000000312
1433 0.0000000312
1434 0.0000000312
1435 0.0000000311
1436 0.0000000311
1437 0.0000000310
1438 0.0000000310
1439 0.0000000310
1440 0.0000000309
1441 0.0000000309
1442 0.0000000308
1443 0.0000000308
1444 0.0000000308
1445 0.0000000307
1446 0.0000000307
1447 0.0000000306
1448 0.0000000306
1449 0.0000000306
1450 0.0000000305
1451 0.0000000305
1452 0.0000000305
1453 0.0000000304
1454 0.0000000304
1455 0.0000000303
1456 0.0000000303
1457 0.0000000303
1458 0.0000000302
1459 0.0000000302
1460 0.0000000301
1461 0.0000000301
1462 0.0000000301
1463 0.0000000300
1464 0.0000000300
1465 0.0000000300
1466 0.0000000299
1467 0.0000000299
1468 0.0000000298
1469 0.0000000298
1470 0.0000000298
1471 0.0000000297
1472 0.0000000297
1473 0.0000000297
1474 0.0000000296
1475 0.0000000296
1476 0.0000000296
1477 0.0000000295
1478 0.0000000295
1479 0.0000000294
1480 0.0000000294
1481 0.0000000294
1482 0.0000000293
1483 0.0000000293
1484 0.0000000293
1485 0.0000000292
1486 0.0000000292
1487 0.0000000292
1488 0.0000000291
1489 0.0000000291
1490 0.0000000290
1491 0.0000000290
1492 0.0000000290
1493 0.0000000289
1494 0.0000000289
1495 0.0000000289
1496 0.0000000288
1497 0.0000000288
1498 0.0000000288
1499 0.0000000287
1500 0.0000000287
1501 0.0000000287
1502 0.0000000286
1503 0.0000000286
1504 0.0000000285
1505 0.0000000285
1506 0.0000000285
1507 0.0000000284
1508 0.0000000284
1509 0.0000000284
1510 0.0000000283
1511 0.0000000283
1512 0.0000000283
1513 0.0000000282
1514 0.0000000282
1515 0.0000000282
1516 0.0000000281
1517 0.0000000281
1518 0.0000000281
1519 0.0000000280
1520 0.0000000280
1521 0.0000000280
1522 0.0000000279
1523 0.0000000279
1524 0.0000000279
1525 0.0000000278
1526 0.0000000278
1527 0.0000000278
1528 0.0000000277
1529 0.0000000277
1530 0.0000000277
1531 0.0000000276
1532 0.0000000276
1533 0.0000000276
1534 0.0000000275
1535 0.0000000275
1536 0.0000000275
1537 0.0000000274
1538 0.0000000274
1539 0.0000000274
1540 0.0000000273
1541 0.0000000273
1542 0.0000000273
1543 0.0000000272
1544 0.0000000272
1545 0.0000000272
1546 0.0000000271
1547 0.0000000271
1548 0.0000000271
1549 0.0000000270
1550 0.0000000270
1551 0.0000000270
1552 0.0000000269
1553 0.0000000269
1554 0.0000000269
1555 0.0000000268
1556 0.0000000268
1557 0.0000000268
1558 0.0000000267
1559 0.0000000267
1560 0.0000000267
1561 0.0000000266
1562 0.0000000266
1563 0.0000000266
1564 0.0000000265
1565 0.0000000265
1566 0.0000000265
1567 0.0000000265
1568 0.0000000264
1569 0.0000000264
1570 0.0000000264
1571 0.0000000263
1572 0.0000000263
1573 0.0000000263
1574 0.0000000262
1575 0.0000000262
1576 0.0000000262
1577 0.0000000261
1578 0.0000000261
1579 0.0000000261
1580 0.0000000260
1581 0.0000000260
1582 0.0000000260
1583 0.0000000260
1584 0.0000000259
1585 0.0000000259
1586 0.0000000259
1587 0.0000000258
1588 0.0000000258
1589 0.0000000258
1590 0.0000000257
1591 0.0000000257
1592 0.0000000257
1593 0.0000000257
1594 0.0000000256
1595 0.0000000256
1596 0.0000000256
1597 0.0000000255
1598 0.0000000255
1599 0.0000000255
1600 0.0000000254
1601 0.0000000254
1602 0.0000000254
1603 0.0000000254
1604 0.0000000253
1605 0.0000000253
1606 0.0000000253
1607 0.0000000252
1608 0.0000000252
1609 0.0000000252
1610 0.0000000251
1611 0.0000000251
1612 0.0000000251
1613 0.0000000251
1614 0.0000000250
1615 0.0000000250
1616 0.0000000250
1617 0.0000000249
1618 0.0000000249
1619 0.0000000249
1620 0.0000000249
1621 0.0000000248
1622 0.0000000248
1623 0.0000000248
1624 0.0000000247
1625 0.0000000247
1626 0.0000000247
1627 0.0000000247
1628 0.0000000246
1629 0.0000000246
1630 0.0000000246
1631 0.0000000245
1632 0.0000000245
1633 0.0000000245
1634 0.0000000245
1635 0.0000000244
1636 0.0000000244
1637 0.0000000244
1638 0.0000000243
1639 0.0000000243
1640 0.0000000243
1641 0.0000000243
1642 0.0000000242
1643 0.0000000242
1644 0.0000000242
1645 0.0000000241
1646 0.0000000241
1647 0.0000000241
1648 0.0000000241
1649 0.0000000240
1650 0.0000000240
1651 0.0000000240
1652 0.0000000239
1653 0.0000000239
1654 0.0000000239
1655 0.0000000239
1656 0.0000000238
1657 0.0000000238
1658 0.0000000238
1659 0.0000000238
1660 0.0000000237
1661 0.0000000237
1662 0.0000000237
1663 0.0000000236
1664 0.0000000236
1665 0.0000000236
1666 0.0000000236
1667 0.0000000235
1668 0.0000000235
1669 0.0000000235
1670 0.0000000235
1671 0.0000000234
1672 0.0000000234
1673 0.0000000234
1674 0.0000000234
1675 0.0000000233
1676 0.0000000233
1677 0.0000000233
1678 0.0000000232
1679 0.0000000232
1680 0.0000000232
1681 0.0000000232
1682 0.0000000231
1683 0.0000000231
1684 0.0000000231
1685 0.0000000231
1686 0.0000000230
1687 0.0000000230
1688 0.0000000230
1689 0.0000000230
1690 0.0000000229
1691 0.0000000229
1692 0.0000000229
1693 0.0000000228
1694 0.0000000228
1695 0.0000000228
1696 0.0000000228
1697 0.0000000227
1698 0.0000000227
1699 0.0000000227
1700 0.0000000227
1701 0.0000000226
1702 0.0000000226
1703 0.0000000226
1704 0.0000000226
1705 0.0000000225
1706 0.0000000225
1707 0.0000000225
1708 0.0000000225
1709 0.0000000224
1710 0.0000000224
1711 0.0000000224
1712 0.0000000224
1713 0.0000000223
1714 0.0000000223
1715 0.0000000223
1716 0.0000000223
1717 0.0000000222
1718 0.0000000222
1719 0.0000000222
1720 0.0000000222
1721 0.0000000221
1722 0.0000000221
1723 0.0000000221
1724 0.0000000221
1725 0.0000000220
1726 0.0000000220
1727 0.0000000220
1728 0.0000000220
1729 0.0000000219
1730 0.0000000219
1731 0.0000000219
1732 0.0000000219
1733 0.0000000218
1734 0.0000000218
1735 0.0000000218
1736 0.0000000218
1737 0.0000000217
1738 0.0000000217
1739 0.0000000217
1740 0.0000000217
1741 0.0000000216
1742 0.0000000216
1743 0.0000000216
1744 0.0000000216
1745 0.0000000215
1746 0.0000000215
1747 0.0000000215
1748 0.0000000215
1749 0.0000000215
1750 0.0000000214
1751 0.0000000214
1752 0.0000000214
1753 0.0000000214
1754 0.0000000213
1755 0.0000000213
1756 0.0000000213
1757 0.0000000213
1758 0.0000000212
1759 0.0000000212
1760 0.0000000212
1761 0.0000000212
1762 0.0000000211
1763 0.0000000211
1764 0.0000000211
1765 0.0000000211
1766 0.0000000210
1767 0.0000000210
1768 0.0000000210
1769 0.0000000210
1770 0.0000000210
1771 0.0000000209
1772 0.0000000209
1773 0.0000000209
1774 0.0000000209
1775 0.0000000208
1776 0.0000000208
1777 0.0000000208
1778 0.0000000208
1779 0.0000000207
1780 0.0000000207
1781 0.0000000207
1782 0.0000000207
1783 0.0000000207
1784 0.0000000206
1785 0.0000000206
1786 0.0000000206
1787 0.0000000206
1788 0.0000000205
1789 0.0000000205
1790 0.0000000205
1791 0.0000000205
1792 0.0000000204
1793 0.0000000204
1794 0.0000000204
1795 0.0000000204
1796 0.0000000204
1797 0.0000000203
1798 0.0000000203
1799 0.0000000203
1800 0.0000000203
1801 0.0000000202
1802 0.0000000202
1803 0.0000000202
1804 0.0000000202
1805 0.0000000202
1806 0.0000000201
1807 0.0000000201
1808 0.0000000201
1809 0.0000000201
1810 0.0000000200
1811 0.0000000200
1812 0.0000000200
1813 0.0000000200
1814 0.0000000199
1815 0.0000000199
1816 0.0000000199
1817 0.0000000199
1818 0.0000000199
1819 0.0000000198
1820 0.0000000198
1821 0.0000000198
1822 0.0000000198
1823 0.0000000198
1824 0.0000000197
1825 0.0000000197
1826 0.0000000197
1827 0.0000000197
1828 0.0000000196
1829 0.0000000196
1830 0.0000000196
1831 0.0000000196
1832 0.0000000196
1833 0.0000000195
1834 0.0000000195
1835 0.0000000195
1836 0.0000000195
1837 0.0000000194
1838 0.0000000194
1839 0.0000000194
1840 0.0000000194
1841 0.0000000194
1842 0.0000000193
1843 0.0000000193
1844 0.0000000193
1845 0.0000000193
1846 0.0000000192
1847 0.0000000192
1848 0.0000000192
1849 0.0000000192
1850 0.0000000192
1851 0.0000000191
1852 0.0000000191
1853 0.0000000191
1854 0.0000000191
1855 0.0000000191
1856 0.0000000190
1857 0.0000000190
1858 0.0000000190
1859 0.0000000190
1860 0.0000000189
1861 0.0000000189
1862 0.0000000189
1863 0.0000000189
1864 0.0000000189
1865 0.0000000188
1866 0.0000000188
1867 0.0000000188
1868 0.0000000188
1869 0.0000000187
1870 0.0000000187
1871 0.0000000187
1872 0.0000000187
1873 0.0000000187
1874 0.0000000186
1875 0.0000000186
1876 0.0000000186
1877 0.0000000186
1878 0.0000000186
1879 0.0000000185
1880 0.0000000185
1881 0.0000000185
1882 0.0000000185
1883 0.0000000184
1884 0.0000000184
1885 0.0000000184
1886 0.0000000184
1887 0.0000000184
1888 0.0000000183
1889 0.0000000183
1890 0.0000000183
1891 0.0000000183
1892 0.0000000183
1893 0.0000000182
1894 0.0000000182
1895 0.0000000182
1896 0.0000000182
1897 0.0000000181
1898 0.0000000181
1899 0.0000000181
1900 0.0000000181
1901 0.0000000181
1902 0.0000000180
1903 0.0000000180
1904 0.0000000180
1905 0.0000000180
1906 0.0000000179
1907 0.0000000179
1908 0.0000000179
1909 0.0000000179
1910 0.0000000179
1911 0.0000000178
1912 0.0000000178
1913 0.0000000178
1914 0.0000000178
1915 0.0000000177
1916 0.0000000177
1917 0.0000000177
1918 0.0000000177
1919 0.0000000177
1920 0.0000000176
1921 0.0000000176
1922 0.0000000176
1923 0.0000000176
1924 0.0000000175
1925 0.0000000175
1926 0.0000000175
1927 0.0000000175
1928 0.0000000175
1929 0.0000000174
1930 0.0000000174
1931 0.0000000174
1932 0.0000000174
1933 0.0000000173
1934 0.0000000173
1935 0.0000000173
1936 0.0000000173
1937 0.0000000172
1938 0.0000000172
1939 0.0000000172
1940 0.0000000172
1941 0.0000000171
1942 0.0000000171
1943 0.0000000171
1944 0.0000000171
1945 0.0000000170
1946 0.0000000170
1947 0.0000000170
1948 0.0000000170
1949 0.0000000169
1950 0.0000000169
1951 0.0000000169
1952 0.0000000169
1953 0.0000000168
1954 0.0000000168
1955 0.0000000168
1956 0.0000000168
1957 0.0000000167
1958 0.0000000167
1959 0.0000000167
1960 0.0000000167
1961 0.0000000166
1962 0.0000000166
1963 0.0000000166
1964 0.0000000166
1965 0.0000000165
1966 0.0000000165
1967 0.0000000165
1968 0.0000000164
1969 0.0000000164
1970 0.0000000164
1971 0.0000000163
1972 0.0000000163
1973 0.0000000163
1974 0.0000000163
1975 0.0000000162
1976 0.0000000162
1977 0.0000000162
1978 0.0000000161
1979 0.0000000161
1980 0.0000000161
1981 0.0000000160
1982 0.0000000160
1983 0.0000000159
1984 0.0000000159
1985 0.0000000159
1986 0.0000000158
1987 0.0000000158
1988 0.0000000157
1989 0.0000000157
1990 0.0000000156
1991 0.0000000156
1992 0.0000000155
1993 0.0000000154
1994 0.0000000153
1995 0.0000000152
1996 0.0000000150
1997 0.0000000148
1998 0.0000000143
1999 0.0000000127
2000 0.0000000000
