0 1598
0 0.9924091842
1 0.0017735245
2 0.0007435402
3 0.0005178701
4 0.0003813083
5 0.0003003199
6 0.0002471774
7 0.0002092725
8 0.0001808214
9 0.0001587057
10 0.0001410383
11 0.0001266073
12 0.0001146023
13 0.0001044627
14 0.0000957884
15 0.0000882860
16 0.0000817358
17 0.0000759695
18 0.0000708563
19 0.0000662930
20 0.0000621969
21 0.0000585012
22 0.0000551511
23 0.0000521014
24 0.0000493145
25 0.0000467587
26 0.0000444073
27 0.0000422374
28 0.0000402295
29 0.0000383668
30 0.0000366346
31 0.0000350203
32 0.0000335126
33 0.0000321019
34 0.0000307796
35 0.0000295379
36 0.0000283700
37 0.0000272701
38 0.0000262325
39 0.0000252524
40 0.0000243256
41 0.0000234480
42 0.0000226160
43 0.0000218265
44 0.0000210765
45 0.0000203632
46 0.0000196844
47 0.0000190376
48 0.0000184209
49 0.0000178324
50 0.0000172704
51 0.0000167332
52 0.0000162195
53 0.0000157277
54 0.0000152567
55 0.0000148053
56 0.0000143725
57 0.0000139571
58 0.0000135584
59 0.0000131753
60 0.0000128071
61 0.0000124531
62 0.0000121125
63 0.0000117846
64 0.0000114688
65 0.0000111646
66 0.0000108714
67 0.0000105887
68 0.0000103159
69 0.0000100527
70 0.0000097986
71 0.0000095532
72 0.0000093161
73 0.0000090869
74 0.0000088654
75 0.0000086511
76 0.0000084438
77 0.0000082433
78 0.0000080491
79 0.0000078611
80 0.0000076790
81 0.0000075025
82 0.0000073316
83 0.0000071658
84 0.0000070051
85 0.0000068492
86 0.0000066980
87 0.0000065512
88 0.0000064088
89 0.0000062706
90 0.0000061363
91 0.0000060059
92 0.0000058792
93 0.0000057561
94 0.0000056365
95 0.0000055202
96 0.0000054072
97 0.0000052972
98 0.0000051903
99 0.0000050863
100 0.0000049850
101 0.0000048865
102 0.0000047907
103 0.0000046973
104 0.0000046065
105 0.0000045180
106 0.0000044318
107 0.0000043478
108 0.0000042660
109 0.0000041863
110 0.0000041086
111 0.0000040329
112 0.0000039591
113 0.0000038871
114 0.0000038169
115 0.0000037485
116 0.0000036817
117 0.0000036166
118 0.0000035530
119 0.0000034910
120 0.0000034305
121 0.0000033714
122 0.0000033138
123 0.0000032575
124 0.0000032025
125 0.0000031488
126 0.0000030964
127 0.0000030452
128 0.0000029952
129 0.0000029463
130 0.0000028985
131 0.0000028519
132 0.0000028063
133 0.0000027617
134 0.0000027181
135 0.0000026755
136 0.0000026339
137 0.0000025931
138 0.0000025533
139 0.0000025144
140 0.0000024763
141 0.0000024390
142 0.0000024026
143 0.0000023669
144 0.0000023320
145 0.0000022978
146 0.0000022644
147 0.0000022317
148 0.0000021997
149 0.0000021683
150 0.0000021376
151 0.0000021076
152 0.0000020782
153 0.0000020493
154 0.0000020211
155 0.0000019935
156 0.0000019664
157 0.0000019399
158 0.0000019139
159 0.0000018884
160 0.0000018635
161 0.0000018391
162 0.0000018151
163 0.0000017916
164 0.0000017686
165 0.0000017461
166 0.0000017239
167 0.0000017023
168 0.0000016810
169 0.0000016602
170 0.0000016397
171 0.0000016197
172 0.0000016000
173 0.0000015807
174 0.0000015618
175 0.0000015433
176 0.0000015251
177 0.0000015072
178 0.0000014897
179 0.0000014725
180 0.0000014556
181 0.0000014391
182 0.0000014228
183 0.0000014069
184 0.0000013912
185 0.0000013758
186 0.0000013607
187 0.0000013459
188 0.0000013313
189 0.0000013171
190 0.0000013030
191 0.0000012892
192 0.0000012757
193 0.0000012624
194 0.0000012494
195 0.0000012365
196 0.0000012239
197 0.0000012116
198 0.0000011994
199 0.0000011874
200 0.0000011757
201 0.0000011641
202 0.0000011528
203 0.0000011416
204 0.0000011307
205 0.0000011199
206 0.0000011093
207 0.0000010989
208 0.0000010886
209 0.0000010786
210 0.0000010687
211 0.0000010589
212 0.0000010494
213 0.0000010399
214 0.0000010307
215 0.0000010216
216 0.0000010126
217 0.0000010038
218 0.0000009951
219 0.0000009866
220 0.0000009782
221 0.0000009699
222 0.0000009618
223 0.0000009538
224 0.0000009459
225 0.0000009381
226 0.0000009305
227 0.0000009230
228 0.0000009156
229 0.0000009083
230 0.0000009011
231 0.0000008941
232 0.0000008871
233 0.0000008803
234 0.0000008735
235 0.0000008669
236 0.0000008604
237 0.0000008539
238 0.0000008476
239 0.0000008413
240 0.0000008352
241 0.0000008291
242 0.0000008231
243 0.0000008172
244 0.0000008114
245 0.0000008057
246 0.0000008001
247 0.0000007945
248 0.0000007890
249 0.0000007836
250 0.0000007783
251 0.0000007731
252 0.0000007679
253 0.0000007628
254 0.0000007578
255 0.0000007528
256 0.0000007479
257 0.0000007431
258 0.0000007383
259 0.0000007336
260 0.0000007290
261 0.0000007244
262 0.0000007199
263 0.0000007155
264 0.0000007111
265 0.0000007068
266 0.0000007025
267 0.0000006983
268 0.0000006941
269 0.0000006900
270 0.0000006860
271 0.0000006820
272 0.0000006781
273 0.0000006742
274 0.0000006703
275 0.0000006665
276 0.0000006628
277 0.0000006591
278 0.0000006554
279 0.0000006518
280 0.0000006482
281 0.0000006447
282 0.0000006412
283 0.0000006378
284 0.0000006344
285 0.0000006311
286 0.0000006278
287 0.0000006245
288 0.0000006213
289 0.0000006181
290 0.0000006149
291 0.0000006118
292 0.0000006087
293 0.0000006057
294 0.0000006027
295 0.0000005997
296 0.0000005968
297 0.0000005939
298 0.0000005910
299 0.0000005881
300 0.0000005853
301 0.0000005826
302 0.0000005798
303 0.0000005771
304 0.0000005744
305 0.0000005718
306 0.0000005691
307 0.0000005665
308 0.0000005640
309 0.0000005614
310 0.0000005589
311 0.0000005564
312 0.0000005540
313 0.0000005516
314 0.0000005491
315 0.0000005468
316 0.0000005444
317 0.0000005421
318 0.0000005398
319 0.0000005375
320 0.0000005352
321 0.0000005330
322 0.0000005308
323 0.0000005286
324 0.0000005264
325 0.0000005243
326 0.0000005221
327 0.0000005200
328 0.0000005179
329 0.0000005159
330 0.0000005138
331 0.0000005118
332 0.0000005098
333 0.0000005078
334 0.0000005058
335 0.0000005039
336 0.0000005020
337 0.0000005000
338 0.0000004981
339 0.0000004963
340 0.0000004944
341 0.0000004926
342 0.0000004907
343 0.0000004889
344 0.0000004871
345 0.0000004854
346 0.0000004836
347 0.0000004819
348 0.0000004801
349 0.0000004784
350 0.0000004767
351 0.0000004750
352 0.0000004734
353 0.0000004717
354 0.0000004701
355 0.0000004684
356 0.0000004668
357 0.0000004652
358 0.0000004636
359 0.0000004621
360 0.0000004605
361 0.0000004590
362 0.0000004574
363 0.0000004559
364 0.0000004544
365 0.0000004529
366 0.0000004514
367 0.0000004499
368 0.0000004485
369 0.0000004470
370 0.0000004456
371 0.0000004442
372 0.0000004428
373 0.0000004414
374 0.0000004400
375 0.0000004386
376 0.0000004372
377 0.0000004359
378 0.0000004345
379 0.0000004332
380 0.0000004318
381 0.0000004305
382 0.0000004292
383 0.0000004279
384 0.0000004266
385 0.0000004253
386 0.0000004241
387 0.0000004228
388 0.0000004215
389 0.0000004203
390 0.0000004191
391 0.0000004178
392 0.0000004166
393 0.0000004154
394 0.0000004142
395 0.0000004130
396 0.0000004118
397 0.0000004107
398 0.0000004095
399 0.0000004083
400 0.0000004072
401 0.0000004060
402 0.0000004049
403 0.0000004038
404 0.0000004026
405 0.0000004015
406 0.0000004004
407 0.0000003993
408 0.0000003982
409 0.0000003972
410 0.0000003961
411 0.0000003950
412 0.0000003939
413 0.0000003929
414 0.0000003918
415 0.0000003908
416 0.0000003898
417 0.0000003887
418 0.0000003877
419 0.0000003867
420 0.0000003857
421 0.0000003847
422 0.0000003837
423 0.0000003827
424 0.0000003817
425 0.0000003807
426 0.0000003797
427 0.0000003788
428 0.0000003778
429 0.0000003768
430 0.0000003759
431 0.0000003749
432 0.0000003740
433 0.0000003731
434 0.0000003721
435 0.0000003712
436 0.0000003703
437 0.0000003694
438 0.0000003685
439 0.0000003676
440 0.0000003667
441 0.0000003658
442 0.0000003649
443 0.0000003640
444 0.0000003631
445 0.0000003623
446 0.0000003614
447 0.0000003605
448 0.0000003597
449 0.0000003588
450 0.0000003580
451 0.0000003571
452 0.0000003563
453 0.0000003555
454 0.0000003546
455 0.0000003538
456 0.0000003530
457 0.0000003522
458 0.0000003513
459 0.0000003505
460 0.0000003497
461 0.0000003489
462 0.0000003481
463 0.0000003473
464 0.0000003465
465 0.0000003458
466 0.0000003450
467 0.0000003442
468 0.0000003434
469 0.0000003427
470 0.0000003419
471 0.0000003411
472 0.0000003404
473 0.0000003396
474 0.0000003389
475 0.0000003381
476 0.0000003374
477 0.0000003367
478 0.0000003359
479 0.0000003352
480 0.0000003345
481 0.0000003337
482 0.0000003330
483 0.0000003323
484 0.0000003316
485 0.0000003309
486 0.0000003302
487 0.0000003295
488 0.0000003288
489 0.0000003281
490 0.0000003274
491 0.0000003267
492 0.0000003260
493 0.0000003253
494 0.0000003246
495 0.0000003239
496 0.0000003233
497 0.0000003226
498 0.0000003219
499 0.0000003213
500 0.0000003206
501 0.0000003199
502 0.0000003193
503 0.0000003186
504 0.0000003180
505 0.0000003173
506 0.0000003167
507 0.0000003160
508 0.0000003154
509 0.0000003148
510 0.0000003141
511 0.0000003135
512 0.0000003129
513 0.0000003122
514 0.0000003116
515 0.0000003110
516 0.0000003104
517 0.0000003098
518 0.0000003092
519 0.0000003085
520 0.0000003079
521 0.0000003073
522 0.0000003067
523 0.0000003061
524 0.0000003055
525 0.0000003049
526 0.0000003043
527 0.0000003038
528 0.0000003032
529 0.0000003026
530 0.0000003020
531 0.0000003014
532 0.0000003008
533 0.0000003003
534 0.0000002997
535 0.0000002991
536 0.0000002986
537 0.0000002980
538 0.0000002974
539 0.0000002969
540 0.0000002963
541 0.0000002957
542 0.0000002952
543 0.0000002946
544 0.0000002941
545 0.0000002935
546 0.0000002930
547 0.0000002924
548 0.0000002919
549 0.0000002914
550 0.0000002908
551 0.0000002903
552 0.0000002898
553 0.0000002892
554 0.0000002887
555 0.0000002882
556 0.0000002876
557 0.0000002871
558 0.0000002866
559 0.0000002861
560 0.0000002856
561 0.0000002850
562 0.0000002845
563 0.0000002840
564 0.0000002835
565 0.0000002830
566 0.0000002825
567 0.0000002820
568 0.0000002815
569 0.0000002810
570 0.0000002805
571 0.0000002800
572 0.0000002795
573 0.0000002790
574 0.0000002785
575 0.0000002780
576 0.0000002775
577 0.0000002771
578 0.0000002766
579 0.0000002761
580 0.0000002756
581 0.0000002751
582 0.0000002746
583 0.0000002742
584 0.0000002737
585 0.0000002732
586 0.0000002728
587 0.0000002723
588 0.0000002718
589 0.0000002714
590 0.0000002709
591 0.0000002704
592 0.0000002700
593 0.0000002695
594 0.0000002691
595 0.0000002686
596 0.0000002681
597 0.0000002677
598 0.0000002672
599 0.0000002668
600 0.0000002663
601 0.0000002659
602 0.0000002654
603 0.0000002650
604 0.0000002646
605 0.0000002641
606 0.0000002637
607 0.0000002632
608 0.0000002628
609 0.0000002624
610 0.0000002619
611 0.0000002615
612 0.0000002611
613 0.0000002607
614 0.0000002602
615 0.0000002598
616 0.0000002594
617 0.0000002590
618 0.0000002585
619 0.0000002581
620 0.0000002577
621 0.0000002573
622 0.0000002569
623 0.0000002564
624 0.0000002560
625 0.0000002556
626 0.0000002552
627 0.0000002548
628 0.0000002544
629 0.0000002540
630 0.0000002536
631 0.0000002532
632 0.0000002528
633 0.0000002524
634 0.0000002520
635 0.0000002516
636 0.0000002512
637 0.0000002508
638 0.0000002504
639 0.0000002500
640 0.0000002496
641 0.0000002492
642 0.0000002488
643 0.0000002484
644 0.0000002480
645 0.0000002477
646 0.0000002473
647 0.0000002469
648 0.0000002465
649 0.0000002461
650 0.0000002457
651 0.0000002454
652 0.0000002450
653 0.0000002446
654 0.0000002442
655 0.0000002439
656 0.0000002435
657 0.0000002431
658 0.0000002428
659 0.0000002424
660 0.0000002420
661 0.0000002416
662 0.0000002413
663 0.0000002409
664 0.0000002406
665 0.0000002402
666 0.0000002398
667 0.0000002395
668 0.0000002391
669 0.0000002387
670 0.0000002384
671 0.0000002380
672 0.0000002377
673 0.0000002373
674 0.0000002370
675 0.0000002366
676 0.0000002363
677 0.0000002359
678 0.0000002356
679 0.0000002352
680 0.0000002349
681 0.0000002345
682 0.0000002342
683 0.0000002338
684 0.0000002335
685 0.0000002332
686 0.0000002328
687 0.0000002325
688 0.0000002321
689 0.0000002318
690 0.0000002315
691 0.0000002311
692 0.0000002308
693 0.0000002305
694 0.0000002301
695 0.0000002298
696 0.0000002295
697 0.0000002291
698 0.0000002288
699 0.0000002285
700 0.0000002282
701 0.0000002278
702 0.0000002275
703 0.0000002272
704 0.0000002268
705 0.0000002265
706 0.0000002262
707 0.0000002259
708 0.0000002256
709 0.0000002252
710 0.0000002249
711 0.0000002246
712 0.0000002243
713 0.0000002240
714 0.0000002237
715 0.0000002234
716 0.0000002230
717 0.0000002227
718 0.0000002224
719 0.0000002221
720 0.0000002218
721 0.0000002215
722 0.0000002212
723 0.0000002209
724 0.0000002206
725 0.0000002203
726 0.0000002200
727 0.0000002197
728 0.0000002194
729 0.0000002191
730 0.0000002188
731 0.0000002185
732 0.0000002182
733 0.0000002179
734 0.0000002176
735 0.0000002173
736 0.0000002170
737 0.0000002167
738 0.0000002164
739 0.0000002161
740 0.0000002158
741 0.0000002155
742 0.0000002152
743 0.0000002149
744 0.0000002146
745 0.0000002143
746 0.0000002141
747 0.0000002138
748 0.0000002135
749 0.0000002132
750 0.0000002129
751 0.0000002126
752 0.0000002124
753 0.0000002121
754 0.0000002118
755 0.0000002115
756 0.0000002112
757 0.0000002109
758 0.0000002107
759 0.0000002104
760 0.0000002101
761 0.0000002098
762 0.0000002096
763 0.0000002093
764 0.0000002090
765 0.0000002087
766 0.0000002085
767 0.0000002082
768 0.0000002079
769 0.0000002077
770 0.0000002074
771 0.0000002071
772 0.0000002068
773 0.0000002066
774 0.0000002063
775 0.0000002060
776 0.0000002058
777 0.0000002055
778 0.0000002052
779 0.0000002050
780 0.0000002047
781 0.0000002045
782 0.0000002042
783 0.0000002039
784 0.0000002037
785 0.0000002034
786 0.0000002032
787 0.0000002029
788 0.0000002026
789 0.0000002024
790 0.0000002021
791 0.0000002019
792 0.0000002016
793 0.0000002014
794 0.0000002011
795 0.0000002008
796 0.0000002006
797 0.0000002003
798 0.0000002001
799 0.0000001998
800 0.0000001996
801 0.0000001993
802 0.0000001991
803 0.0000001988
804 0.0000001986
805 0.0000001984
806 0.0000001981
807 0.0000001979
808 0.0000001976
809 0.0000001974
810 0.0000001971
811 0.0000001969
812 0.0000001966
813 0.0000001964
814 0.0000001962
815 0.0000001959
816 0.0000001957
817 0.0000001954
818 0.0000001952
819 0.0000001950
820 0.0000001947
821 0.0000001945
822 0.0000001942
823 0.0000001940
824 0.0000001938
825 0.0000001935
826 0.0000001933
827 0.0000001931
828 0.0000001928
829 0.0000001926
830 0.0000001924
831 0.0000001921
832 0.0000001919
833 0.0000001917
834 0.0000001914
835 0.0000001912
836 0.0000001910
837 0.0000001908
838 0.0000001905
839 0.0000001903
840 0.0000001901
841 0.0000001898
842 0.0000001896
843 0.0000001894
844 0.0000001892
845 0.0000001890
846 0.0000001887
847 0.0000001885
848 0.0000001883
849 0.0000001881
850 0.0000001878
851 0.0000001876
852 0.0000001874
853 0.0000001872
854 0.0000001870
855 0.0000001867
856 0.0000001865
857 0.0000001863
858 0.0000001861
859 0.0000001859
860 0.0000001857
861 0.0000001854
862 0.0000001852
863 0.0000001850
864 0.0000001848
865 0.0000001846
866 0.0000001844
867 0.0000001842
868 0.0000001839
869 0.0000001837
870 0.0000001835
871 0.0000001833
872 0.0000001831
873 0.0000001829
874 0.0000001827
875 0.0000001825
876 0.0000001823
877 0.0000001820
878 0.0000001818
879 0.0000001816
880 0.0000001814
881 0.0000001812
882 0.0000001810
883 0.0000001808
884 0.0000001806
885 0.0000001804
886 0.0000001802
887 0.0000001800
888 0.0000001798
889 0.0000001796
890 0.0000001794
891 0.0000001792
892 0.0000001790
893 0.0000001788
894 0.0000001786
895 0.0000001784
896 0.0000001782
897 0.0000001780
898 0.0000001778
899 0.0000001776
900 0.0000001774
901 0.0000001772
902 0.0000001770
903 0.0000001768
904 0.0000001766
905 0.0000001764
906 0.0000001762
907 0.0000001760
908 0.0000001758
909 0.0000001756
910 0.0000001754
911 0.0000001752
912 0.0000001751
913 0.0000001749
914 0.0000001747
915 0.0000001745
916 0.0000001743
917 0.0000001741
918 0.0000001739
919 0.0000001737
920 0.0000001735
921 0.0000001733
922 0.0000001732
923 0.0000001730
924 0.0000001728
925 0.0000001726
926 0.0000001724
927 0.0000001722
928 0.0000001720
929 0.0000001718
930 0.0000001717
931 0.0000001715
932 0.0000001713
933 0.0000001711
934 0.0000001709
935 0.0000001707
936 0.0000001706
937 0.0000001704
938 0.0000001702
939 0.0000001700
940 0.0000001698
941 0.0000001697
942 0.0000001695
943 0.0000001693
944 0.0000001691
945 0.0000001689
946 0.0000001688
947 0.0000001686
948 0.0000001684
949 0.0000001682
950 0.0000001680
951 0.0000001679
952 0.0000001677
953 0.0000001675
954 0.0000001673
955 0.0000001672
956 0.0000001670
957 0.0000001668
958 0.0000001666
959 0.0000001665
960 0.0000001663
961 0.0000001661
962 0.0000001659
963 0.0000001658
964 0.0000001656
965 0.0000001654
966 0.0000001653
967 0.0000001651
968 0.0000001649
969 0.0000001647
970 0.0000001646
971 0.0000001644
972 0.0000001642
973 0.0000001641
974 0.0000001639
975 0.0000001637
976 0.0000001636
977 0.0000001634
978 0.0000001632
979 0.0000001631
980 0.0000001629
981 0.0000001627
982 0.0000001626
983 0.0000001624
984 0.0000001622
985 0.0000001621
986 0.0000001619
987 0.0000001617
988 0.0000001616
989 0.0000001614
990 0.0000001612
991 0.0000001611
992 0.0000001609
993 0.0000001608
994 0.0000001606
995 0.0000001604
996 0.0000001603
997 0.0000001601
998 0.0000001599
999 0.0000001598
1000 0.0000001596
1001 0.0000001595
1002 0.0000001593
1003 0.0000001591
1004 0.0000001590
1005 0.0000001588
1006 0.0000001587
1007 0.0000001585
1008 0.0000001584
1009 0.0000001582
1010 0.0000001580
1011 0.0000001579
1012 0.0000001577
1013 0.0000001576
1014 0.0000001574
1015 0.0000001573
1016 0.0000001571
1017 0.0000001570
1018 0.0000001568
1019 0.0000001566
1020 0.0000001565
1021 0.0000001563
1022 0.0000001562
1023 0.0000001560
1024 0.0000001559
1025 0.0000001557
1026 0.0000001556
1027 0.0000001554
1028 0.0000001553
1029 0.0000001551
1030 0.0000001550
1031 0.0000001548
1032 0.0000001547
1033 0.0000001545
1034 0.0000001544
1035 0.0000001542
1036 0.0000001541
1037 0.0000001539
1038 0.0000001538
1039 0.0000001536
1040 0.0000001535
1041 0.0000001533
1042 0.0000001532
1043 0.0000001530
1044 0.0000001529
1045 0.0000001527
1046 0.0000001526
1047 0.0000001524
1048 0.0000001523
1049 0.0000001522
1050 0.0000001520
1051 0.0000001519
1052 0.0000001517
1053 0.0000001516
1054 0.0000001514
1055 0.0000001513
1056 0.0000001511
1057 0.0000001510
1058 0.0000001509
1059 0.0000001507
1060 0.0000001506
1061 0.0000001504
1062 0.0000001503
1063 0.0000001502
1064 0.0000001500
1065 0.0000001499
1066 0.0000001497
1067 0.0000001496
1068 0.0000001494
1069 0.0000001493
1070 0.0000001492
1071 0.0000001490
1072 0.0000001489
1073 0.0000001487
1074 0.0000001486
1075 0.0000001485
1076 0.0000001483
1077 0.0000001482
1078 0.0000001481
1079 0.0000001479
1080 0.0000001478
1081 0.0000001476
1082 0.0000001475
1083 0.0000001474
1084 0.0000001472
1085 0.0000001471
1086 0.0000001470
1087 0.0000001468
1088 0.0000001467
1089 0.0000001466
1090 0.0000001464
1091 0.0000001463
1092 0.0000001462
1093 0.0000001460
1094 0.0000001459
1095 0.0000001458
1096 0.0000001456
1097 0.0000001455
1098 0.0000001454
1099 0.0000001452
1100 0.0000001451
1101 0.0000001450
1102 0.0000001448
1103 0.0000001447
1104 0.0000001446
1105 0.0000001444
1106 0.0000001443
1107 0.0000001442
1108 0.0000001440
1109 0.0000001439
1110 0.0000001438
1111 0.0000001436
1112 0.0000001435
1113 0.0000001434
1114 0.0000001433
1115 0.0000001431
1116 0.0000001430
1117 0.0000001429
1118 0.0000001427
1119 0.0000001426
1120 0.0000001425
1121 0.0000001424
1122 0.0000001422
1123 0.0000001421
1124 0.0000001420
1125 0.0000001419
1126 0.0000001417
1127 0.0000001416
1128 0.0000001415
1129 0.0000001414
1130 0.0000001412
1131 0.0000001411
1132 0.0000001410
1133 0.0000001409
1134 0.0000001407
1135 0.0000001406
1136 0.0000001405
1137 0.0000001404
1138 0.0000001402
1139 0.0000001401
1140 0.0000001400
1141 0.0000001399
1142 0.0000001397
1143 0.0000001396
1144 0.0000001395
1145 0.0000001394
1146 0.0000001393
1147 0.0000001391
1148 0.0000001390
1149 0.0000001389
1150 0.0000001388
1151 0.0000001386
1152 0.0000001385
1153 0.0000001384
1154 0.0000001383
1155 0.0000001382
1156 0.0000001380
1157 0.0000001379
1158 0.0000001378
1159 0.0000001377
1160 0.0000001376
1161 0.0000001374
1162 0.0000001373
1163 0.0000001372
1164 0.0000001371
1165 0.0000001370
1166 0.0000001369
1167 0.0000001367
1168 0.0000001366
1169 0.0000001365
1170 0.0000001364
1171 0.0000001363
1172 0.0000001362
1173 0.0000001360
1174 0.0000001359
1175 0.0000001358
1176 0.0000001357
1177 0.0000001356
1178 0.0000001355
1179 0.0000001353
1180 0.0000001352
1181 0.0000001351
1182 0.0000001350
1183 0.0000001349
1184 0.0000001348
1185 0.0000001347
1186 0.0000001345
1187 0.0000001344
1188 0.0000001343
1189 0.0000001342
1190 0.0000001341
1191 0.0000001340
1192 0.0000001339
1193 0.0000001338
1194 0.0000001336
1195 0.0000001335
1196 0.0000001334
1197 0.0000001333
1198 0.0000001332
1199 0.0000001331
1200 0.0000001330
1201 0.0000001329
1202 0.0000001327
1203 0.0000001326
1204 0.0000001325
1205 0.0000001324
1206 0.0000001323
1207 0.0000001322
1208 0.0000001321
1209 0.0000001320
1210 0.0000001319
1211 0.0000001318
1212 0.0000001316
1213 0.0000001315
1214 0.0000001314
1215 0.0000001313
1216 0.0000001312
1217 0.0000001311
1218 0.0000001310
1219 0.0000001309
1220 0.0000001308
1221 0.0000001307
1222 0.0000001306
1223 0.0000001305
1224 0.0000001304
1225 0.0000001302
1226 0.0000001301
1227 0.0000001300
1228 0.0000001299
1229 0.0000001298
1230 0.0000001297
1231 0.0000001296
1232 0.0000001295
1233 0.0000001294
1234 0.0000001293
1235 0.0000001292
1236 0.0000001291
1237 0.0000001290
1238 0.0000001289
1239 0.0000001288
1240 0.0000001287
1241 0.0000001286
1242 0.0000001285
1243 0.0000001284
1244 0.0000001282
1245 0.0000001281
1246 0.0000001280
1247 0.0000001279
1248 0.0000001278
1249 0.0000001277
1250 0.0000001276
1251 0.0000001275
1252 0.0000001274
1253 0.0000001273
1254 0.0000001272
1255 0.0000001271
1256 0.0000001270
1257 0.0000001269
1258 0.0000001268
1259 0.0000001267
1260 0.0000001266
1261 0.0000001265
1262 0.0000001264
1263 0.0000001263
1264 0.0000001262
1265 0.0000001261
1266 0.0000001260
1267 0.0000001259
1268 0.0000001258
1269 0.0000001257
1270 0.0000001256
1271 0.0000001255
1272 0.0000001254
1273 0.0000001253
1274 0.0000001252
1275 0.0000001251
1276 0.0000001250
1277 0.0000001249
1278 0.0000001248
1279 0.0000001247
1280 0.0000001246
1281 0.0000001245
1282 0.0000001244
1283 0.0000001243
1284 0.0000001242
1285 0.0000001241
1286 0.0000001240
1287 0.0000001239
1288 0.0000001239
1289 0.0000001238
1290 0.0000001237
1291 0.0000001236
1292 0.0000001235
1293 0.0000001234
1294 0.0000001233
1295 0.0000001232
1296 0.0000001231
1297 0.0000001230
1298 0.0000001229
1299 0.0000001228
1300 0.0000001227
1301 0.0000001226
1302 0.0000001225
1303 0.0000001224
1304 0.0000001223
1305 0.0000001222
1306 0.0000001221
1307 0.0000001220
1308 0.0000001219
1309 0.0000001219
1310 0.0000001218
1311 0.0000001217
1312 0.0000001216
1313 0.0000001215
1314 0.0000001214
1315 0.0000001213
1316 0.0000001212
1317 0.0000001211
1318 0.0000001210
1319 0.0000001209
1320 0.0000001208
1321 0.0000001207
1322 0.0000001207
1323 0.0000001206
1324 0.0000001205
1325 0.0000001204
1326 0.0000001203
1327 0.0000001202
1328 0.0000001201
1329 0.0000001200
1330 0.0000001199
1331 0.0000001198
1332 0.0000001197
1333 0.0000001197
1334 0.0000001196
1335 0.0000001195
1336 0.0000001194
1337 0.0000001193
1338 0.0000001192
1339 0.0000001191
1340 0.0000001190
1341 0.0000001189
1342 0.0000001188
1343 0.0000001188
1344 0.0000001187
1345 0.0000001186
1346 0.0000001185
1347 0.0000001184
1348 0.0000001183
1349 0.0000001182
1350 0.0000001181
1351 0.0000001180
1352 0.0000001180
1353 0.0000001179
1354 0.0000001178
1355 0.0000001177
1356 0.0000001176
1357 0.0000001175
1358 0.0000001174
1359 0.0000001173
1360 0.0000001173
1361 0.0000001172
1362 0.0000001171
1363 0.0000001170
1364 0.0000001169
1365 0.0000001168
1366 0.0000001167
1367 0.0000001167
1368 0.0000001166
1369 0.0000001165
1370 0.0000001164
1371 0.0000001163
1372 0.0000001162
1373 0.0000001161
1374 0.0000001161
1375 0.0000001160
1376 0.0000001159
1377 0.0000001158
1378 0.0000001157
1379 0.0000001156
1380 0.0000001156
1381 0.0000001155
1382 0.0000001154
1383 0.0000001153
1384 0.0000001152
1385 0.0000001151
1386 0.0000001151
1387 0.0000001150
1388 0.0000001149
1389 0.0000001148
1390 0.0000001147
1391 0.0000001146
1392 0.0000001146
1393 0.0000001145
1394 0.0000001144
1395 0.0000001143
1396 0.0000001142
1397 0.0000001141
1398 0.0000001141
1399 0.0000001140
1400 0.0000001139
1401 0.0000001138
1402 0.0000001137
1403 0.0000001136
1404 0.0000001136
1405 0.0000001135
1406 0.0000001134
1407 0.0000001133
1408 0.0000001132
1409 0.0000001132
1410 0.0000001131
1411 0.0000001130
1412 0.0000001129
1413 0.0000001128
1414 0.0000001128
1415 0.0000001127
1416 0.0000001126
1417 0.0000001125
1418 0.0000001124
1419 0.0000001124
1420 0.0000001123
1421 0.0000001122
1422 0.0000001121
1423 0.0000001120
1424 0.0000001120
1425 0.0000001119
1426 0.0000001118
1427 0.0000001117
1428 0.0000001116
1429 0.0000001116
1430 0.0000001115
1431 0.0000001114
1432 0.0000001113
1433 0.0000001113
1434 0.0000001112
1435 0.0000001111
1436 0.0000001110
1437 0.0000001109
1438 0.0000001109
1439 0.0000001108
1440 0.0000001107
1441 0.0000001106
1442 0.0000001106
1443 0.0000001105
1444 0.0000001104
1445 0.0000001103
1446 0.0000001102
1447 0.0000001102
1448 0.0000001101
1449 0.0000001100
1450 0.0000001099
1451 0.0000001099
1452 0.0000001098
1453 0.0000001097
1454 0.0000001096
1455 0.0000001096
1456 0.0000001095
1457 0.0000001094
1458 0.0000001093
1459 0.0000001093
1460 0.0000001092
1461 0.0000001091
1462 0.0000001090
1463 0.0000001090
1464 0.0000001089
1465 0.0000001088
1466 0.0000001087
1467 0.0000001087
1468 0.0000001086
1469 0.0000001085
1470 0.0000001084
1471 0.0000001084
1472 0.0000001083
1473 0.0000001082
1474 0.0000001081
1475 0.0000001081
1476 0.0000001080
1477 0.0000001079
1478 0.0000001078
1479 0.0000001078
1480 0.0000001077
1481 0.0000001076
1482 0.0000001075
1483 0.0000001075
1484 0.0000001074
1485 0.0000001073
1486 0.0000001073
1487 0.0000001072
1488 0.0000001071
1489 0.0000001070
1490 0.0000001070
1491 0.0000001069
1492 0.0000001068
1493 0.0000001067
1494 0.0000001067
1495 0.0000001066
1496 0.0000001065
1497 0.0000001065
1498 0.0000001064
1499 0.0000001063
1500 0.0000001062
1501 0.0000001062
1502 0.0000001061
1503 0.0000001060
1504 0.0000001060
1505 0.0000001059
1506 0.0000001058
1507 0.0000001057
1508 0.0000001057
1509 0.0000001056
1510 0.0000001055
1511 0.0000001055
1512 0.0000001054
1513 0.0000001053
1514 0.0000001052
1515 0.0000001052
1516 0.0000001051
1517 0.0000001050
1518 0.0000001050
1519 0.0000001049
1520 0.0000001048
1521 0.0000001048
1522 0.0000001047
1523 0.0000001046
1524 0.0000001046
1525 0.0000001045
1526 0.0000001044
1527 0.0000001043
1528 0.0000001043
1529 0.0000001042
1530 0.0000001041
1531 0.0000001041
1532 0.0000001040
1533 0.0000001039
1534 0.0000001039
1535 0.0000001038
1536 0.0000001037
1537 0.0000001037
1538 0.0000001036
1539 0.0000001035
1540 0.0000001035
1541 0.0000001034
1542 0.0000001033
1543 0.0000001032
1544 0.0000001032
1545 0.0000001031
1546 0.0000001030
1547 0.0000001030
1548 0.0000001029
1549 0.0000001028
1550 0.0000001028
1551 0.0000001027
1552 0.0000001026
1553 0.0000001026
1554 0.0000001025
1555 0.0000001024
1556 0.0000001024
1557 0.0000001023
1558 0.0000001022
1559 0.0000001022
1560 0.0000001021
1561 0.0000001020
1562 0.0000001020
1563 0.0000001019
1564 0.0000001018
1565 0.0000001018
1566 0.0000001017
1567 0.0000001016
1568 0.0000001016
1569 0.0000001015
1570 0.0000001014
1571 0.0000001014
1572 0.0000001013
1573 0.0000001013
1574 0.0000001012
1575 0.0000001011
1576 0.0000001011
1577 0.0000001010
1578 0.0000001009
1579 0.0000001009
1580 0.0000001008
1581 0.0000001007
1582 0.0000001007
1583 0.0000001006
1584 0.0000001005
1585 0.0000001005
1586 0.0000001004
1587 0.0000001003
1588 0.0000001003
1589 0.0000001002
1590 0.0000001002
1591 0.0000001001
1592 0.0000001000
1593 0.0000001000
1594 0.0000000999
1595 0.0000000998
1596 0.0000000998
1597 0.0000000997
1598 0.0000000996
