1 288
0 0.9874719978
1 0.0052682985
2 0.0013444695
3 0.0007937138
4 0.0005159424
5 0.0003729029
6 0.0002890711
7 0.0002343352
8 0.0001960212
9 0.0001678577
10 0.0001463527
11 0.0001294232
12 0.0001157643
13 0.0001045221
14 0.0000951160
15 0.0000871374
16 0.0000802909
17 0.0000743566
18 0.0000691683
19 0.0000645973
20 0.0000605427
21 0.0000569242
22 0.0000536773
23 0.0000507493
24 0.0000480968
25 0.0000456840
26 0.0000434808
27 0.0000414619
28 0.0000396059
29 0.0000378945
30 0.0000363120
31 0.0000348448
32 0.0000334812
33 0.0000322109
34 0.0000310250
35 0.0000299157
36 0.0000288759
37 0.0000278997
38 0.0000269814
39 0.0000261164
40 0.0000253002
41 0.0000245289
42 0.0000237991
43 0.0000231077
44 0.0000224517
45 0.0000218286
46 0.0000212361
47 0.0000206721
48 0.0000201346
49 0.0000196219
50 0.0000191323
51 0.0000186643
52 0.0000182167
53 0.0000177881
54 0.0000173775
55 0.0000169836
56 0.0000166057
57 0.0000162427
58 0.0000158938
59 0.0000155583
60 0.0000152353
61 0.0000149243
62 0.0000146246
63 0.0000143357
64 0.0000140569
65 0.0000137878
66 0.0000135279
67 0.0000132767
68 0.0000130338
69 0.0000127989
70 0.0000125715
71 0.0000123514
72 0.0000121381
73 0.0000119314
74 0.0000117310
75 0.0000115367
76 0.0000113481
77 0.0000111650
78 0.0000109872
79 0.0000108144
80 0.0000106465
81 0.0000104833
82 0.0000103246
83 0.0000101701
84 0.0000100198
85 0.0000098735
86 0.0000097310
87 0.0000095922
88 0.0000094570
89 0.0000093251
90 0.0000091966
91 0.0000090712
92 0.0000089489
93 0.0000088296
94 0.0000087131
95 0.0000085994
96 0.0000084883
97 0.0000083798
98 0.0000082738
99 0.0000081702
100 0.0000080689
101 0.0000079699
102 0.0000078731
103 0.0000077783
104 0.0000076857
105 0.0000075950
106 0.0000075062
107 0.0000074193
108 0.0000073342
109 0.0000072508
110 0.0000071692
111 0.0000070892
112 0.0000070108
113 0.0000069340
114 0.0000068587
115 0.0000067848
116 0.0000067124
117 0.0000066413
118 0.0000065717
119 0.0000065033
120 0.0000064362
121 0.0000063704
122 0.0000063057
123 0.0000062423
124 0.0000061800
125 0.0000061188
126 0.0000060587
127 0.0000059996
128 0.0000059416
129 0.0000058846
130 0.0000058286
131 0.0000057736
132 0.0000057194
133 0.0000056662
134 0.0000056139
135 0.0000055625
136 0.0000055119
137 0.0000054621
138 0.0000054131
139 0.0000053650
140 0.0000053175
141 0.0000052709
142 0.0000052250
143 0.0000051798
144 0.0000051353
145 0.0000050915
146 0.0000050483
147 0.0000050059
148 0.0000049640
149 0.0000049228
150 0.0000048822
151 0.0000048422
152 0.0000048028
153 0.0000047640
154 0.0000047257
155 0.0000046880
156 0.0000046509
157 0.0000046142
158 0.0000045781
159 0.0000045425
160 0.0000045074
161 0.0000044727
162 0.0000044386
163 0.0000044049
164 0.0000043717
165 0.0000043389
166 0.0000043066
167 0.0000042747
168 0.0000042432
169 0.0000042122
170 0.0000041815
171 0.0000041513
172 0.0000041214
173 0.0000040919
174 0.0000040628
175 0.0000040341
176 0.0000040057
177 0.0000039777
178 0.0000039501
179 0.0000039228
180 0.0000038958
181 0.0000038692
182 0.0000038429
183 0.0000038169
184 0.0000037912
185 0.0000037658
186 0.0000037408
187 0.0000037160
188 0.0000036915
189 0.0000036673
190 0.0000036434
191 0.0000036198
192 0.0000035965
193 0.0000035734
194 0.0000035506
195 0.0000035280
196 0.0000035057
197 0.0000034837
198 0.0000034619
199 0.0000034403
200 0.0000034190
201 0.0000033979
202 0.0000033770
203 0.0000033564
204 0.0000033360
205 0.0000033158
206 0.0000032958
207 0.0000032761
208 0.0000032565
209 0.0000032372
210 0.0000032181
211 0.0000031991
212 0.0000031804
213 0.0000031618
214 0.0000031435
215 0.0000031253
216 0.0000031073
217 0.0000030895
218 0.0000030719
219 0.0000030545
220 0.0000030372
221 0.0000030201
222 0.0000030031
223 0.0000029864
224 0.0000029698
225 0.0000029533
226 0.0000029370
227 0.0000029209
228 0.0000029049
229 0.0000028890
230 0.0000028733
231 0.0000028578
232 0.0000028424
233 0.0000028271
234 0.0000028120
235 0.0000027970
236 0.0000027822
237 0.0000027674
238 0.0000027528
239 0.0000027384
240 0.0000027240
241 0.0000027098
242 0.0000026957
243 0.0000026817
244 0.0000026678
245 0.0000026541
246 0.0000026404
247 0.0000026269
248 0.0000026134
249 0.0000026001
250 0.0000025868
251 0.0000025737
252 0.0000025606
253 0.0000025477
254 0.0000025348
255 0.0000025220
256 0.0000025093
257 0.0000024966
258 0.0000024840
259 0.0000024715
260 0.0000024591
261 0.0000024467
262 0.0000024343
263 0.0000024220
264 0.0000024097
265 0.0000023974
266 0.0000023852
267 0.0000023729
268 0.0000023606
269 0.0000023483
270 0.0000023359
271 0.0000023235
272 0.0000023109
273 0.0000022981
274 0.0000022851
275 0.0000022718
276 0.0000022581
277 0.0000022439
278 0.0000022290
279 0.0000022132
280 0.0000021960
281 0.0000021771
282 0.0000021555
283 0.0000021297
284 0.0000020972
285 0.0000020529
286 0.0000019763
287 0.0000017499
288 0.0000000000
