0 288
0 0.9797542669
1 0.0051412992
2 0.0017814095
3 0.0011243788
4 0.0007587241
5 0.0005639915
6 0.0004490266
7 0.0003738143
8 0.0003210490
9 0.0002820918
10 0.0002521146
11 0.0002282518
12 0.0002087310
13 0.0001924116
14 0.0001785304
15 0.0001665571
16 0.0001561106
17 0.0001469090
18 0.0001387379
19 0.0001314311
20 0.0001248570
21 0.0001189101
22 0.0001135043
23 0.0001085688
24 0.0001040447
25 0.0000998826
26 0.0000960407
27 0.0000924834
28 0.0000891802
29 0.0000861048
30 0.0000832345
31 0.0000805493
32 0.0000780319
33 0.0000756672
34 0.0000734415
35 0.0000713430
36 0.0000693611
37 0.0000674863
38 0.0000657102
39 0.0000640251
40 0.0000624244
41 0.0000609017
42 0.0000594515
43 0.0000580688
44 0.0000567489
45 0.0000554876
46 0.0000542813
47 0.0000531262
48 0.0000520193
49 0.0000509575
50 0.0000499383
51 0.0000489590
52 0.0000480173
53 0.0000471112
54 0.0000462386
55 0.0000453978
56 0.0000445870
57 0.0000438047
58 0.0000430493
59 0.0000423196
60 0.0000416141
61 0.0000409318
62 0.0000402715
63 0.0000396322
64 0.0000390128
65 0.0000384125
66 0.0000378304
67 0.0000372657
68 0.0000367175
69 0.0000361853
70 0.0000356683
71 0.0000351658
72 0.0000346773
73 0.0000342021
74 0.0000337399
75 0.0000332899
76 0.0000328518
77 0.0000324250
78 0.0000320092
79 0.0000316040
80 0.0000312088
81 0.0000308234
82 0.0000304474
83 0.0000300805
84 0.0000297223
85 0.0000293725
86 0.0000290309
87 0.0000286971
88 0.0000283709
89 0.0000280521
90 0.0000277403
91 0.0000274354
92 0.0000271371
93 0.0000268452
94 0.0000265595
95 0.0000262799
96 0.0000260060
97 0.0000257378
98 0.0000254751
99 0.0000252177
100 0.0000249654
101 0.0000247182
102 0.0000244758
103 0.0000242380
104 0.0000240049
105 0.0000237762
106 0.0000235518
107 0.0000233316
108 0.0000231155
109 0.0000229033
110 0.0000226950
111 0.0000224905
112 0.0000222896
113 0.0000220923
114 0.0000218984
115 0.0000217079
116 0.0000215207
117 0.0000213367
118 0.0000211558
119 0.0000209779
120 0.0000208030
121 0.0000206310
122 0.0000204618
123 0.0000202954
124 0.0000201316
125 0.0000199705
126 0.0000198119
127 0.0000196558
128 0.0000195022
129 0.0000193509
130 0.0000192020
131 0.0000190553
132 0.0000189109
133 0.0000187686
134 0.0000186285
135 0.0000184904
136 0.0000183544
137 0.0000182203
138 0.0000180882
139 0.0000179580
140 0.0000178297
141 0.0000177031
142 0.0000175784
143 0.0000174554
144 0.0000173341
145 0.0000172145
146 0.0000170965
147 0.0000169801
148 0.0000168653
149 0.0000167520
150 0.0000166403
151 0.0000165300
152 0.0000164211
153 0.0000163137
154 0.0000162077
155 0.0000161031
156 0.0000159998
157 0.0000158978
158 0.0000157971
159 0.0000156977
160 0.0000155995
161 0.0000155025
162 0.0000154067
163 0.0000153121
164 0.0000152187
165 0.0000151263
166 0.0000150351
167 0.0000149450
168 0.0000148560
169 0.0000147680
170 0.0000146811
171 0.0000145951
172 0.0000145102
173 0.0000144262
174 0.0000143432
175 0.0000142612
176 0.0000141801
177 0.0000140999
178 0.0000140206
179 0.0000139422
180 0.0000138646
181 0.0000137879
182 0.0000137121
183 0.0000136371
184 0.0000135629
185 0.0000134895
186 0.0000134169
187 0.0000133450
188 0.0000132740
189 0.0000132037
190 0.0000131341
191 0.0000130652
192 0.0000129971
193 0.0000129297
194 0.0000128629
195 0.0000127969
196 0.0000127315
197 0.0000126668
198 0.0000126027
199 0.0000125393
200 0.0000124765
201 0.0000124144
202 0.0000123528
203 0.0000122919
204 0.0000122315
205 0.0000121718
206 0.0000121126
207 0.0000120540
208 0.0000119959
209 0.0000119384
210 0.0000118815
211 0.0000118251
212 0.0000117692
213 0.0000117139
214 0.0000116590
215 0.0000116047
216 0.0000115509
217 0.0000114976
218 0.0000114447
219 0.0000113924
220 0.0000113405
221 0.0000112891
222 0.0000112381
223 0.0000111876
224 0.0000111376
225 0.0000110880
226 0.0000110388
227 0.0000109901
228 0.0000109418
229 0.0000108939
230 0.0000108464
231 0.0000107994
232 0.0000107527
233 0.0000107064
234 0.0000106606
235 0.0000106151
236 0.0000105700
237 0.0000105253
238 0.0000104810
239 0.0000104370
240 0.0000103934
241 0.0000103502
242 0.0000103073
243 0.0000102648
244 0.0000102226
245 0.0000101807
246 0.0000101392
247 0.0000100981
248 0.0000100572
249 0.0000100167
250 0.0000099765
251 0.0000099367
252 0.0000098971
253 0.0000098579
254 0.0000098189
255 0.0000097803
256 0.0000097420
257 0.0000097039
258 0.0000096662
259 0.0000096287
260 0.0000095916
261 0.0000095547
262 0.0000095181
263 0.0000094818
264 0.0000094457
265 0.0000094099
266 0.0000093744
267 0.0000093392
268 0.0000093042
269 0.0000092695
270 0.0000092350
271 0.0000092008
272 0.0000091668
273 0.0000091331
274 0.0000090996
275 0.0000090664
276 0.0000090334
277 0.0000090006
278 0.0000089681
279 0.0000089358
280 0.0000089037
281 0.0000088718
282 0.0000088402
283 0.0000088088
284 0.0000087776
285 0.0000087467
286 0.0000087159
287 0.0000086854
288 0.0000086550
