0 2000
0 0.9942054919
1 0.0015882142
2 0.0006523482
3 0.0004475172
4 0.0003238581
5 0.0002507111
6 0.0002028769
7 0.0001688928
8 0.0001434978
9 0.0001238551
10 0.0001082486
11 0.0000955759
12 0.0000851002
13 0.0000763114
14 0.0000688459
15 0.0000624369
16 0.0000568847
17 0.0000520364
18 0.0000477732
19 0.0000440013
20 0.0000406458
21 0.0000376461
22 0.0000349524
23 0.0000325238
24 0.0000303263
25 0.0000283313
26 0.0000265145
27 0.0000248554
28 0.0000233364
29 0.0000219423
30 0.0000206600
31 0.0000194781
32 0.0000183866
33 0.0000173767
34 0.0000164409
35 0.0000155722
36 0.0000147647
37 0.0000140129
38 0.0000133122
39 0.0000126581
40 0.0000120469
41 0.0000114752
42 0.0000109396
43 0.0000104376
44 0.0000099664
45 0.0000095238
46 0.0000091077
47 0.0000087162
48 0.0000083474
49 0.0000079999
50 0.0000076720
51 0.0000073625
52 0.0000070702
53 0.0000067938
54 0.0000065324
55 0.0000062850
56 0.0000060507
57 0.0000058286
58 0.0000056180
59 0.0000054182
60 0.0000052285
61 0.0000050483
62 0.0000048770
63 0.0000047142
64 0.0000045593
65 0.0000044119
66 0.0000042715
67 0.0000041377
68 0.0000040103
69 0.0000038887
70 0.0000037727
71 0.0000036620
72 0.0000035563
73 0.0000034553
74 0.0000033588
75 0.0000032666
76 0.0000031783
77 0.0000030939
78 0.0000030131
79 0.0000029357
80 0.0000028615
81 0.0000027905
82 0.0000027224
83 0.0000026570
84 0.0000025943
85 0.0000025342
86 0.0000024764
87 0.0000024209
88 0.0000023676
89 0.0000023164
90 0.0000022671
91 0.0000022197
92 0.0000021741
93 0.0000021302
94 0.0000020879
95 0.0000020472
96 0.0000020080
97 0.0000019702
98 0.0000019337
99 0.0000018985
100 0.0000018646
101 0.0000018318
102 0.0000018002
103 0.0000017696
104 0.0000017401
105 0.0000017116
106 0.0000016840
107 0.0000016573
108 0.0000016315
109 0.0000016065
110 0.0000015823
111 0.0000015589
112 0.0000015362
113 0.0000015142
114 0.0000014929
115 0.0000014722
116 0.0000014522
117 0.0000014327
118 0.0000014138
119 0.0000013955
120 0.0000013777
121 0.0000013603
122 0.0000013435
123 0.0000013272
124 0.0000013113
125 0.0000012958
126 0.0000012808
127 0.0000012661
128 0.0000012518
129 0.0000012379
130 0.0000012244
131 0.0000012112
132 0.0000011984
133 0.0000011858
134 0.0000011736
135 0.0000011617
136 0.0000011500
137 0.0000011387
138 0.0000011276
139 0.0000011167
140 0.0000011061
141 0.0000010958
142 0.0000010857
143 0.0000010758
144 0.0000010661
145 0.0000010566
146 0.0000010474
147 0.0000010383
148 0.0000010294
149 0.0000010207
150 0.0000010122
151 0.0000010039
152 0.0000009957
153 0.0000009877
154 0.0000009798
155 0.0000009721
156 0.0000009646
157 0.0000009571
158 0.0000009499
159 0.0000009427
160 0.0000009357
161 0.0000009288
162 0.0000009220
163 0.0000009154
164 0.0000009089
165 0.0000009024
166 0.0000008961
167 0.0000008899
168 0.0000008838
169 0.0000008778
170 0.0000008719
171 0.0000008661
172 0.0000008604
173 0.0000008548
174 0.0000008493
175 0.0000008438
176 0.0000008384
177 0.0000008331
178 0.0000008279
179 0.0000008228
180 0.0000008177
181 0.0000008128
182 0.0000008078
183 0.0000008030
184 0.0000007982
185 0.0000007935
186 0.0000007889
187 0.0000007843
188 0.0000007798
189 0.0000007753
190 0.0000007709
191 0.0000007666
192 0.0000007623
193 0.0000007580
194 0.0000007539
195 0.0000007497
196 0.0000007457
197 0.0000007416
198 0.0000007377
199 0.0000007337
200 0.0000007298
201 0.0000007260
202 0.0000007222
203 0.0000007185
204 0.0000007148
205 0.0000007111
206 0.0000007075
207 0.0000007039
208 0.0000007004
209 0.0000006969
210 0.0000006934
211 0.0000006900
212 0.0000006866
213 0.0000006833
214 0.0000006800
215 0.0000006767
216 0.0000006734
217 0.0000006702
218 0.0000006671
219 0.0000006639
220 0.0000006608
221 0.0000006577
222 0.0000006547
223 0.0000006517
224 0.0000006487
225 0.0000006457
226 0.0000006428
227 0.0000006399
228 0.0000006370
229 0.0000006342
230 0.0000006313
231 0.0000006285
232 0.0000006258
233 0.0000006230
234 0.0000006203
235 0.0000006176
236 0.0000006150
237 0.0000006123
238 0.0000006097
239 0.0000006071
240 0.0000006045
241 0.0000006020
242 0.0000005995
243 0.0000005970
244 0.0000005945
245 0.0000005920
246 0.0000005896
247 0.0000005872
248 0.0000005848
249 0.0000005824
250 0.0000005800
251 0.0000005777
252 0.0000005754
253 0.0000005731
254 0.0000005708
255 0.0000005685
256 0.0000005663
257 0.0000005641
258 0.0000005619
259 0.0000005597
260 0.0000005575
261 0.0000005554
262 0.0000005532
263 0.0000005511
264 0.0000005490
265 0.0000005469
266 0.0000005448
267 0.0000005428
268 0.0000005408
269 0.0000005387
270 0.0000005367
271 0.0000005347
272 0.0000005328
273 0.0000005308
274 0.0000005288
275 0.0000005269
276 0.0000005250
277 0.0000005231
278 0.0000005212
279 0.0000005193
280 0.0000005175
281 0.0000005156
282 0.0000005138
283 0.0000005119
284 0.0000005101
285 0.0000005083
286 0.0000005066
287 0.0000005048
288 0.0000005030
289 0.0000005013
290 0.0000004995
291 0.0000004978
292 0.0000004961
293 0.0000004944
294 0.0000004927
295 0.0000004911
296 0.0000004894
297 0.0000004877
298 0.0000004861
299 0.0000004845
300 0.0000004829
301 0.0000004812
302 0.0000004796
303 0.0000004781
304 0.0000004765
305 0.0000004749
306 0.0000004734
307 0.0000004718
308 0.0000004703
309 0.0000004688
310 0.0000004672
311 0.0000004657
312 0.0000004642
313 0.0000004628
314 0.0000004613
315 0.0000004598
316 0.0000004584
317 0.0000004569
318 0.0000004555
319 0.0000004540
320 0.0000004526
321 0.0000004512
322 0.0000004498
323 0.0000004484
324 0.0000004470
325 0.0000004457
326 0.0000004443
327 0.0000004429
328 0.0000004416
329 0.0000004402
330 0.0000004389
331 0.0000004376
332 0.0000004362
333 0.0000004349
334 0.0000004336
335 0.0000004323
336 0.0000004311
337 0.0000004298
338 0.0000004285
339 0.0000004272
340 0.0000004260
341 0.0000004247
342 0.0000004235
343 0.0000004222
344 0.0000004210
345 0.0000004198
346 0.0000004186
347 0.0000004174
348 0.0000004162
349 0.0000004150
350 0.0000004138
351 0.0000004126
352 0.0000004114
353 0.0000004103
354 0.0000004091
355 0.0000004080
356 0.0000004068
357 0.0000004057
358 0.0000004045
359 0.0000004034
360 0.0000004023
361 0.0000004012
362 0.0000004001
363 0.0000003990
364 0.0000003979
365 0.0000003968
366 0.0000003957
367 0.0000003946
368 0.0000003935
369 0.0000003925
370 0.0000003914
371 0.0000003904
372 0.0000003893
373 0.0000003883
374 0.0000003872
375 0.0000003862
376 0.0000003852
377 0.0000003842
378 0.0000003831
379 0.0000003821
380 0.0000003811
381 0.0000003801
382 0.0000003791
383 0.0000003781
384 0.0000003771
385 0.0000003762
386 0.0000003752
387 0.0000003742
388 0.0000003733
389 0.0000003723
390 0.0000003713
391 0.0000003704
392 0.0000003694
393 0.0000003685
394 0.0000003676
395 0.0000003666
396 0.0000003657
397 0.0000003648
398 0.0000003639
399 0.0000003630
400 0.0000003620
401 0.0000003611
402 0.0000003602
403 0.0000003594
404 0.0000003585
405 0.0000003576
406 0.0000003567
407 0.0000003558
408 0.0000003549
409 0.0000003541
410 0.0000003532
411 0.0000003524
412 0.0000003515
413 0.0000003507
414 0.0000003498
415 0.0000003490
416 0.0000003481
417 0.0000003473
418 0.0000003465
419 0.0000003456
420 0.0000003448
421 0.0000003440
422 0.0000003432
423 0.0000003424
424 0.0000003416
425 0.0000003407
426 0.0000003399
427 0.0000003392
428 0.0000003384
429 0.0000003376
430 0.0000003368
431 0.0000003360
432 0.0000003352
433 0.0000003345
434 0.0000003337
435 0.0000003329
436 0.0000003321
437 0.0000003314
438 0.0000003306
439 0.0000003299
440 0.0000003291
441 0.0000003284
442 0.0000003276
443 0.0000003269
444 0.0000003262
445 0.0000003254
446 0.0000003247
447 0.0000003240
448 0.0000003232
449 0.0000003225
450 0.0000003218
451 0.0000003211
452 0.0000003204
453 0.0000003197
454 0.0000003190
455 0.0000003183
456 0.0000003176
457 0.0000003169
458 0.0000003162
459 0.0000003155
460 0.0000003148
461 0.0000003141
462 0.0000003135
463 0.0000003128
464 0.0000003121
465 0.0000003114
466 0.0000003108
467 0.0000003101
468 0.0000003094
469 0.0000003088
470 0.0000003081
471 0.0000003075
472 0.0000003068
473 0.0000003062
474 0.0000003055
475 0.0000003049
476 0.0000003042
477 0.0000003036
478 0.0000003030
479 0.0000003023
480 0.0000003017
481 0.0000003011
482 0.0000003004
483 0.0000002998
484 0.0000002992
485 0.0000002986
486 0.0000002980
487 0.0000002974
488 0.0000002967
489 0.0000002961
490 0.0000002955
491 0.0000002949
492 0.0000002943
493 0.0000002937
494 0.0000002931
495 0.0000002925
496 0.0000002920
497 0.0000002914
498 0.0000002908
499 0.0000002902
500 0.0000002896
501 0.0000002890
502 0.0000002885
503 0.0000002879
504 0.0000002873
505 0.0000002868
506 0.0000002862
507 0.0000002856
508 0.0000002851
509 0.0000002845
510 0.0000002839
511 0.0000002834
512 0.0000002828
513 0.0000002823
514 0.0000002817
515 0.0000002812
516 0.0000002806
517 0.0000002801
518 0.0000002796
519 0.0000002790
520 0.0000002785
521 0.0000002779
522 0.0000002774
523 0.0000002769
524 0.0000002764
525 0.0000002758
526 0.0000002753
527 0.0000002748
528 0.0000002743
529 0.0000002737
530 0.0000002732
531 0.0000002727
532 0.0000002722
533 0.0000002717
534 0.0000002712
535 0.0000002707
536 0.0000002702
537 0.0000002697
538 0.0000002692
539 0.0000002687
540 0.0000002682
541 0.0000002677
542 0.0000002672
543 0.0000002667
544 0.0000002662
545 0.0000002657
546 0.0000002652
547 0.0000002647
548 0.0000002642
549 0.0000002638
550 0.0000002633
551 0.0000002628
552 0.0000002623
553 0.0000002619
554 0.0000002614
555 0.0000002609
556 0.0000002604
557 0.0000002600
558 0.0000002595
559 0.0000002590
560 0.0000002586
561 0.0000002581
562 0.0000002577
563 0.0000002572
564 0.0000002567
565 0.0000002563
566 0.0000002558
567 0.0000002554
568 0.0000002549
569 0.0000002545
570 0.0000002540
571 0.0000002536
572 0.0000002532
573 0.0000002527
574 0.0000002523
575 0.0000002518
576 0.0000002514
577 0.0000002510
578 0.0000002505
579 0.0000002501
580 0.0000002497
581 0.0000002492
582 0.0000002488
583 0.0000002484
584 0.0000002479
585 0.0000002475
586 0.0000002471
587 0.0000002467
588 0.0000002463
589 0.0000002458
590 0.0000002454
591 0.0000002450
592 0.0000002446
593 0.0000002442
594 0.0000002438
595 0.0000002434
596 0.0000002430
597 0.0000002425
598 0.0000002421
599 0.0000002417
600 0.0000002413
601 0.0000002409
602 0.0000002405
603 0.0000002401
604 0.0000002397
605 0.0000002393
606 0.0000002389
607 0.0000002385
608 0.0000002382
609 0.0000002378
610 0.0000002374
611 0.0000002370
612 0.0000002366
613 0.0000002362
614 0.0000002358
615 0.0000002354
616 0.0000002351
617 0.0000002347
618 0.0000002343
619 0.0000002339
620 0.0000002335
621 0.0000002332
622 0.0000002328
623 0.0000002324
624 0.0000002320
625 0.0000002317
626 0.0000002313
627 0.0000002309
628 0.0000002306
629 0.0000002302
630 0.0000002298
631 0.0000002295
632 0.0000002291
633 0.0000002287
634 0.0000002284
635 0.0000002280
636 0.0000002277
637 0.0000002273
638 0.0000002269
639 0.0000002266
640 0.0000002262
641 0.0000002259
642 0.0000002255
643 0.0000002252
644 0.0000002248
645 0.0000002245
646 0.0000002241
647 0.0000002238
648 0.0000002234
649 0.0000002231
650 0.0000002228
651 0.0000002224
652 0.0000002221
653 0.0000002217
654 0.0000002214
655 0.0000002211
656 0.0000002207
657 0.0000002204
658 0.0000002200
659 0.0000002197
660 0.0000002194
661 0.0000002190
662 0.0000002187
663 0.0000002184
664 0.0000002181
665 0.0000002177
666 0.0000002174
667 0.0000002171
668 0.0000002168
669 0.0000002164
670 0.0000002161
671 0.0000002158
672 0.0000002155
673 0.0000002151
674 0.0000002148
675 0.0000002145
676 0.0000002142
677 0.0000002139
678 0.0000002136
679 0.0000002132
680 0.0000002129
681 0.0000002126
682 0.0000002123
683 0.0000002120
684 0.0000002117
685 0.0000002114
686 0.0000002111
687 0.0000002108
688 0.0000002104
689 0.0000002101
690 0.0000002098
691 0.0000002095
692 0.0000002092
693 0.0000002089
694 0.0000002086
695 0.0000002083
696 0.0000002080
697 0.0000002077
698 0.0000002074
699 0.0000002071
700 0.0000002068
701 0.0000002065
702 0.0000002062
703 0.0000002060
704 0.0000002057
705 0.0000002054
706 0.0000002051
707 0.0000002048
708 0.0000002045
709 0.0000002042
710 0.0000002039
711 0.0000002036
712 0.0000002033
713 0.0000002031
714 0.0000002028
715 0.0000002025
716 0.0000002022
717 0.0000002019
718 0.0000002016
719 0.0000002014
720 0.0000002011
721 0.0000002008
722 0.0000002005
723 0.0000002003
724 0.0000002000
725 0.0000001997
726 0.0000001994
727 0.0000001991
728 0.0000001989
729 0.0000001986
730 0.0000001983
731 0.0000001981
732 0.0000001978
733 0.0000001975
734 0.0000001972
735 0.0000001970
736 0.0000001967
737 0.0000001964
738 0.0000001962
739 0.0000001959
740 0.0000001956
741 0.0000001954
742 0.0000001951
743 0.0000001949
744 0.0000001946
745 0.0000001943
746 0.0000001941
747 0.0000001938
748 0.0000001936
749 0.0000001933
750 0.0000001930
751 0.0000001928
752 0.0000001925
753 0.0000001923
754 0.0000001920
755 0.0000001918
756 0.0000001915
757 0.0000001913
758 0.0000001910
759 0.0000001907
760 0.0000001905
761 0.0000001902
762 0.0000001900
763 0.0000001897
764 0.0000001895
765 0.0000001892
766 0.0000001890
767 0.0000001888
768 0.0000001885
769 0.0000001883
770 0.0000001880
771 0.0000001878
772 0.0000001875
773 0.0000001873
774 0.0000001870
775 0.0000001868
776 0.0000001866
777 0.0000001863
778 0.0000001861
779 0.0000001858
780 0.0000001856
781 0.0000001854
782 0.0000001851
783 0.0000001849
784 0.0000001847
785 0.0000001844
786 0.0000001842
787 0.0000001840
788 0.0000001837
789 0.0000001835
790 0.0000001833
791 0.0000001830
792 0.0000001828
793 0.0000001826
794 0.0000001823
795 0.0000001821
796 0.0000001819
797 0.0000001816
798 0.0000001814
799 0.0000001812
800 0.0000001810
801 0.0000001807
802 0.0000001805
803 0.0000001803
804 0.0000001801
805 0.0000001798
806 0.0000001796
807 0.0000001794
808 0.0000001792
809 0.0000001789
810 0.0000001787
811 0.0000001785
812 0.0000001783
813 0.0000001781
814 0.0000001778
815 0.0000001776
816 0.0000001774
817 0.0000001772
818 0.0000001770
819 0.0000001768
820 0.0000001765
821 0.0000001763
822 0.0000001761
823 0.0000001759
824 0.0000001757
825 0.0000001755
826 0.0000001753
827 0.0000001750
828 0.0000001748
829 0.0000001746
830 0.0000001744
831 0.0000001742
832 0.0000001740
833 0.0000001738
834 0.0000001736
835 0.0000001734
836 0.0000001732
837 0.0000001730
838 0.0000001727
839 0.0000001725
840 0.0000001723
841 0.0000001721
842 0.0000001719
843 0.0000001717
844 0.0000001715
845 0.0000001713
846 0.0000001711
847 0.0000001709
848 0.0000001707
849 0.0000001705
850 0.0000001703
851 0.0000001701
852 0.0000001699
853 0.0000001697
854 0.0000001695
855 0.0000001693
856 0.0000001691
857 0.0000001689
858 0.0000001687
859 0.0000001685
860 0.0000001683
861 0.0000001681
862 0.0000001679
863 0.0000001677
864 0.0000001675
865 0.0000001674
866 0.0000001672
867 0.0000001670
868 0.0000001668
869 0.0000001666
870 0.0000001664
871 0.0000001662
872 0.0000001660
873 0.0000001658
874 0.0000001656
875 0.0000001654
876 0.0000001652
877 0.0000001651
878 0.0000001649
879 0.0000001647
880 0.0000001645
881 0.0000001643
882 0.0000001641
883 0.0000001639
884 0.0000001637
885 0.0000001636
886 0.0000001634
887 0.0000001632
888 0.0000001630
889 0.0000001628
890 0.0000001626
891 0.0000001625
892 0.0000001623
893 0.0000001621
894 0.0000001619
895 0.0000001617
896 0.0000001616
897 0.0000001614
898 0.0000001612
899 0.0000001610
900 0.0000001608
901 0.0000001607
902 0.0000001605
903 0.0000001603
904 0.0000001601
905 0.0000001599
906 0.0000001598
907 0.0000001596
908 0.0000001594
909 0.0000001592
910 0.0000001591
911 0.0000001589
912 0.0000001587
913 0.0000001585
914 0.0000001584
915 0.0000001582
916 0.0000001580
917 0.0000001578
918 0.0000001577
919 0.0000001575
920 0.0000001573
921 0.0000001572
922 0.0000001570
923 0.0000001568
924 0.0000001567
925 0.0000001565
926 0.0000001563
927 0.0000001561
928 0.0000001560
929 0.0000001558
930 0.0000001556
931 0.0000001555
932 0.0000001553
933 0.0000001551
934 0.0000001550
935 0.0000001548
936 0.0000001546
937 0.0000001545
938 0.0000001543
939 0.0000001541
940 0.0000001540
941 0.0000001538
942 0.0000001537
943 0.0000001535
944 0.0000001533
945 0.0000001532
946 0.0000001530
947 0.0000001528
948 0.0000001527
949 0.0000001525
950 0.0000001524
951 0.0000001522
952 0.0000001520
953 0.0000001519
954 0.0000001517
955 0.0000001516
956 0.0000001514
957 0.0000001512
958 0.0000001511
959 0.0000001509
960 0.0000001508
961 0.0000001506
962 0.0000001505
963 0.0000001503
964 0.0000001501
965 0.0000001500
966 0.0000001498
967 0.0000001497
968 0.0000001495
969 0.0000001494
970 0.0000001492
971 0.0000001491
972 0.0000001489
973 0.0000001488
974 0.0000001486
975 0.0000001484
976 0.0000001483
977 0.0000001481
978 0.0000001480
979 0.0000001478
980 0.0000001477
981 0.0000001475
982 0.0000001474
983 0.0000001472
984 0.0000001471
985 0.0000001469
986 0.0000001468
987 0.0000001466
988 0.0000001465
989 0.0000001463
990 0.0000001462
991 0.0000001460
992 0.0000001459
993 0.0000001458
994 0.0000001456
995 0.0000001455
996 0.0000001453
997 0.0000001452
998 0.0000001450
999 0.0000001449
1000 0.0000001447
1001 0.0000001446
1002 0.0000001444
1003 0.0000001443
1004 0.0000001442
1005 0.0000001440
1006 0.0000001439
1007 0.0000001437
1008 0.0000001436
1009 0.0000001434
1010 0.0000001433
1011 0.0000001432
1012 0.0000001430
1013 0.0000001429
1014 0.0000001427
1015 0.0000001426
1016 0.0000001424
1017 0.0000001423
1018 0.0000001422
1019 0.0000001420
1020 0.0000001419
1021 0.0000001417
1022 0.0000001416
1023 0.0000001415
1024 0.0000001413
1025 0.0000001412
1026 0.0000001411
1027 0.0000001409
1028 0.0000001408
1029 0.0000001406
1030 0.0000001405
1031 0.0000001404
1032 0.0000001402
1033 0.0000001401
1034 0.0000001400
1035 0.0000001398
1036 0.0000001397
1037 0.0000001396
1038 0.0000001394
1039 0.0000001393
1040 0.0000001392
1041 0.0000001390
1042 0.0000001389
1043 0.0000001388
1044 0.0000001386
1045 0.0000001385
1046 0.0000001384
1047 0.0000001382
1048 0.0000001381
1049 0.0000001380
1050 0.0000001378
1051 0.0000001377
1052 0.0000001376
1053 0.0000001374
1054 0.0000001373
1055 0.0000001372
1056 0.0000001370
1057 0.0000001369
1058 0.0000001368
1059 0.0000001367
1060 0.0000001365
1061 0.0000001364
1062 0.0000001363
1063 0.0000001361
1064 0.0000001360
1065 0.0000001359
1066 0.0000001358
1067 0.0000001356
1068 0.0000001355
1069 0.0000001354
1070 0.0000001352
1071 0.0000001351
1072 0.0000001350
1073 0.0000001349
1074 0.0000001347
1075 0.0000001346
1076 0.0000001345
1077 0.0000001344
1078 0.0000001342
1079 0.0000001341
1080 0.0000001340
1081 0.0000001339
1082 0.0000001337
1083 0.0000001336
1084 0.0000001335
1085 0.0000001334
1086 0.0000001332
1087 0.0000001331
1088 0.0000001330
1089 0.0000001329
1090 0.0000001328
1091 0.0000001326
1092 0.0000001325
1093 0.0000001324
1094 0.0000001323
1095 0.0000001321
1096 0.0000001320
1097 0.0000001319
1098 0.0000001318
1099 0.0000001317
1100 0.0000001315
1101 0.0000001314
1102 0.0000001313
1103 0.0000001312
1104 0.0000001311
1105 0.0000001310
1106 0.0000001308
1107 0.0000001307
1108 0.0000001306
1109 0.0000001305
1110 0.0000001304
1111 0.0000001302
1112 0.0000001301
1113 0.0000001300
1114 0.0000001299
1115 0.0000001298
1116 0.0000001297
1117 0.0000001295
1118 0.0000001294
1119 0.0000001293
1120 0.0000001292
1121 0.0000001291
1122 0.0000001290
1123 0.0000001288
1124 0.0000001287
1125 0.0000001286
1126 0.0000001285
1127 0.0000001284
1128 0.0000001283
1129 0.0000001282
1130 0.0000001280
1131 0.0000001279
1132 0.0000001278
1133 0.0000001277
1134 0.0000001276
1135 0.0000001275
1136 0.0000001274
1137 0.0000001273
1138 0.0000001271
1139 0.0000001270
1140 0.0000001269
1141 0.0000001268
1142 0.0000001267
1143 0.0000001266
1144 0.0000001265
1145 0.0000001264
1146 0.0000001263
1147 0.0000001261
1148 0.0000001260
1149 0.0000001259
1150 0.0000001258
1151 0.0000001257
1152 0.0000001256
1153 0.0000001255
1154 0.0000001254
1155 0.0000001253
1156 0.0000001252
1157 0.0000001251
1158 0.0000001249
1159 0.0000001248
1160 0.0000001247
1161 0.0000001246
1162 0.0000001245
1163 0.0000001244
1164 0.0000001243
1165 0.0000001242
1166 0.0000001241
1167 0.0000001240
1168 0.0000001239
1169 0.0000001238
1170 0.0000001237
1171 0.0000001236
1172 0.0000001234
1173 0.0000001233
1174 0.0000001232
1175 0.0000001231
1176 0.0000001230
1177 0.0000001229
1178 0.0000001228
1179 0.0000001227
1180 0.0000001226
1181 0.0000001225
1182 0.0000001224
1183 0.0000001223
1184 0.0000001222
1185 0.0000001221
1186 0.0000001220
1187 0.0000001219
1188 0.0000001218
1189 0.0000001217
1190 0.0000001216
1191 0.0000001215
1192 0.0000001214
1193 0.0000001213
1194 0.0000001212
1195 0.0000001211
1196 0.0000001210
1197 0.0000001209
1198 0.0000001208
1199 0.0000001207
1200 0.0000001206
1201 0.0000001205
1202 0.0000001204
1203 0.0000001203
1204 0.0000001202
1205 0.0000001201
1206 0.0000001200
1207 0.0000001199
1208 0.0000001198
1209 0.0000001197
1210 0.0000001196
1211 0.0000001195
1212 0.0000001194
1213 0.0000001193
1214 0.0000001192
1215 0.0000001191
1216 0.0000001190
1217 0.0000001189
1218 0.0000001188
1219 0.0000001187
1220 0.0000001186
1221 0.0000001185
1222 0.0000001184
1223 0.0000001183
1224 0.0000001182
1225 0.0000001181
1226 0.0000001180
1227 0.0000001179
1228 0.0000001178
1229 0.0000001177
1230 0.0000001176
1231 0.0000001175
1232 0.0000001174
1233 0.0000001173
1234 0.0000001172
1235 0.0000001171
1236 0.0000001170
1237 0.0000001169
1238 0.0000001168
1239 0.0000001168
1240 0.0000001167
1241 0.0000001166
1242 0.0000001165
1243 0.0000001164
1244 0.0000001163
1245 0.0000001162
1246 0.0000001161
1247 0.0000001160
1248 0.0000001159
1249 0.0000001158
1250 0.0000001157
1251 0.0000001156
1252 0.0000001155
1253 0.0000001154
1254 0.0000001153
1255 0.0000001153
1256 0.0000001152
1257 0.0000001151
1258 0.0000001150
1259 0.0000001149
1260 0.0000001148
1261 0.0000001147
1262 0.0000001146
1263 0.0000001145
1264 0.0000001144
1265 0.0000001143
1266 0.0000001143
1267 0.0000001142
1268 0.0000001141
1269 0.0000001140
1270 0.0000001139
1271 0.0000001138
1272 0.0000001137
1273 0.0000001136
1274 0.0000001135
1275 0.0000001134
1276 0.0000001134
1277 0.0000001133
1278 0.0000001132
1279 0.0000001131
1280 0.0000001130
1281 0.0000001129
1282 0.0000001128
1283 0.0000001127
1284 0.0000001126
1285 0.0000001126
1286 0.0000001125
1287 0.0000001124
1288 0.0000001123
1289 0.0000001122
1290 0.0000001121
1291 0.0000001120
1292 0.0000001119
1293 0.0000001119
1294 0.0000001118
1295 0.0000001117
1296 0.0000001116
1297 0.0000001115
1298 0.0000001114
1299 0.0000001113
1300 0.0000001113
1301 0.0000001112
1302 0.0000001111
1303 0.0000001110
1304 0.0000001109
1305 0.0000001108
1306 0.0000001107
1307 0.0000001107
1308 0.0000001106
1309 0.0000001105
1310 0.0000001104
1311 0.0000001103
1312 0.0000001102
1313 0.0000001101
1314 0.0000001101
1315 0.0000001100
1316 0.0000001099
1317 0.0000001098
1318 0.0000001097
1319 0.0000001096
1320 0.0000001096
1321 0.0000001095
1322 0.0000001094
1323 0.0000001093
1324 0.0000001092
1325 0.0000001091
1326 0.0000001091
1327 0.0000001090
1328 0.0000001089
1329 0.0000001088
1330 0.0000001087
1331 0.0000001086
1332 0.0000001086
1333 0.0000001085
1334 0.0000001084
1335 0.0000001083
1336 0.0000001082
1337 0.0000001082
1338 0.0000001081
1339 0.0000001080
1340 0.0000001079
1341 0.0000001078
1342 0.0000001078
1343 0.0000001077
1344 0.0000001076
1345 0.0000001075
1346 0.0000001074
1347 0.0000001074
1348 0.0000001073
1349 0.0000001072
1350 0.0000001071
1351 0.0000001070
1352 0.0000001070
1353 0.0000001069
1354 0.0000001068
1355 0.0000001067
1356 0.0000001066
1357 0.0000001066
1358 0.0000001065
1359 0.0000001064
1360 0.0000001063
1361 0.0000001062
1362 0.0000001062
1363 0.0000001061
1364 0.0000001060
1365 0.0000001059
1366 0.0000001058
1367 0.0000001058
1368 0.0000001057
1369 0.0000001056
1370 0.0000001055
1371 0.0000001055
1372 0.0000001054
1373 0.0000001053
1374 0.0000001052
1375 0.0000001052
1376 0.0000001051
1377 0.0000001050
1378 0.0000001049
1379 0.0000001048
1380 0.0000001048
1381 0.0000001047
1382 0.0000001046
1383 0.0000001045
1384 0.0000001045
1385 0.0000001044
1386 0.0000001043
1387 0.0000001042
1388 0.0000001042
1389 0.0000001041
1390 0.0000001040
1391 0.0000001039
1392 0.0000001039
1393 0.0000001038
1394 0.0000001037
1395 0.0000001036
1396 0.0000001036
1397 0.0000001035
1398 0.0000001034
1399 0.0000001033
1400 0.0000001033
1401 0.0000001032
1402 0.0000001031
1403 0.0000001030
1404 0.0000001030
1405 0.0000001029
1406 0.0000001028
1407 0.0000001027
1408 0.0000001027
1409 0.0000001026
1410 0.0000001025
1411 0.0000001025
1412 0.0000001024
1413 0.0000001023
1414 0.0000001022
1415 0.0000001022
1416 0.0000001021
1417 0.0000001020
1418 0.0000001019
1419 0.0000001019
1420 0.0000001018
1421 0.0000001017
1422 0.0000001017
1423 0.0000001016
1424 0.0000001015
1425 0.0000001014
1426 0.0000001014
1427 0.0000001013
1428 0.0000001012
1429 0.0000001012
1430 0.0000001011
1431 0.0000001010
1432 0.0000001009
1433 0.0000001009
1434 0.0000001008
1435 0.0000001007
1436 0.0000001007
1437 0.0000001006
1438 0.0000001005
1439 0.0000001004
1440 0.0000001004
1441 0.0000001003
1442 0.0000001002
1443 0.0000001002
1444 0.0000001001
1445 0.0000001000
1446 0.0000001000
1447 0.0000000999
1448 0.0000000998
1449 0.0000000997
1450 0.0000000997
1451 0.0000000996
1452 0.0000000995
1453 0.0000000995
1454 0.0000000994
1455 0.0000000993
1456 0.0000000993
1457 0.0000000992
1458 0.0000000991
1459 0.0000000991
1460 0.0000000990
1461 0.0000000989
1462 0.0000000989
1463 0.0000000988
1464 0.0000000987
1465 0.0000000986
1466 0.0000000986
1467 0.0000000985
1468 0.0000000984
1469 0.0000000984
1470 0.0000000983
1471 0.0000000982
1472 0.0000000982
1473 0.0000000981
1474 0.0000000980
1475 0.0000000980
1476 0.0000000979
1477 0.0000000978
1478 0.0000000978
1479 0.0000000977
1480 0.0000000976
1481 0.0000000976
1482 0.0000000975
1483 0.0000000974
1484 0.0000000974
1485 0.0000000973
1486 0.0000000972
1487 0.0000000972
1488 0.0000000971
1489 0.0000000970
1490 0.0000000970
1491 0.0000000969
1492 0.0000000968
1493 0.0000000968
1494 0.0000000967
1495 0.0000000967
1496 0.0000000966
1497 0.0000000965
1498 0.0000000965
1499 0.0000000964
1500 0.0000000963
1501 0.0000000963
1502 0.0000000962
1503 0.0000000961
1504 0.0000000961
1505 0.0000000960
1506 0.0000000959
1507 0.0000000959
1508 0.0000000958
1509 0.0000000957
1510 0.0000000957
1511 0.0000000956
1512 0.0000000956
1513 0.0000000955
1514 0.0000000954
1515 0.0000000954
1516 0.0000000953
1517 0.0000000952
1518 0.0000000952
1519 0.0000000951
1520 0.0000000950
1521 0.0000000950
1522 0.0000000949
1523 0.0000000949
1524 0.0000000948
1525 0.0000000947
1526 0.0000000947
1527 0.0000000946
1528 0.0000000945
1529 0.0000000945
1530 0.0000000944
1531 0.0000000944
1532 0.0000000943
1533 0.0000000942
1534 0.0000000942
1535 0.0000000941
1536 0.0000000940
1537 0.0000000940
1538 0.0000000939
1539 0.0000000939
1540 0.0000000938
1541 0.0000000937
1542 0.0000000937
1543 0.0000000936
1544 0.0000000936
1545 0.0000000935
1546 0.0000000934
1547 0.0000000934
1548 0.0000000933
1549 0.0000000932
1550 0.0000000932
1551 0.0000000931
1552 0.0000000931
1553 0.0000000930
1554 0.0000000929
1555 0.0000000929
1556 0.0000000928
1557 0.0000000928
1558 0.0000000927
1559 0.0000000926
1560 0.0000000926
1561 0.0000000925
1562 0.0000000925
1563 0.0000000924
1564 0.0000000923
1565 0.0000000923
1566 0.0000000922
1567 0.0000000922
1568 0.0000000921
1569 0.0000000920
1570 0.0000000920
1571 0.0000000919
1572 0.0000000919
1573 0.0000000918
1574 0.0000000917
1575 0.0000000917
1576 0.0000000916
1577 0.0000000916
1578 0.0000000915
1579 0.0000000914
1580 0.0000000914
1581 0.0000000913
1582 0.0000000913
1583 0.0000000912
1584 0.0000000912
1585 0.0000000911
1586 0.0000000910
1587 0.0000000910
1588 0.0000000909
1589 0.0000000909
1590 0.0000000908
1591 0.0000000907
1592 0.0000000907
1593 0.0000000906
1594 0.0000000906
1595 0.0000000905
1596 0.0000000905
1597 0.0000000904
1598 0.0000000903
1599 0.0000000903
1600 0.0000000902
1601 0.0000000902
1602 0.0000000901
1603 0.0000000901
1604 0.0000000900
1605 0.0000000899
1606 0.0000000899
1607 0.0000000898
1608 0.0000000898
1609 0.0000000897
1610 0.0000000897
1611 0.0000000896
1612 0.0000000895
1613 0.0000000895
1614 0.0000000894
1615 0.0000000894
1616 0.0000000893
1617 0.0000000893
1618 0.0000000892
1619 0.0000000892
1620 0.0000000891
1621 0.0000000890
1622 0.0000000890
1623 0.0000000889
1624 0.0000000889
1625 0.0000000888
1626 0.0000000888
1627 0.0000000887
1628 0.0000000886
1629 0.0000000886
1630 0.0000000885
1631 0.0000000885
1632 0.0000000884
1633 0.0000000884
1634 0.0000000883
1635 0.0000000883
1636 0.0000000882
1637 0.0000000882
1638 0.0000000881
1639 0.0000000880
1640 0.0000000880
1641 0.0000000879
1642 0.0000000879
1643 0.0000000878
1644 0.0000000878
1645 0.0000000877
1646 0.0000000877
1647 0.0000000876
1648 0.0000000876
1649 0.0000000875
1650 0.0000000874
1651 0.0000000874
1652 0.0000000873
1653 0.0000000873
1654 0.0000000872
1655 0.0000000872
1656 0.0000000871
1657 0.0000000871
1658 0.0000000870
1659 0.0000000870
1660 0.0000000869
1661 0.0000000869
1662 0.0000000868
1663 0.0000000867
1664 0.0000000867
1665 0.0000000866
1666 0.0000000866
1667 0.0000000865
1668 0.0000000865
1669 0.0000000864
1670 0.0000000864
1671 0.0000000863
1672 0.0000000863
1673 0.0000000862
1674 0.0000000862
1675 0.0000000861
1676 0.0000000861
1677 0.0000000860
1678 0.0000000859
1679 0.0000000859
1680 0.0000000858
1681 0.0000000858
1682 0.0000000857
1683 0.0000000857
1684 0.0000000856
1685 0.0000000856
1686 0.0000000855
1687 0.0000000855
1688 0.0000000854
1689 0.0000000854
1690 0.0000000853
1691 0.0000000853
1692 0.0000000852
1693 0.0000000852
1694 0.0000000851
1695 0.0000000851
1696 0.0000000850
1697 0.0000000850
1698 0.0000000849
1699 0.0000000849
1700 0.0000000848
1701 0.0000000848
1702 0.0000000847
1703 0.0000000846
1704 0.0000000846
1705 0.0000000845
1706 0.0000000845
1707 0.0000000844
1708 0.0000000844
1709 0.0000000843
1710 0.0000000843
1711 0.0000000842
1712 0.0000000842
1713 0.0000000841
1714 0.0000000841
1715 0.0000000840
1716 0.0000000840
1717 0.0000000839
1718 0.0000000839
1719 0.0000000838
1720 0.0000000838
1721 0.0000000837
1722 0.0000000837
1723 0.0000000836
1724 0.0000000836
1725 0.0000000835
1726 0.0000000835
1727 0.0000000834
1728 0.0000000834
1729 0.0000000833
1730 0.0000000833
1731 0.0000000832
1732 0.0000000832
1733 0.0000000831
1734 0.0000000831
1735 0.0000000830
1736 0.0000000830
1737 0.0000000829
1738 0.0000000829
1739 0.0000000828
1740 0.0000000828
1741 0.0000000827
1742 0.0000000827
1743 0.0000000826
1744 0.0000000826
1745 0.0000000825
1746 0.0000000825
1747 0.0000000824
1748 0.0000000824
1749 0.0000000823
1750 0.0000000823
1751 0.0000000822
1752 0.0000000822
1753 0.0000000821
1754 0.0000000821
1755 0.0000000820
1756 0.0000000820
1757 0.0000000819
1758 0.0000000819
1759 0.0000000818
1760 0.0000000818
1761 0.0000000817
1762 0.0000000817
1763 0.0000000817
1764 0.0000000816
1765 0.0000000816
1766 0.0000000815
1767 0.0000000815
1768 0.0000000814
1769 0.0000000814
1770 0.0000000813
1771 0.0000000813
1772 0.0000000812
1773 0.0000000812
1774 0.0000000811
1775 0.0000000811
1776 0.0000000810
1777 0.0000000810
1778 0.0000000809
1779 0.0000000809
1780 0.0000000808
1781 0.0000000808
1782 0.0000000807
1783 0.0000000807
1784 0.0000000806
1785 0.0000000806
1786 0.0000000805
1787 0.0000000805
1788 0.0000000804
1789 0.0000000804
1790 0.0000000803
1791 0.0000000803
1792 0.0000000803
1793 0.0000000802
1794 0.0000000802
1795 0.0000000801
1796 0.0000000801
1797 0.0000000800
1798 0.0000000800
1799 0.0000000799
1800 0.0000000799
1801 0.0000000798
1802 0.0000000798
1803 0.0000000797
1804 0.0000000797
1805 0.0000000796
1806 0.0000000796
1807 0.0000000795
1808 0.0000000795
1809 0.0000000794
1810 0.0000000794
1811 0.0000000793
1812 0.0000000793
1813 0.0000000793
1814 0.0000000792
1815 0.0000000792
1816 0.0000000791
1817 0.0000000791
1818 0.0000000790
1819 0.0000000790
1820 0.0000000789
1821 0.0000000789
1822 0.0000000788
1823 0.0000000788
1824 0.0000000787
1825 0.0000000787
1826 0.0000000786
1827 0.0000000786
1828 0.0000000785
1829 0.0000000785
1830 0.0000000784
1831 0.0000000784
1832 0.0000000783
1833 0.0000000783
1834 0.0000000783
1835 0.0000000782
1836 0.0000000782
1837 0.0000000781
1838 0.0000000781
1839 0.0000000780
1840 0.0000000780
1841 0.0000000779
1842 0.0000000779
1843 0.0000000778
1844 0.0000000778
1845 0.0000000777
1846 0.0000000777
1847 0.0000000776
1848 0.0000000776
1849 0.0000000775
1850 0.0000000775
1851 0.0000000774
1852 0.0000000774
1853 0.0000000774
1854 0.0000000773
1855 0.0000000773
1856 0.0000000772
1857 0.0000000772
1858 0.0000000771
1859 0.0000000771
1860 0.0000000770
1861 0.0000000770
1862 0.0000000769
1863 0.0000000769
1864 0.0000000768
1865 0.0000000768
1866 0.0000000767
1867 0.0000000767
1868 0.0000000766
1869 0.0000000766
1870 0.0000000765
1871 0.0000000765
1872 0.0000000764
1873 0.0000000764
1874 0.0000000763
1875 0.0000000763
1876 0.0000000762
1877 0.0000000762
1878 0.0000000762
1879 0.0000000761
1880 0.0000000761
1881 0.0000000760
1882 0.0000000760
1883 0.0000000759
1884 0.0000000759
1885 0.0000000758
1886 0.0000000758
1887 0.0000000757
1888 0.0000000757
1889 0.0000000756
1890 0.0000000756
1891 0.0000000755
1892 0.0000000755
1893 0.0000000754
1894 0.0000000754
1895 0.0000000753
1896 0.0000000753
1897 0.0000000752
1898 0.0000000752
1899 0.0000000751
1900 0.0000000751
1901 0.0000000750
1902 0.0000000750
1903 0.0000000749
1904 0.0000000749
1905 0.0000000748
1906 0.0000000748
1907 0.0000000747
1908 0.0000000747
1909 0.0000000746
1910 0.0000000745
1911 0.0000000745
1912 0.0000000744
1913 0.0000000744
1914 0.0000000743
1915 0.0000000743
1916 0.0000000742
1917 0.0000000742
1918 0.0000000741
1919 0.0000000741
1920 0.0000000740
1921 0.0000000740
1922 0.0000000739
1923 0.0000000739
1924 0.0000000738
1925 0.0000000737
1926 0.0000000737
1927 0.0000000736
1928 0.0000000736
1929 0.0000000735
1930 0.0000000735
1931 0.0000000734
1932 0.0000000733
1933 0.0000000733
1934 0.0000000732
1935 0.0000000732
1936 0.0000000731
1937 0.0000000731
1938 0.0000000730
1939 0.0000000729
1940 0.0000000729
1941 0.0000000728
1942 0.0000000728
1943 0.0000000727
1944 0.0000000726
1945 0.0000000726
1946 0.0000000725
1947 0.0000000724
1948 0.0000000724
1949 0.0000000723
1950 0.0000000722
1951 0.0000000722
1952 0.0000000721
1953 0.0000000720
1954 0.0000000720
1955 0.0000000719
1956 0.0000000718
1957 0.0000000718
1958 0.0000000717
1959 0.0000000716
1960 0.0000000716
1961 0.0000000715
1962 0.0000000714
1963 0.0000000713
1964 0.0000000713
1965 0.0000000712
1966 0.0000000711
1967 0.0000000710
1968 0.0000000709
1969 0.0000000709
1970 0.0000000708
1971 0.0000000707
1972 0.0000000706
1973 0.0000000705
1974 0.0000000704
1975 0.0000000703
1976 0.0000000702
1977 0.0000000702
1978 0.0000000701
1979 0.0000000699
1980 0.0000000698
1981 0.0000000697
1982 0.0000000696
1983 0.0000000695
1984 0.0000000694
1985 0.0000000693
1986 0.0000000691
1987 0.0000000690
1988 0.0000000688
1989 0.0000000686
1990 0.0000000684
1991 0.0000000682
1992 0.0000000680
1993 0.0000000677
1994 0.0000000673
1995 0.0000000669
1996 0.0000000662
1997 0.0000000652
1998 0.0000000632
1999 0.0000000563
2000 0.0000000000
