0 2000
0 0.9940760119
1 0.0016237034
2 0.0006669251
3 0.0004575171
4 0.0003310948
5 0.0002563133
6 0.0002074102
7 0.0001726667
8 0.0001467043
9 0.0001266227
10 0.0001106674
11 0.0000977116
12 0.0000870018
13 0.0000780166
14 0.0000703842
15 0.0000638321
16 0.0000581558
17 0.0000531991
18 0.0000488407
19 0.0000449846
20 0.0000415541
21 0.0000384873
22 0.0000357334
23 0.0000332506
24 0.0000310040
25 0.0000289643
26 0.0000271070
27 0.0000254108
28 0.0000238578
29 0.0000224326
30 0.0000211216
31 0.0000199133
32 0.0000187974
33 0.0000177650
34 0.0000168083
35 0.0000159202
36 0.0000150946
37 0.0000143261
38 0.0000136097
39 0.0000129410
40 0.0000123161
41 0.0000117316
42 0.0000111841
43 0.0000106708
44 0.0000101891
45 0.0000097367
46 0.0000093113
47 0.0000089109
48 0.0000085339
49 0.0000081786
50 0.0000078434
51 0.0000075270
52 0.0000072282
53 0.0000069456
54 0.0000066784
55 0.0000064254
56 0.0000061859
57 0.0000059588
58 0.0000057435
59 0.0000055392
60 0.0000053453
61 0.0000051611
62 0.0000049860
63 0.0000048196
64 0.0000046612
65 0.0000045105
66 0.0000043670
67 0.0000042302
68 0.0000040999
69 0.0000039756
70 0.0000038570
71 0.0000037438
72 0.0000036358
73 0.0000035325
74 0.0000034339
75 0.0000033396
76 0.0000032493
77 0.0000031630
78 0.0000030804
79 0.0000030013
80 0.0000029255
81 0.0000028528
82 0.0000027832
83 0.0000027164
84 0.0000026523
85 0.0000025908
86 0.0000025317
87 0.0000024750
88 0.0000024205
89 0.0000023681
90 0.0000023178
91 0.0000022693
92 0.0000022227
93 0.0000021778
94 0.0000021346
95 0.0000020930
96 0.0000020528
97 0.0000020142
98 0.0000019769
99 0.0000019409
100 0.0000019062
101 0.0000018727
102 0.0000018404
103 0.0000018092
104 0.0000017790
105 0.0000017498
106 0.0000017216
107 0.0000016943
108 0.0000016679
109 0.0000016424
110 0.0000016177
111 0.0000015937
112 0.0000015705
113 0.0000015480
114 0.0000015262
115 0.0000015051
116 0.0000014846
117 0.0000014647
118 0.0000014454
119 0.0000014267
120 0.0000014084
121 0.0000013907
122 0.0000013735
123 0.0000013568
124 0.0000013406
125 0.0000013248
126 0.0000013094
127 0.0000012944
128 0.0000012798
129 0.0000012656
130 0.0000012518
131 0.0000012383
132 0.0000012251
133 0.0000012123
134 0.0000011998
135 0.0000011876
136 0.0000011757
137 0.0000011641
138 0.0000011528
139 0.0000011417
140 0.0000011308
141 0.0000011203
142 0.0000011099
143 0.0000010998
144 0.0000010899
145 0.0000010802
146 0.0000010708
147 0.0000010615
148 0.0000010524
149 0.0000010435
150 0.0000010348
151 0.0000010263
152 0.0000010179
153 0.0000010097
154 0.0000010017
155 0.0000009938
156 0.0000009861
157 0.0000009785
158 0.0000009711
159 0.0000009638
160 0.0000009566
161 0.0000009496
162 0.0000009427
163 0.0000009359
164 0.0000009292
165 0.0000009226
166 0.0000009162
167 0.0000009098
168 0.0000009036
169 0.0000008975
170 0.0000008914
171 0.0000008855
172 0.0000008796
173 0.0000008739
174 0.0000008682
175 0.0000008627
176 0.0000008572
177 0.0000008518
178 0.0000008464
179 0.0000008412
180 0.0000008360
181 0.0000008309
182 0.0000008259
183 0.0000008210
184 0.0000008161
185 0.0000008113
186 0.0000008065
187 0.0000008018
188 0.0000007972
189 0.0000007926
190 0.0000007881
191 0.0000007837
192 0.0000007793
193 0.0000007750
194 0.0000007707
195 0.0000007665
196 0.0000007623
197 0.0000007582
198 0.0000007541
199 0.0000007501
200 0.0000007462
201 0.0000007422
202 0.0000007384
203 0.0000007345
204 0.0000007308
205 0.0000007270
206 0.0000007233
207 0.0000007197
208 0.0000007160
209 0.0000007125
210 0.0000007089
211 0.0000007054
212 0.0000007020
213 0.0000006985
214 0.0000006952
215 0.0000006918
216 0.0000006885
217 0.0000006852
218 0.0000006820
219 0.0000006788
220 0.0000006756
221 0.0000006724
222 0.0000006693
223 0.0000006662
224 0.0000006632
225 0.0000006601
226 0.0000006571
227 0.0000006542
228 0.0000006512
229 0.0000006483
230 0.0000006454
231 0.0000006426
232 0.0000006398
233 0.0000006370
234 0.0000006342
235 0.0000006314
236 0.0000006287
237 0.0000006260
238 0.0000006233
239 0.0000006207
240 0.0000006181
241 0.0000006155
242 0.0000006129
243 0.0000006103
244 0.0000006078
245 0.0000006053
246 0.0000006028
247 0.0000006003
248 0.0000005978
249 0.0000005954
250 0.0000005930
251 0.0000005906
252 0.0000005882
253 0.0000005859
254 0.0000005836
255 0.0000005812
256 0.0000005790
257 0.0000005767
258 0.0000005744
259 0.0000005722
260 0.0000005700
261 0.0000005678
262 0.0000005656
263 0.0000005634
264 0.0000005613
265 0.0000005591
266 0.0000005570
267 0.0000005549
268 0.0000005528
269 0.0000005508
270 0.0000005487
271 0.0000005467
272 0.0000005447
273 0.0000005427
274 0.0000005407
275 0.0000005387
276 0.0000005367
277 0.0000005348
278 0.0000005328
279 0.0000005309
280 0.0000005290
281 0.0000005271
282 0.0000005253
283 0.0000005234
284 0.0000005215
285 0.0000005197
286 0.0000005179
287 0.0000005161
288 0.0000005143
289 0.0000005125
290 0.0000005107
291 0.0000005089
292 0.0000005072
293 0.0000005055
294 0.0000005037
295 0.0000005020
296 0.0000005003
297 0.0000004986
298 0.0000004970
299 0.0000004953
300 0.0000004936
301 0.0000004920
302 0.0000004904
303 0.0000004887
304 0.0000004871
305 0.0000004855
306 0.0000004839
307 0.0000004824
308 0.0000004808
309 0.0000004792
310 0.0000004777
311 0.0000004761
312 0.0000004746
313 0.0000004731
314 0.0000004716
315 0.0000004701
316 0.0000004686
317 0.0000004671
318 0.0000004657
319 0.0000004642
320 0.0000004627
321 0.0000004613
322 0.0000004599
323 0.0000004584
324 0.0000004570
325 0.0000004556
326 0.0000004542
327 0.0000004528
328 0.0000004514
329 0.0000004501
330 0.0000004487
331 0.0000004473
332 0.0000004460
333 0.0000004447
334 0.0000004433
335 0.0000004420
336 0.0000004407
337 0.0000004394
338 0.0000004381
339 0.0000004368
340 0.0000004355
341 0.0000004342
342 0.0000004329
343 0.0000004317
344 0.0000004304
345 0.0000004292
346 0.0000004279
347 0.0000004267
348 0.0000004255
349 0.0000004243
350 0.0000004230
351 0.0000004218
352 0.0000004206
353 0.0000004194
354 0.0000004183
355 0.0000004171
356 0.0000004159
357 0.0000004147
358 0.0000004136
359 0.0000004124
360 0.0000004113
361 0.0000004101
362 0.0000004090
363 0.0000004079
364 0.0000004068
365 0.0000004056
366 0.0000004045
367 0.0000004034
368 0.0000004023
369 0.0000004012
370 0.0000004002
371 0.0000003991
372 0.0000003980
373 0.0000003969
374 0.0000003959
375 0.0000003948
376 0.0000003938
377 0.0000003927
378 0.0000003917
379 0.0000003907
380 0.0000003896
381 0.0000003886
382 0.0000003876
383 0.0000003866
384 0.0000003856
385 0.0000003846
386 0.0000003836
387 0.0000003826
388 0.0000003816
389 0.0000003806
390 0.0000003796
391 0.0000003787
392 0.0000003777
393 0.0000003767
394 0.0000003758
395 0.0000003748
396 0.0000003739
397 0.0000003729
398 0.0000003720
399 0.0000003711
400 0.0000003701
401 0.0000003692
402 0.0000003683
403 0.0000003674
404 0.0000003665
405 0.0000003656
406 0.0000003647
407 0.0000003638
408 0.0000003629
409 0.0000003620
410 0.0000003611
411 0.0000003602
412 0.0000003594
413 0.0000003585
414 0.0000003576
415 0.0000003568
416 0.0000003559
417 0.0000003550
418 0.0000003542
419 0.0000003534
420 0.0000003525
421 0.0000003517
422 0.0000003508
423 0.0000003500
424 0.0000003492
425 0.0000003484
426 0.0000003475
427 0.0000003467
428 0.0000003459
429 0.0000003451
430 0.0000003443
431 0.0000003435
432 0.0000003427
433 0.0000003419
434 0.0000003411
435 0.0000003404
436 0.0000003396
437 0.0000003388
438 0.0000003380
439 0.0000003372
440 0.0000003365
441 0.0000003357
442 0.0000003350
443 0.0000003342
444 0.0000003335
445 0.0000003327
446 0.0000003320
447 0.0000003312
448 0.0000003305
449 0.0000003297
450 0.0000003290
451 0.0000003283
452 0.0000003275
453 0.0000003268
454 0.0000003261
455 0.0000003254
456 0.0000003247
457 0.0000003240
458 0.0000003233
459 0.0000003225
460 0.0000003218
461 0.0000003211
462 0.0000003205
463 0.0000003198
464 0.0000003191
465 0.0000003184
466 0.0000003177
467 0.0000003170
468 0.0000003163
469 0.0000003157
470 0.0000003150
471 0.0000003143
472 0.0000003137
473 0.0000003130
474 0.0000003123
475 0.0000003117
476 0.0000003110
477 0.0000003104
478 0.0000003097
479 0.0000003091
480 0.0000003084
481 0.0000003078
482 0.0000003072
483 0.0000003065
484 0.0000003059
485 0.0000003053
486 0.0000003046
487 0.0000003040
488 0.0000003034
489 0.0000003028
490 0.0000003021
491 0.0000003015
492 0.0000003009
493 0.0000003003
494 0.0000002997
495 0.0000002991
496 0.0000002985
497 0.0000002979
498 0.0000002973
499 0.0000002967
500 0.0000002961
501 0.0000002955
502 0.0000002949
503 0.0000002943
504 0.0000002937
505 0.0000002932
506 0.0000002926
507 0.0000002920
508 0.0000002914
509 0.0000002909
510 0.0000002903
511 0.0000002897
512 0.0000002891
513 0.0000002886
514 0.0000002880
515 0.0000002875
516 0.0000002869
517 0.0000002864
518 0.0000002858
519 0.0000002852
520 0.0000002847
521 0.0000002842
522 0.0000002836
523 0.0000002831
524 0.0000002825
525 0.0000002820
526 0.0000002815
527 0.0000002809
528 0.0000002804
529 0.0000002799
530 0.0000002793
531 0.0000002788
532 0.0000002783
533 0.0000002778
534 0.0000002772
535 0.0000002767
536 0.0000002762
537 0.0000002757
538 0.0000002752
539 0.0000002747
540 0.0000002742
541 0.0000002736
542 0.0000002731
543 0.0000002726
544 0.0000002721
545 0.0000002716
546 0.0000002711
547 0.0000002706
548 0.0000002701
549 0.0000002697
550 0.0000002692
551 0.0000002687
552 0.0000002682
553 0.0000002677
554 0.0000002672
555 0.0000002667
556 0.0000002663
557 0.0000002658
558 0.0000002653
559 0.0000002648
560 0.0000002644
561 0.0000002639
562 0.0000002634
563 0.0000002629
564 0.0000002625
565 0.0000002620
566 0.0000002616
567 0.0000002611
568 0.0000002606
569 0.0000002602
570 0.0000002597
571 0.0000002593
572 0.0000002588
573 0.0000002584
574 0.0000002579
575 0.0000002575
576 0.0000002570
577 0.0000002566
578 0.0000002561
579 0.0000002557
580 0.0000002552
581 0.0000002548
582 0.0000002544
583 0.0000002539
584 0.0000002535
585 0.0000002531
586 0.0000002526
587 0.0000002522
588 0.0000002518
589 0.0000002513
590 0.0000002509
591 0.0000002505
592 0.0000002501
593 0.0000002496
594 0.0000002492
595 0.0000002488
596 0.0000002484
597 0.0000002480
598 0.0000002475
599 0.0000002471
600 0.0000002467
601 0.0000002463
602 0.0000002459
603 0.0000002455
604 0.0000002451
605 0.0000002447
606 0.0000002443
607 0.0000002439
608 0.0000002435
609 0.0000002431
610 0.0000002427
611 0.0000002423
612 0.0000002419
613 0.0000002415
614 0.0000002411
615 0.0000002407
616 0.0000002403
617 0.0000002399
618 0.0000002395
619 0.0000002391
620 0.0000002388
621 0.0000002384
622 0.0000002380
623 0.0000002376
624 0.0000002372
625 0.0000002368
626 0.0000002365
627 0.0000002361
628 0.0000002357
629 0.0000002353
630 0.0000002350
631 0.0000002346
632 0.0000002342
633 0.0000002339
634 0.0000002335
635 0.0000002331
636 0.0000002328
637 0.0000002324
638 0.0000002320
639 0.0000002317
640 0.0000002313
641 0.0000002309
642 0.0000002306
643 0.0000002302
644 0.0000002299
645 0.0000002295
646 0.0000002291
647 0.0000002288
648 0.0000002284
649 0.0000002281
650 0.0000002277
651 0.0000002274
652 0.0000002270
653 0.0000002267
654 0.0000002263
655 0.0000002260
656 0.0000002257
657 0.0000002253
658 0.0000002250
659 0.0000002246
660 0.0000002243
661 0.0000002239
662 0.0000002236
663 0.0000002233
664 0.0000002229
665 0.0000002226
666 0.0000002223
667 0.0000002219
668 0.0000002216
669 0.0000002213
670 0.0000002209
671 0.0000002206
672 0.0000002203
673 0.0000002199
674 0.0000002196
675 0.0000002193
676 0.0000002190
677 0.0000002186
678 0.0000002183
679 0.0000002180
680 0.0000002177
681 0.0000002174
682 0.0000002170
683 0.0000002167
684 0.0000002164
685 0.0000002161
686 0.0000002158
687 0.0000002155
688 0.0000002151
689 0.0000002148
690 0.0000002145
691 0.0000002142
692 0.0000002139
693 0.0000002136
694 0.0000002133
695 0.0000002130
696 0.0000002127
697 0.0000002124
698 0.0000002121
699 0.0000002118
700 0.0000002115
701 0.0000002112
702 0.0000002109
703 0.0000002106
704 0.0000002103
705 0.0000002100
706 0.0000002097
707 0.0000002094
708 0.0000002091
709 0.0000002088
710 0.0000002085
711 0.0000002082
712 0.0000002079
713 0.0000002076
714 0.0000002073
715 0.0000002070
716 0.0000002067
717 0.0000002064
718 0.0000002062
719 0.0000002059
720 0.0000002056
721 0.0000002053
722 0.0000002050
723 0.0000002047
724 0.0000002044
725 0.0000002042
726 0.0000002039
727 0.0000002036
728 0.0000002033
729 0.0000002030
730 0.0000002028
731 0.0000002025
732 0.0000002022
733 0.0000002019
734 0.0000002017
735 0.0000002014
736 0.0000002011
737 0.0000002008
738 0.0000002006
739 0.0000002003
740 0.0000002000
741 0.0000001997
742 0.0000001995
743 0.0000001992
744 0.0000001989
745 0.0000001987
746 0.0000001984
747 0.0000001981
748 0.0000001979
749 0.0000001976
750 0.0000001974
751 0.0000001971
752 0.0000001968
753 0.0000001966
754 0.0000001963
755 0.0000001960
756 0.0000001958
757 0.0000001955
758 0.0000001953
759 0.0000001950
760 0.0000001948
761 0.0000001945
762 0.0000001942
763 0.0000001940
764 0.0000001937
765 0.0000001935
766 0.0000001932
767 0.0000001930
768 0.0000001927
769 0.0000001925
770 0.0000001922
771 0.0000001920
772 0.0000001917
773 0.0000001915
774 0.0000001912
775 0.0000001910
776 0.0000001907
777 0.0000001905
778 0.0000001902
779 0.0000001900
780 0.0000001898
781 0.0000001895
782 0.0000001893
783 0.0000001890
784 0.0000001888
785 0.0000001885
786 0.0000001883
787 0.0000001881
788 0.0000001878
789 0.0000001876
790 0.0000001874
791 0.0000001871
792 0.0000001869
793 0.0000001866
794 0.0000001864
795 0.0000001862
796 0.0000001859
797 0.0000001857
798 0.0000001855
799 0.0000001852
800 0.0000001850
801 0.0000001848
802 0.0000001845
803 0.0000001843
804 0.0000001841
805 0.0000001839
806 0.0000001836
807 0.0000001834
808 0.0000001832
809 0.0000001829
810 0.0000001827
811 0.0000001825
812 0.0000001823
813 0.0000001820
814 0.0000001818
815 0.0000001816
816 0.0000001814
817 0.0000001812
818 0.0000001809
819 0.0000001807
820 0.0000001805
821 0.0000001803
822 0.0000001801
823 0.0000001798
824 0.0000001796
825 0.0000001794
826 0.0000001792
827 0.0000001790
828 0.0000001787
829 0.0000001785
830 0.0000001783
831 0.0000001781
832 0.0000001779
833 0.0000001777
834 0.0000001775
835 0.0000001772
836 0.0000001770
837 0.0000001768
838 0.0000001766
839 0.0000001764
840 0.0000001762
841 0.0000001760
842 0.0000001758
843 0.0000001756
844 0.0000001754
845 0.0000001751
846 0.0000001749
847 0.0000001747
848 0.0000001745
849 0.0000001743
850 0.0000001741
851 0.0000001739
852 0.0000001737
853 0.0000001735
854 0.0000001733
855 0.0000001731
856 0.0000001729
857 0.0000001727
858 0.0000001725
859 0.0000001723
860 0.0000001721
861 0.0000001719
862 0.0000001717
863 0.0000001715
864 0.0000001713
865 0.0000001711
866 0.0000001709
867 0.0000001707
868 0.0000001705
869 0.0000001703
870 0.0000001701
871 0.0000001699
872 0.0000001697
873 0.0000001695
874 0.0000001693
875 0.0000001691
876 0.0000001689
877 0.0000001687
878 0.0000001686
879 0.0000001684
880 0.0000001682
881 0.0000001680
882 0.0000001678
883 0.0000001676
884 0.0000001674
885 0.0000001672
886 0.0000001670
887 0.0000001668
888 0.0000001667
889 0.0000001665
890 0.0000001663
891 0.0000001661
892 0.0000001659
893 0.0000001657
894 0.0000001655
895 0.0000001653
896 0.0000001652
897 0.0000001650
898 0.0000001648
899 0.0000001646
900 0.0000001644
901 0.0000001642
902 0.0000001641
903 0.0000001639
904 0.0000001637
905 0.0000001635
906 0.0000001633
907 0.0000001632
908 0.0000001630
909 0.0000001628
910 0.0000001626
911 0.0000001624
912 0.0000001623
913 0.0000001621
914 0.0000001619
915 0.0000001617
916 0.0000001616
917 0.0000001614
918 0.0000001612
919 0.0000001610
920 0.0000001608
921 0.0000001607
922 0.0000001605
923 0.0000001603
924 0.0000001602
925 0.0000001600
926 0.0000001598
927 0.0000001596
928 0.0000001595
929 0.0000001593
930 0.0000001591
931 0.0000001589
932 0.0000001588
933 0.0000001586
934 0.0000001584
935 0.0000001583
936 0.0000001581
937 0.0000001579
938 0.0000001578
939 0.0000001576
940 0.0000001574
941 0.0000001573
942 0.0000001571
943 0.0000001569
944 0.0000001568
945 0.0000001566
946 0.0000001564
947 0.0000001563
948 0.0000001561
949 0.0000001559
950 0.0000001558
951 0.0000001556
952 0.0000001554
953 0.0000001553
954 0.0000001551
955 0.0000001549
956 0.0000001548
957 0.0000001546
958 0.0000001545
959 0.0000001543
960 0.0000001541
961 0.0000001540
962 0.0000001538
963 0.0000001537
964 0.0000001535
965 0.0000001533
966 0.0000001532
967 0.0000001530
968 0.0000001529
969 0.0000001527
970 0.0000001525
971 0.0000001524
972 0.0000001522
973 0.0000001521
974 0.0000001519
975 0.0000001518
976 0.0000001516
977 0.0000001515
978 0.0000001513
979 0.0000001511
980 0.0000001510
981 0.0000001508
982 0.0000001507
983 0.0000001505
984 0.0000001504
985 0.0000001502
986 0.0000001501
987 0.0000001499
988 0.0000001498
989 0.0000001496
990 0.0000001495
991 0.0000001493
992 0.0000001492
993 0.0000001490
994 0.0000001489
995 0.0000001487
996 0.0000001486
997 0.0000001484
998 0.0000001483
999 0.0000001481
1000 0.0000001480
1001 0.0000001478
1002 0.0000001477
1003 0.0000001475
1004 0.0000001474
1005 0.0000001472
1006 0.0000001471
1007 0.0000001469
1008 0.0000001468
1009 0.0000001466
1010 0.0000001465
1011 0.0000001464
1012 0.0000001462
1013 0.0000001461
1014 0.0000001459
1015 0.0000001458
1016 0.0000001456
1017 0.0000001455
1018 0.0000001453
1019 0.0000001452
1020 0.0000001451
1021 0.0000001449
1022 0.0000001448
1023 0.0000001446
1024 0.0000001445
1025 0.0000001443
1026 0.0000001442
1027 0.0000001441
1028 0.0000001439
1029 0.0000001438
1030 0.0000001436
1031 0.0000001435
1032 0.0000001434
1033 0.0000001432
1034 0.0000001431
1035 0.0000001430
1036 0.0000001428
1037 0.0000001427
1038 0.0000001425
1039 0.0000001424
1040 0.0000001423
1041 0.0000001421
1042 0.0000001420
1043 0.0000001419
1044 0.0000001417
1045 0.0000001416
1046 0.0000001414
1047 0.0000001413
1048 0.0000001412
1049 0.0000001410
1050 0.0000001409
1051 0.0000001408
1052 0.0000001406
1053 0.0000001405
1054 0.0000001404
1055 0.0000001402
1056 0.0000001401
1057 0.0000001400
1058 0.0000001398
1059 0.0000001397
1060 0.0000001396
1061 0.0000001394
1062 0.0000001393
1063 0.0000001392
1064 0.0000001390
1065 0.0000001389
1066 0.0000001388
1067 0.0000001387
1068 0.0000001385
1069 0.0000001384
1070 0.0000001383
1071 0.0000001381
1072 0.0000001380
1073 0.0000001379
1074 0.0000001378
1075 0.0000001376
1076 0.0000001375
1077 0.0000001374
1078 0.0000001372
1079 0.0000001371
1080 0.0000001370
1081 0.0000001369
1082 0.0000001367
1083 0.0000001366
1084 0.0000001365
1085 0.0000001364
1086 0.0000001362
1087 0.0000001361
1088 0.0000001360
1089 0.0000001358
1090 0.0000001357
1091 0.0000001356
1092 0.0000001355
1093 0.0000001354
1094 0.0000001352
1095 0.0000001351
1096 0.0000001350
1097 0.0000001349
1098 0.0000001347
1099 0.0000001346
1100 0.0000001345
1101 0.0000001344
1102 0.0000001342
1103 0.0000001341
1104 0.0000001340
1105 0.0000001339
1106 0.0000001338
1107 0.0000001336
1108 0.0000001335
1109 0.0000001334
1110 0.0000001333
1111 0.0000001332
1112 0.0000001330
1113 0.0000001329
1114 0.0000001328
1115 0.0000001327
1116 0.0000001326
1117 0.0000001324
1118 0.0000001323
1119 0.0000001322
1120 0.0000001321
1121 0.0000001320
1122 0.0000001318
1123 0.0000001317
1124 0.0000001316
1125 0.0000001315
1126 0.0000001314
1127 0.0000001313
1128 0.0000001311
1129 0.0000001310
1130 0.0000001309
1131 0.0000001308
1132 0.0000001307
1133 0.0000001306
1134 0.0000001304
1135 0.0000001303
1136 0.0000001302
1137 0.0000001301
1138 0.0000001300
1139 0.0000001299
1140 0.0000001298
1141 0.0000001296
1142 0.0000001295
1143 0.0000001294
1144 0.0000001293
1145 0.0000001292
1146 0.0000001291
1147 0.0000001290
1148 0.0000001289
1149 0.0000001287
1150 0.0000001286
1151 0.0000001285
1152 0.0000001284
1153 0.0000001283
1154 0.0000001282
1155 0.0000001281
1156 0.0000001280
1157 0.0000001278
1158 0.0000001277
1159 0.0000001276
1160 0.0000001275
1161 0.0000001274
1162 0.0000001273
1163 0.0000001272
1164 0.0000001271
1165 0.0000001270
1166 0.0000001269
1167 0.0000001267
1168 0.0000001266
1169 0.0000001265
1170 0.0000001264
1171 0.0000001263
1172 0.0000001262
1173 0.0000001261
1174 0.0000001260
1175 0.0000001259
1176 0.0000001258
1177 0.0000001257
1178 0.0000001256
1179 0.0000001255
1180 0.0000001253
1181 0.0000001252
1182 0.0000001251
1183 0.0000001250
1184 0.0000001249
1185 0.0000001248
1186 0.0000001247
1187 0.0000001246
1188 0.0000001245
1189 0.0000001244
1190 0.0000001243
1191 0.0000001242
1192 0.0000001241
1193 0.0000001240
1194 0.0000001239
1195 0.0000001238
1196 0.0000001237
1197 0.0000001236
1198 0.0000001235
1199 0.0000001234
1200 0.0000001233
1201 0.0000001231
1202 0.0000001230
1203 0.0000001229
1204 0.0000001228
1205 0.0000001227
1206 0.0000001226
1207 0.0000001225
1208 0.0000001224
1209 0.0000001223
1210 0.0000001222
1211 0.0000001221
1212 0.0000001220
1213 0.0000001219
1214 0.0000001218
1215 0.0000001217
1216 0.0000001216
1217 0.0000001215
1218 0.0000001214
1219 0.0000001213
1220 0.0000001212
1221 0.0000001211
1222 0.0000001210
1223 0.0000001209
1224 0.0000001208
1225 0.0000001207
1226 0.0000001206
1227 0.0000001205
1228 0.0000001204
1229 0.0000001203
1230 0.0000001202
1231 0.0000001201
1232 0.0000001200
1233 0.0000001199
1234 0.0000001198
1235 0.0000001197
1236 0.0000001196
1237 0.0000001196
1238 0.0000001195
1239 0.0000001194
1240 0.0000001193
1241 0.0000001192
1242 0.0000001191
1243 0.0000001190
1244 0.0000001189
1245 0.0000001188
1246 0.0000001187
1247 0.0000001186
1248 0.0000001185
1249 0.0000001184
1250 0.0000001183
1251 0.0000001182
1252 0.0000001181
1253 0.0000001180
1254 0.0000001179
1255 0.0000001178
1256 0.0000001177
1257 0.0000001176
1258 0.0000001175
1259 0.0000001175
1260 0.0000001174
1261 0.0000001173
1262 0.0000001172
1263 0.0000001171
1264 0.0000001170
1265 0.0000001169
1266 0.0000001168
1267 0.0000001167
1268 0.0000001166
1269 0.0000001165
1270 0.0000001164
1271 0.0000001163
1272 0.0000001163
1273 0.0000001162
1274 0.0000001161
1275 0.0000001160
1276 0.0000001159
1277 0.0000001158
1278 0.0000001157
1279 0.0000001156
1280 0.0000001155
1281 0.0000001154
1282 0.0000001153
1283 0.0000001153
1284 0.0000001152
1285 0.0000001151
1286 0.0000001150
1287 0.0000001149
1288 0.0000001148
1289 0.0000001147
1290 0.0000001146
1291 0.0000001145
1292 0.0000001144
1293 0.0000001144
1294 0.0000001143
1295 0.0000001142
1296 0.0000001141
1297 0.0000001140
1298 0.0000001139
1299 0.0000001138
1300 0.0000001137
1301 0.0000001136
1302 0.0000001136
1303 0.0000001135
1304 0.0000001134
1305 0.0000001133
1306 0.0000001132
1307 0.0000001131
1308 0.0000001130
1309 0.0000001130
1310 0.0000001129
1311 0.0000001128
1312 0.0000001127
1313 0.0000001126
1314 0.0000001125
1315 0.0000001124
1316 0.0000001123
1317 0.0000001123
1318 0.0000001122
1319 0.0000001121
1320 0.0000001120
1321 0.0000001119
1322 0.0000001118
1323 0.0000001118
1324 0.0000001117
1325 0.0000001116
1326 0.0000001115
1327 0.0000001114
1328 0.0000001113
1329 0.0000001112
1330 0.0000001112
1331 0.0000001111
1332 0.0000001110
1333 0.0000001109
1334 0.0000001108
1335 0.0000001107
1336 0.0000001107
1337 0.0000001106
1338 0.0000001105
1339 0.0000001104
1340 0.0000001103
1341 0.0000001102
1342 0.0000001102
1343 0.0000001101
1344 0.0000001100
1345 0.0000001099
1346 0.0000001098
1347 0.0000001097
1348 0.0000001097
1349 0.0000001096
1350 0.0000001095
1351 0.0000001094
1352 0.0000001093
1353 0.0000001093
1354 0.0000001092
1355 0.0000001091
1356 0.0000001090
1357 0.0000001089
1358 0.0000001089
1359 0.0000001088
1360 0.0000001087
1361 0.0000001086
1362 0.0000001085
1363 0.0000001085
1364 0.0000001084
1365 0.0000001083
1366 0.0000001082
1367 0.0000001081
1368 0.0000001081
1369 0.0000001080
1370 0.0000001079
1371 0.0000001078
1372 0.0000001077
1373 0.0000001077
1374 0.0000001076
1375 0.0000001075
1376 0.0000001074
1377 0.0000001073
1378 0.0000001073
1379 0.0000001072
1380 0.0000001071
1381 0.0000001070
1382 0.0000001070
1383 0.0000001069
1384 0.0000001068
1385 0.0000001067
1386 0.0000001066
1387 0.0000001066
1388 0.0000001065
1389 0.0000001064
1390 0.0000001063
1391 0.0000001063
1392 0.0000001062
1393 0.0000001061
1394 0.0000001060
1395 0.0000001060
1396 0.0000001059
1397 0.0000001058
1398 0.0000001057
1399 0.0000001056
1400 0.0000001056
1401 0.0000001055
1402 0.0000001054
1403 0.0000001053
1404 0.0000001053
1405 0.0000001052
1406 0.0000001051
1407 0.0000001050
1408 0.0000001050
1409 0.0000001049
1410 0.0000001048
1411 0.0000001047
1412 0.0000001047
1413 0.0000001046
1414 0.0000001045
1415 0.0000001044
1416 0.0000001044
1417 0.0000001043
1418 0.0000001042
1419 0.0000001041
1420 0.0000001041
1421 0.0000001040
1422 0.0000001039
1423 0.0000001039
1424 0.0000001038
1425 0.0000001037
1426 0.0000001036
1427 0.0000001036
1428 0.0000001035
1429 0.0000001034
1430 0.0000001033
1431 0.0000001033
1432 0.0000001032
1433 0.0000001031
1434 0.0000001031
1435 0.0000001030
1436 0.0000001029
1437 0.0000001028
1438 0.0000001028
1439 0.0000001027
1440 0.0000001026
1441 0.0000001025
1442 0.0000001025
1443 0.0000001024
1444 0.0000001023
1445 0.0000001023
1446 0.0000001022
1447 0.0000001021
1448 0.0000001020
1449 0.0000001020
1450 0.0000001019
1451 0.0000001018
1452 0.0000001018
1453 0.0000001017
1454 0.0000001016
1455 0.0000001016
1456 0.0000001015
1457 0.0000001014
1458 0.0000001013
1459 0.0000001013
1460 0.0000001012
1461 0.0000001011
1462 0.0000001011
1463 0.0000001010
1464 0.0000001009
1465 0.0000001009
1466 0.0000001008
1467 0.0000001007
1468 0.0000001006
1469 0.0000001006
1470 0.0000001005
1471 0.0000001004
1472 0.0000001004
1473 0.0000001003
1474 0.0000001002
1475 0.0000001002
1476 0.0000001001
1477 0.0000001000
1478 0.0000001000
1479 0.0000000999
1480 0.0000000998
1481 0.0000000998
1482 0.0000000997
1483 0.0000000996
1484 0.0000000995
1485 0.0000000995
1486 0.0000000994
1487 0.0000000993
1488 0.0000000993
1489 0.0000000992
1490 0.0000000991
1491 0.0000000991
1492 0.0000000990
1493 0.0000000989
1494 0.0000000989
1495 0.0000000988
1496 0.0000000987
1497 0.0000000987
1498 0.0000000986
1499 0.0000000985
1500 0.0000000985
1501 0.0000000984
1502 0.0000000983
1503 0.0000000983
1504 0.0000000982
1505 0.0000000981
1506 0.0000000981
1507 0.0000000980
1508 0.0000000979
1509 0.0000000979
1510 0.0000000978
1511 0.0000000978
1512 0.0000000977
1513 0.0000000976
1514 0.0000000976
1515 0.0000000975
1516 0.0000000974
1517 0.0000000974
1518 0.0000000973
1519 0.0000000972
1520 0.0000000972
1521 0.0000000971
1522 0.0000000970
1523 0.0000000970
1524 0.0000000969
1525 0.0000000968
1526 0.0000000968
1527 0.0000000967
1528 0.0000000967
1529 0.0000000966
1530 0.0000000965
1531 0.0000000965
1532 0.0000000964
1533 0.0000000963
1534 0.0000000963
1535 0.0000000962
1536 0.0000000961
1537 0.0000000961
1538 0.0000000960
1539 0.0000000960
1540 0.0000000959
1541 0.0000000958
1542 0.0000000958
1543 0.0000000957
1544 0.0000000956
1545 0.0000000956
1546 0.0000000955
1547 0.0000000955
1548 0.0000000954
1549 0.0000000953
1550 0.0000000953
1551 0.0000000952
1552 0.0000000951
1553 0.0000000951
1554 0.0000000950
1555 0.0000000950
1556 0.0000000949
1557 0.0000000948
1558 0.0000000948
1559 0.0000000947
1560 0.0000000946
1561 0.0000000946
1562 0.0000000945
1563 0.0000000945
1564 0.0000000944
1565 0.0000000943
1566 0.0000000943
1567 0.0000000942
1568 0.0000000942
1569 0.0000000941
1570 0.0000000940
1571 0.0000000940
1572 0.0000000939
1573 0.0000000939
1574 0.0000000938
1575 0.0000000937
1576 0.0000000937
1577 0.0000000936
1578 0.0000000936
1579 0.0000000935
1580 0.0000000934
1581 0.0000000934
1582 0.0000000933
1583 0.0000000933
1584 0.0000000932
1585 0.0000000931
1586 0.0000000931
1587 0.0000000930
1588 0.0000000930
1589 0.0000000929
1590 0.0000000928
1591 0.0000000928
1592 0.0000000927
1593 0.0000000927
1594 0.0000000926
1595 0.0000000925
1596 0.0000000925
1597 0.0000000924
1598 0.0000000924
1599 0.0000000923
1600 0.0000000922
1601 0.0000000922
1602 0.0000000921
1603 0.0000000921
1604 0.0000000920
1605 0.0000000920
1606 0.0000000919
1607 0.0000000918
1608 0.0000000918
1609 0.0000000917
1610 0.0000000917
1611 0.0000000916
1612 0.0000000915
1613 0.0000000915
1614 0.0000000914
1615 0.0000000914
1616 0.0000000913
1617 0.0000000913
1618 0.0000000912
1619 0.0000000911
1620 0.0000000911
1621 0.0000000910
1622 0.0000000910
1623 0.0000000909
1624 0.0000000909
1625 0.0000000908
1626 0.0000000907
1627 0.0000000907
1628 0.0000000906
1629 0.0000000906
1630 0.0000000905
1631 0.0000000905
1632 0.0000000904
1633 0.0000000903
1634 0.0000000903
1635 0.0000000902
1636 0.0000000902
1637 0.0000000901
1638 0.0000000901
1639 0.0000000900
1640 0.0000000900
1641 0.0000000899
1642 0.0000000898
1643 0.0000000898
1644 0.0000000897
1645 0.0000000897
1646 0.0000000896
1647 0.0000000896
1648 0.0000000895
1649 0.0000000895
1650 0.0000000894
1651 0.0000000893
1652 0.0000000893
1653 0.0000000892
1654 0.0000000892
1655 0.0000000891
1656 0.0000000891
1657 0.0000000890
1658 0.0000000890
1659 0.0000000889
1660 0.0000000888
1661 0.0000000888
1662 0.0000000887
1663 0.0000000887
1664 0.0000000886
1665 0.0000000886
1666 0.0000000885
1667 0.0000000885
1668 0.0000000884
1669 0.0000000884
1670 0.0000000883
1671 0.0000000882
1672 0.0000000882
1673 0.0000000881
1674 0.0000000881
1675 0.0000000880
1676 0.0000000880
1677 0.0000000879
1678 0.0000000879
1679 0.0000000878
1680 0.0000000878
1681 0.0000000877
1682 0.0000000877
1683 0.0000000876
1684 0.0000000875
1685 0.0000000875
1686 0.0000000874
1687 0.0000000874
1688 0.0000000873
1689 0.0000000873
1690 0.0000000872
1691 0.0000000872
1692 0.0000000871
1693 0.0000000871
1694 0.0000000870
1695 0.0000000870
1696 0.0000000869
1697 0.0000000869
1698 0.0000000868
1699 0.0000000868
1700 0.0000000867
1701 0.0000000866
1702 0.0000000866
1703 0.0000000865
1704 0.0000000865
1705 0.0000000864
1706 0.0000000864
1707 0.0000000863
1708 0.0000000863
1709 0.0000000862
1710 0.0000000862
1711 0.0000000861
1712 0.0000000861
1713 0.0000000860
1714 0.0000000860
1715 0.0000000859
1716 0.0000000859
1717 0.0000000858
1718 0.0000000858
1719 0.0000000857
1720 0.0000000857
1721 0.0000000856
1722 0.0000000856
1723 0.0000000855
1724 0.0000000855
1725 0.0000000854
1726 0.0000000853
1727 0.0000000853
1728 0.0000000852
1729 0.0000000852
1730 0.0000000851
1731 0.0000000851
1732 0.0000000850
1733 0.0000000850
1734 0.0000000849
1735 0.0000000849
1736 0.0000000848
1737 0.0000000848
1738 0.0000000847
1739 0.0000000847
1740 0.0000000846
1741 0.0000000846
1742 0.0000000845
1743 0.0000000845
1744 0.0000000844
1745 0.0000000844
1746 0.0000000843
1747 0.0000000843
1748 0.0000000842
1749 0.0000000842
1750 0.0000000841
1751 0.0000000841
1752 0.0000000840
1753 0.0000000840
1754 0.0000000839
1755 0.0000000839
1756 0.0000000838
1757 0.0000000838
1758 0.0000000837
1759 0.0000000837
1760 0.0000000836
1761 0.0000000836
1762 0.0000000835
1763 0.0000000835
1764 0.0000000834
1765 0.0000000834
1766 0.0000000833
1767 0.0000000833
1768 0.0000000832
1769 0.0000000832
1770 0.0000000831
1771 0.0000000831
1772 0.0000000830
1773 0.0000000830
1774 0.0000000829
1775 0.0000000829
1776 0.0000000828
1777 0.0000000828
1778 0.0000000827
1779 0.0000000827
1780 0.0000000826
1781 0.0000000826
1782 0.0000000825
1783 0.0000000825
1784 0.0000000824
1785 0.0000000824
1786 0.0000000823
1787 0.0000000823
1788 0.0000000822
1789 0.0000000822
1790 0.0000000821
1791 0.0000000821
1792 0.0000000820
1793 0.0000000820
1794 0.0000000819
1795 0.0000000819
1796 0.0000000818
1797 0.0000000818
1798 0.0000000818
1799 0.0000000817
1800 0.0000000817
1801 0.0000000816
1802 0.0000000816
1803 0.0000000815
1804 0.0000000815
1805 0.0000000814
1806 0.0000000814
1807 0.0000000813
1808 0.0000000813
1809 0.0000000812
1810 0.0000000812
1811 0.0000000811
1812 0.0000000811
1813 0.0000000810
1814 0.0000000810
1815 0.0000000809
1816 0.0000000809
1817 0.0000000808
1818 0.0000000808
1819 0.0000000807
1820 0.0000000807
1821 0.0000000806
1822 0.0000000806
1823 0.0000000805
1824 0.0000000805
1825 0.0000000804
1826 0.0000000804
1827 0.0000000803
1828 0.0000000803
1829 0.0000000802
1830 0.0000000802
1831 0.0000000801
1832 0.0000000801
1833 0.0000000801
1834 0.0000000800
1835 0.0000000800
1836 0.0000000799
1837 0.0000000799
1838 0.0000000798
1839 0.0000000798
1840 0.0000000797
1841 0.0000000797
1842 0.0000000796
1843 0.0000000796
1844 0.0000000795
1845 0.0000000795
1846 0.0000000794
1847 0.0000000794
1848 0.0000000793
1849 0.0000000793
1850 0.0000000792
1851 0.0000000792
1852 0.0000000791
1853 0.0000000791
1854 0.0000000790
1855 0.0000000790
1856 0.0000000789
1857 0.0000000789
1858 0.0000000788
1859 0.0000000788
1860 0.0000000787
1861 0.0000000787
1862 0.0000000786
1863 0.0000000786
1864 0.0000000785
1865 0.0000000785
1866 0.0000000784
1867 0.0000000784
1868 0.0000000783
1869 0.0000000783
1870 0.0000000782
1871 0.0000000782
1872 0.0000000782
1873 0.0000000781
1874 0.0000000781
1875 0.0000000780
1876 0.0000000780
1877 0.0000000779
1878 0.0000000779
1879 0.0000000778
1880 0.0000000778
1881 0.0000000777
1882 0.0000000777
1883 0.0000000776
1884 0.0000000776
1885 0.0000000775
1886 0.0000000775
1887 0.0000000774
1888 0.0000000774
1889 0.0000000773
1890 0.0000000773
1891 0.0000000772
1892 0.0000000771
1893 0.0000000771
1894 0.0000000770
1895 0.0000000770
1896 0.0000000769
1897 0.0000000769
1898 0.0000000768
1899 0.0000000768
1900 0.0000000767
1901 0.0000000767
1902 0.0000000766
1903 0.0000000766
1904 0.0000000765
1905 0.0000000765
1906 0.0000000764
1907 0.0000000764
1908 0.0000000763
1909 0.0000000763
1910 0.0000000762
1911 0.0000000762
1912 0.0000000761
1913 0.0000000761
1914 0.0000000760
1915 0.0000000759
1916 0.0000000759
1917 0.0000000758
1918 0.0000000758
1919 0.0000000757
1920 0.0000000757
1921 0.0000000756
1922 0.0000000756
1923 0.0000000755
1924 0.0000000754
1925 0.0000000754
1926 0.0000000753
1927 0.0000000753
1928 0.0000000752
1929 0.0000000752
1930 0.0000000751
1931 0.0000000750
1932 0.0000000750
1933 0.0000000749
1934 0.0000000749
1935 0.0000000748
1936 0.0000000747
1937 0.0000000747
1938 0.0000000746
1939 0.0000000746
1940 0.0000000745
1941 0.0000000744
1942 0.0000000744
1943 0.0000000743
1944 0.0000000743
1945 0.0000000742
1946 0.0000000741
1947 0.0000000741
1948 0.0000000740
1949 0.0000000739
1950 0.0000000739
1951 0.0000000738
1952 0.0000000737
1953 0.0000000737
1954 0.0000000736
1955 0.0000000735
1956 0.0000000734
1957 0.0000000734
1958 0.0000000733
1959 0.0000000732
1960 0.0000000732
1961 0.0000000731
1962 0.0000000730
1963 0.0000000729
1964 0.0000000729
1965 0.0000000728
1966 0.0000000727
1967 0.0000000726
1968 0.0000000725
1969 0.0000000724
1970 0.0000000724
1971 0.0000000723
1972 0.0000000722
1973 0.0000000721
1974 0.0000000720
1975 0.0000000719
1976 0.0000000718
1977 0.0000000717
1978 0.0000000716
1979 0.0000000715
1980 0.0000000714
1981 0.0000000713
1982 0.0000000712
1983 0.0000000711
1984 0.0000000709
1985 0.0000000708
1986 0.0000000707
1987 0.0000000705
1988 0.0000000703
1989 0.0000000702
1990 0.0000000700
1991 0.0000000698
1992 0.0000000695
1993 0.0000000692
1994 0.0000000688
1995 0.0000000684
1996 0.0000000677
1997 0.0000000666
1998 0.0000000646
1999 0.0000000576
2000 0.0000000000
