0 1200
0 0.9699145161
1 0.0063121805
2 0.0026650341
3 0.0018659028
4 0.0013820702
5 0.0010950190
6 0.0009065562
7 0.0007720396
8 0.0006709945
9 0.0005923806
10 0.0005295178
11 0.0004781154
12 0.0004353045
13 0.0003991003
14 0.0003680862
15 0.0003412240
16 0.0003177354
17 0.0002970249
18 0.0002786294
19 0.0002621835
20 0.0002473945
21 0.0002340257
22 0.0002218833
23 0.0002108073
24 0.0002006644
25 0.0001913424
26 0.0001827467
27 0.0001747964
28 0.0001674224
29 0.0001605650
30 0.0001541725
31 0.0001481998
32 0.0001426075
33 0.0001373610
34 0.0001324298
35 0.0001277867
36 0.0001234078
37 0.0001192715
38 0.0001153587
39 0.0001116521
40 0.0001081363
41 0.0001047972
42 0.0001016221
43 0.0000985997
44 0.0000957195
45 0.0000929719
46 0.0000903482
47 0.0000878406
48 0.0000854417
49 0.0000831449
50 0.0000809440
51 0.0000788333
52 0.0000768077
53 0.0000748622
54 0.0000729924
55 0.0000711941
56 0.0000694635
57 0.0000677970
58 0.0000661912
59 0.0000646431
60 0.0000631497
61 0.0000617084
62 0.0000603165
63 0.0000589717
64 0.0000576718
65 0.0000564147
66 0.0000551985
67 0.0000540212
68 0.0000528811
69 0.0000517766
70 0.0000507063
71 0.0000496684
72 0.0000486619
73 0.0000476852
74 0.0000467373
75 0.0000458169
76 0.0000449229
77 0.0000440543
78 0.0000432100
79 0.0000423893
80 0.0000415911
81 0.0000408146
82 0.0000400590
83 0.0000393235
84 0.0000386075
85 0.0000379101
86 0.0000372308
87 0.0000365688
88 0.0000359237
89 0.0000352948
90 0.0000346815
91 0.0000340834
92 0.0000334999
93 0.0000329305
94 0.0000323749
95 0.0000318324
96 0.0000313028
97 0.0000307856
98 0.0000302804
99 0.0000297869
100 0.0000293046
101 0.0000288333
102 0.0000283726
103 0.0000279221
104 0.0000274817
105 0.0000270509
106 0.0000266296
107 0.0000262173
108 0.0000258140
109 0.0000254193
110 0.0000250329
111 0.0000246547
112 0.0000242843
113 0.0000239217
114 0.0000235665
115 0.0000232187
116 0.0000228779
117 0.0000225440
118 0.0000222168
119 0.0000218961
120 0.0000215819
121 0.0000212738
122 0.0000209717
123 0.0000206755
124 0.0000203851
125 0.0000201002
126 0.0000198208
127 0.0000195468
128 0.0000192779
129 0.0000190140
130 0.0000187551
131 0.0000185010
132 0.0000182516
133 0.0000180068
134 0.0000177664
135 0.0000175305
136 0.0000172988
137 0.0000170712
138 0.0000168478
139 0.0000166283
140 0.0000164127
141 0.0000162009
142 0.0000159929
143 0.0000157884
144 0.0000155875
145 0.0000153901
146 0.0000151961
147 0.0000150054
148 0.0000148180
149 0.0000146337
150 0.0000144525
151 0.0000142744
152 0.0000140993
153 0.0000139271
154 0.0000137577
155 0.0000135911
156 0.0000134273
157 0.0000132662
158 0.0000131076
159 0.0000129517
160 0.0000127982
161 0.0000126473
162 0.0000124987
163 0.0000123525
164 0.0000122087
165 0.0000120671
166 0.0000119277
167 0.0000117906
168 0.0000116555
169 0.0000115226
170 0.0000113917
171 0.0000112629
172 0.0000111360
173 0.0000110111
174 0.0000108881
175 0.0000107670
176 0.0000106477
177 0.0000105302
178 0.0000104145
179 0.0000103005
180 0.0000101882
181 0.0000100775
182 0.0000099686
183 0.0000098612
184 0.0000097554
185 0.0000096512
186 0.0000095484
187 0.0000094472
188 0.0000093475
189 0.0000092492
190 0.0000091523
191 0.0000090568
192 0.0000089627
193 0.0000088699
194 0.0000087784
195 0.0000086883
196 0.0000085994
197 0.0000085117
198 0.0000084253
199 0.0000083401
200 0.0000082561
201 0.0000081733
202 0.0000080916
203 0.0000080110
204 0.0000079316
205 0.0000078533
206 0.0000077760
207 0.0000076997
208 0.0000076246
209 0.0000075504
210 0.0000074772
211 0.0000074051
212 0.0000073339
213 0.0000072636
214 0.0000071943
215 0.0000071259
216 0.0000070585
217 0.0000069919
218 0.0000069262
219 0.0000068614
220 0.0000067974
221 0.0000067343
222 0.0000066720
223 0.0000066105
224 0.0000065498
225 0.0000064899
226 0.0000064308
227 0.0000063724
228 0.0000063148
229 0.0000062579
230 0.0000062018
231 0.0000061463
232 0.0000060916
233 0.0000060376
234 0.0000059842
235 0.0000059316
236 0.0000058796
237 0.0000058282
238 0.0000057775
239 0.0000057274
240 0.0000056780
241 0.0000056292
242 0.0000055809
243 0.0000055333
244 0.0000054863
245 0.0000054398
246 0.0000053939
247 0.0000053486
248 0.0000053038
249 0.0000052596
250 0.0000052159
251 0.0000051728
252 0.0000051301
253 0.0000050880
254 0.0000050464
255 0.0000050053
256 0.0000049647
257 0.0000049245
258 0.0000048849
259 0.0000048457
260 0.0000048070
261 0.0000047687
262 0.0000047309
263 0.0000046936
264 0.0000046567
265 0.0000046202
266 0.0000045841
267 0.0000045485
268 0.0000045133
269 0.0000044785
270 0.0000044441
271 0.0000044101
272 0.0000043764
273 0.0000043432
274 0.0000043104
275 0.0000042779
276 0.0000042458
277 0.0000042141
278 0.0000041827
279 0.0000041517
280 0.0000041211
281 0.0000040908
282 0.0000040608
283 0.0000040312
284 0.0000040019
285 0.0000039729
286 0.0000039443
287 0.0000039160
288 0.0000038879
289 0.0000038603
290 0.0000038329
291 0.0000038058
292 0.0000037790
293 0.0000037525
294 0.0000037263
295 0.0000037004
296 0.0000036748
297 0.0000036495
298 0.0000036244
299 0.0000035996
300 0.0000035751
301 0.0000035508
302 0.0000035268
303 0.0000035031
304 0.0000034796
305 0.0000034564
306 0.0000034334
307 0.0000034107
308 0.0000033882
309 0.0000033659
310 0.0000033439
311 0.0000033221
312 0.0000033006
313 0.0000032793
314 0.0000032582
315 0.0000032373
316 0.0000032167
317 0.0000031962
318 0.0000031760
319 0.0000031560
320 0.0000031362
321 0.0000031166
322 0.0000030972
323 0.0000030780
324 0.0000030590
325 0.0000030402
326 0.0000030216
327 0.0000030032
328 0.0000029850
329 0.0000029669
330 0.0000029491
331 0.0000029314
332 0.0000029139
333 0.0000028966
334 0.0000028795
335 0.0000028625
336 0.0000028457
337 0.0000028290
338 0.0000028126
339 0.0000027963
340 0.0000027802
341 0.0000027642
342 0.0000027484
343 0.0000027327
344 0.0000027172
345 0.0000027019
346 0.0000026867
347 0.0000026716
348 0.0000026567
349 0.0000026420
350 0.0000026274
351 0.0000026129
352 0.0000025986
353 0.0000025844
354 0.0000025703
355 0.0000025564
356 0.0000025426
357 0.0000025290
358 0.0000025155
359 0.0000025021
360 0.0000024889
361 0.0000024757
362 0.0000024627
363 0.0000024498
364 0.0000024371
365 0.0000024244
366 0.0000024119
367 0.0000023995
368 0.0000023873
369 0.0000023751
370 0.0000023630
371 0.0000023511
372 0.0000023393
373 0.0000023275
374 0.0000023159
375 0.0000023044
376 0.0000022930
377 0.0000022818
378 0.0000022706
379 0.0000022595
380 0.0000022485
381 0.0000022376
382 0.0000022268
383 0.0000022162
384 0.0000022056
385 0.0000021951
386 0.0000021847
387 0.0000021744
388 0.0000021642
389 0.0000021541
390 0.0000021440
391 0.0000021341
392 0.0000021243
393 0.0000021145
394 0.0000021048
395 0.0000020952
396 0.0000020858
397 0.0000020763
398 0.0000020670
399 0.0000020577
400 0.0000020486
401 0.0000020395
402 0.0000020305
403 0.0000020216
404 0.0000020127
405 0.0000020039
406 0.0000019952
407 0.0000019866
408 0.0000019780
409 0.0000019696
410 0.0000019612
411 0.0000019528
412 0.0000019446
413 0.0000019364
414 0.0000019283
415 0.0000019202
416 0.0000019122
417 0.0000019043
418 0.0000018965
419 0.0000018887
420 0.0000018809
421 0.0000018733
422 0.0000018657
423 0.0000018582
424 0.0000018507
425 0.0000018433
426 0.0000018360
427 0.0000018287
428 0.0000018215
429 0.0000018143
430 0.0000018072
431 0.0000018002
432 0.0000017932
433 0.0000017862
434 0.0000017794
435 0.0000017726
436 0.0000017658
437 0.0000017591
438 0.0000017524
439 0.0000017458
440 0.0000017393
441 0.0000017328
442 0.0000017264
443 0.0000017200
444 0.0000017136
445 0.0000017073
446 0.0000017011
447 0.0000016949
448 0.0000016887
449 0.0000016826
450 0.0000016766
451 0.0000016706
452 0.0000016646
453 0.0000016587
454 0.0000016529
455 0.0000016471
456 0.0000016413
457 0.0000016356
458 0.0000016299
459 0.0000016242
460 0.0000016186
461 0.0000016131
462 0.0000016076
463 0.0000016021
464 0.0000015967
465 0.0000015913
466 0.0000015859
467 0.0000015806
468 0.0000015754
469 0.0000015701
470 0.0000015649
471 0.0000015598
472 0.0000015547
473 0.0000015496
474 0.0000015446
475 0.0000015396
476 0.0000015346
477 0.0000015297
478 0.0000015248
479 0.0000015199
480 0.0000015151
481 0.0000015103
482 0.0000015056
483 0.0000015008
484 0.0000014961
485 0.0000014915
486 0.0000014869
487 0.0000014823
488 0.0000014777
489 0.0000014732
490 0.0000014687
491 0.0000014643
492 0.0000014598
493 0.0000014554
494 0.0000014511
495 0.0000014468
496 0.0000014424
497 0.0000014382
498 0.0000014339
499 0.0000014297
500 0.0000014255
501 0.0000014214
502 0.0000014172
503 0.0000014131
504 0.0000014091
505 0.0000014050
506 0.0000014010
507 0.0000013970
508 0.0000013930
509 0.0000013891
510 0.0000013852
511 0.0000013813
512 0.0000013775
513 0.0000013736
514 0.0000013698
515 0.0000013660
516 0.0000013623
517 0.0000013585
518 0.0000013548
519 0.0000013511
520 0.0000013475
521 0.0000013438
522 0.0000013402
523 0.0000013366
524 0.0000013331
525 0.0000013295
526 0.0000013260
527 0.0000013225
528 0.0000013190
529 0.0000013156
530 0.0000013121
531 0.0000013087
532 0.0000013053
533 0.0000013019
534 0.0000012986
535 0.0000012953
536 0.0000012920
537 0.0000012887
538 0.0000012854
539 0.0000012822
540 0.0000012789
541 0.0000012757
542 0.0000012725
543 0.0000012694
544 0.0000012662
545 0.0000012631
546 0.0000012600
547 0.0000012569
548 0.0000012538
549 0.0000012508
550 0.0000012477
551 0.0000012447
552 0.0000012417
553 0.0000012387
554 0.0000012358
555 0.0000012328
556 0.0000012299
557 0.0000012270
558 0.0000012241
559 0.0000012212
560 0.0000012183
561 0.0000012155
562 0.0000012127
563 0.0000012098
564 0.0000012071
565 0.0000012043
566 0.0000012015
567 0.0000011988
568 0.0000011960
569 0.0000011933
570 0.0000011906
571 0.0000011879
572 0.0000011852
573 0.0000011826
574 0.0000011799
575 0.0000011773
576 0.0000011747
577 0.0000011721
578 0.0000011695
579 0.0000011669
580 0.0000011644
581 0.0000011618
582 0.0000011593
583 0.0000011568
584 0.0000011543
585 0.0000011518
586 0.0000011493
587 0.0000011469
588 0.0000011444
589 0.0000011420
590 0.0000011395
591 0.0000011371
592 0.0000011347
593 0.0000011324
594 0.0000011300
595 0.0000011276
596 0.0000011253
597 0.0000011229
598 0.0000011206
599 0.0000011183
600 0.0000011160
601 0.0000011137
602 0.0000011114
603 0.0000011092
604 0.0000011069
605 0.0000011047
606 0.0000011024
607 0.0000011002
608 0.0000010980
609 0.0000010958
610 0.0000010936
611 0.0000010915
612 0.0000010893
613 0.0000010871
614 0.0000010850
615 0.0000010828
616 0.0000010807
617 0.0000010786
618 0.0000010765
619 0.0000010744
620 0.0000010723
621 0.0000010703
622 0.0000010682
623 0.0000010662
624 0.0000010641
625 0.0000010621
626 0.0000010601
627 0.0000010581
628 0.0000010561
629 0.0000010541
630 0.0000010521
631 0.0000010501
632 0.0000010481
633 0.0000010462
634 0.0000010442
635 0.0000010423
636 0.0000010404
637 0.0000010384
638 0.0000010365
639 0.0000010346
640 0.0000010327
641 0.0000010308
642 0.0000010289
643 0.0000010271
644 0.0000010252
645 0.0000010234
646 0.0000010215
647 0.0000010197
648 0.0000010179
649 0.0000010160
650 0.0000010142
651 0.0000010124
652 0.0000010106
653 0.0000010088
654 0.0000010071
655 0.0000010053
656 0.0000010035
657 0.0000010018
658 0.0000010000
659 0.0000009983
660 0.0000009965
661 0.0000009948
662 0.0000009931
663 0.0000009914
664 0.0000009897
665 0.0000009880
666 0.0000009863
667 0.0000009846
668 0.0000009829
669 0.0000009813
670 0.0000009796
671 0.0000009779
672 0.0000009763
673 0.0000009746
674 0.0000009730
675 0.0000009714
676 0.0000009698
677 0.0000009681
678 0.0000009665
679 0.0000009649
680 0.0000009633
681 0.0000009617
682 0.0000009601
683 0.0000009586
684 0.0000009570
685 0.0000009555
686 0.0000009539
687 0.0000009523
688 0.0000009508
689 0.0000009493
690 0.0000009477
691 0.0000009462
692 0.0000009447
693 0.0000009431
694 0.0000009416
695 0.0000009401
696 0.0000009386
697 0.0000009371
698 0.0000009357
699 0.0000009342
700 0.0000009327
701 0.0000009312
702 0.0000009298
703 0.0000009283
704 0.0000009269
705 0.0000009254
706 0.0000009240
707 0.0000009225
708 0.0000009211
709 0.0000009197
710 0.0000009182
711 0.0000009168
712 0.0000009154
713 0.0000009140
714 0.0000009126
715 0.0000009112
716 0.0000009098
717 0.0000009084
718 0.0000009071
719 0.0000009057
720 0.0000009043
721 0.0000009030
722 0.0000009016
723 0.0000009002
724 0.0000008989
725 0.0000008975
726 0.0000008962
727 0.0000008949
728 0.0000008935
729 0.0000008922
730 0.0000008909
731 0.0000008896
732 0.0000008883
733 0.0000008870
734 0.0000008856
735 0.0000008843
736 0.0000008830
737 0.0000008818
738 0.0000008805
739 0.0000008792
740 0.0000008779
741 0.0000008766
742 0.0000008754
743 0.0000008741
744 0.0000008728
745 0.0000008716
746 0.0000008703
747 0.0000008691
748 0.0000008679
749 0.0000008666
750 0.0000008654
751 0.0000008641
752 0.0000008629
753 0.0000008617
754 0.0000008605
755 0.0000008593
756 0.0000008580
757 0.0000008568
758 0.0000008556
759 0.0000008544
760 0.0000008532
761 0.0000008520
762 0.0000008509
763 0.0000008497
764 0.0000008485
765 0.0000008473
766 0.0000008462
767 0.0000008450
768 0.0000008438
769 0.0000008427
770 0.0000008415
771 0.0000008404
772 0.0000008392
773 0.0000008380
774 0.0000008369
775 0.0000008358
776 0.0000008346
777 0.0000008335
778 0.0000008324
779 0.0000008312
780 0.0000008301
781 0.0000008290
782 0.0000008279
783 0.0000008268
784 0.0000008257
785 0.0000008246
786 0.0000008235
787 0.0000008224
788 0.0000008213
789 0.0000008202
790 0.0000008191
791 0.0000008180
792 0.0000008169
793 0.0000008159
794 0.0000008148
795 0.0000008137
796 0.0000008126
797 0.0000008116
798 0.0000008105
799 0.0000008094
800 0.0000008084
801 0.0000008073
802 0.0000008063
803 0.0000008052
804 0.0000008042
805 0.0000008032
806 0.0000008021
807 0.0000008011
808 0.0000008000
809 0.0000007990
810 0.0000007980
811 0.0000007970
812 0.0000007960
813 0.0000007949
814 0.0000007939
815 0.0000007929
816 0.0000007919
817 0.0000007909
818 0.0000007899
819 0.0000007889
820 0.0000007879
821 0.0000007869
822 0.0000007859
823 0.0000007849
824 0.0000007839
825 0.0000007829
826 0.0000007820
827 0.0000007810
828 0.0000007800
829 0.0000007790
830 0.0000007781
831 0.0000007771
832 0.0000007761
833 0.0000007752
834 0.0000007742
835 0.0000007733
836 0.0000007723
837 0.0000007714
838 0.0000007704
839 0.0000007695
840 0.0000007685
841 0.0000007676
842 0.0000007666
843 0.0000007657
844 0.0000007648
845 0.0000007638
846 0.0000007629
847 0.0000007620
848 0.0000007610
849 0.0000007601
850 0.0000007592
851 0.0000007583
852 0.0000007574
853 0.0000007565
854 0.0000007556
855 0.0000007547
856 0.0000007537
857 0.0000007528
858 0.0000007519
859 0.0000007510
860 0.0000007501
861 0.0000007492
862 0.0000007484
863 0.0000007475
864 0.0000007466
865 0.0000007457
866 0.0000007448
867 0.0000007439
868 0.0000007431
869 0.0000007422
870 0.0000007413
871 0.0000007405
872 0.0000007396
873 0.0000007387
874 0.0000007378
875 0.0000007370
876 0.0000007361
877 0.0000007353
878 0.0000007344
879 0.0000007336
880 0.0000007327
881 0.0000007319
882 0.0000007310
883 0.0000007302
884 0.0000007293
885 0.0000007285
886 0.0000007276
887 0.0000007268
888 0.0000007260
889 0.0000007251
890 0.0000007243
891 0.0000007235
892 0.0000007226
893 0.0000007218
894 0.0000007210
895 0.0000007202
896 0.0000007194
897 0.0000007185
898 0.0000007177
899 0.0000007169
900 0.0000007161
901 0.0000007153
902 0.0000007145
903 0.0000007137
904 0.0000007129
905 0.0000007121
906 0.0000007113
907 0.0000007105
908 0.0000007097
909 0.0000007089
910 0.0000007081
911 0.0000007073
912 0.0000007065
913 0.0000007057
914 0.0000007050
915 0.0000007042
916 0.0000007034
917 0.0000007026
918 0.0000007018
919 0.0000007011
920 0.0000007003
921 0.0000006995
922 0.0000006987
923 0.0000006980
924 0.0000006972
925 0.0000006965
926 0.0000006957
927 0.0000006949
928 0.0000006942
929 0.0000006934
930 0.0000006926
931 0.0000006919
932 0.0000006912
933 0.0000006904
934 0.0000006896
935 0.0000006889
936 0.0000006881
937 0.0000006874
938 0.0000006867
939 0.0000006859
940 0.0000006852
941 0.0000006845
942 0.0000006837
943 0.0000006830
944 0.0000006823
945 0.0000006815
946 0.0000006808
947 0.0000006801
948 0.0000006793
949 0.0000006786
950 0.0000006779
951 0.0000006772
952 0.0000006765
953 0.0000006757
954 0.0000006750
955 0.0000006743
956 0.0000006736
957 0.0000006729
958 0.0000006722
959 0.0000006715
960 0.0000006708
961 0.0000006700
962 0.0000006693
963 0.0000006686
964 0.0000006679
965 0.0000006673
966 0.0000006665
967 0.0000006658
968 0.0000006652
969 0.0000006645
970 0.0000006638
971 0.0000006631
972 0.0000006624
973 0.0000006617
974 0.0000006610
975 0.0000006603
976 0.0000006596
977 0.0000006590
978 0.0000006583
979 0.0000006576
980 0.0000006569
981 0.0000006562
982 0.0000006556
983 0.0000006549
984 0.0000006542
985 0.0000006536
986 0.0000006529
987 0.0000006522
988 0.0000006516
989 0.0000006509
990 0.0000006502
991 0.0000006496
992 0.0000006489
993 0.0000006482
994 0.0000006476
995 0.0000006469
996 0.0000006463
997 0.0000006456
998 0.0000006450
999 0.0000006443
1000 0.0000006437
1001 0.0000006430
1002 0.0000006424
1003 0.0000006417
1004 0.0000006411
1005 0.0000006405
1006 0.0000006398
1007 0.0000006392
1008 0.0000006385
1009 0.0000006379
1010 0.0000006373
1011 0.0000006366
1012 0.0000006360
1013 0.0000006354
1014 0.0000006347
1015 0.0000006341
1016 0.0000006335
1017 0.0000006328
1018 0.0000006322
1019 0.0000006316
1020 0.0000006310
1021 0.0000006303
1022 0.0000006297
1023 0.0000006291
1024 0.0000006285
1025 0.0000006279
1026 0.0000006273
1027 0.0000006266
1028 0.0000006260
1029 0.0000006254
1030 0.0000006248
1031 0.0000006242
1032 0.0000006236
1033 0.0000006230
1034 0.0000006224
1035 0.0000006218
1036 0.0000006212
1037 0.0000006206
1038 0.0000006199
1039 0.0000006193
1040 0.0000006187
1041 0.0000006181
1042 0.0000006176
1043 0.0000006170
1044 0.0000006164
1045 0.0000006158
1046 0.0000006152
1047 0.0000006146
1048 0.0000006140
1049 0.0000006134
1050 0.0000006128
1051 0.0000006122
1052 0.0000006116
1053 0.0000006111
1054 0.0000006105
1055 0.0000006099
1056 0.0000006093
1057 0.0000006087
1058 0.0000006082
1059 0.0000006076
1060 0.0000006070
1061 0.0000006064
1062 0.0000006059
1063 0.0000006053
1064 0.0000006047
1065 0.0000006041
1066 0.0000006036
1067 0.0000006030
1068 0.0000006024
1069 0.0000006019
1070 0.0000006013
1071 0.0000006007
1072 0.0000006002
1073 0.0000005996
1074 0.0000005990
1075 0.0000005985
1076 0.0000005979
1077 0.0000005974
1078 0.0000005968
1079 0.0000005963
1080 0.0000005957
1081 0.0000005951
1082 0.0000005946
1083 0.0000005940
1084 0.0000005935
1085 0.0000005929
1086 0.0000005924
1087 0.0000005919
1088 0.0000005913
1089 0.0000005908
1090 0.0000005902
1091 0.0000005897
1092 0.0000005891
1093 0.0000005886
1094 0.0000005880
1095 0.0000005875
1096 0.0000005870
1097 0.0000005864
1098 0.0000005859
1099 0.0000005853
1100 0.0000005848
1101 0.0000005843
1102 0.0000005837
1103 0.0000005832
1104 0.0000005827
1105 0.0000005822
1106 0.0000005816
1107 0.0000005811
1108 0.0000005806
1109 0.0000005800
1110 0.0000005795
1111 0.0000005790
1112 0.0000005785
1113 0.0000005780
1114 0.0000005774
1115 0.0000005769
1116 0.0000005764
1117 0.0000005759
1118 0.0000005754
1119 0.0000005748
1120 0.0000005743
1121 0.0000005738
1122 0.0000005733
1123 0.0000005728
1124 0.0000005723
1125 0.0000005717
1126 0.0000005712
1127 0.0000005707
1128 0.0000005702
1129 0.0000005697
1130 0.0000005692
1131 0.0000005687
1132 0.0000005682
1133 0.0000005677
1134 0.0000005672
1135 0.0000005667
1136 0.0000005662
1137 0.0000005657
1138 0.0000005652
1139 0.0000005647
1140 0.0000005642
1141 0.0000005637
1142 0.0000005632
1143 0.0000005627
1144 0.0000005622
1145 0.0000005617
1146 0.0000005612
1147 0.0000005607
1148 0.0000005602
1149 0.0000005597
1150 0.0000005593
1151 0.0000005588
1152 0.0000005583
1153 0.0000005578
1154 0.0000005573
1155 0.0000005568
1156 0.0000005563
1157 0.0000005559
1158 0.0000005554
1159 0.0000005549
1160 0.0000005544
1161 0.0000005539
1162 0.0000005535
1163 0.0000005530
1164 0.0000005525
1165 0.0000005520
1166 0.0000005515
1167 0.0000005511
1168 0.0000005506
1169 0.0000005501
1170 0.0000005496
1171 0.0000005492
1172 0.0000005487
1173 0.0000005482
1174 0.0000005478
1175 0.0000005473
1176 0.0000005468
1177 0.0000005464
1178 0.0000005459
1179 0.0000005454
1180 0.0000005450
1181 0.0000005445
1182 0.0000005440
1183 0.0000005436
1184 0.0000005431
1185 0.0000005427
1186 0.0000005422
1187 0.0000005417
1188 0.0000005413
1189 0.0000005408
1190 0.0000005404
1191 0.0000005399
1192 0.0000005395
1193 0.0000005390
1194 0.0000005385
1195 0.0000005381
1196 0.0000005376
1197 0.0000005372
1198 0.0000005367
1199 0.0000005363
1200 0.0000005358
