1 288
0 0.9913838756
1 0.0034941898
2 0.0009113473
3 0.0005431579
4 0.0003556850
5 0.0002585112
6 0.0002012798
7 0.0001637647
8 0.0001374187
9 0.0001179979
10 0.0001031316
11 0.0000914021
12 0.0000819192
13 0.0000740993
14 0.0000675452
15 0.0000619767
16 0.0000571910
17 0.0000530370
18 0.0000494003
19 0.0000461922
20 0.0000433431
21 0.0000407975
22 0.0000385108
23 0.0000364466
24 0.0000345747
25 0.0000328703
26 0.0000313126
27 0.0000298839
28 0.0000285694
29 0.0000273563
30 0.0000262337
31 0.0000251921
32 0.0000242233
33 0.0000233201
34 0.0000224764
35 0.0000216866
36 0.0000209459
37 0.0000202500
38 0.0000195950
39 0.0000189776
40 0.0000183947
41 0.0000178436
42 0.0000173219
43 0.0000168272
44 0.0000163577
45 0.0000159116
46 0.0000154871
47 0.0000150828
48 0.0000146973
49 0.0000143295
50 0.0000139780
51 0.0000136420
52 0.0000133204
53 0.0000130123
54 0.0000127170
55 0.0000124337
56 0.0000121618
57 0.0000119004
58 0.0000116491
59 0.0000114074
60 0.0000111746
61 0.0000109504
62 0.0000107342
63 0.0000105257
64 0.0000103245
65 0.0000101301
66 0.0000099424
67 0.0000097609
68 0.0000095853
69 0.0000094155
70 0.0000092510
71 0.0000090917
72 0.0000089374
73 0.0000087878
74 0.0000086427
75 0.0000085019
76 0.0000083652
77 0.0000082325
78 0.0000081036
79 0.0000079783
80 0.0000078565
81 0.0000077380
82 0.0000076228
83 0.0000075107
84 0.0000074016
85 0.0000072953
86 0.0000071917
87 0.0000070909
88 0.0000069925
89 0.0000068967
90 0.0000068032
91 0.0000067120
92 0.0000066230
93 0.0000065361
94 0.0000064513
95 0.0000063685
96 0.0000062876
97 0.0000062086
98 0.0000061313
99 0.0000060558
100 0.0000059820
101 0.0000059098
102 0.0000058392
103 0.0000057701
104 0.0000057025
105 0.0000056363
106 0.0000055715
107 0.0000055080
108 0.0000054459
109 0.0000053850
110 0.0000053254
111 0.0000052669
112 0.0000052096
113 0.0000051535
114 0.0000050984
115 0.0000050444
116 0.0000049914
117 0.0000049395
118 0.0000048885
119 0.0000048385
120 0.0000047894
121 0.0000047412
122 0.0000046939
123 0.0000046474
124 0.0000046018
125 0.0000045569
126 0.0000045129
127 0.0000044697
128 0.0000044271
129 0.0000043854
130 0.0000043443
131 0.0000043039
132 0.0000042642
133 0.0000042252
134 0.0000041868
135 0.0000041491
136 0.0000041120
137 0.0000040754
138 0.0000040395
139 0.0000040041
140 0.0000039693
141 0.0000039350
142 0.0000039013
143 0.0000038681
144 0.0000038354
145 0.0000038032
146 0.0000037715
147 0.0000037403
148 0.0000037096
149 0.0000036793
150 0.0000036494
151 0.0000036200
152 0.0000035910
153 0.0000035625
154 0.0000035343
155 0.0000035066
156 0.0000034792
157 0.0000034522
158 0.0000034256
159 0.0000033994
160 0.0000033736
161 0.0000033481
162 0.0000033229
163 0.0000032981
164 0.0000032736
165 0.0000032495
166 0.0000032257
167 0.0000032021
168 0.0000031789
169 0.0000031560
170 0.0000031335
171 0.0000031111
172 0.0000030891
173 0.0000030674
174 0.0000030459
175 0.0000030247
176 0.0000030038
177 0.0000029831
178 0.0000029627
179 0.0000029426
180 0.0000029227
181 0.0000029030
182 0.0000028836
183 0.0000028644
184 0.0000028454
185 0.0000028267
186 0.0000028082
187 0.0000027899
188 0.0000027718
189 0.0000027539
190 0.0000027363
191 0.0000027188
192 0.0000027016
193 0.0000026845
194 0.0000026676
195 0.0000026510
196 0.0000026345
197 0.0000026182
198 0.0000026020
199 0.0000025861
200 0.0000025703
201 0.0000025547
202 0.0000025393
203 0.0000025240
204 0.0000025089
205 0.0000024940
206 0.0000024792
207 0.0000024646
208 0.0000024501
209 0.0000024358
210 0.0000024216
211 0.0000024076
212 0.0000023937
213 0.0000023800
214 0.0000023664
215 0.0000023529
216 0.0000023396
217 0.0000023264
218 0.0000023133
219 0.0000023004
220 0.0000022876
221 0.0000022749
222 0.0000022623
223 0.0000022499
224 0.0000022376
225 0.0000022254
226 0.0000022133
227 0.0000022013
228 0.0000021895
229 0.0000021777
230 0.0000021661
231 0.0000021545
232 0.0000021431
233 0.0000021318
234 0.0000021206
235 0.0000021094
236 0.0000020984
237 0.0000020875
238 0.0000020766
239 0.0000020659
240 0.0000020552
241 0.0000020447
242 0.0000020342
243 0.0000020238
244 0.0000020135
245 0.0000020033
246 0.0000019931
247 0.0000019830
248 0.0000019730
249 0.0000019631
250 0.0000019533
251 0.0000019435
252 0.0000019338
253 0.0000019242
254 0.0000019146
255 0.0000019051
256 0.0000018956
257 0.0000018862
258 0.0000018768
259 0.0000018675
260 0.0000018582
261 0.0000018490
262 0.0000018398
263 0.0000018306
264 0.0000018215
265 0.0000018124
266 0.0000018032
267 0.0000017941
268 0.0000017849
269 0.0000017757
270 0.0000017665
271 0.0000017572
272 0.0000017478
273 0.0000017383
274 0.0000017285
275 0.0000017186
276 0.0000017084
277 0.0000016977
278 0.0000016866
279 0.0000016747
280 0.0000016619
281 0.0000016477
282 0.0000016314
283 0.0000016121
284 0.0000015875
285 0.0000015542
286 0.0000014962
287 0.0000013249
288 0.0000000000
