1 990
0 0.9870860987
1 0.0036894960
2 0.0014776324
3 0.0009950666
4 0.0007100342
5 0.0005438367
6 0.0004365426
7 0.0003612616
8 0.0003056566
9 0.0002630961
10 0.0002295982
11 0.0002026260
12 0.0001804969
13 0.0001620547
14 0.0001464806
15 0.0001331787
16 0.0001217055
17 0.0001117242
18 0.0001029747
19 0.0000952530
20 0.0000883971
21 0.0000822769
22 0.0000767864
23 0.0000718389
24 0.0000673624
25 0.0000632969
26 0.0000595920
27 0.0000562049
28 0.0000530993
29 0.0000502441
30 0.0000476124
31 0.0000451809
32 0.0000429295
33 0.0000408404
34 0.0000388983
35 0.0000370894
36 0.0000354018
37 0.0000338246
38 0.0000323485
39 0.0000309649
40 0.0000296662
41 0.0000284456
42 0.0000272970
43 0.0000262148
44 0.0000251941
45 0.0000242303
46 0.0000233192
47 0.0000224572
48 0.0000216409
49 0.0000208670
50 0.0000201328
51 0.0000194357
52 0.0000187732
53 0.0000181431
54 0.0000175433
55 0.0000169721
56 0.0000164277
57 0.0000159085
58 0.0000154129
59 0.0000149396
60 0.0000144874
61 0.0000140550
62 0.0000136414
63 0.0000132454
64 0.0000128662
65 0.0000125029
66 0.0000121545
67 0.0000118204
68 0.0000114997
69 0.0000111919
70 0.0000108962
71 0.0000106121
72 0.0000103389
73 0.0000100762
74 0.0000098235
75 0.0000095802
76 0.0000093459
77 0.0000091203
78 0.0000089028
79 0.0000086932
80 0.0000084911
81 0.0000082961
82 0.0000081079
83 0.0000079263
84 0.0000077509
85 0.0000075814
86 0.0000074177
87 0.0000072595
88 0.0000071065
89 0.0000069585
90 0.0000068154
91 0.0000066769
92 0.0000065428
93 0.0000064129
94 0.0000062872
95 0.0000061654
96 0.0000060473
97 0.0000059329
98 0.0000058220
99 0.0000057144
100 0.0000056101
101 0.0000055088
102 0.0000054105
103 0.0000053151
104 0.0000052225
105 0.0000051326
106 0.0000050452
107 0.0000049603
108 0.0000048777
109 0.0000047975
110 0.0000047195
111 0.0000046437
112 0.0000045699
113 0.0000044981
114 0.0000044282
115 0.0000043602
116 0.0000042941
117 0.0000042296
118 0.0000041668
119 0.0000041057
120 0.0000040461
121 0.0000039880
122 0.0000039314
123 0.0000038762
124 0.0000038224
125 0.0000037700
126 0.0000037188
127 0.0000036688
128 0.0000036201
129 0.0000035725
130 0.0000035261
131 0.0000034808
132 0.0000034365
133 0.0000033933
134 0.0000033511
135 0.0000033098
136 0.0000032695
137 0.0000032301
138 0.0000031915
139 0.0000031539
140 0.0000031170
141 0.0000030810
142 0.0000030458
143 0.0000030113
144 0.0000029776
145 0.0000029446
146 0.0000029123
147 0.0000028806
148 0.0000028496
149 0.0000028193
150 0.0000027896
151 0.0000027605
152 0.0000027320
153 0.0000027041
154 0.0000026767
155 0.0000026498
156 0.0000026235
157 0.0000025977
158 0.0000025724
159 0.0000025476
160 0.0000025233
161 0.0000024994
162 0.0000024760
163 0.0000024530
164 0.0000024304
165 0.0000024083
166 0.0000023866
167 0.0000023652
168 0.0000023442
169 0.0000023237
170 0.0000023034
171 0.0000022836
172 0.0000022641
173 0.0000022449
174 0.0000022260
175 0.0000022075
176 0.0000021893
177 0.0000021714
178 0.0000021538
179 0.0000021365
180 0.0000021194
181 0.0000021027
182 0.0000020862
183 0.0000020700
184 0.0000020540
185 0.0000020383
186 0.0000020229
187 0.0000020077
188 0.0000019927
189 0.0000019780
190 0.0000019635
191 0.0000019492
192 0.0000019351
193 0.0000019212
194 0.0000019076
195 0.0000018941
196 0.0000018808
197 0.0000018678
198 0.0000018549
199 0.0000018422
200 0.0000018297
201 0.0000018173
202 0.0000018052
203 0.0000017932
204 0.0000017813
205 0.0000017697
206 0.0000017582
207 0.0000017468
208 0.0000017356
209 0.0000017246
210 0.0000017137
211 0.0000017029
212 0.0000016923
213 0.0000016818
214 0.0000016715
215 0.0000016613
216 0.0000016512
217 0.0000016412
218 0.0000016314
219 0.0000016217
220 0.0000016121
221 0.0000016026
222 0.0000015933
223 0.0000015840
224 0.0000015749
225 0.0000015659
226 0.0000015570
227 0.0000015481
228 0.0000015394
229 0.0000015308
230 0.0000015223
231 0.0000015139
232 0.0000015056
233 0.0000014974
234 0.0000014893
235 0.0000014812
236 0.0000014733
237 0.0000014654
238 0.0000014577
239 0.0000014500
240 0.0000014424
241 0.0000014349
242 0.0000014274
243 0.0000014201
244 0.0000014128
245 0.0000014056
246 0.0000013985
247 0.0000013914
248 0.0000013844
249 0.0000013775
250 0.0000013707
251 0.0000013639
252 0.0000013572
253 0.0000013505
254 0.0000013440
255 0.0000013375
256 0.0000013310
257 0.0000013246
258 0.0000013183
259 0.0000013121
260 0.0000013059
261 0.0000012997
262 0.0000012936
263 0.0000012876
264 0.0000012817
265 0.0000012757
266 0.0000012699
267 0.0000012641
268 0.0000012583
269 0.0000012526
270 0.0000012470
271 0.0000012414
272 0.0000012359
273 0.0000012304
274 0.0000012249
275 0.0000012195
276 0.0000012142
277 0.0000012089
278 0.0000012036
279 0.0000011984
280 0.0000011932
281 0.0000011881
282 0.0000011830
283 0.0000011780
284 0.0000011730
285 0.0000011680
286 0.0000011631
287 0.0000011583
288 0.0000011534
289 0.0000011486
290 0.0000011439
291 0.0000011392
292 0.0000011345
293 0.0000011298
294 0.0000011252
295 0.0000011207
296 0.0000011162
297 0.0000011117
298 0.0000011072
299 0.0000011028
300 0.0000010984
301 0.0000010940
302 0.0000010897
303 0.0000010854
304 0.0000010812
305 0.0000010770
306 0.0000010728
307 0.0000010686
308 0.0000010645
309 0.0000010604
310 0.0000010563
311 0.0000010523
312 0.0000010483
313 0.0000010443
314 0.0000010403
315 0.0000010364
316 0.0000010325
317 0.0000010287
318 0.0000010248
319 0.0000010210
320 0.0000010172
321 0.0000010135
322 0.0000010098
323 0.0000010061
324 0.0000010024
325 0.0000009987
326 0.0000009951
327 0.0000009915
328 0.0000009879
329 0.0000009844
330 0.0000009809
331 0.0000009774
332 0.0000009739
333 0.0000009704
334 0.0000009670
335 0.0000009636
336 0.0000009602
337 0.0000009569
338 0.0000009535
339 0.0000009502
340 0.0000009469
341 0.0000009436
342 0.0000009404
343 0.0000009371
344 0.0000009339
345 0.0000009307
346 0.0000009276
347 0.0000009244
348 0.0000009213
349 0.0000009182
350 0.0000009151
351 0.0000009120
352 0.0000009090
353 0.0000009059
354 0.0000009029
355 0.0000008999
356 0.0000008970
357 0.0000008940
358 0.0000008911
359 0.0000008881
360 0.0000008852
361 0.0000008824
362 0.0000008795
363 0.0000008766
364 0.0000008738
365 0.0000008710
366 0.0000008682
367 0.0000008654
368 0.0000008627
369 0.0000008599
370 0.0000008572
371 0.0000008545
372 0.0000008518
373 0.0000008491
374 0.0000008464
375 0.0000008438
376 0.0000008411
377 0.0000008385
378 0.0000008359
379 0.0000008333
380 0.0000008307
381 0.0000008282
382 0.0000008256
383 0.0000008231
384 0.0000008206
385 0.0000008181
386 0.0000008156
387 0.0000008131
388 0.0000008107
389 0.0000008082
390 0.0000008058
391 0.0000008034
392 0.0000008009
393 0.0000007986
394 0.0000007962
395 0.0000007938
396 0.0000007915
397 0.0000007891
398 0.0000007868
399 0.0000007845
400 0.0000007822
401 0.0000007799
402 0.0000007776
403 0.0000007753
404 0.0000007731
405 0.0000007708
406 0.0000007686
407 0.0000007664
408 0.0000007642
409 0.0000007620
410 0.0000007598
411 0.0000007576
412 0.0000007555
413 0.0000007533
414 0.0000007512
415 0.0000007491
416 0.0000007470
417 0.0000007449
418 0.0000007428
419 0.0000007407
420 0.0000007386
421 0.0000007366
422 0.0000007345
423 0.0000007325
424 0.0000007304
425 0.0000007284
426 0.0000007264
427 0.0000007244
428 0.0000007224
429 0.0000007205
430 0.0000007185
431 0.0000007165
432 0.0000007146
433 0.0000007127
434 0.0000007107
435 0.0000007088
436 0.0000007069
437 0.0000007050
438 0.0000007031
439 0.0000007012
440 0.0000006994
441 0.0000006975
442 0.0000006956
443 0.0000006938
444 0.0000006920
445 0.0000006901
446 0.0000006883
447 0.0000006865
448 0.0000006847
449 0.0000006829
450 0.0000006811
451 0.0000006794
452 0.0000006776
453 0.0000006758
454 0.0000006741
455 0.0000006723
456 0.0000006706
457 0.0000006689
458 0.0000006672
459 0.0000006655
460 0.0000006638
461 0.0000006621
462 0.0000006604
463 0.0000006587
464 0.0000006570
465 0.0000006554
466 0.0000006537
467 0.0000006521
468 0.0000006505
469 0.0000006488
470 0.0000006472
471 0.0000006456
472 0.0000006440
473 0.0000006424
474 0.0000006408
475 0.0000006392
476 0.0000006376
477 0.0000006360
478 0.0000006345
479 0.0000006329
480 0.0000006314
481 0.0000006298
482 0.0000006283
483 0.0000006268
484 0.0000006252
485 0.0000006237
486 0.0000006222
487 0.0000006207
488 0.0000006192
489 0.0000006177
490 0.0000006162
491 0.0000006148
492 0.0000006133
493 0.0000006118
494 0.0000006104
495 0.0000006089
496 0.0000006075
497 0.0000006060
498 0.0000006046
499 0.0000006032
500 0.0000006018
501 0.0000006004
502 0.0000005989
503 0.0000005975
504 0.0000005961
505 0.0000005948
506 0.0000005934
507 0.0000005920
508 0.0000005906
509 0.0000005893
510 0.0000005879
511 0.0000005865
512 0.0000005852
513 0.0000005839
514 0.0000005825
515 0.0000005812
516 0.0000005799
517 0.0000005785
518 0.0000005772
519 0.0000005759
520 0.0000005746
521 0.0000005733
522 0.0000005720
523 0.0000005707
524 0.0000005694
525 0.0000005682
526 0.0000005669
527 0.0000005656
528 0.0000005644
529 0.0000005631
530 0.0000005619
531 0.0000005606
532 0.0000005594
533 0.0000005581
534 0.0000005569
535 0.0000005557
536 0.0000005544
537 0.0000005532
538 0.0000005520
539 0.0000005508
540 0.0000005496
541 0.0000005484
542 0.0000005472
543 0.0000005460
544 0.0000005448
545 0.0000005437
546 0.0000005425
547 0.0000005413
548 0.0000005402
549 0.0000005390
550 0.0000005378
551 0.0000005367
552 0.0000005355
553 0.0000005344
554 0.0000005333
555 0.0000005321
556 0.0000005310
557 0.0000005299
558 0.0000005288
559 0.0000005276
560 0.0000005265
561 0.0000005254
562 0.0000005243
563 0.0000005232
564 0.0000005221
565 0.0000005210
566 0.0000005200
567 0.0000005189
568 0.0000005178
569 0.0000005167
570 0.0000005156
571 0.0000005146
572 0.0000005135
573 0.0000005125
574 0.0000005114
575 0.0000005104
576 0.0000005093
577 0.0000005083
578 0.0000005072
579 0.0000005062
580 0.0000005052
581 0.0000005041
582 0.0000005031
583 0.0000005021
584 0.0000005011
585 0.0000005001
586 0.0000004991
587 0.0000004981
588 0.0000004971
589 0.0000004961
590 0.0000004951
591 0.0000004941
592 0.0000004931
593 0.0000004921
594 0.0000004911
595 0.0000004902
596 0.0000004892
597 0.0000004882
598 0.0000004872
599 0.0000004863
600 0.0000004853
601 0.0000004844
602 0.0000004834
603 0.0000004825
604 0.0000004815
605 0.0000004806
606 0.0000004796
607 0.0000004787
608 0.0000004778
609 0.0000004769
610 0.0000004759
611 0.0000004750
612 0.0000004741
613 0.0000004732
614 0.0000004723
615 0.0000004714
616 0.0000004705
617 0.0000004695
618 0.0000004686
619 0.0000004678
620 0.0000004669
621 0.0000004660
622 0.0000004651
623 0.0000004642
624 0.0000004633
625 0.0000004624
626 0.0000004616
627 0.0000004607
628 0.0000004598
629 0.0000004590
630 0.0000004581
631 0.0000004572
632 0.0000004564
633 0.0000004555
634 0.0000004547
635 0.0000004538
636 0.0000004530
637 0.0000004521
638 0.0000004513
639 0.0000004505
640 0.0000004496
641 0.0000004488
642 0.0000004480
643 0.0000004471
644 0.0000004463
645 0.0000004455
646 0.0000004447
647 0.0000004439
648 0.0000004431
649 0.0000004423
650 0.0000004414
651 0.0000004406
652 0.0000004398
653 0.0000004390
654 0.0000004382
655 0.0000004375
656 0.0000004367
657 0.0000004359
658 0.0000004351
659 0.0000004343
660 0.0000004335
661 0.0000004327
662 0.0000004320
663 0.0000004312
664 0.0000004304
665 0.0000004297
666 0.0000004289
667 0.0000004281
668 0.0000004274
669 0.0000004266
670 0.0000004259
671 0.0000004251
672 0.0000004244
673 0.0000004236
674 0.0000004229
675 0.0000004221
676 0.0000004214
677 0.0000004206
678 0.0000004199
679 0.0000004192
680 0.0000004184
681 0.0000004177
682 0.0000004170
683 0.0000004162
684 0.0000004155
685 0.0000004148
686 0.0000004141
687 0.0000004134
688 0.0000004127
689 0.0000004119
690 0.0000004112
691 0.0000004105
692 0.0000004098
693 0.0000004091
694 0.0000004084
695 0.0000004077
696 0.0000004070
697 0.0000004063
698 0.0000004056
699 0.0000004049
700 0.0000004043
701 0.0000004036
702 0.0000004029
703 0.0000004022
704 0.0000004015
705 0.0000004009
706 0.0000004002
707 0.0000003995
708 0.0000003988
709 0.0000003982
710 0.0000003975
711 0.0000003968
712 0.0000003962
713 0.0000003955
714 0.0000003948
715 0.0000003942
716 0.0000003935
717 0.0000003929
718 0.0000003922
719 0.0000003916
720 0.0000003909
721 0.0000003903
722 0.0000003896
723 0.0000003890
724 0.0000003884
725 0.0000003877
726 0.0000003871
727 0.0000003864
728 0.0000003858
729 0.0000003852
730 0.0000003846
731 0.0000003839
732 0.0000003833
733 0.0000003827
734 0.0000003821
735 0.0000003814
736 0.0000003808
737 0.0000003802
738 0.0000003796
739 0.0000003790
740 0.0000003784
741 0.0000003777
742 0.0000003771
743 0.0000003765
744 0.0000003759
745 0.0000003753
746 0.0000003747
747 0.0000003741
748 0.0000003735
749 0.0000003729
750 0.0000003723
751 0.0000003717
752 0.0000003712
753 0.0000003706
754 0.0000003700
755 0.0000003694
756 0.0000003688
757 0.0000003682
758 0.0000003676
759 0.0000003671
760 0.0000003665
761 0.0000003659
762 0.0000003653
763 0.0000003648
764 0.0000003642
765 0.0000003636
766 0.0000003631
767 0.0000003625
768 0.0000003619
769 0.0000003614
770 0.0000003608
771 0.0000003602
772 0.0000003597
773 0.0000003591
774 0.0000003586
775 0.0000003580
776 0.0000003575
777 0.0000003569
778 0.0000003564
779 0.0000003558
780 0.0000003553
781 0.0000003547
782 0.0000003542
783 0.0000003536
784 0.0000003531
785 0.0000003525
786 0.0000003520
787 0.0000003515
788 0.0000003509
789 0.0000003504
790 0.0000003499
791 0.0000003493
792 0.0000003488
793 0.0000003483
794 0.0000003478
795 0.0000003472
796 0.0000003467
797 0.0000003462
798 0.0000003457
799 0.0000003451
800 0.0000003446
801 0.0000003441
802 0.0000003436
803 0.0000003431
804 0.0000003426
805 0.0000003420
806 0.0000003415
807 0.0000003410
808 0.0000003405
809 0.0000003400
810 0.0000003395
811 0.0000003390
812 0.0000003385
813 0.0000003380
814 0.0000003375
815 0.0000003370
816 0.0000003365
817 0.0000003360
818 0.0000003355
819 0.0000003350
820 0.0000003345
821 0.0000003340
822 0.0000003335
823 0.0000003330
824 0.0000003325
825 0.0000003321
826 0.0000003316
827 0.0000003311
828 0.0000003306
829 0.0000003301
830 0.0000003296
831 0.0000003292
832 0.0000003287
833 0.0000003282
834 0.0000003277
835 0.0000003272
836 0.0000003268
837 0.0000003263
838 0.0000003258
839 0.0000003254
840 0.0000003249
841 0.0000003244
842 0.0000003239
843 0.0000003235
844 0.0000003230
845 0.0000003225
846 0.0000003221
847 0.0000003216
848 0.0000003212
849 0.0000003207
850 0.0000003202
851 0.0000003198
852 0.0000003193
853 0.0000003189
854 0.0000003184
855 0.0000003180
856 0.0000003175
857 0.0000003170
858 0.0000003166
859 0.0000003161
860 0.0000003157
861 0.0000003152
862 0.0000003148
863 0.0000003144
864 0.0000003139
865 0.0000003135
866 0.0000003130
867 0.0000003126
868 0.0000003121
869 0.0000003117
870 0.0000003113
871 0.0000003108
872 0.0000003104
873 0.0000003099
874 0.0000003095
875 0.0000003091
876 0.0000003086
877 0.0000003082
878 0.0000003078
879 0.0000003073
880 0.0000003069
881 0.0000003065
882 0.0000003060
883 0.0000003056
884 0.0000003052
885 0.0000003048
886 0.0000003043
887 0.0000003039
888 0.0000003035
889 0.0000003031
890 0.0000003026
891 0.0000003022
892 0.0000003018
893 0.0000003014
894 0.0000003010
895 0.0000003005
896 0.0000003001
897 0.0000002997
898 0.0000002993
899 0.0000002989
900 0.0000002985
901 0.0000002980
902 0.0000002976
903 0.0000002972
904 0.0000002968
905 0.0000002964
906 0.0000002960
907 0.0000002956
908 0.0000002952
909 0.0000002947
910 0.0000002943
911 0.0000002939
912 0.0000002935
913 0.0000002931
914 0.0000002927
915 0.0000002923
916 0.0000002919
917 0.0000002915
918 0.0000002911
919 0.0000002907
920 0.0000002903
921 0.0000002899
922 0.0000002895
923 0.0000002891
924 0.0000002887
925 0.0000002883
926 0.0000002879
927 0.0000002875
928 0.0000002871
929 0.0000002867
930 0.0000002863
931 0.0000002859
932 0.0000002855
933 0.0000002851
934 0.0000002847
935 0.0000002843
936 0.0000002839
937 0.0000002835
938 0.0000002831
939 0.0000002827
940 0.0000002823
941 0.0000002819
942 0.0000002815
943 0.0000002811
944 0.0000002807
945 0.0000002803
946 0.0000002799
947 0.0000002795
948 0.0000002791
949 0.0000002787
950 0.0000002783
951 0.0000002779
952 0.0000002775
953 0.0000002771
954 0.0000002767
955 0.0000002763
956 0.0000002758
957 0.0000002754
958 0.0000002750
959 0.0000002746
960 0.0000002742
961 0.0000002738
962 0.0000002733
963 0.0000002729
964 0.0000002725
965 0.0000002720
966 0.0000002716
967 0.0000002712
968 0.0000002707
969 0.0000002702
970 0.0000002698
971 0.0000002693
972 0.0000002688
973 0.0000002683
974 0.0000002678
975 0.0000002672
976 0.0000002666
977 0.0000002660
978 0.0000002654
979 0.0000002647
980 0.0000002639
981 0.0000002631
982 0.0000002621
983 0.0000002609
984 0.0000002595
985 0.0000002577
986 0.0000002551
987 0.0000002512
988 0.0000002434
989 0.0000002169
990 0.0000000000
