1 316
0 0.9908106037
1 0.0038920582
2 0.0009819109
3 0.0005753206
4 0.0003711054
5 0.0002668193
6 0.0002062470
7 0.0001669841
8 0.0001396485
9 0.0001196307
10 0.0001043821
11 0.0000923933
12 0.0000827250
13 0.0000747665
14 0.0000681048
15 0.0000624503
16 0.0000575943
17 0.0000533818
18 0.0000496958
19 0.0000464456
20 0.0000435604
21 0.0000409836
22 0.0000386697
23 0.0000365815
24 0.0000346887
25 0.0000329658
26 0.0000313917
27 0.0000299484
28 0.0000286209
29 0.0000273961
30 0.0000262630
31 0.0000252120
32 0.0000242347
33 0.0000233240
34 0.0000224733
35 0.0000216773
36 0.0000209309
37 0.0000202298
38 0.0000195702
39 0.0000189485
40 0.0000183617
41 0.0000178071
42 0.0000172821
43 0.0000167845
44 0.0000163123
45 0.0000158637
46 0.0000154369
47 0.0000150306
48 0.0000146432
49 0.0000142736
50 0.0000139206
51 0.0000135831
52 0.0000132602
53 0.0000129510
54 0.0000126546
55 0.0000123703
56 0.0000120974
57 0.0000118352
58 0.0000115832
59 0.0000113408
60 0.0000111074
61 0.0000108826
62 0.0000106660
63 0.0000104570
64 0.0000102554
65 0.0000100607
66 0.0000098727
67 0.0000096909
68 0.0000095151
69 0.0000093451
70 0.0000091805
71 0.0000090211
72 0.0000088666
73 0.0000087169
74 0.0000085717
75 0.0000084309
76 0.0000082942
77 0.0000081615
78 0.0000080326
79 0.0000079074
80 0.0000077856
81 0.0000076673
82 0.0000075521
83 0.0000074401
84 0.0000073311
85 0.0000072249
86 0.0000071215
87 0.0000070207
88 0.0000069226
89 0.0000068269
90 0.0000067335
91 0.0000066425
92 0.0000065537
93 0.0000064670
94 0.0000063824
95 0.0000062998
96 0.0000062191
97 0.0000061402
98 0.0000060632
99 0.0000059879
100 0.0000059143
101 0.0000058423
102 0.0000057719
103 0.0000057030
104 0.0000056356
105 0.0000055697
106 0.0000055051
107 0.0000054419
108 0.0000053800
109 0.0000053193
110 0.0000052599
111 0.0000052017
112 0.0000051447
113 0.0000050888
114 0.0000050339
115 0.0000049802
116 0.0000049274
117 0.0000048757
118 0.0000048250
119 0.0000047752
120 0.0000047264
121 0.0000046784
122 0.0000046313
123 0.0000045851
124 0.0000045397
125 0.0000044951
126 0.0000044513
127 0.0000044083
128 0.0000043660
129 0.0000043245
130 0.0000042837
131 0.0000042436
132 0.0000042041
133 0.0000041653
134 0.0000041272
135 0.0000040897
136 0.0000040528
137 0.0000040165
138 0.0000039808
139 0.0000039456
140 0.0000039111
141 0.0000038770
142 0.0000038435
143 0.0000038106
144 0.0000037781
145 0.0000037461
146 0.0000037147
147 0.0000036837
148 0.0000036531
149 0.0000036231
150 0.0000035935
151 0.0000035643
152 0.0000035355
153 0.0000035072
154 0.0000034792
155 0.0000034517
156 0.0000034246
157 0.0000033978
158 0.0000033714
159 0.0000033454
160 0.0000033198
161 0.0000032945
162 0.0000032696
163 0.0000032450
164 0.0000032207
165 0.0000031968
166 0.0000031732
167 0.0000031499
168 0.0000031269
169 0.0000031042
170 0.0000030818
171 0.0000030597
172 0.0000030379
173 0.0000030163
174 0.0000029951
175 0.0000029741
176 0.0000029534
177 0.0000029329
178 0.0000029127
179 0.0000028927
180 0.0000028730
181 0.0000028536
182 0.0000028343
183 0.0000028153
184 0.0000027966
185 0.0000027780
186 0.0000027597
187 0.0000027416
188 0.0000027237
189 0.0000027060
190 0.0000026886
191 0.0000026713
192 0.0000026542
193 0.0000026374
194 0.0000026207
195 0.0000026042
196 0.0000025879
197 0.0000025718
198 0.0000025558
199 0.0000025401
200 0.0000025245
201 0.0000025091
202 0.0000024938
203 0.0000024787
204 0.0000024638
205 0.0000024491
206 0.0000024345
207 0.0000024200
208 0.0000024057
209 0.0000023916
210 0.0000023776
211 0.0000023638
212 0.0000023501
213 0.0000023365
214 0.0000023231
215 0.0000023098
216 0.0000022967
217 0.0000022837
218 0.0000022708
219 0.0000022581
220 0.0000022455
221 0.0000022330
222 0.0000022206
223 0.0000022084
224 0.0000021962
225 0.0000021842
226 0.0000021723
227 0.0000021606
228 0.0000021489
229 0.0000021374
230 0.0000021259
231 0.0000021146
232 0.0000021034
233 0.0000020922
234 0.0000020812
235 0.0000020703
236 0.0000020595
237 0.0000020488
238 0.0000020382
239 0.0000020277
240 0.0000020172
241 0.0000020069
242 0.0000019967
243 0.0000019865
244 0.0000019765
245 0.0000019665
246 0.0000019566
247 0.0000019468
248 0.0000019371
249 0.0000019275
250 0.0000019180
251 0.0000019085
252 0.0000018991
253 0.0000018898
254 0.0000018806
255 0.0000018714
256 0.0000018624
257 0.0000018534
258 0.0000018444
259 0.0000018356
260 0.0000018268
261 0.0000018181
262 0.0000018094
263 0.0000018009
264 0.0000017923
265 0.0000017839
266 0.0000017755
267 0.0000017672
268 0.0000017589
269 0.0000017507
270 0.0000017426
271 0.0000017345
272 0.0000017265
273 0.0000017185
274 0.0000017106
275 0.0000017027
276 0.0000016949
277 0.0000016871
278 0.0000016794
279 0.0000016717
280 0.0000016641
281 0.0000016565
282 0.0000016490
283 0.0000016414
284 0.0000016340
285 0.0000016265
286 0.0000016191
287 0.0000016117
288 0.0000016044
289 0.0000015970
290 0.0000015897
291 0.0000015823
292 0.0000015750
293 0.0000015677
294 0.0000015603
295 0.0000015530
296 0.0000015456
297 0.0000015381
298 0.0000015306
299 0.0000015230
300 0.0000015153
301 0.0000015075
302 0.0000014995
303 0.0000014912
304 0.0000014827
305 0.0000014737
306 0.0000014643
307 0.0000014541
308 0.0000014430
309 0.0000014306
310 0.0000014163
311 0.0000013991
312 0.0000013772
313 0.0000013475
314 0.0000012961
315 0.0000011467
316 0.0000000000
