1 1090
0 0.9871210342
1 0.0044908041
2 0.0014527158
3 0.0009253142
4 0.0006381357
5 0.0004790478
6 0.0003798636
7 0.0003119754
8 0.0002627430
9 0.0002255855
10 0.0001966585
11 0.0001735669
12 0.0001547504
13 0.0001391533
14 0.0001260375
15 0.0001148721
16 0.0001052654
17 0.0000969230
18 0.0000896192
19 0.0000831781
20 0.0000774609
21 0.0000723569
22 0.0000677761
23 0.0000636455
24 0.0000599044
25 0.0000565028
26 0.0000533984
27 0.0000505559
28 0.0000479450
29 0.0000455398
30 0.0000433184
31 0.0000412614
32 0.0000393523
33 0.0000375766
34 0.0000359216
35 0.0000343761
36 0.0000329303
37 0.0000315753
38 0.0000303035
39 0.0000291079
40 0.0000279824
41 0.0000269213
42 0.0000259197
43 0.0000249731
44 0.0000240774
45 0.0000232289
46 0.0000224242
47 0.0000216604
48 0.0000209346
49 0.0000202442
50 0.0000195871
51 0.0000189610
52 0.0000183639
53 0.0000177941
54 0.0000172500
55 0.0000167299
56 0.0000162325
57 0.0000157564
58 0.0000153004
59 0.0000148635
60 0.0000144445
61 0.0000140425
62 0.0000136566
63 0.0000132859
64 0.0000129297
65 0.0000125871
66 0.0000122575
67 0.0000119403
68 0.0000116349
69 0.0000113406
70 0.0000110570
71 0.0000107835
72 0.0000105197
73 0.0000102652
74 0.0000100194
75 0.0000097821
76 0.0000095527
77 0.0000093311
78 0.0000091168
79 0.0000089096
80 0.0000087091
81 0.0000085150
82 0.0000083272
83 0.0000081452
84 0.0000079690
85 0.0000077982
86 0.0000076327
87 0.0000074722
88 0.0000073166
89 0.0000071656
90 0.0000070191
91 0.0000068769
92 0.0000067388
93 0.0000066048
94 0.0000064745
95 0.0000063480
96 0.0000062251
97 0.0000061056
98 0.0000059894
99 0.0000058765
100 0.0000057666
101 0.0000056597
102 0.0000055557
103 0.0000054544
104 0.0000053559
105 0.0000052599
106 0.0000051665
107 0.0000050755
108 0.0000049869
109 0.0000049005
110 0.0000048163
111 0.0000047343
112 0.0000046543
113 0.0000045763
114 0.0000045002
115 0.0000044261
116 0.0000043537
117 0.0000042831
118 0.0000042142
119 0.0000041470
120 0.0000040813
121 0.0000040172
122 0.0000039547
123 0.0000038936
124 0.0000038339
125 0.0000037756
126 0.0000037186
127 0.0000036630
128 0.0000036086
129 0.0000035554
130 0.0000035035
131 0.0000034527
132 0.0000034030
133 0.0000033544
134 0.0000033069
135 0.0000032604
136 0.0000032150
137 0.0000031705
138 0.0000031270
139 0.0000030844
140 0.0000030427
141 0.0000030019
142 0.0000029619
143 0.0000029228
144 0.0000028845
145 0.0000028470
146 0.0000028103
147 0.0000027743
148 0.0000027391
149 0.0000027045
150 0.0000026707
151 0.0000026375
152 0.0000026050
153 0.0000025732
154 0.0000025420
155 0.0000025114
156 0.0000024813
157 0.0000024519
158 0.0000024231
159 0.0000023948
160 0.0000023670
161 0.0000023398
162 0.0000023131
163 0.0000022869
164 0.0000022611
165 0.0000022359
166 0.0000022111
167 0.0000021868
168 0.0000021630
169 0.0000021396
170 0.0000021166
171 0.0000020940
172 0.0000020718
173 0.0000020501
174 0.0000020287
175 0.0000020077
176 0.0000019871
177 0.0000019668
178 0.0000019469
179 0.0000019273
180 0.0000019081
181 0.0000018892
182 0.0000018707
183 0.0000018524
184 0.0000018345
185 0.0000018169
186 0.0000017995
187 0.0000017825
188 0.0000017658
189 0.0000017493
190 0.0000017331
191 0.0000017172
192 0.0000017015
193 0.0000016861
194 0.0000016709
195 0.0000016560
196 0.0000016413
197 0.0000016269
198 0.0000016127
199 0.0000015987
200 0.0000015849
201 0.0000015714
202 0.0000015581
203 0.0000015449
204 0.0000015320
205 0.0000015193
206 0.0000015068
207 0.0000014944
208 0.0000014823
209 0.0000014703
210 0.0000014586
211 0.0000014470
212 0.0000014355
213 0.0000014243
214 0.0000014132
215 0.0000014023
216 0.0000013915
217 0.0000013809
218 0.0000013704
219 0.0000013601
220 0.0000013500
221 0.0000013400
222 0.0000013301
223 0.0000013204
224 0.0000013108
225 0.0000013013
226 0.0000012920
227 0.0000012828
228 0.0000012737
229 0.0000012648
230 0.0000012560
231 0.0000012473
232 0.0000012387
233 0.0000012303
234 0.0000012219
235 0.0000012137
236 0.0000012056
237 0.0000011975
238 0.0000011896
239 0.0000011818
240 0.0000011741
241 0.0000011665
242 0.0000011590
243 0.0000011516
244 0.0000011443
245 0.0000011371
246 0.0000011300
247 0.0000011229
248 0.0000011160
249 0.0000011091
250 0.0000011023
251 0.0000010957
252 0.0000010890
253 0.0000010825
254 0.0000010761
255 0.0000010697
256 0.0000010634
257 0.0000010572
258 0.0000010511
259 0.0000010450
260 0.0000010390
261 0.0000010331
262 0.0000010272
263 0.0000010215
264 0.0000010157
265 0.0000010101
266 0.0000010045
267 0.0000009990
268 0.0000009935
269 0.0000009881
270 0.0000009828
271 0.0000009775
272 0.0000009723
273 0.0000009672
274 0.0000009621
275 0.0000009570
276 0.0000009520
277 0.0000009471
278 0.0000009422
279 0.0000009374
280 0.0000009326
281 0.0000009279
282 0.0000009232
283 0.0000009186
284 0.0000009140
285 0.0000009095
286 0.0000009051
287 0.0000009006
288 0.0000008962
289 0.0000008919
290 0.0000008876
291 0.0000008834
292 0.0000008792
293 0.0000008750
294 0.0000008709
295 0.0000008668
296 0.0000008628
297 0.0000008588
298 0.0000008548
299 0.0000008509
300 0.0000008470
301 0.0000008432
302 0.0000008393
303 0.0000008356
304 0.0000008318
305 0.0000008281
306 0.0000008245
307 0.0000008209
308 0.0000008173
309 0.0000008137
310 0.0000008102
311 0.0000008067
312 0.0000008032
313 0.0000007998
314 0.0000007964
315 0.0000007930
316 0.0000007897
317 0.0000007864
318 0.0000007831
319 0.0000007799
320 0.0000007766
321 0.0000007735
322 0.0000007703
323 0.0000007672
324 0.0000007641
325 0.0000007610
326 0.0000007579
327 0.0000007549
328 0.0000007519
329 0.0000007489
330 0.0000007460
331 0.0000007430
332 0.0000007401
333 0.0000007373
334 0.0000007344
335 0.0000007316
336 0.0000007288
337 0.0000007260
338 0.0000007232
339 0.0000007205
340 0.0000007178
341 0.0000007151
342 0.0000007124
343 0.0000007098
344 0.0000007072
345 0.0000007045
346 0.0000007020
347 0.0000006994
348 0.0000006968
349 0.0000006943
350 0.0000006918
351 0.0000006893
352 0.0000006868
353 0.0000006844
354 0.0000006820
355 0.0000006796
356 0.0000006772
357 0.0000006748
358 0.0000006724
359 0.0000006701
360 0.0000006678
361 0.0000006654
362 0.0000006632
363 0.0000006609
364 0.0000006586
365 0.0000006564
366 0.0000006542
367 0.0000006519
368 0.0000006498
369 0.0000006476
370 0.0000006454
371 0.0000006433
372 0.0000006411
373 0.0000006390
374 0.0000006369
375 0.0000006348
376 0.0000006328
377 0.0000006307
378 0.0000006286
379 0.0000006266
380 0.0000006246
381 0.0000006226
382 0.0000006206
383 0.0000006186
384 0.0000006167
385 0.0000006147
386 0.0000006128
387 0.0000006108
388 0.0000006089
389 0.0000006070
390 0.0000006051
391 0.0000006033
392 0.0000006014
393 0.0000005996
394 0.0000005977
395 0.0000005959
396 0.0000005941
397 0.0000005923
398 0.0000005905
399 0.0000005887
400 0.0000005869
401 0.0000005852
402 0.0000005834
403 0.0000005817
404 0.0000005799
405 0.0000005782
406 0.0000005765
407 0.0000005748
408 0.0000005731
409 0.0000005714
410 0.0000005698
411 0.0000005681
412 0.0000005665
413 0.0000005648
414 0.0000005632
415 0.0000005616
416 0.0000005600
417 0.0000005584
418 0.0000005568
419 0.0000005552
420 0.0000005537
421 0.0000005521
422 0.0000005505
423 0.0000005490
424 0.0000005475
425 0.0000005459
426 0.0000005444
427 0.0000005429
428 0.0000005414
429 0.0000005399
430 0.0000005384
431 0.0000005369
432 0.0000005355
433 0.0000005340
434 0.0000005326
435 0.0000005311
436 0.0000005297
437 0.0000005283
438 0.0000005268
439 0.0000005254
440 0.0000005240
441 0.0000005226
442 0.0000005212
443 0.0000005198
444 0.0000005185
445 0.0000005171
446 0.0000005157
447 0.0000005144
448 0.0000005130
449 0.0000005117
450 0.0000005104
451 0.0000005090
452 0.0000005077
453 0.0000005064
454 0.0000005051
455 0.0000005038
456 0.0000005025
457 0.0000005012
458 0.0000005000
459 0.0000004987
460 0.0000004974
461 0.0000004962
462 0.0000004949
463 0.0000004937
464 0.0000004924
465 0.0000004912
466 0.0000004899
467 0.0000004887
468 0.0000004875
469 0.0000004863
470 0.0000004851
471 0.0000004839
472 0.0000004827
473 0.0000004815
474 0.0000004803
475 0.0000004792
476 0.0000004780
477 0.0000004768
478 0.0000004757
479 0.0000004745
480 0.0000004734
481 0.0000004722
482 0.0000004711
483 0.0000004699
484 0.0000004688
485 0.0000004677
486 0.0000004666
487 0.0000004655
488 0.0000004644
489 0.0000004633
490 0.0000004622
491 0.0000004611
492 0.0000004600
493 0.0000004589
494 0.0000004578
495 0.0000004568
496 0.0000004557
497 0.0000004546
498 0.0000004536
499 0.0000004525
500 0.0000004515
501 0.0000004504
502 0.0000004494
503 0.0000004484
504 0.0000004473
505 0.0000004463
506 0.0000004453
507 0.0000004443
508 0.0000004433
509 0.0000004423
510 0.0000004413
511 0.0000004403
512 0.0000004393
513 0.0000004383
514 0.0000004373
515 0.0000004363
516 0.0000004353
517 0.0000004344
518 0.0000004334
519 0.0000004324
520 0.0000004315
521 0.0000004305
522 0.0000004296
523 0.0000004286
524 0.0000004277
525 0.0000004267
526 0.0000004258
527 0.0000004249
528 0.0000004239
529 0.0000004230
530 0.0000004221
531 0.0000004212
532 0.0000004203
533 0.0000004194
534 0.0000004184
535 0.0000004176
536 0.0000004167
537 0.0000004158
538 0.0000004149
539 0.0000004140
540 0.0000004131
541 0.0000004122
542 0.0000004113
543 0.0000004105
544 0.0000004096
545 0.0000004087
546 0.0000004079
547 0.0000004070
548 0.0000004062
549 0.0000004053
550 0.0000004045
551 0.0000004036
552 0.0000004028
553 0.0000004019
554 0.0000004011
555 0.0000004003
556 0.0000003994
557 0.0000003986
558 0.0000003978
559 0.0000003970
560 0.0000003962
561 0.0000003953
562 0.0000003945
563 0.0000003937
564 0.0000003929
565 0.0000003921
566 0.0000003913
567 0.0000003905
568 0.0000003897
569 0.0000003890
570 0.0000003882
571 0.0000003874
572 0.0000003866
573 0.0000003858
574 0.0000003851
575 0.0000003843
576 0.0000003835
577 0.0000003828
578 0.0000003820
579 0.0000003812
580 0.0000003805
581 0.0000003797
582 0.0000003790
583 0.0000003782
584 0.0000003775
585 0.0000003768
586 0.0000003760
587 0.0000003753
588 0.0000003745
589 0.0000003738
590 0.0000003731
591 0.0000003724
592 0.0000003716
593 0.0000003709
594 0.0000003702
595 0.0000003695
596 0.0000003688
597 0.0000003681
598 0.0000003674
599 0.0000003666
600 0.0000003659
601 0.0000003652
602 0.0000003645
603 0.0000003639
604 0.0000003632
605 0.0000003625
606 0.0000003618
607 0.0000003611
608 0.0000003604
609 0.0000003597
610 0.0000003591
611 0.0000003584
612 0.0000003577
613 0.0000003570
614 0.0000003564
615 0.0000003557
616 0.0000003550
617 0.0000003544
618 0.0000003537
619 0.0000003531
620 0.0000003524
621 0.0000003518
622 0.0000003511
623 0.0000003505
624 0.0000003498
625 0.0000003492
626 0.0000003485
627 0.0000003479
628 0.0000003472
629 0.0000003466
630 0.0000003460
631 0.0000003454
632 0.0000003447
633 0.0000003441
634 0.0000003435
635 0.0000003429
636 0.0000003422
637 0.0000003416
638 0.0000003410
639 0.0000003404
640 0.0000003398
641 0.0000003392
642 0.0000003386
643 0.0000003380
644 0.0000003373
645 0.0000003367
646 0.0000003361
647 0.0000003355
648 0.0000003350
649 0.0000003344
650 0.0000003338
651 0.0000003332
652 0.0000003326
653 0.0000003320
654 0.0000003314
655 0.0000003308
656 0.0000003303
657 0.0000003297
658 0.0000003291
659 0.0000003285
660 0.0000003280
661 0.0000003274
662 0.0000003268
663 0.0000003263
664 0.0000003257
665 0.0000003251
666 0.0000003246
667 0.0000003240
668 0.0000003234
669 0.0000003229
670 0.0000003223
671 0.0000003218
672 0.0000003212
673 0.0000003207
674 0.0000003201
675 0.0000003196
676 0.0000003190
677 0.0000003185
678 0.0000003180
679 0.0000003174
680 0.0000003169
681 0.0000003163
682 0.0000003158
683 0.0000003153
684 0.0000003147
685 0.0000003142
686 0.0000003137
687 0.0000003132
688 0.0000003126
689 0.0000003121
690 0.0000003116
691 0.0000003111
692 0.0000003106
693 0.0000003100
694 0.0000003095
695 0.0000003090
696 0.0000003085
697 0.0000003080
698 0.0000003075
699 0.0000003070
700 0.0000003065
701 0.0000003060
702 0.0000003055
703 0.0000003050
704 0.0000003045
705 0.0000003040
706 0.0000003035
707 0.0000003030
708 0.0000003025
709 0.0000003020
710 0.0000003015
711 0.0000003010
712 0.0000003005
713 0.0000003000
714 0.0000002996
715 0.0000002991
716 0.0000002986
717 0.0000002981
718 0.0000002976
719 0.0000002972
720 0.0000002967
721 0.0000002962
722 0.0000002957
723 0.0000002953
724 0.0000002948
725 0.0000002943
726 0.0000002939
727 0.0000002934
728 0.0000002929
729 0.0000002925
730 0.0000002920
731 0.0000002915
732 0.0000002911
733 0.0000002906
734 0.0000002902
735 0.0000002897
736 0.0000002893
737 0.0000002888
738 0.0000002884
739 0.0000002879
740 0.0000002875
741 0.0000002870
742 0.0000002866
743 0.0000002861
744 0.0000002857
745 0.0000002852
746 0.0000002848
747 0.0000002843
748 0.0000002839
749 0.0000002835
750 0.0000002830
751 0.0000002826
752 0.0000002822
753 0.0000002817
754 0.0000002813
755 0.0000002809
756 0.0000002804
757 0.0000002800
758 0.0000002796
759 0.0000002792
760 0.0000002787
761 0.0000002783
762 0.0000002779
763 0.0000002775
764 0.0000002770
765 0.0000002766
766 0.0000002762
767 0.0000002758
768 0.0000002754
769 0.0000002750
770 0.0000002746
771 0.0000002741
772 0.0000002737
773 0.0000002733
774 0.0000002729
775 0.0000002725
776 0.0000002721
777 0.0000002717
778 0.0000002713
779 0.0000002709
780 0.0000002705
781 0.0000002701
782 0.0000002697
783 0.0000002693
784 0.0000002689
785 0.0000002685
786 0.0000002681
787 0.0000002677
788 0.0000002673
789 0.0000002669
790 0.0000002665
791 0.0000002661
792 0.0000002658
793 0.0000002654
794 0.0000002650
795 0.0000002646
796 0.0000002642
797 0.0000002638
798 0.0000002634
799 0.0000002631
800 0.0000002627
801 0.0000002623
802 0.0000002619
803 0.0000002615
804 0.0000002612
805 0.0000002608
806 0.0000002604
807 0.0000002600
808 0.0000002597
809 0.0000002593
810 0.0000002589
811 0.0000002586
812 0.0000002582
813 0.0000002578
814 0.0000002574
815 0.0000002571
816 0.0000002567
817 0.0000002564
818 0.0000002560
819 0.0000002556
820 0.0000002553
821 0.0000002549
822 0.0000002545
823 0.0000002542
824 0.0000002538
825 0.0000002535
826 0.0000002531
827 0.0000002528
828 0.0000002524
829 0.0000002520
830 0.0000002517
831 0.0000002513
832 0.0000002510
833 0.0000002506
834 0.0000002503
835 0.0000002499
836 0.0000002496
837 0.0000002493
838 0.0000002489
839 0.0000002486
840 0.0000002482
841 0.0000002479
842 0.0000002475
843 0.0000002472
844 0.0000002469
845 0.0000002465
846 0.0000002462
847 0.0000002458
848 0.0000002455
849 0.0000002452
850 0.0000002448
851 0.0000002445
852 0.0000002442
853 0.0000002438
854 0.0000002435
855 0.0000002432
856 0.0000002428
857 0.0000002425
858 0.0000002422
859 0.0000002418
860 0.0000002415
861 0.0000002412
862 0.0000002409
863 0.0000002405
864 0.0000002402
865 0.0000002399
866 0.0000002396
867 0.0000002392
868 0.0000002389
869 0.0000002386
870 0.0000002383
871 0.0000002380
872 0.0000002376
873 0.0000002373
874 0.0000002370
875 0.0000002367
876 0.0000002364
877 0.0000002361
878 0.0000002358
879 0.0000002354
880 0.0000002351
881 0.0000002348
882 0.0000002345
883 0.0000002342
884 0.0000002339
885 0.0000002336
886 0.0000002333
887 0.0000002330
888 0.0000002327
889 0.0000002323
890 0.0000002320
891 0.0000002317
892 0.0000002314
893 0.0000002311
894 0.0000002308
895 0.0000002305
896 0.0000002302
897 0.0000002299
898 0.0000002296
899 0.0000002293
900 0.0000002290
901 0.0000002287
902 0.0000002284
903 0.0000002281
904 0.0000002278
905 0.0000002275
906 0.0000002272
907 0.0000002270
908 0.0000002267
909 0.0000002264
910 0.0000002261
911 0.0000002258
912 0.0000002255
913 0.0000002252
914 0.0000002249
915 0.0000002246
916 0.0000002243
917 0.0000002241
918 0.0000002238
919 0.0000002235
920 0.0000002232
921 0.0000002229
922 0.0000002226
923 0.0000002223
924 0.0000002221
925 0.0000002218
926 0.0000002215
927 0.0000002212
928 0.0000002209
929 0.0000002207
930 0.0000002204
931 0.0000002201
932 0.0000002198
933 0.0000002195
934 0.0000002193
935 0.0000002190
936 0.0000002187
937 0.0000002184
938 0.0000002182
939 0.0000002179
940 0.0000002176
941 0.0000002173
942 0.0000002171
943 0.0000002168
944 0.0000002165
945 0.0000002163
946 0.0000002160
947 0.0000002157
948 0.0000002154
949 0.0000002152
950 0.0000002149
951 0.0000002146
952 0.0000002144
953 0.0000002141
954 0.0000002138
955 0.0000002136
956 0.0000002133
957 0.0000002130
958 0.0000002128
959 0.0000002125
960 0.0000002123
961 0.0000002120
962 0.0000002117
963 0.0000002115
964 0.0000002112
965 0.0000002110
966 0.0000002107
967 0.0000002104
968 0.0000002102
969 0.0000002099
970 0.0000002097
971 0.0000002094
972 0.0000002091
973 0.0000002089
974 0.0000002086
975 0.0000002084
976 0.0000002081
977 0.0000002079
978 0.0000002076
979 0.0000002074
980 0.0000002071
981 0.0000002069
982 0.0000002066
983 0.0000002063
984 0.0000002061
985 0.0000002058
986 0.0000002056
987 0.0000002053
988 0.0000002051
989 0.0000002048
990 0.0000002046
991 0.0000002044
992 0.0000002041
993 0.0000002039
994 0.0000002036
995 0.0000002034
996 0.0000002031
997 0.0000002029
998 0.0000002026
999 0.0000002024
1000 0.0000002021
1001 0.0000002019
1002 0.0000002016
1003 0.0000002014
1004 0.0000002012
1005 0.0000002009
1006 0.0000002007
1007 0.0000002004
1008 0.0000002002
1009 0.0000001999
1010 0.0000001997
1011 0.0000001995
1012 0.0000001992
1013 0.0000001990
1014 0.0000001987
1015 0.0000001985
1016 0.0000001983
1017 0.0000001980
1018 0.0000001978
1019 0.0000001976
1020 0.0000001973
1021 0.0000001971
1022 0.0000001968
1023 0.0000001966
1024 0.0000001964
1025 0.0000001961
1026 0.0000001959
1027 0.0000001957
1028 0.0000001954
1029 0.0000001952
1030 0.0000001949
1031 0.0000001947
1032 0.0000001945
1033 0.0000001942
1034 0.0000001940
1035 0.0000001938
1036 0.0000001935
1037 0.0000001933
1038 0.0000001931
1039 0.0000001928
1040 0.0000001926
1041 0.0000001923
1042 0.0000001921
1043 0.0000001919
1044 0.0000001916
1045 0.0000001914
1046 0.0000001912
1047 0.0000001909
1048 0.0000001907
1049 0.0000001904
1050 0.0000001902
1051 0.0000001900
1052 0.0000001897
1053 0.0000001895
1054 0.0000001892
1055 0.0000001890
1056 0.0000001888
1057 0.0000001885
1058 0.0000001883
1059 0.0000001880
1060 0.0000001878
1061 0.0000001875
1062 0.0000001873
1063 0.0000001870
1064 0.0000001868
1065 0.0000001865
1066 0.0000001862
1067 0.0000001860
1068 0.0000001857
1069 0.0000001854
1070 0.0000001851
1071 0.0000001848
1072 0.0000001845
1073 0.0000001842
1074 0.0000001839
1075 0.0000001835
1076 0.0000001832
1077 0.0000001828
1078 0.0000001824
1079 0.0000001820
1080 0.0000001815
1081 0.0000001809
1082 0.0000001803
1083 0.0000001795
1084 0.0000001786
1085 0.0000001774
1086 0.0000001756
1087 0.0000001730
1088 0.0000001676
1089 0.0000001494
1090 0.0000000000
