1 348
0 0.9948898057
1 0.0020925491
2 0.0005861939
3 0.0003527729
4 0.0002308336
5 0.0001657991
6 0.0001266993
7 0.0001008449
8 0.0000827093
9 0.0000694568
10 0.0000594560
11 0.0000517066
12 0.0000455673
13 0.0000406112
14 0.0000365449
15 0.0000331611
16 0.0000303099
17 0.0000278805
18 0.0000257898
19 0.0000239742
20 0.0000223846
21 0.0000209825
22 0.0000197375
23 0.0000186251
24 0.0000176255
25 0.0000167228
26 0.0000159035
27 0.0000151568
28 0.0000144735
29 0.0000138459
30 0.0000132675
31 0.0000127327
32 0.0000122369
33 0.0000117759
34 0.0000113461
35 0.0000109446
36 0.0000105687
37 0.0000102160
38 0.0000098844
39 0.0000095722
40 0.0000092776
41 0.0000089993
42 0.0000087359
43 0.0000084864
44 0.0000082496
45 0.0000080247
46 0.0000078107
47 0.0000076069
48 0.0000074127
49 0.0000072273
50 0.0000070502
51 0.0000068809
52 0.0000067188
53 0.0000065636
54 0.0000064148
55 0.0000062720
56 0.0000061349
57 0.0000060032
58 0.0000058766
59 0.0000057547
60 0.0000056374
61 0.0000055243
62 0.0000054153
63 0.0000053102
64 0.0000052087
65 0.0000051107
66 0.0000050160
67 0.0000049245
68 0.0000048359
69 0.0000047502
70 0.0000046673
71 0.0000045869
72 0.0000045090
73 0.0000044335
74 0.0000043603
75 0.0000042892
76 0.0000042202
77 0.0000041533
78 0.0000040882
79 0.0000040249
80 0.0000039635
81 0.0000039037
82 0.0000038455
83 0.0000037889
84 0.0000037338
85 0.0000036801
86 0.0000036279
87 0.0000035769
88 0.0000035273
89 0.0000034789
90 0.0000034316
91 0.0000033856
92 0.0000033406
93 0.0000032968
94 0.0000032539
95 0.0000032121
96 0.0000031712
97 0.0000031313
98 0.0000030923
99 0.0000030542
100 0.0000030169
101 0.0000029804
102 0.0000029447
103 0.0000029098
104 0.0000028757
105 0.0000028422
106 0.0000028095
107 0.0000027775
108 0.0000027461
109 0.0000027153
110 0.0000026852
111 0.0000026557
112 0.0000026267
113 0.0000025983
114 0.0000025705
115 0.0000025433
116 0.0000025165
117 0.0000024902
118 0.0000024645
119 0.0000024392
120 0.0000024144
121 0.0000023901
122 0.0000023662
123 0.0000023427
124 0.0000023196
125 0.0000022970
126 0.0000022747
127 0.0000022529
128 0.0000022314
129 0.0000022103
130 0.0000021896
131 0.0000021692
132 0.0000021491
133 0.0000021294
134 0.0000021100
135 0.0000020910
136 0.0000020722
137 0.0000020537
138 0.0000020356
139 0.0000020177
140 0.0000020001
141 0.0000019828
142 0.0000019658
143 0.0000019490
144 0.0000019325
145 0.0000019163
146 0.0000019003
147 0.0000018845
148 0.0000018690
149 0.0000018537
150 0.0000018386
151 0.0000018237
152 0.0000018091
153 0.0000017947
154 0.0000017805
155 0.0000017664
156 0.0000017526
157 0.0000017390
158 0.0000017256
159 0.0000017123
160 0.0000016993
161 0.0000016864
162 0.0000016737
163 0.0000016612
164 0.0000016488
165 0.0000016366
166 0.0000016246
167 0.0000016128
168 0.0000016010
169 0.0000015895
170 0.0000015781
171 0.0000015668
172 0.0000015557
173 0.0000015447
174 0.0000015339
175 0.0000015232
176 0.0000015127
177 0.0000015022
178 0.0000014919
179 0.0000014818
180 0.0000014717
181 0.0000014618
182 0.0000014520
183 0.0000014423
184 0.0000014328
185 0.0000014233
186 0.0000014140
187 0.0000014047
188 0.0000013956
189 0.0000013866
190 0.0000013777
191 0.0000013689
192 0.0000013602
193 0.0000013516
194 0.0000013431
195 0.0000013347
196 0.0000013264
197 0.0000013182
198 0.0000013100
199 0.0000013020
200 0.0000012941
201 0.0000012862
202 0.0000012784
203 0.0000012707
204 0.0000012631
205 0.0000012556
206 0.0000012482
207 0.0000012408
208 0.0000012335
209 0.0000012263
210 0.0000012192
211 0.0000012121
212 0.0000012051
213 0.0000011982
214 0.0000011914
215 0.0000011846
216 0.0000011779
217 0.0000011713
218 0.0000011647
219 0.0000011582
220 0.0000011518
221 0.0000011454
222 0.0000011391
223 0.0000011329
224 0.0000011267
225 0.0000011206
226 0.0000011145
227 0.0000011085
228 0.0000011026
229 0.0000010967
230 0.0000010909
231 0.0000010851
232 0.0000010794
233 0.0000010737
234 0.0000010681
235 0.0000010625
236 0.0000010570
237 0.0000010516
238 0.0000010462
239 0.0000010408
240 0.0000010355
241 0.0000010302
242 0.0000010250
243 0.0000010199
244 0.0000010147
245 0.0000010097
246 0.0000010046
247 0.0000009997
248 0.0000009947
249 0.0000009898
250 0.0000009850
251 0.0000009802
252 0.0000009754
253 0.0000009707
254 0.0000009660
255 0.0000009613
256 0.0000009567
257 0.0000009522
258 0.0000009476
259 0.0000009432
260 0.0000009387
261 0.0000009343
262 0.0000009299
263 0.0000009256
264 0.0000009213
265 0.0000009170
266 0.0000009127
267 0.0000009085
268 0.0000009044
269 0.0000009002
270 0.0000008961
271 0.0000008921
272 0.0000008880
273 0.0000008840
274 0.0000008800
275 0.0000008761
276 0.0000008722
277 0.0000008683
278 0.0000008644
279 0.0000008606
280 0.0000008568
281 0.0000008530
282 0.0000008493
283 0.0000008456
284 0.0000008419
285 0.0000008382
286 0.0000008346
287 0.0000008310
288 0.0000008274
289 0.0000008239
290 0.0000008203
291 0.0000008168
292 0.0000008133
293 0.0000008099
294 0.0000008064
295 0.0000008030
296 0.0000007996
297 0.0000007963
298 0.0000007929
299 0.0000007896
300 0.0000007863
301 0.0000007830
302 0.0000007798
303 0.0000007765
304 0.0000007733
305 0.0000007701
306 0.0000007669
307 0.0000007637
308 0.0000007606
309 0.0000007574
310 0.0000007543
311 0.0000007512
312 0.0000007481
313 0.0000007450
314 0.0000007419
315 0.0000007389
316 0.0000007358
317 0.0000007328
318 0.0000007297
319 0.0000007267
320 0.0000007237
321 0.0000007207
322 0.0000007176
323 0.0000007146
324 0.0000007116
325 0.0000007086
326 0.0000007055
327 0.0000007025
328 0.0000006994
329 0.0000006963
330 0.0000006932
331 0.0000006900
332 0.0000006868
333 0.0000006835
334 0.0000006802
335 0.0000006768
336 0.0000006733
337 0.0000006696
338 0.0000006658
339 0.0000006617
340 0.0000006573
341 0.0000006525
342 0.0000006469
343 0.0000006403
344 0.0000006319
345 0.0000006202
346 0.0000005990
347 0.0000005321
348 0.0000000000
