1 316
0 0.9733652466
1 0.0074692962
2 0.0027465905
3 0.0017865615
4 0.0012410131
5 0.0009397850
6 0.0007547310
7 0.0006294374
8 0.0005390578
9 0.0004708654
10 0.0004175575
11 0.0003746776
12 0.0003393854
13 0.0003097973
14 0.0002846167
15 0.0002629199
16 0.0002440297
17 0.0002274369
18 0.0002127501
19 0.0001996628
20 0.0001879315
21 0.0001773599
22 0.0001677878
23 0.0001590832
24 0.0001511363
25 0.0001438549
26 0.0001371610
27 0.0001309886
28 0.0001252807
29 0.0001199885
30 0.0001150697
31 0.0001104874
32 0.0001062094
33 0.0001022075
34 0.0000984568
35 0.0000949353
36 0.0000916232
37 0.0000885034
38 0.0000855601
39 0.0000827793
40 0.0000801487
41 0.0000776567
42 0.0000752933
43 0.0000730492
44 0.0000709159
45 0.0000688858
46 0.0000669519
47 0.0000651079
48 0.0000633480
49 0.0000616668
50 0.0000600593
51 0.0000585212
52 0.0000570481
53 0.0000556363
54 0.0000542822
55 0.0000529826
56 0.0000517343
57 0.0000505345
58 0.0000493807
59 0.0000482704
60 0.0000472012
61 0.0000461711
62 0.0000451780
63 0.0000442202
64 0.0000432958
65 0.0000424033
66 0.0000415411
67 0.0000407077
68 0.0000399020
69 0.0000391224
70 0.0000383680
71 0.0000376375
72 0.0000369299
73 0.0000362442
74 0.0000355795
75 0.0000349348
76 0.0000343094
77 0.0000337023
78 0.0000331130
79 0.0000325406
80 0.0000319844
81 0.0000314439
82 0.0000309185
83 0.0000304074
84 0.0000299103
85 0.0000294265
86 0.0000289556
87 0.0000284971
88 0.0000280505
89 0.0000276154
90 0.0000271914
91 0.0000267781
92 0.0000263751
93 0.0000259821
94 0.0000255987
95 0.0000252247
96 0.0000248596
97 0.0000245031
98 0.0000241551
99 0.0000238152
100 0.0000234831
101 0.0000231587
102 0.0000228416
103 0.0000225317
104 0.0000222286
105 0.0000219323
106 0.0000216424
107 0.0000213588
108 0.0000210814
109 0.0000208098
110 0.0000205440
111 0.0000202838
112 0.0000200290
113 0.0000197794
114 0.0000195350
115 0.0000192955
116 0.0000190608
117 0.0000188308
118 0.0000186054
119 0.0000183844
120 0.0000181677
121 0.0000179552
122 0.0000177467
123 0.0000175423
124 0.0000173417
125 0.0000171449
126 0.0000169517
127 0.0000167621
128 0.0000165760
129 0.0000163933
130 0.0000162139
131 0.0000160377
132 0.0000158647
133 0.0000156947
134 0.0000155277
135 0.0000153636
136 0.0000152024
137 0.0000150439
138 0.0000148881
139 0.0000147350
140 0.0000145845
141 0.0000144365
142 0.0000142910
143 0.0000141478
144 0.0000140071
145 0.0000138686
146 0.0000137323
147 0.0000135983
148 0.0000134664
149 0.0000133366
150 0.0000132089
151 0.0000130831
152 0.0000129593
153 0.0000128375
154 0.0000127175
155 0.0000125994
156 0.0000124830
157 0.0000123684
158 0.0000122556
159 0.0000121444
160 0.0000120349
161 0.0000119270
162 0.0000118207
163 0.0000117159
164 0.0000116127
165 0.0000115109
166 0.0000114106
167 0.0000113118
168 0.0000112143
169 0.0000111182
170 0.0000110235
171 0.0000109301
172 0.0000108380
173 0.0000107471
174 0.0000106575
175 0.0000105692
176 0.0000104820
177 0.0000103960
178 0.0000103112
179 0.0000102275
180 0.0000101449
181 0.0000100634
182 0.0000099829
183 0.0000099035
184 0.0000098252
185 0.0000097479
186 0.0000096715
187 0.0000095962
188 0.0000095217
189 0.0000094483
190 0.0000093758
191 0.0000093041
192 0.0000092334
193 0.0000091636
194 0.0000090946
195 0.0000090264
196 0.0000089591
197 0.0000088926
198 0.0000088270
199 0.0000087621
200 0.0000086980
201 0.0000086346
202 0.0000085720
203 0.0000085102
204 0.0000084491
205 0.0000083887
206 0.0000083290
207 0.0000082699
208 0.0000082116
209 0.0000081540
210 0.0000080970
211 0.0000080406
212 0.0000079849
213 0.0000079298
214 0.0000078753
215 0.0000078215
216 0.0000077682
217 0.0000077155
218 0.0000076635
219 0.0000076119
220 0.0000075610
221 0.0000075106
222 0.0000074607
223 0.0000074114
224 0.0000073626
225 0.0000073143
226 0.0000072666
227 0.0000072193
228 0.0000071726
229 0.0000071263
230 0.0000070805
231 0.0000070352
232 0.0000069903
233 0.0000069460
234 0.0000069020
235 0.0000068585
236 0.0000068155
237 0.0000067729
238 0.0000067307
239 0.0000066889
240 0.0000066476
241 0.0000066067
242 0.0000065661
243 0.0000065260
244 0.0000064862
245 0.0000064469
246 0.0000064079
247 0.0000063693
248 0.0000063311
249 0.0000062932
250 0.0000062557
251 0.0000062185
252 0.0000061817
253 0.0000061452
254 0.0000061091
255 0.0000060733
256 0.0000060378
257 0.0000060026
258 0.0000059678
259 0.0000059333
260 0.0000058991
261 0.0000058651
262 0.0000058315
263 0.0000057982
264 0.0000057651
265 0.0000057324
266 0.0000056999
267 0.0000056677
268 0.0000056358
269 0.0000056041
270 0.0000055727
271 0.0000055415
272 0.0000055106
273 0.0000054799
274 0.0000054495
275 0.0000054193
276 0.0000053893
277 0.0000053596
278 0.0000053301
279 0.0000053007
280 0.0000052716
281 0.0000052427
282 0.0000052139
283 0.0000051854
284 0.0000051570
285 0.0000051287
286 0.0000051007
287 0.0000050727
288 0.0000050449
289 0.0000050172
290 0.0000049896
291 0.0000049621
292 0.0000049347
293 0.0000049073
294 0.0000048799
295 0.0000048525
296 0.0000048251
297 0.0000047975
298 0.0000047699
299 0.0000047420
300 0.0000047138
301 0.0000046853
302 0.0000046562
303 0.0000046265
304 0.0000045959
305 0.0000045642
306 0.0000045309
307 0.0000044956
308 0.0000044574
309 0.0000044152
310 0.0000043673
311 0.0000043105
312 0.0000042393
313 0.0000041439
314 0.0000039825
315 0.0000035200
316 0.0000000000
