0 288
0 0.9719714868
1 0.0071176959
2 0.0024662114
3 0.0015566078
4 0.0010503897
5 0.0007807987
6 0.0006216395
7 0.0005175144
8 0.0004444654
9 0.0003905324
10 0.0003490314
11 0.0003159954
12 0.0002889705
13 0.0002663777
14 0.0002471603
15 0.0002305842
16 0.0002161220
17 0.0002033831
18 0.0001920710
19 0.0001819553
20 0.0001728540
21 0.0001646210
22 0.0001571371
23 0.0001503043
24 0.0001440411
25 0.0001382791
26 0.0001329602
27 0.0001280355
28 0.0001234625
29 0.0001192049
30 0.0001152311
31 0.0001115137
32 0.0001080287
33 0.0001047548
34 0.0001016736
35 0.0000987684
36 0.0000960246
37 0.0000934291
38 0.0000909702
39 0.0000886374
40 0.0000864213
41 0.0000843132
42 0.0000823056
43 0.0000803913
44 0.0000785640
45 0.0000768180
46 0.0000751478
47 0.0000735488
48 0.0000720163
49 0.0000705464
50 0.0000691353
51 0.0000677795
52 0.0000664759
53 0.0000652215
54 0.0000640135
55 0.0000628495
56 0.0000617270
57 0.0000606439
58 0.0000595982
59 0.0000585879
60 0.0000576113
61 0.0000566667
62 0.0000557525
63 0.0000548674
64 0.0000540100
65 0.0000531789
66 0.0000523730
67 0.0000515912
68 0.0000508323
69 0.0000500955
70 0.0000493797
71 0.0000486841
72 0.0000480078
73 0.0000473500
74 0.0000467100
75 0.0000460870
76 0.0000454805
77 0.0000448897
78 0.0000443141
79 0.0000437530
80 0.0000432060
81 0.0000426724
82 0.0000421519
83 0.0000416439
84 0.0000411480
85 0.0000406638
86 0.0000401909
87 0.0000397288
88 0.0000392772
89 0.0000388357
90 0.0000384041
91 0.0000379820
92 0.0000375690
93 0.0000371649
94 0.0000367694
95 0.0000363822
96 0.0000360031
97 0.0000356318
98 0.0000352681
99 0.0000349118
100 0.0000345626
101 0.0000342202
102 0.0000338846
103 0.0000335555
104 0.0000332328
105 0.0000329161
106 0.0000326055
107 0.0000323007
108 0.0000320015
109 0.0000317078
110 0.0000314194
111 0.0000311362
112 0.0000308581
113 0.0000305849
114 0.0000303165
115 0.0000300528
116 0.0000297936
117 0.0000295388
118 0.0000292884
119 0.0000290422
120 0.0000288000
121 0.0000285619
122 0.0000283277
123 0.0000280972
124 0.0000278705
125 0.0000276475
126 0.0000274279
127 0.0000272119
128 0.0000269992
129 0.0000267898
130 0.0000265836
131 0.0000263805
132 0.0000261806
133 0.0000259836
134 0.0000257896
135 0.0000255985
136 0.0000254101
137 0.0000252245
138 0.0000250416
139 0.0000248614
140 0.0000246837
141 0.0000245085
142 0.0000243358
143 0.0000241655
144 0.0000239976
145 0.0000238320
146 0.0000236686
147 0.0000235075
148 0.0000233486
149 0.0000231918
150 0.0000230370
151 0.0000228844
152 0.0000227337
153 0.0000225850
154 0.0000224382
155 0.0000222934
156 0.0000221503
157 0.0000220091
158 0.0000218697
159 0.0000217321
160 0.0000215961
161 0.0000214619
162 0.0000213293
163 0.0000211983
164 0.0000210690
165 0.0000209411
166 0.0000208149
167 0.0000206901
168 0.0000205669
169 0.0000204451
170 0.0000203247
171 0.0000202057
172 0.0000200881
173 0.0000199719
174 0.0000198570
175 0.0000197434
176 0.0000196311
177 0.0000195201
178 0.0000194103
179 0.0000193018
180 0.0000191944
181 0.0000190883
182 0.0000189833
183 0.0000188794
184 0.0000187767
185 0.0000186751
186 0.0000185745
187 0.0000184751
188 0.0000183767
189 0.0000182793
190 0.0000181830
191 0.0000180877
192 0.0000179934
193 0.0000179000
194 0.0000178076
195 0.0000177162
196 0.0000176257
197 0.0000175361
198 0.0000174474
199 0.0000173596
200 0.0000172727
201 0.0000171866
202 0.0000171014
203 0.0000170170
204 0.0000169335
205 0.0000168508
206 0.0000167688
207 0.0000166877
208 0.0000166073
209 0.0000165278
210 0.0000164489
211 0.0000163708
212 0.0000162935
213 0.0000162169
214 0.0000161409
215 0.0000160657
216 0.0000159912
217 0.0000159174
218 0.0000158443
219 0.0000157718
220 0.0000156999
221 0.0000156287
222 0.0000155582
223 0.0000154883
224 0.0000154190
225 0.0000153504
226 0.0000152823
227 0.0000152148
228 0.0000151480
229 0.0000150817
230 0.0000150160
231 0.0000149508
232 0.0000148862
233 0.0000148222
234 0.0000147587
235 0.0000146957
236 0.0000146333
237 0.0000145714
238 0.0000145100
239 0.0000144492
240 0.0000143888
241 0.0000143289
242 0.0000142696
243 0.0000142107
244 0.0000141523
245 0.0000140944
246 0.0000140369
247 0.0000139799
248 0.0000139234
249 0.0000138673
250 0.0000138117
251 0.0000137565
252 0.0000137017
253 0.0000136474
254 0.0000135935
255 0.0000135400
256 0.0000134869
257 0.0000134343
258 0.0000133820
259 0.0000133302
260 0.0000132787
261 0.0000132277
262 0.0000131770
263 0.0000131267
264 0.0000130768
265 0.0000130273
266 0.0000129781
267 0.0000129293
268 0.0000128809
269 0.0000128328
270 0.0000127851
271 0.0000127377
272 0.0000126907
273 0.0000126440
274 0.0000125976
275 0.0000125516
276 0.0000125059
277 0.0000124606
278 0.0000124155
279 0.0000123708
280 0.0000123264
281 0.0000122823
282 0.0000122385
283 0.0000121951
284 0.0000121519
285 0.0000121090
286 0.0000120664
287 0.0000120242
288 0.0000119822
