1 2000
0 0.9955662528
1 0.0014013157
2 0.0005678590
3 0.0003844298
4 0.0002745474
5 0.0002097635
6 0.0001675427
7 0.0001376837
8 0.0001154884
9 0.0000984178
10 0.0000849368
11 0.0000740601
12 0.0000651296
13 0.0000576903
14 0.0000514174
15 0.0000460733
16 0.0000414798
17 0.0000375009
18 0.0000340310
19 0.0000309868
20 0.0000283017
21 0.0000259221
22 0.0000238041
23 0.0000219116
24 0.0000202145
25 0.0000186877
26 0.0000173101
27 0.0000160636
28 0.0000149328
29 0.0000139047
30 0.0000129678
31 0.0000121123
32 0.0000113295
33 0.0000106121
34 0.0000099534
35 0.0000093477
36 0.0000087899
37 0.0000082753
38 0.0000078001
39 0.0000073605
40 0.0000069535
41 0.0000065762
42 0.0000062260
43 0.0000059005
44 0.0000055978
45 0.0000053159
46 0.0000050532
47 0.0000048080
48 0.0000045791
49 0.0000043651
50 0.0000041649
51 0.0000039774
52 0.0000038017
53 0.0000036369
54 0.0000034822
55 0.0000033369
56 0.0000032002
57 0.0000030717
58 0.0000029506
59 0.0000028365
60 0.0000027289
61 0.0000026274
62 0.0000025316
63 0.0000024409
64 0.0000023553
65 0.0000022742
66 0.0000021974
67 0.0000021246
68 0.0000020556
69 0.0000019901
70 0.0000019280
71 0.0000018689
72 0.0000018127
73 0.0000017593
74 0.0000017084
75 0.0000016599
76 0.0000016137
77 0.0000015697
78 0.0000015276
79 0.0000014875
80 0.0000014491
81 0.0000014124
82 0.0000013773
83 0.0000013437
84 0.0000013115
85 0.0000012806
86 0.0000012510
87 0.0000012226
88 0.0000011954
89 0.0000011692
90 0.0000011440
91 0.0000011198
92 0.0000010965
93 0.0000010740
94 0.0000010524
95 0.0000010315
96 0.0000010114
97 0.0000009920
98 0.0000009733
99 0.0000009552
100 0.0000009377
101 0.0000009208
102 0.0000009045
103 0.0000008886
104 0.0000008733
105 0.0000008584
106 0.0000008440
107 0.0000008301
108 0.0000008165
109 0.0000008034
110 0.0000007906
111 0.0000007782
112 0.0000007662
113 0.0000007544
114 0.0000007430
115 0.0000007319
116 0.0000007211
117 0.0000007106
118 0.0000007004
119 0.0000006904
120 0.0000006806
121 0.0000006711
122 0.0000006619
123 0.0000006528
124 0.0000006440
125 0.0000006354
126 0.0000006270
127 0.0000006187
128 0.0000006107
129 0.0000006028
130 0.0000005951
131 0.0000005876
132 0.0000005802
133 0.0000005730
134 0.0000005659
135 0.0000005590
136 0.0000005523
137 0.0000005456
138 0.0000005391
139 0.0000005327
140 0.0000005265
141 0.0000005203
142 0.0000005143
143 0.0000005084
144 0.0000005026
145 0.0000004969
146 0.0000004913
147 0.0000004858
148 0.0000004804
149 0.0000004751
150 0.0000004699
151 0.0000004648
152 0.0000004598
153 0.0000004548
154 0.0000004500
155 0.0000004452
156 0.0000004405
157 0.0000004359
158 0.0000004313
159 0.0000004268
160 0.0000004224
161 0.0000004181
162 0.0000004138
163 0.0000004096
164 0.0000004055
165 0.0000004014
166 0.0000003974
167 0.0000003934
168 0.0000003895
169 0.0000003857
170 0.0000003819
171 0.0000003782
172 0.0000003745
173 0.0000003709
174 0.0000003673
175 0.0000003638
176 0.0000003603
177 0.0000003569
178 0.0000003535
179 0.0000003502
180 0.0000003469
181 0.0000003437
182 0.0000003405
183 0.0000003373
184 0.0000003342
185 0.0000003312
186 0.0000003281
187 0.0000003251
188 0.0000003222
189 0.0000003193
190 0.0000003164
191 0.0000003136
192 0.0000003108
193 0.0000003080
194 0.0000003053
195 0.0000003026
196 0.0000002999
197 0.0000002973
198 0.0000002947
199 0.0000002921
200 0.0000002896
201 0.0000002871
202 0.0000002846
203 0.0000002822
204 0.0000002798
205 0.0000002774
206 0.0000002750
207 0.0000002727
208 0.0000002704
209 0.0000002681
210 0.0000002659
211 0.0000002637
212 0.0000002615
213 0.0000002593
214 0.0000002571
215 0.0000002550
216 0.0000002529
217 0.0000002509
218 0.0000002488
219 0.0000002468
220 0.0000002448
221 0.0000002428
222 0.0000002408
223 0.0000002389
224 0.0000002370
225 0.0000002351
226 0.0000002332
227 0.0000002314
228 0.0000002295
229 0.0000002277
230 0.0000002259
231 0.0000002241
232 0.0000002224
233 0.0000002207
234 0.0000002189
235 0.0000002172
236 0.0000002155
237 0.0000002139
238 0.0000002122
239 0.0000002106
240 0.0000002090
241 0.0000002074
242 0.0000002058
243 0.0000002043
244 0.0000002027
245 0.0000002012
246 0.0000001997
247 0.0000001982
248 0.0000001967
249 0.0000001952
250 0.0000001937
251 0.0000001923
252 0.0000001909
253 0.0000001895
254 0.0000001881
255 0.0000001867
256 0.0000001853
257 0.0000001840
258 0.0000001826
259 0.0000001813
260 0.0000001800
261 0.0000001787
262 0.0000001774
263 0.0000001761
264 0.0000001748
265 0.0000001736
266 0.0000001723
267 0.0000001711
268 0.0000001699
269 0.0000001687
270 0.0000001675
271 0.0000001663
272 0.0000001651
273 0.0000001639
274 0.0000001628
275 0.0000001616
276 0.0000001605
277 0.0000001594
278 0.0000001583
279 0.0000001572
280 0.0000001561
281 0.0000001550
282 0.0000001540
283 0.0000001529
284 0.0000001518
285 0.0000001508
286 0.0000001498
287 0.0000001488
288 0.0000001477
289 0.0000001467
290 0.0000001457
291 0.0000001448
292 0.0000001438
293 0.0000001428
294 0.0000001419
295 0.0000001409
296 0.0000001400
297 0.0000001390
298 0.0000001381
299 0.0000001372
300 0.0000001363
301 0.0000001354
302 0.0000001345
303 0.0000001336
304 0.0000001327
305 0.0000001318
306 0.0000001310
307 0.0000001301
308 0.0000001293
309 0.0000001284
310 0.0000001276
311 0.0000001268
312 0.0000001260
313 0.0000001252
314 0.0000001243
315 0.0000001235
316 0.0000001228
317 0.0000001220
318 0.0000001212
319 0.0000001204
320 0.0000001197
321 0.0000001189
322 0.0000001181
323 0.0000001174
324 0.0000001167
325 0.0000001159
326 0.0000001152
327 0.0000001145
328 0.0000001138
329 0.0000001130
330 0.0000001123
331 0.0000001116
332 0.0000001110
333 0.0000001103
334 0.0000001096
335 0.0000001089
336 0.0000001082
337 0.0000001076
338 0.0000001069
339 0.0000001063
340 0.0000001056
341 0.0000001050
342 0.0000001043
343 0.0000001037
344 0.0000001031
345 0.0000001024
346 0.0000001018
347 0.0000001012
348 0.0000001006
349 0.0000001000
350 0.0000000994
351 0.0000000988
352 0.0000000982
353 0.0000000976
354 0.0000000970
355 0.0000000965
356 0.0000000959
357 0.0000000953
358 0.0000000948
359 0.0000000942
360 0.0000000936
361 0.0000000931
362 0.0000000925
363 0.0000000920
364 0.0000000915
365 0.0000000909
366 0.0000000904
367 0.0000000899
368 0.0000000894
369 0.0000000888
370 0.0000000883
371 0.0000000878
372 0.0000000873
373 0.0000000868
374 0.0000000863
375 0.0000000858
376 0.0000000853
377 0.0000000848
378 0.0000000844
379 0.0000000839
380 0.0000000834
381 0.0000000829
382 0.0000000825
383 0.0000000820
384 0.0000000815
385 0.0000000811
386 0.0000000806
387 0.0000000802
388 0.0000000797
389 0.0000000793
390 0.0000000788
391 0.0000000784
392 0.0000000779
393 0.0000000775
394 0.0000000771
395 0.0000000766
396 0.0000000762
397 0.0000000758
398 0.0000000754
399 0.0000000750
400 0.0000000746
401 0.0000000741
402 0.0000000737
403 0.0000000733
404 0.0000000729
405 0.0000000725
406 0.0000000721
407 0.0000000718
408 0.0000000714
409 0.0000000710
410 0.0000000706
411 0.0000000702
412 0.0000000698
413 0.0000000695
414 0.0000000691
415 0.0000000687
416 0.0000000683
417 0.0000000680
418 0.0000000676
419 0.0000000673
420 0.0000000669
421 0.0000000665
422 0.0000000662
423 0.0000000658
424 0.0000000655
425 0.0000000651
426 0.0000000648
427 0.0000000645
428 0.0000000641
429 0.0000000638
430 0.0000000635
431 0.0000000631
432 0.0000000628
433 0.0000000625
434 0.0000000621
435 0.0000000618
436 0.0000000615
437 0.0000000612
438 0.0000000609
439 0.0000000605
440 0.0000000602
441 0.0000000599
442 0.0000000596
443 0.0000000593
444 0.0000000590
445 0.0000000587
446 0.0000000584
447 0.0000000581
448 0.0000000578
449 0.0000000575
450 0.0000000572
451 0.0000000569
452 0.0000000566
453 0.0000000564
454 0.0000000561
455 0.0000000558
456 0.0000000555
457 0.0000000552
458 0.0000000549
459 0.0000000547
460 0.0000000544
461 0.0000000541
462 0.0000000539
463 0.0000000536
464 0.0000000533
465 0.0000000531
466 0.0000000528
467 0.0000000525
468 0.0000000523
469 0.0000000520
470 0.0000000518
471 0.0000000515
472 0.0000000512
473 0.0000000510
474 0.0000000507
475 0.0000000505
476 0.0000000502
477 0.0000000500
478 0.0000000498
479 0.0000000495
480 0.0000000493
481 0.0000000490
482 0.0000000488
483 0.0000000486
484 0.0000000483
485 0.0000000481
486 0.0000000479
487 0.0000000476
488 0.0000000474
489 0.0000000472
490 0.0000000469
491 0.0000000467
492 0.0000000465
493 0.0000000463
494 0.0000000461
495 0.0000000458
496 0.0000000456
497 0.0000000454
498 0.0000000452
499 0.0000000450
500 0.0000000448
501 0.0000000445
502 0.0000000443
503 0.0000000441
504 0.0000000439
505 0.0000000437
506 0.0000000435
507 0.0000000433
508 0.0000000431
509 0.0000000429
510 0.0000000427
511 0.0000000425
512 0.0000000423
513 0.0000000421
514 0.0000000419
515 0.0000000417
516 0.0000000415
517 0.0000000413
518 0.0000000411
519 0.0000000410
520 0.0000000408
521 0.0000000406
522 0.0000000404
523 0.0000000402
524 0.0000000400
525 0.0000000398
526 0.0000000397
527 0.0000000395
528 0.0000000393
529 0.0000000391
530 0.0000000389
531 0.0000000388
532 0.0000000386
533 0.0000000384
534 0.0000000382
535 0.0000000381
536 0.0000000379
537 0.0000000377
538 0.0000000376
539 0.0000000374
540 0.0000000372
541 0.0000000370
542 0.0000000369
543 0.0000000367
544 0.0000000366
545 0.0000000364
546 0.0000000362
547 0.0000000361
548 0.0000000359
549 0.0000000357
550 0.0000000356
551 0.0000000354
552 0.0000000353
553 0.0000000351
554 0.0000000350
555 0.0000000348
556 0.0000000347
557 0.0000000345
558 0.0000000344
559 0.0000000342
560 0.0000000341
561 0.0000000339
562 0.0000000338
563 0.0000000336
564 0.0000000335
565 0.0000000333
566 0.0000000332
567 0.0000000330
568 0.0000000329
569 0.0000000327
570 0.0000000326
571 0.0000000325
572 0.0000000323
573 0.0000000322
574 0.0000000320
575 0.0000000319
576 0.0000000318
577 0.0000000316
578 0.0000000315
579 0.0000000314
580 0.0000000312
581 0.0000000311
582 0.0000000310
583 0.0000000308
584 0.0000000307
585 0.0000000306
586 0.0000000304
587 0.0000000303
588 0.0000000302
589 0.0000000301
590 0.0000000299
591 0.0000000298
592 0.0000000297
593 0.0000000296
594 0.0000000294
595 0.0000000293
596 0.0000000292
597 0.0000000291
598 0.0000000289
599 0.0000000288
600 0.0000000287
601 0.0000000286
602 0.0000000285
603 0.0000000283
604 0.0000000282
605 0.0000000281
606 0.0000000280
607 0.0000000279
608 0.0000000278
609 0.0000000277
610 0.0000000275
611 0.0000000274
612 0.0000000273
613 0.0000000272
614 0.0000000271
615 0.0000000270
616 0.0000000269
617 0.0000000268
618 0.0000000267
619 0.0000000265
620 0.0000000264
621 0.0000000263
622 0.0000000262
623 0.0000000261
624 0.0000000260
625 0.0000000259
626 0.0000000258
627 0.0000000257
628 0.0000000256
629 0.0000000255
630 0.0000000254
631 0.0000000253
632 0.0000000252
633 0.0000000251
634 0.0000000250
635 0.0000000249
636 0.0000000248
637 0.0000000247
638 0.0000000246
639 0.0000000245
640 0.0000000244
641 0.0000000243
642 0.0000000242
643 0.0000000241
644 0.0000000240
645 0.0000000239
646 0.0000000238
647 0.0000000237
648 0.0000000236
649 0.0000000235
650 0.0000000234
651 0.0000000234
652 0.0000000233
653 0.0000000232
654 0.0000000231
655 0.0000000230
656 0.0000000229
657 0.0000000228
658 0.0000000227
659 0.0000000226
660 0.0000000225
661 0.0000000225
662 0.0000000224
663 0.0000000223
664 0.0000000222
665 0.0000000221
666 0.0000000220
667 0.0000000219
668 0.0000000219
669 0.0000000218
670 0.0000000217
671 0.0000000216
672 0.0000000215
673 0.0000000214
674 0.0000000214
675 0.0000000213
676 0.0000000212
677 0.0000000211
678 0.0000000210
679 0.0000000210
680 0.0000000209
681 0.0000000208
682 0.0000000207
683 0.0000000206
684 0.0000000206
685 0.0000000205
686 0.0000000204
687 0.0000000203
688 0.0000000203
689 0.0000000202
690 0.0000000201
691 0.0000000200
692 0.0000000200
693 0.0000000199
694 0.0000000198
695 0.0000000197
696 0.0000000197
697 0.0000000196
698 0.0000000195
699 0.0000000194
700 0.0000000194
701 0.0000000193
702 0.0000000192
703 0.0000000192
704 0.0000000191
705 0.0000000190
706 0.0000000189
707 0.0000000189
708 0.0000000188
709 0.0000000187
710 0.0000000187
711 0.0000000186
712 0.0000000185
713 0.0000000185
714 0.0000000184
715 0.0000000183
716 0.0000000183
717 0.0000000182
718 0.0000000181
719 0.0000000181
720 0.0000000180
721 0.0000000179
722 0.0000000179
723 0.0000000178
724 0.0000000177
725 0.0000000177
726 0.0000000176
727 0.0000000175
728 0.0000000175
729 0.0000000174
730 0.0000000174
731 0.0000000173
732 0.0000000172
733 0.0000000172
734 0.0000000171
735 0.0000000170
736 0.0000000170
737 0.0000000169
738 0.0000000169
739 0.0000000168
740 0.0000000167
741 0.0000000167
742 0.0000000166
743 0.0000000166
744 0.0000000165
745 0.0000000164
746 0.0000000164
747 0.0000000163
748 0.0000000163
749 0.0000000162
750 0.0000000162
751 0.0000000161
752 0.0000000160
753 0.0000000160
754 0.0000000159
755 0.0000000159
756 0.0000000158
757 0.0000000158
758 0.0000000157
759 0.0000000157
760 0.0000000156
761 0.0000000155
762 0.0000000155
763 0.0000000154
764 0.0000000154
765 0.0000000153
766 0.0000000153
767 0.0000000152
768 0.0000000152
769 0.0000000151
770 0.0000000151
771 0.0000000150
772 0.0000000150
773 0.0000000149
774 0.0000000149
775 0.0000000148
776 0.0000000148
777 0.0000000147
778 0.0000000147
779 0.0000000146
780 0.0000000146
781 0.0000000145
782 0.0000000145
783 0.0000000144
784 0.0000000144
785 0.0000000143
786 0.0000000143
787 0.0000000142
788 0.0000000142
789 0.0000000141
790 0.0000000141
791 0.0000000140
792 0.0000000140
793 0.0000000139
794 0.0000000139
795 0.0000000138
796 0.0000000138
797 0.0000000137
798 0.0000000137
799 0.0000000137
800 0.0000000136
801 0.0000000136
802 0.0000000135
803 0.0000000135
804 0.0000000134
805 0.0000000134
806 0.0000000133
807 0.0000000133
808 0.0000000132
809 0.0000000132
810 0.0000000132
811 0.0000000131
812 0.0000000131
813 0.0000000130
814 0.0000000130
815 0.0000000129
816 0.0000000129
817 0.0000000129
818 0.0000000128
819 0.0000000128
820 0.0000000127
821 0.0000000127
822 0.0000000126
823 0.0000000126
824 0.0000000126
825 0.0000000125
826 0.0000000125
827 0.0000000124
828 0.0000000124
829 0.0000000124
830 0.0000000123
831 0.0000000123
832 0.0000000122
833 0.0000000122
834 0.0000000122
835 0.0000000121
836 0.0000000121
837 0.0000000120
838 0.0000000120
839 0.0000000120
840 0.0000000119
841 0.0000000119
842 0.0000000119
843 0.0000000118
844 0.0000000118
845 0.0000000117
846 0.0000000117
847 0.0000000117
848 0.0000000116
849 0.0000000116
850 0.0000000116
851 0.0000000115
852 0.0000000115
853 0.0000000114
854 0.0000000114
855 0.0000000114
856 0.0000000113
857 0.0000000113
858 0.0000000113
859 0.0000000112
860 0.0000000112
861 0.0000000112
862 0.0000000111
863 0.0000000111
864 0.0000000111
865 0.0000000110
866 0.0000000110
867 0.0000000109
868 0.0000000109
869 0.0000000109
870 0.0000000108
871 0.0000000108
872 0.0000000108
873 0.0000000107
874 0.0000000107
875 0.0000000107
876 0.0000000106
877 0.0000000106
878 0.0000000106
879 0.0000000105
880 0.0000000105
881 0.0000000105
882 0.0000000104
883 0.0000000104
884 0.0000000104
885 0.0000000104
886 0.0000000103
887 0.0000000103
888 0.0000000103
889 0.0000000102
890 0.0000000102
891 0.0000000102
892 0.0000000101
893 0.0000000101
894 0.0000000101
895 0.0000000100
896 0.0000000100
897 0.0000000100
898 0.0000000099
899 0.0000000099
900 0.0000000099
901 0.0000000099
902 0.0000000098
903 0.0000000098
904 0.0000000098
905 0.0000000097
906 0.0000000097
907 0.0000000097
908 0.0000000096
909 0.0000000096
910 0.0000000096
911 0.0000000096
912 0.0000000095
913 0.0000000095
914 0.0000000095
915 0.0000000094
916 0.0000000094
917 0.0000000094
918 0.0000000094
919 0.0000000093
920 0.0000000093
921 0.0000000093
922 0.0000000093
923 0.0000000092
924 0.0000000092
925 0.0000000092
926 0.0000000091
927 0.0000000091
928 0.0000000091
929 0.0000000091
930 0.0000000090
931 0.0000000090
932 0.0000000090
933 0.0000000090
934 0.0000000089
935 0.0000000089
936 0.0000000089
937 0.0000000088
938 0.0000000088
939 0.0000000088
940 0.0000000088
941 0.0000000087
942 0.0000000087
943 0.0000000087
944 0.0000000087
945 0.0000000086
946 0.0000000086
947 0.0000000086
948 0.0000000086
949 0.0000000085
950 0.0000000085
951 0.0000000085
952 0.0000000085
953 0.0000000084
954 0.0000000084
955 0.0000000084
956 0.0000000084
957 0.0000000083
958 0.0000000083
959 0.0000000083
960 0.0000000083
961 0.0000000083
962 0.0000000082
963 0.0000000082
964 0.0000000082
965 0.0000000082
966 0.0000000081
967 0.0000000081
968 0.0000000081
969 0.0000000081
970 0.0000000080
971 0.0000000080
972 0.0000000080
973 0.0000000080
974 0.0000000079
975 0.0000000079
976 0.0000000079
977 0.0000000079
978 0.0000000079
979 0.0000000078
980 0.0000000078
981 0.0000000078
982 0.0000000078
983 0.0000000077
984 0.0000000077
985 0.0000000077
986 0.0000000077
987 0.0000000077
988 0.0000000076
989 0.0000000076
990 0.0000000076
991 0.0000000076
992 0.0000000076
993 0.0000000075
994 0.0000000075
995 0.0000000075
996 0.0000000075
997 0.0000000075
998 0.0000000074
999 0.0000000074
1000 0.0000000074
1001 0.0000000074
1002 0.0000000073
1003 0.0000000073
1004 0.0000000073
1005 0.0000000073
1006 0.0000000073
1007 0.0000000072
1008 0.0000000072
1009 0.0000000072
1010 0.0000000072
1011 0.0000000072
1012 0.0000000071
1013 0.0000000071
1014 0.0000000071
1015 0.0000000071
1016 0.0000000071
1017 0.0000000070
1018 0.0000000070
1019 0.0000000070
1020 0.0000000070
1021 0.0000000070
1022 0.0000000070
1023 0.0000000069
1024 0.0000000069
1025 0.0000000069
1026 0.0000000069
1027 0.0000000069
1028 0.0000000068
1029 0.0000000068
1030 0.0000000068
1031 0.0000000068
1032 0.0000000068
1033 0.0000000067
1034 0.0000000067
1035 0.0000000067
1036 0.0000000067
1037 0.0000000067
1038 0.0000000067
1039 0.0000000066
1040 0.0000000066
1041 0.0000000066
1042 0.0000000066
1043 0.0000000066
1044 0.0000000066
1045 0.0000000065
1046 0.0000000065
1047 0.0000000065
1048 0.0000000065
1049 0.0000000065
1050 0.0000000064
1051 0.0000000064
1052 0.0000000064
1053 0.0000000064
1054 0.0000000064
1055 0.0000000064
1056 0.0000000063
1057 0.0000000063
1058 0.0000000063
1059 0.0000000063
1060 0.0000000063
1061 0.0000000063
1062 0.0000000062
1063 0.0000000062
1064 0.0000000062
1065 0.0000000062
1066 0.0000000062
1067 0.0000000062
1068 0.0000000061
1069 0.0000000061
1070 0.0000000061
1071 0.0000000061
1072 0.0000000061
1073 0.0000000061
1074 0.0000000061
1075 0.0000000060
1076 0.0000000060
1077 0.0000000060
1078 0.0000000060
1079 0.0000000060
1080 0.0000000060
1081 0.0000000059
1082 0.0000000059
1083 0.0000000059
1084 0.0000000059
1085 0.0000000059
1086 0.0000000059
1087 0.0000000059
1088 0.0000000058
1089 0.0000000058
1090 0.0000000058
1091 0.0000000058
1092 0.0000000058
1093 0.0000000058
1094 0.0000000057
1095 0.0000000057
1096 0.0000000057
1097 0.0000000057
1098 0.0000000057
1099 0.0000000057
1100 0.0000000057
1101 0.0000000056
1102 0.0000000056
1103 0.0000000056
1104 0.0000000056
1105 0.0000000056
1106 0.0000000056
1107 0.0000000056
1108 0.0000000055
1109 0.0000000055
1110 0.0000000055
1111 0.0000000055
1112 0.0000000055
1113 0.0000000055
1114 0.0000000055
1115 0.0000000054
1116 0.0000000054
1117 0.0000000054
1118 0.0000000054
1119 0.0000000054
1120 0.0000000054
1121 0.0000000054
1122 0.0000000054
1123 0.0000000053
1124 0.0000000053
1125 0.0000000053
1126 0.0000000053
1127 0.0000000053
1128 0.0000000053
1129 0.0000000053
1130 0.0000000052
1131 0.0000000052
1132 0.0000000052
1133 0.0000000052
1134 0.0000000052
1135 0.0000000052
1136 0.0000000052
1137 0.0000000052
1138 0.0000000051
1139 0.0000000051
1140 0.0000000051
1141 0.0000000051
1142 0.0000000051
1143 0.0000000051
1144 0.0000000051
1145 0.0000000051
1146 0.0000000050
1147 0.0000000050
1148 0.0000000050
1149 0.0000000050
1150 0.0000000050
1151 0.0000000050
1152 0.0000000050
1153 0.0000000050
1154 0.0000000049
1155 0.0000000049
1156 0.0000000049
1157 0.0000000049
1158 0.0000000049
1159 0.0000000049
1160 0.0000000049
1161 0.0000000049
1162 0.0000000048
1163 0.0000000048
1164 0.0000000048
1165 0.0000000048
1166 0.0000000048
1167 0.0000000048
1168 0.0000000048
1169 0.0000000048
1170 0.0000000048
1171 0.0000000047
1172 0.0000000047
1173 0.0000000047
1174 0.0000000047
1175 0.0000000047
1176 0.0000000047
1177 0.0000000047
1178 0.0000000047
1179 0.0000000047
1180 0.0000000046
1181 0.0000000046
1182 0.0000000046
1183 0.0000000046
1184 0.0000000046
1185 0.0000000046
1186 0.0000000046
1187 0.0000000046
1188 0.0000000046
1189 0.0000000045
1190 0.0000000045
1191 0.0000000045
1192 0.0000000045
1193 0.0000000045
1194 0.0000000045
1195 0.0000000045
1196 0.0000000045
1197 0.0000000045
1198 0.0000000044
1199 0.0000000044
1200 0.0000000044
1201 0.0000000044
1202 0.0000000044
1203 0.0000000044
1204 0.0000000044
1205 0.0000000044
1206 0.0000000044
1207 0.0000000044
1208 0.0000000043
1209 0.0000000043
1210 0.0000000043
1211 0.0000000043
1212 0.0000000043
1213 0.0000000043
1214 0.0000000043
1215 0.0000000043
1216 0.0000000043
1217 0.0000000043
1218 0.0000000042
1219 0.0000000042
1220 0.0000000042
1221 0.0000000042
1222 0.0000000042
1223 0.0000000042
1224 0.0000000042
1225 0.0000000042
1226 0.0000000042
1227 0.0000000042
1228 0.0000000041
1229 0.0000000041
1230 0.0000000041
1231 0.0000000041
1232 0.0000000041
1233 0.0000000041
1234 0.0000000041
1235 0.0000000041
1236 0.0000000041
1237 0.0000000041
1238 0.0000000041
1239 0.0000000040
1240 0.0000000040
1241 0.0000000040
1242 0.0000000040
1243 0.0000000040
1244 0.0000000040
1245 0.0000000040
1246 0.0000000040
1247 0.0000000040
1248 0.0000000040
1249 0.0000000040
1250 0.0000000039
1251 0.0000000039
1252 0.0000000039
1253 0.0000000039
1254 0.0000000039
1255 0.0000000039
1256 0.0000000039
1257 0.0000000039
1258 0.0000000039
1259 0.0000000039
1260 0.0000000039
1261 0.0000000038
1262 0.0000000038
1263 0.0000000038
1264 0.0000000038
1265 0.0000000038
1266 0.0000000038
1267 0.0000000038
1268 0.0000000038
1269 0.0000000038
1270 0.0000000038
1271 0.0000000038
1272 0.0000000038
1273 0.0000000037
1274 0.0000000037
1275 0.0000000037
1276 0.0000000037
1277 0.0000000037
1278 0.0000000037
1279 0.0000000037
1280 0.0000000037
1281 0.0000000037
1282 0.0000000037
1283 0.0000000037
1284 0.0000000037
1285 0.0000000036
1286 0.0000000036
1287 0.0000000036
1288 0.0000000036
1289 0.0000000036
1290 0.0000000036
1291 0.0000000036
1292 0.0000000036
1293 0.0000000036
1294 0.0000000036
1295 0.0000000036
1296 0.0000000036
1297 0.0000000035
1298 0.0000000035
1299 0.0000000035
1300 0.0000000035
1301 0.0000000035
1302 0.0000000035
1303 0.0000000035
1304 0.0000000035
1305 0.0000000035
1306 0.0000000035
1307 0.0000000035
1308 0.0000000035
1309 0.0000000035
1310 0.0000000034
1311 0.0000000034
1312 0.0000000034
1313 0.0000000034
1314 0.0000000034
1315 0.0000000034
1316 0.0000000034
1317 0.0000000034
1318 0.0000000034
1319 0.0000000034
1320 0.0000000034
1321 0.0000000034
1322 0.0000000034
1323 0.0000000034
1324 0.0000000033
1325 0.0000000033
1326 0.0000000033
1327 0.0000000033
1328 0.0000000033
1329 0.0000000033
1330 0.0000000033
1331 0.0000000033
1332 0.0000000033
1333 0.0000000033
1334 0.0000000033
1335 0.0000000033
1336 0.0000000033
1337 0.0000000033
1338 0.0000000032
1339 0.0000000032
1340 0.0000000032
1341 0.0000000032
1342 0.0000000032
1343 0.0000000032
1344 0.0000000032
1345 0.0000000032
1346 0.0000000032
1347 0.0000000032
1348 0.0000000032
1349 0.0000000032
1350 0.0000000032
1351 0.0000000032
1352 0.0000000032
1353 0.0000000031
1354 0.0000000031
1355 0.0000000031
1356 0.0000000031
1357 0.0000000031
1358 0.0000000031
1359 0.0000000031
1360 0.0000000031
1361 0.0000000031
1362 0.0000000031
1363 0.0000000031
1364 0.0000000031
1365 0.0000000031
1366 0.0000000031
1367 0.0000000031
1368 0.0000000030
1369 0.0000000030
1370 0.0000000030
1371 0.0000000030
1372 0.0000000030
1373 0.0000000030
1374 0.0000000030
1375 0.0000000030
1376 0.0000000030
1377 0.0000000030
1378 0.0000000030
1379 0.0000000030
1380 0.0000000030
1381 0.0000000030
1382 0.0000000030
1383 0.0000000030
1384 0.0000000029
1385 0.0000000029
1386 0.0000000029
1387 0.0000000029
1388 0.0000000029
1389 0.0000000029
1390 0.0000000029
1391 0.0000000029
1392 0.0000000029
1393 0.0000000029
1394 0.0000000029
1395 0.0000000029
1396 0.0000000029
1397 0.0000000029
1398 0.0000000029
1399 0.0000000029
1400 0.0000000029
1401 0.0000000028
1402 0.0000000028
1403 0.0000000028
1404 0.0000000028
1405 0.0000000028
1406 0.0000000028
1407 0.0000000028
1408 0.0000000028
1409 0.0000000028
1410 0.0000000028
1411 0.0000000028
1412 0.0000000028
1413 0.0000000028
1414 0.0000000028
1415 0.0000000028
1416 0.0000000028
1417 0.0000000028
1418 0.0000000028
1419 0.0000000027
1420 0.0000000027
1421 0.0000000027
1422 0.0000000027
1423 0.0000000027
1424 0.0000000027
1425 0.0000000027
1426 0.0000000027
1427 0.0000000027
1428 0.0000000027
1429 0.0000000027
1430 0.0000000027
1431 0.0000000027
1432 0.0000000027
1433 0.0000000027
1434 0.0000000027
1435 0.0000000027
1436 0.0000000027
1437 0.0000000026
1438 0.0000000026
1439 0.0000000026
1440 0.0000000026
1441 0.0000000026
1442 0.0000000026
1443 0.0000000026
1444 0.0000000026
1445 0.0000000026
1446 0.0000000026
1447 0.0000000026
1448 0.0000000026
1449 0.0000000026
1450 0.0000000026
1451 0.0000000026
1452 0.0000000026
1453 0.0000000026
1454 0.0000000026
1455 0.0000000026
1456 0.0000000026
1457 0.0000000025
1458 0.0000000025
1459 0.0000000025
1460 0.0000000025
1461 0.0000000025
1462 0.0000000025
1463 0.0000000025
1464 0.0000000025
1465 0.0000000025
1466 0.0000000025
1467 0.0000000025
1468 0.0000000025
1469 0.0000000025
1470 0.0000000025
1471 0.0000000025
1472 0.0000000025
1473 0.0000000025
1474 0.0000000025
1475 0.0000000025
1476 0.0000000025
1477 0.0000000024
1478 0.0000000024
1479 0.0000000024
1480 0.0000000024
1481 0.0000000024
1482 0.0000000024
1483 0.0000000024
1484 0.0000000024
1485 0.0000000024
1486 0.0000000024
1487 0.0000000024
1488 0.0000000024
1489 0.0000000024
1490 0.0000000024
1491 0.0000000024
1492 0.0000000024
1493 0.0000000024
1494 0.0000000024
1495 0.0000000024
1496 0.0000000024
1497 0.0000000024
1498 0.0000000024
1499 0.0000000023
1500 0.0000000023
1501 0.0000000023
1502 0.0000000023
1503 0.0000000023
1504 0.0000000023
1505 0.0000000023
1506 0.0000000023
1507 0.0000000023
1508 0.0000000023
1509 0.0000000023
1510 0.0000000023
1511 0.0000000023
1512 0.0000000023
1513 0.0000000023
1514 0.0000000023
1515 0.0000000023
1516 0.0000000023
1517 0.0000000023
1518 0.0000000023
1519 0.0000000023
1520 0.0000000023
1521 0.0000000023
1522 0.0000000022
1523 0.0000000022
1524 0.0000000022
1525 0.0000000022
1526 0.0000000022
1527 0.0000000022
1528 0.0000000022
1529 0.0000000022
1530 0.0000000022
1531 0.0000000022
1532 0.0000000022
1533 0.0000000022
1534 0.0000000022
1535 0.0000000022
1536 0.0000000022
1537 0.0000000022
1538 0.0000000022
1539 0.0000000022
1540 0.0000000022
1541 0.0000000022
1542 0.0000000022
1543 0.0000000022
1544 0.0000000022
1545 0.0000000022
1546 0.0000000021
1547 0.0000000021
1548 0.0000000021
1549 0.0000000021
1550 0.0000000021
1551 0.0000000021
1552 0.0000000021
1553 0.0000000021
1554 0.0000000021
1555 0.0000000021
1556 0.0000000021
1557 0.0000000021
1558 0.0000000021
1559 0.0000000021
1560 0.0000000021
1561 0.0000000021
1562 0.0000000021
1563 0.0000000021
1564 0.0000000021
1565 0.0000000021
1566 0.0000000021
1567 0.0000000021
1568 0.0000000021
1569 0.0000000021
1570 0.0000000021
1571 0.0000000021
1572 0.0000000020
1573 0.0000000020
1574 0.0000000020
1575 0.0000000020
1576 0.0000000020
1577 0.0000000020
1578 0.0000000020
1579 0.0000000020
1580 0.0000000020
1581 0.0000000020
1582 0.0000000020
1583 0.0000000020
1584 0.0000000020
1585 0.0000000020
1586 0.0000000020
1587 0.0000000020
1588 0.0000000020
1589 0.0000000020
1590 0.0000000020
1591 0.0000000020
1592 0.0000000020
1593 0.0000000020
1594 0.0000000020
1595 0.0000000020
1596 0.0000000020
1597 0.0000000020
1598 0.0000000020
1599 0.0000000020
1600 0.0000000019
1601 0.0000000019
1602 0.0000000019
1603 0.0000000019
1604 0.0000000019
1605 0.0000000019
1606 0.0000000019
1607 0.0000000019
1608 0.0000000019
1609 0.0000000019
1610 0.0000000019
1611 0.0000000019
1612 0.0000000019
1613 0.0000000019
1614 0.0000000019
1615 0.0000000019
1616 0.0000000019
1617 0.0000000019
1618 0.0000000019
1619 0.0000000019
1620 0.0000000019
1621 0.0000000019
1622 0.0000000019
1623 0.0000000019
1624 0.0000000019
1625 0.0000000019
1626 0.0000000019
1627 0.0000000019
1628 0.0000000019
1629 0.0000000018
1630 0.0000000018
1631 0.0000000018
1632 0.0000000018
1633 0.0000000018
1634 0.0000000018
1635 0.0000000018
1636 0.0000000018
1637 0.0000000018
1638 0.0000000018
1639 0.0000000018
1640 0.0000000018
1641 0.0000000018
1642 0.0000000018
1643 0.0000000018
1644 0.0000000018
1645 0.0000000018
1646 0.0000000018
1647 0.0000000018
1648 0.0000000018
1649 0.0000000018
1650 0.0000000018
1651 0.0000000018
1652 0.0000000018
1653 0.0000000018
1654 0.0000000018
1655 0.0000000018
1656 0.0000000018
1657 0.0000000018
1658 0.0000000018
1659 0.0000000018
1660 0.0000000018
1661 0.0000000017
1662 0.0000000017
1663 0.0000000017
1664 0.0000000017
1665 0.0000000017
1666 0.0000000017
1667 0.0000000017
1668 0.0000000017
1669 0.0000000017
1670 0.0000000017
1671 0.0000000017
1672 0.0000000017
1673 0.0000000017
1674 0.0000000017
1675 0.0000000017
1676 0.0000000017
1677 0.0000000017
1678 0.0000000017
1679 0.0000000017
1680 0.0000000017
1681 0.0000000017
1682 0.0000000017
1683 0.0000000017
1684 0.0000000017
1685 0.0000000017
1686 0.0000000017
1687 0.0000000017
1688 0.0000000017
1689 0.0000000017
1690 0.0000000017
1691 0.0000000017
1692 0.0000000017
1693 0.0000000017
1694 0.0000000017
1695 0.0000000016
1696 0.0000000016
1697 0.0000000016
1698 0.0000000016
1699 0.0000000016
1700 0.0000000016
1701 0.0000000016
1702 0.0000000016
1703 0.0000000016
1704 0.0000000016
1705 0.0000000016
1706 0.0000000016
1707 0.0000000016
1708 0.0000000016
1709 0.0000000016
1710 0.0000000016
1711 0.0000000016
1712 0.0000000016
1713 0.0000000016
1714 0.0000000016
1715 0.0000000016
1716 0.0000000016
1717 0.0000000016
1718 0.0000000016
1719 0.0000000016
1720 0.0000000016
1721 0.0000000016
1722 0.0000000016
1723 0.0000000016
1724 0.0000000016
1725 0.0000000016
1726 0.0000000016
1727 0.0000000016
1728 0.0000000016
1729 0.0000000016
1730 0.0000000016
1731 0.0000000016
1732 0.0000000015
1733 0.0000000015
1734 0.0000000015
1735 0.0000000015
1736 0.0000000015
1737 0.0000000015
1738 0.0000000015
1739 0.0000000015
1740 0.0000000015
1741 0.0000000015
1742 0.0000000015
1743 0.0000000015
1744 0.0000000015
1745 0.0000000015
1746 0.0000000015
1747 0.0000000015
1748 0.0000000015
1749 0.0000000015
1750 0.0000000015
1751 0.0000000015
1752 0.0000000015
1753 0.0000000015
1754 0.0000000015
1755 0.0000000015
1756 0.0000000015
1757 0.0000000015
1758 0.0000000015
1759 0.0000000015
1760 0.0000000015
1761 0.0000000015
1762 0.0000000015
1763 0.0000000015
1764 0.0000000015
1765 0.0000000015
1766 0.0000000015
1767 0.0000000015
1768 0.0000000015
1769 0.0000000015
1770 0.0000000015
1771 0.0000000015
1772 0.0000000015
1773 0.0000000014
1774 0.0000000014
1775 0.0000000014
1776 0.0000000014
1777 0.0000000014
1778 0.0000000014
1779 0.0000000014
1780 0.0000000014
1781 0.0000000014
1782 0.0000000014
1783 0.0000000014
1784 0.0000000014
1785 0.0000000014
1786 0.0000000014
1787 0.0000000014
1788 0.0000000014
1789 0.0000000014
1790 0.0000000014
1791 0.0000000014
1792 0.0000000014
1793 0.0000000014
1794 0.0000000014
1795 0.0000000014
1796 0.0000000014
1797 0.0000000014
1798 0.0000000014
1799 0.0000000014
1800 0.0000000014
1801 0.0000000014
1802 0.0000000014
1803 0.0000000014
1804 0.0000000014
1805 0.0000000014
1806 0.0000000014
1807 0.0000000014
1808 0.0000000014
1809 0.0000000014
1810 0.0000000014
1811 0.0000000014
1812 0.0000000014
1813 0.0000000014
1814 0.0000000014
1815 0.0000000014
1816 0.0000000013
1817 0.0000000013
1818 0.0000000013
1819 0.0000000013
1820 0.0000000013
1821 0.0000000013
1822 0.0000000013
1823 0.0000000013
1824 0.0000000013
1825 0.0000000013
1826 0.0000000013
1827 0.0000000013
1828 0.0000000013
1829 0.0000000013
1830 0.0000000013
1831 0.0000000013
1832 0.0000000013
1833 0.0000000013
1834 0.0000000013
1835 0.0000000013
1836 0.0000000013
1837 0.0000000013
1838 0.0000000013
1839 0.0000000013
1840 0.0000000013
1841 0.0000000013
1842 0.0000000013
1843 0.0000000013
1844 0.0000000013
1845 0.0000000013
1846 0.0000000013
1847 0.0000000013
1848 0.0000000013
1849 0.0000000013
1850 0.0000000013
1851 0.0000000013
1852 0.0000000013
1853 0.0000000013
1854 0.0000000013
1855 0.0000000013
1856 0.0000000013
1857 0.0000000013
1858 0.0000000013
1859 0.0000000013
1860 0.0000000013
1861 0.0000000013
1862 0.0000000013
1863 0.0000000012
1864 0.0000000012
1865 0.0000000012
1866 0.0000000012
1867 0.0000000012
1868 0.0000000012
1869 0.0000000012
1870 0.0000000012
1871 0.0000000012
1872 0.0000000012
1873 0.0000000012
1874 0.0000000012
1875 0.0000000012
1876 0.0000000012
1877 0.0000000012
1878 0.0000000012
1879 0.0000000012
1880 0.0000000012
1881 0.0000000012
1882 0.0000000012
1883 0.0000000012
1884 0.0000000012
1885 0.0000000012
1886 0.0000000012
1887 0.0000000012
1888 0.0000000012
1889 0.0000000012
1890 0.0000000012
1891 0.0000000012
1892 0.0000000012
1893 0.0000000012
1894 0.0000000012
1895 0.0000000012
1896 0.0000000012
1897 0.0000000012
1898 0.0000000012
1899 0.0000000012
1900 0.0000000012
1901 0.0000000012
1902 0.0000000012
1903 0.0000000012
1904 0.0000000012
1905 0.0000000012
1906 0.0000000012
1907 0.0000000012
1908 0.0000000012
1909 0.0000000012
1910 0.0000000012
1911 0.0000000012
1912 0.0000000011
1913 0.0000000011
1914 0.0000000011
1915 0.0000000011
1916 0.0000000011
1917 0.0000000011
1918 0.0000000011
1919 0.0000000011
1920 0.0000000011
1921 0.0000000011
1922 0.0000000011
1923 0.0000000011
1924 0.0000000011
1925 0.0000000011
1926 0.0000000011
1927 0.0000000011
1928 0.0000000011
1929 0.0000000011
1930 0.0000000011
1931 0.0000000011
1932 0.0000000011
1933 0.0000000011
1934 0.0000000011
1935 0.0000000011
1936 0.0000000011
1937 0.0000000011
1938 0.0000000011
1939 0.0000000011
1940 0.0000000011
1941 0.0000000011
1942 0.0000000011
1943 0.0000000011
1944 0.0000000011
1945 0.0000000011
1946 0.0000000011
1947 0.0000000011
1948 0.0000000011
1949 0.0000000011
1950 0.0000000011
1951 0.0000000011
1952 0.0000000011
1953 0.0000000011
1954 0.0000000011
1955 0.0000000011
1956 0.0000000011
1957 0.0000000011
1958 0.0000000011
1959 0.0000000011
1960 0.0000000010
1961 0.0000000010
1962 0.0000000010
1963 0.0000000010
1964 0.0000000010
1965 0.0000000010
1966 0.0000000010
1967 0.0000000010
1968 0.0000000010
1969 0.0000000010
1970 0.0000000010
1971 0.0000000010
1972 0.0000000010
1973 0.0000000010
1974 0.0000000010
1975 0.0000000010
1976 0.0000000010
1977 0.0000000010
1978 0.0000000010
1979 0.0000000010
1980 0.0000000010
1981 0.0000000010
1982 0.0000000010
1983 0.0000000010
1984 0.0000000010
1985 0.0000000010
1986 0.0000000010
1987 0.0000000010
1988 0.0000000010
1989 0.0000000010
1990 0.0000000010
1991 0.0000000010
1992 0.0000000010
1993 0.0000000010
1994 0.0000000009
1995 0.0000000009
1996 0.0000000009
1997 0.0000000009
1998 0.0000000009
1999 0.0000000008
2000 0.0000000000
