0 2000
0 0.9909846176
1 0.0023805069
2 0.0009838706
3 0.0006780474
4 0.0004932628
5 0.0003838503
6 0.0003122085
7 0.0002612348
8 0.0002230812
9 0.0001935157
10 0.0001699783
11 0.0001508243
12 0.0001349544
13 0.0001216077
14 0.0001102414
15 0.0001004577
16 0.0000919583
17 0.0000845150
18 0.0000779506
19 0.0000721250
20 0.0000669262
21 0.0000622635
22 0.0000580629
23 0.0000542631
24 0.0000508130
25 0.0000476700
26 0.0000447977
27 0.0000421654
28 0.0000397467
29 0.0000375187
30 0.0000354619
31 0.0000335591
32 0.0000317952
33 0.0000301572
34 0.0000286335
35 0.0000272137
36 0.0000258888
37 0.0000246506
38 0.0000234920
39 0.0000224064
40 0.0000213881
41 0.0000204316
42 0.0000195324
43 0.0000186861
44 0.0000178887
45 0.0000171368
46 0.0000164272
47 0.0000157568
48 0.0000151230
49 0.0000145234
50 0.0000139555
51 0.0000134175
52 0.0000129073
53 0.0000124232
54 0.0000119635
55 0.0000115268
56 0.0000111116
57 0.0000107167
58 0.0000103408
59 0.0000099829
60 0.0000096419
61 0.0000093168
62 0.0000090068
63 0.0000087110
64 0.0000084285
65 0.0000081588
66 0.0000079011
67 0.0000076548
68 0.0000074192
69 0.0000071938
70 0.0000069781
71 0.0000067715
72 0.0000065737
73 0.0000063842
74 0.0000062025
75 0.0000060283
76 0.0000058611
77 0.0000057008
78 0.0000055468
79 0.0000053990
80 0.0000052571
81 0.0000051207
82 0.0000049896
83 0.0000048635
84 0.0000047423
85 0.0000046257
86 0.0000045135
87 0.0000044055
88 0.0000043014
89 0.0000042013
90 0.0000041048
91 0.0000040118
92 0.0000039221
93 0.0000038357
94 0.0000037523
95 0.0000036718
96 0.0000035942
97 0.0000035193
98 0.0000034470
99 0.0000033771
100 0.0000033096
101 0.0000032444
102 0.0000031814
103 0.0000031205
104 0.0000030615
105 0.0000030045
106 0.0000029494
107 0.0000028961
108 0.0000028444
109 0.0000027944
110 0.0000027460
111 0.0000026991
112 0.0000026536
113 0.0000026096
114 0.0000025669
115 0.0000025255
116 0.0000024854
117 0.0000024464
118 0.0000024087
119 0.0000023720
120 0.0000023364
121 0.0000023018
122 0.0000022683
123 0.0000022357
124 0.0000022040
125 0.0000021732
126 0.0000021433
127 0.0000021142
128 0.0000020859
129 0.0000020584
130 0.0000020316
131 0.0000020055
132 0.0000019802
133 0.0000019555
134 0.0000019314
135 0.0000019080
136 0.0000018852
137 0.0000018629
138 0.0000018413
139 0.0000018201
140 0.0000017995
141 0.0000017794
142 0.0000017598
143 0.0000017407
144 0.0000017220
145 0.0000017038
146 0.0000016860
147 0.0000016686
148 0.0000016517
149 0.0000016351
150 0.0000016189
151 0.0000016030
152 0.0000015875
153 0.0000015724
154 0.0000015576
155 0.0000015431
156 0.0000015289
157 0.0000015150
158 0.0000015015
159 0.0000014882
160 0.0000014752
161 0.0000014624
162 0.0000014499
163 0.0000014377
164 0.0000014257
165 0.0000014140
166 0.0000014024
167 0.0000013911
168 0.0000013801
169 0.0000013692
170 0.0000013585
171 0.0000013481
172 0.0000013378
173 0.0000013277
174 0.0000013178
175 0.0000013081
176 0.0000012986
177 0.0000012892
178 0.0000012800
179 0.0000012709
180 0.0000012620
181 0.0000012533
182 0.0000012447
183 0.0000012362
184 0.0000012279
185 0.0000012197
186 0.0000012117
187 0.0000012038
188 0.0000011960
189 0.0000011883
190 0.0000011808
191 0.0000011733
192 0.0000011660
193 0.0000011588
194 0.0000011517
195 0.0000011447
196 0.0000011378
197 0.0000011311
198 0.0000011244
199 0.0000011178
200 0.0000011113
201 0.0000011049
202 0.0000010985
203 0.0000010923
204 0.0000010861
205 0.0000010801
206 0.0000010741
207 0.0000010682
208 0.0000010624
209 0.0000010566
210 0.0000010509
211 0.0000010453
212 0.0000010398
213 0.0000010343
214 0.0000010289
215 0.0000010236
216 0.0000010183
217 0.0000010131
218 0.0000010080
219 0.0000010029
220 0.0000009979
221 0.0000009929
222 0.0000009881
223 0.0000009832
224 0.0000009784
225 0.0000009737
226 0.0000009690
227 0.0000009644
228 0.0000009598
229 0.0000009553
230 0.0000009508
231 0.0000009464
232 0.0000009420
233 0.0000009377
234 0.0000009334
235 0.0000009291
236 0.0000009249
237 0.0000009208
238 0.0000009166
239 0.0000009126
240 0.0000009085
241 0.0000009045
242 0.0000009006
243 0.0000008967
244 0.0000008928
245 0.0000008890
246 0.0000008852
247 0.0000008814
248 0.0000008777
249 0.0000008740
250 0.0000008703
251 0.0000008667
252 0.0000008631
253 0.0000008595
254 0.0000008560
255 0.0000008525
256 0.0000008491
257 0.0000008456
258 0.0000008422
259 0.0000008389
260 0.0000008355
261 0.0000008322
262 0.0000008289
263 0.0000008257
264 0.0000008224
265 0.0000008192
266 0.0000008161
267 0.0000008129
268 0.0000008098
269 0.0000008067
270 0.0000008036
271 0.0000008006
272 0.0000007975
273 0.0000007946
274 0.0000007916
275 0.0000007886
276 0.0000007857
277 0.0000007828
278 0.0000007799
279 0.0000007771
280 0.0000007742
281 0.0000007714
282 0.0000007686
283 0.0000007659
284 0.0000007631
285 0.0000007604
286 0.0000007577
287 0.0000007550
288 0.0000007523
289 0.0000007497
290 0.0000007471
291 0.0000007444
292 0.0000007419
293 0.0000007393
294 0.0000007367
295 0.0000007342
296 0.0000007317
297 0.0000007292
298 0.0000007267
299 0.0000007243
300 0.0000007218
301 0.0000007194
302 0.0000007170
303 0.0000007146
304 0.0000007122
305 0.0000007098
306 0.0000007075
307 0.0000007052
308 0.0000007029
309 0.0000007006
310 0.0000006983
311 0.0000006960
312 0.0000006938
313 0.0000006915
314 0.0000006893
315 0.0000006871
316 0.0000006849
317 0.0000006827
318 0.0000006806
319 0.0000006784
320 0.0000006763
321 0.0000006742
322 0.0000006721
323 0.0000006700
324 0.0000006679
325 0.0000006658
326 0.0000006638
327 0.0000006617
328 0.0000006597
329 0.0000006577
330 0.0000006557
331 0.0000006537
332 0.0000006517
333 0.0000006497
334 0.0000006478
335 0.0000006458
336 0.0000006439
337 0.0000006420
338 0.0000006401
339 0.0000006382
340 0.0000006363
341 0.0000006344
342 0.0000006326
343 0.0000006307
344 0.0000006289
345 0.0000006270
346 0.0000006252
347 0.0000006234
348 0.0000006216
349 0.0000006198
350 0.0000006181
351 0.0000006163
352 0.0000006145
353 0.0000006128
354 0.0000006110
355 0.0000006093
356 0.0000006076
357 0.0000006059
358 0.0000006042
359 0.0000006025
360 0.0000006008
361 0.0000005992
362 0.0000005975
363 0.0000005959
364 0.0000005942
365 0.0000005926
366 0.0000005910
367 0.0000005894
368 0.0000005878
369 0.0000005861
370 0.0000005846
371 0.0000005830
372 0.0000005814
373 0.0000005799
374 0.0000005783
375 0.0000005768
376 0.0000005752
377 0.0000005737
378 0.0000005722
379 0.0000005707
380 0.0000005692
381 0.0000005677
382 0.0000005662
383 0.0000005647
384 0.0000005632
385 0.0000005618
386 0.0000005603
387 0.0000005588
388 0.0000005574
389 0.0000005560
390 0.0000005545
391 0.0000005531
392 0.0000005517
393 0.0000005503
394 0.0000005489
395 0.0000005475
396 0.0000005461
397 0.0000005447
398 0.0000005434
399 0.0000005420
400 0.0000005407
401 0.0000005393
402 0.0000005380
403 0.0000005366
404 0.0000005353
405 0.0000005340
406 0.0000005327
407 0.0000005314
408 0.0000005301
409 0.0000005288
410 0.0000005275
411 0.0000005262
412 0.0000005249
413 0.0000005236
414 0.0000005224
415 0.0000005211
416 0.0000005199
417 0.0000005186
418 0.0000005174
419 0.0000005161
420 0.0000005149
421 0.0000005137
422 0.0000005125
423 0.0000005112
424 0.0000005100
425 0.0000005088
426 0.0000005076
427 0.0000005065
428 0.0000005053
429 0.0000005041
430 0.0000005029
431 0.0000005017
432 0.0000005006
433 0.0000004994
434 0.0000004983
435 0.0000004971
436 0.0000004960
437 0.0000004949
438 0.0000004937
439 0.0000004926
440 0.0000004915
441 0.0000004904
442 0.0000004893
443 0.0000004882
444 0.0000004871
445 0.0000004860
446 0.0000004849
447 0.0000004838
448 0.0000004827
449 0.0000004816
450 0.0000004806
451 0.0000004795
452 0.0000004784
453 0.0000004774
454 0.0000004763
455 0.0000004753
456 0.0000004742
457 0.0000004732
458 0.0000004722
459 0.0000004711
460 0.0000004701
461 0.0000004691
462 0.0000004681
463 0.0000004671
464 0.0000004660
465 0.0000004650
466 0.0000004640
467 0.0000004630
468 0.0000004621
469 0.0000004611
470 0.0000004601
471 0.0000004591
472 0.0000004581
473 0.0000004572
474 0.0000004562
475 0.0000004552
476 0.0000004543
477 0.0000004533
478 0.0000004524
479 0.0000004514
480 0.0000004505
481 0.0000004496
482 0.0000004486
483 0.0000004477
484 0.0000004468
485 0.0000004459
486 0.0000004449
487 0.0000004440
488 0.0000004431
489 0.0000004422
490 0.0000004413
491 0.0000004404
492 0.0000004395
493 0.0000004386
494 0.0000004377
495 0.0000004368
496 0.0000004360
497 0.0000004351
498 0.0000004342
499 0.0000004333
500 0.0000004325
501 0.0000004316
502 0.0000004308
503 0.0000004299
504 0.0000004290
505 0.0000004282
506 0.0000004273
507 0.0000004265
508 0.0000004257
509 0.0000004248
510 0.0000004240
511 0.0000004232
512 0.0000004223
513 0.0000004215
514 0.0000004207
515 0.0000004199
516 0.0000004191
517 0.0000004183
518 0.0000004174
519 0.0000004166
520 0.0000004158
521 0.0000004150
522 0.0000004142
523 0.0000004135
524 0.0000004127
525 0.0000004119
526 0.0000004111
527 0.0000004103
528 0.0000004095
529 0.0000004088
530 0.0000004080
531 0.0000004072
532 0.0000004065
533 0.0000004057
534 0.0000004049
535 0.0000004042
536 0.0000004034
537 0.0000004027
538 0.0000004019
539 0.0000004012
540 0.0000004004
541 0.0000003997
542 0.0000003990
543 0.0000003982
544 0.0000003975
545 0.0000003968
546 0.0000003960
547 0.0000003953
548 0.0000003946
549 0.0000003939
550 0.0000003931
551 0.0000003924
552 0.0000003917
553 0.0000003910
554 0.0000003903
555 0.0000003896
556 0.0000003889
557 0.0000003882
558 0.0000003875
559 0.0000003868
560 0.0000003861
561 0.0000003854
562 0.0000003847
563 0.0000003841
564 0.0000003834
565 0.0000003827
566 0.0000003820
567 0.0000003814
568 0.0000003807
569 0.0000003800
570 0.0000003793
571 0.0000003787
572 0.0000003780
573 0.0000003774
574 0.0000003767
575 0.0000003760
576 0.0000003754
577 0.0000003747
578 0.0000003741
579 0.0000003734
580 0.0000003728
581 0.0000003722
582 0.0000003715
583 0.0000003709
584 0.0000003702
585 0.0000003696
586 0.0000003690
587 0.0000003684
588 0.0000003677
589 0.0000003671
590 0.0000003665
591 0.0000003659
592 0.0000003652
593 0.0000003646
594 0.0000003640
595 0.0000003634
596 0.0000003628
597 0.0000003622
598 0.0000003616
599 0.0000003610
600 0.0000003604
601 0.0000003598
602 0.0000003592
603 0.0000003586
604 0.0000003580
605 0.0000003574
606 0.0000003568
607 0.0000003562
608 0.0000003556
609 0.0000003550
610 0.0000003545
611 0.0000003539
612 0.0000003533
613 0.0000003527
614 0.0000003521
615 0.0000003516
616 0.0000003510
617 0.0000003504
618 0.0000003499
619 0.0000003493
620 0.0000003487
621 0.0000003482
622 0.0000003476
623 0.0000003471
624 0.0000003465
625 0.0000003459
626 0.0000003454
627 0.0000003448
628 0.0000003443
629 0.0000003437
630 0.0000003432
631 0.0000003427
632 0.0000003421
633 0.0000003416
634 0.0000003410
635 0.0000003405
636 0.0000003400
637 0.0000003394
638 0.0000003389
639 0.0000003384
640 0.0000003378
641 0.0000003373
642 0.0000003368
643 0.0000003363
644 0.0000003357
645 0.0000003352
646 0.0000003347
647 0.0000003342
648 0.0000003337
649 0.0000003331
650 0.0000003326
651 0.0000003321
652 0.0000003316
653 0.0000003311
654 0.0000003306
655 0.0000003301
656 0.0000003296
657 0.0000003291
658 0.0000003286
659 0.0000003281
660 0.0000003276
661 0.0000003271
662 0.0000003266
663 0.0000003261
664 0.0000003256
665 0.0000003251
666 0.0000003246
667 0.0000003242
668 0.0000003237
669 0.0000003232
670 0.0000003227
671 0.0000003222
672 0.0000003217
673 0.0000003213
674 0.0000003208
675 0.0000003203
676 0.0000003198
677 0.0000003194
678 0.0000003189
679 0.0000003184
680 0.0000003180
681 0.0000003175
682 0.0000003170
683 0.0000003166
684 0.0000003161
685 0.0000003156
686 0.0000003152
687 0.0000003147
688 0.0000003143
689 0.0000003138
690 0.0000003133
691 0.0000003129
692 0.0000003124
693 0.0000003120
694 0.0000003115
695 0.0000003111
696 0.0000003106
697 0.0000003102
698 0.0000003097
699 0.0000003093
700 0.0000003089
701 0.0000003084
702 0.0000003080
703 0.0000003075
704 0.0000003071
705 0.0000003067
706 0.0000003062
707 0.0000003058
708 0.0000003054
709 0.0000003049
710 0.0000003045
711 0.0000003041
712 0.0000003037
713 0.0000003032
714 0.0000003028
715 0.0000003024
716 0.0000003020
717 0.0000003015
718 0.0000003011
719 0.0000003007
720 0.0000003003
721 0.0000002999
722 0.0000002994
723 0.0000002990
724 0.0000002986
725 0.0000002982
726 0.0000002978
727 0.0000002974
728 0.0000002970
729 0.0000002966
730 0.0000002962
731 0.0000002958
732 0.0000002953
733 0.0000002949
734 0.0000002945
735 0.0000002941
736 0.0000002937
737 0.0000002933
738 0.0000002929
739 0.0000002925
740 0.0000002922
741 0.0000002918
742 0.0000002914
743 0.0000002910
744 0.0000002906
745 0.0000002902
746 0.0000002898
747 0.0000002894
748 0.0000002890
749 0.0000002886
750 0.0000002883
751 0.0000002879
752 0.0000002875
753 0.0000002871
754 0.0000002867
755 0.0000002863
756 0.0000002860
757 0.0000002856
758 0.0000002852
759 0.0000002848
760 0.0000002845
761 0.0000002841
762 0.0000002837
763 0.0000002833
764 0.0000002830
765 0.0000002826
766 0.0000002822
767 0.0000002819
768 0.0000002815
769 0.0000002811
770 0.0000002808
771 0.0000002804
772 0.0000002800
773 0.0000002797
774 0.0000002793
775 0.0000002789
776 0.0000002786
777 0.0000002782
778 0.0000002779
779 0.0000002775
780 0.0000002772
781 0.0000002768
782 0.0000002764
783 0.0000002761
784 0.0000002757
785 0.0000002754
786 0.0000002750
787 0.0000002747
788 0.0000002743
789 0.0000002740
790 0.0000002736
791 0.0000002733
792 0.0000002730
793 0.0000002726
794 0.0000002723
795 0.0000002719
796 0.0000002716
797 0.0000002712
798 0.0000002709
799 0.0000002706
800 0.0000002702
801 0.0000002699
802 0.0000002695
803 0.0000002692
804 0.0000002689
805 0.0000002685
806 0.0000002682
807 0.0000002679
808 0.0000002675
809 0.0000002672
810 0.0000002669
811 0.0000002666
812 0.0000002662
813 0.0000002659
814 0.0000002656
815 0.0000002652
816 0.0000002649
817 0.0000002646
818 0.0000002643
819 0.0000002639
820 0.0000002636
821 0.0000002633
822 0.0000002630
823 0.0000002627
824 0.0000002623
825 0.0000002620
826 0.0000002617
827 0.0000002614
828 0.0000002611
829 0.0000002608
830 0.0000002604
831 0.0000002601
832 0.0000002598
833 0.0000002595
834 0.0000002592
835 0.0000002589
836 0.0000002586
837 0.0000002583
838 0.0000002580
839 0.0000002577
840 0.0000002573
841 0.0000002570
842 0.0000002567
843 0.0000002564
844 0.0000002561
845 0.0000002558
846 0.0000002555
847 0.0000002552
848 0.0000002549
849 0.0000002546
850 0.0000002543
851 0.0000002540
852 0.0000002537
853 0.0000002534
854 0.0000002531
855 0.0000002528
856 0.0000002525
857 0.0000002522
858 0.0000002519
859 0.0000002516
860 0.0000002514
861 0.0000002511
862 0.0000002508
863 0.0000002505
864 0.0000002502
865 0.0000002499
866 0.0000002496
867 0.0000002493
868 0.0000002490
869 0.0000002487
870 0.0000002485
871 0.0000002482
872 0.0000002479
873 0.0000002476
874 0.0000002473
875 0.0000002470
876 0.0000002468
877 0.0000002465
878 0.0000002462
879 0.0000002459
880 0.0000002456
881 0.0000002454
882 0.0000002451
883 0.0000002448
884 0.0000002445
885 0.0000002442
886 0.0000002440
887 0.0000002437
888 0.0000002434
889 0.0000002431
890 0.0000002429
891 0.0000002426
892 0.0000002423
893 0.0000002421
894 0.0000002418
895 0.0000002415
896 0.0000002412
897 0.0000002410
898 0.0000002407
899 0.0000002404
900 0.0000002402
901 0.0000002399
902 0.0000002396
903 0.0000002394
904 0.0000002391
905 0.0000002388
906 0.0000002386
907 0.0000002383
908 0.0000002381
909 0.0000002378
910 0.0000002375
911 0.0000002373
912 0.0000002370
913 0.0000002367
914 0.0000002365
915 0.0000002362
916 0.0000002360
917 0.0000002357
918 0.0000002355
919 0.0000002352
920 0.0000002349
921 0.0000002347
922 0.0000002344
923 0.0000002342
924 0.0000002339
925 0.0000002337
926 0.0000002334
927 0.0000002332
928 0.0000002329
929 0.0000002327
930 0.0000002324
931 0.0000002322
932 0.0000002319
933 0.0000002317
934 0.0000002314
935 0.0000002312
936 0.0000002309
937 0.0000002307
938 0.0000002304
939 0.0000002302
940 0.0000002299
941 0.0000002297
942 0.0000002294
943 0.0000002292
944 0.0000002290
945 0.0000002287
946 0.0000002285
947 0.0000002282
948 0.0000002280
949 0.0000002278
950 0.0000002275
951 0.0000002273
952 0.0000002270
953 0.0000002268
954 0.0000002266
955 0.0000002263
956 0.0000002261
957 0.0000002258
958 0.0000002256
959 0.0000002254
960 0.0000002251
961 0.0000002249
962 0.0000002247
963 0.0000002244
964 0.0000002242
965 0.0000002240
966 0.0000002237
967 0.0000002235
968 0.0000002233
969 0.0000002230
970 0.0000002228
971 0.0000002226
972 0.0000002224
973 0.0000002221
974 0.0000002219
975 0.0000002217
976 0.0000002214
977 0.0000002212
978 0.0000002210
979 0.0000002208
980 0.0000002205
981 0.0000002203
982 0.0000002201
983 0.0000002199
984 0.0000002196
985 0.0000002194
986 0.0000002192
987 0.0000002190
988 0.0000002187
989 0.0000002185
990 0.0000002183
991 0.0000002181
992 0.0000002179
993 0.0000002176
994 0.0000002174
995 0.0000002172
996 0.0000002170
997 0.0000002168
998 0.0000002166
999 0.0000002163
1000 0.0000002161
1001 0.0000002159
1002 0.0000002157
1003 0.0000002155
1004 0.0000002153
1005 0.0000002150
1006 0.0000002148
1007 0.0000002146
1008 0.0000002144
1009 0.0000002142
1010 0.0000002140
1011 0.0000002138
1012 0.0000002136
1013 0.0000002133
1014 0.0000002131
1015 0.0000002129
1016 0.0000002127
1017 0.0000002125
1018 0.0000002123
1019 0.0000002121
1020 0.0000002119
1021 0.0000002117
1022 0.0000002115
1023 0.0000002113
1024 0.0000002110
1025 0.0000002108
1026 0.0000002106
1027 0.0000002104
1028 0.0000002102
1029 0.0000002100
1030 0.0000002098
1031 0.0000002096
1032 0.0000002094
1033 0.0000002092
1034 0.0000002090
1035 0.0000002088
1036 0.0000002086
1037 0.0000002084
1038 0.0000002082
1039 0.0000002080
1040 0.0000002078
1041 0.0000002076
1042 0.0000002074
1043 0.0000002072
1044 0.0000002070
1045 0.0000002068
1046 0.0000002066
1047 0.0000002064
1048 0.0000002062
1049 0.0000002060
1050 0.0000002058
1051 0.0000002056
1052 0.0000002054
1053 0.0000002052
1054 0.0000002050
1055 0.0000002048
1056 0.0000002046
1057 0.0000002044
1058 0.0000002043
1059 0.0000002041
1060 0.0000002039
1061 0.0000002037
1062 0.0000002035
1063 0.0000002033
1064 0.0000002031
1065 0.0000002029
1066 0.0000002027
1067 0.0000002025
1068 0.0000002023
1069 0.0000002021
1070 0.0000002020
1071 0.0000002018
1072 0.0000002016
1073 0.0000002014
1074 0.0000002012
1075 0.0000002010
1076 0.0000002008
1077 0.0000002006
1078 0.0000002005
1079 0.0000002003
1080 0.0000002001
1081 0.0000001999
1082 0.0000001997
1083 0.0000001995
1084 0.0000001993
1085 0.0000001992
1086 0.0000001990
1087 0.0000001988
1088 0.0000001986
1089 0.0000001984
1090 0.0000001982
1091 0.0000001981
1092 0.0000001979
1093 0.0000001977
1094 0.0000001975
1095 0.0000001973
1096 0.0000001972
1097 0.0000001970
1098 0.0000001968
1099 0.0000001966
1100 0.0000001964
1101 0.0000001963
1102 0.0000001961
1103 0.0000001959
1104 0.0000001957
1105 0.0000001955
1106 0.0000001954
1107 0.0000001952
1108 0.0000001950
1109 0.0000001948
1110 0.0000001947
1111 0.0000001945
1112 0.0000001943
1113 0.0000001941
1114 0.0000001940
1115 0.0000001938
1116 0.0000001936
1117 0.0000001934
1118 0.0000001933
1119 0.0000001931
1120 0.0000001929
1121 0.0000001927
1122 0.0000001926
1123 0.0000001924
1124 0.0000001922
1125 0.0000001921
1126 0.0000001919
1127 0.0000001917
1128 0.0000001915
1129 0.0000001914
1130 0.0000001912
1131 0.0000001910
1132 0.0000001909
1133 0.0000001907
1134 0.0000001905
1135 0.0000001904
1136 0.0000001902
1137 0.0000001900
1138 0.0000001899
1139 0.0000001897
1140 0.0000001895
1141 0.0000001894
1142 0.0000001892
1143 0.0000001890
1144 0.0000001889
1145 0.0000001887
1146 0.0000001885
1147 0.0000001884
1148 0.0000001882
1149 0.0000001880
1150 0.0000001879
1151 0.0000001877
1152 0.0000001875
1153 0.0000001874
1154 0.0000001872
1155 0.0000001871
1156 0.0000001869
1157 0.0000001867
1158 0.0000001866
1159 0.0000001864
1160 0.0000001863
1161 0.0000001861
1162 0.0000001859
1163 0.0000001858
1164 0.0000001856
1165 0.0000001854
1166 0.0000001853
1167 0.0000001851
1168 0.0000001850
1169 0.0000001848
1170 0.0000001847
1171 0.0000001845
1172 0.0000001843
1173 0.0000001842
1174 0.0000001840
1175 0.0000001839
1176 0.0000001837
1177 0.0000001836
1178 0.0000001834
1179 0.0000001832
1180 0.0000001831
1181 0.0000001829
1182 0.0000001828
1183 0.0000001826
1184 0.0000001825
1185 0.0000001823
1186 0.0000001822
1187 0.0000001820
1188 0.0000001818
1189 0.0000001817
1190 0.0000001815
1191 0.0000001814
1192 0.0000001812
1193 0.0000001811
1194 0.0000001809
1195 0.0000001808
1196 0.0000001806
1197 0.0000001805
1198 0.0000001803
1199 0.0000001802
1200 0.0000001800
1201 0.0000001799
1202 0.0000001797
1203 0.0000001796
1204 0.0000001794
1205 0.0000001793
1206 0.0000001791
1207 0.0000001790
1208 0.0000001788
1209 0.0000001787
1210 0.0000001785
1211 0.0000001784
1212 0.0000001782
1213 0.0000001781
1214 0.0000001779
1215 0.0000001778
1216 0.0000001776
1217 0.0000001775
1218 0.0000001774
1219 0.0000001772
1220 0.0000001771
1221 0.0000001769
1222 0.0000001768
1223 0.0000001766
1224 0.0000001765
1225 0.0000001763
1226 0.0000001762
1227 0.0000001761
1228 0.0000001759
1229 0.0000001758
1230 0.0000001756
1231 0.0000001755
1232 0.0000001753
1233 0.0000001752
1234 0.0000001750
1235 0.0000001749
1236 0.0000001748
1237 0.0000001746
1238 0.0000001745
1239 0.0000001743
1240 0.0000001742
1241 0.0000001741
1242 0.0000001739
1243 0.0000001738
1244 0.0000001736
1245 0.0000001735
1246 0.0000001734
1247 0.0000001732
1248 0.0000001731
1249 0.0000001729
1250 0.0000001728
1251 0.0000001727
1252 0.0000001725
1253 0.0000001724
1254 0.0000001722
1255 0.0000001721
1256 0.0000001720
1257 0.0000001718
1258 0.0000001717
1259 0.0000001716
1260 0.0000001714
1261 0.0000001713
1262 0.0000001711
1263 0.0000001710
1264 0.0000001709
1265 0.0000001707
1266 0.0000001706
1267 0.0000001705
1268 0.0000001703
1269 0.0000001702
1270 0.0000001701
1271 0.0000001699
1272 0.0000001698
1273 0.0000001697
1274 0.0000001695
1275 0.0000001694
1276 0.0000001693
1277 0.0000001691
1278 0.0000001690
1279 0.0000001689
1280 0.0000001687
1281 0.0000001686
1282 0.0000001685
1283 0.0000001683
1284 0.0000001682
1285 0.0000001681
1286 0.0000001679
1287 0.0000001678
1288 0.0000001677
1289 0.0000001676
1290 0.0000001674
1291 0.0000001673
1292 0.0000001672
1293 0.0000001670
1294 0.0000001669
1295 0.0000001668
1296 0.0000001666
1297 0.0000001665
1298 0.0000001664
1299 0.0000001663
1300 0.0000001661
1301 0.0000001660
1302 0.0000001659
1303 0.0000001657
1304 0.0000001656
1305 0.0000001655
1306 0.0000001654
1307 0.0000001652
1308 0.0000001651
1309 0.0000001650
1310 0.0000001649
1311 0.0000001647
1312 0.0000001646
1313 0.0000001645
1314 0.0000001643
1315 0.0000001642
1316 0.0000001641
1317 0.0000001640
1318 0.0000001638
1319 0.0000001637
1320 0.0000001636
1321 0.0000001635
1322 0.0000001633
1323 0.0000001632
1324 0.0000001631
1325 0.0000001630
1326 0.0000001629
1327 0.0000001627
1328 0.0000001626
1329 0.0000001625
1330 0.0000001624
1331 0.0000001622
1332 0.0000001621
1333 0.0000001620
1334 0.0000001619
1335 0.0000001618
1336 0.0000001616
1337 0.0000001615
1338 0.0000001614
1339 0.0000001613
1340 0.0000001611
1341 0.0000001610
1342 0.0000001609
1343 0.0000001608
1344 0.0000001607
1345 0.0000001605
1346 0.0000001604
1347 0.0000001603
1348 0.0000001602
1349 0.0000001601
1350 0.0000001599
1351 0.0000001598
1352 0.0000001597
1353 0.0000001596
1354 0.0000001595
1355 0.0000001594
1356 0.0000001592
1357 0.0000001591
1358 0.0000001590
1359 0.0000001589
1360 0.0000001588
1361 0.0000001586
1362 0.0000001585
1363 0.0000001584
1364 0.0000001583
1365 0.0000001582
1366 0.0000001581
1367 0.0000001579
1368 0.0000001578
1369 0.0000001577
1370 0.0000001576
1371 0.0000001575
1372 0.0000001574
1373 0.0000001573
1374 0.0000001571
1375 0.0000001570
1376 0.0000001569
1377 0.0000001568
1378 0.0000001567
1379 0.0000001566
1380 0.0000001564
1381 0.0000001563
1382 0.0000001562
1383 0.0000001561
1384 0.0000001560
1385 0.0000001559
1386 0.0000001558
1387 0.0000001557
1388 0.0000001555
1389 0.0000001554
1390 0.0000001553
1391 0.0000001552
1392 0.0000001551
1393 0.0000001550
1394 0.0000001549
1395 0.0000001548
1396 0.0000001546
1397 0.0000001545
1398 0.0000001544
1399 0.0000001543
1400 0.0000001542
1401 0.0000001541
1402 0.0000001540
1403 0.0000001539
1404 0.0000001538
1405 0.0000001536
1406 0.0000001535
1407 0.0000001534
1408 0.0000001533
1409 0.0000001532
1410 0.0000001531
1411 0.0000001530
1412 0.0000001529
1413 0.0000001528
1414 0.0000001527
1415 0.0000001526
1416 0.0000001524
1417 0.0000001523
1418 0.0000001522
1419 0.0000001521
1420 0.0000001520
1421 0.0000001519
1422 0.0000001518
1423 0.0000001517
1424 0.0000001516
1425 0.0000001515
1426 0.0000001514
1427 0.0000001513
1428 0.0000001512
1429 0.0000001510
1430 0.0000001509
1431 0.0000001508
1432 0.0000001507
1433 0.0000001506
1434 0.0000001505
1435 0.0000001504
1436 0.0000001503
1437 0.0000001502
1438 0.0000001501
1439 0.0000001500
1440 0.0000001499
1441 0.0000001498
1442 0.0000001497
1443 0.0000001496
1444 0.0000001495
1445 0.0000001494
1446 0.0000001493
1447 0.0000001492
1448 0.0000001491
1449 0.0000001489
1450 0.0000001488
1451 0.0000001487
1452 0.0000001486
1453 0.0000001485
1454 0.0000001484
1455 0.0000001483
1456 0.0000001482
1457 0.0000001481
1458 0.0000001480
1459 0.0000001479
1460 0.0000001478
1461 0.0000001477
1462 0.0000001476
1463 0.0000001475
1464 0.0000001474
1465 0.0000001473
1466 0.0000001472
1467 0.0000001471
1468 0.0000001470
1469 0.0000001469
1470 0.0000001468
1471 0.0000001467
1472 0.0000001466
1473 0.0000001465
1474 0.0000001464
1475 0.0000001463
1476 0.0000001462
1477 0.0000001461
1478 0.0000001460
1479 0.0000001459
1480 0.0000001458
1481 0.0000001457
1482 0.0000001456
1483 0.0000001455
1484 0.0000001454
1485 0.0000001453
1486 0.0000001452
1487 0.0000001451
1488 0.0000001450
1489 0.0000001449
1490 0.0000001448
1491 0.0000001447
1492 0.0000001446
1493 0.0000001445
1494 0.0000001444
1495 0.0000001443
1496 0.0000001442
1497 0.0000001441
1498 0.0000001440
1499 0.0000001439
1500 0.0000001438
1501 0.0000001437
1502 0.0000001436
1503 0.0000001435
1504 0.0000001435
1505 0.0000001434
1506 0.0000001433
1507 0.0000001432
1508 0.0000001431
1509 0.0000001430
1510 0.0000001429
1511 0.0000001428
1512 0.0000001427
1513 0.0000001426
1514 0.0000001425
1515 0.0000001424
1516 0.0000001423
1517 0.0000001422
1518 0.0000001421
1519 0.0000001420
1520 0.0000001419
1521 0.0000001418
1522 0.0000001417
1523 0.0000001416
1524 0.0000001416
1525 0.0000001415
1526 0.0000001414
1527 0.0000001413
1528 0.0000001412
1529 0.0000001411
1530 0.0000001410
1531 0.0000001409
1532 0.0000001408
1533 0.0000001407
1534 0.0000001406
1535 0.0000001405
1536 0.0000001404
1537 0.0000001403
1538 0.0000001402
1539 0.0000001402
1540 0.0000001401
1541 0.0000001400
1542 0.0000001399
1543 0.0000001398
1544 0.0000001397
1545 0.0000001396
1546 0.0000001395
1547 0.0000001394
1548 0.0000001393
1549 0.0000001392
1550 0.0000001391
1551 0.0000001391
1552 0.0000001390
1553 0.0000001389
1554 0.0000001388
1555 0.0000001387
1556 0.0000001386
1557 0.0000001385
1558 0.0000001384
1559 0.0000001383
1560 0.0000001382
1561 0.0000001382
1562 0.0000001381
1563 0.0000001380
1564 0.0000001379
1565 0.0000001378
1566 0.0000001377
1567 0.0000001376
1568 0.0000001375
1569 0.0000001374
1570 0.0000001374
1571 0.0000001373
1572 0.0000001372
1573 0.0000001371
1574 0.0000001370
1575 0.0000001369
1576 0.0000001368
1577 0.0000001367
1578 0.0000001366
1579 0.0000001366
1580 0.0000001365
1581 0.0000001364
1582 0.0000001363
1583 0.0000001362
1584 0.0000001361
1585 0.0000001360
1586 0.0000001359
1587 0.0000001359
1588 0.0000001358
1589 0.0000001357
1590 0.0000001356
1591 0.0000001355
1592 0.0000001354
1593 0.0000001353
1594 0.0000001353
1595 0.0000001352
1596 0.0000001351
1597 0.0000001350
1598 0.0000001349
1599 0.0000001348
1600 0.0000001347
1601 0.0000001347
1602 0.0000001346
1603 0.0000001345
1604 0.0000001344
1605 0.0000001343
1606 0.0000001342
1607 0.0000001341
1608 0.0000001341
1609 0.0000001340
1610 0.0000001339
1611 0.0000001338
1612 0.0000001337
1613 0.0000001336
1614 0.0000001335
1615 0.0000001335
1616 0.0000001334
1617 0.0000001333
1618 0.0000001332
1619 0.0000001331
1620 0.0000001330
1621 0.0000001330
1622 0.0000001329
1623 0.0000001328
1624 0.0000001327
1625 0.0000001326
1626 0.0000001325
1627 0.0000001325
1628 0.0000001324
1629 0.0000001323
1630 0.0000001322
1631 0.0000001321
1632 0.0000001320
1633 0.0000001320
1634 0.0000001319
1635 0.0000001318
1636 0.0000001317
1637 0.0000001316
1638 0.0000001316
1639 0.0000001315
1640 0.0000001314
1641 0.0000001313
1642 0.0000001312
1643 0.0000001311
1644 0.0000001311
1645 0.0000001310
1646 0.0000001309
1647 0.0000001308
1648 0.0000001307
1649 0.0000001307
1650 0.0000001306
1651 0.0000001305
1652 0.0000001304
1653 0.0000001303
1654 0.0000001303
1655 0.0000001302
1656 0.0000001301
1657 0.0000001300
1658 0.0000001299
1659 0.0000001299
1660 0.0000001298
1661 0.0000001297
1662 0.0000001296
1663 0.0000001295
1664 0.0000001295
1665 0.0000001294
1666 0.0000001293
1667 0.0000001292
1668 0.0000001291
1669 0.0000001291
1670 0.0000001290
1671 0.0000001289
1672 0.0000001288
1673 0.0000001287
1674 0.0000001287
1675 0.0000001286
1676 0.0000001285
1677 0.0000001284
1678 0.0000001283
1679 0.0000001283
1680 0.0000001282
1681 0.0000001281
1682 0.0000001280
1683 0.0000001280
1684 0.0000001279
1685 0.0000001278
1686 0.0000001277
1687 0.0000001276
1688 0.0000001276
1689 0.0000001275
1690 0.0000001274
1691 0.0000001273
1692 0.0000001273
1693 0.0000001272
1694 0.0000001271
1695 0.0000001270
1696 0.0000001269
1697 0.0000001269
1698 0.0000001268
1699 0.0000001267
1700 0.0000001266
1701 0.0000001266
1702 0.0000001265
1703 0.0000001264
1704 0.0000001263
1705 0.0000001263
1706 0.0000001262
1707 0.0000001261
1708 0.0000001260
1709 0.0000001259
1710 0.0000001259
1711 0.0000001258
1712 0.0000001257
1713 0.0000001256
1714 0.0000001256
1715 0.0000001255
1716 0.0000001254
1717 0.0000001253
1718 0.0000001253
1719 0.0000001252
1720 0.0000001251
1721 0.0000001250
1722 0.0000001250
1723 0.0000001249
1724 0.0000001248
1725 0.0000001247
1726 0.0000001247
1727 0.0000001246
1728 0.0000001245
1729 0.0000001244
1730 0.0000001244
1731 0.0000001243
1732 0.0000001242
1733 0.0000001241
1734 0.0000001241
1735 0.0000001240
1736 0.0000001239
1737 0.0000001238
1738 0.0000001238
1739 0.0000001237
1740 0.0000001236
1741 0.0000001235
1742 0.0000001235
1743 0.0000001234
1744 0.0000001233
1745 0.0000001232
1746 0.0000001232
1747 0.0000001231
1748 0.0000001230
1749 0.0000001230
1750 0.0000001229
1751 0.0000001228
1752 0.0000001227
1753 0.0000001227
1754 0.0000001226
1755 0.0000001225
1756 0.0000001224
1757 0.0000001224
1758 0.0000001223
1759 0.0000001222
1760 0.0000001221
1761 0.0000001221
1762 0.0000001220
1763 0.0000001219
1764 0.0000001219
1765 0.0000001218
1766 0.0000001217
1767 0.0000001216
1768 0.0000001216
1769 0.0000001215
1770 0.0000001214
1771 0.0000001213
1772 0.0000001213
1773 0.0000001212
1774 0.0000001211
1775 0.0000001211
1776 0.0000001210
1777 0.0000001209
1778 0.0000001208
1779 0.0000001208
1780 0.0000001207
1781 0.0000001206
1782 0.0000001206
1783 0.0000001205
1784 0.0000001204
1785 0.0000001203
1786 0.0000001203
1787 0.0000001202
1788 0.0000001201
1789 0.0000001201
1790 0.0000001200
1791 0.0000001199
1792 0.0000001198
1793 0.0000001198
1794 0.0000001197
1795 0.0000001196
1796 0.0000001196
1797 0.0000001195
1798 0.0000001194
1799 0.0000001193
1800 0.0000001193
1801 0.0000001192
1802 0.0000001191
1803 0.0000001191
1804 0.0000001190
1805 0.0000001189
1806 0.0000001188
1807 0.0000001188
1808 0.0000001187
1809 0.0000001186
1810 0.0000001186
1811 0.0000001185
1812 0.0000001184
1813 0.0000001183
1814 0.0000001183
1815 0.0000001182
1816 0.0000001181
1817 0.0000001181
1818 0.0000001180
1819 0.0000001179
1820 0.0000001178
1821 0.0000001178
1822 0.0000001177
1823 0.0000001176
1824 0.0000001176
1825 0.0000001175
1826 0.0000001174
1827 0.0000001174
1828 0.0000001173
1829 0.0000001172
1830 0.0000001171
1831 0.0000001171
1832 0.0000001170
1833 0.0000001169
1834 0.0000001169
1835 0.0000001168
1836 0.0000001167
1837 0.0000001166
1838 0.0000001166
1839 0.0000001165
1840 0.0000001164
1841 0.0000001164
1842 0.0000001163
1843 0.0000001162
1844 0.0000001162
1845 0.0000001161
1846 0.0000001160
1847 0.0000001159
1848 0.0000001159
1849 0.0000001158
1850 0.0000001157
1851 0.0000001157
1852 0.0000001156
1853 0.0000001155
1854 0.0000001154
1855 0.0000001154
1856 0.0000001153
1857 0.0000001152
1858 0.0000001152
1859 0.0000001151
1860 0.0000001150
1861 0.0000001150
1862 0.0000001149
1863 0.0000001148
1864 0.0000001147
1865 0.0000001147
1866 0.0000001146
1867 0.0000001145
1868 0.0000001145
1869 0.0000001144
1870 0.0000001143
1871 0.0000001142
1872 0.0000001142
1873 0.0000001141
1874 0.0000001140
1875 0.0000001140
1876 0.0000001139
1877 0.0000001138
1878 0.0000001137
1879 0.0000001137
1880 0.0000001136
1881 0.0000001135
1882 0.0000001134
1883 0.0000001134
1884 0.0000001133
1885 0.0000001132
1886 0.0000001132
1887 0.0000001131
1888 0.0000001130
1889 0.0000001129
1890 0.0000001129
1891 0.0000001128
1892 0.0000001127
1893 0.0000001126
1894 0.0000001126
1895 0.0000001125
1896 0.0000001124
1897 0.0000001124
1898 0.0000001123
1899 0.0000001122
1900 0.0000001121
1901 0.0000001121
1902 0.0000001120
1903 0.0000001119
1904 0.0000001118
1905 0.0000001118
1906 0.0000001117
1907 0.0000001116
1908 0.0000001115
1909 0.0000001115
1910 0.0000001114
1911 0.0000001113
1912 0.0000001112
1913 0.0000001111
1914 0.0000001111
1915 0.0000001110
1916 0.0000001109
1917 0.0000001108
1918 0.0000001108
1919 0.0000001107
1920 0.0000001106
1921 0.0000001105
1922 0.0000001104
1923 0.0000001104
1924 0.0000001103
1925 0.0000001102
1926 0.0000001101
1927 0.0000001100
1928 0.0000001100
1929 0.0000001099
1930 0.0000001098
1931 0.0000001097
1932 0.0000001096
1933 0.0000001096
1934 0.0000001095
1935 0.0000001094
1936 0.0000001093
1937 0.0000001092
1938 0.0000001091
1939 0.0000001091
1940 0.0000001090
1941 0.0000001089
1942 0.0000001088
1943 0.0000001087
1944 0.0000001086
1945 0.0000001085
1946 0.0000001084
1947 0.0000001084
1948 0.0000001083
1949 0.0000001082
1950 0.0000001081
1951 0.0000001080
1952 0.0000001079
1953 0.0000001078
1954 0.0000001077
1955 0.0000001076
1956 0.0000001075
1957 0.0000001074
1958 0.0000001073
1959 0.0000001072
1960 0.0000001071
1961 0.0000001070
1962 0.0000001069
1963 0.0000001068
1964 0.0000001067
1965 0.0000001066
1966 0.0000001065
1967 0.0000001064
1968 0.0000001063
1969 0.0000001062
1970 0.0000001061
1971 0.0000001060
1972 0.0000001059
1973 0.0000001057
1974 0.0000001056
1975 0.0000001055
1976 0.0000001054
1977 0.0000001052
1978 0.0000001051
1979 0.0000001050
1980 0.0000001048
1981 0.0000001047
1982 0.0000001045
1983 0.0000001044
1984 0.0000001042
1985 0.0000001040
1986 0.0000001039
1987 0.0000001037
1988 0.0000001034
1989 0.0000001032
1990 0.0000001029
1991 0.0000001026
1992 0.0000001023
1993 0.0000001019
1994 0.0000001014
1995 0.0000001007
1996 0.0000000997
1997 0.0000000982
1998 0.0000000952
1999 0.0000000849
2000 0.0000000000
