1 2000
0 0.9963921600
1 0.0012843054
2 0.0005044052
3 0.0003326134
4 0.0002314307
5 0.0001725159
6 0.0001346300
7 0.0001082300
8 0.0000889069
9 0.0000742773
10 0.0000629057
11 0.0000538754
12 0.0000465770
13 0.0000405914
14 0.0000356215
15 0.0000314509
16 0.0000279188
17 0.0000249034
18 0.0000223105
19 0.0000200668
20 0.0000181142
21 0.0000164060
22 0.0000149047
23 0.0000135795
24 0.0000124052
25 0.0000113608
26 0.0000104288
27 0.0000095945
28 0.0000088455
29 0.0000081713
30 0.0000075628
31 0.0000070123
32 0.0000065132
33 0.0000060596
34 0.0000056467
35 0.0000052700
36 0.0000049258
37 0.0000046106
38 0.0000043216
39 0.0000040561
40 0.0000038119
41 0.0000035870
42 0.0000033794
43 0.0000031877
44 0.0000030104
45 0.0000028462
46 0.0000026939
47 0.0000025525
48 0.0000024211
49 0.0000022988
50 0.0000021850
51 0.0000020788
52 0.0000019797
53 0.0000018871
54 0.0000018004
55 0.0000017194
56 0.0000016434
57 0.0000015722
58 0.0000015053
59 0.0000014425
60 0.0000013834
61 0.0000013278
62 0.0000012754
63 0.0000012261
64 0.0000011795
65 0.0000011356
66 0.0000010941
67 0.0000010548
68 0.0000010177
69 0.0000009825
70 0.0000009492
71 0.0000009176
72 0.0000008876
73 0.0000008591
74 0.0000008321
75 0.0000008063
76 0.0000007819
77 0.0000007586
78 0.0000007364
79 0.0000007152
80 0.0000006950
81 0.0000006758
82 0.0000006574
83 0.0000006398
84 0.0000006230
85 0.0000006069
86 0.0000005915
87 0.0000005767
88 0.0000005626
89 0.0000005490
90 0.0000005360
91 0.0000005236
92 0.0000005116
93 0.0000005000
94 0.0000004890
95 0.0000004783
96 0.0000004680
97 0.0000004581
98 0.0000004486
99 0.0000004394
100 0.0000004306
101 0.0000004221
102 0.0000004138
103 0.0000004058
104 0.0000003981
105 0.0000003907
106 0.0000003835
107 0.0000003766
108 0.0000003698
109 0.0000003633
110 0.0000003570
111 0.0000003508
112 0.0000003449
113 0.0000003391
114 0.0000003336
115 0.0000003281
116 0.0000003229
117 0.0000003177
118 0.0000003128
119 0.0000003079
120 0.0000003032
121 0.0000002987
122 0.0000002942
123 0.0000002899
124 0.0000002856
125 0.0000002815
126 0.0000002775
127 0.0000002736
128 0.0000002698
129 0.0000002661
130 0.0000002625
131 0.0000002589
132 0.0000002555
133 0.0000002521
134 0.0000002488
135 0.0000002456
136 0.0000002425
137 0.0000002394
138 0.0000002364
139 0.0000002334
140 0.0000002306
141 0.0000002277
142 0.0000002250
143 0.0000002223
144 0.0000002197
145 0.0000002171
146 0.0000002145
147 0.0000002121
148 0.0000002096
149 0.0000002072
150 0.0000002049
151 0.0000002026
152 0.0000002004
153 0.0000001982
154 0.0000001960
155 0.0000001939
156 0.0000001918
157 0.0000001897
158 0.0000001877
159 0.0000001858
160 0.0000001838
161 0.0000001819
162 0.0000001800
163 0.0000001782
164 0.0000001764
165 0.0000001746
166 0.0000001729
167 0.0000001712
168 0.0000001695
169 0.0000001678
170 0.0000001662
171 0.0000001646
172 0.0000001630
173 0.0000001614
174 0.0000001599
175 0.0000001584
176 0.0000001569
177 0.0000001555
178 0.0000001540
179 0.0000001526
180 0.0000001512
181 0.0000001498
182 0.0000001485
183 0.0000001471
184 0.0000001458
185 0.0000001445
186 0.0000001433
187 0.0000001420
188 0.0000001408
189 0.0000001395
190 0.0000001383
191 0.0000001371
192 0.0000001360
193 0.0000001348
194 0.0000001337
195 0.0000001326
196 0.0000001315
197 0.0000001304
198 0.0000001293
199 0.0000001282
200 0.0000001272
201 0.0000001261
202 0.0000001251
203 0.0000001241
204 0.0000001231
205 0.0000001221
206 0.0000001211
207 0.0000001202
208 0.0000001192
209 0.0000001183
210 0.0000001174
211 0.0000001165
212 0.0000001156
213 0.0000001147
214 0.0000001138
215 0.0000001129
216 0.0000001121
217 0.0000001112
218 0.0000001104
219 0.0000001096
220 0.0000001087
221 0.0000001079
222 0.0000001071
223 0.0000001064
224 0.0000001056
225 0.0000001048
226 0.0000001040
227 0.0000001033
228 0.0000001025
229 0.0000001018
230 0.0000001011
231 0.0000001004
232 0.0000000997
233 0.0000000990
234 0.0000000983
235 0.0000000976
236 0.0000000969
237 0.0000000962
238 0.0000000956
239 0.0000000949
240 0.0000000942
241 0.0000000936
242 0.0000000930
243 0.0000000923
244 0.0000000917
245 0.0000000911
246 0.0000000905
247 0.0000000899
248 0.0000000893
249 0.0000000887
250 0.0000000881
251 0.0000000875
252 0.0000000870
253 0.0000000864
254 0.0000000858
255 0.0000000853
256 0.0000000847
257 0.0000000842
258 0.0000000836
259 0.0000000831
260 0.0000000826
261 0.0000000820
262 0.0000000815
263 0.0000000810
264 0.0000000805
265 0.0000000800
266 0.0000000795
267 0.0000000790
268 0.0000000785
269 0.0000000780
270 0.0000000776
271 0.0000000771
272 0.0000000766
273 0.0000000762
274 0.0000000757
275 0.0000000752
276 0.0000000748
277 0.0000000743
278 0.0000000739
279 0.0000000734
280 0.0000000730
281 0.0000000726
282 0.0000000722
283 0.0000000717
284 0.0000000713
285 0.0000000709
286 0.0000000705
287 0.0000000701
288 0.0000000697
289 0.0000000693
290 0.0000000689
291 0.0000000685
292 0.0000000681
293 0.0000000677
294 0.0000000673
295 0.0000000669
296 0.0000000666
297 0.0000000662
298 0.0000000658
299 0.0000000654
300 0.0000000651
301 0.0000000647
302 0.0000000644
303 0.0000000640
304 0.0000000637
305 0.0000000633
306 0.0000000630
307 0.0000000626
308 0.0000000623
309 0.0000000619
310 0.0000000616
311 0.0000000613
312 0.0000000609
313 0.0000000606
314 0.0000000603
315 0.0000000600
316 0.0000000597
317 0.0000000593
318 0.0000000590
319 0.0000000587
320 0.0000000584
321 0.0000000581
322 0.0000000578
323 0.0000000575
324 0.0000000572
325 0.0000000569
326 0.0000000566
327 0.0000000563
328 0.0000000560
329 0.0000000557
330 0.0000000555
331 0.0000000552
332 0.0000000549
333 0.0000000546
334 0.0000000543
335 0.0000000541
336 0.0000000538
337 0.0000000535
338 0.0000000533
339 0.0000000530
340 0.0000000527
341 0.0000000525
342 0.0000000522
343 0.0000000520
344 0.0000000517
345 0.0000000515
346 0.0000000512
347 0.0000000510
348 0.0000000507
349 0.0000000505
350 0.0000000502
351 0.0000000500
352 0.0000000497
353 0.0000000495
354 0.0000000493
355 0.0000000490
356 0.0000000488
357 0.0000000486
358 0.0000000483
359 0.0000000481
360 0.0000000479
361 0.0000000477
362 0.0000000474
363 0.0000000472
364 0.0000000470
365 0.0000000468
366 0.0000000466
367 0.0000000463
368 0.0000000461
369 0.0000000459
370 0.0000000457
371 0.0000000455
372 0.0000000453
373 0.0000000451
374 0.0000000449
375 0.0000000447
376 0.0000000445
377 0.0000000443
378 0.0000000441
379 0.0000000439
380 0.0000000437
381 0.0000000435
382 0.0000000433
383 0.0000000431
384 0.0000000429
385 0.0000000427
386 0.0000000425
387 0.0000000423
388 0.0000000422
389 0.0000000420
390 0.0000000418
391 0.0000000416
392 0.0000000414
393 0.0000000413
394 0.0000000411
395 0.0000000409
396 0.0000000407
397 0.0000000405
398 0.0000000404
399 0.0000000402
400 0.0000000400
401 0.0000000399
402 0.0000000397
403 0.0000000395
404 0.0000000394
405 0.0000000392
406 0.0000000390
407 0.0000000389
408 0.0000000387
409 0.0000000385
410 0.0000000384
411 0.0000000382
412 0.0000000381
413 0.0000000379
414 0.0000000377
415 0.0000000376
416 0.0000000374
417 0.0000000373
418 0.0000000371
419 0.0000000370
420 0.0000000368
421 0.0000000367
422 0.0000000365
423 0.0000000364
424 0.0000000362
425 0.0000000361
426 0.0000000359
427 0.0000000358
428 0.0000000357
429 0.0000000355
430 0.0000000354
431 0.0000000352
432 0.0000000351
433 0.0000000350
434 0.0000000348
435 0.0000000347
436 0.0000000345
437 0.0000000344
438 0.0000000343
439 0.0000000341
440 0.0000000340
441 0.0000000339
442 0.0000000337
443 0.0000000336
444 0.0000000335
445 0.0000000333
446 0.0000000332
447 0.0000000331
448 0.0000000330
449 0.0000000328
450 0.0000000327
451 0.0000000326
452 0.0000000325
453 0.0000000323
454 0.0000000322
455 0.0000000321
456 0.0000000320
457 0.0000000319
458 0.0000000317
459 0.0000000316
460 0.0000000315
461 0.0000000314
462 0.0000000313
463 0.0000000311
464 0.0000000310
465 0.0000000309
466 0.0000000308
467 0.0000000307
468 0.0000000306
469 0.0000000305
470 0.0000000304
471 0.0000000302
472 0.0000000301
473 0.0000000300
474 0.0000000299
475 0.0000000298
476 0.0000000297
477 0.0000000296
478 0.0000000295
479 0.0000000294
480 0.0000000293
481 0.0000000292
482 0.0000000291
483 0.0000000290
484 0.0000000289
485 0.0000000287
486 0.0000000286
487 0.0000000285
488 0.0000000284
489 0.0000000283
490 0.0000000282
491 0.0000000281
492 0.0000000280
493 0.0000000279
494 0.0000000278
495 0.0000000278
496 0.0000000277
497 0.0000000276
498 0.0000000275
499 0.0000000274
500 0.0000000273
501 0.0000000272
502 0.0000000271
503 0.0000000270
504 0.0000000269
505 0.0000000268
506 0.0000000267
507 0.0000000266
508 0.0000000265
509 0.0000000264
510 0.0000000264
511 0.0000000263
512 0.0000000262
513 0.0000000261
514 0.0000000260
515 0.0000000259
516 0.0000000258
517 0.0000000257
518 0.0000000257
519 0.0000000256
520 0.0000000255
521 0.0000000254
522 0.0000000253
523 0.0000000252
524 0.0000000251
525 0.0000000251
526 0.0000000250
527 0.0000000249
528 0.0000000248
529 0.0000000247
530 0.0000000247
531 0.0000000246
532 0.0000000245
533 0.0000000244
534 0.0000000243
535 0.0000000243
536 0.0000000242
537 0.0000000241
538 0.0000000240
539 0.0000000239
540 0.0000000239
541 0.0000000238
542 0.0000000237
543 0.0000000236
544 0.0000000236
545 0.0000000235
546 0.0000000234
547 0.0000000233
548 0.0000000233
549 0.0000000232
550 0.0000000231
551 0.0000000230
552 0.0000000230
553 0.0000000229
554 0.0000000228
555 0.0000000227
556 0.0000000227
557 0.0000000226
558 0.0000000225
559 0.0000000225
560 0.0000000224
561 0.0000000223
562 0.0000000223
563 0.0000000222
564 0.0000000221
565 0.0000000221
566 0.0000000220
567 0.0000000219
568 0.0000000218
569 0.0000000218
570 0.0000000217
571 0.0000000216
572 0.0000000216
573 0.0000000215
574 0.0000000215
575 0.0000000214
576 0.0000000213
577 0.0000000213
578 0.0000000212
579 0.0000000211
580 0.0000000211
581 0.0000000210
582 0.0000000209
583 0.0000000209
584 0.0000000208
585 0.0000000208
586 0.0000000207
587 0.0000000206
588 0.0000000206
589 0.0000000205
590 0.0000000204
591 0.0000000204
592 0.0000000203
593 0.0000000203
594 0.0000000202
595 0.0000000201
596 0.0000000201
597 0.0000000200
598 0.0000000200
599 0.0000000199
600 0.0000000199
601 0.0000000198
602 0.0000000197
603 0.0000000197
604 0.0000000196
605 0.0000000196
606 0.0000000195
607 0.0000000195
608 0.0000000194
609 0.0000000193
610 0.0000000193
611 0.0000000192
612 0.0000000192
613 0.0000000191
614 0.0000000191
615 0.0000000190
616 0.0000000190
617 0.0000000189
618 0.0000000188
619 0.0000000188
620 0.0000000187
621 0.0000000187
622 0.0000000186
623 0.0000000186
624 0.0000000185
625 0.0000000185
626 0.0000000184
627 0.0000000184
628 0.0000000183
629 0.0000000183
630 0.0000000182
631 0.0000000182
632 0.0000000181
633 0.0000000181
634 0.0000000180
635 0.0000000180
636 0.0000000179
637 0.0000000179
638 0.0000000178
639 0.0000000178
640 0.0000000177
641 0.0000000177
642 0.0000000176
643 0.0000000176
644 0.0000000175
645 0.0000000175
646 0.0000000174
647 0.0000000174
648 0.0000000173
649 0.0000000173
650 0.0000000172
651 0.0000000172
652 0.0000000172
653 0.0000000171
654 0.0000000171
655 0.0000000170
656 0.0000000170
657 0.0000000169
658 0.0000000169
659 0.0000000168
660 0.0000000168
661 0.0000000167
662 0.0000000167
663 0.0000000167
664 0.0000000166
665 0.0000000166
666 0.0000000165
667 0.0000000165
668 0.0000000164
669 0.0000000164
670 0.0000000164
671 0.0000000163
672 0.0000000163
673 0.0000000162
674 0.0000000162
675 0.0000000161
676 0.0000000161
677 0.0000000161
678 0.0000000160
679 0.0000000160
680 0.0000000159
681 0.0000000159
682 0.0000000158
683 0.0000000158
684 0.0000000158
685 0.0000000157
686 0.0000000157
687 0.0000000156
688 0.0000000156
689 0.0000000156
690 0.0000000155
691 0.0000000155
692 0.0000000154
693 0.0000000154
694 0.0000000154
695 0.0000000153
696 0.0000000153
697 0.0000000152
698 0.0000000152
699 0.0000000152
700 0.0000000151
701 0.0000000151
702 0.0000000151
703 0.0000000150
704 0.0000000150
705 0.0000000149
706 0.0000000149
707 0.0000000149
708 0.0000000148
709 0.0000000148
710 0.0000000148
711 0.0000000147
712 0.0000000147
713 0.0000000146
714 0.0000000146
715 0.0000000146
716 0.0000000145
717 0.0000000145
718 0.0000000145
719 0.0000000144
720 0.0000000144
721 0.0000000144
722 0.0000000143
723 0.0000000143
724 0.0000000143
725 0.0000000142
726 0.0000000142
727 0.0000000142
728 0.0000000141
729 0.0000000141
730 0.0000000140
731 0.0000000140
732 0.0000000140
733 0.0000000139
734 0.0000000139
735 0.0000000139
736 0.0000000138
737 0.0000000138
738 0.0000000138
739 0.0000000137
740 0.0000000137
741 0.0000000137
742 0.0000000136
743 0.0000000136
744 0.0000000136
745 0.0000000136
746 0.0000000135
747 0.0000000135
748 0.0000000135
749 0.0000000134
750 0.0000000134
751 0.0000000134
752 0.0000000133
753 0.0000000133
754 0.0000000133
755 0.0000000132
756 0.0000000132
757 0.0000000132
758 0.0000000131
759 0.0000000131
760 0.0000000131
761 0.0000000130
762 0.0000000130
763 0.0000000130
764 0.0000000130
765 0.0000000129
766 0.0000000129
767 0.0000000129
768 0.0000000128
769 0.0000000128
770 0.0000000128
771 0.0000000128
772 0.0000000127
773 0.0000000127
774 0.0000000127
775 0.0000000126
776 0.0000000126
777 0.0000000126
778 0.0000000125
779 0.0000000125
780 0.0000000125
781 0.0000000125
782 0.0000000124
783 0.0000000124
784 0.0000000124
785 0.0000000123
786 0.0000000123
787 0.0000000123
788 0.0000000123
789 0.0000000122
790 0.0000000122
791 0.0000000122
792 0.0000000122
793 0.0000000121
794 0.0000000121
795 0.0000000121
796 0.0000000120
797 0.0000000120
798 0.0000000120
799 0.0000000120
800 0.0000000119
801 0.0000000119
802 0.0000000119
803 0.0000000119
804 0.0000000118
805 0.0000000118
806 0.0000000118
807 0.0000000118
808 0.0000000117
809 0.0000000117
810 0.0000000117
811 0.0000000117
812 0.0000000116
813 0.0000000116
814 0.0000000116
815 0.0000000116
816 0.0000000115
817 0.0000000115
818 0.0000000115
819 0.0000000115
820 0.0000000114
821 0.0000000114
822 0.0000000114
823 0.0000000114
824 0.0000000113
825 0.0000000113
826 0.0000000113
827 0.0000000113
828 0.0000000112
829 0.0000000112
830 0.0000000112
831 0.0000000112
832 0.0000000111
833 0.0000000111
834 0.0000000111
835 0.0000000111
836 0.0000000110
837 0.0000000110
838 0.0000000110
839 0.0000000110
840 0.0000000109
841 0.0000000109
842 0.0000000109
843 0.0000000109
844 0.0000000109
845 0.0000000108
846 0.0000000108
847 0.0000000108
848 0.0000000108
849 0.0000000107
850 0.0000000107
851 0.0000000107
852 0.0000000107
853 0.0000000106
854 0.0000000106
855 0.0000000106
856 0.0000000106
857 0.0000000106
858 0.0000000105
859 0.0000000105
860 0.0000000105
861 0.0000000105
862 0.0000000104
863 0.0000000104
864 0.0000000104
865 0.0000000104
866 0.0000000104
867 0.0000000103
868 0.0000000103
869 0.0000000103
870 0.0000000103
871 0.0000000103
872 0.0000000102
873 0.0000000102
874 0.0000000102
875 0.0000000102
876 0.0000000102
877 0.0000000101
878 0.0000000101
879 0.0000000101
880 0.0000000101
881 0.0000000101
882 0.0000000100
883 0.0000000100
884 0.0000000100
885 0.0000000100
886 0.0000000099
887 0.0000000099
888 0.0000000099
889 0.0000000099
890 0.0000000099
891 0.0000000098
892 0.0000000098
893 0.0000000098
894 0.0000000098
895 0.0000000098
896 0.0000000098
897 0.0000000097
898 0.0000000097
899 0.0000000097
900 0.0000000097
901 0.0000000097
902 0.0000000096
903 0.0000000096
904 0.0000000096
905 0.0000000096
906 0.0000000096
907 0.0000000095
908 0.0000000095
909 0.0000000095
910 0.0000000095
911 0.0000000095
912 0.0000000094
913 0.0000000094
914 0.0000000094
915 0.0000000094
916 0.0000000094
917 0.0000000094
918 0.0000000093
919 0.0000000093
920 0.0000000093
921 0.0000000093
922 0.0000000093
923 0.0000000092
924 0.0000000092
925 0.0000000092
926 0.0000000092
927 0.0000000092
928 0.0000000092
929 0.0000000091
930 0.0000000091
931 0.0000000091
932 0.0000000091
933 0.0000000091
934 0.0000000091
935 0.0000000090
936 0.0000000090
937 0.0000000090
938 0.0000000090
939 0.0000000090
940 0.0000000089
941 0.0000000089
942 0.0000000089
943 0.0000000089
944 0.0000000089
945 0.0000000089
946 0.0000000088
947 0.0000000088
948 0.0000000088
949 0.0000000088
950 0.0000000088
951 0.0000000088
952 0.0000000087
953 0.0000000087
954 0.0000000087
955 0.0000000087
956 0.0000000087
957 0.0000000087
958 0.0000000086
959 0.0000000086
960 0.0000000086
961 0.0000000086
962 0.0000000086
963 0.0000000086
964 0.0000000086
965 0.0000000085
966 0.0000000085
967 0.0000000085
968 0.0000000085
969 0.0000000085
970 0.0000000085
971 0.0000000084
972 0.0000000084
973 0.0000000084
974 0.0000000084
975 0.0000000084
976 0.0000000084
977 0.0000000083
978 0.0000000083
979 0.0000000083
980 0.0000000083
981 0.0000000083
982 0.0000000083
983 0.0000000083
984 0.0000000082
985 0.0000000082
986 0.0000000082
987 0.0000000082
988 0.0000000082
989 0.0000000082
990 0.0000000081
991 0.0000000081
992 0.0000000081
993 0.0000000081
994 0.0000000081
995 0.0000000081
996 0.0000000081
997 0.0000000080
998 0.0000000080
999 0.0000000080
1000 0.0000000080
1001 0.0000000080
1002 0.0000000080
1003 0.0000000080
1004 0.0000000079
1005 0.0000000079
1006 0.0000000079
1007 0.0000000079
1008 0.0000000079
1009 0.0000000079
1010 0.0000000079
1011 0.0000000078
1012 0.0000000078
1013 0.0000000078
1014 0.0000000078
1015 0.0000000078
1016 0.0000000078
1017 0.0000000078
1018 0.0000000078
1019 0.0000000077
1020 0.0000000077
1021 0.0000000077
1022 0.0000000077
1023 0.0000000077
1024 0.0000000077
1025 0.0000000077
1026 0.0000000076
1027 0.0000000076
1028 0.0000000076
1029 0.0000000076
1030 0.0000000076
1031 0.0000000076
1032 0.0000000076
1033 0.0000000075
1034 0.0000000075
1035 0.0000000075
1036 0.0000000075
1037 0.0000000075
1038 0.0000000075
1039 0.0000000075
1040 0.0000000075
1041 0.0000000074
1042 0.0000000074
1043 0.0000000074
1044 0.0000000074
1045 0.0000000074
1046 0.0000000074
1047 0.0000000074
1048 0.0000000074
1049 0.0000000073
1050 0.0000000073
1051 0.0000000073
1052 0.0000000073
1053 0.0000000073
1054 0.0000000073
1055 0.0000000073
1056 0.0000000073
1057 0.0000000072
1058 0.0000000072
1059 0.0000000072
1060 0.0000000072
1061 0.0000000072
1062 0.0000000072
1063 0.0000000072
1064 0.0000000072
1065 0.0000000071
1066 0.0000000071
1067 0.0000000071
1068 0.0000000071
1069 0.0000000071
1070 0.0000000071
1071 0.0000000071
1072 0.0000000071
1073 0.0000000070
1074 0.0000000070
1075 0.0000000070
1076 0.0000000070
1077 0.0000000070
1078 0.0000000070
1079 0.0000000070
1080 0.0000000070
1081 0.0000000070
1082 0.0000000069
1083 0.0000000069
1084 0.0000000069
1085 0.0000000069
1086 0.0000000069
1087 0.0000000069
1088 0.0000000069
1089 0.0000000069
1090 0.0000000068
1091 0.0000000068
1092 0.0000000068
1093 0.0000000068
1094 0.0000000068
1095 0.0000000068
1096 0.0000000068
1097 0.0000000068
1098 0.0000000068
1099 0.0000000067
1100 0.0000000067
1101 0.0000000067
1102 0.0000000067
1103 0.0000000067
1104 0.0000000067
1105 0.0000000067
1106 0.0000000067
1107 0.0000000067
1108 0.0000000066
1109 0.0000000066
1110 0.0000000066
1111 0.0000000066
1112 0.0000000066
1113 0.0000000066
1114 0.0000000066
1115 0.0000000066
1116 0.0000000066
1117 0.0000000066
1118 0.0000000065
1119 0.0000000065
1120 0.0000000065
1121 0.0000000065
1122 0.0000000065
1123 0.0000000065
1124 0.0000000065
1125 0.0000000065
1126 0.0000000065
1127 0.0000000064
1128 0.0000000064
1129 0.0000000064
1130 0.0000000064
1131 0.0000000064
1132 0.0000000064
1133 0.0000000064
1134 0.0000000064
1135 0.0000000064
1136 0.0000000064
1137 0.0000000063
1138 0.0000000063
1139 0.0000000063
1140 0.0000000063
1141 0.0000000063
1142 0.0000000063
1143 0.0000000063
1144 0.0000000063
1145 0.0000000063
1146 0.0000000063
1147 0.0000000062
1148 0.0000000062
1149 0.0000000062
1150 0.0000000062
1151 0.0000000062
1152 0.0000000062
1153 0.0000000062
1154 0.0000000062
1155 0.0000000062
1156 0.0000000062
1157 0.0000000061
1158 0.0000000061
1159 0.0000000061
1160 0.0000000061
1161 0.0000000061
1162 0.0000000061
1163 0.0000000061
1164 0.0000000061
1165 0.0000000061
1166 0.0000000061
1167 0.0000000061
1168 0.0000000060
1169 0.0000000060
1170 0.0000000060
1171 0.0000000060
1172 0.0000000060
1173 0.0000000060
1174 0.0000000060
1175 0.0000000060
1176 0.0000000060
1177 0.0000000060
1178 0.0000000059
1179 0.0000000059
1180 0.0000000059
1181 0.0000000059
1182 0.0000000059
1183 0.0000000059
1184 0.0000000059
1185 0.0000000059
1186 0.0000000059
1187 0.0000000059
1188 0.0000000059
1189 0.0000000058
1190 0.0000000058
1191 0.0000000058
1192 0.0000000058
1193 0.0000000058
1194 0.0000000058
1195 0.0000000058
1196 0.0000000058
1197 0.0000000058
1198 0.0000000058
1199 0.0000000058
1200 0.0000000058
1201 0.0000000057
1202 0.0000000057
1203 0.0000000057
1204 0.0000000057
1205 0.0000000057
1206 0.0000000057
1207 0.0000000057
1208 0.0000000057
1209 0.0000000057
1210 0.0000000057
1211 0.0000000057
1212 0.0000000056
1213 0.0000000056
1214 0.0000000056
1215 0.0000000056
1216 0.0000000056
1217 0.0000000056
1218 0.0000000056
1219 0.0000000056
1220 0.0000000056
1221 0.0000000056
1222 0.0000000056
1223 0.0000000056
1224 0.0000000055
1225 0.0000000055
1226 0.0000000055
1227 0.0000000055
1228 0.0000000055
1229 0.0000000055
1230 0.0000000055
1231 0.0000000055
1232 0.0000000055
1233 0.0000000055
1234 0.0000000055
1235 0.0000000055
1236 0.0000000055
1237 0.0000000054
1238 0.0000000054
1239 0.0000000054
1240 0.0000000054
1241 0.0000000054
1242 0.0000000054
1243 0.0000000054
1244 0.0000000054
1245 0.0000000054
1246 0.0000000054
1247 0.0000000054
1248 0.0000000054
1249 0.0000000053
1250 0.0000000053
1251 0.0000000053
1252 0.0000000053
1253 0.0000000053
1254 0.0000000053
1255 0.0000000053
1256 0.0000000053
1257 0.0000000053
1258 0.0000000053
1259 0.0000000053
1260 0.0000000053
1261 0.0000000053
1262 0.0000000052
1263 0.0000000052
1264 0.0000000052
1265 0.0000000052
1266 0.0000000052
1267 0.0000000052
1268 0.0000000052
1269 0.0000000052
1270 0.0000000052
1271 0.0000000052
1272 0.0000000052
1273 0.0000000052
1274 0.0000000052
1275 0.0000000052
1276 0.0000000051
1277 0.0000000051
1278 0.0000000051
1279 0.0000000051
1280 0.0000000051
1281 0.0000000051
1282 0.0000000051
1283 0.0000000051
1284 0.0000000051
1285 0.0000000051
1286 0.0000000051
1287 0.0000000051
1288 0.0000000051
1289 0.0000000050
1290 0.0000000050
1291 0.0000000050
1292 0.0000000050
1293 0.0000000050
1294 0.0000000050
1295 0.0000000050
1296 0.0000000050
1297 0.0000000050
1298 0.0000000050
1299 0.0000000050
1300 0.0000000050
1301 0.0000000050
1302 0.0000000050
1303 0.0000000049
1304 0.0000000049
1305 0.0000000049
1306 0.0000000049
1307 0.0000000049
1308 0.0000000049
1309 0.0000000049
1310 0.0000000049
1311 0.0000000049
1312 0.0000000049
1313 0.0000000049
1314 0.0000000049
1315 0.0000000049
1316 0.0000000049
1317 0.0000000049
1318 0.0000000048
1319 0.0000000048
1320 0.0000000048
1321 0.0000000048
1322 0.0000000048
1323 0.0000000048
1324 0.0000000048
1325 0.0000000048
1326 0.0000000048
1327 0.0000000048
1328 0.0000000048
1329 0.0000000048
1330 0.0000000048
1331 0.0000000048
1332 0.0000000048
1333 0.0000000047
1334 0.0000000047
1335 0.0000000047
1336 0.0000000047
1337 0.0000000047
1338 0.0000000047
1339 0.0000000047
1340 0.0000000047
1341 0.0000000047
1342 0.0000000047
1343 0.0000000047
1344 0.0000000047
1345 0.0000000047
1346 0.0000000047
1347 0.0000000047
1348 0.0000000047
1349 0.0000000046
1350 0.0000000046
1351 0.0000000046
1352 0.0000000046
1353 0.0000000046
1354 0.0000000046
1355 0.0000000046
1356 0.0000000046
1357 0.0000000046
1358 0.0000000046
1359 0.0000000046
1360 0.0000000046
1361 0.0000000046
1362 0.0000000046
1363 0.0000000046
1364 0.0000000046
1365 0.0000000045
1366 0.0000000045
1367 0.0000000045
1368 0.0000000045
1369 0.0000000045
1370 0.0000000045
1371 0.0000000045
1372 0.0000000045
1373 0.0000000045
1374 0.0000000045
1375 0.0000000045
1376 0.0000000045
1377 0.0000000045
1378 0.0000000045
1379 0.0000000045
1380 0.0000000045
1381 0.0000000044
1382 0.0000000044
1383 0.0000000044
1384 0.0000000044
1385 0.0000000044
1386 0.0000000044
1387 0.0000000044
1388 0.0000000044
1389 0.0000000044
1390 0.0000000044
1391 0.0000000044
1392 0.0000000044
1393 0.0000000044
1394 0.0000000044
1395 0.0000000044
1396 0.0000000044
1397 0.0000000044
1398 0.0000000044
1399 0.0000000043
1400 0.0000000043
1401 0.0000000043
1402 0.0000000043
1403 0.0000000043
1404 0.0000000043
1405 0.0000000043
1406 0.0000000043
1407 0.0000000043
1408 0.0000000043
1409 0.0000000043
1410 0.0000000043
1411 0.0000000043
1412 0.0000000043
1413 0.0000000043
1414 0.0000000043
1415 0.0000000043
1416 0.0000000042
1417 0.0000000042
1418 0.0000000042
1419 0.0000000042
1420 0.0000000042
1421 0.0000000042
1422 0.0000000042
1423 0.0000000042
1424 0.0000000042
1425 0.0000000042
1426 0.0000000042
1427 0.0000000042
1428 0.0000000042
1429 0.0000000042
1430 0.0000000042
1431 0.0000000042
1432 0.0000000042
1433 0.0000000042
1434 0.0000000042
1435 0.0000000041
1436 0.0000000041
1437 0.0000000041
1438 0.0000000041
1439 0.0000000041
1440 0.0000000041
1441 0.0000000041
1442 0.0000000041
1443 0.0000000041
1444 0.0000000041
1445 0.0000000041
1446 0.0000000041
1447 0.0000000041
1448 0.0000000041
1449 0.0000000041
1450 0.0000000041
1451 0.0000000041
1452 0.0000000041
1453 0.0000000041
1454 0.0000000040
1455 0.0000000040
1456 0.0000000040
1457 0.0000000040
1458 0.0000000040
1459 0.0000000040
1460 0.0000000040
1461 0.0000000040
1462 0.0000000040
1463 0.0000000040
1464 0.0000000040
1465 0.0000000040
1466 0.0000000040
1467 0.0000000040
1468 0.0000000040
1469 0.0000000040
1470 0.0000000040
1471 0.0000000040
1472 0.0000000040
1473 0.0000000040
1474 0.0000000039
1475 0.0000000039
1476 0.0000000039
1477 0.0000000039
1478 0.0000000039
1479 0.0000000039
1480 0.0000000039
1481 0.0000000039
1482 0.0000000039
1483 0.0000000039
1484 0.0000000039
1485 0.0000000039
1486 0.0000000039
1487 0.0000000039
1488 0.0000000039
1489 0.0000000039
1490 0.0000000039
1491 0.0000000039
1492 0.0000000039
1493 0.0000000039
1494 0.0000000039
1495 0.0000000038
1496 0.0000000038
1497 0.0000000038
1498 0.0000000038
1499 0.0000000038
1500 0.0000000038
1501 0.0000000038
1502 0.0000000038
1503 0.0000000038
1504 0.0000000038
1505 0.0000000038
1506 0.0000000038
1507 0.0000000038
1508 0.0000000038
1509 0.0000000038
1510 0.0000000038
1511 0.0000000038
1512 0.0000000038
1513 0.0000000038
1514 0.0000000038
1515 0.0000000038
1516 0.0000000037
1517 0.0000000037
1518 0.0000000037
1519 0.0000000037
1520 0.0000000037
1521 0.0000000037
1522 0.0000000037
1523 0.0000000037
1524 0.0000000037
1525 0.0000000037
1526 0.0000000037
1527 0.0000000037
1528 0.0000000037
1529 0.0000000037
1530 0.0000000037
1531 0.0000000037
1532 0.0000000037
1533 0.0000000037
1534 0.0000000037
1535 0.0000000037
1536 0.0000000037
1537 0.0000000037
1538 0.0000000036
1539 0.0000000036
1540 0.0000000036
1541 0.0000000036
1542 0.0000000036
1543 0.0000000036
1544 0.0000000036
1545 0.0000000036
1546 0.0000000036
1547 0.0000000036
1548 0.0000000036
1549 0.0000000036
1550 0.0000000036
1551 0.0000000036
1552 0.0000000036
1553 0.0000000036
1554 0.0000000036
1555 0.0000000036
1556 0.0000000036
1557 0.0000000036
1558 0.0000000036
1559 0.0000000036
1560 0.0000000036
1561 0.0000000036
1562 0.0000000035
1563 0.0000000035
1564 0.0000000035
1565 0.0000000035
1566 0.0000000035
1567 0.0000000035
1568 0.0000000035
1569 0.0000000035
1570 0.0000000035
1571 0.0000000035
1572 0.0000000035
1573 0.0000000035
1574 0.0000000035
1575 0.0000000035
1576 0.0000000035
1577 0.0000000035
1578 0.0000000035
1579 0.0000000035
1580 0.0000000035
1581 0.0000000035
1582 0.0000000035
1583 0.0000000035
1584 0.0000000035
1585 0.0000000035
1586 0.0000000034
1587 0.0000000034
1588 0.0000000034
1589 0.0000000034
1590 0.0000000034
1591 0.0000000034
1592 0.0000000034
1593 0.0000000034
1594 0.0000000034
1595 0.0000000034
1596 0.0000000034
1597 0.0000000034
1598 0.0000000034
1599 0.0000000034
1600 0.0000000034
1601 0.0000000034
1602 0.0000000034
1603 0.0000000034
1604 0.0000000034
1605 0.0000000034
1606 0.0000000034
1607 0.0000000034
1608 0.0000000034
1609 0.0000000034
1610 0.0000000034
1611 0.0000000033
1612 0.0000000033
1613 0.0000000033
1614 0.0000000033
1615 0.0000000033
1616 0.0000000033
1617 0.0000000033
1618 0.0000000033
1619 0.0000000033
1620 0.0000000033
1621 0.0000000033
1622 0.0000000033
1623 0.0000000033
1624 0.0000000033
1625 0.0000000033
1626 0.0000000033
1627 0.0000000033
1628 0.0000000033
1629 0.0000000033
1630 0.0000000033
1631 0.0000000033
1632 0.0000000033
1633 0.0000000033
1634 0.0000000033
1635 0.0000000033
1636 0.0000000033
1637 0.0000000032
1638 0.0000000032
1639 0.0000000032
1640 0.0000000032
1641 0.0000000032
1642 0.0000000032
1643 0.0000000032
1644 0.0000000032
1645 0.0000000032
1646 0.0000000032
1647 0.0000000032
1648 0.0000000032
1649 0.0000000032
1650 0.0000000032
1651 0.0000000032
1652 0.0000000032
1653 0.0000000032
1654 0.0000000032
1655 0.0000000032
1656 0.0000000032
1657 0.0000000032
1658 0.0000000032
1659 0.0000000032
1660 0.0000000032
1661 0.0000000032
1662 0.0000000032
1663 0.0000000032
1664 0.0000000032
1665 0.0000000031
1666 0.0000000031
1667 0.0000000031
1668 0.0000000031
1669 0.0000000031
1670 0.0000000031
1671 0.0000000031
1672 0.0000000031
1673 0.0000000031
1674 0.0000000031
1675 0.0000000031
1676 0.0000000031
1677 0.0000000031
1678 0.0000000031
1679 0.0000000031
1680 0.0000000031
1681 0.0000000031
1682 0.0000000031
1683 0.0000000031
1684 0.0000000031
1685 0.0000000031
1686 0.0000000031
1687 0.0000000031
1688 0.0000000031
1689 0.0000000031
1690 0.0000000031
1691 0.0000000031
1692 0.0000000031
1693 0.0000000031
1694 0.0000000030
1695 0.0000000030
1696 0.0000000030
1697 0.0000000030
1698 0.0000000030
1699 0.0000000030
1700 0.0000000030
1701 0.0000000030
1702 0.0000000030
1703 0.0000000030
1704 0.0000000030
1705 0.0000000030
1706 0.0000000030
1707 0.0000000030
1708 0.0000000030
1709 0.0000000030
1710 0.0000000030
1711 0.0000000030
1712 0.0000000030
1713 0.0000000030
1714 0.0000000030
1715 0.0000000030
1716 0.0000000030
1717 0.0000000030
1718 0.0000000030
1719 0.0000000030
1720 0.0000000030
1721 0.0000000030
1722 0.0000000030
1723 0.0000000030
1724 0.0000000029
1725 0.0000000029
1726 0.0000000029
1727 0.0000000029
1728 0.0000000029
1729 0.0000000029
1730 0.0000000029
1731 0.0000000029
1732 0.0000000029
1733 0.0000000029
1734 0.0000000029
1735 0.0000000029
1736 0.0000000029
1737 0.0000000029
1738 0.0000000029
1739 0.0000000029
1740 0.0000000029
1741 0.0000000029
1742 0.0000000029
1743 0.0000000029
1744 0.0000000029
1745 0.0000000029
1746 0.0000000029
1747 0.0000000029
1748 0.0000000029
1749 0.0000000029
1750 0.0000000029
1751 0.0000000029
1752 0.0000000029
1753 0.0000000029
1754 0.0000000029
1755 0.0000000029
1756 0.0000000028
1757 0.0000000028
1758 0.0000000028
1759 0.0000000028
1760 0.0000000028
1761 0.0000000028
1762 0.0000000028
1763 0.0000000028
1764 0.0000000028
1765 0.0000000028
1766 0.0000000028
1767 0.0000000028
1768 0.0000000028
1769 0.0000000028
1770 0.0000000028
1771 0.0000000028
1772 0.0000000028
1773 0.0000000028
1774 0.0000000028
1775 0.0000000028
1776 0.0000000028
1777 0.0000000028
1778 0.0000000028
1779 0.0000000028
1780 0.0000000028
1781 0.0000000028
1782 0.0000000028
1783 0.0000000028
1784 0.0000000028
1785 0.0000000028
1786 0.0000000028
1787 0.0000000028
1788 0.0000000028
1789 0.0000000027
1790 0.0000000027
1791 0.0000000027
1792 0.0000000027
1793 0.0000000027
1794 0.0000000027
1795 0.0000000027
1796 0.0000000027
1797 0.0000000027
1798 0.0000000027
1799 0.0000000027
1800 0.0000000027
1801 0.0000000027
1802 0.0000000027
1803 0.0000000027
1804 0.0000000027
1805 0.0000000027
1806 0.0000000027
1807 0.0000000027
1808 0.0000000027
1809 0.0000000027
1810 0.0000000027
1811 0.0000000027
1812 0.0000000027
1813 0.0000000027
1814 0.0000000027
1815 0.0000000027
1816 0.0000000027
1817 0.0000000027
1818 0.0000000027
1819 0.0000000027
1820 0.0000000027
1821 0.0000000027
1822 0.0000000027
1823 0.0000000026
1824 0.0000000026
1825 0.0000000026
1826 0.0000000026
1827 0.0000000026
1828 0.0000000026
1829 0.0000000026
1830 0.0000000026
1831 0.0000000026
1832 0.0000000026
1833 0.0000000026
1834 0.0000000026
1835 0.0000000026
1836 0.0000000026
1837 0.0000000026
1838 0.0000000026
1839 0.0000000026
1840 0.0000000026
1841 0.0000000026
1842 0.0000000026
1843 0.0000000026
1844 0.0000000026
1845 0.0000000026
1846 0.0000000026
1847 0.0000000026
1848 0.0000000026
1849 0.0000000026
1850 0.0000000026
1851 0.0000000026
1852 0.0000000026
1853 0.0000000026
1854 0.0000000026
1855 0.0000000026
1856 0.0000000026
1857 0.0000000026
1858 0.0000000025
1859 0.0000000025
1860 0.0000000025
1861 0.0000000025
1862 0.0000000025
1863 0.0000000025
1864 0.0000000025
1865 0.0000000025
1866 0.0000000025
1867 0.0000000025
1868 0.0000000025
1869 0.0000000025
1870 0.0000000025
1871 0.0000000025
1872 0.0000000025
1873 0.0000000025
1874 0.0000000025
1875 0.0000000025
1876 0.0000000025
1877 0.0000000025
1878 0.0000000025
1879 0.0000000025
1880 0.0000000025
1881 0.0000000025
1882 0.0000000025
1883 0.0000000025
1884 0.0000000025
1885 0.0000000025
1886 0.0000000025
1887 0.0000000025
1888 0.0000000025
1889 0.0000000025
1890 0.0000000025
1891 0.0000000025
1892 0.0000000025
1893 0.0000000025
1894 0.0000000024
1895 0.0000000024
1896 0.0000000024
1897 0.0000000024
1898 0.0000000024
1899 0.0000000024
1900 0.0000000024
1901 0.0000000024
1902 0.0000000024
1903 0.0000000024
1904 0.0000000024
1905 0.0000000024
1906 0.0000000024
1907 0.0000000024
1908 0.0000000024
1909 0.0000000024
1910 0.0000000024
1911 0.0000000024
1912 0.0000000024
1913 0.0000000024
1914 0.0000000024
1915 0.0000000024
1916 0.0000000024
1917 0.0000000024
1918 0.0000000024
1919 0.0000000024
1920 0.0000000024
1921 0.0000000024
1922 0.0000000024
1923 0.0000000024
1924 0.0000000024
1925 0.0000000024
1926 0.0000000024
1927 0.0000000024
1928 0.0000000024
1929 0.0000000023
1930 0.0000000023
1931 0.0000000023
1932 0.0000000023
1933 0.0000000023
1934 0.0000000023
1935 0.0000000023
1936 0.0000000023
1937 0.0000000023
1938 0.0000000023
1939 0.0000000023
1940 0.0000000023
1941 0.0000000023
1942 0.0000000023
1943 0.0000000023
1944 0.0000000023
1945 0.0000000023
1946 0.0000000023
1947 0.0000000023
1948 0.0000000023
1949 0.0000000023
1950 0.0000000023
1951 0.0000000023
1952 0.0000000023
1953 0.0000000023
1954 0.0000000023
1955 0.0000000023
1956 0.0000000023
1957 0.0000000023
1958 0.0000000023
1959 0.0000000023
1960 0.0000000023
1961 0.0000000022
1962 0.0000000022
1963 0.0000000022
1964 0.0000000022
1965 0.0000000022
1966 0.0000000022
1967 0.0000000022
1968 0.0000000022
1969 0.0000000022
1970 0.0000000022
1971 0.0000000022
1972 0.0000000022
1973 0.0000000022
1974 0.0000000022
1975 0.0000000022
1976 0.0000000022
1977 0.0000000022
1978 0.0000000022
1979 0.0000000022
1980 0.0000000022
1981 0.0000000022
1982 0.0000000022
1983 0.0000000022
1984 0.0000000022
1985 0.0000000022
1986 0.0000000021
1987 0.0000000021
1988 0.0000000021
1989 0.0000000021
1990 0.0000000021
1991 0.0000000021
1992 0.0000000021
1993 0.0000000021
1994 0.0000000021
1995 0.0000000021
1996 0.0000000020
1997 0.0000000020
1998 0.0000000019
1999 0.0000000017
2000 0.0000000000
