1 2000
0 0.9944583235
1 0.0016239049
2 0.0006633818
3 0.0004526029
4 0.0003257715
5 0.0002508414
6 0.0002019025
7 0.0001671944
8 0.0001413110
9 0.0001213346
10 0.0001055002
11 0.0000926745
12 0.0000821003
13 0.0000732536
14 0.0000657606
15 0.0000593473
16 0.0000538086
17 0.0000489876
18 0.0000447623
19 0.0000410365
20 0.0000377333
21 0.0000347905
22 0.0000321574
23 0.0000297919
24 0.0000276593
25 0.0000257303
26 0.0000239801
27 0.0000223879
28 0.0000209355
29 0.0000196076
30 0.0000183909
31 0.0000172737
32 0.0000162459
33 0.0000152986
34 0.0000144242
35 0.0000136156
36 0.0000128668
37 0.0000121724
38 0.0000115276
39 0.0000109281
40 0.0000103700
41 0.0000098499
42 0.0000093646
43 0.0000089113
44 0.0000084875
45 0.0000080909
46 0.0000077194
47 0.0000073710
48 0.0000070442
49 0.0000067372
50 0.0000064487
51 0.0000061772
52 0.0000059217
53 0.0000056810
54 0.0000054541
55 0.0000052400
56 0.0000050380
57 0.0000048471
58 0.0000046666
59 0.0000044959
60 0.0000043344
61 0.0000041814
62 0.0000040364
63 0.0000038990
64 0.0000037686
65 0.0000036448
66 0.0000035272
67 0.0000034155
68 0.0000033093
69 0.0000032083
70 0.0000031121
71 0.0000030205
72 0.0000029333
73 0.0000028501
74 0.0000027708
75 0.0000026951
76 0.0000026228
77 0.0000025538
78 0.0000024879
79 0.0000024248
80 0.0000023645
81 0.0000023067
82 0.0000022515
83 0.0000021985
84 0.0000021478
85 0.0000020991
86 0.0000020524
87 0.0000020077
88 0.0000019647
89 0.0000019233
90 0.0000018836
91 0.0000018455
92 0.0000018088
93 0.0000017734
94 0.0000017394
95 0.0000017066
96 0.0000016751
97 0.0000016446
98 0.0000016153
99 0.0000015870
100 0.0000015596
101 0.0000015332
102 0.0000015077
103 0.0000014831
104 0.0000014592
105 0.0000014362
106 0.0000014139
107 0.0000013922
108 0.0000013713
109 0.0000013511
110 0.0000013314
111 0.0000013123
112 0.0000012939
113 0.0000012759
114 0.0000012585
115 0.0000012416
116 0.0000012251
117 0.0000012092
118 0.0000011936
119 0.0000011785
120 0.0000011638
121 0.0000011495
122 0.0000011355
123 0.0000011220
124 0.0000011087
125 0.0000010958
126 0.0000010833
127 0.0000010710
128 0.0000010590
129 0.0000010473
130 0.0000010359
131 0.0000010248
132 0.0000010139
133 0.0000010033
134 0.0000009929
135 0.0000009827
136 0.0000009727
137 0.0000009630
138 0.0000009535
139 0.0000009441
140 0.0000009350
141 0.0000009260
142 0.0000009173
143 0.0000009087
144 0.0000009002
145 0.0000008920
146 0.0000008839
147 0.0000008759
148 0.0000008681
149 0.0000008604
150 0.0000008529
151 0.0000008455
152 0.0000008383
153 0.0000008311
154 0.0000008241
155 0.0000008173
156 0.0000008105
157 0.0000008038
158 0.0000007973
159 0.0000007909
160 0.0000007845
161 0.0000007783
162 0.0000007722
163 0.0000007661
164 0.0000007602
165 0.0000007543
166 0.0000007486
167 0.0000007429
168 0.0000007373
169 0.0000007318
170 0.0000007263
171 0.0000007210
172 0.0000007157
173 0.0000007105
174 0.0000007054
175 0.0000007003
176 0.0000006953
177 0.0000006904
178 0.0000006855
179 0.0000006808
180 0.0000006760
181 0.0000006714
182 0.0000006668
183 0.0000006622
184 0.0000006577
185 0.0000006533
186 0.0000006489
187 0.0000006446
188 0.0000006403
189 0.0000006361
190 0.0000006319
191 0.0000006278
192 0.0000006237
193 0.0000006197
194 0.0000006157
195 0.0000006118
196 0.0000006079
197 0.0000006041
198 0.0000006003
199 0.0000005965
200 0.0000005928
201 0.0000005891
202 0.0000005855
203 0.0000005819
204 0.0000005784
205 0.0000005749
206 0.0000005714
207 0.0000005680
208 0.0000005646
209 0.0000005612
210 0.0000005579
211 0.0000005546
212 0.0000005513
213 0.0000005481
214 0.0000005449
215 0.0000005417
216 0.0000005386
217 0.0000005355
218 0.0000005324
219 0.0000005294
220 0.0000005264
221 0.0000005234
222 0.0000005204
223 0.0000005175
224 0.0000005146
225 0.0000005118
226 0.0000005089
227 0.0000005061
228 0.0000005033
229 0.0000005006
230 0.0000004978
231 0.0000004951
232 0.0000004924
233 0.0000004898
234 0.0000004871
235 0.0000004845
236 0.0000004819
237 0.0000004794
238 0.0000004768
239 0.0000004743
240 0.0000004718
241 0.0000004693
242 0.0000004669
243 0.0000004645
244 0.0000004620
245 0.0000004597
246 0.0000004573
247 0.0000004549
248 0.0000004526
249 0.0000004503
250 0.0000004480
251 0.0000004457
252 0.0000004435
253 0.0000004413
254 0.0000004390
255 0.0000004369
256 0.0000004347
257 0.0000004325
258 0.0000004304
259 0.0000004283
260 0.0000004261
261 0.0000004241
262 0.0000004220
263 0.0000004199
264 0.0000004179
265 0.0000004159
266 0.0000004139
267 0.0000004119
268 0.0000004099
269 0.0000004079
270 0.0000004060
271 0.0000004041
272 0.0000004021
273 0.0000004002
274 0.0000003984
275 0.0000003965
276 0.0000003946
277 0.0000003928
278 0.0000003910
279 0.0000003892
280 0.0000003873
281 0.0000003856
282 0.0000003838
283 0.0000003820
284 0.0000003803
285 0.0000003785
286 0.0000003768
287 0.0000003751
288 0.0000003734
289 0.0000003717
290 0.0000003701
291 0.0000003684
292 0.0000003668
293 0.0000003651
294 0.0000003635
295 0.0000003619
296 0.0000003603
297 0.0000003587
298 0.0000003571
299 0.0000003555
300 0.0000003540
301 0.0000003524
302 0.0000003509
303 0.0000003494
304 0.0000003479
305 0.0000003464
306 0.0000003449
307 0.0000003434
308 0.0000003419
309 0.0000003405
310 0.0000003390
311 0.0000003376
312 0.0000003361
313 0.0000003347
314 0.0000003333
315 0.0000003319
316 0.0000003305
317 0.0000003291
318 0.0000003277
319 0.0000003264
320 0.0000003250
321 0.0000003237
322 0.0000003223
323 0.0000003210
324 0.0000003197
325 0.0000003184
326 0.0000003171
327 0.0000003158
328 0.0000003145
329 0.0000003132
330 0.0000003119
331 0.0000003107
332 0.0000003094
333 0.0000003082
334 0.0000003069
335 0.0000003057
336 0.0000003045
337 0.0000003033
338 0.0000003021
339 0.0000003009
340 0.0000002997
341 0.0000002985
342 0.0000002973
343 0.0000002961
344 0.0000002950
345 0.0000002938
346 0.0000002927
347 0.0000002915
348 0.0000002904
349 0.0000002893
350 0.0000002881
351 0.0000002870
352 0.0000002859
353 0.0000002848
354 0.0000002837
355 0.0000002826
356 0.0000002816
357 0.0000002805
358 0.0000002794
359 0.0000002784
360 0.0000002773
361 0.0000002762
362 0.0000002752
363 0.0000002742
364 0.0000002731
365 0.0000002721
366 0.0000002711
367 0.0000002701
368 0.0000002691
369 0.0000002681
370 0.0000002671
371 0.0000002661
372 0.0000002651
373 0.0000002641
374 0.0000002632
375 0.0000002622
376 0.0000002612
377 0.0000002603
378 0.0000002593
379 0.0000002584
380 0.0000002574
381 0.0000002565
382 0.0000002556
383 0.0000002547
384 0.0000002537
385 0.0000002528
386 0.0000002519
387 0.0000002510
388 0.0000002501
389 0.0000002492
390 0.0000002483
391 0.0000002475
392 0.0000002466
393 0.0000002457
394 0.0000002448
395 0.0000002440
396 0.0000002431
397 0.0000002423
398 0.0000002414
399 0.0000002406
400 0.0000002397
401 0.0000002389
402 0.0000002381
403 0.0000002372
404 0.0000002364
405 0.0000002356
406 0.0000002348
407 0.0000002340
408 0.0000002332
409 0.0000002324
410 0.0000002316
411 0.0000002308
412 0.0000002300
413 0.0000002292
414 0.0000002284
415 0.0000002277
416 0.0000002269
417 0.0000002261
418 0.0000002254
419 0.0000002246
420 0.0000002238
421 0.0000002231
422 0.0000002223
423 0.0000002216
424 0.0000002209
425 0.0000002201
426 0.0000002194
427 0.0000002187
428 0.0000002179
429 0.0000002172
430 0.0000002165
431 0.0000002158
432 0.0000002151
433 0.0000002144
434 0.0000002137
435 0.0000002130
436 0.0000002123
437 0.0000002116
438 0.0000002109
439 0.0000002102
440 0.0000002095
441 0.0000002088
442 0.0000002082
443 0.0000002075
444 0.0000002068
445 0.0000002061
446 0.0000002055
447 0.0000002048
448 0.0000002042
449 0.0000002035
450 0.0000002029
451 0.0000002022
452 0.0000002016
453 0.0000002009
454 0.0000002003
455 0.0000001997
456 0.0000001990
457 0.0000001984
458 0.0000001978
459 0.0000001972
460 0.0000001965
461 0.0000001959
462 0.0000001953
463 0.0000001947
464 0.0000001941
465 0.0000001935
466 0.0000001929
467 0.0000001923
468 0.0000001917
469 0.0000001911
470 0.0000001905
471 0.0000001899
472 0.0000001893
473 0.0000001888
474 0.0000001882
475 0.0000001876
476 0.0000001870
477 0.0000001865
478 0.0000001859
479 0.0000001853
480 0.0000001848
481 0.0000001842
482 0.0000001836
483 0.0000001831
484 0.0000001825
485 0.0000001820
486 0.0000001814
487 0.0000001809
488 0.0000001803
489 0.0000001798
490 0.0000001793
491 0.0000001787
492 0.0000001782
493 0.0000001777
494 0.0000001771
495 0.0000001766
496 0.0000001761
497 0.0000001756
498 0.0000001750
499 0.0000001745
500 0.0000001740
501 0.0000001735
502 0.0000001730
503 0.0000001725
504 0.0000001720
505 0.0000001715
506 0.0000001710
507 0.0000001705
508 0.0000001700
509 0.0000001695
510 0.0000001690
511 0.0000001685
512 0.0000001680
513 0.0000001675
514 0.0000001670
515 0.0000001666
516 0.0000001661
517 0.0000001656
518 0.0000001651
519 0.0000001647
520 0.0000001642
521 0.0000001637
522 0.0000001632
523 0.0000001628
524 0.0000001623
525 0.0000001619
526 0.0000001614
527 0.0000001609
528 0.0000001605
529 0.0000001600
530 0.0000001596
531 0.0000001591
532 0.0000001587
533 0.0000001582
534 0.0000001578
535 0.0000001574
536 0.0000001569
537 0.0000001565
538 0.0000001560
539 0.0000001556
540 0.0000001552
541 0.0000001547
542 0.0000001543
543 0.0000001539
544 0.0000001535
545 0.0000001530
546 0.0000001526
547 0.0000001522
548 0.0000001518
549 0.0000001514
550 0.0000001509
551 0.0000001505
552 0.0000001501
553 0.0000001497
554 0.0000001493
555 0.0000001489
556 0.0000001485
557 0.0000001481
558 0.0000001477
559 0.0000001473
560 0.0000001469
561 0.0000001465
562 0.0000001461
563 0.0000001457
564 0.0000001453
565 0.0000001449
566 0.0000001445
567 0.0000001441
568 0.0000001437
569 0.0000001434
570 0.0000001430
571 0.0000001426
572 0.0000001422
573 0.0000001418
574 0.0000001415
575 0.0000001411
576 0.0000001407
577 0.0000001403
578 0.0000001400
579 0.0000001396
580 0.0000001392
581 0.0000001389
582 0.0000001385
583 0.0000001381
584 0.0000001378
585 0.0000001374
586 0.0000001370
587 0.0000001367
588 0.0000001363
589 0.0000001360
590 0.0000001356
591 0.0000001353
592 0.0000001349
593 0.0000001346
594 0.0000001342
595 0.0000001339
596 0.0000001335
597 0.0000001332
598 0.0000001328
599 0.0000001325
600 0.0000001322
601 0.0000001318
602 0.0000001315
603 0.0000001311
604 0.0000001308
605 0.0000001305
606 0.0000001301
607 0.0000001298
608 0.0000001295
609 0.0000001291
610 0.0000001288
611 0.0000001285
612 0.0000001282
613 0.0000001278
614 0.0000001275
615 0.0000001272
616 0.0000001269
617 0.0000001266
618 0.0000001262
619 0.0000001259
620 0.0000001256
621 0.0000001253
622 0.0000001250
623 0.0000001247
624 0.0000001243
625 0.0000001240
626 0.0000001237
627 0.0000001234
628 0.0000001231
629 0.0000001228
630 0.0000001225
631 0.0000001222
632 0.0000001219
633 0.0000001216
634 0.0000001213
635 0.0000001210
636 0.0000001207
637 0.0000001204
638 0.0000001201
639 0.0000001198
640 0.0000001195
641 0.0000001192
642 0.0000001189
643 0.0000001186
644 0.0000001184
645 0.0000001181
646 0.0000001178
647 0.0000001175
648 0.0000001172
649 0.0000001169
650 0.0000001166
651 0.0000001164
652 0.0000001161
653 0.0000001158
654 0.0000001155
655 0.0000001152
656 0.0000001150
657 0.0000001147
658 0.0000001144
659 0.0000001141
660 0.0000001139
661 0.0000001136
662 0.0000001133
663 0.0000001130
664 0.0000001128
665 0.0000001125
666 0.0000001122
667 0.0000001120
668 0.0000001117
669 0.0000001114
670 0.0000001112
671 0.0000001109
672 0.0000001106
673 0.0000001104
674 0.0000001101
675 0.0000001099
676 0.0000001096
677 0.0000001093
678 0.0000001091
679 0.0000001088
680 0.0000001086
681 0.0000001083
682 0.0000001081
683 0.0000001078
684 0.0000001076
685 0.0000001073
686 0.0000001071
687 0.0000001068
688 0.0000001066
689 0.0000001063
690 0.0000001061
691 0.0000001058
692 0.0000001056
693 0.0000001053
694 0.0000001051
695 0.0000001049
696 0.0000001046
697 0.0000001044
698 0.0000001041
699 0.0000001039
700 0.0000001037
701 0.0000001034
702 0.0000001032
703 0.0000001029
704 0.0000001027
705 0.0000001025
706 0.0000001022
707 0.0000001020
708 0.0000001018
709 0.0000001015
710 0.0000001013
711 0.0000001011
712 0.0000001009
713 0.0000001006
714 0.0000001004
715 0.0000001002
716 0.0000000999
717 0.0000000997
718 0.0000000995
719 0.0000000993
720 0.0000000991
721 0.0000000988
722 0.0000000986
723 0.0000000984
724 0.0000000982
725 0.0000000979
726 0.0000000977
727 0.0000000975
728 0.0000000973
729 0.0000000971
730 0.0000000969
731 0.0000000966
732 0.0000000964
733 0.0000000962
734 0.0000000960
735 0.0000000958
736 0.0000000956
737 0.0000000954
738 0.0000000952
739 0.0000000949
740 0.0000000947
741 0.0000000945
742 0.0000000943
743 0.0000000941
744 0.0000000939
745 0.0000000937
746 0.0000000935
747 0.0000000933
748 0.0000000931
749 0.0000000929
750 0.0000000927
751 0.0000000925
752 0.0000000923
753 0.0000000921
754 0.0000000919
755 0.0000000917
756 0.0000000915
757 0.0000000913
758 0.0000000911
759 0.0000000909
760 0.0000000907
761 0.0000000905
762 0.0000000903
763 0.0000000901
764 0.0000000899
765 0.0000000897
766 0.0000000895
767 0.0000000893
768 0.0000000891
769 0.0000000890
770 0.0000000888
771 0.0000000886
772 0.0000000884
773 0.0000000882
774 0.0000000880
775 0.0000000878
776 0.0000000876
777 0.0000000874
778 0.0000000873
779 0.0000000871
780 0.0000000869
781 0.0000000867
782 0.0000000865
783 0.0000000863
784 0.0000000862
785 0.0000000860
786 0.0000000858
787 0.0000000856
788 0.0000000854
789 0.0000000853
790 0.0000000851
791 0.0000000849
792 0.0000000847
793 0.0000000845
794 0.0000000844
795 0.0000000842
796 0.0000000840
797 0.0000000838
798 0.0000000837
799 0.0000000835
800 0.0000000833
801 0.0000000831
802 0.0000000830
803 0.0000000828
804 0.0000000826
805 0.0000000825
806 0.0000000823
807 0.0000000821
808 0.0000000819
809 0.0000000818
810 0.0000000816
811 0.0000000814
812 0.0000000813
813 0.0000000811
814 0.0000000809
815 0.0000000808
816 0.0000000806
817 0.0000000804
818 0.0000000803
819 0.0000000801
820 0.0000000799
821 0.0000000798
822 0.0000000796
823 0.0000000795
824 0.0000000793
825 0.0000000791
826 0.0000000790
827 0.0000000788
828 0.0000000787
829 0.0000000785
830 0.0000000783
831 0.0000000782
832 0.0000000780
833 0.0000000779
834 0.0000000777
835 0.0000000776
836 0.0000000774
837 0.0000000772
838 0.0000000771
839 0.0000000769
840 0.0000000768
841 0.0000000766
842 0.0000000765
843 0.0000000763
844 0.0000000762
845 0.0000000760
846 0.0000000759
847 0.0000000757
848 0.0000000756
849 0.0000000754
850 0.0000000753
851 0.0000000751
852 0.0000000750
853 0.0000000748
854 0.0000000747
855 0.0000000745
856 0.0000000744
857 0.0000000742
858 0.0000000741
859 0.0000000739
860 0.0000000738
861 0.0000000736
862 0.0000000735
863 0.0000000733
864 0.0000000732
865 0.0000000731
866 0.0000000729
867 0.0000000728
868 0.0000000726
869 0.0000000725
870 0.0000000723
871 0.0000000722
872 0.0000000721
873 0.0000000719
874 0.0000000718
875 0.0000000716
876 0.0000000715
877 0.0000000714
878 0.0000000712
879 0.0000000711
880 0.0000000710
881 0.0000000708
882 0.0000000707
883 0.0000000705
884 0.0000000704
885 0.0000000703
886 0.0000000701
887 0.0000000700
888 0.0000000699
889 0.0000000697
890 0.0000000696
891 0.0000000695
892 0.0000000693
893 0.0000000692
894 0.0000000691
895 0.0000000689
896 0.0000000688
897 0.0000000687
898 0.0000000685
899 0.0000000684
900 0.0000000683
901 0.0000000681
902 0.0000000680
903 0.0000000679
904 0.0000000678
905 0.0000000676
906 0.0000000675
907 0.0000000674
908 0.0000000672
909 0.0000000671
910 0.0000000670
911 0.0000000669
912 0.0000000667
913 0.0000000666
914 0.0000000665
915 0.0000000664
916 0.0000000662
917 0.0000000661
918 0.0000000660
919 0.0000000659
920 0.0000000657
921 0.0000000656
922 0.0000000655
923 0.0000000654
924 0.0000000652
925 0.0000000651
926 0.0000000650
927 0.0000000649
928 0.0000000648
929 0.0000000646
930 0.0000000645
931 0.0000000644
932 0.0000000643
933 0.0000000642
934 0.0000000640
935 0.0000000639
936 0.0000000638
937 0.0000000637
938 0.0000000636
939 0.0000000635
940 0.0000000633
941 0.0000000632
942 0.0000000631
943 0.0000000630
944 0.0000000629
945 0.0000000628
946 0.0000000626
947 0.0000000625
948 0.0000000624
949 0.0000000623
950 0.0000000622
951 0.0000000621
952 0.0000000620
953 0.0000000618
954 0.0000000617
955 0.0000000616
956 0.0000000615
957 0.0000000614
958 0.0000000613
959 0.0000000612
960 0.0000000611
961 0.0000000609
962 0.0000000608
963 0.0000000607
964 0.0000000606
965 0.0000000605
966 0.0000000604
967 0.0000000603
968 0.0000000602
969 0.0000000601
970 0.0000000600
971 0.0000000599
972 0.0000000597
973 0.0000000596
974 0.0000000595
975 0.0000000594
976 0.0000000593
977 0.0000000592
978 0.0000000591
979 0.0000000590
980 0.0000000589
981 0.0000000588
982 0.0000000587
983 0.0000000586
984 0.0000000585
985 0.0000000584
986 0.0000000583
987 0.0000000582
988 0.0000000581
989 0.0000000580
990 0.0000000578
991 0.0000000577
992 0.0000000576
993 0.0000000575
994 0.0000000574
995 0.0000000573
996 0.0000000572
997 0.0000000571
998 0.0000000570
999 0.0000000569
1000 0.0000000568
1001 0.0000000567
1002 0.0000000566
1003 0.0000000565
1004 0.0000000564
1005 0.0000000563
1006 0.0000000562
1007 0.0000000561
1008 0.0000000560
1009 0.0000000559
1010 0.0000000558
1011 0.0000000557
1012 0.0000000556
1013 0.0000000556
1014 0.0000000555
1015 0.0000000554
1016 0.0000000553
1017 0.0000000552
1018 0.0000000551
1019 0.0000000550
1020 0.0000000549
1021 0.0000000548
1022 0.0000000547
1023 0.0000000546
1024 0.0000000545
1025 0.0000000544
1026 0.0000000543
1027 0.0000000542
1028 0.0000000541
1029 0.0000000540
1030 0.0000000539
1031 0.0000000538
1032 0.0000000538
1033 0.0000000537
1034 0.0000000536
1035 0.0000000535
1036 0.0000000534
1037 0.0000000533
1038 0.0000000532
1039 0.0000000531
1040 0.0000000530
1041 0.0000000529
1042 0.0000000528
1043 0.0000000527
1044 0.0000000527
1045 0.0000000526
1046 0.0000000525
1047 0.0000000524
1048 0.0000000523
1049 0.0000000522
1050 0.0000000521
1051 0.0000000520
1052 0.0000000519
1053 0.0000000519
1054 0.0000000518
1055 0.0000000517
1056 0.0000000516
1057 0.0000000515
1058 0.0000000514
1059 0.0000000513
1060 0.0000000512
1061 0.0000000512
1062 0.0000000511
1063 0.0000000510
1064 0.0000000509
1065 0.0000000508
1066 0.0000000507
1067 0.0000000506
1068 0.0000000506
1069 0.0000000505
1070 0.0000000504
1071 0.0000000503
1072 0.0000000502
1073 0.0000000501
1074 0.0000000501
1075 0.0000000500
1076 0.0000000499
1077 0.0000000498
1078 0.0000000497
1079 0.0000000496
1080 0.0000000496
1081 0.0000000495
1082 0.0000000494
1083 0.0000000493
1084 0.0000000492
1085 0.0000000491
1086 0.0000000491
1087 0.0000000490
1088 0.0000000489
1089 0.0000000488
1090 0.0000000487
1091 0.0000000487
1092 0.0000000486
1093 0.0000000485
1094 0.0000000484
1095 0.0000000483
1096 0.0000000483
1097 0.0000000482
1098 0.0000000481
1099 0.0000000480
1100 0.0000000479
1101 0.0000000479
1102 0.0000000478
1103 0.0000000477
1104 0.0000000476
1105 0.0000000475
1106 0.0000000475
1107 0.0000000474
1108 0.0000000473
1109 0.0000000472
1110 0.0000000472
1111 0.0000000471
1112 0.0000000470
1113 0.0000000469
1114 0.0000000469
1115 0.0000000468
1116 0.0000000467
1117 0.0000000466
1118 0.0000000466
1119 0.0000000465
1120 0.0000000464
1121 0.0000000463
1122 0.0000000462
1123 0.0000000462
1124 0.0000000461
1125 0.0000000460
1126 0.0000000460
1127 0.0000000459
1128 0.0000000458
1129 0.0000000457
1130 0.0000000457
1131 0.0000000456
1132 0.0000000455
1133 0.0000000454
1134 0.0000000454
1135 0.0000000453
1136 0.0000000452
1137 0.0000000451
1138 0.0000000451
1139 0.0000000450
1140 0.0000000449
1141 0.0000000449
1142 0.0000000448
1143 0.0000000447
1144 0.0000000446
1145 0.0000000446
1146 0.0000000445
1147 0.0000000444
1148 0.0000000444
1149 0.0000000443
1150 0.0000000442
1151 0.0000000441
1152 0.0000000441
1153 0.0000000440
1154 0.0000000439
1155 0.0000000439
1156 0.0000000438
1157 0.0000000437
1158 0.0000000437
1159 0.0000000436
1160 0.0000000435
1161 0.0000000435
1162 0.0000000434
1163 0.0000000433
1164 0.0000000432
1165 0.0000000432
1166 0.0000000431
1167 0.0000000430
1168 0.0000000430
1169 0.0000000429
1170 0.0000000428
1171 0.0000000428
1172 0.0000000427
1173 0.0000000426
1174 0.0000000426
1175 0.0000000425
1176 0.0000000424
1177 0.0000000424
1178 0.0000000423
1179 0.0000000422
1180 0.0000000422
1181 0.0000000421
1182 0.0000000420
1183 0.0000000420
1184 0.0000000419
1185 0.0000000419
1186 0.0000000418
1187 0.0000000417
1188 0.0000000417
1189 0.0000000416
1190 0.0000000415
1191 0.0000000415
1192 0.0000000414
1193 0.0000000413
1194 0.0000000413
1195 0.0000000412
1196 0.0000000411
1197 0.0000000411
1198 0.0000000410
1199 0.0000000410
1200 0.0000000409
1201 0.0000000408
1202 0.0000000408
1203 0.0000000407
1204 0.0000000406
1205 0.0000000406
1206 0.0000000405
1207 0.0000000405
1208 0.0000000404
1209 0.0000000403
1210 0.0000000403
1211 0.0000000402
1212 0.0000000401
1213 0.0000000401
1214 0.0000000400
1215 0.0000000400
1216 0.0000000399
1217 0.0000000398
1218 0.0000000398
1219 0.0000000397
1220 0.0000000397
1221 0.0000000396
1222 0.0000000395
1223 0.0000000395
1224 0.0000000394
1225 0.0000000394
1226 0.0000000393
1227 0.0000000392
1228 0.0000000392
1229 0.0000000391
1230 0.0000000391
1231 0.0000000390
1232 0.0000000389
1233 0.0000000389
1234 0.0000000388
1235 0.0000000388
1236 0.0000000387
1237 0.0000000387
1238 0.0000000386
1239 0.0000000385
1240 0.0000000385
1241 0.0000000384
1242 0.0000000384
1243 0.0000000383
1244 0.0000000382
1245 0.0000000382
1246 0.0000000381
1247 0.0000000381
1248 0.0000000380
1249 0.0000000380
1250 0.0000000379
1251 0.0000000378
1252 0.0000000378
1253 0.0000000377
1254 0.0000000377
1255 0.0000000376
1256 0.0000000376
1257 0.0000000375
1258 0.0000000375
1259 0.0000000374
1260 0.0000000373
1261 0.0000000373
1262 0.0000000372
1263 0.0000000372
1264 0.0000000371
1265 0.0000000371
1266 0.0000000370
1267 0.0000000370
1268 0.0000000369
1269 0.0000000369
1270 0.0000000368
1271 0.0000000367
1272 0.0000000367
1273 0.0000000366
1274 0.0000000366
1275 0.0000000365
1276 0.0000000365
1277 0.0000000364
1278 0.0000000364
1279 0.0000000363
1280 0.0000000363
1281 0.0000000362
1282 0.0000000362
1283 0.0000000361
1284 0.0000000360
1285 0.0000000360
1286 0.0000000359
1287 0.0000000359
1288 0.0000000358
1289 0.0000000358
1290 0.0000000357
1291 0.0000000357
1292 0.0000000356
1293 0.0000000356
1294 0.0000000355
1295 0.0000000355
1296 0.0000000354
1297 0.0000000354
1298 0.0000000353
1299 0.0000000353
1300 0.0000000352
1301 0.0000000352
1302 0.0000000351
1303 0.0000000351
1304 0.0000000350
1305 0.0000000350
1306 0.0000000349
1307 0.0000000349
1308 0.0000000348
1309 0.0000000348
1310 0.0000000347
1311 0.0000000347
1312 0.0000000346
1313 0.0000000346
1314 0.0000000345
1315 0.0000000345
1316 0.0000000344
1317 0.0000000344
1318 0.0000000343
1319 0.0000000343
1320 0.0000000342
1321 0.0000000342
1322 0.0000000341
1323 0.0000000341
1324 0.0000000340
1325 0.0000000340
1326 0.0000000339
1327 0.0000000339
1328 0.0000000338
1329 0.0000000338
1330 0.0000000337
1331 0.0000000337
1332 0.0000000336
1333 0.0000000336
1334 0.0000000335
1335 0.0000000335
1336 0.0000000334
1337 0.0000000334
1338 0.0000000333
1339 0.0000000333
1340 0.0000000333
1341 0.0000000332
1342 0.0000000332
1343 0.0000000331
1344 0.0000000331
1345 0.0000000330
1346 0.0000000330
1347 0.0000000329
1348 0.0000000329
1349 0.0000000328
1350 0.0000000328
1351 0.0000000327
1352 0.0000000327
1353 0.0000000327
1354 0.0000000326
1355 0.0000000326
1356 0.0000000325
1357 0.0000000325
1358 0.0000000324
1359 0.0000000324
1360 0.0000000323
1361 0.0000000323
1362 0.0000000322
1363 0.0000000322
1364 0.0000000322
1365 0.0000000321
1366 0.0000000321
1367 0.0000000320
1368 0.0000000320
1369 0.0000000319
1370 0.0000000319
1371 0.0000000318
1372 0.0000000318
1373 0.0000000317
1374 0.0000000317
1375 0.0000000317
1376 0.0000000316
1377 0.0000000316
1378 0.0000000315
1379 0.0000000315
1380 0.0000000314
1381 0.0000000314
1382 0.0000000314
1383 0.0000000313
1384 0.0000000313
1385 0.0000000312
1386 0.0000000312
1387 0.0000000311
1388 0.0000000311
1389 0.0000000311
1390 0.0000000310
1391 0.0000000310
1392 0.0000000309
1393 0.0000000309
1394 0.0000000308
1395 0.0000000308
1396 0.0000000308
1397 0.0000000307
1398 0.0000000307
1399 0.0000000306
1400 0.0000000306
1401 0.0000000305
1402 0.0000000305
1403 0.0000000305
1404 0.0000000304
1405 0.0000000304
1406 0.0000000303
1407 0.0000000303
1408 0.0000000303
1409 0.0000000302
1410 0.0000000302
1411 0.0000000301
1412 0.0000000301
1413 0.0000000300
1414 0.0000000300
1415 0.0000000300
1416 0.0000000299
1417 0.0000000299
1418 0.0000000298
1419 0.0000000298
1420 0.0000000298
1421 0.0000000297
1422 0.0000000297
1423 0.0000000296
1424 0.0000000296
1425 0.0000000296
1426 0.0000000295
1427 0.0000000295
1428 0.0000000294
1429 0.0000000294
1430 0.0000000294
1431 0.0000000293
1432 0.0000000293
1433 0.0000000292
1434 0.0000000292
1435 0.0000000292
1436 0.0000000291
1437 0.0000000291
1438 0.0000000290
1439 0.0000000290
1440 0.0000000290
1441 0.0000000289
1442 0.0000000289
1443 0.0000000289
1444 0.0000000288
1445 0.0000000288
1446 0.0000000287
1447 0.0000000287
1448 0.0000000287
1449 0.0000000286
1450 0.0000000286
1451 0.0000000285
1452 0.0000000285
1453 0.0000000285
1454 0.0000000284
1455 0.0000000284
1456 0.0000000284
1457 0.0000000283
1458 0.0000000283
1459 0.0000000282
1460 0.0000000282
1461 0.0000000282
1462 0.0000000281
1463 0.0000000281
1464 0.0000000281
1465 0.0000000280
1466 0.0000000280
1467 0.0000000279
1468 0.0000000279
1469 0.0000000279
1470 0.0000000278
1471 0.0000000278
1472 0.0000000278
1473 0.0000000277
1474 0.0000000277
1475 0.0000000277
1476 0.0000000276
1477 0.0000000276
1478 0.0000000275
1479 0.0000000275
1480 0.0000000275
1481 0.0000000274
1482 0.0000000274
1483 0.0000000274
1484 0.0000000273
1485 0.0000000273
1486 0.0000000273
1487 0.0000000272
1488 0.0000000272
1489 0.0000000271
1490 0.0000000271
1491 0.0000000271
1492 0.0000000270
1493 0.0000000270
1494 0.0000000270
1495 0.0000000269
1496 0.0000000269
1497 0.0000000269
1498 0.0000000268
1499 0.0000000268
1500 0.0000000268
1501 0.0000000267
1502 0.0000000267
1503 0.0000000267
1504 0.0000000266
1505 0.0000000266
1506 0.0000000266
1507 0.0000000265
1508 0.0000000265
1509 0.0000000265
1510 0.0000000264
1511 0.0000000264
1512 0.0000000263
1513 0.0000000263
1514 0.0000000263
1515 0.0000000262
1516 0.0000000262
1517 0.0000000262
1518 0.0000000261
1519 0.0000000261
1520 0.0000000261
1521 0.0000000260
1522 0.0000000260
1523 0.0000000260
1524 0.0000000259
1525 0.0000000259
1526 0.0000000259
1527 0.0000000258
1528 0.0000000258
1529 0.0000000258
1530 0.0000000257
1531 0.0000000257
1532 0.0000000257
1533 0.0000000256
1534 0.0000000256
1535 0.0000000256
1536 0.0000000255
1537 0.0000000255
1538 0.0000000255
1539 0.0000000254
1540 0.0000000254
1541 0.0000000254
1542 0.0000000254
1543 0.0000000253
1544 0.0000000253
1545 0.0000000253
1546 0.0000000252
1547 0.0000000252
1548 0.0000000252
1549 0.0000000251
1550 0.0000000251
1551 0.0000000251
1552 0.0000000250
1553 0.0000000250
1554 0.0000000250
1555 0.0000000249
1556 0.0000000249
1557 0.0000000249
1558 0.0000000248
1559 0.0000000248
1560 0.0000000248
1561 0.0000000247
1562 0.0000000247
1563 0.0000000247
1564 0.0000000247
1565 0.0000000246
1566 0.0000000246
1567 0.0000000246
1568 0.0000000245
1569 0.0000000245
1570 0.0000000245
1571 0.0000000244
1572 0.0000000244
1573 0.0000000244
1574 0.0000000243
1575 0.0000000243
1576 0.0000000243
1577 0.0000000243
1578 0.0000000242
1579 0.0000000242
1580 0.0000000242
1581 0.0000000241
1582 0.0000000241
1583 0.0000000241
1584 0.0000000240
1585 0.0000000240
1586 0.0000000240
1587 0.0000000240
1588 0.0000000239
1589 0.0000000239
1590 0.0000000239
1591 0.0000000238
1592 0.0000000238
1593 0.0000000238
1594 0.0000000237
1595 0.0000000237
1596 0.0000000237
1597 0.0000000237
1598 0.0000000236
1599 0.0000000236
1600 0.0000000236
1601 0.0000000235
1602 0.0000000235
1603 0.0000000235
1604 0.0000000234
1605 0.0000000234
1606 0.0000000234
1607 0.0000000234
1608 0.0000000233
1609 0.0000000233
1610 0.0000000233
1611 0.0000000232
1612 0.0000000232
1613 0.0000000232
1614 0.0000000232
1615 0.0000000231
1616 0.0000000231
1617 0.0000000231
1618 0.0000000230
1619 0.0000000230
1620 0.0000000230
1621 0.0000000230
1622 0.0000000229
1623 0.0000000229
1624 0.0000000229
1625 0.0000000228
1626 0.0000000228
1627 0.0000000228
1628 0.0000000228
1629 0.0000000227
1630 0.0000000227
1631 0.0000000227
1632 0.0000000227
1633 0.0000000226
1634 0.0000000226
1635 0.0000000226
1636 0.0000000225
1637 0.0000000225
1638 0.0000000225
1639 0.0000000225
1640 0.0000000224
1641 0.0000000224
1642 0.0000000224
1643 0.0000000224
1644 0.0000000223
1645 0.0000000223
1646 0.0000000223
1647 0.0000000222
1648 0.0000000222
1649 0.0000000222
1650 0.0000000222
1651 0.0000000221
1652 0.0000000221
1653 0.0000000221
1654 0.0000000221
1655 0.0000000220
1656 0.0000000220
1657 0.0000000220
1658 0.0000000219
1659 0.0000000219
1660 0.0000000219
1661 0.0000000219
1662 0.0000000218
1663 0.0000000218
1664 0.0000000218
1665 0.0000000218
1666 0.0000000217
1667 0.0000000217
1668 0.0000000217
1669 0.0000000217
1670 0.0000000216
1671 0.0000000216
1672 0.0000000216
1673 0.0000000216
1674 0.0000000215
1675 0.0000000215
1676 0.0000000215
1677 0.0000000214
1678 0.0000000214
1679 0.0000000214
1680 0.0000000214
1681 0.0000000213
1682 0.0000000213
1683 0.0000000213
1684 0.0000000213
1685 0.0000000212
1686 0.0000000212
1687 0.0000000212
1688 0.0000000212
1689 0.0000000211
1690 0.0000000211
1691 0.0000000211
1692 0.0000000211
1693 0.0000000210
1694 0.0000000210
1695 0.0000000210
1696 0.0000000210
1697 0.0000000209
1698 0.0000000209
1699 0.0000000209
1700 0.0000000209
1701 0.0000000208
1702 0.0000000208
1703 0.0000000208
1704 0.0000000208
1705 0.0000000207
1706 0.0000000207
1707 0.0000000207
1708 0.0000000207
1709 0.0000000206
1710 0.0000000206
1711 0.0000000206
1712 0.0000000206
1713 0.0000000205
1714 0.0000000205
1715 0.0000000205
1716 0.0000000205
1717 0.0000000204
1718 0.0000000204
1719 0.0000000204
1720 0.0000000204
1721 0.0000000203
1722 0.0000000203
1723 0.0000000203
1724 0.0000000203
1725 0.0000000203
1726 0.0000000202
1727 0.0000000202
1728 0.0000000202
1729 0.0000000202
1730 0.0000000201
1731 0.0000000201
1732 0.0000000201
1733 0.0000000201
1734 0.0000000200
1735 0.0000000200
1736 0.0000000200
1737 0.0000000200
1738 0.0000000199
1739 0.0000000199
1740 0.0000000199
1741 0.0000000199
1742 0.0000000198
1743 0.0000000198
1744 0.0000000198
1745 0.0000000198
1746 0.0000000198
1747 0.0000000197
1748 0.0000000197
1749 0.0000000197
1750 0.0000000197
1751 0.0000000196
1752 0.0000000196
1753 0.0000000196
1754 0.0000000196
1755 0.0000000195
1756 0.0000000195
1757 0.0000000195
1758 0.0000000195
1759 0.0000000195
1760 0.0000000194
1761 0.0000000194
1762 0.0000000194
1763 0.0000000194
1764 0.0000000193
1765 0.0000000193
1766 0.0000000193
1767 0.0000000193
1768 0.0000000192
1769 0.0000000192
1770 0.0000000192
1771 0.0000000192
1772 0.0000000192
1773 0.0000000191
1774 0.0000000191
1775 0.0000000191
1776 0.0000000191
1777 0.0000000190
1778 0.0000000190
1779 0.0000000190
1780 0.0000000190
1781 0.0000000190
1782 0.0000000189
1783 0.0000000189
1784 0.0000000189
1785 0.0000000189
1786 0.0000000188
1787 0.0000000188
1788 0.0000000188
1789 0.0000000188
1790 0.0000000188
1791 0.0000000187
1792 0.0000000187
1793 0.0000000187
1794 0.0000000187
1795 0.0000000186
1796 0.0000000186
1797 0.0000000186
1798 0.0000000186
1799 0.0000000186
1800 0.0000000185
1801 0.0000000185
1802 0.0000000185
1803 0.0000000185
1804 0.0000000185
1805 0.0000000184
1806 0.0000000184
1807 0.0000000184
1808 0.0000000184
1809 0.0000000183
1810 0.0000000183
1811 0.0000000183
1812 0.0000000183
1813 0.0000000183
1814 0.0000000182
1815 0.0000000182
1816 0.0000000182
1817 0.0000000182
1818 0.0000000182
1819 0.0000000181
1820 0.0000000181
1821 0.0000000181
1822 0.0000000181
1823 0.0000000180
1824 0.0000000180
1825 0.0000000180
1826 0.0000000180
1827 0.0000000180
1828 0.0000000179
1829 0.0000000179
1830 0.0000000179
1831 0.0000000179
1832 0.0000000179
1833 0.0000000178
1834 0.0000000178
1835 0.0000000178
1836 0.0000000178
1837 0.0000000177
1838 0.0000000177
1839 0.0000000177
1840 0.0000000177
1841 0.0000000177
1842 0.0000000176
1843 0.0000000176
1844 0.0000000176
1845 0.0000000176
1846 0.0000000176
1847 0.0000000175
1848 0.0000000175
1849 0.0000000175
1850 0.0000000175
1851 0.0000000175
1852 0.0000000174
1853 0.0000000174
1854 0.0000000174
1855 0.0000000174
1856 0.0000000174
1857 0.0000000173
1858 0.0000000173
1859 0.0000000173
1860 0.0000000173
1861 0.0000000172
1862 0.0000000172
1863 0.0000000172
1864 0.0000000172
1865 0.0000000172
1866 0.0000000171
1867 0.0000000171
1868 0.0000000171
1869 0.0000000171
1870 0.0000000171
1871 0.0000000170
1872 0.0000000170
1873 0.0000000170
1874 0.0000000170
1875 0.0000000170
1876 0.0000000169
1877 0.0000000169
1878 0.0000000169
1879 0.0000000169
1880 0.0000000169
1881 0.0000000168
1882 0.0000000168
1883 0.0000000168
1884 0.0000000168
1885 0.0000000168
1886 0.0000000167
1887 0.0000000167
1888 0.0000000167
1889 0.0000000167
1890 0.0000000167
1891 0.0000000166
1892 0.0000000166
1893 0.0000000166
1894 0.0000000166
1895 0.0000000165
1896 0.0000000165
1897 0.0000000165
1898 0.0000000165
1899 0.0000000165
1900 0.0000000164
1901 0.0000000164
1902 0.0000000164
1903 0.0000000164
1904 0.0000000164
1905 0.0000000163
1906 0.0000000163
1907 0.0000000163
1908 0.0000000163
1909 0.0000000163
1910 0.0000000162
1911 0.0000000162
1912 0.0000000162
1913 0.0000000162
1914 0.0000000162
1915 0.0000000161
1916 0.0000000161
1917 0.0000000161
1918 0.0000000161
1919 0.0000000160
1920 0.0000000160
1921 0.0000000160
1922 0.0000000160
1923 0.0000000160
1924 0.0000000159
1925 0.0000000159
1926 0.0000000159
1927 0.0000000159
1928 0.0000000159
1929 0.0000000158
1930 0.0000000158
1931 0.0000000158
1932 0.0000000158
1933 0.0000000157
1934 0.0000000157
1935 0.0000000157
1936 0.0000000157
1937 0.0000000157
1938 0.0000000156
1939 0.0000000156
1940 0.0000000156
1941 0.0000000156
1942 0.0000000155
1943 0.0000000155
1944 0.0000000155
1945 0.0000000155
1946 0.0000000155
1947 0.0000000154
1948 0.0000000154
1949 0.0000000154
1950 0.0000000154
1951 0.0000000153
1952 0.0000000153
1953 0.0000000153
1954 0.0000000153
1955 0.0000000153
1956 0.0000000152
1957 0.0000000152
1958 0.0000000152
1959 0.0000000152
1960 0.0000000151
1961 0.0000000151
1962 0.0000000151
1963 0.0000000151
1964 0.0000000150
1965 0.0000000150
1966 0.0000000150
1967 0.0000000150
1968 0.0000000149
1969 0.0000000149
1970 0.0000000149
1971 0.0000000148
1972 0.0000000148
1973 0.0000000148
1974 0.0000000148
1975 0.0000000147
1976 0.0000000147
1977 0.0000000147
1978 0.0000000146
1979 0.0000000146
1980 0.0000000146
1981 0.0000000146
1982 0.0000000145
1983 0.0000000145
1984 0.0000000145
1985 0.0000000144
1986 0.0000000144
1987 0.0000000143
1988 0.0000000143
1989 0.0000000142
1990 0.0000000142
1991 0.0000000141
1992 0.0000000141
1993 0.0000000140
1994 0.0000000139
1995 0.0000000138
1996 0.0000000137
1997 0.0000000134
1998 0.0000000130
1999 0.0000000116
2000 0.0000000000
