1 2000
0 0.9946857224
1 0.0015883296
2 0.0006476601
3 0.0004410813
4 0.0003169080
5 0.0002435809
6 0.0001957110
7 0.0001617819
8 0.0001364975
9 0.0001169984
10 0.0001015548
11 0.0000890567
12 0.0000787620
13 0.0000701574
14 0.0000628767
15 0.0000566516
16 0.0000512812
17 0.0000466118
18 0.0000425239
19 0.0000389234
20 0.0000357351
21 0.0000328980
22 0.0000303625
23 0.0000280875
24 0.0000260390
25 0.0000241883
26 0.0000225114
27 0.0000209876
28 0.0000195995
29 0.0000183320
30 0.0000171721
31 0.0000161084
32 0.0000151310
33 0.0000142315
34 0.0000134021
35 0.0000126362
36 0.0000119278
37 0.0000112718
38 0.0000106633
39 0.0000100983
40 0.0000095730
41 0.0000090840
42 0.0000086284
43 0.0000082033
44 0.0000078064
45 0.0000074353
46 0.0000070882
47 0.0000067631
48 0.0000064584
49 0.0000061725
50 0.0000059042
51 0.0000056520
52 0.0000054149
53 0.0000051918
54 0.0000049817
55 0.0000047836
56 0.0000045969
57 0.0000044206
58 0.0000042542
59 0.0000040969
60 0.0000039482
61 0.0000038075
62 0.0000036742
63 0.0000035480
64 0.0000034284
65 0.0000033149
66 0.0000032073
67 0.0000031050
68 0.0000030079
69 0.0000029155
70 0.0000028277
71 0.0000027441
72 0.0000026645
73 0.0000025886
74 0.0000025163
75 0.0000024474
76 0.0000023816
77 0.0000023188
78 0.0000022588
79 0.0000022014
80 0.0000021466
81 0.0000020941
82 0.0000020439
83 0.0000019958
84 0.0000019497
85 0.0000019055
86 0.0000018631
87 0.0000018225
88 0.0000017834
89 0.0000017459
90 0.0000017099
91 0.0000016752
92 0.0000016419
93 0.0000016098
94 0.0000015789
95 0.0000015492
96 0.0000015205
97 0.0000014928
98 0.0000014661
99 0.0000014404
100 0.0000014155
101 0.0000013915
102 0.0000013683
103 0.0000013459
104 0.0000013242
105 0.0000013031
106 0.0000012828
107 0.0000012631
108 0.0000012440
109 0.0000012255
110 0.0000012076
111 0.0000011901
112 0.0000011732
113 0.0000011568
114 0.0000011409
115 0.0000011254
116 0.0000011103
117 0.0000010957
118 0.0000010814
119 0.0000010675
120 0.0000010540
121 0.0000010409
122 0.0000010281
123 0.0000010156
124 0.0000010034
125 0.0000009915
126 0.0000009799
127 0.0000009686
128 0.0000009575
129 0.0000009467
130 0.0000009362
131 0.0000009259
132 0.0000009158
133 0.0000009059
134 0.0000008963
135 0.0000008868
136 0.0000008776
137 0.0000008685
138 0.0000008597
139 0.0000008510
140 0.0000008425
141 0.0000008342
142 0.0000008260
143 0.0000008180
144 0.0000008101
145 0.0000008024
146 0.0000007948
147 0.0000007874
148 0.0000007801
149 0.0000007729
150 0.0000007659
151 0.0000007590
152 0.0000007522
153 0.0000007455
154 0.0000007389
155 0.0000007325
156 0.0000007261
157 0.0000007199
158 0.0000007137
159 0.0000007077
160 0.0000007017
161 0.0000006959
162 0.0000006901
163 0.0000006844
164 0.0000006788
165 0.0000006733
166 0.0000006679
167 0.0000006626
168 0.0000006573
169 0.0000006521
170 0.0000006470
171 0.0000006419
172 0.0000006369
173 0.0000006320
174 0.0000006272
175 0.0000006224
176 0.0000006177
177 0.0000006131
178 0.0000006085
179 0.0000006039
180 0.0000005995
181 0.0000005951
182 0.0000005907
183 0.0000005864
184 0.0000005822
185 0.0000005780
186 0.0000005738
187 0.0000005697
188 0.0000005657
189 0.0000005617
190 0.0000005578
191 0.0000005539
192 0.0000005500
193 0.0000005462
194 0.0000005425
195 0.0000005387
196 0.0000005351
197 0.0000005314
198 0.0000005279
199 0.0000005243
200 0.0000005208
201 0.0000005173
202 0.0000005139
203 0.0000005105
204 0.0000005071
205 0.0000005038
206 0.0000005005
207 0.0000004973
208 0.0000004941
209 0.0000004909
210 0.0000004877
211 0.0000004846
212 0.0000004815
213 0.0000004785
214 0.0000004755
215 0.0000004725
216 0.0000004695
217 0.0000004666
218 0.0000004637
219 0.0000004608
220 0.0000004580
221 0.0000004552
222 0.0000004524
223 0.0000004496
224 0.0000004469
225 0.0000004442
226 0.0000004415
227 0.0000004389
228 0.0000004362
229 0.0000004336
230 0.0000004310
231 0.0000004285
232 0.0000004260
233 0.0000004235
234 0.0000004210
235 0.0000004185
236 0.0000004161
237 0.0000004137
238 0.0000004113
239 0.0000004089
240 0.0000004066
241 0.0000004042
242 0.0000004019
243 0.0000003996
244 0.0000003974
245 0.0000003951
246 0.0000003929
247 0.0000003907
248 0.0000003885
249 0.0000003863
250 0.0000003842
251 0.0000003820
252 0.0000003799
253 0.0000003778
254 0.0000003758
255 0.0000003737
256 0.0000003717
257 0.0000003696
258 0.0000003676
259 0.0000003656
260 0.0000003637
261 0.0000003617
262 0.0000003598
263 0.0000003578
264 0.0000003559
265 0.0000003540
266 0.0000003522
267 0.0000003503
268 0.0000003485
269 0.0000003466
270 0.0000003448
271 0.0000003430
272 0.0000003412
273 0.0000003394
274 0.0000003377
275 0.0000003359
276 0.0000003342
277 0.0000003325
278 0.0000003308
279 0.0000003291
280 0.0000003274
281 0.0000003257
282 0.0000003241
283 0.0000003224
284 0.0000003208
285 0.0000003192
286 0.0000003176
287 0.0000003160
288 0.0000003144
289 0.0000003129
290 0.0000003113
291 0.0000003098
292 0.0000003082
293 0.0000003067
294 0.0000003052
295 0.0000003037
296 0.0000003022
297 0.0000003007
298 0.0000002993
299 0.0000002978
300 0.0000002964
301 0.0000002950
302 0.0000002935
303 0.0000002921
304 0.0000002907
305 0.0000002893
306 0.0000002879
307 0.0000002866
308 0.0000002852
309 0.0000002839
310 0.0000002825
311 0.0000002812
312 0.0000002799
313 0.0000002786
314 0.0000002772
315 0.0000002759
316 0.0000002747
317 0.0000002734
318 0.0000002721
319 0.0000002709
320 0.0000002696
321 0.0000002684
322 0.0000002671
323 0.0000002659
324 0.0000002647
325 0.0000002635
326 0.0000002623
327 0.0000002611
328 0.0000002599
329 0.0000002587
330 0.0000002576
331 0.0000002564
332 0.0000002552
333 0.0000002541
334 0.0000002530
335 0.0000002518
336 0.0000002507
337 0.0000002496
338 0.0000002485
339 0.0000002474
340 0.0000002463
341 0.0000002452
342 0.0000002441
343 0.0000002431
344 0.0000002420
345 0.0000002409
346 0.0000002399
347 0.0000002388
348 0.0000002378
349 0.0000002368
350 0.0000002357
351 0.0000002347
352 0.0000002337
353 0.0000002327
354 0.0000002317
355 0.0000002307
356 0.0000002297
357 0.0000002287
358 0.0000002278
359 0.0000002268
360 0.0000002258
361 0.0000002249
362 0.0000002239
363 0.0000002230
364 0.0000002221
365 0.0000002211
366 0.0000002202
367 0.0000002193
368 0.0000002184
369 0.0000002175
370 0.0000002166
371 0.0000002157
372 0.0000002148
373 0.0000002139
374 0.0000002130
375 0.0000002121
376 0.0000002112
377 0.0000002104
378 0.0000002095
379 0.0000002087
380 0.0000002078
381 0.0000002070
382 0.0000002061
383 0.0000002053
384 0.0000002045
385 0.0000002036
386 0.0000002028
387 0.0000002020
388 0.0000002012
389 0.0000002004
390 0.0000001996
391 0.0000001988
392 0.0000001980
393 0.0000001972
394 0.0000001964
395 0.0000001956
396 0.0000001949
397 0.0000001941
398 0.0000001933
399 0.0000001926
400 0.0000001918
401 0.0000001911
402 0.0000001903
403 0.0000001896
404 0.0000001888
405 0.0000001881
406 0.0000001874
407 0.0000001866
408 0.0000001859
409 0.0000001852
410 0.0000001845
411 0.0000001838
412 0.0000001831
413 0.0000001823
414 0.0000001817
415 0.0000001810
416 0.0000001803
417 0.0000001796
418 0.0000001789
419 0.0000001782
420 0.0000001775
421 0.0000001769
422 0.0000001762
423 0.0000001755
424 0.0000001749
425 0.0000001742
426 0.0000001736
427 0.0000001729
428 0.0000001723
429 0.0000001716
430 0.0000001710
431 0.0000001703
432 0.0000001697
433 0.0000001691
434 0.0000001684
435 0.0000001678
436 0.0000001672
437 0.0000001666
438 0.0000001660
439 0.0000001654
440 0.0000001648
441 0.0000001641
442 0.0000001635
443 0.0000001629
444 0.0000001624
445 0.0000001618
446 0.0000001612
447 0.0000001606
448 0.0000001600
449 0.0000001594
450 0.0000001589
451 0.0000001583
452 0.0000001577
453 0.0000001571
454 0.0000001566
455 0.0000001560
456 0.0000001555
457 0.0000001549
458 0.0000001543
459 0.0000001538
460 0.0000001533
461 0.0000001527
462 0.0000001522
463 0.0000001516
464 0.0000001511
465 0.0000001506
466 0.0000001500
467 0.0000001495
468 0.0000001490
469 0.0000001485
470 0.0000001479
471 0.0000001474
472 0.0000001469
473 0.0000001464
474 0.0000001459
475 0.0000001454
476 0.0000001449
477 0.0000001444
478 0.0000001439
479 0.0000001434
480 0.0000001429
481 0.0000001424
482 0.0000001419
483 0.0000001414
484 0.0000001409
485 0.0000001404
486 0.0000001399
487 0.0000001395
488 0.0000001390
489 0.0000001385
490 0.0000001381
491 0.0000001376
492 0.0000001371
493 0.0000001366
494 0.0000001362
495 0.0000001357
496 0.0000001353
497 0.0000001348
498 0.0000001344
499 0.0000001339
500 0.0000001335
501 0.0000001330
502 0.0000001326
503 0.0000001321
504 0.0000001317
505 0.0000001312
506 0.0000001308
507 0.0000001304
508 0.0000001299
509 0.0000001295
510 0.0000001291
511 0.0000001287
512 0.0000001282
513 0.0000001278
514 0.0000001274
515 0.0000001270
516 0.0000001266
517 0.0000001261
518 0.0000001257
519 0.0000001253
520 0.0000001249
521 0.0000001245
522 0.0000001241
523 0.0000001237
524 0.0000001233
525 0.0000001229
526 0.0000001225
527 0.0000001221
528 0.0000001217
529 0.0000001213
530 0.0000001209
531 0.0000001205
532 0.0000001201
533 0.0000001198
534 0.0000001194
535 0.0000001190
536 0.0000001186
537 0.0000001182
538 0.0000001179
539 0.0000001175
540 0.0000001171
541 0.0000001167
542 0.0000001164
543 0.0000001160
544 0.0000001156
545 0.0000001153
546 0.0000001149
547 0.0000001145
548 0.0000001142
549 0.0000001138
550 0.0000001135
551 0.0000001131
552 0.0000001128
553 0.0000001124
554 0.0000001121
555 0.0000001117
556 0.0000001114
557 0.0000001110
558 0.0000001107
559 0.0000001103
560 0.0000001100
561 0.0000001096
562 0.0000001093
563 0.0000001090
564 0.0000001086
565 0.0000001083
566 0.0000001080
567 0.0000001076
568 0.0000001073
569 0.0000001070
570 0.0000001066
571 0.0000001063
572 0.0000001060
573 0.0000001057
574 0.0000001054
575 0.0000001050
576 0.0000001047
577 0.0000001044
578 0.0000001041
579 0.0000001038
580 0.0000001035
581 0.0000001031
582 0.0000001028
583 0.0000001025
584 0.0000001022
585 0.0000001019
586 0.0000001016
587 0.0000001013
588 0.0000001010
589 0.0000001007
590 0.0000001004
591 0.0000001001
592 0.0000000998
593 0.0000000995
594 0.0000000992
595 0.0000000989
596 0.0000000986
597 0.0000000983
598 0.0000000980
599 0.0000000977
600 0.0000000974
601 0.0000000972
602 0.0000000969
603 0.0000000966
604 0.0000000963
605 0.0000000960
606 0.0000000957
607 0.0000000955
608 0.0000000952
609 0.0000000949
610 0.0000000946
611 0.0000000944
612 0.0000000941
613 0.0000000938
614 0.0000000935
615 0.0000000933
616 0.0000000930
617 0.0000000927
618 0.0000000925
619 0.0000000922
620 0.0000000919
621 0.0000000917
622 0.0000000914
623 0.0000000911
624 0.0000000909
625 0.0000000906
626 0.0000000903
627 0.0000000901
628 0.0000000898
629 0.0000000896
630 0.0000000893
631 0.0000000891
632 0.0000000888
633 0.0000000886
634 0.0000000883
635 0.0000000881
636 0.0000000878
637 0.0000000876
638 0.0000000873
639 0.0000000871
640 0.0000000868
641 0.0000000866
642 0.0000000863
643 0.0000000861
644 0.0000000859
645 0.0000000856
646 0.0000000854
647 0.0000000851
648 0.0000000849
649 0.0000000847
650 0.0000000844
651 0.0000000842
652 0.0000000840
653 0.0000000837
654 0.0000000835
655 0.0000000833
656 0.0000000830
657 0.0000000828
658 0.0000000826
659 0.0000000823
660 0.0000000821
661 0.0000000819
662 0.0000000817
663 0.0000000814
664 0.0000000812
665 0.0000000810
666 0.0000000808
667 0.0000000805
668 0.0000000803
669 0.0000000801
670 0.0000000799
671 0.0000000797
672 0.0000000795
673 0.0000000792
674 0.0000000790
675 0.0000000788
676 0.0000000786
677 0.0000000784
678 0.0000000782
679 0.0000000780
680 0.0000000777
681 0.0000000775
682 0.0000000773
683 0.0000000771
684 0.0000000769
685 0.0000000767
686 0.0000000765
687 0.0000000763
688 0.0000000761
689 0.0000000759
690 0.0000000757
691 0.0000000755
692 0.0000000753
693 0.0000000751
694 0.0000000749
695 0.0000000747
696 0.0000000745
697 0.0000000743
698 0.0000000741
699 0.0000000739
700 0.0000000737
701 0.0000000735
702 0.0000000733
703 0.0000000731
704 0.0000000729
705 0.0000000727
706 0.0000000725
707 0.0000000723
708 0.0000000722
709 0.0000000720
710 0.0000000718
711 0.0000000716
712 0.0000000714
713 0.0000000712
714 0.0000000710
715 0.0000000708
716 0.0000000707
717 0.0000000705
718 0.0000000703
719 0.0000000701
720 0.0000000699
721 0.0000000697
722 0.0000000696
723 0.0000000694
724 0.0000000692
725 0.0000000690
726 0.0000000688
727 0.0000000687
728 0.0000000685
729 0.0000000683
730 0.0000000681
731 0.0000000680
732 0.0000000678
733 0.0000000676
734 0.0000000674
735 0.0000000673
736 0.0000000671
737 0.0000000669
738 0.0000000668
739 0.0000000666
740 0.0000000664
741 0.0000000663
742 0.0000000661
743 0.0000000659
744 0.0000000658
745 0.0000000656
746 0.0000000654
747 0.0000000653
748 0.0000000651
749 0.0000000649
750 0.0000000648
751 0.0000000646
752 0.0000000644
753 0.0000000643
754 0.0000000641
755 0.0000000640
756 0.0000000638
757 0.0000000636
758 0.0000000635
759 0.0000000633
760 0.0000000632
761 0.0000000630
762 0.0000000628
763 0.0000000627
764 0.0000000625
765 0.0000000624
766 0.0000000622
767 0.0000000621
768 0.0000000619
769 0.0000000618
770 0.0000000616
771 0.0000000615
772 0.0000000613
773 0.0000000611
774 0.0000000610
775 0.0000000608
776 0.0000000607
777 0.0000000606
778 0.0000000604
779 0.0000000603
780 0.0000000601
781 0.0000000600
782 0.0000000598
783 0.0000000597
784 0.0000000595
785 0.0000000594
786 0.0000000592
787 0.0000000591
788 0.0000000589
789 0.0000000588
790 0.0000000587
791 0.0000000585
792 0.0000000584
793 0.0000000582
794 0.0000000581
795 0.0000000579
796 0.0000000578
797 0.0000000577
798 0.0000000575
799 0.0000000574
800 0.0000000573
801 0.0000000571
802 0.0000000570
803 0.0000000568
804 0.0000000567
805 0.0000000566
806 0.0000000564
807 0.0000000563
808 0.0000000562
809 0.0000000560
810 0.0000000559
811 0.0000000558
812 0.0000000556
813 0.0000000555
814 0.0000000554
815 0.0000000552
816 0.0000000551
817 0.0000000550
818 0.0000000548
819 0.0000000547
820 0.0000000546
821 0.0000000545
822 0.0000000543
823 0.0000000542
824 0.0000000541
825 0.0000000539
826 0.0000000538
827 0.0000000537
828 0.0000000536
829 0.0000000534
830 0.0000000533
831 0.0000000532
832 0.0000000531
833 0.0000000529
834 0.0000000528
835 0.0000000527
836 0.0000000526
837 0.0000000524
838 0.0000000523
839 0.0000000522
840 0.0000000521
841 0.0000000520
842 0.0000000518
843 0.0000000517
844 0.0000000516
845 0.0000000515
846 0.0000000514
847 0.0000000512
848 0.0000000511
849 0.0000000510
850 0.0000000509
851 0.0000000508
852 0.0000000507
853 0.0000000505
854 0.0000000504
855 0.0000000503
856 0.0000000502
857 0.0000000501
858 0.0000000500
859 0.0000000499
860 0.0000000497
861 0.0000000496
862 0.0000000495
863 0.0000000494
864 0.0000000493
865 0.0000000492
866 0.0000000491
867 0.0000000490
868 0.0000000488
869 0.0000000487
870 0.0000000486
871 0.0000000485
872 0.0000000484
873 0.0000000483
874 0.0000000482
875 0.0000000481
876 0.0000000480
877 0.0000000479
878 0.0000000477
879 0.0000000476
880 0.0000000475
881 0.0000000474
882 0.0000000473
883 0.0000000472
884 0.0000000471
885 0.0000000470
886 0.0000000469
887 0.0000000468
888 0.0000000467
889 0.0000000466
890 0.0000000465
891 0.0000000464
892 0.0000000463
893 0.0000000462
894 0.0000000461
895 0.0000000460
896 0.0000000459
897 0.0000000458
898 0.0000000457
899 0.0000000456
900 0.0000000455
901 0.0000000454
902 0.0000000453
903 0.0000000452
904 0.0000000451
905 0.0000000450
906 0.0000000449
907 0.0000000448
908 0.0000000447
909 0.0000000446
910 0.0000000445
911 0.0000000444
912 0.0000000443
913 0.0000000442
914 0.0000000441
915 0.0000000440
916 0.0000000439
917 0.0000000438
918 0.0000000437
919 0.0000000436
920 0.0000000435
921 0.0000000434
922 0.0000000433
923 0.0000000432
924 0.0000000431
925 0.0000000430
926 0.0000000429
927 0.0000000429
928 0.0000000428
929 0.0000000427
930 0.0000000426
931 0.0000000425
932 0.0000000424
933 0.0000000423
934 0.0000000422
935 0.0000000421
936 0.0000000420
937 0.0000000419
938 0.0000000418
939 0.0000000418
940 0.0000000417
941 0.0000000416
942 0.0000000415
943 0.0000000414
944 0.0000000413
945 0.0000000412
946 0.0000000411
947 0.0000000411
948 0.0000000410
949 0.0000000409
950 0.0000000408
951 0.0000000407
952 0.0000000406
953 0.0000000405
954 0.0000000404
955 0.0000000404
956 0.0000000403
957 0.0000000402
958 0.0000000401
959 0.0000000400
960 0.0000000399
961 0.0000000399
962 0.0000000398
963 0.0000000397
964 0.0000000396
965 0.0000000395
966 0.0000000394
967 0.0000000394
968 0.0000000393
969 0.0000000392
970 0.0000000391
971 0.0000000390
972 0.0000000389
973 0.0000000389
974 0.0000000388
975 0.0000000387
976 0.0000000386
977 0.0000000385
978 0.0000000385
979 0.0000000384
980 0.0000000383
981 0.0000000382
982 0.0000000381
983 0.0000000381
984 0.0000000380
985 0.0000000379
986 0.0000000378
987 0.0000000377
988 0.0000000377
989 0.0000000376
990 0.0000000375
991 0.0000000374
992 0.0000000374
993 0.0000000373
994 0.0000000372
995 0.0000000371
996 0.0000000371
997 0.0000000370
998 0.0000000369
999 0.0000000368
1000 0.0000000368
1001 0.0000000367
1002 0.0000000366
1003 0.0000000365
1004 0.0000000365
1005 0.0000000364
1006 0.0000000363
1007 0.0000000362
1008 0.0000000362
1009 0.0000000361
1010 0.0000000360
1011 0.0000000359
1012 0.0000000359
1013 0.0000000358
1014 0.0000000357
1015 0.0000000356
1016 0.0000000356
1017 0.0000000355
1018 0.0000000354
1019 0.0000000354
1020 0.0000000353
1021 0.0000000352
1022 0.0000000351
1023 0.0000000351
1024 0.0000000350
1025 0.0000000349
1026 0.0000000349
1027 0.0000000348
1028 0.0000000347
1029 0.0000000347
1030 0.0000000346
1031 0.0000000345
1032 0.0000000344
1033 0.0000000344
1034 0.0000000343
1035 0.0000000342
1036 0.0000000342
1037 0.0000000341
1038 0.0000000340
1039 0.0000000340
1040 0.0000000339
1041 0.0000000338
1042 0.0000000338
1043 0.0000000337
1044 0.0000000336
1045 0.0000000336
1046 0.0000000335
1047 0.0000000334
1048 0.0000000334
1049 0.0000000333
1050 0.0000000332
1051 0.0000000332
1052 0.0000000331
1053 0.0000000330
1054 0.0000000330
1055 0.0000000329
1056 0.0000000328
1057 0.0000000328
1058 0.0000000327
1059 0.0000000327
1060 0.0000000326
1061 0.0000000325
1062 0.0000000325
1063 0.0000000324
1064 0.0000000323
1065 0.0000000323
1066 0.0000000322
1067 0.0000000321
1068 0.0000000321
1069 0.0000000320
1070 0.0000000320
1071 0.0000000319
1072 0.0000000318
1073 0.0000000318
1074 0.0000000317
1075 0.0000000317
1076 0.0000000316
1077 0.0000000315
1078 0.0000000315
1079 0.0000000314
1080 0.0000000313
1081 0.0000000313
1082 0.0000000312
1083 0.0000000312
1084 0.0000000311
1085 0.0000000310
1086 0.0000000310
1087 0.0000000309
1088 0.0000000309
1089 0.0000000308
1090 0.0000000307
1091 0.0000000307
1092 0.0000000306
1093 0.0000000306
1094 0.0000000305
1095 0.0000000305
1096 0.0000000304
1097 0.0000000303
1098 0.0000000303
1099 0.0000000302
1100 0.0000000302
1101 0.0000000301
1102 0.0000000301
1103 0.0000000300
1104 0.0000000299
1105 0.0000000299
1106 0.0000000298
1107 0.0000000298
1108 0.0000000297
1109 0.0000000297
1110 0.0000000296
1111 0.0000000295
1112 0.0000000295
1113 0.0000000294
1114 0.0000000294
1115 0.0000000293
1116 0.0000000293
1117 0.0000000292
1118 0.0000000292
1119 0.0000000291
1120 0.0000000290
1121 0.0000000290
1122 0.0000000289
1123 0.0000000289
1124 0.0000000288
1125 0.0000000288
1126 0.0000000287
1127 0.0000000287
1128 0.0000000286
1129 0.0000000286
1130 0.0000000285
1131 0.0000000285
1132 0.0000000284
1133 0.0000000283
1134 0.0000000283
1135 0.0000000282
1136 0.0000000282
1137 0.0000000281
1138 0.0000000281
1139 0.0000000280
1140 0.0000000280
1141 0.0000000279
1142 0.0000000279
1143 0.0000000278
1144 0.0000000278
1145 0.0000000277
1146 0.0000000277
1147 0.0000000276
1148 0.0000000276
1149 0.0000000275
1150 0.0000000275
1151 0.0000000274
1152 0.0000000274
1153 0.0000000273
1154 0.0000000273
1155 0.0000000272
1156 0.0000000272
1157 0.0000000271
1158 0.0000000271
1159 0.0000000270
1160 0.0000000270
1161 0.0000000269
1162 0.0000000269
1163 0.0000000268
1164 0.0000000268
1165 0.0000000267
1166 0.0000000267
1167 0.0000000266
1168 0.0000000266
1169 0.0000000265
1170 0.0000000265
1171 0.0000000264
1172 0.0000000264
1173 0.0000000263
1174 0.0000000263
1175 0.0000000262
1176 0.0000000262
1177 0.0000000261
1178 0.0000000261
1179 0.0000000261
1180 0.0000000260
1181 0.0000000260
1182 0.0000000259
1183 0.0000000259
1184 0.0000000258
1185 0.0000000258
1186 0.0000000257
1187 0.0000000257
1188 0.0000000256
1189 0.0000000256
1190 0.0000000255
1191 0.0000000255
1192 0.0000000254
1193 0.0000000254
1194 0.0000000254
1195 0.0000000253
1196 0.0000000253
1197 0.0000000252
1198 0.0000000252
1199 0.0000000251
1200 0.0000000251
1201 0.0000000250
1202 0.0000000250
1203 0.0000000250
1204 0.0000000249
1205 0.0000000249
1206 0.0000000248
1207 0.0000000248
1208 0.0000000247
1209 0.0000000247
1210 0.0000000246
1211 0.0000000246
1212 0.0000000246
1213 0.0000000245
1214 0.0000000245
1215 0.0000000244
1216 0.0000000244
1217 0.0000000243
1218 0.0000000243
1219 0.0000000243
1220 0.0000000242
1221 0.0000000242
1222 0.0000000241
1223 0.0000000241
1224 0.0000000240
1225 0.0000000240
1226 0.0000000240
1227 0.0000000239
1228 0.0000000239
1229 0.0000000238
1230 0.0000000238
1231 0.0000000238
1232 0.0000000237
1233 0.0000000237
1234 0.0000000236
1235 0.0000000236
1236 0.0000000235
1237 0.0000000235
1238 0.0000000235
1239 0.0000000234
1240 0.0000000234
1241 0.0000000233
1242 0.0000000233
1243 0.0000000233
1244 0.0000000232
1245 0.0000000232
1246 0.0000000231
1247 0.0000000231
1248 0.0000000231
1249 0.0000000230
1250 0.0000000230
1251 0.0000000229
1252 0.0000000229
1253 0.0000000229
1254 0.0000000228
1255 0.0000000228
1256 0.0000000227
1257 0.0000000227
1258 0.0000000227
1259 0.0000000226
1260 0.0000000226
1261 0.0000000225
1262 0.0000000225
1263 0.0000000225
1264 0.0000000224
1265 0.0000000224
1266 0.0000000224
1267 0.0000000223
1268 0.0000000223
1269 0.0000000222
1270 0.0000000222
1271 0.0000000222
1272 0.0000000221
1273 0.0000000221
1274 0.0000000221
1275 0.0000000220
1276 0.0000000220
1277 0.0000000219
1278 0.0000000219
1279 0.0000000219
1280 0.0000000218
1281 0.0000000218
1282 0.0000000218
1283 0.0000000217
1284 0.0000000217
1285 0.0000000216
1286 0.0000000216
1287 0.0000000216
1288 0.0000000215
1289 0.0000000215
1290 0.0000000215
1291 0.0000000214
1292 0.0000000214
1293 0.0000000214
1294 0.0000000213
1295 0.0000000213
1296 0.0000000212
1297 0.0000000212
1298 0.0000000212
1299 0.0000000211
1300 0.0000000211
1301 0.0000000211
1302 0.0000000210
1303 0.0000000210
1304 0.0000000210
1305 0.0000000209
1306 0.0000000209
1307 0.0000000209
1308 0.0000000208
1309 0.0000000208
1310 0.0000000208
1311 0.0000000207
1312 0.0000000207
1313 0.0000000207
1314 0.0000000206
1315 0.0000000206
1316 0.0000000205
1317 0.0000000205
1318 0.0000000205
1319 0.0000000204
1320 0.0000000204
1321 0.0000000204
1322 0.0000000203
1323 0.0000000203
1324 0.0000000203
1325 0.0000000202
1326 0.0000000202
1327 0.0000000202
1328 0.0000000201
1329 0.0000000201
1330 0.0000000201
1331 0.0000000200
1332 0.0000000200
1333 0.0000000200
1334 0.0000000199
1335 0.0000000199
1336 0.0000000199
1337 0.0000000198
1338 0.0000000198
1339 0.0000000198
1340 0.0000000198
1341 0.0000000197
1342 0.0000000197
1343 0.0000000197
1344 0.0000000196
1345 0.0000000196
1346 0.0000000196
1347 0.0000000195
1348 0.0000000195
1349 0.0000000195
1350 0.0000000194
1351 0.0000000194
1352 0.0000000194
1353 0.0000000193
1354 0.0000000193
1355 0.0000000193
1356 0.0000000192
1357 0.0000000192
1358 0.0000000192
1359 0.0000000191
1360 0.0000000191
1361 0.0000000191
1362 0.0000000191
1363 0.0000000190
1364 0.0000000190
1365 0.0000000190
1366 0.0000000189
1367 0.0000000189
1368 0.0000000189
1369 0.0000000188
1370 0.0000000188
1371 0.0000000188
1372 0.0000000188
1373 0.0000000187
1374 0.0000000187
1375 0.0000000187
1376 0.0000000186
1377 0.0000000186
1378 0.0000000186
1379 0.0000000185
1380 0.0000000185
1381 0.0000000185
1382 0.0000000185
1383 0.0000000184
1384 0.0000000184
1385 0.0000000184
1386 0.0000000183
1387 0.0000000183
1388 0.0000000183
1389 0.0000000182
1390 0.0000000182
1391 0.0000000182
1392 0.0000000182
1393 0.0000000181
1394 0.0000000181
1395 0.0000000181
1396 0.0000000180
1397 0.0000000180
1398 0.0000000180
1399 0.0000000180
1400 0.0000000179
1401 0.0000000179
1402 0.0000000179
1403 0.0000000178
1404 0.0000000178
1405 0.0000000178
1406 0.0000000178
1407 0.0000000177
1408 0.0000000177
1409 0.0000000177
1410 0.0000000177
1411 0.0000000176
1412 0.0000000176
1413 0.0000000176
1414 0.0000000175
1415 0.0000000175
1416 0.0000000175
1417 0.0000000175
1418 0.0000000174
1419 0.0000000174
1420 0.0000000174
1421 0.0000000174
1422 0.0000000173
1423 0.0000000173
1424 0.0000000173
1425 0.0000000172
1426 0.0000000172
1427 0.0000000172
1428 0.0000000172
1429 0.0000000171
1430 0.0000000171
1431 0.0000000171
1432 0.0000000171
1433 0.0000000170
1434 0.0000000170
1435 0.0000000170
1436 0.0000000170
1437 0.0000000169
1438 0.0000000169
1439 0.0000000169
1440 0.0000000168
1441 0.0000000168
1442 0.0000000168
1443 0.0000000168
1444 0.0000000167
1445 0.0000000167
1446 0.0000000167
1447 0.0000000167
1448 0.0000000166
1449 0.0000000166
1450 0.0000000166
1451 0.0000000166
1452 0.0000000165
1453 0.0000000165
1454 0.0000000165
1455 0.0000000165
1456 0.0000000164
1457 0.0000000164
1458 0.0000000164
1459 0.0000000164
1460 0.0000000163
1461 0.0000000163
1462 0.0000000163
1463 0.0000000163
1464 0.0000000162
1465 0.0000000162
1466 0.0000000162
1467 0.0000000162
1468 0.0000000161
1469 0.0000000161
1470 0.0000000161
1471 0.0000000161
1472 0.0000000160
1473 0.0000000160
1474 0.0000000160
1475 0.0000000160
1476 0.0000000159
1477 0.0000000159
1478 0.0000000159
1479 0.0000000159
1480 0.0000000158
1481 0.0000000158
1482 0.0000000158
1483 0.0000000158
1484 0.0000000157
1485 0.0000000157
1486 0.0000000157
1487 0.0000000157
1488 0.0000000157
1489 0.0000000156
1490 0.0000000156
1491 0.0000000156
1492 0.0000000156
1493 0.0000000155
1494 0.0000000155
1495 0.0000000155
1496 0.0000000155
1497 0.0000000154
1498 0.0000000154
1499 0.0000000154
1500 0.0000000154
1501 0.0000000154
1502 0.0000000153
1503 0.0000000153
1504 0.0000000153
1505 0.0000000153
1506 0.0000000152
1507 0.0000000152
1508 0.0000000152
1509 0.0000000152
1510 0.0000000151
1511 0.0000000151
1512 0.0000000151
1513 0.0000000151
1514 0.0000000151
1515 0.0000000150
1516 0.0000000150
1517 0.0000000150
1518 0.0000000150
1519 0.0000000149
1520 0.0000000149
1521 0.0000000149
1522 0.0000000149
1523 0.0000000149
1524 0.0000000148
1525 0.0000000148
1526 0.0000000148
1527 0.0000000148
1528 0.0000000147
1529 0.0000000147
1530 0.0000000147
1531 0.0000000147
1532 0.0000000147
1533 0.0000000146
1534 0.0000000146
1535 0.0000000146
1536 0.0000000146
1537 0.0000000146
1538 0.0000000145
1539 0.0000000145
1540 0.0000000145
1541 0.0000000145
1542 0.0000000144
1543 0.0000000144
1544 0.0000000144
1545 0.0000000144
1546 0.0000000144
1547 0.0000000143
1548 0.0000000143
1549 0.0000000143
1550 0.0000000143
1551 0.0000000143
1552 0.0000000142
1553 0.0000000142
1554 0.0000000142
1555 0.0000000142
1556 0.0000000142
1557 0.0000000141
1558 0.0000000141
1559 0.0000000141
1560 0.0000000141
1561 0.0000000141
1562 0.0000000140
1563 0.0000000140
1564 0.0000000140
1565 0.0000000140
1566 0.0000000139
1567 0.0000000139
1568 0.0000000139
1569 0.0000000139
1570 0.0000000139
1571 0.0000000138
1572 0.0000000138
1573 0.0000000138
1574 0.0000000138
1575 0.0000000138
1576 0.0000000137
1577 0.0000000137
1578 0.0000000137
1579 0.0000000137
1580 0.0000000137
1581 0.0000000137
1582 0.0000000136
1583 0.0000000136
1584 0.0000000136
1585 0.0000000136
1586 0.0000000136
1587 0.0000000135
1588 0.0000000135
1589 0.0000000135
1590 0.0000000135
1591 0.0000000135
1592 0.0000000134
1593 0.0000000134
1594 0.0000000134
1595 0.0000000134
1596 0.0000000134
1597 0.0000000133
1598 0.0000000133
1599 0.0000000133
1600 0.0000000133
1601 0.0000000133
1602 0.0000000132
1603 0.0000000132
1604 0.0000000132
1605 0.0000000132
1606 0.0000000132
1607 0.0000000132
1608 0.0000000131
1609 0.0000000131
1610 0.0000000131
1611 0.0000000131
1612 0.0000000131
1613 0.0000000130
1614 0.0000000130
1615 0.0000000130
1616 0.0000000130
1617 0.0000000130
1618 0.0000000129
1619 0.0000000129
1620 0.0000000129
1621 0.0000000129
1622 0.0000000129
1623 0.0000000129
1624 0.0000000128
1625 0.0000000128
1626 0.0000000128
1627 0.0000000128
1628 0.0000000128
1629 0.0000000127
1630 0.0000000127
1631 0.0000000127
1632 0.0000000127
1633 0.0000000127
1634 0.0000000127
1635 0.0000000126
1636 0.0000000126
1637 0.0000000126
1638 0.0000000126
1639 0.0000000126
1640 0.0000000126
1641 0.0000000125
1642 0.0000000125
1643 0.0000000125
1644 0.0000000125
1645 0.0000000125
1646 0.0000000124
1647 0.0000000124
1648 0.0000000124
1649 0.0000000124
1650 0.0000000124
1651 0.0000000124
1652 0.0000000123
1653 0.0000000123
1654 0.0000000123
1655 0.0000000123
1656 0.0000000123
1657 0.0000000123
1658 0.0000000122
1659 0.0000000122
1660 0.0000000122
1661 0.0000000122
1662 0.0000000122
1663 0.0000000122
1664 0.0000000121
1665 0.0000000121
1666 0.0000000121
1667 0.0000000121
1668 0.0000000121
1669 0.0000000121
1670 0.0000000120
1671 0.0000000120
1672 0.0000000120
1673 0.0000000120
1674 0.0000000120
1675 0.0000000120
1676 0.0000000119
1677 0.0000000119
1678 0.0000000119
1679 0.0000000119
1680 0.0000000119
1681 0.0000000119
1682 0.0000000118
1683 0.0000000118
1684 0.0000000118
1685 0.0000000118
1686 0.0000000118
1687 0.0000000118
1688 0.0000000117
1689 0.0000000117
1690 0.0000000117
1691 0.0000000117
1692 0.0000000117
1693 0.0000000117
1694 0.0000000116
1695 0.0000000116
1696 0.0000000116
1697 0.0000000116
1698 0.0000000116
1699 0.0000000116
1700 0.0000000116
1701 0.0000000115
1702 0.0000000115
1703 0.0000000115
1704 0.0000000115
1705 0.0000000115
1706 0.0000000115
1707 0.0000000114
1708 0.0000000114
1709 0.0000000114
1710 0.0000000114
1711 0.0000000114
1712 0.0000000114
1713 0.0000000113
1714 0.0000000113
1715 0.0000000113
1716 0.0000000113
1717 0.0000000113
1718 0.0000000113
1719 0.0000000113
1720 0.0000000112
1721 0.0000000112
1722 0.0000000112
1723 0.0000000112
1724 0.0000000112
1725 0.0000000112
1726 0.0000000112
1727 0.0000000111
1728 0.0000000111
1729 0.0000000111
1730 0.0000000111
1731 0.0000000111
1732 0.0000000111
1733 0.0000000110
1734 0.0000000110
1735 0.0000000110
1736 0.0000000110
1737 0.0000000110
1738 0.0000000110
1739 0.0000000110
1740 0.0000000109
1741 0.0000000109
1742 0.0000000109
1743 0.0000000109
1744 0.0000000109
1745 0.0000000109
1746 0.0000000109
1747 0.0000000108
1748 0.0000000108
1749 0.0000000108
1750 0.0000000108
1751 0.0000000108
1752 0.0000000108
1753 0.0000000108
1754 0.0000000107
1755 0.0000000107
1756 0.0000000107
1757 0.0000000107
1758 0.0000000107
1759 0.0000000107
1760 0.0000000107
1761 0.0000000106
1762 0.0000000106
1763 0.0000000106
1764 0.0000000106
1765 0.0000000106
1766 0.0000000106
1767 0.0000000106
1768 0.0000000105
1769 0.0000000105
1770 0.0000000105
1771 0.0000000105
1772 0.0000000105
1773 0.0000000105
1774 0.0000000105
1775 0.0000000104
1776 0.0000000104
1777 0.0000000104
1778 0.0000000104
1779 0.0000000104
1780 0.0000000104
1781 0.0000000104
1782 0.0000000103
1783 0.0000000103
1784 0.0000000103
1785 0.0000000103
1786 0.0000000103
1787 0.0000000103
1788 0.0000000103
1789 0.0000000102
1790 0.0000000102
1791 0.0000000102
1792 0.0000000102
1793 0.0000000102
1794 0.0000000102
1795 0.0000000102
1796 0.0000000101
1797 0.0000000101
1798 0.0000000101
1799 0.0000000101
1800 0.0000000101
1801 0.0000000101
1802 0.0000000101
1803 0.0000000101
1804 0.0000000100
1805 0.0000000100
1806 0.0000000100
1807 0.0000000100
1808 0.0000000100
1809 0.0000000100
1810 0.0000000100
1811 0.0000000099
1812 0.0000000099
1813 0.0000000099
1814 0.0000000099
1815 0.0000000099
1816 0.0000000099
1817 0.0000000099
1818 0.0000000099
1819 0.0000000098
1820 0.0000000098
1821 0.0000000098
1822 0.0000000098
1823 0.0000000098
1824 0.0000000098
1825 0.0000000098
1826 0.0000000097
1827 0.0000000097
1828 0.0000000097
1829 0.0000000097
1830 0.0000000097
1831 0.0000000097
1832 0.0000000097
1833 0.0000000097
1834 0.0000000096
1835 0.0000000096
1836 0.0000000096
1837 0.0000000096
1838 0.0000000096
1839 0.0000000096
1840 0.0000000096
1841 0.0000000096
1842 0.0000000095
1843 0.0000000095
1844 0.0000000095
1845 0.0000000095
1846 0.0000000095
1847 0.0000000095
1848 0.0000000095
1849 0.0000000095
1850 0.0000000094
1851 0.0000000094
1852 0.0000000094
1853 0.0000000094
1854 0.0000000094
1855 0.0000000094
1856 0.0000000094
1857 0.0000000094
1858 0.0000000093
1859 0.0000000093
1860 0.0000000093
1861 0.0000000093
1862 0.0000000093
1863 0.0000000093
1864 0.0000000093
1865 0.0000000093
1866 0.0000000092
1867 0.0000000092
1868 0.0000000092
1869 0.0000000092
1870 0.0000000092
1871 0.0000000092
1872 0.0000000092
1873 0.0000000091
1874 0.0000000091
1875 0.0000000091
1876 0.0000000091
1877 0.0000000091
1878 0.0000000091
1879 0.0000000091
1880 0.0000000091
1881 0.0000000090
1882 0.0000000090
1883 0.0000000090
1884 0.0000000090
1885 0.0000000090
1886 0.0000000090
1887 0.0000000090
1888 0.0000000090
1889 0.0000000089
1890 0.0000000089
1891 0.0000000089
1892 0.0000000089
1893 0.0000000089
1894 0.0000000089
1895 0.0000000089
1896 0.0000000089
1897 0.0000000088
1898 0.0000000088
1899 0.0000000088
1900 0.0000000088
1901 0.0000000088
1902 0.0000000088
1903 0.0000000088
1904 0.0000000088
1905 0.0000000087
1906 0.0000000087
1907 0.0000000087
1908 0.0000000087
1909 0.0000000087
1910 0.0000000087
1911 0.0000000087
1912 0.0000000087
1913 0.0000000086
1914 0.0000000086
1915 0.0000000086
1916 0.0000000086
1917 0.0000000086
1918 0.0000000086
1919 0.0000000086
1920 0.0000000086
1921 0.0000000085
1922 0.0000000085
1923 0.0000000085
1924 0.0000000085
1925 0.0000000085
1926 0.0000000085
1927 0.0000000085
1928 0.0000000085
1929 0.0000000084
1930 0.0000000084
1931 0.0000000084
1932 0.0000000084
1933 0.0000000084
1934 0.0000000084
1935 0.0000000084
1936 0.0000000084
1937 0.0000000083
1938 0.0000000083
1939 0.0000000083
1940 0.0000000083
1941 0.0000000083
1942 0.0000000083
1943 0.0000000083
1944 0.0000000082
1945 0.0000000082
1946 0.0000000082
1947 0.0000000082
1948 0.0000000082
1949 0.0000000082
1950 0.0000000082
1951 0.0000000082
1952 0.0000000081
1953 0.0000000081
1954 0.0000000081
1955 0.0000000081
1956 0.0000000081
1957 0.0000000081
1958 0.0000000081
1959 0.0000000080
1960 0.0000000080
1961 0.0000000080
1962 0.0000000080
1963 0.0000000080
1964 0.0000000080
1965 0.0000000080
1966 0.0000000079
1967 0.0000000079
1968 0.0000000079
1969 0.0000000079
1970 0.0000000079
1971 0.0000000079
1972 0.0000000078
1973 0.0000000078
1974 0.0000000078
1975 0.0000000078
1976 0.0000000078
1977 0.0000000078
1978 0.0000000077
1979 0.0000000077
1980 0.0000000077
1981 0.0000000077
1982 0.0000000077
1983 0.0000000077
1984 0.0000000076
1985 0.0000000076
1986 0.0000000076
1987 0.0000000076
1988 0.0000000075
1989 0.0000000075
1990 0.0000000075
1991 0.0000000075
1992 0.0000000074
1993 0.0000000074
1994 0.0000000073
1995 0.0000000073
1996 0.0000000072
1997 0.0000000071
1998 0.0000000069
1999 0.0000000061
2000 0.0000000000
