1 818
0 0.9854540600
1 0.0037504304
2 0.0015334040
3 0.0010485080
4 0.0007561459
5 0.0005835001
6 0.0004708226
7 0.0003909487
8 0.0003314106
9 0.0002854841
10 0.0002491010
11 0.0002196484
12 0.0001953801
13 0.0001750879
14 0.0001579100
15 0.0001432151
16 0.0001305302
17 0.0001194937
18 0.0001098246
19 0.0001013012
20 0.0000937465
21 0.0000870174
22 0.0000809968
23 0.0000755884
24 0.0000707120
25 0.0000663002
26 0.0000622964
27 0.0000586524
28 0.0000553269
29 0.0000522844
30 0.0000494945
31 0.0000469306
32 0.0000445694
33 0.0000423908
34 0.0000403770
35 0.0000385121
36 0.0000367824
37 0.0000351756
38 0.0000336806
39 0.0000322877
40 0.0000309880
41 0.0000297739
42 0.0000286380
43 0.0000275742
44 0.0000265767
45 0.0000256402
46 0.0000247600
47 0.0000239319
48 0.0000231519
49 0.0000224165
50 0.0000217225
51 0.0000210668
52 0.0000204469
53 0.0000198601
54 0.0000193042
55 0.0000187771
56 0.0000182770
57 0.0000178019
58 0.0000173503
59 0.0000169207
60 0.0000165116
61 0.0000161218
62 0.0000157501
63 0.0000153953
64 0.0000150565
65 0.0000147326
66 0.0000144228
67 0.0000141263
68 0.0000138423
69 0.0000135701
70 0.0000133090
71 0.0000130583
72 0.0000128176
73 0.0000125863
74 0.0000123638
75 0.0000121497
76 0.0000119436
77 0.0000117450
78 0.0000115535
79 0.0000113688
80 0.0000111905
81 0.0000110183
82 0.0000108520
83 0.0000106911
84 0.0000105355
85 0.0000103849
86 0.0000102391
87 0.0000100979
88 0.0000099609
89 0.0000098281
90 0.0000096992
91 0.0000095741
92 0.0000094526
93 0.0000093346
94 0.0000092198
95 0.0000091082
96 0.0000089997
97 0.0000088940
98 0.0000087911
99 0.0000086909
100 0.0000085932
101 0.0000084979
102 0.0000084051
103 0.0000083145
104 0.0000082260
105 0.0000081397
106 0.0000080554
107 0.0000079730
108 0.0000078925
109 0.0000078138
110 0.0000077368
111 0.0000076615
112 0.0000075878
113 0.0000075157
114 0.0000074451
115 0.0000073759
116 0.0000073082
117 0.0000072418
118 0.0000071768
119 0.0000071130
120 0.0000070504
121 0.0000069890
122 0.0000069288
123 0.0000068698
124 0.0000068118
125 0.0000067548
126 0.0000066989
127 0.0000066440
128 0.0000065900
129 0.0000065370
130 0.0000064849
131 0.0000064337
132 0.0000063833
133 0.0000063338
134 0.0000062851
135 0.0000062372
136 0.0000061900
137 0.0000061436
138 0.0000060980
139 0.0000060530
140 0.0000060088
141 0.0000059652
142 0.0000059223
143 0.0000058801
144 0.0000058384
145 0.0000057974
146 0.0000057570
147 0.0000057171
148 0.0000056779
149 0.0000056392
150 0.0000056010
151 0.0000055634
152 0.0000055263
153 0.0000054897
154 0.0000054536
155 0.0000054180
156 0.0000053829
157 0.0000053482
158 0.0000053140
159 0.0000052802
160 0.0000052469
161 0.0000052140
162 0.0000051816
163 0.0000051495
164 0.0000051179
165 0.0000050866
166 0.0000050557
167 0.0000050253
168 0.0000049952
169 0.0000049654
170 0.0000049360
171 0.0000049070
172 0.0000048783
173 0.0000048499
174 0.0000048219
175 0.0000047942
176 0.0000047669
177 0.0000047398
178 0.0000047131
179 0.0000046866
180 0.0000046605
181 0.0000046347
182 0.0000046091
183 0.0000045838
184 0.0000045588
185 0.0000045341
186 0.0000045097
187 0.0000044855
188 0.0000044616
189 0.0000044379
190 0.0000044145
191 0.0000043913
192 0.0000043684
193 0.0000043457
194 0.0000043232
195 0.0000043010
196 0.0000042790
197 0.0000042573
198 0.0000042357
199 0.0000042144
200 0.0000041933
201 0.0000041724
202 0.0000041517
203 0.0000041312
204 0.0000041110
205 0.0000040909
206 0.0000040710
207 0.0000040513
208 0.0000040318
209 0.0000040125
210 0.0000039934
211 0.0000039744
212 0.0000039556
213 0.0000039370
214 0.0000039186
215 0.0000039004
216 0.0000038823
217 0.0000038644
218 0.0000038467
219 0.0000038291
220 0.0000038117
221 0.0000037944
222 0.0000037773
223 0.0000037603
224 0.0000037435
225 0.0000037269
226 0.0000037104
227 0.0000036940
228 0.0000036778
229 0.0000036617
230 0.0000036458
231 0.0000036300
232 0.0000036143
233 0.0000035988
234 0.0000035834
235 0.0000035682
236 0.0000035530
237 0.0000035380
238 0.0000035232
239 0.0000035084
240 0.0000034938
241 0.0000034793
242 0.0000034649
243 0.0000034506
244 0.0000034365
245 0.0000034224
246 0.0000034085
247 0.0000033947
248 0.0000033810
249 0.0000033674
250 0.0000033540
251 0.0000033406
252 0.0000033273
253 0.0000033141
254 0.0000033011
255 0.0000032881
256 0.0000032753
257 0.0000032625
258 0.0000032499
259 0.0000032373
260 0.0000032249
261 0.0000032125
262 0.0000032002
263 0.0000031881
264 0.0000031760
265 0.0000031640
266 0.0000031521
267 0.0000031403
268 0.0000031285
269 0.0000031169
270 0.0000031054
271 0.0000030939
272 0.0000030825
273 0.0000030712
274 0.0000030600
275 0.0000030489
276 0.0000030378
277 0.0000030268
278 0.0000030159
279 0.0000030051
280 0.0000029944
281 0.0000029837
282 0.0000029731
283 0.0000029626
284 0.0000029522
285 0.0000029418
286 0.0000029315
287 0.0000029213
288 0.0000029111
289 0.0000029011
290 0.0000028911
291 0.0000028811
292 0.0000028712
293 0.0000028614
294 0.0000028517
295 0.0000028420
296 0.0000028324
297 0.0000028229
298 0.0000028134
299 0.0000028040
300 0.0000027946
301 0.0000027853
302 0.0000027761
303 0.0000027669
304 0.0000027578
305 0.0000027488
306 0.0000027398
307 0.0000027308
308 0.0000027220
309 0.0000027132
310 0.0000027044
311 0.0000026957
312 0.0000026870
313 0.0000026785
314 0.0000026699
315 0.0000026614
316 0.0000026530
317 0.0000026446
318 0.0000026363
319 0.0000026280
320 0.0000026198
321 0.0000026116
322 0.0000026035
323 0.0000025955
324 0.0000025874
325 0.0000025795
326 0.0000025716
327 0.0000025637
328 0.0000025559
329 0.0000025481
330 0.0000025404
331 0.0000025327
332 0.0000025250
333 0.0000025174
334 0.0000025099
335 0.0000025024
336 0.0000024949
337 0.0000024875
338 0.0000024802
339 0.0000024728
340 0.0000024656
341 0.0000024583
342 0.0000024511
343 0.0000024440
344 0.0000024369
345 0.0000024298
346 0.0000024228
347 0.0000024158
348 0.0000024088
349 0.0000024019
350 0.0000023950
351 0.0000023882
352 0.0000023814
353 0.0000023747
354 0.0000023680
355 0.0000023613
356 0.0000023546
357 0.0000023480
358 0.0000023415
359 0.0000023349
360 0.0000023284
361 0.0000023220
362 0.0000023156
363 0.0000023092
364 0.0000023028
365 0.0000022965
366 0.0000022902
367 0.0000022840
368 0.0000022778
369 0.0000022716
370 0.0000022654
371 0.0000022593
372 0.0000022532
373 0.0000022472
374 0.0000022412
375 0.0000022352
376 0.0000022292
377 0.0000022233
378 0.0000022174
379 0.0000022116
380 0.0000022057
381 0.0000021999
382 0.0000021942
383 0.0000021884
384 0.0000021827
385 0.0000021771
386 0.0000021714
387 0.0000021658
388 0.0000021602
389 0.0000021546
390 0.0000021491
391 0.0000021436
392 0.0000021381
393 0.0000021327
394 0.0000021273
395 0.0000021219
396 0.0000021165
397 0.0000021112
398 0.0000021058
399 0.0000021006
400 0.0000020953
401 0.0000020901
402 0.0000020849
403 0.0000020797
404 0.0000020745
405 0.0000020694
406 0.0000020643
407 0.0000020592
408 0.0000020542
409 0.0000020491
410 0.0000020441
411 0.0000020391
412 0.0000020342
413 0.0000020292
414 0.0000020243
415 0.0000020194
416 0.0000020146
417 0.0000020097
418 0.0000020049
419 0.0000020001
420 0.0000019954
421 0.0000019906
422 0.0000019859
423 0.0000019812
424 0.0000019765
425 0.0000019718
426 0.0000019672
427 0.0000019626
428 0.0000019580
429 0.0000019534
430 0.0000019489
431 0.0000019443
432 0.0000019398
433 0.0000019353
434 0.0000019309
435 0.0000019264
436 0.0000019220
437 0.0000019176
438 0.0000019132
439 0.0000019088
440 0.0000019045
441 0.0000019002
442 0.0000018959
443 0.0000018916
444 0.0000018873
445 0.0000018830
446 0.0000018788
447 0.0000018746
448 0.0000018704
449 0.0000018662
450 0.0000018621
451 0.0000018579
452 0.0000018538
453 0.0000018497
454 0.0000018456
455 0.0000018416
456 0.0000018375
457 0.0000018335
458 0.0000018295
459 0.0000018255
460 0.0000018215
461 0.0000018175
462 0.0000018136
463 0.0000018097
464 0.0000018058
465 0.0000018019
466 0.0000017980
467 0.0000017941
468 0.0000017903
469 0.0000017865
470 0.0000017826
471 0.0000017789
472 0.0000017751
473 0.0000017713
474 0.0000017676
475 0.0000017638
476 0.0000017601
477 0.0000017564
478 0.0000017527
479 0.0000017491
480 0.0000017454
481 0.0000017418
482 0.0000017381
483 0.0000017345
484 0.0000017309
485 0.0000017274
486 0.0000017238
487 0.0000017202
488 0.0000017167
489 0.0000017132
490 0.0000017097
491 0.0000017062
492 0.0000017027
493 0.0000016992
494 0.0000016958
495 0.0000016924
496 0.0000016889
497 0.0000016855
498 0.0000016821
499 0.0000016787
500 0.0000016754
501 0.0000016720
502 0.0000016687
503 0.0000016654
504 0.0000016620
505 0.0000016587
506 0.0000016554
507 0.0000016522
508 0.0000016489
509 0.0000016457
510 0.0000016424
511 0.0000016392
512 0.0000016360
513 0.0000016328
514 0.0000016296
515 0.0000016264
516 0.0000016232
517 0.0000016201
518 0.0000016170
519 0.0000016138
520 0.0000016107
521 0.0000016076
522 0.0000016045
523 0.0000016014
524 0.0000015984
525 0.0000015953
526 0.0000015923
527 0.0000015892
528 0.0000015862
529 0.0000015832
530 0.0000015802
531 0.0000015772
532 0.0000015742
533 0.0000015713
534 0.0000015683
535 0.0000015654
536 0.0000015624
537 0.0000015595
538 0.0000015566
539 0.0000015537
540 0.0000015508
541 0.0000015479
542 0.0000015450
543 0.0000015422
544 0.0000015393
545 0.0000015365
546 0.0000015337
547 0.0000015309
548 0.0000015280
549 0.0000015252
550 0.0000015225
551 0.0000015197
552 0.0000015169
553 0.0000015142
554 0.0000015114
555 0.0000015087
556 0.0000015059
557 0.0000015032
558 0.0000015005
559 0.0000014978
560 0.0000014951
561 0.0000014924
562 0.0000014898
563 0.0000014871
564 0.0000014845
565 0.0000014818
566 0.0000014792
567 0.0000014766
568 0.0000014739
569 0.0000014713
570 0.0000014687
571 0.0000014662
572 0.0000014636
573 0.0000014610
574 0.0000014584
575 0.0000014559
576 0.0000014533
577 0.0000014508
578 0.0000014483
579 0.0000014458
580 0.0000014433
581 0.0000014408
582 0.0000014383
583 0.0000014358
584 0.0000014333
585 0.0000014308
586 0.0000014284
587 0.0000014259
588 0.0000014235
589 0.0000014210
590 0.0000014186
591 0.0000014162
592 0.0000014138
593 0.0000014114
594 0.0000014090
595 0.0000014066
596 0.0000014042
597 0.0000014018
598 0.0000013995
599 0.0000013971
600 0.0000013948
601 0.0000013924
602 0.0000013901
603 0.0000013878
604 0.0000013855
605 0.0000013831
606 0.0000013808
607 0.0000013785
608 0.0000013763
609 0.0000013740
610 0.0000013717
611 0.0000013694
612 0.0000013672
613 0.0000013649
614 0.0000013627
615 0.0000013604
616 0.0000013582
617 0.0000013560
618 0.0000013538
619 0.0000013516
620 0.0000013494
621 0.0000013472
622 0.0000013450
623 0.0000013428
624 0.0000013406
625 0.0000013384
626 0.0000013363
627 0.0000013341
628 0.0000013320
629 0.0000013298
630 0.0000013277
631 0.0000013256
632 0.0000013234
633 0.0000013213
634 0.0000013192
635 0.0000013171
636 0.0000013150
637 0.0000013129
638 0.0000013108
639 0.0000013088
640 0.0000013067
641 0.0000013046
642 0.0000013026
643 0.0000013005
644 0.0000012984
645 0.0000012964
646 0.0000012944
647 0.0000012923
648 0.0000012903
649 0.0000012883
650 0.0000012863
651 0.0000012843
652 0.0000012823
653 0.0000012803
654 0.0000012783
655 0.0000012763
656 0.0000012743
657 0.0000012724
658 0.0000012704
659 0.0000012684
660 0.0000012665
661 0.0000012645
662 0.0000012626
663 0.0000012606
664 0.0000012587
665 0.0000012568
666 0.0000012548
667 0.0000012529
668 0.0000012510
669 0.0000012491
670 0.0000012472
671 0.0000012453
672 0.0000012434
673 0.0000012415
674 0.0000012396
675 0.0000012378
676 0.0000012359
677 0.0000012340
678 0.0000012322
679 0.0000012303
680 0.0000012285
681 0.0000012266
682 0.0000012248
683 0.0000012229
684 0.0000012211
685 0.0000012193
686 0.0000012174
687 0.0000012156
688 0.0000012138
689 0.0000012120
690 0.0000012102
691 0.0000012084
692 0.0000012066
693 0.0000012048
694 0.0000012030
695 0.0000012012
696 0.0000011994
697 0.0000011977
698 0.0000011959
699 0.0000011941
700 0.0000011924
701 0.0000011906
702 0.0000011888
703 0.0000011871
704 0.0000011853
705 0.0000011836
706 0.0000011819
707 0.0000011801
708 0.0000011784
709 0.0000011767
710 0.0000011749
711 0.0000011732
712 0.0000011715
713 0.0000011698
714 0.0000011681
715 0.0000011664
716 0.0000011647
717 0.0000011630
718 0.0000011613
719 0.0000011596
720 0.0000011579
721 0.0000011562
722 0.0000011545
723 0.0000011528
724 0.0000011512
725 0.0000011495
726 0.0000011478
727 0.0000011462
728 0.0000011445
729 0.0000011428
730 0.0000011412
731 0.0000011395
732 0.0000011379
733 0.0000011362
734 0.0000011345
735 0.0000011329
736 0.0000011313
737 0.0000011296
738 0.0000011280
739 0.0000011263
740 0.0000011247
741 0.0000011231
742 0.0000011214
743 0.0000011198
744 0.0000011182
745 0.0000011165
746 0.0000011149
747 0.0000011133
748 0.0000011116
749 0.0000011100
750 0.0000011084
751 0.0000011068
752 0.0000011051
753 0.0000011035
754 0.0000011019
755 0.0000011003
756 0.0000010987
757 0.0000010970
758 0.0000010954
759 0.0000010938
760 0.0000010922
761 0.0000010906
762 0.0000010889
763 0.0000010873
764 0.0000010857
765 0.0000010840
766 0.0000010824
767 0.0000010808
768 0.0000010792
769 0.0000010775
770 0.0000010759
771 0.0000010742
772 0.0000010726
773 0.0000010709
774 0.0000010693
775 0.0000010676
776 0.0000010660
777 0.0000010643
778 0.0000010626
779 0.0000010609
780 0.0000010593
781 0.0000010576
782 0.0000010559
783 0.0000010541
784 0.0000010524
785 0.0000010507
786 0.0000010489
787 0.0000010472
788 0.0000010454
789 0.0000010436
790 0.0000010418
791 0.0000010400
792 0.0000010382
793 0.0000010363
794 0.0000010344
795 0.0000010325
796 0.0000010305
797 0.0000010285
798 0.0000010265
799 0.0000010244
800 0.0000010223
801 0.0000010201
802 0.0000010179
803 0.0000010155
804 0.0000010130
805 0.0000010105
806 0.0000010077
807 0.0000010048
808 0.0000010016
809 0.0000009980
810 0.0000009940
811 0.0000009893
812 0.0000009836
813 0.0000009763
814 0.0000009662
815 0.0000009511
816 0.0000009212
817 0.0000008209
818 0.0000000000
