1 316
0 0.9762930868
1 0.0094914906
2 0.0029235035
3 0.0017240134
4 0.0011073218
5 0.0007887703
6 0.0006030951
7 0.0004828912
8 0.0003995012
9 0.0003387197
10 0.0002926622
11 0.0002566525
12 0.0002277792
13 0.0002041498
14 0.0001844846
15 0.0001678885
16 0.0001537158
17 0.0001414892
18 0.0001308479
19 0.0001215143
20 0.0001132709
21 0.0001059454
22 0.0000993991
23 0.0000935195
24 0.0000882142
25 0.0000834068
26 0.0000790337
27 0.0000750412
28 0.0000713841
29 0.0000680237
30 0.0000649271
31 0.0000620659
32 0.0000594154
33 0.0000569544
34 0.0000546642
35 0.0000525285
36 0.0000505328
37 0.0000486646
38 0.0000469126
39 0.0000452668
40 0.0000437183
41 0.0000422591
42 0.0000408822
43 0.0000395810
44 0.0000383498
45 0.0000371835
46 0.0000360771
47 0.0000350266
48 0.0000340278
49 0.0000330774
50 0.0000321720
51 0.0000313087
52 0.0000304847
53 0.0000296977
54 0.0000289451
55 0.0000282250
56 0.0000275354
57 0.0000268745
58 0.0000262406
59 0.0000256322
60 0.0000250479
61 0.0000244863
62 0.0000239461
63 0.0000234264
64 0.0000229258
65 0.0000224436
66 0.0000219787
67 0.0000215302
68 0.0000210974
69 0.0000206795
70 0.0000202758
71 0.0000198855
72 0.0000195081
73 0.0000191430
74 0.0000187896
75 0.0000184474
76 0.0000181158
77 0.0000177945
78 0.0000174830
79 0.0000171808
80 0.0000168875
81 0.0000166029
82 0.0000163265
83 0.0000160580
84 0.0000157971
85 0.0000155434
86 0.0000152968
87 0.0000150569
88 0.0000148234
89 0.0000145962
90 0.0000143750
91 0.0000141595
92 0.0000139496
93 0.0000137451
94 0.0000135457
95 0.0000133513
96 0.0000131616
97 0.0000129767
98 0.0000127962
99 0.0000126200
100 0.0000124480
101 0.0000122800
102 0.0000121160
103 0.0000119557
104 0.0000117991
105 0.0000116460
106 0.0000114963
107 0.0000113500
108 0.0000112068
109 0.0000110668
110 0.0000109298
111 0.0000107957
112 0.0000106645
113 0.0000105360
114 0.0000104102
115 0.0000102869
116 0.0000101662
117 0.0000100480
118 0.0000099321
119 0.0000098185
120 0.0000097071
121 0.0000095980
122 0.0000094909
123 0.0000093859
124 0.0000092830
125 0.0000091819
126 0.0000090828
127 0.0000089855
128 0.0000088900
129 0.0000087963
130 0.0000087043
131 0.0000086139
132 0.0000085252
133 0.0000084380
134 0.0000083524
135 0.0000082683
136 0.0000081856
137 0.0000081044
138 0.0000080246
139 0.0000079461
140 0.0000078689
141 0.0000077931
142 0.0000077185
143 0.0000076451
144 0.0000075730
145 0.0000075020
146 0.0000074322
147 0.0000073635
148 0.0000072959
149 0.0000072293
150 0.0000071638
151 0.0000070994
152 0.0000070359
153 0.0000069734
154 0.0000069119
155 0.0000068514
156 0.0000067917
157 0.0000067329
158 0.0000066750
159 0.0000066180
160 0.0000065618
161 0.0000065065
162 0.0000064519
163 0.0000063982
164 0.0000063452
165 0.0000062929
166 0.0000062415
167 0.0000061907
168 0.0000061407
169 0.0000060913
170 0.0000060427
171 0.0000059947
172 0.0000059473
173 0.0000059006
174 0.0000058546
175 0.0000058092
176 0.0000057643
177 0.0000057201
178 0.0000056765
179 0.0000056334
180 0.0000055909
181 0.0000055490
182 0.0000055076
183 0.0000054667
184 0.0000054264
185 0.0000053865
186 0.0000053472
187 0.0000053084
188 0.0000052700
189 0.0000052322
190 0.0000051948
191 0.0000051578
192 0.0000051213
193 0.0000050853
194 0.0000050497
195 0.0000050145
196 0.0000049798
197 0.0000049454
198 0.0000049115
199 0.0000048780
200 0.0000048449
201 0.0000048121
202 0.0000047798
203 0.0000047478
204 0.0000047162
205 0.0000046849
206 0.0000046540
207 0.0000046234
208 0.0000045932
209 0.0000045634
210 0.0000045338
211 0.0000045046
212 0.0000044758
213 0.0000044472
214 0.0000044189
215 0.0000043910
216 0.0000043634
217 0.0000043360
218 0.0000043090
219 0.0000042822
220 0.0000042558
221 0.0000042296
222 0.0000042036
223 0.0000041780
224 0.0000041526
225 0.0000041275
226 0.0000041026
227 0.0000040781
228 0.0000040537
229 0.0000040296
230 0.0000040057
231 0.0000039821
232 0.0000039588
233 0.0000039356
234 0.0000039127
235 0.0000038900
236 0.0000038675
237 0.0000038453
238 0.0000038233
239 0.0000038014
240 0.0000037798
241 0.0000037584
242 0.0000037372
243 0.0000037162
244 0.0000036954
245 0.0000036748
246 0.0000036544
247 0.0000036342
248 0.0000036142
249 0.0000035943
250 0.0000035747
251 0.0000035552
252 0.0000035359
253 0.0000035167
254 0.0000034977
255 0.0000034789
256 0.0000034603
257 0.0000034418
258 0.0000034235
259 0.0000034054
260 0.0000033873
261 0.0000033695
262 0.0000033518
263 0.0000033342
264 0.0000033168
265 0.0000032996
266 0.0000032825
267 0.0000032655
268 0.0000032486
269 0.0000032319
270 0.0000032153
271 0.0000031988
272 0.0000031825
273 0.0000031663
274 0.0000031502
275 0.0000031342
276 0.0000031183
277 0.0000031026
278 0.0000030869
279 0.0000030714
280 0.0000030559
281 0.0000030406
282 0.0000030253
283 0.0000030101
284 0.0000029951
285 0.0000029800
286 0.0000029651
287 0.0000029502
288 0.0000029354
289 0.0000029206
290 0.0000029059
291 0.0000028912
292 0.0000028765
293 0.0000028619
294 0.0000028472
295 0.0000028325
296 0.0000028178
297 0.0000028029
298 0.0000027880
299 0.0000027730
300 0.0000027578
301 0.0000027423
302 0.0000027265
303 0.0000027104
304 0.0000026937
305 0.0000026763
306 0.0000026579
307 0.0000026384
308 0.0000026171
309 0.0000025936
310 0.0000025666
311 0.0000025343
312 0.0000024936
313 0.0000024386
314 0.0000023447
315 0.0000020734
316 0.0000000000
