0 558
0 0.9611578449
1 0.0072817962
2 0.0030882624
3 0.0021692612
4 0.0016127756
5 0.0012826090
6 0.0010657931
7 0.0009110005
8 0.0007946950
9 0.0007041828
10 0.0006317824
11 0.0005725597
12 0.0005232163
13 0.0004814698
14 0.0004456914
15 0.0004146875
16 0.0003875631
17 0.0003636337
18 0.0003423666
19 0.0003233417
20 0.0003062224
21 0.0002907367
22 0.0002766617
23 0.0002638134
24 0.0002520384
25 0.0002412080
26 0.0002312133
27 0.0002219612
28 0.0002133722
29 0.0002053778
30 0.0001979185
31 0.0001909424
32 0.0001844044
33 0.0001782644
34 0.0001724875
35 0.0001670425
36 0.0001619018
37 0.0001570406
38 0.0001524368
39 0.0001480708
40 0.0001439246
41 0.0001399822
42 0.0001362290
43 0.0001326517
44 0.0001292385
45 0.0001259783
46 0.0001228612
47 0.0001198780
48 0.0001170204
49 0.0001142806
50 0.0001116517
51 0.0001091270
52 0.0001067006
53 0.0001043669
54 0.0001021206
55 0.0000999572
56 0.0000978721
57 0.0000958612
58 0.0000939206
59 0.0000920469
60 0.0000902365
61 0.0000884865
62 0.0000867939
63 0.0000851559
64 0.0000835700
65 0.0000820338
66 0.0000805451
67 0.0000791016
68 0.0000777014
69 0.0000763427
70 0.0000750235
71 0.0000737424
72 0.0000724976
73 0.0000712877
74 0.0000701112
75 0.0000689669
76 0.0000678534
77 0.0000667696
78 0.0000657143
79 0.0000646864
80 0.0000636849
81 0.0000627088
82 0.0000617572
83 0.0000608292
84 0.0000599239
85 0.0000590406
86 0.0000581784
87 0.0000573367
88 0.0000565148
89 0.0000557119
90 0.0000549275
91 0.0000541608
92 0.0000534115
93 0.0000526788
94 0.0000519623
95 0.0000512614
96 0.0000505757
97 0.0000499047
98 0.0000492479
99 0.0000486049
100 0.0000479752
101 0.0000473586
102 0.0000467546
103 0.0000461628
104 0.0000455829
105 0.0000450145
106 0.0000444573
107 0.0000439110
108 0.0000433753
109 0.0000428500
110 0.0000423346
111 0.0000418289
112 0.0000413328
113 0.0000408459
114 0.0000403679
115 0.0000398987
116 0.0000394381
117 0.0000389857
118 0.0000385414
119 0.0000381050
120 0.0000376763
121 0.0000372551
122 0.0000368412
123 0.0000364344
124 0.0000360346
125 0.0000356416
126 0.0000352551
127 0.0000348752
128 0.0000345016
129 0.0000341341
130 0.0000337727
131 0.0000334171
132 0.0000330673
133 0.0000327231
134 0.0000323844
135 0.0000320511
136 0.0000317230
137 0.0000314000
138 0.0000310821
139 0.0000307691
140 0.0000304609
141 0.0000301573
142 0.0000298584
143 0.0000295640
144 0.0000292740
145 0.0000289883
146 0.0000287069
147 0.0000284296
148 0.0000281563
149 0.0000278870
150 0.0000276216
151 0.0000273600
152 0.0000271022
153 0.0000268480
154 0.0000265974
155 0.0000263503
156 0.0000261067
157 0.0000258665
158 0.0000256296
159 0.0000253959
160 0.0000251655
161 0.0000249381
162 0.0000247139
163 0.0000244927
164 0.0000242744
165 0.0000240590
166 0.0000238465
167 0.0000236368
168 0.0000234299
169 0.0000232256
170 0.0000230240
171 0.0000228250
172 0.0000226286
173 0.0000224347
174 0.0000222432
175 0.0000220542
176 0.0000218676
177 0.0000216833
178 0.0000215013
179 0.0000213216
180 0.0000211441
181 0.0000209688
182 0.0000207957
183 0.0000206246
184 0.0000204557
185 0.0000202888
186 0.0000201239
187 0.0000199609
188 0.0000198000
189 0.0000196409
190 0.0000194838
191 0.0000193285
192 0.0000191750
193 0.0000190233
194 0.0000188733
195 0.0000187252
196 0.0000185787
197 0.0000184339
198 0.0000182908
199 0.0000181493
200 0.0000180094
201 0.0000178711
202 0.0000177344
203 0.0000175992
204 0.0000174655
205 0.0000173333
206 0.0000172026
207 0.0000170733
208 0.0000169454
209 0.0000168190
210 0.0000166939
211 0.0000165702
212 0.0000164479
213 0.0000163268
214 0.0000162071
215 0.0000160886
216 0.0000159715
217 0.0000158555
218 0.0000157408
219 0.0000156273
220 0.0000155151
221 0.0000154040
222 0.0000152940
223 0.0000151852
224 0.0000150776
225 0.0000149710
226 0.0000148656
227 0.0000147612
228 0.0000146579
229 0.0000145557
230 0.0000144545
231 0.0000143544
232 0.0000142552
233 0.0000141571
234 0.0000140599
235 0.0000139638
236 0.0000138685
237 0.0000137743
238 0.0000136809
239 0.0000135885
240 0.0000134970
241 0.0000134064
242 0.0000133167
243 0.0000132279
244 0.0000131399
245 0.0000130529
246 0.0000129666
247 0.0000128812
248 0.0000127965
249 0.0000127128
250 0.0000126298
251 0.0000125476
252 0.0000124662
253 0.0000123855
254 0.0000123057
255 0.0000122265
256 0.0000121482
257 0.0000120705
258 0.0000119936
259 0.0000119174
260 0.0000118420
261 0.0000117672
262 0.0000116931
263 0.0000116197
264 0.0000115470
265 0.0000114749
266 0.0000114035
267 0.0000113327
268 0.0000112626
269 0.0000111932
270 0.0000111243
271 0.0000110561
272 0.0000109885
273 0.0000109215
274 0.0000108551
275 0.0000107893
276 0.0000107241
277 0.0000106595
278 0.0000105954
279 0.0000105319
280 0.0000104690
281 0.0000104066
282 0.0000103448
283 0.0000102835
284 0.0000102228
285 0.0000101625
286 0.0000101028
287 0.0000100437
288 0.0000099850
289 0.0000099268
290 0.0000098692
291 0.0000098120
292 0.0000097554
293 0.0000096992
294 0.0000096435
295 0.0000095882
296 0.0000095335
297 0.0000094792
298 0.0000094253
299 0.0000093720
300 0.0000093190
301 0.0000092665
302 0.0000092145
303 0.0000091629
304 0.0000091117
305 0.0000090609
306 0.0000090106
307 0.0000089607
308 0.0000089112
309 0.0000088621
310 0.0000088134
311 0.0000087651
312 0.0000087172
313 0.0000086697
314 0.0000086226
315 0.0000085758
316 0.0000085295
317 0.0000084835
318 0.0000084379
319 0.0000083927
320 0.0000083478
321 0.0000083033
322 0.0000082591
323 0.0000082153
324 0.0000081719
325 0.0000081288
326 0.0000080860
327 0.0000080436
328 0.0000080015
329 0.0000079598
330 0.0000079183
331 0.0000078773
332 0.0000078365
333 0.0000077960
334 0.0000077559
335 0.0000077161
336 0.0000076766
337 0.0000076374
338 0.0000075985
339 0.0000075599
340 0.0000075216
341 0.0000074836
342 0.0000074459
343 0.0000074085
344 0.0000073714
345 0.0000073345
346 0.0000072980
347 0.0000072617
348 0.0000072257
349 0.0000071900
350 0.0000071545
351 0.0000071193
352 0.0000070844
353 0.0000070497
354 0.0000070153
355 0.0000069812
356 0.0000069473
357 0.0000069137
358 0.0000068803
359 0.0000068472
360 0.0000068143
361 0.0000067817
362 0.0000067493
363 0.0000067172
364 0.0000066853
365 0.0000066536
366 0.0000066222
367 0.0000065910
368 0.0000065600
369 0.0000065292
370 0.0000064987
371 0.0000064684
372 0.0000064383
373 0.0000064085
374 0.0000063788
375 0.0000063494
376 0.0000063202
377 0.0000062912
378 0.0000062624
379 0.0000062339
380 0.0000062055
381 0.0000061773
382 0.0000061493
383 0.0000061216
384 0.0000060940
385 0.0000060667
386 0.0000060395
387 0.0000060125
388 0.0000059857
389 0.0000059591
390 0.0000059327
391 0.0000059065
392 0.0000058804
393 0.0000058546
394 0.0000058289
395 0.0000058035
396 0.0000057782
397 0.0000057530
398 0.0000057281
399 0.0000057033
400 0.0000056787
401 0.0000056543
402 0.0000056300
403 0.0000056059
404 0.0000055820
405 0.0000055582
406 0.0000055346
407 0.0000055112
408 0.0000054879
409 0.0000054648
410 0.0000054419
411 0.0000054191
412 0.0000053964
413 0.0000053739
414 0.0000053516
415 0.0000053294
416 0.0000053074
417 0.0000052856
418 0.0000052638
419 0.0000052423
420 0.0000052208
421 0.0000051995
422 0.0000051784
423 0.0000051574
424 0.0000051366
425 0.0000051158
426 0.0000050953
427 0.0000050748
428 0.0000050545
429 0.0000050343
430 0.0000050143
431 0.0000049944
432 0.0000049746
433 0.0000049550
434 0.0000049355
435 0.0000049162
436 0.0000048969
437 0.0000048778
438 0.0000048588
439 0.0000048399
440 0.0000048212
441 0.0000048026
442 0.0000047841
443 0.0000047657
444 0.0000047475
445 0.0000047293
446 0.0000047113
447 0.0000046934
448 0.0000046756
449 0.0000046580
450 0.0000046404
451 0.0000046230
452 0.0000046057
453 0.0000045885
454 0.0000045714
455 0.0000045544
456 0.0000045375
457 0.0000045207
458 0.0000045041
459 0.0000044875
460 0.0000044711
461 0.0000044547
462 0.0000044385
463 0.0000044224
464 0.0000044063
465 0.0000043904
466 0.0000043746
467 0.0000043588
468 0.0000043432
469 0.0000043277
470 0.0000043122
471 0.0000042969
472 0.0000042817
473 0.0000042666
474 0.0000042515
475 0.0000042365
476 0.0000042217
477 0.0000042069
478 0.0000041923
479 0.0000041777
480 0.0000041632
481 0.0000041488
482 0.0000041345
483 0.0000041203
484 0.0000041061
485 0.0000040921
486 0.0000040781
487 0.0000040643
488 0.0000040505
489 0.0000040368
490 0.0000040232
491 0.0000040097
492 0.0000039962
493 0.0000039828
494 0.0000039695
495 0.0000039563
496 0.0000039432
497 0.0000039302
498 0.0000039172
499 0.0000039043
500 0.0000038915
501 0.0000038788
502 0.0000038662
503 0.0000038536
504 0.0000038411
505 0.0000038287
506 0.0000038163
507 0.0000038041
508 0.0000037919
509 0.0000037797
510 0.0000037677
511 0.0000037557
512 0.0000037438
513 0.0000037320
514 0.0000037202
515 0.0000037085
516 0.0000036969
517 0.0000036853
518 0.0000036739
519 0.0000036624
520 0.0000036511
521 0.0000036398
522 0.0000036286
523 0.0000036174
524 0.0000036063
525 0.0000035953
526 0.0000035844
527 0.0000035735
528 0.0000035626
529 0.0000035519
530 0.0000035412
531 0.0000035306
532 0.0000035200
533 0.0000035095
534 0.0000034990
535 0.0000034886
536 0.0000034783
537 0.0000034680
538 0.0000034578
539 0.0000034476
540 0.0000034375
541 0.0000034275
542 0.0000034175
543 0.0000034076
544 0.0000033978
545 0.0000033879
546 0.0000033782
547 0.0000033685
548 0.0000033588
549 0.0000033493
550 0.0000033397
551 0.0000033303
552 0.0000033208
553 0.0000033115
554 0.0000033022
555 0.0000032929
556 0.0000032837
557 0.0000032745
558 0.0000032654
