0 316
0 0.9735824956
1 0.0069813353
2 0.0023662734
3 0.0014727088
4 0.0009794839
5 0.0007198880
6 0.0005686497
7 0.0004709100
8 0.0004030586
9 0.0003533953
10 0.0003154352
11 0.0002853646
12 0.0002608476
13 0.0002403960
14 0.0002230239
15 0.0002080519
16 0.0001949957
17 0.0001834985
18 0.0001732905
19 0.0001641630
20 0.0001559513
21 0.0001485230
22 0.0001417708
23 0.0001356061
24 0.0001299553
25 0.0001247567
26 0.0001199580
27 0.0001155148
28 0.0001113890
29 0.0001075478
30 0.0001039626
31 0.0001006088
32 0.0000974646
33 0.0000945109
34 0.0000917310
35 0.0000891099
36 0.0000866345
37 0.0000842928
38 0.0000820744
39 0.0000799697
40 0.0000779703
41 0.0000760685
42 0.0000742571
43 0.0000725301
44 0.0000708815
45 0.0000693062
46 0.0000677994
47 0.0000663567
48 0.0000649741
49 0.0000636480
50 0.0000623749
51 0.0000611517
52 0.0000599756
53 0.0000588438
54 0.0000577540
55 0.0000567038
56 0.0000556911
57 0.0000547139
58 0.0000537705
59 0.0000528590
60 0.0000519779
61 0.0000511256
62 0.0000503009
63 0.0000495024
64 0.0000487288
65 0.0000479790
66 0.0000472519
67 0.0000465466
68 0.0000458619
69 0.0000451972
70 0.0000445514
71 0.0000439238
72 0.0000433136
73 0.0000427202
74 0.0000421428
75 0.0000415808
76 0.0000410335
77 0.0000405005
78 0.0000399812
79 0.0000394750
80 0.0000389814
81 0.0000385001
82 0.0000380305
83 0.0000375722
84 0.0000371248
85 0.0000366879
86 0.0000362612
87 0.0000358443
88 0.0000354369
89 0.0000350387
90 0.0000346492
91 0.0000342684
92 0.0000338958
93 0.0000335312
94 0.0000331744
95 0.0000328251
96 0.0000324831
97 0.0000321481
98 0.0000318200
99 0.0000314985
100 0.0000311834
101 0.0000308746
102 0.0000305718
103 0.0000302749
104 0.0000299837
105 0.0000296980
106 0.0000294178
107 0.0000291428
108 0.0000288728
109 0.0000286079
110 0.0000283477
111 0.0000280922
112 0.0000278413
113 0.0000275949
114 0.0000273527
115 0.0000271148
116 0.0000268809
117 0.0000266511
118 0.0000264252
119 0.0000262030
120 0.0000259846
121 0.0000257697
122 0.0000255584
123 0.0000253505
124 0.0000251460
125 0.0000249448
126 0.0000247467
127 0.0000245518
128 0.0000243599
129 0.0000241710
130 0.0000239849
131 0.0000238018
132 0.0000236214
133 0.0000234437
134 0.0000232686
135 0.0000230962
136 0.0000229263
137 0.0000227589
138 0.0000225939
139 0.0000224312
140 0.0000222709
141 0.0000221129
142 0.0000219571
143 0.0000218035
144 0.0000216520
145 0.0000215026
146 0.0000213552
147 0.0000212098
148 0.0000210665
149 0.0000209250
150 0.0000207854
151 0.0000206477
152 0.0000205118
153 0.0000203776
154 0.0000202452
155 0.0000201145
156 0.0000199855
157 0.0000198581
158 0.0000197323
159 0.0000196081
160 0.0000194855
161 0.0000193644
162 0.0000192448
163 0.0000191266
164 0.0000190099
165 0.0000188946
166 0.0000187807
167 0.0000186682
168 0.0000185570
169 0.0000184471
170 0.0000183385
171 0.0000182312
172 0.0000181251
173 0.0000180202
174 0.0000179166
175 0.0000178141
176 0.0000177128
177 0.0000176127
178 0.0000175137
179 0.0000174157
180 0.0000173189
181 0.0000172231
182 0.0000171284
183 0.0000170347
184 0.0000169421
185 0.0000168504
186 0.0000167597
187 0.0000166700
188 0.0000165813
189 0.0000164934
190 0.0000164066
191 0.0000163206
192 0.0000162355
193 0.0000161513
194 0.0000160679
195 0.0000159855
196 0.0000159038
197 0.0000158230
198 0.0000157430
199 0.0000156638
200 0.0000155854
201 0.0000155078
202 0.0000154309
203 0.0000153548
204 0.0000152794
205 0.0000152048
206 0.0000151309
207 0.0000150577
208 0.0000149852
209 0.0000149135
210 0.0000148424
211 0.0000147719
212 0.0000147021
213 0.0000146330
214 0.0000145646
215 0.0000144967
216 0.0000144295
217 0.0000143629
218 0.0000142970
219 0.0000142316
220 0.0000141668
221 0.0000141026
222 0.0000140390
223 0.0000139759
224 0.0000139134
225 0.0000138515
226 0.0000137901
227 0.0000137293
228 0.0000136690
229 0.0000136092
230 0.0000135499
231 0.0000134912
232 0.0000134329
233 0.0000133752
234 0.0000133179
235 0.0000132611
236 0.0000132049
237 0.0000131490
238 0.0000130937
239 0.0000130388
240 0.0000129844
241 0.0000129304
242 0.0000128769
243 0.0000128238
244 0.0000127711
245 0.0000127189
246 0.0000126671
247 0.0000126157
248 0.0000125647
249 0.0000125141
250 0.0000124640
251 0.0000124142
252 0.0000123649
253 0.0000123159
254 0.0000122673
255 0.0000122191
256 0.0000121712
257 0.0000121237
258 0.0000120766
259 0.0000120299
260 0.0000119835
261 0.0000119375
262 0.0000118918
263 0.0000118465
264 0.0000118015
265 0.0000117568
266 0.0000117125
267 0.0000116685
268 0.0000116249
269 0.0000115815
270 0.0000115385
271 0.0000114958
272 0.0000114534
273 0.0000114114
274 0.0000113696
275 0.0000113281
276 0.0000112870
277 0.0000112461
278 0.0000112055
279 0.0000111652
280 0.0000111252
281 0.0000110855
282 0.0000110461
283 0.0000110069
284 0.0000109680
285 0.0000109294
286 0.0000108910
287 0.0000108529
288 0.0000108151
289 0.0000107776
290 0.0000107403
291 0.0000107032
292 0.0000106664
293 0.0000106299
294 0.0000105936
295 0.0000105575
296 0.0000105217
297 0.0000104861
298 0.0000104508
299 0.0000104157
300 0.0000103808
301 0.0000103462
302 0.0000103118
303 0.0000102776
304 0.0000102436
305 0.0000102099
306 0.0000101763
307 0.0000101430
308 0.0000101099
309 0.0000100771
310 0.0000100444
311 0.0000100119
312 0.0000099797
313 0.0000099476
314 0.0000099158
315 0.0000098841
316 0.0000098526
