0 462
0 0.9773682753
1 0.0072594992
2 0.0022427702
3 0.0013064346
4 0.0008063333
5 0.0005560335
6 0.0004189208
7 0.0003356335
8 0.0002810514
9 0.0002430676
10 0.0002151994
11 0.0001937866
12 0.0001766918
13 0.0001626230
14 0.0001507695
15 0.0001406005
16 0.0001317542
17 0.0001239735
18 0.0001170692
19 0.0001108972
20 0.0001053452
21 0.0001003236
22 0.0000957596
23 0.0000915933
24 0.0000877749
25 0.0000842626
26 0.0000810208
27 0.0000780196
28 0.0000752329
29 0.0000726386
30 0.0000702173
31 0.0000679523
32 0.0000658289
33 0.0000638341
34 0.0000619567
35 0.0000601865
36 0.0000585147
37 0.0000569331
38 0.0000554349
39 0.0000540134
40 0.0000526630
41 0.0000513785
42 0.0000501551
43 0.0000489887
44 0.0000478752
45 0.0000468113
46 0.0000457935
47 0.0000448192
48 0.0000438854
49 0.0000429897
50 0.0000421298
51 0.0000413037
52 0.0000405093
53 0.0000397450
54 0.0000390089
55 0.0000382996
56 0.0000376156
57 0.0000369556
58 0.0000363184
59 0.0000357028
60 0.0000351077
61 0.0000345322
62 0.0000339751
63 0.0000334358
64 0.0000329133
65 0.0000324069
66 0.0000319159
67 0.0000314395
68 0.0000309771
69 0.0000305281
70 0.0000300919
71 0.0000296681
72 0.0000292560
73 0.0000288552
74 0.0000284652
75 0.0000280856
76 0.0000277160
77 0.0000273561
78 0.0000270053
79 0.0000266634
80 0.0000263301
81 0.0000260050
82 0.0000256878
83 0.0000253783
84 0.0000250761
85 0.0000247811
86 0.0000244929
87 0.0000242113
88 0.0000239362
89 0.0000236672
90 0.0000234042
91 0.0000231470
92 0.0000228953
93 0.0000226491
94 0.0000224081
95 0.0000221722
96 0.0000219412
97 0.0000217150
98 0.0000214934
99 0.0000212762
100 0.0000210635
101 0.0000208549
102 0.0000206504
103 0.0000204499
104 0.0000202532
105 0.0000200603
106 0.0000198710
107 0.0000196853
108 0.0000195030
109 0.0000193240
110 0.0000191483
111 0.0000189758
112 0.0000188063
113 0.0000186399
114 0.0000184763
115 0.0000183156
116 0.0000181577
117 0.0000180025
118 0.0000178499
119 0.0000176999
120 0.0000175523
121 0.0000174072
122 0.0000172645
123 0.0000171241
124 0.0000169860
125 0.0000168501
126 0.0000167164
127 0.0000165847
128 0.0000164551
129 0.0000163275
130 0.0000162019
131 0.0000160782
132 0.0000159564
133 0.0000158364
134 0.0000157182
135 0.0000156017
136 0.0000154870
137 0.0000153739
138 0.0000152624
139 0.0000151526
140 0.0000150444
141 0.0000149376
142 0.0000148324
143 0.0000147287
144 0.0000146264
145 0.0000145255
146 0.0000144260
147 0.0000143278
148 0.0000142310
149 0.0000141354
150 0.0000140412
151 0.0000139482
152 0.0000138564
153 0.0000137658
154 0.0000136764
155 0.0000135881
156 0.0000135010
157 0.0000134150
158 0.0000133300
159 0.0000132462
160 0.0000131634
161 0.0000130816
162 0.0000130008
163 0.0000129210
164 0.0000128422
165 0.0000127643
166 0.0000126874
167 0.0000126114
168 0.0000125363
169 0.0000124621
170 0.0000123888
171 0.0000123163
172 0.0000122447
173 0.0000121739
174 0.0000121039
175 0.0000120347
176 0.0000119663
177 0.0000118987
178 0.0000118318
179 0.0000117657
180 0.0000117003
181 0.0000116357
182 0.0000115717
183 0.0000115084
184 0.0000114459
185 0.0000113840
186 0.0000113228
187 0.0000112622
188 0.0000112023
189 0.0000111430
190 0.0000110843
191 0.0000110262
192 0.0000109688
193 0.0000109119
194 0.0000108557
195 0.0000108000
196 0.0000107449
197 0.0000106903
198 0.0000106363
199 0.0000105828
200 0.0000105299
201 0.0000104775
202 0.0000104256
203 0.0000103742
204 0.0000103233
205 0.0000102729
206 0.0000102230
207 0.0000101736
208 0.0000101247
209 0.0000100762
210 0.0000100282
211 0.0000099807
212 0.0000099336
213 0.0000098869
214 0.0000098407
215 0.0000097949
216 0.0000097495
217 0.0000097046
218 0.0000096600
219 0.0000096159
220 0.0000095722
221 0.0000095288
222 0.0000094859
223 0.0000094434
224 0.0000094012
225 0.0000093594
226 0.0000093179
227 0.0000092769
228 0.0000092362
229 0.0000091958
230 0.0000091558
231 0.0000091161
232 0.0000090768
233 0.0000090378
234 0.0000089992
235 0.0000089609
236 0.0000089229
237 0.0000088852
238 0.0000088479
239 0.0000088108
240 0.0000087741
241 0.0000087377
242 0.0000087015
243 0.0000086657
244 0.0000086302
245 0.0000085949
246 0.0000085600
247 0.0000085253
248 0.0000084909
249 0.0000084568
250 0.0000084229
251 0.0000083893
252 0.0000083560
253 0.0000083230
254 0.0000082902
255 0.0000082577
256 0.0000082254
257 0.0000081933
258 0.0000081616
259 0.0000081300
260 0.0000080988
261 0.0000080677
262 0.0000080369
263 0.0000080063
264 0.0000079760
265 0.0000079458
266 0.0000079159
267 0.0000078863
268 0.0000078568
269 0.0000078276
270 0.0000077986
271 0.0000077698
272 0.0000077412
273 0.0000077128
274 0.0000076847
275 0.0000076567
276 0.0000076289
277 0.0000076014
278 0.0000075740
279 0.0000075468
280 0.0000075199
281 0.0000074931
282 0.0000074665
283 0.0000074401
284 0.0000074139
285 0.0000073878
286 0.0000073620
287 0.0000073363
288 0.0000073108
289 0.0000072855
290 0.0000072603
291 0.0000072354
292 0.0000072106
293 0.0000071859
294 0.0000071615
295 0.0000071372
296 0.0000071130
297 0.0000070891
298 0.0000070653
299 0.0000070416
300 0.0000070181
301 0.0000069948
302 0.0000069716
303 0.0000069486
304 0.0000069257
305 0.0000069030
306 0.0000068804
307 0.0000068579
308 0.0000068356
309 0.0000068135
310 0.0000067915
311 0.0000067696
312 0.0000067479
313 0.0000067263
314 0.0000067049
315 0.0000066836
316 0.0000066624
317 0.0000066414
318 0.0000066205
319 0.0000065997
320 0.0000065790
321 0.0000065585
322 0.0000065381
323 0.0000065179
324 0.0000064977
325 0.0000064777
326 0.0000064578
327 0.0000064381
328 0.0000064184
329 0.0000063989
330 0.0000063794
331 0.0000063601
332 0.0000063410
333 0.0000063219
334 0.0000063030
335 0.0000062841
336 0.0000062654
337 0.0000062468
338 0.0000062283
339 0.0000062099
340 0.0000061916
341 0.0000061734
342 0.0000061553
343 0.0000061374
344 0.0000061195
345 0.0000061017
346 0.0000060841
347 0.0000060665
348 0.0000060491
349 0.0000060317
350 0.0000060145
351 0.0000059973
352 0.0000059802
353 0.0000059633
354 0.0000059464
355 0.0000059296
356 0.0000059129
357 0.0000058964
358 0.0000058799
359 0.0000058635
360 0.0000058471
361 0.0000058309
362 0.0000058148
363 0.0000057987
364 0.0000057828
365 0.0000057669
366 0.0000057511
367 0.0000057354
368 0.0000057198
369 0.0000057043
370 0.0000056889
371 0.0000056735
372 0.0000056582
373 0.0000056430
374 0.0000056279
375 0.0000056129
376 0.0000055979
377 0.0000055831
378 0.0000055683
379 0.0000055535
380 0.0000055389
381 0.0000055243
382 0.0000055099
383 0.0000054954
384 0.0000054811
385 0.0000054668
386 0.0000054527
387 0.0000054385
388 0.0000054245
389 0.0000054105
390 0.0000053966
391 0.0000053828
392 0.0000053690
393 0.0000053553
394 0.0000053417
395 0.0000053282
396 0.0000053147
397 0.0000053013
398 0.0000052879
399 0.0000052747
400 0.0000052614
401 0.0000052483
402 0.0000052352
403 0.0000052222
404 0.0000052092
405 0.0000051963
406 0.0000051835
407 0.0000051708
408 0.0000051581
409 0.0000051454
410 0.0000051328
411 0.0000051203
412 0.0000051079
413 0.0000050955
414 0.0000050831
415 0.0000050708
416 0.0000050586
417 0.0000050465
418 0.0000050344
419 0.0000050223
420 0.0000050103
421 0.0000049984
422 0.0000049865
423 0.0000049747
424 0.0000049630
425 0.0000049512
426 0.0000049396
427 0.0000049280
428 0.0000049165
429 0.0000049050
430 0.0000048935
431 0.0000048821
432 0.0000048708
433 0.0000048595
434 0.0000048483
435 0.0000048371
436 0.0000048260
437 0.0000048149
438 0.0000048039
439 0.0000047929
440 0.0000047820
441 0.0000047711
442 0.0000047603
443 0.0000047495
444 0.0000047388
445 0.0000047281
446 0.0000047175
447 0.0000047069
448 0.0000046963
449 0.0000046859
450 0.0000046754
451 0.0000046650
452 0.0000046546
453 0.0000046443
454 0.0000046341
455 0.0000046239
456 0.0000046137
457 0.0000046035
458 0.0000045935
459 0.0000045834
460 0.0000045734
461 0.0000045635
462 0.0000045536
