0 348
0 0.9737798501
1 0.0087251624
2 0.0026555095
3 0.0015283099
4 0.0009292848
5 0.0006319379
6 0.0004708467
7 0.0003741855
8 0.0003116188
9 0.0002685814
10 0.0002373165
11 0.0002134752
12 0.0001945403
13 0.0001790074
14 0.0001659434
15 0.0001547455
16 0.0001450069
17 0.0001364417
18 0.0001288406
19 0.0001220453
20 0.0001159324
21 0.0001104034
22 0.0001053786
23 0.0001007920
24 0.0000965887
25 0.0000927227
26 0.0000891549
27 0.0000858520
28 0.0000827854
29 0.0000799307
30 0.0000772664
31 0.0000747741
32 0.0000724377
33 0.0000702428
34 0.0000681770
35 0.0000662293
36 0.0000643897
37 0.0000626494
38 0.0000610008
39 0.0000594366
40 0.0000579507
41 0.0000565372
42 0.0000551910
43 0.0000539074
44 0.0000526822
45 0.0000515114
46 0.0000503915
47 0.0000493193
48 0.0000482917
49 0.0000473061
50 0.0000463599
51 0.0000454508
52 0.0000445767
53 0.0000437356
54 0.0000429256
55 0.0000421451
56 0.0000413925
57 0.0000406662
58 0.0000399650
59 0.0000392876
60 0.0000386328
61 0.0000379994
62 0.0000373865
63 0.0000367930
64 0.0000362181
65 0.0000356608
66 0.0000351205
67 0.0000345962
68 0.0000340874
69 0.0000335934
70 0.0000331134
71 0.0000326470
72 0.0000321935
73 0.0000317525
74 0.0000313234
75 0.0000309057
76 0.0000304990
77 0.0000301029
78 0.0000297169
79 0.0000293407
80 0.0000289739
81 0.0000286161
82 0.0000282671
83 0.0000279265
84 0.0000275940
85 0.0000272694
86 0.0000269522
87 0.0000266424
88 0.0000263396
89 0.0000260436
90 0.0000257542
91 0.0000254712
92 0.0000251943
93 0.0000249234
94 0.0000246582
95 0.0000243986
96 0.0000241444
97 0.0000238955
98 0.0000236516
99 0.0000234127
100 0.0000231785
101 0.0000229490
102 0.0000227240
103 0.0000225033
104 0.0000222869
105 0.0000220746
106 0.0000218664
107 0.0000216620
108 0.0000214614
109 0.0000212644
110 0.0000210711
111 0.0000208812
112 0.0000206948
113 0.0000205116
114 0.0000203316
115 0.0000201548
116 0.0000199810
117 0.0000198102
118 0.0000196423
119 0.0000194772
120 0.0000193149
121 0.0000191553
122 0.0000189982
123 0.0000188437
124 0.0000186917
125 0.0000185422
126 0.0000183950
127 0.0000182501
128 0.0000181075
129 0.0000179671
130 0.0000178289
131 0.0000176928
132 0.0000175587
133 0.0000174267
134 0.0000172966
135 0.0000171684
136 0.0000170422
137 0.0000169177
138 0.0000167951
139 0.0000166743
140 0.0000165552
141 0.0000164377
142 0.0000163219
143 0.0000162078
144 0.0000160952
145 0.0000159842
146 0.0000158747
147 0.0000157667
148 0.0000156601
149 0.0000155550
150 0.0000154512
151 0.0000153489
152 0.0000152479
153 0.0000151482
154 0.0000150498
155 0.0000149527
156 0.0000148568
157 0.0000147622
158 0.0000146687
159 0.0000145764
160 0.0000144853
161 0.0000143953
162 0.0000143064
163 0.0000142186
164 0.0000141319
165 0.0000140463
166 0.0000139616
167 0.0000138780
168 0.0000137954
169 0.0000137137
170 0.0000136330
171 0.0000135533
172 0.0000134745
173 0.0000133965
174 0.0000133195
175 0.0000132434
176 0.0000131681
177 0.0000130937
178 0.0000130201
179 0.0000129474
180 0.0000128754
181 0.0000128043
182 0.0000127339
183 0.0000126643
184 0.0000125954
185 0.0000125273
186 0.0000124600
187 0.0000123933
188 0.0000123274
189 0.0000122621
190 0.0000121976
191 0.0000121337
192 0.0000120705
193 0.0000120079
194 0.0000119460
195 0.0000118847
196 0.0000118240
197 0.0000117640
198 0.0000117046
199 0.0000116457
200 0.0000115875
201 0.0000115298
202 0.0000114727
203 0.0000114162
204 0.0000113602
205 0.0000113048
206 0.0000112499
207 0.0000111955
208 0.0000111416
209 0.0000110883
210 0.0000110355
211 0.0000109832
212 0.0000109313
213 0.0000108800
214 0.0000108291
215 0.0000107788
216 0.0000107288
217 0.0000106794
218 0.0000106304
219 0.0000105818
220 0.0000105337
221 0.0000104860
222 0.0000104387
223 0.0000103919
224 0.0000103455
225 0.0000102995
226 0.0000102539
227 0.0000102087
228 0.0000101639
229 0.0000101195
230 0.0000100755
231 0.0000100319
232 0.0000099886
233 0.0000099457
234 0.0000099032
235 0.0000098610
236 0.0000098192
237 0.0000097778
238 0.0000097367
239 0.0000096959
240 0.0000096555
241 0.0000096154
242 0.0000095757
243 0.0000095362
244 0.0000094971
245 0.0000094583
246 0.0000094199
247 0.0000093817
248 0.0000093439
249 0.0000093063
250 0.0000092691
251 0.0000092321
252 0.0000091955
253 0.0000091591
254 0.0000091230
255 0.0000090872
256 0.0000090517
257 0.0000090165
258 0.0000089815
259 0.0000089468
260 0.0000089124
261 0.0000088782
262 0.0000088443
263 0.0000088107
264 0.0000087773
265 0.0000087441
266 0.0000087112
267 0.0000086786
268 0.0000086462
269 0.0000086140
270 0.0000085821
271 0.0000085504
272 0.0000085190
273 0.0000084877
274 0.0000084567
275 0.0000084260
276 0.0000083954
277 0.0000083651
278 0.0000083350
279 0.0000083051
280 0.0000082754
281 0.0000082459
282 0.0000082167
283 0.0000081876
284 0.0000081588
285 0.0000081301
286 0.0000081017
287 0.0000080734
288 0.0000080454
289 0.0000080175
290 0.0000079899
291 0.0000079624
292 0.0000079351
293 0.0000079080
294 0.0000078811
295 0.0000078543
296 0.0000078278
297 0.0000078014
298 0.0000077752
299 0.0000077492
300 0.0000077233
301 0.0000076977
302 0.0000076722
303 0.0000076468
304 0.0000076216
305 0.0000075966
306 0.0000075718
307 0.0000075471
308 0.0000075226
309 0.0000074982
310 0.0000074740
311 0.0000074500
312 0.0000074261
313 0.0000074023
314 0.0000073787
315 0.0000073553
316 0.0000073320
317 0.0000073088
318 0.0000072858
319 0.0000072630
320 0.0000072403
321 0.0000072177
322 0.0000071952
323 0.0000071729
324 0.0000071508
325 0.0000071288
326 0.0000071069
327 0.0000070851
328 0.0000070635
329 0.0000070420
330 0.0000070207
331 0.0000069994
332 0.0000069783
333 0.0000069573
334 0.0000069365
335 0.0000069158
336 0.0000068952
337 0.0000068747
338 0.0000068543
339 0.0000068341
340 0.0000068140
341 0.0000067940
342 0.0000067741
343 0.0000067543
344 0.0000067346
345 0.0000067151
346 0.0000066957
347 0.0000066764
348 0.0000066572
