0 316
0 0.9788087908
1 0.0056001860
2 0.0018981427
3 0.0011813561
4 0.0007857082
5 0.0005774693
6 0.0004561511
7 0.0003777477
8 0.0003233197
9 0.0002834815
10 0.0002530312
11 0.0002289097
12 0.0002092429
13 0.0001928374
14 0.0001789020
15 0.0001668921
16 0.0001564188
17 0.0001471962
18 0.0001390077
19 0.0001316859
20 0.0001250987
21 0.0001191400
22 0.0001137236
23 0.0001087785
24 0.0001042456
25 0.0001000755
26 0.0000962262
27 0.0000926620
28 0.0000893524
29 0.0000862711
30 0.0000833952
31 0.0000807049
32 0.0000781827
33 0.0000758134
34 0.0000735834
35 0.0000714809
36 0.0000694952
37 0.0000676168
38 0.0000658372
39 0.0000641490
40 0.0000625451
41 0.0000610195
42 0.0000595665
43 0.0000581811
44 0.0000568587
45 0.0000555951
46 0.0000543863
47 0.0000532291
48 0.0000521200
49 0.0000510562
50 0.0000500350
51 0.0000490538
52 0.0000481103
53 0.0000472025
54 0.0000463283
55 0.0000454858
56 0.0000446735
57 0.0000438896
58 0.0000431328
59 0.0000424016
60 0.0000416949
61 0.0000410112
62 0.0000403497
63 0.0000397091
64 0.0000390885
65 0.0000384871
66 0.0000379039
67 0.0000373380
68 0.0000367889
69 0.0000362556
70 0.0000357376
71 0.0000352341
72 0.0000347447
73 0.0000342686
74 0.0000338055
75 0.0000333546
76 0.0000329157
77 0.0000324881
78 0.0000320715
79 0.0000316655
80 0.0000312696
81 0.0000308834
82 0.0000305067
83 0.0000301391
84 0.0000297802
85 0.0000294298
86 0.0000290875
87 0.0000287531
88 0.0000284263
89 0.0000281068
90 0.0000277944
91 0.0000274889
92 0.0000271900
93 0.0000268976
94 0.0000266114
95 0.0000263312
96 0.0000260568
97 0.0000257881
98 0.0000255249
99 0.0000252670
100 0.0000250143
101 0.0000247665
102 0.0000245236
103 0.0000242855
104 0.0000240519
105 0.0000238227
106 0.0000235979
107 0.0000233773
108 0.0000231608
109 0.0000229482
110 0.0000227396
111 0.0000225346
112 0.0000223333
113 0.0000221356
114 0.0000219414
115 0.0000217505
116 0.0000215630
117 0.0000213786
118 0.0000211974
119 0.0000210192
120 0.0000208439
121 0.0000206716
122 0.0000205021
123 0.0000203353
124 0.0000201713
125 0.0000200098
126 0.0000198510
127 0.0000196946
128 0.0000195407
129 0.0000193891
130 0.0000192399
131 0.0000190930
132 0.0000189483
133 0.0000188057
134 0.0000186653
135 0.0000185270
136 0.0000183907
137 0.0000182564
138 0.0000181240
139 0.0000179936
140 0.0000178650
141 0.0000177382
142 0.0000176132
143 0.0000174900
144 0.0000173685
145 0.0000172486
146 0.0000171304
147 0.0000170138
148 0.0000168988
149 0.0000167853
150 0.0000166733
151 0.0000165628
152 0.0000164538
153 0.0000163462
154 0.0000162400
155 0.0000161352
156 0.0000160317
157 0.0000159295
158 0.0000158286
159 0.0000157290
160 0.0000156306
161 0.0000155335
162 0.0000154375
163 0.0000153427
164 0.0000152491
165 0.0000151566
166 0.0000150653
167 0.0000149750
168 0.0000148858
169 0.0000147976
170 0.0000147105
171 0.0000146244
172 0.0000145393
173 0.0000144552
174 0.0000143721
175 0.0000142899
176 0.0000142086
177 0.0000141283
178 0.0000140488
179 0.0000139703
180 0.0000138926
181 0.0000138158
182 0.0000137398
183 0.0000136647
184 0.0000135903
185 0.0000135168
186 0.0000134441
187 0.0000133721
188 0.0000133009
189 0.0000132305
190 0.0000131608
191 0.0000130918
192 0.0000130235
193 0.0000129560
194 0.0000128891
195 0.0000128230
196 0.0000127575
197 0.0000126926
198 0.0000126285
199 0.0000125649
200 0.0000125021
201 0.0000124398
202 0.0000123781
203 0.0000123171
204 0.0000122566
205 0.0000121968
206 0.0000121375
207 0.0000120788
208 0.0000120206
209 0.0000119631
210 0.0000119060
211 0.0000118495
212 0.0000117936
213 0.0000117381
214 0.0000116832
215 0.0000116288
216 0.0000115749
217 0.0000115215
218 0.0000114685
219 0.0000114161
220 0.0000113641
221 0.0000113126
222 0.0000112616
223 0.0000112110
224 0.0000111609
225 0.0000111112
226 0.0000110620
227 0.0000110132
228 0.0000109648
229 0.0000109168
230 0.0000108693
231 0.0000108222
232 0.0000107754
233 0.0000107291
234 0.0000106832
235 0.0000106376
236 0.0000105925
237 0.0000105477
238 0.0000105033
239 0.0000104593
240 0.0000104156
241 0.0000103723
242 0.0000103294
243 0.0000102868
244 0.0000102445
245 0.0000102026
246 0.0000101611
247 0.0000101199
248 0.0000100790
249 0.0000100384
250 0.0000099982
251 0.0000099583
252 0.0000099187
253 0.0000098794
254 0.0000098404
255 0.0000098017
256 0.0000097633
257 0.0000097253
258 0.0000096875
259 0.0000096500
260 0.0000096128
261 0.0000095758
262 0.0000095392
263 0.0000095028
264 0.0000094668
265 0.0000094309
266 0.0000093954
267 0.0000093601
268 0.0000093251
269 0.0000092903
270 0.0000092558
271 0.0000092216
272 0.0000091876
273 0.0000091538
274 0.0000091203
275 0.0000090870
276 0.0000090540
277 0.0000090212
278 0.0000089887
279 0.0000089564
280 0.0000089243
281 0.0000088924
282 0.0000088608
283 0.0000088293
284 0.0000087982
285 0.0000087672
286 0.0000087364
287 0.0000087059
288 0.0000086755
289 0.0000086454
290 0.0000086155
291 0.0000085858
292 0.0000085562
293 0.0000085269
294 0.0000084978
295 0.0000084689
296 0.0000084401
297 0.0000084116
298 0.0000083833
299 0.0000083551
300 0.0000083271
301 0.0000082993
302 0.0000082717
303 0.0000082443
304 0.0000082171
305 0.0000081900
306 0.0000081631
307 0.0000081364
308 0.0000081098
309 0.0000080835
310 0.0000080573
311 0.0000080312
312 0.0000080053
313 0.0000079796
314 0.0000079541
315 0.0000079287
316 0.0000079034
