0 316
0 0.9790237477
1 0.0055433795
2 0.0018788885
3 0.0011693728
4 0.0007777382
5 0.0005716116
6 0.0004515241
7 0.0003739159
8 0.0003200400
9 0.0002806059
10 0.0002504645
11 0.0002265877
12 0.0002071204
13 0.0001908813
14 0.0001770873
15 0.0001651992
16 0.0001548322
17 0.0001457030
18 0.0001375976
19 0.0001303501
20 0.0001238297
21 0.0001179315
22 0.0001125701
23 0.0001076751
24 0.0001031882
25 0.0000990603
26 0.0000952501
27 0.0000917221
28 0.0000884460
29 0.0000853960
30 0.0000825493
31 0.0000798862
32 0.0000773896
33 0.0000750444
34 0.0000728370
35 0.0000707558
36 0.0000687902
37 0.0000669309
38 0.0000651694
39 0.0000634983
40 0.0000619107
41 0.0000604005
42 0.0000589623
43 0.0000575910
44 0.0000562819
45 0.0000550311
46 0.0000538347
47 0.0000526891
48 0.0000515913
49 0.0000505383
50 0.0000495274
51 0.0000485562
52 0.0000476223
53 0.0000467237
54 0.0000458583
55 0.0000450244
56 0.0000442203
57 0.0000434444
58 0.0000426953
59 0.0000419715
60 0.0000412719
61 0.0000405952
62 0.0000399404
63 0.0000393063
64 0.0000386920
65 0.0000380967
66 0.0000375194
67 0.0000369593
68 0.0000364157
69 0.0000358878
70 0.0000353751
71 0.0000348767
72 0.0000343922
73 0.0000339210
74 0.0000334626
75 0.0000330163
76 0.0000325818
77 0.0000321586
78 0.0000317462
79 0.0000313443
80 0.0000309524
81 0.0000305702
82 0.0000301973
83 0.0000298334
84 0.0000294781
85 0.0000291313
86 0.0000287925
87 0.0000284614
88 0.0000281379
89 0.0000278217
90 0.0000275125
91 0.0000272101
92 0.0000269142
93 0.0000266248
94 0.0000263414
95 0.0000260641
96 0.0000257925
97 0.0000255265
98 0.0000252660
99 0.0000250107
100 0.0000247605
101 0.0000245153
102 0.0000242749
103 0.0000240391
104 0.0000238079
105 0.0000235811
106 0.0000233586
107 0.0000231402
108 0.0000229259
109 0.0000227155
110 0.0000225089
111 0.0000223060
112 0.0000221068
113 0.0000219111
114 0.0000217188
115 0.0000215299
116 0.0000213442
117 0.0000211617
118 0.0000209823
119 0.0000208059
120 0.0000206325
121 0.0000204619
122 0.0000202941
123 0.0000201291
124 0.0000199667
125 0.0000198069
126 0.0000196496
127 0.0000194948
128 0.0000193424
129 0.0000191924
130 0.0000190447
131 0.0000188993
132 0.0000187560
133 0.0000186150
134 0.0000184760
135 0.0000183390
136 0.0000182041
137 0.0000180712
138 0.0000179402
139 0.0000178110
140 0.0000176838
141 0.0000175583
142 0.0000174346
143 0.0000173126
144 0.0000171923
145 0.0000170737
146 0.0000169566
147 0.0000168412
148 0.0000167274
149 0.0000166150
150 0.0000165042
151 0.0000163948
152 0.0000162869
153 0.0000161804
154 0.0000160753
155 0.0000159715
156 0.0000158690
157 0.0000157679
158 0.0000156680
159 0.0000155694
160 0.0000154721
161 0.0000153759
162 0.0000152809
163 0.0000151871
164 0.0000150944
165 0.0000150029
166 0.0000149124
167 0.0000148231
168 0.0000147348
169 0.0000146475
170 0.0000145613
171 0.0000144761
172 0.0000143919
173 0.0000143086
174 0.0000142263
175 0.0000141449
176 0.0000140645
177 0.0000139850
178 0.0000139063
179 0.0000138286
180 0.0000137517
181 0.0000136757
182 0.0000136005
183 0.0000135261
184 0.0000134525
185 0.0000133797
186 0.0000133077
187 0.0000132365
188 0.0000131660
189 0.0000130963
190 0.0000130273
191 0.0000129590
192 0.0000128914
193 0.0000128246
194 0.0000127584
195 0.0000126929
196 0.0000126281
197 0.0000125639
198 0.0000125004
199 0.0000124375
200 0.0000123752
201 0.0000123136
202 0.0000122526
203 0.0000121921
204 0.0000121323
205 0.0000120731
206 0.0000120144
207 0.0000119563
208 0.0000118987
209 0.0000118417
210 0.0000117852
211 0.0000117293
212 0.0000116739
213 0.0000116190
214 0.0000115647
215 0.0000115108
216 0.0000114575
217 0.0000114046
218 0.0000113522
219 0.0000113003
220 0.0000112489
221 0.0000111979
222 0.0000111474
223 0.0000110973
224 0.0000110477
225 0.0000109985
226 0.0000109498
227 0.0000109015
228 0.0000108536
229 0.0000108061
230 0.0000107590
231 0.0000107124
232 0.0000106661
233 0.0000106203
234 0.0000105748
235 0.0000105297
236 0.0000104850
237 0.0000104407
238 0.0000103968
239 0.0000103532
240 0.0000103100
241 0.0000102671
242 0.0000102246
243 0.0000101824
244 0.0000101406
245 0.0000100992
246 0.0000100580
247 0.0000100172
248 0.0000099767
249 0.0000099366
250 0.0000098968
251 0.0000098572
252 0.0000098180
253 0.0000097791
254 0.0000097406
255 0.0000097023
256 0.0000096643
257 0.0000096266
258 0.0000095892
259 0.0000095521
260 0.0000095153
261 0.0000094787
262 0.0000094424
263 0.0000094064
264 0.0000093707
265 0.0000093353
266 0.0000093001
267 0.0000092652
268 0.0000092305
269 0.0000091961
270 0.0000091619
271 0.0000091280
272 0.0000090944
273 0.0000090610
274 0.0000090278
275 0.0000089949
276 0.0000089622
277 0.0000089297
278 0.0000088975
279 0.0000088655
280 0.0000088337
281 0.0000088022
282 0.0000087709
283 0.0000087398
284 0.0000087089
285 0.0000086782
286 0.0000086478
287 0.0000086176
288 0.0000085875
289 0.0000085577
290 0.0000085281
291 0.0000084987
292 0.0000084694
293 0.0000084404
294 0.0000084116
295 0.0000083830
296 0.0000083545
297 0.0000083263
298 0.0000082982
299 0.0000082704
300 0.0000082427
301 0.0000082152
302 0.0000081878
303 0.0000081607
304 0.0000081337
305 0.0000081069
306 0.0000080803
307 0.0000080539
308 0.0000080276
309 0.0000080015
310 0.0000079755
311 0.0000079498
312 0.0000079241
313 0.0000078987
314 0.0000078734
315 0.0000078483
316 0.0000078233
