0 288
0 0.9546851689
1 0.0115074669
2 0.0039872238
3 0.0025166308
4 0.0016982075
5 0.0012623489
6 0.0010050298
7 0.0008366865
8 0.0007185852
9 0.0006313895
10 0.0005642932
11 0.0005108826
12 0.0004671904
13 0.0004306636
14 0.0003995941
15 0.0003727949
16 0.0003494132
17 0.0003288178
18 0.0003105289
19 0.0002941745
20 0.0002794601
21 0.0002661494
22 0.0002540499
23 0.0002430031
24 0.0002328771
25 0.0002235613
26 0.0002149622
27 0.0002070001
28 0.0001996068
29 0.0001927233
30 0.0001862988
31 0.0001802887
32 0.0001746543
33 0.0001693614
34 0.0001643798
35 0.0001596828
36 0.0001552468
37 0.0001510506
38 0.0001470752
39 0.0001433037
40 0.0001397208
41 0.0001363126
42 0.0001330668
43 0.0001299719
44 0.0001270176
45 0.0001241947
46 0.0001214945
47 0.0001189092
48 0.0001164317
49 0.0001140552
50 0.0001117738
51 0.0001095819
52 0.0001074743
53 0.0001054462
54 0.0001034932
55 0.0001016113
56 0.0000997965
57 0.0000980454
58 0.0000963548
59 0.0000947214
60 0.0000931424
61 0.0000916153
62 0.0000901373
63 0.0000887064
64 0.0000873201
65 0.0000859765
66 0.0000846735
67 0.0000834095
68 0.0000821827
69 0.0000809914
70 0.0000798342
71 0.0000787095
72 0.0000776161
73 0.0000765526
74 0.0000755179
75 0.0000745108
76 0.0000735302
77 0.0000725750
78 0.0000716444
79 0.0000707373
80 0.0000698528
81 0.0000689902
82 0.0000681487
83 0.0000673274
84 0.0000665257
85 0.0000657428
86 0.0000649782
87 0.0000642311
88 0.0000635010
89 0.0000627873
90 0.0000620895
91 0.0000614070
92 0.0000607393
93 0.0000600860
94 0.0000594466
95 0.0000588206
96 0.0000582077
97 0.0000576075
98 0.0000570194
99 0.0000564433
100 0.0000558787
101 0.0000553252
102 0.0000547826
103 0.0000542506
104 0.0000537287
105 0.0000532168
106 0.0000527146
107 0.0000522218
108 0.0000517381
109 0.0000512632
110 0.0000507970
111 0.0000503392
112 0.0000498895
113 0.0000494479
114 0.0000490139
115 0.0000485875
116 0.0000481685
117 0.0000477566
118 0.0000473517
119 0.0000469536
120 0.0000465622
121 0.0000461772
122 0.0000457985
123 0.0000454260
124 0.0000450594
125 0.0000446988
126 0.0000443439
127 0.0000439945
128 0.0000436506
129 0.0000433121
130 0.0000429787
131 0.0000426505
132 0.0000423272
133 0.0000420088
134 0.0000416951
135 0.0000413860
136 0.0000410815
137 0.0000407815
138 0.0000404858
139 0.0000401944
140 0.0000399071
141 0.0000396239
142 0.0000393447
143 0.0000390694
144 0.0000387979
145 0.0000385301
146 0.0000382660
147 0.0000380055
148 0.0000377486
149 0.0000374950
150 0.0000372449
151 0.0000369981
152 0.0000367545
153 0.0000365141
154 0.0000362768
155 0.0000360426
156 0.0000358113
157 0.0000355831
158 0.0000353577
159 0.0000351351
160 0.0000349154
161 0.0000346983
162 0.0000344839
163 0.0000342722
164 0.0000340630
165 0.0000338564
166 0.0000336523
167 0.0000334506
168 0.0000332513
169 0.0000330544
170 0.0000328597
171 0.0000326674
172 0.0000324773
173 0.0000322894
174 0.0000321036
175 0.0000319200
176 0.0000317384
177 0.0000315589
178 0.0000313815
179 0.0000312059
180 0.0000310324
181 0.0000308607
182 0.0000306910
183 0.0000305231
184 0.0000303570
185 0.0000301927
186 0.0000300302
187 0.0000298694
188 0.0000297104
189 0.0000295530
190 0.0000293972
191 0.0000292431
192 0.0000290906
193 0.0000289397
194 0.0000287903
195 0.0000286425
196 0.0000284962
197 0.0000283513
198 0.0000282079
199 0.0000280660
200 0.0000279254
201 0.0000277863
202 0.0000276485
203 0.0000275121
204 0.0000273771
205 0.0000272433
206 0.0000271109
207 0.0000269797
208 0.0000268498
209 0.0000267211
210 0.0000265936
211 0.0000264674
212 0.0000263423
213 0.0000262185
214 0.0000260957
215 0.0000259741
216 0.0000258537
217 0.0000257343
218 0.0000256160
219 0.0000254988
220 0.0000253827
221 0.0000252676
222 0.0000251536
223 0.0000250406
224 0.0000249286
225 0.0000248176
226 0.0000247075
227 0.0000245984
228 0.0000244903
229 0.0000243831
230 0.0000242769
231 0.0000241716
232 0.0000240671
233 0.0000239636
234 0.0000238609
235 0.0000237592
236 0.0000236582
237 0.0000235582
238 0.0000234590
239 0.0000233606
240 0.0000232630
241 0.0000231662
242 0.0000230702
243 0.0000229750
244 0.0000228806
245 0.0000227870
246 0.0000226941
247 0.0000226019
248 0.0000225105
249 0.0000224198
250 0.0000223299
251 0.0000222407
252 0.0000221521
253 0.0000220643
254 0.0000219771
255 0.0000218907
256 0.0000218049
257 0.0000217198
258 0.0000216353
259 0.0000215515
260 0.0000214683
261 0.0000213857
262 0.0000213038
263 0.0000212225
264 0.0000211418
265 0.0000210617
266 0.0000209822
267 0.0000209034
268 0.0000208250
269 0.0000207473
270 0.0000206701
271 0.0000205935
272 0.0000205175
273 0.0000204420
274 0.0000203671
275 0.0000202927
276 0.0000202188
277 0.0000201455
278 0.0000200727
279 0.0000200004
280 0.0000199286
281 0.0000198573
282 0.0000197865
283 0.0000197163
284 0.0000196465
285 0.0000195771
286 0.0000195083
287 0.0000194400
288 0.0000193721
