1 2000
0 0.9946238189
1 0.0015854095
2 0.0006444488
3 0.0004381672
4 0.0003141739
5 0.0002410237
6 0.0001933289
7 0.0001595650
8 0.0001344346
9 0.0001150789
10 0.0000997692
11 0.0000873957
12 0.0000772171
13 0.0000687205
14 0.0000615403
15 0.0000554089
16 0.0000501257
17 0.0000455374
18 0.0000415251
19 0.0000379950
20 0.0000348723
21 0.0000320963
22 0.0000296177
23 0.0000273958
24 0.0000253967
25 0.0000235922
26 0.0000219582
27 0.0000204746
28 0.0000191239
29 0.0000178912
30 0.0000167639
31 0.0000157305
32 0.0000147816
33 0.0000139084
34 0.0000131037
35 0.0000123609
36 0.0000116740
37 0.0000110380
38 0.0000104483
39 0.0000099008
40 0.0000093918
41 0.0000089181
42 0.0000084767
43 0.0000080649
44 0.0000076804
45 0.0000073210
46 0.0000069847
47 0.0000066697
48 0.0000063745
49 0.0000060975
50 0.0000058374
51 0.0000055929
52 0.0000053630
53 0.0000051466
54 0.0000049428
55 0.0000047506
56 0.0000045693
57 0.0000043982
58 0.0000042366
59 0.0000040838
60 0.0000039393
61 0.0000038025
62 0.0000036729
63 0.0000035502
64 0.0000034338
65 0.0000033233
66 0.0000032184
67 0.0000031188
68 0.0000030242
69 0.0000029341
70 0.0000028484
71 0.0000027669
72 0.0000026892
73 0.0000026151
74 0.0000025445
75 0.0000024771
76 0.0000024128
77 0.0000023514
78 0.0000022927
79 0.0000022366
80 0.0000021829
81 0.0000021315
82 0.0000020824
83 0.0000020352
84 0.0000019901
85 0.0000019468
86 0.0000019052
87 0.0000018653
88 0.0000018270
89 0.0000017902
90 0.0000017549
91 0.0000017209
92 0.0000016882
93 0.0000016567
94 0.0000016263
95 0.0000015971
96 0.0000015689
97 0.0000015418
98 0.0000015156
99 0.0000014903
100 0.0000014659
101 0.0000014423
102 0.0000014195
103 0.0000013974
104 0.0000013761
105 0.0000013555
106 0.0000013355
107 0.0000013161
108 0.0000012974
109 0.0000012792
110 0.0000012616
111 0.0000012445
112 0.0000012279
113 0.0000012118
114 0.0000011962
115 0.0000011810
116 0.0000011662
117 0.0000011519
118 0.0000011379
119 0.0000011243
120 0.0000011111
121 0.0000010982
122 0.0000010856
123 0.0000010734
124 0.0000010615
125 0.0000010499
126 0.0000010385
127 0.0000010275
128 0.0000010166
129 0.0000010061
130 0.0000009958
131 0.0000009857
132 0.0000009759
133 0.0000009663
134 0.0000009569
135 0.0000009477
136 0.0000009387
137 0.0000009299
138 0.0000009212
139 0.0000009128
140 0.0000009045
141 0.0000008964
142 0.0000008885
143 0.0000008807
144 0.0000008730
145 0.0000008655
146 0.0000008582
147 0.0000008510
148 0.0000008439
149 0.0000008370
150 0.0000008301
151 0.0000008234
152 0.0000008168
153 0.0000008104
154 0.0000008040
155 0.0000007978
156 0.0000007916
157 0.0000007856
158 0.0000007796
159 0.0000007738
160 0.0000007680
161 0.0000007624
162 0.0000007568
163 0.0000007513
164 0.0000007459
165 0.0000007406
166 0.0000007353
167 0.0000007302
168 0.0000007251
169 0.0000007201
170 0.0000007151
171 0.0000007103
172 0.0000007055
173 0.0000007007
174 0.0000006961
175 0.0000006915
176 0.0000006869
177 0.0000006825
178 0.0000006780
179 0.0000006737
180 0.0000006694
181 0.0000006651
182 0.0000006609
183 0.0000006568
184 0.0000006527
185 0.0000006487
186 0.0000006447
187 0.0000006408
188 0.0000006369
189 0.0000006330
190 0.0000006293
191 0.0000006255
192 0.0000006218
193 0.0000006181
194 0.0000006145
195 0.0000006110
196 0.0000006074
197 0.0000006039
198 0.0000006005
199 0.0000005971
200 0.0000005937
201 0.0000005904
202 0.0000005871
203 0.0000005838
204 0.0000005806
205 0.0000005774
206 0.0000005742
207 0.0000005711
208 0.0000005680
209 0.0000005649
210 0.0000005619
211 0.0000005589
212 0.0000005559
213 0.0000005530
214 0.0000005501
215 0.0000005472
216 0.0000005444
217 0.0000005415
218 0.0000005388
219 0.0000005360
220 0.0000005333
221 0.0000005306
222 0.0000005279
223 0.0000005252
224 0.0000005226
225 0.0000005200
226 0.0000005174
227 0.0000005148
228 0.0000005123
229 0.0000005098
230 0.0000005073
231 0.0000005048
232 0.0000005024
233 0.0000005000
234 0.0000004976
235 0.0000004952
236 0.0000004929
237 0.0000004905
238 0.0000004882
239 0.0000004859
240 0.0000004837
241 0.0000004814
242 0.0000004792
243 0.0000004770
244 0.0000004748
245 0.0000004726
246 0.0000004705
247 0.0000004683
248 0.0000004662
249 0.0000004641
250 0.0000004620
251 0.0000004600
252 0.0000004579
253 0.0000004559
254 0.0000004539
255 0.0000004519
256 0.0000004499
257 0.0000004479
258 0.0000004460
259 0.0000004441
260 0.0000004422
261 0.0000004403
262 0.0000004384
263 0.0000004365
264 0.0000004346
265 0.0000004328
266 0.0000004310
267 0.0000004292
268 0.0000004274
269 0.0000004256
270 0.0000004238
271 0.0000004221
272 0.0000004203
273 0.0000004186
274 0.0000004169
275 0.0000004152
276 0.0000004135
277 0.0000004118
278 0.0000004102
279 0.0000004085
280 0.0000004069
281 0.0000004052
282 0.0000004036
283 0.0000004020
284 0.0000004004
285 0.0000003989
286 0.0000003973
287 0.0000003957
288 0.0000003942
289 0.0000003927
290 0.0000003911
291 0.0000003896
292 0.0000003881
293 0.0000003866
294 0.0000003852
295 0.0000003837
296 0.0000003822
297 0.0000003808
298 0.0000003793
299 0.0000003779
300 0.0000003765
301 0.0000003751
302 0.0000003737
303 0.0000003723
304 0.0000003709
305 0.0000003696
306 0.0000003682
307 0.0000003669
308 0.0000003655
309 0.0000003642
310 0.0000003629
311 0.0000003615
312 0.0000003602
313 0.0000003589
314 0.0000003577
315 0.0000003564
316 0.0000003551
317 0.0000003538
318 0.0000003526
319 0.0000003513
320 0.0000003501
321 0.0000003489
322 0.0000003477
323 0.0000003464
324 0.0000003452
325 0.0000003440
326 0.0000003428
327 0.0000003417
328 0.0000003405
329 0.0000003393
330 0.0000003382
331 0.0000003370
332 0.0000003359
333 0.0000003347
334 0.0000003336
335 0.0000003325
336 0.0000003313
337 0.0000003302
338 0.0000003291
339 0.0000003280
340 0.0000003270
341 0.0000003259
342 0.0000003248
343 0.0000003237
344 0.0000003227
345 0.0000003216
346 0.0000003205
347 0.0000003195
348 0.0000003185
349 0.0000003174
350 0.0000003164
351 0.0000003154
352 0.0000003144
353 0.0000003134
354 0.0000003124
355 0.0000003114
356 0.0000003104
357 0.0000003094
358 0.0000003084
359 0.0000003075
360 0.0000003065
361 0.0000003055
362 0.0000003046
363 0.0000003036
364 0.0000003027
365 0.0000003017
366 0.0000003008
367 0.0000002999
368 0.0000002990
369 0.0000002980
370 0.0000002971
371 0.0000002962
372 0.0000002953
373 0.0000002944
374 0.0000002935
375 0.0000002926
376 0.0000002918
377 0.0000002909
378 0.0000002900
379 0.0000002891
380 0.0000002883
381 0.0000002874
382 0.0000002866
383 0.0000002857
384 0.0000002849
385 0.0000002840
386 0.0000002832
387 0.0000002824
388 0.0000002815
389 0.0000002807
390 0.0000002799
391 0.0000002791
392 0.0000002783
393 0.0000002775
394 0.0000002767
395 0.0000002759
396 0.0000002751
397 0.0000002743
398 0.0000002735
399 0.0000002727
400 0.0000002720
401 0.0000002712
402 0.0000002704
403 0.0000002697
404 0.0000002689
405 0.0000002682
406 0.0000002674
407 0.0000002667
408 0.0000002659
409 0.0000002652
410 0.0000002644
411 0.0000002637
412 0.0000002630
413 0.0000002623
414 0.0000002615
415 0.0000002608
416 0.0000002601
417 0.0000002594
418 0.0000002587
419 0.0000002580
420 0.0000002573
421 0.0000002566
422 0.0000002559
423 0.0000002552
424 0.0000002545
425 0.0000002539
426 0.0000002532
427 0.0000002525
428 0.0000002518
429 0.0000002512
430 0.0000002505
431 0.0000002498
432 0.0000002492
433 0.0000002485
434 0.0000002479
435 0.0000002472
436 0.0000002466
437 0.0000002459
438 0.0000002453
439 0.0000002447
440 0.0000002440
441 0.0000002434
442 0.0000002428
443 0.0000002421
444 0.0000002415
445 0.0000002409
446 0.0000002403
447 0.0000002397
448 0.0000002391
449 0.0000002385
450 0.0000002378
451 0.0000002372
452 0.0000002366
453 0.0000002361
454 0.0000002355
455 0.0000002349
456 0.0000002343
457 0.0000002337
458 0.0000002331
459 0.0000002325
460 0.0000002320
461 0.0000002314
462 0.0000002308
463 0.0000002302
464 0.0000002297
465 0.0000002291
466 0.0000002286
467 0.0000002280
468 0.0000002274
469 0.0000002269
470 0.0000002263
471 0.0000002258
472 0.0000002252
473 0.0000002247
474 0.0000002242
475 0.0000002236
476 0.0000002231
477 0.0000002225
478 0.0000002220
479 0.0000002215
480 0.0000002210
481 0.0000002204
482 0.0000002199
483 0.0000002194
484 0.0000002189
485 0.0000002183
486 0.0000002178
487 0.0000002173
488 0.0000002168
489 0.0000002163
490 0.0000002158
491 0.0000002153
492 0.0000002148
493 0.0000002143
494 0.0000002138
495 0.0000002133
496 0.0000002128
497 0.0000002123
498 0.0000002118
499 0.0000002114
500 0.0000002109
501 0.0000002104
502 0.0000002099
503 0.0000002094
504 0.0000002090
505 0.0000002085
506 0.0000002080
507 0.0000002075
508 0.0000002071
509 0.0000002066
510 0.0000002061
511 0.0000002057
512 0.0000002052
513 0.0000002048
514 0.0000002043
515 0.0000002039
516 0.0000002034
517 0.0000002030
518 0.0000002025
519 0.0000002021
520 0.0000002016
521 0.0000002012
522 0.0000002007
523 0.0000002003
524 0.0000001998
525 0.0000001994
526 0.0000001990
527 0.0000001985
528 0.0000001981
529 0.0000001977
530 0.0000001973
531 0.0000001968
532 0.0000001964
533 0.0000001960
534 0.0000001956
535 0.0000001951
536 0.0000001947
537 0.0000001943
538 0.0000001939
539 0.0000001935
540 0.0000001931
541 0.0000001927
542 0.0000001923
543 0.0000001918
544 0.0000001914
545 0.0000001910
546 0.0000001906
547 0.0000001902
548 0.0000001898
549 0.0000001894
550 0.0000001890
551 0.0000001887
552 0.0000001883
553 0.0000001879
554 0.0000001875
555 0.0000001871
556 0.0000001867
557 0.0000001863
558 0.0000001859
559 0.0000001856
560 0.0000001852
561 0.0000001848
562 0.0000001844
563 0.0000001840
564 0.0000001837
565 0.0000001833
566 0.0000001829
567 0.0000001825
568 0.0000001822
569 0.0000001818
570 0.0000001814
571 0.0000001811
572 0.0000001807
573 0.0000001804
574 0.0000001800
575 0.0000001796
576 0.0000001793
577 0.0000001789
578 0.0000001786
579 0.0000001782
580 0.0000001779
581 0.0000001775
582 0.0000001771
583 0.0000001768
584 0.0000001765
585 0.0000001761
586 0.0000001758
587 0.0000001754
588 0.0000001751
589 0.0000001747
590 0.0000001744
591 0.0000001740
592 0.0000001737
593 0.0000001734
594 0.0000001730
595 0.0000001727
596 0.0000001724
597 0.0000001720
598 0.0000001717
599 0.0000001714
600 0.0000001710
601 0.0000001707
602 0.0000001704
603 0.0000001701
604 0.0000001697
605 0.0000001694
606 0.0000001691
607 0.0000001688
608 0.0000001685
609 0.0000001681
610 0.0000001678
611 0.0000001675
612 0.0000001672
613 0.0000001669
614 0.0000001666
615 0.0000001662
616 0.0000001659
617 0.0000001656
618 0.0000001653
619 0.0000001650
620 0.0000001647
621 0.0000001644
622 0.0000001641
623 0.0000001638
624 0.0000001635
625 0.0000001632
626 0.0000001629
627 0.0000001626
628 0.0000001623
629 0.0000001620
630 0.0000001617
631 0.0000001614
632 0.0000001611
633 0.0000001608
634 0.0000001605
635 0.0000001602
636 0.0000001599
637 0.0000001596
638 0.0000001594
639 0.0000001591
640 0.0000001588
641 0.0000001585
642 0.0000001582
643 0.0000001579
644 0.0000001576
645 0.0000001574
646 0.0000001571
647 0.0000001568
648 0.0000001565
649 0.0000001562
650 0.0000001560
651 0.0000001557
652 0.0000001554
653 0.0000001551
654 0.0000001549
655 0.0000001546
656 0.0000001543
657 0.0000001540
658 0.0000001538
659 0.0000001535
660 0.0000001532
661 0.0000001530
662 0.0000001527
663 0.0000001524
664 0.0000001522
665 0.0000001519
666 0.0000001516
667 0.0000001514
668 0.0000001511
669 0.0000001509
670 0.0000001506
671 0.0000001503
672 0.0000001501
673 0.0000001498
674 0.0000001496
675 0.0000001493
676 0.0000001491
677 0.0000001488
678 0.0000001485
679 0.0000001483
680 0.0000001480
681 0.0000001478
682 0.0000001475
683 0.0000001473
684 0.0000001470
685 0.0000001468
686 0.0000001465
687 0.0000001463
688 0.0000001461
689 0.0000001458
690 0.0000001456
691 0.0000001453
692 0.0000001451
693 0.0000001448
694 0.0000001446
695 0.0000001443
696 0.0000001441
697 0.0000001439
698 0.0000001436
699 0.0000001434
700 0.0000001432
701 0.0000001429
702 0.0000001427
703 0.0000001425
704 0.0000001422
705 0.0000001420
706 0.0000001417
707 0.0000001415
708 0.0000001413
709 0.0000001411
710 0.0000001408
711 0.0000001406
712 0.0000001404
713 0.0000001401
714 0.0000001399
715 0.0000001397
716 0.0000001395
717 0.0000001392
718 0.0000001390
719 0.0000001388
720 0.0000001386
721 0.0000001383
722 0.0000001381
723 0.0000001379
724 0.0000001377
725 0.0000001375
726 0.0000001372
727 0.0000001370
728 0.0000001368
729 0.0000001366
730 0.0000001364
731 0.0000001361
732 0.0000001359
733 0.0000001357
734 0.0000001355
735 0.0000001353
736 0.0000001351
737 0.0000001349
738 0.0000001347
739 0.0000001344
740 0.0000001342
741 0.0000001340
742 0.0000001338
743 0.0000001336
744 0.0000001334
745 0.0000001332
746 0.0000001330
747 0.0000001328
748 0.0000001326
749 0.0000001324
750 0.0000001322
751 0.0000001320
752 0.0000001317
753 0.0000001315
754 0.0000001313
755 0.0000001311
756 0.0000001309
757 0.0000001307
758 0.0000001305
759 0.0000001303
760 0.0000001301
761 0.0000001299
762 0.0000001297
763 0.0000001295
764 0.0000001293
765 0.0000001292
766 0.0000001290
767 0.0000001288
768 0.0000001286
769 0.0000001284
770 0.0000001282
771 0.0000001280
772 0.0000001278
773 0.0000001276
774 0.0000001274
775 0.0000001272
776 0.0000001270
777 0.0000001268
778 0.0000001267
779 0.0000001265
780 0.0000001263
781 0.0000001261
782 0.0000001259
783 0.0000001257
784 0.0000001255
785 0.0000001253
786 0.0000001252
787 0.0000001250
788 0.0000001248
789 0.0000001246
790 0.0000001244
791 0.0000001242
792 0.0000001241
793 0.0000001239
794 0.0000001237
795 0.0000001235
796 0.0000001233
797 0.0000001231
798 0.0000001230
799 0.0000001228
800 0.0000001226
801 0.0000001224
802 0.0000001223
803 0.0000001221
804 0.0000001219
805 0.0000001217
806 0.0000001216
807 0.0000001214
808 0.0000001212
809 0.0000001210
810 0.0000001209
811 0.0000001207
812 0.0000001205
813 0.0000001203
814 0.0000001202
815 0.0000001200
816 0.0000001198
817 0.0000001196
818 0.0000001195
819 0.0000001193
820 0.0000001191
821 0.0000001190
822 0.0000001188
823 0.0000001186
824 0.0000001185
825 0.0000001183
826 0.0000001181
827 0.0000001180
828 0.0000001178
829 0.0000001176
830 0.0000001175
831 0.0000001173
832 0.0000001171
833 0.0000001170
834 0.0000001168
835 0.0000001167
836 0.0000001165
837 0.0000001163
838 0.0000001162
839 0.0000001160
840 0.0000001158
841 0.0000001157
842 0.0000001155
843 0.0000001154
844 0.0000001152
845 0.0000001150
846 0.0000001149
847 0.0000001147
848 0.0000001146
849 0.0000001144
850 0.0000001143
851 0.0000001141
852 0.0000001139
853 0.0000001138
854 0.0000001136
855 0.0000001135
856 0.0000001133
857 0.0000001132
858 0.0000001130
859 0.0000001129
860 0.0000001127
861 0.0000001126
862 0.0000001124
863 0.0000001123
864 0.0000001121
865 0.0000001120
866 0.0000001118
867 0.0000001117
868 0.0000001115
869 0.0000001114
870 0.0000001112
871 0.0000001111
872 0.0000001109
873 0.0000001108
874 0.0000001106
875 0.0000001105
876 0.0000001103
877 0.0000001102
878 0.0000001100
879 0.0000001099
880 0.0000001097
881 0.0000001096
882 0.0000001094
883 0.0000001093
884 0.0000001092
885 0.0000001090
886 0.0000001089
887 0.0000001087
888 0.0000001086
889 0.0000001084
890 0.0000001083
891 0.0000001082
892 0.0000001080
893 0.0000001079
894 0.0000001077
895 0.0000001076
896 0.0000001074
897 0.0000001073
898 0.0000001072
899 0.0000001070
900 0.0000001069
901 0.0000001068
902 0.0000001066
903 0.0000001065
904 0.0000001063
905 0.0000001062
906 0.0000001061
907 0.0000001059
908 0.0000001058
909 0.0000001057
910 0.0000001055
911 0.0000001054
912 0.0000001052
913 0.0000001051
914 0.0000001050
915 0.0000001048
916 0.0000001047
917 0.0000001046
918 0.0000001044
919 0.0000001043
920 0.0000001042
921 0.0000001040
922 0.0000001039
923 0.0000001038
924 0.0000001037
925 0.0000001035
926 0.0000001034
927 0.0000001033
928 0.0000001031
929 0.0000001030
930 0.0000001029
931 0.0000001027
932 0.0000001026
933 0.0000001025
934 0.0000001024
935 0.0000001022
936 0.0000001021
937 0.0000001020
938 0.0000001018
939 0.0000001017
940 0.0000001016
941 0.0000001015
942 0.0000001013
943 0.0000001012
944 0.0000001011
945 0.0000001010
946 0.0000001008
947 0.0000001007
948 0.0000001006
949 0.0000001005
950 0.0000001003
951 0.0000001002
952 0.0000001001
953 0.0000001000
954 0.0000000999
955 0.0000000997
956 0.0000000996
957 0.0000000995
958 0.0000000994
959 0.0000000992
960 0.0000000991
961 0.0000000990
962 0.0000000989
963 0.0000000988
964 0.0000000986
965 0.0000000985
966 0.0000000984
967 0.0000000983
968 0.0000000982
969 0.0000000980
970 0.0000000979
971 0.0000000978
972 0.0000000977
973 0.0000000976
974 0.0000000975
975 0.0000000973
976 0.0000000972
977 0.0000000971
978 0.0000000970
979 0.0000000969
980 0.0000000968
981 0.0000000966
982 0.0000000965
983 0.0000000964
984 0.0000000963
985 0.0000000962
986 0.0000000961
987 0.0000000960
988 0.0000000958
989 0.0000000957
990 0.0000000956
991 0.0000000955
992 0.0000000954
993 0.0000000953
994 0.0000000952
995 0.0000000951
996 0.0000000949
997 0.0000000948
998 0.0000000947
999 0.0000000946
1000 0.0000000945
1001 0.0000000944
1002 0.0000000943
1003 0.0000000942
1004 0.0000000941
1005 0.0000000939
1006 0.0000000938
1007 0.0000000937
1008 0.0000000936
1009 0.0000000935
1010 0.0000000934
1011 0.0000000933
1012 0.0000000932
1013 0.0000000931
1014 0.0000000930
1015 0.0000000929
1016 0.0000000928
1017 0.0000000926
1018 0.0000000925
1019 0.0000000924
1020 0.0000000923
1021 0.0000000922
1022 0.0000000921
1023 0.0000000920
1024 0.0000000919
1025 0.0000000918
1026 0.0000000917
1027 0.0000000916
1028 0.0000000915
1029 0.0000000914
1030 0.0000000913
1031 0.0000000912
1032 0.0000000911
1033 0.0000000910
1034 0.0000000909
1035 0.0000000908
1036 0.0000000907
1037 0.0000000906
1038 0.0000000905
1039 0.0000000904
1040 0.0000000902
1041 0.0000000901
1042 0.0000000900
1043 0.0000000899
1044 0.0000000898
1045 0.0000000897
1046 0.0000000896
1047 0.0000000895
1048 0.0000000894
1049 0.0000000893
1050 0.0000000892
1051 0.0000000891
1052 0.0000000890
1053 0.0000000889
1054 0.0000000888
1055 0.0000000887
1056 0.0000000886
1057 0.0000000885
1058 0.0000000885
1059 0.0000000884
1060 0.0000000883
1061 0.0000000882
1062 0.0000000881
1063 0.0000000880
1064 0.0000000879
1065 0.0000000878
1066 0.0000000877
1067 0.0000000876
1068 0.0000000875
1069 0.0000000874
1070 0.0000000873
1071 0.0000000872
1072 0.0000000871
1073 0.0000000870
1074 0.0000000869
1075 0.0000000868
1076 0.0000000867
1077 0.0000000866
1078 0.0000000865
1079 0.0000000864
1080 0.0000000863
1081 0.0000000862
1082 0.0000000862
1083 0.0000000861
1084 0.0000000860
1085 0.0000000859
1086 0.0000000858
1087 0.0000000857
1088 0.0000000856
1089 0.0000000855
1090 0.0000000854
1091 0.0000000853
1092 0.0000000852
1093 0.0000000851
1094 0.0000000850
1095 0.0000000849
1096 0.0000000849
1097 0.0000000848
1098 0.0000000847
1099 0.0000000846
1100 0.0000000845
1101 0.0000000844
1102 0.0000000843
1103 0.0000000842
1104 0.0000000841
1105 0.0000000840
1106 0.0000000840
1107 0.0000000839
1108 0.0000000838
1109 0.0000000837
1110 0.0000000836
1111 0.0000000835
1112 0.0000000834
1113 0.0000000833
1114 0.0000000832
1115 0.0000000832
1116 0.0000000831
1117 0.0000000830
1118 0.0000000829
1119 0.0000000828
1120 0.0000000827
1121 0.0000000826
1122 0.0000000826
1123 0.0000000825
1124 0.0000000824
1125 0.0000000823
1126 0.0000000822
1127 0.0000000821
1128 0.0000000820
1129 0.0000000819
1130 0.0000000819
1131 0.0000000818
1132 0.0000000817
1133 0.0000000816
1134 0.0000000815
1135 0.0000000814
1136 0.0000000814
1137 0.0000000813
1138 0.0000000812
1139 0.0000000811
1140 0.0000000810
1141 0.0000000809
1142 0.0000000809
1143 0.0000000808
1144 0.0000000807
1145 0.0000000806
1146 0.0000000805
1147 0.0000000804
1148 0.0000000804
1149 0.0000000803
1150 0.0000000802
1151 0.0000000801
1152 0.0000000800
1153 0.0000000799
1154 0.0000000799
1155 0.0000000798
1156 0.0000000797
1157 0.0000000796
1158 0.0000000795
1159 0.0000000795
1160 0.0000000794
1161 0.0000000793
1162 0.0000000792
1163 0.0000000791
1164 0.0000000791
1165 0.0000000790
1166 0.0000000789
1167 0.0000000788
1168 0.0000000787
1169 0.0000000787
1170 0.0000000786
1171 0.0000000785
1172 0.0000000784
1173 0.0000000783
1174 0.0000000783
1175 0.0000000782
1176 0.0000000781
1177 0.0000000780
1178 0.0000000779
1179 0.0000000779
1180 0.0000000778
1181 0.0000000777
1182 0.0000000776
1183 0.0000000776
1184 0.0000000775
1185 0.0000000774
1186 0.0000000773
1187 0.0000000773
1188 0.0000000772
1189 0.0000000771
1190 0.0000000770
1191 0.0000000769
1192 0.0000000769
1193 0.0000000768
1194 0.0000000767
1195 0.0000000766
1196 0.0000000766
1197 0.0000000765
1198 0.0000000764
1199 0.0000000763
1200 0.0000000763
1201 0.0000000762
1202 0.0000000761
1203 0.0000000760
1204 0.0000000760
1205 0.0000000759
1206 0.0000000758
1207 0.0000000757
1208 0.0000000757
1209 0.0000000756
1210 0.0000000755
1211 0.0000000754
1212 0.0000000754
1213 0.0000000753
1214 0.0000000752
1215 0.0000000752
1216 0.0000000751
1217 0.0000000750
1218 0.0000000749
1219 0.0000000749
1220 0.0000000748
1221 0.0000000747
1222 0.0000000746
1223 0.0000000746
1224 0.0000000745
1225 0.0000000744
1226 0.0000000744
1227 0.0000000743
1228 0.0000000742
1229 0.0000000741
1230 0.0000000741
1231 0.0000000740
1232 0.0000000739
1233 0.0000000739
1234 0.0000000738
1235 0.0000000737
1236 0.0000000737
1237 0.0000000736
1238 0.0000000735
1239 0.0000000734
1240 0.0000000734
1241 0.0000000733
1242 0.0000000732
1243 0.0000000732
1244 0.0000000731
1245 0.0000000730
1246 0.0000000730
1247 0.0000000729
1248 0.0000000728
1249 0.0000000727
1250 0.0000000727
1251 0.0000000726
1252 0.0000000725
1253 0.0000000725
1254 0.0000000724
1255 0.0000000723
1256 0.0000000723
1257 0.0000000722
1258 0.0000000721
1259 0.0000000721
1260 0.0000000720
1261 0.0000000719
1262 0.0000000719
1263 0.0000000718
1264 0.0000000717
1265 0.0000000717
1266 0.0000000716
1267 0.0000000715
1268 0.0000000715
1269 0.0000000714
1270 0.0000000713
1271 0.0000000713
1272 0.0000000712
1273 0.0000000711
1274 0.0000000711
1275 0.0000000710
1276 0.0000000709
1277 0.0000000709
1278 0.0000000708
1279 0.0000000707
1280 0.0000000707
1281 0.0000000706
1282 0.0000000705
1283 0.0000000705
1284 0.0000000704
1285 0.0000000703
1286 0.0000000703
1287 0.0000000702
1288 0.0000000701
1289 0.0000000701
1290 0.0000000700
1291 0.0000000700
1292 0.0000000699
1293 0.0000000698
1294 0.0000000698
1295 0.0000000697
1296 0.0000000696
1297 0.0000000696
1298 0.0000000695
1299 0.0000000694
1300 0.0000000694
1301 0.0000000693
1302 0.0000000693
1303 0.0000000692
1304 0.0000000691
1305 0.0000000691
1306 0.0000000690
1307 0.0000000689
1308 0.0000000689
1309 0.0000000688
1310 0.0000000688
1311 0.0000000687
1312 0.0000000686
1313 0.0000000686
1314 0.0000000685
1315 0.0000000684
1316 0.0000000684
1317 0.0000000683
1318 0.0000000683
1319 0.0000000682
1320 0.0000000681
1321 0.0000000681
1322 0.0000000680
1323 0.0000000680
1324 0.0000000679
1325 0.0000000678
1326 0.0000000678
1327 0.0000000677
1328 0.0000000677
1329 0.0000000676
1330 0.0000000675
1331 0.0000000675
1332 0.0000000674
1333 0.0000000674
1334 0.0000000673
1335 0.0000000672
1336 0.0000000672
1337 0.0000000671
1338 0.0000000671
1339 0.0000000670
1340 0.0000000669
1341 0.0000000669
1342 0.0000000668
1343 0.0000000668
1344 0.0000000667
1345 0.0000000666
1346 0.0000000666
1347 0.0000000665
1348 0.0000000665
1349 0.0000000664
1350 0.0000000663
1351 0.0000000663
1352 0.0000000662
1353 0.0000000662
1354 0.0000000661
1355 0.0000000661
1356 0.0000000660
1357 0.0000000659
1358 0.0000000659
1359 0.0000000658
1360 0.0000000658
1361 0.0000000657
1362 0.0000000657
1363 0.0000000656
1364 0.0000000655
1365 0.0000000655
1366 0.0000000654
1367 0.0000000654
1368 0.0000000653
1369 0.0000000653
1370 0.0000000652
1371 0.0000000651
1372 0.0000000651
1373 0.0000000650
1374 0.0000000650
1375 0.0000000649
1376 0.0000000649
1377 0.0000000648
1378 0.0000000648
1379 0.0000000647
1380 0.0000000646
1381 0.0000000646
1382 0.0000000645
1383 0.0000000645
1384 0.0000000644
1385 0.0000000644
1386 0.0000000643
1387 0.0000000643
1388 0.0000000642
1389 0.0000000641
1390 0.0000000641
1391 0.0000000640
1392 0.0000000640
1393 0.0000000639
1394 0.0000000639
1395 0.0000000638
1396 0.0000000638
1397 0.0000000637
1398 0.0000000637
1399 0.0000000636
1400 0.0000000635
1401 0.0000000635
1402 0.0000000634
1403 0.0000000634
1404 0.0000000633
1405 0.0000000633
1406 0.0000000632
1407 0.0000000632
1408 0.0000000631
1409 0.0000000631
1410 0.0000000630
1411 0.0000000630
1412 0.0000000629
1413 0.0000000628
1414 0.0000000628
1415 0.0000000627
1416 0.0000000627
1417 0.0000000626
1418 0.0000000626
1419 0.0000000625
1420 0.0000000625
1421 0.0000000624
1422 0.0000000624
1423 0.0000000623
1424 0.0000000623
1425 0.0000000622
1426 0.0000000622
1427 0.0000000621
1428 0.0000000621
1429 0.0000000620
1430 0.0000000620
1431 0.0000000619
1432 0.0000000619
1433 0.0000000618
1434 0.0000000618
1435 0.0000000617
1436 0.0000000617
1437 0.0000000616
1438 0.0000000616
1439 0.0000000615
1440 0.0000000614
1441 0.0000000614
1442 0.0000000613
1443 0.0000000613
1444 0.0000000612
1445 0.0000000612
1446 0.0000000611
1447 0.0000000611
1448 0.0000000610
1449 0.0000000610
1450 0.0000000609
1451 0.0000000609
1452 0.0000000608
1453 0.0000000608
1454 0.0000000607
1455 0.0000000607
1456 0.0000000606
1457 0.0000000606
1458 0.0000000605
1459 0.0000000605
1460 0.0000000604
1461 0.0000000604
1462 0.0000000603
1463 0.0000000603
1464 0.0000000603
1465 0.0000000602
1466 0.0000000602
1467 0.0000000601
1468 0.0000000601
1469 0.0000000600
1470 0.0000000600
1471 0.0000000599
1472 0.0000000599
1473 0.0000000598
1474 0.0000000598
1475 0.0000000597
1476 0.0000000597
1477 0.0000000596
1478 0.0000000596
1479 0.0000000595
1480 0.0000000595
1481 0.0000000594
1482 0.0000000594
1483 0.0000000593
1484 0.0000000593
1485 0.0000000592
1486 0.0000000592
1487 0.0000000591
1488 0.0000000591
1489 0.0000000590
1490 0.0000000590
1491 0.0000000590
1492 0.0000000589
1493 0.0000000589
1494 0.0000000588
1495 0.0000000588
1496 0.0000000587
1497 0.0000000587
1498 0.0000000586
1499 0.0000000586
1500 0.0000000585
1501 0.0000000585
1502 0.0000000584
1503 0.0000000584
1504 0.0000000583
1505 0.0000000583
1506 0.0000000582
1507 0.0000000582
1508 0.0000000582
1509 0.0000000581
1510 0.0000000581
1511 0.0000000580
1512 0.0000000580
1513 0.0000000579
1514 0.0000000579
1515 0.0000000578
1516 0.0000000578
1517 0.0000000577
1518 0.0000000577
1519 0.0000000577
1520 0.0000000576
1521 0.0000000576
1522 0.0000000575
1523 0.0000000575
1524 0.0000000574
1525 0.0000000574
1526 0.0000000573
1527 0.0000000573
1528 0.0000000572
1529 0.0000000572
1530 0.0000000572
1531 0.0000000571
1532 0.0000000571
1533 0.0000000570
1534 0.0000000570
1535 0.0000000569
1536 0.0000000569
1537 0.0000000568
1538 0.0000000568
1539 0.0000000568
1540 0.0000000567
1541 0.0000000567
1542 0.0000000566
1543 0.0000000566
1544 0.0000000565
1545 0.0000000565
1546 0.0000000565
1547 0.0000000564
1548 0.0000000564
1549 0.0000000563
1550 0.0000000563
1551 0.0000000562
1552 0.0000000562
1553 0.0000000561
1554 0.0000000561
1555 0.0000000561
1556 0.0000000560
1557 0.0000000560
1558 0.0000000559
1559 0.0000000559
1560 0.0000000558
1561 0.0000000558
1562 0.0000000558
1563 0.0000000557
1564 0.0000000557
1565 0.0000000556
1566 0.0000000556
1567 0.0000000555
1568 0.0000000555
1569 0.0000000555
1570 0.0000000554
1571 0.0000000554
1572 0.0000000553
1573 0.0000000553
1574 0.0000000552
1575 0.0000000552
1576 0.0000000552
1577 0.0000000551
1578 0.0000000551
1579 0.0000000550
1580 0.0000000550
1581 0.0000000550
1582 0.0000000549
1583 0.0000000549
1584 0.0000000548
1585 0.0000000548
1586 0.0000000547
1587 0.0000000547
1588 0.0000000547
1589 0.0000000546
1590 0.0000000546
1591 0.0000000545
1592 0.0000000545
1593 0.0000000545
1594 0.0000000544
1595 0.0000000544
1596 0.0000000543
1597 0.0000000543
1598 0.0000000543
1599 0.0000000542
1600 0.0000000542
1601 0.0000000541
1602 0.0000000541
1603 0.0000000540
1604 0.0000000540
1605 0.0000000540
1606 0.0000000539
1607 0.0000000539
1608 0.0000000538
1609 0.0000000538
1610 0.0000000538
1611 0.0000000537
1612 0.0000000537
1613 0.0000000536
1614 0.0000000536
1615 0.0000000536
1616 0.0000000535
1617 0.0000000535
1618 0.0000000534
1619 0.0000000534
1620 0.0000000534
1621 0.0000000533
1622 0.0000000533
1623 0.0000000532
1624 0.0000000532
1625 0.0000000532
1626 0.0000000531
1627 0.0000000531
1628 0.0000000530
1629 0.0000000530
1630 0.0000000530
1631 0.0000000529
1632 0.0000000529
1633 0.0000000529
1634 0.0000000528
1635 0.0000000528
1636 0.0000000527
1637 0.0000000527
1638 0.0000000527
1639 0.0000000526
1640 0.0000000526
1641 0.0000000525
1642 0.0000000525
1643 0.0000000525
1644 0.0000000524
1645 0.0000000524
1646 0.0000000523
1647 0.0000000523
1648 0.0000000523
1649 0.0000000522
1650 0.0000000522
1651 0.0000000522
1652 0.0000000521
1653 0.0000000521
1654 0.0000000520
1655 0.0000000520
1656 0.0000000520
1657 0.0000000519
1658 0.0000000519
1659 0.0000000519
1660 0.0000000518
1661 0.0000000518
1662 0.0000000517
1663 0.0000000517
1664 0.0000000517
1665 0.0000000516
1666 0.0000000516
1667 0.0000000515
1668 0.0000000515
1669 0.0000000515
1670 0.0000000514
1671 0.0000000514
1672 0.0000000514
1673 0.0000000513
1674 0.0000000513
1675 0.0000000513
1676 0.0000000512
1677 0.0000000512
1678 0.0000000511
1679 0.0000000511
1680 0.0000000511
1681 0.0000000510
1682 0.0000000510
1683 0.0000000510
1684 0.0000000509
1685 0.0000000509
1686 0.0000000508
1687 0.0000000508
1688 0.0000000508
1689 0.0000000507
1690 0.0000000507
1691 0.0000000507
1692 0.0000000506
1693 0.0000000506
1694 0.0000000506
1695 0.0000000505
1696 0.0000000505
1697 0.0000000504
1698 0.0000000504
1699 0.0000000504
1700 0.0000000503
1701 0.0000000503
1702 0.0000000503
1703 0.0000000502
1704 0.0000000502
1705 0.0000000502
1706 0.0000000501
1707 0.0000000501
1708 0.0000000500
1709 0.0000000500
1710 0.0000000500
1711 0.0000000499
1712 0.0000000499
1713 0.0000000499
1714 0.0000000498
1715 0.0000000498
1716 0.0000000498
1717 0.0000000497
1718 0.0000000497
1719 0.0000000497
1720 0.0000000496
1721 0.0000000496
1722 0.0000000495
1723 0.0000000495
1724 0.0000000495
1725 0.0000000494
1726 0.0000000494
1727 0.0000000494
1728 0.0000000493
1729 0.0000000493
1730 0.0000000493
1731 0.0000000492
1732 0.0000000492
1733 0.0000000492
1734 0.0000000491
1735 0.0000000491
1736 0.0000000491
1737 0.0000000490
1738 0.0000000490
1739 0.0000000490
1740 0.0000000489
1741 0.0000000489
1742 0.0000000488
1743 0.0000000488
1744 0.0000000488
1745 0.0000000487
1746 0.0000000487
1747 0.0000000487
1748 0.0000000486
1749 0.0000000486
1750 0.0000000486
1751 0.0000000485
1752 0.0000000485
1753 0.0000000485
1754 0.0000000484
1755 0.0000000484
1756 0.0000000484
1757 0.0000000483
1758 0.0000000483
1759 0.0000000483
1760 0.0000000482
1761 0.0000000482
1762 0.0000000482
1763 0.0000000481
1764 0.0000000481
1765 0.0000000481
1766 0.0000000480
1767 0.0000000480
1768 0.0000000480
1769 0.0000000479
1770 0.0000000479
1771 0.0000000479
1772 0.0000000478
1773 0.0000000478
1774 0.0000000478
1775 0.0000000477
1776 0.0000000477
1777 0.0000000477
1778 0.0000000476
1779 0.0000000476
1780 0.0000000476
1781 0.0000000475
1782 0.0000000475
1783 0.0000000475
1784 0.0000000474
1785 0.0000000474
1786 0.0000000474
1787 0.0000000473
1788 0.0000000473
1789 0.0000000473
1790 0.0000000472
1791 0.0000000472
1792 0.0000000472
1793 0.0000000471
1794 0.0000000471
1795 0.0000000471
1796 0.0000000470
1797 0.0000000470
1798 0.0000000470
1799 0.0000000469
1800 0.0000000469
1801 0.0000000469
1802 0.0000000468
1803 0.0000000468
1804 0.0000000468
1805 0.0000000467
1806 0.0000000467
1807 0.0000000467
1808 0.0000000466
1809 0.0000000466
1810 0.0000000466
1811 0.0000000465
1812 0.0000000465
1813 0.0000000465
1814 0.0000000464
1815 0.0000000464
1816 0.0000000464
1817 0.0000000463
1818 0.0000000463
1819 0.0000000463
1820 0.0000000462
1821 0.0000000462
1822 0.0000000462
1823 0.0000000461
1824 0.0000000461
1825 0.0000000461
1826 0.0000000460
1827 0.0000000460
1828 0.0000000460
1829 0.0000000459
1830 0.0000000459
1831 0.0000000459
1832 0.0000000458
1833 0.0000000458
1834 0.0000000458
1835 0.0000000457
1836 0.0000000457
1837 0.0000000457
1838 0.0000000456
1839 0.0000000456
1840 0.0000000456
1841 0.0000000455
1842 0.0000000455
1843 0.0000000455
1844 0.0000000454
1845 0.0000000454
1846 0.0000000454
1847 0.0000000453
1848 0.0000000453
1849 0.0000000453
1850 0.0000000453
1851 0.0000000452
1852 0.0000000452
1853 0.0000000452
1854 0.0000000451
1855 0.0000000451
1856 0.0000000451
1857 0.0000000450
1858 0.0000000450
1859 0.0000000450
1860 0.0000000449
1861 0.0000000449
1862 0.0000000449
1863 0.0000000448
1864 0.0000000448
1865 0.0000000448
1866 0.0000000447
1867 0.0000000447
1868 0.0000000447
1869 0.0000000446
1870 0.0000000446
1871 0.0000000446
1872 0.0000000445
1873 0.0000000445
1874 0.0000000445
1875 0.0000000444
1876 0.0000000444
1877 0.0000000444
1878 0.0000000443
1879 0.0000000443
1880 0.0000000443
1881 0.0000000442
1882 0.0000000442
1883 0.0000000442
1884 0.0000000441
1885 0.0000000441
1886 0.0000000441
1887 0.0000000440
1888 0.0000000440
1889 0.0000000440
1890 0.0000000439
1891 0.0000000439
1892 0.0000000439
1893 0.0000000438
1894 0.0000000438
1895 0.0000000438
1896 0.0000000437
1897 0.0000000437
1898 0.0000000437
1899 0.0000000436
1900 0.0000000436
1901 0.0000000436
1902 0.0000000435
1903 0.0000000435
1904 0.0000000435
1905 0.0000000434
1906 0.0000000434
1907 0.0000000433
1908 0.0000000433
1909 0.0000000433
1910 0.0000000432
1911 0.0000000432
1912 0.0000000432
1913 0.0000000431
1914 0.0000000431
1915 0.0000000431
1916 0.0000000430
1917 0.0000000430
1918 0.0000000430
1919 0.0000000429
1920 0.0000000429
1921 0.0000000428
1922 0.0000000428
1923 0.0000000428
1924 0.0000000427
1925 0.0000000427
1926 0.0000000427
1927 0.0000000426
1928 0.0000000426
1929 0.0000000425
1930 0.0000000425
1931 0.0000000425
1932 0.0000000424
1933 0.0000000424
1934 0.0000000424
1935 0.0000000423
1936 0.0000000423
1937 0.0000000422
1938 0.0000000422
1939 0.0000000422
1940 0.0000000421
1941 0.0000000421
1942 0.0000000420
1943 0.0000000420
1944 0.0000000419
1945 0.0000000419
1946 0.0000000419
1947 0.0000000418
1948 0.0000000418
1949 0.0000000417
1950 0.0000000417
1951 0.0000000416
1952 0.0000000416
1953 0.0000000416
1954 0.0000000415
1955 0.0000000415
1956 0.0000000414
1957 0.0000000414
1958 0.0000000413
1959 0.0000000413
1960 0.0000000412
1961 0.0000000412
1962 0.0000000411
1963 0.0000000411
1964 0.0000000410
1965 0.0000000410
1966 0.0000000409
1967 0.0000000409
1968 0.0000000408
1969 0.0000000408
1970 0.0000000407
1971 0.0000000407
1972 0.0000000406
1973 0.0000000405
1974 0.0000000405
1975 0.0000000404
1976 0.0000000404
1977 0.0000000403
1978 0.0000000402
1979 0.0000000402
1980 0.0000000401
1981 0.0000000400
1982 0.0000000399
1983 0.0000000399
1984 0.0000000398
1985 0.0000000397
1986 0.0000000396
1987 0.0000000395
1988 0.0000000394
1989 0.0000000393
1990 0.0000000392
1991 0.0000000390
1992 0.0000000389
1993 0.0000000387
1994 0.0000000385
1995 0.0000000382
1996 0.0000000378
1997 0.0000000372
1998 0.0000000361
1999 0.0000000321
2000 0.0000000000
