1 900
0 0.9918896337
1 0.0028385263
2 0.0009187884
3 0.0005857242
4 0.0004039912
5 0.0003031714
6 0.0002402452
7 0.0001971383
8 0.0001658577
9 0.0001422385
10 0.0001238455
11 0.0001091604
12 0.0000971933
13 0.0000872742
14 0.0000789342
15 0.0000718360
16 0.0000657305
17 0.0000604305
18 0.0000557924
19 0.0000517041
20 0.0000480775
21 0.0000448417
22 0.0000419396
23 0.0000393246
24 0.0000369580
25 0.0000348078
26 0.0000328473
27 0.0000310537
28 0.0000294077
29 0.0000278930
30 0.0000264953
31 0.0000252025
32 0.0000240038
33 0.0000228901
34 0.0000218533
35 0.0000208861
36 0.0000199824
37 0.0000191365
38 0.0000183434
39 0.0000175988
40 0.0000168987
41 0.0000162395
42 0.0000156181
43 0.0000150315
44 0.0000144772
45 0.0000139528
46 0.0000134561
47 0.0000129853
48 0.0000125385
49 0.0000121142
50 0.0000117108
51 0.0000113270
52 0.0000109615
53 0.0000106132
54 0.0000102810
55 0.0000099640
56 0.0000096612
57 0.0000093718
58 0.0000090950
59 0.0000088302
60 0.0000085766
61 0.0000083336
62 0.0000081007
63 0.0000078773
64 0.0000076629
65 0.0000074571
66 0.0000072593
67 0.0000070692
68 0.0000068865
69 0.0000067106
70 0.0000065414
71 0.0000063785
72 0.0000062215
73 0.0000060702
74 0.0000059244
75 0.0000057838
76 0.0000056481
77 0.0000055172
78 0.0000053907
79 0.0000052686
80 0.0000051506
81 0.0000050366
82 0.0000049264
83 0.0000048197
84 0.0000047166
85 0.0000046168
86 0.0000045202
87 0.0000044266
88 0.0000043360
89 0.0000042482
90 0.0000041631
91 0.0000040806
92 0.0000040006
93 0.0000039231
94 0.0000038478
95 0.0000037748
96 0.0000037039
97 0.0000036351
98 0.0000035683
99 0.0000035034
100 0.0000034403
101 0.0000033790
102 0.0000033195
103 0.0000032616
104 0.0000032053
105 0.0000031505
106 0.0000030972
107 0.0000030454
108 0.0000029950
109 0.0000029458
110 0.0000028980
111 0.0000028515
112 0.0000028061
113 0.0000027620
114 0.0000027189
115 0.0000026770
116 0.0000026361
117 0.0000025963
118 0.0000025574
119 0.0000025195
120 0.0000024826
121 0.0000024465
122 0.0000024113
123 0.0000023770
124 0.0000023435
125 0.0000023108
126 0.0000022788
127 0.0000022476
128 0.0000022172
129 0.0000021874
130 0.0000021584
131 0.0000021299
132 0.0000021022
133 0.0000020751
134 0.0000020485
135 0.0000020226
136 0.0000019972
137 0.0000019724
138 0.0000019482
139 0.0000019244
140 0.0000019012
141 0.0000018785
142 0.0000018563
143 0.0000018345
144 0.0000018132
145 0.0000017923
146 0.0000017719
147 0.0000017519
148 0.0000017323
149 0.0000017131
150 0.0000016943
151 0.0000016758
152 0.0000016578
153 0.0000016401
154 0.0000016227
155 0.0000016057
156 0.0000015890
157 0.0000015727
158 0.0000015566
159 0.0000015409
160 0.0000015254
161 0.0000015103
162 0.0000014954
163 0.0000014809
164 0.0000014665
165 0.0000014525
166 0.0000014387
167 0.0000014252
168 0.0000014119
169 0.0000013988
170 0.0000013860
171 0.0000013734
172 0.0000013610
173 0.0000013488
174 0.0000013369
175 0.0000013252
176 0.0000013136
177 0.0000013023
178 0.0000012911
179 0.0000012802
180 0.0000012694
181 0.0000012588
182 0.0000012484
183 0.0000012381
184 0.0000012281
185 0.0000012181
186 0.0000012084
187 0.0000011988
188 0.0000011893
189 0.0000011801
190 0.0000011709
191 0.0000011619
192 0.0000011530
193 0.0000011443
194 0.0000011357
195 0.0000011272
196 0.0000011189
197 0.0000011107
198 0.0000011026
199 0.0000010946
200 0.0000010868
201 0.0000010791
202 0.0000010714
203 0.0000010639
204 0.0000010565
205 0.0000010492
206 0.0000010421
207 0.0000010350
208 0.0000010280
209 0.0000010211
210 0.0000010143
211 0.0000010076
212 0.0000010010
213 0.0000009945
214 0.0000009880
215 0.0000009817
216 0.0000009754
217 0.0000009693
218 0.0000009632
219 0.0000009572
220 0.0000009512
221 0.0000009454
222 0.0000009396
223 0.0000009339
224 0.0000009282
225 0.0000009227
226 0.0000009172
227 0.0000009118
228 0.0000009064
229 0.0000009011
230 0.0000008959
231 0.0000008907
232 0.0000008856
233 0.0000008806
234 0.0000008756
235 0.0000008707
236 0.0000008658
237 0.0000008610
238 0.0000008563
239 0.0000008516
240 0.0000008470
241 0.0000008424
242 0.0000008378
243 0.0000008334
244 0.0000008289
245 0.0000008245
246 0.0000008202
247 0.0000008159
248 0.0000008117
249 0.0000008075
250 0.0000008034
251 0.0000007993
252 0.0000007952
253 0.0000007912
254 0.0000007872
255 0.0000007833
256 0.0000007794
257 0.0000007756
258 0.0000007718
259 0.0000007680
260 0.0000007643
261 0.0000007606
262 0.0000007569
263 0.0000007533
264 0.0000007497
265 0.0000007462
266 0.0000007427
267 0.0000007392
268 0.0000007358
269 0.0000007324
270 0.0000007290
271 0.0000007256
272 0.0000007223
273 0.0000007191
274 0.0000007158
275 0.0000007126
276 0.0000007094
277 0.0000007063
278 0.0000007031
279 0.0000007000
280 0.0000006970
281 0.0000006939
282 0.0000006909
283 0.0000006879
284 0.0000006850
285 0.0000006820
286 0.0000006791
287 0.0000006762
288 0.0000006734
289 0.0000006706
290 0.0000006677
291 0.0000006650
292 0.0000006622
293 0.0000006595
294 0.0000006568
295 0.0000006541
296 0.0000006514
297 0.0000006488
298 0.0000006461
299 0.0000006435
300 0.0000006410
301 0.0000006384
302 0.0000006359
303 0.0000006333
304 0.0000006309
305 0.0000006284
306 0.0000006259
307 0.0000006235
308 0.0000006211
309 0.0000006187
310 0.0000006163
311 0.0000006139
312 0.0000006116
313 0.0000006093
314 0.0000006070
315 0.0000006047
316 0.0000006024
317 0.0000006001
318 0.0000005979
319 0.0000005957
320 0.0000005935
321 0.0000005913
322 0.0000005891
323 0.0000005870
324 0.0000005848
325 0.0000005827
326 0.0000005806
327 0.0000005785
328 0.0000005764
329 0.0000005744
330 0.0000005723
331 0.0000005703
332 0.0000005683
333 0.0000005663
334 0.0000005643
335 0.0000005623
336 0.0000005603
337 0.0000005584
338 0.0000005565
339 0.0000005545
340 0.0000005526
341 0.0000005507
342 0.0000005488
343 0.0000005470
344 0.0000005451
345 0.0000005433
346 0.0000005414
347 0.0000005396
348 0.0000005378
349 0.0000005360
350 0.0000005342
351 0.0000005325
352 0.0000005307
353 0.0000005289
354 0.0000005272
355 0.0000005255
356 0.0000005238
357 0.0000005221
358 0.0000005204
359 0.0000005187
360 0.0000005170
361 0.0000005153
362 0.0000005137
363 0.0000005120
364 0.0000005104
365 0.0000005088
366 0.0000005072
367 0.0000005056
368 0.0000005040
369 0.0000005024
370 0.0000005008
371 0.0000004993
372 0.0000004977
373 0.0000004962
374 0.0000004946
375 0.0000004931
376 0.0000004916
377 0.0000004901
378 0.0000004886
379 0.0000004871
380 0.0000004856
381 0.0000004841
382 0.0000004827
383 0.0000004812
384 0.0000004798
385 0.0000004783
386 0.0000004769
387 0.0000004755
388 0.0000004741
389 0.0000004727
390 0.0000004713
391 0.0000004699
392 0.0000004685
393 0.0000004671
394 0.0000004658
395 0.0000004644
396 0.0000004631
397 0.0000004617
398 0.0000004604
399 0.0000004590
400 0.0000004577
401 0.0000004564
402 0.0000004551
403 0.0000004538
404 0.0000004525
405 0.0000004512
406 0.0000004499
407 0.0000004487
408 0.0000004474
409 0.0000004462
410 0.0000004449
411 0.0000004437
412 0.0000004424
413 0.0000004412
414 0.0000004400
415 0.0000004387
416 0.0000004375
417 0.0000004363
418 0.0000004351
419 0.0000004339
420 0.0000004327
421 0.0000004316
422 0.0000004304
423 0.0000004292
424 0.0000004281
425 0.0000004269
426 0.0000004257
427 0.0000004246
428 0.0000004235
429 0.0000004223
430 0.0000004212
431 0.0000004201
432 0.0000004190
433 0.0000004179
434 0.0000004167
435 0.0000004156
436 0.0000004146
437 0.0000004135
438 0.0000004124
439 0.0000004113
440 0.0000004102
441 0.0000004092
442 0.0000004081
443 0.0000004070
444 0.0000004060
445 0.0000004049
446 0.0000004039
447 0.0000004029
448 0.0000004018
449 0.0000004008
450 0.0000003998
451 0.0000003988
452 0.0000003978
453 0.0000003968
454 0.0000003957
455 0.0000003948
456 0.0000003938
457 0.0000003928
458 0.0000003918
459 0.0000003908
460 0.0000003898
461 0.0000003889
462 0.0000003879
463 0.0000003869
464 0.0000003860
465 0.0000003850
466 0.0000003841
467 0.0000003831
468 0.0000003822
469 0.0000003813
470 0.0000003803
471 0.0000003794
472 0.0000003785
473 0.0000003776
474 0.0000003767
475 0.0000003757
476 0.0000003748
477 0.0000003739
478 0.0000003730
479 0.0000003721
480 0.0000003713
481 0.0000003704
482 0.0000003695
483 0.0000003686
484 0.0000003677
485 0.0000003669
486 0.0000003660
487 0.0000003651
488 0.0000003643
489 0.0000003634
490 0.0000003626
491 0.0000003617
492 0.0000003609
493 0.0000003600
494 0.0000003592
495 0.0000003584
496 0.0000003576
497 0.0000003567
498 0.0000003559
499 0.0000003551
500 0.0000003543
501 0.0000003535
502 0.0000003527
503 0.0000003518
504 0.0000003510
505 0.0000003502
506 0.0000003495
507 0.0000003487
508 0.0000003479
509 0.0000003471
510 0.0000003463
511 0.0000003455
512 0.0000003448
513 0.0000003440
514 0.0000003432
515 0.0000003425
516 0.0000003417
517 0.0000003409
518 0.0000003402
519 0.0000003394
520 0.0000003387
521 0.0000003379
522 0.0000003372
523 0.0000003364
524 0.0000003357
525 0.0000003350
526 0.0000003342
527 0.0000003335
528 0.0000003328
529 0.0000003321
530 0.0000003314
531 0.0000003306
532 0.0000003299
533 0.0000003292
534 0.0000003285
535 0.0000003278
536 0.0000003271
537 0.0000003264
538 0.0000003257
539 0.0000003250
540 0.0000003243
541 0.0000003236
542 0.0000003229
543 0.0000003223
544 0.0000003216
545 0.0000003209
546 0.0000003202
547 0.0000003195
548 0.0000003189
549 0.0000003182
550 0.0000003175
551 0.0000003169
552 0.0000003162
553 0.0000003156
554 0.0000003149
555 0.0000003143
556 0.0000003136
557 0.0000003130
558 0.0000003123
559 0.0000003117
560 0.0000003110
561 0.0000003104
562 0.0000003098
563 0.0000003091
564 0.0000003085
565 0.0000003079
566 0.0000003072
567 0.0000003066
568 0.0000003060
569 0.0000003054
570 0.0000003048
571 0.0000003042
572 0.0000003035
573 0.0000003029
574 0.0000003023
575 0.0000003017
576 0.0000003011
577 0.0000003005
578 0.0000002999
579 0.0000002993
580 0.0000002987
581 0.0000002981
582 0.0000002976
583 0.0000002970
584 0.0000002964
585 0.0000002958
586 0.0000002952
587 0.0000002946
588 0.0000002941
589 0.0000002935
590 0.0000002929
591 0.0000002923
592 0.0000002918
593 0.0000002912
594 0.0000002906
595 0.0000002901
596 0.0000002895
597 0.0000002890
598 0.0000002884
599 0.0000002878
600 0.0000002873
601 0.0000002867
602 0.0000002862
603 0.0000002856
604 0.0000002851
605 0.0000002846
606 0.0000002840
607 0.0000002835
608 0.0000002829
609 0.0000002824
610 0.0000002819
611 0.0000002813
612 0.0000002808
613 0.0000002803
614 0.0000002798
615 0.0000002792
616 0.0000002787
617 0.0000002782
618 0.0000002777
619 0.0000002772
620 0.0000002766
621 0.0000002761
622 0.0000002756
623 0.0000002751
624 0.0000002746
625 0.0000002741
626 0.0000002736
627 0.0000002731
628 0.0000002726
629 0.0000002721
630 0.0000002716
631 0.0000002711
632 0.0000002706
633 0.0000002701
634 0.0000002696
635 0.0000002691
636 0.0000002686
637 0.0000002681
638 0.0000002676
639 0.0000002672
640 0.0000002667
641 0.0000002662
642 0.0000002657
643 0.0000002652
644 0.0000002648
645 0.0000002643
646 0.0000002638
647 0.0000002634
648 0.0000002629
649 0.0000002624
650 0.0000002619
651 0.0000002615
652 0.0000002610
653 0.0000002606
654 0.0000002601
655 0.0000002596
656 0.0000002592
657 0.0000002587
658 0.0000002583
659 0.0000002578
660 0.0000002574
661 0.0000002569
662 0.0000002565
663 0.0000002560
664 0.0000002556
665 0.0000002551
666 0.0000002547
667 0.0000002542
668 0.0000002538
669 0.0000002534
670 0.0000002529
671 0.0000002525
672 0.0000002521
673 0.0000002516
674 0.0000002512
675 0.0000002508
676 0.0000002503
677 0.0000002499
678 0.0000002495
679 0.0000002490
680 0.0000002486
681 0.0000002482
682 0.0000002478
683 0.0000002474
684 0.0000002469
685 0.0000002465
686 0.0000002461
687 0.0000002457
688 0.0000002453
689 0.0000002449
690 0.0000002444
691 0.0000002440
692 0.0000002436
693 0.0000002432
694 0.0000002428
695 0.0000002424
696 0.0000002420
697 0.0000002416
698 0.0000002412
699 0.0000002408
700 0.0000002404
701 0.0000002400
702 0.0000002396
703 0.0000002392
704 0.0000002388
705 0.0000002384
706 0.0000002380
707 0.0000002376
708 0.0000002372
709 0.0000002368
710 0.0000002365
711 0.0000002361
712 0.0000002357
713 0.0000002353
714 0.0000002349
715 0.0000002345
716 0.0000002342
717 0.0000002338
718 0.0000002334
719 0.0000002330
720 0.0000002326
721 0.0000002323
722 0.0000002319
723 0.0000002315
724 0.0000002311
725 0.0000002308
726 0.0000002304
727 0.0000002300
728 0.0000002297
729 0.0000002293
730 0.0000002289
731 0.0000002286
732 0.0000002282
733 0.0000002278
734 0.0000002275
735 0.0000002271
736 0.0000002268
737 0.0000002264
738 0.0000002260
739 0.0000002257
740 0.0000002253
741 0.0000002250
742 0.0000002246
743 0.0000002243
744 0.0000002239
745 0.0000002236
746 0.0000002232
747 0.0000002229
748 0.0000002225
749 0.0000002222
750 0.0000002218
751 0.0000002215
752 0.0000002211
753 0.0000002208
754 0.0000002204
755 0.0000002201
756 0.0000002197
757 0.0000002194
758 0.0000002191
759 0.0000002187
760 0.0000002184
761 0.0000002181
762 0.0000002177
763 0.0000002174
764 0.0000002170
765 0.0000002167
766 0.0000002164
767 0.0000002160
768 0.0000002157
769 0.0000002154
770 0.0000002151
771 0.0000002147
772 0.0000002144
773 0.0000002141
774 0.0000002137
775 0.0000002134
776 0.0000002131
777 0.0000002128
778 0.0000002124
779 0.0000002121
780 0.0000002118
781 0.0000002115
782 0.0000002112
783 0.0000002108
784 0.0000002105
785 0.0000002102
786 0.0000002099
787 0.0000002096
788 0.0000002093
789 0.0000002089
790 0.0000002086
791 0.0000002083
792 0.0000002080
793 0.0000002077
794 0.0000002074
795 0.0000002071
796 0.0000002068
797 0.0000002065
798 0.0000002062
799 0.0000002058
800 0.0000002055
801 0.0000002052
802 0.0000002049
803 0.0000002046
804 0.0000002043
805 0.0000002040
806 0.0000002037
807 0.0000002034
808 0.0000002031
809 0.0000002028
810 0.0000002025
811 0.0000002022
812 0.0000002019
813 0.0000002016
814 0.0000002013
815 0.0000002010
816 0.0000002007
817 0.0000002004
818 0.0000002001
819 0.0000001998
820 0.0000001995
821 0.0000001992
822 0.0000001990
823 0.0000001987
824 0.0000001984
825 0.0000001981
826 0.0000001978
827 0.0000001975
828 0.0000001972
829 0.0000001969
830 0.0000001966
831 0.0000001963
832 0.0000001961
833 0.0000001958
834 0.0000001955
835 0.0000001952
836 0.0000001949
837 0.0000001946
838 0.0000001943
839 0.0000001941
840 0.0000001938
841 0.0000001935
842 0.0000001932
843 0.0000001929
844 0.0000001926
845 0.0000001923
846 0.0000001921
847 0.0000001918
848 0.0000001915
849 0.0000001912
850 0.0000001909
851 0.0000001907
852 0.0000001904
853 0.0000001901
854 0.0000001898
855 0.0000001895
856 0.0000001892
857 0.0000001890
858 0.0000001887
859 0.0000001884
860 0.0000001881
861 0.0000001878
862 0.0000001875
863 0.0000001873
864 0.0000001870
865 0.0000001867
866 0.0000001864
867 0.0000001861
868 0.0000001858
869 0.0000001855
870 0.0000001852
871 0.0000001849
872 0.0000001846
873 0.0000001844
874 0.0000001840
875 0.0000001837
876 0.0000001834
877 0.0000001831
878 0.0000001828
879 0.0000001825
880 0.0000001822
881 0.0000001818
882 0.0000001815
883 0.0000001811
884 0.0000001808
885 0.0000001804
886 0.0000001800
887 0.0000001796
888 0.0000001791
889 0.0000001787
890 0.0000001781
891 0.0000001776
892 0.0000001769
893 0.0000001761
894 0.0000001752
895 0.0000001739
896 0.0000001722
897 0.0000001695
898 0.0000001642
899 0.0000001464
900 0.0000000000
