1 1200
0 0.9843961828
1 0.0040403397
2 0.0016667654
3 0.0011460883
4 0.0008328500
5 0.0006477911
6 0.0005268521
7 0.0004409871
8 0.0003768540
9 0.0003272549
10 0.0002878391
11 0.0002558156
12 0.0002293209
13 0.0002070669
14 0.0001881354
15 0.0001718545
16 0.0001577211
17 0.0001453508
18 0.0001344453
19 0.0001247692
20 0.0001161347
21 0.0001083900
22 0.0001014110
23 0.0000950954
24 0.0000893582
25 0.0000841281
26 0.0000793448
27 0.0000749571
28 0.0000709211
29 0.0000671993
30 0.0000637590
31 0.0000605718
32 0.0000576131
33 0.0000548611
34 0.0000522968
35 0.0000499033
36 0.0000476655
37 0.0000455703
38 0.0000436056
39 0.0000417609
40 0.0000400266
41 0.0000383941
42 0.0000368557
43 0.0000354042
44 0.0000340335
45 0.0000327376
46 0.0000315113
47 0.0000303498
48 0.0000292487
49 0.0000282040
50 0.0000272120
51 0.0000262692
52 0.0000253727
53 0.0000245195
54 0.0000237069
55 0.0000229325
56 0.0000221940
57 0.0000214894
58 0.0000208166
59 0.0000201739
60 0.0000195596
61 0.0000189720
62 0.0000184097
63 0.0000178715
64 0.0000173559
65 0.0000168617
66 0.0000163880
67 0.0000159336
68 0.0000154975
69 0.0000150788
70 0.0000146767
71 0.0000142903
72 0.0000139189
73 0.0000135617
74 0.0000132182
75 0.0000128875
76 0.0000125692
77 0.0000122627
78 0.0000119673
79 0.0000116827
80 0.0000114084
81 0.0000111438
82 0.0000108886
83 0.0000106423
84 0.0000104045
85 0.0000101750
86 0.0000099533
87 0.0000097390
88 0.0000095320
89 0.0000093319
90 0.0000091384
91 0.0000089513
92 0.0000087702
93 0.0000085949
94 0.0000084253
95 0.0000082611
96 0.0000081020
97 0.0000079479
98 0.0000077986
99 0.0000076538
100 0.0000075135
101 0.0000073775
102 0.0000072455
103 0.0000071175
104 0.0000069933
105 0.0000068727
106 0.0000067556
107 0.0000066419
108 0.0000065315
109 0.0000064243
110 0.0000063201
111 0.0000062188
112 0.0000061203
113 0.0000060246
114 0.0000059315
115 0.0000058409
116 0.0000057528
117 0.0000056671
118 0.0000055836
119 0.0000055024
120 0.0000054233
121 0.0000053462
122 0.0000052712
123 0.0000051981
124 0.0000051268
125 0.0000050574
126 0.0000049897
127 0.0000049237
128 0.0000048593
129 0.0000047965
130 0.0000047353
131 0.0000046755
132 0.0000046172
133 0.0000045603
134 0.0000045047
135 0.0000044504
136 0.0000043974
137 0.0000043456
138 0.0000042950
139 0.0000042456
140 0.0000041973
141 0.0000041501
142 0.0000041039
143 0.0000040588
144 0.0000040146
145 0.0000039714
146 0.0000039292
147 0.0000038878
148 0.0000038474
149 0.0000038078
150 0.0000037690
151 0.0000037311
152 0.0000036939
153 0.0000036575
154 0.0000036218
155 0.0000035869
156 0.0000035526
157 0.0000035191
158 0.0000034862
159 0.0000034539
160 0.0000034223
161 0.0000033913
162 0.0000033608
163 0.0000033310
164 0.0000033017
165 0.0000032730
166 0.0000032448
167 0.0000032171
168 0.0000031900
169 0.0000031633
170 0.0000031371
171 0.0000031114
172 0.0000030861
173 0.0000030613
174 0.0000030369
175 0.0000030129
176 0.0000029893
177 0.0000029662
178 0.0000029434
179 0.0000029210
180 0.0000028990
181 0.0000028774
182 0.0000028561
183 0.0000028351
184 0.0000028145
185 0.0000027942
186 0.0000027743
187 0.0000027546
188 0.0000027353
189 0.0000027163
190 0.0000026975
191 0.0000026791
192 0.0000026609
193 0.0000026430
194 0.0000026253
195 0.0000026080
196 0.0000025908
197 0.0000025740
198 0.0000025573
199 0.0000025409
200 0.0000025248
201 0.0000025089
202 0.0000024931
203 0.0000024777
204 0.0000024624
205 0.0000024473
206 0.0000024325
207 0.0000024178
208 0.0000024033
209 0.0000023890
210 0.0000023750
211 0.0000023611
212 0.0000023473
213 0.0000023338
214 0.0000023204
215 0.0000023072
216 0.0000022942
217 0.0000022813
218 0.0000022686
219 0.0000022560
220 0.0000022436
221 0.0000022314
222 0.0000022193
223 0.0000022073
224 0.0000021955
225 0.0000021838
226 0.0000021723
227 0.0000021609
228 0.0000021496
229 0.0000021384
230 0.0000021274
231 0.0000021165
232 0.0000021057
233 0.0000020951
234 0.0000020845
235 0.0000020741
236 0.0000020638
237 0.0000020536
238 0.0000020435
239 0.0000020335
240 0.0000020236
241 0.0000020139
242 0.0000020042
243 0.0000019946
244 0.0000019852
245 0.0000019758
246 0.0000019665
247 0.0000019573
248 0.0000019482
249 0.0000019392
250 0.0000019303
251 0.0000019215
252 0.0000019127
253 0.0000019041
254 0.0000018955
255 0.0000018870
256 0.0000018786
257 0.0000018703
258 0.0000018620
259 0.0000018538
260 0.0000018458
261 0.0000018377
262 0.0000018298
263 0.0000018219
264 0.0000018141
265 0.0000018064
266 0.0000017987
267 0.0000017911
268 0.0000017836
269 0.0000017761
270 0.0000017687
271 0.0000017614
272 0.0000017541
273 0.0000017469
274 0.0000017397
275 0.0000017327
276 0.0000017256
277 0.0000017187
278 0.0000017118
279 0.0000017049
280 0.0000016981
281 0.0000016914
282 0.0000016847
283 0.0000016781
284 0.0000016715
285 0.0000016650
286 0.0000016585
287 0.0000016521
288 0.0000016457
289 0.0000016394
290 0.0000016331
291 0.0000016269
292 0.0000016207
293 0.0000016146
294 0.0000016085
295 0.0000016025
296 0.0000015965
297 0.0000015906
298 0.0000015847
299 0.0000015788
300 0.0000015730
301 0.0000015673
302 0.0000015616
303 0.0000015559
304 0.0000015502
305 0.0000015446
306 0.0000015391
307 0.0000015336
308 0.0000015281
309 0.0000015227
310 0.0000015173
311 0.0000015119
312 0.0000015066
313 0.0000015013
314 0.0000014961
315 0.0000014909
316 0.0000014857
317 0.0000014806
318 0.0000014755
319 0.0000014704
320 0.0000014654
321 0.0000014604
322 0.0000014554
323 0.0000014505
324 0.0000014456
325 0.0000014407
326 0.0000014359
327 0.0000014311
328 0.0000014263
329 0.0000014216
330 0.0000014169
331 0.0000014122
332 0.0000014076
333 0.0000014029
334 0.0000013984
335 0.0000013938
336 0.0000013893
337 0.0000013848
338 0.0000013803
339 0.0000013759
340 0.0000013715
341 0.0000013671
342 0.0000013627
343 0.0000013584
344 0.0000013541
345 0.0000013498
346 0.0000013456
347 0.0000013414
348 0.0000013372
349 0.0000013330
350 0.0000013288
351 0.0000013247
352 0.0000013206
353 0.0000013166
354 0.0000013125
355 0.0000013085
356 0.0000013045
357 0.0000013005
358 0.0000012966
359 0.0000012926
360 0.0000012887
361 0.0000012849
362 0.0000012810
363 0.0000012772
364 0.0000012734
365 0.0000012696
366 0.0000012658
367 0.0000012620
368 0.0000012583
369 0.0000012546
370 0.0000012509
371 0.0000012473
372 0.0000012436
373 0.0000012400
374 0.0000012364
375 0.0000012328
376 0.0000012293
377 0.0000012257
378 0.0000012222
379 0.0000012187
380 0.0000012152
381 0.0000012118
382 0.0000012083
383 0.0000012049
384 0.0000012015
385 0.0000011981
386 0.0000011947
387 0.0000011914
388 0.0000011880
389 0.0000011847
390 0.0000011814
391 0.0000011782
392 0.0000011749
393 0.0000011717
394 0.0000011684
395 0.0000011652
396 0.0000011620
397 0.0000011588
398 0.0000011557
399 0.0000011525
400 0.0000011494
401 0.0000011463
402 0.0000011432
403 0.0000011401
404 0.0000011371
405 0.0000011340
406 0.0000011310
407 0.0000011280
408 0.0000011250
409 0.0000011220
410 0.0000011190
411 0.0000011161
412 0.0000011131
413 0.0000011102
414 0.0000011073
415 0.0000011044
416 0.0000011015
417 0.0000010987
418 0.0000010958
419 0.0000010930
420 0.0000010902
421 0.0000010873
422 0.0000010845
423 0.0000010818
424 0.0000010790
425 0.0000010762
426 0.0000010735
427 0.0000010708
428 0.0000010681
429 0.0000010654
430 0.0000010627
431 0.0000010600
432 0.0000010573
433 0.0000010547
434 0.0000010520
435 0.0000010494
436 0.0000010468
437 0.0000010442
438 0.0000010416
439 0.0000010391
440 0.0000010365
441 0.0000010339
442 0.0000010314
443 0.0000010289
444 0.0000010264
445 0.0000010239
446 0.0000010214
447 0.0000010189
448 0.0000010164
449 0.0000010140
450 0.0000010115
451 0.0000010091
452 0.0000010067
453 0.0000010042
454 0.0000010018
455 0.0000009995
456 0.0000009971
457 0.0000009947
458 0.0000009924
459 0.0000009900
460 0.0000009877
461 0.0000009854
462 0.0000009830
463 0.0000009807
464 0.0000009784
465 0.0000009761
466 0.0000009739
467 0.0000009716
468 0.0000009694
469 0.0000009671
470 0.0000009649
471 0.0000009627
472 0.0000009604
473 0.0000009582
474 0.0000009560
475 0.0000009539
476 0.0000009517
477 0.0000009495
478 0.0000009474
479 0.0000009452
480 0.0000009431
481 0.0000009409
482 0.0000009388
483 0.0000009367
484 0.0000009346
485 0.0000009325
486 0.0000009304
487 0.0000009284
488 0.0000009263
489 0.0000009242
490 0.0000009222
491 0.0000009201
492 0.0000009181
493 0.0000009161
494 0.0000009141
495 0.0000009121
496 0.0000009101
497 0.0000009081
498 0.0000009061
499 0.0000009041
500 0.0000009022
501 0.0000009002
502 0.0000008983
503 0.0000008963
504 0.0000008944
505 0.0000008925
506 0.0000008906
507 0.0000008886
508 0.0000008867
509 0.0000008848
510 0.0000008830
511 0.0000008811
512 0.0000008792
513 0.0000008773
514 0.0000008755
515 0.0000008736
516 0.0000008718
517 0.0000008700
518 0.0000008681
519 0.0000008663
520 0.0000008645
521 0.0000008627
522 0.0000008609
523 0.0000008591
524 0.0000008573
525 0.0000008556
526 0.0000008538
527 0.0000008520
528 0.0000008503
529 0.0000008485
530 0.0000008468
531 0.0000008451
532 0.0000008433
533 0.0000008416
534 0.0000008399
535 0.0000008382
536 0.0000008365
537 0.0000008348
538 0.0000008331
539 0.0000008314
540 0.0000008298
541 0.0000008281
542 0.0000008264
543 0.0000008248
544 0.0000008231
545 0.0000008215
546 0.0000008198
547 0.0000008182
548 0.0000008166
549 0.0000008150
550 0.0000008134
551 0.0000008118
552 0.0000008102
553 0.0000008086
554 0.0000008070
555 0.0000008054
556 0.0000008038
557 0.0000008022
558 0.0000008007
559 0.0000007991
560 0.0000007976
561 0.0000007960
562 0.0000007945
563 0.0000007929
564 0.0000007914
565 0.0000007899
566 0.0000007884
567 0.0000007869
568 0.0000007853
569 0.0000007838
570 0.0000007824
571 0.0000007809
572 0.0000007794
573 0.0000007779
574 0.0000007764
575 0.0000007749
576 0.0000007735
577 0.0000007720
578 0.0000007706
579 0.0000007691
580 0.0000007677
581 0.0000007662
582 0.0000007648
583 0.0000007634
584 0.0000007620
585 0.0000007605
586 0.0000007591
587 0.0000007577
588 0.0000007563
589 0.0000007549
590 0.0000007535
591 0.0000007521
592 0.0000007507
593 0.0000007494
594 0.0000007480
595 0.0000007466
596 0.0000007453
597 0.0000007439
598 0.0000007425
599 0.0000007412
600 0.0000007398
601 0.0000007385
602 0.0000007372
603 0.0000007358
604 0.0000007345
605 0.0000007332
606 0.0000007319
607 0.0000007306
608 0.0000007292
609 0.0000007279
610 0.0000007266
611 0.0000007253
612 0.0000007241
613 0.0000007228
614 0.0000007215
615 0.0000007202
616 0.0000007189
617 0.0000007177
618 0.0000007164
619 0.0000007151
620 0.0000007139
621 0.0000007126
622 0.0000007114
623 0.0000007101
624 0.0000007089
625 0.0000007077
626 0.0000007064
627 0.0000007052
628 0.0000007040
629 0.0000007027
630 0.0000007015
631 0.0000007003
632 0.0000006991
633 0.0000006979
634 0.0000006967
635 0.0000006955
636 0.0000006943
637 0.0000006931
638 0.0000006919
639 0.0000006908
640 0.0000006896
641 0.0000006884
642 0.0000006872
643 0.0000006861
644 0.0000006849
645 0.0000006838
646 0.0000006826
647 0.0000006814
648 0.0000006803
649 0.0000006792
650 0.0000006780
651 0.0000006769
652 0.0000006757
653 0.0000006746
654 0.0000006735
655 0.0000006724
656 0.0000006713
657 0.0000006701
658 0.0000006690
659 0.0000006679
660 0.0000006668
661 0.0000006657
662 0.0000006646
663 0.0000006635
664 0.0000006624
665 0.0000006613
666 0.0000006603
667 0.0000006592
668 0.0000006581
669 0.0000006570
670 0.0000006560
671 0.0000006549
672 0.0000006538
673 0.0000006528
674 0.0000006517
675 0.0000006507
676 0.0000006496
677 0.0000006486
678 0.0000006475
679 0.0000006465
680 0.0000006454
681 0.0000006444
682 0.0000006434
683 0.0000006423
684 0.0000006413
685 0.0000006403
686 0.0000006393
687 0.0000006383
688 0.0000006372
689 0.0000006362
690 0.0000006352
691 0.0000006342
692 0.0000006332
693 0.0000006322
694 0.0000006312
695 0.0000006302
696 0.0000006292
697 0.0000006283
698 0.0000006273
699 0.0000006263
700 0.0000006253
701 0.0000006243
702 0.0000006234
703 0.0000006224
704 0.0000006214
705 0.0000006205
706 0.0000006195
707 0.0000006186
708 0.0000006176
709 0.0000006166
710 0.0000006157
711 0.0000006147
712 0.0000006138
713 0.0000006129
714 0.0000006119
715 0.0000006110
716 0.0000006101
717 0.0000006091
718 0.0000006082
719 0.0000006073
720 0.0000006064
721 0.0000006054
722 0.0000006045
723 0.0000006036
724 0.0000006027
725 0.0000006018
726 0.0000006009
727 0.0000006000
728 0.0000005991
729 0.0000005982
730 0.0000005973
731 0.0000005964
732 0.0000005955
733 0.0000005946
734 0.0000005937
735 0.0000005928
736 0.0000005920
737 0.0000005911
738 0.0000005902
739 0.0000005893
740 0.0000005884
741 0.0000005876
742 0.0000005867
743 0.0000005859
744 0.0000005850
745 0.0000005841
746 0.0000005833
747 0.0000005824
748 0.0000005816
749 0.0000005807
750 0.0000005799
751 0.0000005790
752 0.0000005782
753 0.0000005773
754 0.0000005765
755 0.0000005757
756 0.0000005748
757 0.0000005740
758 0.0000005732
759 0.0000005723
760 0.0000005715
761 0.0000005707
762 0.0000005699
763 0.0000005691
764 0.0000005682
765 0.0000005674
766 0.0000005666
767 0.0000005658
768 0.0000005650
769 0.0000005642
770 0.0000005634
771 0.0000005626
772 0.0000005618
773 0.0000005610
774 0.0000005602
775 0.0000005594
776 0.0000005586
777 0.0000005578
778 0.0000005571
779 0.0000005563
780 0.0000005555
781 0.0000005547
782 0.0000005539
783 0.0000005532
784 0.0000005524
785 0.0000005516
786 0.0000005508
787 0.0000005501
788 0.0000005493
789 0.0000005485
790 0.0000005478
791 0.0000005470
792 0.0000005463
793 0.0000005455
794 0.0000005448
795 0.0000005440
796 0.0000005433
797 0.0000005425
798 0.0000005418
799 0.0000005410
800 0.0000005403
801 0.0000005395
802 0.0000005388
803 0.0000005381
804 0.0000005373
805 0.0000005366
806 0.0000005359
807 0.0000005351
808 0.0000005344
809 0.0000005337
810 0.0000005330
811 0.0000005322
812 0.0000005315
813 0.0000005308
814 0.0000005301
815 0.0000005294
816 0.0000005287
817 0.0000005280
818 0.0000005272
819 0.0000005265
820 0.0000005258
821 0.0000005251
822 0.0000005244
823 0.0000005237
824 0.0000005230
825 0.0000005223
826 0.0000005216
827 0.0000005210
828 0.0000005203
829 0.0000005196
830 0.0000005189
831 0.0000005182
832 0.0000005175
833 0.0000005168
834 0.0000005162
835 0.0000005155
836 0.0000005148
837 0.0000005141
838 0.0000005134
839 0.0000005128
840 0.0000005121
841 0.0000005114
842 0.0000005108
843 0.0000005101
844 0.0000005094
845 0.0000005088
846 0.0000005081
847 0.0000005075
848 0.0000005068
849 0.0000005061
850 0.0000005055
851 0.0000005048
852 0.0000005042
853 0.0000005035
854 0.0000005029
855 0.0000005022
856 0.0000005016
857 0.0000005009
858 0.0000005003
859 0.0000004997
860 0.0000004990
861 0.0000004984
862 0.0000004977
863 0.0000004971
864 0.0000004965
865 0.0000004958
866 0.0000004952
867 0.0000004946
868 0.0000004940
869 0.0000004933
870 0.0000004927
871 0.0000004921
872 0.0000004915
873 0.0000004908
874 0.0000004902
875 0.0000004896
876 0.0000004890
877 0.0000004884
878 0.0000004878
879 0.0000004872
880 0.0000004865
881 0.0000004859
882 0.0000004853
883 0.0000004847
884 0.0000004841
885 0.0000004835
886 0.0000004829
887 0.0000004823
888 0.0000004817
889 0.0000004811
890 0.0000004805
891 0.0000004799
892 0.0000004793
893 0.0000004787
894 0.0000004782
895 0.0000004776
896 0.0000004770
897 0.0000004764
898 0.0000004758
899 0.0000004752
900 0.0000004746
901 0.0000004741
902 0.0000004735
903 0.0000004729
904 0.0000004723
905 0.0000004717
906 0.0000004712
907 0.0000004706
908 0.0000004700
909 0.0000004695
910 0.0000004689
911 0.0000004683
912 0.0000004677
913 0.0000004672
914 0.0000004666
915 0.0000004661
916 0.0000004655
917 0.0000004649
918 0.0000004644
919 0.0000004638
920 0.0000004633
921 0.0000004627
922 0.0000004621
923 0.0000004616
924 0.0000004610
925 0.0000004605
926 0.0000004599
927 0.0000004594
928 0.0000004588
929 0.0000004583
930 0.0000004577
931 0.0000004572
932 0.0000004567
933 0.0000004561
934 0.0000004556
935 0.0000004550
936 0.0000004545
937 0.0000004540
938 0.0000004534
939 0.0000004529
940 0.0000004524
941 0.0000004518
942 0.0000004513
943 0.0000004508
944 0.0000004502
945 0.0000004497
946 0.0000004492
947 0.0000004487
948 0.0000004481
949 0.0000004476
950 0.0000004471
951 0.0000004466
952 0.0000004460
953 0.0000004455
954 0.0000004450
955 0.0000004445
956 0.0000004440
957 0.0000004435
958 0.0000004429
959 0.0000004424
960 0.0000004419
961 0.0000004414
962 0.0000004409
963 0.0000004404
964 0.0000004399
965 0.0000004394
966 0.0000004389
967 0.0000004384
968 0.0000004379
969 0.0000004374
970 0.0000004369
971 0.0000004364
972 0.0000004359
973 0.0000004354
974 0.0000004349
975 0.0000004344
976 0.0000004339
977 0.0000004334
978 0.0000004329
979 0.0000004324
980 0.0000004319
981 0.0000004314
982 0.0000004309
983 0.0000004304
984 0.0000004299
985 0.0000004294
986 0.0000004290
987 0.0000004285
988 0.0000004280
989 0.0000004275
990 0.0000004270
991 0.0000004265
992 0.0000004261
993 0.0000004256
994 0.0000004251
995 0.0000004246
996 0.0000004241
997 0.0000004237
998 0.0000004232
999 0.0000004227
1000 0.0000004223
1001 0.0000004218
1002 0.0000004213
1003 0.0000004208
1004 0.0000004204
1005 0.0000004199
1006 0.0000004194
1007 0.0000004190
1008 0.0000004185
1009 0.0000004180
1010 0.0000004176
1011 0.0000004171
1012 0.0000004166
1013 0.0000004162
1014 0.0000004157
1015 0.0000004153
1016 0.0000004148
1017 0.0000004143
1018 0.0000004139
1019 0.0000004134
1020 0.0000004130
1021 0.0000004125
1022 0.0000004121
1023 0.0000004116
1024 0.0000004112
1025 0.0000004107
1026 0.0000004102
1027 0.0000004098
1028 0.0000004093
1029 0.0000004089
1030 0.0000004085
1031 0.0000004080
1032 0.0000004076
1033 0.0000004071
1034 0.0000004067
1035 0.0000004062
1036 0.0000004058
1037 0.0000004053
1038 0.0000004049
1039 0.0000004045
1040 0.0000004040
1041 0.0000004036
1042 0.0000004031
1043 0.0000004027
1044 0.0000004023
1045 0.0000004018
1046 0.0000004014
1047 0.0000004009
1048 0.0000004005
1049 0.0000004001
1050 0.0000003996
1051 0.0000003992
1052 0.0000003988
1053 0.0000003983
1054 0.0000003979
1055 0.0000003975
1056 0.0000003971
1057 0.0000003966
1058 0.0000003962
1059 0.0000003958
1060 0.0000003953
1061 0.0000003949
1062 0.0000003945
1063 0.0000003941
1064 0.0000003936
1065 0.0000003932
1066 0.0000003928
1067 0.0000003924
1068 0.0000003919
1069 0.0000003915
1070 0.0000003911
1071 0.0000003907
1072 0.0000003903
1073 0.0000003898
1074 0.0000003894
1075 0.0000003890
1076 0.0000003886
1077 0.0000003882
1078 0.0000003878
1079 0.0000003873
1080 0.0000003869
1081 0.0000003865
1082 0.0000003861
1083 0.0000003857
1084 0.0000003853
1085 0.0000003849
1086 0.0000003844
1087 0.0000003840
1088 0.0000003836
1089 0.0000003832
1090 0.0000003828
1091 0.0000003824
1092 0.0000003820
1093 0.0000003816
1094 0.0000003812
1095 0.0000003808
1096 0.0000003803
1097 0.0000003799
1098 0.0000003795
1099 0.0000003791
1100 0.0000003787
1101 0.0000003783
1102 0.0000003779
1103 0.0000003775
1104 0.0000003771
1105 0.0000003767
1106 0.0000003763
1107 0.0000003759
1108 0.0000003755
1109 0.0000003751
1110 0.0000003747
1111 0.0000003743
1112 0.0000003739
1113 0.0000003735
1114 0.0000003731
1115 0.0000003727
1116 0.0000003723
1117 0.0000003719
1118 0.0000003715
1119 0.0000003711
1120 0.0000003707
1121 0.0000003703
1122 0.0000003699
1123 0.0000003695
1124 0.0000003691
1125 0.0000003687
1126 0.0000003683
1127 0.0000003679
1128 0.0000003675
1129 0.0000003671
1130 0.0000003667
1131 0.0000003663
1132 0.0000003659
1133 0.0000003655
1134 0.0000003651
1135 0.0000003647
1136 0.0000003643
1137 0.0000003639
1138 0.0000003635
1139 0.0000003631
1140 0.0000003627
1141 0.0000003623
1142 0.0000003619
1143 0.0000003615
1144 0.0000003611
1145 0.0000003607
1146 0.0000003603
1147 0.0000003598
1148 0.0000003594
1149 0.0000003590
1150 0.0000003586
1151 0.0000003582
1152 0.0000003578
1153 0.0000003574
1154 0.0000003570
1155 0.0000003566
1156 0.0000003562
1157 0.0000003558
1158 0.0000003554
1159 0.0000003549
1160 0.0000003545
1161 0.0000003541
1162 0.0000003537
1163 0.0000003533
1164 0.0000003528
1165 0.0000003524
1166 0.0000003520
1167 0.0000003515
1168 0.0000003511
1169 0.0000003507
1170 0.0000003502
1171 0.0000003498
1172 0.0000003493
1173 0.0000003489
1174 0.0000003484
1175 0.0000003479
1176 0.0000003475
1177 0.0000003470
1178 0.0000003465
1179 0.0000003460
1180 0.0000003455
1181 0.0000003449
1182 0.0000003444
1183 0.0000003438
1184 0.0000003432
1185 0.0000003426
1186 0.0000003419
1187 0.0000003412
1188 0.0000003405
1189 0.0000003397
1190 0.0000003388
1191 0.0000003378
1192 0.0000003366
1193 0.0000003352
1194 0.0000003335
1195 0.0000003312
1196 0.0000003279
1197 0.0000003230
1198 0.0000003130
1199 0.0000002790
1200 0.0000000000
