1 1200
0 0.9861348092
1 0.0047284833
2 0.0015480730
3 0.0009949514
4 0.0006908029
5 0.0005211381
6 0.0004147756
7 0.0003416407
8 0.0002883974
9 0.0002480781
10 0.0002165977
11 0.0001914026
12 0.0001708246
13 0.0001537320
14 0.0001393319
15 0.0001270523
16 0.0001164710
17 0.0001072694
18 0.0000992032
19 0.0000920816
20 0.0000857540
21 0.0000800995
22 0.0000750204
23 0.0000704368
24 0.0000662826
25 0.0000625029
26 0.0000590517
27 0.0000558898
28 0.0000529843
29 0.0000503067
30 0.0000478327
31 0.0000455412
32 0.0000434140
33 0.0000414349
34 0.0000395900
35 0.0000378669
36 0.0000362547
37 0.0000347439
38 0.0000333256
39 0.0000319924
40 0.0000307373
41 0.0000295542
42 0.0000284374
43 0.0000273821
44 0.0000263836
45 0.0000254379
46 0.0000245413
47 0.0000236902
48 0.0000228818
49 0.0000221130
50 0.0000213814
51 0.0000206845
52 0.0000200201
53 0.0000193863
54 0.0000187812
55 0.0000182031
56 0.0000176503
57 0.0000171215
58 0.0000166152
59 0.0000161302
60 0.0000156653
61 0.0000152195
62 0.0000147917
63 0.0000143809
64 0.0000139864
65 0.0000136071
66 0.0000132425
67 0.0000128916
68 0.0000125540
69 0.0000122289
70 0.0000119157
71 0.0000116138
72 0.0000113228
73 0.0000110422
74 0.0000107713
75 0.0000105099
76 0.0000102575
77 0.0000100137
78 0.0000097781
79 0.0000095504
80 0.0000093302
81 0.0000091172
82 0.0000089112
83 0.0000087117
84 0.0000085186
85 0.0000083317
86 0.0000081505
87 0.0000079751
88 0.0000078050
89 0.0000076401
90 0.0000074801
91 0.0000073250
92 0.0000071745
93 0.0000070285
94 0.0000068867
95 0.0000067491
96 0.0000066154
97 0.0000064856
98 0.0000063594
99 0.0000062368
100 0.0000061177
101 0.0000060018
102 0.0000058892
103 0.0000057796
104 0.0000056730
105 0.0000055693
106 0.0000054684
107 0.0000053702
108 0.0000052745
109 0.0000051814
110 0.0000050907
111 0.0000050024
112 0.0000049163
113 0.0000048325
114 0.0000047508
115 0.0000046711
116 0.0000045935
117 0.0000045178
118 0.0000044439
119 0.0000043719
120 0.0000043017
121 0.0000042331
122 0.0000041663
123 0.0000041010
124 0.0000040373
125 0.0000039751
126 0.0000039144
127 0.0000038551
128 0.0000037972
129 0.0000037406
130 0.0000036853
131 0.0000036314
132 0.0000035786
133 0.0000035270
134 0.0000034767
135 0.0000034274
136 0.0000033792
137 0.0000033321
138 0.0000032861
139 0.0000032411
140 0.0000031970
141 0.0000031539
142 0.0000031117
143 0.0000030705
144 0.0000030301
145 0.0000029906
146 0.0000029519
147 0.0000029140
148 0.0000028770
149 0.0000028407
150 0.0000028051
151 0.0000027703
152 0.0000027362
153 0.0000027028
154 0.0000026701
155 0.0000026380
156 0.0000026066
157 0.0000025758
158 0.0000025456
159 0.0000025160
160 0.0000024870
161 0.0000024585
162 0.0000024307
163 0.0000024033
164 0.0000023765
165 0.0000023502
166 0.0000023244
167 0.0000022991
168 0.0000022742
169 0.0000022499
170 0.0000022260
171 0.0000022025
172 0.0000021795
173 0.0000021569
174 0.0000021347
175 0.0000021129
176 0.0000020915
177 0.0000020705
178 0.0000020498
179 0.0000020296
180 0.0000020097
181 0.0000019901
182 0.0000019709
183 0.0000019521
184 0.0000019335
185 0.0000019153
186 0.0000018974
187 0.0000018798
188 0.0000018625
189 0.0000018455
190 0.0000018288
191 0.0000018124
192 0.0000017962
193 0.0000017803
194 0.0000017647
195 0.0000017493
196 0.0000017342
197 0.0000017193
198 0.0000017047
199 0.0000016903
200 0.0000016762
201 0.0000016622
202 0.0000016485
203 0.0000016350
204 0.0000016218
205 0.0000016087
206 0.0000015958
207 0.0000015832
208 0.0000015707
209 0.0000015584
210 0.0000015463
211 0.0000015344
212 0.0000015227
213 0.0000015111
214 0.0000014998
215 0.0000014885
216 0.0000014775
217 0.0000014666
218 0.0000014559
219 0.0000014453
220 0.0000014349
221 0.0000014247
222 0.0000014146
223 0.0000014046
224 0.0000013948
225 0.0000013851
226 0.0000013755
227 0.0000013661
228 0.0000013568
229 0.0000013477
230 0.0000013387
231 0.0000013298
232 0.0000013210
233 0.0000013123
234 0.0000013038
235 0.0000012953
236 0.0000012870
237 0.0000012788
238 0.0000012707
239 0.0000012627
240 0.0000012548
241 0.0000012470
242 0.0000012394
243 0.0000012318
244 0.0000012243
245 0.0000012169
246 0.0000012096
247 0.0000012024
248 0.0000011953
249 0.0000011882
250 0.0000011813
251 0.0000011745
252 0.0000011677
253 0.0000011610
254 0.0000011544
255 0.0000011479
256 0.0000011414
257 0.0000011351
258 0.0000011288
259 0.0000011225
260 0.0000011164
261 0.0000011103
262 0.0000011043
263 0.0000010984
264 0.0000010925
265 0.0000010867
266 0.0000010810
267 0.0000010753
268 0.0000010697
269 0.0000010642
270 0.0000010587
271 0.0000010533
272 0.0000010479
273 0.0000010426
274 0.0000010374
275 0.0000010322
276 0.0000010271
277 0.0000010220
278 0.0000010170
279 0.0000010120
280 0.0000010071
281 0.0000010023
282 0.0000009975
283 0.0000009927
284 0.0000009880
285 0.0000009833
286 0.0000009787
287 0.0000009742
288 0.0000009696
289 0.0000009652
290 0.0000009607
291 0.0000009564
292 0.0000009520
293 0.0000009477
294 0.0000009435
295 0.0000009393
296 0.0000009351
297 0.0000009310
298 0.0000009269
299 0.0000009228
300 0.0000009188
301 0.0000009148
302 0.0000009109
303 0.0000009070
304 0.0000009031
305 0.0000008993
306 0.0000008955
307 0.0000008917
308 0.0000008880
309 0.0000008843
310 0.0000008807
311 0.0000008770
312 0.0000008735
313 0.0000008699
314 0.0000008664
315 0.0000008629
316 0.0000008594
317 0.0000008560
318 0.0000008526
319 0.0000008492
320 0.0000008458
321 0.0000008425
322 0.0000008392
323 0.0000008360
324 0.0000008327
325 0.0000008295
326 0.0000008263
327 0.0000008232
328 0.0000008201
329 0.0000008170
330 0.0000008139
331 0.0000008108
332 0.0000008078
333 0.0000008048
334 0.0000008018
335 0.0000007989
336 0.0000007959
337 0.0000007930
338 0.0000007901
339 0.0000007873
340 0.0000007844
341 0.0000007816
342 0.0000007788
343 0.0000007760
344 0.0000007733
345 0.0000007705
346 0.0000007678
347 0.0000007651
348 0.0000007625
349 0.0000007598
350 0.0000007572
351 0.0000007546
352 0.0000007520
353 0.0000007494
354 0.0000007468
355 0.0000007443
356 0.0000007418
357 0.0000007393
358 0.0000007368
359 0.0000007343
360 0.0000007319
361 0.0000007294
362 0.0000007270
363 0.0000007246
364 0.0000007223
365 0.0000007199
366 0.0000007175
367 0.0000007152
368 0.0000007129
369 0.0000007106
370 0.0000007083
371 0.0000007060
372 0.0000007038
373 0.0000007016
374 0.0000006993
375 0.0000006971
376 0.0000006949
377 0.0000006927
378 0.0000006906
379 0.0000006884
380 0.0000006863
381 0.0000006842
382 0.0000006821
383 0.0000006800
384 0.0000006779
385 0.0000006758
386 0.0000006737
387 0.0000006717
388 0.0000006697
389 0.0000006677
390 0.0000006656
391 0.0000006637
392 0.0000006617
393 0.0000006597
394 0.0000006577
395 0.0000006558
396 0.0000006539
397 0.0000006519
398 0.0000006500
399 0.0000006481
400 0.0000006463
401 0.0000006444
402 0.0000006425
403 0.0000006407
404 0.0000006388
405 0.0000006370
406 0.0000006352
407 0.0000006334
408 0.0000006316
409 0.0000006298
410 0.0000006280
411 0.0000006262
412 0.0000006245
413 0.0000006227
414 0.0000006210
415 0.0000006192
416 0.0000006175
417 0.0000006158
418 0.0000006141
419 0.0000006124
420 0.0000006107
421 0.0000006091
422 0.0000006074
423 0.0000006057
424 0.0000006041
425 0.0000006025
426 0.0000006008
427 0.0000005992
428 0.0000005976
429 0.0000005960
430 0.0000005944
431 0.0000005928
432 0.0000005913
433 0.0000005897
434 0.0000005881
435 0.0000005866
436 0.0000005850
437 0.0000005835
438 0.0000005820
439 0.0000005805
440 0.0000005790
441 0.0000005775
442 0.0000005760
443 0.0000005745
444 0.0000005730
445 0.0000005715
446 0.0000005701
447 0.0000005686
448 0.0000005672
449 0.0000005657
450 0.0000005643
451 0.0000005628
452 0.0000005614
453 0.0000005600
454 0.0000005586
455 0.0000005572
456 0.0000005558
457 0.0000005544
458 0.0000005530
459 0.0000005517
460 0.0000005503
461 0.0000005490
462 0.0000005476
463 0.0000005463
464 0.0000005449
465 0.0000005436
466 0.0000005423
467 0.0000005409
468 0.0000005396
469 0.0000005383
470 0.0000005370
471 0.0000005357
472 0.0000005344
473 0.0000005331
474 0.0000005319
475 0.0000005306
476 0.0000005293
477 0.0000005281
478 0.0000005268
479 0.0000005256
480 0.0000005243
481 0.0000005231
482 0.0000005219
483 0.0000005206
484 0.0000005194
485 0.0000005182
486 0.0000005170
487 0.0000005158
488 0.0000005146
489 0.0000005134
490 0.0000005122
491 0.0000005110
492 0.0000005098
493 0.0000005087
494 0.0000005075
495 0.0000005064
496 0.0000005052
497 0.0000005040
498 0.0000005029
499 0.0000005018
500 0.0000005006
501 0.0000004995
502 0.0000004984
503 0.0000004972
504 0.0000004961
505 0.0000004950
506 0.0000004939
507 0.0000004928
508 0.0000004917
509 0.0000004906
510 0.0000004895
511 0.0000004884
512 0.0000004874
513 0.0000004863
514 0.0000004852
515 0.0000004842
516 0.0000004831
517 0.0000004820
518 0.0000004810
519 0.0000004799
520 0.0000004789
521 0.0000004779
522 0.0000004768
523 0.0000004758
524 0.0000004748
525 0.0000004738
526 0.0000004727
527 0.0000004717
528 0.0000004707
529 0.0000004697
530 0.0000004687
531 0.0000004677
532 0.0000004667
533 0.0000004657
534 0.0000004647
535 0.0000004638
536 0.0000004628
537 0.0000004618
538 0.0000004609
539 0.0000004599
540 0.0000004589
541 0.0000004580
542 0.0000004570
543 0.0000004561
544 0.0000004551
545 0.0000004542
546 0.0000004532
547 0.0000004523
548 0.0000004514
549 0.0000004504
550 0.0000004495
551 0.0000004486
552 0.0000004477
553 0.0000004468
554 0.0000004459
555 0.0000004450
556 0.0000004440
557 0.0000004431
558 0.0000004423
559 0.0000004414
560 0.0000004405
561 0.0000004396
562 0.0000004387
563 0.0000004378
564 0.0000004369
565 0.0000004361
566 0.0000004352
567 0.0000004343
568 0.0000004335
569 0.0000004326
570 0.0000004318
571 0.0000004309
572 0.0000004301
573 0.0000004292
574 0.0000004284
575 0.0000004275
576 0.0000004267
577 0.0000004259
578 0.0000004250
579 0.0000004242
580 0.0000004234
581 0.0000004226
582 0.0000004217
583 0.0000004209
584 0.0000004201
585 0.0000004193
586 0.0000004185
587 0.0000004177
588 0.0000004169
589 0.0000004161
590 0.0000004153
591 0.0000004145
592 0.0000004137
593 0.0000004129
594 0.0000004121
595 0.0000004114
596 0.0000004106
597 0.0000004098
598 0.0000004090
599 0.0000004083
600 0.0000004075
601 0.0000004067
602 0.0000004060
603 0.0000004052
604 0.0000004044
605 0.0000004037
606 0.0000004029
607 0.0000004022
608 0.0000004015
609 0.0000004007
610 0.0000004000
611 0.0000003992
612 0.0000003985
613 0.0000003978
614 0.0000003970
615 0.0000003963
616 0.0000003956
617 0.0000003949
618 0.0000003941
619 0.0000003934
620 0.0000003927
621 0.0000003920
622 0.0000003913
623 0.0000003906
624 0.0000003899
625 0.0000003892
626 0.0000003885
627 0.0000003878
628 0.0000003871
629 0.0000003864
630 0.0000003857
631 0.0000003850
632 0.0000003843
633 0.0000003836
634 0.0000003829
635 0.0000003822
636 0.0000003816
637 0.0000003809
638 0.0000003802
639 0.0000003795
640 0.0000003789
641 0.0000003782
642 0.0000003775
643 0.0000003769
644 0.0000003762
645 0.0000003756
646 0.0000003749
647 0.0000003743
648 0.0000003736
649 0.0000003730
650 0.0000003723
651 0.0000003717
652 0.0000003710
653 0.0000003704
654 0.0000003697
655 0.0000003691
656 0.0000003685
657 0.0000003678
658 0.0000003672
659 0.0000003666
660 0.0000003659
661 0.0000003653
662 0.0000003647
663 0.0000003641
664 0.0000003635
665 0.0000003628
666 0.0000003622
667 0.0000003616
668 0.0000003610
669 0.0000003604
670 0.0000003598
671 0.0000003592
672 0.0000003586
673 0.0000003580
674 0.0000003574
675 0.0000003568
676 0.0000003562
677 0.0000003556
678 0.0000003550
679 0.0000003544
680 0.0000003538
681 0.0000003532
682 0.0000003526
683 0.0000003521
684 0.0000003515
685 0.0000003509
686 0.0000003503
687 0.0000003497
688 0.0000003492
689 0.0000003486
690 0.0000003480
691 0.0000003475
692 0.0000003469
693 0.0000003463
694 0.0000003458
695 0.0000003452
696 0.0000003446
697 0.0000003441
698 0.0000003435
699 0.0000003430
700 0.0000003424
701 0.0000003419
702 0.0000003413
703 0.0000003408
704 0.0000003402
705 0.0000003397
706 0.0000003391
707 0.0000003386
708 0.0000003380
709 0.0000003375
710 0.0000003370
711 0.0000003364
712 0.0000003359
713 0.0000003354
714 0.0000003348
715 0.0000003343
716 0.0000003338
717 0.0000003332
718 0.0000003327
719 0.0000003322
720 0.0000003317
721 0.0000003312
722 0.0000003306
723 0.0000003301
724 0.0000003296
725 0.0000003291
726 0.0000003286
727 0.0000003281
728 0.0000003276
729 0.0000003270
730 0.0000003265
731 0.0000003260
732 0.0000003255
733 0.0000003250
734 0.0000003245
735 0.0000003240
736 0.0000003235
737 0.0000003230
738 0.0000003225
739 0.0000003220
740 0.0000003215
741 0.0000003211
742 0.0000003206
743 0.0000003201
744 0.0000003196
745 0.0000003191
746 0.0000003186
747 0.0000003181
748 0.0000003177
749 0.0000003172
750 0.0000003167
751 0.0000003162
752 0.0000003157
753 0.0000003153
754 0.0000003148
755 0.0000003143
756 0.0000003139
757 0.0000003134
758 0.0000003129
759 0.0000003124
760 0.0000003120
761 0.0000003115
762 0.0000003111
763 0.0000003106
764 0.0000003101
765 0.0000003097
766 0.0000003092
767 0.0000003088
768 0.0000003083
769 0.0000003079
770 0.0000003074
771 0.0000003069
772 0.0000003065
773 0.0000003060
774 0.0000003056
775 0.0000003052
776 0.0000003047
777 0.0000003043
778 0.0000003038
779 0.0000003034
780 0.0000003029
781 0.0000003025
782 0.0000003021
783 0.0000003016
784 0.0000003012
785 0.0000003007
786 0.0000003003
787 0.0000002999
788 0.0000002995
789 0.0000002990
790 0.0000002986
791 0.0000002982
792 0.0000002977
793 0.0000002973
794 0.0000002969
795 0.0000002965
796 0.0000002960
797 0.0000002956
798 0.0000002952
799 0.0000002948
800 0.0000002944
801 0.0000002939
802 0.0000002935
803 0.0000002931
804 0.0000002927
805 0.0000002923
806 0.0000002919
807 0.0000002915
808 0.0000002911
809 0.0000002906
810 0.0000002902
811 0.0000002898
812 0.0000002894
813 0.0000002890
814 0.0000002886
815 0.0000002882
816 0.0000002878
817 0.0000002874
818 0.0000002870
819 0.0000002866
820 0.0000002862
821 0.0000002858
822 0.0000002854
823 0.0000002850
824 0.0000002846
825 0.0000002843
826 0.0000002839
827 0.0000002835
828 0.0000002831
829 0.0000002827
830 0.0000002823
831 0.0000002819
832 0.0000002815
833 0.0000002812
834 0.0000002808
835 0.0000002804
836 0.0000002800
837 0.0000002796
838 0.0000002793
839 0.0000002789
840 0.0000002785
841 0.0000002781
842 0.0000002777
843 0.0000002774
844 0.0000002770
845 0.0000002766
846 0.0000002762
847 0.0000002759
848 0.0000002755
849 0.0000002751
850 0.0000002748
851 0.0000002744
852 0.0000002740
853 0.0000002737
854 0.0000002733
855 0.0000002729
856 0.0000002726
857 0.0000002722
858 0.0000002719
859 0.0000002715
860 0.0000002711
861 0.0000002708
862 0.0000002704
863 0.0000002701
864 0.0000002697
865 0.0000002694
866 0.0000002690
867 0.0000002686
868 0.0000002683
869 0.0000002679
870 0.0000002676
871 0.0000002672
872 0.0000002669
873 0.0000002665
874 0.0000002662
875 0.0000002659
876 0.0000002655
877 0.0000002652
878 0.0000002648
879 0.0000002645
880 0.0000002641
881 0.0000002638
882 0.0000002634
883 0.0000002631
884 0.0000002628
885 0.0000002624
886 0.0000002621
887 0.0000002618
888 0.0000002614
889 0.0000002611
890 0.0000002608
891 0.0000002604
892 0.0000002601
893 0.0000002598
894 0.0000002594
895 0.0000002591
896 0.0000002588
897 0.0000002584
898 0.0000002581
899 0.0000002578
900 0.0000002574
901 0.0000002571
902 0.0000002568
903 0.0000002565
904 0.0000002561
905 0.0000002558
906 0.0000002555
907 0.0000002552
908 0.0000002549
909 0.0000002545
910 0.0000002542
911 0.0000002539
912 0.0000002536
913 0.0000002533
914 0.0000002529
915 0.0000002526
916 0.0000002523
917 0.0000002520
918 0.0000002517
919 0.0000002514
920 0.0000002511
921 0.0000002508
922 0.0000002504
923 0.0000002501
924 0.0000002498
925 0.0000002495
926 0.0000002492
927 0.0000002489
928 0.0000002486
929 0.0000002483
930 0.0000002480
931 0.0000002477
932 0.0000002474
933 0.0000002471
934 0.0000002468
935 0.0000002465
936 0.0000002462
937 0.0000002459
938 0.0000002456
939 0.0000002453
940 0.0000002450
941 0.0000002447
942 0.0000002444
943 0.0000002441
944 0.0000002438
945 0.0000002435
946 0.0000002432
947 0.0000002429
948 0.0000002426
949 0.0000002423
950 0.0000002420
951 0.0000002417
952 0.0000002414
953 0.0000002411
954 0.0000002408
955 0.0000002406
956 0.0000002403
957 0.0000002400
958 0.0000002397
959 0.0000002394
960 0.0000002391
961 0.0000002388
962 0.0000002385
963 0.0000002383
964 0.0000002380
965 0.0000002377
966 0.0000002374
967 0.0000002371
968 0.0000002368
969 0.0000002366
970 0.0000002363
971 0.0000002360
972 0.0000002357
973 0.0000002354
974 0.0000002352
975 0.0000002349
976 0.0000002346
977 0.0000002343
978 0.0000002341
979 0.0000002338
980 0.0000002335
981 0.0000002332
982 0.0000002330
983 0.0000002327
984 0.0000002324
985 0.0000002321
986 0.0000002319
987 0.0000002316
988 0.0000002313
989 0.0000002311
990 0.0000002308
991 0.0000002305
992 0.0000002303
993 0.0000002300
994 0.0000002297
995 0.0000002295
996 0.0000002292
997 0.0000002289
998 0.0000002287
999 0.0000002284
1000 0.0000002281
1001 0.0000002279
1002 0.0000002276
1003 0.0000002273
1004 0.0000002271
1005 0.0000002268
1006 0.0000002266
1007 0.0000002263
1008 0.0000002260
1009 0.0000002258
1010 0.0000002255
1011 0.0000002253
1012 0.0000002250
1013 0.0000002248
1014 0.0000002245
1015 0.0000002242
1016 0.0000002240
1017 0.0000002237
1018 0.0000002235
1019 0.0000002232
1020 0.0000002230
1021 0.0000002227
1022 0.0000002225
1023 0.0000002222
1024 0.0000002220
1025 0.0000002217
1026 0.0000002215
1027 0.0000002212
1028 0.0000002210
1029 0.0000002207
1030 0.0000002205
1031 0.0000002202
1032 0.0000002200
1033 0.0000002197
1034 0.0000002195
1035 0.0000002192
1036 0.0000002190
1037 0.0000002187
1038 0.0000002185
1039 0.0000002182
1040 0.0000002180
1041 0.0000002177
1042 0.0000002175
1043 0.0000002173
1044 0.0000002170
1045 0.0000002168
1046 0.0000002165
1047 0.0000002163
1048 0.0000002160
1049 0.0000002158
1050 0.0000002156
1051 0.0000002153
1052 0.0000002151
1053 0.0000002148
1054 0.0000002146
1055 0.0000002144
1056 0.0000002141
1057 0.0000002139
1058 0.0000002137
1059 0.0000002134
1060 0.0000002132
1061 0.0000002129
1062 0.0000002127
1063 0.0000002125
1064 0.0000002122
1065 0.0000002120
1066 0.0000002118
1067 0.0000002115
1068 0.0000002113
1069 0.0000002111
1070 0.0000002108
1071 0.0000002106
1072 0.0000002104
1073 0.0000002101
1074 0.0000002099
1075 0.0000002097
1076 0.0000002095
1077 0.0000002092
1078 0.0000002090
1079 0.0000002088
1080 0.0000002085
1081 0.0000002083
1082 0.0000002081
1083 0.0000002079
1084 0.0000002076
1085 0.0000002074
1086 0.0000002072
1087 0.0000002069
1088 0.0000002067
1089 0.0000002065
1090 0.0000002063
1091 0.0000002060
1092 0.0000002058
1093 0.0000002056
1094 0.0000002054
1095 0.0000002052
1096 0.0000002049
1097 0.0000002047
1098 0.0000002045
1099 0.0000002043
1100 0.0000002040
1101 0.0000002038
1102 0.0000002036
1103 0.0000002034
1104 0.0000002032
1105 0.0000002029
1106 0.0000002027
1107 0.0000002025
1108 0.0000002023
1109 0.0000002020
1110 0.0000002018
1111 0.0000002016
1112 0.0000002014
1113 0.0000002012
1114 0.0000002010
1115 0.0000002007
1116 0.0000002005
1117 0.0000002003
1118 0.0000002001
1119 0.0000001999
1120 0.0000001996
1121 0.0000001994
1122 0.0000001992
1123 0.0000001990
1124 0.0000001988
1125 0.0000001986
1126 0.0000001984
1127 0.0000001981
1128 0.0000001979
1129 0.0000001977
1130 0.0000001975
1131 0.0000001973
1132 0.0000001971
1133 0.0000001968
1134 0.0000001966
1135 0.0000001964
1136 0.0000001962
1137 0.0000001960
1138 0.0000001958
1139 0.0000001956
1140 0.0000001953
1141 0.0000001951
1142 0.0000001949
1143 0.0000001947
1144 0.0000001945
1145 0.0000001943
1146 0.0000001940
1147 0.0000001938
1148 0.0000001936
1149 0.0000001934
1150 0.0000001932
1151 0.0000001930
1152 0.0000001928
1153 0.0000001925
1154 0.0000001923
1155 0.0000001921
1156 0.0000001919
1157 0.0000001917
1158 0.0000001915
1159 0.0000001912
1160 0.0000001910
1161 0.0000001908
1162 0.0000001906
1163 0.0000001903
1164 0.0000001901
1165 0.0000001899
1166 0.0000001897
1167 0.0000001894
1168 0.0000001892
1169 0.0000001890
1170 0.0000001888
1171 0.0000001885
1172 0.0000001883
1173 0.0000001881
1174 0.0000001878
1175 0.0000001876
1176 0.0000001873
1177 0.0000001871
1178 0.0000001868
1179 0.0000001865
1180 0.0000001863
1181 0.0000001860
1182 0.0000001857
1183 0.0000001854
1184 0.0000001851
1185 0.0000001848
1186 0.0000001844
1187 0.0000001841
1188 0.0000001837
1189 0.0000001833
1190 0.0000001828
1191 0.0000001822
1192 0.0000001816
1193 0.0000001809
1194 0.0000001800
1195 0.0000001787
1196 0.0000001770
1197 0.0000001743
1198 0.0000001690
1199 0.0000001506
1200 0.0000000000
