0 900
0 0.9826612114
1 0.0037142665
2 0.0015656753
3 0.0010948595
4 0.0008098458
5 0.0006407683
6 0.0005297724
7 0.0004505586
8 0.0003910649
9 0.0003447867
10 0.0003077882
11 0.0002775415
12 0.0002523565
13 0.0002310635
14 0.0002128280
15 0.0001970386
16 0.0001832364
17 0.0001710707
18 0.0001602688
19 0.0001506151
20 0.0001419374
21 0.0001340962
22 0.0001269773
23 0.0001204864
24 0.0001145449
25 0.0001090870
26 0.0001040566
27 0.0000994062
28 0.0000950951
29 0.0000910881
30 0.0000873547
31 0.0000838684
32 0.0000806060
33 0.0000775471
34 0.0000746737
35 0.0000719698
36 0.0000694212
37 0.0000670154
38 0.0000647410
39 0.0000625878
40 0.0000605468
41 0.0000586097
42 0.0000567690
43 0.0000550180
44 0.0000533504
45 0.0000517609
46 0.0000502441
47 0.0000487954
48 0.0000474106
49 0.0000460856
50 0.0000448170
51 0.0000436013
52 0.0000424354
53 0.0000413166
54 0.0000402421
55 0.0000392095
56 0.0000382166
57 0.0000372612
58 0.0000363414
59 0.0000354554
60 0.0000346014
61 0.0000337778
62 0.0000329832
63 0.0000322161
64 0.0000314753
65 0.0000307594
66 0.0000300674
67 0.0000293982
68 0.0000287507
69 0.0000281240
70 0.0000275171
71 0.0000269293
72 0.0000263596
73 0.0000258074
74 0.0000252720
75 0.0000247525
76 0.0000242484
77 0.0000237591
78 0.0000232840
79 0.0000228225
80 0.0000223741
81 0.0000219383
82 0.0000215146
83 0.0000211027
84 0.0000207020
85 0.0000203121
86 0.0000199326
87 0.0000195633
88 0.0000192036
89 0.0000188534
90 0.0000185122
91 0.0000181797
92 0.0000178557
93 0.0000175399
94 0.0000172319
95 0.0000169316
96 0.0000166387
97 0.0000163530
98 0.0000160741
99 0.0000158020
100 0.0000155363
101 0.0000152769
102 0.0000150236
103 0.0000147763
104 0.0000145346
105 0.0000142985
106 0.0000140678
107 0.0000138423
108 0.0000136219
109 0.0000134065
110 0.0000131958
111 0.0000129898
112 0.0000127882
113 0.0000125911
114 0.0000123983
115 0.0000122095
116 0.0000120249
117 0.0000118441
118 0.0000116671
119 0.0000114939
120 0.0000113243
121 0.0000111582
122 0.0000109955
123 0.0000108362
124 0.0000106801
125 0.0000105271
126 0.0000103773
127 0.0000102304
128 0.0000100865
129 0.0000099454
130 0.0000098071
131 0.0000096715
132 0.0000095386
133 0.0000094082
134 0.0000092804
135 0.0000091550
136 0.0000090320
137 0.0000089114
138 0.0000087930
139 0.0000086769
140 0.0000085629
141 0.0000084511
142 0.0000083413
143 0.0000082335
144 0.0000081278
145 0.0000080240
146 0.0000079220
147 0.0000078219
148 0.0000077237
149 0.0000076272
150 0.0000075324
151 0.0000074393
152 0.0000073478
153 0.0000072580
154 0.0000071697
155 0.0000070830
156 0.0000069978
157 0.0000069141
158 0.0000068318
159 0.0000067509
160 0.0000066715
161 0.0000065933
162 0.0000065165
163 0.0000064410
164 0.0000063668
165 0.0000062938
166 0.0000062221
167 0.0000061515
168 0.0000060821
169 0.0000060139
170 0.0000059468
171 0.0000058807
172 0.0000058158
173 0.0000057519
174 0.0000056891
175 0.0000056272
176 0.0000055664
177 0.0000055065
178 0.0000054476
179 0.0000053897
180 0.0000053326
181 0.0000052765
182 0.0000052212
183 0.0000051668
184 0.0000051133
185 0.0000050606
186 0.0000050087
187 0.0000049576
188 0.0000049073
189 0.0000048578
190 0.0000048090
191 0.0000047610
192 0.0000047137
193 0.0000046671
194 0.0000046212
195 0.0000045760
196 0.0000045315
197 0.0000044877
198 0.0000044445
199 0.0000044019
200 0.0000043600
201 0.0000043187
202 0.0000042780
203 0.0000042379
204 0.0000041984
205 0.0000041595
206 0.0000041211
207 0.0000040833
208 0.0000040461
209 0.0000040093
210 0.0000039731
211 0.0000039374
212 0.0000039023
213 0.0000038676
214 0.0000038334
215 0.0000037997
216 0.0000037665
217 0.0000037337
218 0.0000037014
219 0.0000036695
220 0.0000036381
221 0.0000036071
222 0.0000035766
223 0.0000035465
224 0.0000035167
225 0.0000034874
226 0.0000034585
227 0.0000034300
228 0.0000034019
229 0.0000033741
230 0.0000033468
231 0.0000033197
232 0.0000032931
233 0.0000032668
234 0.0000032409
235 0.0000032153
236 0.0000031900
237 0.0000031651
238 0.0000031405
239 0.0000031162
240 0.0000030923
241 0.0000030686
242 0.0000030453
243 0.0000030223
244 0.0000029995
245 0.0000029771
246 0.0000029549
247 0.0000029331
248 0.0000029115
249 0.0000028902
250 0.0000028691
251 0.0000028483
252 0.0000028278
253 0.0000028076
254 0.0000027876
255 0.0000027678
256 0.0000027483
257 0.0000027291
258 0.0000027100
259 0.0000026912
260 0.0000026727
261 0.0000026544
262 0.0000026363
263 0.0000026184
264 0.0000026007
265 0.0000025833
266 0.0000025660
267 0.0000025490
268 0.0000025322
269 0.0000025156
270 0.0000024991
271 0.0000024829
272 0.0000024669
273 0.0000024510
274 0.0000024354
275 0.0000024199
276 0.0000024046
277 0.0000023895
278 0.0000023746
279 0.0000023598
280 0.0000023452
281 0.0000023308
282 0.0000023166
283 0.0000023025
284 0.0000022885
285 0.0000022748
286 0.0000022612
287 0.0000022477
288 0.0000022344
289 0.0000022213
290 0.0000022083
291 0.0000021954
292 0.0000021827
293 0.0000021701
294 0.0000021577
295 0.0000021454
296 0.0000021333
297 0.0000021213
298 0.0000021094
299 0.0000020976
300 0.0000020860
301 0.0000020745
302 0.0000020631
303 0.0000020519
304 0.0000020407
305 0.0000020297
306 0.0000020188
307 0.0000020081
308 0.0000019974
309 0.0000019869
310 0.0000019764
311 0.0000019661
312 0.0000019559
313 0.0000019458
314 0.0000019358
315 0.0000019259
316 0.0000019161
317 0.0000019064
318 0.0000018968
319 0.0000018873
320 0.0000018779
321 0.0000018687
322 0.0000018595
323 0.0000018503
324 0.0000018413
325 0.0000018324
326 0.0000018236
327 0.0000018148
328 0.0000018062
329 0.0000017976
330 0.0000017891
331 0.0000017807
332 0.0000017724
333 0.0000017642
334 0.0000017560
335 0.0000017480
336 0.0000017400
337 0.0000017321
338 0.0000017242
339 0.0000017165
340 0.0000017088
341 0.0000017012
342 0.0000016936
343 0.0000016862
344 0.0000016788
345 0.0000016714
346 0.0000016642
347 0.0000016570
348 0.0000016499
349 0.0000016428
350 0.0000016358
351 0.0000016289
352 0.0000016221
353 0.0000016153
354 0.0000016085
355 0.0000016019
356 0.0000015953
357 0.0000015887
358 0.0000015822
359 0.0000015758
360 0.0000015694
361 0.0000015631
362 0.0000015569
363 0.0000015507
364 0.0000015445
365 0.0000015384
366 0.0000015324
367 0.0000015264
368 0.0000015205
369 0.0000015146
370 0.0000015088
371 0.0000015030
372 0.0000014973
373 0.0000014916
374 0.0000014860
375 0.0000014804
376 0.0000014749
377 0.0000014694
378 0.0000014640
379 0.0000014586
380 0.0000014532
381 0.0000014479
382 0.0000014427
383 0.0000014375
384 0.0000014323
385 0.0000014272
386 0.0000014221
387 0.0000014171
388 0.0000014121
389 0.0000014071
390 0.0000014022
391 0.0000013973
392 0.0000013925
393 0.0000013877
394 0.0000013829
395 0.0000013782
396 0.0000013735
397 0.0000013689
398 0.0000013642
399 0.0000013597
400 0.0000013552
401 0.0000013506
402 0.0000013462
403 0.0000013418
404 0.0000013374
405 0.0000013330
406 0.0000013287
407 0.0000013244
408 0.0000013201
409 0.0000013159
410 0.0000013117
411 0.0000013075
412 0.0000013034
413 0.0000012993
414 0.0000012952
415 0.0000012912
416 0.0000012871
417 0.0000012832
418 0.0000012792
419 0.0000012753
420 0.0000012714
421 0.0000012675
422 0.0000012637
423 0.0000012599
424 0.0000012561
425 0.0000012523
426 0.0000012486
427 0.0000012449
428 0.0000012412
429 0.0000012376
430 0.0000012340
431 0.0000012303
432 0.0000012268
433 0.0000012232
434 0.0000012197
435 0.0000012162
436 0.0000012127
437 0.0000012093
438 0.0000012058
439 0.0000012024
440 0.0000011991
441 0.0000011957
442 0.0000011924
443 0.0000011891
444 0.0000011858
445 0.0000011825
446 0.0000011792
447 0.0000011760
448 0.0000011728
449 0.0000011696
450 0.0000011665
451 0.0000011633
452 0.0000011602
453 0.0000011571
454 0.0000011540
455 0.0000011510
456 0.0000011479
457 0.0000011449
458 0.0000011419
459 0.0000011389
460 0.0000011360
461 0.0000011330
462 0.0000011301
463 0.0000011272
464 0.0000011243
465 0.0000011214
466 0.0000011186
467 0.0000011157
468 0.0000011129
469 0.0000011101
470 0.0000011073
471 0.0000011045
472 0.0000011018
473 0.0000010990
474 0.0000010963
475 0.0000010936
476 0.0000010909
477 0.0000010883
478 0.0000010856
479 0.0000010830
480 0.0000010804
481 0.0000010777
482 0.0000010751
483 0.0000010726
484 0.0000010700
485 0.0000010675
486 0.0000010649
487 0.0000010624
488 0.0000010599
489 0.0000010574
490 0.0000010549
491 0.0000010525
492 0.0000010500
493 0.0000010476
494 0.0000010452
495 0.0000010427
496 0.0000010404
497 0.0000010380
498 0.0000010356
499 0.0000010332
500 0.0000010309
501 0.0000010286
502 0.0000010263
503 0.0000010239
504 0.0000010217
505 0.0000010194
506 0.0000010171
507 0.0000010148
508 0.0000010126
509 0.0000010104
510 0.0000010082
511 0.0000010059
512 0.0000010037
513 0.0000010016
514 0.0000009994
515 0.0000009972
516 0.0000009951
517 0.0000009929
518 0.0000009908
519 0.0000009887
520 0.0000009866
521 0.0000009845
522 0.0000009824
523 0.0000009803
524 0.0000009782
525 0.0000009762
526 0.0000009741
527 0.0000009721
528 0.0000009701
529 0.0000009680
530 0.0000009660
531 0.0000009640
532 0.0000009621
533 0.0000009601
534 0.0000009581
535 0.0000009562
536 0.0000009542
537 0.0000009523
538 0.0000009503
539 0.0000009484
540 0.0000009465
541 0.0000009446
542 0.0000009427
543 0.0000009408
544 0.0000009389
545 0.0000009371
546 0.0000009352
547 0.0000009334
548 0.0000009315
549 0.0000009297
550 0.0000009279
551 0.0000009260
552 0.0000009242
553 0.0000009224
554 0.0000009206
555 0.0000009189
556 0.0000009171
557 0.0000009153
558 0.0000009136
559 0.0000009118
560 0.0000009101
561 0.0000009083
562 0.0000009066
563 0.0000009049
564 0.0000009032
565 0.0000009014
566 0.0000008997
567 0.0000008981
568 0.0000008964
569 0.0000008947
570 0.0000008930
571 0.0000008914
572 0.0000008897
573 0.0000008881
574 0.0000008864
575 0.0000008848
576 0.0000008832
577 0.0000008815
578 0.0000008799
579 0.0000008783
580 0.0000008767
581 0.0000008751
582 0.0000008735
583 0.0000008719
584 0.0000008704
585 0.0000008688
586 0.0000008672
587 0.0000008657
588 0.0000008641
589 0.0000008626
590 0.0000008610
591 0.0000008595
592 0.0000008580
593 0.0000008565
594 0.0000008549
595 0.0000008534
596 0.0000008520
597 0.0000008505
598 0.0000008490
599 0.0000008475
600 0.0000008460
601 0.0000008445
602 0.0000008431
603 0.0000008416
604 0.0000008401
605 0.0000008387
606 0.0000008372
607 0.0000008358
608 0.0000008344
609 0.0000008329
610 0.0000008315
611 0.0000008301
612 0.0000008287
613 0.0000008273
614 0.0000008259
615 0.0000008245
616 0.0000008231
617 0.0000008217
618 0.0000008203
619 0.0000008190
620 0.0000008176
621 0.0000008162
622 0.0000008149
623 0.0000008135
624 0.0000008122
625 0.0000008108
626 0.0000008095
627 0.0000008082
628 0.0000008068
629 0.0000008055
630 0.0000008042
631 0.0000008029
632 0.0000008016
633 0.0000008002
634 0.0000007989
635 0.0000007976
636 0.0000007964
637 0.0000007951
638 0.0000007938
639 0.0000007925
640 0.0000007912
641 0.0000007900
642 0.0000007887
643 0.0000007874
644 0.0000007862
645 0.0000007849
646 0.0000007837
647 0.0000007824
648 0.0000007812
649 0.0000007799
650 0.0000007787
651 0.0000007775
652 0.0000007763
653 0.0000007751
654 0.0000007738
655 0.0000007726
656 0.0000007714
657 0.0000007702
658 0.0000007690
659 0.0000007678
660 0.0000007666
661 0.0000007654
662 0.0000007643
663 0.0000007631
664 0.0000007619
665 0.0000007607
666 0.0000007596
667 0.0000007584
668 0.0000007573
669 0.0000007561
670 0.0000007549
671 0.0000007538
672 0.0000007527
673 0.0000007515
674 0.0000007504
675 0.0000007492
676 0.0000007481
677 0.0000007470
678 0.0000007459
679 0.0000007447
680 0.0000007436
681 0.0000007425
682 0.0000007414
683 0.0000007403
684 0.0000007392
685 0.0000007381
686 0.0000007370
687 0.0000007359
688 0.0000007348
689 0.0000007337
690 0.0000007327
691 0.0000007316
692 0.0000007305
693 0.0000007294
694 0.0000007284
695 0.0000007273
696 0.0000007262
697 0.0000007252
698 0.0000007241
699 0.0000007231
700 0.0000007220
701 0.0000007210
702 0.0000007199
703 0.0000007189
704 0.0000007179
705 0.0000007168
706 0.0000007158
707 0.0000007148
708 0.0000007138
709 0.0000007127
710 0.0000007117
711 0.0000007107
712 0.0000007097
713 0.0000007087
714 0.0000007077
715 0.0000007067
716 0.0000007057
717 0.0000007047
718 0.0000007037
719 0.0000007027
720 0.0000007017
721 0.0000007007
722 0.0000006997
723 0.0000006988
724 0.0000006978
725 0.0000006968
726 0.0000006958
727 0.0000006949
728 0.0000006939
729 0.0000006929
730 0.0000006920
731 0.0000006910
732 0.0000006901
733 0.0000006891
734 0.0000006882
735 0.0000006872
736 0.0000006863
737 0.0000006853
738 0.0000006844
739 0.0000006835
740 0.0000006825
741 0.0000006816
742 0.0000006807
743 0.0000006797
744 0.0000006788
745 0.0000006779
746 0.0000006770
747 0.0000006761
748 0.0000006752
749 0.0000006743
750 0.0000006733
751 0.0000006724
752 0.0000006715
753 0.0000006706
754 0.0000006697
755 0.0000006689
756 0.0000006680
757 0.0000006671
758 0.0000006662
759 0.0000006653
760 0.0000006644
761 0.0000006635
762 0.0000006626
763 0.0000006618
764 0.0000006609
765 0.0000006600
766 0.0000006592
767 0.0000006583
768 0.0000006574
769 0.0000006566
770 0.0000006557
771 0.0000006549
772 0.0000006540
773 0.0000006531
774 0.0000006523
775 0.0000006514
776 0.0000006506
777 0.0000006498
778 0.0000006489
779 0.0000006481
780 0.0000006472
781 0.0000006464
782 0.0000006456
783 0.0000006447
784 0.0000006439
785 0.0000006431
786 0.0000006423
787 0.0000006414
788 0.0000006406
789 0.0000006398
790 0.0000006390
791 0.0000006382
792 0.0000006374
793 0.0000006366
794 0.0000006357
795 0.0000006349
796 0.0000006341
797 0.0000006333
798 0.0000006325
799 0.0000006317
800 0.0000006310
801 0.0000006302
802 0.0000006294
803 0.0000006286
804 0.0000006278
805 0.0000006270
806 0.0000006262
807 0.0000006254
808 0.0000006247
809 0.0000006239
810 0.0000006231
811 0.0000006223
812 0.0000006216
813 0.0000006208
814 0.0000006200
815 0.0000006193
816 0.0000006185
817 0.0000006177
818 0.0000006170
819 0.0000006162
820 0.0000006155
821 0.0000006147
822 0.0000006140
823 0.0000006132
824 0.0000006125
825 0.0000006117
826 0.0000006110
827 0.0000006102
828 0.0000006095
829 0.0000006087
830 0.0000006080
831 0.0000006073
832 0.0000006065
833 0.0000006058
834 0.0000006051
835 0.0000006044
836 0.0000006036
837 0.0000006029
838 0.0000006022
839 0.0000006014
840 0.0000006007
841 0.0000006000
842 0.0000005993
843 0.0000005986
844 0.0000005979
845 0.0000005972
846 0.0000005964
847 0.0000005957
848 0.0000005950
849 0.0000005943
850 0.0000005936
851 0.0000005929
852 0.0000005922
853 0.0000005915
854 0.0000005908
855 0.0000005901
856 0.0000005894
857 0.0000005887
858 0.0000005881
859 0.0000005874
860 0.0000005867
861 0.0000005860
862 0.0000005853
863 0.0000005846
864 0.0000005840
865 0.0000005833
866 0.0000005826
867 0.0000005819
868 0.0000005813
869 0.0000005806
870 0.0000005799
871 0.0000005792
872 0.0000005786
873 0.0000005779
874 0.0000005772
875 0.0000005766
876 0.0000005759
877 0.0000005753
878 0.0000005746
879 0.0000005739
880 0.0000005733
881 0.0000005726
882 0.0000005720
883 0.0000005713
884 0.0000005707
885 0.0000005700
886 0.0000005694
887 0.0000005687
888 0.0000005681
889 0.0000005674
890 0.0000005668
891 0.0000005662
892 0.0000005655
893 0.0000005649
894 0.0000005642
895 0.0000005636
896 0.0000005630
897 0.0000005623
898 0.0000005617
899 0.0000005611
900 0.0000005605
