0 2000
0 0.9918510520
1 0.0020068000
2 0.0008370133
3 0.0005807461
4 0.0004257432
5 0.0003338606
6 0.0002736072
7 0.0002306618
8 0.0001984544
9 0.0001734420
10 0.0001534814
11 0.0001371958
12 0.0001236645
13 0.0001122508
14 0.0001025000
15 0.0000940791
16 0.0000867382
17 0.0000802864
18 0.0000745750
19 0.0000694868
20 0.0000649280
21 0.0000608225
22 0.0000571082
23 0.0000537338
24 0.0000506564
25 0.0000478403
26 0.0000452550
27 0.0000428745
28 0.0000406768
29 0.0000386427
30 0.0000367555
31 0.0000350010
32 0.0000333665
33 0.0000318408
34 0.0000304143
35 0.0000290782
36 0.0000278248
37 0.0000266473
38 0.0000255396
39 0.0000244961
40 0.0000235120
41 0.0000225826
42 0.0000217041
43 0.0000208727
44 0.0000200851
45 0.0000193383
46 0.0000186295
47 0.0000179561
48 0.0000173160
49 0.0000167069
50 0.0000161269
51 0.0000155742
52 0.0000150472
53 0.0000145442
54 0.0000140640
55 0.0000136051
56 0.0000131665
57 0.0000127468
58 0.0000123452
59 0.0000119605
60 0.0000115920
61 0.0000112386
62 0.0000108998
63 0.0000105746
64 0.0000102625
65 0.0000099627
66 0.0000096746
67 0.0000093978
68 0.0000091315
69 0.0000088754
70 0.0000086289
71 0.0000083916
72 0.0000081631
73 0.0000079429
74 0.0000077308
75 0.0000075262
76 0.0000073290
77 0.0000071388
78 0.0000069552
79 0.0000067780
80 0.0000066069
81 0.0000064417
82 0.0000062821
83 0.0000061278
84 0.0000059788
85 0.0000058346
86 0.0000056953
87 0.0000055604
88 0.0000054300
89 0.0000053038
90 0.0000051816
91 0.0000050633
92 0.0000049488
93 0.0000048378
94 0.0000047303
95 0.0000046262
96 0.0000045252
97 0.0000044273
98 0.0000043324
99 0.0000042404
100 0.0000041511
101 0.0000040645
102 0.0000039805
103 0.0000038989
104 0.0000038198
105 0.0000037429
106 0.0000036682
107 0.0000035957
108 0.0000035253
109 0.0000034569
110 0.0000033904
111 0.0000033258
112 0.0000032630
113 0.0000032020
114 0.0000031426
115 0.0000030849
116 0.0000030287
117 0.0000029741
118 0.0000029210
119 0.0000028693
120 0.0000028190
121 0.0000027700
122 0.0000027223
123 0.0000026759
124 0.0000026307
125 0.0000025866
126 0.0000025437
127 0.0000025020
128 0.0000024612
129 0.0000024216
130 0.0000023829
131 0.0000023452
132 0.0000023085
133 0.0000022727
134 0.0000022378
135 0.0000022037
136 0.0000021705
137 0.0000021381
138 0.0000021065
139 0.0000020757
140 0.0000020456
141 0.0000020162
142 0.0000019876
143 0.0000019596
144 0.0000019322
145 0.0000019056
146 0.0000018795
147 0.0000018541
148 0.0000018292
149 0.0000018049
150 0.0000017812
151 0.0000017580
152 0.0000017354
153 0.0000017132
154 0.0000016916
155 0.0000016705
156 0.0000016498
157 0.0000016295
158 0.0000016098
159 0.0000015904
160 0.0000015715
161 0.0000015530
162 0.0000015349
163 0.0000015172
164 0.0000014998
165 0.0000014828
166 0.0000014662
167 0.0000014500
168 0.0000014340
169 0.0000014185
170 0.0000014032
171 0.0000013882
172 0.0000013736
173 0.0000013592
174 0.0000013452
175 0.0000013314
176 0.0000013179
177 0.0000013047
178 0.0000012917
179 0.0000012790
180 0.0000012666
181 0.0000012543
182 0.0000012424
183 0.0000012306
184 0.0000012191
185 0.0000012078
186 0.0000011967
187 0.0000011858
188 0.0000011752
189 0.0000011647
190 0.0000011544
191 0.0000011443
192 0.0000011344
193 0.0000011247
194 0.0000011152
195 0.0000011058
196 0.0000010966
197 0.0000010875
198 0.0000010787
199 0.0000010699
200 0.0000010614
201 0.0000010530
202 0.0000010447
203 0.0000010366
204 0.0000010286
205 0.0000010207
206 0.0000010130
207 0.0000010054
208 0.0000009979
209 0.0000009906
210 0.0000009834
211 0.0000009763
212 0.0000009693
213 0.0000009624
214 0.0000009556
215 0.0000009490
216 0.0000009424
217 0.0000009360
218 0.0000009296
219 0.0000009234
220 0.0000009172
221 0.0000009112
222 0.0000009052
223 0.0000008994
224 0.0000008936
225 0.0000008879
226 0.0000008823
227 0.0000008768
228 0.0000008713
229 0.0000008659
230 0.0000008607
231 0.0000008555
232 0.0000008503
233 0.0000008453
234 0.0000008403
235 0.0000008353
236 0.0000008305
237 0.0000008257
238 0.0000008210
239 0.0000008163
240 0.0000008117
241 0.0000008072
242 0.0000008028
243 0.0000007983
244 0.0000007940
245 0.0000007897
246 0.0000007855
247 0.0000007813
248 0.0000007772
249 0.0000007731
250 0.0000007691
251 0.0000007651
252 0.0000007612
253 0.0000007573
254 0.0000007535
255 0.0000007497
256 0.0000007460
257 0.0000007423
258 0.0000007387
259 0.0000007351
260 0.0000007315
261 0.0000007280
262 0.0000007245
263 0.0000007211
264 0.0000007177
265 0.0000007144
266 0.0000007110
267 0.0000007078
268 0.0000007045
269 0.0000007013
270 0.0000006982
271 0.0000006950
272 0.0000006919
273 0.0000006889
274 0.0000006858
275 0.0000006828
276 0.0000006799
277 0.0000006769
278 0.0000006740
279 0.0000006712
280 0.0000006683
281 0.0000006655
282 0.0000006627
283 0.0000006600
284 0.0000006572
285 0.0000006545
286 0.0000006519
287 0.0000006492
288 0.0000006466
289 0.0000006440
290 0.0000006414
291 0.0000006389
292 0.0000006364
293 0.0000006339
294 0.0000006314
295 0.0000006289
296 0.0000006265
297 0.0000006241
298 0.0000006217
299 0.0000006194
300 0.0000006170
301 0.0000006147
302 0.0000006124
303 0.0000006101
304 0.0000006079
305 0.0000006057
306 0.0000006034
307 0.0000006012
308 0.0000005991
309 0.0000005969
310 0.0000005948
311 0.0000005926
312 0.0000005905
313 0.0000005885
314 0.0000005864
315 0.0000005843
316 0.0000005823
317 0.0000005803
318 0.0000005783
319 0.0000005763
320 0.0000005743
321 0.0000005724
322 0.0000005704
323 0.0000005685
324 0.0000005666
325 0.0000005647
326 0.0000005628
327 0.0000005610
328 0.0000005591
329 0.0000005573
330 0.0000005555
331 0.0000005537
332 0.0000005519
333 0.0000005501
334 0.0000005483
335 0.0000005466
336 0.0000005448
337 0.0000005431
338 0.0000005414
339 0.0000005397
340 0.0000005380
341 0.0000005363
342 0.0000005346
343 0.0000005330
344 0.0000005313
345 0.0000005297
346 0.0000005281
347 0.0000005265
348 0.0000005249
349 0.0000005233
350 0.0000005217
351 0.0000005201
352 0.0000005186
353 0.0000005170
354 0.0000005155
355 0.0000005140
356 0.0000005125
357 0.0000005110
358 0.0000005095
359 0.0000005080
360 0.0000005065
361 0.0000005051
362 0.0000005036
363 0.0000005021
364 0.0000005007
365 0.0000004993
366 0.0000004979
367 0.0000004964
368 0.0000004950
369 0.0000004937
370 0.0000004923
371 0.0000004909
372 0.0000004895
373 0.0000004882
374 0.0000004868
375 0.0000004855
376 0.0000004841
377 0.0000004828
378 0.0000004815
379 0.0000004802
380 0.0000004789
381 0.0000004776
382 0.0000004763
383 0.0000004750
384 0.0000004737
385 0.0000004725
386 0.0000004712
387 0.0000004700
388 0.0000004687
389 0.0000004675
390 0.0000004663
391 0.0000004650
392 0.0000004638
393 0.0000004626
394 0.0000004614
395 0.0000004602
396 0.0000004590
397 0.0000004578
398 0.0000004567
399 0.0000004555
400 0.0000004543
401 0.0000004532
402 0.0000004520
403 0.0000004509
404 0.0000004497
405 0.0000004486
406 0.0000004475
407 0.0000004464
408 0.0000004452
409 0.0000004441
410 0.0000004430
411 0.0000004419
412 0.0000004409
413 0.0000004398
414 0.0000004387
415 0.0000004376
416 0.0000004365
417 0.0000004355
418 0.0000004344
419 0.0000004334
420 0.0000004323
421 0.0000004313
422 0.0000004302
423 0.0000004292
424 0.0000004282
425 0.0000004272
426 0.0000004262
427 0.0000004251
428 0.0000004241
429 0.0000004231
430 0.0000004221
431 0.0000004211
432 0.0000004202
433 0.0000004192
434 0.0000004182
435 0.0000004172
436 0.0000004163
437 0.0000004153
438 0.0000004143
439 0.0000004134
440 0.0000004124
441 0.0000004115
442 0.0000004106
443 0.0000004096
444 0.0000004087
445 0.0000004078
446 0.0000004068
447 0.0000004059
448 0.0000004050
449 0.0000004041
450 0.0000004032
451 0.0000004023
452 0.0000004014
453 0.0000004005
454 0.0000003996
455 0.0000003987
456 0.0000003978
457 0.0000003970
458 0.0000003961
459 0.0000003952
460 0.0000003944
461 0.0000003935
462 0.0000003926
463 0.0000003918
464 0.0000003909
465 0.0000003901
466 0.0000003893
467 0.0000003884
468 0.0000003876
469 0.0000003867
470 0.0000003859
471 0.0000003851
472 0.0000003843
473 0.0000003835
474 0.0000003826
475 0.0000003818
476 0.0000003810
477 0.0000003802
478 0.0000003794
479 0.0000003786
480 0.0000003778
481 0.0000003771
482 0.0000003763
483 0.0000003755
484 0.0000003747
485 0.0000003739
486 0.0000003732
487 0.0000003724
488 0.0000003716
489 0.0000003709
490 0.0000003701
491 0.0000003693
492 0.0000003686
493 0.0000003678
494 0.0000003671
495 0.0000003664
496 0.0000003656
497 0.0000003649
498 0.0000003641
499 0.0000003634
500 0.0000003627
501 0.0000003619
502 0.0000003612
503 0.0000003605
504 0.0000003598
505 0.0000003591
506 0.0000003584
507 0.0000003576
508 0.0000003569
509 0.0000003562
510 0.0000003555
511 0.0000003548
512 0.0000003541
513 0.0000003535
514 0.0000003528
515 0.0000003521
516 0.0000003514
517 0.0000003507
518 0.0000003500
519 0.0000003494
520 0.0000003487
521 0.0000003480
522 0.0000003473
523 0.0000003467
524 0.0000003460
525 0.0000003454
526 0.0000003447
527 0.0000003440
528 0.0000003434
529 0.0000003427
530 0.0000003421
531 0.0000003414
532 0.0000003408
533 0.0000003402
534 0.0000003395
535 0.0000003389
536 0.0000003383
537 0.0000003376
538 0.0000003370
539 0.0000003364
540 0.0000003357
541 0.0000003351
542 0.0000003345
543 0.0000003339
544 0.0000003333
545 0.0000003327
546 0.0000003321
547 0.0000003314
548 0.0000003308
549 0.0000003302
550 0.0000003296
551 0.0000003290
552 0.0000003284
553 0.0000003278
554 0.0000003272
555 0.0000003267
556 0.0000003261
557 0.0000003255
558 0.0000003249
559 0.0000003243
560 0.0000003237
561 0.0000003232
562 0.0000003226
563 0.0000003220
564 0.0000003214
565 0.0000003209
566 0.0000003203
567 0.0000003197
568 0.0000003192
569 0.0000003186
570 0.0000003181
571 0.0000003175
572 0.0000003169
573 0.0000003164
574 0.0000003158
575 0.0000003153
576 0.0000003147
577 0.0000003142
578 0.0000003136
579 0.0000003131
580 0.0000003126
581 0.0000003120
582 0.0000003115
583 0.0000003110
584 0.0000003104
585 0.0000003099
586 0.0000003094
587 0.0000003088
588 0.0000003083
589 0.0000003078
590 0.0000003073
591 0.0000003067
592 0.0000003062
593 0.0000003057
594 0.0000003052
595 0.0000003047
596 0.0000003042
597 0.0000003037
598 0.0000003031
599 0.0000003026
600 0.0000003021
601 0.0000003016
602 0.0000003011
603 0.0000003006
604 0.0000003001
605 0.0000002996
606 0.0000002991
607 0.0000002986
608 0.0000002982
609 0.0000002977
610 0.0000002972
611 0.0000002967
612 0.0000002962
613 0.0000002957
614 0.0000002952
615 0.0000002948
616 0.0000002943
617 0.0000002938
618 0.0000002933
619 0.0000002929
620 0.0000002924
621 0.0000002919
622 0.0000002914
623 0.0000002910
624 0.0000002905
625 0.0000002900
626 0.0000002896
627 0.0000002891
628 0.0000002887
629 0.0000002882
630 0.0000002877
631 0.0000002873
632 0.0000002868
633 0.0000002864
634 0.0000002859
635 0.0000002855
636 0.0000002850
637 0.0000002846
638 0.0000002841
639 0.0000002837
640 0.0000002832
641 0.0000002828
642 0.0000002824
643 0.0000002819
644 0.0000002815
645 0.0000002810
646 0.0000002806
647 0.0000002802
648 0.0000002797
649 0.0000002793
650 0.0000002789
651 0.0000002784
652 0.0000002780
653 0.0000002776
654 0.0000002772
655 0.0000002767
656 0.0000002763
657 0.0000002759
658 0.0000002755
659 0.0000002751
660 0.0000002746
661 0.0000002742
662 0.0000002738
663 0.0000002734
664 0.0000002730
665 0.0000002726
666 0.0000002722
667 0.0000002718
668 0.0000002714
669 0.0000002709
670 0.0000002705
671 0.0000002701
672 0.0000002697
673 0.0000002693
674 0.0000002689
675 0.0000002685
676 0.0000002681
677 0.0000002677
678 0.0000002673
679 0.0000002670
680 0.0000002666
681 0.0000002662
682 0.0000002658
683 0.0000002654
684 0.0000002650
685 0.0000002646
686 0.0000002642
687 0.0000002638
688 0.0000002635
689 0.0000002631
690 0.0000002627
691 0.0000002623
692 0.0000002619
693 0.0000002616
694 0.0000002612
695 0.0000002608
696 0.0000002604
697 0.0000002601
698 0.0000002597
699 0.0000002593
700 0.0000002589
701 0.0000002586
702 0.0000002582
703 0.0000002578
704 0.0000002575
705 0.0000002571
706 0.0000002567
707 0.0000002564
708 0.0000002560
709 0.0000002557
710 0.0000002553
711 0.0000002549
712 0.0000002546
713 0.0000002542
714 0.0000002539
715 0.0000002535
716 0.0000002532
717 0.0000002528
718 0.0000002524
719 0.0000002521
720 0.0000002517
721 0.0000002514
722 0.0000002510
723 0.0000002507
724 0.0000002504
725 0.0000002500
726 0.0000002497
727 0.0000002493
728 0.0000002490
729 0.0000002486
730 0.0000002483
731 0.0000002480
732 0.0000002476
733 0.0000002473
734 0.0000002469
735 0.0000002466
736 0.0000002463
737 0.0000002459
738 0.0000002456
739 0.0000002453
740 0.0000002449
741 0.0000002446
742 0.0000002443
743 0.0000002439
744 0.0000002436
745 0.0000002433
746 0.0000002430
747 0.0000002426
748 0.0000002423
749 0.0000002420
750 0.0000002417
751 0.0000002413
752 0.0000002410
753 0.0000002407
754 0.0000002404
755 0.0000002401
756 0.0000002397
757 0.0000002394
758 0.0000002391
759 0.0000002388
760 0.0000002385
761 0.0000002382
762 0.0000002379
763 0.0000002375
764 0.0000002372
765 0.0000002369
766 0.0000002366
767 0.0000002363
768 0.0000002360
769 0.0000002357
770 0.0000002354
771 0.0000002351
772 0.0000002348
773 0.0000002345
774 0.0000002342
775 0.0000002339
776 0.0000002336
777 0.0000002333
778 0.0000002330
779 0.0000002327
780 0.0000002324
781 0.0000002321
782 0.0000002318
783 0.0000002315
784 0.0000002312
785 0.0000002309
786 0.0000002306
787 0.0000002303
788 0.0000002300
789 0.0000002297
790 0.0000002294
791 0.0000002291
792 0.0000002288
793 0.0000002286
794 0.0000002283
795 0.0000002280
796 0.0000002277
797 0.0000002274
798 0.0000002271
799 0.0000002268
800 0.0000002265
801 0.0000002263
802 0.0000002260
803 0.0000002257
804 0.0000002254
805 0.0000002251
806 0.0000002249
807 0.0000002246
808 0.0000002243
809 0.0000002240
810 0.0000002238
811 0.0000002235
812 0.0000002232
813 0.0000002229
814 0.0000002227
815 0.0000002224
816 0.0000002221
817 0.0000002218
818 0.0000002216
819 0.0000002213
820 0.0000002210
821 0.0000002207
822 0.0000002205
823 0.0000002202
824 0.0000002199
825 0.0000002197
826 0.0000002194
827 0.0000002191
828 0.0000002189
829 0.0000002186
830 0.0000002184
831 0.0000002181
832 0.0000002178
833 0.0000002176
834 0.0000002173
835 0.0000002170
836 0.0000002168
837 0.0000002165
838 0.0000002163
839 0.0000002160
840 0.0000002158
841 0.0000002155
842 0.0000002152
843 0.0000002150
844 0.0000002147
845 0.0000002145
846 0.0000002142
847 0.0000002140
848 0.0000002137
849 0.0000002135
850 0.0000002132
851 0.0000002130
852 0.0000002127
853 0.0000002125
854 0.0000002122
855 0.0000002120
856 0.0000002117
857 0.0000002115
858 0.0000002112
859 0.0000002110
860 0.0000002107
861 0.0000002105
862 0.0000002102
863 0.0000002100
864 0.0000002098
865 0.0000002095
866 0.0000002093
867 0.0000002090
868 0.0000002088
869 0.0000002085
870 0.0000002083
871 0.0000002081
872 0.0000002078
873 0.0000002076
874 0.0000002073
875 0.0000002071
876 0.0000002069
877 0.0000002066
878 0.0000002064
879 0.0000002062
880 0.0000002059
881 0.0000002057
882 0.0000002055
883 0.0000002052
884 0.0000002050
885 0.0000002048
886 0.0000002045
887 0.0000002043
888 0.0000002041
889 0.0000002038
890 0.0000002036
891 0.0000002034
892 0.0000002032
893 0.0000002029
894 0.0000002027
895 0.0000002025
896 0.0000002023
897 0.0000002020
898 0.0000002018
899 0.0000002016
900 0.0000002014
901 0.0000002011
902 0.0000002009
903 0.0000002007
904 0.0000002005
905 0.0000002002
906 0.0000002000
907 0.0000001998
908 0.0000001996
909 0.0000001994
910 0.0000001991
911 0.0000001989
912 0.0000001987
913 0.0000001985
914 0.0000001983
915 0.0000001980
916 0.0000001978
917 0.0000001976
918 0.0000001974
919 0.0000001972
920 0.0000001970
921 0.0000001968
922 0.0000001965
923 0.0000001963
924 0.0000001961
925 0.0000001959
926 0.0000001957
927 0.0000001955
928 0.0000001953
929 0.0000001951
930 0.0000001948
931 0.0000001946
932 0.0000001944
933 0.0000001942
934 0.0000001940
935 0.0000001938
936 0.0000001936
937 0.0000001934
938 0.0000001932
939 0.0000001930
940 0.0000001928
941 0.0000001926
942 0.0000001924
943 0.0000001922
944 0.0000001920
945 0.0000001918
946 0.0000001915
947 0.0000001913
948 0.0000001911
949 0.0000001909
950 0.0000001907
951 0.0000001905
952 0.0000001903
953 0.0000001901
954 0.0000001899
955 0.0000001897
956 0.0000001895
957 0.0000001893
958 0.0000001891
959 0.0000001889
960 0.0000001888
961 0.0000001886
962 0.0000001884
963 0.0000001882
964 0.0000001880
965 0.0000001878
966 0.0000001876
967 0.0000001874
968 0.0000001872
969 0.0000001870
970 0.0000001868
971 0.0000001866
972 0.0000001864
973 0.0000001862
974 0.0000001860
975 0.0000001858
976 0.0000001857
977 0.0000001855
978 0.0000001853
979 0.0000001851
980 0.0000001849
981 0.0000001847
982 0.0000001845
983 0.0000001843
984 0.0000001841
985 0.0000001840
986 0.0000001838
987 0.0000001836
988 0.0000001834
989 0.0000001832
990 0.0000001830
991 0.0000001828
992 0.0000001827
993 0.0000001825
994 0.0000001823
995 0.0000001821
996 0.0000001819
997 0.0000001817
998 0.0000001816
999 0.0000001814
1000 0.0000001812
1001 0.0000001810
1002 0.0000001808
1003 0.0000001806
1004 0.0000001805
1005 0.0000001803
1006 0.0000001801
1007 0.0000001799
1008 0.0000001797
1009 0.0000001796
1010 0.0000001794
1011 0.0000001792
1012 0.0000001790
1013 0.0000001789
1014 0.0000001787
1015 0.0000001785
1016 0.0000001783
1017 0.0000001782
1018 0.0000001780
1019 0.0000001778
1020 0.0000001776
1021 0.0000001775
1022 0.0000001773
1023 0.0000001771
1024 0.0000001769
1025 0.0000001768
1026 0.0000001766
1027 0.0000001764
1028 0.0000001762
1029 0.0000001761
1030 0.0000001759
1031 0.0000001757
1032 0.0000001756
1033 0.0000001754
1034 0.0000001752
1035 0.0000001751
1036 0.0000001749
1037 0.0000001747
1038 0.0000001745
1039 0.0000001744
1040 0.0000001742
1041 0.0000001740
1042 0.0000001739
1043 0.0000001737
1044 0.0000001735
1045 0.0000001734
1046 0.0000001732
1047 0.0000001730
1048 0.0000001729
1049 0.0000001727
1050 0.0000001725
1051 0.0000001724
1052 0.0000001722
1053 0.0000001721
1054 0.0000001719
1055 0.0000001717
1056 0.0000001716
1057 0.0000001714
1058 0.0000001712
1059 0.0000001711
1060 0.0000001709
1061 0.0000001708
1062 0.0000001706
1063 0.0000001704
1064 0.0000001703
1065 0.0000001701
1066 0.0000001700
1067 0.0000001698
1068 0.0000001696
1069 0.0000001695
1070 0.0000001693
1071 0.0000001692
1072 0.0000001690
1073 0.0000001688
1074 0.0000001687
1075 0.0000001685
1076 0.0000001684
1077 0.0000001682
1078 0.0000001681
1079 0.0000001679
1080 0.0000001677
1081 0.0000001676
1082 0.0000001674
1083 0.0000001673
1084 0.0000001671
1085 0.0000001670
1086 0.0000001668
1087 0.0000001667
1088 0.0000001665
1089 0.0000001664
1090 0.0000001662
1091 0.0000001660
1092 0.0000001659
1093 0.0000001657
1094 0.0000001656
1095 0.0000001654
1096 0.0000001653
1097 0.0000001651
1098 0.0000001650
1099 0.0000001648
1100 0.0000001647
1101 0.0000001645
1102 0.0000001644
1103 0.0000001642
1104 0.0000001641
1105 0.0000001639
1106 0.0000001638
1107 0.0000001636
1108 0.0000001635
1109 0.0000001633
1110 0.0000001632
1111 0.0000001631
1112 0.0000001629
1113 0.0000001628
1114 0.0000001626
1115 0.0000001625
1116 0.0000001623
1117 0.0000001622
1118 0.0000001620
1119 0.0000001619
1120 0.0000001617
1121 0.0000001616
1122 0.0000001615
1123 0.0000001613
1124 0.0000001612
1125 0.0000001610
1126 0.0000001609
1127 0.0000001607
1128 0.0000001606
1129 0.0000001604
1130 0.0000001603
1131 0.0000001602
1132 0.0000001600
1133 0.0000001599
1134 0.0000001597
1135 0.0000001596
1136 0.0000001595
1137 0.0000001593
1138 0.0000001592
1139 0.0000001590
1140 0.0000001589
1141 0.0000001588
1142 0.0000001586
1143 0.0000001585
1144 0.0000001583
1145 0.0000001582
1146 0.0000001581
1147 0.0000001579
1148 0.0000001578
1149 0.0000001576
1150 0.0000001575
1151 0.0000001574
1152 0.0000001572
1153 0.0000001571
1154 0.0000001570
1155 0.0000001568
1156 0.0000001567
1157 0.0000001566
1158 0.0000001564
1159 0.0000001563
1160 0.0000001561
1161 0.0000001560
1162 0.0000001559
1163 0.0000001557
1164 0.0000001556
1165 0.0000001555
1166 0.0000001553
1167 0.0000001552
1168 0.0000001551
1169 0.0000001549
1170 0.0000001548
1171 0.0000001547
1172 0.0000001545
1173 0.0000001544
1174 0.0000001543
1175 0.0000001541
1176 0.0000001540
1177 0.0000001539
1178 0.0000001538
1179 0.0000001536
1180 0.0000001535
1181 0.0000001534
1182 0.0000001532
1183 0.0000001531
1184 0.0000001530
1185 0.0000001528
1186 0.0000001527
1187 0.0000001526
1188 0.0000001525
1189 0.0000001523
1190 0.0000001522
1191 0.0000001521
1192 0.0000001519
1193 0.0000001518
1194 0.0000001517
1195 0.0000001516
1196 0.0000001514
1197 0.0000001513
1198 0.0000001512
1199 0.0000001511
1200 0.0000001509
1201 0.0000001508
1202 0.0000001507
1203 0.0000001506
1204 0.0000001504
1205 0.0000001503
1206 0.0000001502
1207 0.0000001501
1208 0.0000001499
1209 0.0000001498
1210 0.0000001497
1211 0.0000001496
1212 0.0000001494
1213 0.0000001493
1214 0.0000001492
1215 0.0000001491
1216 0.0000001489
1217 0.0000001488
1218 0.0000001487
1219 0.0000001486
1220 0.0000001484
1221 0.0000001483
1222 0.0000001482
1223 0.0000001481
1224 0.0000001480
1225 0.0000001478
1226 0.0000001477
1227 0.0000001476
1228 0.0000001475
1229 0.0000001474
1230 0.0000001472
1231 0.0000001471
1232 0.0000001470
1233 0.0000001469
1234 0.0000001468
1235 0.0000001466
1236 0.0000001465
1237 0.0000001464
1238 0.0000001463
1239 0.0000001462
1240 0.0000001460
1241 0.0000001459
1242 0.0000001458
1243 0.0000001457
1244 0.0000001456
1245 0.0000001455
1246 0.0000001453
1247 0.0000001452
1248 0.0000001451
1249 0.0000001450
1250 0.0000001449
1251 0.0000001448
1252 0.0000001446
1253 0.0000001445
1254 0.0000001444
1255 0.0000001443
1256 0.0000001442
1257 0.0000001441
1258 0.0000001439
1259 0.0000001438
1260 0.0000001437
1261 0.0000001436
1262 0.0000001435
1263 0.0000001434
1264 0.0000001433
1265 0.0000001431
1266 0.0000001430
1267 0.0000001429
1268 0.0000001428
1269 0.0000001427
1270 0.0000001426
1271 0.0000001425
1272 0.0000001424
1273 0.0000001422
1274 0.0000001421
1275 0.0000001420
1276 0.0000001419
1277 0.0000001418
1278 0.0000001417
1279 0.0000001416
1280 0.0000001415
1281 0.0000001414
1282 0.0000001412
1283 0.0000001411
1284 0.0000001410
1285 0.0000001409
1286 0.0000001408
1287 0.0000001407
1288 0.0000001406
1289 0.0000001405
1290 0.0000001404
1291 0.0000001403
1292 0.0000001401
1293 0.0000001400
1294 0.0000001399
1295 0.0000001398
1296 0.0000001397
1297 0.0000001396
1298 0.0000001395
1299 0.0000001394
1300 0.0000001393
1301 0.0000001392
1302 0.0000001391
1303 0.0000001390
1304 0.0000001388
1305 0.0000001387
1306 0.0000001386
1307 0.0000001385
1308 0.0000001384
1309 0.0000001383
1310 0.0000001382
1311 0.0000001381
1312 0.0000001380
1313 0.0000001379
1314 0.0000001378
1315 0.0000001377
1316 0.0000001376
1317 0.0000001375
1318 0.0000001374
1319 0.0000001373
1320 0.0000001372
1321 0.0000001371
1322 0.0000001369
1323 0.0000001368
1324 0.0000001367
1325 0.0000001366
1326 0.0000001365
1327 0.0000001364
1328 0.0000001363
1329 0.0000001362
1330 0.0000001361
1331 0.0000001360
1332 0.0000001359
1333 0.0000001358
1334 0.0000001357
1335 0.0000001356
1336 0.0000001355
1337 0.0000001354
1338 0.0000001353
1339 0.0000001352
1340 0.0000001351
1341 0.0000001350
1342 0.0000001349
1343 0.0000001348
1344 0.0000001347
1345 0.0000001346
1346 0.0000001345
1347 0.0000001344
1348 0.0000001343
1349 0.0000001342
1350 0.0000001341
1351 0.0000001340
1352 0.0000001339
1353 0.0000001338
1354 0.0000001337
1355 0.0000001336
1356 0.0000001335
1357 0.0000001334
1358 0.0000001333
1359 0.0000001332
1360 0.0000001331
1361 0.0000001330
1362 0.0000001329
1363 0.0000001328
1364 0.0000001327
1365 0.0000001326
1366 0.0000001325
1367 0.0000001324
1368 0.0000001323
1369 0.0000001322
1370 0.0000001321
1371 0.0000001320
1372 0.0000001319
1373 0.0000001318
1374 0.0000001317
1375 0.0000001316
1376 0.0000001315
1377 0.0000001315
1378 0.0000001314
1379 0.0000001313
1380 0.0000001312
1381 0.0000001311
1382 0.0000001310
1383 0.0000001309
1384 0.0000001308
1385 0.0000001307
1386 0.0000001306
1387 0.0000001305
1388 0.0000001304
1389 0.0000001303
1390 0.0000001302
1391 0.0000001301
1392 0.0000001300
1393 0.0000001299
1394 0.0000001298
1395 0.0000001297
1396 0.0000001297
1397 0.0000001296
1398 0.0000001295
1399 0.0000001294
1400 0.0000001293
1401 0.0000001292
1402 0.0000001291
1403 0.0000001290
1404 0.0000001289
1405 0.0000001288
1406 0.0000001287
1407 0.0000001286
1408 0.0000001285
1409 0.0000001284
1410 0.0000001284
1411 0.0000001283
1412 0.0000001282
1413 0.0000001281
1414 0.0000001280
1415 0.0000001279
1416 0.0000001278
1417 0.0000001277
1418 0.0000001276
1419 0.0000001275
1420 0.0000001274
1421 0.0000001274
1422 0.0000001273
1423 0.0000001272
1424 0.0000001271
1425 0.0000001270
1426 0.0000001269
1427 0.0000001268
1428 0.0000001267
1429 0.0000001266
1430 0.0000001265
1431 0.0000001265
1432 0.0000001264
1433 0.0000001263
1434 0.0000001262
1435 0.0000001261
1436 0.0000001260
1437 0.0000001259
1438 0.0000001258
1439 0.0000001257
1440 0.0000001257
1441 0.0000001256
1442 0.0000001255
1443 0.0000001254
1444 0.0000001253
1445 0.0000001252
1446 0.0000001251
1447 0.0000001250
1448 0.0000001250
1449 0.0000001249
1450 0.0000001248
1451 0.0000001247
1452 0.0000001246
1453 0.0000001245
1454 0.0000001244
1455 0.0000001244
1456 0.0000001243
1457 0.0000001242
1458 0.0000001241
1459 0.0000001240
1460 0.0000001239
1461 0.0000001238
1462 0.0000001238
1463 0.0000001237
1464 0.0000001236
1465 0.0000001235
1466 0.0000001234
1467 0.0000001233
1468 0.0000001232
1469 0.0000001232
1470 0.0000001231
1471 0.0000001230
1472 0.0000001229
1473 0.0000001228
1474 0.0000001227
1475 0.0000001227
1476 0.0000001226
1477 0.0000001225
1478 0.0000001224
1479 0.0000001223
1480 0.0000001222
1481 0.0000001222
1482 0.0000001221
1483 0.0000001220
1484 0.0000001219
1485 0.0000001218
1486 0.0000001217
1487 0.0000001217
1488 0.0000001216
1489 0.0000001215
1490 0.0000001214
1491 0.0000001213
1492 0.0000001212
1493 0.0000001212
1494 0.0000001211
1495 0.0000001210
1496 0.0000001209
1497 0.0000001208
1498 0.0000001208
1499 0.0000001207
1500 0.0000001206
1501 0.0000001205
1502 0.0000001204
1503 0.0000001203
1504 0.0000001203
1505 0.0000001202
1506 0.0000001201
1507 0.0000001200
1508 0.0000001199
1509 0.0000001199
1510 0.0000001198
1511 0.0000001197
1512 0.0000001196
1513 0.0000001195
1514 0.0000001195
1515 0.0000001194
1516 0.0000001193
1517 0.0000001192
1518 0.0000001191
1519 0.0000001191
1520 0.0000001190
1521 0.0000001189
1522 0.0000001188
1523 0.0000001188
1524 0.0000001187
1525 0.0000001186
1526 0.0000001185
1527 0.0000001184
1528 0.0000001184
1529 0.0000001183
1530 0.0000001182
1531 0.0000001181
1532 0.0000001180
1533 0.0000001180
1534 0.0000001179
1535 0.0000001178
1536 0.0000001177
1537 0.0000001177
1538 0.0000001176
1539 0.0000001175
1540 0.0000001174
1541 0.0000001173
1542 0.0000001173
1543 0.0000001172
1544 0.0000001171
1545 0.0000001170
1546 0.0000001170
1547 0.0000001169
1548 0.0000001168
1549 0.0000001167
1550 0.0000001167
1551 0.0000001166
1552 0.0000001165
1553 0.0000001164
1554 0.0000001164
1555 0.0000001163
1556 0.0000001162
1557 0.0000001161
1558 0.0000001161
1559 0.0000001160
1560 0.0000001159
1561 0.0000001158
1562 0.0000001158
1563 0.0000001157
1564 0.0000001156
1565 0.0000001155
1566 0.0000001155
1567 0.0000001154
1568 0.0000001153
1569 0.0000001152
1570 0.0000001152
1571 0.0000001151
1572 0.0000001150
1573 0.0000001149
1574 0.0000001149
1575 0.0000001148
1576 0.0000001147
1577 0.0000001146
1578 0.0000001146
1579 0.0000001145
1580 0.0000001144
1581 0.0000001143
1582 0.0000001143
1583 0.0000001142
1584 0.0000001141
1585 0.0000001140
1586 0.0000001140
1587 0.0000001139
1588 0.0000001138
1589 0.0000001138
1590 0.0000001137
1591 0.0000001136
1592 0.0000001135
1593 0.0000001135
1594 0.0000001134
1595 0.0000001133
1596 0.0000001132
1597 0.0000001132
1598 0.0000001131
1599 0.0000001130
1600 0.0000001130
1601 0.0000001129
1602 0.0000001128
1603 0.0000001127
1604 0.0000001127
1605 0.0000001126
1606 0.0000001125
1607 0.0000001125
1608 0.0000001124
1609 0.0000001123
1610 0.0000001122
1611 0.0000001122
1612 0.0000001121
1613 0.0000001120
1614 0.0000001120
1615 0.0000001119
1616 0.0000001118
1617 0.0000001118
1618 0.0000001117
1619 0.0000001116
1620 0.0000001115
1621 0.0000001115
1622 0.0000001114
1623 0.0000001113
1624 0.0000001113
1625 0.0000001112
1626 0.0000001111
1627 0.0000001111
1628 0.0000001110
1629 0.0000001109
1630 0.0000001108
1631 0.0000001108
1632 0.0000001107
1633 0.0000001106
1634 0.0000001106
1635 0.0000001105
1636 0.0000001104
1637 0.0000001104
1638 0.0000001103
1639 0.0000001102
1640 0.0000001102
1641 0.0000001101
1642 0.0000001100
1643 0.0000001099
1644 0.0000001099
1645 0.0000001098
1646 0.0000001097
1647 0.0000001097
1648 0.0000001096
1649 0.0000001095
1650 0.0000001095
1651 0.0000001094
1652 0.0000001093
1653 0.0000001093
1654 0.0000001092
1655 0.0000001091
1656 0.0000001091
1657 0.0000001090
1658 0.0000001089
1659 0.0000001089
1660 0.0000001088
1661 0.0000001087
1662 0.0000001087
1663 0.0000001086
1664 0.0000001085
1665 0.0000001085
1666 0.0000001084
1667 0.0000001083
1668 0.0000001083
1669 0.0000001082
1670 0.0000001081
1671 0.0000001081
1672 0.0000001080
1673 0.0000001079
1674 0.0000001079
1675 0.0000001078
1676 0.0000001077
1677 0.0000001077
1678 0.0000001076
1679 0.0000001075
1680 0.0000001075
1681 0.0000001074
1682 0.0000001073
1683 0.0000001073
1684 0.0000001072
1685 0.0000001071
1686 0.0000001071
1687 0.0000001070
1688 0.0000001069
1689 0.0000001069
1690 0.0000001068
1691 0.0000001068
1692 0.0000001067
1693 0.0000001066
1694 0.0000001066
1695 0.0000001065
1696 0.0000001064
1697 0.0000001064
1698 0.0000001063
1699 0.0000001062
1700 0.0000001062
1701 0.0000001061
1702 0.0000001060
1703 0.0000001060
1704 0.0000001059
1705 0.0000001058
1706 0.0000001058
1707 0.0000001057
1708 0.0000001057
1709 0.0000001056
1710 0.0000001055
1711 0.0000001055
1712 0.0000001054
1713 0.0000001053
1714 0.0000001053
1715 0.0000001052
1716 0.0000001051
1717 0.0000001051
1718 0.0000001050
1719 0.0000001050
1720 0.0000001049
1721 0.0000001048
1722 0.0000001048
1723 0.0000001047
1724 0.0000001046
1725 0.0000001046
1726 0.0000001045
1727 0.0000001045
1728 0.0000001044
1729 0.0000001043
1730 0.0000001043
1731 0.0000001042
1732 0.0000001041
1733 0.0000001041
1734 0.0000001040
1735 0.0000001040
1736 0.0000001039
1737 0.0000001038
1738 0.0000001038
1739 0.0000001037
1740 0.0000001036
1741 0.0000001036
1742 0.0000001035
1743 0.0000001035
1744 0.0000001034
1745 0.0000001033
1746 0.0000001033
1747 0.0000001032
1748 0.0000001031
1749 0.0000001031
1750 0.0000001030
1751 0.0000001030
1752 0.0000001029
1753 0.0000001028
1754 0.0000001028
1755 0.0000001027
1756 0.0000001027
1757 0.0000001026
1758 0.0000001025
1759 0.0000001025
1760 0.0000001024
1761 0.0000001023
1762 0.0000001023
1763 0.0000001022
1764 0.0000001022
1765 0.0000001021
1766 0.0000001020
1767 0.0000001020
1768 0.0000001019
1769 0.0000001019
1770 0.0000001018
1771 0.0000001017
1772 0.0000001017
1773 0.0000001016
1774 0.0000001016
1775 0.0000001015
1776 0.0000001014
1777 0.0000001014
1778 0.0000001013
1779 0.0000001013
1780 0.0000001012
1781 0.0000001011
1782 0.0000001011
1783 0.0000001010
1784 0.0000001010
1785 0.0000001009
1786 0.0000001008
1787 0.0000001008
1788 0.0000001007
1789 0.0000001007
1790 0.0000001006
1791 0.0000001005
1792 0.0000001005
1793 0.0000001004
1794 0.0000001004
1795 0.0000001003
1796 0.0000001002
1797 0.0000001002
1798 0.0000001001
1799 0.0000001001
1800 0.0000001000
1801 0.0000000999
1802 0.0000000999
1803 0.0000000998
1804 0.0000000998
1805 0.0000000997
1806 0.0000000996
1807 0.0000000996
1808 0.0000000995
1809 0.0000000995
1810 0.0000000994
1811 0.0000000993
1812 0.0000000993
1813 0.0000000992
1814 0.0000000992
1815 0.0000000991
1816 0.0000000991
1817 0.0000000990
1818 0.0000000989
1819 0.0000000989
1820 0.0000000988
1821 0.0000000988
1822 0.0000000987
1823 0.0000000986
1824 0.0000000986
1825 0.0000000985
1826 0.0000000985
1827 0.0000000984
1828 0.0000000983
1829 0.0000000983
1830 0.0000000982
1831 0.0000000982
1832 0.0000000981
1833 0.0000000981
1834 0.0000000980
1835 0.0000000979
1836 0.0000000979
1837 0.0000000978
1838 0.0000000978
1839 0.0000000977
1840 0.0000000976
1841 0.0000000976
1842 0.0000000975
1843 0.0000000975
1844 0.0000000974
1845 0.0000000974
1846 0.0000000973
1847 0.0000000972
1848 0.0000000972
1849 0.0000000971
1850 0.0000000971
1851 0.0000000970
1852 0.0000000969
1853 0.0000000969
1854 0.0000000968
1855 0.0000000968
1856 0.0000000967
1857 0.0000000967
1858 0.0000000966
1859 0.0000000965
1860 0.0000000965
1861 0.0000000964
1862 0.0000000964
1863 0.0000000963
1864 0.0000000962
1865 0.0000000962
1866 0.0000000961
1867 0.0000000961
1868 0.0000000960
1869 0.0000000959
1870 0.0000000959
1871 0.0000000958
1872 0.0000000958
1873 0.0000000957
1874 0.0000000957
1875 0.0000000956
1876 0.0000000955
1877 0.0000000955
1878 0.0000000954
1879 0.0000000954
1880 0.0000000953
1881 0.0000000952
1882 0.0000000952
1883 0.0000000951
1884 0.0000000951
1885 0.0000000950
1886 0.0000000949
1887 0.0000000949
1888 0.0000000948
1889 0.0000000948
1890 0.0000000947
1891 0.0000000947
1892 0.0000000946
1893 0.0000000945
1894 0.0000000945
1895 0.0000000944
1896 0.0000000944
1897 0.0000000943
1898 0.0000000942
1899 0.0000000942
1900 0.0000000941
1901 0.0000000941
1902 0.0000000940
1903 0.0000000939
1904 0.0000000939
1905 0.0000000938
1906 0.0000000938
1907 0.0000000937
1908 0.0000000936
1909 0.0000000936
1910 0.0000000935
1911 0.0000000935
1912 0.0000000934
1913 0.0000000933
1914 0.0000000933
1915 0.0000000932
1916 0.0000000932
1917 0.0000000931
1918 0.0000000930
1919 0.0000000930
1920 0.0000000929
1921 0.0000000928
1922 0.0000000928
1923 0.0000000927
1924 0.0000000927
1925 0.0000000926
1926 0.0000000925
1927 0.0000000925
1928 0.0000000924
1929 0.0000000924
1930 0.0000000923
1931 0.0000000922
1932 0.0000000922
1933 0.0000000921
1934 0.0000000920
1935 0.0000000920
1936 0.0000000919
1937 0.0000000918
1938 0.0000000918
1939 0.0000000917
1940 0.0000000917
1941 0.0000000916
1942 0.0000000915
1943 0.0000000915
1944 0.0000000914
1945 0.0000000913
1946 0.0000000913
1947 0.0000000912
1948 0.0000000911
1949 0.0000000911
1950 0.0000000910
1951 0.0000000909
1952 0.0000000909
1953 0.0000000908
1954 0.0000000907
1955 0.0000000907
1956 0.0000000906
1957 0.0000000905
1958 0.0000000904
1959 0.0000000904
1960 0.0000000903
1961 0.0000000902
1962 0.0000000902
1963 0.0000000901
1964 0.0000000900
1965 0.0000000899
1966 0.0000000899
1967 0.0000000898
1968 0.0000000897
1969 0.0000000896
1970 0.0000000895
1971 0.0000000895
1972 0.0000000894
1973 0.0000000893
1974 0.0000000892
1975 0.0000000891
1976 0.0000000890
1977 0.0000000889
1978 0.0000000889
1979 0.0000000888
1980 0.0000000887
1981 0.0000000885
1982 0.0000000884
1983 0.0000000883
1984 0.0000000882
1985 0.0000000881
1986 0.0000000879
1987 0.0000000878
1988 0.0000000876
1989 0.0000000875
1990 0.0000000873
1991 0.0000000870
1992 0.0000000868
1993 0.0000000864
1994 0.0000000860
1995 0.0000000854
1996 0.0000000846
1997 0.0000000834
1998 0.0000000809
1999 0.0000000721
2000 0.0000000000
