0 2000
0 0.9886321354
1 0.0031996082
2 0.0013075049
3 0.0008935857
4 0.0006438904
5 0.0004963297
6 0.0003999502
7 0.0003315715
8 0.0002805535
9 0.0002411589
10 0.0002099170
11 0.0001845985
12 0.0001637132
13 0.0001462300
14 0.0001314134
15 0.0001187245
16 0.0001077592
17 0.0000982088
18 0.0000898332
19 0.0000824431
20 0.0000758869
21 0.0000700423
22 0.0000648092
23 0.0000601051
24 0.0000558611
25 0.0000520197
26 0.0000485321
27 0.0000453571
28 0.0000424591
29 0.0000398077
30 0.0000373766
31 0.0000351428
32 0.0000330865
33 0.0000311901
34 0.0000294382
35 0.0000278172
36 0.0000263152
37 0.0000249214
38 0.0000236262
39 0.0000224213
40 0.0000212989
41 0.0000202521
42 0.0000192749
43 0.0000183616
44 0.0000175072
45 0.0000167071
46 0.0000159572
47 0.0000152537
48 0.0000145932
49 0.0000139725
50 0.0000133888
51 0.0000128394
52 0.0000123220
53 0.0000118343
54 0.0000113742
55 0.0000109401
56 0.0000105300
57 0.0000101424
58 0.0000097758
59 0.0000094290
60 0.0000091006
61 0.0000087894
62 0.0000084944
63 0.0000082146
64 0.0000079491
65 0.0000076970
66 0.0000074574
67 0.0000072297
68 0.0000070131
69 0.0000068070
70 0.0000066108
71 0.0000064239
72 0.0000062458
73 0.0000060759
74 0.0000059139
75 0.0000057593
76 0.0000056116
77 0.0000054705
78 0.0000053356
79 0.0000052067
80 0.0000050833
81 0.0000049653
82 0.0000048522
83 0.0000047438
84 0.0000046400
85 0.0000045405
86 0.0000044450
87 0.0000043533
88 0.0000042653
89 0.0000041807
90 0.0000040995
91 0.0000040213
92 0.0000039462
93 0.0000038739
94 0.0000038042
95 0.0000037372
96 0.0000036726
97 0.0000036103
98 0.0000035502
99 0.0000034923
100 0.0000034363
101 0.0000033823
102 0.0000033302
103 0.0000032798
104 0.0000032310
105 0.0000031839
106 0.0000031382
107 0.0000030941
108 0.0000030513
109 0.0000030099
110 0.0000029697
111 0.0000029308
112 0.0000028930
113 0.0000028564
114 0.0000028208
115 0.0000027863
116 0.0000027528
117 0.0000027202
118 0.0000026885
119 0.0000026576
120 0.0000026277
121 0.0000025985
122 0.0000025701
123 0.0000025424
124 0.0000025154
125 0.0000024892
126 0.0000024635
127 0.0000024386
128 0.0000024142
129 0.0000023904
130 0.0000023672
131 0.0000023445
132 0.0000023224
133 0.0000023007
134 0.0000022796
135 0.0000022589
136 0.0000022387
137 0.0000022189
138 0.0000021995
139 0.0000021806
140 0.0000021620
141 0.0000021438
142 0.0000021260
143 0.0000021085
144 0.0000020914
145 0.0000020747
146 0.0000020582
147 0.0000020421
148 0.0000020262
149 0.0000020107
150 0.0000019954
151 0.0000019804
152 0.0000019657
153 0.0000019512
154 0.0000019370
155 0.0000019231
156 0.0000019094
157 0.0000018959
158 0.0000018826
159 0.0000018695
160 0.0000018567
161 0.0000018441
162 0.0000018316
163 0.0000018194
164 0.0000018073
165 0.0000017955
166 0.0000017838
167 0.0000017723
168 0.0000017609
169 0.0000017498
170 0.0000017387
171 0.0000017279
172 0.0000017172
173 0.0000017066
174 0.0000016962
175 0.0000016859
176 0.0000016758
177 0.0000016658
178 0.0000016560
179 0.0000016463
180 0.0000016367
181 0.0000016272
182 0.0000016178
183 0.0000016086
184 0.0000015995
185 0.0000015905
186 0.0000015816
187 0.0000015728
188 0.0000015641
189 0.0000015556
190 0.0000015471
191 0.0000015387
192 0.0000015304
193 0.0000015223
194 0.0000015142
195 0.0000015062
196 0.0000014983
197 0.0000014905
198 0.0000014828
199 0.0000014751
200 0.0000014676
201 0.0000014601
202 0.0000014527
203 0.0000014454
204 0.0000014382
205 0.0000014310
206 0.0000014239
207 0.0000014169
208 0.0000014100
209 0.0000014031
210 0.0000013963
211 0.0000013896
212 0.0000013829
213 0.0000013764
214 0.0000013698
215 0.0000013634
216 0.0000013570
217 0.0000013506
218 0.0000013444
219 0.0000013382
220 0.0000013320
221 0.0000013259
222 0.0000013199
223 0.0000013139
224 0.0000013080
225 0.0000013021
226 0.0000012963
227 0.0000012905
228 0.0000012848
229 0.0000012792
230 0.0000012735
231 0.0000012680
232 0.0000012625
233 0.0000012570
234 0.0000012516
235 0.0000012463
236 0.0000012409
237 0.0000012357
238 0.0000012304
239 0.0000012253
240 0.0000012201
241 0.0000012150
242 0.0000012100
243 0.0000012050
244 0.0000012000
245 0.0000011951
246 0.0000011902
247 0.0000011854
248 0.0000011806
249 0.0000011758
250 0.0000011711
251 0.0000011664
252 0.0000011618
253 0.0000011572
254 0.0000011526
255 0.0000011481
256 0.0000011436
257 0.0000011391
258 0.0000011347
259 0.0000011303
260 0.0000011259
261 0.0000011216
262 0.0000011173
263 0.0000011131
264 0.0000011088
265 0.0000011046
266 0.0000011005
267 0.0000010963
268 0.0000010922
269 0.0000010882
270 0.0000010841
271 0.0000010801
272 0.0000010762
273 0.0000010722
274 0.0000010683
275 0.0000010644
276 0.0000010605
277 0.0000010567
278 0.0000010529
279 0.0000010491
280 0.0000010454
281 0.0000010416
282 0.0000010379
283 0.0000010343
284 0.0000010306
285 0.0000010270
286 0.0000010234
287 0.0000010198
288 0.0000010163
289 0.0000010128
290 0.0000010093
291 0.0000010058
292 0.0000010024
293 0.0000009989
294 0.0000009955
295 0.0000009922
296 0.0000009888
297 0.0000009855
298 0.0000009822
299 0.0000009789
300 0.0000009756
301 0.0000009724
302 0.0000009691
303 0.0000009659
304 0.0000009628
305 0.0000009596
306 0.0000009565
307 0.0000009533
308 0.0000009503
309 0.0000009472
310 0.0000009441
311 0.0000009411
312 0.0000009381
313 0.0000009351
314 0.0000009321
315 0.0000009291
316 0.0000009262
317 0.0000009233
318 0.0000009204
319 0.0000009175
320 0.0000009146
321 0.0000009118
322 0.0000009089
323 0.0000009061
324 0.0000009033
325 0.0000009005
326 0.0000008978
327 0.0000008950
328 0.0000008923
329 0.0000008896
330 0.0000008869
331 0.0000008842
332 0.0000008815
333 0.0000008789
334 0.0000008762
335 0.0000008736
336 0.0000008710
337 0.0000008684
338 0.0000008659
339 0.0000008633
340 0.0000008608
341 0.0000008583
342 0.0000008557
343 0.0000008533
344 0.0000008508
345 0.0000008483
346 0.0000008459
347 0.0000008434
348 0.0000008410
349 0.0000008386
350 0.0000008362
351 0.0000008338
352 0.0000008314
353 0.0000008291
354 0.0000008267
355 0.0000008244
356 0.0000008221
357 0.0000008198
358 0.0000008175
359 0.0000008152
360 0.0000008129
361 0.0000008107
362 0.0000008085
363 0.0000008062
364 0.0000008040
365 0.0000008018
366 0.0000007996
367 0.0000007974
368 0.0000007953
369 0.0000007931
370 0.0000007910
371 0.0000007888
372 0.0000007867
373 0.0000007846
374 0.0000007825
375 0.0000007804
376 0.0000007783
377 0.0000007763
378 0.0000007742
379 0.0000007722
380 0.0000007701
381 0.0000007681
382 0.0000007661
383 0.0000007641
384 0.0000007621
385 0.0000007601
386 0.0000007582
387 0.0000007562
388 0.0000007543
389 0.0000007523
390 0.0000007504
391 0.0000007485
392 0.0000007466
393 0.0000007447
394 0.0000007428
395 0.0000007409
396 0.0000007390
397 0.0000007372
398 0.0000007353
399 0.0000007335
400 0.0000007316
401 0.0000007298
402 0.0000007280
403 0.0000007262
404 0.0000007244
405 0.0000007226
406 0.0000007208
407 0.0000007190
408 0.0000007173
409 0.0000007155
410 0.0000007138
411 0.0000007120
412 0.0000007103
413 0.0000007086
414 0.0000007069
415 0.0000007052
416 0.0000007035
417 0.0000007018
418 0.0000007001
419 0.0000006984
420 0.0000006968
421 0.0000006951
422 0.0000006935
423 0.0000006918
424 0.0000006902
425 0.0000006886
426 0.0000006870
427 0.0000006854
428 0.0000006838
429 0.0000006822
430 0.0000006806
431 0.0000006790
432 0.0000006774
433 0.0000006759
434 0.0000006743
435 0.0000006727
436 0.0000006712
437 0.0000006697
438 0.0000006681
439 0.0000006666
440 0.0000006651
441 0.0000006636
442 0.0000006621
443 0.0000006606
444 0.0000006591
445 0.0000006576
446 0.0000006562
447 0.0000006547
448 0.0000006532
449 0.0000006518
450 0.0000006503
451 0.0000006489
452 0.0000006474
453 0.0000006460
454 0.0000006446
455 0.0000006432
456 0.0000006418
457 0.0000006404
458 0.0000006390
459 0.0000006376
460 0.0000006362
461 0.0000006348
462 0.0000006334
463 0.0000006321
464 0.0000006307
465 0.0000006293
466 0.0000006280
467 0.0000006266
468 0.0000006253
469 0.0000006240
470 0.0000006226
471 0.0000006213
472 0.0000006200
473 0.0000006187
474 0.0000006174
475 0.0000006161
476 0.0000006148
477 0.0000006135
478 0.0000006122
479 0.0000006109
480 0.0000006097
481 0.0000006084
482 0.0000006071
483 0.0000006059
484 0.0000006046
485 0.0000006034
486 0.0000006021
487 0.0000006009
488 0.0000005997
489 0.0000005984
490 0.0000005972
491 0.0000005960
492 0.0000005948
493 0.0000005936
494 0.0000005924
495 0.0000005912
496 0.0000005900
497 0.0000005888
498 0.0000005876
499 0.0000005864
500 0.0000005853
501 0.0000005841
502 0.0000005829
503 0.0000005818
504 0.0000005806
505 0.0000005795
506 0.0000005783
507 0.0000005772
508 0.0000005760
509 0.0000005749
510 0.0000005738
511 0.0000005727
512 0.0000005715
513 0.0000005704
514 0.0000005693
515 0.0000005682
516 0.0000005671
517 0.0000005660
518 0.0000005649
519 0.0000005638
520 0.0000005627
521 0.0000005617
522 0.0000005606
523 0.0000005595
524 0.0000005584
525 0.0000005574
526 0.0000005563
527 0.0000005553
528 0.0000005542
529 0.0000005532
530 0.0000005521
531 0.0000005511
532 0.0000005500
533 0.0000005490
534 0.0000005480
535 0.0000005470
536 0.0000005459
537 0.0000005449
538 0.0000005439
539 0.0000005429
540 0.0000005419
541 0.0000005409
542 0.0000005399
543 0.0000005389
544 0.0000005379
545 0.0000005369
546 0.0000005359
547 0.0000005350
548 0.0000005340
549 0.0000005330
550 0.0000005320
551 0.0000005311
552 0.0000005301
553 0.0000005292
554 0.0000005282
555 0.0000005272
556 0.0000005263
557 0.0000005253
558 0.0000005244
559 0.0000005235
560 0.0000005225
561 0.0000005216
562 0.0000005207
563 0.0000005197
564 0.0000005188
565 0.0000005179
566 0.0000005170
567 0.0000005161
568 0.0000005152
569 0.0000005143
570 0.0000005134
571 0.0000005125
572 0.0000005116
573 0.0000005107
574 0.0000005098
575 0.0000005089
576 0.0000005080
577 0.0000005071
578 0.0000005063
579 0.0000005054
580 0.0000005045
581 0.0000005036
582 0.0000005028
583 0.0000005019
584 0.0000005010
585 0.0000005002
586 0.0000004993
587 0.0000004985
588 0.0000004976
589 0.0000004968
590 0.0000004960
591 0.0000004951
592 0.0000004943
593 0.0000004934
594 0.0000004926
595 0.0000004918
596 0.0000004910
597 0.0000004901
598 0.0000004893
599 0.0000004885
600 0.0000004877
601 0.0000004869
602 0.0000004861
603 0.0000004853
604 0.0000004845
605 0.0000004836
606 0.0000004829
607 0.0000004821
608 0.0000004813
609 0.0000004805
610 0.0000004797
611 0.0000004789
612 0.0000004781
613 0.0000004773
614 0.0000004766
615 0.0000004758
616 0.0000004750
617 0.0000004742
618 0.0000004735
619 0.0000004727
620 0.0000004719
621 0.0000004712
622 0.0000004704
623 0.0000004697
624 0.0000004689
625 0.0000004682
626 0.0000004674
627 0.0000004667
628 0.0000004659
629 0.0000004652
630 0.0000004644
631 0.0000004637
632 0.0000004630
633 0.0000004622
634 0.0000004615
635 0.0000004608
636 0.0000004601
637 0.0000004593
638 0.0000004586
639 0.0000004579
640 0.0000004572
641 0.0000004565
642 0.0000004558
643 0.0000004551
644 0.0000004543
645 0.0000004536
646 0.0000004529
647 0.0000004522
648 0.0000004515
649 0.0000004508
650 0.0000004501
651 0.0000004495
652 0.0000004488
653 0.0000004481
654 0.0000004474
655 0.0000004467
656 0.0000004460
657 0.0000004453
658 0.0000004447
659 0.0000004440
660 0.0000004433
661 0.0000004427
662 0.0000004420
663 0.0000004413
664 0.0000004407
665 0.0000004400
666 0.0000004393
667 0.0000004387
668 0.0000004380
669 0.0000004374
670 0.0000004367
671 0.0000004361
672 0.0000004354
673 0.0000004348
674 0.0000004341
675 0.0000004335
676 0.0000004328
677 0.0000004322
678 0.0000004315
679 0.0000004309
680 0.0000004303
681 0.0000004296
682 0.0000004290
683 0.0000004284
684 0.0000004278
685 0.0000004271
686 0.0000004265
687 0.0000004259
688 0.0000004253
689 0.0000004247
690 0.0000004240
691 0.0000004234
692 0.0000004228
693 0.0000004222
694 0.0000004216
695 0.0000004210
696 0.0000004204
697 0.0000004198
698 0.0000004192
699 0.0000004186
700 0.0000004180
701 0.0000004174
702 0.0000004168
703 0.0000004162
704 0.0000004156
705 0.0000004150
706 0.0000004144
707 0.0000004138
708 0.0000004132
709 0.0000004127
710 0.0000004121
711 0.0000004115
712 0.0000004109
713 0.0000004103
714 0.0000004098
715 0.0000004092
716 0.0000004086
717 0.0000004081
718 0.0000004075
719 0.0000004069
720 0.0000004064
721 0.0000004058
722 0.0000004052
723 0.0000004047
724 0.0000004041
725 0.0000004036
726 0.0000004030
727 0.0000004024
728 0.0000004019
729 0.0000004013
730 0.0000004008
731 0.0000004002
732 0.0000003997
733 0.0000003991
734 0.0000003986
735 0.0000003981
736 0.0000003975
737 0.0000003970
738 0.0000003964
739 0.0000003959
740 0.0000003954
741 0.0000003948
742 0.0000003943
743 0.0000003938
744 0.0000003932
745 0.0000003927
746 0.0000003922
747 0.0000003917
748 0.0000003911
749 0.0000003906
750 0.0000003901
751 0.0000003896
752 0.0000003891
753 0.0000003885
754 0.0000003880
755 0.0000003875
756 0.0000003870
757 0.0000003865
758 0.0000003860
759 0.0000003855
760 0.0000003850
761 0.0000003844
762 0.0000003839
763 0.0000003834
764 0.0000003829
765 0.0000003824
766 0.0000003819
767 0.0000003814
768 0.0000003809
769 0.0000003804
770 0.0000003799
771 0.0000003795
772 0.0000003790
773 0.0000003785
774 0.0000003780
775 0.0000003775
776 0.0000003770
777 0.0000003765
778 0.0000003760
779 0.0000003756
780 0.0000003751
781 0.0000003746
782 0.0000003741
783 0.0000003736
784 0.0000003732
785 0.0000003727
786 0.0000003722
787 0.0000003717
788 0.0000003713
789 0.0000003708
790 0.0000003703
791 0.0000003699
792 0.0000003694
793 0.0000003689
794 0.0000003685
795 0.0000003680
796 0.0000003675
797 0.0000003671
798 0.0000003666
799 0.0000003661
800 0.0000003657
801 0.0000003652
802 0.0000003648
803 0.0000003643
804 0.0000003639
805 0.0000003634
806 0.0000003630
807 0.0000003625
808 0.0000003621
809 0.0000003616
810 0.0000003612
811 0.0000003607
812 0.0000003603
813 0.0000003598
814 0.0000003594
815 0.0000003590
816 0.0000003585
817 0.0000003581
818 0.0000003576
819 0.0000003572
820 0.0000003568
821 0.0000003563
822 0.0000003559
823 0.0000003555
824 0.0000003550
825 0.0000003546
826 0.0000003542
827 0.0000003537
828 0.0000003533
829 0.0000003529
830 0.0000003525
831 0.0000003520
832 0.0000003516
833 0.0000003512
834 0.0000003508
835 0.0000003503
836 0.0000003499
837 0.0000003495
838 0.0000003491
839 0.0000003487
840 0.0000003483
841 0.0000003478
842 0.0000003474
843 0.0000003470
844 0.0000003466
845 0.0000003462
846 0.0000003458
847 0.0000003454
848 0.0000003450
849 0.0000003446
850 0.0000003442
851 0.0000003438
852 0.0000003433
853 0.0000003429
854 0.0000003425
855 0.0000003421
856 0.0000003417
857 0.0000003413
858 0.0000003409
859 0.0000003405
860 0.0000003402
861 0.0000003398
862 0.0000003394
863 0.0000003390
864 0.0000003386
865 0.0000003382
866 0.0000003378
867 0.0000003374
868 0.0000003370
869 0.0000003366
870 0.0000003362
871 0.0000003359
872 0.0000003355
873 0.0000003351
874 0.0000003347
875 0.0000003343
876 0.0000003339
877 0.0000003335
878 0.0000003332
879 0.0000003328
880 0.0000003324
881 0.0000003320
882 0.0000003317
883 0.0000003313
884 0.0000003309
885 0.0000003305
886 0.0000003302
887 0.0000003298
888 0.0000003294
889 0.0000003290
890 0.0000003287
891 0.0000003283
892 0.0000003279
893 0.0000003276
894 0.0000003272
895 0.0000003268
896 0.0000003265
897 0.0000003261
898 0.0000003257
899 0.0000003254
900 0.0000003250
901 0.0000003247
902 0.0000003243
903 0.0000003239
904 0.0000003236
905 0.0000003232
906 0.0000003229
907 0.0000003225
908 0.0000003221
909 0.0000003218
910 0.0000003214
911 0.0000003211
912 0.0000003207
913 0.0000003204
914 0.0000003200
915 0.0000003197
916 0.0000003193
917 0.0000003190
918 0.0000003186
919 0.0000003183
920 0.0000003179
921 0.0000003176
922 0.0000003173
923 0.0000003169
924 0.0000003166
925 0.0000003162
926 0.0000003159
927 0.0000003155
928 0.0000003152
929 0.0000003149
930 0.0000003145
931 0.0000003142
932 0.0000003138
933 0.0000003135
934 0.0000003132
935 0.0000003128
936 0.0000003125
937 0.0000003122
938 0.0000003118
939 0.0000003115
940 0.0000003112
941 0.0000003108
942 0.0000003105
943 0.0000003102
944 0.0000003098
945 0.0000003095
946 0.0000003092
947 0.0000003089
948 0.0000003085
949 0.0000003082
950 0.0000003079
951 0.0000003076
952 0.0000003072
953 0.0000003069
954 0.0000003066
955 0.0000003063
956 0.0000003060
957 0.0000003056
958 0.0000003053
959 0.0000003050
960 0.0000003047
961 0.0000003044
962 0.0000003040
963 0.0000003037
964 0.0000003034
965 0.0000003031
966 0.0000003028
967 0.0000003025
968 0.0000003022
969 0.0000003018
970 0.0000003015
971 0.0000003012
972 0.0000003009
973 0.0000003006
974 0.0000003003
975 0.0000003000
976 0.0000002997
977 0.0000002994
978 0.0000002991
979 0.0000002988
980 0.0000002984
981 0.0000002981
982 0.0000002978
983 0.0000002975
984 0.0000002972
985 0.0000002969
986 0.0000002966
987 0.0000002963
988 0.0000002960
989 0.0000002957
990 0.0000002954
991 0.0000002951
992 0.0000002948
993 0.0000002945
994 0.0000002942
995 0.0000002939
996 0.0000002936
997 0.0000002934
998 0.0000002931
999 0.0000002928
1000 0.0000002925
1001 0.0000002922
1002 0.0000002919
1003 0.0000002916
1004 0.0000002913
1005 0.0000002910
1006 0.0000002907
1007 0.0000002904
1008 0.0000002901
1009 0.0000002899
1010 0.0000002896
1011 0.0000002893
1012 0.0000002890
1013 0.0000002887
1014 0.0000002884
1015 0.0000002881
1016 0.0000002879
1017 0.0000002876
1018 0.0000002873
1019 0.0000002870
1020 0.0000002867
1021 0.0000002864
1022 0.0000002862
1023 0.0000002859
1024 0.0000002856
1025 0.0000002853
1026 0.0000002850
1027 0.0000002848
1028 0.0000002845
1029 0.0000002842
1030 0.0000002839
1031 0.0000002837
1032 0.0000002834
1033 0.0000002831
1034 0.0000002828
1035 0.0000002826
1036 0.0000002823
1037 0.0000002820
1038 0.0000002817
1039 0.0000002815
1040 0.0000002812
1041 0.0000002809
1042 0.0000002807
1043 0.0000002804
1044 0.0000002801
1045 0.0000002799
1046 0.0000002796
1047 0.0000002793
1048 0.0000002791
1049 0.0000002788
1050 0.0000002785
1051 0.0000002783
1052 0.0000002780
1053 0.0000002777
1054 0.0000002775
1055 0.0000002772
1056 0.0000002769
1057 0.0000002767
1058 0.0000002764
1059 0.0000002761
1060 0.0000002759
1061 0.0000002756
1062 0.0000002754
1063 0.0000002751
1064 0.0000002748
1065 0.0000002746
1066 0.0000002743
1067 0.0000002741
1068 0.0000002738
1069 0.0000002736
1070 0.0000002733
1071 0.0000002730
1072 0.0000002728
1073 0.0000002725
1074 0.0000002723
1075 0.0000002720
1076 0.0000002718
1077 0.0000002715
1078 0.0000002713
1079 0.0000002710
1080 0.0000002708
1081 0.0000002705
1082 0.0000002703
1083 0.0000002700
1084 0.0000002698
1085 0.0000002695
1086 0.0000002693
1087 0.0000002690
1088 0.0000002688
1089 0.0000002685
1090 0.0000002683
1091 0.0000002680
1092 0.0000002678
1093 0.0000002675
1094 0.0000002673
1095 0.0000002670
1096 0.0000002668
1097 0.0000002666
1098 0.0000002663
1099 0.0000002661
1100 0.0000002658
1101 0.0000002656
1102 0.0000002653
1103 0.0000002651
1104 0.0000002649
1105 0.0000002646
1106 0.0000002644
1107 0.0000002641
1108 0.0000002639
1109 0.0000002637
1110 0.0000002634
1111 0.0000002632
1112 0.0000002630
1113 0.0000002627
1114 0.0000002625
1115 0.0000002622
1116 0.0000002620
1117 0.0000002618
1118 0.0000002615
1119 0.0000002613
1120 0.0000002611
1121 0.0000002608
1122 0.0000002606
1123 0.0000002604
1124 0.0000002601
1125 0.0000002599
1126 0.0000002597
1127 0.0000002594
1128 0.0000002592
1129 0.0000002590
1130 0.0000002588
1131 0.0000002585
1132 0.0000002583
1133 0.0000002581
1134 0.0000002578
1135 0.0000002576
1136 0.0000002574
1137 0.0000002572
1138 0.0000002569
1139 0.0000002567
1140 0.0000002565
1141 0.0000002563
1142 0.0000002560
1143 0.0000002558
1144 0.0000002556
1145 0.0000002554
1146 0.0000002551
1147 0.0000002549
1148 0.0000002547
1149 0.0000002545
1150 0.0000002542
1151 0.0000002540
1152 0.0000002538
1153 0.0000002536
1154 0.0000002534
1155 0.0000002531
1156 0.0000002529
1157 0.0000002527
1158 0.0000002525
1159 0.0000002523
1160 0.0000002520
1161 0.0000002518
1162 0.0000002516
1163 0.0000002514
1164 0.0000002512
1165 0.0000002510
1166 0.0000002507
1167 0.0000002505
1168 0.0000002503
1169 0.0000002501
1170 0.0000002499
1171 0.0000002497
1172 0.0000002495
1173 0.0000002492
1174 0.0000002490
1175 0.0000002488
1176 0.0000002486
1177 0.0000002484
1178 0.0000002482
1179 0.0000002480
1180 0.0000002478
1181 0.0000002476
1182 0.0000002473
1183 0.0000002471
1184 0.0000002469
1185 0.0000002467
1186 0.0000002465
1187 0.0000002463
1188 0.0000002461
1189 0.0000002459
1190 0.0000002457
1191 0.0000002455
1192 0.0000002453
1193 0.0000002451
1194 0.0000002449
1195 0.0000002446
1196 0.0000002444
1197 0.0000002442
1198 0.0000002440
1199 0.0000002438
1200 0.0000002436
1201 0.0000002434
1202 0.0000002432
1203 0.0000002430
1204 0.0000002428
1205 0.0000002426
1206 0.0000002424
1207 0.0000002422
1208 0.0000002420
1209 0.0000002418
1210 0.0000002416
1211 0.0000002414
1212 0.0000002412
1213 0.0000002410
1214 0.0000002408
1215 0.0000002406
1216 0.0000002404
1217 0.0000002402
1218 0.0000002400
1219 0.0000002398
1220 0.0000002396
1221 0.0000002394
1222 0.0000002392
1223 0.0000002390
1224 0.0000002388
1225 0.0000002386
1226 0.0000002384
1227 0.0000002382
1228 0.0000002381
1229 0.0000002379
1230 0.0000002377
1231 0.0000002375
1232 0.0000002373
1233 0.0000002371
1234 0.0000002369
1235 0.0000002367
1236 0.0000002365
1237 0.0000002363
1238 0.0000002361
1239 0.0000002359
1240 0.0000002357
1241 0.0000002355
1242 0.0000002354
1243 0.0000002352
1244 0.0000002350
1245 0.0000002348
1246 0.0000002346
1247 0.0000002344
1248 0.0000002342
1249 0.0000002340
1250 0.0000002338
1251 0.0000002337
1252 0.0000002335
1253 0.0000002333
1254 0.0000002331
1255 0.0000002329
1256 0.0000002327
1257 0.0000002325
1258 0.0000002324
1259 0.0000002322
1260 0.0000002320
1261 0.0000002318
1262 0.0000002316
1263 0.0000002314
1264 0.0000002312
1265 0.0000002311
1266 0.0000002309
1267 0.0000002307
1268 0.0000002305
1269 0.0000002303
1270 0.0000002301
1271 0.0000002300
1272 0.0000002298
1273 0.0000002296
1274 0.0000002294
1275 0.0000002292
1276 0.0000002291
1277 0.0000002289
1278 0.0000002287
1279 0.0000002285
1280 0.0000002283
1281 0.0000002282
1282 0.0000002280
1283 0.0000002278
1284 0.0000002276
1285 0.0000002275
1286 0.0000002273
1287 0.0000002271
1288 0.0000002269
1289 0.0000002267
1290 0.0000002266
1291 0.0000002264
1292 0.0000002262
1293 0.0000002260
1294 0.0000002259
1295 0.0000002257
1296 0.0000002255
1297 0.0000002253
1298 0.0000002252
1299 0.0000002250
1300 0.0000002248
1301 0.0000002246
1302 0.0000002245
1303 0.0000002243
1304 0.0000002241
1305 0.0000002240
1306 0.0000002238
1307 0.0000002236
1308 0.0000002234
1309 0.0000002233
1310 0.0000002231
1311 0.0000002229
1312 0.0000002228
1313 0.0000002226
1314 0.0000002224
1315 0.0000002222
1316 0.0000002221
1317 0.0000002219
1318 0.0000002217
1319 0.0000002216
1320 0.0000002214
1321 0.0000002212
1322 0.0000002211
1323 0.0000002209
1324 0.0000002207
1325 0.0000002206
1326 0.0000002204
1327 0.0000002202
1328 0.0000002201
1329 0.0000002199
1330 0.0000002197
1331 0.0000002196
1332 0.0000002194
1333 0.0000002192
1334 0.0000002191
1335 0.0000002189
1336 0.0000002187
1337 0.0000002186
1338 0.0000002184
1339 0.0000002182
1340 0.0000002181
1341 0.0000002179
1342 0.0000002177
1343 0.0000002176
1344 0.0000002174
1345 0.0000002173
1346 0.0000002171
1347 0.0000002169
1348 0.0000002168
1349 0.0000002166
1350 0.0000002164
1351 0.0000002163
1352 0.0000002161
1353 0.0000002160
1354 0.0000002158
1355 0.0000002156
1356 0.0000002155
1357 0.0000002153
1358 0.0000002152
1359 0.0000002150
1360 0.0000002149
1361 0.0000002147
1362 0.0000002145
1363 0.0000002144
1364 0.0000002142
1365 0.0000002141
1366 0.0000002139
1367 0.0000002137
1368 0.0000002136
1369 0.0000002134
1370 0.0000002133
1371 0.0000002131
1372 0.0000002130
1373 0.0000002128
1374 0.0000002126
1375 0.0000002125
1376 0.0000002123
1377 0.0000002122
1378 0.0000002120
1379 0.0000002119
1380 0.0000002117
1381 0.0000002116
1382 0.0000002114
1383 0.0000002113
1384 0.0000002111
1385 0.0000002109
1386 0.0000002108
1387 0.0000002106
1388 0.0000002105
1389 0.0000002103
1390 0.0000002102
1391 0.0000002100
1392 0.0000002099
1393 0.0000002097
1394 0.0000002096
1395 0.0000002094
1396 0.0000002093
1397 0.0000002091
1398 0.0000002090
1399 0.0000002088
1400 0.0000002087
1401 0.0000002085
1402 0.0000002084
1403 0.0000002082
1404 0.0000002081
1405 0.0000002079
1406 0.0000002078
1407 0.0000002076
1408 0.0000002075
1409 0.0000002073
1410 0.0000002072
1411 0.0000002070
1412 0.0000002069
1413 0.0000002067
1414 0.0000002066
1415 0.0000002064
1416 0.0000002063
1417 0.0000002062
1418 0.0000002060
1419 0.0000002059
1420 0.0000002057
1421 0.0000002056
1422 0.0000002054
1423 0.0000002053
1424 0.0000002051
1425 0.0000002050
1426 0.0000002048
1427 0.0000002047
1428 0.0000002046
1429 0.0000002044
1430 0.0000002043
1431 0.0000002041
1432 0.0000002040
1433 0.0000002038
1434 0.0000002037
1435 0.0000002035
1436 0.0000002034
1437 0.0000002033
1438 0.0000002031
1439 0.0000002030
1440 0.0000002028
1441 0.0000002027
1442 0.0000002026
1443 0.0000002024
1444 0.0000002023
1445 0.0000002021
1446 0.0000002020
1447 0.0000002018
1448 0.0000002017
1449 0.0000002016
1450 0.0000002014
1451 0.0000002013
1452 0.0000002011
1453 0.0000002010
1454 0.0000002009
1455 0.0000002007
1456 0.0000002006
1457 0.0000002005
1458 0.0000002003
1459 0.0000002002
1460 0.0000002000
1461 0.0000001999
1462 0.0000001998
1463 0.0000001996
1464 0.0000001995
1465 0.0000001993
1466 0.0000001992
1467 0.0000001991
1468 0.0000001989
1469 0.0000001988
1470 0.0000001987
1471 0.0000001985
1472 0.0000001984
1473 0.0000001983
1474 0.0000001981
1475 0.0000001980
1476 0.0000001978
1477 0.0000001977
1478 0.0000001976
1479 0.0000001974
1480 0.0000001973
1481 0.0000001972
1482 0.0000001970
1483 0.0000001969
1484 0.0000001968
1485 0.0000001966
1486 0.0000001965
1487 0.0000001964
1488 0.0000001962
1489 0.0000001961
1490 0.0000001960
1491 0.0000001958
1492 0.0000001957
1493 0.0000001956
1494 0.0000001954
1495 0.0000001953
1496 0.0000001952
1497 0.0000001950
1498 0.0000001949
1499 0.0000001948
1500 0.0000001947
1501 0.0000001945
1502 0.0000001944
1503 0.0000001943
1504 0.0000001941
1505 0.0000001940
1506 0.0000001939
1507 0.0000001937
1508 0.0000001936
1509 0.0000001935
1510 0.0000001934
1511 0.0000001932
1512 0.0000001931
1513 0.0000001930
1514 0.0000001928
1515 0.0000001927
1516 0.0000001926
1517 0.0000001925
1518 0.0000001923
1519 0.0000001922
1520 0.0000001921
1521 0.0000001919
1522 0.0000001918
1523 0.0000001917
1524 0.0000001916
1525 0.0000001914
1526 0.0000001913
1527 0.0000001912
1528 0.0000001910
1529 0.0000001909
1530 0.0000001908
1531 0.0000001907
1532 0.0000001905
1533 0.0000001904
1534 0.0000001903
1535 0.0000001902
1536 0.0000001900
1537 0.0000001899
1538 0.0000001898
1539 0.0000001897
1540 0.0000001895
1541 0.0000001894
1542 0.0000001893
1543 0.0000001892
1544 0.0000001890
1545 0.0000001889
1546 0.0000001888
1547 0.0000001887
1548 0.0000001886
1549 0.0000001884
1550 0.0000001883
1551 0.0000001882
1552 0.0000001881
1553 0.0000001879
1554 0.0000001878
1555 0.0000001877
1556 0.0000001876
1557 0.0000001874
1558 0.0000001873
1559 0.0000001872
1560 0.0000001871
1561 0.0000001870
1562 0.0000001868
1563 0.0000001867
1564 0.0000001866
1565 0.0000001865
1566 0.0000001864
1567 0.0000001862
1568 0.0000001861
1569 0.0000001860
1570 0.0000001859
1571 0.0000001858
1572 0.0000001856
1573 0.0000001855
1574 0.0000001854
1575 0.0000001853
1576 0.0000001852
1577 0.0000001850
1578 0.0000001849
1579 0.0000001848
1580 0.0000001847
1581 0.0000001846
1582 0.0000001844
1583 0.0000001843
1584 0.0000001842
1585 0.0000001841
1586 0.0000001840
1587 0.0000001839
1588 0.0000001837
1589 0.0000001836
1590 0.0000001835
1591 0.0000001834
1592 0.0000001833
1593 0.0000001832
1594 0.0000001830
1595 0.0000001829
1596 0.0000001828
1597 0.0000001827
1598 0.0000001826
1599 0.0000001825
1600 0.0000001823
1601 0.0000001822
1602 0.0000001821
1603 0.0000001820
1604 0.0000001819
1605 0.0000001818
1606 0.0000001816
1607 0.0000001815
1608 0.0000001814
1609 0.0000001813
1610 0.0000001812
1611 0.0000001811
1612 0.0000001810
1613 0.0000001808
1614 0.0000001807
1615 0.0000001806
1616 0.0000001805
1617 0.0000001804
1618 0.0000001803
1619 0.0000001802
1620 0.0000001800
1621 0.0000001799
1622 0.0000001798
1623 0.0000001797
1624 0.0000001796
1625 0.0000001795
1626 0.0000001794
1627 0.0000001793
1628 0.0000001791
1629 0.0000001790
1630 0.0000001789
1631 0.0000001788
1632 0.0000001787
1633 0.0000001786
1634 0.0000001785
1635 0.0000001784
1636 0.0000001783
1637 0.0000001781
1638 0.0000001780
1639 0.0000001779
1640 0.0000001778
1641 0.0000001777
1642 0.0000001776
1643 0.0000001775
1644 0.0000001774
1645 0.0000001773
1646 0.0000001771
1647 0.0000001770
1648 0.0000001769
1649 0.0000001768
1650 0.0000001767
1651 0.0000001766
1652 0.0000001765
1653 0.0000001764
1654 0.0000001763
1655 0.0000001762
1656 0.0000001761
1657 0.0000001759
1658 0.0000001758
1659 0.0000001757
1660 0.0000001756
1661 0.0000001755
1662 0.0000001754
1663 0.0000001753
1664 0.0000001752
1665 0.0000001751
1666 0.0000001750
1667 0.0000001749
1668 0.0000001748
1669 0.0000001746
1670 0.0000001745
1671 0.0000001744
1672 0.0000001743
1673 0.0000001742
1674 0.0000001741
1675 0.0000001740
1676 0.0000001739
1677 0.0000001738
1678 0.0000001737
1679 0.0000001736
1680 0.0000001735
1681 0.0000001734
1682 0.0000001733
1683 0.0000001732
1684 0.0000001730
1685 0.0000001729
1686 0.0000001728
1687 0.0000001727
1688 0.0000001726
1689 0.0000001725
1690 0.0000001724
1691 0.0000001723
1692 0.0000001722
1693 0.0000001721
1694 0.0000001720
1695 0.0000001719
1696 0.0000001718
1697 0.0000001717
1698 0.0000001716
1699 0.0000001715
1700 0.0000001714
1701 0.0000001713
1702 0.0000001712
1703 0.0000001711
1704 0.0000001710
1705 0.0000001709
1706 0.0000001707
1707 0.0000001706
1708 0.0000001705
1709 0.0000001704
1710 0.0000001703
1711 0.0000001702
1712 0.0000001701
1713 0.0000001700
1714 0.0000001699
1715 0.0000001698
1716 0.0000001697
1717 0.0000001696
1718 0.0000001695
1719 0.0000001694
1720 0.0000001693
1721 0.0000001692
1722 0.0000001691
1723 0.0000001690
1724 0.0000001689
1725 0.0000001688
1726 0.0000001687
1727 0.0000001686
1728 0.0000001685
1729 0.0000001684
1730 0.0000001683
1731 0.0000001682
1732 0.0000001681
1733 0.0000001680
1734 0.0000001679
1735 0.0000001678
1736 0.0000001677
1737 0.0000001676
1738 0.0000001675
1739 0.0000001674
1740 0.0000001673
1741 0.0000001672
1742 0.0000001671
1743 0.0000001670
1744 0.0000001669
1745 0.0000001668
1746 0.0000001667
1747 0.0000001666
1748 0.0000001665
1749 0.0000001664
1750 0.0000001663
1751 0.0000001662
1752 0.0000001661
1753 0.0000001660
1754 0.0000001659
1755 0.0000001658
1756 0.0000001657
1757 0.0000001656
1758 0.0000001655
1759 0.0000001654
1760 0.0000001653
1761 0.0000001652
1762 0.0000001651
1763 0.0000001650
1764 0.0000001649
1765 0.0000001648
1766 0.0000001647
1767 0.0000001646
1768 0.0000001645
1769 0.0000001644
1770 0.0000001643
1771 0.0000001642
1772 0.0000001641
1773 0.0000001640
1774 0.0000001639
1775 0.0000001638
1776 0.0000001637
1777 0.0000001636
1778 0.0000001635
1779 0.0000001634
1780 0.0000001633
1781 0.0000001632
1782 0.0000001631
1783 0.0000001630
1784 0.0000001629
1785 0.0000001629
1786 0.0000001628
1787 0.0000001627
1788 0.0000001626
1789 0.0000001625
1790 0.0000001624
1791 0.0000001623
1792 0.0000001622
1793 0.0000001621
1794 0.0000001620
1795 0.0000001619
1796 0.0000001618
1797 0.0000001617
1798 0.0000001616
1799 0.0000001615
1800 0.0000001614
1801 0.0000001613
1802 0.0000001612
1803 0.0000001611
1804 0.0000001610
1805 0.0000001609
1806 0.0000001608
1807 0.0000001607
1808 0.0000001606
1809 0.0000001605
1810 0.0000001604
1811 0.0000001603
1812 0.0000001602
1813 0.0000001601
1814 0.0000001601
1815 0.0000001600
1816 0.0000001599
1817 0.0000001598
1818 0.0000001597
1819 0.0000001596
1820 0.0000001595
1821 0.0000001594
1822 0.0000001593
1823 0.0000001592
1824 0.0000001591
1825 0.0000001590
1826 0.0000001589
1827 0.0000001588
1828 0.0000001587
1829 0.0000001586
1830 0.0000001585
1831 0.0000001584
1832 0.0000001583
1833 0.0000001582
1834 0.0000001581
1835 0.0000001580
1836 0.0000001579
1837 0.0000001578
1838 0.0000001578
1839 0.0000001577
1840 0.0000001576
1841 0.0000001575
1842 0.0000001574
1843 0.0000001573
1844 0.0000001572
1845 0.0000001571
1846 0.0000001570
1847 0.0000001569
1848 0.0000001568
1849 0.0000001567
1850 0.0000001566
1851 0.0000001565
1852 0.0000001564
1853 0.0000001563
1854 0.0000001562
1855 0.0000001561
1856 0.0000001560
1857 0.0000001559
1858 0.0000001558
1859 0.0000001557
1860 0.0000001556
1861 0.0000001555
1862 0.0000001554
1863 0.0000001553
1864 0.0000001552
1865 0.0000001552
1866 0.0000001551
1867 0.0000001550
1868 0.0000001549
1869 0.0000001548
1870 0.0000001547
1871 0.0000001546
1872 0.0000001545
1873 0.0000001544
1874 0.0000001543
1875 0.0000001542
1876 0.0000001541
1877 0.0000001540
1878 0.0000001539
1879 0.0000001538
1880 0.0000001537
1881 0.0000001536
1882 0.0000001535
1883 0.0000001534
1884 0.0000001533
1885 0.0000001532
1886 0.0000001531
1887 0.0000001530
1888 0.0000001529
1889 0.0000001528
1890 0.0000001527
1891 0.0000001526
1892 0.0000001525
1893 0.0000001524
1894 0.0000001523
1895 0.0000001522
1896 0.0000001521
1897 0.0000001520
1898 0.0000001519
1899 0.0000001518
1900 0.0000001517
1901 0.0000001516
1902 0.0000001514
1903 0.0000001513
1904 0.0000001512
1905 0.0000001511
1906 0.0000001510
1907 0.0000001509
1908 0.0000001508
1909 0.0000001507
1910 0.0000001506
1911 0.0000001505
1912 0.0000001504
1913 0.0000001503
1914 0.0000001502
1915 0.0000001501
1916 0.0000001500
1917 0.0000001498
1918 0.0000001497
1919 0.0000001496
1920 0.0000001495
1921 0.0000001494
1922 0.0000001493
1923 0.0000001492
1924 0.0000001491
1925 0.0000001489
1926 0.0000001488
1927 0.0000001487
1928 0.0000001486
1929 0.0000001485
1930 0.0000001484
1931 0.0000001482
1932 0.0000001481
1933 0.0000001480
1934 0.0000001479
1935 0.0000001478
1936 0.0000001476
1937 0.0000001475
1938 0.0000001474
1939 0.0000001473
1940 0.0000001471
1941 0.0000001470
1942 0.0000001469
1943 0.0000001468
1944 0.0000001466
1945 0.0000001465
1946 0.0000001464
1947 0.0000001462
1948 0.0000001461
1949 0.0000001460
1950 0.0000001458
1951 0.0000001457
1952 0.0000001455
1953 0.0000001454
1954 0.0000001452
1955 0.0000001451
1956 0.0000001450
1957 0.0000001448
1958 0.0000001447
1959 0.0000001445
1960 0.0000001443
1961 0.0000001442
1962 0.0000001440
1963 0.0000001439
1964 0.0000001437
1965 0.0000001435
1966 0.0000001434
1967 0.0000001432
1968 0.0000001430
1969 0.0000001428
1970 0.0000001427
1971 0.0000001425
1972 0.0000001423
1973 0.0000001421
1974 0.0000001419
1975 0.0000001417
1976 0.0000001415
1977 0.0000001413
1978 0.0000001411
1979 0.0000001408
1980 0.0000001406
1981 0.0000001404
1982 0.0000001401
1983 0.0000001398
1984 0.0000001396
1985 0.0000001393
1986 0.0000001390
1987 0.0000001387
1988 0.0000001383
1989 0.0000001380
1990 0.0000001375
1991 0.0000001371
1992 0.0000001366
1993 0.0000001359
1994 0.0000001352
1995 0.0000001342
1996 0.0000001328
1997 0.0000001308
1998 0.0000001267
1999 0.0000001129
2000 0.0000000000
