0 1090
0 0.9731040194
1 0.0053893693
2 0.0022801037
3 0.0015988318
4 0.0011863104
5 0.0009415523
6 0.0007808403
7 0.0006661163
8 0.0005799266
9 0.0005128594
10 0.0004592200
11 0.0004153507
12 0.0003788059
13 0.0003478933
14 0.0003214054
15 0.0002984573
16 0.0002783852
17 0.0002606818
18 0.0002449522
19 0.0002308848
20 0.0002182301
21 0.0002067864
22 0.0001963884
23 0.0001868998
24 0.0001782069
25 0.0001702141
26 0.0001628407
27 0.0001560178
28 0.0001496864
29 0.0001437957
30 0.0001383015
31 0.0001331655
32 0.0001283540
33 0.0001238376
34 0.0001195903
35 0.0001155888
36 0.0001118127
37 0.0001082438
38 0.0001048656
39 0.0001016635
40 0.0000986243
41 0.0000957360
42 0.0000929878
43 0.0000903699
44 0.0000878735
45 0.0000854904
46 0.0000832133
47 0.0000810353
48 0.0000789503
49 0.0000769525
50 0.0000750367
51 0.0000731981
52 0.0000714322
53 0.0000697348
54 0.0000681023
55 0.0000665309
56 0.0000650175
57 0.0000635589
58 0.0000621524
59 0.0000607953
60 0.0000594850
61 0.0000582193
62 0.0000569961
63 0.0000558132
64 0.0000546688
65 0.0000535611
66 0.0000524885
67 0.0000514493
68 0.0000504420
69 0.0000494654
70 0.0000485179
71 0.0000475985
72 0.0000467060
73 0.0000458391
74 0.0000449970
75 0.0000441785
76 0.0000433828
77 0.0000426089
78 0.0000418560
79 0.0000411234
80 0.0000404101
81 0.0000397156
82 0.0000390391
83 0.0000383800
84 0.0000377376
85 0.0000371113
86 0.0000365006
87 0.0000359050
88 0.0000353239
89 0.0000347568
90 0.0000342032
91 0.0000336627
92 0.0000331349
93 0.0000326194
94 0.0000321157
95 0.0000316235
96 0.0000311424
97 0.0000306721
98 0.0000302122
99 0.0000297624
100 0.0000293224
101 0.0000288919
102 0.0000284707
103 0.0000280584
104 0.0000276548
105 0.0000272596
106 0.0000268726
107 0.0000264936
108 0.0000261224
109 0.0000257586
110 0.0000254022
111 0.0000250528
112 0.0000247104
113 0.0000243747
114 0.0000240456
115 0.0000237228
116 0.0000234063
117 0.0000230958
118 0.0000227911
119 0.0000224922
120 0.0000221989
121 0.0000219111
122 0.0000216285
123 0.0000213511
124 0.0000210788
125 0.0000208114
126 0.0000205488
127 0.0000202909
128 0.0000200376
129 0.0000197887
130 0.0000195442
131 0.0000193039
132 0.0000190678
133 0.0000188358
134 0.0000186077
135 0.0000183835
136 0.0000181631
137 0.0000179465
138 0.0000177334
139 0.0000175238
140 0.0000173178
141 0.0000171151
142 0.0000169157
143 0.0000167195
144 0.0000165266
145 0.0000163367
146 0.0000161499
147 0.0000159660
148 0.0000157850
149 0.0000156069
150 0.0000154316
151 0.0000152590
152 0.0000150891
153 0.0000149218
154 0.0000147571
155 0.0000145949
156 0.0000144351
157 0.0000142778
158 0.0000141228
159 0.0000139702
160 0.0000138198
161 0.0000136717
162 0.0000135257
163 0.0000133819
164 0.0000132402
165 0.0000131006
166 0.0000129630
167 0.0000128274
168 0.0000126937
169 0.0000125619
170 0.0000124321
171 0.0000123040
172 0.0000121778
173 0.0000120534
174 0.0000119306
175 0.0000118097
176 0.0000116903
177 0.0000115727
178 0.0000114566
179 0.0000113422
180 0.0000112293
181 0.0000111180
182 0.0000110081
183 0.0000108998
184 0.0000107929
185 0.0000106874
186 0.0000105834
187 0.0000104807
188 0.0000103794
189 0.0000102795
190 0.0000101808
191 0.0000100834
192 0.0000099874
193 0.0000098925
194 0.0000097989
195 0.0000097065
196 0.0000096153
197 0.0000095253
198 0.0000094364
199 0.0000093487
200 0.0000092620
201 0.0000091765
202 0.0000090920
203 0.0000090086
204 0.0000089263
205 0.0000088449
206 0.0000087646
207 0.0000086853
208 0.0000086070
209 0.0000085296
210 0.0000084532
211 0.0000083777
212 0.0000083031
213 0.0000082295
214 0.0000081567
215 0.0000080848
216 0.0000080138
217 0.0000079436
218 0.0000078743
219 0.0000078058
220 0.0000077381
221 0.0000076712
222 0.0000076052
223 0.0000075398
224 0.0000074753
225 0.0000074115
226 0.0000073485
227 0.0000072862
228 0.0000072246
229 0.0000071637
230 0.0000071036
231 0.0000070441
232 0.0000069853
233 0.0000069272
234 0.0000068698
235 0.0000068130
236 0.0000067569
237 0.0000067013
238 0.0000066465
239 0.0000065922
240 0.0000065386
241 0.0000064855
242 0.0000064331
243 0.0000063812
244 0.0000063299
245 0.0000062792
246 0.0000062290
247 0.0000061794
248 0.0000061304
249 0.0000060818
250 0.0000060338
251 0.0000059864
252 0.0000059394
253 0.0000058930
254 0.0000058471
255 0.0000058016
256 0.0000057567
257 0.0000057122
258 0.0000056683
259 0.0000056247
260 0.0000055817
261 0.0000055391
262 0.0000054970
263 0.0000054553
264 0.0000054140
265 0.0000053732
266 0.0000053329
267 0.0000052929
268 0.0000052534
269 0.0000052142
270 0.0000051755
271 0.0000051372
272 0.0000050993
273 0.0000050618
274 0.0000050247
275 0.0000049879
276 0.0000049516
277 0.0000049156
278 0.0000048799
279 0.0000048447
280 0.0000048098
281 0.0000047752
282 0.0000047410
283 0.0000047072
284 0.0000046737
285 0.0000046405
286 0.0000046077
287 0.0000045752
288 0.0000045430
289 0.0000045112
290 0.0000044796
291 0.0000044484
292 0.0000044175
293 0.0000043869
294 0.0000043566
295 0.0000043266
296 0.0000042969
297 0.0000042675
298 0.0000042384
299 0.0000042096
300 0.0000041810
301 0.0000041527
302 0.0000041247
303 0.0000040970
304 0.0000040696
305 0.0000040424
306 0.0000040155
307 0.0000039888
308 0.0000039624
309 0.0000039362
310 0.0000039103
311 0.0000038847
312 0.0000038593
313 0.0000038341
314 0.0000038092
315 0.0000037845
316 0.0000037600
317 0.0000037358
318 0.0000037118
319 0.0000036880
320 0.0000036645
321 0.0000036412
322 0.0000036181
323 0.0000035952
324 0.0000035725
325 0.0000035500
326 0.0000035278
327 0.0000035058
328 0.0000034839
329 0.0000034623
330 0.0000034408
331 0.0000034196
332 0.0000033986
333 0.0000033777
334 0.0000033570
335 0.0000033366
336 0.0000033163
337 0.0000032962
338 0.0000032763
339 0.0000032565
340 0.0000032370
341 0.0000032176
342 0.0000031984
343 0.0000031794
344 0.0000031605
345 0.0000031418
346 0.0000031233
347 0.0000031050
348 0.0000030868
349 0.0000030688
350 0.0000030509
351 0.0000030332
352 0.0000030156
353 0.0000029982
354 0.0000029810
355 0.0000029639
356 0.0000029470
357 0.0000029302
358 0.0000029136
359 0.0000028971
360 0.0000028807
361 0.0000028645
362 0.0000028485
363 0.0000028325
364 0.0000028167
365 0.0000028011
366 0.0000027856
367 0.0000027702
368 0.0000027550
369 0.0000027399
370 0.0000027249
371 0.0000027100
372 0.0000026953
373 0.0000026807
374 0.0000026662
375 0.0000026519
376 0.0000026377
377 0.0000026235
378 0.0000026096
379 0.0000025957
380 0.0000025820
381 0.0000025683
382 0.0000025548
383 0.0000025414
384 0.0000025281
385 0.0000025149
386 0.0000025019
387 0.0000024889
388 0.0000024761
389 0.0000024633
390 0.0000024507
391 0.0000024381
392 0.0000024257
393 0.0000024134
394 0.0000024012
395 0.0000023891
396 0.0000023770
397 0.0000023651
398 0.0000023533
399 0.0000023416
400 0.0000023299
401 0.0000023184
402 0.0000023070
403 0.0000022956
404 0.0000022844
405 0.0000022732
406 0.0000022621
407 0.0000022512
408 0.0000022403
409 0.0000022295
410 0.0000022188
411 0.0000022081
412 0.0000021976
413 0.0000021871
414 0.0000021767
415 0.0000021665
416 0.0000021562
417 0.0000021461
418 0.0000021361
419 0.0000021261
420 0.0000021162
421 0.0000021064
422 0.0000020967
423 0.0000020870
424 0.0000020774
425 0.0000020679
426 0.0000020585
427 0.0000020491
428 0.0000020399
429 0.0000020307
430 0.0000020215
431 0.0000020124
432 0.0000020034
433 0.0000019945
434 0.0000019857
435 0.0000019769
436 0.0000019682
437 0.0000019595
438 0.0000019509
439 0.0000019424
440 0.0000019340
441 0.0000019256
442 0.0000019173
443 0.0000019090
444 0.0000019008
445 0.0000018927
446 0.0000018846
447 0.0000018766
448 0.0000018686
449 0.0000018608
450 0.0000018529
451 0.0000018452
452 0.0000018374
453 0.0000018298
454 0.0000018222
455 0.0000018147
456 0.0000018072
457 0.0000017998
458 0.0000017924
459 0.0000017851
460 0.0000017778
461 0.0000017706
462 0.0000017634
463 0.0000017563
464 0.0000017493
465 0.0000017423
466 0.0000017354
467 0.0000017285
468 0.0000017216
469 0.0000017148
470 0.0000017081
471 0.0000017014
472 0.0000016948
473 0.0000016882
474 0.0000016816
475 0.0000016751
476 0.0000016687
477 0.0000016623
478 0.0000016559
479 0.0000016496
480 0.0000016433
481 0.0000016371
482 0.0000016309
483 0.0000016248
484 0.0000016187
485 0.0000016127
486 0.0000016066
487 0.0000016007
488 0.0000015948
489 0.0000015889
490 0.0000015831
491 0.0000015773
492 0.0000015715
493 0.0000015658
494 0.0000015601
495 0.0000015545
496 0.0000015489
497 0.0000015434
498 0.0000015379
499 0.0000015324
500 0.0000015269
501 0.0000015215
502 0.0000015162
503 0.0000015109
504 0.0000015056
505 0.0000015003
506 0.0000014951
507 0.0000014899
508 0.0000014848
509 0.0000014797
510 0.0000014746
511 0.0000014696
512 0.0000014646
513 0.0000014596
514 0.0000014547
515 0.0000014498
516 0.0000014449
517 0.0000014400
518 0.0000014352
519 0.0000014305
520 0.0000014257
521 0.0000014210
522 0.0000014163
523 0.0000014117
524 0.0000014071
525 0.0000014025
526 0.0000013980
527 0.0000013934
528 0.0000013890
529 0.0000013845
530 0.0000013801
531 0.0000013757
532 0.0000013713
533 0.0000013669
534 0.0000013626
535 0.0000013583
536 0.0000013541
537 0.0000013498
538 0.0000013456
539 0.0000013415
540 0.0000013373
541 0.0000013332
542 0.0000013291
543 0.0000013250
544 0.0000013210
545 0.0000013170
546 0.0000013130
547 0.0000013090
548 0.0000013051
549 0.0000013012
550 0.0000012973
551 0.0000012934
552 0.0000012896
553 0.0000012857
554 0.0000012819
555 0.0000012782
556 0.0000012744
557 0.0000012707
558 0.0000012670
559 0.0000012633
560 0.0000012597
561 0.0000012561
562 0.0000012525
563 0.0000012489
564 0.0000012453
565 0.0000012418
566 0.0000012383
567 0.0000012348
568 0.0000012313
569 0.0000012278
570 0.0000012244
571 0.0000012210
572 0.0000012176
573 0.0000012142
574 0.0000012109
575 0.0000012076
576 0.0000012042
577 0.0000012010
578 0.0000011977
579 0.0000011945
580 0.0000011912
581 0.0000011880
582 0.0000011848
583 0.0000011817
584 0.0000011785
585 0.0000011754
586 0.0000011723
587 0.0000011692
588 0.0000011661
589 0.0000011630
590 0.0000011600
591 0.0000011570
592 0.0000011540
593 0.0000011510
594 0.0000011480
595 0.0000011451
596 0.0000011421
597 0.0000011392
598 0.0000011363
599 0.0000011334
600 0.0000011306
601 0.0000011277
602 0.0000011249
603 0.0000011220
604 0.0000011192
605 0.0000011165
606 0.0000011137
607 0.0000011109
608 0.0000011082
609 0.0000011055
610 0.0000011028
611 0.0000011001
612 0.0000010974
613 0.0000010947
614 0.0000010921
615 0.0000010895
616 0.0000010868
617 0.0000010842
618 0.0000010816
619 0.0000010791
620 0.0000010765
621 0.0000010740
622 0.0000010714
623 0.0000010689
624 0.0000010664
625 0.0000010639
626 0.0000010615
627 0.0000010590
628 0.0000010565
629 0.0000010541
630 0.0000010517
631 0.0000010493
632 0.0000010469
633 0.0000010445
634 0.0000010421
635 0.0000010398
636 0.0000010374
637 0.0000010351
638 0.0000010328
639 0.0000010305
640 0.0000010282
641 0.0000010259
642 0.0000010236
643 0.0000010214
644 0.0000010191
645 0.0000010169
646 0.0000010147
647 0.0000010124
648 0.0000010103
649 0.0000010081
650 0.0000010059
651 0.0000010037
652 0.0000010016
653 0.0000009994
654 0.0000009973
655 0.0000009952
656 0.0000009931
657 0.0000009910
658 0.0000009889
659 0.0000009868
660 0.0000009847
661 0.0000009827
662 0.0000009806
663 0.0000009786
664 0.0000009766
665 0.0000009746
666 0.0000009725
667 0.0000009706
668 0.0000009686
669 0.0000009666
670 0.0000009646
671 0.0000009627
672 0.0000009607
673 0.0000009588
674 0.0000009569
675 0.0000009549
676 0.0000009530
677 0.0000009511
678 0.0000009492
679 0.0000009474
680 0.0000009455
681 0.0000009436
682 0.0000009418
683 0.0000009399
684 0.0000009381
685 0.0000009363
686 0.0000009345
687 0.0000009326
688 0.0000009309
689 0.0000009291
690 0.0000009273
691 0.0000009255
692 0.0000009237
693 0.0000009220
694 0.0000009202
695 0.0000009185
696 0.0000009168
697 0.0000009150
698 0.0000009133
699 0.0000009116
700 0.0000009099
701 0.0000009082
702 0.0000009065
703 0.0000009049
704 0.0000009032
705 0.0000009015
706 0.0000008999
707 0.0000008982
708 0.0000008966
709 0.0000008950
710 0.0000008933
711 0.0000008917
712 0.0000008901
713 0.0000008885
714 0.0000008869
715 0.0000008853
716 0.0000008837
717 0.0000008822
718 0.0000008806
719 0.0000008790
720 0.0000008775
721 0.0000008759
722 0.0000008744
723 0.0000008729
724 0.0000008713
725 0.0000008698
726 0.0000008683
727 0.0000008668
728 0.0000008653
729 0.0000008638
730 0.0000008623
731 0.0000008608
732 0.0000008594
733 0.0000008579
734 0.0000008564
735 0.0000008550
736 0.0000008535
737 0.0000008521
738 0.0000008507
739 0.0000008492
740 0.0000008478
741 0.0000008464
742 0.0000008450
743 0.0000008436
744 0.0000008422
745 0.0000008408
746 0.0000008394
747 0.0000008380
748 0.0000008366
749 0.0000008353
750 0.0000008339
751 0.0000008325
752 0.0000008312
753 0.0000008298
754 0.0000008285
755 0.0000008271
756 0.0000008258
757 0.0000008245
758 0.0000008232
759 0.0000008218
760 0.0000008205
761 0.0000008192
762 0.0000008179
763 0.0000008166
764 0.0000008153
765 0.0000008141
766 0.0000008128
767 0.0000008115
768 0.0000008102
769 0.0000008090
770 0.0000008077
771 0.0000008065
772 0.0000008052
773 0.0000008040
774 0.0000008027
775 0.0000008015
776 0.0000008003
777 0.0000007990
778 0.0000007978
779 0.0000007966
780 0.0000007954
781 0.0000007942
782 0.0000007930
783 0.0000007918
784 0.0000007906
785 0.0000007894
786 0.0000007882
787 0.0000007870
788 0.0000007858
789 0.0000007847
790 0.0000007835
791 0.0000007823
792 0.0000007812
793 0.0000007800
794 0.0000007789
795 0.0000007777
796 0.0000007766
797 0.0000007755
798 0.0000007743
799 0.0000007732
800 0.0000007721
801 0.0000007709
802 0.0000007698
803 0.0000007687
804 0.0000007676
805 0.0000007665
806 0.0000007654
807 0.0000007643
808 0.0000007632
809 0.0000007621
810 0.0000007610
811 0.0000007600
812 0.0000007589
813 0.0000007578
814 0.0000007567
815 0.0000007557
816 0.0000007546
817 0.0000007535
818 0.0000007525
819 0.0000007514
820 0.0000007504
821 0.0000007493
822 0.0000007483
823 0.0000007473
824 0.0000007462
825 0.0000007452
826 0.0000007442
827 0.0000007432
828 0.0000007422
829 0.0000007411
830 0.0000007401
831 0.0000007391
832 0.0000007381
833 0.0000007371
834 0.0000007361
835 0.0000007351
836 0.0000007341
837 0.0000007331
838 0.0000007321
839 0.0000007312
840 0.0000007302
841 0.0000007292
842 0.0000007282
843 0.0000007273
844 0.0000007263
845 0.0000007253
846 0.0000007244
847 0.0000007234
848 0.0000007225
849 0.0000007215
850 0.0000007206
851 0.0000007196
852 0.0000007187
853 0.0000007177
854 0.0000007168
855 0.0000007159
856 0.0000007149
857 0.0000007140
858 0.0000007131
859 0.0000007122
860 0.0000007113
861 0.0000007103
862 0.0000007094
863 0.0000007085
864 0.0000007076
865 0.0000007067
866 0.0000007058
867 0.0000007049
868 0.0000007040
869 0.0000007031
870 0.0000007022
871 0.0000007014
872 0.0000007005
873 0.0000006996
874 0.0000006987
875 0.0000006978
876 0.0000006970
877 0.0000006961
878 0.0000006952
879 0.0000006943
880 0.0000006935
881 0.0000006926
882 0.0000006918
883 0.0000006909
884 0.0000006901
885 0.0000006892
886 0.0000006884
887 0.0000006875
888 0.0000006867
889 0.0000006858
890 0.0000006850
891 0.0000006842
892 0.0000006833
893 0.0000006825
894 0.0000006817
895 0.0000006808
896 0.0000006800
897 0.0000006792
898 0.0000006784
899 0.0000006776
900 0.0000006767
901 0.0000006759
902 0.0000006751
903 0.0000006743
904 0.0000006735
905 0.0000006727
906 0.0000006719
907 0.0000006711
908 0.0000006703
909 0.0000006695
910 0.0000006687
911 0.0000006680
912 0.0000006672
913 0.0000006664
914 0.0000006656
915 0.0000006648
916 0.0000006640
917 0.0000006633
918 0.0000006625
919 0.0000006617
920 0.0000006609
921 0.0000006602
922 0.0000006594
923 0.0000006586
924 0.0000006579
925 0.0000006571
926 0.0000006564
927 0.0000006556
928 0.0000006549
929 0.0000006541
930 0.0000006534
931 0.0000006526
932 0.0000006519
933 0.0000006511
934 0.0000006504
935 0.0000006496
936 0.0000006489
937 0.0000006482
938 0.0000006475
939 0.0000006467
940 0.0000006460
941 0.0000006453
942 0.0000006445
943 0.0000006438
944 0.0000006431
945 0.0000006424
946 0.0000006416
947 0.0000006409
948 0.0000006402
949 0.0000006395
950 0.0000006388
951 0.0000006381
952 0.0000006374
953 0.0000006367
954 0.0000006360
955 0.0000006353
956 0.0000006346
957 0.0000006339
958 0.0000006332
959 0.0000006325
960 0.0000006318
961 0.0000006311
962 0.0000006304
963 0.0000006297
964 0.0000006290
965 0.0000006284
966 0.0000006277
967 0.0000006270
968 0.0000006263
969 0.0000006256
970 0.0000006250
971 0.0000006243
972 0.0000006236
973 0.0000006229
974 0.0000006223
975 0.0000006216
976 0.0000006209
977 0.0000006203
978 0.0000006196
979 0.0000006189
980 0.0000006183
981 0.0000006176
982 0.0000006170
983 0.0000006163
984 0.0000006157
985 0.0000006150
986 0.0000006144
987 0.0000006137
988 0.0000006131
989 0.0000006124
990 0.0000006118
991 0.0000006111
992 0.0000006105
993 0.0000006098
994 0.0000006092
995 0.0000006086
996 0.0000006079
997 0.0000006073
998 0.0000006067
999 0.0000006060
1000 0.0000006054
1001 0.0000006048
1002 0.0000006042
1003 0.0000006035
1004 0.0000006029
1005 0.0000006023
1006 0.0000006017
1007 0.0000006010
1008 0.0000006004
1009 0.0000005998
1010 0.0000005992
1011 0.0000005986
1012 0.0000005980
1013 0.0000005974
1014 0.0000005967
1015 0.0000005961
1016 0.0000005955
1017 0.0000005949
1018 0.0000005943
1019 0.0000005937
1020 0.0000005931
1021 0.0000005925
1022 0.0000005919
1023 0.0000005913
1024 0.0000005907
1025 0.0000005901
1026 0.0000005895
1027 0.0000005890
1028 0.0000005884
1029 0.0000005878
1030 0.0000005872
1031 0.0000005866
1032 0.0000005860
1033 0.0000005854
1034 0.0000005848
1035 0.0000005843
1036 0.0000005837
1037 0.0000005831
1038 0.0000005825
1039 0.0000005819
1040 0.0000005814
1041 0.0000005808
1042 0.0000005802
1043 0.0000005797
1044 0.0000005791
1045 0.0000005785
1046 0.0000005779
1047 0.0000005774
1048 0.0000005768
1049 0.0000005762
1050 0.0000005757
1051 0.0000005751
1052 0.0000005746
1053 0.0000005740
1054 0.0000005734
1055 0.0000005729
1056 0.0000005723
1057 0.0000005718
1058 0.0000005712
1059 0.0000005707
1060 0.0000005701
1061 0.0000005696
1062 0.0000005690
1063 0.0000005685
1064 0.0000005679
1065 0.0000005674
1066 0.0000005668
1067 0.0000005663
1068 0.0000005657
1069 0.0000005652
1070 0.0000005647
1071 0.0000005641
1072 0.0000005636
1073 0.0000005630
1074 0.0000005625
1075 0.0000005620
1076 0.0000005614
1077 0.0000005609
1078 0.0000005604
1079 0.0000005598
1080 0.0000005593
1081 0.0000005588
1082 0.0000005583
1083 0.0000005577
1084 0.0000005572
1085 0.0000005567
1086 0.0000005562
1087 0.0000005556
1088 0.0000005551
1089 0.0000005546
1090 0.0000005541
