1 348
0 0.9786442344
1 0.0061485206
2 0.0022115965
3 0.0014222937
4 0.0009777239
5 0.0007353927
6 0.0005884713
7 0.0004900634
8 0.0004196608
9 0.0003668597
10 0.0003257492
11 0.0002927582
12 0.0002656337
13 0.0002428960
14 0.0002235354
15 0.0002068379
16 0.0001922829
17 0.0001794805
18 0.0001681322
19 0.0001580045
20 0.0001489122
21 0.0001407060
22 0.0001332642
23 0.0001264864
24 0.0001202892
25 0.0001146024
26 0.0001093667
27 0.0001045318
28 0.0001000544
29 0.0000958971
30 0.0000920278
31 0.0000884183
32 0.0000850440
33 0.0000818833
34 0.0000789171
35 0.0000761287
36 0.0000735030
37 0.0000710266
38 0.0000686876
39 0.0000664752
40 0.0000643799
41 0.0000623929
42 0.0000605063
43 0.0000587130
44 0.0000570066
45 0.0000553812
46 0.0000538313
47 0.0000523520
48 0.0000509388
49 0.0000495877
50 0.0000482947
51 0.0000470563
52 0.0000458694
53 0.0000447310
54 0.0000436383
55 0.0000425886
56 0.0000415798
57 0.0000406094
58 0.0000396756
59 0.0000387763
60 0.0000379099
61 0.0000370745
62 0.0000362687
63 0.0000354911
64 0.0000347402
65 0.0000340147
66 0.0000333135
67 0.0000326355
68 0.0000319795
69 0.0000313446
70 0.0000307299
71 0.0000301344
72 0.0000295573
73 0.0000289979
74 0.0000284553
75 0.0000279290
76 0.0000274181
77 0.0000269221
78 0.0000264404
79 0.0000259723
80 0.0000255175
81 0.0000250753
82 0.0000246453
83 0.0000242270
84 0.0000238199
85 0.0000234237
86 0.0000230380
87 0.0000226623
88 0.0000222963
89 0.0000219397
90 0.0000215921
91 0.0000212532
92 0.0000209227
93 0.0000206004
94 0.0000202859
95 0.0000199790
96 0.0000196794
97 0.0000193870
98 0.0000191014
99 0.0000188224
100 0.0000185498
101 0.0000182835
102 0.0000180232
103 0.0000177688
104 0.0000175200
105 0.0000172767
106 0.0000170388
107 0.0000168059
108 0.0000165781
109 0.0000163552
110 0.0000161370
111 0.0000159233
112 0.0000157141
113 0.0000155093
114 0.0000153086
115 0.0000151120
116 0.0000149194
117 0.0000147306
118 0.0000145456
119 0.0000143643
120 0.0000141865
121 0.0000140121
122 0.0000138411
123 0.0000136734
124 0.0000135089
125 0.0000133475
126 0.0000131891
127 0.0000130336
128 0.0000128811
129 0.0000127313
130 0.0000125842
131 0.0000124399
132 0.0000122981
133 0.0000121588
134 0.0000120220
135 0.0000118877
136 0.0000117557
137 0.0000116259
138 0.0000114985
139 0.0000113732
140 0.0000112500
141 0.0000111289
142 0.0000110099
143 0.0000108929
144 0.0000107778
145 0.0000106646
146 0.0000105533
147 0.0000104438
148 0.0000103360
149 0.0000102300
150 0.0000101257
151 0.0000100231
152 0.0000099221
153 0.0000098227
154 0.0000097248
155 0.0000096285
156 0.0000095336
157 0.0000094402
158 0.0000093483
159 0.0000092577
160 0.0000091685
161 0.0000090807
162 0.0000089942
163 0.0000089089
164 0.0000088249
165 0.0000087422
166 0.0000086606
167 0.0000085803
168 0.0000085011
169 0.0000084230
170 0.0000083461
171 0.0000082703
172 0.0000081955
173 0.0000081218
174 0.0000080491
175 0.0000079775
176 0.0000079068
177 0.0000078371
178 0.0000077684
179 0.0000077006
180 0.0000076337
181 0.0000075678
182 0.0000075027
183 0.0000074385
184 0.0000073752
185 0.0000073127
186 0.0000072510
187 0.0000071901
188 0.0000071300
189 0.0000070707
190 0.0000070122
191 0.0000069544
192 0.0000068974
193 0.0000068411
194 0.0000067855
195 0.0000067306
196 0.0000066764
197 0.0000066229
198 0.0000065701
199 0.0000065179
200 0.0000064663
201 0.0000064154
202 0.0000063651
203 0.0000063154
204 0.0000062664
205 0.0000062179
206 0.0000061700
207 0.0000061227
208 0.0000060759
209 0.0000060297
210 0.0000059840
211 0.0000059389
212 0.0000058943
213 0.0000058502
214 0.0000058067
215 0.0000057636
216 0.0000057210
217 0.0000056790
218 0.0000056374
219 0.0000055962
220 0.0000055556
221 0.0000055154
222 0.0000054756
223 0.0000054363
224 0.0000053975
225 0.0000053590
226 0.0000053210
227 0.0000052834
228 0.0000052462
229 0.0000052094
230 0.0000051731
231 0.0000051371
232 0.0000051015
233 0.0000050663
234 0.0000050314
235 0.0000049969
236 0.0000049628
237 0.0000049291
238 0.0000048957
239 0.0000048627
240 0.0000048300
241 0.0000047976
242 0.0000047656
243 0.0000047339
244 0.0000047025
245 0.0000046715
246 0.0000046407
247 0.0000046103
248 0.0000045802
249 0.0000045504
250 0.0000045209
251 0.0000044916
252 0.0000044627
253 0.0000044341
254 0.0000044057
255 0.0000043776
256 0.0000043498
257 0.0000043223
258 0.0000042950
259 0.0000042680
260 0.0000042413
261 0.0000042148
262 0.0000041885
263 0.0000041626
264 0.0000041368
265 0.0000041113
266 0.0000040860
267 0.0000040610
268 0.0000040362
269 0.0000040117
270 0.0000039873
271 0.0000039632
272 0.0000039393
273 0.0000039157
274 0.0000038922
275 0.0000038690
276 0.0000038459
277 0.0000038231
278 0.0000038005
279 0.0000037780
280 0.0000037558
281 0.0000037338
282 0.0000037119
283 0.0000036903
284 0.0000036688
285 0.0000036475
286 0.0000036264
287 0.0000036055
288 0.0000035848
289 0.0000035642
290 0.0000035438
291 0.0000035236
292 0.0000035035
293 0.0000034836
294 0.0000034639
295 0.0000034443
296 0.0000034249
297 0.0000034056
298 0.0000033865
299 0.0000033675
300 0.0000033487
301 0.0000033300
302 0.0000033115
303 0.0000032931
304 0.0000032748
305 0.0000032567
306 0.0000032387
307 0.0000032208
308 0.0000032031
309 0.0000031854
310 0.0000031679
311 0.0000031505
312 0.0000031332
313 0.0000031160
314 0.0000030989
315 0.0000030819
316 0.0000030650
317 0.0000030482
318 0.0000030314
319 0.0000030148
320 0.0000029982
321 0.0000029816
322 0.0000029651
323 0.0000029486
324 0.0000029322
325 0.0000029157
326 0.0000028993
327 0.0000028828
328 0.0000028663
329 0.0000028496
330 0.0000028329
331 0.0000028161
332 0.0000027990
333 0.0000027816
334 0.0000027640
335 0.0000027458
336 0.0000027271
337 0.0000027076
338 0.0000026871
339 0.0000026652
340 0.0000026414
341 0.0000026151
342 0.0000025851
343 0.0000025495
344 0.0000025049
345 0.0000024455
346 0.0000023468
347 0.0000020709
348 0.0000000000
