0 614
0 0.9837062424
1 0.0052486699
2 0.0018887089
3 0.0011840544
4 0.0007760083
5 0.0005481546
6 0.0004089208
7 0.0003167709
8 0.0002527590
9 0.0002068132
10 0.0001729549
11 0.0001474324
12 0.0001278069
13 0.0001124458
14 0.0001002271
15 0.0000903625
16 0.0000822870
17 0.0000755892
18 0.0000699652
19 0.0000651878
20 0.0000610849
21 0.0000575254
22 0.0000544078
23 0.0000516531
24 0.0000491995
25 0.0000469978
26 0.0000450087
27 0.0000432007
28 0.0000415481
29 0.0000400301
30 0.0000386293
31 0.0000373314
32 0.0000361243
33 0.0000349981
34 0.0000339442
35 0.0000329551
36 0.0000320247
37 0.0000311474
38 0.0000303185
39 0.0000295339
40 0.0000287899
41 0.0000280833
42 0.0000274112
43 0.0000267710
44 0.0000261604
45 0.0000255774
46 0.0000250201
47 0.0000244867
48 0.0000239757
49 0.0000234858
50 0.0000230155
51 0.0000225638
52 0.0000221296
53 0.0000217118
54 0.0000213095
55 0.0000209219
56 0.0000205482
57 0.0000201875
58 0.0000198394
59 0.0000195030
60 0.0000191779
61 0.0000188635
62 0.0000185592
63 0.0000182646
64 0.0000179791
65 0.0000177025
66 0.0000174343
67 0.0000171740
68 0.0000169214
69 0.0000166762
70 0.0000164379
71 0.0000162064
72 0.0000159813
73 0.0000157623
74 0.0000155493
75 0.0000153420
76 0.0000151401
77 0.0000149434
78 0.0000147518
79 0.0000145651
80 0.0000143830
81 0.0000142054
82 0.0000140322
83 0.0000138631
84 0.0000136980
85 0.0000135369
86 0.0000133795
87 0.0000132257
88 0.0000130753
89 0.0000129284
90 0.0000127848
91 0.0000126443
92 0.0000125068
93 0.0000123723
94 0.0000122407
95 0.0000121118
96 0.0000119856
97 0.0000118620
98 0.0000117410
99 0.0000116224
100 0.0000115061
101 0.0000113922
102 0.0000112805
103 0.0000111710
104 0.0000110636
105 0.0000109582
106 0.0000108548
107 0.0000107533
108 0.0000106537
109 0.0000105560
110 0.0000104600
111 0.0000103658
112 0.0000102732
113 0.0000101823
114 0.0000100929
115 0.0000100052
116 0.0000099189
117 0.0000098341
118 0.0000097508
119 0.0000096688
120 0.0000095882
121 0.0000095090
122 0.0000094310
123 0.0000093543
124 0.0000092789
125 0.0000092046
126 0.0000091316
127 0.0000090597
128 0.0000089889
129 0.0000089192
130 0.0000088506
131 0.0000087830
132 0.0000087164
133 0.0000086509
134 0.0000085863
135 0.0000085227
136 0.0000084600
137 0.0000083983
138 0.0000083374
139 0.0000082774
140 0.0000082183
141 0.0000081600
142 0.0000081025
143 0.0000080458
144 0.0000079899
145 0.0000079348
146 0.0000078805
147 0.0000078269
148 0.0000077740
149 0.0000077218
150 0.0000076703
151 0.0000076195
152 0.0000075693
153 0.0000075199
154 0.0000074710
155 0.0000074228
156 0.0000073752
157 0.0000073282
158 0.0000072818
159 0.0000072360
160 0.0000071908
161 0.0000071461
162 0.0000071020
163 0.0000070584
164 0.0000070154
165 0.0000069728
166 0.0000069308
167 0.0000068893
168 0.0000068483
169 0.0000068078
170 0.0000067677
171 0.0000067281
172 0.0000066890
173 0.0000066503
174 0.0000066121
175 0.0000065743
176 0.0000065369
177 0.0000065000
178 0.0000064635
179 0.0000064274
180 0.0000063916
181 0.0000063563
182 0.0000063214
183 0.0000062868
184 0.0000062527
185 0.0000062188
186 0.0000061854
187 0.0000061523
188 0.0000061196
189 0.0000060872
190 0.0000060551
191 0.0000060234
192 0.0000059921
193 0.0000059610
194 0.0000059303
195 0.0000058998
196 0.0000058697
197 0.0000058399
198 0.0000058104
199 0.0000057812
200 0.0000057523
201 0.0000057237
202 0.0000056953
203 0.0000056673
204 0.0000056395
205 0.0000056120
206 0.0000055847
207 0.0000055577
208 0.0000055310
209 0.0000055045
210 0.0000054783
211 0.0000054523
212 0.0000054266
213 0.0000054011
214 0.0000053759
215 0.0000053509
216 0.0000053261
217 0.0000053015
218 0.0000052772
219 0.0000052531
220 0.0000052292
221 0.0000052055
222 0.0000051821
223 0.0000051588
224 0.0000051358
225 0.0000051130
226 0.0000050903
227 0.0000050679
228 0.0000050457
229 0.0000050236
230 0.0000050018
231 0.0000049801
232 0.0000049586
233 0.0000049373
234 0.0000049162
235 0.0000048953
236 0.0000048745
237 0.0000048540
238 0.0000048336
239 0.0000048133
240 0.0000047933
241 0.0000047734
242 0.0000047536
243 0.0000047341
244 0.0000047147
245 0.0000046954
246 0.0000046763
247 0.0000046574
248 0.0000046386
249 0.0000046199
250 0.0000046015
251 0.0000045831
252 0.0000045649
253 0.0000045469
254 0.0000045290
255 0.0000045112
256 0.0000044936
257 0.0000044761
258 0.0000044587
259 0.0000044415
260 0.0000044244
261 0.0000044074
262 0.0000043906
263 0.0000043739
264 0.0000043573
265 0.0000043409
266 0.0000043246
267 0.0000043084
268 0.0000042923
269 0.0000042763
270 0.0000042605
271 0.0000042447
272 0.0000042291
273 0.0000042136
274 0.0000041982
275 0.0000041830
276 0.0000041678
277 0.0000041527
278 0.0000041378
279 0.0000041230
280 0.0000041082
281 0.0000040936
282 0.0000040791
283 0.0000040646
284 0.0000040503
285 0.0000040361
286 0.0000040220
287 0.0000040080
288 0.0000039940
289 0.0000039802
290 0.0000039665
291 0.0000039528
292 0.0000039393
293 0.0000039258
294 0.0000039125
295 0.0000038992
296 0.0000038860
297 0.0000038729
298 0.0000038599
299 0.0000038470
300 0.0000038342
301 0.0000038214
302 0.0000038088
303 0.0000037962
304 0.0000037837
305 0.0000037713
306 0.0000037590
307 0.0000037467
308 0.0000037345
309 0.0000037224
310 0.0000037104
311 0.0000036985
312 0.0000036866
313 0.0000036748
314 0.0000036631
315 0.0000036515
316 0.0000036399
317 0.0000036284
318 0.0000036170
319 0.0000036057
320 0.0000035944
321 0.0000035832
322 0.0000035721
323 0.0000035610
324 0.0000035500
325 0.0000035391
326 0.0000035282
327 0.0000035174
328 0.0000035067
329 0.0000034960
330 0.0000034854
331 0.0000034749
332 0.0000034644
333 0.0000034540
334 0.0000034436
335 0.0000034333
336 0.0000034231
337 0.0000034129
338 0.0000034028
339 0.0000033928
340 0.0000033828
341 0.0000033729
342 0.0000033630
343 0.0000033532
344 0.0000033434
345 0.0000033337
346 0.0000033241
347 0.0000033145
348 0.0000033050
349 0.0000032955
350 0.0000032861
351 0.0000032767
352 0.0000032674
353 0.0000032581
354 0.0000032489
355 0.0000032397
356 0.0000032306
357 0.0000032216
358 0.0000032126
359 0.0000032036
360 0.0000031947
361 0.0000031859
362 0.0000031770
363 0.0000031683
364 0.0000031596
365 0.0000031509
366 0.0000031423
367 0.0000031337
368 0.0000031252
369 0.0000031167
370 0.0000031083
371 0.0000030999
372 0.0000030916
373 0.0000030833
374 0.0000030750
375 0.0000030668
376 0.0000030586
377 0.0000030505
378 0.0000030424
379 0.0000030344
380 0.0000030264
381 0.0000030185
382 0.0000030105
383 0.0000030027
384 0.0000029948
385 0.0000029871
386 0.0000029793
387 0.0000029716
388 0.0000029639
389 0.0000029563
390 0.0000029487
391 0.0000029412
392 0.0000029337
393 0.0000029262
394 0.0000029188
395 0.0000029114
396 0.0000029040
397 0.0000028967
398 0.0000028894
399 0.0000028821
400 0.0000028749
401 0.0000028677
402 0.0000028606
403 0.0000028535
404 0.0000028464
405 0.0000028394
406 0.0000028324
407 0.0000028254
408 0.0000028185
409 0.0000028116
410 0.0000028047
411 0.0000027979
412 0.0000027911
413 0.0000027843
414 0.0000027776
415 0.0000027709
416 0.0000027642
417 0.0000027576
418 0.0000027510
419 0.0000027444
420 0.0000027378
421 0.0000027313
422 0.0000027249
423 0.0000027184
424 0.0000027120
425 0.0000027056
426 0.0000026992
427 0.0000026929
428 0.0000026866
429 0.0000026803
430 0.0000026741
431 0.0000026679
432 0.0000026617
433 0.0000026555
434 0.0000026494
435 0.0000026433
436 0.0000026372
437 0.0000026312
438 0.0000026252
439 0.0000026192
440 0.0000026132
441 0.0000026073
442 0.0000026014
443 0.0000025955
444 0.0000025896
445 0.0000025838
446 0.0000025780
447 0.0000025722
448 0.0000025665
449 0.0000025608
450 0.0000025551
451 0.0000025494
452 0.0000025437
453 0.0000025381
454 0.0000025325
455 0.0000025269
456 0.0000025214
457 0.0000025159
458 0.0000025103
459 0.0000025049
460 0.0000024994
461 0.0000024940
462 0.0000024886
463 0.0000024832
464 0.0000024778
465 0.0000024725
466 0.0000024672
467 0.0000024619
468 0.0000024566
469 0.0000024514
470 0.0000024461
471 0.0000024409
472 0.0000024358
473 0.0000024306
474 0.0000024255
475 0.0000024203
476 0.0000024152
477 0.0000024102
478 0.0000024051
479 0.0000024001
480 0.0000023951
481 0.0000023901
482 0.0000023851
483 0.0000023802
484 0.0000023752
485 0.0000023703
486 0.0000023654
487 0.0000023606
488 0.0000023557
489 0.0000023509
490 0.0000023461
491 0.0000023413
492 0.0000023365
493 0.0000023318
494 0.0000023271
495 0.0000023223
496 0.0000023177
497 0.0000023130
498 0.0000023083
499 0.0000023037
500 0.0000022991
501 0.0000022945
502 0.0000022899
503 0.0000022853
504 0.0000022808
505 0.0000022763
506 0.0000022717
507 0.0000022673
508 0.0000022628
509 0.0000022583
510 0.0000022539
511 0.0000022495
512 0.0000022451
513 0.0000022407
514 0.0000022363
515 0.0000022319
516 0.0000022276
517 0.0000022233
518 0.0000022190
519 0.0000022147
520 0.0000022104
521 0.0000022062
522 0.0000022019
523 0.0000021977
524 0.0000021935
525 0.0000021893
526 0.0000021851
527 0.0000021810
528 0.0000021768
529 0.0000021727
530 0.0000021686
531 0.0000021645
532 0.0000021604
533 0.0000021564
534 0.0000021523
535 0.0000021483
536 0.0000021443
537 0.0000021403
538 0.0000021363
539 0.0000021323
540 0.0000021283
541 0.0000021244
542 0.0000021204
543 0.0000021165
544 0.0000021126
545 0.0000021087
546 0.0000021049
547 0.0000021010
548 0.0000020972
549 0.0000020933
550 0.0000020895
551 0.0000020857
552 0.0000020819
553 0.0000020781
554 0.0000020744
555 0.0000020706
556 0.0000020669
557 0.0000020632
558 0.0000020594
559 0.0000020557
560 0.0000020521
561 0.0000020484
562 0.0000020447
563 0.0000020411
564 0.0000020375
565 0.0000020338
566 0.0000020302
567 0.0000020266
568 0.0000020231
569 0.0000020195
570 0.0000020159
571 0.0000020124
572 0.0000020088
573 0.0000020053
574 0.0000020018
575 0.0000019983
576 0.0000019948
577 0.0000019914
578 0.0000019879
579 0.0000019845
580 0.0000019810
581 0.0000019776
582 0.0000019742
583 0.0000019708
584 0.0000019674
585 0.0000019640
586 0.0000019607
587 0.0000019573
588 0.0000019540
589 0.0000019506
590 0.0000019473
591 0.0000019440
592 0.0000019407
593 0.0000019374
594 0.0000019341
595 0.0000019309
596 0.0000019276
597 0.0000019244
598 0.0000019211
599 0.0000019179
600 0.0000019147
601 0.0000019115
602 0.0000019083
603 0.0000019051
604 0.0000019020
605 0.0000018988
606 0.0000018956
607 0.0000018925
608 0.0000018894
609 0.0000018863
610 0.0000018831
611 0.0000018800
612 0.0000018770
613 0.0000018739
614 0.0000018708
