0 348
0 0.9585063179
1 0.0118574136
2 0.0038605730
3 0.0023383167
4 0.0015102662
5 0.0010837880
6 0.0008415713
7 0.0006888242
8 0.0005850802
9 0.0005105398
10 0.0004543938
11 0.0004103937
12 0.0003747845
13 0.0003452233
14 0.0003201883
15 0.0002986507
16 0.0002798879
17 0.0002633748
18 0.0002487178
19 0.0002356142
20 0.0002238262
21 0.0002131636
22 0.0002034716
23 0.0001946232
24 0.0001865127
25 0.0001790513
26 0.0001721641
27 0.0001657872
28 0.0001598659
29 0.0001543529
30 0.0001492076
31 0.0001443943
32 0.0001398817
33 0.0001356427
34 0.0001316530
35 0.0001278913
36 0.0001243386
37 0.0001209778
38 0.0001177940
39 0.0001147735
40 0.0001119039
41 0.0001091744
42 0.0001065748
43 0.0001040962
44 0.0001017302
45 0.0000994693
46 0.0000973068
47 0.0000952362
48 0.0000932520
49 0.0000913487
50 0.0000895216
51 0.0000877661
52 0.0000860781
53 0.0000844538
54 0.0000828897
55 0.0000813825
56 0.0000799291
57 0.0000785267
58 0.0000771726
59 0.0000758645
60 0.0000745999
61 0.0000733768
62 0.0000721932
63 0.0000710472
64 0.0000699369
65 0.0000688608
66 0.0000678173
67 0.0000668050
68 0.0000658225
69 0.0000648684
70 0.0000639416
71 0.0000630409
72 0.0000621652
73 0.0000613135
74 0.0000604848
75 0.0000596782
76 0.0000588929
77 0.0000581279
78 0.0000573826
79 0.0000566561
80 0.0000559478
81 0.0000552569
82 0.0000545830
83 0.0000539252
84 0.0000532831
85 0.0000526562
86 0.0000520438
87 0.0000514455
88 0.0000508608
89 0.0000502892
90 0.0000497303
91 0.0000491837
92 0.0000486490
93 0.0000481258
94 0.0000476137
95 0.0000471124
96 0.0000466216
97 0.0000461408
98 0.0000456699
99 0.0000452085
100 0.0000447563
101 0.0000443131
102 0.0000438785
103 0.0000434524
104 0.0000430345
105 0.0000426246
106 0.0000422224
107 0.0000418277
108 0.0000414403
109 0.0000410600
110 0.0000406866
111 0.0000403200
112 0.0000399599
113 0.0000396062
114 0.0000392587
115 0.0000389172
116 0.0000385816
117 0.0000382518
118 0.0000379275
119 0.0000376087
120 0.0000372952
121 0.0000369869
122 0.0000366836
123 0.0000363853
124 0.0000360918
125 0.0000358029
126 0.0000355187
127 0.0000352390
128 0.0000349636
129 0.0000346924
130 0.0000344255
131 0.0000341626
132 0.0000339037
133 0.0000336487
134 0.0000333975
135 0.0000331500
136 0.0000329062
137 0.0000326659
138 0.0000324291
139 0.0000321957
140 0.0000319657
141 0.0000317389
142 0.0000315153
143 0.0000312948
144 0.0000310774
145 0.0000308630
146 0.0000306515
147 0.0000304429
148 0.0000302372
149 0.0000300341
150 0.0000298338
151 0.0000296362
152 0.0000294411
153 0.0000292486
154 0.0000290586
155 0.0000288710
156 0.0000286859
157 0.0000285031
158 0.0000283226
159 0.0000281444
160 0.0000279684
161 0.0000277946
162 0.0000276230
163 0.0000274534
164 0.0000272859
165 0.0000271205
166 0.0000269570
167 0.0000267955
168 0.0000266360
169 0.0000264782
170 0.0000263224
171 0.0000261684
172 0.0000260162
173 0.0000258657
174 0.0000257170
175 0.0000255700
176 0.0000254246
177 0.0000252809
178 0.0000251388
179 0.0000249982
180 0.0000248593
181 0.0000247218
182 0.0000245859
183 0.0000244515
184 0.0000243185
185 0.0000241870
186 0.0000240569
187 0.0000239282
188 0.0000238008
189 0.0000236748
190 0.0000235501
191 0.0000234267
192 0.0000233046
193 0.0000231838
194 0.0000230642
195 0.0000229459
196 0.0000228287
197 0.0000227127
198 0.0000225980
199 0.0000224843
200 0.0000223718
201 0.0000222604
202 0.0000221502
203 0.0000220410
204 0.0000219328
205 0.0000218257
206 0.0000217197
207 0.0000216147
208 0.0000215107
209 0.0000214077
210 0.0000213057
211 0.0000212046
212 0.0000211045
213 0.0000210054
214 0.0000209071
215 0.0000208098
216 0.0000207134
217 0.0000206178
218 0.0000205232
219 0.0000204294
220 0.0000203364
221 0.0000202443
222 0.0000201531
223 0.0000200626
224 0.0000199730
225 0.0000198841
226 0.0000197960
227 0.0000197087
228 0.0000196222
229 0.0000195364
230 0.0000194514
231 0.0000193671
232 0.0000192836
233 0.0000192007
234 0.0000191186
235 0.0000190371
236 0.0000189564
237 0.0000188763
238 0.0000187969
239 0.0000187182
240 0.0000186401
241 0.0000185627
242 0.0000184859
243 0.0000184098
244 0.0000183342
245 0.0000182593
246 0.0000181850
247 0.0000181113
248 0.0000180382
249 0.0000179656
250 0.0000178937
251 0.0000178223
252 0.0000177515
253 0.0000176812
254 0.0000176115
255 0.0000175424
256 0.0000174738
257 0.0000174057
258 0.0000173381
259 0.0000172711
260 0.0000172046
261 0.0000171386
262 0.0000170731
263 0.0000170081
264 0.0000169435
265 0.0000168795
266 0.0000168160
267 0.0000167529
268 0.0000166903
269 0.0000166281
270 0.0000165665
271 0.0000165052
272 0.0000164445
273 0.0000163841
274 0.0000163243
275 0.0000162648
276 0.0000162058
277 0.0000161472
278 0.0000160890
279 0.0000160312
280 0.0000159739
281 0.0000159170
282 0.0000158604
283 0.0000158043
284 0.0000157485
285 0.0000156932
286 0.0000156382
287 0.0000155836
288 0.0000155294
289 0.0000154756
290 0.0000154221
291 0.0000153690
292 0.0000153163
293 0.0000152639
294 0.0000152119
295 0.0000151602
296 0.0000151089
297 0.0000150579
298 0.0000150073
299 0.0000149570
300 0.0000149070
301 0.0000148574
302 0.0000148081
303 0.0000147591
304 0.0000147105
305 0.0000146621
306 0.0000146141
307 0.0000145664
308 0.0000145190
309 0.0000144719
310 0.0000144251
311 0.0000143786
312 0.0000143324
313 0.0000142865
314 0.0000142409
315 0.0000141956
316 0.0000141506
317 0.0000141058
318 0.0000140613
319 0.0000140171
320 0.0000139732
321 0.0000139296
322 0.0000138862
323 0.0000138431
324 0.0000138002
325 0.0000137577
326 0.0000137154
327 0.0000136733
328 0.0000136315
329 0.0000135899
330 0.0000135486
331 0.0000135076
332 0.0000134668
333 0.0000134262
334 0.0000133859
335 0.0000133458
336 0.0000133060
337 0.0000132663
338 0.0000132270
339 0.0000131878
340 0.0000131489
341 0.0000131102
342 0.0000130717
343 0.0000130335
344 0.0000129955
345 0.0000129577
346 0.0000129201
347 0.0000128827
348 0.0000128456
