1 348
0 0.9844565004
1 0.0038597730
2 0.0015857543
3 0.0010862379
4 0.0007874313
5 0.0006115455
6 0.0004969706
7 0.0004159040
8 0.0003555673
9 0.0003090624
10 0.0002722245
11 0.0002423866
12 0.0002177712
13 0.0001971516
14 0.0001796550
15 0.0001646436
16 0.0001516406
17 0.0001402826
18 0.0001302879
19 0.0001214347
20 0.0001135463
21 0.0001064803
22 0.0001001203
23 0.0000943707
24 0.0000891522
25 0.0000843982
26 0.0000800528
27 0.0000760684
28 0.0000724044
29 0.0000690260
30 0.0000659030
31 0.0000630093
32 0.0000603223
33 0.0000578219
34 0.0000554907
35 0.0000533132
36 0.0000512758
37 0.0000493662
38 0.0000475738
39 0.0000458888
40 0.0000443025
41 0.0000428071
42 0.0000413957
43 0.0000400619
44 0.0000387999
45 0.0000376045
46 0.0000364710
47 0.0000353951
48 0.0000343729
49 0.0000334007
50 0.0000324752
51 0.0000315934
52 0.0000307525
53 0.0000299501
54 0.0000291836
55 0.0000284509
56 0.0000277500
57 0.0000270791
58 0.0000264364
59 0.0000258203
60 0.0000252293
61 0.0000246620
62 0.0000241172
63 0.0000235936
64 0.0000230901
65 0.0000226056
66 0.0000221392
67 0.0000216900
68 0.0000212571
69 0.0000208397
70 0.0000204369
71 0.0000200482
72 0.0000196729
73 0.0000193103
74 0.0000189598
75 0.0000186208
76 0.0000182929
77 0.0000179756
78 0.0000176683
79 0.0000173707
80 0.0000170823
81 0.0000168027
82 0.0000165315
83 0.0000162685
84 0.0000160132
85 0.0000157653
86 0.0000155246
87 0.0000152907
88 0.0000150633
89 0.0000148423
90 0.0000146274
91 0.0000144183
92 0.0000142148
93 0.0000140167
94 0.0000138238
95 0.0000136359
96 0.0000134528
97 0.0000132743
98 0.0000131003
99 0.0000129307
100 0.0000127652
101 0.0000126037
102 0.0000124461
103 0.0000122922
104 0.0000121419
105 0.0000119952
106 0.0000118518
107 0.0000117117
108 0.0000115747
109 0.0000114408
110 0.0000113098
111 0.0000111817
112 0.0000110564
113 0.0000109337
114 0.0000108136
115 0.0000106961
116 0.0000105810
117 0.0000104683
118 0.0000103578
119 0.0000102496
120 0.0000101436
121 0.0000100396
122 0.0000099377
123 0.0000098378
124 0.0000097398
125 0.0000096436
126 0.0000095493
127 0.0000094567
128 0.0000093659
129 0.0000092767
130 0.0000091891
131 0.0000091031
132 0.0000090187
133 0.0000089357
134 0.0000088542
135 0.0000087741
136 0.0000086954
137 0.0000086180
138 0.0000085420
139 0.0000084672
140 0.0000083937
141 0.0000083214
142 0.0000082502
143 0.0000081803
144 0.0000081114
145 0.0000080437
146 0.0000079770
147 0.0000079114
148 0.0000078468
149 0.0000077832
150 0.0000077206
151 0.0000076589
152 0.0000075982
153 0.0000075383
154 0.0000074794
155 0.0000074213
156 0.0000073641
157 0.0000073077
158 0.0000072522
159 0.0000071974
160 0.0000071434
161 0.0000070902
162 0.0000070377
163 0.0000069859
164 0.0000069349
165 0.0000068845
166 0.0000068349
167 0.0000067859
168 0.0000067376
169 0.0000066899
170 0.0000066428
171 0.0000065964
172 0.0000065506
173 0.0000065053
174 0.0000064607
175 0.0000064166
176 0.0000063731
177 0.0000063301
178 0.0000062877
179 0.0000062458
180 0.0000062045
181 0.0000061636
182 0.0000061232
183 0.0000060833
184 0.0000060440
185 0.0000060050
186 0.0000059666
187 0.0000059286
188 0.0000058910
189 0.0000058539
190 0.0000058173
191 0.0000057810
192 0.0000057452
193 0.0000057097
194 0.0000056747
195 0.0000056401
196 0.0000056059
197 0.0000055720
198 0.0000055385
199 0.0000055054
200 0.0000054727
201 0.0000054403
202 0.0000054083
203 0.0000053766
204 0.0000053453
205 0.0000053143
206 0.0000052836
207 0.0000052533
208 0.0000052232
209 0.0000051935
210 0.0000051641
211 0.0000051350
212 0.0000051062
213 0.0000050777
214 0.0000050495
215 0.0000050216
216 0.0000049939
217 0.0000049665
218 0.0000049395
219 0.0000049126
220 0.0000048861
221 0.0000048598
222 0.0000048337
223 0.0000048080
224 0.0000047824
225 0.0000047571
226 0.0000047321
227 0.0000047073
228 0.0000046827
229 0.0000046584
230 0.0000046343
231 0.0000046104
232 0.0000045868
233 0.0000045633
234 0.0000045401
235 0.0000045171
236 0.0000044943
237 0.0000044717
238 0.0000044494
239 0.0000044272
240 0.0000044052
241 0.0000043834
242 0.0000043619
243 0.0000043405
244 0.0000043193
245 0.0000042982
246 0.0000042774
247 0.0000042568
248 0.0000042363
249 0.0000042160
250 0.0000041959
251 0.0000041759
252 0.0000041562
253 0.0000041365
254 0.0000041171
255 0.0000040978
256 0.0000040787
257 0.0000040597
258 0.0000040409
259 0.0000040223
260 0.0000040038
261 0.0000039855
262 0.0000039673
263 0.0000039492
264 0.0000039313
265 0.0000039136
266 0.0000038960
267 0.0000038785
268 0.0000038612
269 0.0000038440
270 0.0000038269
271 0.0000038100
272 0.0000037932
273 0.0000037765
274 0.0000037600
275 0.0000037436
276 0.0000037273
277 0.0000037111
278 0.0000036951
279 0.0000036792
280 0.0000036634
281 0.0000036477
282 0.0000036321
283 0.0000036167
284 0.0000036013
285 0.0000035861
286 0.0000035710
287 0.0000035560
288 0.0000035411
289 0.0000035263
290 0.0000035116
291 0.0000034970
292 0.0000034825
293 0.0000034681
294 0.0000034538
295 0.0000034396
296 0.0000034255
297 0.0000034115
298 0.0000033976
299 0.0000033838
300 0.0000033701
301 0.0000033564
302 0.0000033429
303 0.0000033294
304 0.0000033160
305 0.0000033027
306 0.0000032895
307 0.0000032763
308 0.0000032632
309 0.0000032502
310 0.0000032373
311 0.0000032244
312 0.0000032116
313 0.0000031989
314 0.0000031862
315 0.0000031736
316 0.0000031611
317 0.0000031486
318 0.0000031361
319 0.0000031237
320 0.0000031113
321 0.0000030990
322 0.0000030867
323 0.0000030744
324 0.0000030621
325 0.0000030499
326 0.0000030376
327 0.0000030253
328 0.0000030130
329 0.0000030007
330 0.0000029882
331 0.0000029757
332 0.0000029631
333 0.0000029503
334 0.0000029372
335 0.0000029239
336 0.0000029103
337 0.0000028961
338 0.0000028813
339 0.0000028656
340 0.0000028487
341 0.0000028300
342 0.0000028085
343 0.0000027825
344 0.0000027486
345 0.0000027008
346 0.0000026111
347 0.0000023222
348 0.0000000000
