1 2000
0 0.9954357413
1 0.0013598293
2 0.0005533909
3 0.0003765197
4 0.0002701501
5 0.0002073579
6 0.0001663881
7 0.0001373646
8 0.0001157475
9 0.0000990868
10 0.0000859002
11 0.0000752362
12 0.0000664590
13 0.0000591287
14 0.0000529314
15 0.0000476373
16 0.0000430741
17 0.0000391103
18 0.0000356434
19 0.0000325929
20 0.0000298942
21 0.0000274953
22 0.0000253536
23 0.0000234339
24 0.0000217072
25 0.0000201489
26 0.0000187384
27 0.0000174581
28 0.0000162931
29 0.0000152304
30 0.0000142590
31 0.0000133692
32 0.0000125526
33 0.0000118017
34 0.0000111102
35 0.0000104723
36 0.0000098830
37 0.0000093378
38 0.0000088327
39 0.0000083642
40 0.0000079290
41 0.0000075244
42 0.0000071478
43 0.0000067968
44 0.0000064693
45 0.0000061636
46 0.0000058778
47 0.0000056104
48 0.0000053601
49 0.0000051255
50 0.0000049054
51 0.0000046988
52 0.0000045047
53 0.0000043222
54 0.0000041505
55 0.0000039888
56 0.0000038364
57 0.0000036928
58 0.0000035572
59 0.0000034292
60 0.0000033082
61 0.0000031938
62 0.0000030856
63 0.0000029831
64 0.0000028861
65 0.0000027941
66 0.0000027068
67 0.0000026240
68 0.0000025453
69 0.0000024706
70 0.0000023995
71 0.0000023319
72 0.0000022675
73 0.0000022062
74 0.0000021478
75 0.0000020921
76 0.0000020390
77 0.0000019882
78 0.0000019398
79 0.0000018934
80 0.0000018492
81 0.0000018068
82 0.0000017662
83 0.0000017274
84 0.0000016902
85 0.0000016545
86 0.0000016202
87 0.0000015874
88 0.0000015558
89 0.0000015255
90 0.0000014963
91 0.0000014683
92 0.0000014413
93 0.0000014153
94 0.0000013903
95 0.0000013661
96 0.0000013429
97 0.0000013204
98 0.0000012988
99 0.0000012778
100 0.0000012576
101 0.0000012381
102 0.0000012192
103 0.0000012009
104 0.0000011832
105 0.0000011660
106 0.0000011494
107 0.0000011333
108 0.0000011177
109 0.0000011025
110 0.0000010878
111 0.0000010735
112 0.0000010596
113 0.0000010461
114 0.0000010330
115 0.0000010202
116 0.0000010078
117 0.0000009957
118 0.0000009839
119 0.0000009725
120 0.0000009613
121 0.0000009504
122 0.0000009397
123 0.0000009293
124 0.0000009192
125 0.0000009093
126 0.0000008997
127 0.0000008902
128 0.0000008810
129 0.0000008720
130 0.0000008631
131 0.0000008545
132 0.0000008460
133 0.0000008378
134 0.0000008297
135 0.0000008217
136 0.0000008139
137 0.0000008063
138 0.0000007988
139 0.0000007915
140 0.0000007843
141 0.0000007773
142 0.0000007703
143 0.0000007635
144 0.0000007569
145 0.0000007503
146 0.0000007439
147 0.0000007376
148 0.0000007313
149 0.0000007252
150 0.0000007192
151 0.0000007133
152 0.0000007075
153 0.0000007018
154 0.0000006962
155 0.0000006906
156 0.0000006852
157 0.0000006798
158 0.0000006745
159 0.0000006693
160 0.0000006642
161 0.0000006592
162 0.0000006542
163 0.0000006493
164 0.0000006445
165 0.0000006397
166 0.0000006350
167 0.0000006304
168 0.0000006258
169 0.0000006213
170 0.0000006169
171 0.0000006125
172 0.0000006082
173 0.0000006039
174 0.0000005997
175 0.0000005956
176 0.0000005914
177 0.0000005874
178 0.0000005834
179 0.0000005795
180 0.0000005755
181 0.0000005717
182 0.0000005679
183 0.0000005641
184 0.0000005604
185 0.0000005568
186 0.0000005531
187 0.0000005495
188 0.0000005460
189 0.0000005425
190 0.0000005390
191 0.0000005356
192 0.0000005322
193 0.0000005289
194 0.0000005256
195 0.0000005223
196 0.0000005191
197 0.0000005159
198 0.0000005127
199 0.0000005096
200 0.0000005065
201 0.0000005034
202 0.0000005004
203 0.0000004974
204 0.0000004944
205 0.0000004915
206 0.0000004886
207 0.0000004857
208 0.0000004829
209 0.0000004801
210 0.0000004773
211 0.0000004745
212 0.0000004718
213 0.0000004691
214 0.0000004664
215 0.0000004637
216 0.0000004611
217 0.0000004585
218 0.0000004559
219 0.0000004534
220 0.0000004508
221 0.0000004483
222 0.0000004459
223 0.0000004434
224 0.0000004410
225 0.0000004386
226 0.0000004362
227 0.0000004338
228 0.0000004315
229 0.0000004291
230 0.0000004268
231 0.0000004246
232 0.0000004223
233 0.0000004201
234 0.0000004178
235 0.0000004156
236 0.0000004135
237 0.0000004113
238 0.0000004091
239 0.0000004070
240 0.0000004049
241 0.0000004028
242 0.0000004008
243 0.0000003987
244 0.0000003967
245 0.0000003947
246 0.0000003927
247 0.0000003907
248 0.0000003887
249 0.0000003868
250 0.0000003848
251 0.0000003829
252 0.0000003810
253 0.0000003791
254 0.0000003772
255 0.0000003754
256 0.0000003735
257 0.0000003717
258 0.0000003699
259 0.0000003681
260 0.0000003663
261 0.0000003646
262 0.0000003628
263 0.0000003611
264 0.0000003593
265 0.0000003576
266 0.0000003559
267 0.0000003542
268 0.0000003526
269 0.0000003509
270 0.0000003493
271 0.0000003476
272 0.0000003460
273 0.0000003444
274 0.0000003428
275 0.0000003412
276 0.0000003396
277 0.0000003381
278 0.0000003365
279 0.0000003350
280 0.0000003335
281 0.0000003320
282 0.0000003305
283 0.0000003290
284 0.0000003275
285 0.0000003260
286 0.0000003246
287 0.0000003231
288 0.0000003217
289 0.0000003202
290 0.0000003188
291 0.0000003174
292 0.0000003160
293 0.0000003146
294 0.0000003132
295 0.0000003119
296 0.0000003105
297 0.0000003092
298 0.0000003078
299 0.0000003065
300 0.0000003052
301 0.0000003039
302 0.0000003026
303 0.0000003013
304 0.0000003000
305 0.0000002987
306 0.0000002974
307 0.0000002962
308 0.0000002949
309 0.0000002937
310 0.0000002925
311 0.0000002912
312 0.0000002900
313 0.0000002888
314 0.0000002876
315 0.0000002864
316 0.0000002852
317 0.0000002841
318 0.0000002829
319 0.0000002817
320 0.0000002806
321 0.0000002794
322 0.0000002783
323 0.0000002772
324 0.0000002760
325 0.0000002749
326 0.0000002738
327 0.0000002727
328 0.0000002716
329 0.0000002705
330 0.0000002694
331 0.0000002684
332 0.0000002673
333 0.0000002662
334 0.0000002652
335 0.0000002641
336 0.0000002631
337 0.0000002621
338 0.0000002610
339 0.0000002600
340 0.0000002590
341 0.0000002580
342 0.0000002570
343 0.0000002560
344 0.0000002550
345 0.0000002540
346 0.0000002531
347 0.0000002521
348 0.0000002511
349 0.0000002502
350 0.0000002492
351 0.0000002483
352 0.0000002473
353 0.0000002464
354 0.0000002454
355 0.0000002445
356 0.0000002436
357 0.0000002427
358 0.0000002418
359 0.0000002409
360 0.0000002400
361 0.0000002391
362 0.0000002382
363 0.0000002373
364 0.0000002364
365 0.0000002356
366 0.0000002347
367 0.0000002338
368 0.0000002330
369 0.0000002321
370 0.0000002313
371 0.0000002304
372 0.0000002296
373 0.0000002287
374 0.0000002279
375 0.0000002271
376 0.0000002263
377 0.0000002255
378 0.0000002247
379 0.0000002238
380 0.0000002230
381 0.0000002223
382 0.0000002215
383 0.0000002207
384 0.0000002199
385 0.0000002191
386 0.0000002183
387 0.0000002176
388 0.0000002168
389 0.0000002160
390 0.0000002153
391 0.0000002145
392 0.0000002138
393 0.0000002130
394 0.0000002123
395 0.0000002116
396 0.0000002108
397 0.0000002101
398 0.0000002094
399 0.0000002086
400 0.0000002079
401 0.0000002072
402 0.0000002065
403 0.0000002058
404 0.0000002051
405 0.0000002044
406 0.0000002037
407 0.0000002030
408 0.0000002023
409 0.0000002016
410 0.0000002010
411 0.0000002003
412 0.0000001996
413 0.0000001989
414 0.0000001983
415 0.0000001976
416 0.0000001969
417 0.0000001963
418 0.0000001956
419 0.0000001950
420 0.0000001943
421 0.0000001937
422 0.0000001931
423 0.0000001924
424 0.0000001918
425 0.0000001912
426 0.0000001905
427 0.0000001899
428 0.0000001893
429 0.0000001887
430 0.0000001881
431 0.0000001874
432 0.0000001868
433 0.0000001862
434 0.0000001856
435 0.0000001850
436 0.0000001844
437 0.0000001838
438 0.0000001833
439 0.0000001827
440 0.0000001821
441 0.0000001815
442 0.0000001809
443 0.0000001803
444 0.0000001798
445 0.0000001792
446 0.0000001786
447 0.0000001781
448 0.0000001775
449 0.0000001770
450 0.0000001764
451 0.0000001758
452 0.0000001753
453 0.0000001747
454 0.0000001742
455 0.0000001737
456 0.0000001731
457 0.0000001726
458 0.0000001720
459 0.0000001715
460 0.0000001710
461 0.0000001705
462 0.0000001699
463 0.0000001694
464 0.0000001689
465 0.0000001684
466 0.0000001678
467 0.0000001673
468 0.0000001668
469 0.0000001663
470 0.0000001658
471 0.0000001653
472 0.0000001648
473 0.0000001643
474 0.0000001638
475 0.0000001633
476 0.0000001628
477 0.0000001623
478 0.0000001618
479 0.0000001614
480 0.0000001609
481 0.0000001604
482 0.0000001599
483 0.0000001594
484 0.0000001590
485 0.0000001585
486 0.0000001580
487 0.0000001576
488 0.0000001571
489 0.0000001566
490 0.0000001562
491 0.0000001557
492 0.0000001552
493 0.0000001548
494 0.0000001543
495 0.0000001539
496 0.0000001534
497 0.0000001530
498 0.0000001525
499 0.0000001521
500 0.0000001517
501 0.0000001512
502 0.0000001508
503 0.0000001503
504 0.0000001499
505 0.0000001495
506 0.0000001490
507 0.0000001486
508 0.0000001482
509 0.0000001478
510 0.0000001473
511 0.0000001469
512 0.0000001465
513 0.0000001461
514 0.0000001457
515 0.0000001453
516 0.0000001448
517 0.0000001444
518 0.0000001440
519 0.0000001436
520 0.0000001432
521 0.0000001428
522 0.0000001424
523 0.0000001420
524 0.0000001416
525 0.0000001412
526 0.0000001408
527 0.0000001404
528 0.0000001400
529 0.0000001396
530 0.0000001393
531 0.0000001389
532 0.0000001385
533 0.0000001381
534 0.0000001377
535 0.0000001373
536 0.0000001370
537 0.0000001366
538 0.0000001362
539 0.0000001358
540 0.0000001355
541 0.0000001351
542 0.0000001347
543 0.0000001343
544 0.0000001340
545 0.0000001336
546 0.0000001333
547 0.0000001329
548 0.0000001325
549 0.0000001322
550 0.0000001318
551 0.0000001315
552 0.0000001311
553 0.0000001307
554 0.0000001304
555 0.0000001300
556 0.0000001297
557 0.0000001293
558 0.0000001290
559 0.0000001287
560 0.0000001283
561 0.0000001280
562 0.0000001276
563 0.0000001273
564 0.0000001270
565 0.0000001266
566 0.0000001263
567 0.0000001259
568 0.0000001256
569 0.0000001253
570 0.0000001250
571 0.0000001246
572 0.0000001243
573 0.0000001240
574 0.0000001236
575 0.0000001233
576 0.0000001230
577 0.0000001227
578 0.0000001224
579 0.0000001220
580 0.0000001217
581 0.0000001214
582 0.0000001211
583 0.0000001208
584 0.0000001205
585 0.0000001202
586 0.0000001198
587 0.0000001195
588 0.0000001192
589 0.0000001189
590 0.0000001186
591 0.0000001183
592 0.0000001180
593 0.0000001177
594 0.0000001174
595 0.0000001171
596 0.0000001168
597 0.0000001165
598 0.0000001162
599 0.0000001159
600 0.0000001156
601 0.0000001153
602 0.0000001150
603 0.0000001147
604 0.0000001145
605 0.0000001142
606 0.0000001139
607 0.0000001136
608 0.0000001133
609 0.0000001130
610 0.0000001127
611 0.0000001125
612 0.0000001122
613 0.0000001119
614 0.0000001116
615 0.0000001113
616 0.0000001111
617 0.0000001108
618 0.0000001105
619 0.0000001102
620 0.0000001100
621 0.0000001097
622 0.0000001094
623 0.0000001091
624 0.0000001089
625 0.0000001086
626 0.0000001083
627 0.0000001081
628 0.0000001078
629 0.0000001075
630 0.0000001073
631 0.0000001070
632 0.0000001068
633 0.0000001065
634 0.0000001062
635 0.0000001060
636 0.0000001057
637 0.0000001055
638 0.0000001052
639 0.0000001050
640 0.0000001047
641 0.0000001044
642 0.0000001042
643 0.0000001039
644 0.0000001037
645 0.0000001034
646 0.0000001032
647 0.0000001029
648 0.0000001027
649 0.0000001025
650 0.0000001022
651 0.0000001020
652 0.0000001017
653 0.0000001015
654 0.0000001012
655 0.0000001010
656 0.0000001008
657 0.0000001005
658 0.0000001003
659 0.0000001000
660 0.0000000998
661 0.0000000996
662 0.0000000993
663 0.0000000991
664 0.0000000989
665 0.0000000986
666 0.0000000984
667 0.0000000982
668 0.0000000979
669 0.0000000977
670 0.0000000975
671 0.0000000972
672 0.0000000970
673 0.0000000968
674 0.0000000966
675 0.0000000963
676 0.0000000961
677 0.0000000959
678 0.0000000957
679 0.0000000955
680 0.0000000952
681 0.0000000950
682 0.0000000948
683 0.0000000946
684 0.0000000944
685 0.0000000941
686 0.0000000939
687 0.0000000937
688 0.0000000935
689 0.0000000933
690 0.0000000931
691 0.0000000928
692 0.0000000926
693 0.0000000924
694 0.0000000922
695 0.0000000920
696 0.0000000918
697 0.0000000916
698 0.0000000914
699 0.0000000912
700 0.0000000910
701 0.0000000908
702 0.0000000905
703 0.0000000903
704 0.0000000901
705 0.0000000899
706 0.0000000897
707 0.0000000895
708 0.0000000893
709 0.0000000891
710 0.0000000889
711 0.0000000887
712 0.0000000885
713 0.0000000883
714 0.0000000881
715 0.0000000879
716 0.0000000877
717 0.0000000875
718 0.0000000874
719 0.0000000872
720 0.0000000870
721 0.0000000868
722 0.0000000866
723 0.0000000864
724 0.0000000862
725 0.0000000860
726 0.0000000858
727 0.0000000856
728 0.0000000854
729 0.0000000852
730 0.0000000851
731 0.0000000849
732 0.0000000847
733 0.0000000845
734 0.0000000843
735 0.0000000841
736 0.0000000839
737 0.0000000838
738 0.0000000836
739 0.0000000834
740 0.0000000832
741 0.0000000830
742 0.0000000829
743 0.0000000827
744 0.0000000825
745 0.0000000823
746 0.0000000821
747 0.0000000820
748 0.0000000818
749 0.0000000816
750 0.0000000814
751 0.0000000813
752 0.0000000811
753 0.0000000809
754 0.0000000807
755 0.0000000806
756 0.0000000804
757 0.0000000802
758 0.0000000800
759 0.0000000799
760 0.0000000797
761 0.0000000795
762 0.0000000794
763 0.0000000792
764 0.0000000790
765 0.0000000789
766 0.0000000787
767 0.0000000785
768 0.0000000784
769 0.0000000782
770 0.0000000780
771 0.0000000779
772 0.0000000777
773 0.0000000775
774 0.0000000774
775 0.0000000772
776 0.0000000770
777 0.0000000769
778 0.0000000767
779 0.0000000766
780 0.0000000764
781 0.0000000762
782 0.0000000761
783 0.0000000759
784 0.0000000758
785 0.0000000756
786 0.0000000754
787 0.0000000753
788 0.0000000751
789 0.0000000750
790 0.0000000748
791 0.0000000747
792 0.0000000745
793 0.0000000743
794 0.0000000742
795 0.0000000740
796 0.0000000739
797 0.0000000737
798 0.0000000736
799 0.0000000734
800 0.0000000733
801 0.0000000731
802 0.0000000730
803 0.0000000728
804 0.0000000727
805 0.0000000725
806 0.0000000724
807 0.0000000722
808 0.0000000721
809 0.0000000719
810 0.0000000718
811 0.0000000716
812 0.0000000715
813 0.0000000714
814 0.0000000712
815 0.0000000711
816 0.0000000709
817 0.0000000708
818 0.0000000706
819 0.0000000705
820 0.0000000703
821 0.0000000702
822 0.0000000701
823 0.0000000699
824 0.0000000698
825 0.0000000696
826 0.0000000695
827 0.0000000694
828 0.0000000692
829 0.0000000691
830 0.0000000689
831 0.0000000688
832 0.0000000687
833 0.0000000685
834 0.0000000684
835 0.0000000683
836 0.0000000681
837 0.0000000680
838 0.0000000678
839 0.0000000677
840 0.0000000676
841 0.0000000674
842 0.0000000673
843 0.0000000672
844 0.0000000670
845 0.0000000669
846 0.0000000668
847 0.0000000666
848 0.0000000665
849 0.0000000664
850 0.0000000663
851 0.0000000661
852 0.0000000660
853 0.0000000659
854 0.0000000657
855 0.0000000656
856 0.0000000655
857 0.0000000653
858 0.0000000652
859 0.0000000651
860 0.0000000650
861 0.0000000648
862 0.0000000647
863 0.0000000646
864 0.0000000645
865 0.0000000643
866 0.0000000642
867 0.0000000641
868 0.0000000640
869 0.0000000638
870 0.0000000637
871 0.0000000636
872 0.0000000635
873 0.0000000633
874 0.0000000632
875 0.0000000631
876 0.0000000630
877 0.0000000629
878 0.0000000627
879 0.0000000626
880 0.0000000625
881 0.0000000624
882 0.0000000623
883 0.0000000621
884 0.0000000620
885 0.0000000619
886 0.0000000618
887 0.0000000617
888 0.0000000615
889 0.0000000614
890 0.0000000613
891 0.0000000612
892 0.0000000611
893 0.0000000610
894 0.0000000608
895 0.0000000607
896 0.0000000606
897 0.0000000605
898 0.0000000604
899 0.0000000603
900 0.0000000602
901 0.0000000600
902 0.0000000599
903 0.0000000598
904 0.0000000597
905 0.0000000596
906 0.0000000595
907 0.0000000594
908 0.0000000593
909 0.0000000591
910 0.0000000590
911 0.0000000589
912 0.0000000588
913 0.0000000587
914 0.0000000586
915 0.0000000585
916 0.0000000584
917 0.0000000583
918 0.0000000582
919 0.0000000580
920 0.0000000579
921 0.0000000578
922 0.0000000577
923 0.0000000576
924 0.0000000575
925 0.0000000574
926 0.0000000573
927 0.0000000572
928 0.0000000571
929 0.0000000570
930 0.0000000569
931 0.0000000568
932 0.0000000567
933 0.0000000566
934 0.0000000565
935 0.0000000563
936 0.0000000562
937 0.0000000561
938 0.0000000560
939 0.0000000559
940 0.0000000558
941 0.0000000557
942 0.0000000556
943 0.0000000555
944 0.0000000554
945 0.0000000553
946 0.0000000552
947 0.0000000551
948 0.0000000550
949 0.0000000549
950 0.0000000548
951 0.0000000547
952 0.0000000546
953 0.0000000545
954 0.0000000544
955 0.0000000543
956 0.0000000542
957 0.0000000541
958 0.0000000540
959 0.0000000539
960 0.0000000538
961 0.0000000537
962 0.0000000536
963 0.0000000535
964 0.0000000534
965 0.0000000534
966 0.0000000533
967 0.0000000532
968 0.0000000531
969 0.0000000530
970 0.0000000529
971 0.0000000528
972 0.0000000527
973 0.0000000526
974 0.0000000525
975 0.0000000524
976 0.0000000523
977 0.0000000522
978 0.0000000521
979 0.0000000520
980 0.0000000519
981 0.0000000518
982 0.0000000518
983 0.0000000517
984 0.0000000516
985 0.0000000515
986 0.0000000514
987 0.0000000513
988 0.0000000512
989 0.0000000511
990 0.0000000510
991 0.0000000509
992 0.0000000508
993 0.0000000508
994 0.0000000507
995 0.0000000506
996 0.0000000505
997 0.0000000504
998 0.0000000503
999 0.0000000502
1000 0.0000000501
1001 0.0000000500
1002 0.0000000500
1003 0.0000000499
1004 0.0000000498
1005 0.0000000497
1006 0.0000000496
1007 0.0000000495
1008 0.0000000494
1009 0.0000000494
1010 0.0000000493
1011 0.0000000492
1012 0.0000000491
1013 0.0000000490
1014 0.0000000489
1015 0.0000000488
1016 0.0000000488
1017 0.0000000487
1018 0.0000000486
1019 0.0000000485
1020 0.0000000484
1021 0.0000000483
1022 0.0000000482
1023 0.0000000482
1024 0.0000000481
1025 0.0000000480
1026 0.0000000479
1027 0.0000000478
1028 0.0000000478
1029 0.0000000477
1030 0.0000000476
1031 0.0000000475
1032 0.0000000474
1033 0.0000000473
1034 0.0000000473
1035 0.0000000472
1036 0.0000000471
1037 0.0000000470
1038 0.0000000469
1039 0.0000000469
1040 0.0000000468
1041 0.0000000467
1042 0.0000000466
1043 0.0000000465
1044 0.0000000465
1045 0.0000000464
1046 0.0000000463
1047 0.0000000462
1048 0.0000000461
1049 0.0000000461
1050 0.0000000460
1051 0.0000000459
1052 0.0000000458
1053 0.0000000458
1054 0.0000000457
1055 0.0000000456
1056 0.0000000455
1057 0.0000000455
1058 0.0000000454
1059 0.0000000453
1060 0.0000000452
1061 0.0000000451
1062 0.0000000451
1063 0.0000000450
1064 0.0000000449
1065 0.0000000448
1066 0.0000000448
1067 0.0000000447
1068 0.0000000446
1069 0.0000000445
1070 0.0000000445
1071 0.0000000444
1072 0.0000000443
1073 0.0000000442
1074 0.0000000442
1075 0.0000000441
1076 0.0000000440
1077 0.0000000440
1078 0.0000000439
1079 0.0000000438
1080 0.0000000437
1081 0.0000000437
1082 0.0000000436
1083 0.0000000435
1084 0.0000000434
1085 0.0000000434
1086 0.0000000433
1087 0.0000000432
1088 0.0000000432
1089 0.0000000431
1090 0.0000000430
1091 0.0000000429
1092 0.0000000429
1093 0.0000000428
1094 0.0000000427
1095 0.0000000427
1096 0.0000000426
1097 0.0000000425
1098 0.0000000425
1099 0.0000000424
1100 0.0000000423
1101 0.0000000422
1102 0.0000000422
1103 0.0000000421
1104 0.0000000420
1105 0.0000000420
1106 0.0000000419
1107 0.0000000418
1108 0.0000000418
1109 0.0000000417
1110 0.0000000416
1111 0.0000000416
1112 0.0000000415
1113 0.0000000414
1114 0.0000000414
1115 0.0000000413
1116 0.0000000412
1117 0.0000000412
1118 0.0000000411
1119 0.0000000410
1120 0.0000000410
1121 0.0000000409
1122 0.0000000408
1123 0.0000000408
1124 0.0000000407
1125 0.0000000406
1126 0.0000000406
1127 0.0000000405
1128 0.0000000404
1129 0.0000000404
1130 0.0000000403
1131 0.0000000402
1132 0.0000000402
1133 0.0000000401
1134 0.0000000401
1135 0.0000000400
1136 0.0000000399
1137 0.0000000399
1138 0.0000000398
1139 0.0000000397
1140 0.0000000397
1141 0.0000000396
1142 0.0000000395
1143 0.0000000395
1144 0.0000000394
1145 0.0000000394
1146 0.0000000393
1147 0.0000000392
1148 0.0000000392
1149 0.0000000391
1150 0.0000000390
1151 0.0000000390
1152 0.0000000389
1153 0.0000000389
1154 0.0000000388
1155 0.0000000387
1156 0.0000000387
1157 0.0000000386
1158 0.0000000386
1159 0.0000000385
1160 0.0000000384
1161 0.0000000384
1162 0.0000000383
1163 0.0000000382
1164 0.0000000382
1165 0.0000000381
1166 0.0000000381
1167 0.0000000380
1168 0.0000000379
1169 0.0000000379
1170 0.0000000378
1171 0.0000000378
1172 0.0000000377
1173 0.0000000377
1174 0.0000000376
1175 0.0000000375
1176 0.0000000375
1177 0.0000000374
1178 0.0000000374
1179 0.0000000373
1180 0.0000000372
1181 0.0000000372
1182 0.0000000371
1183 0.0000000371
1184 0.0000000370
1185 0.0000000370
1186 0.0000000369
1187 0.0000000368
1188 0.0000000368
1189 0.0000000367
1190 0.0000000367
1191 0.0000000366
1192 0.0000000366
1193 0.0000000365
1194 0.0000000364
1195 0.0000000364
1196 0.0000000363
1197 0.0000000363
1198 0.0000000362
1199 0.0000000362
1200 0.0000000361
1201 0.0000000361
1202 0.0000000360
1203 0.0000000359
1204 0.0000000359
1205 0.0000000358
1206 0.0000000358
1207 0.0000000357
1208 0.0000000357
1209 0.0000000356
1210 0.0000000356
1211 0.0000000355
1212 0.0000000355
1213 0.0000000354
1214 0.0000000353
1215 0.0000000353
1216 0.0000000352
1217 0.0000000352
1218 0.0000000351
1219 0.0000000351
1220 0.0000000350
1221 0.0000000350
1222 0.0000000349
1223 0.0000000349
1224 0.0000000348
1225 0.0000000348
1226 0.0000000347
1227 0.0000000347
1228 0.0000000346
1229 0.0000000345
1230 0.0000000345
1231 0.0000000344
1232 0.0000000344
1233 0.0000000343
1234 0.0000000343
1235 0.0000000342
1236 0.0000000342
1237 0.0000000341
1238 0.0000000341
1239 0.0000000340
1240 0.0000000340
1241 0.0000000339
1242 0.0000000339
1243 0.0000000338
1244 0.0000000338
1245 0.0000000337
1246 0.0000000337
1247 0.0000000336
1248 0.0000000336
1249 0.0000000335
1250 0.0000000335
1251 0.0000000334
1252 0.0000000334
1253 0.0000000333
1254 0.0000000333
1255 0.0000000332
1256 0.0000000332
1257 0.0000000331
1258 0.0000000331
1259 0.0000000330
1260 0.0000000330
1261 0.0000000329
1262 0.0000000329
1263 0.0000000328
1264 0.0000000328
1265 0.0000000327
1266 0.0000000327
1267 0.0000000326
1268 0.0000000326
1269 0.0000000325
1270 0.0000000325
1271 0.0000000324
1272 0.0000000324
1273 0.0000000324
1274 0.0000000323
1275 0.0000000323
1276 0.0000000322
1277 0.0000000322
1278 0.0000000321
1279 0.0000000321
1280 0.0000000320
1281 0.0000000320
1282 0.0000000319
1283 0.0000000319
1284 0.0000000318
1285 0.0000000318
1286 0.0000000317
1287 0.0000000317
1288 0.0000000316
1289 0.0000000316
1290 0.0000000316
1291 0.0000000315
1292 0.0000000315
1293 0.0000000314
1294 0.0000000314
1295 0.0000000313
1296 0.0000000313
1297 0.0000000312
1298 0.0000000312
1299 0.0000000311
1300 0.0000000311
1301 0.0000000311
1302 0.0000000310
1303 0.0000000310
1304 0.0000000309
1305 0.0000000309
1306 0.0000000308
1307 0.0000000308
1308 0.0000000307
1309 0.0000000307
1310 0.0000000307
1311 0.0000000306
1312 0.0000000306
1313 0.0000000305
1314 0.0000000305
1315 0.0000000304
1316 0.0000000304
1317 0.0000000303
1318 0.0000000303
1319 0.0000000303
1320 0.0000000302
1321 0.0000000302
1322 0.0000000301
1323 0.0000000301
1324 0.0000000300
1325 0.0000000300
1326 0.0000000300
1327 0.0000000299
1328 0.0000000299
1329 0.0000000298
1330 0.0000000298
1331 0.0000000297
1332 0.0000000297
1333 0.0000000297
1334 0.0000000296
1335 0.0000000296
1336 0.0000000295
1337 0.0000000295
1338 0.0000000295
1339 0.0000000294
1340 0.0000000294
1341 0.0000000293
1342 0.0000000293
1343 0.0000000292
1344 0.0000000292
1345 0.0000000292
1346 0.0000000291
1347 0.0000000291
1348 0.0000000290
1349 0.0000000290
1350 0.0000000290
1351 0.0000000289
1352 0.0000000289
1353 0.0000000288
1354 0.0000000288
1355 0.0000000288
1356 0.0000000287
1357 0.0000000287
1358 0.0000000286
1359 0.0000000286
1360 0.0000000285
1361 0.0000000285
1362 0.0000000285
1363 0.0000000284
1364 0.0000000284
1365 0.0000000284
1366 0.0000000283
1367 0.0000000283
1368 0.0000000282
1369 0.0000000282
1370 0.0000000282
1371 0.0000000281
1372 0.0000000281
1373 0.0000000280
1374 0.0000000280
1375 0.0000000280
1376 0.0000000279
1377 0.0000000279
1378 0.0000000278
1379 0.0000000278
1380 0.0000000278
1381 0.0000000277
1382 0.0000000277
1383 0.0000000276
1384 0.0000000276
1385 0.0000000276
1386 0.0000000275
1387 0.0000000275
1388 0.0000000275
1389 0.0000000274
1390 0.0000000274
1391 0.0000000273
1392 0.0000000273
1393 0.0000000273
1394 0.0000000272
1395 0.0000000272
1396 0.0000000272
1397 0.0000000271
1398 0.0000000271
1399 0.0000000270
1400 0.0000000270
1401 0.0000000270
1402 0.0000000269
1403 0.0000000269
1404 0.0000000269
1405 0.0000000268
1406 0.0000000268
1407 0.0000000267
1408 0.0000000267
1409 0.0000000267
1410 0.0000000266
1411 0.0000000266
1412 0.0000000266
1413 0.0000000265
1414 0.0000000265
1415 0.0000000265
1416 0.0000000264
1417 0.0000000264
1418 0.0000000264
1419 0.0000000263
1420 0.0000000263
1421 0.0000000262
1422 0.0000000262
1423 0.0000000262
1424 0.0000000261
1425 0.0000000261
1426 0.0000000261
1427 0.0000000260
1428 0.0000000260
1429 0.0000000260
1430 0.0000000259
1431 0.0000000259
1432 0.0000000259
1433 0.0000000258
1434 0.0000000258
1435 0.0000000258
1436 0.0000000257
1437 0.0000000257
1438 0.0000000256
1439 0.0000000256
1440 0.0000000256
1441 0.0000000255
1442 0.0000000255
1443 0.0000000255
1444 0.0000000254
1445 0.0000000254
1446 0.0000000254
1447 0.0000000253
1448 0.0000000253
1449 0.0000000253
1450 0.0000000252
1451 0.0000000252
1452 0.0000000252
1453 0.0000000251
1454 0.0000000251
1455 0.0000000251
1456 0.0000000250
1457 0.0000000250
1458 0.0000000250
1459 0.0000000249
1460 0.0000000249
1461 0.0000000249
1462 0.0000000248
1463 0.0000000248
1464 0.0000000248
1465 0.0000000247
1466 0.0000000247
1467 0.0000000247
1468 0.0000000246
1469 0.0000000246
1470 0.0000000246
1471 0.0000000245
1472 0.0000000245
1473 0.0000000245
1474 0.0000000244
1475 0.0000000244
1476 0.0000000244
1477 0.0000000243
1478 0.0000000243
1479 0.0000000243
1480 0.0000000242
1481 0.0000000242
1482 0.0000000242
1483 0.0000000242
1484 0.0000000241
1485 0.0000000241
1486 0.0000000241
1487 0.0000000240
1488 0.0000000240
1489 0.0000000240
1490 0.0000000239
1491 0.0000000239
1492 0.0000000239
1493 0.0000000238
1494 0.0000000238
1495 0.0000000238
1496 0.0000000237
1497 0.0000000237
1498 0.0000000237
1499 0.0000000237
1500 0.0000000236
1501 0.0000000236
1502 0.0000000236
1503 0.0000000235
1504 0.0000000235
1505 0.0000000235
1506 0.0000000234
1507 0.0000000234
1508 0.0000000234
1509 0.0000000233
1510 0.0000000233
1511 0.0000000233
1512 0.0000000233
1513 0.0000000232
1514 0.0000000232
1515 0.0000000232
1516 0.0000000231
1517 0.0000000231
1518 0.0000000231
1519 0.0000000230
1520 0.0000000230
1521 0.0000000230
1522 0.0000000230
1523 0.0000000229
1524 0.0000000229
1525 0.0000000229
1526 0.0000000228
1527 0.0000000228
1528 0.0000000228
1529 0.0000000227
1530 0.0000000227
1531 0.0000000227
1532 0.0000000227
1533 0.0000000226
1534 0.0000000226
1535 0.0000000226
1536 0.0000000225
1537 0.0000000225
1538 0.0000000225
1539 0.0000000225
1540 0.0000000224
1541 0.0000000224
1542 0.0000000224
1543 0.0000000223
1544 0.0000000223
1545 0.0000000223
1546 0.0000000223
1547 0.0000000222
1548 0.0000000222
1549 0.0000000222
1550 0.0000000221
1551 0.0000000221
1552 0.0000000221
1553 0.0000000221
1554 0.0000000220
1555 0.0000000220
1556 0.0000000220
1557 0.0000000219
1558 0.0000000219
1559 0.0000000219
1560 0.0000000219
1561 0.0000000218
1562 0.0000000218
1563 0.0000000218
1564 0.0000000218
1565 0.0000000217
1566 0.0000000217
1567 0.0000000217
1568 0.0000000216
1569 0.0000000216
1570 0.0000000216
1571 0.0000000216
1572 0.0000000215
1573 0.0000000215
1574 0.0000000215
1575 0.0000000215
1576 0.0000000214
1577 0.0000000214
1578 0.0000000214
1579 0.0000000213
1580 0.0000000213
1581 0.0000000213
1582 0.0000000213
1583 0.0000000212
1584 0.0000000212
1585 0.0000000212
1586 0.0000000212
1587 0.0000000211
1588 0.0000000211
1589 0.0000000211
1590 0.0000000210
1591 0.0000000210
1592 0.0000000210
1593 0.0000000210
1594 0.0000000209
1595 0.0000000209
1596 0.0000000209
1597 0.0000000209
1598 0.0000000208
1599 0.0000000208
1600 0.0000000208
1601 0.0000000208
1602 0.0000000207
1603 0.0000000207
1604 0.0000000207
1605 0.0000000207
1606 0.0000000206
1607 0.0000000206
1608 0.0000000206
1609 0.0000000206
1610 0.0000000205
1611 0.0000000205
1612 0.0000000205
1613 0.0000000205
1614 0.0000000204
1615 0.0000000204
1616 0.0000000204
1617 0.0000000204
1618 0.0000000203
1619 0.0000000203
1620 0.0000000203
1621 0.0000000203
1622 0.0000000202
1623 0.0000000202
1624 0.0000000202
1625 0.0000000202
1626 0.0000000201
1627 0.0000000201
1628 0.0000000201
1629 0.0000000201
1630 0.0000000200
1631 0.0000000200
1632 0.0000000200
1633 0.0000000200
1634 0.0000000199
1635 0.0000000199
1636 0.0000000199
1637 0.0000000199
1638 0.0000000198
1639 0.0000000198
1640 0.0000000198
1641 0.0000000198
1642 0.0000000197
1643 0.0000000197
1644 0.0000000197
1645 0.0000000197
1646 0.0000000196
1647 0.0000000196
1648 0.0000000196
1649 0.0000000196
1650 0.0000000195
1651 0.0000000195
1652 0.0000000195
1653 0.0000000195
1654 0.0000000194
1655 0.0000000194
1656 0.0000000194
1657 0.0000000194
1658 0.0000000193
1659 0.0000000193
1660 0.0000000193
1661 0.0000000193
1662 0.0000000193
1663 0.0000000192
1664 0.0000000192
1665 0.0000000192
1666 0.0000000192
1667 0.0000000191
1668 0.0000000191
1669 0.0000000191
1670 0.0000000191
1671 0.0000000190
1672 0.0000000190
1673 0.0000000190
1674 0.0000000190
1675 0.0000000190
1676 0.0000000189
1677 0.0000000189
1678 0.0000000189
1679 0.0000000189
1680 0.0000000188
1681 0.0000000188
1682 0.0000000188
1683 0.0000000188
1684 0.0000000187
1685 0.0000000187
1686 0.0000000187
1687 0.0000000187
1688 0.0000000187
1689 0.0000000186
1690 0.0000000186
1691 0.0000000186
1692 0.0000000186
1693 0.0000000185
1694 0.0000000185
1695 0.0000000185
1696 0.0000000185
1697 0.0000000185
1698 0.0000000184
1699 0.0000000184
1700 0.0000000184
1701 0.0000000184
1702 0.0000000183
1703 0.0000000183
1704 0.0000000183
1705 0.0000000183
1706 0.0000000183
1707 0.0000000182
1708 0.0000000182
1709 0.0000000182
1710 0.0000000182
1711 0.0000000181
1712 0.0000000181
1713 0.0000000181
1714 0.0000000181
1715 0.0000000181
1716 0.0000000180
1717 0.0000000180
1718 0.0000000180
1719 0.0000000180
1720 0.0000000180
1721 0.0000000179
1722 0.0000000179
1723 0.0000000179
1724 0.0000000179
1725 0.0000000178
1726 0.0000000178
1727 0.0000000178
1728 0.0000000178
1729 0.0000000178
1730 0.0000000177
1731 0.0000000177
1732 0.0000000177
1733 0.0000000177
1734 0.0000000177
1735 0.0000000176
1736 0.0000000176
1737 0.0000000176
1738 0.0000000176
1739 0.0000000176
1740 0.0000000175
1741 0.0000000175
1742 0.0000000175
1743 0.0000000175
1744 0.0000000174
1745 0.0000000174
1746 0.0000000174
1747 0.0000000174
1748 0.0000000174
1749 0.0000000173
1750 0.0000000173
1751 0.0000000173
1752 0.0000000173
1753 0.0000000173
1754 0.0000000172
1755 0.0000000172
1756 0.0000000172
1757 0.0000000172
1758 0.0000000172
1759 0.0000000171
1760 0.0000000171
1761 0.0000000171
1762 0.0000000171
1763 0.0000000171
1764 0.0000000170
1765 0.0000000170
1766 0.0000000170
1767 0.0000000170
1768 0.0000000170
1769 0.0000000169
1770 0.0000000169
1771 0.0000000169
1772 0.0000000169
1773 0.0000000169
1774 0.0000000168
1775 0.0000000168
1776 0.0000000168
1777 0.0000000168
1778 0.0000000168
1779 0.0000000167
1780 0.0000000167
1781 0.0000000167
1782 0.0000000167
1783 0.0000000167
1784 0.0000000166
1785 0.0000000166
1786 0.0000000166
1787 0.0000000166
1788 0.0000000166
1789 0.0000000165
1790 0.0000000165
1791 0.0000000165
1792 0.0000000165
1793 0.0000000165
1794 0.0000000164
1795 0.0000000164
1796 0.0000000164
1797 0.0000000164
1798 0.0000000164
1799 0.0000000163
1800 0.0000000163
1801 0.0000000163
1802 0.0000000163
1803 0.0000000163
1804 0.0000000162
1805 0.0000000162
1806 0.0000000162
1807 0.0000000162
1808 0.0000000162
1809 0.0000000162
1810 0.0000000161
1811 0.0000000161
1812 0.0000000161
1813 0.0000000161
1814 0.0000000161
1815 0.0000000160
1816 0.0000000160
1817 0.0000000160
1818 0.0000000160
1819 0.0000000160
1820 0.0000000159
1821 0.0000000159
1822 0.0000000159
1823 0.0000000159
1824 0.0000000159
1825 0.0000000159
1826 0.0000000158
1827 0.0000000158
1828 0.0000000158
1829 0.0000000158
1830 0.0000000158
1831 0.0000000157
1832 0.0000000157
1833 0.0000000157
1834 0.0000000157
1835 0.0000000157
1836 0.0000000156
1837 0.0000000156
1838 0.0000000156
1839 0.0000000156
1840 0.0000000156
1841 0.0000000156
1842 0.0000000155
1843 0.0000000155
1844 0.0000000155
1845 0.0000000155
1846 0.0000000155
1847 0.0000000154
1848 0.0000000154
1849 0.0000000154
1850 0.0000000154
1851 0.0000000154
1852 0.0000000153
1853 0.0000000153
1854 0.0000000153
1855 0.0000000153
1856 0.0000000153
1857 0.0000000153
1858 0.0000000152
1859 0.0000000152
1860 0.0000000152
1861 0.0000000152
1862 0.0000000152
1863 0.0000000151
1864 0.0000000151
1865 0.0000000151
1866 0.0000000151
1867 0.0000000151
1868 0.0000000151
1869 0.0000000150
1870 0.0000000150
1871 0.0000000150
1872 0.0000000150
1873 0.0000000150
1874 0.0000000149
1875 0.0000000149
1876 0.0000000149
1877 0.0000000149
1878 0.0000000149
1879 0.0000000149
1880 0.0000000148
1881 0.0000000148
1882 0.0000000148
1883 0.0000000148
1884 0.0000000148
1885 0.0000000147
1886 0.0000000147
1887 0.0000000147
1888 0.0000000147
1889 0.0000000147
1890 0.0000000147
1891 0.0000000146
1892 0.0000000146
1893 0.0000000146
1894 0.0000000146
1895 0.0000000146
1896 0.0000000145
1897 0.0000000145
1898 0.0000000145
1899 0.0000000145
1900 0.0000000145
1901 0.0000000145
1902 0.0000000144
1903 0.0000000144
1904 0.0000000144
1905 0.0000000144
1906 0.0000000144
1907 0.0000000143
1908 0.0000000143
1909 0.0000000143
1910 0.0000000143
1911 0.0000000143
1912 0.0000000142
1913 0.0000000142
1914 0.0000000142
1915 0.0000000142
1916 0.0000000142
1917 0.0000000142
1918 0.0000000141
1919 0.0000000141
1920 0.0000000141
1921 0.0000000141
1922 0.0000000141
1923 0.0000000140
1924 0.0000000140
1925 0.0000000140
1926 0.0000000140
1927 0.0000000140
1928 0.0000000139
1929 0.0000000139
1930 0.0000000139
1931 0.0000000139
1932 0.0000000139
1933 0.0000000138
1934 0.0000000138
1935 0.0000000138
1936 0.0000000138
1937 0.0000000138
1938 0.0000000137
1939 0.0000000137
1940 0.0000000137
1941 0.0000000137
1942 0.0000000137
1943 0.0000000136
1944 0.0000000136
1945 0.0000000136
1946 0.0000000136
1947 0.0000000136
1948 0.0000000135
1949 0.0000000135
1950 0.0000000135
1951 0.0000000135
1952 0.0000000135
1953 0.0000000134
1954 0.0000000134
1955 0.0000000134
1956 0.0000000134
1957 0.0000000133
1958 0.0000000133
1959 0.0000000133
1960 0.0000000133
1961 0.0000000133
1962 0.0000000132
1963 0.0000000132
1964 0.0000000132
1965 0.0000000132
1966 0.0000000131
1967 0.0000000131
1968 0.0000000131
1969 0.0000000131
1970 0.0000000130
1971 0.0000000130
1972 0.0000000130
1973 0.0000000130
1974 0.0000000129
1975 0.0000000129
1976 0.0000000129
1977 0.0000000129
1978 0.0000000128
1979 0.0000000128
1980 0.0000000128
1981 0.0000000128
1982 0.0000000127
1983 0.0000000127
1984 0.0000000127
1985 0.0000000126
1986 0.0000000126
1987 0.0000000125
1988 0.0000000125
1989 0.0000000125
1990 0.0000000124
1991 0.0000000124
1992 0.0000000123
1993 0.0000000123
1994 0.0000000122
1995 0.0000000121
1996 0.0000000119
1997 0.0000000117
1998 0.0000000114
1999 0.0000000101
2000 0.0000000000
