1 990
0 0.9841388025
1 0.0037319354
2 0.0015613939
3 0.0010853568
4 0.0007975681
5 0.0006269534
6 0.0005150298
7 0.0004352310
8 0.0003753661
9 0.0003288582
10 0.0002917283
11 0.0002614205
12 0.0002362263
13 0.0002149634
14 0.0001967882
15 0.0001810825
16 0.0001673825
17 0.0001553337
18 0.0001446603
19 0.0001351446
20 0.0001266123
21 0.0001189225
22 0.0001119598
23 0.0001056289
24 0.0000998504
25 0.0000945577
26 0.0000896942
27 0.0000852119
28 0.0000810697
29 0.0000772321
30 0.0000736682
31 0.0000703512
32 0.0000672579
33 0.0000643674
34 0.0000616618
35 0.0000591248
36 0.0000567423
37 0.0000545014
38 0.0000523907
39 0.0000504001
40 0.0000485203
41 0.0000467430
42 0.0000450608
43 0.0000434668
44 0.0000419547
45 0.0000405191
46 0.0000391548
47 0.0000378570
48 0.0000366214
49 0.0000354442
50 0.0000343216
51 0.0000332503
52 0.0000322273
53 0.0000312496
54 0.0000303147
55 0.0000294201
56 0.0000285636
57 0.0000277429
58 0.0000269562
59 0.0000262017
60 0.0000254776
61 0.0000247823
62 0.0000241144
63 0.0000234725
64 0.0000228552
65 0.0000222614
66 0.0000216899
67 0.0000211397
68 0.0000206096
69 0.0000200989
70 0.0000196065
71 0.0000191316
72 0.0000186735
73 0.0000182314
74 0.0000178046
75 0.0000173924
76 0.0000169941
77 0.0000166093
78 0.0000162372
79 0.0000158774
80 0.0000155294
81 0.0000151926
82 0.0000148667
83 0.0000145511
84 0.0000142455
85 0.0000139495
86 0.0000136627
87 0.0000133847
88 0.0000131152
89 0.0000128538
90 0.0000126003
91 0.0000123544
92 0.0000121158
93 0.0000118841
94 0.0000116592
95 0.0000114409
96 0.0000112288
97 0.0000110227
98 0.0000108225
99 0.0000106279
100 0.0000104387
101 0.0000102547
102 0.0000100758
103 0.0000099019
104 0.0000097326
105 0.0000095679
106 0.0000094075
107 0.0000092515
108 0.0000090995
109 0.0000089516
110 0.0000088075
111 0.0000086671
112 0.0000085303
113 0.0000083970
114 0.0000082671
115 0.0000081405
116 0.0000080170
117 0.0000078966
118 0.0000077792
119 0.0000076646
120 0.0000075529
121 0.0000074438
122 0.0000073374
123 0.0000072335
124 0.0000071321
125 0.0000070331
126 0.0000069364
127 0.0000068420
128 0.0000067498
129 0.0000066597
130 0.0000065716
131 0.0000064856
132 0.0000064015
133 0.0000063192
134 0.0000062389
135 0.0000061603
136 0.0000060834
137 0.0000060082
138 0.0000059347
139 0.0000058628
140 0.0000057924
141 0.0000057235
142 0.0000056561
143 0.0000055901
144 0.0000055255
145 0.0000054622
146 0.0000054002
147 0.0000053396
148 0.0000052801
149 0.0000052219
150 0.0000051649
151 0.0000051090
152 0.0000050542
153 0.0000050005
154 0.0000049479
155 0.0000048963
156 0.0000048457
157 0.0000047961
158 0.0000047475
159 0.0000046997
160 0.0000046529
161 0.0000046070
162 0.0000045619
163 0.0000045177
164 0.0000044743
165 0.0000044317
166 0.0000043899
167 0.0000043489
168 0.0000043085
169 0.0000042690
170 0.0000042301
171 0.0000041919
172 0.0000041544
173 0.0000041175
174 0.0000040813
175 0.0000040457
176 0.0000040108
177 0.0000039764
178 0.0000039426
179 0.0000039094
180 0.0000038767
181 0.0000038446
182 0.0000038130
183 0.0000037820
184 0.0000037514
185 0.0000037214
186 0.0000036918
187 0.0000036627
188 0.0000036341
189 0.0000036059
190 0.0000035782
191 0.0000035509
192 0.0000035240
193 0.0000034975
194 0.0000034715
195 0.0000034458
196 0.0000034206
197 0.0000033957
198 0.0000033712
199 0.0000033470
200 0.0000033232
201 0.0000032998
202 0.0000032767
203 0.0000032539
204 0.0000032315
205 0.0000032094
206 0.0000031876
207 0.0000031661
208 0.0000031449
209 0.0000031240
210 0.0000031034
211 0.0000030830
212 0.0000030630
213 0.0000030432
214 0.0000030237
215 0.0000030044
216 0.0000029855
217 0.0000029667
218 0.0000029482
219 0.0000029300
220 0.0000029119
221 0.0000028942
222 0.0000028766
223 0.0000028593
224 0.0000028421
225 0.0000028252
226 0.0000028086
227 0.0000027921
228 0.0000027758
229 0.0000027597
230 0.0000027438
231 0.0000027281
232 0.0000027126
233 0.0000026973
234 0.0000026822
235 0.0000026672
236 0.0000026524
237 0.0000026378
238 0.0000026233
239 0.0000026091
240 0.0000025949
241 0.0000025810
242 0.0000025672
243 0.0000025535
244 0.0000025400
245 0.0000025267
246 0.0000025135
247 0.0000025004
248 0.0000024875
249 0.0000024747
250 0.0000024621
251 0.0000024496
252 0.0000024372
253 0.0000024250
254 0.0000024128
255 0.0000024009
256 0.0000023890
257 0.0000023772
258 0.0000023656
259 0.0000023541
260 0.0000023427
261 0.0000023314
262 0.0000023203
263 0.0000023092
264 0.0000022982
265 0.0000022874
266 0.0000022767
267 0.0000022660
268 0.0000022555
269 0.0000022451
270 0.0000022347
271 0.0000022245
272 0.0000022143
273 0.0000022043
274 0.0000021943
275 0.0000021845
276 0.0000021747
277 0.0000021650
278 0.0000021554
279 0.0000021459
280 0.0000021365
281 0.0000021271
282 0.0000021179
283 0.0000021087
284 0.0000020996
285 0.0000020906
286 0.0000020816
287 0.0000020727
288 0.0000020639
289 0.0000020552
290 0.0000020466
291 0.0000020380
292 0.0000020295
293 0.0000020211
294 0.0000020127
295 0.0000020044
296 0.0000019962
297 0.0000019881
298 0.0000019800
299 0.0000019719
300 0.0000019640
301 0.0000019561
302 0.0000019482
303 0.0000019404
304 0.0000019327
305 0.0000019251
306 0.0000019175
307 0.0000019099
308 0.0000019025
309 0.0000018950
310 0.0000018877
311 0.0000018804
312 0.0000018731
313 0.0000018659
314 0.0000018588
315 0.0000018517
316 0.0000018446
317 0.0000018376
318 0.0000018307
319 0.0000018238
320 0.0000018170
321 0.0000018102
322 0.0000018034
323 0.0000017967
324 0.0000017901
325 0.0000017835
326 0.0000017769
327 0.0000017704
328 0.0000017640
329 0.0000017575
330 0.0000017512
331 0.0000017448
332 0.0000017385
333 0.0000017323
334 0.0000017261
335 0.0000017199
336 0.0000017138
337 0.0000017077
338 0.0000017017
339 0.0000016957
340 0.0000016897
341 0.0000016838
342 0.0000016779
343 0.0000016721
344 0.0000016663
345 0.0000016605
346 0.0000016548
347 0.0000016491
348 0.0000016434
349 0.0000016378
350 0.0000016322
351 0.0000016267
352 0.0000016212
353 0.0000016157
354 0.0000016102
355 0.0000016048
356 0.0000015994
357 0.0000015941
358 0.0000015888
359 0.0000015835
360 0.0000015782
361 0.0000015730
362 0.0000015678
363 0.0000015627
364 0.0000015576
365 0.0000015525
366 0.0000015474
367 0.0000015424
368 0.0000015374
369 0.0000015324
370 0.0000015275
371 0.0000015225
372 0.0000015177
373 0.0000015128
374 0.0000015080
375 0.0000015031
376 0.0000014984
377 0.0000014936
378 0.0000014889
379 0.0000014842
380 0.0000014795
381 0.0000014749
382 0.0000014703
383 0.0000014657
384 0.0000014611
385 0.0000014566
386 0.0000014521
387 0.0000014476
388 0.0000014431
389 0.0000014387
390 0.0000014343
391 0.0000014299
392 0.0000014255
393 0.0000014212
394 0.0000014169
395 0.0000014126
396 0.0000014083
397 0.0000014040
398 0.0000013998
399 0.0000013956
400 0.0000013914
401 0.0000013873
402 0.0000013831
403 0.0000013790
404 0.0000013749
405 0.0000013708
406 0.0000013668
407 0.0000013628
408 0.0000013587
409 0.0000013548
410 0.0000013508
411 0.0000013468
412 0.0000013429
413 0.0000013390
414 0.0000013351
415 0.0000013312
416 0.0000013274
417 0.0000013236
418 0.0000013198
419 0.0000013160
420 0.0000013122
421 0.0000013084
422 0.0000013047
423 0.0000013010
424 0.0000012973
425 0.0000012936
426 0.0000012899
427 0.0000012863
428 0.0000012827
429 0.0000012791
430 0.0000012755
431 0.0000012719
432 0.0000012683
433 0.0000012648
434 0.0000012613
435 0.0000012578
436 0.0000012543
437 0.0000012508
438 0.0000012474
439 0.0000012439
440 0.0000012405
441 0.0000012371
442 0.0000012337
443 0.0000012303
444 0.0000012270
445 0.0000012236
446 0.0000012203
447 0.0000012170
448 0.0000012137
449 0.0000012104
450 0.0000012072
451 0.0000012039
452 0.0000012007
453 0.0000011975
454 0.0000011943
455 0.0000011911
456 0.0000011879
457 0.0000011847
458 0.0000011816
459 0.0000011785
460 0.0000011753
461 0.0000011722
462 0.0000011691
463 0.0000011661
464 0.0000011630
465 0.0000011600
466 0.0000011569
467 0.0000011539
468 0.0000011509
469 0.0000011479
470 0.0000011449
471 0.0000011419
472 0.0000011390
473 0.0000011361
474 0.0000011331
475 0.0000011302
476 0.0000011273
477 0.0000011244
478 0.0000011215
479 0.0000011187
480 0.0000011158
481 0.0000011130
482 0.0000011101
483 0.0000011073
484 0.0000011045
485 0.0000011017
486 0.0000010990
487 0.0000010962
488 0.0000010934
489 0.0000010907
490 0.0000010880
491 0.0000010852
492 0.0000010825
493 0.0000010798
494 0.0000010771
495 0.0000010745
496 0.0000010718
497 0.0000010691
498 0.0000010665
499 0.0000010639
500 0.0000010612
501 0.0000010586
502 0.0000010560
503 0.0000010534
504 0.0000010509
505 0.0000010483
506 0.0000010457
507 0.0000010432
508 0.0000010407
509 0.0000010381
510 0.0000010356
511 0.0000010331
512 0.0000010306
513 0.0000010281
514 0.0000010257
515 0.0000010232
516 0.0000010207
517 0.0000010183
518 0.0000010159
519 0.0000010134
520 0.0000010110
521 0.0000010086
522 0.0000010062
523 0.0000010038
524 0.0000010015
525 0.0000009991
526 0.0000009967
527 0.0000009944
528 0.0000009920
529 0.0000009897
530 0.0000009874
531 0.0000009851
532 0.0000009828
533 0.0000009805
534 0.0000009782
535 0.0000009759
536 0.0000009736
537 0.0000009714
538 0.0000009691
539 0.0000009669
540 0.0000009647
541 0.0000009624
542 0.0000009602
543 0.0000009580
544 0.0000009558
545 0.0000009536
546 0.0000009514
547 0.0000009493
548 0.0000009471
549 0.0000009449
550 0.0000009428
551 0.0000009407
552 0.0000009385
553 0.0000009364
554 0.0000009343
555 0.0000009322
556 0.0000009301
557 0.0000009280
558 0.0000009259
559 0.0000009238
560 0.0000009217
561 0.0000009197
562 0.0000009176
563 0.0000009156
564 0.0000009135
565 0.0000009115
566 0.0000009095
567 0.0000009075
568 0.0000009054
569 0.0000009034
570 0.0000009015
571 0.0000008995
572 0.0000008975
573 0.0000008955
574 0.0000008935
575 0.0000008916
576 0.0000008896
577 0.0000008877
578 0.0000008857
579 0.0000008838
580 0.0000008819
581 0.0000008800
582 0.0000008781
583 0.0000008762
584 0.0000008743
585 0.0000008724
586 0.0000008705
587 0.0000008686
588 0.0000008667
589 0.0000008649
590 0.0000008630
591 0.0000008612
592 0.0000008593
593 0.0000008575
594 0.0000008557
595 0.0000008538
596 0.0000008520
597 0.0000008502
598 0.0000008484
599 0.0000008466
600 0.0000008448
601 0.0000008430
602 0.0000008412
603 0.0000008395
604 0.0000008377
605 0.0000008359
606 0.0000008342
607 0.0000008324
608 0.0000008307
609 0.0000008290
610 0.0000008272
611 0.0000008255
612 0.0000008238
613 0.0000008221
614 0.0000008204
615 0.0000008187
616 0.0000008170
617 0.0000008153
618 0.0000008136
619 0.0000008119
620 0.0000008102
621 0.0000008086
622 0.0000008069
623 0.0000008052
624 0.0000008036
625 0.0000008019
626 0.0000008003
627 0.0000007987
628 0.0000007970
629 0.0000007954
630 0.0000007938
631 0.0000007922
632 0.0000007906
633 0.0000007890
634 0.0000007874
635 0.0000007858
636 0.0000007842
637 0.0000007826
638 0.0000007810
639 0.0000007795
640 0.0000007779
641 0.0000007763
642 0.0000007748
643 0.0000007732
644 0.0000007717
645 0.0000007701
646 0.0000007686
647 0.0000007671
648 0.0000007655
649 0.0000007640
650 0.0000007625
651 0.0000007610
652 0.0000007595
653 0.0000007580
654 0.0000007565
655 0.0000007550
656 0.0000007535
657 0.0000007520
658 0.0000007505
659 0.0000007491
660 0.0000007476
661 0.0000007461
662 0.0000007447
663 0.0000007432
664 0.0000007418
665 0.0000007403
666 0.0000007389
667 0.0000007375
668 0.0000007360
669 0.0000007346
670 0.0000007332
671 0.0000007318
672 0.0000007303
673 0.0000007289
674 0.0000007275
675 0.0000007261
676 0.0000007247
677 0.0000007233
678 0.0000007219
679 0.0000007206
680 0.0000007192
681 0.0000007178
682 0.0000007164
683 0.0000007151
684 0.0000007137
685 0.0000007123
686 0.0000007110
687 0.0000007096
688 0.0000007083
689 0.0000007070
690 0.0000007056
691 0.0000007043
692 0.0000007030
693 0.0000007016
694 0.0000007003
695 0.0000006990
696 0.0000006977
697 0.0000006964
698 0.0000006951
699 0.0000006938
700 0.0000006925
701 0.0000006912
702 0.0000006899
703 0.0000006886
704 0.0000006873
705 0.0000006860
706 0.0000006847
707 0.0000006835
708 0.0000006822
709 0.0000006809
710 0.0000006797
711 0.0000006784
712 0.0000006772
713 0.0000006759
714 0.0000006747
715 0.0000006734
716 0.0000006722
717 0.0000006710
718 0.0000006697
719 0.0000006685
720 0.0000006673
721 0.0000006661
722 0.0000006648
723 0.0000006636
724 0.0000006624
725 0.0000006612
726 0.0000006600
727 0.0000006588
728 0.0000006576
729 0.0000006564
730 0.0000006552
731 0.0000006540
732 0.0000006529
733 0.0000006517
734 0.0000006505
735 0.0000006493
736 0.0000006482
737 0.0000006470
738 0.0000006458
739 0.0000006447
740 0.0000006435
741 0.0000006424
742 0.0000006412
743 0.0000006401
744 0.0000006389
745 0.0000006378
746 0.0000006367
747 0.0000006355
748 0.0000006344
749 0.0000006333
750 0.0000006321
751 0.0000006310
752 0.0000006299
753 0.0000006288
754 0.0000006277
755 0.0000006266
756 0.0000006255
757 0.0000006244
758 0.0000006233
759 0.0000006222
760 0.0000006211
761 0.0000006200
762 0.0000006189
763 0.0000006178
764 0.0000006167
765 0.0000006157
766 0.0000006146
767 0.0000006135
768 0.0000006124
769 0.0000006114
770 0.0000006103
771 0.0000006092
772 0.0000006082
773 0.0000006071
774 0.0000006061
775 0.0000006050
776 0.0000006040
777 0.0000006029
778 0.0000006019
779 0.0000006009
780 0.0000005998
781 0.0000005988
782 0.0000005978
783 0.0000005967
784 0.0000005957
785 0.0000005947
786 0.0000005937
787 0.0000005927
788 0.0000005916
789 0.0000005906
790 0.0000005896
791 0.0000005886
792 0.0000005876
793 0.0000005866
794 0.0000005856
795 0.0000005846
796 0.0000005836
797 0.0000005826
798 0.0000005816
799 0.0000005807
800 0.0000005797
801 0.0000005787
802 0.0000005777
803 0.0000005767
804 0.0000005758
805 0.0000005748
806 0.0000005738
807 0.0000005729
808 0.0000005719
809 0.0000005709
810 0.0000005700
811 0.0000005690
812 0.0000005681
813 0.0000005671
814 0.0000005662
815 0.0000005652
816 0.0000005643
817 0.0000005633
818 0.0000005624
819 0.0000005615
820 0.0000005605
821 0.0000005596
822 0.0000005587
823 0.0000005577
824 0.0000005568
825 0.0000005559
826 0.0000005550
827 0.0000005541
828 0.0000005531
829 0.0000005522
830 0.0000005513
831 0.0000005504
832 0.0000005495
833 0.0000005486
834 0.0000005477
835 0.0000005468
836 0.0000005459
837 0.0000005450
838 0.0000005441
839 0.0000005432
840 0.0000005423
841 0.0000005414
842 0.0000005405
843 0.0000005397
844 0.0000005388
845 0.0000005379
846 0.0000005370
847 0.0000005361
848 0.0000005353
849 0.0000005344
850 0.0000005335
851 0.0000005327
852 0.0000005318
853 0.0000005309
854 0.0000005301
855 0.0000005292
856 0.0000005283
857 0.0000005275
858 0.0000005266
859 0.0000005258
860 0.0000005249
861 0.0000005241
862 0.0000005232
863 0.0000005224
864 0.0000005216
865 0.0000005207
866 0.0000005199
867 0.0000005190
868 0.0000005182
869 0.0000005174
870 0.0000005165
871 0.0000005157
872 0.0000005149
873 0.0000005141
874 0.0000005132
875 0.0000005124
876 0.0000005116
877 0.0000005108
878 0.0000005100
879 0.0000005091
880 0.0000005083
881 0.0000005075
882 0.0000005067
883 0.0000005059
884 0.0000005051
885 0.0000005043
886 0.0000005035
887 0.0000005027
888 0.0000005019
889 0.0000005011
890 0.0000005003
891 0.0000004995
892 0.0000004987
893 0.0000004979
894 0.0000004971
895 0.0000004963
896 0.0000004955
897 0.0000004948
898 0.0000004940
899 0.0000004932
900 0.0000004924
901 0.0000004916
902 0.0000004909
903 0.0000004901
904 0.0000004893
905 0.0000004885
906 0.0000004877
907 0.0000004870
908 0.0000004862
909 0.0000004854
910 0.0000004847
911 0.0000004839
912 0.0000004831
913 0.0000004824
914 0.0000004816
915 0.0000004809
916 0.0000004801
917 0.0000004793
918 0.0000004786
919 0.0000004778
920 0.0000004771
921 0.0000004763
922 0.0000004756
923 0.0000004748
924 0.0000004741
925 0.0000004733
926 0.0000004726
927 0.0000004718
928 0.0000004711
929 0.0000004703
930 0.0000004696
931 0.0000004688
932 0.0000004681
933 0.0000004673
934 0.0000004666
935 0.0000004658
936 0.0000004651
937 0.0000004644
938 0.0000004636
939 0.0000004629
940 0.0000004621
941 0.0000004614
942 0.0000004607
943 0.0000004599
944 0.0000004592
945 0.0000004584
946 0.0000004577
947 0.0000004569
948 0.0000004562
949 0.0000004555
950 0.0000004547
951 0.0000004540
952 0.0000004532
953 0.0000004525
954 0.0000004517
955 0.0000004510
956 0.0000004502
957 0.0000004495
958 0.0000004487
959 0.0000004479
960 0.0000004472
961 0.0000004464
962 0.0000004456
963 0.0000004449
964 0.0000004441
965 0.0000004433
966 0.0000004425
967 0.0000004417
968 0.0000004408
969 0.0000004400
970 0.0000004392
971 0.0000004383
972 0.0000004374
973 0.0000004365
974 0.0000004356
975 0.0000004346
976 0.0000004336
977 0.0000004325
978 0.0000004314
979 0.0000004301
980 0.0000004288
981 0.0000004274
982 0.0000004257
983 0.0000004237
984 0.0000004214
985 0.0000004183
986 0.0000004140
987 0.0000004076
988 0.0000003948
989 0.0000003517
990 0.0000000000
