1 316
0 0.9939108951
1 0.0023352946
2 0.0006762699
3 0.0004140008
4 0.0002775939
5 0.0002044279
6 0.0001599081
7 0.0001300236
8 0.0001087000
9 0.0000928267
10 0.0000806159
11 0.0000709697
12 0.0000631817
13 0.0000567792
14 0.0000514348
15 0.0000469151
16 0.0000430495
17 0.0000397106
18 0.0000368014
19 0.0000342470
20 0.0000319886
21 0.0000299794
22 0.0000281819
23 0.0000265656
24 0.0000251054
25 0.0000237805
26 0.0000225738
27 0.0000214707
28 0.0000204589
29 0.0000195279
30 0.0000186689
31 0.0000178741
32 0.0000171368
33 0.0000164513
34 0.0000158126
35 0.0000152161
36 0.0000146580
37 0.0000141348
38 0.0000136435
39 0.0000131814
40 0.0000127461
41 0.0000123353
42 0.0000119472
43 0.0000115800
44 0.0000112321
45 0.0000109021
46 0.0000105887
47 0.0000102907
48 0.0000100071
49 0.0000097369
50 0.0000094792
51 0.0000092332
52 0.0000089981
53 0.0000087733
54 0.0000085581
55 0.0000083520
56 0.0000081543
57 0.0000079647
58 0.0000077827
59 0.0000076078
60 0.0000074396
61 0.0000072778
62 0.0000071220
63 0.0000069719
64 0.0000068273
65 0.0000066878
66 0.0000065532
67 0.0000064232
68 0.0000062976
69 0.0000061763
70 0.0000060589
71 0.0000059454
72 0.0000058355
73 0.0000057291
74 0.0000056260
75 0.0000055260
76 0.0000054291
77 0.0000053352
78 0.0000052440
79 0.0000051554
80 0.0000050694
81 0.0000049859
82 0.0000049047
83 0.0000048258
84 0.0000047490
85 0.0000046744
86 0.0000046017
87 0.0000045310
88 0.0000044621
89 0.0000043950
90 0.0000043296
91 0.0000042659
92 0.0000042038
93 0.0000041432
94 0.0000040841
95 0.0000040264
96 0.0000039701
97 0.0000039152
98 0.0000038616
99 0.0000038092
100 0.0000037580
101 0.0000037080
102 0.0000036591
103 0.0000036113
104 0.0000035645
105 0.0000035188
106 0.0000034741
107 0.0000034304
108 0.0000033876
109 0.0000033456
110 0.0000033046
111 0.0000032644
112 0.0000032251
113 0.0000031865
114 0.0000031488
115 0.0000031118
116 0.0000030755
117 0.0000030399
118 0.0000030051
119 0.0000029709
120 0.0000029373
121 0.0000029045
122 0.0000028722
123 0.0000028405
124 0.0000028094
125 0.0000027789
126 0.0000027490
127 0.0000027196
128 0.0000026907
129 0.0000026623
130 0.0000026345
131 0.0000026071
132 0.0000025802
133 0.0000025538
134 0.0000025279
135 0.0000025023
136 0.0000024772
137 0.0000024526
138 0.0000024283
139 0.0000024045
140 0.0000023810
141 0.0000023579
142 0.0000023352
143 0.0000023129
144 0.0000022909
145 0.0000022693
146 0.0000022480
147 0.0000022271
148 0.0000022064
149 0.0000021861
150 0.0000021661
151 0.0000021465
152 0.0000021271
153 0.0000021080
154 0.0000020892
155 0.0000020706
156 0.0000020524
157 0.0000020344
158 0.0000020167
159 0.0000019992
160 0.0000019820
161 0.0000019650
162 0.0000019483
163 0.0000019318
164 0.0000019155
165 0.0000018995
166 0.0000018837
167 0.0000018681
168 0.0000018527
169 0.0000018375
170 0.0000018226
171 0.0000018078
172 0.0000017933
173 0.0000017789
174 0.0000017647
175 0.0000017507
176 0.0000017369
177 0.0000017233
178 0.0000017099
179 0.0000016966
180 0.0000016835
181 0.0000016705
182 0.0000016578
183 0.0000016452
184 0.0000016327
185 0.0000016204
186 0.0000016083
187 0.0000015963
188 0.0000015844
189 0.0000015727
190 0.0000015611
191 0.0000015497
192 0.0000015384
193 0.0000015273
194 0.0000015163
195 0.0000015054
196 0.0000014946
197 0.0000014840
198 0.0000014735
199 0.0000014631
200 0.0000014528
201 0.0000014427
202 0.0000014327
203 0.0000014227
204 0.0000014129
205 0.0000014032
206 0.0000013936
207 0.0000013842
208 0.0000013748
209 0.0000013655
210 0.0000013564
211 0.0000013473
212 0.0000013383
213 0.0000013294
214 0.0000013207
215 0.0000013120
216 0.0000013034
217 0.0000012949
218 0.0000012865
219 0.0000012782
220 0.0000012699
221 0.0000012618
222 0.0000012537
223 0.0000012457
224 0.0000012379
225 0.0000012300
226 0.0000012223
227 0.0000012146
228 0.0000012071
229 0.0000011996
230 0.0000011921
231 0.0000011848
232 0.0000011775
233 0.0000011703
234 0.0000011631
235 0.0000011561
236 0.0000011491
237 0.0000011422
238 0.0000011353
239 0.0000011285
240 0.0000011218
241 0.0000011151
242 0.0000011085
243 0.0000011019
244 0.0000010955
245 0.0000010890
246 0.0000010827
247 0.0000010764
248 0.0000010701
249 0.0000010639
250 0.0000010578
251 0.0000010517
252 0.0000010457
253 0.0000010397
254 0.0000010338
255 0.0000010280
256 0.0000010222
257 0.0000010164
258 0.0000010107
259 0.0000010050
260 0.0000009994
261 0.0000009939
262 0.0000009884
263 0.0000009829
264 0.0000009775
265 0.0000009721
266 0.0000009668
267 0.0000009615
268 0.0000009562
269 0.0000009510
270 0.0000009459
271 0.0000009408
272 0.0000009357
273 0.0000009307
274 0.0000009257
275 0.0000009207
276 0.0000009158
277 0.0000009109
278 0.0000009061
279 0.0000009013
280 0.0000008965
281 0.0000008917
282 0.0000008870
283 0.0000008824
284 0.0000008777
285 0.0000008731
286 0.0000008685
287 0.0000008639
288 0.0000008594
289 0.0000008549
290 0.0000008504
291 0.0000008459
292 0.0000008415
293 0.0000008370
294 0.0000008326
295 0.0000008282
296 0.0000008238
297 0.0000008194
298 0.0000008150
299 0.0000008106
300 0.0000008061
301 0.0000008017
302 0.0000007971
303 0.0000007926
304 0.0000007879
305 0.0000007831
306 0.0000007782
307 0.0000007730
308 0.0000007676
309 0.0000007616
310 0.0000007549
311 0.0000007471
312 0.0000007372
313 0.0000007235
314 0.0000006988
315 0.0000006209
316 0.0000000000
