0 900
0 0.9841070199
1 0.0033284892
2 0.0014049675
3 0.0009834732
4 0.0007282932
5 0.0005769043
6 0.0004775117
7 0.0004065709
8 0.0003532840
9 0.0003118279
10 0.0002786793
11 0.0002515752
12 0.0002290025
13 0.0002099142
14 0.0001935633
15 0.0001794022
16 0.0001670204
17 0.0001561038
18 0.0001464082
19 0.0001377407
20 0.0001299471
21 0.0001229025
22 0.0001165047
23 0.0001106694
24 0.0001053260
25 0.0001004157
26 0.0000958884
27 0.0000917014
28 0.0000878183
29 0.0000842077
30 0.0000808422
31 0.0000776981
32 0.0000747546
33 0.0000719934
34 0.0000693985
35 0.0000669555
36 0.0000646518
37 0.0000624760
38 0.0000604180
39 0.0000584688
40 0.0000566201
41 0.0000548646
42 0.0000531956
43 0.0000516071
44 0.0000500935
45 0.0000486498
46 0.0000472714
47 0.0000459542
48 0.0000446943
49 0.0000434883
50 0.0000423327
51 0.0000412247
52 0.0000401615
53 0.0000391406
54 0.0000381595
55 0.0000372161
56 0.0000363084
57 0.0000354344
58 0.0000345925
59 0.0000337809
60 0.0000329981
61 0.0000322427
62 0.0000315134
63 0.0000308090
64 0.0000301281
65 0.0000294698
66 0.0000288329
67 0.0000282166
68 0.0000276199
69 0.0000270420
70 0.0000264819
71 0.0000259391
72 0.0000254126
73 0.0000249019
74 0.0000244063
75 0.0000239252
76 0.0000234580
77 0.0000230042
78 0.0000225632
79 0.0000221345
80 0.0000217177
81 0.0000213123
82 0.0000209179
83 0.0000205340
84 0.0000201604
85 0.0000197966
86 0.0000194423
87 0.0000190971
88 0.0000187608
89 0.0000184330
90 0.0000181134
91 0.0000178018
92 0.0000174978
93 0.0000172013
94 0.0000169119
95 0.0000166295
96 0.0000163539
97 0.0000160847
98 0.0000158219
99 0.0000155652
100 0.0000153144
101 0.0000150693
102 0.0000148298
103 0.0000145957
104 0.0000143669
105 0.0000141431
106 0.0000139243
107 0.0000137102
108 0.0000135008
109 0.0000132959
110 0.0000130954
111 0.0000128991
112 0.0000127070
113 0.0000125190
114 0.0000123348
115 0.0000121545
116 0.0000119779
117 0.0000118049
118 0.0000116353
119 0.0000114693
120 0.0000113065
121 0.0000111470
122 0.0000109906
123 0.0000108374
124 0.0000106871
125 0.0000105397
126 0.0000103952
127 0.0000102535
128 0.0000101145
129 0.0000099781
130 0.0000098444
131 0.0000097131
132 0.0000095842
133 0.0000094578
134 0.0000093337
135 0.0000092119
136 0.0000090923
137 0.0000089749
138 0.0000088597
139 0.0000087465
140 0.0000086353
141 0.0000085261
142 0.0000084189
143 0.0000083135
144 0.0000082100
145 0.0000081083
146 0.0000080084
147 0.0000079102
148 0.0000078137
149 0.0000077188
150 0.0000076256
151 0.0000075340
152 0.0000074439
153 0.0000073553
154 0.0000072682
155 0.0000071826
156 0.0000070984
157 0.0000070155
158 0.0000069341
159 0.0000068540
160 0.0000067752
161 0.0000066977
162 0.0000066214
163 0.0000065464
164 0.0000064725
165 0.0000063999
166 0.0000063284
167 0.0000062580
168 0.0000061888
169 0.0000061206
170 0.0000060535
171 0.0000059875
172 0.0000059225
173 0.0000058585
174 0.0000057955
175 0.0000057334
176 0.0000056723
177 0.0000056122
178 0.0000055529
179 0.0000054946
180 0.0000054371
181 0.0000053805
182 0.0000053248
183 0.0000052699
184 0.0000052157
185 0.0000051624
186 0.0000051099
187 0.0000050582
188 0.0000050072
189 0.0000049570
190 0.0000049075
191 0.0000048587
192 0.0000048106
193 0.0000047633
194 0.0000047165
195 0.0000046705
196 0.0000046251
197 0.0000045804
198 0.0000045363
199 0.0000044929
200 0.0000044500
201 0.0000044078
202 0.0000043661
203 0.0000043250
204 0.0000042845
205 0.0000042446
206 0.0000042052
207 0.0000041663
208 0.0000041280
209 0.0000040902
210 0.0000040529
211 0.0000040162
212 0.0000039799
213 0.0000039441
214 0.0000039088
215 0.0000038740
216 0.0000038397
217 0.0000038058
218 0.0000037723
219 0.0000037394
220 0.0000037068
221 0.0000036747
222 0.0000036430
223 0.0000036117
224 0.0000035808
225 0.0000035503
226 0.0000035203
227 0.0000034906
228 0.0000034613
229 0.0000034323
230 0.0000034038
231 0.0000033756
232 0.0000033478
233 0.0000033203
234 0.0000032932
235 0.0000032664
236 0.0000032400
237 0.0000032139
238 0.0000031881
239 0.0000031627
240 0.0000031376
241 0.0000031128
242 0.0000030883
243 0.0000030641
244 0.0000030402
245 0.0000030166
246 0.0000029932
247 0.0000029702
248 0.0000029475
249 0.0000029250
250 0.0000029028
251 0.0000028809
252 0.0000028593
253 0.0000028379
254 0.0000028167
255 0.0000027958
256 0.0000027752
257 0.0000027548
258 0.0000027347
259 0.0000027148
260 0.0000026951
261 0.0000026757
262 0.0000026565
263 0.0000026375
264 0.0000026188
265 0.0000026002
266 0.0000025819
267 0.0000025638
268 0.0000025459
269 0.0000025283
270 0.0000025108
271 0.0000024935
272 0.0000024764
273 0.0000024596
274 0.0000024429
275 0.0000024264
276 0.0000024101
277 0.0000023939
278 0.0000023780
279 0.0000023623
280 0.0000023467
281 0.0000023313
282 0.0000023160
283 0.0000023010
284 0.0000022861
285 0.0000022714
286 0.0000022568
287 0.0000022424
288 0.0000022282
289 0.0000022141
290 0.0000022001
291 0.0000021864
292 0.0000021727
293 0.0000021593
294 0.0000021459
295 0.0000021328
296 0.0000021197
297 0.0000021068
298 0.0000020940
299 0.0000020814
300 0.0000020689
301 0.0000020566
302 0.0000020444
303 0.0000020323
304 0.0000020203
305 0.0000020085
306 0.0000019967
307 0.0000019852
308 0.0000019737
309 0.0000019624
310 0.0000019511
311 0.0000019400
312 0.0000019290
313 0.0000019181
314 0.0000019074
315 0.0000018967
316 0.0000018862
317 0.0000018757
318 0.0000018654
319 0.0000018552
320 0.0000018451
321 0.0000018350
322 0.0000018251
323 0.0000018153
324 0.0000018056
325 0.0000017960
326 0.0000017865
327 0.0000017770
328 0.0000017677
329 0.0000017585
330 0.0000017493
331 0.0000017403
332 0.0000017313
333 0.0000017224
334 0.0000017136
335 0.0000017049
336 0.0000016963
337 0.0000016878
338 0.0000016793
339 0.0000016710
340 0.0000016627
341 0.0000016545
342 0.0000016464
343 0.0000016383
344 0.0000016303
345 0.0000016224
346 0.0000016146
347 0.0000016069
348 0.0000015992
349 0.0000015916
350 0.0000015841
351 0.0000015766
352 0.0000015692
353 0.0000015619
354 0.0000015547
355 0.0000015475
356 0.0000015404
357 0.0000015333
358 0.0000015264
359 0.0000015194
360 0.0000015126
361 0.0000015058
362 0.0000014991
363 0.0000014924
364 0.0000014858
365 0.0000014792
366 0.0000014728
367 0.0000014663
368 0.0000014600
369 0.0000014536
370 0.0000014474
371 0.0000014412
372 0.0000014350
373 0.0000014290
374 0.0000014229
375 0.0000014169
376 0.0000014110
377 0.0000014051
378 0.0000013993
379 0.0000013935
380 0.0000013878
381 0.0000013821
382 0.0000013765
383 0.0000013709
384 0.0000013654
385 0.0000013599
386 0.0000013545
387 0.0000013491
388 0.0000013437
389 0.0000013384
390 0.0000013332
391 0.0000013280
392 0.0000013228
393 0.0000013177
394 0.0000013126
395 0.0000013076
396 0.0000013026
397 0.0000012976
398 0.0000012927
399 0.0000012879
400 0.0000012830
401 0.0000012783
402 0.0000012735
403 0.0000012688
404 0.0000012641
405 0.0000012595
406 0.0000012549
407 0.0000012503
408 0.0000012458
409 0.0000012413
410 0.0000012369
411 0.0000012325
412 0.0000012281
413 0.0000012237
414 0.0000012194
415 0.0000012151
416 0.0000012109
417 0.0000012067
418 0.0000012025
419 0.0000011984
420 0.0000011943
421 0.0000011902
422 0.0000011861
423 0.0000011821
424 0.0000011781
425 0.0000011742
426 0.0000011703
427 0.0000011664
428 0.0000011625
429 0.0000011587
430 0.0000011549
431 0.0000011511
432 0.0000011473
433 0.0000011436
434 0.0000011399
435 0.0000011363
436 0.0000011326
437 0.0000011290
438 0.0000011254
439 0.0000011219
440 0.0000011183
441 0.0000011148
442 0.0000011113
443 0.0000011079
444 0.0000011045
445 0.0000011010
446 0.0000010977
447 0.0000010943
448 0.0000010910
449 0.0000010877
450 0.0000010844
451 0.0000010811
452 0.0000010779
453 0.0000010747
454 0.0000010715
455 0.0000010683
456 0.0000010651
457 0.0000010620
458 0.0000010589
459 0.0000010558
460 0.0000010528
461 0.0000010497
462 0.0000010467
463 0.0000010437
464 0.0000010407
465 0.0000010378
466 0.0000010348
467 0.0000010319
468 0.0000010290
469 0.0000010261
470 0.0000010233
471 0.0000010204
472 0.0000010176
473 0.0000010148
474 0.0000010120
475 0.0000010092
476 0.0000010065
477 0.0000010038
478 0.0000010010
479 0.0000009984
480 0.0000009957
481 0.0000009930
482 0.0000009904
483 0.0000009877
484 0.0000009851
485 0.0000009825
486 0.0000009800
487 0.0000009774
488 0.0000009749
489 0.0000009723
490 0.0000009698
491 0.0000009673
492 0.0000009648
493 0.0000009624
494 0.0000009599
495 0.0000009575
496 0.0000009550
497 0.0000009526
498 0.0000009503
499 0.0000009479
500 0.0000009455
501 0.0000009432
502 0.0000009408
503 0.0000009385
504 0.0000009362
505 0.0000009339
506 0.0000009316
507 0.0000009294
508 0.0000009271
509 0.0000009249
510 0.0000009226
511 0.0000009204
512 0.0000009182
513 0.0000009160
514 0.0000009139
515 0.0000009117
516 0.0000009096
517 0.0000009074
518 0.0000009053
519 0.0000009032
520 0.0000009011
521 0.0000008990
522 0.0000008969
523 0.0000008949
524 0.0000008928
525 0.0000008908
526 0.0000008887
527 0.0000008867
528 0.0000008847
529 0.0000008827
530 0.0000008807
531 0.0000008787
532 0.0000008768
533 0.0000008748
534 0.0000008729
535 0.0000008709
536 0.0000008690
537 0.0000008671
538 0.0000008652
539 0.0000008633
540 0.0000008614
541 0.0000008596
542 0.0000008577
543 0.0000008559
544 0.0000008540
545 0.0000008522
546 0.0000008504
547 0.0000008485
548 0.0000008467
549 0.0000008449
550 0.0000008432
551 0.0000008414
552 0.0000008396
553 0.0000008379
554 0.0000008361
555 0.0000008344
556 0.0000008326
557 0.0000008309
558 0.0000008292
559 0.0000008275
560 0.0000008258
561 0.0000008241
562 0.0000008224
563 0.0000008208
564 0.0000008191
565 0.0000008174
566 0.0000008158
567 0.0000008141
568 0.0000008125
569 0.0000008109
570 0.0000008093
571 0.0000008077
572 0.0000008061
573 0.0000008045
574 0.0000008029
575 0.0000008013
576 0.0000007997
577 0.0000007982
578 0.0000007966
579 0.0000007951
580 0.0000007935
581 0.0000007920
582 0.0000007905
583 0.0000007890
584 0.0000007874
585 0.0000007859
586 0.0000007844
587 0.0000007829
588 0.0000007815
589 0.0000007800
590 0.0000007785
591 0.0000007770
592 0.0000007756
593 0.0000007741
594 0.0000007727
595 0.0000007712
596 0.0000007698
597 0.0000007684
598 0.0000007670
599 0.0000007656
600 0.0000007641
601 0.0000007627
602 0.0000007613
603 0.0000007600
604 0.0000007586
605 0.0000007572
606 0.0000007558
607 0.0000007545
608 0.0000007531
609 0.0000007517
610 0.0000007504
611 0.0000007491
612 0.0000007477
613 0.0000007464
614 0.0000007451
615 0.0000007437
616 0.0000007424
617 0.0000007411
618 0.0000007398
619 0.0000007385
620 0.0000007372
621 0.0000007359
622 0.0000007347
623 0.0000007334
624 0.0000007321
625 0.0000007308
626 0.0000007296
627 0.0000007283
628 0.0000007271
629 0.0000007258
630 0.0000007246
631 0.0000007233
632 0.0000007221
633 0.0000007209
634 0.0000007197
635 0.0000007184
636 0.0000007172
637 0.0000007160
638 0.0000007148
639 0.0000007136
640 0.0000007124
641 0.0000007112
642 0.0000007101
643 0.0000007089
644 0.0000007077
645 0.0000007065
646 0.0000007054
647 0.0000007042
648 0.0000007031
649 0.0000007019
650 0.0000007007
651 0.0000006996
652 0.0000006985
653 0.0000006973
654 0.0000006962
655 0.0000006951
656 0.0000006939
657 0.0000006928
658 0.0000006917
659 0.0000006906
660 0.0000006895
661 0.0000006884
662 0.0000006873
663 0.0000006862
664 0.0000006851
665 0.0000006840
666 0.0000006829
667 0.0000006819
668 0.0000006808
669 0.0000006797
670 0.0000006786
671 0.0000006776
672 0.0000006765
673 0.0000006755
674 0.0000006744
675 0.0000006734
676 0.0000006723
677 0.0000006713
678 0.0000006702
679 0.0000006692
680 0.0000006682
681 0.0000006671
682 0.0000006661
683 0.0000006651
684 0.0000006641
685 0.0000006631
686 0.0000006620
687 0.0000006610
688 0.0000006600
689 0.0000006590
690 0.0000006581
691 0.0000006571
692 0.0000006561
693 0.0000006551
694 0.0000006541
695 0.0000006531
696 0.0000006521
697 0.0000006512
698 0.0000006502
699 0.0000006492
700 0.0000006483
701 0.0000006473
702 0.0000006464
703 0.0000006454
704 0.0000006444
705 0.0000006435
706 0.0000006425
707 0.0000006416
708 0.0000006407
709 0.0000006397
710 0.0000006388
711 0.0000006379
712 0.0000006370
713 0.0000006360
714 0.0000006351
715 0.0000006342
716 0.0000006333
717 0.0000006324
718 0.0000006315
719 0.0000006306
720 0.0000006296
721 0.0000006287
722 0.0000006278
723 0.0000006269
724 0.0000006261
725 0.0000006252
726 0.0000006243
727 0.0000006234
728 0.0000006225
729 0.0000006216
730 0.0000006208
731 0.0000006199
732 0.0000006190
733 0.0000006181
734 0.0000006173
735 0.0000006164
736 0.0000006156
737 0.0000006147
738 0.0000006138
739 0.0000006130
740 0.0000006121
741 0.0000006113
742 0.0000006105
743 0.0000006096
744 0.0000006088
745 0.0000006079
746 0.0000006071
747 0.0000006063
748 0.0000006054
749 0.0000006046
750 0.0000006038
751 0.0000006030
752 0.0000006021
753 0.0000006013
754 0.0000006005
755 0.0000005997
756 0.0000005989
757 0.0000005981
758 0.0000005973
759 0.0000005965
760 0.0000005957
761 0.0000005949
762 0.0000005941
763 0.0000005933
764 0.0000005925
765 0.0000005917
766 0.0000005909
767 0.0000005901
768 0.0000005893
769 0.0000005885
770 0.0000005878
771 0.0000005870
772 0.0000005862
773 0.0000005855
774 0.0000005847
775 0.0000005839
776 0.0000005831
777 0.0000005824
778 0.0000005816
779 0.0000005809
780 0.0000005801
781 0.0000005793
782 0.0000005786
783 0.0000005778
784 0.0000005771
785 0.0000005763
786 0.0000005756
787 0.0000005749
788 0.0000005741
789 0.0000005734
790 0.0000005726
791 0.0000005719
792 0.0000005712
793 0.0000005704
794 0.0000005697
795 0.0000005690
796 0.0000005683
797 0.0000005675
798 0.0000005668
799 0.0000005661
800 0.0000005654
801 0.0000005647
802 0.0000005639
803 0.0000005632
804 0.0000005625
805 0.0000005618
806 0.0000005611
807 0.0000005604
808 0.0000005597
809 0.0000005590
810 0.0000005583
811 0.0000005576
812 0.0000005569
813 0.0000005562
814 0.0000005555
815 0.0000005548
816 0.0000005541
817 0.0000005534
818 0.0000005528
819 0.0000005521
820 0.0000005514
821 0.0000005507
822 0.0000005500
823 0.0000005494
824 0.0000005487
825 0.0000005480
826 0.0000005473
827 0.0000005467
828 0.0000005460
829 0.0000005453
830 0.0000005447
831 0.0000005440
832 0.0000005433
833 0.0000005427
834 0.0000005420
835 0.0000005414
836 0.0000005407
837 0.0000005401
838 0.0000005394
839 0.0000005388
840 0.0000005381
841 0.0000005375
842 0.0000005368
843 0.0000005362
844 0.0000005355
845 0.0000005349
846 0.0000005343
847 0.0000005336
848 0.0000005330
849 0.0000005324
850 0.0000005317
851 0.0000005311
852 0.0000005305
853 0.0000005298
854 0.0000005292
855 0.0000005286
856 0.0000005280
857 0.0000005273
858 0.0000005267
859 0.0000005261
860 0.0000005255
861 0.0000005249
862 0.0000005242
863 0.0000005236
864 0.0000005230
865 0.0000005224
866 0.0000005218
867 0.0000005212
868 0.0000005206
869 0.0000005200
870 0.0000005194
871 0.0000005188
872 0.0000005182
873 0.0000005176
874 0.0000005170
875 0.0000005164
876 0.0000005158
877 0.0000005152
878 0.0000005146
879 0.0000005140
880 0.0000005134
881 0.0000005128
882 0.0000005122
883 0.0000005117
884 0.0000005111
885 0.0000005105
886 0.0000005099
887 0.0000005093
888 0.0000005088
889 0.0000005082
890 0.0000005076
891 0.0000005070
892 0.0000005065
893 0.0000005059
894 0.0000005053
895 0.0000005047
896 0.0000005042
897 0.0000005036
898 0.0000005030
899 0.0000005025
900 0.0000005019
