1 316
0 0.9737786531
1 0.0074563318
2 0.0027403422
3 0.0017814982
4 0.0012367729
5 0.0009360088
6 0.0007512329
7 0.0006261237
8 0.0005358746
9 0.0004677789
10 0.0004145457
11 0.0003717262
12 0.0003364846
13 0.0003069404
14 0.0002817988
15 0.0002601375
16 0.0002412802
17 0.0002247182
18 0.0002100605
19 0.0001970010
20 0.0001852965
21 0.0001747507
22 0.0001652037
23 0.0001565236
24 0.0001486004
25 0.0001413423
26 0.0001346713
27 0.0001285213
28 0.0001228354
29 0.0001175649
30 0.0001126673
31 0.0001081060
32 0.0001038487
33 0.0000998673
34 0.0000961367
35 0.0000926349
36 0.0000893425
37 0.0000862419
38 0.0000833177
39 0.0000805558
40 0.0000779438
41 0.0000754702
42 0.0000731249
43 0.0000708987
44 0.0000687830
45 0.0000667704
46 0.0000648538
47 0.0000630269
48 0.0000612838
49 0.0000596192
50 0.0000580282
51 0.0000565063
52 0.0000550492
53 0.0000536533
54 0.0000523148
55 0.0000510307
56 0.0000497976
57 0.0000486130
58 0.0000474741
59 0.0000463784
60 0.0000453238
61 0.0000443081
62 0.0000433292
63 0.0000423854
64 0.0000414749
65 0.0000405961
66 0.0000397474
67 0.0000389275
68 0.0000381349
69 0.0000373684
70 0.0000366269
71 0.0000359092
72 0.0000352142
73 0.0000345409
74 0.0000338885
75 0.0000332560
76 0.0000326426
77 0.0000320475
78 0.0000314698
79 0.0000309091
80 0.0000303644
81 0.0000298353
82 0.0000293210
83 0.0000288211
84 0.0000283349
85 0.0000278619
86 0.0000274017
87 0.0000269538
88 0.0000265177
89 0.0000260930
90 0.0000256792
91 0.0000252761
92 0.0000248831
93 0.0000245000
94 0.0000241264
95 0.0000237620
96 0.0000234065
97 0.0000230596
98 0.0000227209
99 0.0000223903
100 0.0000220674
101 0.0000217520
102 0.0000214439
103 0.0000211429
104 0.0000208486
105 0.0000205610
106 0.0000202797
107 0.0000200046
108 0.0000197356
109 0.0000194724
110 0.0000192148
111 0.0000189628
112 0.0000187160
113 0.0000184744
114 0.0000182379
115 0.0000180062
116 0.0000177793
117 0.0000175570
118 0.0000173391
119 0.0000171257
120 0.0000169164
121 0.0000167113
122 0.0000165101
123 0.0000163129
124 0.0000161195
125 0.0000159297
126 0.0000157436
127 0.0000155609
128 0.0000153817
129 0.0000152058
130 0.0000150331
131 0.0000148636
132 0.0000146972
133 0.0000145337
134 0.0000143732
135 0.0000142156
136 0.0000140607
137 0.0000139085
138 0.0000137590
139 0.0000136121
140 0.0000134677
141 0.0000133258
142 0.0000131863
143 0.0000130491
144 0.0000129142
145 0.0000127816
146 0.0000126511
147 0.0000125228
148 0.0000123966
149 0.0000122725
150 0.0000121503
151 0.0000120301
152 0.0000119118
153 0.0000117954
154 0.0000116808
155 0.0000115680
156 0.0000114569
157 0.0000113476
158 0.0000112400
159 0.0000111339
160 0.0000110295
161 0.0000109267
162 0.0000108254
163 0.0000107256
164 0.0000106273
165 0.0000105305
166 0.0000104351
167 0.0000103410
168 0.0000102483
169 0.0000101570
170 0.0000100669
171 0.0000099782
172 0.0000098907
173 0.0000098044
174 0.0000097194
175 0.0000096355
176 0.0000095528
177 0.0000094712
178 0.0000093908
179 0.0000093114
180 0.0000092331
181 0.0000091559
182 0.0000090797
183 0.0000090046
184 0.0000089304
185 0.0000088572
186 0.0000087850
187 0.0000087137
188 0.0000086434
189 0.0000085739
190 0.0000085054
191 0.0000084377
192 0.0000083709
193 0.0000083050
194 0.0000082399
195 0.0000081756
196 0.0000081121
197 0.0000080494
198 0.0000079874
199 0.0000079263
200 0.0000078658
201 0.0000078062
202 0.0000077472
203 0.0000076890
204 0.0000076314
205 0.0000075746
206 0.0000075184
207 0.0000074629
208 0.0000074080
209 0.0000073538
210 0.0000073003
211 0.0000072473
212 0.0000071950
213 0.0000071433
214 0.0000070921
215 0.0000070416
216 0.0000069916
217 0.0000069422
218 0.0000068933
219 0.0000068450
220 0.0000067972
221 0.0000067500
222 0.0000067033
223 0.0000066571
224 0.0000066114
225 0.0000065662
226 0.0000065215
227 0.0000064773
228 0.0000064336
229 0.0000063903
230 0.0000063475
231 0.0000063051
232 0.0000062632
233 0.0000062217
234 0.0000061807
235 0.0000061401
236 0.0000060999
237 0.0000060601
238 0.0000060208
239 0.0000059818
240 0.0000059433
241 0.0000059051
242 0.0000058673
243 0.0000058299
244 0.0000057929
245 0.0000057562
246 0.0000057199
247 0.0000056840
248 0.0000056484
249 0.0000056131
250 0.0000055782
251 0.0000055437
252 0.0000055094
253 0.0000054755
254 0.0000054419
255 0.0000054087
256 0.0000053757
257 0.0000053431
258 0.0000053107
259 0.0000052787
260 0.0000052469
261 0.0000052154
262 0.0000051843
263 0.0000051534
264 0.0000051227
265 0.0000050924
266 0.0000050623
267 0.0000050324
268 0.0000050029
269 0.0000049735
270 0.0000049445
271 0.0000049156
272 0.0000048870
273 0.0000048587
274 0.0000048305
275 0.0000048026
276 0.0000047749
277 0.0000047474
278 0.0000047202
279 0.0000046931
280 0.0000046662
281 0.0000046395
282 0.0000046130
283 0.0000045866
284 0.0000045605
285 0.0000045345
286 0.0000045086
287 0.0000044829
288 0.0000044573
289 0.0000044318
290 0.0000044064
291 0.0000043811
292 0.0000043559
293 0.0000043307
294 0.0000043056
295 0.0000042805
296 0.0000042553
297 0.0000042301
298 0.0000042047
299 0.0000041792
300 0.0000041535
301 0.0000041274
302 0.0000041009
303 0.0000040739
304 0.0000040460
305 0.0000040172
306 0.0000039871
307 0.0000039551
308 0.0000039206
309 0.0000038827
310 0.0000038397
311 0.0000037889
312 0.0000037255
313 0.0000036409
314 0.0000034983
315 0.0000030913
316 0.0000000000
