0 2000
0 0.9952403373
1 0.0012958302
2 0.0005328869
3 0.0003658865
4 0.0002650494
5 0.0002053900
6 0.0001663659
7 0.0001386326
8 0.0001179017
9 0.0001018608
10 0.0000891108
11 0.0000787531
12 0.0000701871
13 0.0000629971
14 0.0000568864
15 0.0000516378
16 0.0000470883
17 0.0000431133
18 0.0000396160
19 0.0000365199
20 0.0000337638
21 0.0000312983
22 0.0000290830
23 0.0000270844
24 0.0000252747
25 0.0000236306
26 0.0000221324
27 0.0000207633
28 0.0000195089
29 0.0000183568
30 0.0000172964
31 0.0000163182
32 0.0000154142
33 0.0000145773
34 0.0000138011
35 0.0000130800
36 0.0000124093
37 0.0000117844
38 0.0000112014
39 0.0000106569
40 0.0000101477
41 0.0000096709
42 0.0000092241
43 0.0000088048
44 0.0000084111
45 0.0000080410
46 0.0000076927
47 0.0000073648
48 0.0000070557
49 0.0000067642
50 0.0000064890
51 0.0000062290
52 0.0000059833
53 0.0000057508
54 0.0000055308
55 0.0000053223
56 0.0000051248
57 0.0000049374
58 0.0000047596
59 0.0000045908
60 0.0000044305
61 0.0000042781
62 0.0000041331
63 0.0000039952
64 0.0000038639
65 0.0000037389
66 0.0000036198
67 0.0000035062
68 0.0000033979
69 0.0000032945
70 0.0000031959
71 0.0000031016
72 0.0000030116
73 0.0000029256
74 0.0000028433
75 0.0000027646
76 0.0000026893
77 0.0000026172
78 0.0000025482
79 0.0000024821
80 0.0000024187
81 0.0000023579
82 0.0000022996
83 0.0000022437
84 0.0000021900
85 0.0000021385
86 0.0000020890
87 0.0000020414
88 0.0000019957
89 0.0000019517
90 0.0000019094
91 0.0000018688
92 0.0000018296
93 0.0000017919
94 0.0000017556
95 0.0000017206
96 0.0000016869
97 0.0000016544
98 0.0000016231
99 0.0000015928
100 0.0000015637
101 0.0000015355
102 0.0000015083
103 0.0000014820
104 0.0000014566
105 0.0000014321
106 0.0000014084
107 0.0000013854
108 0.0000013632
109 0.0000013418
110 0.0000013210
111 0.0000013008
112 0.0000012813
113 0.0000012624
114 0.0000012441
115 0.0000012263
116 0.0000012091
117 0.0000011924
118 0.0000011762
119 0.0000011604
120 0.0000011451
121 0.0000011303
122 0.0000011159
123 0.0000011018
124 0.0000010882
125 0.0000010749
126 0.0000010620
127 0.0000010495
128 0.0000010373
129 0.0000010254
130 0.0000010138
131 0.0000010025
132 0.0000009915
133 0.0000009808
134 0.0000009704
135 0.0000009602
136 0.0000009502
137 0.0000009406
138 0.0000009311
139 0.0000009219
140 0.0000009128
141 0.0000009040
142 0.0000008954
143 0.0000008870
144 0.0000008788
145 0.0000008707
146 0.0000008629
147 0.0000008552
148 0.0000008476
149 0.0000008402
150 0.0000008330
151 0.0000008260
152 0.0000008190
153 0.0000008123
154 0.0000008056
155 0.0000007991
156 0.0000007927
157 0.0000007864
158 0.0000007803
159 0.0000007743
160 0.0000007684
161 0.0000007626
162 0.0000007569
163 0.0000007513
164 0.0000007458
165 0.0000007404
166 0.0000007351
167 0.0000007299
168 0.0000007247
169 0.0000007197
170 0.0000007148
171 0.0000007099
172 0.0000007051
173 0.0000007004
174 0.0000006958
175 0.0000006912
176 0.0000006867
177 0.0000006823
178 0.0000006779
179 0.0000006737
180 0.0000006694
181 0.0000006653
182 0.0000006612
183 0.0000006571
184 0.0000006532
185 0.0000006492
186 0.0000006454
187 0.0000006416
188 0.0000006378
189 0.0000006341
190 0.0000006304
191 0.0000006268
192 0.0000006233
193 0.0000006198
194 0.0000006163
195 0.0000006129
196 0.0000006095
197 0.0000006062
198 0.0000006029
199 0.0000005996
200 0.0000005964
201 0.0000005932
202 0.0000005901
203 0.0000005870
204 0.0000005839
205 0.0000005809
206 0.0000005779
207 0.0000005750
208 0.0000005720
209 0.0000005692
210 0.0000005663
211 0.0000005635
212 0.0000005607
213 0.0000005579
214 0.0000005552
215 0.0000005525
216 0.0000005498
217 0.0000005472
218 0.0000005446
219 0.0000005420
220 0.0000005394
221 0.0000005369
222 0.0000005344
223 0.0000005319
224 0.0000005294
225 0.0000005270
226 0.0000005246
227 0.0000005222
228 0.0000005199
229 0.0000005175
230 0.0000005152
231 0.0000005129
232 0.0000005106
233 0.0000005084
234 0.0000005062
235 0.0000005040
236 0.0000005018
237 0.0000004996
238 0.0000004975
239 0.0000004953
240 0.0000004932
241 0.0000004911
242 0.0000004891
243 0.0000004870
244 0.0000004850
245 0.0000004830
246 0.0000004810
247 0.0000004790
248 0.0000004770
249 0.0000004751
250 0.0000004731
251 0.0000004712
252 0.0000004693
253 0.0000004674
254 0.0000004656
255 0.0000004637
256 0.0000004619
257 0.0000004601
258 0.0000004583
259 0.0000004565
260 0.0000004547
261 0.0000004529
262 0.0000004512
263 0.0000004495
264 0.0000004477
265 0.0000004460
266 0.0000004443
267 0.0000004427
268 0.0000004410
269 0.0000004393
270 0.0000004377
271 0.0000004361
272 0.0000004345
273 0.0000004329
274 0.0000004313
275 0.0000004297
276 0.0000004281
277 0.0000004266
278 0.0000004250
279 0.0000004235
280 0.0000004220
281 0.0000004205
282 0.0000004190
283 0.0000004175
284 0.0000004160
285 0.0000004145
286 0.0000004131
287 0.0000004116
288 0.0000004102
289 0.0000004088
290 0.0000004073
291 0.0000004059
292 0.0000004045
293 0.0000004032
294 0.0000004018
295 0.0000004004
296 0.0000003991
297 0.0000003977
298 0.0000003964
299 0.0000003950
300 0.0000003937
301 0.0000003924
302 0.0000003911
303 0.0000003898
304 0.0000003885
305 0.0000003872
306 0.0000003860
307 0.0000003847
308 0.0000003835
309 0.0000003822
310 0.0000003810
311 0.0000003798
312 0.0000003785
313 0.0000003773
314 0.0000003761
315 0.0000003749
316 0.0000003737
317 0.0000003725
318 0.0000003714
319 0.0000003702
320 0.0000003690
321 0.0000003679
322 0.0000003668
323 0.0000003656
324 0.0000003645
325 0.0000003634
326 0.0000003622
327 0.0000003611
328 0.0000003600
329 0.0000003589
330 0.0000003578
331 0.0000003568
332 0.0000003557
333 0.0000003546
334 0.0000003536
335 0.0000003525
336 0.0000003515
337 0.0000003504
338 0.0000003494
339 0.0000003483
340 0.0000003473
341 0.0000003463
342 0.0000003453
343 0.0000003443
344 0.0000003433
345 0.0000003423
346 0.0000003413
347 0.0000003403
348 0.0000003393
349 0.0000003383
350 0.0000003374
351 0.0000003364
352 0.0000003355
353 0.0000003345
354 0.0000003336
355 0.0000003326
356 0.0000003317
357 0.0000003308
358 0.0000003298
359 0.0000003289
360 0.0000003280
361 0.0000003271
362 0.0000003262
363 0.0000003253
364 0.0000003244
365 0.0000003235
366 0.0000003226
367 0.0000003217
368 0.0000003209
369 0.0000003200
370 0.0000003191
371 0.0000003183
372 0.0000003174
373 0.0000003166
374 0.0000003157
375 0.0000003149
376 0.0000003140
377 0.0000003132
378 0.0000003124
379 0.0000003116
380 0.0000003107
381 0.0000003099
382 0.0000003091
383 0.0000003083
384 0.0000003075
385 0.0000003067
386 0.0000003059
387 0.0000003051
388 0.0000003043
389 0.0000003035
390 0.0000003028
391 0.0000003020
392 0.0000003012
393 0.0000003004
394 0.0000002997
395 0.0000002989
396 0.0000002982
397 0.0000002974
398 0.0000002967
399 0.0000002959
400 0.0000002952
401 0.0000002945
402 0.0000002937
403 0.0000002930
404 0.0000002923
405 0.0000002915
406 0.0000002908
407 0.0000002901
408 0.0000002894
409 0.0000002887
410 0.0000002880
411 0.0000002873
412 0.0000002866
413 0.0000002859
414 0.0000002852
415 0.0000002845
416 0.0000002838
417 0.0000002831
418 0.0000002825
419 0.0000002818
420 0.0000002811
421 0.0000002805
422 0.0000002798
423 0.0000002791
424 0.0000002785
425 0.0000002778
426 0.0000002772
427 0.0000002765
428 0.0000002759
429 0.0000002752
430 0.0000002746
431 0.0000002739
432 0.0000002733
433 0.0000002727
434 0.0000002721
435 0.0000002714
436 0.0000002708
437 0.0000002702
438 0.0000002696
439 0.0000002690
440 0.0000002683
441 0.0000002677
442 0.0000002671
443 0.0000002665
444 0.0000002659
445 0.0000002653
446 0.0000002647
447 0.0000002641
448 0.0000002636
449 0.0000002630
450 0.0000002624
451 0.0000002618
452 0.0000002612
453 0.0000002606
454 0.0000002601
455 0.0000002595
456 0.0000002589
457 0.0000002584
458 0.0000002578
459 0.0000002572
460 0.0000002567
461 0.0000002561
462 0.0000002556
463 0.0000002550
464 0.0000002545
465 0.0000002539
466 0.0000002534
467 0.0000002528
468 0.0000002523
469 0.0000002517
470 0.0000002512
471 0.0000002507
472 0.0000002501
473 0.0000002496
474 0.0000002491
475 0.0000002486
476 0.0000002480
477 0.0000002475
478 0.0000002470
479 0.0000002465
480 0.0000002460
481 0.0000002455
482 0.0000002450
483 0.0000002444
484 0.0000002439
485 0.0000002434
486 0.0000002429
487 0.0000002424
488 0.0000002419
489 0.0000002414
490 0.0000002410
491 0.0000002405
492 0.0000002400
493 0.0000002395
494 0.0000002390
495 0.0000002385
496 0.0000002380
497 0.0000002376
498 0.0000002371
499 0.0000002366
500 0.0000002361
501 0.0000002357
502 0.0000002352
503 0.0000002347
504 0.0000002343
505 0.0000002338
506 0.0000002333
507 0.0000002329
508 0.0000002324
509 0.0000002320
510 0.0000002315
511 0.0000002310
512 0.0000002306
513 0.0000002301
514 0.0000002297
515 0.0000002293
516 0.0000002288
517 0.0000002284
518 0.0000002279
519 0.0000002275
520 0.0000002270
521 0.0000002266
522 0.0000002262
523 0.0000002257
524 0.0000002253
525 0.0000002249
526 0.0000002245
527 0.0000002240
528 0.0000002236
529 0.0000002232
530 0.0000002228
531 0.0000002223
532 0.0000002219
533 0.0000002215
534 0.0000002211
535 0.0000002207
536 0.0000002203
537 0.0000002199
538 0.0000002194
539 0.0000002190
540 0.0000002186
541 0.0000002182
542 0.0000002178
543 0.0000002174
544 0.0000002170
545 0.0000002166
546 0.0000002162
547 0.0000002158
548 0.0000002154
549 0.0000002150
550 0.0000002147
551 0.0000002143
552 0.0000002139
553 0.0000002135
554 0.0000002131
555 0.0000002127
556 0.0000002123
557 0.0000002120
558 0.0000002116
559 0.0000002112
560 0.0000002108
561 0.0000002104
562 0.0000002101
563 0.0000002097
564 0.0000002093
565 0.0000002090
566 0.0000002086
567 0.0000002082
568 0.0000002079
569 0.0000002075
570 0.0000002071
571 0.0000002068
572 0.0000002064
573 0.0000002060
574 0.0000002057
575 0.0000002053
576 0.0000002050
577 0.0000002046
578 0.0000002043
579 0.0000002039
580 0.0000002036
581 0.0000002032
582 0.0000002029
583 0.0000002025
584 0.0000002022
585 0.0000002018
586 0.0000002015
587 0.0000002011
588 0.0000002008
589 0.0000002004
590 0.0000002001
591 0.0000001998
592 0.0000001994
593 0.0000001991
594 0.0000001988
595 0.0000001984
596 0.0000001981
597 0.0000001978
598 0.0000001974
599 0.0000001971
600 0.0000001968
601 0.0000001964
602 0.0000001961
603 0.0000001958
604 0.0000001955
605 0.0000001951
606 0.0000001948
607 0.0000001945
608 0.0000001942
609 0.0000001939
610 0.0000001935
611 0.0000001932
612 0.0000001929
613 0.0000001926
614 0.0000001923
615 0.0000001920
616 0.0000001916
617 0.0000001913
618 0.0000001910
619 0.0000001907
620 0.0000001904
621 0.0000001901
622 0.0000001898
623 0.0000001895
624 0.0000001892
625 0.0000001889
626 0.0000001886
627 0.0000001883
628 0.0000001880
629 0.0000001877
630 0.0000001874
631 0.0000001871
632 0.0000001868
633 0.0000001865
634 0.0000001862
635 0.0000001859
636 0.0000001856
637 0.0000001853
638 0.0000001850
639 0.0000001847
640 0.0000001845
641 0.0000001842
642 0.0000001839
643 0.0000001836
644 0.0000001833
645 0.0000001830
646 0.0000001827
647 0.0000001825
648 0.0000001822
649 0.0000001819
650 0.0000001816
651 0.0000001813
652 0.0000001811
653 0.0000001808
654 0.0000001805
655 0.0000001802
656 0.0000001800
657 0.0000001797
658 0.0000001794
659 0.0000001791
660 0.0000001789
661 0.0000001786
662 0.0000001783
663 0.0000001781
664 0.0000001778
665 0.0000001775
666 0.0000001773
667 0.0000001770
668 0.0000001767
669 0.0000001765
670 0.0000001762
671 0.0000001759
672 0.0000001757
673 0.0000001754
674 0.0000001751
675 0.0000001749
676 0.0000001746
677 0.0000001744
678 0.0000001741
679 0.0000001739
680 0.0000001736
681 0.0000001733
682 0.0000001731
683 0.0000001728
684 0.0000001726
685 0.0000001723
686 0.0000001721
687 0.0000001718
688 0.0000001716
689 0.0000001713
690 0.0000001711
691 0.0000001708
692 0.0000001706
693 0.0000001703
694 0.0000001701
695 0.0000001699
696 0.0000001696
697 0.0000001694
698 0.0000001691
699 0.0000001689
700 0.0000001686
701 0.0000001684
702 0.0000001682
703 0.0000001679
704 0.0000001677
705 0.0000001674
706 0.0000001672
707 0.0000001670
708 0.0000001667
709 0.0000001665
710 0.0000001663
711 0.0000001660
712 0.0000001658
713 0.0000001656
714 0.0000001653
715 0.0000001651
716 0.0000001649
717 0.0000001646
718 0.0000001644
719 0.0000001642
720 0.0000001640
721 0.0000001637
722 0.0000001635
723 0.0000001633
724 0.0000001630
725 0.0000001628
726 0.0000001626
727 0.0000001624
728 0.0000001621
729 0.0000001619
730 0.0000001617
731 0.0000001615
732 0.0000001613
733 0.0000001610
734 0.0000001608
735 0.0000001606
736 0.0000001604
737 0.0000001602
738 0.0000001599
739 0.0000001597
740 0.0000001595
741 0.0000001593
742 0.0000001591
743 0.0000001589
744 0.0000001587
745 0.0000001584
746 0.0000001582
747 0.0000001580
748 0.0000001578
749 0.0000001576
750 0.0000001574
751 0.0000001572
752 0.0000001570
753 0.0000001568
754 0.0000001566
755 0.0000001563
756 0.0000001561
757 0.0000001559
758 0.0000001557
759 0.0000001555
760 0.0000001553
761 0.0000001551
762 0.0000001549
763 0.0000001547
764 0.0000001545
765 0.0000001543
766 0.0000001541
767 0.0000001539
768 0.0000001537
769 0.0000001535
770 0.0000001533
771 0.0000001531
772 0.0000001529
773 0.0000001527
774 0.0000001525
775 0.0000001523
776 0.0000001521
777 0.0000001519
778 0.0000001517
779 0.0000001515
780 0.0000001513
781 0.0000001511
782 0.0000001509
783 0.0000001507
784 0.0000001506
785 0.0000001504
786 0.0000001502
787 0.0000001500
788 0.0000001498
789 0.0000001496
790 0.0000001494
791 0.0000001492
792 0.0000001490
793 0.0000001488
794 0.0000001487
795 0.0000001485
796 0.0000001483
797 0.0000001481
798 0.0000001479
799 0.0000001477
800 0.0000001475
801 0.0000001474
802 0.0000001472
803 0.0000001470
804 0.0000001468
805 0.0000001466
806 0.0000001464
807 0.0000001463
808 0.0000001461
809 0.0000001459
810 0.0000001457
811 0.0000001455
812 0.0000001454
813 0.0000001452
814 0.0000001450
815 0.0000001448
816 0.0000001446
817 0.0000001445
818 0.0000001443
819 0.0000001441
820 0.0000001439
821 0.0000001438
822 0.0000001436
823 0.0000001434
824 0.0000001432
825 0.0000001431
826 0.0000001429
827 0.0000001427
828 0.0000001425
829 0.0000001424
830 0.0000001422
831 0.0000001420
832 0.0000001419
833 0.0000001417
834 0.0000001415
835 0.0000001414
836 0.0000001412
837 0.0000001410
838 0.0000001408
839 0.0000001407
840 0.0000001405
841 0.0000001403
842 0.0000001402
843 0.0000001400
844 0.0000001398
845 0.0000001397
846 0.0000001395
847 0.0000001393
848 0.0000001392
849 0.0000001390
850 0.0000001389
851 0.0000001387
852 0.0000001385
853 0.0000001384
854 0.0000001382
855 0.0000001380
856 0.0000001379
857 0.0000001377
858 0.0000001376
859 0.0000001374
860 0.0000001372
861 0.0000001371
862 0.0000001369
863 0.0000001368
864 0.0000001366
865 0.0000001364
866 0.0000001363
867 0.0000001361
868 0.0000001360
869 0.0000001358
870 0.0000001357
871 0.0000001355
872 0.0000001353
873 0.0000001352
874 0.0000001350
875 0.0000001349
876 0.0000001347
877 0.0000001346
878 0.0000001344
879 0.0000001343
880 0.0000001341
881 0.0000001340
882 0.0000001338
883 0.0000001337
884 0.0000001335
885 0.0000001334
886 0.0000001332
887 0.0000001331
888 0.0000001329
889 0.0000001328
890 0.0000001326
891 0.0000001325
892 0.0000001323
893 0.0000001322
894 0.0000001320
895 0.0000001319
896 0.0000001317
897 0.0000001316
898 0.0000001314
899 0.0000001313
900 0.0000001311
901 0.0000001310
902 0.0000001308
903 0.0000001307
904 0.0000001306
905 0.0000001304
906 0.0000001303
907 0.0000001301
908 0.0000001300
909 0.0000001298
910 0.0000001297
911 0.0000001295
912 0.0000001294
913 0.0000001293
914 0.0000001291
915 0.0000001290
916 0.0000001288
917 0.0000001287
918 0.0000001286
919 0.0000001284
920 0.0000001283
921 0.0000001281
922 0.0000001280
923 0.0000001279
924 0.0000001277
925 0.0000001276
926 0.0000001274
927 0.0000001273
928 0.0000001272
929 0.0000001270
930 0.0000001269
931 0.0000001268
932 0.0000001266
933 0.0000001265
934 0.0000001264
935 0.0000001262
936 0.0000001261
937 0.0000001259
938 0.0000001258
939 0.0000001257
940 0.0000001255
941 0.0000001254
942 0.0000001253
943 0.0000001251
944 0.0000001250
945 0.0000001249
946 0.0000001247
947 0.0000001246
948 0.0000001245
949 0.0000001244
950 0.0000001242
951 0.0000001241
952 0.0000001240
953 0.0000001238
954 0.0000001237
955 0.0000001236
956 0.0000001234
957 0.0000001233
958 0.0000001232
959 0.0000001231
960 0.0000001229
961 0.0000001228
962 0.0000001227
963 0.0000001225
964 0.0000001224
965 0.0000001223
966 0.0000001222
967 0.0000001220
968 0.0000001219
969 0.0000001218
970 0.0000001217
971 0.0000001215
972 0.0000001214
973 0.0000001213
974 0.0000001212
975 0.0000001210
976 0.0000001209
977 0.0000001208
978 0.0000001207
979 0.0000001205
980 0.0000001204
981 0.0000001203
982 0.0000001202
983 0.0000001200
984 0.0000001199
985 0.0000001198
986 0.0000001197
987 0.0000001196
988 0.0000001194
989 0.0000001193
990 0.0000001192
991 0.0000001191
992 0.0000001190
993 0.0000001188
994 0.0000001187
995 0.0000001186
996 0.0000001185
997 0.0000001184
998 0.0000001182
999 0.0000001181
1000 0.0000001180
1001 0.0000001179
1002 0.0000001178
1003 0.0000001176
1004 0.0000001175
1005 0.0000001174
1006 0.0000001173
1007 0.0000001172
1008 0.0000001171
1009 0.0000001169
1010 0.0000001168
1011 0.0000001167
1012 0.0000001166
1013 0.0000001165
1014 0.0000001164
1015 0.0000001163
1016 0.0000001161
1017 0.0000001160
1018 0.0000001159
1019 0.0000001158
1020 0.0000001157
1021 0.0000001156
1022 0.0000001155
1023 0.0000001153
1024 0.0000001152
1025 0.0000001151
1026 0.0000001150
1027 0.0000001149
1028 0.0000001148
1029 0.0000001147
1030 0.0000001146
1031 0.0000001144
1032 0.0000001143
1033 0.0000001142
1034 0.0000001141
1035 0.0000001140
1036 0.0000001139
1037 0.0000001138
1038 0.0000001137
1039 0.0000001136
1040 0.0000001135
1041 0.0000001133
1042 0.0000001132
1043 0.0000001131
1044 0.0000001130
1045 0.0000001129
1046 0.0000001128
1047 0.0000001127
1048 0.0000001126
1049 0.0000001125
1050 0.0000001124
1051 0.0000001123
1052 0.0000001122
1053 0.0000001121
1054 0.0000001119
1055 0.0000001118
1056 0.0000001117
1057 0.0000001116
1058 0.0000001115
1059 0.0000001114
1060 0.0000001113
1061 0.0000001112
1062 0.0000001111
1063 0.0000001110
1064 0.0000001109
1065 0.0000001108
1066 0.0000001107
1067 0.0000001106
1068 0.0000001105
1069 0.0000001104
1070 0.0000001103
1071 0.0000001102
1072 0.0000001101
1073 0.0000001100
1074 0.0000001099
1075 0.0000001098
1076 0.0000001097
1077 0.0000001095
1078 0.0000001094
1079 0.0000001093
1080 0.0000001092
1081 0.0000001091
1082 0.0000001090
1083 0.0000001089
1084 0.0000001088
1085 0.0000001087
1086 0.0000001086
1087 0.0000001085
1088 0.0000001084
1089 0.0000001083
1090 0.0000001082
1091 0.0000001081
1092 0.0000001080
1093 0.0000001079
1094 0.0000001078
1095 0.0000001077
1096 0.0000001076
1097 0.0000001075
1098 0.0000001074
1099 0.0000001074
1100 0.0000001073
1101 0.0000001072
1102 0.0000001071
1103 0.0000001070
1104 0.0000001069
1105 0.0000001068
1106 0.0000001067
1107 0.0000001066
1108 0.0000001065
1109 0.0000001064
1110 0.0000001063
1111 0.0000001062
1112 0.0000001061
1113 0.0000001060
1114 0.0000001059
1115 0.0000001058
1116 0.0000001057
1117 0.0000001056
1118 0.0000001055
1119 0.0000001054
1120 0.0000001053
1121 0.0000001052
1122 0.0000001051
1123 0.0000001051
1124 0.0000001050
1125 0.0000001049
1126 0.0000001048
1127 0.0000001047
1128 0.0000001046
1129 0.0000001045
1130 0.0000001044
1131 0.0000001043
1132 0.0000001042
1133 0.0000001041
1134 0.0000001040
1135 0.0000001039
1136 0.0000001038
1137 0.0000001038
1138 0.0000001037
1139 0.0000001036
1140 0.0000001035
1141 0.0000001034
1142 0.0000001033
1143 0.0000001032
1144 0.0000001031
1145 0.0000001030
1146 0.0000001029
1147 0.0000001028
1148 0.0000001028
1149 0.0000001027
1150 0.0000001026
1151 0.0000001025
1152 0.0000001024
1153 0.0000001023
1154 0.0000001022
1155 0.0000001021
1156 0.0000001020
1157 0.0000001020
1158 0.0000001019
1159 0.0000001018
1160 0.0000001017
1161 0.0000001016
1162 0.0000001015
1163 0.0000001014
1164 0.0000001013
1165 0.0000001013
1166 0.0000001012
1167 0.0000001011
1168 0.0000001010
1169 0.0000001009
1170 0.0000001008
1171 0.0000001007
1172 0.0000001006
1173 0.0000001006
1174 0.0000001005
1175 0.0000001004
1176 0.0000001003
1177 0.0000001002
1178 0.0000001001
1179 0.0000001000
1180 0.0000001000
1181 0.0000000999
1182 0.0000000998
1183 0.0000000997
1184 0.0000000996
1185 0.0000000995
1186 0.0000000995
1187 0.0000000994
1188 0.0000000993
1189 0.0000000992
1190 0.0000000991
1191 0.0000000990
1192 0.0000000990
1193 0.0000000989
1194 0.0000000988
1195 0.0000000987
1196 0.0000000986
1197 0.0000000985
1198 0.0000000985
1199 0.0000000984
1200 0.0000000983
1201 0.0000000982
1202 0.0000000981
1203 0.0000000980
1204 0.0000000980
1205 0.0000000979
1206 0.0000000978
1207 0.0000000977
1208 0.0000000976
1209 0.0000000976
1210 0.0000000975
1211 0.0000000974
1212 0.0000000973
1213 0.0000000972
1214 0.0000000972
1215 0.0000000971
1216 0.0000000970
1217 0.0000000969
1218 0.0000000968
1219 0.0000000968
1220 0.0000000967
1221 0.0000000966
1222 0.0000000965
1223 0.0000000964
1224 0.0000000964
1225 0.0000000963
1226 0.0000000962
1227 0.0000000961
1228 0.0000000960
1229 0.0000000960
1230 0.0000000959
1231 0.0000000958
1232 0.0000000957
1233 0.0000000957
1234 0.0000000956
1235 0.0000000955
1236 0.0000000954
1237 0.0000000953
1238 0.0000000953
1239 0.0000000952
1240 0.0000000951
1241 0.0000000950
1242 0.0000000950
1243 0.0000000949
1244 0.0000000948
1245 0.0000000947
1246 0.0000000947
1247 0.0000000946
1248 0.0000000945
1249 0.0000000944
1250 0.0000000943
1251 0.0000000943
1252 0.0000000942
1253 0.0000000941
1254 0.0000000940
1255 0.0000000940
1256 0.0000000939
1257 0.0000000938
1258 0.0000000937
1259 0.0000000937
1260 0.0000000936
1261 0.0000000935
1262 0.0000000934
1263 0.0000000934
1264 0.0000000933
1265 0.0000000932
1266 0.0000000932
1267 0.0000000931
1268 0.0000000930
1269 0.0000000929
1270 0.0000000929
1271 0.0000000928
1272 0.0000000927
1273 0.0000000926
1274 0.0000000926
1275 0.0000000925
1276 0.0000000924
1277 0.0000000923
1278 0.0000000923
1279 0.0000000922
1280 0.0000000921
1281 0.0000000921
1282 0.0000000920
1283 0.0000000919
1284 0.0000000918
1285 0.0000000918
1286 0.0000000917
1287 0.0000000916
1288 0.0000000916
1289 0.0000000915
1290 0.0000000914
1291 0.0000000913
1292 0.0000000913
1293 0.0000000912
1294 0.0000000911
1295 0.0000000911
1296 0.0000000910
1297 0.0000000909
1298 0.0000000908
1299 0.0000000908
1300 0.0000000907
1301 0.0000000906
1302 0.0000000906
1303 0.0000000905
1304 0.0000000904
1305 0.0000000904
1306 0.0000000903
1307 0.0000000902
1308 0.0000000901
1309 0.0000000901
1310 0.0000000900
1311 0.0000000899
1312 0.0000000899
1313 0.0000000898
1314 0.0000000897
1315 0.0000000897
1316 0.0000000896
1317 0.0000000895
1318 0.0000000895
1319 0.0000000894
1320 0.0000000893
1321 0.0000000893
1322 0.0000000892
1323 0.0000000891
1324 0.0000000891
1325 0.0000000890
1326 0.0000000889
1327 0.0000000889
1328 0.0000000888
1329 0.0000000887
1330 0.0000000886
1331 0.0000000886
1332 0.0000000885
1333 0.0000000884
1334 0.0000000884
1335 0.0000000883
1336 0.0000000882
1337 0.0000000882
1338 0.0000000881
1339 0.0000000881
1340 0.0000000880
1341 0.0000000879
1342 0.0000000879
1343 0.0000000878
1344 0.0000000877
1345 0.0000000877
1346 0.0000000876
1347 0.0000000875
1348 0.0000000875
1349 0.0000000874
1350 0.0000000873
1351 0.0000000873
1352 0.0000000872
1353 0.0000000871
1354 0.0000000871
1355 0.0000000870
1356 0.0000000869
1357 0.0000000869
1358 0.0000000868
1359 0.0000000867
1360 0.0000000867
1361 0.0000000866
1362 0.0000000866
1363 0.0000000865
1364 0.0000000864
1365 0.0000000864
1366 0.0000000863
1367 0.0000000862
1368 0.0000000862
1369 0.0000000861
1370 0.0000000860
1371 0.0000000860
1372 0.0000000859
1373 0.0000000859
1374 0.0000000858
1375 0.0000000857
1376 0.0000000857
1377 0.0000000856
1378 0.0000000855
1379 0.0000000855
1380 0.0000000854
1381 0.0000000854
1382 0.0000000853
1383 0.0000000852
1384 0.0000000852
1385 0.0000000851
1386 0.0000000850
1387 0.0000000850
1388 0.0000000849
1389 0.0000000849
1390 0.0000000848
1391 0.0000000847
1392 0.0000000847
1393 0.0000000846
1394 0.0000000846
1395 0.0000000845
1396 0.0000000844
1397 0.0000000844
1398 0.0000000843
1399 0.0000000843
1400 0.0000000842
1401 0.0000000841
1402 0.0000000841
1403 0.0000000840
1404 0.0000000840
1405 0.0000000839
1406 0.0000000838
1407 0.0000000838
1408 0.0000000837
1409 0.0000000837
1410 0.0000000836
1411 0.0000000835
1412 0.0000000835
1413 0.0000000834
1414 0.0000000834
1415 0.0000000833
1416 0.0000000832
1417 0.0000000832
1418 0.0000000831
1419 0.0000000831
1420 0.0000000830
1421 0.0000000829
1422 0.0000000829
1423 0.0000000828
1424 0.0000000828
1425 0.0000000827
1426 0.0000000826
1427 0.0000000826
1428 0.0000000825
1429 0.0000000825
1430 0.0000000824
1431 0.0000000824
1432 0.0000000823
1433 0.0000000822
1434 0.0000000822
1435 0.0000000821
1436 0.0000000821
1437 0.0000000820
1438 0.0000000820
1439 0.0000000819
1440 0.0000000818
1441 0.0000000818
1442 0.0000000817
1443 0.0000000817
1444 0.0000000816
1445 0.0000000816
1446 0.0000000815
1447 0.0000000814
1448 0.0000000814
1449 0.0000000813
1450 0.0000000813
1451 0.0000000812
1452 0.0000000812
1453 0.0000000811
1454 0.0000000810
1455 0.0000000810
1456 0.0000000809
1457 0.0000000809
1458 0.0000000808
1459 0.0000000808
1460 0.0000000807
1461 0.0000000807
1462 0.0000000806
1463 0.0000000805
1464 0.0000000805
1465 0.0000000804
1466 0.0000000804
1467 0.0000000803
1468 0.0000000803
1469 0.0000000802
1470 0.0000000802
1471 0.0000000801
1472 0.0000000800
1473 0.0000000800
1474 0.0000000799
1475 0.0000000799
1476 0.0000000798
1477 0.0000000798
1478 0.0000000797
1479 0.0000000797
1480 0.0000000796
1481 0.0000000796
1482 0.0000000795
1483 0.0000000794
1484 0.0000000794
1485 0.0000000793
1486 0.0000000793
1487 0.0000000792
1488 0.0000000792
1489 0.0000000791
1490 0.0000000791
1491 0.0000000790
1492 0.0000000790
1493 0.0000000789
1494 0.0000000789
1495 0.0000000788
1496 0.0000000787
1497 0.0000000787
1498 0.0000000786
1499 0.0000000786
1500 0.0000000785
1501 0.0000000785
1502 0.0000000784
1503 0.0000000784
1504 0.0000000783
1505 0.0000000783
1506 0.0000000782
1507 0.0000000782
1508 0.0000000781
1509 0.0000000781
1510 0.0000000780
1511 0.0000000780
1512 0.0000000779
1513 0.0000000779
1514 0.0000000778
1515 0.0000000778
1516 0.0000000777
1517 0.0000000776
1518 0.0000000776
1519 0.0000000775
1520 0.0000000775
1521 0.0000000774
1522 0.0000000774
1523 0.0000000773
1524 0.0000000773
1525 0.0000000772
1526 0.0000000772
1527 0.0000000771
1528 0.0000000771
1529 0.0000000770
1530 0.0000000770
1531 0.0000000769
1532 0.0000000769
1533 0.0000000768
1534 0.0000000768
1535 0.0000000767
1536 0.0000000767
1537 0.0000000766
1538 0.0000000766
1539 0.0000000765
1540 0.0000000765
1541 0.0000000764
1542 0.0000000764
1543 0.0000000763
1544 0.0000000763
1545 0.0000000762
1546 0.0000000762
1547 0.0000000761
1548 0.0000000761
1549 0.0000000760
1550 0.0000000760
1551 0.0000000759
1552 0.0000000759
1553 0.0000000758
1554 0.0000000758
1555 0.0000000757
1556 0.0000000757
1557 0.0000000756
1558 0.0000000756
1559 0.0000000755
1560 0.0000000755
1561 0.0000000754
1562 0.0000000754
1563 0.0000000753
1564 0.0000000753
1565 0.0000000752
1566 0.0000000752
1567 0.0000000751
1568 0.0000000751
1569 0.0000000750
1570 0.0000000750
1571 0.0000000749
1572 0.0000000749
1573 0.0000000748
1574 0.0000000748
1575 0.0000000748
1576 0.0000000747
1577 0.0000000747
1578 0.0000000746
1579 0.0000000746
1580 0.0000000745
1581 0.0000000745
1582 0.0000000744
1583 0.0000000744
1584 0.0000000743
1585 0.0000000743
1586 0.0000000742
1587 0.0000000742
1588 0.0000000741
1589 0.0000000741
1590 0.0000000740
1591 0.0000000740
1592 0.0000000739
1593 0.0000000739
1594 0.0000000738
1595 0.0000000738
1596 0.0000000738
1597 0.0000000737
1598 0.0000000737
1599 0.0000000736
1600 0.0000000736
1601 0.0000000735
1602 0.0000000735
1603 0.0000000734
1604 0.0000000734
1605 0.0000000733
1606 0.0000000733
1607 0.0000000732
1608 0.0000000732
1609 0.0000000731
1610 0.0000000731
1611 0.0000000731
1612 0.0000000730
1613 0.0000000730
1614 0.0000000729
1615 0.0000000729
1616 0.0000000728
1617 0.0000000728
1618 0.0000000727
1619 0.0000000727
1620 0.0000000726
1621 0.0000000726
1622 0.0000000726
1623 0.0000000725
1624 0.0000000725
1625 0.0000000724
1626 0.0000000724
1627 0.0000000723
1628 0.0000000723
1629 0.0000000722
1630 0.0000000722
1631 0.0000000721
1632 0.0000000721
1633 0.0000000721
1634 0.0000000720
1635 0.0000000720
1636 0.0000000719
1637 0.0000000719
1638 0.0000000718
1639 0.0000000718
1640 0.0000000717
1641 0.0000000717
1642 0.0000000716
1643 0.0000000716
1644 0.0000000716
1645 0.0000000715
1646 0.0000000715
1647 0.0000000714
1648 0.0000000714
1649 0.0000000713
1650 0.0000000713
1651 0.0000000712
1652 0.0000000712
1653 0.0000000712
1654 0.0000000711
1655 0.0000000711
1656 0.0000000710
1657 0.0000000710
1658 0.0000000709
1659 0.0000000709
1660 0.0000000709
1661 0.0000000708
1662 0.0000000708
1663 0.0000000707
1664 0.0000000707
1665 0.0000000706
1666 0.0000000706
1667 0.0000000706
1668 0.0000000705
1669 0.0000000705
1670 0.0000000704
1671 0.0000000704
1672 0.0000000703
1673 0.0000000703
1674 0.0000000702
1675 0.0000000702
1676 0.0000000702
1677 0.0000000701
1678 0.0000000701
1679 0.0000000700
1680 0.0000000700
1681 0.0000000699
1682 0.0000000699
1683 0.0000000699
1684 0.0000000698
1685 0.0000000698
1686 0.0000000697
1687 0.0000000697
1688 0.0000000696
1689 0.0000000696
1690 0.0000000696
1691 0.0000000695
1692 0.0000000695
1693 0.0000000694
1694 0.0000000694
1695 0.0000000694
1696 0.0000000693
1697 0.0000000693
1698 0.0000000692
1699 0.0000000692
1700 0.0000000691
1701 0.0000000691
1702 0.0000000691
1703 0.0000000690
1704 0.0000000690
1705 0.0000000689
1706 0.0000000689
1707 0.0000000688
1708 0.0000000688
1709 0.0000000688
1710 0.0000000687
1711 0.0000000687
1712 0.0000000686
1713 0.0000000686
1714 0.0000000686
1715 0.0000000685
1716 0.0000000685
1717 0.0000000684
1718 0.0000000684
1719 0.0000000684
1720 0.0000000683
1721 0.0000000683
1722 0.0000000682
1723 0.0000000682
1724 0.0000000681
1725 0.0000000681
1726 0.0000000681
1727 0.0000000680
1728 0.0000000680
1729 0.0000000679
1730 0.0000000679
1731 0.0000000679
1732 0.0000000678
1733 0.0000000678
1734 0.0000000677
1735 0.0000000677
1736 0.0000000677
1737 0.0000000676
1738 0.0000000676
1739 0.0000000675
1740 0.0000000675
1741 0.0000000675
1742 0.0000000674
1743 0.0000000674
1744 0.0000000673
1745 0.0000000673
1746 0.0000000673
1747 0.0000000672
1748 0.0000000672
1749 0.0000000671
1750 0.0000000671
1751 0.0000000671
1752 0.0000000670
1753 0.0000000670
1754 0.0000000669
1755 0.0000000669
1756 0.0000000669
1757 0.0000000668
1758 0.0000000668
1759 0.0000000667
1760 0.0000000667
1761 0.0000000667
1762 0.0000000666
1763 0.0000000666
1764 0.0000000665
1765 0.0000000665
1766 0.0000000665
1767 0.0000000664
1768 0.0000000664
1769 0.0000000663
1770 0.0000000663
1771 0.0000000663
1772 0.0000000662
1773 0.0000000662
1774 0.0000000661
1775 0.0000000661
1776 0.0000000661
1777 0.0000000660
1778 0.0000000660
1779 0.0000000659
1780 0.0000000659
1781 0.0000000659
1782 0.0000000658
1783 0.0000000658
1784 0.0000000657
1785 0.0000000657
1786 0.0000000657
1787 0.0000000656
1788 0.0000000656
1789 0.0000000655
1790 0.0000000655
1791 0.0000000655
1792 0.0000000654
1793 0.0000000654
1794 0.0000000654
1795 0.0000000653
1796 0.0000000653
1797 0.0000000652
1798 0.0000000652
1799 0.0000000652
1800 0.0000000651
1801 0.0000000651
1802 0.0000000650
1803 0.0000000650
1804 0.0000000650
1805 0.0000000649
1806 0.0000000649
1807 0.0000000648
1808 0.0000000648
1809 0.0000000648
1810 0.0000000647
1811 0.0000000647
1812 0.0000000647
1813 0.0000000646
1814 0.0000000646
1815 0.0000000645
1816 0.0000000645
1817 0.0000000645
1818 0.0000000644
1819 0.0000000644
1820 0.0000000643
1821 0.0000000643
1822 0.0000000643
1823 0.0000000642
1824 0.0000000642
1825 0.0000000642
1826 0.0000000641
1827 0.0000000641
1828 0.0000000640
1829 0.0000000640
1830 0.0000000640
1831 0.0000000639
1832 0.0000000639
1833 0.0000000638
1834 0.0000000638
1835 0.0000000638
1836 0.0000000637
1837 0.0000000637
1838 0.0000000636
1839 0.0000000636
1840 0.0000000636
1841 0.0000000635
1842 0.0000000635
1843 0.0000000635
1844 0.0000000634
1845 0.0000000634
1846 0.0000000633
1847 0.0000000633
1848 0.0000000633
1849 0.0000000632
1850 0.0000000632
1851 0.0000000631
1852 0.0000000631
1853 0.0000000631
1854 0.0000000630
1855 0.0000000630
1856 0.0000000630
1857 0.0000000629
1858 0.0000000629
1859 0.0000000628
1860 0.0000000628
1861 0.0000000628
1862 0.0000000627
1863 0.0000000627
1864 0.0000000626
1865 0.0000000626
1866 0.0000000626
1867 0.0000000625
1868 0.0000000625
1869 0.0000000624
1870 0.0000000624
1871 0.0000000624
1872 0.0000000623
1873 0.0000000623
1874 0.0000000622
1875 0.0000000622
1876 0.0000000622
1877 0.0000000621
1878 0.0000000621
1879 0.0000000621
1880 0.0000000620
1881 0.0000000620
1882 0.0000000619
1883 0.0000000619
1884 0.0000000619
1885 0.0000000618
1886 0.0000000618
1887 0.0000000617
1888 0.0000000617
1889 0.0000000617
1890 0.0000000616
1891 0.0000000616
1892 0.0000000615
1893 0.0000000615
1894 0.0000000614
1895 0.0000000614
1896 0.0000000614
1897 0.0000000613
1898 0.0000000613
1899 0.0000000612
1900 0.0000000612
1901 0.0000000612
1902 0.0000000611
1903 0.0000000611
1904 0.0000000610
1905 0.0000000610
1906 0.0000000610
1907 0.0000000609
1908 0.0000000609
1909 0.0000000608
1910 0.0000000608
1911 0.0000000607
1912 0.0000000607
1913 0.0000000607
1914 0.0000000606
1915 0.0000000606
1916 0.0000000605
1917 0.0000000605
1918 0.0000000604
1919 0.0000000604
1920 0.0000000604
1921 0.0000000603
1922 0.0000000603
1923 0.0000000602
1924 0.0000000602
1925 0.0000000601
1926 0.0000000601
1927 0.0000000600
1928 0.0000000600
1929 0.0000000599
1930 0.0000000599
1931 0.0000000599
1932 0.0000000598
1933 0.0000000598
1934 0.0000000597
1935 0.0000000597
1936 0.0000000596
1937 0.0000000596
1938 0.0000000595
1939 0.0000000595
1940 0.0000000594
1941 0.0000000594
1942 0.0000000593
1943 0.0000000593
1944 0.0000000592
1945 0.0000000592
1946 0.0000000591
1947 0.0000000591
1948 0.0000000590
1949 0.0000000590
1950 0.0000000589
1951 0.0000000589
1952 0.0000000588
1953 0.0000000588
1954 0.0000000587
1955 0.0000000587
1956 0.0000000586
1957 0.0000000585
1958 0.0000000585
1959 0.0000000584
1960 0.0000000584
1961 0.0000000583
1962 0.0000000583
1963 0.0000000582
1964 0.0000000581
1965 0.0000000581
1966 0.0000000580
1967 0.0000000579
1968 0.0000000579
1969 0.0000000578
1970 0.0000000577
1971 0.0000000577
1972 0.0000000576
1973 0.0000000575
1974 0.0000000575
1975 0.0000000574
1976 0.0000000573
1977 0.0000000572
1978 0.0000000572
1979 0.0000000571
1980 0.0000000570
1981 0.0000000569
1982 0.0000000568
1983 0.0000000567
1984 0.0000000566
1985 0.0000000565
1986 0.0000000564
1987 0.0000000563
1988 0.0000000562
1989 0.0000000560
1990 0.0000000559
1991 0.0000000557
1992 0.0000000555
1993 0.0000000553
1994 0.0000000550
1995 0.0000000546
1996 0.0000000541
1997 0.0000000532
1998 0.0000000516
1999 0.0000000460
2000 0.0000000000
