1 1320
0 0.9728098966
1 0.0061277355
2 0.0025546556
3 0.0017729903
4 0.0013027368
5 0.0010249285
6 0.0008432482
7 0.0007140706
8 0.0006173915
9 0.0005424344
10 0.0004826919
11 0.0004339931
12 0.0003935546
13 0.0003594540
14 0.0003303218
15 0.0003051562
16 0.0002832069
17 0.0002639013
18 0.0002467946
19 0.0002315361
20 0.0002178458
21 0.0002054972
22 0.0001943055
23 0.0001841180
24 0.0001748078
25 0.0001662683
26 0.0001584095
27 0.0001511549
28 0.0001444389
29 0.0001382050
30 0.0001324043
31 0.0001269945
32 0.0001219382
33 0.0001172030
34 0.0001127600
35 0.0001085839
36 0.0001046520
37 0.0001009442
38 0.0000974426
39 0.0000941310
40 0.0000909950
41 0.0000880214
42 0.0000851985
43 0.0000825156
44 0.0000799629
45 0.0000775315
46 0.0000752135
47 0.0000730015
48 0.0000708886
49 0.0000688687
50 0.0000669361
51 0.0000650855
52 0.0000633121
53 0.0000616115
54 0.0000599794
55 0.0000584122
56 0.0000569061
57 0.0000554579
58 0.0000540646
59 0.0000527232
60 0.0000514312
61 0.0000501859
62 0.0000489851
63 0.0000478267
64 0.0000467085
65 0.0000456287
66 0.0000445854
67 0.0000435769
68 0.0000426018
69 0.0000416584
70 0.0000407454
71 0.0000398614
72 0.0000390053
73 0.0000381757
74 0.0000373717
75 0.0000365920
76 0.0000358358
77 0.0000351021
78 0.0000343900
79 0.0000336986
80 0.0000330271
81 0.0000323748
82 0.0000317409
83 0.0000311247
84 0.0000305256
85 0.0000299429
86 0.0000293760
87 0.0000288244
88 0.0000282876
89 0.0000277649
90 0.0000272559
91 0.0000267601
92 0.0000262771
93 0.0000258065
94 0.0000253477
95 0.0000249005
96 0.0000244644
97 0.0000240391
98 0.0000236243
99 0.0000232195
100 0.0000228245
101 0.0000224389
102 0.0000220625
103 0.0000216950
104 0.0000213362
105 0.0000209856
106 0.0000206432
107 0.0000203086
108 0.0000199816
109 0.0000196620
110 0.0000193496
111 0.0000190441
112 0.0000187455
113 0.0000184534
114 0.0000181677
115 0.0000178882
116 0.0000176147
117 0.0000173471
118 0.0000170852
119 0.0000168289
120 0.0000165779
121 0.0000163322
122 0.0000160917
123 0.0000158561
124 0.0000156253
125 0.0000153993
126 0.0000151779
127 0.0000149609
128 0.0000147483
129 0.0000145400
130 0.0000143358
131 0.0000141356
132 0.0000139394
133 0.0000137470
134 0.0000135584
135 0.0000133734
136 0.0000131920
137 0.0000130140
138 0.0000128395
139 0.0000126682
140 0.0000125002
141 0.0000123354
142 0.0000121736
143 0.0000120149
144 0.0000118591
145 0.0000117061
146 0.0000115560
147 0.0000114086
148 0.0000112638
149 0.0000111218
150 0.0000109822
151 0.0000108452
152 0.0000107106
153 0.0000105784
154 0.0000104485
155 0.0000103209
156 0.0000101956
157 0.0000100724
158 0.0000099514
159 0.0000098325
160 0.0000097156
161 0.0000096007
162 0.0000094878
163 0.0000093768
164 0.0000092677
165 0.0000091604
166 0.0000090550
167 0.0000089513
168 0.0000088493
169 0.0000087491
170 0.0000086505
171 0.0000085535
172 0.0000084581
173 0.0000083642
174 0.0000082719
175 0.0000081811
176 0.0000080918
177 0.0000080039
178 0.0000079174
179 0.0000078323
180 0.0000077485
181 0.0000076661
182 0.0000075850
183 0.0000075052
184 0.0000074266
185 0.0000073492
186 0.0000072731
187 0.0000071981
188 0.0000071243
189 0.0000070516
190 0.0000069800
191 0.0000069096
192 0.0000068402
193 0.0000067719
194 0.0000067046
195 0.0000066383
196 0.0000065730
197 0.0000065087
198 0.0000064454
199 0.0000063829
200 0.0000063215
201 0.0000062609
202 0.0000062012
203 0.0000061424
204 0.0000060845
205 0.0000060274
206 0.0000059712
207 0.0000059157
208 0.0000058611
209 0.0000058073
210 0.0000057542
211 0.0000057019
212 0.0000056503
213 0.0000055994
214 0.0000055493
215 0.0000054999
216 0.0000054512
217 0.0000054032
218 0.0000053558
219 0.0000053092
220 0.0000052631
221 0.0000052177
222 0.0000051729
223 0.0000051288
224 0.0000050852
225 0.0000050423
226 0.0000049999
227 0.0000049581
228 0.0000049169
229 0.0000048762
230 0.0000048361
231 0.0000047965
232 0.0000047575
233 0.0000047190
234 0.0000046809
235 0.0000046434
236 0.0000046064
237 0.0000045699
238 0.0000045339
239 0.0000044983
240 0.0000044632
241 0.0000044286
242 0.0000043944
243 0.0000043606
244 0.0000043273
245 0.0000042944
246 0.0000042620
247 0.0000042299
248 0.0000041983
249 0.0000041671
250 0.0000041362
251 0.0000041058
252 0.0000040757
253 0.0000040461
254 0.0000040168
255 0.0000039878
256 0.0000039592
257 0.0000039310
258 0.0000039032
259 0.0000038756
260 0.0000038484
261 0.0000038216
262 0.0000037951
263 0.0000037689
264 0.0000037430
265 0.0000037174
266 0.0000036922
267 0.0000036672
268 0.0000036426
269 0.0000036182
270 0.0000035942
271 0.0000035704
272 0.0000035469
273 0.0000035237
274 0.0000035007
275 0.0000034781
276 0.0000034557
277 0.0000034335
278 0.0000034117
279 0.0000033900
280 0.0000033687
281 0.0000033475
282 0.0000033267
283 0.0000033060
284 0.0000032856
285 0.0000032655
286 0.0000032455
287 0.0000032258
288 0.0000032063
289 0.0000031871
290 0.0000031680
291 0.0000031492
292 0.0000031306
293 0.0000031122
294 0.0000030940
295 0.0000030759
296 0.0000030581
297 0.0000030405
298 0.0000030231
299 0.0000030059
300 0.0000029889
301 0.0000029720
302 0.0000029553
303 0.0000029389
304 0.0000029226
305 0.0000029064
306 0.0000028905
307 0.0000028747
308 0.0000028591
309 0.0000028436
310 0.0000028283
311 0.0000028132
312 0.0000027983
313 0.0000027835
314 0.0000027688
315 0.0000027543
316 0.0000027400
317 0.0000027258
318 0.0000027117
319 0.0000026978
320 0.0000026841
321 0.0000026704
322 0.0000026570
323 0.0000026436
324 0.0000026304
325 0.0000026174
326 0.0000026044
327 0.0000025916
328 0.0000025789
329 0.0000025664
330 0.0000025540
331 0.0000025417
332 0.0000025295
333 0.0000025174
334 0.0000025055
335 0.0000024937
336 0.0000024820
337 0.0000024704
338 0.0000024589
339 0.0000024475
340 0.0000024363
341 0.0000024251
342 0.0000024141
343 0.0000024031
344 0.0000023923
345 0.0000023816
346 0.0000023709
347 0.0000023604
348 0.0000023500
349 0.0000023397
350 0.0000023294
351 0.0000023193
352 0.0000023093
353 0.0000022993
354 0.0000022895
355 0.0000022797
356 0.0000022700
357 0.0000022604
358 0.0000022510
359 0.0000022415
360 0.0000022322
361 0.0000022230
362 0.0000022138
363 0.0000022047
364 0.0000021957
365 0.0000021868
366 0.0000021780
367 0.0000021692
368 0.0000021606
369 0.0000021520
370 0.0000021434
371 0.0000021350
372 0.0000021266
373 0.0000021183
374 0.0000021101
375 0.0000021019
376 0.0000020938
377 0.0000020858
378 0.0000020778
379 0.0000020699
380 0.0000020621
381 0.0000020544
382 0.0000020467
383 0.0000020391
384 0.0000020315
385 0.0000020240
386 0.0000020166
387 0.0000020092
388 0.0000020019
389 0.0000019946
390 0.0000019874
391 0.0000019803
392 0.0000019732
393 0.0000019662
394 0.0000019593
395 0.0000019524
396 0.0000019455
397 0.0000019387
398 0.0000019320
399 0.0000019253
400 0.0000019187
401 0.0000019121
402 0.0000019056
403 0.0000018991
404 0.0000018927
405 0.0000018863
406 0.0000018799
407 0.0000018737
408 0.0000018674
409 0.0000018613
410 0.0000018551
411 0.0000018490
412 0.0000018430
413 0.0000018370
414 0.0000018310
415 0.0000018251
416 0.0000018193
417 0.0000018135
418 0.0000018077
419 0.0000018020
420 0.0000017963
421 0.0000017906
422 0.0000017850
423 0.0000017794
424 0.0000017739
425 0.0000017684
426 0.0000017630
427 0.0000017576
428 0.0000017522
429 0.0000017469
430 0.0000017416
431 0.0000017363
432 0.0000017311
433 0.0000017260
434 0.0000017208
435 0.0000017157
436 0.0000017106
437 0.0000017056
438 0.0000017006
439 0.0000016956
440 0.0000016907
441 0.0000016858
442 0.0000016809
443 0.0000016761
444 0.0000016713
445 0.0000016665
446 0.0000016618
447 0.0000016571
448 0.0000016524
449 0.0000016478
450 0.0000016432
451 0.0000016386
452 0.0000016340
453 0.0000016295
454 0.0000016250
455 0.0000016206
456 0.0000016161
457 0.0000016117
458 0.0000016074
459 0.0000016030
460 0.0000015987
461 0.0000015944
462 0.0000015901
463 0.0000015859
464 0.0000015817
465 0.0000015775
466 0.0000015733
467 0.0000015692
468 0.0000015651
469 0.0000015610
470 0.0000015570
471 0.0000015529
472 0.0000015489
473 0.0000015449
474 0.0000015410
475 0.0000015371
476 0.0000015332
477 0.0000015293
478 0.0000015254
479 0.0000015216
480 0.0000015177
481 0.0000015139
482 0.0000015102
483 0.0000015064
484 0.0000015027
485 0.0000014990
486 0.0000014953
487 0.0000014916
488 0.0000014880
489 0.0000014844
490 0.0000014808
491 0.0000014772
492 0.0000014736
493 0.0000014701
494 0.0000014666
495 0.0000014631
496 0.0000014596
497 0.0000014561
498 0.0000014527
499 0.0000014493
500 0.0000014459
501 0.0000014425
502 0.0000014391
503 0.0000014358
504 0.0000014324
505 0.0000014291
506 0.0000014258
507 0.0000014225
508 0.0000014193
509 0.0000014161
510 0.0000014128
511 0.0000014096
512 0.0000014064
513 0.0000014033
514 0.0000014001
515 0.0000013970
516 0.0000013938
517 0.0000013907
518 0.0000013877
519 0.0000013846
520 0.0000013815
521 0.0000013785
522 0.0000013754
523 0.0000013724
524 0.0000013694
525 0.0000013665
526 0.0000013635
527 0.0000013605
528 0.0000013576
529 0.0000013547
530 0.0000013518
531 0.0000013489
532 0.0000013460
533 0.0000013431
534 0.0000013403
535 0.0000013375
536 0.0000013346
537 0.0000013318
538 0.0000013290
539 0.0000013262
540 0.0000013235
541 0.0000013207
542 0.0000013180
543 0.0000013152
544 0.0000013125
545 0.0000013098
546 0.0000013071
547 0.0000013045
548 0.0000013018
549 0.0000012991
550 0.0000012965
551 0.0000012939
552 0.0000012912
553 0.0000012886
554 0.0000012861
555 0.0000012835
556 0.0000012809
557 0.0000012783
558 0.0000012758
559 0.0000012733
560 0.0000012708
561 0.0000012682
562 0.0000012657
563 0.0000012632
564 0.0000012608
565 0.0000012583
566 0.0000012558
567 0.0000012534
568 0.0000012510
569 0.0000012486
570 0.0000012461
571 0.0000012437
572 0.0000012413
573 0.0000012390
574 0.0000012366
575 0.0000012342
576 0.0000012319
577 0.0000012295
578 0.0000012272
579 0.0000012249
580 0.0000012226
581 0.0000012203
582 0.0000012180
583 0.0000012157
584 0.0000012134
585 0.0000012112
586 0.0000012089
587 0.0000012067
588 0.0000012044
589 0.0000012022
590 0.0000012000
591 0.0000011978
592 0.0000011956
593 0.0000011934
594 0.0000011912
595 0.0000011890
596 0.0000011869
597 0.0000011847
598 0.0000011826
599 0.0000011804
600 0.0000011783
601 0.0000011762
602 0.0000011741
603 0.0000011719
604 0.0000011699
605 0.0000011678
606 0.0000011657
607 0.0000011636
608 0.0000011616
609 0.0000011595
610 0.0000011574
611 0.0000011554
612 0.0000011534
613 0.0000011514
614 0.0000011493
615 0.0000011473
616 0.0000011453
617 0.0000011433
618 0.0000011413
619 0.0000011394
620 0.0000011374
621 0.0000011354
622 0.0000011335
623 0.0000011315
624 0.0000011296
625 0.0000011277
626 0.0000011257
627 0.0000011238
628 0.0000011219
629 0.0000011200
630 0.0000011181
631 0.0000011162
632 0.0000011143
633 0.0000011124
634 0.0000011106
635 0.0000011087
636 0.0000011068
637 0.0000011050
638 0.0000011031
639 0.0000011013
640 0.0000010995
641 0.0000010976
642 0.0000010958
643 0.0000010940
644 0.0000010922
645 0.0000010904
646 0.0000010886
647 0.0000010868
648 0.0000010851
649 0.0000010833
650 0.0000010815
651 0.0000010798
652 0.0000010780
653 0.0000010762
654 0.0000010745
655 0.0000010728
656 0.0000010710
657 0.0000010693
658 0.0000010676
659 0.0000010659
660 0.0000010642
661 0.0000010624
662 0.0000010608
663 0.0000010591
664 0.0000010574
665 0.0000010557
666 0.0000010540
667 0.0000010524
668 0.0000010507
669 0.0000010490
670 0.0000010474
671 0.0000010457
672 0.0000010441
673 0.0000010425
674 0.0000010408
675 0.0000010392
676 0.0000010376
677 0.0000010360
678 0.0000010344
679 0.0000010327
680 0.0000010312
681 0.0000010296
682 0.0000010280
683 0.0000010264
684 0.0000010248
685 0.0000010232
686 0.0000010217
687 0.0000010201
688 0.0000010185
689 0.0000010170
690 0.0000010154
691 0.0000010139
692 0.0000010123
693 0.0000010108
694 0.0000010093
695 0.0000010078
696 0.0000010062
697 0.0000010047
698 0.0000010032
699 0.0000010017
700 0.0000010002
701 0.0000009987
702 0.0000009972
703 0.0000009957
704 0.0000009942
705 0.0000009928
706 0.0000009913
707 0.0000009898
708 0.0000009884
709 0.0000009869
710 0.0000009855
711 0.0000009840
712 0.0000009826
713 0.0000009811
714 0.0000009797
715 0.0000009782
716 0.0000009768
717 0.0000009754
718 0.0000009740
719 0.0000009725
720 0.0000009711
721 0.0000009697
722 0.0000009683
723 0.0000009669
724 0.0000009655
725 0.0000009641
726 0.0000009627
727 0.0000009614
728 0.0000009600
729 0.0000009586
730 0.0000009572
731 0.0000009559
732 0.0000009545
733 0.0000009531
734 0.0000009518
735 0.0000009504
736 0.0000009491
737 0.0000009477
738 0.0000009464
739 0.0000009451
740 0.0000009437
741 0.0000009424
742 0.0000009411
743 0.0000009397
744 0.0000009384
745 0.0000009371
746 0.0000009358
747 0.0000009345
748 0.0000009332
749 0.0000009319
750 0.0000009306
751 0.0000009293
752 0.0000009280
753 0.0000009267
754 0.0000009255
755 0.0000009242
756 0.0000009229
757 0.0000009216
758 0.0000009204
759 0.0000009191
760 0.0000009178
761 0.0000009166
762 0.0000009153
763 0.0000009141
764 0.0000009128
765 0.0000009116
766 0.0000009104
767 0.0000009091
768 0.0000009079
769 0.0000009067
770 0.0000009054
771 0.0000009042
772 0.0000009030
773 0.0000009018
774 0.0000009006
775 0.0000008993
776 0.0000008981
777 0.0000008969
778 0.0000008957
779 0.0000008945
780 0.0000008933
781 0.0000008922
782 0.0000008910
783 0.0000008898
784 0.0000008886
785 0.0000008874
786 0.0000008862
787 0.0000008851
788 0.0000008839
789 0.0000008828
790 0.0000008816
791 0.0000008804
792 0.0000008793
793 0.0000008781
794 0.0000008770
795 0.0000008758
796 0.0000008747
797 0.0000008735
798 0.0000008724
799 0.0000008713
800 0.0000008701
801 0.0000008690
802 0.0000008679
803 0.0000008667
804 0.0000008656
805 0.0000008645
806 0.0000008634
807 0.0000008623
808 0.0000008612
809 0.0000008601
810 0.0000008590
811 0.0000008579
812 0.0000008568
813 0.0000008557
814 0.0000008546
815 0.0000008535
816 0.0000008524
817 0.0000008513
818 0.0000008502
819 0.0000008492
820 0.0000008481
821 0.0000008470
822 0.0000008459
823 0.0000008449
824 0.0000008438
825 0.0000008427
826 0.0000008417
827 0.0000008406
828 0.0000008396
829 0.0000008385
830 0.0000008375
831 0.0000008364
832 0.0000008354
833 0.0000008343
834 0.0000008333
835 0.0000008323
836 0.0000008312
837 0.0000008302
838 0.0000008292
839 0.0000008281
840 0.0000008271
841 0.0000008261
842 0.0000008251
843 0.0000008241
844 0.0000008230
845 0.0000008220
846 0.0000008210
847 0.0000008200
848 0.0000008190
849 0.0000008180
850 0.0000008170
851 0.0000008160
852 0.0000008150
853 0.0000008140
854 0.0000008130
855 0.0000008120
856 0.0000008110
857 0.0000008101
858 0.0000008091
859 0.0000008081
860 0.0000008071
861 0.0000008062
862 0.0000008052
863 0.0000008042
864 0.0000008032
865 0.0000008023
866 0.0000008013
867 0.0000008004
868 0.0000007994
869 0.0000007984
870 0.0000007975
871 0.0000007965
872 0.0000007956
873 0.0000007946
874 0.0000007937
875 0.0000007928
876 0.0000007918
877 0.0000007909
878 0.0000007899
879 0.0000007890
880 0.0000007881
881 0.0000007871
882 0.0000007862
883 0.0000007853
884 0.0000007844
885 0.0000007835
886 0.0000007825
887 0.0000007816
888 0.0000007807
889 0.0000007798
890 0.0000007789
891 0.0000007780
892 0.0000007771
893 0.0000007762
894 0.0000007753
895 0.0000007744
896 0.0000007735
897 0.0000007726
898 0.0000007717
899 0.0000007708
900 0.0000007699
901 0.0000007690
902 0.0000007681
903 0.0000007672
904 0.0000007663
905 0.0000007655
906 0.0000007646
907 0.0000007637
908 0.0000007628
909 0.0000007620
910 0.0000007611
911 0.0000007602
912 0.0000007593
913 0.0000007585
914 0.0000007576
915 0.0000007568
916 0.0000007559
917 0.0000007550
918 0.0000007542
919 0.0000007533
920 0.0000007525
921 0.0000007516
922 0.0000007508
923 0.0000007499
924 0.0000007491
925 0.0000007483
926 0.0000007474
927 0.0000007466
928 0.0000007457
929 0.0000007449
930 0.0000007441
931 0.0000007432
932 0.0000007424
933 0.0000007416
934 0.0000007408
935 0.0000007399
936 0.0000007391
937 0.0000007383
938 0.0000007375
939 0.0000007367
940 0.0000007358
941 0.0000007350
942 0.0000007342
943 0.0000007334
944 0.0000007326
945 0.0000007318
946 0.0000007310
947 0.0000007302
948 0.0000007294
949 0.0000007286
950 0.0000007278
951 0.0000007270
952 0.0000007262
953 0.0000007254
954 0.0000007246
955 0.0000007238
956 0.0000007230
957 0.0000007222
958 0.0000007215
959 0.0000007207
960 0.0000007199
961 0.0000007191
962 0.0000007183
963 0.0000007175
964 0.0000007168
965 0.0000007160
966 0.0000007152
967 0.0000007144
968 0.0000007137
969 0.0000007129
970 0.0000007121
971 0.0000007114
972 0.0000007106
973 0.0000007099
974 0.0000007091
975 0.0000007083
976 0.0000007076
977 0.0000007068
978 0.0000007061
979 0.0000007053
980 0.0000007046
981 0.0000007038
982 0.0000007031
983 0.0000007023
984 0.0000007016
985 0.0000007008
986 0.0000007001
987 0.0000006994
988 0.0000006986
989 0.0000006979
990 0.0000006972
991 0.0000006964
992 0.0000006957
993 0.0000006950
994 0.0000006942
995 0.0000006935
996 0.0000006928
997 0.0000006920
998 0.0000006913
999 0.0000006906
1000 0.0000006899
1001 0.0000006892
1002 0.0000006884
1003 0.0000006877
1004 0.0000006870
1005 0.0000006863
1006 0.0000006856
1007 0.0000006849
1008 0.0000006842
1009 0.0000006835
1010 0.0000006828
1011 0.0000006821
1012 0.0000006813
1013 0.0000006806
1014 0.0000006799
1015 0.0000006792
1016 0.0000006785
1017 0.0000006778
1018 0.0000006772
1019 0.0000006765
1020 0.0000006758
1021 0.0000006751
1022 0.0000006744
1023 0.0000006737
1024 0.0000006730
1025 0.0000006723
1026 0.0000006716
1027 0.0000006710
1028 0.0000006703
1029 0.0000006696
1030 0.0000006689
1031 0.0000006682
1032 0.0000006676
1033 0.0000006669
1034 0.0000006662
1035 0.0000006655
1036 0.0000006649
1037 0.0000006642
1038 0.0000006635
1039 0.0000006628
1040 0.0000006622
1041 0.0000006615
1042 0.0000006609
1043 0.0000006602
1044 0.0000006595
1045 0.0000006589
1046 0.0000006582
1047 0.0000006576
1048 0.0000006569
1049 0.0000006562
1050 0.0000006556
1051 0.0000006549
1052 0.0000006543
1053 0.0000006536
1054 0.0000006530
1055 0.0000006523
1056 0.0000006517
1057 0.0000006510
1058 0.0000006504
1059 0.0000006497
1060 0.0000006491
1061 0.0000006485
1062 0.0000006478
1063 0.0000006472
1064 0.0000006465
1065 0.0000006459
1066 0.0000006453
1067 0.0000006446
1068 0.0000006440
1069 0.0000006434
1070 0.0000006427
1071 0.0000006421
1072 0.0000006415
1073 0.0000006409
1074 0.0000006402
1075 0.0000006396
1076 0.0000006390
1077 0.0000006384
1078 0.0000006377
1079 0.0000006371
1080 0.0000006365
1081 0.0000006359
1082 0.0000006353
1083 0.0000006346
1084 0.0000006340
1085 0.0000006334
1086 0.0000006328
1087 0.0000006322
1088 0.0000006316
1089 0.0000006310
1090 0.0000006304
1091 0.0000006298
1092 0.0000006292
1093 0.0000006285
1094 0.0000006279
1095 0.0000006273
1096 0.0000006267
1097 0.0000006261
1098 0.0000006255
1099 0.0000006249
1100 0.0000006243
1101 0.0000006237
1102 0.0000006231
1103 0.0000006225
1104 0.0000006220
1105 0.0000006214
1106 0.0000006208
1107 0.0000006202
1108 0.0000006196
1109 0.0000006190
1110 0.0000006184
1111 0.0000006178
1112 0.0000006172
1113 0.0000006167
1114 0.0000006161
1115 0.0000006155
1116 0.0000006149
1117 0.0000006143
1118 0.0000006137
1119 0.0000006132
1120 0.0000006126
1121 0.0000006120
1122 0.0000006114
1123 0.0000006109
1124 0.0000006103
1125 0.0000006097
1126 0.0000006091
1127 0.0000006086
1128 0.0000006080
1129 0.0000006074
1130 0.0000006069
1131 0.0000006063
1132 0.0000006057
1133 0.0000006052
1134 0.0000006046
1135 0.0000006040
1136 0.0000006035
1137 0.0000006029
1138 0.0000006024
1139 0.0000006018
1140 0.0000006012
1141 0.0000006007
1142 0.0000006001
1143 0.0000005996
1144 0.0000005990
1145 0.0000005985
1146 0.0000005979
1147 0.0000005973
1148 0.0000005968
1149 0.0000005962
1150 0.0000005957
1151 0.0000005951
1152 0.0000005946
1153 0.0000005940
1154 0.0000005935
1155 0.0000005930
1156 0.0000005924
1157 0.0000005919
1158 0.0000005913
1159 0.0000005908
1160 0.0000005902
1161 0.0000005897
1162 0.0000005892
1163 0.0000005886
1164 0.0000005881
1165 0.0000005875
1166 0.0000005870
1167 0.0000005865
1168 0.0000005859
1169 0.0000005854
1170 0.0000005849
1171 0.0000005843
1172 0.0000005838
1173 0.0000005833
1174 0.0000005827
1175 0.0000005822
1176 0.0000005817
1177 0.0000005812
1178 0.0000005806
1179 0.0000005801
1180 0.0000005796
1181 0.0000005791
1182 0.0000005785
1183 0.0000005780
1184 0.0000005775
1185 0.0000005770
1186 0.0000005764
1187 0.0000005759
1188 0.0000005754
1189 0.0000005749
1190 0.0000005744
1191 0.0000005739
1192 0.0000005733
1193 0.0000005728
1194 0.0000005723
1195 0.0000005718
1196 0.0000005713
1197 0.0000005708
1198 0.0000005702
1199 0.0000005697
1200 0.0000005692
1201 0.0000005687
1202 0.0000005682
1203 0.0000005677
1204 0.0000005672
1205 0.0000005667
1206 0.0000005662
1207 0.0000005657
1208 0.0000005652
1209 0.0000005647
1210 0.0000005642
1211 0.0000005636
1212 0.0000005631
1213 0.0000005626
1214 0.0000005621
1215 0.0000005616
1216 0.0000005611
1217 0.0000005606
1218 0.0000005601
1219 0.0000005596
1220 0.0000005591
1221 0.0000005586
1222 0.0000005581
1223 0.0000005577
1224 0.0000005572
1225 0.0000005567
1226 0.0000005562
1227 0.0000005557
1228 0.0000005552
1229 0.0000005547
1230 0.0000005542
1231 0.0000005537
1232 0.0000005532
1233 0.0000005527
1234 0.0000005522
1235 0.0000005517
1236 0.0000005512
1237 0.0000005507
1238 0.0000005503
1239 0.0000005498
1240 0.0000005493
1241 0.0000005488
1242 0.0000005483
1243 0.0000005478
1244 0.0000005473
1245 0.0000005468
1246 0.0000005464
1247 0.0000005459
1248 0.0000005454
1249 0.0000005449
1250 0.0000005444
1251 0.0000005439
1252 0.0000005434
1253 0.0000005429
1254 0.0000005425
1255 0.0000005420
1256 0.0000005415
1257 0.0000005410
1258 0.0000005405
1259 0.0000005400
1260 0.0000005395
1261 0.0000005391
1262 0.0000005386
1263 0.0000005381
1264 0.0000005376
1265 0.0000005371
1266 0.0000005366
1267 0.0000005361
1268 0.0000005357
1269 0.0000005352
1270 0.0000005347
1271 0.0000005342
1272 0.0000005337
1273 0.0000005332
1274 0.0000005327
1275 0.0000005322
1276 0.0000005317
1277 0.0000005312
1278 0.0000005307
1279 0.0000005302
1280 0.0000005297
1281 0.0000005292
1282 0.0000005287
1283 0.0000005282
1284 0.0000005277
1285 0.0000005272
1286 0.0000005266
1287 0.0000005261
1288 0.0000005256
1289 0.0000005251
1290 0.0000005245
1291 0.0000005240
1292 0.0000005234
1293 0.0000005229
1294 0.0000005223
1295 0.0000005217
1296 0.0000005212
1297 0.0000005206
1298 0.0000005200
1299 0.0000005193
1300 0.0000005187
1301 0.0000005180
1302 0.0000005173
1303 0.0000005166
1304 0.0000005159
1305 0.0000005151
1306 0.0000005142
1307 0.0000005133
1308 0.0000005123
1309 0.0000005113
1310 0.0000005100
1311 0.0000005087
1312 0.0000005070
1313 0.0000005051
1314 0.0000005026
1315 0.0000004993
1316 0.0000004946
1317 0.0000004873
1318 0.0000004724
1319 0.0000004212
1320 0.0000000000
