1 990
0 0.9918143036
1 0.0029581401
2 0.0009580349
3 0.0006086695
4 0.0004179914
5 0.0003122273
6 0.0002462540
7 0.0002010980
8 0.0001683649
9 0.0001436796
10 0.0001244833
11 0.0001091808
12 0.0000967319
13 0.0000864323
14 0.0000777895
15 0.0000704488
16 0.0000641487
17 0.0000586923
18 0.0000539287
19 0.0000497404
20 0.0000460345
21 0.0000427368
22 0.0000397874
23 0.0000371371
24 0.0000347456
25 0.0000325792
26 0.0000306098
27 0.0000288136
28 0.0000271704
29 0.0000256629
30 0.0000242765
31 0.0000229982
32 0.0000218170
33 0.0000207231
34 0.0000197082
35 0.0000187647
36 0.0000178861
37 0.0000170666
38 0.0000163009
39 0.0000155845
40 0.0000149134
41 0.0000142837
42 0.0000136921
43 0.0000131358
44 0.0000126119
45 0.0000121181
46 0.0000116521
47 0.0000112120
48 0.0000107958
49 0.0000104020
50 0.0000100289
51 0.0000096752
52 0.0000093397
53 0.0000090211
54 0.0000087183
55 0.0000084303
56 0.0000081563
57 0.0000078954
58 0.0000076467
59 0.0000074096
60 0.0000071834
61 0.0000069674
62 0.0000067610
63 0.0000065638
64 0.0000063752
65 0.0000061947
66 0.0000060220
67 0.0000058565
68 0.0000056979
69 0.0000055458
70 0.0000053999
71 0.0000052600
72 0.0000051256
73 0.0000049965
74 0.0000048724
75 0.0000047532
76 0.0000046385
77 0.0000045281
78 0.0000044219
79 0.0000043196
80 0.0000042211
81 0.0000041262
82 0.0000040347
83 0.0000039464
84 0.0000038613
85 0.0000037792
86 0.0000036999
87 0.0000036233
88 0.0000035494
89 0.0000034779
90 0.0000034088
91 0.0000033421
92 0.0000032775
93 0.0000032150
94 0.0000031545
95 0.0000030959
96 0.0000030392
97 0.0000029843
98 0.0000029311
99 0.0000028796
100 0.0000028296
101 0.0000027811
102 0.0000027341
103 0.0000026885
104 0.0000026442
105 0.0000026012
106 0.0000025595
107 0.0000025189
108 0.0000024796
109 0.0000024413
110 0.0000024041
111 0.0000023679
112 0.0000023328
113 0.0000022986
114 0.0000022653
115 0.0000022329
116 0.0000022014
117 0.0000021707
118 0.0000021408
119 0.0000021117
120 0.0000020833
121 0.0000020557
122 0.0000020287
123 0.0000020025
124 0.0000019768
125 0.0000019518
126 0.0000019275
127 0.0000019037
128 0.0000018805
129 0.0000018578
130 0.0000018357
131 0.0000018141
132 0.0000017929
133 0.0000017723
134 0.0000017522
135 0.0000017325
136 0.0000017132
137 0.0000016944
138 0.0000016760
139 0.0000016579
140 0.0000016403
141 0.0000016231
142 0.0000016062
143 0.0000015897
144 0.0000015735
145 0.0000015577
146 0.0000015421
147 0.0000015269
148 0.0000015121
149 0.0000014975
150 0.0000014832
151 0.0000014691
152 0.0000014554
153 0.0000014419
154 0.0000014287
155 0.0000014157
156 0.0000014030
157 0.0000013905
158 0.0000013782
159 0.0000013662
160 0.0000013544
161 0.0000013428
162 0.0000013314
163 0.0000013202
164 0.0000013092
165 0.0000012984
166 0.0000012878
167 0.0000012774
168 0.0000012671
169 0.0000012570
170 0.0000012471
171 0.0000012374
172 0.0000012278
173 0.0000012184
174 0.0000012091
175 0.0000012000
176 0.0000011910
177 0.0000011821
178 0.0000011734
179 0.0000011649
180 0.0000011564
181 0.0000011481
182 0.0000011400
183 0.0000011319
184 0.0000011240
185 0.0000011161
186 0.0000011084
187 0.0000011008
188 0.0000010934
189 0.0000010860
190 0.0000010787
191 0.0000010715
192 0.0000010645
193 0.0000010575
194 0.0000010506
195 0.0000010439
196 0.0000010372
197 0.0000010306
198 0.0000010241
199 0.0000010176
200 0.0000010113
201 0.0000010050
202 0.0000009989
203 0.0000009928
204 0.0000009867
205 0.0000009808
206 0.0000009749
207 0.0000009691
208 0.0000009634
209 0.0000009578
210 0.0000009522
211 0.0000009467
212 0.0000009412
213 0.0000009358
214 0.0000009305
215 0.0000009252
216 0.0000009200
217 0.0000009149
218 0.0000009098
219 0.0000009048
220 0.0000008998
221 0.0000008949
222 0.0000008901
223 0.0000008853
224 0.0000008805
225 0.0000008758
226 0.0000008712
227 0.0000008666
228 0.0000008621
229 0.0000008576
230 0.0000008531
231 0.0000008487
232 0.0000008444
233 0.0000008400
234 0.0000008358
235 0.0000008316
236 0.0000008274
237 0.0000008232
238 0.0000008192
239 0.0000008151
240 0.0000008111
241 0.0000008071
242 0.0000008032
243 0.0000007993
244 0.0000007954
245 0.0000007916
246 0.0000007878
247 0.0000007841
248 0.0000007804
249 0.0000007767
250 0.0000007730
251 0.0000007694
252 0.0000007659
253 0.0000007623
254 0.0000007588
255 0.0000007553
256 0.0000007519
257 0.0000007485
258 0.0000007451
259 0.0000007417
260 0.0000007384
261 0.0000007351
262 0.0000007319
263 0.0000007286
264 0.0000007254
265 0.0000007222
266 0.0000007191
267 0.0000007159
268 0.0000007128
269 0.0000007098
270 0.0000007067
271 0.0000007037
272 0.0000007007
273 0.0000006977
274 0.0000006948
275 0.0000006919
276 0.0000006890
277 0.0000006861
278 0.0000006832
279 0.0000006804
280 0.0000006776
281 0.0000006748
282 0.0000006720
283 0.0000006693
284 0.0000006666
285 0.0000006639
286 0.0000006612
287 0.0000006585
288 0.0000006559
289 0.0000006533
290 0.0000006507
291 0.0000006481
292 0.0000006456
293 0.0000006430
294 0.0000006405
295 0.0000006380
296 0.0000006355
297 0.0000006331
298 0.0000006306
299 0.0000006282
300 0.0000006258
301 0.0000006234
302 0.0000006210
303 0.0000006187
304 0.0000006164
305 0.0000006140
306 0.0000006117
307 0.0000006094
308 0.0000006072
309 0.0000006049
310 0.0000006027
311 0.0000006005
312 0.0000005982
313 0.0000005961
314 0.0000005939
315 0.0000005917
316 0.0000005896
317 0.0000005874
318 0.0000005853
319 0.0000005832
320 0.0000005811
321 0.0000005791
322 0.0000005770
323 0.0000005749
324 0.0000005729
325 0.0000005709
326 0.0000005689
327 0.0000005669
328 0.0000005649
329 0.0000005629
330 0.0000005610
331 0.0000005591
332 0.0000005571
333 0.0000005552
334 0.0000005533
335 0.0000005514
336 0.0000005495
337 0.0000005477
338 0.0000005458
339 0.0000005440
340 0.0000005421
341 0.0000005403
342 0.0000005385
343 0.0000005367
344 0.0000005349
345 0.0000005332
346 0.0000005314
347 0.0000005296
348 0.0000005279
349 0.0000005262
350 0.0000005244
351 0.0000005227
352 0.0000005210
353 0.0000005194
354 0.0000005177
355 0.0000005160
356 0.0000005143
357 0.0000005127
358 0.0000005111
359 0.0000005094
360 0.0000005078
361 0.0000005062
362 0.0000005046
363 0.0000005030
364 0.0000005014
365 0.0000004999
366 0.0000004983
367 0.0000004967
368 0.0000004952
369 0.0000004937
370 0.0000004921
371 0.0000004906
372 0.0000004891
373 0.0000004876
374 0.0000004861
375 0.0000004846
376 0.0000004832
377 0.0000004817
378 0.0000004802
379 0.0000004788
380 0.0000004774
381 0.0000004759
382 0.0000004745
383 0.0000004731
384 0.0000004717
385 0.0000004703
386 0.0000004689
387 0.0000004675
388 0.0000004661
389 0.0000004647
390 0.0000004634
391 0.0000004620
392 0.0000004607
393 0.0000004593
394 0.0000004580
395 0.0000004567
396 0.0000004554
397 0.0000004540
398 0.0000004527
399 0.0000004514
400 0.0000004501
401 0.0000004489
402 0.0000004476
403 0.0000004463
404 0.0000004450
405 0.0000004438
406 0.0000004425
407 0.0000004413
408 0.0000004401
409 0.0000004388
410 0.0000004376
411 0.0000004364
412 0.0000004352
413 0.0000004340
414 0.0000004328
415 0.0000004316
416 0.0000004304
417 0.0000004292
418 0.0000004280
419 0.0000004269
420 0.0000004257
421 0.0000004245
422 0.0000004234
423 0.0000004222
424 0.0000004211
425 0.0000004200
426 0.0000004188
427 0.0000004177
428 0.0000004166
429 0.0000004155
430 0.0000004144
431 0.0000004133
432 0.0000004122
433 0.0000004111
434 0.0000004100
435 0.0000004089
436 0.0000004079
437 0.0000004068
438 0.0000004057
439 0.0000004047
440 0.0000004036
441 0.0000004026
442 0.0000004015
443 0.0000004005
444 0.0000003994
445 0.0000003984
446 0.0000003974
447 0.0000003964
448 0.0000003954
449 0.0000003944
450 0.0000003933
451 0.0000003923
452 0.0000003914
453 0.0000003904
454 0.0000003894
455 0.0000003884
456 0.0000003874
457 0.0000003865
458 0.0000003855
459 0.0000003845
460 0.0000003836
461 0.0000003826
462 0.0000003817
463 0.0000003807
464 0.0000003798
465 0.0000003788
466 0.0000003779
467 0.0000003770
468 0.0000003761
469 0.0000003751
470 0.0000003742
471 0.0000003733
472 0.0000003724
473 0.0000003715
474 0.0000003706
475 0.0000003697
476 0.0000003688
477 0.0000003679
478 0.0000003670
479 0.0000003662
480 0.0000003653
481 0.0000003644
482 0.0000003636
483 0.0000003627
484 0.0000003618
485 0.0000003610
486 0.0000003601
487 0.0000003593
488 0.0000003584
489 0.0000003576
490 0.0000003568
491 0.0000003559
492 0.0000003551
493 0.0000003543
494 0.0000003534
495 0.0000003526
496 0.0000003518
497 0.0000003510
498 0.0000003502
499 0.0000003494
500 0.0000003486
501 0.0000003478
502 0.0000003470
503 0.0000003462
504 0.0000003454
505 0.0000003446
506 0.0000003438
507 0.0000003431
508 0.0000003423
509 0.0000003415
510 0.0000003407
511 0.0000003400
512 0.0000003392
513 0.0000003385
514 0.0000003377
515 0.0000003370
516 0.0000003362
517 0.0000003355
518 0.0000003347
519 0.0000003340
520 0.0000003332
521 0.0000003325
522 0.0000003318
523 0.0000003310
524 0.0000003303
525 0.0000003296
526 0.0000003289
527 0.0000003282
528 0.0000003274
529 0.0000003267
530 0.0000003260
531 0.0000003253
532 0.0000003246
533 0.0000003239
534 0.0000003232
535 0.0000003225
536 0.0000003218
537 0.0000003211
538 0.0000003205
539 0.0000003198
540 0.0000003191
541 0.0000003184
542 0.0000003177
543 0.0000003171
544 0.0000003164
545 0.0000003157
546 0.0000003151
547 0.0000003144
548 0.0000003137
549 0.0000003131
550 0.0000003124
551 0.0000003118
552 0.0000003111
553 0.0000003105
554 0.0000003098
555 0.0000003092
556 0.0000003086
557 0.0000003079
558 0.0000003073
559 0.0000003067
560 0.0000003060
561 0.0000003054
562 0.0000003048
563 0.0000003042
564 0.0000003035
565 0.0000003029
566 0.0000003023
567 0.0000003017
568 0.0000003011
569 0.0000003005
570 0.0000002999
571 0.0000002993
572 0.0000002987
573 0.0000002981
574 0.0000002975
575 0.0000002969
576 0.0000002963
577 0.0000002957
578 0.0000002951
579 0.0000002945
580 0.0000002939
581 0.0000002933
582 0.0000002928
583 0.0000002922
584 0.0000002916
585 0.0000002910
586 0.0000002905
587 0.0000002899
588 0.0000002893
589 0.0000002888
590 0.0000002882
591 0.0000002876
592 0.0000002871
593 0.0000002865
594 0.0000002860
595 0.0000002854
596 0.0000002848
597 0.0000002843
598 0.0000002838
599 0.0000002832
600 0.0000002827
601 0.0000002821
602 0.0000002816
603 0.0000002810
604 0.0000002805
605 0.0000002800
606 0.0000002794
607 0.0000002789
608 0.0000002784
609 0.0000002779
610 0.0000002773
611 0.0000002768
612 0.0000002763
613 0.0000002758
614 0.0000002752
615 0.0000002747
616 0.0000002742
617 0.0000002737
618 0.0000002732
619 0.0000002727
620 0.0000002722
621 0.0000002717
622 0.0000002712
623 0.0000002707
624 0.0000002702
625 0.0000002697
626 0.0000002692
627 0.0000002687
628 0.0000002682
629 0.0000002677
630 0.0000002672
631 0.0000002667
632 0.0000002662
633 0.0000002657
634 0.0000002653
635 0.0000002648
636 0.0000002643
637 0.0000002638
638 0.0000002633
639 0.0000002629
640 0.0000002624
641 0.0000002619
642 0.0000002614
643 0.0000002610
644 0.0000002605
645 0.0000002600
646 0.0000002596
647 0.0000002591
648 0.0000002587
649 0.0000002582
650 0.0000002577
651 0.0000002573
652 0.0000002568
653 0.0000002564
654 0.0000002559
655 0.0000002555
656 0.0000002550
657 0.0000002546
658 0.0000002541
659 0.0000002537
660 0.0000002532
661 0.0000002528
662 0.0000002524
663 0.0000002519
664 0.0000002515
665 0.0000002510
666 0.0000002506
667 0.0000002502
668 0.0000002497
669 0.0000002493
670 0.0000002489
671 0.0000002484
672 0.0000002480
673 0.0000002476
674 0.0000002472
675 0.0000002467
676 0.0000002463
677 0.0000002459
678 0.0000002455
679 0.0000002451
680 0.0000002446
681 0.0000002442
682 0.0000002438
683 0.0000002434
684 0.0000002430
685 0.0000002426
686 0.0000002422
687 0.0000002418
688 0.0000002414
689 0.0000002410
690 0.0000002405
691 0.0000002401
692 0.0000002397
693 0.0000002393
694 0.0000002389
695 0.0000002385
696 0.0000002381
697 0.0000002378
698 0.0000002374
699 0.0000002370
700 0.0000002366
701 0.0000002362
702 0.0000002358
703 0.0000002354
704 0.0000002350
705 0.0000002346
706 0.0000002342
707 0.0000002339
708 0.0000002335
709 0.0000002331
710 0.0000002327
711 0.0000002323
712 0.0000002320
713 0.0000002316
714 0.0000002312
715 0.0000002308
716 0.0000002305
717 0.0000002301
718 0.0000002297
719 0.0000002293
720 0.0000002290
721 0.0000002286
722 0.0000002282
723 0.0000002279
724 0.0000002275
725 0.0000002271
726 0.0000002268
727 0.0000002264
728 0.0000002261
729 0.0000002257
730 0.0000002253
731 0.0000002250
732 0.0000002246
733 0.0000002243
734 0.0000002239
735 0.0000002236
736 0.0000002232
737 0.0000002229
738 0.0000002225
739 0.0000002222
740 0.0000002218
741 0.0000002215
742 0.0000002211
743 0.0000002208
744 0.0000002204
745 0.0000002201
746 0.0000002197
747 0.0000002194
748 0.0000002191
749 0.0000002187
750 0.0000002184
751 0.0000002180
752 0.0000002177
753 0.0000002174
754 0.0000002170
755 0.0000002167
756 0.0000002164
757 0.0000002160
758 0.0000002157
759 0.0000002154
760 0.0000002150
761 0.0000002147
762 0.0000002144
763 0.0000002140
764 0.0000002137
765 0.0000002134
766 0.0000002131
767 0.0000002127
768 0.0000002124
769 0.0000002121
770 0.0000002118
771 0.0000002115
772 0.0000002111
773 0.0000002108
774 0.0000002105
775 0.0000002102
776 0.0000002099
777 0.0000002096
778 0.0000002092
779 0.0000002089
780 0.0000002086
781 0.0000002083
782 0.0000002080
783 0.0000002077
784 0.0000002074
785 0.0000002071
786 0.0000002068
787 0.0000002065
788 0.0000002061
789 0.0000002058
790 0.0000002055
791 0.0000002052
792 0.0000002049
793 0.0000002046
794 0.0000002043
795 0.0000002040
796 0.0000002037
797 0.0000002034
798 0.0000002031
799 0.0000002028
800 0.0000002025
801 0.0000002022
802 0.0000002019
803 0.0000002016
804 0.0000002014
805 0.0000002011
806 0.0000002008
807 0.0000002005
808 0.0000002002
809 0.0000001999
810 0.0000001996
811 0.0000001993
812 0.0000001990
813 0.0000001987
814 0.0000001985
815 0.0000001982
816 0.0000001979
817 0.0000001976
818 0.0000001973
819 0.0000001970
820 0.0000001967
821 0.0000001965
822 0.0000001962
823 0.0000001959
824 0.0000001956
825 0.0000001953
826 0.0000001951
827 0.0000001948
828 0.0000001945
829 0.0000001942
830 0.0000001940
831 0.0000001937
832 0.0000001934
833 0.0000001931
834 0.0000001929
835 0.0000001926
836 0.0000001923
837 0.0000001920
838 0.0000001918
839 0.0000001915
840 0.0000001912
841 0.0000001910
842 0.0000001907
843 0.0000001904
844 0.0000001902
845 0.0000001899
846 0.0000001896
847 0.0000001894
848 0.0000001891
849 0.0000001888
850 0.0000001886
851 0.0000001883
852 0.0000001880
853 0.0000001878
854 0.0000001875
855 0.0000001873
856 0.0000001870
857 0.0000001867
858 0.0000001865
859 0.0000001862
860 0.0000001860
861 0.0000001857
862 0.0000001854
863 0.0000001852
864 0.0000001849
865 0.0000001847
866 0.0000001844
867 0.0000001842
868 0.0000001839
869 0.0000001837
870 0.0000001834
871 0.0000001832
872 0.0000001829
873 0.0000001827
874 0.0000001824
875 0.0000001822
876 0.0000001819
877 0.0000001817
878 0.0000001814
879 0.0000001812
880 0.0000001809
881 0.0000001807
882 0.0000001804
883 0.0000001802
884 0.0000001799
885 0.0000001797
886 0.0000001794
887 0.0000001792
888 0.0000001789
889 0.0000001787
890 0.0000001785
891 0.0000001782
892 0.0000001780
893 0.0000001777
894 0.0000001775
895 0.0000001772
896 0.0000001770
897 0.0000001768
898 0.0000001765
899 0.0000001763
900 0.0000001760
901 0.0000001758
902 0.0000001756
903 0.0000001753
904 0.0000001751
905 0.0000001748
906 0.0000001746
907 0.0000001744
908 0.0000001741
909 0.0000001739
910 0.0000001737
911 0.0000001734
912 0.0000001732
913 0.0000001730
914 0.0000001727
915 0.0000001725
916 0.0000001722
917 0.0000001720
918 0.0000001718
919 0.0000001715
920 0.0000001713
921 0.0000001711
922 0.0000001708
923 0.0000001706
924 0.0000001704
925 0.0000001701
926 0.0000001699
927 0.0000001697
928 0.0000001694
929 0.0000001692
930 0.0000001690
931 0.0000001687
932 0.0000001685
933 0.0000001683
934 0.0000001681
935 0.0000001678
936 0.0000001676
937 0.0000001674
938 0.0000001671
939 0.0000001669
940 0.0000001667
941 0.0000001664
942 0.0000001662
943 0.0000001660
944 0.0000001657
945 0.0000001655
946 0.0000001653
947 0.0000001650
948 0.0000001648
949 0.0000001646
950 0.0000001643
951 0.0000001641
952 0.0000001639
953 0.0000001636
954 0.0000001634
955 0.0000001631
956 0.0000001629
957 0.0000001627
958 0.0000001624
959 0.0000001622
960 0.0000001619
961 0.0000001617
962 0.0000001614
963 0.0000001612
964 0.0000001609
965 0.0000001607
966 0.0000001604
967 0.0000001601
968 0.0000001599
969 0.0000001596
970 0.0000001593
971 0.0000001590
972 0.0000001587
973 0.0000001584
974 0.0000001581
975 0.0000001578
976 0.0000001575
977 0.0000001571
978 0.0000001567
979 0.0000001563
980 0.0000001559
981 0.0000001554
982 0.0000001548
983 0.0000001541
984 0.0000001533
985 0.0000001522
986 0.0000001506
987 0.0000001483
988 0.0000001437
989 0.0000001281
990 0.0000000000
