1 2000
0 0.9960003306
1 0.0013804993
2 0.0005308344
3 0.0003470140
4 0.0002404564
5 0.0001792382
6 0.0001402910
7 0.0001133602
8 0.0000937506
9 0.0000789498
10 0.0000674596
11 0.0000583322
12 0.0000509429
13 0.0000448653
14 0.0000397993
15 0.0000355280
16 0.0000318907
17 0.0000287662
18 0.0000260617
19 0.0000237047
20 0.0000216378
21 0.0000198155
22 0.0000182008
23 0.0000167635
24 0.0000154788
25 0.0000143263
26 0.0000132886
27 0.0000123514
28 0.0000115023
29 0.0000107310
30 0.0000100286
31 0.0000093873
32 0.0000088005
33 0.0000082624
34 0.0000077680
35 0.0000073129
36 0.0000068932
37 0.0000065056
38 0.0000061470
39 0.0000058147
40 0.0000055064
41 0.0000052199
42 0.0000049533
43 0.0000047051
44 0.0000044735
45 0.0000042573
46 0.0000040552
47 0.0000038661
48 0.0000036889
49 0.0000035228
50 0.0000033670
51 0.0000032206
52 0.0000030829
53 0.0000029534
54 0.0000028315
55 0.0000027165
56 0.0000026081
57 0.0000025058
58 0.0000024091
59 0.0000023177
60 0.0000022313
61 0.0000021495
62 0.0000020720
63 0.0000019986
64 0.0000019289
65 0.0000018628
66 0.0000018000
67 0.0000017404
68 0.0000016837
69 0.0000016298
70 0.0000015785
71 0.0000015296
72 0.0000014831
73 0.0000014387
74 0.0000013963
75 0.0000013559
76 0.0000013174
77 0.0000012805
78 0.0000012453
79 0.0000012117
80 0.0000011795
81 0.0000011487
82 0.0000011192
83 0.0000010909
84 0.0000010638
85 0.0000010379
86 0.0000010129
87 0.0000009890
88 0.0000009661
89 0.0000009441
90 0.0000009229
91 0.0000009025
92 0.0000008829
93 0.0000008641
94 0.0000008460
95 0.0000008285
96 0.0000008117
97 0.0000007955
98 0.0000007799
99 0.0000007648
100 0.0000007503
101 0.0000007363
102 0.0000007227
103 0.0000007097
104 0.0000006970
105 0.0000006848
106 0.0000006730
107 0.0000006616
108 0.0000006505
109 0.0000006398
110 0.0000006294
111 0.0000006194
112 0.0000006097
113 0.0000006002
114 0.0000005911
115 0.0000005822
116 0.0000005736
117 0.0000005652
118 0.0000005571
119 0.0000005492
120 0.0000005416
121 0.0000005341
122 0.0000005269
123 0.0000005199
124 0.0000005130
125 0.0000005063
126 0.0000004998
127 0.0000004935
128 0.0000004874
129 0.0000004814
130 0.0000004755
131 0.0000004698
132 0.0000004642
133 0.0000004588
134 0.0000004535
135 0.0000004484
136 0.0000004433
137 0.0000004384
138 0.0000004336
139 0.0000004289
140 0.0000004243
141 0.0000004198
142 0.0000004154
143 0.0000004111
144 0.0000004069
145 0.0000004027
146 0.0000003987
147 0.0000003948
148 0.0000003909
149 0.0000003871
150 0.0000003834
151 0.0000003798
152 0.0000003762
153 0.0000003727
154 0.0000003693
155 0.0000003659
156 0.0000003626
157 0.0000003594
158 0.0000003562
159 0.0000003531
160 0.0000003500
161 0.0000003470
162 0.0000003441
163 0.0000003412
164 0.0000003383
165 0.0000003355
166 0.0000003328
167 0.0000003301
168 0.0000003274
169 0.0000003248
170 0.0000003222
171 0.0000003197
172 0.0000003172
173 0.0000003147
174 0.0000003123
175 0.0000003099
176 0.0000003076
177 0.0000003053
178 0.0000003030
179 0.0000003008
180 0.0000002986
181 0.0000002964
182 0.0000002943
183 0.0000002922
184 0.0000002901
185 0.0000002880
186 0.0000002860
187 0.0000002840
188 0.0000002821
189 0.0000002801
190 0.0000002782
191 0.0000002763
192 0.0000002745
193 0.0000002726
194 0.0000002708
195 0.0000002690
196 0.0000002673
197 0.0000002655
198 0.0000002638
199 0.0000002621
200 0.0000002604
201 0.0000002588
202 0.0000002571
203 0.0000002555
204 0.0000002539
205 0.0000002523
206 0.0000002508
207 0.0000002492
208 0.0000002477
209 0.0000002462
210 0.0000002447
211 0.0000002433
212 0.0000002418
213 0.0000002404
214 0.0000002390
215 0.0000002376
216 0.0000002362
217 0.0000002348
218 0.0000002334
219 0.0000002321
220 0.0000002308
221 0.0000002295
222 0.0000002282
223 0.0000002269
224 0.0000002256
225 0.0000002243
226 0.0000002231
227 0.0000002219
228 0.0000002207
229 0.0000002194
230 0.0000002182
231 0.0000002171
232 0.0000002159
233 0.0000002147
234 0.0000002136
235 0.0000002125
236 0.0000002113
237 0.0000002102
238 0.0000002091
239 0.0000002080
240 0.0000002069
241 0.0000002059
242 0.0000002048
243 0.0000002038
244 0.0000002027
245 0.0000002017
246 0.0000002007
247 0.0000001997
248 0.0000001986
249 0.0000001977
250 0.0000001967
251 0.0000001957
252 0.0000001947
253 0.0000001938
254 0.0000001928
255 0.0000001919
256 0.0000001910
257 0.0000001900
258 0.0000001891
259 0.0000001882
260 0.0000001873
261 0.0000001864
262 0.0000001855
263 0.0000001847
264 0.0000001838
265 0.0000001829
266 0.0000001821
267 0.0000001812
268 0.0000001804
269 0.0000001795
270 0.0000001787
271 0.0000001779
272 0.0000001771
273 0.0000001763
274 0.0000001755
275 0.0000001747
276 0.0000001739
277 0.0000001731
278 0.0000001724
279 0.0000001716
280 0.0000001708
281 0.0000001701
282 0.0000001693
283 0.0000001686
284 0.0000001678
285 0.0000001671
286 0.0000001664
287 0.0000001657
288 0.0000001650
289 0.0000001642
290 0.0000001635
291 0.0000001628
292 0.0000001622
293 0.0000001615
294 0.0000001608
295 0.0000001601
296 0.0000001594
297 0.0000001588
298 0.0000001581
299 0.0000001575
300 0.0000001568
301 0.0000001562
302 0.0000001555
303 0.0000001549
304 0.0000001542
305 0.0000001536
306 0.0000001530
307 0.0000001524
308 0.0000001518
309 0.0000001511
310 0.0000001505
311 0.0000001499
312 0.0000001493
313 0.0000001487
314 0.0000001482
315 0.0000001476
316 0.0000001470
317 0.0000001464
318 0.0000001458
319 0.0000001453
320 0.0000001447
321 0.0000001442
322 0.0000001436
323 0.0000001430
324 0.0000001425
325 0.0000001420
326 0.0000001414
327 0.0000001409
328 0.0000001403
329 0.0000001398
330 0.0000001393
331 0.0000001388
332 0.0000001382
333 0.0000001377
334 0.0000001372
335 0.0000001367
336 0.0000001362
337 0.0000001357
338 0.0000001352
339 0.0000001347
340 0.0000001342
341 0.0000001337
342 0.0000001332
343 0.0000001327
344 0.0000001323
345 0.0000001318
346 0.0000001313
347 0.0000001308
348 0.0000001304
349 0.0000001299
350 0.0000001294
351 0.0000001290
352 0.0000001285
353 0.0000001281
354 0.0000001276
355 0.0000001272
356 0.0000001267
357 0.0000001263
358 0.0000001259
359 0.0000001254
360 0.0000001250
361 0.0000001246
362 0.0000001241
363 0.0000001237
364 0.0000001233
365 0.0000001229
366 0.0000001224
367 0.0000001220
368 0.0000001216
369 0.0000001212
370 0.0000001208
371 0.0000001204
372 0.0000001200
373 0.0000001196
374 0.0000001192
375 0.0000001188
376 0.0000001184
377 0.0000001180
378 0.0000001176
379 0.0000001172
380 0.0000001168
381 0.0000001165
382 0.0000001161
383 0.0000001157
384 0.0000001153
385 0.0000001149
386 0.0000001146
387 0.0000001142
388 0.0000001138
389 0.0000001135
390 0.0000001131
391 0.0000001127
392 0.0000001124
393 0.0000001120
394 0.0000001117
395 0.0000001113
396 0.0000001110
397 0.0000001106
398 0.0000001103
399 0.0000001099
400 0.0000001096
401 0.0000001092
402 0.0000001089
403 0.0000001086
404 0.0000001082
405 0.0000001079
406 0.0000001076
407 0.0000001072
408 0.0000001069
409 0.0000001066
410 0.0000001063
411 0.0000001059
412 0.0000001056
413 0.0000001053
414 0.0000001050
415 0.0000001047
416 0.0000001043
417 0.0000001040
418 0.0000001037
419 0.0000001034
420 0.0000001031
421 0.0000001028
422 0.0000001025
423 0.0000001022
424 0.0000001019
425 0.0000001016
426 0.0000001013
427 0.0000001010
428 0.0000001007
429 0.0000001004
430 0.0000001001
431 0.0000000998
432 0.0000000995
433 0.0000000992
434 0.0000000990
435 0.0000000987
436 0.0000000984
437 0.0000000981
438 0.0000000978
439 0.0000000976
440 0.0000000973
441 0.0000000970
442 0.0000000967
443 0.0000000964
444 0.0000000962
445 0.0000000959
446 0.0000000956
447 0.0000000954
448 0.0000000951
449 0.0000000948
450 0.0000000946
451 0.0000000943
452 0.0000000940
453 0.0000000938
454 0.0000000935
455 0.0000000933
456 0.0000000930
457 0.0000000928
458 0.0000000925
459 0.0000000923
460 0.0000000920
461 0.0000000918
462 0.0000000915
463 0.0000000913
464 0.0000000910
465 0.0000000908
466 0.0000000905
467 0.0000000903
468 0.0000000900
469 0.0000000898
470 0.0000000896
471 0.0000000893
472 0.0000000891
473 0.0000000888
474 0.0000000886
475 0.0000000884
476 0.0000000881
477 0.0000000879
478 0.0000000877
479 0.0000000874
480 0.0000000872
481 0.0000000870
482 0.0000000868
483 0.0000000865
484 0.0000000863
485 0.0000000861
486 0.0000000859
487 0.0000000856
488 0.0000000854
489 0.0000000852
490 0.0000000850
491 0.0000000848
492 0.0000000846
493 0.0000000843
494 0.0000000841
495 0.0000000839
496 0.0000000837
497 0.0000000835
498 0.0000000833
499 0.0000000831
500 0.0000000829
501 0.0000000827
502 0.0000000824
503 0.0000000822
504 0.0000000820
505 0.0000000818
506 0.0000000816
507 0.0000000814
508 0.0000000812
509 0.0000000810
510 0.0000000808
511 0.0000000806
512 0.0000000804
513 0.0000000802
514 0.0000000800
515 0.0000000798
516 0.0000000796
517 0.0000000795
518 0.0000000793
519 0.0000000791
520 0.0000000789
521 0.0000000787
522 0.0000000785
523 0.0000000783
524 0.0000000781
525 0.0000000779
526 0.0000000777
527 0.0000000776
528 0.0000000774
529 0.0000000772
530 0.0000000770
531 0.0000000768
532 0.0000000766
533 0.0000000765
534 0.0000000763
535 0.0000000761
536 0.0000000759
537 0.0000000757
538 0.0000000756
539 0.0000000754
540 0.0000000752
541 0.0000000750
542 0.0000000749
543 0.0000000747
544 0.0000000745
545 0.0000000743
546 0.0000000742
547 0.0000000740
548 0.0000000738
549 0.0000000737
550 0.0000000735
551 0.0000000733
552 0.0000000732
553 0.0000000730
554 0.0000000728
555 0.0000000727
556 0.0000000725
557 0.0000000723
558 0.0000000722
559 0.0000000720
560 0.0000000718
561 0.0000000717
562 0.0000000715
563 0.0000000714
564 0.0000000712
565 0.0000000710
566 0.0000000709
567 0.0000000707
568 0.0000000706
569 0.0000000704
570 0.0000000703
571 0.0000000701
572 0.0000000700
573 0.0000000698
574 0.0000000696
575 0.0000000695
576 0.0000000693
577 0.0000000692
578 0.0000000690
579 0.0000000689
580 0.0000000687
581 0.0000000686
582 0.0000000684
583 0.0000000683
584 0.0000000681
585 0.0000000680
586 0.0000000679
587 0.0000000677
588 0.0000000676
589 0.0000000674
590 0.0000000673
591 0.0000000671
592 0.0000000670
593 0.0000000668
594 0.0000000667
595 0.0000000666
596 0.0000000664
597 0.0000000663
598 0.0000000661
599 0.0000000660
600 0.0000000659
601 0.0000000657
602 0.0000000656
603 0.0000000654
604 0.0000000653
605 0.0000000652
606 0.0000000650
607 0.0000000649
608 0.0000000648
609 0.0000000646
610 0.0000000645
611 0.0000000644
612 0.0000000642
613 0.0000000641
614 0.0000000640
615 0.0000000638
616 0.0000000637
617 0.0000000636
618 0.0000000634
619 0.0000000633
620 0.0000000632
621 0.0000000631
622 0.0000000629
623 0.0000000628
624 0.0000000627
625 0.0000000625
626 0.0000000624
627 0.0000000623
628 0.0000000622
629 0.0000000620
630 0.0000000619
631 0.0000000618
632 0.0000000617
633 0.0000000616
634 0.0000000614
635 0.0000000613
636 0.0000000612
637 0.0000000611
638 0.0000000609
639 0.0000000608
640 0.0000000607
641 0.0000000606
642 0.0000000605
643 0.0000000603
644 0.0000000602
645 0.0000000601
646 0.0000000600
647 0.0000000599
648 0.0000000598
649 0.0000000596
650 0.0000000595
651 0.0000000594
652 0.0000000593
653 0.0000000592
654 0.0000000591
655 0.0000000589
656 0.0000000588
657 0.0000000587
658 0.0000000586
659 0.0000000585
660 0.0000000584
661 0.0000000583
662 0.0000000582
663 0.0000000580
664 0.0000000579
665 0.0000000578
666 0.0000000577
667 0.0000000576
668 0.0000000575
669 0.0000000574
670 0.0000000573
671 0.0000000572
672 0.0000000571
673 0.0000000570
674 0.0000000569
675 0.0000000567
676 0.0000000566
677 0.0000000565
678 0.0000000564
679 0.0000000563
680 0.0000000562
681 0.0000000561
682 0.0000000560
683 0.0000000559
684 0.0000000558
685 0.0000000557
686 0.0000000556
687 0.0000000555
688 0.0000000554
689 0.0000000553
690 0.0000000552
691 0.0000000551
692 0.0000000550
693 0.0000000549
694 0.0000000548
695 0.0000000547
696 0.0000000546
697 0.0000000545
698 0.0000000544
699 0.0000000543
700 0.0000000542
701 0.0000000541
702 0.0000000540
703 0.0000000539
704 0.0000000538
705 0.0000000537
706 0.0000000536
707 0.0000000535
708 0.0000000534
709 0.0000000533
710 0.0000000532
711 0.0000000531
712 0.0000000530
713 0.0000000529
714 0.0000000528
715 0.0000000528
716 0.0000000527
717 0.0000000526
718 0.0000000525
719 0.0000000524
720 0.0000000523
721 0.0000000522
722 0.0000000521
723 0.0000000520
724 0.0000000519
725 0.0000000518
726 0.0000000517
727 0.0000000516
728 0.0000000516
729 0.0000000515
730 0.0000000514
731 0.0000000513
732 0.0000000512
733 0.0000000511
734 0.0000000510
735 0.0000000509
736 0.0000000508
737 0.0000000508
738 0.0000000507
739 0.0000000506
740 0.0000000505
741 0.0000000504
742 0.0000000503
743 0.0000000502
744 0.0000000502
745 0.0000000501
746 0.0000000500
747 0.0000000499
748 0.0000000498
749 0.0000000497
750 0.0000000496
751 0.0000000496
752 0.0000000495
753 0.0000000494
754 0.0000000493
755 0.0000000492
756 0.0000000491
757 0.0000000491
758 0.0000000490
759 0.0000000489
760 0.0000000488
761 0.0000000487
762 0.0000000487
763 0.0000000486
764 0.0000000485
765 0.0000000484
766 0.0000000483
767 0.0000000483
768 0.0000000482
769 0.0000000481
770 0.0000000480
771 0.0000000479
772 0.0000000479
773 0.0000000478
774 0.0000000477
775 0.0000000476
776 0.0000000475
777 0.0000000475
778 0.0000000474
779 0.0000000473
780 0.0000000472
781 0.0000000472
782 0.0000000471
783 0.0000000470
784 0.0000000469
785 0.0000000469
786 0.0000000468
787 0.0000000467
788 0.0000000466
789 0.0000000465
790 0.0000000465
791 0.0000000464
792 0.0000000463
793 0.0000000463
794 0.0000000462
795 0.0000000461
796 0.0000000460
797 0.0000000460
798 0.0000000459
799 0.0000000458
800 0.0000000457
801 0.0000000457
802 0.0000000456
803 0.0000000455
804 0.0000000454
805 0.0000000454
806 0.0000000453
807 0.0000000452
808 0.0000000452
809 0.0000000451
810 0.0000000450
811 0.0000000449
812 0.0000000449
813 0.0000000448
814 0.0000000447
815 0.0000000447
816 0.0000000446
817 0.0000000445
818 0.0000000445
819 0.0000000444
820 0.0000000443
821 0.0000000443
822 0.0000000442
823 0.0000000441
824 0.0000000440
825 0.0000000440
826 0.0000000439
827 0.0000000438
828 0.0000000438
829 0.0000000437
830 0.0000000436
831 0.0000000436
832 0.0000000435
833 0.0000000434
834 0.0000000434
835 0.0000000433
836 0.0000000432
837 0.0000000432
838 0.0000000431
839 0.0000000430
840 0.0000000430
841 0.0000000429
842 0.0000000429
843 0.0000000428
844 0.0000000427
845 0.0000000427
846 0.0000000426
847 0.0000000425
848 0.0000000425
849 0.0000000424
850 0.0000000423
851 0.0000000423
852 0.0000000422
853 0.0000000421
854 0.0000000421
855 0.0000000420
856 0.0000000420
857 0.0000000419
858 0.0000000418
859 0.0000000418
860 0.0000000417
861 0.0000000417
862 0.0000000416
863 0.0000000415
864 0.0000000415
865 0.0000000414
866 0.0000000413
867 0.0000000413
868 0.0000000412
869 0.0000000412
870 0.0000000411
871 0.0000000410
872 0.0000000410
873 0.0000000409
874 0.0000000409
875 0.0000000408
876 0.0000000407
877 0.0000000407
878 0.0000000406
879 0.0000000406
880 0.0000000405
881 0.0000000404
882 0.0000000404
883 0.0000000403
884 0.0000000403
885 0.0000000402
886 0.0000000402
887 0.0000000401
888 0.0000000400
889 0.0000000400
890 0.0000000399
891 0.0000000399
892 0.0000000398
893 0.0000000398
894 0.0000000397
895 0.0000000396
896 0.0000000396
897 0.0000000395
898 0.0000000395
899 0.0000000394
900 0.0000000394
901 0.0000000393
902 0.0000000393
903 0.0000000392
904 0.0000000391
905 0.0000000391
906 0.0000000390
907 0.0000000390
908 0.0000000389
909 0.0000000389
910 0.0000000388
911 0.0000000388
912 0.0000000387
913 0.0000000386
914 0.0000000386
915 0.0000000385
916 0.0000000385
917 0.0000000384
918 0.0000000384
919 0.0000000383
920 0.0000000383
921 0.0000000382
922 0.0000000382
923 0.0000000381
924 0.0000000381
925 0.0000000380
926 0.0000000380
927 0.0000000379
928 0.0000000379
929 0.0000000378
930 0.0000000377
931 0.0000000377
932 0.0000000376
933 0.0000000376
934 0.0000000375
935 0.0000000375
936 0.0000000374
937 0.0000000374
938 0.0000000373
939 0.0000000373
940 0.0000000372
941 0.0000000372
942 0.0000000371
943 0.0000000371
944 0.0000000370
945 0.0000000370
946 0.0000000369
947 0.0000000369
948 0.0000000368
949 0.0000000368
950 0.0000000367
951 0.0000000367
952 0.0000000366
953 0.0000000366
954 0.0000000365
955 0.0000000365
956 0.0000000364
957 0.0000000364
958 0.0000000363
959 0.0000000363
960 0.0000000362
961 0.0000000362
962 0.0000000361
963 0.0000000361
964 0.0000000361
965 0.0000000360
966 0.0000000360
967 0.0000000359
968 0.0000000359
969 0.0000000358
970 0.0000000358
971 0.0000000357
972 0.0000000357
973 0.0000000356
974 0.0000000356
975 0.0000000355
976 0.0000000355
977 0.0000000354
978 0.0000000354
979 0.0000000353
980 0.0000000353
981 0.0000000353
982 0.0000000352
983 0.0000000352
984 0.0000000351
985 0.0000000351
986 0.0000000350
987 0.0000000350
988 0.0000000349
989 0.0000000349
990 0.0000000348
991 0.0000000348
992 0.0000000348
993 0.0000000347
994 0.0000000347
995 0.0000000346
996 0.0000000346
997 0.0000000345
998 0.0000000345
999 0.0000000344
1000 0.0000000344
1001 0.0000000344
1002 0.0000000343
1003 0.0000000343
1004 0.0000000342
1005 0.0000000342
1006 0.0000000341
1007 0.0000000341
1008 0.0000000341
1009 0.0000000340
1010 0.0000000340
1011 0.0000000339
1012 0.0000000339
1013 0.0000000338
1014 0.0000000338
1015 0.0000000338
1016 0.0000000337
1017 0.0000000337
1018 0.0000000336
1019 0.0000000336
1020 0.0000000335
1021 0.0000000335
1022 0.0000000335
1023 0.0000000334
1024 0.0000000334
1025 0.0000000333
1026 0.0000000333
1027 0.0000000332
1028 0.0000000332
1029 0.0000000332
1030 0.0000000331
1031 0.0000000331
1032 0.0000000330
1033 0.0000000330
1034 0.0000000330
1035 0.0000000329
1036 0.0000000329
1037 0.0000000328
1038 0.0000000328
1039 0.0000000328
1040 0.0000000327
1041 0.0000000327
1042 0.0000000326
1043 0.0000000326
1044 0.0000000326
1045 0.0000000325
1046 0.0000000325
1047 0.0000000324
1048 0.0000000324
1049 0.0000000324
1050 0.0000000323
1051 0.0000000323
1052 0.0000000322
1053 0.0000000322
1054 0.0000000322
1055 0.0000000321
1056 0.0000000321
1057 0.0000000320
1058 0.0000000320
1059 0.0000000320
1060 0.0000000319
1061 0.0000000319
1062 0.0000000318
1063 0.0000000318
1064 0.0000000318
1065 0.0000000317
1066 0.0000000317
1067 0.0000000317
1068 0.0000000316
1069 0.0000000316
1070 0.0000000315
1071 0.0000000315
1072 0.0000000315
1073 0.0000000314
1074 0.0000000314
1075 0.0000000314
1076 0.0000000313
1077 0.0000000313
1078 0.0000000312
1079 0.0000000312
1080 0.0000000312
1081 0.0000000311
1082 0.0000000311
1083 0.0000000311
1084 0.0000000310
1085 0.0000000310
1086 0.0000000309
1087 0.0000000309
1088 0.0000000309
1089 0.0000000308
1090 0.0000000308
1091 0.0000000308
1092 0.0000000307
1093 0.0000000307
1094 0.0000000307
1095 0.0000000306
1096 0.0000000306
1097 0.0000000306
1098 0.0000000305
1099 0.0000000305
1100 0.0000000304
1101 0.0000000304
1102 0.0000000304
1103 0.0000000303
1104 0.0000000303
1105 0.0000000303
1106 0.0000000302
1107 0.0000000302
1108 0.0000000302
1109 0.0000000301
1110 0.0000000301
1111 0.0000000301
1112 0.0000000300
1113 0.0000000300
1114 0.0000000300
1115 0.0000000299
1116 0.0000000299
1117 0.0000000298
1118 0.0000000298
1119 0.0000000298
1120 0.0000000297
1121 0.0000000297
1122 0.0000000297
1123 0.0000000296
1124 0.0000000296
1125 0.0000000296
1126 0.0000000295
1127 0.0000000295
1128 0.0000000295
1129 0.0000000294
1130 0.0000000294
1131 0.0000000294
1132 0.0000000293
1133 0.0000000293
1134 0.0000000293
1135 0.0000000292
1136 0.0000000292
1137 0.0000000292
1138 0.0000000291
1139 0.0000000291
1140 0.0000000291
1141 0.0000000290
1142 0.0000000290
1143 0.0000000290
1144 0.0000000289
1145 0.0000000289
1146 0.0000000289
1147 0.0000000288
1148 0.0000000288
1149 0.0000000288
1150 0.0000000288
1151 0.0000000287
1152 0.0000000287
1153 0.0000000287
1154 0.0000000286
1155 0.0000000286
1156 0.0000000286
1157 0.0000000285
1158 0.0000000285
1159 0.0000000285
1160 0.0000000284
1161 0.0000000284
1162 0.0000000284
1163 0.0000000283
1164 0.0000000283
1165 0.0000000283
1166 0.0000000282
1167 0.0000000282
1168 0.0000000282
1169 0.0000000282
1170 0.0000000281
1171 0.0000000281
1172 0.0000000281
1173 0.0000000280
1174 0.0000000280
1175 0.0000000280
1176 0.0000000279
1177 0.0000000279
1178 0.0000000279
1179 0.0000000278
1180 0.0000000278
1181 0.0000000278
1182 0.0000000278
1183 0.0000000277
1184 0.0000000277
1185 0.0000000277
1186 0.0000000276
1187 0.0000000276
1188 0.0000000276
1189 0.0000000275
1190 0.0000000275
1191 0.0000000275
1192 0.0000000275
1193 0.0000000274
1194 0.0000000274
1195 0.0000000274
1196 0.0000000273
1197 0.0000000273
1198 0.0000000273
1199 0.0000000272
1200 0.0000000272
1201 0.0000000272
1202 0.0000000272
1203 0.0000000271
1204 0.0000000271
1205 0.0000000271
1206 0.0000000270
1207 0.0000000270
1208 0.0000000270
1209 0.0000000270
1210 0.0000000269
1211 0.0000000269
1212 0.0000000269
1213 0.0000000268
1214 0.0000000268
1215 0.0000000268
1216 0.0000000268
1217 0.0000000267
1218 0.0000000267
1219 0.0000000267
1220 0.0000000266
1221 0.0000000266
1222 0.0000000266
1223 0.0000000266
1224 0.0000000265
1225 0.0000000265
1226 0.0000000265
1227 0.0000000265
1228 0.0000000264
1229 0.0000000264
1230 0.0000000264
1231 0.0000000263
1232 0.0000000263
1233 0.0000000263
1234 0.0000000263
1235 0.0000000262
1236 0.0000000262
1237 0.0000000262
1238 0.0000000261
1239 0.0000000261
1240 0.0000000261
1241 0.0000000261
1242 0.0000000260
1243 0.0000000260
1244 0.0000000260
1245 0.0000000260
1246 0.0000000259
1247 0.0000000259
1248 0.0000000259
1249 0.0000000259
1250 0.0000000258
1251 0.0000000258
1252 0.0000000258
1253 0.0000000257
1254 0.0000000257
1255 0.0000000257
1256 0.0000000257
1257 0.0000000256
1258 0.0000000256
1259 0.0000000256
1260 0.0000000256
1261 0.0000000255
1262 0.0000000255
1263 0.0000000255
1264 0.0000000255
1265 0.0000000254
1266 0.0000000254
1267 0.0000000254
1268 0.0000000254
1269 0.0000000253
1270 0.0000000253
1271 0.0000000253
1272 0.0000000253
1273 0.0000000252
1274 0.0000000252
1275 0.0000000252
1276 0.0000000251
1277 0.0000000251
1278 0.0000000251
1279 0.0000000251
1280 0.0000000250
1281 0.0000000250
1282 0.0000000250
1283 0.0000000250
1284 0.0000000249
1285 0.0000000249
1286 0.0000000249
1287 0.0000000249
1288 0.0000000248
1289 0.0000000248
1290 0.0000000248
1291 0.0000000248
1292 0.0000000247
1293 0.0000000247
1294 0.0000000247
1295 0.0000000247
1296 0.0000000246
1297 0.0000000246
1298 0.0000000246
1299 0.0000000246
1300 0.0000000246
1301 0.0000000245
1302 0.0000000245
1303 0.0000000245
1304 0.0000000245
1305 0.0000000244
1306 0.0000000244
1307 0.0000000244
1308 0.0000000244
1309 0.0000000243
1310 0.0000000243
1311 0.0000000243
1312 0.0000000243
1313 0.0000000242
1314 0.0000000242
1315 0.0000000242
1316 0.0000000242
1317 0.0000000241
1318 0.0000000241
1319 0.0000000241
1320 0.0000000241
1321 0.0000000240
1322 0.0000000240
1323 0.0000000240
1324 0.0000000240
1325 0.0000000240
1326 0.0000000239
1327 0.0000000239
1328 0.0000000239
1329 0.0000000239
1330 0.0000000238
1331 0.0000000238
1332 0.0000000238
1333 0.0000000238
1334 0.0000000237
1335 0.0000000237
1336 0.0000000237
1337 0.0000000237
1338 0.0000000237
1339 0.0000000236
1340 0.0000000236
1341 0.0000000236
1342 0.0000000236
1343 0.0000000235
1344 0.0000000235
1345 0.0000000235
1346 0.0000000235
1347 0.0000000234
1348 0.0000000234
1349 0.0000000234
1350 0.0000000234
1351 0.0000000234
1352 0.0000000233
1353 0.0000000233
1354 0.0000000233
1355 0.0000000233
1356 0.0000000232
1357 0.0000000232
1358 0.0000000232
1359 0.0000000232
1360 0.0000000232
1361 0.0000000231
1362 0.0000000231
1363 0.0000000231
1364 0.0000000231
1365 0.0000000230
1366 0.0000000230
1367 0.0000000230
1368 0.0000000230
1369 0.0000000230
1370 0.0000000229
1371 0.0000000229
1372 0.0000000229
1373 0.0000000229
1374 0.0000000229
1375 0.0000000228
1376 0.0000000228
1377 0.0000000228
1378 0.0000000228
1379 0.0000000227
1380 0.0000000227
1381 0.0000000227
1382 0.0000000227
1383 0.0000000227
1384 0.0000000226
1385 0.0000000226
1386 0.0000000226
1387 0.0000000226
1388 0.0000000226
1389 0.0000000225
1390 0.0000000225
1391 0.0000000225
1392 0.0000000225
1393 0.0000000225
1394 0.0000000224
1395 0.0000000224
1396 0.0000000224
1397 0.0000000224
1398 0.0000000223
1399 0.0000000223
1400 0.0000000223
1401 0.0000000223
1402 0.0000000223
1403 0.0000000222
1404 0.0000000222
1405 0.0000000222
1406 0.0000000222
1407 0.0000000222
1408 0.0000000221
1409 0.0000000221
1410 0.0000000221
1411 0.0000000221
1412 0.0000000221
1413 0.0000000220
1414 0.0000000220
1415 0.0000000220
1416 0.0000000220
1417 0.0000000220
1418 0.0000000219
1419 0.0000000219
1420 0.0000000219
1421 0.0000000219
1422 0.0000000219
1423 0.0000000218
1424 0.0000000218
1425 0.0000000218
1426 0.0000000218
1427 0.0000000218
1428 0.0000000217
1429 0.0000000217
1430 0.0000000217
1431 0.0000000217
1432 0.0000000217
1433 0.0000000216
1434 0.0000000216
1435 0.0000000216
1436 0.0000000216
1437 0.0000000216
1438 0.0000000215
1439 0.0000000215
1440 0.0000000215
1441 0.0000000215
1442 0.0000000215
1443 0.0000000214
1444 0.0000000214
1445 0.0000000214
1446 0.0000000214
1447 0.0000000214
1448 0.0000000214
1449 0.0000000213
1450 0.0000000213
1451 0.0000000213
1452 0.0000000213
1453 0.0000000213
1454 0.0000000212
1455 0.0000000212
1456 0.0000000212
1457 0.0000000212
1458 0.0000000212
1459 0.0000000211
1460 0.0000000211
1461 0.0000000211
1462 0.0000000211
1463 0.0000000211
1464 0.0000000210
1465 0.0000000210
1466 0.0000000210
1467 0.0000000210
1468 0.0000000210
1469 0.0000000210
1470 0.0000000209
1471 0.0000000209
1472 0.0000000209
1473 0.0000000209
1474 0.0000000209
1475 0.0000000208
1476 0.0000000208
1477 0.0000000208
1478 0.0000000208
1479 0.0000000208
1480 0.0000000208
1481 0.0000000207
1482 0.0000000207
1483 0.0000000207
1484 0.0000000207
1485 0.0000000207
1486 0.0000000206
1487 0.0000000206
1488 0.0000000206
1489 0.0000000206
1490 0.0000000206
1491 0.0000000206
1492 0.0000000205
1493 0.0000000205
1494 0.0000000205
1495 0.0000000205
1496 0.0000000205
1497 0.0000000204
1498 0.0000000204
1499 0.0000000204
1500 0.0000000204
1501 0.0000000204
1502 0.0000000204
1503 0.0000000203
1504 0.0000000203
1505 0.0000000203
1506 0.0000000203
1507 0.0000000203
1508 0.0000000203
1509 0.0000000202
1510 0.0000000202
1511 0.0000000202
1512 0.0000000202
1513 0.0000000202
1514 0.0000000201
1515 0.0000000201
1516 0.0000000201
1517 0.0000000201
1518 0.0000000201
1519 0.0000000201
1520 0.0000000200
1521 0.0000000200
1522 0.0000000200
1523 0.0000000200
1524 0.0000000200
1525 0.0000000200
1526 0.0000000199
1527 0.0000000199
1528 0.0000000199
1529 0.0000000199
1530 0.0000000199
1531 0.0000000199
1532 0.0000000198
1533 0.0000000198
1534 0.0000000198
1535 0.0000000198
1536 0.0000000198
1537 0.0000000198
1538 0.0000000197
1539 0.0000000197
1540 0.0000000197
1541 0.0000000197
1542 0.0000000197
1543 0.0000000197
1544 0.0000000196
1545 0.0000000196
1546 0.0000000196
1547 0.0000000196
1548 0.0000000196
1549 0.0000000196
1550 0.0000000195
1551 0.0000000195
1552 0.0000000195
1553 0.0000000195
1554 0.0000000195
1555 0.0000000195
1556 0.0000000194
1557 0.0000000194
1558 0.0000000194
1559 0.0000000194
1560 0.0000000194
1561 0.0000000194
1562 0.0000000193
1563 0.0000000193
1564 0.0000000193
1565 0.0000000193
1566 0.0000000193
1567 0.0000000193
1568 0.0000000192
1569 0.0000000192
1570 0.0000000192
1571 0.0000000192
1572 0.0000000192
1573 0.0000000192
1574 0.0000000191
1575 0.0000000191
1576 0.0000000191
1577 0.0000000191
1578 0.0000000191
1579 0.0000000191
1580 0.0000000191
1581 0.0000000190
1582 0.0000000190
1583 0.0000000190
1584 0.0000000190
1585 0.0000000190
1586 0.0000000190
1587 0.0000000189
1588 0.0000000189
1589 0.0000000189
1590 0.0000000189
1591 0.0000000189
1592 0.0000000189
1593 0.0000000189
1594 0.0000000188
1595 0.0000000188
1596 0.0000000188
1597 0.0000000188
1598 0.0000000188
1599 0.0000000188
1600 0.0000000187
1601 0.0000000187
1602 0.0000000187
1603 0.0000000187
1604 0.0000000187
1605 0.0000000187
1606 0.0000000187
1607 0.0000000186
1608 0.0000000186
1609 0.0000000186
1610 0.0000000186
1611 0.0000000186
1612 0.0000000186
1613 0.0000000185
1614 0.0000000185
1615 0.0000000185
1616 0.0000000185
1617 0.0000000185
1618 0.0000000185
1619 0.0000000185
1620 0.0000000184
1621 0.0000000184
1622 0.0000000184
1623 0.0000000184
1624 0.0000000184
1625 0.0000000184
1626 0.0000000183
1627 0.0000000183
1628 0.0000000183
1629 0.0000000183
1630 0.0000000183
1631 0.0000000183
1632 0.0000000183
1633 0.0000000182
1634 0.0000000182
1635 0.0000000182
1636 0.0000000182
1637 0.0000000182
1638 0.0000000182
1639 0.0000000182
1640 0.0000000181
1641 0.0000000181
1642 0.0000000181
1643 0.0000000181
1644 0.0000000181
1645 0.0000000181
1646 0.0000000181
1647 0.0000000180
1648 0.0000000180
1649 0.0000000180
1650 0.0000000180
1651 0.0000000180
1652 0.0000000180
1653 0.0000000180
1654 0.0000000179
1655 0.0000000179
1656 0.0000000179
1657 0.0000000179
1658 0.0000000179
1659 0.0000000179
1660 0.0000000179
1661 0.0000000178
1662 0.0000000178
1663 0.0000000178
1664 0.0000000178
1665 0.0000000178
1666 0.0000000178
1667 0.0000000178
1668 0.0000000177
1669 0.0000000177
1670 0.0000000177
1671 0.0000000177
1672 0.0000000177
1673 0.0000000177
1674 0.0000000177
1675 0.0000000176
1676 0.0000000176
1677 0.0000000176
1678 0.0000000176
1679 0.0000000176
1680 0.0000000176
1681 0.0000000176
1682 0.0000000175
1683 0.0000000175
1684 0.0000000175
1685 0.0000000175
1686 0.0000000175
1687 0.0000000175
1688 0.0000000175
1689 0.0000000175
1690 0.0000000174
1691 0.0000000174
1692 0.0000000174
1693 0.0000000174
1694 0.0000000174
1695 0.0000000174
1696 0.0000000174
1697 0.0000000173
1698 0.0000000173
1699 0.0000000173
1700 0.0000000173
1701 0.0000000173
1702 0.0000000173
1703 0.0000000173
1704 0.0000000172
1705 0.0000000172
1706 0.0000000172
1707 0.0000000172
1708 0.0000000172
1709 0.0000000172
1710 0.0000000172
1711 0.0000000172
1712 0.0000000171
1713 0.0000000171
1714 0.0000000171
1715 0.0000000171
1716 0.0000000171
1717 0.0000000171
1718 0.0000000171
1719 0.0000000170
1720 0.0000000170
1721 0.0000000170
1722 0.0000000170
1723 0.0000000170
1724 0.0000000170
1725 0.0000000170
1726 0.0000000170
1727 0.0000000169
1728 0.0000000169
1729 0.0000000169
1730 0.0000000169
1731 0.0000000169
1732 0.0000000169
1733 0.0000000169
1734 0.0000000168
1735 0.0000000168
1736 0.0000000168
1737 0.0000000168
1738 0.0000000168
1739 0.0000000168
1740 0.0000000168
1741 0.0000000168
1742 0.0000000167
1743 0.0000000167
1744 0.0000000167
1745 0.0000000167
1746 0.0000000167
1747 0.0000000167
1748 0.0000000167
1749 0.0000000167
1750 0.0000000166
1751 0.0000000166
1752 0.0000000166
1753 0.0000000166
1754 0.0000000166
1755 0.0000000166
1756 0.0000000166
1757 0.0000000166
1758 0.0000000165
1759 0.0000000165
1760 0.0000000165
1761 0.0000000165
1762 0.0000000165
1763 0.0000000165
1764 0.0000000165
1765 0.0000000165
1766 0.0000000164
1767 0.0000000164
1768 0.0000000164
1769 0.0000000164
1770 0.0000000164
1771 0.0000000164
1772 0.0000000164
1773 0.0000000164
1774 0.0000000163
1775 0.0000000163
1776 0.0000000163
1777 0.0000000163
1778 0.0000000163
1779 0.0000000163
1780 0.0000000163
1781 0.0000000163
1782 0.0000000162
1783 0.0000000162
1784 0.0000000162
1785 0.0000000162
1786 0.0000000162
1787 0.0000000162
1788 0.0000000162
1789 0.0000000162
1790 0.0000000161
1791 0.0000000161
1792 0.0000000161
1793 0.0000000161
1794 0.0000000161
1795 0.0000000161
1796 0.0000000161
1797 0.0000000161
1798 0.0000000160
1799 0.0000000160
1800 0.0000000160
1801 0.0000000160
1802 0.0000000160
1803 0.0000000160
1804 0.0000000160
1805 0.0000000160
1806 0.0000000159
1807 0.0000000159
1808 0.0000000159
1809 0.0000000159
1810 0.0000000159
1811 0.0000000159
1812 0.0000000159
1813 0.0000000159
1814 0.0000000158
1815 0.0000000158
1816 0.0000000158
1817 0.0000000158
1818 0.0000000158
1819 0.0000000158
1820 0.0000000158
1821 0.0000000158
1822 0.0000000157
1823 0.0000000157
1824 0.0000000157
1825 0.0000000157
1826 0.0000000157
1827 0.0000000157
1828 0.0000000157
1829 0.0000000157
1830 0.0000000157
1831 0.0000000156
1832 0.0000000156
1833 0.0000000156
1834 0.0000000156
1835 0.0000000156
1836 0.0000000156
1837 0.0000000156
1838 0.0000000156
1839 0.0000000155
1840 0.0000000155
1841 0.0000000155
1842 0.0000000155
1843 0.0000000155
1844 0.0000000155
1845 0.0000000155
1846 0.0000000155
1847 0.0000000154
1848 0.0000000154
1849 0.0000000154
1850 0.0000000154
1851 0.0000000154
1852 0.0000000154
1853 0.0000000154
1854 0.0000000154
1855 0.0000000154
1856 0.0000000153
1857 0.0000000153
1858 0.0000000153
1859 0.0000000153
1860 0.0000000153
1861 0.0000000153
1862 0.0000000153
1863 0.0000000153
1864 0.0000000152
1865 0.0000000152
1866 0.0000000152
1867 0.0000000152
1868 0.0000000152
1869 0.0000000152
1870 0.0000000152
1871 0.0000000152
1872 0.0000000151
1873 0.0000000151
1874 0.0000000151
1875 0.0000000151
1876 0.0000000151
1877 0.0000000151
1878 0.0000000151
1879 0.0000000151
1880 0.0000000150
1881 0.0000000150
1882 0.0000000150
1883 0.0000000150
1884 0.0000000150
1885 0.0000000150
1886 0.0000000150
1887 0.0000000150
1888 0.0000000150
1889 0.0000000149
1890 0.0000000149
1891 0.0000000149
1892 0.0000000149
1893 0.0000000149
1894 0.0000000149
1895 0.0000000149
1896 0.0000000149
1897 0.0000000148
1898 0.0000000148
1899 0.0000000148
1900 0.0000000148
1901 0.0000000148
1902 0.0000000148
1903 0.0000000148
1904 0.0000000148
1905 0.0000000147
1906 0.0000000147
1907 0.0000000147
1908 0.0000000147
1909 0.0000000147
1910 0.0000000147
1911 0.0000000147
1912 0.0000000147
1913 0.0000000146
1914 0.0000000146
1915 0.0000000146
1916 0.0000000146
1917 0.0000000146
1918 0.0000000146
1919 0.0000000146
1920 0.0000000145
1921 0.0000000145
1922 0.0000000145
1923 0.0000000145
1924 0.0000000145
1925 0.0000000145
1926 0.0000000145
1927 0.0000000145
1928 0.0000000144
1929 0.0000000144
1930 0.0000000144
1931 0.0000000144
1932 0.0000000144
1933 0.0000000144
1934 0.0000000144
1935 0.0000000143
1936 0.0000000143
1937 0.0000000143
1938 0.0000000143
1939 0.0000000143
1940 0.0000000143
1941 0.0000000143
1942 0.0000000143
1943 0.0000000142
1944 0.0000000142
1945 0.0000000142
1946 0.0000000142
1947 0.0000000142
1948 0.0000000142
1949 0.0000000141
1950 0.0000000141
1951 0.0000000141
1952 0.0000000141
1953 0.0000000141
1954 0.0000000141
1955 0.0000000141
1956 0.0000000140
1957 0.0000000140
1958 0.0000000140
1959 0.0000000140
1960 0.0000000140
1961 0.0000000140
1962 0.0000000139
1963 0.0000000139
1964 0.0000000139
1965 0.0000000139
1966 0.0000000139
1967 0.0000000139
1968 0.0000000138
1969 0.0000000138
1970 0.0000000138
1971 0.0000000138
1972 0.0000000138
1973 0.0000000138
1974 0.0000000137
1975 0.0000000137
1976 0.0000000137
1977 0.0000000137
1978 0.0000000137
1979 0.0000000136
1980 0.0000000136
1981 0.0000000136
1982 0.0000000136
1983 0.0000000135
1984 0.0000000135
1985 0.0000000135
1986 0.0000000135
1987 0.0000000134
1988 0.0000000134
1989 0.0000000134
1990 0.0000000133
1991 0.0000000133
1992 0.0000000132
1993 0.0000000132
1994 0.0000000131
1995 0.0000000130
1996 0.0000000129
1997 0.0000000127
1998 0.0000000123
1999 0.0000000109
2000 0.0000000000
