0 288
0 0.9504973586
1 0.0125709396
2 0.0043557066
3 0.0027492074
4 0.0018551488
5 0.0013790100
6 0.0010979105
7 0.0009140096
8 0.0007849938
9 0.0006897399
10 0.0006164429
11 0.0005580963
12 0.0005103662
13 0.0004704638
14 0.0004365229
15 0.0004072470
16 0.0003817046
17 0.0003592058
18 0.0003392267
19 0.0003213609
20 0.0003052867
21 0.0002907459
22 0.0002775282
23 0.0002654604
24 0.0002543987
25 0.0002442220
26 0.0002348281
27 0.0002261302
28 0.0002180536
29 0.0002105340
30 0.0002035157
31 0.0001969502
32 0.0001907951
33 0.0001850130
34 0.0001795711
35 0.0001744401
36 0.0001695941
37 0.0001650100
38 0.0001606673
39 0.0001565473
40 0.0001526332
41 0.0001489101
42 0.0001453643
43 0.0001419833
44 0.0001387561
45 0.0001356723
46 0.0001327226
47 0.0001298984
48 0.0001271918
49 0.0001245957
50 0.0001221035
51 0.0001197090
52 0.0001174066
53 0.0001151911
54 0.0001130577
55 0.0001110018
56 0.0001090193
57 0.0001071064
58 0.0001052595
59 0.0001034751
60 0.0001017503
61 0.0001000820
62 0.0000984675
63 0.0000969042
64 0.0000953898
65 0.0000939220
66 0.0000924987
67 0.0000911179
68 0.0000897777
69 0.0000884763
70 0.0000872121
71 0.0000859835
72 0.0000847891
73 0.0000836273
74 0.0000824970
75 0.0000813968
76 0.0000803255
77 0.0000792821
78 0.0000782654
79 0.0000772745
80 0.0000763084
81 0.0000753660
82 0.0000744467
83 0.0000735495
84 0.0000726737
85 0.0000718185
86 0.0000709832
87 0.0000701671
88 0.0000693695
89 0.0000685898
90 0.0000678275
91 0.0000670819
92 0.0000663526
93 0.0000656389
94 0.0000649404
95 0.0000642566
96 0.0000635870
97 0.0000629313
98 0.0000622889
99 0.0000616595
100 0.0000610428
101 0.0000604382
102 0.0000598454
103 0.0000592642
104 0.0000586941
105 0.0000581349
106 0.0000575863
107 0.0000570479
108 0.0000565195
109 0.0000560007
110 0.0000554914
111 0.0000549913
112 0.0000545001
113 0.0000540176
114 0.0000535436
115 0.0000530778
116 0.0000526200
117 0.0000521701
118 0.0000517278
119 0.0000512929
120 0.0000508652
121 0.0000504447
122 0.0000500310
123 0.0000496240
124 0.0000492236
125 0.0000488297
126 0.0000484419
127 0.0000480603
128 0.0000476846
129 0.0000473148
130 0.0000469506
131 0.0000465920
132 0.0000462389
133 0.0000458910
134 0.0000455484
135 0.0000452108
136 0.0000448781
137 0.0000445504
138 0.0000442273
139 0.0000439090
140 0.0000435951
141 0.0000432858
142 0.0000429807
143 0.0000426800
144 0.0000423834
145 0.0000420909
146 0.0000418024
147 0.0000415179
148 0.0000412371
149 0.0000409602
150 0.0000406869
151 0.0000404173
152 0.0000401512
153 0.0000398885
154 0.0000396294
155 0.0000393735
156 0.0000391209
157 0.0000388715
158 0.0000386253
159 0.0000383822
160 0.0000381421
161 0.0000379050
162 0.0000376708
163 0.0000374395
164 0.0000372110
165 0.0000369853
166 0.0000367623
167 0.0000365420
168 0.0000363242
169 0.0000361091
170 0.0000358965
171 0.0000356864
172 0.0000354787
173 0.0000352734
174 0.0000350705
175 0.0000348699
176 0.0000346715
177 0.0000344755
178 0.0000342816
179 0.0000340899
180 0.0000339003
181 0.0000337128
182 0.0000335273
183 0.0000333439
184 0.0000331625
185 0.0000329830
186 0.0000328055
187 0.0000326298
188 0.0000324561
189 0.0000322841
190 0.0000321140
191 0.0000319456
192 0.0000317790
193 0.0000316142
194 0.0000314510
195 0.0000312895
196 0.0000311297
197 0.0000309714
198 0.0000308148
199 0.0000306597
200 0.0000305062
201 0.0000303542
202 0.0000302037
203 0.0000300547
204 0.0000299071
205 0.0000297610
206 0.0000296164
207 0.0000294730
208 0.0000293311
209 0.0000291906
210 0.0000290513
211 0.0000289134
212 0.0000287768
213 0.0000286415
214 0.0000285074
215 0.0000283745
216 0.0000282430
217 0.0000281126
218 0.0000279834
219 0.0000278553
220 0.0000277285
221 0.0000276028
222 0.0000274782
223 0.0000273547
224 0.0000272323
225 0.0000271111
226 0.0000269909
227 0.0000268717
228 0.0000267536
229 0.0000266365
230 0.0000265205
231 0.0000264054
232 0.0000262913
233 0.0000261782
234 0.0000260661
235 0.0000259549
236 0.0000258446
237 0.0000257353
238 0.0000256269
239 0.0000255194
240 0.0000254128
241 0.0000253071
242 0.0000252023
243 0.0000250983
244 0.0000249951
245 0.0000248928
246 0.0000247913
247 0.0000246907
248 0.0000245908
249 0.0000244918
250 0.0000243935
251 0.0000242960
252 0.0000241993
253 0.0000241034
254 0.0000240082
255 0.0000239137
256 0.0000238200
257 0.0000237270
258 0.0000236347
259 0.0000235432
260 0.0000234523
261 0.0000233621
262 0.0000232726
263 0.0000231838
264 0.0000230957
265 0.0000230082
266 0.0000229213
267 0.0000228352
268 0.0000227496
269 0.0000226647
270 0.0000225804
271 0.0000224967
272 0.0000224137
273 0.0000223312
274 0.0000222493
275 0.0000221681
276 0.0000220874
277 0.0000220073
278 0.0000219277
279 0.0000218487
280 0.0000217703
281 0.0000216924
282 0.0000216151
283 0.0000215384
284 0.0000214621
285 0.0000213864
286 0.0000213112
287 0.0000212365
288 0.0000211624
