0 262
0 0.9688716764
1 0.0075969236
2 0.0026935893
3 0.0017242799
4 0.0011800979
5 0.0008867164
6 0.0007111719
7 0.0005949365
8 0.0005125625
9 0.0004512459
10 0.0004037678
11 0.0003658037
12 0.0003346519
13 0.0003085564
14 0.0002863314
15 0.0002671462
16 0.0002503997
17 0.0002356448
18 0.0002225404
19 0.0002108211
20 0.0002002766
21 0.0001907376
22 0.0001820666
23 0.0001741499
24 0.0001668930
25 0.0001602168
26 0.0001540542
27 0.0001483481
28 0.0001430496
29 0.0001381164
30 0.0001335123
31 0.0001292051
32 0.0001251671
33 0.0001213738
34 0.0001178037
35 0.0001144376
36 0.0001112585
37 0.0001082512
38 0.0001054022
39 0.0001026993
40 0.0001001315
41 0.0000976890
42 0.0000953628
43 0.0000931448
44 0.0000910277
45 0.0000890046
46 0.0000870694
47 0.0000852167
48 0.0000834411
49 0.0000817380
50 0.0000801030
51 0.0000785321
52 0.0000770216
53 0.0000755682
54 0.0000741685
55 0.0000728198
56 0.0000715193
57 0.0000702643
58 0.0000690527
59 0.0000678821
60 0.0000667505
61 0.0000656560
62 0.0000645969
63 0.0000635713
64 0.0000625778
65 0.0000616149
66 0.0000606811
67 0.0000597753
68 0.0000588960
69 0.0000580423
70 0.0000572129
71 0.0000564069
72 0.0000556233
73 0.0000548611
74 0.0000541196
75 0.0000533978
76 0.0000526950
77 0.0000520105
78 0.0000513435
79 0.0000506934
80 0.0000500596
81 0.0000494414
82 0.0000488383
83 0.0000482497
84 0.0000476751
85 0.0000471141
86 0.0000465661
87 0.0000460307
88 0.0000455074
89 0.0000449959
90 0.0000444958
91 0.0000440067
92 0.0000435282
93 0.0000430600
94 0.0000426017
95 0.0000421531
96 0.0000417139
97 0.0000412837
98 0.0000408622
99 0.0000404493
100 0.0000400447
101 0.0000396480
102 0.0000392592
103 0.0000388779
104 0.0000385039
105 0.0000381370
106 0.0000377771
107 0.0000374239
108 0.0000370772
109 0.0000367369
110 0.0000364027
111 0.0000360746
112 0.0000357524
113 0.0000354358
114 0.0000351248
115 0.0000348192
116 0.0000345189
117 0.0000342237
118 0.0000339336
119 0.0000336483
120 0.0000333677
121 0.0000330918
122 0.0000328204
123 0.0000325534
124 0.0000322907
125 0.0000320322
126 0.0000317779
127 0.0000315275
128 0.0000312810
129 0.0000310384
130 0.0000307995
131 0.0000305642
132 0.0000303325
133 0.0000301043
134 0.0000298795
135 0.0000296580
136 0.0000294398
137 0.0000292247
138 0.0000290128
139 0.0000288039
140 0.0000285980
141 0.0000283950
142 0.0000281949
143 0.0000279976
144 0.0000278030
145 0.0000276111
146 0.0000274218
147 0.0000272351
148 0.0000270509
149 0.0000268693
150 0.0000266900
151 0.0000265130
152 0.0000263385
153 0.0000261662
154 0.0000259961
155 0.0000258282
156 0.0000256625
157 0.0000254989
158 0.0000253373
159 0.0000251778
160 0.0000250203
161 0.0000248647
162 0.0000247111
163 0.0000245593
164 0.0000244094
165 0.0000242613
166 0.0000241150
167 0.0000239704
168 0.0000238276
169 0.0000236864
170 0.0000235469
171 0.0000234091
172 0.0000232728
173 0.0000231381
174 0.0000230049
175 0.0000228733
176 0.0000227432
177 0.0000226145
178 0.0000224873
179 0.0000223615
180 0.0000222371
181 0.0000221141
182 0.0000219924
183 0.0000218720
184 0.0000217530
185 0.0000216352
186 0.0000215187
187 0.0000214035
188 0.0000212894
189 0.0000211766
190 0.0000210650
191 0.0000209545
192 0.0000208452
193 0.0000207370
194 0.0000206299
195 0.0000205239
196 0.0000204191
197 0.0000203152
198 0.0000202124
199 0.0000201107
200 0.0000200099
201 0.0000199102
202 0.0000198114
203 0.0000197136
204 0.0000196168
205 0.0000195209
206 0.0000194260
207 0.0000193319
208 0.0000192388
209 0.0000191465
210 0.0000190551
211 0.0000189646
212 0.0000188749
213 0.0000187861
214 0.0000186981
215 0.0000186109
216 0.0000185246
217 0.0000184390
218 0.0000183542
219 0.0000182702
220 0.0000181869
221 0.0000181044
222 0.0000180226
223 0.0000179416
224 0.0000178612
225 0.0000177816
226 0.0000177027
227 0.0000176245
228 0.0000175470
229 0.0000174701
230 0.0000173939
231 0.0000173184
232 0.0000172435
233 0.0000171692
234 0.0000170956
235 0.0000170226
236 0.0000169502
237 0.0000168785
238 0.0000168073
239 0.0000167367
240 0.0000166667
241 0.0000165973
242 0.0000165284
243 0.0000164602
244 0.0000163924
245 0.0000163252
246 0.0000162586
247 0.0000161925
248 0.0000161269
249 0.0000160619
250 0.0000159973
251 0.0000159333
252 0.0000158698
253 0.0000158067
254 0.0000157442
255 0.0000156822
256 0.0000156206
257 0.0000155595
258 0.0000154989
259 0.0000154387
260 0.0000153790
261 0.0000153197
262 0.0000152609
