1 990
0 0.9874541262
1 0.0036306968
2 0.0014681117
3 0.0009930767
4 0.0007104582
5 0.0005447101
6 0.0004371950
7 0.0003614788
8 0.0003053951
9 0.0002623796
10 0.0002284750
11 0.0002011511
12 0.0001787235
13 0.0001600319
14 0.0001442518
15 0.0001307817
16 0.0001191728
17 0.0001090838
18 0.0001002504
19 0.0000924653
20 0.0000855634
21 0.0000794118
22 0.0000739026
23 0.0000689469
24 0.0000644713
25 0.0000604144
26 0.0000567244
27 0.0000533578
28 0.0000502773
29 0.0000474509
30 0.0000448512
31 0.0000424543
32 0.0000402396
33 0.0000381891
34 0.0000362868
35 0.0000345189
36 0.0000328730
37 0.0000313381
38 0.0000299047
39 0.0000285639
40 0.0000273082
41 0.0000261305
42 0.0000250245
43 0.0000239848
44 0.0000230061
45 0.0000220840
46 0.0000212141
47 0.0000203928
48 0.0000196166
49 0.0000188822
50 0.0000181870
51 0.0000175280
52 0.0000169031
53 0.0000163099
54 0.0000157465
55 0.0000152108
56 0.0000147012
57 0.0000142162
58 0.0000137541
59 0.0000133136
60 0.0000128934
61 0.0000124925
62 0.0000121096
63 0.0000117437
64 0.0000113939
65 0.0000110593
66 0.0000107390
67 0.0000104324
68 0.0000101386
69 0.0000098570
70 0.0000095870
71 0.0000093279
72 0.0000090793
73 0.0000088405
74 0.0000086111
75 0.0000083906
76 0.0000081786
77 0.0000079747
78 0.0000077785
79 0.0000075897
80 0.0000074078
81 0.0000072326
82 0.0000070637
83 0.0000069009
84 0.0000067439
85 0.0000065925
86 0.0000064463
87 0.0000063052
88 0.0000061690
89 0.0000060374
90 0.0000059102
91 0.0000057872
92 0.0000056684
93 0.0000055534
94 0.0000054421
95 0.0000053345
96 0.0000052303
97 0.0000051293
98 0.0000050316
99 0.0000049369
100 0.0000048451
101 0.0000047561
102 0.0000046698
103 0.0000045862
104 0.0000045050
105 0.0000044262
106 0.0000043497
107 0.0000042754
108 0.0000042033
109 0.0000041333
110 0.0000040652
111 0.0000039991
112 0.0000039348
113 0.0000038723
114 0.0000038114
115 0.0000037523
116 0.0000036947
117 0.0000036387
118 0.0000035842
119 0.0000035311
120 0.0000034794
121 0.0000034290
122 0.0000033800
123 0.0000033322
124 0.0000032856
125 0.0000032401
126 0.0000031958
127 0.0000031526
128 0.0000031105
129 0.0000030693
130 0.0000030292
131 0.0000029900
132 0.0000029518
133 0.0000029144
134 0.0000028779
135 0.0000028423
136 0.0000028075
137 0.0000027735
138 0.0000027402
139 0.0000027077
140 0.0000026759
141 0.0000026448
142 0.0000026144
143 0.0000025847
144 0.0000025556
145 0.0000025271
146 0.0000024992
147 0.0000024719
148 0.0000024452
149 0.0000024191
150 0.0000023934
151 0.0000023683
152 0.0000023437
153 0.0000023196
154 0.0000022960
155 0.0000022728
156 0.0000022501
157 0.0000022278
158 0.0000022060
159 0.0000021846
160 0.0000021636
161 0.0000021429
162 0.0000021227
163 0.0000021028
164 0.0000020833
165 0.0000020642
166 0.0000020454
167 0.0000020269
168 0.0000020088
169 0.0000019910
170 0.0000019735
171 0.0000019563
172 0.0000019394
173 0.0000019228
174 0.0000019065
175 0.0000018904
176 0.0000018746
177 0.0000018591
178 0.0000018438
179 0.0000018288
180 0.0000018141
181 0.0000017995
182 0.0000017852
183 0.0000017711
184 0.0000017573
185 0.0000017436
186 0.0000017302
187 0.0000017170
188 0.0000017040
189 0.0000016911
190 0.0000016785
191 0.0000016661
192 0.0000016538
193 0.0000016417
194 0.0000016298
195 0.0000016181
196 0.0000016065
197 0.0000015951
198 0.0000015839
199 0.0000015728
200 0.0000015619
201 0.0000015511
202 0.0000015405
203 0.0000015300
204 0.0000015196
205 0.0000015094
206 0.0000014994
207 0.0000014894
208 0.0000014796
209 0.0000014700
210 0.0000014604
211 0.0000014510
212 0.0000014417
213 0.0000014325
214 0.0000014234
215 0.0000014145
216 0.0000014056
217 0.0000013969
218 0.0000013882
219 0.0000013797
220 0.0000013713
221 0.0000013630
222 0.0000013548
223 0.0000013466
224 0.0000013386
225 0.0000013307
226 0.0000013228
227 0.0000013151
228 0.0000013074
229 0.0000012998
230 0.0000012923
231 0.0000012849
232 0.0000012776
233 0.0000012704
234 0.0000012632
235 0.0000012561
236 0.0000012491
237 0.0000012422
238 0.0000012353
239 0.0000012286
240 0.0000012218
241 0.0000012152
242 0.0000012086
243 0.0000012021
244 0.0000011957
245 0.0000011893
246 0.0000011830
247 0.0000011768
248 0.0000011706
249 0.0000011645
250 0.0000011585
251 0.0000011525
252 0.0000011465
253 0.0000011407
254 0.0000011348
255 0.0000011291
256 0.0000011234
257 0.0000011177
258 0.0000011121
259 0.0000011066
260 0.0000011011
261 0.0000010957
262 0.0000010903
263 0.0000010850
264 0.0000010797
265 0.0000010744
266 0.0000010692
267 0.0000010641
268 0.0000010590
269 0.0000010540
270 0.0000010489
271 0.0000010440
272 0.0000010391
273 0.0000010342
274 0.0000010294
275 0.0000010246
276 0.0000010198
277 0.0000010151
278 0.0000010105
279 0.0000010059
280 0.0000010013
281 0.0000009967
282 0.0000009922
283 0.0000009877
284 0.0000009833
285 0.0000009789
286 0.0000009746
287 0.0000009702
288 0.0000009660
289 0.0000009617
290 0.0000009575
291 0.0000009533
292 0.0000009492
293 0.0000009450
294 0.0000009410
295 0.0000009369
296 0.0000009329
297 0.0000009289
298 0.0000009250
299 0.0000009210
300 0.0000009171
301 0.0000009133
302 0.0000009094
303 0.0000009056
304 0.0000009019
305 0.0000008981
306 0.0000008944
307 0.0000008907
308 0.0000008871
309 0.0000008834
310 0.0000008798
311 0.0000008762
312 0.0000008727
313 0.0000008692
314 0.0000008657
315 0.0000008622
316 0.0000008587
317 0.0000008553
318 0.0000008519
319 0.0000008485
320 0.0000008452
321 0.0000008419
322 0.0000008386
323 0.0000008353
324 0.0000008320
325 0.0000008288
326 0.0000008256
327 0.0000008224
328 0.0000008192
329 0.0000008161
330 0.0000008130
331 0.0000008099
332 0.0000008068
333 0.0000008037
334 0.0000008007
335 0.0000007977
336 0.0000007947
337 0.0000007917
338 0.0000007888
339 0.0000007858
340 0.0000007829
341 0.0000007800
342 0.0000007772
343 0.0000007743
344 0.0000007715
345 0.0000007686
346 0.0000007658
347 0.0000007631
348 0.0000007603
349 0.0000007575
350 0.0000007548
351 0.0000007521
352 0.0000007494
353 0.0000007467
354 0.0000007441
355 0.0000007414
356 0.0000007388
357 0.0000007362
358 0.0000007336
359 0.0000007310
360 0.0000007285
361 0.0000007259
362 0.0000007234
363 0.0000007209
364 0.0000007184
365 0.0000007159
366 0.0000007134
367 0.0000007110
368 0.0000007086
369 0.0000007061
370 0.0000007037
371 0.0000007013
372 0.0000006990
373 0.0000006966
374 0.0000006943
375 0.0000006919
376 0.0000006896
377 0.0000006873
378 0.0000006850
379 0.0000006827
380 0.0000006805
381 0.0000006782
382 0.0000006760
383 0.0000006737
384 0.0000006715
385 0.0000006693
386 0.0000006672
387 0.0000006650
388 0.0000006628
389 0.0000006607
390 0.0000006585
391 0.0000006564
392 0.0000006543
393 0.0000006522
394 0.0000006501
395 0.0000006480
396 0.0000006460
397 0.0000006439
398 0.0000006419
399 0.0000006398
400 0.0000006378
401 0.0000006358
402 0.0000006338
403 0.0000006318
404 0.0000006299
405 0.0000006279
406 0.0000006260
407 0.0000006240
408 0.0000006221
409 0.0000006202
410 0.0000006183
411 0.0000006164
412 0.0000006145
413 0.0000006126
414 0.0000006107
415 0.0000006089
416 0.0000006070
417 0.0000006052
418 0.0000006033
419 0.0000006015
420 0.0000005997
421 0.0000005979
422 0.0000005961
423 0.0000005944
424 0.0000005926
425 0.0000005908
426 0.0000005891
427 0.0000005873
428 0.0000005856
429 0.0000005839
430 0.0000005822
431 0.0000005804
432 0.0000005787
433 0.0000005771
434 0.0000005754
435 0.0000005737
436 0.0000005720
437 0.0000005704
438 0.0000005687
439 0.0000005671
440 0.0000005655
441 0.0000005639
442 0.0000005622
443 0.0000005606
444 0.0000005590
445 0.0000005575
446 0.0000005559
447 0.0000005543
448 0.0000005527
449 0.0000005512
450 0.0000005496
451 0.0000005481
452 0.0000005466
453 0.0000005450
454 0.0000005435
455 0.0000005420
456 0.0000005405
457 0.0000005390
458 0.0000005375
459 0.0000005360
460 0.0000005345
461 0.0000005331
462 0.0000005316
463 0.0000005302
464 0.0000005287
465 0.0000005273
466 0.0000005258
467 0.0000005244
468 0.0000005230
469 0.0000005216
470 0.0000005202
471 0.0000005188
472 0.0000005174
473 0.0000005160
474 0.0000005146
475 0.0000005133
476 0.0000005119
477 0.0000005105
478 0.0000005092
479 0.0000005078
480 0.0000005065
481 0.0000005052
482 0.0000005038
483 0.0000005025
484 0.0000005012
485 0.0000004999
486 0.0000004986
487 0.0000004973
488 0.0000004960
489 0.0000004947
490 0.0000004934
491 0.0000004921
492 0.0000004909
493 0.0000004896
494 0.0000004884
495 0.0000004871
496 0.0000004859
497 0.0000004846
498 0.0000004834
499 0.0000004821
500 0.0000004809
501 0.0000004797
502 0.0000004785
503 0.0000004773
504 0.0000004761
505 0.0000004749
506 0.0000004737
507 0.0000004725
508 0.0000004713
509 0.0000004702
510 0.0000004690
511 0.0000004678
512 0.0000004667
513 0.0000004655
514 0.0000004643
515 0.0000004632
516 0.0000004621
517 0.0000004609
518 0.0000004598
519 0.0000004587
520 0.0000004576
521 0.0000004564
522 0.0000004553
523 0.0000004542
524 0.0000004531
525 0.0000004520
526 0.0000004509
527 0.0000004498
528 0.0000004488
529 0.0000004477
530 0.0000004466
531 0.0000004455
532 0.0000004445
533 0.0000004434
534 0.0000004424
535 0.0000004413
536 0.0000004403
537 0.0000004392
538 0.0000004382
539 0.0000004371
540 0.0000004361
541 0.0000004351
542 0.0000004341
543 0.0000004330
544 0.0000004320
545 0.0000004310
546 0.0000004300
547 0.0000004290
548 0.0000004280
549 0.0000004270
550 0.0000004260
551 0.0000004251
552 0.0000004241
553 0.0000004231
554 0.0000004221
555 0.0000004212
556 0.0000004202
557 0.0000004192
558 0.0000004183
559 0.0000004173
560 0.0000004164
561 0.0000004154
562 0.0000004145
563 0.0000004135
564 0.0000004126
565 0.0000004117
566 0.0000004108
567 0.0000004098
568 0.0000004089
569 0.0000004080
570 0.0000004071
571 0.0000004062
572 0.0000004053
573 0.0000004044
574 0.0000004035
575 0.0000004026
576 0.0000004017
577 0.0000004008
578 0.0000003999
579 0.0000003990
580 0.0000003982
581 0.0000003973
582 0.0000003964
583 0.0000003955
584 0.0000003947
585 0.0000003938
586 0.0000003930
587 0.0000003921
588 0.0000003913
589 0.0000003904
590 0.0000003896
591 0.0000003887
592 0.0000003879
593 0.0000003870
594 0.0000003862
595 0.0000003854
596 0.0000003846
597 0.0000003837
598 0.0000003829
599 0.0000003821
600 0.0000003813
601 0.0000003805
602 0.0000003797
603 0.0000003789
604 0.0000003781
605 0.0000003773
606 0.0000003765
607 0.0000003757
608 0.0000003749
609 0.0000003741
610 0.0000003733
611 0.0000003725
612 0.0000003718
613 0.0000003710
614 0.0000003702
615 0.0000003694
616 0.0000003687
617 0.0000003679
618 0.0000003671
619 0.0000003664
620 0.0000003656
621 0.0000003649
622 0.0000003641
623 0.0000003634
624 0.0000003626
625 0.0000003619
626 0.0000003612
627 0.0000003604
628 0.0000003597
629 0.0000003590
630 0.0000003582
631 0.0000003575
632 0.0000003568
633 0.0000003561
634 0.0000003553
635 0.0000003546
636 0.0000003539
637 0.0000003532
638 0.0000003525
639 0.0000003518
640 0.0000003511
641 0.0000003504
642 0.0000003497
643 0.0000003490
644 0.0000003483
645 0.0000003476
646 0.0000003469
647 0.0000003462
648 0.0000003455
649 0.0000003448
650 0.0000003442
651 0.0000003435
652 0.0000003428
653 0.0000003421
654 0.0000003415
655 0.0000003408
656 0.0000003401
657 0.0000003395
658 0.0000003388
659 0.0000003381
660 0.0000003375
661 0.0000003368
662 0.0000003362
663 0.0000003355
664 0.0000003349
665 0.0000003342
666 0.0000003336
667 0.0000003330
668 0.0000003323
669 0.0000003317
670 0.0000003310
671 0.0000003304
672 0.0000003298
673 0.0000003291
674 0.0000003285
675 0.0000003279
676 0.0000003273
677 0.0000003266
678 0.0000003260
679 0.0000003254
680 0.0000003248
681 0.0000003242
682 0.0000003236
683 0.0000003230
684 0.0000003224
685 0.0000003218
686 0.0000003212
687 0.0000003205
688 0.0000003200
689 0.0000003194
690 0.0000003188
691 0.0000003182
692 0.0000003176
693 0.0000003170
694 0.0000003164
695 0.0000003158
696 0.0000003152
697 0.0000003146
698 0.0000003141
699 0.0000003135
700 0.0000003129
701 0.0000003123
702 0.0000003118
703 0.0000003112
704 0.0000003106
705 0.0000003101
706 0.0000003095
707 0.0000003089
708 0.0000003084
709 0.0000003078
710 0.0000003072
711 0.0000003067
712 0.0000003061
713 0.0000003056
714 0.0000003050
715 0.0000003045
716 0.0000003039
717 0.0000003034
718 0.0000003028
719 0.0000003023
720 0.0000003018
721 0.0000003012
722 0.0000003007
723 0.0000003001
724 0.0000002996
725 0.0000002991
726 0.0000002985
727 0.0000002980
728 0.0000002975
729 0.0000002970
730 0.0000002964
731 0.0000002959
732 0.0000002954
733 0.0000002949
734 0.0000002944
735 0.0000002938
736 0.0000002933
737 0.0000002928
738 0.0000002923
739 0.0000002918
740 0.0000002913
741 0.0000002908
742 0.0000002903
743 0.0000002898
744 0.0000002892
745 0.0000002887
746 0.0000002882
747 0.0000002877
748 0.0000002872
749 0.0000002868
750 0.0000002863
751 0.0000002858
752 0.0000002853
753 0.0000002848
754 0.0000002843
755 0.0000002838
756 0.0000002833
757 0.0000002828
758 0.0000002824
759 0.0000002819
760 0.0000002814
761 0.0000002809
762 0.0000002804
763 0.0000002800
764 0.0000002795
765 0.0000002790
766 0.0000002785
767 0.0000002781
768 0.0000002776
769 0.0000002771
770 0.0000002767
771 0.0000002762
772 0.0000002757
773 0.0000002753
774 0.0000002748
775 0.0000002743
776 0.0000002739
777 0.0000002734
778 0.0000002730
779 0.0000002725
780 0.0000002721
781 0.0000002716
782 0.0000002712
783 0.0000002707
784 0.0000002703
785 0.0000002698
786 0.0000002694
787 0.0000002689
788 0.0000002685
789 0.0000002680
790 0.0000002676
791 0.0000002672
792 0.0000002667
793 0.0000002663
794 0.0000002658
795 0.0000002654
796 0.0000002650
797 0.0000002645
798 0.0000002641
799 0.0000002637
800 0.0000002632
801 0.0000002628
802 0.0000002624
803 0.0000002620
804 0.0000002615
805 0.0000002611
806 0.0000002607
807 0.0000002603
808 0.0000002599
809 0.0000002594
810 0.0000002590
811 0.0000002586
812 0.0000002582
813 0.0000002578
814 0.0000002574
815 0.0000002569
816 0.0000002565
817 0.0000002561
818 0.0000002557
819 0.0000002553
820 0.0000002549
821 0.0000002545
822 0.0000002541
823 0.0000002537
824 0.0000002533
825 0.0000002529
826 0.0000002525
827 0.0000002521
828 0.0000002517
829 0.0000002513
830 0.0000002509
831 0.0000002505
832 0.0000002501
833 0.0000002497
834 0.0000002493
835 0.0000002489
836 0.0000002485
837 0.0000002481
838 0.0000002477
839 0.0000002473
840 0.0000002470
841 0.0000002466
842 0.0000002462
843 0.0000002458
844 0.0000002454
845 0.0000002450
846 0.0000002447
847 0.0000002443
848 0.0000002439
849 0.0000002435
850 0.0000002431
851 0.0000002428
852 0.0000002424
853 0.0000002420
854 0.0000002416
855 0.0000002413
856 0.0000002409
857 0.0000002405
858 0.0000002401
859 0.0000002398
860 0.0000002394
861 0.0000002390
862 0.0000002387
863 0.0000002383
864 0.0000002379
865 0.0000002376
866 0.0000002372
867 0.0000002368
868 0.0000002365
869 0.0000002361
870 0.0000002358
871 0.0000002354
872 0.0000002350
873 0.0000002347
874 0.0000002343
875 0.0000002340
876 0.0000002336
877 0.0000002332
878 0.0000002329
879 0.0000002325
880 0.0000002322
881 0.0000002318
882 0.0000002315
883 0.0000002311
884 0.0000002308
885 0.0000002304
886 0.0000002301
887 0.0000002297
888 0.0000002294
889 0.0000002290
890 0.0000002287
891 0.0000002283
892 0.0000002280
893 0.0000002277
894 0.0000002273
895 0.0000002270
896 0.0000002266
897 0.0000002263
898 0.0000002259
899 0.0000002256
900 0.0000002253
901 0.0000002249
902 0.0000002246
903 0.0000002242
904 0.0000002239
905 0.0000002236
906 0.0000002232
907 0.0000002229
908 0.0000002226
909 0.0000002222
910 0.0000002219
911 0.0000002216
912 0.0000002212
913 0.0000002209
914 0.0000002206
915 0.0000002202
916 0.0000002199
917 0.0000002196
918 0.0000002192
919 0.0000002189
920 0.0000002186
921 0.0000002183
922 0.0000002179
923 0.0000002176
924 0.0000002173
925 0.0000002169
926 0.0000002166
927 0.0000002163
928 0.0000002160
929 0.0000002156
930 0.0000002153
931 0.0000002150
932 0.0000002147
933 0.0000002143
934 0.0000002140
935 0.0000002137
936 0.0000002134
937 0.0000002130
938 0.0000002127
939 0.0000002124
940 0.0000002121
941 0.0000002117
942 0.0000002114
943 0.0000002111
944 0.0000002108
945 0.0000002104
946 0.0000002101
947 0.0000002098
948 0.0000002095
949 0.0000002091
950 0.0000002088
951 0.0000002085
952 0.0000002082
953 0.0000002078
954 0.0000002075
955 0.0000002072
956 0.0000002068
957 0.0000002065
958 0.0000002062
959 0.0000002058
960 0.0000002055
961 0.0000002052
962 0.0000002048
963 0.0000002045
964 0.0000002041
965 0.0000002038
966 0.0000002034
967 0.0000002031
968 0.0000002027
969 0.0000002023
970 0.0000002019
971 0.0000002016
972 0.0000002012
973 0.0000002008
974 0.0000002003
975 0.0000001999
976 0.0000001995
977 0.0000001990
978 0.0000001985
979 0.0000001979
980 0.0000001973
981 0.0000001967
982 0.0000001959
983 0.0000001950
984 0.0000001939
985 0.0000001925
986 0.0000001906
987 0.0000001876
988 0.0000001817
989 0.0000001619
990 0.0000000000
