1 2000
0 0.9937973792
1 0.0018901174
2 0.0007626837
3 0.0005159465
4 0.0003676632
5 0.0002802931
6 0.0002234286
7 0.0001832536
8 0.0001534188
9 0.0001304985
10 0.0001124209
11 0.0000978561
12 0.0000859151
13 0.0000759832
14 0.0000676222
15 0.0000605111
16 0.0000544095
17 0.0000491338
18 0.0000445414
19 0.0000405199
20 0.0000369798
21 0.0000338484
22 0.0000310668
23 0.0000285863
24 0.0000263665
25 0.0000243735
26 0.0000225788
27 0.0000209583
28 0.0000194913
29 0.0000181602
30 0.0000169496
31 0.0000158465
32 0.0000148393
33 0.0000139180
34 0.0000130739
35 0.0000122991
36 0.0000115870
37 0.0000109314
38 0.0000103270
39 0.0000097692
40 0.0000092535
41 0.0000087764
42 0.0000083342
43 0.0000079241
44 0.0000075432
45 0.0000071891
46 0.0000068595
47 0.0000065525
48 0.0000062662
49 0.0000059990
50 0.0000057493
51 0.0000055158
52 0.0000052972
53 0.0000050924
54 0.0000049003
55 0.0000047200
56 0.0000045507
57 0.0000043915
58 0.0000042417
59 0.0000041006
60 0.0000039676
61 0.0000038421
62 0.0000037237
63 0.0000036118
64 0.0000035059
65 0.0000034058
66 0.0000033109
67 0.0000032210
68 0.0000031357
69 0.0000030548
70 0.0000029779
71 0.0000029047
72 0.0000028352
73 0.0000027689
74 0.0000027058
75 0.0000026455
76 0.0000025881
77 0.0000025332
78 0.0000024808
79 0.0000024306
80 0.0000023826
81 0.0000023366
82 0.0000022925
83 0.0000022502
84 0.0000022097
85 0.0000021707
86 0.0000021332
87 0.0000020972
88 0.0000020625
89 0.0000020291
90 0.0000019969
91 0.0000019659
92 0.0000019360
93 0.0000019070
94 0.0000018791
95 0.0000018521
96 0.0000018260
97 0.0000018007
98 0.0000017763
99 0.0000017525
100 0.0000017295
101 0.0000017072
102 0.0000016856
103 0.0000016646
104 0.0000016442
105 0.0000016243
106 0.0000016050
107 0.0000015862
108 0.0000015680
109 0.0000015502
110 0.0000015328
111 0.0000015159
112 0.0000014994
113 0.0000014833
114 0.0000014677
115 0.0000014523
116 0.0000014374
117 0.0000014227
118 0.0000014084
119 0.0000013944
120 0.0000013808
121 0.0000013674
122 0.0000013543
123 0.0000013415
124 0.0000013289
125 0.0000013166
126 0.0000013045
127 0.0000012927
128 0.0000012811
129 0.0000012697
130 0.0000012586
131 0.0000012476
132 0.0000012369
133 0.0000012263
134 0.0000012159
135 0.0000012057
136 0.0000011957
137 0.0000011859
138 0.0000011762
139 0.0000011667
140 0.0000011574
141 0.0000011482
142 0.0000011391
143 0.0000011302
144 0.0000011214
145 0.0000011128
146 0.0000011043
147 0.0000010959
148 0.0000010877
149 0.0000010796
150 0.0000010716
151 0.0000010637
152 0.0000010559
153 0.0000010483
154 0.0000010407
155 0.0000010333
156 0.0000010259
157 0.0000010187
158 0.0000010116
159 0.0000010045
160 0.0000009976
161 0.0000009907
162 0.0000009840
163 0.0000009773
164 0.0000009707
165 0.0000009642
166 0.0000009578
167 0.0000009515
168 0.0000009452
169 0.0000009390
170 0.0000009329
171 0.0000009269
172 0.0000009209
173 0.0000009150
174 0.0000009092
175 0.0000009035
176 0.0000008978
177 0.0000008922
178 0.0000008867
179 0.0000008812
180 0.0000008758
181 0.0000008704
182 0.0000008651
183 0.0000008599
184 0.0000008547
185 0.0000008496
186 0.0000008445
187 0.0000008395
188 0.0000008346
189 0.0000008297
190 0.0000008248
191 0.0000008201
192 0.0000008153
193 0.0000008106
194 0.0000008060
195 0.0000008014
196 0.0000007969
197 0.0000007924
198 0.0000007879
199 0.0000007835
200 0.0000007791
201 0.0000007748
202 0.0000007706
203 0.0000007663
204 0.0000007621
205 0.0000007580
206 0.0000007539
207 0.0000007498
208 0.0000007458
209 0.0000007418
210 0.0000007379
211 0.0000007340
212 0.0000007301
213 0.0000007263
214 0.0000007225
215 0.0000007187
216 0.0000007150
217 0.0000007113
218 0.0000007076
219 0.0000007040
220 0.0000007004
221 0.0000006969
222 0.0000006933
223 0.0000006899
224 0.0000006864
225 0.0000006830
226 0.0000006796
227 0.0000006762
228 0.0000006729
229 0.0000006695
230 0.0000006663
231 0.0000006630
232 0.0000006598
233 0.0000006566
234 0.0000006534
235 0.0000006503
236 0.0000006472
237 0.0000006441
238 0.0000006410
239 0.0000006380
240 0.0000006350
241 0.0000006320
242 0.0000006290
243 0.0000006261
244 0.0000006232
245 0.0000006203
246 0.0000006175
247 0.0000006146
248 0.0000006118
249 0.0000006090
250 0.0000006062
251 0.0000006035
252 0.0000006008
253 0.0000005981
254 0.0000005954
255 0.0000005927
256 0.0000005901
257 0.0000005875
258 0.0000005849
259 0.0000005823
260 0.0000005797
261 0.0000005772
262 0.0000005747
263 0.0000005722
264 0.0000005697
265 0.0000005673
266 0.0000005648
267 0.0000005624
268 0.0000005600
269 0.0000005576
270 0.0000005552
271 0.0000005529
272 0.0000005505
273 0.0000005482
274 0.0000005459
275 0.0000005436
276 0.0000005414
277 0.0000005391
278 0.0000005369
279 0.0000005347
280 0.0000005325
281 0.0000005303
282 0.0000005281
283 0.0000005260
284 0.0000005238
285 0.0000005217
286 0.0000005196
287 0.0000005175
288 0.0000005154
289 0.0000005134
290 0.0000005113
291 0.0000005093
292 0.0000005073
293 0.0000005053
294 0.0000005033
295 0.0000005013
296 0.0000004993
297 0.0000004974
298 0.0000004955
299 0.0000004935
300 0.0000004916
301 0.0000004897
302 0.0000004878
303 0.0000004860
304 0.0000004841
305 0.0000004822
306 0.0000004804
307 0.0000004786
308 0.0000004768
309 0.0000004750
310 0.0000004732
311 0.0000004714
312 0.0000004696
313 0.0000004679
314 0.0000004661
315 0.0000004644
316 0.0000004627
317 0.0000004610
318 0.0000004593
319 0.0000004576
320 0.0000004559
321 0.0000004543
322 0.0000004526
323 0.0000004510
324 0.0000004493
325 0.0000004477
326 0.0000004461
327 0.0000004445
328 0.0000004429
329 0.0000004413
330 0.0000004397
331 0.0000004382
332 0.0000004366
333 0.0000004351
334 0.0000004335
335 0.0000004320
336 0.0000004305
337 0.0000004290
338 0.0000004275
339 0.0000004260
340 0.0000004245
341 0.0000004230
342 0.0000004216
343 0.0000004201
344 0.0000004187
345 0.0000004172
346 0.0000004158
347 0.0000004144
348 0.0000004130
349 0.0000004116
350 0.0000004102
351 0.0000004088
352 0.0000004074
353 0.0000004060
354 0.0000004047
355 0.0000004033
356 0.0000004020
357 0.0000004006
358 0.0000003993
359 0.0000003980
360 0.0000003967
361 0.0000003953
362 0.0000003940
363 0.0000003927
364 0.0000003915
365 0.0000003902
366 0.0000003889
367 0.0000003876
368 0.0000003864
369 0.0000003851
370 0.0000003839
371 0.0000003826
372 0.0000003814
373 0.0000003802
374 0.0000003790
375 0.0000003777
376 0.0000003765
377 0.0000003753
378 0.0000003742
379 0.0000003730
380 0.0000003718
381 0.0000003706
382 0.0000003694
383 0.0000003683
384 0.0000003671
385 0.0000003660
386 0.0000003648
387 0.0000003637
388 0.0000003626
389 0.0000003614
390 0.0000003603
391 0.0000003592
392 0.0000003581
393 0.0000003570
394 0.0000003559
395 0.0000003548
396 0.0000003537
397 0.0000003527
398 0.0000003516
399 0.0000003505
400 0.0000003495
401 0.0000003484
402 0.0000003474
403 0.0000003463
404 0.0000003453
405 0.0000003442
406 0.0000003432
407 0.0000003422
408 0.0000003412
409 0.0000003401
410 0.0000003391
411 0.0000003381
412 0.0000003371
413 0.0000003361
414 0.0000003351
415 0.0000003342
416 0.0000003332
417 0.0000003322
418 0.0000003312
419 0.0000003303
420 0.0000003293
421 0.0000003284
422 0.0000003274
423 0.0000003265
424 0.0000003255
425 0.0000003246
426 0.0000003237
427 0.0000003227
428 0.0000003218
429 0.0000003209
430 0.0000003200
431 0.0000003191
432 0.0000003181
433 0.0000003172
434 0.0000003164
435 0.0000003155
436 0.0000003146
437 0.0000003137
438 0.0000003128
439 0.0000003119
440 0.0000003111
441 0.0000003102
442 0.0000003093
443 0.0000003085
444 0.0000003076
445 0.0000003068
446 0.0000003059
447 0.0000003051
448 0.0000003042
449 0.0000003034
450 0.0000003025
451 0.0000003017
452 0.0000003009
453 0.0000003001
454 0.0000002993
455 0.0000002984
456 0.0000002976
457 0.0000002968
458 0.0000002960
459 0.0000002952
460 0.0000002944
461 0.0000002936
462 0.0000002928
463 0.0000002921
464 0.0000002913
465 0.0000002905
466 0.0000002897
467 0.0000002890
468 0.0000002882
469 0.0000002874
470 0.0000002867
471 0.0000002859
472 0.0000002851
473 0.0000002844
474 0.0000002836
475 0.0000002829
476 0.0000002822
477 0.0000002814
478 0.0000002807
479 0.0000002800
480 0.0000002792
481 0.0000002785
482 0.0000002778
483 0.0000002771
484 0.0000002763
485 0.0000002756
486 0.0000002749
487 0.0000002742
488 0.0000002735
489 0.0000002728
490 0.0000002721
491 0.0000002714
492 0.0000002707
493 0.0000002700
494 0.0000002693
495 0.0000002687
496 0.0000002680
497 0.0000002673
498 0.0000002666
499 0.0000002660
500 0.0000002653
501 0.0000002646
502 0.0000002640
503 0.0000002633
504 0.0000002626
505 0.0000002620
506 0.0000002613
507 0.0000002607
508 0.0000002600
509 0.0000002594
510 0.0000002587
511 0.0000002581
512 0.0000002575
513 0.0000002568
514 0.0000002562
515 0.0000002556
516 0.0000002549
517 0.0000002543
518 0.0000002537
519 0.0000002531
520 0.0000002525
521 0.0000002518
522 0.0000002512
523 0.0000002506
524 0.0000002500
525 0.0000002494
526 0.0000002488
527 0.0000002482
528 0.0000002476
529 0.0000002470
530 0.0000002464
531 0.0000002458
532 0.0000002452
533 0.0000002447
534 0.0000002441
535 0.0000002435
536 0.0000002429
537 0.0000002423
538 0.0000002418
539 0.0000002412
540 0.0000002406
541 0.0000002400
542 0.0000002395
543 0.0000002389
544 0.0000002384
545 0.0000002378
546 0.0000002372
547 0.0000002367
548 0.0000002361
549 0.0000002356
550 0.0000002350
551 0.0000002345
552 0.0000002339
553 0.0000002334
554 0.0000002329
555 0.0000002323
556 0.0000002318
557 0.0000002312
558 0.0000002307
559 0.0000002302
560 0.0000002297
561 0.0000002291
562 0.0000002286
563 0.0000002281
564 0.0000002276
565 0.0000002270
566 0.0000002265
567 0.0000002260
568 0.0000002255
569 0.0000002250
570 0.0000002245
571 0.0000002240
572 0.0000002235
573 0.0000002230
574 0.0000002225
575 0.0000002220
576 0.0000002215
577 0.0000002210
578 0.0000002205
579 0.0000002200
580 0.0000002195
581 0.0000002190
582 0.0000002185
583 0.0000002180
584 0.0000002175
585 0.0000002170
586 0.0000002166
587 0.0000002161
588 0.0000002156
589 0.0000002151
590 0.0000002147
591 0.0000002142
592 0.0000002137
593 0.0000002133
594 0.0000002128
595 0.0000002123
596 0.0000002119
597 0.0000002114
598 0.0000002109
599 0.0000002105
600 0.0000002100
601 0.0000002096
602 0.0000002091
603 0.0000002087
604 0.0000002082
605 0.0000002078
606 0.0000002073
607 0.0000002069
608 0.0000002064
609 0.0000002060
610 0.0000002055
611 0.0000002051
612 0.0000002046
613 0.0000002042
614 0.0000002038
615 0.0000002033
616 0.0000002029
617 0.0000002025
618 0.0000002020
619 0.0000002016
620 0.0000002012
621 0.0000002008
622 0.0000002003
623 0.0000001999
624 0.0000001995
625 0.0000001991
626 0.0000001987
627 0.0000001982
628 0.0000001978
629 0.0000001974
630 0.0000001970
631 0.0000001966
632 0.0000001962
633 0.0000001958
634 0.0000001954
635 0.0000001950
636 0.0000001946
637 0.0000001942
638 0.0000001937
639 0.0000001933
640 0.0000001929
641 0.0000001926
642 0.0000001922
643 0.0000001918
644 0.0000001914
645 0.0000001910
646 0.0000001906
647 0.0000001902
648 0.0000001898
649 0.0000001894
650 0.0000001890
651 0.0000001886
652 0.0000001883
653 0.0000001879
654 0.0000001875
655 0.0000001871
656 0.0000001867
657 0.0000001864
658 0.0000001860
659 0.0000001856
660 0.0000001852
661 0.0000001849
662 0.0000001845
663 0.0000001841
664 0.0000001837
665 0.0000001834
666 0.0000001830
667 0.0000001826
668 0.0000001823
669 0.0000001819
670 0.0000001816
671 0.0000001812
672 0.0000001808
673 0.0000001805
674 0.0000001801
675 0.0000001798
676 0.0000001794
677 0.0000001791
678 0.0000001787
679 0.0000001783
680 0.0000001780
681 0.0000001776
682 0.0000001773
683 0.0000001770
684 0.0000001766
685 0.0000001763
686 0.0000001759
687 0.0000001756
688 0.0000001752
689 0.0000001749
690 0.0000001745
691 0.0000001742
692 0.0000001739
693 0.0000001735
694 0.0000001732
695 0.0000001729
696 0.0000001725
697 0.0000001722
698 0.0000001719
699 0.0000001715
700 0.0000001712
701 0.0000001709
702 0.0000001705
703 0.0000001702
704 0.0000001699
705 0.0000001696
706 0.0000001692
707 0.0000001689
708 0.0000001686
709 0.0000001683
710 0.0000001680
711 0.0000001676
712 0.0000001673
713 0.0000001670
714 0.0000001667
715 0.0000001664
716 0.0000001661
717 0.0000001657
718 0.0000001654
719 0.0000001651
720 0.0000001648
721 0.0000001645
722 0.0000001642
723 0.0000001639
724 0.0000001636
725 0.0000001633
726 0.0000001630
727 0.0000001627
728 0.0000001623
729 0.0000001620
730 0.0000001617
731 0.0000001614
732 0.0000001611
733 0.0000001608
734 0.0000001605
735 0.0000001602
736 0.0000001600
737 0.0000001597
738 0.0000001594
739 0.0000001591
740 0.0000001588
741 0.0000001585
742 0.0000001582
743 0.0000001579
744 0.0000001576
745 0.0000001573
746 0.0000001570
747 0.0000001567
748 0.0000001565
749 0.0000001562
750 0.0000001559
751 0.0000001556
752 0.0000001553
753 0.0000001550
754 0.0000001548
755 0.0000001545
756 0.0000001542
757 0.0000001539
758 0.0000001536
759 0.0000001534
760 0.0000001531
761 0.0000001528
762 0.0000001525
763 0.0000001523
764 0.0000001520
765 0.0000001517
766 0.0000001514
767 0.0000001512
768 0.0000001509
769 0.0000001506
770 0.0000001504
771 0.0000001501
772 0.0000001498
773 0.0000001496
774 0.0000001493
775 0.0000001490
776 0.0000001488
777 0.0000001485
778 0.0000001482
779 0.0000001480
780 0.0000001477
781 0.0000001474
782 0.0000001472
783 0.0000001469
784 0.0000001467
785 0.0000001464
786 0.0000001462
787 0.0000001459
788 0.0000001456
789 0.0000001454
790 0.0000001451
791 0.0000001449
792 0.0000001446
793 0.0000001444
794 0.0000001441
795 0.0000001439
796 0.0000001436
797 0.0000001434
798 0.0000001431
799 0.0000001429
800 0.0000001426
801 0.0000001424
802 0.0000001421
803 0.0000001419
804 0.0000001416
805 0.0000001414
806 0.0000001411
807 0.0000001409
808 0.0000001407
809 0.0000001404
810 0.0000001402
811 0.0000001399
812 0.0000001397
813 0.0000001395
814 0.0000001392
815 0.0000001390
816 0.0000001387
817 0.0000001385
818 0.0000001383
819 0.0000001380
820 0.0000001378
821 0.0000001376
822 0.0000001373
823 0.0000001371
824 0.0000001369
825 0.0000001366
826 0.0000001364
827 0.0000001362
828 0.0000001359
829 0.0000001357
830 0.0000001355
831 0.0000001353
832 0.0000001350
833 0.0000001348
834 0.0000001346
835 0.0000001343
836 0.0000001341
837 0.0000001339
838 0.0000001337
839 0.0000001334
840 0.0000001332
841 0.0000001330
842 0.0000001328
843 0.0000001326
844 0.0000001323
845 0.0000001321
846 0.0000001319
847 0.0000001317
848 0.0000001315
849 0.0000001312
850 0.0000001310
851 0.0000001308
852 0.0000001306
853 0.0000001304
854 0.0000001302
855 0.0000001299
856 0.0000001297
857 0.0000001295
858 0.0000001293
859 0.0000001291
860 0.0000001289
861 0.0000001287
862 0.0000001285
863 0.0000001282
864 0.0000001280
865 0.0000001278
866 0.0000001276
867 0.0000001274
868 0.0000001272
869 0.0000001270
870 0.0000001268
871 0.0000001266
872 0.0000001264
873 0.0000001262
874 0.0000001260
875 0.0000001258
876 0.0000001256
877 0.0000001254
878 0.0000001252
879 0.0000001250
880 0.0000001248
881 0.0000001245
882 0.0000001243
883 0.0000001241
884 0.0000001239
885 0.0000001237
886 0.0000001236
887 0.0000001234
888 0.0000001232
889 0.0000001230
890 0.0000001228
891 0.0000001226
892 0.0000001224
893 0.0000001222
894 0.0000001220
895 0.0000001218
896 0.0000001216
897 0.0000001214
898 0.0000001212
899 0.0000001210
900 0.0000001208
901 0.0000001206
902 0.0000001204
903 0.0000001202
904 0.0000001201
905 0.0000001199
906 0.0000001197
907 0.0000001195
908 0.0000001193
909 0.0000001191
910 0.0000001189
911 0.0000001187
912 0.0000001186
913 0.0000001184
914 0.0000001182
915 0.0000001180
916 0.0000001178
917 0.0000001176
918 0.0000001174
919 0.0000001173
920 0.0000001171
921 0.0000001169
922 0.0000001167
923 0.0000001165
924 0.0000001163
925 0.0000001162
926 0.0000001160
927 0.0000001158
928 0.0000001156
929 0.0000001154
930 0.0000001153
931 0.0000001151
932 0.0000001149
933 0.0000001147
934 0.0000001146
935 0.0000001144
936 0.0000001142
937 0.0000001140
938 0.0000001139
939 0.0000001137
940 0.0000001135
941 0.0000001133
942 0.0000001132
943 0.0000001130
944 0.0000001128
945 0.0000001126
946 0.0000001125
947 0.0000001123
948 0.0000001121
949 0.0000001120
950 0.0000001118
951 0.0000001116
952 0.0000001114
953 0.0000001113
954 0.0000001111
955 0.0000001109
956 0.0000001108
957 0.0000001106
958 0.0000001104
959 0.0000001103
960 0.0000001101
961 0.0000001099
962 0.0000001098
963 0.0000001096
964 0.0000001094
965 0.0000001093
966 0.0000001091
967 0.0000001089
968 0.0000001088
969 0.0000001086
970 0.0000001085
971 0.0000001083
972 0.0000001081
973 0.0000001080
974 0.0000001078
975 0.0000001076
976 0.0000001075
977 0.0000001073
978 0.0000001072
979 0.0000001070
980 0.0000001068
981 0.0000001067
982 0.0000001065
983 0.0000001064
984 0.0000001062
985 0.0000001061
986 0.0000001059
987 0.0000001057
988 0.0000001056
989 0.0000001054
990 0.0000001053
991 0.0000001051
992 0.0000001050
993 0.0000001048
994 0.0000001047
995 0.0000001045
996 0.0000001043
997 0.0000001042
998 0.0000001040
999 0.0000001039
1000 0.0000001037
1001 0.0000001036
1002 0.0000001034
1003 0.0000001033
1004 0.0000001031
1005 0.0000001030
1006 0.0000001028
1007 0.0000001027
1008 0.0000001025
1009 0.0000001024
1010 0.0000001022
1011 0.0000001021
1012 0.0000001019
1013 0.0000001018
1014 0.0000001016
1015 0.0000001015
1016 0.0000001013
1017 0.0000001012
1018 0.0000001011
1019 0.0000001009
1020 0.0000001008
1021 0.0000001006
1022 0.0000001005
1023 0.0000001003
1024 0.0000001002
1025 0.0000001000
1026 0.0000000999
1027 0.0000000998
1028 0.0000000996
1029 0.0000000995
1030 0.0000000993
1031 0.0000000992
1032 0.0000000990
1033 0.0000000989
1034 0.0000000988
1035 0.0000000986
1036 0.0000000985
1037 0.0000000983
1038 0.0000000982
1039 0.0000000981
1040 0.0000000979
1041 0.0000000978
1042 0.0000000976
1043 0.0000000975
1044 0.0000000974
1045 0.0000000972
1046 0.0000000971
1047 0.0000000969
1048 0.0000000968
1049 0.0000000967
1050 0.0000000965
1051 0.0000000964
1052 0.0000000963
1053 0.0000000961
1054 0.0000000960
1055 0.0000000959
1056 0.0000000957
1057 0.0000000956
1058 0.0000000955
1059 0.0000000953
1060 0.0000000952
1061 0.0000000951
1062 0.0000000949
1063 0.0000000948
1064 0.0000000947
1065 0.0000000945
1066 0.0000000944
1067 0.0000000943
1068 0.0000000941
1069 0.0000000940
1070 0.0000000939
1071 0.0000000937
1072 0.0000000936
1073 0.0000000935
1074 0.0000000933
1075 0.0000000932
1076 0.0000000931
1077 0.0000000930
1078 0.0000000928
1079 0.0000000927
1080 0.0000000926
1081 0.0000000924
1082 0.0000000923
1083 0.0000000922
1084 0.0000000921
1085 0.0000000919
1086 0.0000000918
1087 0.0000000917
1088 0.0000000916
1089 0.0000000914
1090 0.0000000913
1091 0.0000000912
1092 0.0000000910
1093 0.0000000909
1094 0.0000000908
1095 0.0000000907
1096 0.0000000906
1097 0.0000000904
1098 0.0000000903
1099 0.0000000902
1100 0.0000000901
1101 0.0000000899
1102 0.0000000898
1103 0.0000000897
1104 0.0000000896
1105 0.0000000894
1106 0.0000000893
1107 0.0000000892
1108 0.0000000891
1109 0.0000000890
1110 0.0000000888
1111 0.0000000887
1112 0.0000000886
1113 0.0000000885
1114 0.0000000884
1115 0.0000000882
1116 0.0000000881
1117 0.0000000880
1118 0.0000000879
1119 0.0000000878
1120 0.0000000876
1121 0.0000000875
1122 0.0000000874
1123 0.0000000873
1124 0.0000000872
1125 0.0000000871
1126 0.0000000869
1127 0.0000000868
1128 0.0000000867
1129 0.0000000866
1130 0.0000000865
1131 0.0000000864
1132 0.0000000862
1133 0.0000000861
1134 0.0000000860
1135 0.0000000859
1136 0.0000000858
1137 0.0000000857
1138 0.0000000856
1139 0.0000000854
1140 0.0000000853
1141 0.0000000852
1142 0.0000000851
1143 0.0000000850
1144 0.0000000849
1145 0.0000000848
1146 0.0000000847
1147 0.0000000845
1148 0.0000000844
1149 0.0000000843
1150 0.0000000842
1151 0.0000000841
1152 0.0000000840
1153 0.0000000839
1154 0.0000000838
1155 0.0000000837
1156 0.0000000835
1157 0.0000000834
1158 0.0000000833
1159 0.0000000832
1160 0.0000000831
1161 0.0000000830
1162 0.0000000829
1163 0.0000000828
1164 0.0000000827
1165 0.0000000826
1166 0.0000000825
1167 0.0000000823
1168 0.0000000822
1169 0.0000000821
1170 0.0000000820
1171 0.0000000819
1172 0.0000000818
1173 0.0000000817
1174 0.0000000816
1175 0.0000000815
1176 0.0000000814
1177 0.0000000813
1178 0.0000000812
1179 0.0000000811
1180 0.0000000810
1181 0.0000000809
1182 0.0000000808
1183 0.0000000807
1184 0.0000000805
1185 0.0000000804
1186 0.0000000803
1187 0.0000000802
1188 0.0000000801
1189 0.0000000800
1190 0.0000000799
1191 0.0000000798
1192 0.0000000797
1193 0.0000000796
1194 0.0000000795
1195 0.0000000794
1196 0.0000000793
1197 0.0000000792
1198 0.0000000791
1199 0.0000000790
1200 0.0000000789
1201 0.0000000788
1202 0.0000000787
1203 0.0000000786
1204 0.0000000785
1205 0.0000000784
1206 0.0000000783
1207 0.0000000782
1208 0.0000000781
1209 0.0000000780
1210 0.0000000779
1211 0.0000000778
1212 0.0000000777
1213 0.0000000776
1214 0.0000000775
1215 0.0000000774
1216 0.0000000773
1217 0.0000000772
1218 0.0000000771
1219 0.0000000770
1220 0.0000000769
1221 0.0000000768
1222 0.0000000767
1223 0.0000000766
1224 0.0000000765
1225 0.0000000764
1226 0.0000000763
1227 0.0000000762
1228 0.0000000761
1229 0.0000000761
1230 0.0000000760
1231 0.0000000759
1232 0.0000000758
1233 0.0000000757
1234 0.0000000756
1235 0.0000000755
1236 0.0000000754
1237 0.0000000753
1238 0.0000000752
1239 0.0000000751
1240 0.0000000750
1241 0.0000000749
1242 0.0000000748
1243 0.0000000747
1244 0.0000000746
1245 0.0000000745
1246 0.0000000745
1247 0.0000000744
1248 0.0000000743
1249 0.0000000742
1250 0.0000000741
1251 0.0000000740
1252 0.0000000739
1253 0.0000000738
1254 0.0000000737
1255 0.0000000736
1256 0.0000000735
1257 0.0000000734
1258 0.0000000733
1259 0.0000000733
1260 0.0000000732
1261 0.0000000731
1262 0.0000000730
1263 0.0000000729
1264 0.0000000728
1265 0.0000000727
1266 0.0000000726
1267 0.0000000725
1268 0.0000000725
1269 0.0000000724
1270 0.0000000723
1271 0.0000000722
1272 0.0000000721
1273 0.0000000720
1274 0.0000000719
1275 0.0000000718
1276 0.0000000717
1277 0.0000000717
1278 0.0000000716
1279 0.0000000715
1280 0.0000000714
1281 0.0000000713
1282 0.0000000712
1283 0.0000000711
1284 0.0000000710
1285 0.0000000710
1286 0.0000000709
1287 0.0000000708
1288 0.0000000707
1289 0.0000000706
1290 0.0000000705
1291 0.0000000704
1292 0.0000000704
1293 0.0000000703
1294 0.0000000702
1295 0.0000000701
1296 0.0000000700
1297 0.0000000699
1298 0.0000000698
1299 0.0000000698
1300 0.0000000697
1301 0.0000000696
1302 0.0000000695
1303 0.0000000694
1304 0.0000000693
1305 0.0000000693
1306 0.0000000692
1307 0.0000000691
1308 0.0000000690
1309 0.0000000689
1310 0.0000000688
1311 0.0000000688
1312 0.0000000687
1313 0.0000000686
1314 0.0000000685
1315 0.0000000684
1316 0.0000000684
1317 0.0000000683
1318 0.0000000682
1319 0.0000000681
1320 0.0000000680
1321 0.0000000679
1322 0.0000000679
1323 0.0000000678
1324 0.0000000677
1325 0.0000000676
1326 0.0000000675
1327 0.0000000675
1328 0.0000000674
1329 0.0000000673
1330 0.0000000672
1331 0.0000000671
1332 0.0000000671
1333 0.0000000670
1334 0.0000000669
1335 0.0000000668
1336 0.0000000667
1337 0.0000000667
1338 0.0000000666
1339 0.0000000665
1340 0.0000000664
1341 0.0000000663
1342 0.0000000663
1343 0.0000000662
1344 0.0000000661
1345 0.0000000660
1346 0.0000000660
1347 0.0000000659
1348 0.0000000658
1349 0.0000000657
1350 0.0000000656
1351 0.0000000656
1352 0.0000000655
1353 0.0000000654
1354 0.0000000653
1355 0.0000000653
1356 0.0000000652
1357 0.0000000651
1358 0.0000000650
1359 0.0000000650
1360 0.0000000649
1361 0.0000000648
1362 0.0000000647
1363 0.0000000647
1364 0.0000000646
1365 0.0000000645
1366 0.0000000644
1367 0.0000000644
1368 0.0000000643
1369 0.0000000642
1370 0.0000000641
1371 0.0000000641
1372 0.0000000640
1373 0.0000000639
1374 0.0000000638
1375 0.0000000638
1376 0.0000000637
1377 0.0000000636
1378 0.0000000635
1379 0.0000000635
1380 0.0000000634
1381 0.0000000633
1382 0.0000000632
1383 0.0000000632
1384 0.0000000631
1385 0.0000000630
1386 0.0000000630
1387 0.0000000629
1388 0.0000000628
1389 0.0000000627
1390 0.0000000627
1391 0.0000000626
1392 0.0000000625
1393 0.0000000624
1394 0.0000000624
1395 0.0000000623
1396 0.0000000622
1397 0.0000000622
1398 0.0000000621
1399 0.0000000620
1400 0.0000000619
1401 0.0000000619
1402 0.0000000618
1403 0.0000000617
1404 0.0000000617
1405 0.0000000616
1406 0.0000000615
1407 0.0000000615
1408 0.0000000614
1409 0.0000000613
1410 0.0000000612
1411 0.0000000612
1412 0.0000000611
1413 0.0000000610
1414 0.0000000610
1415 0.0000000609
1416 0.0000000608
1417 0.0000000608
1418 0.0000000607
1419 0.0000000606
1420 0.0000000606
1421 0.0000000605
1422 0.0000000604
1423 0.0000000603
1424 0.0000000603
1425 0.0000000602
1426 0.0000000601
1427 0.0000000601
1428 0.0000000600
1429 0.0000000599
1430 0.0000000599
1431 0.0000000598
1432 0.0000000597
1433 0.0000000597
1434 0.0000000596
1435 0.0000000595
1436 0.0000000595
1437 0.0000000594
1438 0.0000000593
1439 0.0000000593
1440 0.0000000592
1441 0.0000000591
1442 0.0000000591
1443 0.0000000590
1444 0.0000000589
1445 0.0000000589
1446 0.0000000588
1447 0.0000000587
1448 0.0000000587
1449 0.0000000586
1450 0.0000000585
1451 0.0000000585
1452 0.0000000584
1453 0.0000000583
1454 0.0000000583
1455 0.0000000582
1456 0.0000000582
1457 0.0000000581
1458 0.0000000580
1459 0.0000000580
1460 0.0000000579
1461 0.0000000578
1462 0.0000000578
1463 0.0000000577
1464 0.0000000576
1465 0.0000000576
1466 0.0000000575
1467 0.0000000574
1468 0.0000000574
1469 0.0000000573
1470 0.0000000573
1471 0.0000000572
1472 0.0000000571
1473 0.0000000571
1474 0.0000000570
1475 0.0000000569
1476 0.0000000569
1477 0.0000000568
1478 0.0000000567
1479 0.0000000567
1480 0.0000000566
1481 0.0000000566
1482 0.0000000565
1483 0.0000000564
1484 0.0000000564
1485 0.0000000563
1486 0.0000000563
1487 0.0000000562
1488 0.0000000561
1489 0.0000000561
1490 0.0000000560
1491 0.0000000559
1492 0.0000000559
1493 0.0000000558
1494 0.0000000558
1495 0.0000000557
1496 0.0000000556
1497 0.0000000556
1498 0.0000000555
1499 0.0000000555
1500 0.0000000554
1501 0.0000000553
1502 0.0000000553
1503 0.0000000552
1504 0.0000000552
1505 0.0000000551
1506 0.0000000550
1507 0.0000000550
1508 0.0000000549
1509 0.0000000549
1510 0.0000000548
1511 0.0000000547
1512 0.0000000547
1513 0.0000000546
1514 0.0000000546
1515 0.0000000545
1516 0.0000000544
1517 0.0000000544
1518 0.0000000543
1519 0.0000000543
1520 0.0000000542
1521 0.0000000541
1522 0.0000000541
1523 0.0000000540
1524 0.0000000540
1525 0.0000000539
1526 0.0000000539
1527 0.0000000538
1528 0.0000000537
1529 0.0000000537
1530 0.0000000536
1531 0.0000000536
1532 0.0000000535
1533 0.0000000535
1534 0.0000000534
1535 0.0000000533
1536 0.0000000533
1537 0.0000000532
1538 0.0000000532
1539 0.0000000531
1540 0.0000000531
1541 0.0000000530
1542 0.0000000529
1543 0.0000000529
1544 0.0000000528
1545 0.0000000528
1546 0.0000000527
1547 0.0000000527
1548 0.0000000526
1549 0.0000000525
1550 0.0000000525
1551 0.0000000524
1552 0.0000000524
1553 0.0000000523
1554 0.0000000523
1555 0.0000000522
1556 0.0000000522
1557 0.0000000521
1558 0.0000000520
1559 0.0000000520
1560 0.0000000519
1561 0.0000000519
1562 0.0000000518
1563 0.0000000518
1564 0.0000000517
1565 0.0000000517
1566 0.0000000516
1567 0.0000000515
1568 0.0000000515
1569 0.0000000514
1570 0.0000000514
1571 0.0000000513
1572 0.0000000513
1573 0.0000000512
1574 0.0000000512
1575 0.0000000511
1576 0.0000000511
1577 0.0000000510
1578 0.0000000510
1579 0.0000000509
1580 0.0000000508
1581 0.0000000508
1582 0.0000000507
1583 0.0000000507
1584 0.0000000506
1585 0.0000000506
1586 0.0000000505
1587 0.0000000505
1588 0.0000000504
1589 0.0000000504
1590 0.0000000503
1591 0.0000000503
1592 0.0000000502
1593 0.0000000502
1594 0.0000000501
1595 0.0000000500
1596 0.0000000500
1597 0.0000000499
1598 0.0000000499
1599 0.0000000498
1600 0.0000000498
1601 0.0000000497
1602 0.0000000497
1603 0.0000000496
1604 0.0000000496
1605 0.0000000495
1606 0.0000000495
1607 0.0000000494
1608 0.0000000494
1609 0.0000000493
1610 0.0000000493
1611 0.0000000492
1612 0.0000000492
1613 0.0000000491
1614 0.0000000491
1615 0.0000000490
1616 0.0000000490
1617 0.0000000489
1618 0.0000000489
1619 0.0000000488
1620 0.0000000488
1621 0.0000000487
1622 0.0000000487
1623 0.0000000486
1624 0.0000000486
1625 0.0000000485
1626 0.0000000485
1627 0.0000000484
1628 0.0000000484
1629 0.0000000483
1630 0.0000000483
1631 0.0000000482
1632 0.0000000482
1633 0.0000000481
1634 0.0000000481
1635 0.0000000480
1636 0.0000000480
1637 0.0000000479
1638 0.0000000479
1639 0.0000000478
1640 0.0000000478
1641 0.0000000477
1642 0.0000000477
1643 0.0000000476
1644 0.0000000476
1645 0.0000000475
1646 0.0000000475
1647 0.0000000474
1648 0.0000000474
1649 0.0000000473
1650 0.0000000473
1651 0.0000000472
1652 0.0000000472
1653 0.0000000471
1654 0.0000000471
1655 0.0000000470
1656 0.0000000470
1657 0.0000000469
1658 0.0000000469
1659 0.0000000468
1660 0.0000000468
1661 0.0000000467
1662 0.0000000467
1663 0.0000000467
1664 0.0000000466
1665 0.0000000466
1666 0.0000000465
1667 0.0000000465
1668 0.0000000464
1669 0.0000000464
1670 0.0000000463
1671 0.0000000463
1672 0.0000000462
1673 0.0000000462
1674 0.0000000461
1675 0.0000000461
1676 0.0000000460
1677 0.0000000460
1678 0.0000000459
1679 0.0000000459
1680 0.0000000458
1681 0.0000000458
1682 0.0000000458
1683 0.0000000457
1684 0.0000000457
1685 0.0000000456
1686 0.0000000456
1687 0.0000000455
1688 0.0000000455
1689 0.0000000454
1690 0.0000000454
1691 0.0000000453
1692 0.0000000453
1693 0.0000000453
1694 0.0000000452
1695 0.0000000452
1696 0.0000000451
1697 0.0000000451
1698 0.0000000450
1699 0.0000000450
1700 0.0000000449
1701 0.0000000449
1702 0.0000000448
1703 0.0000000448
1704 0.0000000447
1705 0.0000000447
1706 0.0000000447
1707 0.0000000446
1708 0.0000000446
1709 0.0000000445
1710 0.0000000445
1711 0.0000000444
1712 0.0000000444
1713 0.0000000443
1714 0.0000000443
1715 0.0000000443
1716 0.0000000442
1717 0.0000000442
1718 0.0000000441
1719 0.0000000441
1720 0.0000000440
1721 0.0000000440
1722 0.0000000439
1723 0.0000000439
1724 0.0000000439
1725 0.0000000438
1726 0.0000000438
1727 0.0000000437
1728 0.0000000437
1729 0.0000000436
1730 0.0000000436
1731 0.0000000436
1732 0.0000000435
1733 0.0000000435
1734 0.0000000434
1735 0.0000000434
1736 0.0000000433
1737 0.0000000433
1738 0.0000000432
1739 0.0000000432
1740 0.0000000432
1741 0.0000000431
1742 0.0000000431
1743 0.0000000430
1744 0.0000000430
1745 0.0000000429
1746 0.0000000429
1747 0.0000000429
1748 0.0000000428
1749 0.0000000428
1750 0.0000000427
1751 0.0000000427
1752 0.0000000426
1753 0.0000000426
1754 0.0000000426
1755 0.0000000425
1756 0.0000000425
1757 0.0000000424
1758 0.0000000424
1759 0.0000000424
1760 0.0000000423
1761 0.0000000423
1762 0.0000000422
1763 0.0000000422
1764 0.0000000421
1765 0.0000000421
1766 0.0000000421
1767 0.0000000420
1768 0.0000000420
1769 0.0000000419
1770 0.0000000419
1771 0.0000000418
1772 0.0000000418
1773 0.0000000418
1774 0.0000000417
1775 0.0000000417
1776 0.0000000416
1777 0.0000000416
1778 0.0000000416
1779 0.0000000415
1780 0.0000000415
1781 0.0000000414
1782 0.0000000414
1783 0.0000000414
1784 0.0000000413
1785 0.0000000413
1786 0.0000000412
1787 0.0000000412
1788 0.0000000411
1789 0.0000000411
1790 0.0000000411
1791 0.0000000410
1792 0.0000000410
1793 0.0000000409
1794 0.0000000409
1795 0.0000000409
1796 0.0000000408
1797 0.0000000408
1798 0.0000000407
1799 0.0000000407
1800 0.0000000407
1801 0.0000000406
1802 0.0000000406
1803 0.0000000405
1804 0.0000000405
1805 0.0000000405
1806 0.0000000404
1807 0.0000000404
1808 0.0000000403
1809 0.0000000403
1810 0.0000000403
1811 0.0000000402
1812 0.0000000402
1813 0.0000000401
1814 0.0000000401
1815 0.0000000401
1816 0.0000000400
1817 0.0000000400
1818 0.0000000399
1819 0.0000000399
1820 0.0000000399
1821 0.0000000398
1822 0.0000000398
1823 0.0000000397
1824 0.0000000397
1825 0.0000000397
1826 0.0000000396
1827 0.0000000396
1828 0.0000000395
1829 0.0000000395
1830 0.0000000395
1831 0.0000000394
1832 0.0000000394
1833 0.0000000393
1834 0.0000000393
1835 0.0000000393
1836 0.0000000392
1837 0.0000000392
1838 0.0000000391
1839 0.0000000391
1840 0.0000000391
1841 0.0000000390
1842 0.0000000390
1843 0.0000000389
1844 0.0000000389
1845 0.0000000389
1846 0.0000000388
1847 0.0000000388
1848 0.0000000387
1849 0.0000000387
1850 0.0000000387
1851 0.0000000386
1852 0.0000000386
1853 0.0000000386
1854 0.0000000385
1855 0.0000000385
1856 0.0000000384
1857 0.0000000384
1858 0.0000000384
1859 0.0000000383
1860 0.0000000383
1861 0.0000000382
1862 0.0000000382
1863 0.0000000382
1864 0.0000000381
1865 0.0000000381
1866 0.0000000380
1867 0.0000000380
1868 0.0000000380
1869 0.0000000379
1870 0.0000000379
1871 0.0000000378
1872 0.0000000378
1873 0.0000000378
1874 0.0000000377
1875 0.0000000377
1876 0.0000000377
1877 0.0000000376
1878 0.0000000376
1879 0.0000000375
1880 0.0000000375
1881 0.0000000375
1882 0.0000000374
1883 0.0000000374
1884 0.0000000373
1885 0.0000000373
1886 0.0000000373
1887 0.0000000372
1888 0.0000000372
1889 0.0000000371
1890 0.0000000371
1891 0.0000000371
1892 0.0000000370
1893 0.0000000370
1894 0.0000000369
1895 0.0000000369
1896 0.0000000369
1897 0.0000000368
1898 0.0000000368
1899 0.0000000367
1900 0.0000000367
1901 0.0000000367
1902 0.0000000366
1903 0.0000000366
1904 0.0000000365
1905 0.0000000365
1906 0.0000000365
1907 0.0000000364
1908 0.0000000364
1909 0.0000000363
1910 0.0000000363
1911 0.0000000363
1912 0.0000000362
1913 0.0000000362
1914 0.0000000361
1915 0.0000000361
1916 0.0000000360
1917 0.0000000360
1918 0.0000000360
1919 0.0000000359
1920 0.0000000359
1921 0.0000000358
1922 0.0000000358
1923 0.0000000358
1924 0.0000000357
1925 0.0000000357
1926 0.0000000356
1927 0.0000000356
1928 0.0000000355
1929 0.0000000355
1930 0.0000000354
1931 0.0000000354
1932 0.0000000354
1933 0.0000000353
1934 0.0000000353
1935 0.0000000352
1936 0.0000000352
1937 0.0000000351
1938 0.0000000351
1939 0.0000000350
1940 0.0000000350
1941 0.0000000349
1942 0.0000000349
1943 0.0000000349
1944 0.0000000348
1945 0.0000000348
1946 0.0000000347
1947 0.0000000347
1948 0.0000000346
1949 0.0000000346
1950 0.0000000345
1951 0.0000000345
1952 0.0000000344
1953 0.0000000344
1954 0.0000000343
1955 0.0000000343
1956 0.0000000342
1957 0.0000000341
1958 0.0000000341
1959 0.0000000340
1960 0.0000000340
1961 0.0000000339
1962 0.0000000339
1963 0.0000000338
1964 0.0000000338
1965 0.0000000337
1966 0.0000000336
1967 0.0000000336
1968 0.0000000335
1969 0.0000000335
1970 0.0000000334
1971 0.0000000333
1972 0.0000000333
1973 0.0000000332
1974 0.0000000331
1975 0.0000000331
1976 0.0000000330
1977 0.0000000329
1978 0.0000000328
1979 0.0000000328
1980 0.0000000327
1981 0.0000000326
1982 0.0000000325
1983 0.0000000324
1984 0.0000000323
1985 0.0000000322
1986 0.0000000322
1987 0.0000000320
1988 0.0000000319
1989 0.0000000318
1990 0.0000000317
1991 0.0000000316
1992 0.0000000314
1993 0.0000000312
1994 0.0000000310
1995 0.0000000308
1996 0.0000000304
1997 0.0000000299
1998 0.0000000289
1999 0.0000000257
2000 0.0000000000
