0 316
0 0.9720028325
1 0.0073987918
2 0.0025077672
3 0.0015607710
4 0.0010380532
5 0.0007629345
6 0.0006026527
7 0.0004990685
8 0.0004271599
9 0.0003745269
10 0.0003342970
11 0.0003024283
12 0.0002764452
13 0.0002547708
14 0.0002363598
15 0.0002204926
16 0.0002066557
17 0.0001944710
18 0.0001836526
19 0.0001739793
20 0.0001652765
21 0.0001574041
22 0.0001502481
23 0.0001437148
24 0.0001377261
25 0.0001322166
26 0.0001271310
27 0.0001224221
28 0.0001180496
29 0.0001139787
30 0.0001101792
31 0.0001066248
32 0.0001032926
33 0.0001001623
34 0.0000972161
35 0.0000944383
36 0.0000918149
37 0.0000893332
38 0.0000869821
39 0.0000847516
40 0.0000826327
41 0.0000806171
42 0.0000786974
43 0.0000768671
44 0.0000751200
45 0.0000734505
46 0.0000718535
47 0.0000703246
48 0.0000688593
49 0.0000674539
50 0.0000661047
51 0.0000648084
52 0.0000635619
53 0.0000623625
54 0.0000612075
55 0.0000600945
56 0.0000590212
57 0.0000579856
58 0.0000569857
59 0.0000560197
60 0.0000550859
61 0.0000541828
62 0.0000533087
63 0.0000524624
64 0.0000516426
65 0.0000508479
66 0.0000500774
67 0.0000493299
68 0.0000486043
69 0.0000478998
70 0.0000472154
71 0.0000465502
72 0.0000459036
73 0.0000452747
74 0.0000446627
75 0.0000440671
76 0.0000434872
77 0.0000429223
78 0.0000423719
79 0.0000418354
80 0.0000413124
81 0.0000408022
82 0.0000403045
83 0.0000398188
84 0.0000393447
85 0.0000388817
86 0.0000384295
87 0.0000379877
88 0.0000375559
89 0.0000371338
90 0.0000367211
91 0.0000363175
92 0.0000359226
93 0.0000355363
94 0.0000351581
95 0.0000347879
96 0.0000344255
97 0.0000340705
98 0.0000337227
99 0.0000333820
100 0.0000330481
101 0.0000327208
102 0.0000323999
103 0.0000320852
104 0.0000317766
105 0.0000314739
106 0.0000311769
107 0.0000308854
108 0.0000305993
109 0.0000303185
110 0.0000300428
111 0.0000297720
112 0.0000295061
113 0.0000292449
114 0.0000289883
115 0.0000287361
116 0.0000284883
117 0.0000282447
118 0.0000280053
119 0.0000277699
120 0.0000275384
121 0.0000273107
122 0.0000270867
123 0.0000268664
124 0.0000266497
125 0.0000264364
126 0.0000262265
127 0.0000260199
128 0.0000258165
129 0.0000256163
130 0.0000254192
131 0.0000252250
132 0.0000250338
133 0.0000248455
134 0.0000246600
135 0.0000244773
136 0.0000242972
137 0.0000241198
138 0.0000239449
139 0.0000237725
140 0.0000236026
141 0.0000234352
142 0.0000232700
143 0.0000231072
144 0.0000229467
145 0.0000227883
146 0.0000226322
147 0.0000224781
148 0.0000223262
149 0.0000221762
150 0.0000220283
151 0.0000218823
152 0.0000217383
153 0.0000215961
154 0.0000214558
155 0.0000213173
156 0.0000211805
157 0.0000210455
158 0.0000209122
159 0.0000207806
160 0.0000206507
161 0.0000205223
162 0.0000203956
163 0.0000202703
164 0.0000201467
165 0.0000200245
166 0.0000199038
167 0.0000197845
168 0.0000196666
169 0.0000195502
170 0.0000194351
171 0.0000193213
172 0.0000192089
173 0.0000190978
174 0.0000189879
175 0.0000188794
176 0.0000187720
177 0.0000186659
178 0.0000185609
179 0.0000184571
180 0.0000183545
181 0.0000182530
182 0.0000181526
183 0.0000180533
184 0.0000179551
185 0.0000178580
186 0.0000177619
187 0.0000176668
188 0.0000175727
189 0.0000174797
190 0.0000173876
191 0.0000172965
192 0.0000172063
193 0.0000171171
194 0.0000170287
195 0.0000169413
196 0.0000168548
197 0.0000167691
198 0.0000166843
199 0.0000166004
200 0.0000165173
201 0.0000164351
202 0.0000163536
203 0.0000162730
204 0.0000161931
205 0.0000161140
206 0.0000160357
207 0.0000159581
208 0.0000158813
209 0.0000158052
210 0.0000157299
211 0.0000156552
212 0.0000155813
213 0.0000155080
214 0.0000154355
215 0.0000153636
216 0.0000152924
217 0.0000152218
218 0.0000151519
219 0.0000150826
220 0.0000150139
221 0.0000149459
222 0.0000148785
223 0.0000148116
224 0.0000147454
225 0.0000146798
226 0.0000146147
227 0.0000145503
228 0.0000144863
229 0.0000144230
230 0.0000143602
231 0.0000142979
232 0.0000142362
233 0.0000141750
234 0.0000141143
235 0.0000140541
236 0.0000139945
237 0.0000139353
238 0.0000138766
239 0.0000138185
240 0.0000137608
241 0.0000137036
242 0.0000136468
243 0.0000135906
244 0.0000135348
245 0.0000134794
246 0.0000134245
247 0.0000133701
248 0.0000133160
249 0.0000132624
250 0.0000132093
251 0.0000131565
252 0.0000131042
253 0.0000130523
254 0.0000130008
255 0.0000129497
256 0.0000128990
257 0.0000128487
258 0.0000127988
259 0.0000127492
260 0.0000127001
261 0.0000126513
262 0.0000126029
263 0.0000125549
264 0.0000125072
265 0.0000124598
266 0.0000124129
267 0.0000123663
268 0.0000123200
269 0.0000122741
270 0.0000122285
271 0.0000121832
272 0.0000121383
273 0.0000120937
274 0.0000120495
275 0.0000120055
276 0.0000119619
277 0.0000119186
278 0.0000118756
279 0.0000118329
280 0.0000117905
281 0.0000117484
282 0.0000117066
283 0.0000116651
284 0.0000116239
285 0.0000115829
286 0.0000115423
287 0.0000115019
288 0.0000114618
289 0.0000114220
290 0.0000113825
291 0.0000113432
292 0.0000113042
293 0.0000112655
294 0.0000112270
295 0.0000111888
296 0.0000111509
297 0.0000111132
298 0.0000110757
299 0.0000110385
300 0.0000110015
301 0.0000109648
302 0.0000109284
303 0.0000108921
304 0.0000108561
305 0.0000108204
306 0.0000107849
307 0.0000107496
308 0.0000107145
309 0.0000106796
310 0.0000106450
311 0.0000106106
312 0.0000105764
313 0.0000105424
314 0.0000105087
315 0.0000104751
316 0.0000104418
