0 316
0 0.9673377949
1 0.0086316180
2 0.0029256248
3 0.0018208350
4 0.0012110192
5 0.0008900587
6 0.0007030699
7 0.0005822260
8 0.0004983356
9 0.0004369326
10 0.0003899993
11 0.0003528206
12 0.0003225080
13 0.0002972220
14 0.0002757434
15 0.0002572323
16 0.0002410898
17 0.0002268748
18 0.0002142538
19 0.0002029687
20 0.0001928158
21 0.0001836316
22 0.0001752833
23 0.0001676613
24 0.0001606747
25 0.0001542473
26 0.0001483143
27 0.0001428208
28 0.0001377197
29 0.0001329704
30 0.0001285378
31 0.0001243912
32 0.0001205037
33 0.0001168519
34 0.0001134148
35 0.0001101742
36 0.0001071136
37 0.0001042183
38 0.0001014755
39 0.0000988734
40 0.0000964014
41 0.0000940499
42 0.0000918104
43 0.0000896751
44 0.0000876368
45 0.0000856892
46 0.0000838262
47 0.0000820424
48 0.0000803331
49 0.0000786934
50 0.0000771194
51 0.0000756071
52 0.0000741529
53 0.0000727536
54 0.0000714062
55 0.0000701077
56 0.0000688557
57 0.0000676475
58 0.0000664810
59 0.0000653540
60 0.0000642647
61 0.0000632110
62 0.0000621913
63 0.0000612040
64 0.0000602475
65 0.0000593205
66 0.0000584216
67 0.0000575495
68 0.0000567030
69 0.0000558811
70 0.0000550827
71 0.0000543067
72 0.0000535523
73 0.0000528186
74 0.0000521047
75 0.0000514098
76 0.0000507332
77 0.0000500742
78 0.0000494321
79 0.0000488063
80 0.0000481961
81 0.0000476009
82 0.0000470203
83 0.0000464537
84 0.0000459005
85 0.0000453604
86 0.0000448328
87 0.0000443174
88 0.0000438137
89 0.0000433213
90 0.0000428398
91 0.0000423689
92 0.0000419083
93 0.0000414575
94 0.0000410164
95 0.0000405845
96 0.0000401616
97 0.0000397475
98 0.0000393418
99 0.0000389443
100 0.0000385547
101 0.0000381729
102 0.0000377985
103 0.0000374314
104 0.0000370714
105 0.0000367182
106 0.0000363717
107 0.0000360317
108 0.0000356979
109 0.0000353703
110 0.0000350487
111 0.0000347328
112 0.0000344226
113 0.0000341179
114 0.0000338185
115 0.0000335243
116 0.0000332352
117 0.0000329510
118 0.0000326717
119 0.0000323970
120 0.0000321269
121 0.0000318613
122 0.0000316000
123 0.0000313430
124 0.0000310902
125 0.0000308413
126 0.0000305965
127 0.0000303554
128 0.0000301182
129 0.0000298846
130 0.0000296546
131 0.0000294281
132 0.0000292051
133 0.0000289854
134 0.0000287690
135 0.0000285558
136 0.0000283457
137 0.0000281387
138 0.0000279347
139 0.0000277336
140 0.0000275354
141 0.0000273401
142 0.0000271474
143 0.0000269575
144 0.0000267702
145 0.0000265855
146 0.0000264033
147 0.0000262235
148 0.0000260463
149 0.0000258713
150 0.0000256988
151 0.0000255285
152 0.0000253604
153 0.0000251946
154 0.0000250309
155 0.0000248693
156 0.0000247098
157 0.0000245523
158 0.0000243968
159 0.0000242432
160 0.0000240916
161 0.0000239419
162 0.0000237940
163 0.0000236479
164 0.0000235036
165 0.0000233611
166 0.0000232202
167 0.0000230811
168 0.0000229436
169 0.0000228077
170 0.0000226735
171 0.0000225408
172 0.0000224096
173 0.0000222800
174 0.0000221518
175 0.0000220251
176 0.0000218999
177 0.0000217761
178 0.0000216536
179 0.0000215325
180 0.0000214128
181 0.0000212944
182 0.0000211773
183 0.0000210615
184 0.0000209469
185 0.0000208336
186 0.0000207215
187 0.0000206105
188 0.0000205008
189 0.0000203922
190 0.0000202848
191 0.0000201785
192 0.0000200733
193 0.0000199692
194 0.0000198662
195 0.0000197642
196 0.0000196632
197 0.0000195633
198 0.0000194644
199 0.0000193665
200 0.0000192695
201 0.0000191736
202 0.0000190785
203 0.0000189844
204 0.0000188913
205 0.0000187990
206 0.0000187076
207 0.0000186172
208 0.0000185275
209 0.0000184388
210 0.0000183509
211 0.0000182638
212 0.0000181775
213 0.0000180921
214 0.0000180074
215 0.0000179235
216 0.0000178404
217 0.0000177581
218 0.0000176766
219 0.0000175957
220 0.0000175156
221 0.0000174362
222 0.0000173576
223 0.0000172796
224 0.0000172024
225 0.0000171258
226 0.0000170499
227 0.0000169747
228 0.0000169001
229 0.0000168262
230 0.0000167529
231 0.0000166803
232 0.0000166083
233 0.0000165369
234 0.0000164661
235 0.0000163959
236 0.0000163263
237 0.0000162573
238 0.0000161888
239 0.0000161210
240 0.0000160537
241 0.0000159870
242 0.0000159208
243 0.0000158551
244 0.0000157900
245 0.0000157254
246 0.0000156614
247 0.0000155978
248 0.0000155348
249 0.0000154723
250 0.0000154103
251 0.0000153487
252 0.0000152877
253 0.0000152272
254 0.0000151671
255 0.0000151075
256 0.0000150483
257 0.0000149896
258 0.0000149314
259 0.0000148736
260 0.0000148162
261 0.0000147593
262 0.0000147029
263 0.0000146468
264 0.0000145912
265 0.0000145360
266 0.0000144812
267 0.0000144268
268 0.0000143728
269 0.0000143192
270 0.0000142661
271 0.0000142133
272 0.0000141609
273 0.0000141088
274 0.0000140572
275 0.0000140059
276 0.0000139550
277 0.0000139045
278 0.0000138543
279 0.0000138045
280 0.0000137550
281 0.0000137059
282 0.0000136572
283 0.0000136088
284 0.0000135607
285 0.0000135129
286 0.0000134655
287 0.0000134184
288 0.0000133717
289 0.0000133252
290 0.0000132791
291 0.0000132333
292 0.0000131878
293 0.0000131426
294 0.0000130977
295 0.0000130532
296 0.0000130089
297 0.0000129649
298 0.0000129212
299 0.0000128778
300 0.0000128347
301 0.0000127919
302 0.0000127493
303 0.0000127070
304 0.0000126650
305 0.0000126233
306 0.0000125819
307 0.0000125407
308 0.0000124998
309 0.0000124591
310 0.0000124187
311 0.0000123786
312 0.0000123387
313 0.0000122991
314 0.0000122597
315 0.0000122205
316 0.0000121817
