1 1598
0 0.9943451032
1 0.0021595844
2 0.0006936097
3 0.0004387266
4 0.0002994991
5 0.0002222652
6 0.0001741155
7 0.0001411914
8 0.0001173574
9 0.0000994140
10 0.0000854893
11 0.0000744152
12 0.0000654298
13 0.0000580172
14 0.0000518163
15 0.0000465671
16 0.0000420779
17 0.0000382042
18 0.0000348355
19 0.0000318855
20 0.0000292862
21 0.0000269831
22 0.0000249324
23 0.0000230981
24 0.0000214505
25 0.0000199652
26 0.0000186215
27 0.0000174019
28 0.0000162919
29 0.0000152788
30 0.0000143518
31 0.0000135016
32 0.0000127201
33 0.0000120003
34 0.0000113360
35 0.0000107218
36 0.0000101530
37 0.0000096254
38 0.0000091352
39 0.0000086791
40 0.0000082542
41 0.0000078577
42 0.0000074875
43 0.0000071412
44 0.0000068170
45 0.0000065131
46 0.0000062280
47 0.0000059602
48 0.0000057085
49 0.0000054716
50 0.0000052485
51 0.0000050383
52 0.0000048399
53 0.0000046526
54 0.0000044756
55 0.0000043083
56 0.0000041499
57 0.0000040000
58 0.0000038579
59 0.0000037232
60 0.0000035953
61 0.0000034740
62 0.0000033587
63 0.0000032491
64 0.0000031448
65 0.0000030456
66 0.0000029511
67 0.0000028611
68 0.0000027753
69 0.0000026934
70 0.0000026154
71 0.0000025408
72 0.0000024696
73 0.0000024015
74 0.0000023364
75 0.0000022742
76 0.0000022146
77 0.0000021576
78 0.0000021029
79 0.0000020505
80 0.0000020003
81 0.0000019522
82 0.0000019060
83 0.0000018616
84 0.0000018190
85 0.0000017780
86 0.0000017387
87 0.0000017009
88 0.0000016645
89 0.0000016294
90 0.0000015957
91 0.0000015632
92 0.0000015319
93 0.0000015018
94 0.0000014727
95 0.0000014446
96 0.0000014176
97 0.0000013914
98 0.0000013662
99 0.0000013418
100 0.0000013183
101 0.0000012955
102 0.0000012735
103 0.0000012522
104 0.0000012316
105 0.0000012116
106 0.0000011923
107 0.0000011736
108 0.0000011554
109 0.0000011379
110 0.0000011208
111 0.0000011043
112 0.0000010882
113 0.0000010727
114 0.0000010575
115 0.0000010428
116 0.0000010286
117 0.0000010147
118 0.0000010012
119 0.0000009881
120 0.0000009754
121 0.0000009629
122 0.0000009509
123 0.0000009391
124 0.0000009276
125 0.0000009165
126 0.0000009056
127 0.0000008950
128 0.0000008847
129 0.0000008746
130 0.0000008647
131 0.0000008551
132 0.0000008458
133 0.0000008366
134 0.0000008277
135 0.0000008190
136 0.0000008104
137 0.0000008021
138 0.0000007939
139 0.0000007860
140 0.0000007782
141 0.0000007705
142 0.0000007631
143 0.0000007558
144 0.0000007486
145 0.0000007416
146 0.0000007347
147 0.0000007280
148 0.0000007214
149 0.0000007150
150 0.0000007086
151 0.0000007024
152 0.0000006963
153 0.0000006903
154 0.0000006845
155 0.0000006787
156 0.0000006731
157 0.0000006675
158 0.0000006621
159 0.0000006567
160 0.0000006515
161 0.0000006463
162 0.0000006412
163 0.0000006362
164 0.0000006313
165 0.0000006265
166 0.0000006217
167 0.0000006171
168 0.0000006125
169 0.0000006080
170 0.0000006035
171 0.0000005991
172 0.0000005948
173 0.0000005906
174 0.0000005864
175 0.0000005823
176 0.0000005782
177 0.0000005743
178 0.0000005703
179 0.0000005664
180 0.0000005626
181 0.0000005589
182 0.0000005551
183 0.0000005515
184 0.0000005479
185 0.0000005443
186 0.0000005408
187 0.0000005373
188 0.0000005339
189 0.0000005305
190 0.0000005272
191 0.0000005239
192 0.0000005207
193 0.0000005175
194 0.0000005143
195 0.0000005112
196 0.0000005081
197 0.0000005051
198 0.0000005021
199 0.0000004991
200 0.0000004962
201 0.0000004933
202 0.0000004904
203 0.0000004876
204 0.0000004848
205 0.0000004820
206 0.0000004793
207 0.0000004766
208 0.0000004739
209 0.0000004713
210 0.0000004687
211 0.0000004661
212 0.0000004635
213 0.0000004610
214 0.0000004585
215 0.0000004561
216 0.0000004536
217 0.0000004512
218 0.0000004488
219 0.0000004464
220 0.0000004441
221 0.0000004418
222 0.0000004395
223 0.0000004372
224 0.0000004350
225 0.0000004328
226 0.0000004306
227 0.0000004284
228 0.0000004262
229 0.0000004241
230 0.0000004220
231 0.0000004199
232 0.0000004178
233 0.0000004158
234 0.0000004137
235 0.0000004117
236 0.0000004097
237 0.0000004077
238 0.0000004058
239 0.0000004038
240 0.0000004019
241 0.0000004000
242 0.0000003981
243 0.0000003963
244 0.0000003944
245 0.0000003926
246 0.0000003908
247 0.0000003890
248 0.0000003872
249 0.0000003854
250 0.0000003836
251 0.0000003819
252 0.0000003802
253 0.0000003785
254 0.0000003768
255 0.0000003751
256 0.0000003734
257 0.0000003718
258 0.0000003701
259 0.0000003685
260 0.0000003669
261 0.0000003653
262 0.0000003637
263 0.0000003622
264 0.0000003606
265 0.0000003591
266 0.0000003575
267 0.0000003560
268 0.0000003545
269 0.0000003530
270 0.0000003515
271 0.0000003501
272 0.0000003486
273 0.0000003472
274 0.0000003457
275 0.0000003443
276 0.0000003429
277 0.0000003415
278 0.0000003401
279 0.0000003387
280 0.0000003373
281 0.0000003360
282 0.0000003346
283 0.0000003333
284 0.0000003320
285 0.0000003306
286 0.0000003293
287 0.0000003280
288 0.0000003267
289 0.0000003255
290 0.0000003242
291 0.0000003229
292 0.0000003217
293 0.0000003204
294 0.0000003192
295 0.0000003180
296 0.0000003168
297 0.0000003156
298 0.0000003144
299 0.0000003132
300 0.0000003120
301 0.0000003108
302 0.0000003096
303 0.0000003085
304 0.0000003073
305 0.0000003062
306 0.0000003051
307 0.0000003039
308 0.0000003028
309 0.0000003017
310 0.0000003006
311 0.0000002995
312 0.0000002984
313 0.0000002974
314 0.0000002963
315 0.0000002952
316 0.0000002942
317 0.0000002931
318 0.0000002921
319 0.0000002910
320 0.0000002900
321 0.0000002890
322 0.0000002880
323 0.0000002870
324 0.0000002860
325 0.0000002850
326 0.0000002840
327 0.0000002830
328 0.0000002820
329 0.0000002811
330 0.0000002801
331 0.0000002791
332 0.0000002782
333 0.0000002772
334 0.0000002763
335 0.0000002754
336 0.0000002744
337 0.0000002735
338 0.0000002726
339 0.0000002717
340 0.0000002708
341 0.0000002699
342 0.0000002690
343 0.0000002681
344 0.0000002672
345 0.0000002663
346 0.0000002655
347 0.0000002646
348 0.0000002637
349 0.0000002629
350 0.0000002620
351 0.0000002612
352 0.0000002604
353 0.0000002595
354 0.0000002587
355 0.0000002579
356 0.0000002570
357 0.0000002562
358 0.0000002554
359 0.0000002546
360 0.0000002538
361 0.0000002530
362 0.0000002522
363 0.0000002514
364 0.0000002507
365 0.0000002499
366 0.0000002491
367 0.0000002483
368 0.0000002476
369 0.0000002468
370 0.0000002461
371 0.0000002453
372 0.0000002446
373 0.0000002438
374 0.0000002431
375 0.0000002423
376 0.0000002416
377 0.0000002409
378 0.0000002402
379 0.0000002395
380 0.0000002387
381 0.0000002380
382 0.0000002373
383 0.0000002366
384 0.0000002359
385 0.0000002352
386 0.0000002345
387 0.0000002339
388 0.0000002332
389 0.0000002325
390 0.0000002318
391 0.0000002311
392 0.0000002305
393 0.0000002298
394 0.0000002291
395 0.0000002285
396 0.0000002278
397 0.0000002272
398 0.0000002265
399 0.0000002259
400 0.0000002253
401 0.0000002246
402 0.0000002240
403 0.0000002234
404 0.0000002227
405 0.0000002221
406 0.0000002215
407 0.0000002209
408 0.0000002203
409 0.0000002196
410 0.0000002190
411 0.0000002184
412 0.0000002178
413 0.0000002172
414 0.0000002166
415 0.0000002160
416 0.0000002155
417 0.0000002149
418 0.0000002143
419 0.0000002137
420 0.0000002131
421 0.0000002126
422 0.0000002120
423 0.0000002114
424 0.0000002109
425 0.0000002103
426 0.0000002097
427 0.0000002092
428 0.0000002086
429 0.0000002081
430 0.0000002075
431 0.0000002070
432 0.0000002064
433 0.0000002059
434 0.0000002054
435 0.0000002048
436 0.0000002043
437 0.0000002038
438 0.0000002032
439 0.0000002027
440 0.0000002022
441 0.0000002017
442 0.0000002011
443 0.0000002006
444 0.0000002001
445 0.0000001996
446 0.0000001991
447 0.0000001986
448 0.0000001981
449 0.0000001976
450 0.0000001971
451 0.0000001966
452 0.0000001961
453 0.0000001956
454 0.0000001951
455 0.0000001946
456 0.0000001941
457 0.0000001937
458 0.0000001932
459 0.0000001927
460 0.0000001922
461 0.0000001918
462 0.0000001913
463 0.0000001908
464 0.0000001903
465 0.0000001899
466 0.0000001894
467 0.0000001890
468 0.0000001885
469 0.0000001880
470 0.0000001876
471 0.0000001871
472 0.0000001867
473 0.0000001862
474 0.0000001858
475 0.0000001853
476 0.0000001849
477 0.0000001845
478 0.0000001840
479 0.0000001836
480 0.0000001832
481 0.0000001827
482 0.0000001823
483 0.0000001819
484 0.0000001814
485 0.0000001810
486 0.0000001806
487 0.0000001802
488 0.0000001797
489 0.0000001793
490 0.0000001789
491 0.0000001785
492 0.0000001781
493 0.0000001777
494 0.0000001773
495 0.0000001769
496 0.0000001765
497 0.0000001761
498 0.0000001757
499 0.0000001753
500 0.0000001749
501 0.0000001745
502 0.0000001741
503 0.0000001737
504 0.0000001733
505 0.0000001729
506 0.0000001725
507 0.0000001721
508 0.0000001717
509 0.0000001713
510 0.0000001710
511 0.0000001706
512 0.0000001702
513 0.0000001698
514 0.0000001695
515 0.0000001691
516 0.0000001687
517 0.0000001683
518 0.0000001680
519 0.0000001676
520 0.0000001672
521 0.0000001669
522 0.0000001665
523 0.0000001661
524 0.0000001658
525 0.0000001654
526 0.0000001651
527 0.0000001647
528 0.0000001644
529 0.0000001640
530 0.0000001636
531 0.0000001633
532 0.0000001629
533 0.0000001626
534 0.0000001623
535 0.0000001619
536 0.0000001616
537 0.0000001612
538 0.0000001609
539 0.0000001605
540 0.0000001602
541 0.0000001599
542 0.0000001595
543 0.0000001592
544 0.0000001589
545 0.0000001585
546 0.0000001582
547 0.0000001579
548 0.0000001575
549 0.0000001572
550 0.0000001569
551 0.0000001566
552 0.0000001562
553 0.0000001559
554 0.0000001556
555 0.0000001553
556 0.0000001550
557 0.0000001546
558 0.0000001543
559 0.0000001540
560 0.0000001537
561 0.0000001534
562 0.0000001531
563 0.0000001528
564 0.0000001525
565 0.0000001522
566 0.0000001519
567 0.0000001515
568 0.0000001512
569 0.0000001509
570 0.0000001506
571 0.0000001503
572 0.0000001500
573 0.0000001497
574 0.0000001494
575 0.0000001491
576 0.0000001489
577 0.0000001486
578 0.0000001483
579 0.0000001480
580 0.0000001477
581 0.0000001474
582 0.0000001471
583 0.0000001468
584 0.0000001465
585 0.0000001462
586 0.0000001460
587 0.0000001457
588 0.0000001454
589 0.0000001451
590 0.0000001448
591 0.0000001446
592 0.0000001443
593 0.0000001440
594 0.0000001437
595 0.0000001435
596 0.0000001432
597 0.0000001429
598 0.0000001426
599 0.0000001424
600 0.0000001421
601 0.0000001418
602 0.0000001416
603 0.0000001413
604 0.0000001410
605 0.0000001408
606 0.0000001405
607 0.0000001402
608 0.0000001400
609 0.0000001397
610 0.0000001394
611 0.0000001392
612 0.0000001389
613 0.0000001387
614 0.0000001384
615 0.0000001381
616 0.0000001379
617 0.0000001376
618 0.0000001374
619 0.0000001371
620 0.0000001369
621 0.0000001366
622 0.0000001364
623 0.0000001361
624 0.0000001359
625 0.0000001356
626 0.0000001354
627 0.0000001351
628 0.0000001349
629 0.0000001346
630 0.0000001344
631 0.0000001342
632 0.0000001339
633 0.0000001337
634 0.0000001334
635 0.0000001332
636 0.0000001330
637 0.0000001327
638 0.0000001325
639 0.0000001322
640 0.0000001320
641 0.0000001318
642 0.0000001315
643 0.0000001313
644 0.0000001311
645 0.0000001308
646 0.0000001306
647 0.0000001304
648 0.0000001302
649 0.0000001299
650 0.0000001297
651 0.0000001295
652 0.0000001292
653 0.0000001290
654 0.0000001288
655 0.0000001286
656 0.0000001283
657 0.0000001281
658 0.0000001279
659 0.0000001277
660 0.0000001275
661 0.0000001272
662 0.0000001270
663 0.0000001268
664 0.0000001266
665 0.0000001264
666 0.0000001262
667 0.0000001259
668 0.0000001257
669 0.0000001255
670 0.0000001253
671 0.0000001251
672 0.0000001249
673 0.0000001247
674 0.0000001244
675 0.0000001242
676 0.0000001240
677 0.0000001238
678 0.0000001236
679 0.0000001234
680 0.0000001232
681 0.0000001230
682 0.0000001228
683 0.0000001226
684 0.0000001224
685 0.0000001222
686 0.0000001220
687 0.0000001218
688 0.0000001216
689 0.0000001214
690 0.0000001212
691 0.0000001210
692 0.0000001208
693 0.0000001206
694 0.0000001204
695 0.0000001202
696 0.0000001200
697 0.0000001198
698 0.0000001196
699 0.0000001194
700 0.0000001192
701 0.0000001190
702 0.0000001188
703 0.0000001186
704 0.0000001184
705 0.0000001182
706 0.0000001180
707 0.0000001178
708 0.0000001176
709 0.0000001175
710 0.0000001173
711 0.0000001171
712 0.0000001169
713 0.0000001167
714 0.0000001165
715 0.0000001163
716 0.0000001161
717 0.0000001160
718 0.0000001158
719 0.0000001156
720 0.0000001154
721 0.0000001152
722 0.0000001150
723 0.0000001149
724 0.0000001147
725 0.0000001145
726 0.0000001143
727 0.0000001141
728 0.0000001140
729 0.0000001138
730 0.0000001136
731 0.0000001134
732 0.0000001132
733 0.0000001131
734 0.0000001129
735 0.0000001127
736 0.0000001125
737 0.0000001124
738 0.0000001122
739 0.0000001120
740 0.0000001119
741 0.0000001117
742 0.0000001115
743 0.0000001113
744 0.0000001112
745 0.0000001110
746 0.0000001108
747 0.0000001107
748 0.0000001105
749 0.0000001103
750 0.0000001101
751 0.0000001100
752 0.0000001098
753 0.0000001096
754 0.0000001095
755 0.0000001093
756 0.0000001091
757 0.0000001090
758 0.0000001088
759 0.0000001087
760 0.0000001085
761 0.0000001083
762 0.0000001082
763 0.0000001080
764 0.0000001078
765 0.0000001077
766 0.0000001075
767 0.0000001074
768 0.0000001072
769 0.0000001070
770 0.0000001069
771 0.0000001067
772 0.0000001066
773 0.0000001064
774 0.0000001063
775 0.0000001061
776 0.0000001059
777 0.0000001058
778 0.0000001056
779 0.0000001055
780 0.0000001053
781 0.0000001052
782 0.0000001050
783 0.0000001049
784 0.0000001047
785 0.0000001045
786 0.0000001044
787 0.0000001042
788 0.0000001041
789 0.0000001039
790 0.0000001038
791 0.0000001036
792 0.0000001035
793 0.0000001033
794 0.0000001032
795 0.0000001030
796 0.0000001029
797 0.0000001028
798 0.0000001026
799 0.0000001025
800 0.0000001023
801 0.0000001022
802 0.0000001020
803 0.0000001019
804 0.0000001017
805 0.0000001016
806 0.0000001014
807 0.0000001013
808 0.0000001012
809 0.0000001010
810 0.0000001009
811 0.0000001007
812 0.0000001006
813 0.0000001004
814 0.0000001003
815 0.0000001002
816 0.0000001000
817 0.0000000999
818 0.0000000997
819 0.0000000996
820 0.0000000995
821 0.0000000993
822 0.0000000992
823 0.0000000990
824 0.0000000989
825 0.0000000988
826 0.0000000986
827 0.0000000985
828 0.0000000984
829 0.0000000982
830 0.0000000981
831 0.0000000980
832 0.0000000978
833 0.0000000977
834 0.0000000975
835 0.0000000974
836 0.0000000973
837 0.0000000971
838 0.0000000970
839 0.0000000969
840 0.0000000968
841 0.0000000966
842 0.0000000965
843 0.0000000964
844 0.0000000962
845 0.0000000961
846 0.0000000960
847 0.0000000958
848 0.0000000957
849 0.0000000956
850 0.0000000954
851 0.0000000953
852 0.0000000952
853 0.0000000951
854 0.0000000949
855 0.0000000948
856 0.0000000947
857 0.0000000946
858 0.0000000944
859 0.0000000943
860 0.0000000942
861 0.0000000941
862 0.0000000939
863 0.0000000938
864 0.0000000937
865 0.0000000936
866 0.0000000934
867 0.0000000933
868 0.0000000932
869 0.0000000931
870 0.0000000929
871 0.0000000928
872 0.0000000927
873 0.0000000926
874 0.0000000925
875 0.0000000923
876 0.0000000922
877 0.0000000921
878 0.0000000920
879 0.0000000918
880 0.0000000917
881 0.0000000916
882 0.0000000915
883 0.0000000914
884 0.0000000913
885 0.0000000911
886 0.0000000910
887 0.0000000909
888 0.0000000908
889 0.0000000907
890 0.0000000905
891 0.0000000904
892 0.0000000903
893 0.0000000902
894 0.0000000901
895 0.0000000900
896 0.0000000899
897 0.0000000897
898 0.0000000896
899 0.0000000895
900 0.0000000894
901 0.0000000893
902 0.0000000892
903 0.0000000891
904 0.0000000889
905 0.0000000888
906 0.0000000887
907 0.0000000886
908 0.0000000885
909 0.0000000884
910 0.0000000883
911 0.0000000882
912 0.0000000880
913 0.0000000879
914 0.0000000878
915 0.0000000877
916 0.0000000876
917 0.0000000875
918 0.0000000874
919 0.0000000873
920 0.0000000872
921 0.0000000871
922 0.0000000870
923 0.0000000868
924 0.0000000867
925 0.0000000866
926 0.0000000865
927 0.0000000864
928 0.0000000863
929 0.0000000862
930 0.0000000861
931 0.0000000860
932 0.0000000859
933 0.0000000858
934 0.0000000857
935 0.0000000856
936 0.0000000855
937 0.0000000854
938 0.0000000853
939 0.0000000851
940 0.0000000850
941 0.0000000849
942 0.0000000848
943 0.0000000847
944 0.0000000846
945 0.0000000845
946 0.0000000844
947 0.0000000843
948 0.0000000842
949 0.0000000841
950 0.0000000840
951 0.0000000839
952 0.0000000838
953 0.0000000837
954 0.0000000836
955 0.0000000835
956 0.0000000834
957 0.0000000833
958 0.0000000832
959 0.0000000831
960 0.0000000830
961 0.0000000829
962 0.0000000828
963 0.0000000827
964 0.0000000826
965 0.0000000825
966 0.0000000824
967 0.0000000823
968 0.0000000822
969 0.0000000821
970 0.0000000820
971 0.0000000819
972 0.0000000818
973 0.0000000817
974 0.0000000816
975 0.0000000815
976 0.0000000815
977 0.0000000814
978 0.0000000813
979 0.0000000812
980 0.0000000811
981 0.0000000810
982 0.0000000809
983 0.0000000808
984 0.0000000807
985 0.0000000806
986 0.0000000805
987 0.0000000804
988 0.0000000803
989 0.0000000802
990 0.0000000801
991 0.0000000800
992 0.0000000799
993 0.0000000799
994 0.0000000798
995 0.0000000797
996 0.0000000796
997 0.0000000795
998 0.0000000794
999 0.0000000793
1000 0.0000000792
1001 0.0000000791
1002 0.0000000790
1003 0.0000000789
1004 0.0000000788
1005 0.0000000788
1006 0.0000000787
1007 0.0000000786
1008 0.0000000785
1009 0.0000000784
1010 0.0000000783
1011 0.0000000782
1012 0.0000000781
1013 0.0000000780
1014 0.0000000780
1015 0.0000000779
1016 0.0000000778
1017 0.0000000777
1018 0.0000000776
1019 0.0000000775
1020 0.0000000774
1021 0.0000000773
1022 0.0000000773
1023 0.0000000772
1024 0.0000000771
1025 0.0000000770
1026 0.0000000769
1027 0.0000000768
1028 0.0000000767
1029 0.0000000766
1030 0.0000000766
1031 0.0000000765
1032 0.0000000764
1033 0.0000000763
1034 0.0000000762
1035 0.0000000761
1036 0.0000000761
1037 0.0000000760
1038 0.0000000759
1039 0.0000000758
1040 0.0000000757
1041 0.0000000756
1042 0.0000000755
1043 0.0000000755
1044 0.0000000754
1045 0.0000000753
1046 0.0000000752
1047 0.0000000751
1048 0.0000000751
1049 0.0000000750
1050 0.0000000749
1051 0.0000000748
1052 0.0000000747
1053 0.0000000746
1054 0.0000000746
1055 0.0000000745
1056 0.0000000744
1057 0.0000000743
1058 0.0000000742
1059 0.0000000742
1060 0.0000000741
1061 0.0000000740
1062 0.0000000739
1063 0.0000000738
1064 0.0000000738
1065 0.0000000737
1066 0.0000000736
1067 0.0000000735
1068 0.0000000734
1069 0.0000000734
1070 0.0000000733
1071 0.0000000732
1072 0.0000000731
1073 0.0000000730
1074 0.0000000730
1075 0.0000000729
1076 0.0000000728
1077 0.0000000727
1078 0.0000000727
1079 0.0000000726
1080 0.0000000725
1081 0.0000000724
1082 0.0000000723
1083 0.0000000723
1084 0.0000000722
1085 0.0000000721
1086 0.0000000720
1087 0.0000000720
1088 0.0000000719
1089 0.0000000718
1090 0.0000000717
1091 0.0000000717
1092 0.0000000716
1093 0.0000000715
1094 0.0000000714
1095 0.0000000714
1096 0.0000000713
1097 0.0000000712
1098 0.0000000711
1099 0.0000000711
1100 0.0000000710
1101 0.0000000709
1102 0.0000000708
1103 0.0000000708
1104 0.0000000707
1105 0.0000000706
1106 0.0000000705
1107 0.0000000705
1108 0.0000000704
1109 0.0000000703
1110 0.0000000702
1111 0.0000000702
1112 0.0000000701
1113 0.0000000700
1114 0.0000000700
1115 0.0000000699
1116 0.0000000698
1117 0.0000000697
1118 0.0000000697
1119 0.0000000696
1120 0.0000000695
1121 0.0000000694
1122 0.0000000694
1123 0.0000000693
1124 0.0000000692
1125 0.0000000692
1126 0.0000000691
1127 0.0000000690
1128 0.0000000689
1129 0.0000000689
1130 0.0000000688
1131 0.0000000687
1132 0.0000000687
1133 0.0000000686
1134 0.0000000685
1135 0.0000000685
1136 0.0000000684
1137 0.0000000683
1138 0.0000000682
1139 0.0000000682
1140 0.0000000681
1141 0.0000000680
1142 0.0000000680
1143 0.0000000679
1144 0.0000000678
1145 0.0000000678
1146 0.0000000677
1147 0.0000000676
1148 0.0000000676
1149 0.0000000675
1150 0.0000000674
1151 0.0000000674
1152 0.0000000673
1153 0.0000000672
1154 0.0000000672
1155 0.0000000671
1156 0.0000000670
1157 0.0000000670
1158 0.0000000669
1159 0.0000000668
1160 0.0000000668
1161 0.0000000667
1162 0.0000000666
1163 0.0000000666
1164 0.0000000665
1165 0.0000000664
1166 0.0000000664
1167 0.0000000663
1168 0.0000000662
1169 0.0000000662
1170 0.0000000661
1171 0.0000000660
1172 0.0000000660
1173 0.0000000659
1174 0.0000000658
1175 0.0000000658
1176 0.0000000657
1177 0.0000000656
1178 0.0000000656
1179 0.0000000655
1180 0.0000000654
1181 0.0000000654
1182 0.0000000653
1183 0.0000000653
1184 0.0000000652
1185 0.0000000651
1186 0.0000000651
1187 0.0000000650
1188 0.0000000649
1189 0.0000000649
1190 0.0000000648
1191 0.0000000647
1192 0.0000000647
1193 0.0000000646
1194 0.0000000646
1195 0.0000000645
1196 0.0000000644
1197 0.0000000644
1198 0.0000000643
1199 0.0000000642
1200 0.0000000642
1201 0.0000000641
1202 0.0000000641
1203 0.0000000640
1204 0.0000000639
1205 0.0000000639
1206 0.0000000638
1207 0.0000000638
1208 0.0000000637
1209 0.0000000636
1210 0.0000000636
1211 0.0000000635
1212 0.0000000635
1213 0.0000000634
1214 0.0000000633
1215 0.0000000633
1216 0.0000000632
1217 0.0000000631
1218 0.0000000631
1219 0.0000000630
1220 0.0000000630
1221 0.0000000629
1222 0.0000000628
1223 0.0000000628
1224 0.0000000627
1225 0.0000000627
1226 0.0000000626
1227 0.0000000626
1228 0.0000000625
1229 0.0000000624
1230 0.0000000624
1231 0.0000000623
1232 0.0000000623
1233 0.0000000622
1234 0.0000000621
1235 0.0000000621
1236 0.0000000620
1237 0.0000000620
1238 0.0000000619
1239 0.0000000618
1240 0.0000000618
1241 0.0000000617
1242 0.0000000617
1243 0.0000000616
1244 0.0000000616
1245 0.0000000615
1246 0.0000000614
1247 0.0000000614
1248 0.0000000613
1249 0.0000000613
1250 0.0000000612
1251 0.0000000612
1252 0.0000000611
1253 0.0000000610
1254 0.0000000610
1255 0.0000000609
1256 0.0000000609
1257 0.0000000608
1258 0.0000000608
1259 0.0000000607
1260 0.0000000607
1261 0.0000000606
1262 0.0000000605
1263 0.0000000605
1264 0.0000000604
1265 0.0000000604
1266 0.0000000603
1267 0.0000000603
1268 0.0000000602
1269 0.0000000601
1270 0.0000000601
1271 0.0000000600
1272 0.0000000600
1273 0.0000000599
1274 0.0000000599
1275 0.0000000598
1276 0.0000000598
1277 0.0000000597
1278 0.0000000597
1279 0.0000000596
1280 0.0000000595
1281 0.0000000595
1282 0.0000000594
1283 0.0000000594
1284 0.0000000593
1285 0.0000000593
1286 0.0000000592
1287 0.0000000592
1288 0.0000000591
1289 0.0000000591
1290 0.0000000590
1291 0.0000000590
1292 0.0000000589
1293 0.0000000588
1294 0.0000000588
1295 0.0000000587
1296 0.0000000587
1297 0.0000000586
1298 0.0000000586
1299 0.0000000585
1300 0.0000000585
1301 0.0000000584
1302 0.0000000584
1303 0.0000000583
1304 0.0000000583
1305 0.0000000582
1306 0.0000000582
1307 0.0000000581
1308 0.0000000581
1309 0.0000000580
1310 0.0000000580
1311 0.0000000579
1312 0.0000000579
1313 0.0000000578
1314 0.0000000577
1315 0.0000000577
1316 0.0000000576
1317 0.0000000576
1318 0.0000000575
1319 0.0000000575
1320 0.0000000574
1321 0.0000000574
1322 0.0000000573
1323 0.0000000573
1324 0.0000000572
1325 0.0000000572
1326 0.0000000571
1327 0.0000000571
1328 0.0000000570
1329 0.0000000570
1330 0.0000000569
1331 0.0000000569
1332 0.0000000568
1333 0.0000000568
1334 0.0000000567
1335 0.0000000567
1336 0.0000000566
1337 0.0000000566
1338 0.0000000565
1339 0.0000000565
1340 0.0000000564
1341 0.0000000564
1342 0.0000000563
1343 0.0000000563
1344 0.0000000562
1345 0.0000000562
1346 0.0000000561
1347 0.0000000561
1348 0.0000000560
1349 0.0000000560
1350 0.0000000559
1351 0.0000000559
1352 0.0000000558
1353 0.0000000558
1354 0.0000000557
1355 0.0000000557
1356 0.0000000556
1357 0.0000000556
1358 0.0000000556
1359 0.0000000555
1360 0.0000000555
1361 0.0000000554
1362 0.0000000554
1363 0.0000000553
1364 0.0000000553
1365 0.0000000552
1366 0.0000000552
1367 0.0000000551
1368 0.0000000551
1369 0.0000000550
1370 0.0000000550
1371 0.0000000549
1372 0.0000000549
1373 0.0000000548
1374 0.0000000548
1375 0.0000000547
1376 0.0000000547
1377 0.0000000546
1378 0.0000000546
1379 0.0000000546
1380 0.0000000545
1381 0.0000000545
1382 0.0000000544
1383 0.0000000544
1384 0.0000000543
1385 0.0000000543
1386 0.0000000542
1387 0.0000000542
1388 0.0000000541
1389 0.0000000541
1390 0.0000000540
1391 0.0000000540
1392 0.0000000539
1393 0.0000000539
1394 0.0000000539
1395 0.0000000538
1396 0.0000000538
1397 0.0000000537
1398 0.0000000537
1399 0.0000000536
1400 0.0000000536
1401 0.0000000535
1402 0.0000000535
1403 0.0000000534
1404 0.0000000534
1405 0.0000000533
1406 0.0000000533
1407 0.0000000533
1408 0.0000000532
1409 0.0000000532
1410 0.0000000531
1411 0.0000000531
1412 0.0000000530
1413 0.0000000530
1414 0.0000000529
1415 0.0000000529
1416 0.0000000528
1417 0.0000000528
1418 0.0000000528
1419 0.0000000527
1420 0.0000000527
1421 0.0000000526
1422 0.0000000526
1423 0.0000000525
1424 0.0000000525
1425 0.0000000524
1426 0.0000000524
1427 0.0000000524
1428 0.0000000523
1429 0.0000000523
1430 0.0000000522
1431 0.0000000522
1432 0.0000000521
1433 0.0000000521
1434 0.0000000520
1435 0.0000000520
1436 0.0000000520
1437 0.0000000519
1438 0.0000000519
1439 0.0000000518
1440 0.0000000518
1441 0.0000000517
1442 0.0000000517
1443 0.0000000516
1444 0.0000000516
1445 0.0000000516
1446 0.0000000515
1447 0.0000000515
1448 0.0000000514
1449 0.0000000514
1450 0.0000000513
1451 0.0000000513
1452 0.0000000512
1453 0.0000000512
1454 0.0000000512
1455 0.0000000511
1456 0.0000000511
1457 0.0000000510
1458 0.0000000510
1459 0.0000000509
1460 0.0000000509
1461 0.0000000509
1462 0.0000000508
1463 0.0000000508
1464 0.0000000507
1465 0.0000000507
1466 0.0000000506
1467 0.0000000506
1468 0.0000000505
1469 0.0000000505
1470 0.0000000505
1471 0.0000000504
1472 0.0000000504
1473 0.0000000503
1474 0.0000000503
1475 0.0000000502
1476 0.0000000502
1477 0.0000000502
1478 0.0000000501
1479 0.0000000501
1480 0.0000000500
1481 0.0000000500
1482 0.0000000499
1483 0.0000000499
1484 0.0000000499
1485 0.0000000498
1486 0.0000000498
1487 0.0000000497
1488 0.0000000497
1489 0.0000000496
1490 0.0000000496
1491 0.0000000495
1492 0.0000000495
1493 0.0000000495
1494 0.0000000494
1495 0.0000000494
1496 0.0000000493
1497 0.0000000493
1498 0.0000000492
1499 0.0000000492
1500 0.0000000492
1501 0.0000000491
1502 0.0000000491
1503 0.0000000490
1504 0.0000000490
1505 0.0000000489
1506 0.0000000489
1507 0.0000000488
1508 0.0000000488
1509 0.0000000488
1510 0.0000000487
1511 0.0000000487
1512 0.0000000486
1513 0.0000000486
1514 0.0000000485
1515 0.0000000485
1516 0.0000000484
1517 0.0000000484
1518 0.0000000484
1519 0.0000000483
1520 0.0000000483
1521 0.0000000482
1522 0.0000000482
1523 0.0000000481
1524 0.0000000481
1525 0.0000000480
1526 0.0000000480
1527 0.0000000479
1528 0.0000000479
1529 0.0000000479
1530 0.0000000478
1531 0.0000000478
1532 0.0000000477
1533 0.0000000477
1534 0.0000000476
1535 0.0000000476
1536 0.0000000475
1537 0.0000000475
1538 0.0000000474
1539 0.0000000474
1540 0.0000000473
1541 0.0000000473
1542 0.0000000472
1543 0.0000000472
1544 0.0000000471
1545 0.0000000471
1546 0.0000000471
1547 0.0000000470
1548 0.0000000470
1549 0.0000000469
1550 0.0000000469
1551 0.0000000468
1552 0.0000000468
1553 0.0000000467
1554 0.0000000467
1555 0.0000000466
1556 0.0000000465
1557 0.0000000465
1558 0.0000000464
1559 0.0000000464
1560 0.0000000463
1561 0.0000000463
1562 0.0000000462
1563 0.0000000462
1564 0.0000000461
1565 0.0000000461
1566 0.0000000460
1567 0.0000000459
1568 0.0000000459
1569 0.0000000458
1570 0.0000000458
1571 0.0000000457
1572 0.0000000456
1573 0.0000000456
1574 0.0000000455
1575 0.0000000455
1576 0.0000000454
1577 0.0000000453
1578 0.0000000453
1579 0.0000000452
1580 0.0000000451
1581 0.0000000450
1582 0.0000000449
1583 0.0000000449
1584 0.0000000448
1585 0.0000000447
1586 0.0000000446
1587 0.0000000445
1588 0.0000000443
1589 0.0000000442
1590 0.0000000440
1591 0.0000000438
1592 0.0000000436
1593 0.0000000433
1594 0.0000000429
1595 0.0000000422
1596 0.0000000409
1597 0.0000000365
1598 0.0000000000
